2024-09-23 00:34:30,162 - INFO - EXPIRED
“历史性变革”！港交所恶劣天气交易，今日生效
https://new.qq.com/rain/a/20240922A06PBV00

2024-09-23 00:34:30,162 - INFO - EXPIRED
8月销量几乎腰斩，宝马被迫重返价格战，宝马i7旗舰电动轿车狂降55万
https://new.qq.com/rain/a/20240922A06C5900

2024-09-23 00:34:30,162 - INFO - EXPIRED
哪吒V失控撞花坛后自燃，司机称“踩刹车没用”！车企报告
https://new.qq.com/rain/a/20240922A077AE00

2024-09-23 00:34:30,162 - INFO - EXPIRED
伊朗总统呼吁团结对抗以色列，能团结几个国家？中东会爆发全面战争吗？
https://view.inews.qq.com/a/20240922Q01OZY00

2024-09-23 00:34:30,162 - INFO - EXPIRED
如果不是中国渔民，这场船难死亡人数会超过泰坦尼克号
https://new.qq.com/rain/a/20240917A0626N00

2024-09-23 00:34:30,162 - INFO - EXPIRED
法国“萨科齐时代以来最右政府”诞生，90后任财长
https://new.qq.com/rain/a/20240922A079I300

2024-09-23 00:34:30,162 - INFO - EXPIRED
央视献唱，王力宏在大陆电视荧屏上正式复出
https://new.qq.com/rain/a/20240922A0716F00

2024-09-23 00:34:30,162 - INFO - EXPIRED
60岁女子发现丈夫出轨后藏刀枕下半夜杀夫，一审被判无期徒刑
https://new.qq.com/rain/a/20240922A04KOP00

2024-09-23 00:34:30,163 - INFO - EXPIRED
36人失去本届全国人大代表资格，其中28人系被罢免
https://new.qq.com/rain/a/20240922A00AYF00

2024-09-23 00:34:30,163 - INFO - EXPIRED
抬价20倍！央视曝保健床垫骗局：号称“包治百病”，不断给老人洗脑
https://new.qq.com/rain/a/20240922A06C1500

2024-09-23 00:34:30,163 - INFO - EXPIRED
赖清德新一轮“台独”动作 将致台湾地区失去非洲最后一个“邦交”？
https://new.qq.com/rain/a/20240922A06HDN00

2024-09-23 00:34:30,163 - INFO - EXPIRED
青海大通县多个单位长期借调教师：最长超8年，原单位只能评“合格”
https://new.qq.com/rain/a/20240922A06AB600

2024-09-23 00:34:30,163 - INFO - EXPIRED
英伟达中国特供芯片H20订单疑云：有经销商称已无法下单，或将遭停售
https://new.qq.com/rain/a/20240922A0571F00

2024-09-23 00:34:30,163 - INFO - EXPIRED
山东齐河县财政局办公楼起火系人为纵火烧账目？县公安局：勿信谣传谣
https://new.qq.com/rain/a/20240922A05V0300

2024-09-23 00:34:30,163 - INFO - EXPIRED
辽宁铁岭：空巢村问题存在着普遍性，有村子空巢率近90%
https://new.qq.com/rain/a/20240922A04TY200

2024-09-23 00:34:30,163 - INFO - EXPIRED
出租车司机涉猥亵16岁女乘客被行拘，检察机关监督后警方立刑案
https://new.qq.com/rain/a/20240922A0524100

2024-09-23 00:34:30,163 - INFO - EXPIRED
再夺一冠！吴艳妮/徐卓一27秒18夺全锦赛混合成年组跨栏接力冠军
https://new.qq.com/rain/a/20240922A06E4M00

2024-09-23 00:34:30,163 - INFO - EXPIRED
游客翻护栏折200年“枫王”树枝，景区曾为其投保千万，警方已介入
https://new.qq.com/rain/a/20240922A04HQQ00

2024-09-23 00:34:30,163 - INFO - EXPIRED
国航C919飞机疑“滑回排除故障后换飞空客”，资深机长：是正常现象
https://new.qq.com/rain/a/20240922A05BMT00

2024-09-23 00:34:30,163 - INFO - EXPIRED
江苏无锡虹桥医院涉骗保 大股东投资的其他医院曾曝让患者低消7000元
https://new.qq.com/rain/a/20240922A05LFI00

2024-09-23 00:34:30,163 - INFO - EXPIRED
判决书：四川达州原市长妻弟等利用影响力受贿，收取“点子费”2700多万
https://new.qq.com/rain/a/20240922A04ZY500

2024-09-23 00:34:30,163 - INFO - EXPIRED
禁用中国网联汽车硬件软件？美国商务部被曝新动作
https://new.qq.com/rain/a/20240922A05X9A00

2024-09-23 00:34:30,163 - INFO - EXPIRED
网购平台京淘淘回应卷款跑路传言：未跑路，被“羊毛党”薅走1.8亿
https://new.qq.com/rain/a/20240922A058FJ00

2024-09-23 00:34:30,163 - INFO - EXPIRED
中央依法治国办对全国6个省区开展实地法治督察
https://new.qq.com/rain/a/20240922A04WWK00

2024-09-23 00:34:30,163 - INFO - EXPIRED
哈里斯同意10月23日举行第二次美国大选辩论，特朗普：太晚了
https://new.qq.com/rain/a/20240922A03CZU00

2024-09-23 00:34:30,163 - INFO - EXPIRED
伊朗塔巴斯矿难已致51人死亡
https://new.qq.com/rain/a/20240922A05LFJ00

2024-09-23 00:34:30,163 - INFO - EXPIRED
福建荔城通报“新度镇蒲坂村后郑160号福源殿着火”：明火已扑灭，无人员伤亡
https://new.qq.com/rain/a/20240922A05YJJ00

2024-09-23 00:34:30,163 - INFO - EXPIRED
妻子失联20年，丈夫起诉离婚被驳回：无充分证据证明感情完全破裂
https://new.qq.com/rain/a/20240921V06EL600

2024-09-23 00:34:30,163 - INFO - EXPIRED
第六套人民币来了？明年上市，还有1000元面额？假的！
https://new.qq.com/rain/a/20240922A03C2I00

2024-09-23 00:34:30,163 - INFO - EXPIRED
女子在商场翻越护栏坠落砸中路人，2人均死亡，女子家属该承担什么责任？
https://view.inews.qq.com/a/20240922Q02EZ500

2024-09-23 00:34:30,163 - INFO - EXPIRED
我国稳态强磁场刷新水冷磁体世界纪录
https://new.qq.com/rain/a/20240922A04B0J00

2024-09-23 00:34:30,163 - INFO - EXPIRED
卷到越南的中国工厂
https://new.qq.com/rain/a/20240922A012HY00

2024-09-23 00:34:30,163 - INFO - EXPIRED
实探成都女子坠楼砸死路人商场：玻璃顶棚被砸穿，市民称平时人不多
https://new.qq.com/rain/a/20240922A03J5300

2024-09-23 00:34:30,163 - INFO - EXPIRED
山东齐河县财政局办公楼发生火灾，无人员伤亡，起火物为外墙铝塑板
https://new.qq.com/rain/a/20240922A03P0M00

2024-09-23 00:34:30,163 - INFO - EXPIRED
方回春堂一门诊部医生被曝涉嫌猥亵女患者，警方已立案侦查
https://new.qq.com/rain/a/20240922A029L400

2024-09-23 00:34:30,163 - INFO - EXPIRED
美国亚拉巴马州枪击事件已致4死，警方称“多名枪手”向人群开枪
https://new.qq.com/rain/a/20240922A03ZKF00

2024-09-23 00:34:30,163 - INFO - EXPIRED
管培生拒绝周末跑10公里被辞退，这种活动对公司和员工发展真有好处吗？
https://view.inews.qq.com/a/20240922Q02W0H00

2024-09-23 00:34:30,163 - INFO - EXPIRED
针对以色列，哈梅内伊最新发声！
https://new.qq.com/rain/a/20240922A02YT500

2024-09-23 00:34:30,163 - INFO - EXPIRED
内蒙古一公司高压气体泄漏致10死3伤，事故调查报告发布，22人被问责
https://new.qq.com/rain/a/20240922A03WDD00

2024-09-23 00:34:30,163 - INFO - EXPIRED
成都女子坠楼砸中老太太两人双双身亡，老人家属如何索赔？律师解析
https://new.qq.com/rain/a/20240922A02F7600

2024-09-23 00:34:30,163 - INFO - EXPIRED
民革中央原副主席胡敏逝世，享年93岁
https://new.qq.com/rain/a/20240922A03JJ800

2024-09-23 00:34:30,163 - INFO - EXPIRED
幼儿园经营不善，岂能让家长扛下所有
https://new.qq.com/rain/a/20240921A08ABX00

2024-09-23 00:34:30,163 - INFO - EXPIRED
美方宣称QUAD峰会“不针对任何其他国家”，但首个议题就被曝直指中国
https://new.qq.com/rain/a/20240922A01QLG00

2024-09-23 00:34:30,163 - INFO - EXPIRED
研究生拟被聘为学校勤杂工？南航苏州附中、当事人分别回应
https://new.qq.com/rain/a/20240922A02W2L00

2024-09-23 00:34:30,163 - INFO - EXPIRED
乔杉新片回故乡拍摄太开心，赞马丽可爱，在线挑战东北话十级绕口令
https://new.qq.com/rain/a/20240922V04JJW00

2024-09-23 00:34:30,163 - INFO - EXPIRED
法拍房猎手
https://new.qq.com/rain/a/20240921A00CHD00

2024-09-23 00:34:30,163 - INFO - EXPIRED
重庆一路面突发塌陷两车掉坑，目击者：“砰”的一声，以为是两车相撞
https://new.qq.com/rain/a/20240922V02SUM00

2024-09-23 00:34:30,163 - INFO - EXPIRED
管培生入职43天后拒绝周末跑10公里被辞退，当事人：已连续加班12天
https://new.qq.com/rain/a/20240922A01WZN00

2024-09-23 00:34:30,163 - INFO - EXPIRED
千万粉丝网红鉴宝时网友自称从博物馆拿“文物”，重庆多部门回应
https://new.qq.com/rain/a/20240921A07PG000

2024-09-23 00:34:30,163 - INFO - EXPIRED
以军袭击加沙一学校致至少22死：学校被炸毁 遇难者家属蹲在墙边哭泣
https://new.qq.com/rain/a/20240922V0321Y00

2024-09-23 00:34:30,163 - INFO - EXPIRED
科技巨头裁员波及中国区，赔偿可选“N+7”，前员工：很人性化了
https://new.qq.com/rain/a/20240921A085ML00

2024-09-23 00:34:30,163 - INFO - EXPIRED
北京高中合格性考试修订方案发布，数学、外语考试时长均缩短为90分钟
https://new.qq.com/rain/a/20240922A02JPD00

2024-09-23 00:34:30,163 - INFO - EXPIRED
“降息潮”持续 多家中小银行下调存款利率
https://new.qq.com/rain/a/20240922A02FUU00

2024-09-23 00:34:30,163 - INFO - EXPIRED
让步了？外媒：马斯克已遵守巴西最高法院命令，为X平台任命一名在巴新法律代表
https://new.qq.com/rain/a/20240922A02PPY00

2024-09-23 00:34:30,163 - INFO - EXPIRED
“家装第一股”东易日盛陷爆雷风波，若破产，客户和股民的钱都能要回来吗？
https://view.inews.qq.com/a/20240922Q01UDZ00

2024-09-23 00:34:30,163 - INFO - EXPIRED
江苏宜兴公示干部“曾用名”，当地组织部：让公众更了解情况
https://new.qq.com/rain/a/20240921A06XKB00

2024-09-23 00:34:30,163 - INFO - EXPIRED
江苏一地将课间休息延长至15分钟
https://new.qq.com/rain/a/20240922A01BGM00

2024-09-23 00:34:30,163 - INFO - EXPIRED
“龙茅”价格下跌，散瓶飞天茅台价格跌破2300元
https://new.qq.com/rain/a/20240922A02CHO00

2024-09-23 00:34:30,163 - INFO - EXPIRED
嫦娥六号月背土画面首次公开，里面含较多玻璃碎片，玻璃碎片从哪里来的？
https://view.inews.qq.com/a/20240921Q083N800

2024-09-23 00:34:30,163 - INFO - EXPIRED
女子在万达广场翻越护栏坠落砸中路人，2人均死亡，成都武侯公安通报
https://new.qq.com/rain/a/20240922A00VES00

2024-09-23 00:34:30,163 - INFO - EXPIRED
被贴牌生意反噬，西凤酒遭舆论“围攻”，司马南：放开西凤，冲我来
https://new.qq.com/rain/a/20240922A0106C00

2024-09-23 00:34:30,163 - INFO - EXPIRED
中央和国家机关部门机关纪委执纪审查工作座谈会在京召开
https://new.qq.com/rain/a/20240922A02G3L00

2024-09-23 00:34:30,163 - INFO - EXPIRED
70岁钟淦泉被查，曾任广东省东莞市政协党组副书记、副主席
https://new.qq.com/rain/a/20240922A01SLI00

2024-09-23 00:34:30,163 - INFO - EXPIRED
25元买张“检疫许可”？媒体：如此私屠滥宰哪来猪肉安全
https://new.qq.com/rain/a/20240921A06TGI00

2024-09-23 00:34:30,163 - INFO - EXPIRED
俄称不参加第二次乌克兰问题“和平峰会”
https://new.qq.com/rain/a/20240922A01JEL00

2024-09-23 00:34:30,163 - INFO - EXPIRED
乌克兰：禁止国家机构人员等使用社交媒体“电报”
https://new.qq.com/rain/a/20240921A08A9V00

2024-09-23 00:34:30,163 - INFO - EXPIRED
航行警告！渤海部分海域有实弹射击
https://new.qq.com/rain/a/20240922A01DHG00

2024-09-23 00:34:30,163 - INFO - EXPIRED
前华人首富赵长鹏确认即将出狱！此前被判4个月监禁，身家超2300亿元
https://new.qq.com/rain/a/20240922A004G400

2024-09-23 00:34:30,163 - INFO - EXPIRED
法国总理巴尼耶正式组阁，内阁成员名单公布
https://new.qq.com/rain/a/20240922A00S7Y00

2024-09-23 00:34:30,163 - INFO - EXPIRED
杭州一写字楼空调外机爆炸致维修工身亡，为何空调也会爆炸？威力还这么大？
https://view.inews.qq.com/a/20240921Q0876T00

2024-09-23 00:34:30,163 - INFO - EXPIRED
江苏无锡虹桥医院涉嫌篡改CT、核磁影像记录骗保？官方回应：全面彻查
https://new.qq.com/rain/a/20240922A00CXU00

2024-09-23 00:34:30,163 - INFO - EXPIRED
物理学硕士拟被聘为高中勤杂工？校方：实为本科，系工作人员失误
https://new.qq.com/rain/a/20240921A07PN000

2024-09-23 00:34:30,163 - INFO - EXPIRED
秋分至！未来三天华南等地强降雨频繁 南方大部高温“熄火”
https://new.qq.com/rain/a/20240922A01DGH00

2024-09-23 00:34:30,164 - INFO - EXPIRED
哈里斯接受CNN进行第二场辩论的邀请，并呼吁特朗普“再战一次”
https://new.qq.com/rain/a/20240922A00FGM00

2024-09-23 00:34:30,164 - INFO - EXPIRED
四川简阳市：鼓励住房保障家庭购房，拟按4万元/套给予奖励
https://new.qq.com/rain/a/20240921A07EE000

2024-09-23 00:34:30,164 - INFO - EXPIRED
美国歌手在海口踩过的小麦1株卖300元，工作人员：小麦是塑料喷漆的
https://new.qq.com/rain/a/20240921A07KVL00

2024-09-23 00:34:30,164 - INFO - EXPIRED
拜登、岸田任内“最后的四方安全峰会”，分析：谈南海肯定激怒中国
https://new.qq.com/rain/a/20240921A077O600

2024-09-23 00:34:30,164 - INFO - EXPIRED
女子“不问价格，不挑款式”买4万黄金，店员果断报警，有何套路？为何这种事频发？
https://view.inews.qq.com/a/20240921Q01LCF00

2024-09-23 00:34:30,164 - INFO - EXPIRED
从全球芯片之王到市值缩水两千亿美元，英特尔为何沦落到要“卖身”高通的地步？
https://view.inews.qq.com/a/20240921Q0468D00

2024-09-23 00:34:30,164 - INFO - EXPIRED
“家装第一股”陷爆雷风波：跟大额客户电话沟通，赔偿谈判要签保密函
https://new.qq.com/rain/a/20240921A07U1W00

2024-09-23 00:34:30,164 - INFO - EXPIRED
四川河南球迷赛前起冲突，上百人互殴互扔冷焰火，警方回应冲突已平息
https://new.qq.com/rain/a/20240921V07F7K00

2024-09-23 00:34:30,164 - INFO - EXPIRED
全面战争一触即发？伊朗总统呼吁团结抗以
https://new.qq.com/rain/a/20240921V083LF00

2024-09-23 00:34:30,164 - INFO - EXPIRED
“男子被砍后持砖反杀对方”案二审维持原判 法院：刀掉后本可报警，后续冲突不算正当防卫
https://new.qq.com/rain/a/20240921A067TS00

2024-09-23 00:34:30,164 - INFO - EXPIRED
92岁航空发动机专家刘松龄逝世，曾谢绝国外高薪回国任教
https://new.qq.com/rain/a/20240921A07ZQY00

2024-09-23 00:34:30,164 - INFO - EXPIRED
国研中心原副主任刘世锦：建议筹措资金，推出10万亿规模经济振兴方案
https://new.qq.com/rain/a/20240921A04XVK00

2024-09-23 00:34:30,164 - INFO - EXPIRED
广西桂林将撤销城管局？官方辟谣
https://new.qq.com/rain/a/20240921A07IYM00

2024-09-23 00:34:30,164 - INFO - EXPIRED
四川省政协秘书长李建勤已调离四川，此前任攀枝花市长时曾遭遇枪击
https://new.qq.com/rain/a/20240921A069F900

2024-09-23 00:34:30,164 - INFO - EXPIRED
中央政法委员会原书记任建新逝世，享年99岁
https://new.qq.com/rain/a/20240921A06Y1W00

2024-09-23 00:34:30,164 - INFO - EXPIRED
刘润：我在上海送外卖
https://new.qq.com/rain/a/20240921A02R6Q00

2024-09-23 00:34:30,164 - INFO - EXPIRED
3名中管干部因江西新余佳乐苑小区特别重大火灾事故被问责
https://new.qq.com/rain/a/20240921A05QIG00

2024-09-23 00:34:30,164 - INFO - EXPIRED
佳乐苑小区特别重大火灾事故相关责任人被严肃查处 公安机关对10名涉案人员立案侦查 纪检监察机关严肃问责55名公职人员
https://new.qq.com/rain/a/20240921A05Z7D00

2024-09-23 00:34:30,852 - INFO - INVALID
特朗普称若在2024年美国总统大选中失败将不再参选
https://new.qq.com/rain/a/20240923A008V600

2024-09-23 00:34:30,856 - INFO - INVALID
首个议题就针对中国，美日印澳“四方峰会”挑动对抗
https://new.qq.com/rain/a/20240923A00QTE00

2024-09-23 00:34:30,866 - INFO - INVALID
李大霄入职广州越声理财咨询公司，曾提出“婴儿底”“地球顶”
https://new.qq.com/rain/a/20240923A003AD00

2024-09-23 00:34:30,928 - INFO - INVALID
多地反映农村大龄青年婚恋难：有何影响？各地都有啥招？
https://new.qq.com/rain/a/20240923A00UZM00

2024-09-23 00:34:30,932 - INFO - INVALID
千万身价老板破产，法院4元拍卖雪碧限自提
https://new.qq.com/rain/a/20240923A00WT200

2024-09-23 00:34:31,222 - INFO - INVALID
乌总统再赴美寻求解除武器限制，俄媒：泽连斯基试图向世界表明，美国还支持他
https://new.qq.com/rain/a/20240923A00QA000

2024-09-23 00:34:31,273 - INFO - INVALID
外媒称美国将“升级”打压中国汽车，专家：破坏全球汽车产业链条安全
https://new.qq.com/rain/a/20240923A00QHE00

2024-09-23 00:34:31,281 - INFO - INVALID
臭名昭著 虚张声势！起底“台独”网军“匿名者64”
https://new.qq.com/rain/a/20240923A00PGA00

2024-09-23 00:34:31,343 - INFO - INVALID
迪萨纳亚克发表声明表示已在斯里兰卡总统选举中胜出
https://new.qq.com/rain/a/20240923A00SQC00

2024-09-23 02:09:33,169 - INFO - EXPIRED
哪吒V失控撞花坛后自燃，司机称“踩刹车没用”！车企报告
https://new.qq.com/rain/a/20240922A077AE00

2024-09-23 02:09:33,169 - INFO - EXPIRED
科学家透露人类可能已探测到迄今最高能量中微子，能量多高？来自哪里？
https://view.inews.qq.com/a/20240922Q06XP200

2024-09-23 02:09:33,169 - INFO - EXPIRED
法国“萨科齐时代以来最右政府”诞生，90后任财长
https://new.qq.com/rain/a/20240922A079I300

2024-09-23 02:09:33,169 - INFO - EXPIRED
河南和广州均发生雨后疑似路灯漏电致人身亡事故，为什么都首先怀疑是路灯漏电？
https://view.inews.qq.com/a/20240922Q06N1D00

2024-09-23 02:09:33,169 - INFO - EXPIRED
“历史性变革”！港交所恶劣天气交易，9月23日生效
https://new.qq.com/rain/a/20240922A06PBV00

2024-09-23 02:09:33,169 - INFO - EXPIRED
如果不是中国渔民，这场船难死亡人数会超过泰坦尼克号
https://new.qq.com/rain/a/20240917A0626N00

2024-09-23 02:09:33,169 - INFO - EXPIRED
央视献唱，王力宏在大陆电视荧屏上正式复出
https://new.qq.com/rain/a/20240922A0716F00

2024-09-23 02:09:33,169 - INFO - EXPIRED
60岁女子发现丈夫出轨后藏刀枕下半夜杀夫，一审被判无期徒刑
https://new.qq.com/rain/a/20240922A04KOP00

2024-09-23 02:09:33,169 - INFO - EXPIRED
36人失去本届全国人大代表资格，其中28人系被罢免
https://new.qq.com/rain/a/20240922A00AYF00

2024-09-23 02:09:33,169 - INFO - EXPIRED
抬价20倍！央视曝保健床垫骗局：号称“包治百病”，不断给老人洗脑
https://new.qq.com/rain/a/20240922A06C1500

2024-09-23 02:09:33,169 - INFO - EXPIRED
赖清德新一轮“台独”动作 将致台湾地区失去非洲最后一个“邦交”？
https://new.qq.com/rain/a/20240922A06HDN00

2024-09-23 02:09:33,169 - INFO - EXPIRED
青海大通县多个单位长期借调教师：最长超8年，原单位只能评“合格”
https://new.qq.com/rain/a/20240922A06AB600

2024-09-23 02:09:33,169 - INFO - EXPIRED
英伟达中国特供芯片H20订单疑云：有经销商称已无法下单，或将遭停售
https://new.qq.com/rain/a/20240922A0571F00

2024-09-23 02:09:33,169 - INFO - EXPIRED
山东齐河县财政局办公楼起火系人为纵火烧账目？县公安局：勿信谣传谣
https://new.qq.com/rain/a/20240922A05V0300

2024-09-23 02:09:33,169 - INFO - EXPIRED
辽宁铁岭：空巢村问题存在着普遍性，有村子空巢率近90%
https://new.qq.com/rain/a/20240922A04TY200

2024-09-23 02:09:33,169 - INFO - EXPIRED
伊朗总统呼吁团结对抗以色列，能团结几个国家？中东会爆发全面战争吗？
https://view.inews.qq.com/a/20240922Q01OZY00

2024-09-23 02:09:33,169 - INFO - EXPIRED
出租车司机涉猥亵16岁女乘客被行拘，检察机关监督后警方立刑案
https://new.qq.com/rain/a/20240922A0524100

2024-09-23 02:09:33,169 - INFO - EXPIRED
再夺一冠！吴艳妮/徐卓一27秒18夺全锦赛混合成年组跨栏接力冠军
https://new.qq.com/rain/a/20240922A06E4M00

2024-09-23 02:09:33,169 - INFO - EXPIRED
游客翻护栏折200年“枫王”树枝，景区曾为其投保千万，警方已介入
https://new.qq.com/rain/a/20240922A04HQQ00

2024-09-23 02:09:33,169 - INFO - EXPIRED
国航C919飞机疑“滑回排除故障后换飞空客”，资深机长：是正常现象
https://new.qq.com/rain/a/20240922A05BMT00

2024-09-23 02:09:33,170 - INFO - EXPIRED
江苏无锡虹桥医院涉骗保 大股东投资的其他医院曾曝让患者低消7000元
https://new.qq.com/rain/a/20240922A05LFI00

2024-09-23 02:09:33,170 - INFO - EXPIRED
判决书：四川达州原市长妻弟等利用影响力受贿，收取“点子费”2700多万
https://new.qq.com/rain/a/20240922A04ZY500

2024-09-23 02:09:33,170 - INFO - EXPIRED
禁用中国网联汽车硬件软件？美国商务部被曝新动作
https://new.qq.com/rain/a/20240922A05X9A00

2024-09-23 02:09:33,170 - INFO - EXPIRED
网购平台京淘淘回应卷款跑路传言：未跑路，被“羊毛党”薅走1.8亿
https://new.qq.com/rain/a/20240922A058FJ00

2024-09-23 02:09:33,170 - INFO - EXPIRED
中央依法治国办对全国6个省区开展实地法治督察
https://new.qq.com/rain/a/20240922A04WWK00

2024-09-23 02:09:33,170 - INFO - EXPIRED
哈里斯同意10月23日举行第二次美国大选辩论，特朗普：太晚了
https://new.qq.com/rain/a/20240922A03CZU00

2024-09-23 02:09:33,170 - INFO - EXPIRED
伊朗塔巴斯矿难已致51人死亡
https://new.qq.com/rain/a/20240922A05LFJ00

2024-09-23 02:09:33,170 - INFO - EXPIRED
福建荔城通报“新度镇蒲坂村后郑160号福源殿着火”：明火已扑灭，无人员伤亡
https://new.qq.com/rain/a/20240922A05YJJ00

2024-09-23 02:09:33,170 - INFO - EXPIRED
妻子失联20年，丈夫起诉离婚被驳回：无充分证据证明感情完全破裂
https://new.qq.com/rain/a/20240921V06EL600

2024-09-23 02:09:33,170 - INFO - EXPIRED
第六套人民币来了？明年上市，还有1000元面额？假的！
https://new.qq.com/rain/a/20240922A03C2I00

2024-09-23 02:09:33,170 - INFO - EXPIRED
女子在商场翻越护栏坠落砸中路人，2人均死亡，女子家属该承担什么责任？
https://view.inews.qq.com/a/20240922Q02EZ500

2024-09-23 02:09:33,170 - INFO - EXPIRED
我国稳态强磁场刷新水冷磁体世界纪录
https://new.qq.com/rain/a/20240922A04B0J00

2024-09-23 02:09:33,170 - INFO - EXPIRED
卷到越南的中国工厂
https://new.qq.com/rain/a/20240922A012HY00

2024-09-23 02:09:33,170 - INFO - EXPIRED
实探成都女子坠楼砸死路人商场：玻璃顶棚被砸穿，市民称平时人不多
https://new.qq.com/rain/a/20240922A03J5300

2024-09-23 02:09:33,170 - INFO - EXPIRED
山东齐河县财政局办公楼发生火灾，无人员伤亡，起火物为外墙铝塑板
https://new.qq.com/rain/a/20240922A03P0M00

2024-09-23 02:09:33,170 - INFO - EXPIRED
方回春堂一门诊部医生被曝涉嫌猥亵女患者，警方已立案侦查
https://new.qq.com/rain/a/20240922A029L400

2024-09-23 02:09:33,170 - INFO - EXPIRED
美国亚拉巴马州枪击事件已致4死，警方称“多名枪手”向人群开枪
https://new.qq.com/rain/a/20240922A03ZKF00

2024-09-23 02:09:33,170 - INFO - EXPIRED
管培生拒绝周末跑10公里被辞退，这种活动对公司和员工发展真有好处吗？
https://view.inews.qq.com/a/20240922Q02W0H00

2024-09-23 02:09:33,170 - INFO - EXPIRED
针对以色列，哈梅内伊最新发声！
https://new.qq.com/rain/a/20240922A02YT500

2024-09-23 02:09:33,170 - INFO - EXPIRED
内蒙古一公司高压气体泄漏致10死3伤，事故调查报告发布，22人被问责
https://new.qq.com/rain/a/20240922A03WDD00

2024-09-23 02:09:33,170 - INFO - EXPIRED
成都女子坠楼砸中老太太两人双双身亡，老人家属如何索赔？律师解析
https://new.qq.com/rain/a/20240922A02F7600

2024-09-23 02:09:33,170 - INFO - EXPIRED
民革中央原副主席胡敏逝世，享年93岁
https://new.qq.com/rain/a/20240922A03JJ800

2024-09-23 02:09:33,170 - INFO - EXPIRED
幼儿园经营不善，岂能让家长扛下所有
https://new.qq.com/rain/a/20240921A08ABX00

2024-09-23 02:09:33,170 - INFO - EXPIRED
美方宣称QUAD峰会“不针对任何其他国家”，但首个议题就被曝直指中国
https://new.qq.com/rain/a/20240922A01QLG00

2024-09-23 02:09:33,170 - INFO - EXPIRED
研究生拟被聘为学校勤杂工？南航苏州附中、当事人分别回应
https://new.qq.com/rain/a/20240922A02W2L00

2024-09-23 02:09:33,170 - INFO - EXPIRED
乔杉新片回故乡拍摄太开心，赞马丽可爱，在线挑战东北话十级绕口令
https://new.qq.com/rain/a/20240922V04JJW00

2024-09-23 02:09:33,170 - INFO - EXPIRED
法拍房猎手
https://new.qq.com/rain/a/20240921A00CHD00

2024-09-23 02:09:33,170 - INFO - EXPIRED
重庆一路面突发塌陷两车掉坑，目击者：“砰”的一声，以为是两车相撞
https://new.qq.com/rain/a/20240922V02SUM00

2024-09-23 02:09:33,170 - INFO - EXPIRED
管培生入职43天后拒绝周末跑10公里被辞退，当事人：已连续加班12天
https://new.qq.com/rain/a/20240922A01WZN00

2024-09-23 02:09:33,170 - INFO - EXPIRED
千万粉丝网红鉴宝时网友自称从博物馆拿“文物”，重庆多部门回应
https://new.qq.com/rain/a/20240921A07PG000

2024-09-23 02:09:33,170 - INFO - EXPIRED
以军袭击加沙一学校致至少22死：学校被炸毁 遇难者家属蹲在墙边哭泣
https://new.qq.com/rain/a/20240922V0321Y00

2024-09-23 02:09:33,170 - INFO - EXPIRED
科技巨头裁员波及中国区，赔偿可选“N+7”，前员工：很人性化了
https://new.qq.com/rain/a/20240921A085ML00

2024-09-23 02:09:33,170 - INFO - EXPIRED
北京高中合格性考试修订方案发布，数学、外语考试时长均缩短为90分钟
https://new.qq.com/rain/a/20240922A02JPD00

2024-09-23 02:09:33,170 - INFO - EXPIRED
“降息潮”持续 多家中小银行下调存款利率
https://new.qq.com/rain/a/20240922A02FUU00

2024-09-23 02:09:33,170 - INFO - EXPIRED
让步了？外媒：马斯克已遵守巴西最高法院命令，为X平台任命一名在巴新法律代表
https://new.qq.com/rain/a/20240922A02PPY00

2024-09-23 02:09:33,170 - INFO - EXPIRED
“家装第一股”东易日盛陷爆雷风波，若破产，客户和股民的钱都能要回来吗？
https://view.inews.qq.com/a/20240922Q01UDZ00

2024-09-23 02:09:33,170 - INFO - EXPIRED
江苏宜兴公示干部“曾用名”，当地组织部：让公众更了解情况
https://new.qq.com/rain/a/20240921A06XKB00

2024-09-23 02:09:33,170 - INFO - EXPIRED
江苏一地将课间休息延长至15分钟
https://new.qq.com/rain/a/20240922A01BGM00

2024-09-23 02:09:33,170 - INFO - EXPIRED
“龙茅”价格下跌，散瓶飞天茅台价格跌破2300元
https://new.qq.com/rain/a/20240922A02CHO00

2024-09-23 02:09:33,170 - INFO - EXPIRED
嫦娥六号月背土画面首次公开，里面含较多玻璃碎片，玻璃碎片从哪里来的？
https://view.inews.qq.com/a/20240921Q083N800

2024-09-23 02:09:33,170 - INFO - EXPIRED
女子在万达广场翻越护栏坠落砸中路人，2人均死亡，成都武侯公安通报
https://new.qq.com/rain/a/20240922A00VES00

2024-09-23 02:09:33,170 - INFO - EXPIRED
被贴牌生意反噬，西凤酒遭舆论“围攻”，司马南：放开西凤，冲我来
https://new.qq.com/rain/a/20240922A0106C00

2024-09-23 02:09:33,170 - INFO - EXPIRED
中央和国家机关部门机关纪委执纪审查工作座谈会在京召开
https://new.qq.com/rain/a/20240922A02G3L00

2024-09-23 02:09:33,170 - INFO - EXPIRED
70岁钟淦泉被查，曾任广东省东莞市政协党组副书记、副主席
https://new.qq.com/rain/a/20240922A01SLI00

2024-09-23 02:09:33,170 - INFO - EXPIRED
25元买张“检疫许可”？媒体：如此私屠滥宰哪来猪肉安全
https://new.qq.com/rain/a/20240921A06TGI00

2024-09-23 02:09:33,170 - INFO - EXPIRED
俄称不参加第二次乌克兰问题“和平峰会”
https://new.qq.com/rain/a/20240922A01JEL00

2024-09-23 02:09:33,170 - INFO - EXPIRED
乌克兰：禁止国家机构人员等使用社交媒体“电报”
https://new.qq.com/rain/a/20240921A08A9V00

2024-09-23 02:09:33,170 - INFO - EXPIRED
航行警告！渤海部分海域有实弹射击
https://new.qq.com/rain/a/20240922A01DHG00

2024-09-23 02:09:33,170 - INFO - EXPIRED
前华人首富赵长鹏确认即将出狱！此前被判4个月监禁，身家超2300亿元
https://new.qq.com/rain/a/20240922A004G400

2024-09-23 02:09:33,170 - INFO - EXPIRED
法国总理巴尼耶正式组阁，内阁成员名单公布
https://new.qq.com/rain/a/20240922A00S7Y00

2024-09-23 02:09:33,170 - INFO - EXPIRED
杭州一写字楼空调外机爆炸致维修工身亡，为何空调也会爆炸？威力还这么大？
https://view.inews.qq.com/a/20240921Q0876T00

2024-09-23 02:09:33,170 - INFO - EXPIRED
江苏无锡虹桥医院涉嫌篡改CT、核磁影像记录骗保？官方回应：全面彻查
https://new.qq.com/rain/a/20240922A00CXU00

2024-09-23 02:09:33,170 - INFO - EXPIRED
物理学硕士拟被聘为高中勤杂工？校方：实为本科，系工作人员失误
https://new.qq.com/rain/a/20240921A07PN000

2024-09-23 02:09:33,170 - INFO - EXPIRED
秋分至！未来三天华南等地强降雨频繁 南方大部高温“熄火”
https://new.qq.com/rain/a/20240922A01DGH00

2024-09-23 02:09:33,170 - INFO - EXPIRED
哈里斯接受CNN进行第二场辩论的邀请，并呼吁特朗普“再战一次”
https://new.qq.com/rain/a/20240922A00FGM00

2024-09-23 02:09:33,170 - INFO - EXPIRED
四川简阳市：鼓励住房保障家庭购房，拟按4万元/套给予奖励
https://new.qq.com/rain/a/20240921A07EE000

2024-09-23 02:09:33,170 - INFO - EXPIRED
美国歌手在海口踩过的小麦1株卖300元，工作人员：小麦是塑料喷漆的
https://new.qq.com/rain/a/20240921A07KVL00

2024-09-23 02:09:33,170 - INFO - EXPIRED
拜登、岸田任内“最后的四方安全峰会”，分析：谈南海肯定激怒中国
https://new.qq.com/rain/a/20240921A077O600

2024-09-23 02:09:33,170 - INFO - EXPIRED
女子“不问价格，不挑款式”买4万黄金，店员果断报警，有何套路？为何这种事频发？
https://view.inews.qq.com/a/20240921Q01LCF00

2024-09-23 02:09:33,170 - INFO - EXPIRED
从全球芯片之王到市值缩水两千亿美元，英特尔为何沦落到要“卖身”高通的地步？
https://view.inews.qq.com/a/20240921Q0468D00

2024-09-23 02:09:33,170 - INFO - EXPIRED
“家装第一股”陷爆雷风波：跟大额客户电话沟通，赔偿谈判要签保密函
https://new.qq.com/rain/a/20240921A07U1W00

2024-09-23 02:09:33,170 - INFO - EXPIRED
四川河南球迷赛前起冲突，上百人互殴互扔冷焰火，警方回应冲突已平息
https://new.qq.com/rain/a/20240921V07F7K00

2024-09-23 02:09:33,170 - INFO - EXPIRED
全面战争一触即发？伊朗总统呼吁团结抗以
https://new.qq.com/rain/a/20240921V083LF00

2024-09-23 02:09:33,170 - INFO - EXPIRED
“男子被砍后持砖反杀对方”案二审维持原判 法院：刀掉后本可报警，后续冲突不算正当防卫
https://new.qq.com/rain/a/20240921A067TS00

2024-09-23 02:09:33,170 - INFO - EXPIRED
92岁航空发动机专家刘松龄逝世，曾谢绝国外高薪回国任教
https://new.qq.com/rain/a/20240921A07ZQY00

2024-09-23 02:09:33,170 - INFO - EXPIRED
国研中心原副主任刘世锦：建议筹措资金，推出10万亿规模经济振兴方案
https://new.qq.com/rain/a/20240921A04XVK00

2024-09-23 02:09:33,977 - INFO - INVALID
8月份在华销量几近“腰斩”，宝马正式重返“价格战”
https://new.qq.com/rain/a/20240923A01CM700

2024-09-23 02:09:33,982 - INFO - INVALID
首个议题就针对中国，美日印澳“四方峰会”挑动对抗
https://new.qq.com/rain/a/20240923A00QTE00

2024-09-23 02:09:33,986 - INFO - INVALID
A股走强，深成指拉升涨逾1%！医药医疗、白酒等方向涨幅居前
https://new.qq.com/rain/a/20240923A01P1X00

2024-09-23 02:09:34,005 - INFO - INVALID
臭名昭著 虚张声势！起底“台独”网军“匿名者64”
https://new.qq.com/rain/a/20240923A00PGA00

2024-09-23 02:09:34,049 - INFO - INVALID
潘功胜、李云泽、吴清出席，24日9点将举行金融支持经济主题发布会
https://new.qq.com/rain/a/20240923A01HV200

2024-09-23 02:09:34,341 - INFO - INVALID
多地反映农村大龄青年婚恋难：有何影响？各地都有啥招？
https://new.qq.com/rain/a/20240923A00UZM00

2024-09-23 02:09:34,389 - INFO - INVALID
“下个是谁？”拜登忘记他名字，莫迪尴尬死了
https://new.qq.com/rain/a/20240923A00YRA00

2024-09-23 02:09:34,409 - INFO - INVALID
乌总统再赴美寻求解除武器限制，俄媒：泽连斯基试图向世界表明，美国还支持他
https://new.qq.com/rain/a/20240923A00QA000

2024-09-23 02:09:34,423 - INFO - INVALID
千万身价老板破产，法院4元拍卖雪碧限自提
https://new.qq.com/rain/a/20240923A00WT200

2024-09-23 02:09:34,469 - INFO - INVALID
港股开盘：两大指数低开，恒生科技指数跌0.12%，贝壳跌超5%
https://new.qq.com/rain/a/20240923A01Q2N00

2024-09-23 02:09:34,705 - INFO - INVALID
外媒称美国将“升级”打压中国汽车，专家：破坏全球汽车产业链条安全
https://new.qq.com/rain/a/20240923A00QHE00

2024-09-23 02:09:34,766 - INFO - INVALID
特朗普称若在2024年美国总统大选中失败将不再参选
https://new.qq.com/rain/a/20240923A008V600

2024-09-23 02:09:34,790 - INFO - INVALID
迪萨纳亚克发表声明表示已在斯里兰卡总统选举中胜出
https://new.qq.com/rain/a/20240923A00SQC00

2024-09-23 02:09:34,813 - INFO - INVALID
李大霄入职广州越声理财咨询公司，曾提出“婴儿底”“地球顶”
https://new.qq.com/rain/a/20240923A003AD00

2024-09-23 03:13:27,999 - INFO - EXPIRED
法国“萨科齐时代以来最右政府”诞生，90后任财长
https://new.qq.com/rain/a/20240922A079I300

2024-09-23 03:13:28,000 - INFO - EXPIRED
河南和广州均发生雨后疑似路灯漏电致人身亡事故，为什么都首先怀疑是路灯漏电？
https://view.inews.qq.com/a/20240922Q06N1D00

2024-09-23 03:13:28,000 - INFO - EXPIRED
“历史性变革”！港交所恶劣天气交易，9月23日生效
https://new.qq.com/rain/a/20240922A06PBV00

2024-09-23 03:13:28,000 - INFO - EXPIRED
如果不是中国渔民，这场船难死亡人数会超过泰坦尼克号
https://new.qq.com/rain/a/20240917A0626N00

2024-09-23 03:13:28,000 - INFO - EXPIRED
央视献唱，王力宏在大陆电视荧屏上正式复出
https://new.qq.com/rain/a/20240922A0716F00

2024-09-23 03:13:28,000 - INFO - EXPIRED
60岁女子发现丈夫出轨后藏刀枕下半夜杀夫，一审被判无期徒刑
https://new.qq.com/rain/a/20240922A04KOP00

2024-09-23 03:13:28,000 - INFO - EXPIRED
36人失去本届全国人大代表资格，其中28人系被罢免
https://new.qq.com/rain/a/20240922A00AYF00

2024-09-23 03:13:28,000 - INFO - EXPIRED
抬价20倍！央视曝保健床垫骗局：号称“包治百病”，不断给老人洗脑
https://new.qq.com/rain/a/20240922A06C1500

2024-09-23 03:13:28,000 - INFO - EXPIRED
科学家透露人类可能已探测到迄今最高能量中微子，能量多高？来自哪里？
https://view.inews.qq.com/a/20240922Q06XP200

2024-09-23 03:13:28,000 - INFO - EXPIRED
哪吒V失控撞花坛后自燃，司机称“踩刹车没用”！车企报告
https://new.qq.com/rain/a/20240922A077AE00

2024-09-23 03:13:28,000 - INFO - EXPIRED
赖清德新一轮“台独”动作 将致台湾地区失去非洲最后一个“邦交”？
https://new.qq.com/rain/a/20240922A06HDN00

2024-09-23 03:13:28,000 - INFO - EXPIRED
青海大通县多个单位长期借调教师：最长超8年，原单位只能评“合格”
https://new.qq.com/rain/a/20240922A06AB600

2024-09-23 03:13:28,000 - INFO - EXPIRED
英伟达中国特供芯片H20订单疑云：有经销商称已无法下单，或将遭停售
https://new.qq.com/rain/a/20240922A0571F00

2024-09-23 03:13:28,000 - INFO - EXPIRED
山东齐河县财政局办公楼起火系人为纵火烧账目？县公安局：勿信谣传谣
https://new.qq.com/rain/a/20240922A05V0300

2024-09-23 03:13:28,000 - INFO - EXPIRED
辽宁铁岭：空巢村问题存在着普遍性，有村子空巢率近90%
https://new.qq.com/rain/a/20240922A04TY200

2024-09-23 03:13:28,000 - INFO - EXPIRED
伊朗总统呼吁团结对抗以色列，能团结几个国家？中东会爆发全面战争吗？
https://view.inews.qq.com/a/20240922Q01OZY00

2024-09-23 03:13:28,000 - INFO - EXPIRED
出租车司机涉猥亵16岁女乘客被行拘，检察机关监督后警方立刑案
https://new.qq.com/rain/a/20240922A0524100

2024-09-23 03:13:28,000 - INFO - EXPIRED
再夺一冠！吴艳妮/徐卓一27秒18夺全锦赛混合成年组跨栏接力冠军
https://new.qq.com/rain/a/20240922A06E4M00

2024-09-23 03:13:28,000 - INFO - EXPIRED
游客翻护栏折200年“枫王”树枝，景区曾为其投保千万，警方已介入
https://new.qq.com/rain/a/20240922A04HQQ00

2024-09-23 03:13:28,000 - INFO - EXPIRED
国航C919飞机疑“滑回排除故障后换飞空客”，资深机长：是正常现象
https://new.qq.com/rain/a/20240922A05BMT00

2024-09-23 03:13:28,000 - INFO - EXPIRED
江苏无锡虹桥医院涉骗保 大股东投资的其他医院曾曝让患者低消7000元
https://new.qq.com/rain/a/20240922A05LFI00

2024-09-23 03:13:28,000 - INFO - EXPIRED
判决书：四川达州原市长妻弟等利用影响力受贿，收取“点子费”2700多万
https://new.qq.com/rain/a/20240922A04ZY500

2024-09-23 03:13:28,000 - INFO - EXPIRED
禁用中国网联汽车硬件软件？美国商务部被曝新动作
https://new.qq.com/rain/a/20240922A05X9A00

2024-09-23 03:13:28,000 - INFO - EXPIRED
网购平台京淘淘回应卷款跑路传言：未跑路，被“羊毛党”薅走1.8亿
https://new.qq.com/rain/a/20240922A058FJ00

2024-09-23 03:13:28,000 - INFO - EXPIRED
中央依法治国办对全国6个省区开展实地法治督察
https://new.qq.com/rain/a/20240922A04WWK00

2024-09-23 03:13:28,000 - INFO - EXPIRED
哈里斯同意10月23日举行第二次美国大选辩论，特朗普：太晚了
https://new.qq.com/rain/a/20240922A03CZU00

2024-09-23 03:13:28,000 - INFO - EXPIRED
伊朗塔巴斯矿难已致51人死亡
https://new.qq.com/rain/a/20240922A05LFJ00

2024-09-23 03:13:28,000 - INFO - EXPIRED
福建荔城通报“新度镇蒲坂村后郑160号福源殿着火”：明火已扑灭，无人员伤亡
https://new.qq.com/rain/a/20240922A05YJJ00

2024-09-23 03:13:28,000 - INFO - EXPIRED
妻子失联20年，丈夫起诉离婚被驳回：无充分证据证明感情完全破裂
https://new.qq.com/rain/a/20240921V06EL600

2024-09-23 03:13:28,000 - INFO - EXPIRED
第六套人民币来了？明年上市，还有1000元面额？假的！
https://new.qq.com/rain/a/20240922A03C2I00

2024-09-23 03:13:28,000 - INFO - EXPIRED
女子在商场翻越护栏坠落砸中路人，2人均死亡，女子家属该承担什么责任？
https://view.inews.qq.com/a/20240922Q02EZ500

2024-09-23 03:13:28,000 - INFO - EXPIRED
我国稳态强磁场刷新水冷磁体世界纪录
https://new.qq.com/rain/a/20240922A04B0J00

2024-09-23 03:13:28,000 - INFO - EXPIRED
卷到越南的中国工厂
https://new.qq.com/rain/a/20240922A012HY00

2024-09-23 03:13:28,000 - INFO - EXPIRED
实探成都女子坠楼砸死路人商场：玻璃顶棚被砸穿，市民称平时人不多
https://new.qq.com/rain/a/20240922A03J5300

2024-09-23 03:13:28,000 - INFO - EXPIRED
山东齐河县财政局办公楼发生火灾，无人员伤亡，起火物为外墙铝塑板
https://new.qq.com/rain/a/20240922A03P0M00

2024-09-23 03:13:28,000 - INFO - EXPIRED
方回春堂一门诊部医生被曝涉嫌猥亵女患者，警方已立案侦查
https://new.qq.com/rain/a/20240922A029L400

2024-09-23 03:13:28,000 - INFO - EXPIRED
美国亚拉巴马州枪击事件已致4死，警方称“多名枪手”向人群开枪
https://new.qq.com/rain/a/20240922A03ZKF00

2024-09-23 03:13:28,000 - INFO - EXPIRED
管培生拒绝周末跑10公里被辞退，这种活动对公司和员工发展真有好处吗？
https://view.inews.qq.com/a/20240922Q02W0H00

2024-09-23 03:13:28,000 - INFO - EXPIRED
针对以色列，哈梅内伊最新发声！
https://new.qq.com/rain/a/20240922A02YT500

2024-09-23 03:13:28,000 - INFO - EXPIRED
内蒙古一公司高压气体泄漏致10死3伤，事故调查报告发布，22人被问责
https://new.qq.com/rain/a/20240922A03WDD00

2024-09-23 03:13:28,000 - INFO - EXPIRED
成都女子坠楼砸中老太太两人双双身亡，老人家属如何索赔？律师解析
https://new.qq.com/rain/a/20240922A02F7600

2024-09-23 03:13:28,000 - INFO - EXPIRED
民革中央原副主席胡敏逝世，享年93岁
https://new.qq.com/rain/a/20240922A03JJ800

2024-09-23 03:13:28,000 - INFO - EXPIRED
幼儿园经营不善，岂能让家长扛下所有
https://new.qq.com/rain/a/20240921A08ABX00

2024-09-23 03:13:28,000 - INFO - EXPIRED
美方宣称QUAD峰会“不针对任何其他国家”，但首个议题就被曝直指中国
https://new.qq.com/rain/a/20240922A01QLG00

2024-09-23 03:13:28,000 - INFO - EXPIRED
研究生拟被聘为学校勤杂工？南航苏州附中、当事人分别回应
https://new.qq.com/rain/a/20240922A02W2L00

2024-09-23 03:13:28,000 - INFO - EXPIRED
乔杉新片回故乡拍摄太开心，赞马丽可爱，在线挑战东北话十级绕口令
https://new.qq.com/rain/a/20240922V04JJW00

2024-09-23 03:13:28,000 - INFO - EXPIRED
法拍房猎手
https://new.qq.com/rain/a/20240921A00CHD00

2024-09-23 03:13:28,000 - INFO - EXPIRED
重庆一路面突发塌陷两车掉坑，目击者：“砰”的一声，以为是两车相撞
https://new.qq.com/rain/a/20240922V02SUM00

2024-09-23 03:13:28,000 - INFO - EXPIRED
管培生入职43天后拒绝周末跑10公里被辞退，当事人：已连续加班12天
https://new.qq.com/rain/a/20240922A01WZN00

2024-09-23 03:13:28,000 - INFO - EXPIRED
千万粉丝网红鉴宝时网友自称从博物馆拿“文物”，重庆多部门回应
https://new.qq.com/rain/a/20240921A07PG000

2024-09-23 03:13:28,000 - INFO - EXPIRED
以军袭击加沙一学校致至少22死：学校被炸毁 遇难者家属蹲在墙边哭泣
https://new.qq.com/rain/a/20240922V0321Y00

2024-09-23 03:13:28,000 - INFO - EXPIRED
科技巨头裁员波及中国区，赔偿可选“N+7”，前员工：很人性化了
https://new.qq.com/rain/a/20240921A085ML00

2024-09-23 03:13:28,000 - INFO - EXPIRED
北京高中合格性考试修订方案发布，数学、外语考试时长均缩短为90分钟
https://new.qq.com/rain/a/20240922A02JPD00

2024-09-23 03:13:28,000 - INFO - EXPIRED
“降息潮”持续 多家中小银行下调存款利率
https://new.qq.com/rain/a/20240922A02FUU00

2024-09-23 03:13:28,000 - INFO - EXPIRED
让步了？外媒：马斯克已遵守巴西最高法院命令，为X平台任命一名在巴新法律代表
https://new.qq.com/rain/a/20240922A02PPY00

2024-09-23 03:13:28,000 - INFO - EXPIRED
“家装第一股”东易日盛陷爆雷风波，若破产，客户和股民的钱都能要回来吗？
https://view.inews.qq.com/a/20240922Q01UDZ00

2024-09-23 03:13:28,000 - INFO - EXPIRED
江苏宜兴公示干部“曾用名”，当地组织部：让公众更了解情况
https://new.qq.com/rain/a/20240921A06XKB00

2024-09-23 03:13:28,000 - INFO - EXPIRED
江苏一地将课间休息延长至15分钟
https://new.qq.com/rain/a/20240922A01BGM00

2024-09-23 03:13:28,001 - INFO - EXPIRED
“龙茅”价格下跌，散瓶飞天茅台价格跌破2300元
https://new.qq.com/rain/a/20240922A02CHO00

2024-09-23 03:13:28,001 - INFO - EXPIRED
嫦娥六号月背土画面首次公开，里面含较多玻璃碎片，玻璃碎片从哪里来的？
https://view.inews.qq.com/a/20240921Q083N800

2024-09-23 03:13:28,001 - INFO - EXPIRED
女子在万达广场翻越护栏坠落砸中路人，2人均死亡，成都武侯公安通报
https://new.qq.com/rain/a/20240922A00VES00

2024-09-23 03:13:28,001 - INFO - EXPIRED
被贴牌生意反噬，西凤酒遭舆论“围攻”，司马南：放开西凤，冲我来
https://new.qq.com/rain/a/20240922A0106C00

2024-09-23 03:13:28,001 - INFO - EXPIRED
中央和国家机关部门机关纪委执纪审查工作座谈会在京召开
https://new.qq.com/rain/a/20240922A02G3L00

2024-09-23 03:13:28,001 - INFO - EXPIRED
70岁钟淦泉被查，曾任广东省东莞市政协党组副书记、副主席
https://new.qq.com/rain/a/20240922A01SLI00

2024-09-23 03:13:28,001 - INFO - EXPIRED
25元买张“检疫许可”？媒体：如此私屠滥宰哪来猪肉安全
https://new.qq.com/rain/a/20240921A06TGI00

2024-09-23 03:13:28,001 - INFO - EXPIRED
俄称不参加第二次乌克兰问题“和平峰会”
https://new.qq.com/rain/a/20240922A01JEL00

2024-09-23 03:13:28,001 - INFO - EXPIRED
乌克兰：禁止国家机构人员等使用社交媒体“电报”
https://new.qq.com/rain/a/20240921A08A9V00

2024-09-23 03:13:28,001 - INFO - EXPIRED
航行警告！渤海部分海域有实弹射击
https://new.qq.com/rain/a/20240922A01DHG00

2024-09-23 03:13:28,001 - INFO - EXPIRED
前华人首富赵长鹏确认即将出狱！此前被判4个月监禁，身家超2300亿元
https://new.qq.com/rain/a/20240922A004G400

2024-09-23 03:13:28,001 - INFO - EXPIRED
法国总理巴尼耶正式组阁，内阁成员名单公布
https://new.qq.com/rain/a/20240922A00S7Y00

2024-09-23 03:13:28,001 - INFO - EXPIRED
杭州一写字楼空调外机爆炸致维修工身亡，为何空调也会爆炸？威力还这么大？
https://view.inews.qq.com/a/20240921Q0876T00

2024-09-23 03:13:28,001 - INFO - EXPIRED
江苏无锡虹桥医院涉嫌篡改CT、核磁影像记录骗保？官方回应：全面彻查
https://new.qq.com/rain/a/20240922A00CXU00

2024-09-23 03:13:28,001 - INFO - EXPIRED
物理学硕士拟被聘为高中勤杂工？校方：实为本科，系工作人员失误
https://new.qq.com/rain/a/20240921A07PN000

2024-09-23 03:13:28,001 - INFO - EXPIRED
秋分至！未来三天华南等地强降雨频繁 南方大部高温“熄火”
https://new.qq.com/rain/a/20240922A01DGH00

2024-09-23 03:13:28,001 - INFO - EXPIRED
哈里斯接受CNN进行第二场辩论的邀请，并呼吁特朗普“再战一次”
https://new.qq.com/rain/a/20240922A00FGM00

2024-09-23 03:13:28,001 - INFO - EXPIRED
四川简阳市：鼓励住房保障家庭购房，拟按4万元/套给予奖励
https://new.qq.com/rain/a/20240921A07EE000

2024-09-23 03:13:28,001 - INFO - EXPIRED
美国歌手在海口踩过的小麦1株卖300元，工作人员：小麦是塑料喷漆的
https://new.qq.com/rain/a/20240921A07KVL00

2024-09-23 03:13:28,001 - INFO - EXPIRED
拜登、岸田任内“最后的四方安全峰会”，分析：谈南海肯定激怒中国
https://new.qq.com/rain/a/20240921A077O600

2024-09-23 03:13:28,001 - INFO - EXPIRED
女子“不问价格，不挑款式”买4万黄金，店员果断报警，有何套路？为何这种事频发？
https://view.inews.qq.com/a/20240921Q01LCF00

2024-09-23 03:13:28,001 - INFO - EXPIRED
从全球芯片之王到市值缩水两千亿美元，英特尔为何沦落到要“卖身”高通的地步？
https://view.inews.qq.com/a/20240921Q0468D00

2024-09-23 03:13:29,222 - INFO - INVALID
湖南株洲芦淞大桥发生交通事故，官方：已致6死8伤，肇事司机被控制
https://new.qq.com/rain/a/20240923A02NZ000

2024-09-23 03:13:29,287 - INFO - INVALID
离婚冷静期杀妻案二审宣判，广东高院维持死刑判决
https://new.qq.com/rain/a/20240923A02QNM00

2024-09-23 03:13:29,294 - INFO - INVALID
三个人CT片几乎一样，国家医保局进驻开展飞检
https://new.qq.com/rain/a/20240923A02ALX00

2024-09-23 03:13:29,391 - INFO - INVALID
梅德韦杰夫的新职务，印证着什么
https://new.qq.com/rain/a/20240923A01IDL00

2024-09-23 03:13:29,397 - INFO - INVALID
多地反映农村大龄青年婚恋难：有何影响？各地都有啥招？
https://new.qq.com/rain/a/20240923A00UZM00

2024-09-23 03:13:29,513 - INFO - INVALID
臭名昭著 虚张声势！起底“台独”网军“匿名者64”
https://new.qq.com/rain/a/20240923A00PGA00

2024-09-23 03:13:29,538 - INFO - INVALID
台积电和三星被曝考虑在阿联酋建厂，美方瞎操心：先进人工智能芯片会运往中国
https://new.qq.com/rain/a/20240923A02ANZ00

2024-09-23 03:13:29,622 - INFO - INVALID
潘功胜、李云泽、吴清出席，24日9点将举行金融支持经济主题发布会
https://new.qq.com/rain/a/20240923A01HV200

2024-09-23 03:13:29,658 - INFO - INVALID
A股走强，深成指拉升涨逾1%！医药医疗、白酒等方向涨幅居前
https://new.qq.com/rain/a/20240923A01P1X00

2024-09-23 03:13:29,692 - INFO - INVALID
乌总统再赴美寻求解除武器限制，俄媒：泽连斯基试图向世界表明，美国还支持他
https://new.qq.com/rain/a/20240923A00QA000

2024-09-23 03:13:29,815 - INFO - INVALID
千万身价老板破产，法院4元拍卖雪碧限自提
https://new.qq.com/rain/a/20240923A00WT200

2024-09-23 03:13:29,839 - INFO - INVALID
港股开盘：两大指数低开，恒生科技指数跌0.12%，贝壳跌超5%
https://new.qq.com/rain/a/20240923A01Q2N00

2024-09-23 03:13:29,942 - INFO - INVALID
外媒称美国将“升级”打压中国汽车，专家：破坏全球汽车产业链条安全
https://new.qq.com/rain/a/20240923A00QHE00

2024-09-23 03:13:29,974 - INFO - INVALID
李大霄入职广州越声理财咨询公司，曾提出“婴儿底”“地球顶”
https://new.qq.com/rain/a/20240923A003AD00

2024-09-23 03:13:30,047 - INFO - INVALID
“下个是谁？”拜登忘记他名字，莫迪尴尬死了
https://new.qq.com/rain/a/20240923A00YRA00

2024-09-23 03:13:30,079 - INFO - INVALID
首个议题就针对中国，美日印澳“四方峰会”挑动对抗
https://new.qq.com/rain/a/20240923A00QTE00

2024-09-23 03:13:30,107 - INFO - INVALID
特朗普称若在2024年美国总统大选中失败将不再参选
https://new.qq.com/rain/a/20240923A008V600

2024-09-23 03:13:30,160 - ERROR - ERROR
湖南株洲一车辆失控撞击多车：事发上班早高峰，含儿童在内多人受伤
https://new.qq.com/rain/a/20240923V01YFX00
('list index out of range',)
======
Traceback (most recent call last):
  File "/home/runner/work/qqnews/qqnews/qq.py", line 81, in process_article
    ss = str(tmpbs.select("div.LEFT div.content.clearfix")[0])
             ~~~~~~~~~~~~~~~~~~~~~~~~~~~~~~~~~~~~~~~~~~~~~^^^
IndexError: list index out of range


2024-09-23 03:13:30,204 - INFO - INVALID
8月份在华销量几近“腰斩”，宝马正式重返“价格战”
https://new.qq.com/rain/a/20240923A01CM700

2024-09-23 03:13:30,346 - INFO - INVALID
迪萨纳亚克发表声明表示已在斯里兰卡总统选举中胜出
https://new.qq.com/rain/a/20240923A00SQC00

