2026-06-12 00:10:41,887 - INFO - Total time taken: {'ret': 0, 'msg': 'success', 'data': None}
2026-06-12 00:10:41,887 - INFO - 'NoneType' object is not subscriptable
2026-06-12 00:10:41,887 - INFO - Traceback (most recent call last):
  File "/home/runner/work/qqnews/qqnews/qq.py", line 128, in main
    for i in qq1["data"]["list"]:
             ~~~~~~~~~~~^^^^^^^^
TypeError: 'NoneType' object is not subscriptable

2026-06-12 05:22:15,917 - INFO - Total time taken: {'ret': 0, 'msg': 'success', 'data': None}
2026-06-12 05:22:15,917 - INFO - 'NoneType' object is not subscriptable
2026-06-12 05:22:15,917 - INFO - Traceback (most recent call last):
  File "/home/runner/work/qqnews/qqnews/qq.py", line 128, in main
    for i in qq1["data"]["list"]:
             ~~~~~~~~~~~^^^^^^^^
TypeError: 'NoneType' object is not subscriptable

2026-06-12 09:48:59,286 - INFO - Total time taken: {'ret': 0, 'msg': 'success', 'data': None}
2026-06-12 09:48:59,287 - INFO - 'NoneType' object is not subscriptable
2026-06-12 09:48:59,287 - INFO - Traceback (most recent call last):
  File "/home/runner/work/qqnews/qqnews/qq.py", line 128, in main
    for i in qq1["data"]["list"]:
             ~~~~~~~~~~~^^^^^^^^
TypeError: 'NoneType' object is not subscriptable

2026-06-12 12:45:28,279 - INFO - Total time taken: {'ret': 0, 'msg': 'success', 'data': None}
2026-06-12 12:45:28,279 - INFO - 'NoneType' object is not subscriptable
2026-06-12 12:45:28,279 - INFO - Traceback (most recent call last):
  File "/home/runner/work/qqnews/qqnews/qq.py", line 128, in main
    for i in qq1["data"]["list"]:
             ~~~~~~~~~~~^^^^^^^^
TypeError: 'NoneType' object is not subscriptable

2026-06-12 16:00:41,942 - INFO - Total time taken: {'ret': 0, 'msg': 'success', 'data': None}
2026-06-12 16:00:41,943 - INFO - 'NoneType' object is not subscriptable
2026-06-12 16:00:41,943 - INFO - Traceback (most recent call last):
  File "/home/runner/work/qqnews/qqnews/qq.py", line 128, in main
    for i in qq1["data"]["list"]:
             ~~~~~~~~~~~^^^^^^^^
TypeError: 'NoneType' object is not subscriptable

