2026-01-09 00:45:22,708 - INFO - Total time taken: {'ret': 0, 'msg': 'success', 'data': None}
2026-01-09 00:45:22,708 - INFO - 'NoneType' object is not subscriptable
2026-01-09 00:45:22,708 - INFO - Traceback (most recent call last):
  File "/home/runner/work/qqnews/qqnews/qq.py", line 128, in main
    for i in qq1["data"]["list"]:
             ~~~~~~~~~~~^^^^^^^^
TypeError: 'NoneType' object is not subscriptable

2026-01-09 02:51:08,395 - INFO - Total time taken: {'ret': 0, 'msg': 'success', 'data': None}
2026-01-09 02:51:08,396 - INFO - 'NoneType' object is not subscriptable
2026-01-09 02:51:08,396 - INFO - Traceback (most recent call last):
  File "/home/runner/work/qqnews/qqnews/qq.py", line 128, in main
    for i in qq1["data"]["list"]:
             ~~~~~~~~~~~^^^^^^^^
TypeError: 'NoneType' object is not subscriptable

2026-01-09 03:56:28,493 - INFO - Total time taken: {'ret': 0, 'msg': 'success', 'data': None}
2026-01-09 03:56:28,493 - INFO - 'NoneType' object is not subscriptable
2026-01-09 03:56:28,494 - INFO - Traceback (most recent call last):
  File "/home/runner/work/qqnews/qqnews/qq.py", line 128, in main
    for i in qq1["data"]["list"]:
             ~~~~~~~~~~~^^^^^^^^
TypeError: 'NoneType' object is not subscriptable

2026-01-09 04:31:03,747 - INFO - Total time taken: {'ret': 0, 'msg': 'success', 'data': None}
2026-01-09 04:31:03,748 - INFO - 'NoneType' object is not subscriptable
2026-01-09 04:31:03,748 - INFO - Traceback (most recent call last):
  File "/home/runner/work/qqnews/qqnews/qq.py", line 128, in main
    for i in qq1["data"]["list"]:
             ~~~~~~~~~~~^^^^^^^^
TypeError: 'NoneType' object is not subscriptable

2026-01-09 05:15:39,160 - INFO - Total time taken: {'ret': 0, 'msg': 'success', 'data': None}
2026-01-09 05:15:39,160 - INFO - 'NoneType' object is not subscriptable
2026-01-09 05:15:39,161 - INFO - Traceback (most recent call last):
  File "/home/runner/work/qqnews/qqnews/qq.py", line 128, in main
    for i in qq1["data"]["list"]:
             ~~~~~~~~~~~^^^^^^^^
TypeError: 'NoneType' object is not subscriptable

2026-01-09 06:15:39,529 - INFO - Total time taken: {'ret': 0, 'msg': 'success', 'data': None}
2026-01-09 06:15:39,529 - INFO - 'NoneType' object is not subscriptable
2026-01-09 06:15:39,529 - INFO - Traceback (most recent call last):
  File "/home/runner/work/qqnews/qqnews/qq.py", line 128, in main
    for i in qq1["data"]["list"]:
             ~~~~~~~~~~~^^^^^^^^
TypeError: 'NoneType' object is not subscriptable

2026-01-09 07:15:39,479 - INFO - Total time taken: {'ret': 0, 'msg': 'success', 'data': None}
2026-01-09 07:15:39,480 - INFO - 'NoneType' object is not subscriptable
2026-01-09 07:15:39,480 - INFO - Traceback (most recent call last):
  File "/home/runner/work/qqnews/qqnews/qq.py", line 128, in main
    for i in qq1["data"]["list"]:
             ~~~~~~~~~~~^^^^^^^^
TypeError: 'NoneType' object is not subscriptable

