2026-07-06 01:30:39,484 - INFO - Total time taken: {'ret': 0, 'msg': 'success', 'data': None}
2026-07-06 01:30:39,484 - INFO - 'NoneType' object is not subscriptable
2026-07-06 01:30:39,485 - INFO - Traceback (most recent call last):
  File "/home/runner/work/qqnews/qqnews/qq.py", line 128, in main
    for i in qq1["data"]["list"]:
             ~~~~~~~~~~~^^^^^^^^
TypeError: 'NoneType' object is not subscriptable

2026-07-06 06:12:09,566 - INFO - Total time taken: {'ret': 0, 'msg': 'success', 'data': None}
2026-07-06 06:12:09,566 - INFO - 'NoneType' object is not subscriptable
2026-07-06 06:12:09,566 - INFO - Traceback (most recent call last):
  File "/home/runner/work/qqnews/qqnews/qq.py", line 128, in main
    for i in qq1["data"]["list"]:
             ~~~~~~~~~~~^^^^^^^^
TypeError: 'NoneType' object is not subscriptable

2026-07-06 11:18:04,000 - INFO - Total time taken: {'ret': 0, 'msg': 'success', 'data': None}
2026-07-06 11:18:04,000 - INFO - 'NoneType' object is not subscriptable
2026-07-06 11:18:04,000 - INFO - Traceback (most recent call last):
  File "/home/runner/work/qqnews/qqnews/qq.py", line 128, in main
    for i in qq1["data"]["list"]:
             ~~~~~~~~~~~^^^^^^^^
TypeError: 'NoneType' object is not subscriptable

2026-07-06 14:47:39,375 - INFO - Total time taken: {'ret': 0, 'msg': 'success', 'data': None}
2026-07-06 14:47:39,375 - INFO - 'NoneType' object is not subscriptable
2026-07-06 14:47:39,376 - INFO - Traceback (most recent call last):
  File "/home/runner/work/qqnews/qqnews/qq.py", line 128, in main
    for i in qq1["data"]["list"]:
             ~~~~~~~~~~~^^^^^^^^
TypeError: 'NoneType' object is not subscriptable

2026-07-06 17:31:22,934 - INFO - Total time taken: {'ret': 0, 'msg': 'success', 'data': None}
2026-07-06 17:31:22,934 - INFO - 'NoneType' object is not subscriptable
2026-07-06 17:31:22,934 - INFO - Traceback (most recent call last):
  File "/home/runner/work/qqnews/qqnews/qq.py", line 128, in main
    for i in qq1["data"]["list"]:
             ~~~~~~~~~~~^^^^^^^^
TypeError: 'NoneType' object is not subscriptable

2026-07-06 19:25:31,086 - INFO - Total time taken: {'ret': 0, 'msg': 'success', 'data': None}
2026-07-06 19:25:31,087 - INFO - 'NoneType' object is not subscriptable
2026-07-06 19:25:31,087 - INFO - Traceback (most recent call last):
  File "/home/runner/work/qqnews/qqnews/qq.py", line 128, in main
    for i in qq1["data"]["list"]:
             ~~~~~~~~~~~^^^^^^^^
TypeError: 'NoneType' object is not subscriptable

