2025-11-05 00:42:21,187 - INFO - Total time taken: {'ret': 0, 'msg': 'success', 'data': None}
2025-11-05 00:42:21,187 - INFO - 'NoneType' object is not subscriptable
2025-11-05 00:42:21,187 - INFO - Traceback (most recent call last):
  File "/home/runner/work/qqnews/qqnews/qq.py", line 128, in main
    for i in qq1["data"]["list"]:
             ~~~~~~~~~~~^^^^^^^^
TypeError: 'NoneType' object is not subscriptable

2025-11-05 02:25:29,873 - INFO - Total time taken: {'ret': 0, 'msg': 'success', 'data': None}
2025-11-05 02:25:29,873 - INFO - 'NoneType' object is not subscriptable
2025-11-05 02:25:29,873 - INFO - Traceback (most recent call last):
  File "/home/runner/work/qqnews/qqnews/qq.py", line 128, in main
    for i in qq1["data"]["list"]:
             ~~~~~~~~~~~^^^^^^^^
TypeError: 'NoneType' object is not subscriptable

2025-11-05 03:37:12,138 - INFO - Total time taken: {'ret': 0, 'msg': 'success', 'data': None}
2025-11-05 03:37:12,138 - INFO - 'NoneType' object is not subscriptable
2025-11-05 03:37:12,138 - INFO - Traceback (most recent call last):
  File "/home/runner/work/qqnews/qqnews/qq.py", line 128, in main
    for i in qq1["data"]["list"]:
             ~~~~~~~~~~~^^^^^^^^
TypeError: 'NoneType' object is not subscriptable

2025-11-05 04:12:00,359 - INFO - Total time taken: {'ret': 0, 'msg': 'success', 'data': None}
2025-11-05 04:12:00,359 - INFO - 'NoneType' object is not subscriptable
2025-11-05 04:12:00,360 - INFO - Traceback (most recent call last):
  File "/home/runner/work/qqnews/qqnews/qq.py", line 128, in main
    for i in qq1["data"]["list"]:
             ~~~~~~~~~~~^^^^^^^^
TypeError: 'NoneType' object is not subscriptable

2025-11-05 05:01:28,798 - INFO - Total time taken: {'ret': 0, 'msg': 'success', 'data': None}
2025-11-05 05:01:28,798 - INFO - 'NoneType' object is not subscriptable
2025-11-05 05:01:28,799 - INFO - Traceback (most recent call last):
  File "/home/runner/work/qqnews/qqnews/qq.py", line 128, in main
    for i in qq1["data"]["list"]:
             ~~~~~~~~~~~^^^^^^^^
TypeError: 'NoneType' object is not subscriptable

2025-11-05 06:14:05,261 - INFO - Total time taken: {'ret': 0, 'msg': 'success', 'data': None}
2025-11-05 06:14:05,261 - INFO - 'NoneType' object is not subscriptable
2025-11-05 06:14:05,262 - INFO - Traceback (most recent call last):
  File "/home/runner/work/qqnews/qqnews/qq.py", line 128, in main
    for i in qq1["data"]["list"]:
             ~~~~~~~~~~~^^^^^^^^
TypeError: 'NoneType' object is not subscriptable

2025-11-05 07:01:25,856 - INFO - Total time taken: {'ret': 0, 'msg': 'success', 'data': None}
2025-11-05 07:01:25,856 - INFO - 'NoneType' object is not subscriptable
2025-11-05 07:01:25,857 - INFO - Traceback (most recent call last):
  File "/home/runner/work/qqnews/qqnews/qq.py", line 128, in main
    for i in qq1["data"]["list"]:
             ~~~~~~~~~~~^^^^^^^^
TypeError: 'NoneType' object is not subscriptable

2025-11-05 08:01:41,871 - INFO - Total time taken: {'ret': 0, 'msg': 'success', 'data': None}
2025-11-05 08:01:41,871 - INFO - 'NoneType' object is not subscriptable
2025-11-05 08:01:41,871 - INFO - Traceback (most recent call last):
  File "/home/runner/work/qqnews/qqnews/qq.py", line 128, in main
    for i in qq1["data"]["list"]:
             ~~~~~~~~~~~^^^^^^^^
TypeError: 'NoneType' object is not subscriptable

2025-11-05 09:11:05,139 - INFO - Total time taken: {'ret': 0, 'msg': 'success', 'data': None}
2025-11-05 09:11:05,139 - INFO - 'NoneType' object is not subscriptable
2025-11-05 09:11:05,140 - INFO - Traceback (most recent call last):
  File "/home/runner/work/qqnews/qqnews/qq.py", line 128, in main
    for i in qq1["data"]["list"]:
             ~~~~~~~~~~~^^^^^^^^
TypeError: 'NoneType' object is not subscriptable

