2026-07-21 01:14:43,634 - INFO - Total time taken: {'ret': 0, 'msg': 'success', 'data': None}
2026-07-21 01:14:43,634 - INFO - 'NoneType' object is not subscriptable
2026-07-21 01:14:43,635 - INFO - Traceback (most recent call last):
  File "/home/runner/work/qqnews/qqnews/qq.py", line 128, in main
    for i in qq1["data"]["list"]:
             ~~~~~~~~~~~^^^^^^^^
TypeError: 'NoneType' object is not subscriptable

2026-07-21 04:53:45,509 - INFO - Total time taken: {'ret': 0, 'msg': 'success', 'data': None}
2026-07-21 04:53:45,509 - INFO - 'NoneType' object is not subscriptable
2026-07-21 04:53:45,509 - INFO - Traceback (most recent call last):
  File "/home/runner/work/qqnews/qqnews/qq.py", line 128, in main
    for i in qq1["data"]["list"]:
             ~~~~~~~~~~~^^^^^^^^
TypeError: 'NoneType' object is not subscriptable

2026-07-21 07:24:23,012 - INFO - Total time taken: {'ret': 0, 'msg': 'success', 'data': None}
2026-07-21 07:24:23,012 - INFO - 'NoneType' object is not subscriptable
2026-07-21 07:24:23,012 - INFO - Traceback (most recent call last):
  File "/home/runner/work/qqnews/qqnews/qq.py", line 128, in main
    for i in qq1["data"]["list"]:
             ~~~~~~~~~~~^^^^^^^^
TypeError: 'NoneType' object is not subscriptable

2026-07-21 10:09:45,171 - INFO - Total time taken: {'ret': 0, 'msg': 'success', 'data': None}
2026-07-21 10:09:45,171 - INFO - 'NoneType' object is not subscriptable
2026-07-21 10:09:45,171 - INFO - Traceback (most recent call last):
  File "/home/runner/work/qqnews/qqnews/qq.py", line 128, in main
    for i in qq1["data"]["list"]:
             ~~~~~~~~~~~^^^^^^^^
TypeError: 'NoneType' object is not subscriptable

2026-07-21 12:15:55,980 - INFO - Total time taken: {'ret': 0, 'msg': 'success', 'data': None}
2026-07-21 12:15:55,980 - INFO - 'NoneType' object is not subscriptable
2026-07-21 12:15:55,980 - INFO - Traceback (most recent call last):
  File "/home/runner/work/qqnews/qqnews/qq.py", line 128, in main
    for i in qq1["data"]["list"]:
             ~~~~~~~~~~~^^^^^^^^
TypeError: 'NoneType' object is not subscriptable

2026-07-21 14:51:23,030 - INFO - Total time taken: {'ret': 0, 'msg': 'success', 'data': None}
2026-07-21 14:51:23,030 - INFO - 'NoneType' object is not subscriptable
2026-07-21 14:51:23,031 - INFO - Traceback (most recent call last):
  File "/home/runner/work/qqnews/qqnews/qq.py", line 128, in main
    for i in qq1["data"]["list"]:
             ~~~~~~~~~~~^^^^^^^^
TypeError: 'NoneType' object is not subscriptable

2026-07-21 16:11:01,892 - INFO - Total time taken: {'ret': 0, 'msg': 'success', 'data': None}
2026-07-21 16:11:01,893 - INFO - 'NoneType' object is not subscriptable
2026-07-21 16:11:01,893 - INFO - Traceback (most recent call last):
  File "/home/runner/work/qqnews/qqnews/qq.py", line 128, in main
    for i in qq1["data"]["list"]:
             ~~~~~~~~~~~^^^^^^^^
TypeError: 'NoneType' object is not subscriptable

2026-07-21 18:04:51,956 - INFO - Total time taken: {'ret': 0, 'msg': 'success', 'data': None}
2026-07-21 18:04:51,957 - INFO - 'NoneType' object is not subscriptable
2026-07-21 18:04:51,957 - INFO - Traceback (most recent call last):
  File "/home/runner/work/qqnews/qqnews/qq.py", line 128, in main
    for i in qq1["data"]["list"]:
             ~~~~~~~~~~~^^^^^^^^
TypeError: 'NoneType' object is not subscriptable

2026-07-21 20:09:00,033 - INFO - Total time taken: {'ret': 0, 'msg': 'success', 'data': None}
2026-07-21 20:09:00,034 - INFO - 'NoneType' object is not subscriptable
2026-07-21 20:09:00,034 - INFO - Traceback (most recent call last):
  File "/home/runner/work/qqnews/qqnews/qq.py", line 128, in main
    for i in qq1["data"]["list"]:
             ~~~~~~~~~~~^^^^^^^^
TypeError: 'NoneType' object is not subscriptable

2026-07-21 21:49:50,992 - INFO - Total time taken: {'ret': 0, 'msg': 'success', 'data': None}
2026-07-21 21:49:50,992 - INFO - 'NoneType' object is not subscriptable
2026-07-21 21:49:50,993 - INFO - Traceback (most recent call last):
  File "/home/runner/work/qqnews/qqnews/qq.py", line 128, in main
    for i in qq1["data"]["list"]:
             ~~~~~~~~~~~^^^^^^^^
TypeError: 'NoneType' object is not subscriptable

2026-07-21 22:41:22,107 - INFO - Total time taken: {'ret': 0, 'msg': 'success', 'data': None}
2026-07-21 22:41:22,108 - INFO - 'NoneType' object is not subscriptable
2026-07-21 22:41:22,108 - INFO - Traceback (most recent call last):
  File "/home/runner/work/qqnews/qqnews/qq.py", line 128, in main
    for i in qq1["data"]["list"]:
             ~~~~~~~~~~~^^^^^^^^
TypeError: 'NoneType' object is not subscriptable

