2025-07-31 00:45:17,770 - INFO - Total time taken: {'ret': 0, 'msg': 'success', 'data': None}
2025-07-31 00:45:17,770 - INFO - 'NoneType' object is not subscriptable
2025-07-31 00:45:17,771 - INFO - Traceback (most recent call last):
  File "/home/runner/work/qqnews/qqnews/qq.py", line 128, in main
    for i in qq1["data"]["list"]:
             ~~~~~~~~~~~^^^^^^^^
TypeError: 'NoneType' object is not subscriptable

2025-07-31 02:53:57,585 - INFO - Total time taken: {'ret': 0, 'msg': 'success', 'data': None}
2025-07-31 02:53:57,585 - INFO - 'NoneType' object is not subscriptable
2025-07-31 02:53:57,585 - INFO - Traceback (most recent call last):
  File "/home/runner/work/qqnews/qqnews/qq.py", line 128, in main
    for i in qq1["data"]["list"]:
             ~~~~~~~~~~~^^^^^^^^
TypeError: 'NoneType' object is not subscriptable

2025-07-31 03:57:48,638 - INFO - Total time taken: {'ret': 0, 'msg': 'success', 'data': None}
2025-07-31 03:57:48,638 - INFO - 'NoneType' object is not subscriptable
2025-07-31 03:57:48,639 - INFO - Traceback (most recent call last):
  File "/home/runner/work/qqnews/qqnews/qq.py", line 128, in main
    for i in qq1["data"]["list"]:
             ~~~~~~~~~~~^^^^^^^^
TypeError: 'NoneType' object is not subscriptable

2025-07-31 04:35:28,940 - INFO - Total time taken: {'ret': 0, 'msg': 'success', 'data': None}
2025-07-31 04:35:28,941 - INFO - 'NoneType' object is not subscriptable
2025-07-31 04:35:28,941 - INFO - Traceback (most recent call last):
  File "/home/runner/work/qqnews/qqnews/qq.py", line 128, in main
    for i in qq1["data"]["list"]:
             ~~~~~~~~~~~^^^^^^^^
TypeError: 'NoneType' object is not subscriptable

2025-07-31 05:18:21,440 - INFO - Total time taken: {'ret': 0, 'msg': 'success', 'data': None}
2025-07-31 05:18:21,440 - INFO - 'NoneType' object is not subscriptable
2025-07-31 05:18:21,441 - INFO - Traceback (most recent call last):
  File "/home/runner/work/qqnews/qqnews/qq.py", line 128, in main
    for i in qq1["data"]["list"]:
             ~~~~~~~~~~~^^^^^^^^
TypeError: 'NoneType' object is not subscriptable

2025-07-31 06:15:04,934 - INFO - Total time taken: {'ret': 0, 'msg': 'success', 'data': None}
2025-07-31 06:15:04,934 - INFO - 'NoneType' object is not subscriptable
2025-07-31 06:15:04,934 - INFO - Traceback (most recent call last):
  File "/home/runner/work/qqnews/qqnews/qq.py", line 128, in main
    for i in qq1["data"]["list"]:
             ~~~~~~~~~~~^^^^^^^^
TypeError: 'NoneType' object is not subscriptable

2025-07-31 07:14:46,887 - INFO - Total time taken: {'ret': 0, 'msg': 'success', 'data': None}
2025-07-31 07:14:46,887 - INFO - 'NoneType' object is not subscriptable
2025-07-31 07:14:46,887 - INFO - Traceback (most recent call last):
  File "/home/runner/work/qqnews/qqnews/qq.py", line 128, in main
    for i in qq1["data"]["list"]:
             ~~~~~~~~~~~^^^^^^^^
TypeError: 'NoneType' object is not subscriptable

2025-07-31 08:14:20,046 - INFO - Total time taken: {'ret': 0, 'msg': 'success', 'data': None}
2025-07-31 08:14:20,046 - INFO - 'NoneType' object is not subscriptable
2025-07-31 08:14:20,047 - INFO - Traceback (most recent call last):
  File "/home/runner/work/qqnews/qqnews/qq.py", line 128, in main
    for i in qq1["data"]["list"]:
             ~~~~~~~~~~~^^^^^^^^
TypeError: 'NoneType' object is not subscriptable

2025-07-31 09:15:30,712 - INFO - Total time taken: {'ret': 0, 'msg': 'success', 'data': None}
2025-07-31 09:15:30,713 - INFO - 'NoneType' object is not subscriptable
2025-07-31 09:15:30,713 - INFO - Traceback (most recent call last):
  File "/home/runner/work/qqnews/qqnews/qq.py", line 128, in main
    for i in qq1["data"]["list"]:
             ~~~~~~~~~~~^^^^^^^^
TypeError: 'NoneType' object is not subscriptable

2025-07-31 10:10:31,743 - INFO - Total time taken: {'ret': 0, 'msg': 'success', 'data': None}
2025-07-31 10:10:31,743 - INFO - 'NoneType' object is not subscriptable
2025-07-31 10:10:31,743 - INFO - Traceback (most recent call last):
  File "/home/runner/work/qqnews/qqnews/qq.py", line 128, in main
    for i in qq1["data"]["list"]:
             ~~~~~~~~~~~^^^^^^^^
TypeError: 'NoneType' object is not subscriptable

2025-07-31 11:08:49,352 - INFO - Total time taken: {'ret': 0, 'msg': 'success', 'data': None}
2025-07-31 11:08:49,352 - INFO - 'NoneType' object is not subscriptable
2025-07-31 11:08:49,353 - INFO - Traceback (most recent call last):
  File "/home/runner/work/qqnews/qqnews/qq.py", line 128, in main
    for i in qq1["data"]["list"]:
             ~~~~~~~~~~~^^^^^^^^
TypeError: 'NoneType' object is not subscriptable

2025-07-31 12:15:56,108 - INFO - Total time taken: {'ret': 0, 'msg': 'success', 'data': None}
2025-07-31 12:15:56,108 - INFO - 'NoneType' object is not subscriptable
2025-07-31 12:15:56,109 - INFO - Traceback (most recent call last):
  File "/home/runner/work/qqnews/qqnews/qq.py", line 128, in main
    for i in qq1["data"]["list"]:
             ~~~~~~~~~~~^^^^^^^^
TypeError: 'NoneType' object is not subscriptable

2025-07-31 13:31:06,683 - INFO - Total time taken: {'ret': 0, 'msg': 'success', 'data': None}
2025-07-31 13:31:06,683 - INFO - 'NoneType' object is not subscriptable
2025-07-31 13:31:06,684 - INFO - Traceback (most recent call last):
  File "/home/runner/work/qqnews/qqnews/qq.py", line 128, in main
    for i in qq1["data"]["list"]:
             ~~~~~~~~~~~^^^^^^^^
TypeError: 'NoneType' object is not subscriptable

2025-07-31 14:12:07,209 - INFO - Total time taken: {'ret': 0, 'msg': 'success', 'data': None}
2025-07-31 14:12:07,210 - INFO - 'NoneType' object is not subscriptable
2025-07-31 14:12:07,210 - INFO - Traceback (most recent call last):
  File "/home/runner/work/qqnews/qqnews/qq.py", line 128, in main
    for i in qq1["data"]["list"]:
             ~~~~~~~~~~~^^^^^^^^
TypeError: 'NoneType' object is not subscriptable

2025-07-31 15:10:22,056 - INFO - Total time taken: {'ret': 0, 'msg': 'success', 'data': None}
2025-07-31 15:10:22,056 - INFO - 'NoneType' object is not subscriptable
2025-07-31 15:10:22,056 - INFO - Traceback (most recent call last):
  File "/home/runner/work/qqnews/qqnews/qq.py", line 128, in main
    for i in qq1["data"]["list"]:
             ~~~~~~~~~~~^^^^^^^^
TypeError: 'NoneType' object is not subscriptable

2025-07-31 16:11:55,822 - INFO - Total time taken: {'ret': 0, 'msg': 'success', 'data': None}
2025-07-31 16:11:55,822 - INFO - 'NoneType' object is not subscriptable
2025-07-31 16:11:55,822 - INFO - Traceback (most recent call last):
  File "/home/runner/work/qqnews/qqnews/qq.py", line 128, in main
    for i in qq1["data"]["list"]:
             ~~~~~~~~~~~^^^^^^^^
TypeError: 'NoneType' object is not subscriptable

2025-07-31 17:12:32,287 - INFO - Total time taken: {'ret': 0, 'msg': 'success', 'data': None}
2025-07-31 17:12:32,287 - INFO - 'NoneType' object is not subscriptable
2025-07-31 17:12:32,287 - INFO - Traceback (most recent call last):
  File "/home/runner/work/qqnews/qqnews/qq.py", line 128, in main
    for i in qq1["data"]["list"]:
             ~~~~~~~~~~~^^^^^^^^
TypeError: 'NoneType' object is not subscriptable

2025-07-31 18:13:30,725 - INFO - Total time taken: {'ret': 0, 'msg': 'success', 'data': None}
2025-07-31 18:13:30,725 - INFO - 'NoneType' object is not subscriptable
2025-07-31 18:13:30,726 - INFO - Traceback (most recent call last):
  File "/home/runner/work/qqnews/qqnews/qq.py", line 128, in main
    for i in qq1["data"]["list"]:
             ~~~~~~~~~~~^^^^^^^^
TypeError: 'NoneType' object is not subscriptable

2025-07-31 19:11:13,193 - INFO - Total time taken: {'ret': 0, 'msg': 'success', 'data': None}
2025-07-31 19:11:13,193 - INFO - 'NoneType' object is not subscriptable
2025-07-31 19:11:13,193 - INFO - Traceback (most recent call last):
  File "/home/runner/work/qqnews/qqnews/qq.py", line 128, in main
    for i in qq1["data"]["list"]:
             ~~~~~~~~~~~^^^^^^^^
TypeError: 'NoneType' object is not subscriptable

