2025-06-29 00:48:17,227 - INFO - Total time taken: {'ret': 0, 'msg': 'success', 'data': None}
2025-06-29 00:48:17,228 - INFO - 'NoneType' object is not subscriptable
2025-06-29 00:48:17,228 - INFO - Traceback (most recent call last):
  File "/home/runner/work/qqnews/qqnews/qq.py", line 128, in main
    for i in qq1["data"]["list"]:
             ~~~~~~~~~~~^^^^^^^^
TypeError: 'NoneType' object is not subscriptable

2025-06-29 02:51:40,680 - INFO - Total time taken: {'ret': 0, 'msg': 'success', 'data': None}
2025-06-29 02:51:40,680 - INFO - 'NoneType' object is not subscriptable
2025-06-29 02:51:40,681 - INFO - Traceback (most recent call last):
  File "/home/runner/work/qqnews/qqnews/qq.py", line 128, in main
    for i in qq1["data"]["list"]:
             ~~~~~~~~~~~^^^^^^^^
TypeError: 'NoneType' object is not subscriptable

2025-06-29 03:50:52,697 - INFO - Total time taken: {'ret': 0, 'msg': 'success', 'data': None}
2025-06-29 03:50:52,697 - INFO - 'NoneType' object is not subscriptable
2025-06-29 03:50:52,698 - INFO - Traceback (most recent call last):
  File "/home/runner/work/qqnews/qqnews/qq.py", line 128, in main
    for i in qq1["data"]["list"]:
             ~~~~~~~~~~~^^^^^^^^
TypeError: 'NoneType' object is not subscriptable

2025-06-29 04:25:27,293 - INFO - Total time taken: {'ret': 0, 'msg': 'success', 'data': None}
2025-06-29 04:25:27,293 - INFO - 'NoneType' object is not subscriptable
2025-06-29 04:25:27,294 - INFO - Traceback (most recent call last):
  File "/home/runner/work/qqnews/qqnews/qq.py", line 128, in main
    for i in qq1["data"]["list"]:
             ~~~~~~~~~~~^^^^^^^^
TypeError: 'NoneType' object is not subscriptable

2025-06-29 05:13:36,232 - INFO - Total time taken: {'ret': 0, 'msg': 'success', 'data': None}
2025-06-29 05:13:36,232 - INFO - 'NoneType' object is not subscriptable
2025-06-29 05:13:36,232 - INFO - Traceback (most recent call last):
  File "/home/runner/work/qqnews/qqnews/qq.py", line 128, in main
    for i in qq1["data"]["list"]:
             ~~~~~~~~~~~^^^^^^^^
TypeError: 'NoneType' object is not subscriptable

2025-06-29 06:11:57,798 - INFO - Total time taken: {'ret': 0, 'msg': 'success', 'data': None}
2025-06-29 06:11:57,798 - INFO - 'NoneType' object is not subscriptable
2025-06-29 06:11:57,799 - INFO - Traceback (most recent call last):
  File "/home/runner/work/qqnews/qqnews/qq.py", line 128, in main
    for i in qq1["data"]["list"]:
             ~~~~~~~~~~~^^^^^^^^
TypeError: 'NoneType' object is not subscriptable

2025-06-29 07:01:25,388 - INFO - Total time taken: {'ret': 0, 'msg': 'success', 'data': None}
2025-06-29 07:01:25,388 - INFO - 'NoneType' object is not subscriptable
2025-06-29 07:01:25,388 - INFO - Traceback (most recent call last):
  File "/home/runner/work/qqnews/qqnews/qq.py", line 128, in main
    for i in qq1["data"]["list"]:
             ~~~~~~~~~~~^^^^^^^^
TypeError: 'NoneType' object is not subscriptable

2025-06-29 08:10:49,175 - INFO - Total time taken: {'ret': 0, 'msg': 'success', 'data': None}
2025-06-29 08:10:49,175 - INFO - 'NoneType' object is not subscriptable
2025-06-29 08:10:49,175 - INFO - Traceback (most recent call last):
  File "/home/runner/work/qqnews/qqnews/qq.py", line 128, in main
    for i in qq1["data"]["list"]:
             ~~~~~~~~~~~^^^^^^^^
TypeError: 'NoneType' object is not subscriptable

