2026-01-27 00:48:37,427 - INFO - Total time taken: {'ret': 0, 'msg': 'success', 'data': None}
2026-01-27 00:48:37,428 - INFO - 'NoneType' object is not subscriptable
2026-01-27 00:48:37,428 - INFO - Traceback (most recent call last):
  File "/home/runner/work/qqnews/qqnews/qq.py", line 128, in main
    for i in qq1["data"]["list"]:
             ~~~~~~~~~~~^^^^^^^^
TypeError: 'NoneType' object is not subscriptable

2026-01-27 02:58:36,343 - INFO - Total time taken: {'ret': 0, 'msg': 'success', 'data': None}
2026-01-27 02:58:36,344 - INFO - 'NoneType' object is not subscriptable
2026-01-27 02:58:36,344 - INFO - Traceback (most recent call last):
  File "/home/runner/work/qqnews/qqnews/qq.py", line 128, in main
    for i in qq1["data"]["list"]:
             ~~~~~~~~~~~^^^^^^^^
TypeError: 'NoneType' object is not subscriptable

2026-01-27 04:04:48,394 - INFO - Total time taken: {'ret': 0, 'msg': 'success', 'data': None}
2026-01-27 04:04:48,395 - INFO - 'NoneType' object is not subscriptable
2026-01-27 04:04:48,395 - INFO - Traceback (most recent call last):
  File "/home/runner/work/qqnews/qqnews/qq.py", line 128, in main
    for i in qq1["data"]["list"]:
             ~~~~~~~~~~~^^^^^^^^
TypeError: 'NoneType' object is not subscriptable

2026-01-27 05:17:54,056 - INFO - Total time taken: {'ret': 0, 'msg': 'success', 'data': None}
2026-01-27 05:17:54,057 - INFO - 'NoneType' object is not subscriptable
2026-01-27 05:17:54,057 - INFO - Traceback (most recent call last):
  File "/home/runner/work/qqnews/qqnews/qq.py", line 128, in main
    for i in qq1["data"]["list"]:
             ~~~~~~~~~~~^^^^^^^^
TypeError: 'NoneType' object is not subscriptable

2026-01-27 06:17:12,698 - INFO - Total time taken: {'ret': 0, 'msg': 'success', 'data': None}
2026-01-27 06:17:12,698 - INFO - 'NoneType' object is not subscriptable
2026-01-27 06:17:12,698 - INFO - Traceback (most recent call last):
  File "/home/runner/work/qqnews/qqnews/qq.py", line 128, in main
    for i in qq1["data"]["list"]:
             ~~~~~~~~~~~^^^^^^^^
TypeError: 'NoneType' object is not subscriptable

2026-01-27 07:18:01,050 - INFO - Total time taken: {'ret': 0, 'msg': 'success', 'data': None}
2026-01-27 07:18:01,050 - INFO - 'NoneType' object is not subscriptable
2026-01-27 07:18:01,050 - INFO - Traceback (most recent call last):
  File "/home/runner/work/qqnews/qqnews/qq.py", line 128, in main
    for i in qq1["data"]["list"]:
             ~~~~~~~~~~~^^^^^^^^
TypeError: 'NoneType' object is not subscriptable

2026-01-27 08:15:34,594 - INFO - Total time taken: {'ret': 0, 'msg': 'success', 'data': None}
2026-01-27 08:15:34,595 - INFO - 'NoneType' object is not subscriptable
2026-01-27 08:15:34,595 - INFO - Traceback (most recent call last):
  File "/home/runner/work/qqnews/qqnews/qq.py", line 128, in main
    for i in qq1["data"]["list"]:
             ~~~~~~~~~~~^^^^^^^^
TypeError: 'NoneType' object is not subscriptable

2026-01-27 09:20:04,924 - INFO - Total time taken: {'ret': 0, 'msg': 'success', 'data': None}
2026-01-27 09:20:04,924 - INFO - 'NoneType' object is not subscriptable
2026-01-27 09:20:04,924 - INFO - Traceback (most recent call last):
  File "/home/runner/work/qqnews/qqnews/qq.py", line 128, in main
    for i in qq1["data"]["list"]:
             ~~~~~~~~~~~^^^^^^^^
TypeError: 'NoneType' object is not subscriptable

