2024-07-17 10:01:06,011 - INFO - EXPIRED
厦门一小饭馆给拉客司机5-20元回扣，被认定贿赂罚款100万？当地证实
https://new.qq.com/rain/a/20240716A052AC00

2024-07-17 10:01:06,011 - INFO - EXPIRED
56岁自驾游阿姨宣称将与丈夫签离婚协议：给他16万元，但我自由了
https://new.qq.com/rain/a/20240716A09VXJ00

2024-07-17 10:01:06,011 - INFO - EXPIRED
中国女生在日本海上漂流36小时：接受不了死亡，只有坚持找寻生的希望
https://new.qq.com/rain/a/20240716V0ADJ000

2024-07-17 10:01:06,011 - INFO - EXPIRED
困在有效直播时长里的主播：半年收入3725元，反被索赔100万
https://new.qq.com/rain/a/20240716A09JC600

2024-07-17 10:01:06,011 - INFO - EXPIRED
内蒙古一餐车6分钟变酒楼，店主：能容200多人用餐，展开后约200平米
https://new.qq.com/rain/a/20240716A08Y2Q00

2024-07-17 10:01:06,011 - INFO - EXPIRED
双双陷溴酸盐漩涡，农夫山泉和百岁山为何成了难兄难弟
https://new.qq.com/rain/a/20240716A0950000

2024-07-17 10:01:06,011 - INFO - EXPIRED
乌总统“邀请”俄参加和平峰会，克宫发言人佩斯科夫谨慎回应
https://new.qq.com/rain/a/20240716A09W7T00

2024-07-17 10:01:06,011 - INFO - EXPIRED
网友称15年前抢到了刘翔八分之一的裤子，刘翔回应：“八分之一你好”
https://new.qq.com/rain/a/20240716A0AESU00

2024-07-17 10:01:06,011 - INFO - EXPIRED
遭枪击的消防队员妻子拒绝拜登电话慰问：不想和他说话
https://new.qq.com/rain/a/20240716A0AE3000

2024-07-17 10:01:06,011 - INFO - EXPIRED
印尼羽协已决定不再对张志杰遗体负责，事件处理无任何结果
https://new.qq.com/rain/a/20240716A0AB2F00

2024-07-17 10:01:06,011 - INFO - EXPIRED
战胜斯诺克世锦赛亚军造大冷，业余选手曹金自己都不敢信
https://new.qq.com/rain/a/20240716A08XHH00

2024-07-17 10:01:06,011 - INFO - EXPIRED
全国降水榜前十有9个在河南，为什么河南雨水这么多？
https://view.inews.qq.com/a/20240716Q07QIK00

2024-07-17 10:01:06,011 - INFO - EXPIRED
男子称母亲花40元参加4天3晚旅游团，这种团多吗？不搞购物就经营不下去？
https://view.inews.qq.com/a/20240716Q0AFQ600

2024-07-17 10:01:06,011 - INFO - EXPIRED
农夫山泉称符合饮用水而非天然矿泉水标准，水有不同标准？哪个最安全？
https://view.inews.qq.com/a/20240716Q0A2EA00

2024-07-17 10:01:06,011 - INFO - EXPIRED
首批沙特ETF登陆沪深交易所，午后双双涨停，沙特ETF是优质投资标的吗？
https://view.inews.qq.com/a/20240716Q05YDW00

2024-07-17 10:01:06,011 - INFO - EXPIRED
及时清除“害群之马”！省纪委书记发文，3名“老虎”被点名
https://new.qq.com/rain/a/20240716A098XL00

2024-07-17 10:01:06,011 - INFO - EXPIRED
武汉一博主体验乘坐萝卜快跑：出发点不能上车，追了“一站路”才坐上
https://new.qq.com/rain/a/20240716V09T2M00

2024-07-17 10:01:06,011 - INFO - EXPIRED
拥有130万成员的工会“倒戈”特朗普？拜登保住白宫的几率正在下降
https://new.qq.com/rain/a/20240716A08RDA00

2024-07-17 10:01:06,011 - INFO - EXPIRED
月球巨坑中发现地下洞道：人类月球基地、太空采矿理想场所
https://new.qq.com/rain/a/20240716A09QE700

2024-07-17 10:01:06,011 - INFO - EXPIRED
因被怀疑往楼下扔垃圾，男子遭物业与社区人员拖出殴打？警方通报
https://new.qq.com/rain/a/20240716A0AITW00

2024-07-17 10:01:06,011 - INFO - EXPIRED
男子称母亲花40元参加4天3晚旅游团，桂林官方通报
https://new.qq.com/rain/a/20240716A09TJD00

2024-07-17 10:01:06,011 - INFO - EXPIRED
亚洲首富之子婚礼耗资44亿元，钱都花在哪了？怎么结个婚这么烧钱？
https://view.inews.qq.com/a/20240716Q0284800

2024-07-17 10:01:06,012 - INFO - EXPIRED
现货黄金站上2450美元 再创历史新高
https://new.qq.com/rain/a/20240716A0A9YZ00

2024-07-17 10:01:06,012 - INFO - EXPIRED
比尔·盖茨前妻谈成长、子女、婚姻：我没想到，年过半百时会离婚
https://new.qq.com/rain/a/20240716V09W2W00

2024-07-17 10:01:06,012 - INFO - EXPIRED
外媒：数十名欧洲议会议员要求剥夺匈牙利在欧盟投票权，匈牙利暂未回应
https://new.qq.com/rain/a/20240716A0A06O00

2024-07-17 10:01:06,012 - INFO - EXPIRED
出资5万获利近510万！一公职人员原始股受贿，获刑十年六个月
https://new.qq.com/rain/a/20240716A09W9K00

2024-07-17 10:01:06,012 - INFO - EXPIRED
鸡爪价格直逼牛肉，有网友表示“吃不起”
https://new.qq.com/rain/a/20240716A09Z6O00

2024-07-17 10:01:06,012 - INFO - EXPIRED
特朗普之变｜美民主党大本营集体“变心”？马斯克带头力挺，硅谷巨头为何纷纷转向
https://new.qq.com/rain/a/20240716A06X8V00

2024-07-17 10:01:06,012 - INFO - EXPIRED
无业男子宣称可低价买到周杰伦演唱会门票，诈骗百万获刑9年
https://new.qq.com/rain/a/20240716A08LU900

2024-07-17 10:01:06,012 - INFO - EXPIRED
沪深交易所：正就高频交易差异化收费方案进行研究论证 将坚持内外资一致的原则
https://new.qq.com/rain/a/20240716A09X4N00

2024-07-17 10:01:06,012 - INFO - EXPIRED
肯尼亚警方一天破获“垃圾场女尸案”，嫌犯2年内已残杀42名女性
https://new.qq.com/rain/a/20240716A08V3B00

2024-07-17 10:01:06,012 - INFO - EXPIRED
IMF：调高中国今年经济增速预期至5%，全球去通胀化速度放缓
https://new.qq.com/rain/a/20240716A09D2500

2024-07-17 10:01:06,012 - INFO - EXPIRED
男子因拒吃“毛鸡蛋”与同事大打出手，一人被拘留另一人获刑10个月
https://new.qq.com/rain/a/20240716A06BMR00

2024-07-17 10:01:06,012 - INFO - EXPIRED
韩媒：韩检察机关已向“第一夫人”发出告知书，要求其提交此前收受的名牌包
https://new.qq.com/rain/a/20240716A08WVC00

2024-07-17 10:01:06,012 - INFO - EXPIRED
美国军方大力发展无人作战系统，放言“15年内美军三分之一是机器人”
https://new.qq.com/rain/a/20240716A08SRP00

2024-07-17 10:01:06,012 - INFO - EXPIRED
西昌24岁女子在桥边下车后失联：手机被路人捡到 家属急寻！父亲称其事前无异常
https://new.qq.com/rain/a/20240716A0555H00

2024-07-17 10:01:06,797 - INFO - INVALID
中菲将建立元首直接沟通方式防止南海局面失控？外交部回应
https://new.qq.com/rain/a/20240717A05W1Y00

2024-07-17 10:01:06,821 - INFO - INVALID
宝马奥迪纷纷涨价退出价格战：经销商扛不住了，一年亏五六百万
https://new.qq.com/rain/a/20240717A07NUM00

2024-07-17 10:01:06,854 - INFO - INVALID
一对石狮被盗14年，陕西礼泉县发布百万悬赏，曾先后至少4次提高赏金
https://new.qq.com/rain/a/20240717A07DCN00

2024-07-17 10:01:06,866 - ERROR - ERROR
网传一男子在731部队罪证陈列馆穿太阳旗图案T恤，馆方：正在处理
https://new.qq.com/rain/a/20240717V0490C00
('list index out of range',)
======
Traceback (most recent call last):
  File "/home/runner/work/qqnews/qqnews/qq.py", line 81, in process_article
    ss = str(tmpbs.select("div.LEFT div.content.clearfix")[0])
             ~~~~~~~~~~~~~~~~~~~~~~~~~~~~~~~~~~~~~~~~~~~~~^^^
IndexError: list index out of range


2024-07-17 10:01:07,145 - ERROR - ERROR
特朗普C位落座共和党全国大会，为什么名记卡尔森和众议员唐纳兹也配坐他旁边？
https://view.inews.qq.com/a/20240717Q049IS00
('list index out of range',)
======
Traceback (most recent call last):
  File "/home/runner/work/qqnews/qqnews/qq.py", line 81, in process_article
    ss = str(tmpbs.select("div.LEFT div.content.clearfix")[0])
             ~~~~~~~~~~~~~~~~~~~~~~~~~~~~~~~~~~~~~~~~~~~~~^^^
IndexError: list index out of range


2024-07-17 10:01:07,232 - INFO - INVALID
被控受贿2.25亿余元 西藏自治区政协原副主席姜杰受审
https://new.qq.com/rain/a/20240717A06Y5O00

2024-07-17 10:01:07,279 - INFO - INVALID
电动自行车碾压摔倒的环卫工人后逃逸，内蒙包头警方发布通报
https://new.qq.com/rain/a/20240717A07H6M00

2024-07-17 10:01:07,373 - INFO - INVALID
网传李佳琦直播间卖假和田玉，涉事公司美腕回应
https://new.qq.com/rain/a/20240717A07JRJ00

2024-07-17 10:01:07,467 - ERROR - ERROR
“9.11和9.9谁大”难倒众多AI，为何小学数学题都答错？会出什么连锁错误？
https://view.inews.qq.com/a/20240717Q04K2M00
('list index out of range',)
======
Traceback (most recent call last):
  File "/home/runner/work/qqnews/qqnews/qq.py", line 81, in process_article
    ss = str(tmpbs.select("div.LEFT div.content.clearfix")[0])
             ~~~~~~~~~~~~~~~~~~~~~~~~~~~~~~~~~~~~~~~~~~~~~^^^
IndexError: list index out of range


2024-07-17 10:01:07,527 - ERROR - ERROR
海南一沙滩出现多块带钉子木板，派出所：正调查是否人为放置
https://new.qq.com/rain/a/20240717V03ZI000
('list index out of range',)
======
Traceback (most recent call last):
  File "/home/runner/work/qqnews/qqnews/qq.py", line 81, in process_article
    ss = str(tmpbs.select("div.LEFT div.content.clearfix")[0])
             ~~~~~~~~~~~~~~~~~~~~~~~~~~~~~~~~~~~~~~~~~~~~~^^^
IndexError: list index out of range


2024-07-17 10:01:07,636 - INFO - INVALID
销售女酒驾被查出艾滋病？山东郓城警方通报：三人编造谣言被拘留
https://new.qq.com/rain/a/20240717A00VQH00

2024-07-17 10:01:07,721 - INFO - INVALID
泰国曼谷6人被毒死案告破：嫌疑人先投毒再服毒自杀，作案动机为生意失败
https://new.qq.com/rain/a/20240717A05PH500

2024-07-17 10:01:07,783 - INFO - INVALID
美媒爆料：内塔尼亚胡一直努力修复与特朗普关系，“未遂刺杀”事件发生后“可能取得进展”
https://new.qq.com/rain/a/20240717A06ODL00

2024-07-17 10:01:07,796 - INFO - INVALID
外交部：中方决定暂停与美方商谈新一轮军控磋商
https://new.qq.com/rain/a/20240717A05VOT00

2024-07-17 10:01:07,870 - INFO - INVALID
特朗普称台湾方面应向美国支付“防务费用”，台积电股价应声大跌超2%
https://new.qq.com/rain/a/20240717A03IVZ00

2024-07-17 10:01:07,938 - INFO - INVALID
金正恩登艇巡视浅海养殖事业所建设用地
https://new.qq.com/rain/a/20240717A03R1N00

2024-07-17 10:01:08,076 - INFO - INVALID
办公室7个人天天为空调吵架，有人还因此辞职，网友坐不住了
https://new.qq.com/rain/a/20240717A011GW00

2024-07-17 10:01:08,135 - ERROR - ERROR
钟南山院士否认病重传闻：只是痛风和感染 目前恢复还不错
https://new.qq.com/rain/a/20240717V05Z3J00
('list index out of range',)
======
Traceback (most recent call last):
  File "/home/runner/work/qqnews/qqnews/qq.py", line 81, in process_article
    ss = str(tmpbs.select("div.LEFT div.content.clearfix")[0])
             ~~~~~~~~~~~~~~~~~~~~~~~~~~~~~~~~~~~~~~~~~~~~~^^^
IndexError: list index out of range


2024-07-17 10:01:08,198 - INFO - INVALID
7月19日，北部湾某海域有残骸掉落，禁止驶入
https://new.qq.com/rain/a/20240717A030JK00

2024-07-17 10:01:08,270 - INFO - INVALID
江西南昌楼房坍塌致1死，附近商家：住户早已搬离，但事发时楼内有人
https://new.qq.com/rain/a/20240717A061O900

2024-07-17 10:01:08,295 - INFO - INVALID
河北科技学院被曝录取通知书多处文字印刷歪斜，校方称已重发
https://new.qq.com/rain/a/20240717A045ON00

2024-07-17 10:01:08,517 - INFO - INVALID
A股收评：北证50指数大涨超7% 近百股涨超10%
https://new.qq.com/rain/a/20240717A05EE500

2024-07-17 10:01:08,617 - INFO - INVALID
公司“X”和“SpaceX”总部将迁往得州 加州州长纽森批马斯克：你跪了
https://new.qq.com/rain/a/20240717A03SCS00

2024-07-17 10:01:08,746 - INFO - INVALID
房贷利率高达5.25%，房子缩水90万后，存量房业主们拼命自救
https://new.qq.com/rain/a/20240717A03MZW00

2024-07-17 10:01:08,756 - INFO - INVALID
拜登称若医生发现他有重要健康问题将退出总统竞选
https://new.qq.com/rain/a/20240717A04FZ400

2024-07-17 10:01:08,838 - INFO - INVALID
“特朗普的80后副手，其实很佩服中国外交”
https://new.qq.com/rain/a/20240717A00U8R00

2024-07-17 10:01:08,871 - ERROR - ERROR
重庆数百小区博弈物业费，有的要求从4元降到1.9元，物业是个暴利行业吗？
https://view.inews.qq.com/a/20240717Q04N8S00
('list index out of range',)
======
Traceback (most recent call last):
  File "/home/runner/work/qqnews/qqnews/qq.py", line 81, in process_article
    ss = str(tmpbs.select("div.LEFT div.content.clearfix")[0])
             ~~~~~~~~~~~~~~~~~~~~~~~~~~~~~~~~~~~~~~~~~~~~~^^^
IndexError: list index out of range


2024-07-17 10:01:08,919 - ERROR - ERROR
沈阳一辆应急供水车发生事故：高架桥挡板掉落，一人不幸身亡
https://new.qq.com/rain/a/20240717V04CNE00
('list index out of range',)
======
Traceback (most recent call last):
  File "/home/runner/work/qqnews/qqnews/qq.py", line 81, in process_article
    ss = str(tmpbs.select("div.LEFT div.content.clearfix")[0])
             ~~~~~~~~~~~~~~~~~~~~~~~~~~~~~~~~~~~~~~~~~~~~~^^^
IndexError: list index out of range


2024-07-17 10:01:09,088 - INFO - INVALID
员工因迟到被扣工资20余万元，法院判决：公司应支付工资差额19万余元
https://new.qq.com/rain/a/20240717A01XN800

2024-07-17 10:01:09,098 - INFO - INVALID
上海一套499万元恐龙户型房引热议，网友：喜欢恐龙的有福了
https://new.qq.com/rain/a/20240717A03DI000

2024-07-17 10:01:09,414 - INFO - INVALID
苏州市委书记：努力为外籍人士提供更加便捷、舒适、安全的环境
https://new.qq.com/rain/a/20240717A042K600

2024-07-17 10:01:09,464 - INFO - INVALID
“天价”物业费该整整了？
https://new.qq.com/rain/a/20240717A042H600

2024-07-17 10:01:09,513 - ERROR - ERROR
环卫工人摔倒后被经过的电动车碾压 内蒙古包头警方通报：驾驶员已抓获
https://new.qq.com/rain/a/20240717V03QPD00
('list index out of range',)
======
Traceback (most recent call last):
  File "/home/runner/work/qqnews/qqnews/qq.py", line 81, in process_article
    ss = str(tmpbs.select("div.LEFT div.content.clearfix")[0])
             ~~~~~~~~~~~~~~~~~~~~~~~~~~~~~~~~~~~~~~~~~~~~~^^^
IndexError: list index out of range


2024-07-17 10:01:09,518 - ERROR - ERROR
乌总统“邀请”俄参加和平峰会，这是真心实意吗？为何网友都觉得是个坑？
https://view.inews.qq.com/a/20240717Q02MRI00
('list index out of range',)
======
Traceback (most recent call last):
  File "/home/runner/work/qqnews/qqnews/qq.py", line 81, in process_article
    ss = str(tmpbs.select("div.LEFT div.content.clearfix")[0])
             ~~~~~~~~~~~~~~~~~~~~~~~~~~~~~~~~~~~~~~~~~~~~~^^^
IndexError: list index out of range


2024-07-17 10:01:09,656 - ERROR - ERROR
使馆提醒中国公民不能开中国牌照车辆赴蒙古旅游，蒙古牌照车辆能来华吗？
https://view.inews.qq.com/a/20240717Q03OWV00
('list index out of range',)
======
Traceback (most recent call last):
  File "/home/runner/work/qqnews/qqnews/qq.py", line 81, in process_article
    ss = str(tmpbs.select("div.LEFT div.content.clearfix")[0])
             ~~~~~~~~~~~~~~~~~~~~~~~~~~~~~~~~~~~~~~~~~~~~~^^^
IndexError: list index out of range


2024-07-17 10:01:09,802 - INFO - INVALID
美联邦参议员梅嫩德斯被判所有指控成立，包括受贿、充当外国代理人等
https://new.qq.com/rain/a/20240717A00FFE00

2024-07-17 10:01:09,835 - INFO - INVALID
江西南昌一居民楼坍塌，有人员被困，当地：正在处理
https://new.qq.com/rain/a/20240717A03M6H00

2024-07-17 10:01:09,968 - INFO - INVALID
黑龙江警方破获一起特大抢劫杀人案，23年前2人抢劫杀害出租车司机
https://new.qq.com/rain/a/20240717A00WN000

2024-07-17 10:01:10,114 - INFO - INVALID
“霉霉”会来魔都吗？事关国际顶级商演，上海市政府参事建议
https://new.qq.com/rain/a/20240717A036TH00

2024-07-17 10:01:10,149 - INFO - INVALID
官方回应小升初家长查成绩付费争议：为系统故障，已经退费
https://new.qq.com/rain/a/20240717A0106400

2024-07-17 10:01:10,222 - INFO - INVALID
泰国酒店6名外国人疑遭毒杀：饮品被动过、行李已打包 第七人下落不明
https://new.qq.com/rain/a/20240717A02FGX00

2024-07-17 10:01:10,275 - ERROR - ERROR
特朗普私下谈遭枪击感受：子弹像只大蚊子，拜登很诧异我躲开了
https://new.qq.com/rain/a/20240717V00YOA00
('list index out of range',)
======
Traceback (most recent call last):
  File "/home/runner/work/qqnews/qqnews/qq.py", line 81, in process_article
    ss = str(tmpbs.select("div.LEFT div.content.clearfix")[0])
             ~~~~~~~~~~~~~~~~~~~~~~~~~~~~~~~~~~~~~~~~~~~~~^^^
IndexError: list index out of range


2024-07-17 10:01:10,293 - ERROR - ERROR
三甲医院上千病人被医托“拐”走，为何他们相信所谓“病友”？如何识别？
https://view.inews.qq.com/a/20240717Q02CQI00
('list index out of range',)
======
Traceback (most recent call last):
  File "/home/runner/work/qqnews/qqnews/qq.py", line 81, in process_article
    ss = str(tmpbs.select("div.LEFT div.content.clearfix")[0])
             ~~~~~~~~~~~~~~~~~~~~~~~~~~~~~~~~~~~~~~~~~~~~~^^^
IndexError: list index out of range


2024-07-17 10:01:10,469 - INFO - INVALID
59票赞同、48票反对，岛内蓝白联手，废除台湾民众“赴陆禁团令”
https://new.qq.com/rain/a/20240717A00P0B00

2024-07-17 10:01:10,575 - INFO - INVALID
国家统计局发布6月份分年龄组失业率：16-24岁劳动力失业率为13.2%
https://new.qq.com/rain/a/20240717A030AR00

2024-07-17 10:01:10,613 - INFO - INVALID
吉林省规范导游讲解词：着力解决戏说历史等问题，涉及神话应严谨考证
https://new.qq.com/rain/a/20240717A03L7T00

2024-07-17 10:01:10,622 - INFO - INVALID
湖南一地路边竖立“强奸幼女罪加一等”宣传标牌，官方：配合利剑行动
https://new.qq.com/rain/a/20240717A02O0G00

2024-07-17 10:01:10,797 - ERROR - ERROR
重伤住进ICU，爱马去世，95后女骑手历经生死，用热爱抵万难
https://new.qq.com/rain/a/20240717V018GW00
('list index out of range',)
======
Traceback (most recent call last):
  File "/home/runner/work/qqnews/qqnews/qq.py", line 81, in process_article
    ss = str(tmpbs.select("div.LEFT div.content.clearfix")[0])
             ~~~~~~~~~~~~~~~~~~~~~~~~~~~~~~~~~~~~~~~~~~~~~^^^
IndexError: list index out of range


2024-07-17 10:01:10,889 - ERROR - ERROR
黄金已经站上自有人类交易纪录以来最高价，我现在囤一点还来得及吗？
https://view.inews.qq.com/a/20240717Q012BM00
('list index out of range',)
======
Traceback (most recent call last):
  File "/home/runner/work/qqnews/qqnews/qq.py", line 81, in process_article
    ss = str(tmpbs.select("div.LEFT div.content.clearfix")[0])
             ~~~~~~~~~~~~~~~~~~~~~~~~~~~~~~~~~~~~~~~~~~~~~^^^
IndexError: list index out of range


2024-07-17 10:01:10,955 - INFO - INVALID
海南五指山允许大学生凭学生证买房，住建局：必须登记在学生名下
https://new.qq.com/rain/a/20240717A02DHJ00

2024-07-17 10:01:10,999 - INFO - INVALID
特朗普爆料其经济施政计划：减税低息、支持TikTok和加密货币
https://new.qq.com/rain/a/20240717A01GER00

2024-07-17 10:01:11,084 - INFO - INVALID
一夜之间黄金价格再创新高，上周末有人一次下单近20万元金条
https://new.qq.com/rain/a/20240717A00XNA00

2024-07-17 10:01:11,262 - INFO - INVALID
公开怒怼美加州州长 马斯克宣布公司“SpaceX”和“X”总部全都要搬走
https://new.qq.com/rain/a/20240717A00HVP00

2024-07-17 10:01:11,269 - INFO - INVALID
“挂号不就诊”，三甲医院1800多名病人去哪儿了
https://new.qq.com/rain/a/20240717A00PYO00

2024-07-17 10:01:11,406 - INFO - INVALID
斥资8355万元，郑州“95后”小伙拿下这家上市公司控股权
https://new.qq.com/rain/a/20240717A007F600

2024-07-17 10:01:11,417 - INFO - INVALID
1600多家村镇银行合并重组加速，“村改分支”是唯一选项吗
https://new.qq.com/rain/a/20240717A00DN400

2024-07-17 10:01:11,453 - ERROR - ERROR
泰国曼谷酒店6名死者疑死于氰化物中毒，普通人有可能接触到氰化物吗？
https://view.inews.qq.com/a/20240717Q0005M00
('list index out of range',)
======
Traceback (most recent call last):
  File "/home/runner/work/qqnews/qqnews/qq.py", line 81, in process_article
    ss = str(tmpbs.select("div.LEFT div.content.clearfix")[0])
             ~~~~~~~~~~~~~~~~~~~~~~~~~~~~~~~~~~~~~~~~~~~~~^^^
IndexError: list index out of range


2024-07-17 10:01:11,586 - INFO - INVALID
中方：北约热衷于到处拱火浇油，在乌克兰问题上向域外国家甩锅推责
https://new.qq.com/rain/a/20240717A00Y0U00

2024-07-17 10:01:11,648 - INFO - INVALID
伊朗外交部：伊方拒绝关于与特朗普未遂刺杀有关的指控
https://new.qq.com/rain/a/20240717A00TOQ00

2024-07-17 10:01:11,780 - INFO - INVALID
6名越南公民曼谷酒店死亡，警方初测为谋杀：无搏斗迹象，房间被反锁
https://new.qq.com/rain/a/20240717A00OH700

2024-07-17 10:01:11,808 - INFO - INVALID
美警方在共和党全国代表大会场地附近开枪打死一持刀男子
https://new.qq.com/rain/a/20240717A00HA500

2024-07-17 10:01:11,846 - INFO - INVALID
法国总统马克龙接受总理阿塔尔辞呈 后者将继续履职至新政府组建
https://new.qq.com/rain/a/20240717A00FBP00

2024-07-17 10:01:11,902 - INFO - INVALID
美股收盘：道指拉出近一年最强势阳线 携标普500指数再创新高
https://new.qq.com/rain/a/20240717A00OMQ00

2024-07-17 10:01:11,991 - INFO - INVALID
委内瑞拉军方击落一架进入委领空飞机：飞行员当场死亡，涉嫌非法贩毒
https://new.qq.com/rain/a/20240717A00FBR00

