2026-05-06 01:20:38,105 - INFO - Total time taken: {'ret': 0, 'msg': 'success', 'data': None}
2026-05-06 01:20:38,105 - INFO - 'NoneType' object is not subscriptable
2026-05-06 01:20:38,106 - INFO - Traceback (most recent call last):
  File "/home/runner/work/qqnews/qqnews/qq.py", line 128, in main
    for i in qq1["data"]["list"]:
             ~~~~~~~~~~~^^^^^^^^
TypeError: 'NoneType' object is not subscriptable

2026-05-06 05:15:26,963 - INFO - Total time taken: {'ret': 0, 'msg': 'success', 'data': None}
2026-05-06 05:15:26,963 - INFO - 'NoneType' object is not subscriptable
2026-05-06 05:15:26,963 - INFO - Traceback (most recent call last):
  File "/home/runner/work/qqnews/qqnews/qq.py", line 128, in main
    for i in qq1["data"]["list"]:
             ~~~~~~~~~~~^^^^^^^^
TypeError: 'NoneType' object is not subscriptable

2026-05-06 08:00:14,972 - INFO - Total time taken: {'ret': 0, 'msg': 'success', 'data': None}
2026-05-06 08:00:14,972 - INFO - 'NoneType' object is not subscriptable
2026-05-06 08:00:14,972 - INFO - Traceback (most recent call last):
  File "/home/runner/work/qqnews/qqnews/qq.py", line 128, in main
    for i in qq1["data"]["list"]:
             ~~~~~~~~~~~^^^^^^^^
TypeError: 'NoneType' object is not subscriptable

2026-05-06 10:15:04,873 - INFO - Total time taken: {'ret': 0, 'msg': 'success', 'data': None}
2026-05-06 10:15:04,873 - INFO - 'NoneType' object is not subscriptable
2026-05-06 10:15:04,873 - INFO - Traceback (most recent call last):
  File "/home/runner/work/qqnews/qqnews/qq.py", line 128, in main
    for i in qq1["data"]["list"]:
             ~~~~~~~~~~~^^^^^^^^
TypeError: 'NoneType' object is not subscriptable

2026-05-06 12:20:38,718 - INFO - Total time taken: {'ret': 0, 'msg': 'success', 'data': None}
2026-05-06 12:20:38,719 - INFO - 'NoneType' object is not subscriptable
2026-05-06 12:20:38,719 - INFO - Traceback (most recent call last):
  File "/home/runner/work/qqnews/qqnews/qq.py", line 128, in main
    for i in qq1["data"]["list"]:
             ~~~~~~~~~~~^^^^^^^^
TypeError: 'NoneType' object is not subscriptable

2026-05-06 15:16:22,925 - INFO - Total time taken: {'ret': 0, 'msg': 'success', 'data': None}
2026-05-06 15:16:22,926 - INFO - 'NoneType' object is not subscriptable
2026-05-06 15:16:22,926 - INFO - Traceback (most recent call last):
  File "/home/runner/work/qqnews/qqnews/qq.py", line 128, in main
    for i in qq1["data"]["list"]:
             ~~~~~~~~~~~^^^^^^^^
TypeError: 'NoneType' object is not subscriptable

2026-05-06 17:17:57,589 - INFO - Total time taken: {'ret': 0, 'msg': 'success', 'data': None}
2026-05-06 17:17:57,590 - INFO - 'NoneType' object is not subscriptable
2026-05-06 17:17:57,590 - INFO - Traceback (most recent call last):
  File "/home/runner/work/qqnews/qqnews/qq.py", line 128, in main
    for i in qq1["data"]["list"]:
             ~~~~~~~~~~~^^^^^^^^
TypeError: 'NoneType' object is not subscriptable

2026-05-06 19:15:34,116 - INFO - Total time taken: {'ret': 0, 'msg': 'success', 'data': None}
2026-05-06 19:15:34,116 - INFO - 'NoneType' object is not subscriptable
2026-05-06 19:15:34,116 - INFO - Traceback (most recent call last):
  File "/home/runner/work/qqnews/qqnews/qq.py", line 128, in main
    for i in qq1["data"]["list"]:
             ~~~~~~~~~~~^^^^^^^^
TypeError: 'NoneType' object is not subscriptable

