2026-05-10 01:28:06,293 - INFO - Total time taken: {'ret': 0, 'msg': 'success', 'data': None}
2026-05-10 01:28:06,293 - INFO - 'NoneType' object is not subscriptable
2026-05-10 01:28:06,294 - INFO - Traceback (most recent call last):
  File "/home/runner/work/qqnews/qqnews/qq.py", line 128, in main
    for i in qq1["data"]["list"]:
             ~~~~~~~~~~~^^^^^^^^
TypeError: 'NoneType' object is not subscriptable

2026-05-10 05:23:54,495 - INFO - Total time taken: {'ret': 0, 'msg': 'success', 'data': None}
2026-05-10 05:23:54,495 - INFO - 'NoneType' object is not subscriptable
2026-05-10 05:23:54,495 - INFO - Traceback (most recent call last):
  File "/home/runner/work/qqnews/qqnews/qq.py", line 128, in main
    for i in qq1["data"]["list"]:
             ~~~~~~~~~~~^^^^^^^^
TypeError: 'NoneType' object is not subscriptable

2026-05-10 07:50:08,035 - INFO - Total time taken: {'ret': 0, 'msg': 'success', 'data': None}
2026-05-10 07:50:08,035 - INFO - 'NoneType' object is not subscriptable
2026-05-10 07:50:08,036 - INFO - Traceback (most recent call last):
  File "/home/runner/work/qqnews/qqnews/qq.py", line 128, in main
    for i in qq1["data"]["list"]:
             ~~~~~~~~~~~^^^^^^^^
TypeError: 'NoneType' object is not subscriptable

2026-05-10 09:18:01,997 - INFO - Total time taken: {'ret': 0, 'msg': 'success', 'data': None}
2026-05-10 09:18:01,997 - INFO - 'NoneType' object is not subscriptable
2026-05-10 09:18:01,998 - INFO - Traceback (most recent call last):
  File "/home/runner/work/qqnews/qqnews/qq.py", line 128, in main
    for i in qq1["data"]["list"]:
             ~~~~~~~~~~~^^^^^^^^
TypeError: 'NoneType' object is not subscriptable

2026-05-10 10:50:41,372 - INFO - Total time taken: {'ret': 0, 'msg': 'success', 'data': None}
2026-05-10 10:50:41,372 - INFO - 'NoneType' object is not subscriptable
2026-05-10 10:50:41,372 - INFO - Traceback (most recent call last):
  File "/home/runner/work/qqnews/qqnews/qq.py", line 128, in main
    for i in qq1["data"]["list"]:
             ~~~~~~~~~~~^^^^^^^^
TypeError: 'NoneType' object is not subscriptable

2026-05-10 11:38:32,175 - INFO - Total time taken: {'ret': 0, 'msg': 'success', 'data': None}
2026-05-10 11:38:32,175 - INFO - 'NoneType' object is not subscriptable
2026-05-10 11:38:32,176 - INFO - Traceback (most recent call last):
  File "/home/runner/work/qqnews/qqnews/qq.py", line 128, in main
    for i in qq1["data"]["list"]:
             ~~~~~~~~~~~^^^^^^^^
TypeError: 'NoneType' object is not subscriptable

2026-05-10 12:44:42,198 - INFO - Total time taken: {'ret': 0, 'msg': 'success', 'data': None}
2026-05-10 12:44:42,198 - INFO - 'NoneType' object is not subscriptable
2026-05-10 12:44:42,198 - INFO - Traceback (most recent call last):
  File "/home/runner/work/qqnews/qqnews/qq.py", line 128, in main
    for i in qq1["data"]["list"]:
             ~~~~~~~~~~~^^^^^^^^
TypeError: 'NoneType' object is not subscriptable

2026-05-10 14:13:31,800 - INFO - Total time taken: {'ret': 0, 'msg': 'success', 'data': None}
2026-05-10 14:13:31,800 - INFO - 'NoneType' object is not subscriptable
2026-05-10 14:13:31,800 - INFO - Traceback (most recent call last):
  File "/home/runner/work/qqnews/qqnews/qq.py", line 128, in main
    for i in qq1["data"]["list"]:
             ~~~~~~~~~~~^^^^^^^^
TypeError: 'NoneType' object is not subscriptable

2026-05-10 15:39:50,154 - INFO - Total time taken: {'ret': 0, 'msg': 'success', 'data': None}
2026-05-10 15:39:50,154 - INFO - 'NoneType' object is not subscriptable
2026-05-10 15:39:50,155 - INFO - Traceback (most recent call last):
  File "/home/runner/work/qqnews/qqnews/qq.py", line 128, in main
    for i in qq1["data"]["list"]:
             ~~~~~~~~~~~^^^^^^^^
TypeError: 'NoneType' object is not subscriptable

2026-05-10 16:38:32,197 - INFO - Total time taken: {'ret': 0, 'msg': 'success', 'data': None}
2026-05-10 16:38:32,198 - INFO - 'NoneType' object is not subscriptable
2026-05-10 16:38:32,198 - INFO - Traceback (most recent call last):
  File "/home/runner/work/qqnews/qqnews/qq.py", line 128, in main
    for i in qq1["data"]["list"]:
             ~~~~~~~~~~~^^^^^^^^
TypeError: 'NoneType' object is not subscriptable

