2025-12-05 00:42:58,269 - INFO - Total time taken: {'ret': 0, 'msg': 'success', 'data': None}
2025-12-05 00:42:58,269 - INFO - 'NoneType' object is not subscriptable
2025-12-05 00:42:58,269 - INFO - Traceback (most recent call last):
  File "/home/runner/work/qqnews/qqnews/qq.py", line 128, in main
    for i in qq1["data"]["list"]:
             ~~~~~~~~~~~^^^^^^^^
TypeError: 'NoneType' object is not subscriptable

2025-12-05 02:29:21,290 - INFO - Total time taken: {'ret': 0, 'msg': 'success', 'data': None}
2025-12-05 02:29:21,290 - INFO - 'NoneType' object is not subscriptable
2025-12-05 02:29:21,290 - INFO - Traceback (most recent call last):
  File "/home/runner/work/qqnews/qqnews/qq.py", line 128, in main
    for i in qq1["data"]["list"]:
             ~~~~~~~~~~~^^^^^^^^
TypeError: 'NoneType' object is not subscriptable

2025-12-05 03:44:09,085 - INFO - Total time taken: {'ret': 0, 'msg': 'success', 'data': None}
2025-12-05 03:44:09,086 - INFO - 'NoneType' object is not subscriptable
2025-12-05 03:44:09,086 - INFO - Traceback (most recent call last):
  File "/home/runner/work/qqnews/qqnews/qq.py", line 128, in main
    for i in qq1["data"]["list"]:
             ~~~~~~~~~~~^^^^^^^^
TypeError: 'NoneType' object is not subscriptable

