2025-05-04 00:44:24,225 - INFO - EXPIRED
“于东来与网红互怼”最新进展，抖音：限制“柴怼怼”账号投稿权限一个月
https://new.qq.com/rain/a/20250503A06IGS00

2025-05-04 00:44:24,225 - INFO - EXPIRED
美国糊弄人，日本拆台：对汽车征税，不可接受
https://new.qq.com/rain/a/20250503A04PO500

2025-05-04 00:44:24,225 - INFO - EXPIRED
2004年来首次，澳大利亚现任总理成功连任，反对党领袖连议席都丢了
https://new.qq.com/rain/a/20250503A06J4J00

2025-05-04 00:44:24,225 - INFO - EXPIRED
小米SU7 Ultra测试限制1500匹马力，需跑指定赛道解锁，这合理吗？
https://view.inews.qq.com/a/20250502Q06T1J00

2025-05-04 00:44:24,225 - INFO - EXPIRED
泽连斯基：特朗普变了
https://new.qq.com/rain/a/20250503A06POU00

2025-05-04 00:44:24,225 - INFO - EXPIRED
“60多名学生组团退裙”后，曾在学校账号出镜的前运营者称遭网暴
https://new.qq.com/rain/a/20250503A06HT600

2025-05-04 00:44:24,225 - INFO - EXPIRED
日本民用飞机侵闯我钓鱼岛领空，中方向日方提出严正交涉
https://new.qq.com/rain/a/20250503A06NHX00

2025-05-04 00:44:24,225 - INFO - EXPIRED
女孩输头孢过敏后身亡，现在输液前还需要做皮试吗？如何判断过敏？
https://view.inews.qq.com/a/20250503Q068CZ00

2025-05-04 00:44:24,225 - INFO - EXPIRED
泽连斯基称“无法确保出席俄阅兵式的各国领导人安全”，俄方回击
https://new.qq.com/rain/a/20250503A06L3T00

2025-05-04 00:44:24,225 - INFO - EXPIRED
女孩输头孢过敏，输液室呼救无医护响应，自行拔针仍不幸身亡
https://new.qq.com/rain/a/20250503A0625V00

2025-05-04 00:44:24,225 - INFO - EXPIRED
武契奇最新身体状况公布
https://new.qq.com/rain/a/20250503A06QJF00

2025-05-04 00:44:24,225 - INFO - EXPIRED
“杀疯了！”中国玩具产业为什么不惧美国关税大棒
https://new.qq.com/rain/a/20250503A06A1S00

2025-05-04 00:44:24,225 - INFO - EXPIRED
新加坡国会选举投票抽样结果公布 执政党已获超半数议席
https://new.qq.com/rain/a/20250503A06MVJ00

2025-05-04 00:44:24,225 - INFO - EXPIRED
网友参加“科考旅行团”花光积蓄，什么是“科考旅行团”？水有多深？
https://view.inews.qq.com/a/20250503Q06AZA00

2025-05-04 00:44:24,225 - INFO - EXPIRED
美国警方：爱达荷州交通事故致7人死亡 8名伤者预计无生命危险
https://new.qq.com/rain/a/20250503A06K7800

2025-05-04 00:44:24,225 - INFO - EXPIRED
重庆一男子点燃摩托欲寻衅滋事，目击者：保安、城管及群众合力制止他
https://new.qq.com/rain/a/20250503A061FE00

2025-05-04 00:44:24,225 - INFO - EXPIRED
首次组建，中央安全生产考核巡查组开展明察暗访
https://new.qq.com/rain/a/20250503A06CYR00

2025-05-04 00:44:24,225 - INFO - EXPIRED
独家丨台湾金融专家：大陆实力越来越强，特朗普越来越慌
https://new.qq.com/rain/a/20250503A064V100

2025-05-04 00:44:24,225 - INFO - EXPIRED
浙江医生举报3岁男童疑遭生父虐待，妇联：已跟爷爷奶奶回家
https://new.qq.com/rain/a/20250503A03LSW00

2025-05-04 00:44:24,225 - INFO - EXPIRED
美媒：48%中国小包裹流向美国贫困地区，低收入家庭将遭重创
https://new.qq.com/rain/a/20250503A06CSN00

2025-05-04 00:44:24,225 - INFO - EXPIRED
美国和德国吵起来了
https://new.qq.com/rain/a/20250503A05A6N00

2025-05-04 00:44:24,225 - INFO - EXPIRED
家长怎么判断孩子被霸凌？孩子总是独来独往、讨厌上学，他可能被“隐形霸凌”了吗？
https://view.inews.qq.com/a/20250503Q055AS00

2025-05-04 00:44:24,225 - INFO - EXPIRED
美国科学家：终于从中国借到了月壤，但NASA不会资助研究
https://new.qq.com/rain/a/20250503A05P8O00

2025-05-04 00:44:24,225 - INFO - EXPIRED
美国黄石公园车祸致中国公民5死8伤 目击者：皮卡疑超车 大巴面目全非
https://new.qq.com/rain/a/20250503A0560P00

2025-05-04 00:44:24,225 - INFO - EXPIRED
特朗普把自己P成教皇，西方人和媒体怎么看待？会引发对他的抵制吗？
https://view.inews.qq.com/a/20250503Q0597K00

2025-05-04 00:44:24,225 - INFO - EXPIRED
中虎跳峡封闭后有游客逆爬天梯去“发呆石”打卡？景区：有专人值守会加强管理
https://new.qq.com/rain/a/20250503A04GUW00

2025-05-04 00:44:24,225 - INFO - EXPIRED
四川汶川发生山体滑坡巨石滚至公路，越野车与死神相隔2秒擦肩而过
https://new.qq.com/rain/a/20250503A05K0R00

2025-05-04 00:44:24,225 - INFO - EXPIRED
陕西柞水县漂流船翻扣有游客受伤，亲历者：下巴伤口已缝针，水下石头差点割到喉咙
https://new.qq.com/rain/a/20250503A05IUP00

2025-05-04 00:44:24,225 - INFO - EXPIRED
中国海警局新闻发言人就日民用飞机侵闯我钓鱼岛领空发表谈话
https://new.qq.com/rain/a/20250503A05QGC00

2025-05-04 00:44:24,225 - INFO - EXPIRED
澳大利亚执政党工党在本次联邦选举中获胜
https://new.qq.com/rain/a/20250503A05O9500

2025-05-04 00:44:24,225 - INFO - EXPIRED
加州州长：我们不是美国，对中国伸出开放之手
https://new.qq.com/rain/a/20250503A04I8B00

2025-05-04 00:44:24,225 - INFO - EXPIRED
预付式消费新规正式施行，店家“卷款跑路”情况能缓解吗？
https://view.inews.qq.com/a/20250503Q00UFJ00

2025-05-04 00:44:24,225 - INFO - EXPIRED
浙江“胖都来”开业，多位明星发视频祝贺，胖东来：已邮寄律师函
https://new.qq.com/rain/a/20250502A069ET00

2025-05-04 00:44:24,225 - INFO - EXPIRED
突感身体不适，武契奇中断访美行程
https://new.qq.com/rain/a/20250503A05UX100

2025-05-04 00:44:24,225 - INFO - EXPIRED
重庆警方通报：一男子点燃自驾摩托车欲寻衅滋事被控制，2名群众受伤
https://new.qq.com/rain/a/20250503A04RCL00

2025-05-04 00:44:24,225 - INFO - EXPIRED
太原飞三亚航班挂出7700紧急代码！首都航空：巡航阶段出现机械故障，已安全备降
https://new.qq.com/rain/a/20250503A052XU00

2025-05-04 00:44:24,225 - INFO - EXPIRED
于东来与网红互怼后账号设为私密，曾称对方若不受处罚会关闭胖东来
https://new.qq.com/rain/a/20250503A04N8A00

2025-05-04 00:44:24,225 - INFO - EXPIRED
美乌矿产协议终签署，还有一个资源大国也想仿效
https://new.qq.com/rain/a/20250503A04PK200

2025-05-04 00:44:24,225 - INFO - EXPIRED
第一批参加科考旅行的中产，已经返贫了
https://new.qq.com/rain/a/20250503A024G900

2025-05-04 00:44:24,225 - INFO - EXPIRED
美黄石公园附近发生重大车祸，致中国公民5死8伤 收治医院之一：已有三人出院
https://new.qq.com/rain/a/20250503A04PF200

2025-05-04 00:44:24,225 - INFO - EXPIRED
马哈蒂尔：美帝国走向末路，拦不住中国
https://new.qq.com/rain/a/20250503A0489100

2025-05-04 00:44:24,225 - INFO - EXPIRED
董明珠：真想不通！有的人一有点小钱就天天搞小三小四，还有精力搞好企业才怪
https://new.qq.com/rain/a/20250503V025HK00

2025-05-04 00:44:24,225 - INFO - EXPIRED
最后一批中国商品免关税货船本周入美
https://new.qq.com/rain/a/20250503A03WB500

2025-05-04 00:44:24,225 - INFO - EXPIRED
5名中国公民在美国交通事故中遇难
https://new.qq.com/rain/a/20250503A03HSK00

2025-05-04 00:44:24,226 - INFO - EXPIRED
72岁云南省政协原秘书长车志敏被查 曾任珠宝玉石协会名誉会长等社会职务
https://new.qq.com/rain/a/20250503A0401C00

2025-05-04 00:44:24,226 - INFO - EXPIRED
美政府“无人可用”？国务卿身兼四职，或再接防长 专家：矬子里拔将军
https://new.qq.com/rain/a/20250503A03YMU00

2025-05-04 00:44:24,226 - INFO - EXPIRED
接连收到“谋划袭击”情报，李在明方面宣布：加强安保，减少与公众接触
https://new.qq.com/rain/a/20250503A03WGE00

2025-05-04 00:44:24,226 - INFO - EXPIRED
特朗普：我把自己P成了教皇
https://new.qq.com/rain/a/20250503A043M300

2025-05-04 00:44:24,226 - INFO - EXPIRED
一年超12万人流失！光伏巨头们苦熬寒冬，高薪抢人盛况不再
https://new.qq.com/rain/a/20250503A03JEO00

2025-05-04 00:44:24,226 - INFO - EXPIRED
“坠落地是游客拍照的地方！”苏州一直升机坠落致1死4伤，目击者发声
https://new.qq.com/rain/a/20250503A029D800

2025-05-04 00:44:24,226 - INFO - EXPIRED
三亚吉阳通报“游客骑摩托艇出海遇暴雨”：摩托艇俱乐部未配备足额向导人员，停业整改
https://new.qq.com/rain/a/20250503A03LNN00

2025-05-04 00:44:24,226 - INFO - EXPIRED
在西藏不能摸小孩头、希腊不能比大拇指，国内外旅游当地哪些习俗禁忌最好不要碰？
https://view.inews.qq.com/a/20250425Q0946C00

2025-05-04 00:44:24,226 - INFO - EXPIRED
学生运动会后组团退60多件裙子，学校：道歉并承担相关费用，已和解
https://new.qq.com/rain/a/20250503A03HHZ00

2025-05-04 00:44:24,226 - INFO - EXPIRED
特朗普下手，英伟达对华“特供版”要改
https://new.qq.com/rain/a/20250503A02ZJI00

2025-05-04 00:44:24,226 - INFO - EXPIRED
四川巴中一景区“彩虹滑道”项目2男童相撞飞跌出去，各方回应
https://new.qq.com/rain/a/20250503A03NIR00

2025-05-04 00:44:24,226 - INFO - EXPIRED
数千美情报人员将被裁撤，美媒炒：他们“反水”中俄怎么办
https://new.qq.com/rain/a/20250503A037EK00

2025-05-04 00:44:24,226 - INFO - EXPIRED
加拿大总理：6号去见特朗普
https://new.qq.com/rain/a/20250503A00EYA00

2025-05-04 00:44:24,226 - INFO - EXPIRED
融创中国清盘聆讯延至8月25日，清盘呈请要求遭到部分债权人反对
https://new.qq.com/rain/a/20250503A03A6Z00

2025-05-04 00:44:24,226 - INFO - EXPIRED
杨坤坚称不撤诉后，“四川芬达”再道歉求和解：求给我们留口饭吃
https://new.qq.com/rain/a/20250502A05MSL00

2025-05-04 00:44:24,226 - INFO - EXPIRED
日本态度变了
https://new.qq.com/rain/a/20250503A020EB00

2025-05-04 00:44:24,226 - INFO - EXPIRED
朝中社：美在朝鲜半岛增兵将进一步增加其本土安全不确定性
https://new.qq.com/rain/a/20250503A03GPF00

2025-05-04 00:44:24,226 - INFO - EXPIRED
白宫宣布阅兵，正好是特朗普生日
https://new.qq.com/rain/a/20250503A01UGZ00

2025-05-04 00:44:24,226 - INFO - EXPIRED
中国限制，稀土价格涨三倍
https://new.qq.com/rain/a/20250503A029TD00

2025-05-04 00:44:24,226 - INFO - EXPIRED
哈马斯：愿与以色列达成为期5年的停火协议
https://new.qq.com/rain/a/20250503A00SKZ00

2025-05-04 00:44:24,226 - INFO - EXPIRED
河北博物院两处古地名标注错误 博物院：对发现错误的孩子奖励图书
https://new.qq.com/rain/a/20250503V02P5I00

2025-05-04 00:44:24,226 - INFO - EXPIRED
美媒：美国务院批准向乌克兰提供F-16战斗机培训与服务 价值超3亿美元
https://new.qq.com/rain/a/20250503A027LJ00

2025-05-04 00:44:24,226 - INFO - EXPIRED
实探江苏东海水晶城：一年爆卖400亿，谁在捧红“疯狂的石头”
https://new.qq.com/rain/a/20250503A023Z000

2025-05-04 00:44:24,226 - INFO - EXPIRED
越剧演员陈丽君称贾宝玉是长子长孙，南大教授：不妨多去读读原著
https://new.qq.com/rain/a/20250502A06ERL00

2025-05-04 00:44:24,226 - INFO - EXPIRED
专访200亿票房女演员马丽：最想感谢的人是何炅，他带我从小品走进了电视
https://new.qq.com/rain/a/20250501V06QL800

2025-05-04 00:44:24,226 - INFO - EXPIRED
福州交警：鼓楼区一小型汽车因操作不当撞上汽车和电动自行车，致2人死亡
https://new.qq.com/rain/a/20250502A06SXW00

2025-05-04 00:44:24,226 - INFO - EXPIRED
遭索赔5.6亿！昔日“地产大佬”转战新能源被质疑“带病上市”
https://new.qq.com/rain/a/20250503A01POS00

2025-05-04 00:44:24,226 - INFO - EXPIRED
报道称OPEC+讨论将6月石油产量提高大约40万桶，美油跌幅扩大至2.4%
https://new.qq.com/rain/a/20250503A01Y2V00

2025-05-04 00:44:24,226 - INFO - EXPIRED
普京首次展示在克宫的寓所：曾在壁炉旁和克林顿喝茶 睡觉都是自然醒
https://new.qq.com/rain/a/20250503V01LZP00

2025-05-04 00:44:24,226 - INFO - EXPIRED
总台现场直击丨新加坡2025年大选开始投票
https://new.qq.com/rain/a/20250503A01Q4N00

2025-05-04 00:44:24,226 - INFO - EXPIRED
美股收盘：标普指数创20年来最长连涨纪录，热门中概股多数上涨
https://new.qq.com/rain/a/20250503A01C6800

2025-05-04 00:44:24,226 - INFO - EXPIRED
特朗普还是没饶过他
https://new.qq.com/rain/a/20250502A06JNB00

2025-05-04 00:44:24,226 - INFO - EXPIRED
美国黄石国家公园附近发生撞车事故 7人死亡
https://new.qq.com/rain/a/20250503A00HSA00

2025-05-04 00:44:24,226 - INFO - EXPIRED
特斯拉在欧洲销量继续暴跌，马斯克“回归”能否逆转局面？
https://new.qq.com/rain/a/20250503A017A500

2025-05-04 00:44:24,226 - INFO - EXPIRED
科室公众号运营人员公开辱骂他人，郑大一附院回应
https://new.qq.com/rain/a/20250502A06LCP00

2025-05-04 00:44:24,226 - INFO - EXPIRED
苏州一直升机坠落致1死4伤 事故调查正展开
https://new.qq.com/rain/a/20250502A06T4J00

2025-05-04 00:44:24,226 - INFO - EXPIRED
丹麦万人研究表明：生成式 AI“尚未显著影响”工资与就业情况
https://new.qq.com/rain/a/20250502A06K2E00

2025-05-04 00:44:24,226 - INFO - EXPIRED
女子餐后将擦鼻涕纸扔进调料罐 涉事餐厅：她拒绝书面道歉
https://new.qq.com/rain/a/20250502A04VI000

2025-05-04 00:44:24,226 - INFO - EXPIRED
痛悼！王贤才先生逝世，享年91岁！他曾最先提出“双休日”制度
https://new.qq.com/rain/a/20250502A06OXL00

2025-05-04 00:44:24,226 - INFO - EXPIRED
不少年轻人逃离城市去越野跑，新手进山最好不要做哪些事？容易遇到哪些危险？
https://view.inews.qq.com/a/20250426Q02VOI00

2025-05-04 00:44:24,226 - INFO - EXPIRED
国民党台中市党部也遭搜查，朱立伦：“鹰犬”按赖清德态度搞追杀
https://new.qq.com/rain/a/20250502A03K8300

2025-05-04 00:44:24,226 - INFO - EXPIRED
美媒：特朗普的“黄金时代”需要工厂，但美国工厂离不开中国机器
https://new.qq.com/rain/a/20250502A05W8000

2025-05-04 00:44:24,226 - INFO - EXPIRED
假期天气将大转变 降温大风将现 南方新一轮降雨来袭
https://new.qq.com/rain/a/20250502A05XMT00

2025-05-04 00:44:24,226 - INFO - EXPIRED
中国批准了，澳大利亚羊肉业界“非常振奋”
https://new.qq.com/rain/a/20250502A04PF800

2025-05-04 00:44:24,226 - INFO - EXPIRED
绿化带喷农药洒进路人嘴里，杭州西湖风景区：确有此事，正在协商
https://new.qq.com/rain/a/20250502A05R3N00

2025-05-04 00:44:24,226 - INFO - EXPIRED
“145%关税是站不住脚的”，部分零售商停止向美国客户销售产品
https://new.qq.com/rain/a/20250502A06I9100

2025-05-04 00:44:24,226 - INFO - EXPIRED
美国总统特朗普表示将取消哈佛大学免税资格
https://new.qq.com/rain/a/20250502A068LX00

2025-05-04 00:44:24,226 - INFO - EXPIRED
德国联邦宪法保卫局将德国选择党列为极右翼组织
https://new.qq.com/rain/a/20250502A06LTE00

2025-05-04 00:44:24,226 - INFO - EXPIRED
德雷克海峡7.4级地震 现场：智利城市响起海啸警报 民众撤向高地
https://new.qq.com/rain/a/20250502V06I8D00

2025-05-04 00:44:24,226 - INFO - EXPIRED
“5亿新台币遗产高中生结婚数小时后坠楼”案，台检方再次决定不起诉
https://new.qq.com/rain/a/20250502A06B5L00

2025-05-04 00:44:24,226 - INFO - EXPIRED
美法官裁定特朗普援引战时法律驱逐黑帮违法，系首次永久性驳回
https://new.qq.com/rain/a/20250502A04LJQ00

2025-05-04 00:44:24,226 - INFO - EXPIRED
巴新发生华人商户遭持枪抢劫案：1名华人腹部中枪身亡 4名嫌犯被抓获
https://new.qq.com/rain/a/20250502A05V0600

2025-05-04 00:44:24,226 - INFO - EXPIRED
将军林佳春，履新
https://new.qq.com/rain/a/20250502A05YQ500

2025-05-04 00:44:24,226 - INFO - EXPIRED
“特朗普让内塔尼亚胡措手不及”
https://new.qq.com/rain/a/20250502A069PC00

2025-05-04 00:44:25,380 - ERROR - ERROR
胡塞武装称将打击从美港口以出口等形式通行红海等海域的船只
https://new.qq.com/rain/a/20250504A01CS400
('list index out of range',)
======
Traceback (most recent call last):
  File "/home/runner/work/qqnews/qqnews/qq.py", line 81, in process_article
    ss = str(tmpbs.select("div.LEFT div.content.clearfix")[0])
             ~~~~~~~~~~~~~~~~~~~~~~~~~~~~~~~~~~~~~~~~~~~~~^^^
IndexError: list index out of range


2025-05-04 00:44:25,420 - ERROR - ERROR
马丽崩溃哭诉：如果再网暴我们的家人，我和沈腾或许不再合作！
https://new.qq.com/rain/a/20250504A01RH300
('list index out of range',)
======
Traceback (most recent call last):
  File "/home/runner/work/qqnews/qqnews/qq.py", line 81, in process_article
    ss = str(tmpbs.select("div.LEFT div.content.clearfix")[0])
             ~~~~~~~~~~~~~~~~~~~~~~~~~~~~~~~~~~~~~~~~~~~~~^^^
IndexError: list index out of range


