2026-02-22 00:57:52,378 - INFO - Total time taken: {'ret': 0, 'msg': 'success', 'data': None}
2026-02-22 00:57:52,378 - INFO - 'NoneType' object is not subscriptable
2026-02-22 00:57:52,379 - INFO - Traceback (most recent call last):
  File "/home/runner/work/qqnews/qqnews/qq.py", line 128, in main
    for i in qq1["data"]["list"]:
             ~~~~~~~~~~~^^^^^^^^
TypeError: 'NoneType' object is not subscriptable

2026-02-22 03:32:09,651 - INFO - Total time taken: {'ret': 0, 'msg': 'success', 'data': None}
2026-02-22 03:32:09,651 - INFO - 'NoneType' object is not subscriptable
2026-02-22 03:32:09,651 - INFO - Traceback (most recent call last):
  File "/home/runner/work/qqnews/qqnews/qq.py", line 128, in main
    for i in qq1["data"]["list"]:
             ~~~~~~~~~~~^^^^^^^^
TypeError: 'NoneType' object is not subscriptable

2026-02-22 05:10:06,565 - INFO - Total time taken: {'ret': 0, 'msg': 'success', 'data': None}
2026-02-22 05:10:06,565 - INFO - 'NoneType' object is not subscriptable
2026-02-22 05:10:06,565 - INFO - Traceback (most recent call last):
  File "/home/runner/work/qqnews/qqnews/qq.py", line 128, in main
    for i in qq1["data"]["list"]:
             ~~~~~~~~~~~^^^^^^^^
TypeError: 'NoneType' object is not subscriptable

2026-02-22 06:31:31,119 - INFO - Total time taken: {'ret': 0, 'msg': 'success', 'data': None}
2026-02-22 06:31:31,119 - INFO - 'NoneType' object is not subscriptable
2026-02-22 06:31:31,119 - INFO - Traceback (most recent call last):
  File "/home/runner/work/qqnews/qqnews/qq.py", line 128, in main
    for i in qq1["data"]["list"]:
             ~~~~~~~~~~~^^^^^^^^
TypeError: 'NoneType' object is not subscriptable

