2025-07-17 00:44:29,230 - INFO - Total time taken: {'ret': 0, 'msg': 'success', 'data': None}
2025-07-17 00:44:29,230 - INFO - 'NoneType' object is not subscriptable
2025-07-17 00:44:29,230 - INFO - Traceback (most recent call last):
  File "/home/runner/work/qqnews/qqnews/qq.py", line 128, in main
    for i in qq1["data"]["list"]:
             ~~~~~~~~~~~^^^^^^^^
TypeError: 'NoneType' object is not subscriptable

2025-07-17 02:48:55,633 - INFO - Total time taken: {'ret': 0, 'msg': 'success', 'data': None}
2025-07-17 02:48:55,633 - INFO - 'NoneType' object is not subscriptable
2025-07-17 02:48:55,633 - INFO - Traceback (most recent call last):
  File "/home/runner/work/qqnews/qqnews/qq.py", line 128, in main
    for i in qq1["data"]["list"]:
             ~~~~~~~~~~~^^^^^^^^
TypeError: 'NoneType' object is not subscriptable

2025-07-17 03:51:56,886 - INFO - Total time taken: {'ret': 0, 'msg': 'success', 'data': None}
2025-07-17 03:51:56,886 - INFO - 'NoneType' object is not subscriptable
2025-07-17 03:51:56,887 - INFO - Traceback (most recent call last):
  File "/home/runner/work/qqnews/qqnews/qq.py", line 128, in main
    for i in qq1["data"]["list"]:
             ~~~~~~~~~~~^^^^^^^^
TypeError: 'NoneType' object is not subscriptable

