2025-11-28 00:40:25,453 - INFO - Total time taken: {'ret': 0, 'msg': 'success', 'data': None}
2025-11-28 00:40:25,453 - INFO - 'NoneType' object is not subscriptable
2025-11-28 00:40:25,453 - INFO - Traceback (most recent call last):
  File "/home/runner/work/qqnews/qqnews/qq.py", line 128, in main
    for i in qq1["data"]["list"]:
             ~~~~~~~~~~~^^^^^^^^
TypeError: 'NoneType' object is not subscriptable

2025-11-28 02:23:28,960 - INFO - Total time taken: {'ret': 0, 'msg': 'success', 'data': None}
2025-11-28 02:23:28,960 - INFO - 'NoneType' object is not subscriptable
2025-11-28 02:23:28,960 - INFO - Traceback (most recent call last):
  File "/home/runner/work/qqnews/qqnews/qq.py", line 128, in main
    for i in qq1["data"]["list"]:
             ~~~~~~~~~~~^^^^^^^^
TypeError: 'NoneType' object is not subscriptable

2025-11-28 03:38:00,362 - INFO - Total time taken: {'ret': 0, 'msg': 'success', 'data': None}
2025-11-28 03:38:00,362 - INFO - 'NoneType' object is not subscriptable
2025-11-28 03:38:00,362 - INFO - Traceback (most recent call last):
  File "/home/runner/work/qqnews/qqnews/qq.py", line 128, in main
    for i in qq1["data"]["list"]:
             ~~~~~~~~~~~^^^^^^^^
TypeError: 'NoneType' object is not subscriptable

2025-11-28 04:12:20,393 - INFO - Total time taken: {'ret': 0, 'msg': 'success', 'data': None}
2025-11-28 04:12:20,393 - INFO - 'NoneType' object is not subscriptable
2025-11-28 04:12:20,393 - INFO - Traceback (most recent call last):
  File "/home/runner/work/qqnews/qqnews/qq.py", line 128, in main
    for i in qq1["data"]["list"]:
             ~~~~~~~~~~~^^^^^^^^
TypeError: 'NoneType' object is not subscriptable

2025-11-28 05:10:06,888 - INFO - Total time taken: {'ret': 0, 'msg': 'success', 'data': None}
2025-11-28 05:10:06,888 - INFO - 'NoneType' object is not subscriptable
2025-11-28 05:10:06,888 - INFO - Traceback (most recent call last):
  File "/home/runner/work/qqnews/qqnews/qq.py", line 128, in main
    for i in qq1["data"]["list"]:
             ~~~~~~~~~~~^^^^^^^^
TypeError: 'NoneType' object is not subscriptable

2025-11-28 06:14:29,795 - INFO - Total time taken: {'ret': 0, 'msg': 'success', 'data': None}
2025-11-28 06:14:29,796 - INFO - 'NoneType' object is not subscriptable
2025-11-28 06:14:29,796 - INFO - Traceback (most recent call last):
  File "/home/runner/work/qqnews/qqnews/qq.py", line 128, in main
    for i in qq1["data"]["list"]:
             ~~~~~~~~~~~^^^^^^^^
TypeError: 'NoneType' object is not subscriptable

2025-11-28 07:10:15,507 - INFO - Total time taken: {'ret': 0, 'msg': 'success', 'data': None}
2025-11-28 07:10:15,507 - INFO - 'NoneType' object is not subscriptable
2025-11-28 07:10:15,508 - INFO - Traceback (most recent call last):
  File "/home/runner/work/qqnews/qqnews/qq.py", line 128, in main
    for i in qq1["data"]["list"]:
             ~~~~~~~~~~~^^^^^^^^
TypeError: 'NoneType' object is not subscriptable

2025-11-28 08:13:32,815 - INFO - Total time taken: {'ret': 0, 'msg': 'success', 'data': None}
2025-11-28 08:13:32,816 - INFO - 'NoneType' object is not subscriptable
2025-11-28 08:13:32,816 - INFO - Traceback (most recent call last):
  File "/home/runner/work/qqnews/qqnews/qq.py", line 128, in main
    for i in qq1["data"]["list"]:
             ~~~~~~~~~~~^^^^^^^^
TypeError: 'NoneType' object is not subscriptable

2025-11-28 09:10:30,461 - INFO - Total time taken: {'ret': 0, 'msg': 'success', 'data': None}
2025-11-28 09:10:30,461 - INFO - 'NoneType' object is not subscriptable
2025-11-28 09:10:30,461 - INFO - Traceback (most recent call last):
  File "/home/runner/work/qqnews/qqnews/qq.py", line 128, in main
    for i in qq1["data"]["list"]:
             ~~~~~~~~~~~^^^^^^^^
TypeError: 'NoneType' object is not subscriptable

2025-11-28 10:01:13,813 - INFO - Total time taken: {'ret': 0, 'msg': 'success', 'data': None}
2025-11-28 10:01:13,813 - INFO - 'NoneType' object is not subscriptable
2025-11-28 10:01:13,814 - INFO - Traceback (most recent call last):
  File "/home/runner/work/qqnews/qqnews/qq.py", line 128, in main
    for i in qq1["data"]["list"]:
             ~~~~~~~~~~~^^^^^^^^
TypeError: 'NoneType' object is not subscriptable

2025-11-28 11:01:14,974 - INFO - Total time taken: {'ret': 0, 'msg': 'success', 'data': None}
2025-11-28 11:01:14,974 - INFO - 'NoneType' object is not subscriptable
2025-11-28 11:01:14,974 - INFO - Traceback (most recent call last):
  File "/home/runner/work/qqnews/qqnews/qq.py", line 128, in main
    for i in qq1["data"]["list"]:
             ~~~~~~~~~~~^^^^^^^^
TypeError: 'NoneType' object is not subscriptable

2025-11-28 12:16:34,390 - INFO - Total time taken: {'ret': 0, 'msg': 'success', 'data': None}
2025-11-28 12:16:34,391 - INFO - 'NoneType' object is not subscriptable
2025-11-28 12:16:34,391 - INFO - Traceback (most recent call last):
  File "/home/runner/work/qqnews/qqnews/qq.py", line 128, in main
    for i in qq1["data"]["list"]:
             ~~~~~~~~~~~^^^^^^^^
TypeError: 'NoneType' object is not subscriptable

2025-11-28 13:23:14,399 - INFO - Total time taken: {'ret': 0, 'msg': 'success', 'data': None}
2025-11-28 13:23:14,399 - INFO - 'NoneType' object is not subscriptable
2025-11-28 13:23:14,400 - INFO - Traceback (most recent call last):
  File "/home/runner/work/qqnews/qqnews/qq.py", line 128, in main
    for i in qq1["data"]["list"]:
             ~~~~~~~~~~~^^^^^^^^
TypeError: 'NoneType' object is not subscriptable

2025-11-28 14:01:26,927 - INFO - Total time taken: {'ret': 0, 'msg': 'success', 'data': None}
2025-11-28 14:01:26,928 - INFO - 'NoneType' object is not subscriptable
2025-11-28 14:01:26,928 - INFO - Traceback (most recent call last):
  File "/home/runner/work/qqnews/qqnews/qq.py", line 128, in main
    for i in qq1["data"]["list"]:
             ~~~~~~~~~~~^^^^^^^^
TypeError: 'NoneType' object is not subscriptable

2025-11-28 15:01:09,881 - INFO - Total time taken: {'ret': 0, 'msg': 'success', 'data': None}
2025-11-28 15:01:09,881 - INFO - 'NoneType' object is not subscriptable
2025-11-28 15:01:09,882 - INFO - Traceback (most recent call last):
  File "/home/runner/work/qqnews/qqnews/qq.py", line 128, in main
    for i in qq1["data"]["list"]:
             ~~~~~~~~~~~^^^^^^^^
TypeError: 'NoneType' object is not subscriptable

2025-11-28 16:01:10,082 - INFO - Total time taken: {'ret': 0, 'msg': 'success', 'data': None}
2025-11-28 16:01:10,083 - INFO - 'NoneType' object is not subscriptable
2025-11-28 16:01:10,083 - INFO - Traceback (most recent call last):
  File "/home/runner/work/qqnews/qqnews/qq.py", line 128, in main
    for i in qq1["data"]["list"]:
             ~~~~~~~~~~~^^^^^^^^
TypeError: 'NoneType' object is not subscriptable

