2024-10-14 00:35:47,037 - INFO - EXPIRED
河北秦皇岛游船侧翻致12人死亡，调查报告发布：6人被批准逮捕
https://new.qq.com/rain/a/20241013A06ZX900

2024-10-14 00:35:47,037 - INFO - EXPIRED
朝鲜人民军总参下达作战预备指示
https://new.qq.com/rain/a/20241013A06KT300

2024-10-14 00:35:47,037 - INFO - EXPIRED
村主任撞死邻村村官赔650万改判15年，遇害者女儿：我不想要钱
https://new.qq.com/rain/a/20241013A06B4P00

2024-10-14 00:35:47,037 - INFO - EXPIRED
湖南8个县因焚烧秸秆被约谈
https://new.qq.com/rain/a/20241013A02ZI100

2024-10-14 00:35:47,037 - INFO - EXPIRED
“老头乐”在高速快车道惊险逆行并引发车祸？四川高速交警回应
https://new.qq.com/rain/a/20241013A058BP00

2024-10-14 00:35:47,037 - INFO - EXPIRED
26年老员工举报董事长 IBM大中华区回应“高度重视并彻底调查”
https://new.qq.com/rain/a/20241013A076LD00

2024-10-14 00:35:47,037 - INFO - EXPIRED
警惕！美海军“最安静”核潜艇抵达日本
https://new.qq.com/rain/a/20241013A04QSR00

2024-10-14 00:35:47,037 - INFO - EXPIRED
监管重拳挥向违规减持！有股东套现超三千万，被责令购回并上缴价差
https://new.qq.com/rain/a/20241013A05LX400

2024-10-14 00:35:47,037 - INFO - EXPIRED
安徽蚌埠一辆轿车发生交通事故致3死3伤：肇事司机已被控制
https://new.qq.com/rain/a/20241013V0716I00

2024-10-14 00:35:47,037 - INFO - EXPIRED
创女子世界纪录！切普格蒂奇2小时9分56秒芝马夺冠 迈入210时代
https://new.qq.com/rain/a/20241013A072YH00

2024-10-14 00:35:47,037 - INFO - EXPIRED
日本新增梅毒病例创历史新高，这波高峰是什么因素引起的？
https://view.inews.qq.com/a/20241012Q079VU00

2024-10-14 00:35:47,037 - INFO - EXPIRED
朝鲜国防省发言人发表谈话 谴责韩方发言
https://new.qq.com/rain/a/20241013A06PO400

2024-10-14 00:35:47,037 - INFO - EXPIRED
星舰第五飞发射瞬间和“筷子”夹助推器，精彩视频混剪来了
https://new.qq.com/rain/a/20241013V06G1200

2024-10-14 00:35:47,037 - INFO - EXPIRED
项目评审过程中向专家请托、“打招呼”，西北大学一教授被通报
https://new.qq.com/rain/a/20241013A06SON00

2024-10-14 00:35:47,037 - INFO - EXPIRED
距大选仅剩20多天：哈里斯势头有放缓迹象，双方上演不戴拳套的格斗
https://new.qq.com/rain/a/20241013A06KJF00

2024-10-14 00:35:47,037 - INFO - EXPIRED
山东寿光一企业气体中毒事故致7死4伤，该公司连续3年参保人数均为4人
https://new.qq.com/rain/a/20241013A05MSB00

2024-10-14 00:35:47,037 - INFO - EXPIRED
“网红教授”郑强“重回”浙大：畅谈教育发展与企业创业，鼓励学生读资本论
https://new.qq.com/rain/a/20241013A063Z800

2024-10-14 00:35:47,037 - INFO - EXPIRED
叮咚买菜一仓管猝死，生前上过多日12小时夜班，公司称愿人道补偿
https://new.qq.com/rain/a/20241013A05VU000

2024-10-14 00:35:47,038 - INFO - EXPIRED
实探“东北雨姐”租用小院：人去院空，已成“打卡”地
https://new.qq.com/rain/a/20241013A036JI00

2024-10-14 00:35:47,038 - INFO - EXPIRED
又一千万粉丝网红“听泉鉴宝”塌房？学历造假、盗墓连线等四大疑问待解
https://new.qq.com/rain/a/20241013A05EY400

2024-10-14 00:35:47,038 - INFO - EXPIRED
女童被高年级男生泼开水，教育局回应系恶作剧，女童家属：这就是霸凌
https://new.qq.com/rain/a/20241013A05EQO00

2024-10-14 00:35:47,038 - INFO - EXPIRED
公职人员在饭店院里随地小便被制止拿烟头扔老板 人社局：已向上汇报
https://new.qq.com/rain/a/20241013V0618S00

2024-10-14 00:35:47,038 - INFO - EXPIRED
台湾花莲县发生4.1级地震
https://new.qq.com/rain/a/20241013A061MY00

2024-10-14 00:35:47,038 - INFO - EXPIRED
郑钦文4次对阵萨巴伦卡全败，如何才能越过这座大山？需要提升哪些能力？
https://view.inews.qq.com/a/20241013Q062UL00

2024-10-14 00:35:47,038 - INFO - EXPIRED
车主称问界新M5智驾高速上未紧急制动撞死11只羊，经销商：车辆已减速
https://new.qq.com/rain/a/20241013A057O200

2024-10-14 00:35:47,038 - INFO - EXPIRED
台军称辽宁舰编队通过巴士海峡
https://new.qq.com/rain/a/20241013A053SN00

2024-10-14 00:35:47,038 - INFO - EXPIRED
河南一县城周边出现近2000头野猪
https://new.qq.com/rain/a/20241013A04E9N00

2024-10-14 00:35:47,038 - INFO - EXPIRED
韩方回应朝鲜警告：若构成威胁 朝鲜政权将终结
https://new.qq.com/rain/a/20241013A04GP000

2024-10-14 00:35:47,038 - INFO - EXPIRED
国民党全党力挺谢国梁，基隆市长罢免案未通过，不同意票突破八万
https://new.qq.com/rain/a/20241013A05EC900

2024-10-14 00:35:47,038 - INFO - EXPIRED
女子疑似当街哄骗抱走小孩，被孩子爹抓住，警方通报：系精神障碍患者
https://new.qq.com/rain/a/20241013A03XO000

2024-10-14 00:35:47,038 - INFO - EXPIRED
德国反对派领导人敦促柏林改变乌克兰政策：中国和巴西的提议很好
https://new.qq.com/rain/a/20241013A03Z8G00

2024-10-14 00:35:47,038 - INFO - EXPIRED
女子莫名成为3.96亿元贷款保证人，重名就会被误伤吗？问题出在哪？
https://view.inews.qq.com/a/20241013Q039VL00

2024-10-14 00:35:47,038 - INFO - EXPIRED
龚琳娜疑官宣和德国丈夫老锣离婚，20年婚姻结束，两人婚后育有两子
https://new.qq.com/rain/a/20241013V04LXQ00

2024-10-14 00:35:47,038 - INFO - EXPIRED
“我反对把过期大米卖给农村学校惹怒领导，工作31年离职后实名举报”
https://new.qq.com/rain/a/20241013A01OP300

2024-10-14 00:35:47,038 - INFO - EXPIRED
以媒称美将在以色列部署萨德系统，伊朗会胆怯吗？局势会一发不可收拾吗？
https://view.inews.qq.com/a/20241013Q039FP00

2024-10-14 00:35:47,038 - INFO - EXPIRED
广州一11岁男孩辍学每天6点起来捡瓶子，官方：临时安排学校供其就读
https://new.qq.com/rain/a/20241012A09D2J00

2024-10-14 00:35:47,038 - INFO - EXPIRED
3亿年前巨大昆虫真面貌曝光，体长超2.6米大如汽车，那时的昆虫为何能长这么大？
https://view.inews.qq.com/a/20241012Q08P6A00

2024-10-14 00:35:47,038 - INFO - EXPIRED
金与正：如果韩国无人机再犯领空，朝方将采取强有力的报复应对行动
https://new.qq.com/rain/a/20241013A03G5100

2024-10-14 00:35:47,038 - INFO - EXPIRED
1度电“卖”4元，是谁在“阻碍”电动自行车在楼下充电
https://new.qq.com/rain/a/20241013A0279U00

2024-10-14 00:35:47,038 - INFO - EXPIRED
美国最大中国股票ETF，突破100亿美元
https://new.qq.com/rain/a/20241013A03LTH00

2024-10-14 00:35:47,038 - INFO - EXPIRED
岑浩辉高票当选澳门特区第六任行政长官人选
https://new.qq.com/rain/a/20241013A02QPV00

2024-10-14 00:35:47,038 - INFO - EXPIRED
日月谭天丨 谋“独”挑衅破坏台海和平！岛内舆论戳穿赖清德“双十”谎言
https://new.qq.com/rain/a/20241013A01L2K00

2024-10-14 00:35:47,038 - INFO - EXPIRED
两民警都索要差旅费，为何只处理一人？被民警索取3000元当事人再发声
https://new.qq.com/rain/a/20241013A01KGQ00

2024-10-14 00:35:47,038 - INFO - EXPIRED
大陆游戏《黑神话：悟空》在台湾上市
https://new.qq.com/rain/a/20241013A03G5D00

2024-10-14 00:35:47,038 - INFO - EXPIRED
医生收3000元红包事件反转？媒体：“飞刀”是一件多方获益的好事
https://new.qq.com/rain/a/20241012A05E4C00

2024-10-14 00:35:47,038 - INFO - EXPIRED
十年磨一剑：马斯克从未料到小米会成为对手，比亚迪曾只求活下去
https://new.qq.com/rain/a/20241013A0206N00

2024-10-14 00:35:47,038 - INFO - EXPIRED
倚待长空，彻旦秣马！东部战区发布最新战训视频
https://new.qq.com/rain/a/20241013A02NKQ00

2024-10-14 00:35:47,038 - INFO - EXPIRED
骂战升级！欧尔班呛声欧盟领导人：他们公然说要颠覆匈牙利现政府
https://new.qq.com/rain/a/20241013A02O1Z00

2024-10-14 00:35:47,038 - INFO - EXPIRED
成都市双流区应急管理局：一小型燃油车辆发生燃爆，无人员伤亡
https://new.qq.com/rain/a/20241013A038ZT00

2024-10-14 00:35:47,038 - INFO - EXPIRED
一辆罐车在河北承德发生危化品泄漏，事发地有村民就医，官方回应
https://new.qq.com/rain/a/20241013A031AS00

2024-10-14 00:35:47,038 - INFO - EXPIRED
村民称东北雨姐团队绝大部分并非当地村民：这些人是在表演农村生活
https://new.qq.com/rain/a/20241013A014PI00

2024-10-14 00:35:47,038 - INFO - EXPIRED
日本首相石破茂：找到了解决日中关系问题的线索
https://new.qq.com/rain/a/20241013A01DR100

2024-10-14 00:35:47,038 - INFO - EXPIRED
苹果知难而退？自动驾驶路测提前半年告吹 造车计划再遭重大挫折
https://new.qq.com/rain/a/20241013A02OXH00

2024-10-14 00:35:47,038 - INFO - EXPIRED
中国海警舰艇编队10月13日在我钓鱼岛领海巡航
https://new.qq.com/rain/a/20241013A01TXH00

2024-10-14 00:35:47,038 - INFO - EXPIRED
万科组织架构大调整，开发经营本部直接负责重大项目操盘
https://new.qq.com/rain/a/20241013A0346A00

2024-10-14 00:35:47,038 - INFO - EXPIRED
在约会app上滑遍几千个男性，我依然没有找到爱情
https://new.qq.com/rain/a/20241013A024EI00

2024-10-14 00:35:47,038 - INFO - EXPIRED
非法集资近千亿，资本大佬境外被抓
https://new.qq.com/rain/a/20241013A01JMI00

2024-10-14 00:35:47,038 - INFO - EXPIRED
华春莹发图对比美中电动汽车贸易：“哪一个才是开放市场？”
https://new.qq.com/rain/a/20241012A09HNE00

2024-10-14 00:35:47,038 - INFO - EXPIRED
重名惹的祸？广东一女子查征信，发现自己为上海一机构3.96亿贷款担保
https://new.qq.com/rain/a/20241012A08I9X00

2024-10-14 00:35:47,038 - INFO - EXPIRED
联黎部队40个派遣国发表联合声明谴责对维和人员袭击，中方参与签署
https://new.qq.com/rain/a/20241013A024QE00

2024-10-14 00:35:47,038 - INFO - EXPIRED
研究院院长谈95后研究员4博士2博士后：没发现明显问题 考虑继续聘用
https://new.qq.com/rain/a/20241012A09IVL00

2024-10-14 00:35:47,038 - INFO - EXPIRED
如果老旧小区维修价值不大，全体居民同意后直接推倒重建，可行吗？
https://view.inews.qq.com/a/20241012Q085TU00

2024-10-14 00:35:47,038 - INFO - EXPIRED
新疆库车连续发生6次地震
https://new.qq.com/rain/a/20241013A01URA00

2024-10-14 00:35:47,038 - INFO - EXPIRED
陕西一消防车坠河致5死1伤，记者实探事发地：道路旁河岸有七八米高
https://new.qq.com/rain/a/20241013A00AXV00

2024-10-14 00:35:47,038 - INFO - EXPIRED
推动“白名单”扩围！中央重磅部署后，国务院副总理赴地方调研
https://new.qq.com/rain/a/20241013A01G1300

2024-10-14 00:35:47,038 - INFO - EXPIRED
中国新任驻印尼大使王鲁彤抵印尼履新
https://new.qq.com/rain/a/20241013A01GS000

2024-10-14 00:35:47,038 - INFO - EXPIRED
以军连续两天向联合国维和部队开火，不怕激怒国际社会吗？会带来什么后果？
https://view.inews.qq.com/a/20241012Q05J4900

2024-10-14 00:35:47,038 - INFO - EXPIRED
江西一家三口被撞身亡，家属：司机求复合遭拒开快车泄愤，曾想私了
https://new.qq.com/rain/a/20241012A04FS200

2024-10-14 00:35:47,038 - INFO - EXPIRED
江西一副厅级干部被逮捕！今年主动向组织交代问题，通报称其道德败坏
https://new.qq.com/rain/a/20241012A08TXC00

2024-10-14 00:35:47,038 - INFO - EXPIRED
江西彭泽警方：一小区发生刑案致两人死亡，嫌犯在围捕中畏罪自杀
https://new.qq.com/rain/a/20241013A0133500

2024-10-14 00:35:47,038 - INFO - EXPIRED
美媒爆料：以色列缩小袭击伊朗目标清单 包含能源基础设施
https://new.qq.com/rain/a/20241013A00PE800

2024-10-14 00:35:47,039 - INFO - EXPIRED
哈里斯公开个人医疗报告 欲推动公众质疑特朗普的健康状况
https://new.qq.com/rain/a/20241012A0902300

2024-10-14 00:35:47,039 - INFO - EXPIRED
中方“反制”后，欧盟又有新动作：对华胶合板下手
https://new.qq.com/rain/a/20241012A09B0M00

2024-10-14 00:35:47,039 - INFO - EXPIRED
苹果月底新品预测：iPad Mini隔3年上新，M4芯片Mac真机提前泄漏
https://new.qq.com/rain/a/20241013A008T300

2024-10-14 00:35:47,039 - INFO - EXPIRED
财政部同意销毁“六六顺”等28款即开型福利彩票
https://new.qq.com/rain/a/20241012A05OUL00

2024-10-14 00:35:47,039 - INFO - EXPIRED
江西一家三口被撞身亡，家属：对方提出肇事者出狱后伺候我们养老
https://new.qq.com/rain/a/20241012A0837F00

2024-10-14 00:35:47,039 - INFO - EXPIRED
河南濮阳一警察办案向当事人要3000元差旅费？警方通报：已停职处理
https://new.qq.com/rain/a/20241012A09DBO00

2024-10-14 00:35:47,039 - INFO - EXPIRED
百万粉丝网红直播中称头痛，下播后脑溢血住进ICU！团队：他有4个孩子，情况不乐观
https://new.qq.com/rain/a/20241012A06SBJ00

2024-10-14 00:35:47,039 - INFO - EXPIRED
中国女子身背通缉令在泰被抓：涉嫌以介绍空乘名义诈骗，整容携款潜逃
https://new.qq.com/rain/a/20241012A09BMR00

2024-10-14 00:35:47,039 - INFO - EXPIRED
广西一大学生失联数月，家属称其挂科8门无法毕业，校方：一直在处理
https://new.qq.com/rain/a/20241012A060A400

2024-10-14 00:35:47,039 - INFO - EXPIRED
珠峰地区惊现失踪100年登顶者残骸，或解开人类首次攀登珠峰之谜
https://new.qq.com/rain/a/20241012A04A4V00

2024-10-14 00:35:47,039 - INFO - EXPIRED
4天内两名落马中管干部获死缓，涉案金额均超2亿元
https://new.qq.com/rain/a/20241012A08QDV00

2024-10-14 00:35:47,039 - INFO - EXPIRED
两男子用虎头蜂泡酒失误致200多只蜂飞出，它的毒性有多强？泡酒真有功效？
https://view.inews.qq.com/a/20241011Q0A8NA00

2024-10-14 00:35:47,039 - INFO - EXPIRED
河南安阳一高校用餐时间关闭临近小吃街校门？学校：出于食品安全考虑
https://new.qq.com/rain/a/20241012A065EH00

2024-10-14 00:35:47,039 - INFO - EXPIRED
“欧美制裁推动合作”，俄罗斯伊朗即将签署全面战略伙伴关系协议
https://new.qq.com/rain/a/20241012A08C6O00

2024-10-14 00:35:47,039 - INFO - EXPIRED
江西一小区发生刑事案件造成2人死亡，警方通报：已锁定犯罪嫌疑人
https://new.qq.com/rain/a/20241012A09AXY00

2024-10-14 00:35:47,039 - INFO - EXPIRED
广发证券戴康：长牛慢牛需要基本面改善的支持，看好科创领域投资机会
https://new.qq.com/rain/a/20241012A097NR00

2024-10-14 00:35:47,039 - INFO - EXPIRED
“4博士2博后”研究员被暂停聘任 院长：若调查后符合条件 将继续录用
https://new.qq.com/rain/a/20241012A08QDW00

2024-10-14 00:35:47,039 - INFO - EXPIRED
网红博主“听泉鉴宝”毕业于北大？北大考古文博学院校友否认
https://new.qq.com/rain/a/20241012A06C0R00

2024-10-14 00:35:47,039 - INFO - EXPIRED
山东济南16岁少年花3万改造电摩，在区政府门前“炸街”被拘1个月
https://new.qq.com/rain/a/20241012A08D7300

2024-10-14 00:35:47,039 - INFO - EXPIRED
31岁男子跨省闪婚后自杀，媒体评论：“婚介”难逃责任
https://new.qq.com/rain/a/20241012A06BP200

2024-10-14 00:35:47,922 - INFO - INVALID
天安门下半旗悼念吴邦国同志
https://new.qq.com/rain/a/20241014A0135500

2024-10-14 00:35:47,940 - INFO - INVALID
东部战区开展“联合利剑-2024B”演习 舰机多向抵近台岛
https://new.qq.com/rain/a/20241014A00H4J00

2024-10-14 00:35:47,977 - ERROR - ERROR
东部战区为什么于凌晨夜间发起演习
https://new.qq.com/rain/a/20241014V00WV900
('list index out of range',)
======
Traceback (most recent call last):
  File "/home/runner/work/qqnews/qqnews/qq.py", line 81, in process_article
    ss = str(tmpbs.select("div.LEFT div.content.clearfix")[0])
             ~~~~~~~~~~~~~~~~~~~~~~~~~~~~~~~~~~~~~~~~~~~~~^^^
IndexError: list index out of range


2024-10-14 00:35:47,989 - INFO - INVALID
4支海警舰艇编队开展环台岛巡航管控
https://new.qq.com/rain/a/20241014A010QS00

2024-10-14 00:35:47,994 - INFO - INVALID
挑衅越甚，勒得越紧！看三次台岛周边军演示意图
https://new.qq.com/rain/a/20241014A00O8A00

2024-10-14 00:35:48,266 - INFO - INVALID
计划暗杀？一持枪男子在特朗普竞选集会地附近被捕
https://new.qq.com/rain/a/20241014A00GKY00

2024-10-14 00:35:48,287 - INFO - INVALID
A股早盘利好利空：财政部释放重要信号！将推出一揽子增量政策举措
https://new.qq.com/rain/a/20241014A00R4J00

2024-10-14 00:35:48,290 - INFO - INVALID
北约14日开启年度核演习，以多种方式威慑对手，主要是俄罗斯
https://new.qq.com/rain/a/20241014A00T0G00

2024-10-14 00:35:48,320 - INFO - INVALID
但斌回应任泽平：“交流”到此为止，东方港湾依然是百亿私募冠军
https://new.qq.com/rain/a/20241014A00T0U00

2024-10-14 02:12:48,966 - INFO - EXPIRED
东北雨姐带货油污净产品再遭知名博主打假，从爆火到塌房“仅需”20天
https://new.qq.com/rain/a/20241013A04ITM00

2024-10-14 02:12:48,966 - INFO - EXPIRED
河北秦皇岛游船侧翻致12人死亡，调查报告发布：6人被批准逮捕
https://new.qq.com/rain/a/20241013A06ZX900

2024-10-14 02:12:48,966 - INFO - EXPIRED
朝鲜人民军总参下达作战预备指示
https://new.qq.com/rain/a/20241013A06KT300

2024-10-14 02:12:48,966 - INFO - EXPIRED
河南濮阳警方通报“民警跨省办案索取差旅费”，当事人称银行卡已解冻
https://new.qq.com/rain/a/20241013A06KBK00

2024-10-14 02:12:48,966 - INFO - EXPIRED
村主任撞死邻村村官赔650万改判15年，遇害者女儿：我不想要钱
https://new.qq.com/rain/a/20241013A06B4P00

2024-10-14 02:12:48,967 - INFO - EXPIRED
湖南8个县因焚烧秸秆被约谈
https://new.qq.com/rain/a/20241013A02ZI100

2024-10-14 02:12:48,967 - INFO - EXPIRED
“老头乐”在高速快车道惊险逆行并引发车祸？四川高速交警回应
https://new.qq.com/rain/a/20241013A058BP00

2024-10-14 02:12:48,967 - INFO - EXPIRED
26年老员工举报董事长 IBM大中华区回应“高度重视并彻底调查”
https://new.qq.com/rain/a/20241013A076LD00

2024-10-14 02:12:48,967 - INFO - EXPIRED
警惕！美海军“最安静”核潜艇抵达日本
https://new.qq.com/rain/a/20241013A04QSR00

2024-10-14 02:12:48,967 - INFO - EXPIRED
监管重拳挥向违规减持！有股东套现超三千万，被责令购回并上缴价差
https://new.qq.com/rain/a/20241013A05LX400

2024-10-14 02:12:48,967 - INFO - EXPIRED
安徽蚌埠一辆轿车发生交通事故致3死3伤：肇事司机已被控制
https://new.qq.com/rain/a/20241013V0716I00

2024-10-14 02:12:48,967 - INFO - EXPIRED
创女子世界纪录！切普格蒂奇2小时9分56秒芝马夺冠 迈入210时代
https://new.qq.com/rain/a/20241013A072YH00

2024-10-14 02:12:48,967 - INFO - EXPIRED
日本新增梅毒病例创历史新高，这波高峰是什么因素引起的？
https://view.inews.qq.com/a/20241012Q079VU00

2024-10-14 02:12:48,967 - INFO - EXPIRED
朝鲜国防省发言人发表谈话 谴责韩方发言
https://new.qq.com/rain/a/20241013A06PO400

2024-10-14 02:12:48,967 - INFO - EXPIRED
星舰第五飞发射瞬间和“筷子”夹助推器，精彩视频混剪来了
https://new.qq.com/rain/a/20241013V06G1200

2024-10-14 02:12:48,967 - INFO - EXPIRED
项目评审过程中向专家请托、“打招呼”，西北大学一教授被通报
https://new.qq.com/rain/a/20241013A06SON00

2024-10-14 02:12:48,967 - INFO - EXPIRED
距大选仅剩20多天：哈里斯势头有放缓迹象，双方上演不戴拳套的格斗
https://new.qq.com/rain/a/20241013A06KJF00

2024-10-14 02:12:48,967 - INFO - EXPIRED
山东寿光一企业气体中毒事故致7死4伤，该公司连续3年参保人数均为4人
https://new.qq.com/rain/a/20241013A05MSB00

2024-10-14 02:12:48,967 - INFO - EXPIRED
“网红教授”郑强“重回”浙大：畅谈教育发展与企业创业，鼓励学生读资本论
https://new.qq.com/rain/a/20241013A063Z800

2024-10-14 02:12:48,967 - INFO - EXPIRED
叮咚买菜一仓管猝死，生前上过多日12小时夜班，公司称愿人道补偿
https://new.qq.com/rain/a/20241013A05VU000

2024-10-14 02:12:48,967 - INFO - EXPIRED
实探“东北雨姐”租用小院：人去院空，已成“打卡”地
https://new.qq.com/rain/a/20241013A036JI00

2024-10-14 02:12:48,967 - INFO - EXPIRED
又一千万粉丝网红“听泉鉴宝”塌房？学历造假、盗墓连线等四大疑问待解
https://new.qq.com/rain/a/20241013A05EY400

2024-10-14 02:12:48,967 - INFO - EXPIRED
女童被高年级男生泼开水，教育局回应系恶作剧，女童家属：这就是霸凌
https://new.qq.com/rain/a/20241013A05EQO00

2024-10-14 02:12:48,967 - INFO - EXPIRED
公职人员在饭店院里随地小便被制止拿烟头扔老板 人社局：已向上汇报
https://new.qq.com/rain/a/20241013V0618S00

2024-10-14 02:12:48,967 - INFO - EXPIRED
台湾花莲县发生4.1级地震
https://new.qq.com/rain/a/20241013A061MY00

2024-10-14 02:12:48,967 - INFO - EXPIRED
郑钦文4次对阵萨巴伦卡全败，如何才能越过这座大山？需要提升哪些能力？
https://view.inews.qq.com/a/20241013Q062UL00

2024-10-14 02:12:48,967 - INFO - EXPIRED
车主称问界新M5智驾高速上未紧急制动撞死11只羊，经销商：车辆已减速
https://new.qq.com/rain/a/20241013A057O200

2024-10-14 02:12:48,967 - INFO - EXPIRED
台军称辽宁舰编队通过巴士海峡
https://new.qq.com/rain/a/20241013A053SN00

2024-10-14 02:12:48,967 - INFO - EXPIRED
河南一县城周边出现近2000头野猪
https://new.qq.com/rain/a/20241013A04E9N00

2024-10-14 02:12:48,967 - INFO - EXPIRED
韩方回应朝鲜警告：若构成威胁 朝鲜政权将终结
https://new.qq.com/rain/a/20241013A04GP000

2024-10-14 02:12:48,967 - INFO - EXPIRED
国民党全党力挺谢国梁，基隆市长罢免案未通过，不同意票突破八万
https://new.qq.com/rain/a/20241013A05EC900

2024-10-14 02:12:48,967 - INFO - EXPIRED
女子疑似当街哄骗抱走小孩，被孩子爹抓住，警方通报：系精神障碍患者
https://new.qq.com/rain/a/20241013A03XO000

2024-10-14 02:12:48,967 - INFO - EXPIRED
德国反对派领导人敦促柏林改变乌克兰政策：中国和巴西的提议很好
https://new.qq.com/rain/a/20241013A03Z8G00

2024-10-14 02:12:48,967 - INFO - EXPIRED
女子莫名成为3.96亿元贷款保证人，重名就会被误伤吗？问题出在哪？
https://view.inews.qq.com/a/20241013Q039VL00

2024-10-14 02:12:48,967 - INFO - EXPIRED
龚琳娜疑官宣和德国丈夫老锣离婚，20年婚姻结束，两人婚后育有两子
https://new.qq.com/rain/a/20241013V04LXQ00

2024-10-14 02:12:48,967 - INFO - EXPIRED
“我反对把过期大米卖给农村学校惹怒领导，工作31年离职后实名举报”
https://new.qq.com/rain/a/20241013A01OP300

2024-10-14 02:12:48,967 - INFO - EXPIRED
以媒称美将在以色列部署萨德系统，伊朗会胆怯吗？局势会一发不可收拾吗？
https://view.inews.qq.com/a/20241013Q039FP00

2024-10-14 02:12:48,967 - INFO - EXPIRED
广州一11岁男孩辍学每天6点起来捡瓶子，官方：临时安排学校供其就读
https://new.qq.com/rain/a/20241012A09D2J00

2024-10-14 02:12:48,967 - INFO - EXPIRED
3亿年前巨大昆虫真面貌曝光，体长超2.6米大如汽车，那时的昆虫为何能长这么大？
https://view.inews.qq.com/a/20241012Q08P6A00

2024-10-14 02:12:48,967 - INFO - EXPIRED
金与正：如果韩国无人机再犯领空，朝方将采取强有力的报复应对行动
https://new.qq.com/rain/a/20241013A03G5100

2024-10-14 02:12:48,967 - INFO - EXPIRED
1度电“卖”4元，是谁在“阻碍”电动自行车在楼下充电
https://new.qq.com/rain/a/20241013A0279U00

2024-10-14 02:12:48,967 - INFO - EXPIRED
美国最大中国股票ETF，突破100亿美元
https://new.qq.com/rain/a/20241013A03LTH00

2024-10-14 02:12:48,967 - INFO - EXPIRED
岑浩辉高票当选澳门特区第六任行政长官人选
https://new.qq.com/rain/a/20241013A02QPV00

2024-10-14 02:12:48,967 - INFO - EXPIRED
日月谭天丨 谋“独”挑衅破坏台海和平！岛内舆论戳穿赖清德“双十”谎言
https://new.qq.com/rain/a/20241013A01L2K00

2024-10-14 02:12:48,967 - INFO - EXPIRED
两民警都索要差旅费，为何只处理一人？被民警索取3000元当事人再发声
https://new.qq.com/rain/a/20241013A01KGQ00

2024-10-14 02:12:48,967 - INFO - EXPIRED
大陆游戏《黑神话：悟空》在台湾上市
https://new.qq.com/rain/a/20241013A03G5D00

2024-10-14 02:12:48,967 - INFO - EXPIRED
医生收3000元红包事件反转？媒体：“飞刀”是一件多方获益的好事
https://new.qq.com/rain/a/20241012A05E4C00

2024-10-14 02:12:48,967 - INFO - EXPIRED
十年磨一剑：马斯克从未料到小米会成为对手，比亚迪曾只求活下去
https://new.qq.com/rain/a/20241013A0206N00

2024-10-14 02:12:48,967 - INFO - EXPIRED
倚待长空，彻旦秣马！东部战区发布最新战训视频
https://new.qq.com/rain/a/20241013A02NKQ00

2024-10-14 02:12:48,967 - INFO - EXPIRED
骂战升级！欧尔班呛声欧盟领导人：他们公然说要颠覆匈牙利现政府
https://new.qq.com/rain/a/20241013A02O1Z00

2024-10-14 02:12:48,967 - INFO - EXPIRED
成都市双流区应急管理局：一小型燃油车辆发生燃爆，无人员伤亡
https://new.qq.com/rain/a/20241013A038ZT00

2024-10-14 02:12:48,967 - INFO - EXPIRED
一辆罐车在河北承德发生危化品泄漏，事发地有村民就医，官方回应
https://new.qq.com/rain/a/20241013A031AS00

2024-10-14 02:12:48,967 - INFO - EXPIRED
村民称东北雨姐团队绝大部分并非当地村民：这些人是在表演农村生活
https://new.qq.com/rain/a/20241013A014PI00

2024-10-14 02:12:48,967 - INFO - EXPIRED
日本首相石破茂：找到了解决日中关系问题的线索
https://new.qq.com/rain/a/20241013A01DR100

2024-10-14 02:12:48,968 - INFO - EXPIRED
苹果知难而退？自动驾驶路测提前半年告吹 造车计划再遭重大挫折
https://new.qq.com/rain/a/20241013A02OXH00

2024-10-14 02:12:48,968 - INFO - EXPIRED
中国海警舰艇编队10月13日在我钓鱼岛领海巡航
https://new.qq.com/rain/a/20241013A01TXH00

2024-10-14 02:12:48,968 - INFO - EXPIRED
万科组织架构大调整，开发经营本部直接负责重大项目操盘
https://new.qq.com/rain/a/20241013A0346A00

2024-10-14 02:12:48,968 - INFO - EXPIRED
在约会app上滑遍几千个男性，我依然没有找到爱情
https://new.qq.com/rain/a/20241013A024EI00

2024-10-14 02:12:48,968 - INFO - EXPIRED
非法集资近千亿，资本大佬境外被抓
https://new.qq.com/rain/a/20241013A01JMI00

2024-10-14 02:12:48,968 - INFO - EXPIRED
华春莹发图对比美中电动汽车贸易：“哪一个才是开放市场？”
https://new.qq.com/rain/a/20241012A09HNE00

2024-10-14 02:12:48,968 - INFO - EXPIRED
重名惹的祸？广东一女子查征信，发现自己为上海一机构3.96亿贷款担保
https://new.qq.com/rain/a/20241012A08I9X00

2024-10-14 02:12:48,968 - INFO - EXPIRED
联黎部队40个派遣国发表联合声明谴责对维和人员袭击，中方参与签署
https://new.qq.com/rain/a/20241013A024QE00

2024-10-14 02:12:48,968 - INFO - EXPIRED
研究院院长谈95后研究员4博士2博士后：没发现明显问题 考虑继续聘用
https://new.qq.com/rain/a/20241012A09IVL00

2024-10-14 02:12:48,968 - INFO - EXPIRED
如果老旧小区维修价值不大，全体居民同意后直接推倒重建，可行吗？
https://view.inews.qq.com/a/20241012Q085TU00

2024-10-14 02:12:48,968 - INFO - EXPIRED
新疆库车连续发生6次地震
https://new.qq.com/rain/a/20241013A01URA00

2024-10-14 02:12:48,968 - INFO - EXPIRED
陕西一消防车坠河致5死1伤，记者实探事发地：道路旁河岸有七八米高
https://new.qq.com/rain/a/20241013A00AXV00

2024-10-14 02:12:48,968 - INFO - EXPIRED
推动“白名单”扩围！中央重磅部署后，国务院副总理赴地方调研
https://new.qq.com/rain/a/20241013A01G1300

2024-10-14 02:12:48,968 - INFO - EXPIRED
中国新任驻印尼大使王鲁彤抵印尼履新
https://new.qq.com/rain/a/20241013A01GS000

2024-10-14 02:12:48,968 - INFO - EXPIRED
以军连续两天向联合国维和部队开火，不怕激怒国际社会吗？会带来什么后果？
https://view.inews.qq.com/a/20241012Q05J4900

2024-10-14 02:12:48,968 - INFO - EXPIRED
江西一家三口被撞身亡，家属：司机求复合遭拒开快车泄愤，曾想私了
https://new.qq.com/rain/a/20241012A04FS200

2024-10-14 02:12:48,968 - INFO - EXPIRED
江西一副厅级干部被逮捕！今年主动向组织交代问题，通报称其道德败坏
https://new.qq.com/rain/a/20241012A08TXC00

2024-10-14 02:12:48,968 - INFO - EXPIRED
江西彭泽警方：一小区发生刑案致两人死亡，嫌犯在围捕中畏罪自杀
https://new.qq.com/rain/a/20241013A0133500

2024-10-14 02:12:48,968 - INFO - EXPIRED
美媒爆料：以色列缩小袭击伊朗目标清单 包含能源基础设施
https://new.qq.com/rain/a/20241013A00PE800

2024-10-14 02:12:48,968 - INFO - EXPIRED
哈里斯公开个人医疗报告 欲推动公众质疑特朗普的健康状况
https://new.qq.com/rain/a/20241012A0902300

2024-10-14 02:12:48,968 - INFO - EXPIRED
中方“反制”后，欧盟又有新动作：对华胶合板下手
https://new.qq.com/rain/a/20241012A09B0M00

2024-10-14 02:12:48,968 - INFO - EXPIRED
苹果月底新品预测：iPad Mini隔3年上新，M4芯片Mac真机提前泄漏
https://new.qq.com/rain/a/20241013A008T300

2024-10-14 02:12:48,968 - INFO - EXPIRED
财政部同意销毁“六六顺”等28款即开型福利彩票
https://new.qq.com/rain/a/20241012A05OUL00

2024-10-14 02:12:48,968 - INFO - EXPIRED
江西一家三口被撞身亡，家属：对方提出肇事者出狱后伺候我们养老
https://new.qq.com/rain/a/20241012A0837F00

2024-10-14 02:12:48,968 - INFO - EXPIRED
河南濮阳一警察办案向当事人要3000元差旅费？警方通报：已停职处理
https://new.qq.com/rain/a/20241012A09DBO00

2024-10-14 02:12:48,968 - INFO - EXPIRED
百万粉丝网红直播中称头痛，下播后脑溢血住进ICU！团队：他有4个孩子，情况不乐观
https://new.qq.com/rain/a/20241012A06SBJ00

2024-10-14 02:12:48,968 - INFO - EXPIRED
中国女子身背通缉令在泰被抓：涉嫌以介绍空乘名义诈骗，整容携款潜逃
https://new.qq.com/rain/a/20241012A09BMR00

2024-10-14 02:12:48,968 - INFO - EXPIRED
广西一大学生失联数月，家属称其挂科8门无法毕业，校方：一直在处理
https://new.qq.com/rain/a/20241012A060A400

2024-10-14 02:12:48,968 - INFO - EXPIRED
珠峰地区惊现失踪100年登顶者残骸，或解开人类首次攀登珠峰之谜
https://new.qq.com/rain/a/20241012A04A4V00

2024-10-14 02:12:48,968 - INFO - EXPIRED
4天内两名落马中管干部获死缓，涉案金额均超2亿元
https://new.qq.com/rain/a/20241012A08QDV00

2024-10-14 02:12:48,968 - INFO - EXPIRED
两男子用虎头蜂泡酒失误致200多只蜂飞出，它的毒性有多强？泡酒真有功效？
https://view.inews.qq.com/a/20241011Q0A8NA00

2024-10-14 02:12:48,968 - INFO - EXPIRED
河南安阳一高校用餐时间关闭临近小吃街校门？学校：出于食品安全考虑
https://new.qq.com/rain/a/20241012A065EH00

2024-10-14 02:12:48,968 - INFO - EXPIRED
“欧美制裁推动合作”，俄罗斯伊朗即将签署全面战略伙伴关系协议
https://new.qq.com/rain/a/20241012A08C6O00

2024-10-14 02:12:48,968 - INFO - EXPIRED
江西一小区发生刑事案件造成2人死亡，警方通报：已锁定犯罪嫌疑人
https://new.qq.com/rain/a/20241012A09AXY00

2024-10-14 02:12:48,968 - INFO - EXPIRED
广发证券戴康：长牛慢牛需要基本面改善的支持，看好科创领域投资机会
https://new.qq.com/rain/a/20241012A097NR00

2024-10-14 02:12:48,968 - INFO - EXPIRED
“4博士2博后”研究员被暂停聘任 院长：若调查后符合条件 将继续录用
https://new.qq.com/rain/a/20241012A08QDW00

2024-10-14 02:12:49,574 - ERROR - ERROR
东部战区为什么于凌晨夜间发起演习
https://new.qq.com/rain/a/20241014V00WV900
('list index out of range',)
======
Traceback (most recent call last):
  File "/home/runner/work/qqnews/qqnews/qq.py", line 81, in process_article
    ss = str(tmpbs.select("div.LEFT div.content.clearfix")[0])
             ~~~~~~~~~~~~~~~~~~~~~~~~~~~~~~~~~~~~~~~~~~~~~^^^
IndexError: list index out of range


2024-10-14 02:12:49,579 - INFO - INVALID
挑衅越甚，勒得越紧！看三次台岛周边军演示意图
https://new.qq.com/rain/a/20241014A00O8A00

2024-10-14 02:12:49,586 - INFO - INVALID
天安门下半旗悼念吴邦国同志
https://new.qq.com/rain/a/20241014A0135500

2024-10-14 02:12:49,590 - INFO - INVALID
4支海警舰艇编队开展环台岛巡航管控
https://new.qq.com/rain/a/20241014A010QS00

2024-10-14 02:12:49,823 - INFO - INVALID
揭露美国炒作“伏特台风”行动计划真相
https://new.qq.com/rain/a/20241014A01IYT00

2024-10-14 02:12:49,949 - INFO - INVALID
北约14日开启年度核演习，以多种方式威慑对手，主要是俄罗斯
https://new.qq.com/rain/a/20241014A00T0G00

2024-10-14 02:12:49,968 - INFO - INVALID
计划暗杀？一持枪男子在特朗普竞选集会地附近被捕
https://new.qq.com/rain/a/20241014A00GKY00

2024-10-14 02:12:50,025 - INFO - INVALID
“天下第一水司楼”烂尾，有人接盘了
https://new.qq.com/rain/a/20241014A01AZL00

2024-10-14 02:12:50,086 - INFO - INVALID
哀牢山是“中国的百慕大”？迷雾来临向导也不敢轻易开车
https://new.qq.com/rain/a/20241014A0101L00

2024-10-14 02:12:50,243 - INFO - INVALID
但斌回应任泽平：“交流”到此为止，东方港湾依然是百亿私募冠军
https://new.qq.com/rain/a/20241014A00T0U00

2024-10-14 03:17:14,241 - INFO - EXPIRED
注册20多家公司有何用？三问揭开“东北雨姐”直播背后的真相
https://new.qq.com/rain/a/20241013A060Y000

2024-10-14 03:17:14,242 - INFO - EXPIRED
朝鲜人民军总参下达作战预备指示
https://new.qq.com/rain/a/20241013A06KT300

2024-10-14 03:17:14,242 - INFO - EXPIRED
财经调查丨曝光！蓝牌摩托车“狂飙” 背后竟有惊人秘密
https://new.qq.com/rain/a/20241013A072C500

2024-10-14 03:17:14,242 - INFO - EXPIRED
河北秦皇岛游船侧翻致12人死亡，调查报告发布：6人被批准逮捕
https://new.qq.com/rain/a/20241013A06ZX900

2024-10-14 03:17:14,242 - INFO - EXPIRED
东北雨姐带货油污净产品再遭知名博主打假，从爆火到塌房“仅需”20天
https://new.qq.com/rain/a/20241013A04ITM00

2024-10-14 03:17:14,242 - INFO - EXPIRED
河南濮阳警方通报“民警跨省办案索取差旅费”，当事人称银行卡已解冻
https://new.qq.com/rain/a/20241013A06KBK00

2024-10-14 03:17:14,242 - INFO - EXPIRED
村主任撞死邻村村官赔650万改判15年，遇害者女儿：我不想要钱
https://new.qq.com/rain/a/20241013A06B4P00

2024-10-14 03:17:14,242 - INFO - EXPIRED
湖南8个县因焚烧秸秆被约谈
https://new.qq.com/rain/a/20241013A02ZI100

2024-10-14 03:17:14,242 - INFO - EXPIRED
“老头乐”在高速快车道惊险逆行并引发车祸？四川高速交警回应
https://new.qq.com/rain/a/20241013A058BP00

2024-10-14 03:17:14,242 - INFO - EXPIRED
26年老员工举报董事长 IBM大中华区回应“高度重视并彻底调查”
https://new.qq.com/rain/a/20241013A076LD00

2024-10-14 03:17:14,242 - INFO - EXPIRED
警惕！美海军“最安静”核潜艇抵达日本
https://new.qq.com/rain/a/20241013A04QSR00

2024-10-14 03:17:14,242 - INFO - EXPIRED
监管重拳挥向违规减持！有股东套现超三千万，被责令购回并上缴价差
https://new.qq.com/rain/a/20241013A05LX400

2024-10-14 03:17:14,242 - INFO - EXPIRED
安徽蚌埠一辆轿车发生交通事故致3死3伤：肇事司机已被控制
https://new.qq.com/rain/a/20241013V0716I00

2024-10-14 03:17:14,242 - INFO - EXPIRED
创女子世界纪录！切普格蒂奇2小时9分56秒芝马夺冠 迈入210时代
https://new.qq.com/rain/a/20241013A072YH00

2024-10-14 03:17:14,242 - INFO - EXPIRED
日本新增梅毒病例创历史新高，这波高峰是什么因素引起的？
https://view.inews.qq.com/a/20241012Q079VU00

2024-10-14 03:17:14,242 - INFO - EXPIRED
朝鲜国防省发言人发表谈话 谴责韩方发言
https://new.qq.com/rain/a/20241013A06PO400

2024-10-14 03:17:14,242 - INFO - EXPIRED
星舰第五飞发射瞬间和“筷子”夹助推器，精彩视频混剪来了
https://new.qq.com/rain/a/20241013V06G1200

2024-10-14 03:17:14,242 - INFO - EXPIRED
项目评审过程中向专家请托、“打招呼”，西北大学一教授被通报
https://new.qq.com/rain/a/20241013A06SON00

2024-10-14 03:17:14,242 - INFO - EXPIRED
距大选仅剩20多天：哈里斯势头有放缓迹象，双方上演不戴拳套的格斗
https://new.qq.com/rain/a/20241013A06KJF00

2024-10-14 03:17:14,242 - INFO - EXPIRED
山东寿光一企业气体中毒事故致7死4伤，该公司连续3年参保人数均为4人
https://new.qq.com/rain/a/20241013A05MSB00

2024-10-14 03:17:14,242 - INFO - EXPIRED
“网红教授”郑强“重回”浙大：畅谈教育发展与企业创业，鼓励学生读资本论
https://new.qq.com/rain/a/20241013A063Z800

2024-10-14 03:17:14,242 - INFO - EXPIRED
叮咚买菜一仓管猝死，生前上过多日12小时夜班，公司称愿人道补偿
https://new.qq.com/rain/a/20241013A05VU000

2024-10-14 03:17:14,242 - INFO - EXPIRED
实探“东北雨姐”租用小院：人去院空，已成“打卡”地
https://new.qq.com/rain/a/20241013A036JI00

2024-10-14 03:17:14,242 - INFO - EXPIRED
又一千万粉丝网红“听泉鉴宝”塌房？学历造假、盗墓连线等四大疑问待解
https://new.qq.com/rain/a/20241013A05EY400

2024-10-14 03:17:14,242 - INFO - EXPIRED
女童被高年级男生泼开水，教育局回应系恶作剧，女童家属：这就是霸凌
https://new.qq.com/rain/a/20241013A05EQO00

2024-10-14 03:17:14,242 - INFO - EXPIRED
公职人员在饭店院里随地小便被制止拿烟头扔老板 人社局：已向上汇报
https://new.qq.com/rain/a/20241013V0618S00

2024-10-14 03:17:14,242 - INFO - EXPIRED
台湾花莲县发生4.1级地震
https://new.qq.com/rain/a/20241013A061MY00

2024-10-14 03:17:14,242 - INFO - EXPIRED
郑钦文4次对阵萨巴伦卡全败，如何才能越过这座大山？需要提升哪些能力？
https://view.inews.qq.com/a/20241013Q062UL00

2024-10-14 03:17:14,242 - INFO - EXPIRED
车主称问界新M5智驾高速上未紧急制动撞死11只羊，经销商：车辆已减速
https://new.qq.com/rain/a/20241013A057O200

2024-10-14 03:17:14,242 - INFO - EXPIRED
台军称辽宁舰编队通过巴士海峡
https://new.qq.com/rain/a/20241013A053SN00

2024-10-14 03:17:14,242 - INFO - EXPIRED
河南一县城周边出现近2000头野猪
https://new.qq.com/rain/a/20241013A04E9N00

2024-10-14 03:17:14,242 - INFO - EXPIRED
韩方回应朝鲜警告：若构成威胁 朝鲜政权将终结
https://new.qq.com/rain/a/20241013A04GP000

2024-10-14 03:17:14,242 - INFO - EXPIRED
国民党全党力挺谢国梁，基隆市长罢免案未通过，不同意票突破八万
https://new.qq.com/rain/a/20241013A05EC900

2024-10-14 03:17:14,242 - INFO - EXPIRED
女子疑似当街哄骗抱走小孩，被孩子爹抓住，警方通报：系精神障碍患者
https://new.qq.com/rain/a/20241013A03XO000

2024-10-14 03:17:14,242 - INFO - EXPIRED
德国反对派领导人敦促柏林改变乌克兰政策：中国和巴西的提议很好
https://new.qq.com/rain/a/20241013A03Z8G00

2024-10-14 03:17:14,242 - INFO - EXPIRED
女子莫名成为3.96亿元贷款保证人，重名就会被误伤吗？问题出在哪？
https://view.inews.qq.com/a/20241013Q039VL00

2024-10-14 03:17:14,242 - INFO - EXPIRED
龚琳娜疑官宣和德国丈夫老锣离婚，20年婚姻结束，两人婚后育有两子
https://new.qq.com/rain/a/20241013V04LXQ00

2024-10-14 03:17:14,242 - INFO - EXPIRED
“我反对把过期大米卖给农村学校惹怒领导，工作31年离职后实名举报”
https://new.qq.com/rain/a/20241013A01OP300

2024-10-14 03:17:14,242 - INFO - EXPIRED
以媒称美将在以色列部署萨德系统，伊朗会胆怯吗？局势会一发不可收拾吗？
https://view.inews.qq.com/a/20241013Q039FP00

2024-10-14 03:17:14,242 - INFO - EXPIRED
广州一11岁男孩辍学每天6点起来捡瓶子，官方：临时安排学校供其就读
https://new.qq.com/rain/a/20241012A09D2J00

2024-10-14 03:17:14,242 - INFO - EXPIRED
3亿年前巨大昆虫真面貌曝光，体长超2.6米大如汽车，那时的昆虫为何能长这么大？
https://view.inews.qq.com/a/20241012Q08P6A00

2024-10-14 03:17:14,242 - INFO - EXPIRED
金与正：如果韩国无人机再犯领空，朝方将采取强有力的报复应对行动
https://new.qq.com/rain/a/20241013A03G5100

2024-10-14 03:17:14,242 - INFO - EXPIRED
1度电“卖”4元，是谁在“阻碍”电动自行车在楼下充电
https://new.qq.com/rain/a/20241013A0279U00

2024-10-14 03:17:14,243 - INFO - EXPIRED
美国最大中国股票ETF，突破100亿美元
https://new.qq.com/rain/a/20241013A03LTH00

2024-10-14 03:17:14,243 - INFO - EXPIRED
岑浩辉高票当选澳门特区第六任行政长官人选
https://new.qq.com/rain/a/20241013A02QPV00

2024-10-14 03:17:14,243 - INFO - EXPIRED
日月谭天丨 谋“独”挑衅破坏台海和平！岛内舆论戳穿赖清德“双十”谎言
https://new.qq.com/rain/a/20241013A01L2K00

2024-10-14 03:17:14,243 - INFO - EXPIRED
两民警都索要差旅费，为何只处理一人？被民警索取3000元当事人再发声
https://new.qq.com/rain/a/20241013A01KGQ00

2024-10-14 03:17:14,243 - INFO - EXPIRED
大陆游戏《黑神话：悟空》在台湾上市
https://new.qq.com/rain/a/20241013A03G5D00

2024-10-14 03:17:14,243 - INFO - EXPIRED
医生收3000元红包事件反转？媒体：“飞刀”是一件多方获益的好事
https://new.qq.com/rain/a/20241012A05E4C00

2024-10-14 03:17:14,243 - INFO - EXPIRED
十年磨一剑：马斯克从未料到小米会成为对手，比亚迪曾只求活下去
https://new.qq.com/rain/a/20241013A0206N00

2024-10-14 03:17:14,243 - INFO - EXPIRED
倚待长空，彻旦秣马！东部战区发布最新战训视频
https://new.qq.com/rain/a/20241013A02NKQ00

2024-10-14 03:17:14,243 - INFO - EXPIRED
骂战升级！欧尔班呛声欧盟领导人：他们公然说要颠覆匈牙利现政府
https://new.qq.com/rain/a/20241013A02O1Z00

2024-10-14 03:17:14,243 - INFO - EXPIRED
成都市双流区应急管理局：一小型燃油车辆发生燃爆，无人员伤亡
https://new.qq.com/rain/a/20241013A038ZT00

2024-10-14 03:17:14,243 - INFO - EXPIRED
一辆罐车在河北承德发生危化品泄漏，事发地有村民就医，官方回应
https://new.qq.com/rain/a/20241013A031AS00

2024-10-14 03:17:14,243 - INFO - EXPIRED
村民称东北雨姐团队绝大部分并非当地村民：这些人是在表演农村生活
https://new.qq.com/rain/a/20241013A014PI00

2024-10-14 03:17:14,243 - INFO - EXPIRED
日本首相石破茂：找到了解决日中关系问题的线索
https://new.qq.com/rain/a/20241013A01DR100

2024-10-14 03:17:14,243 - INFO - EXPIRED
苹果知难而退？自动驾驶路测提前半年告吹 造车计划再遭重大挫折
https://new.qq.com/rain/a/20241013A02OXH00

2024-10-14 03:17:14,243 - INFO - EXPIRED
中国海警舰艇编队10月13日在我钓鱼岛领海巡航
https://new.qq.com/rain/a/20241013A01TXH00

2024-10-14 03:17:14,243 - INFO - EXPIRED
万科组织架构大调整，开发经营本部直接负责重大项目操盘
https://new.qq.com/rain/a/20241013A0346A00

2024-10-14 03:17:14,243 - INFO - EXPIRED
在约会app上滑遍几千个男性，我依然没有找到爱情
https://new.qq.com/rain/a/20241013A024EI00

2024-10-14 03:17:14,243 - INFO - EXPIRED
非法集资近千亿，资本大佬境外被抓
https://new.qq.com/rain/a/20241013A01JMI00

2024-10-14 03:17:14,243 - INFO - EXPIRED
华春莹发图对比美中电动汽车贸易：“哪一个才是开放市场？”
https://new.qq.com/rain/a/20241012A09HNE00

2024-10-14 03:17:14,243 - INFO - EXPIRED
重名惹的祸？广东一女子查征信，发现自己为上海一机构3.96亿贷款担保
https://new.qq.com/rain/a/20241012A08I9X00

2024-10-14 03:17:14,243 - INFO - EXPIRED
联黎部队40个派遣国发表联合声明谴责对维和人员袭击，中方参与签署
https://new.qq.com/rain/a/20241013A024QE00

2024-10-14 03:17:14,243 - INFO - EXPIRED
研究院院长谈95后研究员4博士2博士后：没发现明显问题 考虑继续聘用
https://new.qq.com/rain/a/20241012A09IVL00

2024-10-14 03:17:14,243 - INFO - EXPIRED
如果老旧小区维修价值不大，全体居民同意后直接推倒重建，可行吗？
https://view.inews.qq.com/a/20241012Q085TU00

2024-10-14 03:17:14,243 - INFO - EXPIRED
新疆库车连续发生6次地震
https://new.qq.com/rain/a/20241013A01URA00

2024-10-14 03:17:14,243 - INFO - EXPIRED
陕西一消防车坠河致5死1伤，记者实探事发地：道路旁河岸有七八米高
https://new.qq.com/rain/a/20241013A00AXV00

2024-10-14 03:17:14,243 - INFO - EXPIRED
推动“白名单”扩围！中央重磅部署后，国务院副总理赴地方调研
https://new.qq.com/rain/a/20241013A01G1300

2024-10-14 03:17:14,243 - INFO - EXPIRED
中国新任驻印尼大使王鲁彤抵印尼履新
https://new.qq.com/rain/a/20241013A01GS000

2024-10-14 03:17:14,243 - INFO - EXPIRED
以军连续两天向联合国维和部队开火，不怕激怒国际社会吗？会带来什么后果？
https://view.inews.qq.com/a/20241012Q05J4900

2024-10-14 03:17:14,243 - INFO - EXPIRED
江西一家三口被撞身亡，家属：司机求复合遭拒开快车泄愤，曾想私了
https://new.qq.com/rain/a/20241012A04FS200

2024-10-14 03:17:14,243 - INFO - EXPIRED
江西一副厅级干部被逮捕！今年主动向组织交代问题，通报称其道德败坏
https://new.qq.com/rain/a/20241012A08TXC00

2024-10-14 03:17:14,243 - INFO - EXPIRED
江西彭泽警方：一小区发生刑案致两人死亡，嫌犯在围捕中畏罪自杀
https://new.qq.com/rain/a/20241013A0133500

2024-10-14 03:17:14,243 - INFO - EXPIRED
美媒爆料：以色列缩小袭击伊朗目标清单 包含能源基础设施
https://new.qq.com/rain/a/20241013A00PE800

2024-10-14 03:17:14,243 - INFO - EXPIRED
哈里斯公开个人医疗报告 欲推动公众质疑特朗普的健康状况
https://new.qq.com/rain/a/20241012A0902300

2024-10-14 03:17:14,243 - INFO - EXPIRED
中方“反制”后，欧盟又有新动作：对华胶合板下手
https://new.qq.com/rain/a/20241012A09B0M00

2024-10-14 03:17:14,243 - INFO - EXPIRED
苹果月底新品预测：iPad Mini隔3年上新，M4芯片Mac真机提前泄漏
https://new.qq.com/rain/a/20241013A008T300

2024-10-14 03:17:14,243 - INFO - EXPIRED
财政部同意销毁“六六顺”等28款即开型福利彩票
https://new.qq.com/rain/a/20241012A05OUL00

2024-10-14 03:17:14,243 - INFO - EXPIRED
江西一家三口被撞身亡，家属：对方提出肇事者出狱后伺候我们养老
https://new.qq.com/rain/a/20241012A0837F00

2024-10-14 03:17:14,243 - INFO - EXPIRED
河南濮阳一警察办案向当事人要3000元差旅费？警方通报：已停职处理
https://new.qq.com/rain/a/20241012A09DBO00

2024-10-14 03:17:14,243 - INFO - EXPIRED
百万粉丝网红直播中称头痛，下播后脑溢血住进ICU！团队：他有4个孩子，情况不乐观
https://new.qq.com/rain/a/20241012A06SBJ00

2024-10-14 03:17:14,816 - INFO - INVALID
海警实现台湾靠大陆侧外岛全控 央媒披露三个突破
https://new.qq.com/rain/a/20241014A024GX00

2024-10-14 03:17:14,821 - INFO - INVALID
涉案资产超31亿、查封房产1021处，外逃原副市长违法所得被申请没收
https://new.qq.com/rain/a/20241014A0288M00

2024-10-14 03:17:14,831 - INFO - INVALID
粮食公司把过期大米重新包装卖给乡村学校？重庆市监局：罚款690万元
https://new.qq.com/rain/a/20241014A02TI400

2024-10-14 03:17:14,836 - INFO - INVALID
中标河北省重点项目，一年多不开工不退费，公司负责人怀疑入骗局
https://new.qq.com/rain/a/20241014A01DMX00

2024-10-14 03:17:14,888 - INFO - INVALID
俄媒：部分乌克兰武装部队已开始从托列茨克撤离
https://new.qq.com/rain/a/20241014A02VZU00

2024-10-14 03:17:15,115 - INFO - INVALID
华尔街热议美股牛市两周年：翻过了山、路还没走完
https://new.qq.com/rain/a/20241014A02UAJ00

2024-10-14 03:17:15,181 - ERROR - ERROR
东部战区为什么于凌晨夜间发起演习
https://new.qq.com/rain/a/20241014V00WV900
('list index out of range',)
======
Traceback (most recent call last):
  File "/home/runner/work/qqnews/qqnews/qq.py", line 81, in process_article
    ss = str(tmpbs.select("div.LEFT div.content.clearfix")[0])
             ~~~~~~~~~~~~~~~~~~~~~~~~~~~~~~~~~~~~~~~~~~~~~^^^
IndexError: list index out of range


2024-10-14 03:17:15,193 - INFO - INVALID
挑衅越甚，勒得越紧！看三次台岛周边军演示意图
https://new.qq.com/rain/a/20241014A00O8A00

2024-10-14 03:17:15,210 - INFO - INVALID
4支海警舰艇编队开展环台岛巡航管控
https://new.qq.com/rain/a/20241014A010QS00

2024-10-14 03:17:15,294 - INFO - INVALID
“天下第一水司楼”烂尾，有人接盘了
https://new.qq.com/rain/a/20241014A01AZL00

2024-10-14 03:17:15,480 - INFO - INVALID
揭露美国炒作“伏特台风”行动计划真相
https://new.qq.com/rain/a/20241014A01IYT00

2024-10-14 03:17:15,486 - INFO - INVALID
2025年国考公告发布：计划招录3.97万人，12月1日笔试
https://new.qq.com/rain/a/20241014A02T1T00

2024-10-14 03:17:15,495 - INFO - INVALID
天安门下半旗悼念吴邦国同志
https://new.qq.com/rain/a/20241014A0135500

2024-10-14 03:17:15,623 - INFO - INVALID
独自养娃的单亲妈妈们，最需要的不是男人
https://new.qq.com/rain/a/20241014A01VTI00

2024-10-14 03:17:15,670 - INFO - INVALID
哀牢山是“中国的百慕大”？迷雾来临向导也不敢轻易开车
https://new.qq.com/rain/a/20241014A0101L00

2024-10-14 03:17:15,771 - INFO - INVALID
北约14日开启年度核演习，以多种方式威慑对手，主要是俄罗斯
https://new.qq.com/rain/a/20241014A00T0G00

2024-10-14 03:17:15,780 - INFO - INVALID
计划暗杀？一持枪男子在特朗普竞选集会地附近被捕
https://new.qq.com/rain/a/20241014A00GKY00

2024-10-14 03:17:15,869 - INFO - INVALID
但斌回应任泽平：“交流”到此为止，东方港湾依然是百亿私募冠军
https://new.qq.com/rain/a/20241014A00T0U00

2024-10-14 04:09:22,934 - INFO - EXPIRED
“老头乐”在高速快车道惊险逆行并引发车祸？四川高速交警回应
https://new.qq.com/rain/a/20241013A058BP00

2024-10-14 04:09:22,934 - INFO - EXPIRED
武汉一小区业主集资修路：离地铁站只有600米，却要走40分钟
https://new.qq.com/rain/a/20241013A03F9T00

2024-10-14 04:09:22,934 - INFO - EXPIRED
亿万富翁被控用矿泉水瓶将前妻鼻子砸成轻伤二级，被判一年两个月
https://new.qq.com/rain/a/20241013A045C800

2024-10-14 04:09:22,934 - INFO - EXPIRED
注册20多家公司有何用？三问揭开“东北雨姐”直播背后的真相
https://new.qq.com/rain/a/20241013A060Y000

2024-10-14 04:09:22,934 - INFO - EXPIRED
朝鲜人民军总参下达作战预备指示
https://new.qq.com/rain/a/20241013A06KT300

2024-10-14 04:09:22,934 - INFO - EXPIRED
财经调查丨曝光！蓝牌摩托车“狂飙” 背后竟有惊人秘密
https://new.qq.com/rain/a/20241013A072C500

2024-10-14 04:09:22,934 - INFO - EXPIRED
河北秦皇岛游船侧翻致12人死亡，调查报告发布：6人被批准逮捕
https://new.qq.com/rain/a/20241013A06ZX900

2024-10-14 04:09:22,934 - INFO - EXPIRED
东北雨姐带货油污净产品再遭知名博主打假，从爆火到塌房“仅需”20天
https://new.qq.com/rain/a/20241013A04ITM00

2024-10-14 04:09:22,934 - INFO - EXPIRED
河南濮阳警方通报“民警跨省办案索取差旅费”，当事人称银行卡已解冻
https://new.qq.com/rain/a/20241013A06KBK00

2024-10-14 04:09:22,934 - INFO - EXPIRED
村主任撞死邻村村官赔650万改判15年，遇害者女儿：我不想要钱
https://new.qq.com/rain/a/20241013A06B4P00

2024-10-14 04:09:22,934 - INFO - EXPIRED
湖南8个县因焚烧秸秆被约谈
https://new.qq.com/rain/a/20241013A02ZI100

2024-10-14 04:09:22,934 - INFO - EXPIRED
26年老员工举报董事长 IBM大中华区回应“高度重视并彻底调查”
https://new.qq.com/rain/a/20241013A076LD00

2024-10-14 04:09:22,934 - INFO - EXPIRED
警惕！美海军“最安静”核潜艇抵达日本
https://new.qq.com/rain/a/20241013A04QSR00

2024-10-14 04:09:22,934 - INFO - EXPIRED
监管重拳挥向违规减持！有股东套现超三千万，被责令购回并上缴价差
https://new.qq.com/rain/a/20241013A05LX400

2024-10-14 04:09:22,934 - INFO - EXPIRED
安徽蚌埠一辆轿车发生交通事故致3死3伤：肇事司机已被控制
https://new.qq.com/rain/a/20241013V0716I00

2024-10-14 04:09:22,934 - INFO - EXPIRED
创女子世界纪录！切普格蒂奇2小时9分56秒芝马夺冠 迈入210时代
https://new.qq.com/rain/a/20241013A072YH00

2024-10-14 04:09:22,934 - INFO - EXPIRED
日本新增梅毒病例创历史新高，这波高峰是什么因素引起的？
https://view.inews.qq.com/a/20241012Q079VU00

2024-10-14 04:09:22,934 - INFO - EXPIRED
朝鲜国防省发言人发表谈话 谴责韩方发言
https://new.qq.com/rain/a/20241013A06PO400

2024-10-14 04:09:22,934 - INFO - EXPIRED
星舰第五飞发射瞬间和“筷子”夹助推器，精彩视频混剪来了
https://new.qq.com/rain/a/20241013V06G1200

2024-10-14 04:09:22,934 - INFO - EXPIRED
项目评审过程中向专家请托、“打招呼”，西北大学一教授被通报
https://new.qq.com/rain/a/20241013A06SON00

2024-10-14 04:09:22,934 - INFO - EXPIRED
距大选仅剩20多天：哈里斯势头有放缓迹象，双方上演不戴拳套的格斗
https://new.qq.com/rain/a/20241013A06KJF00

2024-10-14 04:09:22,934 - INFO - EXPIRED
山东寿光一企业气体中毒事故致7死4伤，该公司连续3年参保人数均为4人
https://new.qq.com/rain/a/20241013A05MSB00

2024-10-14 04:09:22,934 - INFO - EXPIRED
“网红教授”郑强“重回”浙大：畅谈教育发展与企业创业，鼓励学生读资本论
https://new.qq.com/rain/a/20241013A063Z800

2024-10-14 04:09:22,934 - INFO - EXPIRED
叮咚买菜一仓管猝死，生前上过多日12小时夜班，公司称愿人道补偿
https://new.qq.com/rain/a/20241013A05VU000

2024-10-14 04:09:22,934 - INFO - EXPIRED
实探“东北雨姐”租用小院：人去院空，已成“打卡”地
https://new.qq.com/rain/a/20241013A036JI00

2024-10-14 04:09:22,934 - INFO - EXPIRED
又一千万粉丝网红“听泉鉴宝”塌房？学历造假、盗墓连线等四大疑问待解
https://new.qq.com/rain/a/20241013A05EY400

2024-10-14 04:09:22,934 - INFO - EXPIRED
女童被高年级男生泼开水，教育局回应系恶作剧，女童家属：这就是霸凌
https://new.qq.com/rain/a/20241013A05EQO00

2024-10-14 04:09:22,934 - INFO - EXPIRED
公职人员在饭店院里随地小便被制止拿烟头扔老板 人社局：已向上汇报
https://new.qq.com/rain/a/20241013V0618S00

2024-10-14 04:09:22,934 - INFO - EXPIRED
台湾花莲县发生4.1级地震
https://new.qq.com/rain/a/20241013A061MY00

2024-10-14 04:09:22,935 - INFO - EXPIRED
郑钦文4次对阵萨巴伦卡全败，如何才能越过这座大山？需要提升哪些能力？
https://view.inews.qq.com/a/20241013Q062UL00

2024-10-14 04:09:22,935 - INFO - EXPIRED
车主称问界新M5智驾高速上未紧急制动撞死11只羊，经销商：车辆已减速
https://new.qq.com/rain/a/20241013A057O200

2024-10-14 04:09:22,935 - INFO - EXPIRED
台军称辽宁舰编队通过巴士海峡
https://new.qq.com/rain/a/20241013A053SN00

2024-10-14 04:09:22,935 - INFO - EXPIRED
河南一县城周边出现近2000头野猪
https://new.qq.com/rain/a/20241013A04E9N00

2024-10-14 04:09:22,935 - INFO - EXPIRED
韩方回应朝鲜警告：若构成威胁 朝鲜政权将终结
https://new.qq.com/rain/a/20241013A04GP000

2024-10-14 04:09:22,935 - INFO - EXPIRED
国民党全党力挺谢国梁，基隆市长罢免案未通过，不同意票突破八万
https://new.qq.com/rain/a/20241013A05EC900

2024-10-14 04:09:22,935 - INFO - EXPIRED
女子疑似当街哄骗抱走小孩，被孩子爹抓住，警方通报：系精神障碍患者
https://new.qq.com/rain/a/20241013A03XO000

2024-10-14 04:09:22,935 - INFO - EXPIRED
德国反对派领导人敦促柏林改变乌克兰政策：中国和巴西的提议很好
https://new.qq.com/rain/a/20241013A03Z8G00

2024-10-14 04:09:22,935 - INFO - EXPIRED
女子莫名成为3.96亿元贷款保证人，重名就会被误伤吗？问题出在哪？
https://view.inews.qq.com/a/20241013Q039VL00

2024-10-14 04:09:22,935 - INFO - EXPIRED
龚琳娜疑官宣和德国丈夫老锣离婚，20年婚姻结束，两人婚后育有两子
https://new.qq.com/rain/a/20241013V04LXQ00

2024-10-14 04:09:22,935 - INFO - EXPIRED
“我反对把过期大米卖给农村学校惹怒领导，工作31年离职后实名举报”
https://new.qq.com/rain/a/20241013A01OP300

2024-10-14 04:09:22,935 - INFO - EXPIRED
以媒称美将在以色列部署萨德系统，伊朗会胆怯吗？局势会一发不可收拾吗？
https://view.inews.qq.com/a/20241013Q039FP00

2024-10-14 04:09:22,935 - INFO - EXPIRED
广州一11岁男孩辍学每天6点起来捡瓶子，官方：临时安排学校供其就读
https://new.qq.com/rain/a/20241012A09D2J00

2024-10-14 04:09:22,935 - INFO - EXPIRED
3亿年前巨大昆虫真面貌曝光，体长超2.6米大如汽车，那时的昆虫为何能长这么大？
https://view.inews.qq.com/a/20241012Q08P6A00

2024-10-14 04:09:22,935 - INFO - EXPIRED
金与正：如果韩国无人机再犯领空，朝方将采取强有力的报复应对行动
https://new.qq.com/rain/a/20241013A03G5100

2024-10-14 04:09:22,935 - INFO - EXPIRED
1度电“卖”4元，是谁在“阻碍”电动自行车在楼下充电
https://new.qq.com/rain/a/20241013A0279U00

2024-10-14 04:09:22,935 - INFO - EXPIRED
美国最大中国股票ETF，突破100亿美元
https://new.qq.com/rain/a/20241013A03LTH00

2024-10-14 04:09:22,935 - INFO - EXPIRED
岑浩辉高票当选澳门特区第六任行政长官人选
https://new.qq.com/rain/a/20241013A02QPV00

2024-10-14 04:09:22,935 - INFO - EXPIRED
日月谭天丨 谋“独”挑衅破坏台海和平！岛内舆论戳穿赖清德“双十”谎言
https://new.qq.com/rain/a/20241013A01L2K00

2024-10-14 04:09:22,935 - INFO - EXPIRED
两民警都索要差旅费，为何只处理一人？被民警索取3000元当事人再发声
https://new.qq.com/rain/a/20241013A01KGQ00

2024-10-14 04:09:22,935 - INFO - EXPIRED
大陆游戏《黑神话：悟空》在台湾上市
https://new.qq.com/rain/a/20241013A03G5D00

2024-10-14 04:09:22,935 - INFO - EXPIRED
医生收3000元红包事件反转？媒体：“飞刀”是一件多方获益的好事
https://new.qq.com/rain/a/20241012A05E4C00

2024-10-14 04:09:22,935 - INFO - EXPIRED
十年磨一剑：马斯克从未料到小米会成为对手，比亚迪曾只求活下去
https://new.qq.com/rain/a/20241013A0206N00

2024-10-14 04:09:22,935 - INFO - EXPIRED
倚待长空，彻旦秣马！东部战区发布最新战训视频
https://new.qq.com/rain/a/20241013A02NKQ00

2024-10-14 04:09:22,935 - INFO - EXPIRED
骂战升级！欧尔班呛声欧盟领导人：他们公然说要颠覆匈牙利现政府
https://new.qq.com/rain/a/20241013A02O1Z00

2024-10-14 04:09:22,935 - INFO - EXPIRED
成都市双流区应急管理局：一小型燃油车辆发生燃爆，无人员伤亡
https://new.qq.com/rain/a/20241013A038ZT00

2024-10-14 04:09:22,935 - INFO - EXPIRED
一辆罐车在河北承德发生危化品泄漏，事发地有村民就医，官方回应
https://new.qq.com/rain/a/20241013A031AS00

2024-10-14 04:09:22,935 - INFO - EXPIRED
村民称东北雨姐团队绝大部分并非当地村民：这些人是在表演农村生活
https://new.qq.com/rain/a/20241013A014PI00

2024-10-14 04:09:22,935 - INFO - EXPIRED
日本首相石破茂：找到了解决日中关系问题的线索
https://new.qq.com/rain/a/20241013A01DR100

2024-10-14 04:09:22,935 - INFO - EXPIRED
苹果知难而退？自动驾驶路测提前半年告吹 造车计划再遭重大挫折
https://new.qq.com/rain/a/20241013A02OXH00

2024-10-14 04:09:22,935 - INFO - EXPIRED
中国海警舰艇编队10月13日在我钓鱼岛领海巡航
https://new.qq.com/rain/a/20241013A01TXH00

2024-10-14 04:09:22,935 - INFO - EXPIRED
万科组织架构大调整，开发经营本部直接负责重大项目操盘
https://new.qq.com/rain/a/20241013A0346A00

2024-10-14 04:09:22,935 - INFO - EXPIRED
在约会app上滑遍几千个男性，我依然没有找到爱情
https://new.qq.com/rain/a/20241013A024EI00

2024-10-14 04:09:22,935 - INFO - EXPIRED
非法集资近千亿，资本大佬境外被抓
https://new.qq.com/rain/a/20241013A01JMI00

2024-10-14 04:09:22,935 - INFO - EXPIRED
华春莹发图对比美中电动汽车贸易：“哪一个才是开放市场？”
https://new.qq.com/rain/a/20241012A09HNE00

2024-10-14 04:09:22,935 - INFO - EXPIRED
重名惹的祸？广东一女子查征信，发现自己为上海一机构3.96亿贷款担保
https://new.qq.com/rain/a/20241012A08I9X00

2024-10-14 04:09:22,935 - INFO - EXPIRED
联黎部队40个派遣国发表联合声明谴责对维和人员袭击，中方参与签署
https://new.qq.com/rain/a/20241013A024QE00

2024-10-14 04:09:22,935 - INFO - EXPIRED
研究院院长谈95后研究员4博士2博士后：没发现明显问题 考虑继续聘用
https://new.qq.com/rain/a/20241012A09IVL00

2024-10-14 04:09:22,935 - INFO - EXPIRED
如果老旧小区维修价值不大，全体居民同意后直接推倒重建，可行吗？
https://view.inews.qq.com/a/20241012Q085TU00

2024-10-14 04:09:22,935 - INFO - EXPIRED
新疆库车连续发生6次地震
https://new.qq.com/rain/a/20241013A01URA00

2024-10-14 04:09:22,935 - INFO - EXPIRED
陕西一消防车坠河致5死1伤，记者实探事发地：道路旁河岸有七八米高
https://new.qq.com/rain/a/20241013A00AXV00

2024-10-14 04:09:22,935 - INFO - EXPIRED
推动“白名单”扩围！中央重磅部署后，国务院副总理赴地方调研
https://new.qq.com/rain/a/20241013A01G1300

2024-10-14 04:09:22,935 - INFO - EXPIRED
中国新任驻印尼大使王鲁彤抵印尼履新
https://new.qq.com/rain/a/20241013A01GS000

2024-10-14 04:09:22,935 - INFO - EXPIRED
以军连续两天向联合国维和部队开火，不怕激怒国际社会吗？会带来什么后果？
https://view.inews.qq.com/a/20241012Q05J4900

2024-10-14 04:09:22,935 - INFO - EXPIRED
江西一家三口被撞身亡，家属：司机求复合遭拒开快车泄愤，曾想私了
https://new.qq.com/rain/a/20241012A04FS200

2024-10-14 04:09:22,935 - INFO - EXPIRED
江西一副厅级干部被逮捕！今年主动向组织交代问题，通报称其道德败坏
https://new.qq.com/rain/a/20241012A08TXC00

2024-10-14 04:09:22,935 - INFO - EXPIRED
江西彭泽警方：一小区发生刑案致两人死亡，嫌犯在围捕中畏罪自杀
https://new.qq.com/rain/a/20241013A0133500

2024-10-14 04:09:23,924 - INFO - INVALID
涉案资产超31亿、查封房产1021处，外逃原副市长违法所得被申请没收
https://new.qq.com/rain/a/20241014A0288M00

2024-10-14 04:09:23,935 - INFO - INVALID
粮食公司把过期大米重新包装卖给乡村学校？重庆市监局：罚款690万元
https://new.qq.com/rain/a/20241014A02TI400

2024-10-14 04:09:23,944 - INFO - INVALID
海警实现台湾靠大陆侧外岛全控 央媒披露三个突破
https://new.qq.com/rain/a/20241014A024GX00

2024-10-14 04:09:23,994 - INFO - INVALID
中标河北省重点项目，一年多不开工不退费，公司负责人怀疑入骗局
https://new.qq.com/rain/a/20241014A01DMX00

2024-10-14 04:09:24,005 - INFO - INVALID
河北邯郸一村庄多名村民被人杀害？当地120工作人员：有2人死亡
https://new.qq.com/rain/a/20241014A03DZI00

2024-10-14 04:09:24,244 - INFO - INVALID
俄媒：部分乌克兰武装部队已开始从托列茨克撤离
https://new.qq.com/rain/a/20241014A02VZU00

2024-10-14 04:09:24,249 - INFO - INVALID
一家难觅地址的深圳企业，多次造假跃升成“中国数码零售巨头”
https://new.qq.com/rain/a/20241014A0398D00

2024-10-14 04:09:24,288 - INFO - INVALID
案涉万达商业股权，好兄弟被催收36亿，考验王健林情义的时候到了
https://new.qq.com/rain/a/20241014A03BYH00

2024-10-14 04:09:24,314 - INFO - INVALID
光伏行业协会于今天9点在上海召开防止行业内卷式恶性竞争座谈会
https://new.qq.com/rain/a/20241014A03C4I00

2024-10-14 04:09:24,432 - INFO - INVALID
华尔街热议美股牛市两周年：翻过了山、路还没走完
https://new.qq.com/rain/a/20241014A02UAJ00

2024-10-14 04:09:24,589 - INFO - INVALID
挑衅越甚，勒得越紧！看三次台岛周边军演示意图
https://new.qq.com/rain/a/20241014A00O8A00

2024-10-14 04:09:24,607 - ERROR - ERROR
东部战区为什么于凌晨夜间发起演习
https://new.qq.com/rain/a/20241014V00WV900
('list index out of range',)
======
Traceback (most recent call last):
  File "/home/runner/work/qqnews/qqnews/qq.py", line 81, in process_article
    ss = str(tmpbs.select("div.LEFT div.content.clearfix")[0])
             ~~~~~~~~~~~~~~~~~~~~~~~~~~~~~~~~~~~~~~~~~~~~~^^^
IndexError: list index out of range


2024-10-14 04:09:24,611 - INFO - INVALID
4支海警舰艇编队开展环台岛巡航管控
https://new.qq.com/rain/a/20241014A010QS00

2024-10-14 04:09:24,775 - INFO - INVALID
酒仙集团郝鸿峰：明年是中小酒企生死存亡年，多才多艺是被逼出来的
https://new.qq.com/rain/a/20241014A02AB800

2024-10-14 04:09:24,881 - INFO - INVALID
“天下第一水司楼”烂尾，有人接盘了
https://new.qq.com/rain/a/20241014A01AZL00

2024-10-14 04:09:24,912 - INFO - INVALID
天安门下半旗悼念吴邦国同志
https://new.qq.com/rain/a/20241014A0135500

2024-10-14 04:09:24,952 - INFO - INVALID
2025年国考公告发布：计划招录3.97万人，12月1日笔试
https://new.qq.com/rain/a/20241014A02T1T00

2024-10-14 04:09:24,969 - INFO - INVALID
揭露美国炒作“伏特台风”行动计划真相
https://new.qq.com/rain/a/20241014A01IYT00

2024-10-14 04:09:25,087 - INFO - INVALID
独自养娃的单亲妈妈们，最需要的不是男人
https://new.qq.com/rain/a/20241014A01VTI00

2024-10-14 04:09:25,246 - INFO - INVALID
计划暗杀？一持枪男子在特朗普竞选集会地附近被捕
https://new.qq.com/rain/a/20241014A00GKY00

2024-10-14 04:09:25,249 - INFO - INVALID
哀牢山是“中国的百慕大”？迷雾来临向导也不敢轻易开车
https://new.qq.com/rain/a/20241014A0101L00

2024-10-14 04:09:25,283 - INFO - INVALID
北约14日开启年度核演习，以多种方式威慑对手，主要是俄罗斯
https://new.qq.com/rain/a/20241014A00T0G00

2024-10-14 04:09:25,335 - INFO - INVALID
一张报纸写不下！外逃副市长被申请没收违法所得，含38辆车1021处房产
https://new.qq.com/rain/a/20241014A03D2L00

2024-10-14 04:09:25,394 - INFO - INVALID
但斌回应任泽平：“交流”到此为止，东方港湾依然是百亿私募冠军
https://new.qq.com/rain/a/20241014A00T0U00

2024-10-14 05:00:51,778 - INFO - EXPIRED
“老头乐”在高速快车道惊险逆行并引发车祸？四川高速交警回应
https://new.qq.com/rain/a/20241013A058BP00

2024-10-14 05:00:51,779 - INFO - EXPIRED
武汉一小区业主集资修路：离地铁站只有600米，却要走40分钟
https://new.qq.com/rain/a/20241013A03F9T00

2024-10-14 05:00:51,779 - INFO - EXPIRED
亿万富翁被控用矿泉水瓶将前妻鼻子砸成轻伤二级，被判一年两个月
https://new.qq.com/rain/a/20241013A045C800

2024-10-14 05:00:51,779 - INFO - EXPIRED
注册20多家公司有何用？三问揭开“东北雨姐”直播背后的真相
https://new.qq.com/rain/a/20241013A060Y000

2024-10-14 05:00:51,779 - INFO - EXPIRED
朝鲜人民军总参下达作战预备指示
https://new.qq.com/rain/a/20241013A06KT300

2024-10-14 05:00:51,779 - INFO - EXPIRED
财经调查丨曝光！蓝牌摩托车“狂飙” 背后竟有惊人秘密
https://new.qq.com/rain/a/20241013A072C500

2024-10-14 05:00:51,779 - INFO - EXPIRED
河北秦皇岛游船侧翻致12人死亡，调查报告发布：6人被批准逮捕
https://new.qq.com/rain/a/20241013A06ZX900

2024-10-14 05:00:51,779 - INFO - EXPIRED
东北雨姐带货油污净产品再遭知名博主打假，从爆火到塌房“仅需”20天
https://new.qq.com/rain/a/20241013A04ITM00

2024-10-14 05:00:51,779 - INFO - EXPIRED
河南濮阳警方通报“民警跨省办案索取差旅费”，当事人称银行卡已解冻
https://new.qq.com/rain/a/20241013A06KBK00

2024-10-14 05:00:51,779 - INFO - EXPIRED
村主任撞死邻村村官赔650万改判15年，遇害者女儿：我不想要钱
https://new.qq.com/rain/a/20241013A06B4P00

2024-10-14 05:00:51,779 - INFO - EXPIRED
湖南8个县因焚烧秸秆被约谈
https://new.qq.com/rain/a/20241013A02ZI100

2024-10-14 05:00:51,779 - INFO - EXPIRED
26年老员工举报董事长 IBM大中华区回应“高度重视并彻底调查”
https://new.qq.com/rain/a/20241013A076LD00

2024-10-14 05:00:51,779 - INFO - EXPIRED
警惕！美海军“最安静”核潜艇抵达日本
https://new.qq.com/rain/a/20241013A04QSR00

2024-10-14 05:00:51,779 - INFO - EXPIRED
监管重拳挥向违规减持！有股东套现超三千万，被责令购回并上缴价差
https://new.qq.com/rain/a/20241013A05LX400

2024-10-14 05:00:51,779 - INFO - EXPIRED
安徽蚌埠一辆轿车发生交通事故致3死3伤：肇事司机已被控制
https://new.qq.com/rain/a/20241013V0716I00

2024-10-14 05:00:51,779 - INFO - EXPIRED
创女子世界纪录！切普格蒂奇2小时9分56秒芝马夺冠 迈入210时代
https://new.qq.com/rain/a/20241013A072YH00

2024-10-14 05:00:51,779 - INFO - EXPIRED
日本新增梅毒病例创历史新高，这波高峰是什么因素引起的？
https://view.inews.qq.com/a/20241012Q079VU00

2024-10-14 05:00:51,779 - INFO - EXPIRED
朝鲜国防省发言人发表谈话 谴责韩方发言
https://new.qq.com/rain/a/20241013A06PO400

2024-10-14 05:00:51,779 - INFO - EXPIRED
星舰第五飞发射瞬间和“筷子”夹助推器，精彩视频混剪来了
https://new.qq.com/rain/a/20241013V06G1200

2024-10-14 05:00:51,779 - INFO - EXPIRED
项目评审过程中向专家请托、“打招呼”，西北大学一教授被通报
https://new.qq.com/rain/a/20241013A06SON00

2024-10-14 05:00:51,779 - INFO - EXPIRED
距大选仅剩20多天：哈里斯势头有放缓迹象，双方上演不戴拳套的格斗
https://new.qq.com/rain/a/20241013A06KJF00

2024-10-14 05:00:51,779 - INFO - EXPIRED
山东寿光一企业气体中毒事故致7死4伤，该公司连续3年参保人数均为4人
https://new.qq.com/rain/a/20241013A05MSB00

2024-10-14 05:00:51,779 - INFO - EXPIRED
“网红教授”郑强“重回”浙大：畅谈教育发展与企业创业，鼓励学生读资本论
https://new.qq.com/rain/a/20241013A063Z800

2024-10-14 05:00:51,779 - INFO - EXPIRED
叮咚买菜一仓管猝死，生前上过多日12小时夜班，公司称愿人道补偿
https://new.qq.com/rain/a/20241013A05VU000

2024-10-14 05:00:51,779 - INFO - EXPIRED
实探“东北雨姐”租用小院：人去院空，已成“打卡”地
https://new.qq.com/rain/a/20241013A036JI00

2024-10-14 05:00:51,779 - INFO - EXPIRED
又一千万粉丝网红“听泉鉴宝”塌房？学历造假、盗墓连线等四大疑问待解
https://new.qq.com/rain/a/20241013A05EY400

2024-10-14 05:00:51,779 - INFO - EXPIRED
女童被高年级男生泼开水，教育局回应系恶作剧，女童家属：这就是霸凌
https://new.qq.com/rain/a/20241013A05EQO00

2024-10-14 05:00:51,779 - INFO - EXPIRED
公职人员在饭店院里随地小便被制止拿烟头扔老板 人社局：已向上汇报
https://new.qq.com/rain/a/20241013V0618S00

2024-10-14 05:00:51,779 - INFO - EXPIRED
台湾花莲县发生4.1级地震
https://new.qq.com/rain/a/20241013A061MY00

2024-10-14 05:00:51,779 - INFO - EXPIRED
郑钦文4次对阵萨巴伦卡全败，如何才能越过这座大山？需要提升哪些能力？
https://view.inews.qq.com/a/20241013Q062UL00

2024-10-14 05:00:51,779 - INFO - EXPIRED
车主称问界新M5智驾高速上未紧急制动撞死11只羊，经销商：车辆已减速
https://new.qq.com/rain/a/20241013A057O200

2024-10-14 05:00:51,779 - INFO - EXPIRED
台军称辽宁舰编队通过巴士海峡
https://new.qq.com/rain/a/20241013A053SN00

2024-10-14 05:00:51,779 - INFO - EXPIRED
河南一县城周边出现近2000头野猪
https://new.qq.com/rain/a/20241013A04E9N00

2024-10-14 05:00:51,779 - INFO - EXPIRED
韩方回应朝鲜警告：若构成威胁 朝鲜政权将终结
https://new.qq.com/rain/a/20241013A04GP000

2024-10-14 05:00:51,779 - INFO - EXPIRED
国民党全党力挺谢国梁，基隆市长罢免案未通过，不同意票突破八万
https://new.qq.com/rain/a/20241013A05EC900

2024-10-14 05:00:51,779 - INFO - EXPIRED
女子疑似当街哄骗抱走小孩，被孩子爹抓住，警方通报：系精神障碍患者
https://new.qq.com/rain/a/20241013A03XO000

2024-10-14 05:00:51,779 - INFO - EXPIRED
德国反对派领导人敦促柏林改变乌克兰政策：中国和巴西的提议很好
https://new.qq.com/rain/a/20241013A03Z8G00

2024-10-14 05:00:51,779 - INFO - EXPIRED
女子莫名成为3.96亿元贷款保证人，重名就会被误伤吗？问题出在哪？
https://view.inews.qq.com/a/20241013Q039VL00

2024-10-14 05:00:51,779 - INFO - EXPIRED
龚琳娜疑官宣和德国丈夫老锣离婚，20年婚姻结束，两人婚后育有两子
https://new.qq.com/rain/a/20241013V04LXQ00

2024-10-14 05:00:51,779 - INFO - EXPIRED
“我反对把过期大米卖给农村学校惹怒领导，工作31年离职后实名举报”
https://new.qq.com/rain/a/20241013A01OP300

2024-10-14 05:00:51,779 - INFO - EXPIRED
以媒称美将在以色列部署萨德系统，伊朗会胆怯吗？局势会一发不可收拾吗？
https://view.inews.qq.com/a/20241013Q039FP00

2024-10-14 05:00:51,779 - INFO - EXPIRED
广州一11岁男孩辍学每天6点起来捡瓶子，官方：临时安排学校供其就读
https://new.qq.com/rain/a/20241012A09D2J00

2024-10-14 05:00:51,779 - INFO - EXPIRED
3亿年前巨大昆虫真面貌曝光，体长超2.6米大如汽车，那时的昆虫为何能长这么大？
https://view.inews.qq.com/a/20241012Q08P6A00

2024-10-14 05:00:51,779 - INFO - EXPIRED
金与正：如果韩国无人机再犯领空，朝方将采取强有力的报复应对行动
https://new.qq.com/rain/a/20241013A03G5100

2024-10-14 05:00:51,779 - INFO - EXPIRED
1度电“卖”4元，是谁在“阻碍”电动自行车在楼下充电
https://new.qq.com/rain/a/20241013A0279U00

2024-10-14 05:00:51,780 - INFO - EXPIRED
美国最大中国股票ETF，突破100亿美元
https://new.qq.com/rain/a/20241013A03LTH00

2024-10-14 05:00:51,780 - INFO - EXPIRED
岑浩辉高票当选澳门特区第六任行政长官人选
https://new.qq.com/rain/a/20241013A02QPV00

2024-10-14 05:00:51,780 - INFO - EXPIRED
日月谭天丨 谋“独”挑衅破坏台海和平！岛内舆论戳穿赖清德“双十”谎言
https://new.qq.com/rain/a/20241013A01L2K00

2024-10-14 05:00:51,780 - INFO - EXPIRED
两民警都索要差旅费，为何只处理一人？被民警索取3000元当事人再发声
https://new.qq.com/rain/a/20241013A01KGQ00

2024-10-14 05:00:51,780 - INFO - EXPIRED
大陆游戏《黑神话：悟空》在台湾上市
https://new.qq.com/rain/a/20241013A03G5D00

2024-10-14 05:00:51,780 - INFO - EXPIRED
医生收3000元红包事件反转？媒体：“飞刀”是一件多方获益的好事
https://new.qq.com/rain/a/20241012A05E4C00

2024-10-14 05:00:51,780 - INFO - EXPIRED
十年磨一剑：马斯克从未料到小米会成为对手，比亚迪曾只求活下去
https://new.qq.com/rain/a/20241013A0206N00

2024-10-14 05:00:51,780 - INFO - EXPIRED
倚待长空，彻旦秣马！东部战区发布最新战训视频
https://new.qq.com/rain/a/20241013A02NKQ00

2024-10-14 05:00:51,780 - INFO - EXPIRED
骂战升级！欧尔班呛声欧盟领导人：他们公然说要颠覆匈牙利现政府
https://new.qq.com/rain/a/20241013A02O1Z00

2024-10-14 05:00:51,780 - INFO - EXPIRED
成都市双流区应急管理局：一小型燃油车辆发生燃爆，无人员伤亡
https://new.qq.com/rain/a/20241013A038ZT00

2024-10-14 05:00:51,780 - INFO - EXPIRED
一辆罐车在河北承德发生危化品泄漏，事发地有村民就医，官方回应
https://new.qq.com/rain/a/20241013A031AS00

2024-10-14 05:00:51,780 - INFO - EXPIRED
村民称东北雨姐团队绝大部分并非当地村民：这些人是在表演农村生活
https://new.qq.com/rain/a/20241013A014PI00

2024-10-14 05:00:51,780 - INFO - EXPIRED
日本首相石破茂：找到了解决日中关系问题的线索
https://new.qq.com/rain/a/20241013A01DR100

2024-10-14 05:00:51,780 - INFO - EXPIRED
苹果知难而退？自动驾驶路测提前半年告吹 造车计划再遭重大挫折
https://new.qq.com/rain/a/20241013A02OXH00

2024-10-14 05:00:51,780 - INFO - EXPIRED
中国海警舰艇编队10月13日在我钓鱼岛领海巡航
https://new.qq.com/rain/a/20241013A01TXH00

2024-10-14 05:00:51,780 - INFO - EXPIRED
万科组织架构大调整，开发经营本部直接负责重大项目操盘
https://new.qq.com/rain/a/20241013A0346A00

2024-10-14 05:00:51,780 - INFO - EXPIRED
在约会app上滑遍几千个男性，我依然没有找到爱情
https://new.qq.com/rain/a/20241013A024EI00

2024-10-14 05:00:51,780 - INFO - EXPIRED
非法集资近千亿，资本大佬境外被抓
https://new.qq.com/rain/a/20241013A01JMI00

2024-10-14 05:00:51,780 - INFO - EXPIRED
华春莹发图对比美中电动汽车贸易：“哪一个才是开放市场？”
https://new.qq.com/rain/a/20241012A09HNE00

2024-10-14 05:00:51,780 - INFO - EXPIRED
重名惹的祸？广东一女子查征信，发现自己为上海一机构3.96亿贷款担保
https://new.qq.com/rain/a/20241012A08I9X00

2024-10-14 05:00:51,780 - INFO - EXPIRED
联黎部队40个派遣国发表联合声明谴责对维和人员袭击，中方参与签署
https://new.qq.com/rain/a/20241013A024QE00

2024-10-14 05:00:51,780 - INFO - EXPIRED
研究院院长谈95后研究员4博士2博士后：没发现明显问题 考虑继续聘用
https://new.qq.com/rain/a/20241012A09IVL00

2024-10-14 05:00:51,780 - INFO - EXPIRED
如果老旧小区维修价值不大，全体居民同意后直接推倒重建，可行吗？
https://view.inews.qq.com/a/20241012Q085TU00

2024-10-14 05:00:51,780 - INFO - EXPIRED
新疆库车连续发生6次地震
https://new.qq.com/rain/a/20241013A01URA00

2024-10-14 05:00:51,780 - INFO - EXPIRED
陕西一消防车坠河致5死1伤，记者实探事发地：道路旁河岸有七八米高
https://new.qq.com/rain/a/20241013A00AXV00

2024-10-14 05:00:52,354 - INFO - INVALID
国台办宣布依法对沈伯洋、曹兴诚和“黑熊学院”实施惩戒
https://new.qq.com/rain/a/20241014A043RL00

2024-10-14 05:00:52,359 - INFO - INVALID
海警实现台湾靠大陆侧外岛全控 央媒披露三个突破
https://new.qq.com/rain/a/20241014A024GX00

2024-10-14 05:00:52,364 - INFO - INVALID
一张报纸写不下！外逃副市长被申请没收违法所得，含38辆车1021处房产
https://new.qq.com/rain/a/20241014A03D2L00

2024-10-14 05:00:52,368 - INFO - INVALID
湖南张家界：农村户口居民进城购房可办户口迁移，原村集体权益不变 
https://new.qq.com/rain/a/20241014A03X7Y00

2024-10-14 05:00:52,374 - INFO - INVALID
中标河北省重点项目，一年多不开工不退费，公司负责人怀疑入骗局
https://new.qq.com/rain/a/20241014A01DMX00

2024-10-14 05:00:52,654 - INFO - INVALID
网约车失控飙148迈酿车祸后续：网约车公司及司机赔偿乘客57万
https://new.qq.com/rain/a/20241014A0421J00

2024-10-14 05:00:52,673 - INFO - INVALID
粮食公司把过期大米重新包装卖给乡村学校？重庆市监局：罚款690万元
https://new.qq.com/rain/a/20241014A02TI400

2024-10-14 05:00:52,713 - INFO - INVALID
百万粉丝网红脑溢血昏迷8天后离世，团队：才32岁，留下4个孩子
https://new.qq.com/rain/a/20241014A03XQY00

2024-10-14 05:00:52,856 - INFO - INVALID
2万字专访：黄仁勋深度解读AI时代的机遇与挑战
https://new.qq.com/rain/a/20241014A043LM00

2024-10-14 05:00:52,951 - INFO - INVALID
案涉万达商业股权，好兄弟被催收36亿，考验王健林情义的时候到了
https://new.qq.com/rain/a/20241014A03BYH00

2024-10-14 05:00:52,957 - INFO - INVALID
一家难觅地址的深圳企业，多次造假跃升成“中国数码零售巨头”
https://new.qq.com/rain/a/20241014A0398D00

2024-10-14 05:00:52,991 - INFO - INVALID
上海一养护院被曝用小房间囚禁多名残障人士，当地镇政府称在核实
https://new.qq.com/rain/a/20241014A03J9L00

2024-10-14 05:00:53,081 - INFO - INVALID
华储网：1.96万吨冻猪肉将出库
https://new.qq.com/rain/a/20241014A02IW300

2024-10-14 05:00:53,268 - INFO - INVALID
光伏行业协会于今天9点在上海召开防止行业内卷式恶性竞争座谈会
https://new.qq.com/rain/a/20241014A03C4I00

2024-10-14 05:00:53,300 - INFO - INVALID
外逃贪官李传良涉案超31亿，专家分析：很可能判死刑
https://new.qq.com/rain/a/20241014A03WI500

2024-10-14 05:00:53,304 - INFO - INVALID
俄媒：部分乌克兰武装部队已开始从托列茨克撤离
https://new.qq.com/rain/a/20241014A02VZU00

2024-10-14 05:00:53,320 - INFO - INVALID
华尔街热议美股牛市两周年：翻过了山、路还没走完
https://new.qq.com/rain/a/20241014A02UAJ00

2024-10-14 05:00:53,524 - INFO - INVALID
酒仙集团郝鸿峰：明年是中小酒企生死存亡年，多才多艺是被逼出来的
https://new.qq.com/rain/a/20241014A02AB800

2024-10-14 05:00:53,548 - ERROR - ERROR
东部战区为什么于凌晨夜间发起演习
https://new.qq.com/rain/a/20241014V00WV900
('list index out of range',)
======
Traceback (most recent call last):
  File "/home/runner/work/qqnews/qqnews/qq.py", line 81, in process_article
    ss = str(tmpbs.select("div.LEFT div.content.clearfix")[0])
             ~~~~~~~~~~~~~~~~~~~~~~~~~~~~~~~~~~~~~~~~~~~~~^^^
IndexError: list index out of range


2024-10-14 05:00:53,647 - INFO - INVALID
挑衅越甚，勒得越紧！看三次台岛周边军演示意图
https://new.qq.com/rain/a/20241014A00O8A00

2024-10-14 05:00:53,682 - INFO - INVALID
4支海警舰艇编队开展环台岛巡航管控
https://new.qq.com/rain/a/20241014A010QS00

2024-10-14 05:00:53,745 - INFO - INVALID
“天下第一水司楼”烂尾，有人接盘了
https://new.qq.com/rain/a/20241014A01AZL00

2024-10-14 05:00:53,848 - INFO - INVALID
揭露美国炒作“伏特台风”行动计划真相
https://new.qq.com/rain/a/20241014A01IYT00

2024-10-14 05:00:53,878 - INFO - INVALID
2025年国考公告发布：计划招录3.97万人，12月1日笔试
https://new.qq.com/rain/a/20241014A02T1T00

2024-10-14 05:00:53,978 - INFO - INVALID
独自养娃的单亲妈妈们，最需要的不是男人
https://new.qq.com/rain/a/20241014A01VTI00

2024-10-14 05:00:54,016 - INFO - INVALID
天安门下半旗悼念吴邦国同志
https://new.qq.com/rain/a/20241014A0135500

2024-10-14 05:00:54,146 - INFO - INVALID
哀牢山是“中国的百慕大”？迷雾来临向导也不敢轻易开车
https://new.qq.com/rain/a/20241014A0101L00

2024-10-14 05:00:54,233 - INFO - INVALID
北约14日开启年度核演习，以多种方式威慑对手，主要是俄罗斯
https://new.qq.com/rain/a/20241014A00T0G00

2024-10-14 05:00:54,236 - INFO - INVALID
计划暗杀？一持枪男子在特朗普竞选集会地附近被捕
https://new.qq.com/rain/a/20241014A00GKY00

2024-10-14 05:00:54,268 - INFO - INVALID
但斌回应任泽平：“交流”到此为止，东方港湾依然是百亿私募冠军
https://new.qq.com/rain/a/20241014A00T0U00

2024-10-14 06:11:13,102 - INFO - EXPIRED
“老头乐”在高速快车道惊险逆行并引发车祸？四川高速交警回应
https://new.qq.com/rain/a/20241013A058BP00

2024-10-14 06:11:13,102 - INFO - EXPIRED
武汉一小区业主集资修路：离地铁站只有600米，却要走40分钟
https://new.qq.com/rain/a/20241013A03F9T00

2024-10-14 06:11:13,102 - INFO - EXPIRED
亿万富翁被控用矿泉水瓶将前妻鼻子砸成轻伤二级，被判一年两个月
https://new.qq.com/rain/a/20241013A045C800

2024-10-14 06:11:13,102 - INFO - EXPIRED
注册20多家公司有何用？三问揭开“东北雨姐”直播背后的真相
https://new.qq.com/rain/a/20241013A060Y000

2024-10-14 06:11:13,102 - INFO - EXPIRED
朝鲜人民军总参下达作战预备指示
https://new.qq.com/rain/a/20241013A06KT300

2024-10-14 06:11:13,102 - INFO - EXPIRED
财经调查丨曝光！蓝牌摩托车“狂飙” 背后竟有惊人秘密
https://new.qq.com/rain/a/20241013A072C500

2024-10-14 06:11:13,102 - INFO - EXPIRED
河北秦皇岛游船侧翻致12人死亡，调查报告发布：6人被批准逮捕
https://new.qq.com/rain/a/20241013A06ZX900

2024-10-14 06:11:13,102 - INFO - EXPIRED
东北雨姐带货油污净产品再遭知名博主打假，从爆火到塌房“仅需”20天
https://new.qq.com/rain/a/20241013A04ITM00

2024-10-14 06:11:13,102 - INFO - EXPIRED
河南濮阳警方通报“民警跨省办案索取差旅费”，当事人称银行卡已解冻
https://new.qq.com/rain/a/20241013A06KBK00

2024-10-14 06:11:13,102 - INFO - EXPIRED
村主任撞死邻村村官赔650万改判15年，遇害者女儿：我不想要钱
https://new.qq.com/rain/a/20241013A06B4P00

2024-10-14 06:11:13,102 - INFO - EXPIRED
湖南8个县因焚烧秸秆被约谈
https://new.qq.com/rain/a/20241013A02ZI100

2024-10-14 06:11:13,102 - INFO - EXPIRED
26年老员工举报董事长 IBM大中华区回应“高度重视并彻底调查”
https://new.qq.com/rain/a/20241013A076LD00

2024-10-14 06:11:13,102 - INFO - EXPIRED
警惕！美海军“最安静”核潜艇抵达日本
https://new.qq.com/rain/a/20241013A04QSR00

2024-10-14 06:11:13,102 - INFO - EXPIRED
监管重拳挥向违规减持！有股东套现超三千万，被责令购回并上缴价差
https://new.qq.com/rain/a/20241013A05LX400

2024-10-14 06:11:13,102 - INFO - EXPIRED
安徽蚌埠一辆轿车发生交通事故致3死3伤：肇事司机已被控制
https://new.qq.com/rain/a/20241013V0716I00

2024-10-14 06:11:13,102 - INFO - EXPIRED
创女子世界纪录！切普格蒂奇2小时9分56秒芝马夺冠 迈入210时代
https://new.qq.com/rain/a/20241013A072YH00

2024-10-14 06:11:13,102 - INFO - EXPIRED
日本新增梅毒病例创历史新高，这波高峰是什么因素引起的？
https://view.inews.qq.com/a/20241012Q079VU00

2024-10-14 06:11:13,102 - INFO - EXPIRED
朝鲜国防省发言人发表谈话 谴责韩方发言
https://new.qq.com/rain/a/20241013A06PO400

2024-10-14 06:11:13,102 - INFO - EXPIRED
星舰第五飞发射瞬间和“筷子”夹助推器，精彩视频混剪来了
https://new.qq.com/rain/a/20241013V06G1200

2024-10-14 06:11:13,102 - INFO - EXPIRED
项目评审过程中向专家请托、“打招呼”，西北大学一教授被通报
https://new.qq.com/rain/a/20241013A06SON00

2024-10-14 06:11:13,102 - INFO - EXPIRED
距大选仅剩20多天：哈里斯势头有放缓迹象，双方上演不戴拳套的格斗
https://new.qq.com/rain/a/20241013A06KJF00

2024-10-14 06:11:13,102 - INFO - EXPIRED
山东寿光一企业气体中毒事故致7死4伤，该公司连续3年参保人数均为4人
https://new.qq.com/rain/a/20241013A05MSB00

2024-10-14 06:11:13,102 - INFO - EXPIRED
“网红教授”郑强“重回”浙大：畅谈教育发展与企业创业，鼓励学生读资本论
https://new.qq.com/rain/a/20241013A063Z800

2024-10-14 06:11:13,102 - INFO - EXPIRED
叮咚买菜一仓管猝死，生前上过多日12小时夜班，公司称愿人道补偿
https://new.qq.com/rain/a/20241013A05VU000

2024-10-14 06:11:13,102 - INFO - EXPIRED
实探“东北雨姐”租用小院：人去院空，已成“打卡”地
https://new.qq.com/rain/a/20241013A036JI00

2024-10-14 06:11:13,102 - INFO - EXPIRED
又一千万粉丝网红“听泉鉴宝”塌房？学历造假、盗墓连线等四大疑问待解
https://new.qq.com/rain/a/20241013A05EY400

2024-10-14 06:11:13,103 - INFO - EXPIRED
女童被高年级男生泼开水，教育局回应系恶作剧，女童家属：这就是霸凌
https://new.qq.com/rain/a/20241013A05EQO00

2024-10-14 06:11:13,103 - INFO - EXPIRED
公职人员在饭店院里随地小便被制止拿烟头扔老板 人社局：已向上汇报
https://new.qq.com/rain/a/20241013V0618S00

2024-10-14 06:11:13,103 - INFO - EXPIRED
台湾花莲县发生4.1级地震
https://new.qq.com/rain/a/20241013A061MY00

2024-10-14 06:11:13,103 - INFO - EXPIRED
郑钦文4次对阵萨巴伦卡全败，如何才能越过这座大山？需要提升哪些能力？
https://view.inews.qq.com/a/20241013Q062UL00

2024-10-14 06:11:13,103 - INFO - EXPIRED
车主称问界新M5智驾高速上未紧急制动撞死11只羊，经销商：车辆已减速
https://new.qq.com/rain/a/20241013A057O200

2024-10-14 06:11:13,103 - INFO - EXPIRED
台军称辽宁舰编队通过巴士海峡
https://new.qq.com/rain/a/20241013A053SN00

2024-10-14 06:11:13,103 - INFO - EXPIRED
河南一县城周边出现近2000头野猪
https://new.qq.com/rain/a/20241013A04E9N00

2024-10-14 06:11:13,103 - INFO - EXPIRED
韩方回应朝鲜警告：若构成威胁 朝鲜政权将终结
https://new.qq.com/rain/a/20241013A04GP000

2024-10-14 06:11:13,103 - INFO - EXPIRED
国民党全党力挺谢国梁，基隆市长罢免案未通过，不同意票突破八万
https://new.qq.com/rain/a/20241013A05EC900

2024-10-14 06:11:13,103 - INFO - EXPIRED
女子疑似当街哄骗抱走小孩，被孩子爹抓住，警方通报：系精神障碍患者
https://new.qq.com/rain/a/20241013A03XO000

2024-10-14 06:11:13,103 - INFO - EXPIRED
德国反对派领导人敦促柏林改变乌克兰政策：中国和巴西的提议很好
https://new.qq.com/rain/a/20241013A03Z8G00

2024-10-14 06:11:13,103 - INFO - EXPIRED
女子莫名成为3.96亿元贷款保证人，重名就会被误伤吗？问题出在哪？
https://view.inews.qq.com/a/20241013Q039VL00

2024-10-14 06:11:13,103 - INFO - EXPIRED
龚琳娜疑官宣和德国丈夫老锣离婚，20年婚姻结束，两人婚后育有两子
https://new.qq.com/rain/a/20241013V04LXQ00

2024-10-14 06:11:13,103 - INFO - EXPIRED
“我反对把过期大米卖给农村学校惹怒领导，工作31年离职后实名举报”
https://new.qq.com/rain/a/20241013A01OP300

2024-10-14 06:11:13,103 - INFO - EXPIRED
以媒称美将在以色列部署萨德系统，伊朗会胆怯吗？局势会一发不可收拾吗？
https://view.inews.qq.com/a/20241013Q039FP00

2024-10-14 06:11:13,103 - INFO - EXPIRED
广州一11岁男孩辍学每天6点起来捡瓶子，官方：临时安排学校供其就读
https://new.qq.com/rain/a/20241012A09D2J00

2024-10-14 06:11:13,103 - INFO - EXPIRED
3亿年前巨大昆虫真面貌曝光，体长超2.6米大如汽车，那时的昆虫为何能长这么大？
https://view.inews.qq.com/a/20241012Q08P6A00

2024-10-14 06:11:13,103 - INFO - EXPIRED
金与正：如果韩国无人机再犯领空，朝方将采取强有力的报复应对行动
https://new.qq.com/rain/a/20241013A03G5100

2024-10-14 06:11:13,103 - INFO - EXPIRED
1度电“卖”4元，是谁在“阻碍”电动自行车在楼下充电
https://new.qq.com/rain/a/20241013A0279U00

2024-10-14 06:11:13,103 - INFO - EXPIRED
美国最大中国股票ETF，突破100亿美元
https://new.qq.com/rain/a/20241013A03LTH00

2024-10-14 06:11:13,103 - INFO - EXPIRED
岑浩辉高票当选澳门特区第六任行政长官人选
https://new.qq.com/rain/a/20241013A02QPV00

2024-10-14 06:11:13,103 - INFO - EXPIRED
日月谭天丨 谋“独”挑衅破坏台海和平！岛内舆论戳穿赖清德“双十”谎言
https://new.qq.com/rain/a/20241013A01L2K00

2024-10-14 06:11:13,103 - INFO - EXPIRED
两民警都索要差旅费，为何只处理一人？被民警索取3000元当事人再发声
https://new.qq.com/rain/a/20241013A01KGQ00

2024-10-14 06:11:13,103 - INFO - EXPIRED
大陆游戏《黑神话：悟空》在台湾上市
https://new.qq.com/rain/a/20241013A03G5D00

2024-10-14 06:11:13,103 - INFO - EXPIRED
医生收3000元红包事件反转？媒体：“飞刀”是一件多方获益的好事
https://new.qq.com/rain/a/20241012A05E4C00

2024-10-14 06:11:13,103 - INFO - EXPIRED
十年磨一剑：马斯克从未料到小米会成为对手，比亚迪曾只求活下去
https://new.qq.com/rain/a/20241013A0206N00

2024-10-14 06:11:13,103 - INFO - EXPIRED
倚待长空，彻旦秣马！东部战区发布最新战训视频
https://new.qq.com/rain/a/20241013A02NKQ00

2024-10-14 06:11:13,103 - INFO - EXPIRED
骂战升级！欧尔班呛声欧盟领导人：他们公然说要颠覆匈牙利现政府
https://new.qq.com/rain/a/20241013A02O1Z00

2024-10-14 06:11:13,103 - INFO - EXPIRED
成都市双流区应急管理局：一小型燃油车辆发生燃爆，无人员伤亡
https://new.qq.com/rain/a/20241013A038ZT00

2024-10-14 06:11:13,103 - INFO - EXPIRED
一辆罐车在河北承德发生危化品泄漏，事发地有村民就医，官方回应
https://new.qq.com/rain/a/20241013A031AS00

2024-10-14 06:11:13,103 - INFO - EXPIRED
村民称东北雨姐团队绝大部分并非当地村民：这些人是在表演农村生活
https://new.qq.com/rain/a/20241013A014PI00

2024-10-14 06:11:13,103 - INFO - EXPIRED
日本首相石破茂：找到了解决日中关系问题的线索
https://new.qq.com/rain/a/20241013A01DR100

2024-10-14 06:11:13,103 - INFO - EXPIRED
苹果知难而退？自动驾驶路测提前半年告吹 造车计划再遭重大挫折
https://new.qq.com/rain/a/20241013A02OXH00

2024-10-14 06:11:13,103 - INFO - EXPIRED
中国海警舰艇编队10月13日在我钓鱼岛领海巡航
https://new.qq.com/rain/a/20241013A01TXH00

2024-10-14 06:11:13,103 - INFO - EXPIRED
万科组织架构大调整，开发经营本部直接负责重大项目操盘
https://new.qq.com/rain/a/20241013A0346A00

2024-10-14 06:11:13,103 - INFO - EXPIRED
在约会app上滑遍几千个男性，我依然没有找到爱情
https://new.qq.com/rain/a/20241013A024EI00

2024-10-14 06:11:13,103 - INFO - EXPIRED
非法集资近千亿，资本大佬境外被抓
https://new.qq.com/rain/a/20241013A01JMI00

2024-10-14 06:11:13,103 - INFO - EXPIRED
华春莹发图对比美中电动汽车贸易：“哪一个才是开放市场？”
https://new.qq.com/rain/a/20241012A09HNE00

2024-10-14 06:11:13,103 - INFO - EXPIRED
重名惹的祸？广东一女子查征信，发现自己为上海一机构3.96亿贷款担保
https://new.qq.com/rain/a/20241012A08I9X00

2024-10-14 06:11:13,103 - INFO - EXPIRED
联黎部队40个派遣国发表联合声明谴责对维和人员袭击，中方参与签署
https://new.qq.com/rain/a/20241013A024QE00

2024-10-14 06:11:13,103 - INFO - EXPIRED
研究院院长谈95后研究员4博士2博士后：没发现明显问题 考虑继续聘用
https://new.qq.com/rain/a/20241012A09IVL00

2024-10-14 06:11:13,888 - INFO - INVALID
老头乐强行冲关上高速，还在快车道逆行，官方：收费站制止了但无效
https://new.qq.com/rain/a/20241014A04CUQ00

2024-10-14 06:11:13,894 - INFO - INVALID
一张报纸写不下！外逃副市长被申请没收违法所得，含38辆车1021处房产
https://new.qq.com/rain/a/20241014A03D2L00

2024-10-14 06:11:13,899 - INFO - INVALID
国台办宣布依法对沈伯洋、曹兴诚和“黑熊学院”实施惩戒
https://new.qq.com/rain/a/20241014A043RL00

2024-10-14 06:11:13,910 - INFO - INVALID
湖南张家界：农村户口居民进城购房可办户口迁移，原村集体权益不变 
https://new.qq.com/rain/a/20241014A03X7Y00

2024-10-14 06:11:14,182 - INFO - INVALID
案涉万达商业股权，好兄弟被催收36亿，考验王健林情义的时候到了
https://new.qq.com/rain/a/20241014A03BYH00

2024-10-14 06:11:14,199 - ERROR - ERROR
三星堆面具、鸡缸杯等国宝频现鉴宝直播，这些文物可以随便复制、展示吗？
https://view.inews.qq.com/a/20241014Q02Y0H00
('list index out of range',)
======
Traceback (most recent call last):
  File "/home/runner/work/qqnews/qqnews/qq.py", line 81, in process_article
    ss = str(tmpbs.select("div.LEFT div.content.clearfix")[0])
             ~~~~~~~~~~~~~~~~~~~~~~~~~~~~~~~~~~~~~~~~~~~~~^^^
IndexError: list index out of range


2024-10-14 06:11:14,241 - INFO - INVALID
河北邯郸一村庄多名村民被杀害？警方通报：因个人矛盾所致，3人死亡
https://new.qq.com/rain/a/20241014A044XG00

2024-10-14 06:11:14,275 - INFO - INVALID
网传小米汽车疑避让电动车失控冲向公交站亭，交警：事故正在处理中
https://new.qq.com/rain/a/20241014A0496V00

2024-10-14 06:11:14,284 - INFO - INVALID
海警实现台湾靠大陆侧外岛全控 央媒披露三个突破
https://new.qq.com/rain/a/20241014A024GX00

2024-10-14 06:11:14,491 - INFO - INVALID
粮食公司把过期大米重新包装卖给乡村学校？重庆市监局：罚款690万元
https://new.qq.com/rain/a/20241014A02TI400

2024-10-14 06:11:14,528 - INFO - INVALID
网约车失控飙148迈酿车祸后续：网约车公司及司机赔偿乘客57万
https://new.qq.com/rain/a/20241014A0421J00

2024-10-14 06:11:14,539 - INFO - INVALID
百万粉丝网红脑溢血昏迷8天后离世，团队：才32岁，留下4个孩子
https://new.qq.com/rain/a/20241014A03XQY00

2024-10-14 06:11:14,668 - INFO - INVALID
一家难觅地址的深圳企业，多次造假跃升成“中国数码零售巨头”
https://new.qq.com/rain/a/20241014A0398D00

2024-10-14 06:11:14,742 - INFO - INVALID
2万字专访：黄仁勋深度解读AI时代的机遇与挑战
https://new.qq.com/rain/a/20241014A043LM00

2024-10-14 06:11:14,845 - INFO - INVALID
上海一养护院被曝用小房间“囚禁”多名残障人士，当地镇政府称在核实
https://new.qq.com/rain/a/20241014A03J9L00

2024-10-14 06:11:14,889 - INFO - INVALID
华储网：1.96万吨冻猪肉将出库
https://new.qq.com/rain/a/20241014A02IW300

2024-10-14 06:11:14,943 - INFO - INVALID
外逃贪官李传良涉案超31亿，专家分析：很可能判死刑
https://new.qq.com/rain/a/20241014A03WI500

2024-10-14 06:11:14,974 - INFO - INVALID
俄媒：部分乌克兰武装部队已开始从托列茨克撤离
https://new.qq.com/rain/a/20241014A02VZU00

2024-10-14 06:11:15,040 - INFO - INVALID
华尔街热议美股牛市两周年：翻过了山、路还没走完
https://new.qq.com/rain/a/20241014A02UAJ00

2024-10-14 06:11:15,236 - ERROR - ERROR
东部战区为什么于凌晨夜间发起演习
https://new.qq.com/rain/a/20241014V00WV900
('list index out of range',)
======
Traceback (most recent call last):
  File "/home/runner/work/qqnews/qqnews/qq.py", line 81, in process_article
    ss = str(tmpbs.select("div.LEFT div.content.clearfix")[0])
             ~~~~~~~~~~~~~~~~~~~~~~~~~~~~~~~~~~~~~~~~~~~~~^^^
IndexError: list index out of range


2024-10-14 06:11:15,299 - INFO - INVALID
光伏行业协会于今天9点在上海召开防止行业内卷式恶性竞争座谈会
https://new.qq.com/rain/a/20241014A03C4I00

2024-10-14 06:11:15,361 - INFO - INVALID
挑衅越甚，勒得越紧！看三次台岛周边军演示意图
https://new.qq.com/rain/a/20241014A00O8A00

2024-10-14 06:11:15,411 - INFO - INVALID
4支海警舰艇编队开展环台岛巡航管控
https://new.qq.com/rain/a/20241014A010QS00

2024-10-14 06:11:15,439 - INFO - INVALID
酒仙集团郝鸿峰：明年是中小酒企生死存亡年，多才多艺是被逼出来的
https://new.qq.com/rain/a/20241014A02AB800

2024-10-14 06:11:15,536 - INFO - INVALID
“天下第一水司楼”烂尾，有人接盘了
https://new.qq.com/rain/a/20241014A01AZL00

2024-10-14 06:11:15,592 - INFO - INVALID
2025年国考公告发布：计划招录3.97万人，12月1日笔试
https://new.qq.com/rain/a/20241014A02T1T00

2024-10-14 06:11:15,690 - INFO - INVALID
揭露美国炒作“伏特台风”行动计划真相
https://new.qq.com/rain/a/20241014A01IYT00

2024-10-14 06:11:15,704 - INFO - INVALID
天安门下半旗悼念吴邦国同志
https://new.qq.com/rain/a/20241014A0135500

2024-10-14 06:11:15,901 - INFO - INVALID
北约14日开启年度核演习，以多种方式威慑对手，主要是俄罗斯
https://new.qq.com/rain/a/20241014A00T0G00

2024-10-14 06:11:15,905 - INFO - INVALID
独自养娃的单亲妈妈们，最需要的不是男人
https://new.qq.com/rain/a/20241014A01VTI00

2024-10-14 06:11:15,987 - INFO - INVALID
计划暗杀？一持枪男子在特朗普竞选集会地附近被捕
https://new.qq.com/rain/a/20241014A00GKY00

2024-10-14 06:11:15,990 - INFO - INVALID
哀牢山是“中国的百慕大”？迷雾来临向导也不敢轻易开车
https://new.qq.com/rain/a/20241014A0101L00

2024-10-14 06:11:16,010 - INFO - INVALID
但斌回应任泽平：“交流”到此为止，东方港湾依然是百亿私募冠军
https://new.qq.com/rain/a/20241014A00T0U00

