2026-07-09 01:27:00,602 - INFO - Total time taken: {'ret': 0, 'msg': 'success', 'data': None}
2026-07-09 01:27:00,603 - INFO - 'NoneType' object is not subscriptable
2026-07-09 01:27:00,603 - INFO - Traceback (most recent call last):
  File "/home/runner/work/qqnews/qqnews/qq.py", line 128, in main
    for i in qq1["data"]["list"]:
             ~~~~~~~~~~~^^^^^^^^
TypeError: 'NoneType' object is not subscriptable

2026-07-09 05:50:34,337 - INFO - Total time taken: {'ret': 0, 'msg': 'success', 'data': None}
2026-07-09 05:50:34,337 - INFO - 'NoneType' object is not subscriptable
2026-07-09 05:50:34,337 - INFO - Traceback (most recent call last):
  File "/home/runner/work/qqnews/qqnews/qq.py", line 128, in main
    for i in qq1["data"]["list"]:
             ~~~~~~~~~~~^^^^^^^^
TypeError: 'NoneType' object is not subscriptable

2026-07-09 09:02:34,594 - INFO - Total time taken: {'ret': 0, 'msg': 'success', 'data': None}
2026-07-09 09:02:34,594 - INFO - 'NoneType' object is not subscriptable
2026-07-09 09:02:34,594 - INFO - Traceback (most recent call last):
  File "/home/runner/work/qqnews/qqnews/qq.py", line 128, in main
    for i in qq1["data"]["list"]:
             ~~~~~~~~~~~^^^^^^^^
TypeError: 'NoneType' object is not subscriptable

2026-07-09 11:51:10,455 - INFO - Total time taken: {'ret': 0, 'msg': 'success', 'data': None}
2026-07-09 11:51:10,455 - INFO - 'NoneType' object is not subscriptable
2026-07-09 11:51:10,455 - INFO - Traceback (most recent call last):
  File "/home/runner/work/qqnews/qqnews/qq.py", line 128, in main
    for i in qq1["data"]["list"]:
             ~~~~~~~~~~~^^^^^^^^
TypeError: 'NoneType' object is not subscriptable

2026-07-09 14:20:13,938 - INFO - Total time taken: {'ret': 0, 'msg': 'success', 'data': None}
2026-07-09 14:20:13,938 - INFO - 'NoneType' object is not subscriptable
2026-07-09 14:20:13,939 - INFO - Traceback (most recent call last):
  File "/home/runner/work/qqnews/qqnews/qq.py", line 128, in main
    for i in qq1["data"]["list"]:
             ~~~~~~~~~~~^^^^^^^^
TypeError: 'NoneType' object is not subscriptable

2026-07-09 17:09:06,434 - INFO - Total time taken: {'ret': 0, 'msg': 'success', 'data': None}
2026-07-09 17:09:06,434 - INFO - 'NoneType' object is not subscriptable
2026-07-09 17:09:06,435 - INFO - Traceback (most recent call last):
  File "/home/runner/work/qqnews/qqnews/qq.py", line 128, in main
    for i in qq1["data"]["list"]:
             ~~~~~~~~~~~^^^^^^^^
TypeError: 'NoneType' object is not subscriptable

2026-07-09 19:14:59,775 - INFO - Total time taken: {'ret': 0, 'msg': 'success', 'data': None}
2026-07-09 19:14:59,776 - INFO - 'NoneType' object is not subscriptable
2026-07-09 19:14:59,776 - INFO - Traceback (most recent call last):
  File "/home/runner/work/qqnews/qqnews/qq.py", line 128, in main
    for i in qq1["data"]["list"]:
             ~~~~~~~~~~~^^^^^^^^
TypeError: 'NoneType' object is not subscriptable

2026-07-09 21:08:17,713 - INFO - Total time taken: {'ret': 0, 'msg': 'success', 'data': None}
2026-07-09 21:08:17,713 - INFO - 'NoneType' object is not subscriptable
2026-07-09 21:08:17,714 - INFO - Traceback (most recent call last):
  File "/home/runner/work/qqnews/qqnews/qq.py", line 128, in main
    for i in qq1["data"]["list"]:
             ~~~~~~~~~~~^^^^^^^^
TypeError: 'NoneType' object is not subscriptable

2026-07-09 22:59:34,898 - INFO - Total time taken: {'ret': 0, 'msg': 'success', 'data': None}
2026-07-09 22:59:34,898 - INFO - 'NoneType' object is not subscriptable
2026-07-09 22:59:34,898 - INFO - Traceback (most recent call last):
  File "/home/runner/work/qqnews/qqnews/qq.py", line 128, in main
    for i in qq1["data"]["list"]:
             ~~~~~~~~~~~^^^^^^^^
TypeError: 'NoneType' object is not subscriptable

