2026-01-19 00:50:02,763 - INFO - Total time taken: {'ret': 0, 'msg': 'success', 'data': None}
2026-01-19 00:50:02,764 - INFO - 'NoneType' object is not subscriptable
2026-01-19 00:50:02,764 - INFO - Traceback (most recent call last):
  File "/home/runner/work/qqnews/qqnews/qq.py", line 128, in main
    for i in qq1["data"]["list"]:
             ~~~~~~~~~~~^^^^^^^^
TypeError: 'NoneType' object is not subscriptable

2026-01-19 02:59:30,229 - INFO - Total time taken: {'ret': 0, 'msg': 'success', 'data': None}
2026-01-19 02:59:30,230 - INFO - 'NoneType' object is not subscriptable
2026-01-19 02:59:30,230 - INFO - Traceback (most recent call last):
  File "/home/runner/work/qqnews/qqnews/qq.py", line 128, in main
    for i in qq1["data"]["list"]:
             ~~~~~~~~~~~^^^^^^^^
TypeError: 'NoneType' object is not subscriptable

2026-01-19 04:10:03,713 - INFO - Total time taken: {'ret': 0, 'msg': 'success', 'data': None}
2026-01-19 04:10:03,714 - INFO - 'NoneType' object is not subscriptable
2026-01-19 04:10:03,714 - INFO - Traceback (most recent call last):
  File "/home/runner/work/qqnews/qqnews/qq.py", line 128, in main
    for i in qq1["data"]["list"]:
             ~~~~~~~~~~~^^^^^^^^
TypeError: 'NoneType' object is not subscriptable

2026-01-19 05:22:38,539 - INFO - Total time taken: {'ret': 0, 'msg': 'success', 'data': None}
2026-01-19 05:22:38,539 - INFO - 'NoneType' object is not subscriptable
2026-01-19 05:22:38,540 - INFO - Traceback (most recent call last):
  File "/home/runner/work/qqnews/qqnews/qq.py", line 128, in main
    for i in qq1["data"]["list"]:
             ~~~~~~~~~~~^^^^^^^^
TypeError: 'NoneType' object is not subscriptable

2026-01-19 06:20:17,346 - INFO - Total time taken: {'ret': 0, 'msg': 'success', 'data': None}
2026-01-19 06:20:17,346 - INFO - 'NoneType' object is not subscriptable
2026-01-19 06:20:17,347 - INFO - Traceback (most recent call last):
  File "/home/runner/work/qqnews/qqnews/qq.py", line 128, in main
    for i in qq1["data"]["list"]:
             ~~~~~~~~~~~^^^^^^^^
TypeError: 'NoneType' object is not subscriptable

2026-01-19 07:20:10,238 - INFO - Total time taken: {'ret': 0, 'msg': 'success', 'data': None}
2026-01-19 07:20:10,239 - INFO - 'NoneType' object is not subscriptable
2026-01-19 07:20:10,239 - INFO - Traceback (most recent call last):
  File "/home/runner/work/qqnews/qqnews/qq.py", line 128, in main
    for i in qq1["data"]["list"]:
             ~~~~~~~~~~~^^^^^^^^
TypeError: 'NoneType' object is not subscriptable

