2026-03-09 00:57:34,607 - INFO - Total time taken: {'ret': 0, 'msg': 'success', 'data': None}
2026-03-09 00:57:34,607 - INFO - 'NoneType' object is not subscriptable
2026-03-09 00:57:34,608 - INFO - Traceback (most recent call last):
  File "/home/runner/work/qqnews/qqnews/qq.py", line 128, in main
    for i in qq1["data"]["list"]:
             ~~~~~~~~~~~^^^^^^^^
TypeError: 'NoneType' object is not subscriptable

2026-03-09 03:30:29,625 - INFO - Total time taken: {'ret': 0, 'msg': 'success', 'data': None}
2026-03-09 03:30:29,626 - INFO - 'NoneType' object is not subscriptable
2026-03-09 03:30:29,626 - INFO - Traceback (most recent call last):
  File "/home/runner/work/qqnews/qqnews/qq.py", line 128, in main
    for i in qq1["data"]["list"]:
             ~~~~~~~~~~~^^^^^^^^
TypeError: 'NoneType' object is not subscriptable

2026-03-09 05:14:04,970 - INFO - Total time taken: {'ret': 0, 'msg': 'success', 'data': None}
2026-03-09 05:14:04,970 - INFO - 'NoneType' object is not subscriptable
2026-03-09 05:14:04,971 - INFO - Traceback (most recent call last):
  File "/home/runner/work/qqnews/qqnews/qq.py", line 128, in main
    for i in qq1["data"]["list"]:
             ~~~~~~~~~~~^^^^^^^^
TypeError: 'NoneType' object is not subscriptable

2026-03-09 06:44:19,744 - INFO - Total time taken: {'ret': 0, 'msg': 'success', 'data': None}
2026-03-09 06:44:19,744 - INFO - 'NoneType' object is not subscriptable
2026-03-09 06:44:19,744 - INFO - Traceback (most recent call last):
  File "/home/runner/work/qqnews/qqnews/qq.py", line 128, in main
    for i in qq1["data"]["list"]:
             ~~~~~~~~~~~^^^^^^^^
TypeError: 'NoneType' object is not subscriptable

2026-03-09 07:41:58,518 - INFO - Total time taken: {'ret': 0, 'msg': 'success', 'data': None}
2026-03-09 07:41:58,519 - INFO - 'NoneType' object is not subscriptable
2026-03-09 07:41:58,519 - INFO - Traceback (most recent call last):
  File "/home/runner/work/qqnews/qqnews/qq.py", line 128, in main
    for i in qq1["data"]["list"]:
             ~~~~~~~~~~~^^^^^^^^
TypeError: 'NoneType' object is not subscriptable

2026-03-09 08:29:18,115 - INFO - Total time taken: {'ret': 0, 'msg': 'success', 'data': None}
2026-03-09 08:29:18,115 - INFO - 'NoneType' object is not subscriptable
2026-03-09 08:29:18,115 - INFO - Traceback (most recent call last):
  File "/home/runner/work/qqnews/qqnews/qq.py", line 128, in main
    for i in qq1["data"]["list"]:
             ~~~~~~~~~~~^^^^^^^^
TypeError: 'NoneType' object is not subscriptable

2026-03-09 09:34:17,206 - INFO - Total time taken: {'ret': 0, 'msg': 'success', 'data': None}
2026-03-09 09:34:17,207 - INFO - 'NoneType' object is not subscriptable
2026-03-09 09:34:17,207 - INFO - Traceback (most recent call last):
  File "/home/runner/work/qqnews/qqnews/qq.py", line 128, in main
    for i in qq1["data"]["list"]:
             ~~~~~~~~~~~^^^^^^^^
TypeError: 'NoneType' object is not subscriptable

2026-03-09 10:32:22,748 - INFO - Total time taken: {'ret': 0, 'msg': 'success', 'data': None}
2026-03-09 10:32:22,749 - INFO - 'NoneType' object is not subscriptable
2026-03-09 10:32:22,749 - INFO - Traceback (most recent call last):
  File "/home/runner/work/qqnews/qqnews/qq.py", line 128, in main
    for i in qq1["data"]["list"]:
             ~~~~~~~~~~~^^^^^^^^
TypeError: 'NoneType' object is not subscriptable

2026-03-09 11:25:46,966 - INFO - Total time taken: {'ret': 0, 'msg': 'success', 'data': None}
2026-03-09 11:25:46,966 - INFO - 'NoneType' object is not subscriptable
2026-03-09 11:25:46,966 - INFO - Traceback (most recent call last):
  File "/home/runner/work/qqnews/qqnews/qq.py", line 128, in main
    for i in qq1["data"]["list"]:
             ~~~~~~~~~~~^^^^^^^^
TypeError: 'NoneType' object is not subscriptable

2026-03-09 12:29:43,069 - INFO - Total time taken: {'ret': 0, 'msg': 'success', 'data': None}
2026-03-09 12:29:43,070 - INFO - 'NoneType' object is not subscriptable
2026-03-09 12:29:43,070 - INFO - Traceback (most recent call last):
  File "/home/runner/work/qqnews/qqnews/qq.py", line 128, in main
    for i in qq1["data"]["list"]:
             ~~~~~~~~~~~^^^^^^^^
TypeError: 'NoneType' object is not subscriptable

2026-03-09 13:56:24,930 - INFO - Total time taken: {'ret': 0, 'msg': 'success', 'data': None}
2026-03-09 13:56:24,930 - INFO - 'NoneType' object is not subscriptable
2026-03-09 13:56:24,930 - INFO - Traceback (most recent call last):
  File "/home/runner/work/qqnews/qqnews/qq.py", line 128, in main
    for i in qq1["data"]["list"]:
             ~~~~~~~~~~~^^^^^^^^
TypeError: 'NoneType' object is not subscriptable

2026-03-09 14:40:18,291 - INFO - Total time taken: {'ret': 0, 'msg': 'success', 'data': None}
2026-03-09 14:40:18,292 - INFO - 'NoneType' object is not subscriptable
2026-03-09 14:40:18,292 - INFO - Traceback (most recent call last):
  File "/home/runner/work/qqnews/qqnews/qq.py", line 128, in main
    for i in qq1["data"]["list"]:
             ~~~~~~~~~~~^^^^^^^^
TypeError: 'NoneType' object is not subscriptable

2026-03-09 15:43:43,055 - INFO - Total time taken: {'ret': 0, 'msg': 'success', 'data': None}
2026-03-09 15:43:43,055 - INFO - 'NoneType' object is not subscriptable
2026-03-09 15:43:43,056 - INFO - Traceback (most recent call last):
  File "/home/runner/work/qqnews/qqnews/qq.py", line 128, in main
    for i in qq1["data"]["list"]:
             ~~~~~~~~~~~^^^^^^^^
TypeError: 'NoneType' object is not subscriptable

2026-03-09 16:42:55,648 - INFO - Total time taken: {'ret': 0, 'msg': 'success', 'data': None}
2026-03-09 16:42:55,648 - INFO - 'NoneType' object is not subscriptable
2026-03-09 16:42:55,648 - INFO - Traceback (most recent call last):
  File "/home/runner/work/qqnews/qqnews/qq.py", line 128, in main
    for i in qq1["data"]["list"]:
             ~~~~~~~~~~~^^^^^^^^
TypeError: 'NoneType' object is not subscriptable

2026-03-09 17:37:26,302 - INFO - Total time taken: {'ret': 0, 'msg': 'success', 'data': None}
2026-03-09 17:37:26,302 - INFO - 'NoneType' object is not subscriptable
2026-03-09 17:37:26,302 - INFO - Traceback (most recent call last):
  File "/home/runner/work/qqnews/qqnews/qq.py", line 128, in main
    for i in qq1["data"]["list"]:
             ~~~~~~~~~~~^^^^^^^^
TypeError: 'NoneType' object is not subscriptable

2026-03-09 18:33:31,933 - INFO - Total time taken: {'ret': 0, 'msg': 'success', 'data': None}
2026-03-09 18:33:31,934 - INFO - 'NoneType' object is not subscriptable
2026-03-09 18:33:31,934 - INFO - Traceback (most recent call last):
  File "/home/runner/work/qqnews/qqnews/qq.py", line 128, in main
    for i in qq1["data"]["list"]:
             ~~~~~~~~~~~^^^^^^^^
TypeError: 'NoneType' object is not subscriptable

2026-03-09 19:31:10,945 - INFO - Total time taken: {'ret': 0, 'msg': 'success', 'data': None}
2026-03-09 19:31:10,945 - INFO - 'NoneType' object is not subscriptable
2026-03-09 19:31:10,945 - INFO - Traceback (most recent call last):
  File "/home/runner/work/qqnews/qqnews/qq.py", line 128, in main
    for i in qq1["data"]["list"]:
             ~~~~~~~~~~~^^^^^^^^
TypeError: 'NoneType' object is not subscriptable

2026-03-09 20:18:33,814 - INFO - Total time taken: {'ret': 0, 'msg': 'success', 'data': None}
2026-03-09 20:18:33,814 - INFO - 'NoneType' object is not subscriptable
2026-03-09 20:18:33,814 - INFO - Traceback (most recent call last):
  File "/home/runner/work/qqnews/qqnews/qq.py", line 128, in main
    for i in qq1["data"]["list"]:
             ~~~~~~~~~~~^^^^^^^^
TypeError: 'NoneType' object is not subscriptable

2026-03-09 21:19:46,073 - INFO - Total time taken: {'ret': 0, 'msg': 'success', 'data': None}
2026-03-09 21:19:46,073 - INFO - 'NoneType' object is not subscriptable
2026-03-09 21:19:46,074 - INFO - Traceback (most recent call last):
  File "/home/runner/work/qqnews/qqnews/qq.py", line 128, in main
    for i in qq1["data"]["list"]:
             ~~~~~~~~~~~^^^^^^^^
TypeError: 'NoneType' object is not subscriptable

2026-03-09 22:15:34,785 - INFO - Total time taken: {'ret': 0, 'msg': 'success', 'data': None}
2026-03-09 22:15:34,785 - INFO - 'NoneType' object is not subscriptable
2026-03-09 22:15:34,785 - INFO - Traceback (most recent call last):
  File "/home/runner/work/qqnews/qqnews/qq.py", line 128, in main
    for i in qq1["data"]["list"]:
             ~~~~~~~~~~~^^^^^^^^
TypeError: 'NoneType' object is not subscriptable

2026-03-09 23:15:29,369 - INFO - Total time taken: {'ret': 0, 'msg': 'success', 'data': None}
2026-03-09 23:15:29,369 - INFO - 'NoneType' object is not subscriptable
2026-03-09 23:15:29,370 - INFO - Traceback (most recent call last):
  File "/home/runner/work/qqnews/qqnews/qq.py", line 128, in main
    for i in qq1["data"]["list"]:
             ~~~~~~~~~~~^^^^^^^^
TypeError: 'NoneType' object is not subscriptable

