2025-10-27 00:43:52,820 - INFO - Total time taken: {'ret': 0, 'msg': 'success', 'data': None}
2025-10-27 00:43:52,821 - INFO - 'NoneType' object is not subscriptable
2025-10-27 00:43:52,821 - INFO - Traceback (most recent call last):
  File "/home/runner/work/qqnews/qqnews/qq.py", line 128, in main
    for i in qq1["data"]["list"]:
             ~~~~~~~~~~~^^^^^^^^
TypeError: 'NoneType' object is not subscriptable

2025-10-27 02:30:31,139 - INFO - Total time taken: {'ret': 0, 'msg': 'success', 'data': None}
2025-10-27 02:30:31,140 - INFO - 'NoneType' object is not subscriptable
2025-10-27 02:30:31,140 - INFO - Traceback (most recent call last):
  File "/home/runner/work/qqnews/qqnews/qq.py", line 128, in main
    for i in qq1["data"]["list"]:
             ~~~~~~~~~~~^^^^^^^^
TypeError: 'NoneType' object is not subscriptable

2025-10-27 03:44:36,155 - INFO - Total time taken: {'ret': 0, 'msg': 'success', 'data': None}
2025-10-27 03:44:36,155 - INFO - 'NoneType' object is not subscriptable
2025-10-27 03:44:36,155 - INFO - Traceback (most recent call last):
  File "/home/runner/work/qqnews/qqnews/qq.py", line 128, in main
    for i in qq1["data"]["list"]:
             ~~~~~~~~~~~^^^^^^^^
TypeError: 'NoneType' object is not subscriptable

2025-10-27 04:18:55,561 - INFO - Total time taken: {'ret': 0, 'msg': 'success', 'data': None}
2025-10-27 04:18:55,561 - INFO - 'NoneType' object is not subscriptable
2025-10-27 04:18:55,561 - INFO - Traceback (most recent call last):
  File "/home/runner/work/qqnews/qqnews/qq.py", line 128, in main
    for i in qq1["data"]["list"]:
             ~~~~~~~~~~~^^^^^^^^
TypeError: 'NoneType' object is not subscriptable

2025-10-27 05:01:38,115 - INFO - Total time taken: {'ret': 0, 'msg': 'success', 'data': None}
2025-10-27 05:01:38,115 - INFO - 'NoneType' object is not subscriptable
2025-10-27 05:01:38,115 - INFO - Traceback (most recent call last):
  File "/home/runner/work/qqnews/qqnews/qq.py", line 128, in main
    for i in qq1["data"]["list"]:
             ~~~~~~~~~~~^^^^^^^^
TypeError: 'NoneType' object is not subscriptable

