2025-09-02 00:39:36,455 - INFO - Total time taken: {'ret': 0, 'msg': 'success', 'data': None}
2025-09-02 00:39:36,456 - INFO - 'NoneType' object is not subscriptable
2025-09-02 00:39:36,456 - INFO - Traceback (most recent call last):
  File "/home/runner/work/qqnews/qqnews/qq.py", line 128, in main
    for i in qq1["data"]["list"]:
             ~~~~~~~~~~~^^^^^^^^
TypeError: 'NoneType' object is not subscriptable

2025-09-02 02:21:23,652 - INFO - Total time taken: {'ret': 0, 'msg': 'success', 'data': None}
2025-09-02 02:21:23,652 - INFO - 'NoneType' object is not subscriptable
2025-09-02 02:21:23,653 - INFO - Traceback (most recent call last):
  File "/home/runner/work/qqnews/qqnews/qq.py", line 128, in main
    for i in qq1["data"]["list"]:
             ~~~~~~~~~~~^^^^^^^^
TypeError: 'NoneType' object is not subscriptable

2025-09-02 03:31:58,581 - INFO - Total time taken: {'ret': 0, 'msg': 'success', 'data': None}
2025-09-02 03:31:58,581 - INFO - 'NoneType' object is not subscriptable
2025-09-02 03:31:58,581 - INFO - Traceback (most recent call last):
  File "/home/runner/work/qqnews/qqnews/qq.py", line 128, in main
    for i in qq1["data"]["list"]:
             ~~~~~~~~~~~^^^^^^^^
TypeError: 'NoneType' object is not subscriptable

2025-09-02 04:01:37,458 - INFO - Total time taken: {'ret': 0, 'msg': 'success', 'data': None}
2025-09-02 04:01:37,458 - INFO - 'NoneType' object is not subscriptable
2025-09-02 04:01:37,458 - INFO - Traceback (most recent call last):
  File "/home/runner/work/qqnews/qqnews/qq.py", line 128, in main
    for i in qq1["data"]["list"]:
             ~~~~~~~~~~~^^^^^^^^
TypeError: 'NoneType' object is not subscriptable

2025-09-02 05:01:15,816 - INFO - Total time taken: {'ret': 0, 'msg': 'success', 'data': None}
2025-09-02 05:01:15,816 - INFO - 'NoneType' object is not subscriptable
2025-09-02 05:01:15,816 - INFO - Traceback (most recent call last):
  File "/home/runner/work/qqnews/qqnews/qq.py", line 128, in main
    for i in qq1["data"]["list"]:
             ~~~~~~~~~~~^^^^^^^^
TypeError: 'NoneType' object is not subscriptable

