2026-05-28 01:29:06,538 - INFO - Total time taken: {'ret': 0, 'msg': 'success', 'data': None}
2026-05-28 01:29:06,539 - INFO - 'NoneType' object is not subscriptable
2026-05-28 01:29:06,539 - INFO - Traceback (most recent call last):
  File "/home/runner/work/qqnews/qqnews/qq.py", line 128, in main
    for i in qq1["data"]["list"]:
             ~~~~~~~~~~~^^^^^^^^
TypeError: 'NoneType' object is not subscriptable

2026-05-28 05:56:35,897 - INFO - Total time taken: {'ret': 0, 'msg': 'success', 'data': None}
2026-05-28 05:56:35,898 - INFO - 'NoneType' object is not subscriptable
2026-05-28 05:56:35,898 - INFO - Traceback (most recent call last):
  File "/home/runner/work/qqnews/qqnews/qq.py", line 128, in main
    for i in qq1["data"]["list"]:
             ~~~~~~~~~~~^^^^^^^^
TypeError: 'NoneType' object is not subscriptable

2026-05-28 09:41:40,203 - INFO - Total time taken: {'ret': 0, 'msg': 'success', 'data': None}
2026-05-28 09:41:40,204 - INFO - 'NoneType' object is not subscriptable
2026-05-28 09:41:40,204 - INFO - Traceback (most recent call last):
  File "/home/runner/work/qqnews/qqnews/qq.py", line 128, in main
    for i in qq1["data"]["list"]:
             ~~~~~~~~~~~^^^^^^^^
TypeError: 'NoneType' object is not subscriptable

2026-05-28 12:57:07,994 - INFO - Total time taken: {'ret': 0, 'msg': 'success', 'data': None}
2026-05-28 12:57:07,995 - INFO - 'NoneType' object is not subscriptable
2026-05-28 12:57:07,995 - INFO - Traceback (most recent call last):
  File "/home/runner/work/qqnews/qqnews/qq.py", line 128, in main
    for i in qq1["data"]["list"]:
             ~~~~~~~~~~~^^^^^^^^
TypeError: 'NoneType' object is not subscriptable

2026-05-28 16:46:18,076 - INFO - Total time taken: {'ret': 0, 'msg': 'success', 'data': None}
2026-05-28 16:46:18,077 - INFO - 'NoneType' object is not subscriptable
2026-05-28 16:46:18,077 - INFO - Traceback (most recent call last):
  File "/home/runner/work/qqnews/qqnews/qq.py", line 128, in main
    for i in qq1["data"]["list"]:
             ~~~~~~~~~~~^^^^^^^^
TypeError: 'NoneType' object is not subscriptable

2026-05-28 19:30:28,101 - INFO - Total time taken: {'ret': 0, 'msg': 'success', 'data': None}
2026-05-28 19:30:28,101 - INFO - 'NoneType' object is not subscriptable
2026-05-28 19:30:28,102 - INFO - Traceback (most recent call last):
  File "/home/runner/work/qqnews/qqnews/qq.py", line 128, in main
    for i in qq1["data"]["list"]:
             ~~~~~~~~~~~^^^^^^^^
TypeError: 'NoneType' object is not subscriptable

2026-05-28 21:47:02,590 - INFO - Total time taken: {'ret': 0, 'msg': 'success', 'data': None}
2026-05-28 21:47:02,590 - INFO - 'NoneType' object is not subscriptable
2026-05-28 21:47:02,590 - INFO - Traceback (most recent call last):
  File "/home/runner/work/qqnews/qqnews/qq.py", line 128, in main
    for i in qq1["data"]["list"]:
             ~~~~~~~~~~~^^^^^^^^
TypeError: 'NoneType' object is not subscriptable

