2026-07-10 00:02:04,968 - INFO - Total time taken: {'ret': 0, 'msg': 'success', 'data': None}
2026-07-10 00:02:04,968 - INFO - 'NoneType' object is not subscriptable
2026-07-10 00:02:04,968 - INFO - Traceback (most recent call last):
  File "/home/runner/work/qqnews/qqnews/qq.py", line 128, in main
    for i in qq1["data"]["list"]:
             ~~~~~~~~~~~^^^^^^^^
TypeError: 'NoneType' object is not subscriptable

2026-07-10 04:40:55,441 - INFO - Total time taken: {'ret': 0, 'msg': 'success', 'data': None}
2026-07-10 04:40:55,441 - INFO - 'NoneType' object is not subscriptable
2026-07-10 04:40:55,442 - INFO - Traceback (most recent call last):
  File "/home/runner/work/qqnews/qqnews/qq.py", line 128, in main
    for i in qq1["data"]["list"]:
             ~~~~~~~~~~~^^^^^^^^
TypeError: 'NoneType' object is not subscriptable

2026-07-10 08:13:14,897 - INFO - Total time taken: {'ret': 0, 'msg': 'success', 'data': None}
2026-07-10 08:13:14,897 - INFO - 'NoneType' object is not subscriptable
2026-07-10 08:13:14,897 - INFO - Traceback (most recent call last):
  File "/home/runner/work/qqnews/qqnews/qq.py", line 128, in main
    for i in qq1["data"]["list"]:
             ~~~~~~~~~~~^^^^^^^^
TypeError: 'NoneType' object is not subscriptable

