2026-03-11 00:53:40,347 - INFO - Total time taken: {'ret': 0, 'msg': 'success', 'data': None}
2026-03-11 00:53:40,348 - INFO - 'NoneType' object is not subscriptable
2026-03-11 00:53:40,348 - INFO - Traceback (most recent call last):
  File "/home/runner/work/qqnews/qqnews/qq.py", line 128, in main
    for i in qq1["data"]["list"]:
             ~~~~~~~~~~~^^^^^^^^
TypeError: 'NoneType' object is not subscriptable

2026-03-11 03:15:46,004 - INFO - Total time taken: {'ret': 0, 'msg': 'success', 'data': None}
2026-03-11 03:15:46,005 - INFO - 'NoneType' object is not subscriptable
2026-03-11 03:15:46,005 - INFO - Traceback (most recent call last):
  File "/home/runner/work/qqnews/qqnews/qq.py", line 128, in main
    for i in qq1["data"]["list"]:
             ~~~~~~~~~~~^^^^^^^^
TypeError: 'NoneType' object is not subscriptable

2026-03-11 05:04:41,779 - INFO - Total time taken: {'ret': 0, 'msg': 'success', 'data': None}
2026-03-11 05:04:41,779 - INFO - 'NoneType' object is not subscriptable
2026-03-11 05:04:41,779 - INFO - Traceback (most recent call last):
  File "/home/runner/work/qqnews/qqnews/qq.py", line 128, in main
    for i in qq1["data"]["list"]:
             ~~~~~~~~~~~^^^^^^^^
TypeError: 'NoneType' object is not subscriptable

2026-03-11 06:35:02,708 - INFO - Total time taken: {'ret': 0, 'msg': 'success', 'data': None}
2026-03-11 06:35:02,709 - INFO - 'NoneType' object is not subscriptable
2026-03-11 06:35:02,709 - INFO - Traceback (most recent call last):
  File "/home/runner/work/qqnews/qqnews/qq.py", line 128, in main
    for i in qq1["data"]["list"]:
             ~~~~~~~~~~~^^^^^^^^
TypeError: 'NoneType' object is not subscriptable

2026-03-11 07:34:43,629 - INFO - Total time taken: {'ret': 0, 'msg': 'success', 'data': None}
2026-03-11 07:34:43,630 - INFO - 'NoneType' object is not subscriptable
2026-03-11 07:34:43,630 - INFO - Traceback (most recent call last):
  File "/home/runner/work/qqnews/qqnews/qq.py", line 128, in main
    for i in qq1["data"]["list"]:
             ~~~~~~~~~~~^^^^^^^^
TypeError: 'NoneType' object is not subscriptable

2026-03-11 08:25:12,561 - INFO - Total time taken: {'ret': 0, 'msg': 'success', 'data': None}
2026-03-11 08:25:12,561 - INFO - 'NoneType' object is not subscriptable
2026-03-11 08:25:12,561 - INFO - Traceback (most recent call last):
  File "/home/runner/work/qqnews/qqnews/qq.py", line 128, in main
    for i in qq1["data"]["list"]:
             ~~~~~~~~~~~^^^^^^^^
TypeError: 'NoneType' object is not subscriptable

2026-03-11 09:30:36,810 - INFO - Total time taken: {'ret': 0, 'msg': 'success', 'data': None}
2026-03-11 09:30:36,810 - INFO - 'NoneType' object is not subscriptable
2026-03-11 09:30:36,811 - INFO - Traceback (most recent call last):
  File "/home/runner/work/qqnews/qqnews/qq.py", line 128, in main
    for i in qq1["data"]["list"]:
             ~~~~~~~~~~~^^^^^^^^
TypeError: 'NoneType' object is not subscriptable

2026-03-11 10:25:53,583 - INFO - Total time taken: {'ret': 0, 'msg': 'success', 'data': None}
2026-03-11 10:25:53,583 - INFO - 'NoneType' object is not subscriptable
2026-03-11 10:25:53,583 - INFO - Traceback (most recent call last):
  File "/home/runner/work/qqnews/qqnews/qq.py", line 128, in main
    for i in qq1["data"]["list"]:
             ~~~~~~~~~~~^^^^^^^^
TypeError: 'NoneType' object is not subscriptable

2026-03-11 11:23:23,038 - INFO - Total time taken: {'ret': 0, 'msg': 'success', 'data': None}
2026-03-11 11:23:23,038 - INFO - 'NoneType' object is not subscriptable
2026-03-11 11:23:23,038 - INFO - Traceback (most recent call last):
  File "/home/runner/work/qqnews/qqnews/qq.py", line 128, in main
    for i in qq1["data"]["list"]:
             ~~~~~~~~~~~^^^^^^^^
TypeError: 'NoneType' object is not subscriptable

2026-03-11 12:28:56,010 - INFO - Total time taken: {'ret': 0, 'msg': 'success', 'data': None}
2026-03-11 12:28:56,010 - INFO - 'NoneType' object is not subscriptable
2026-03-11 12:28:56,011 - INFO - Traceback (most recent call last):
  File "/home/runner/work/qqnews/qqnews/qq.py", line 128, in main
    for i in qq1["data"]["list"]:
             ~~~~~~~~~~~^^^^^^^^
TypeError: 'NoneType' object is not subscriptable

2026-03-11 13:55:55,480 - INFO - Total time taken: {'ret': 0, 'msg': 'success', 'data': None}
2026-03-11 13:55:55,480 - INFO - 'NoneType' object is not subscriptable
2026-03-11 13:55:55,481 - INFO - Traceback (most recent call last):
  File "/home/runner/work/qqnews/qqnews/qq.py", line 128, in main
    for i in qq1["data"]["list"]:
             ~~~~~~~~~~~^^^^^^^^
TypeError: 'NoneType' object is not subscriptable

2026-03-11 14:38:15,586 - INFO - Total time taken: {'ret': 0, 'msg': 'success', 'data': None}
2026-03-11 14:38:15,586 - INFO - 'NoneType' object is not subscriptable
2026-03-11 14:38:15,587 - INFO - Traceback (most recent call last):
  File "/home/runner/work/qqnews/qqnews/qq.py", line 128, in main
    for i in qq1["data"]["list"]:
             ~~~~~~~~~~~^^^^^^^^
TypeError: 'NoneType' object is not subscriptable

2026-03-11 15:35:02,483 - INFO - Total time taken: {'ret': 0, 'msg': 'success', 'data': None}
2026-03-11 15:35:02,483 - INFO - 'NoneType' object is not subscriptable
2026-03-11 15:35:02,484 - INFO - Traceback (most recent call last):
  File "/home/runner/work/qqnews/qqnews/qq.py", line 128, in main
    for i in qq1["data"]["list"]:
             ~~~~~~~~~~~^^^^^^^^
TypeError: 'NoneType' object is not subscriptable

2026-03-11 16:36:17,533 - INFO - Total time taken: {'ret': 0, 'msg': 'success', 'data': None}
2026-03-11 16:36:17,533 - INFO - 'NoneType' object is not subscriptable
2026-03-11 16:36:17,534 - INFO - Traceback (most recent call last):
  File "/home/runner/work/qqnews/qqnews/qq.py", line 128, in main
    for i in qq1["data"]["list"]:
             ~~~~~~~~~~~^^^^^^^^
TypeError: 'NoneType' object is not subscriptable

2026-03-11 17:39:11,526 - INFO - Total time taken: {'ret': 0, 'msg': 'success', 'data': None}
2026-03-11 17:39:11,526 - INFO - 'NoneType' object is not subscriptable
2026-03-11 17:39:11,527 - INFO - Traceback (most recent call last):
  File "/home/runner/work/qqnews/qqnews/qq.py", line 128, in main
    for i in qq1["data"]["list"]:
             ~~~~~~~~~~~^^^^^^^^
TypeError: 'NoneType' object is not subscriptable

2026-03-11 18:36:12,276 - INFO - Total time taken: {'ret': 0, 'msg': 'success', 'data': None}
2026-03-11 18:36:12,276 - INFO - 'NoneType' object is not subscriptable
2026-03-11 18:36:12,276 - INFO - Traceback (most recent call last):
  File "/home/runner/work/qqnews/qqnews/qq.py", line 128, in main
    for i in qq1["data"]["list"]:
             ~~~~~~~~~~~^^^^^^^^
TypeError: 'NoneType' object is not subscriptable

