2025-10-11 00:36:05,869 - INFO - Total time taken: {'ret': 0, 'msg': 'success', 'data': None}
2025-10-11 00:36:05,869 - INFO - 'NoneType' object is not subscriptable
2025-10-11 00:36:05,870 - INFO - Traceback (most recent call last):
  File "/home/runner/work/qqnews/qqnews/qq.py", line 128, in main
    for i in qq1["data"]["list"]:
             ~~~~~~~~~~~^^^^^^^^
TypeError: 'NoneType' object is not subscriptable

2025-10-11 02:10:48,210 - INFO - Total time taken: {'ret': 0, 'msg': 'success', 'data': None}
2025-10-11 02:10:48,210 - INFO - 'NoneType' object is not subscriptable
2025-10-11 02:10:48,210 - INFO - Traceback (most recent call last):
  File "/home/runner/work/qqnews/qqnews/qq.py", line 128, in main
    for i in qq1["data"]["list"]:
             ~~~~~~~~~~~^^^^^^^^
TypeError: 'NoneType' object is not subscriptable

2025-10-11 03:18:34,528 - INFO - Total time taken: {'ret': 0, 'msg': 'success', 'data': None}
2025-10-11 03:18:34,529 - INFO - 'NoneType' object is not subscriptable
2025-10-11 03:18:34,529 - INFO - Traceback (most recent call last):
  File "/home/runner/work/qqnews/qqnews/qq.py", line 128, in main
    for i in qq1["data"]["list"]:
             ~~~~~~~~~~~^^^^^^^^
TypeError: 'NoneType' object is not subscriptable

2025-10-11 04:01:16,211 - INFO - Total time taken: {'ret': 0, 'msg': 'success', 'data': None}
2025-10-11 04:01:16,211 - INFO - 'NoneType' object is not subscriptable
2025-10-11 04:01:16,212 - INFO - Traceback (most recent call last):
  File "/home/runner/work/qqnews/qqnews/qq.py", line 128, in main
    for i in qq1["data"]["list"]:
             ~~~~~~~~~~~^^^^^^^^
TypeError: 'NoneType' object is not subscriptable

2025-10-11 05:01:16,677 - INFO - Total time taken: {'ret': 0, 'msg': 'success', 'data': None}
2025-10-11 05:01:16,677 - INFO - 'NoneType' object is not subscriptable
2025-10-11 05:01:16,677 - INFO - Traceback (most recent call last):
  File "/home/runner/work/qqnews/qqnews/qq.py", line 128, in main
    for i in qq1["data"]["list"]:
             ~~~~~~~~~~~^^^^^^^^
TypeError: 'NoneType' object is not subscriptable

2025-10-11 06:01:22,538 - INFO - Total time taken: {'ret': 0, 'msg': 'success', 'data': None}
2025-10-11 06:01:22,539 - INFO - 'NoneType' object is not subscriptable
2025-10-11 06:01:22,539 - INFO - Traceback (most recent call last):
  File "/home/runner/work/qqnews/qqnews/qq.py", line 128, in main
    for i in qq1["data"]["list"]:
             ~~~~~~~~~~~^^^^^^^^
TypeError: 'NoneType' object is not subscriptable

