2025-04-21 00:41:40,293 - INFO - EXPIRED
日本天价打造“全球最大驱逐舰”
https://new.qq.com/rain/a/20250420A03KAD00

2025-04-21 00:41:40,293 - INFO - EXPIRED
“中国最高烂尾楼”将于4月30日复工，背后故事太曲折
https://new.qq.com/rain/a/20250420A02ZVR00

2025-04-21 00:41:40,293 - INFO - EXPIRED
巴西球员雨果连胜世界前三夺乒乓球世界杯冠军，中国球员输在哪？
https://view.inews.qq.com/a/20250420Q06VBB00

2025-04-21 00:41:40,293 - INFO - EXPIRED
特朗普大刀砍向鲁比奥的国务院？“236年来最大重组之一”
https://new.qq.com/rain/a/20250420A06ZYX00

2025-04-21 00:41:40,293 - INFO - EXPIRED
“我愿意跟他挨着！”谢谢你，地铁5号线上勇敢的女乘客
https://new.qq.com/rain/a/20250420V06X2H00

2025-04-21 00:41:40,293 - INFO - EXPIRED
男子带10名女子吃烧烤逃单，老板：已有人联系付款，自称是无意
https://new.qq.com/rain/a/20250420A06NJR00

2025-04-21 00:41:40,293 - INFO - EXPIRED
当小红书开始参与预测选举和消费，我们还剩下什么私域
https://new.qq.com/rain/a/20250420A0738D00

2025-04-21 00:41:40,293 - INFO - EXPIRED
北京地铁，永远欢迎沾着泥巴的劳动者
https://new.qq.com/rain/a/20250420A04FYX00

2025-04-21 00:41:40,293 - INFO - EXPIRED
美国政坛罕见一幕：三位前总统接连公开谴责特朗普政府及其政策
https://new.qq.com/rain/a/20250420A066U800

2025-04-21 00:41:40,293 - INFO - EXPIRED
这架波音737 Max已被退回美国西雅图
https://new.qq.com/rain/a/20250420A05ROC00

2025-04-21 00:41:40,293 - INFO - EXPIRED
菲律宾36号护卫艇非法侵入中国黄岩岛领海，南部战区回应
https://new.qq.com/rain/a/20250420A06UXE00

2025-04-21 00:41:40,293 - INFO - EXPIRED
男子杀害同居11年女友案将开庭，被害人女儿：不明白他为何痛下杀手
https://new.qq.com/rain/a/20250420A06TEG00

2025-04-21 00:41:40,293 - INFO - EXPIRED
MAGA们还能“忍”特朗普多久？共和党担心了
https://new.qq.com/rain/a/20250420A06PG400

2025-04-21 00:41:40,293 - INFO - EXPIRED
男子幻想自己被“做法”后射杀2人被判死缓，检方：应判死刑立即执行
https://new.qq.com/rain/a/20250420A06PRU00

2025-04-21 00:41:40,293 - INFO - EXPIRED
大尺度色情语聊、撮合卖淫嫖娼 交友软件暗藏“桃色陷阱”
https://new.qq.com/rain/a/20250420A06JJZ00

2025-04-21 00:41:40,293 - INFO - EXPIRED
美国中餐馆：1个饺子1美元起，原材料价格上升10%-50%不等
https://new.qq.com/rain/a/20250420A04Y8700

2025-04-21 00:41:40,293 - INFO - EXPIRED
余斌讲中国经济：挑战与出路
https://new.qq.com/rain/a/20250420A05JXT00

2025-04-21 00:41:40,293 - INFO - EXPIRED
韩国最新民调：李在明继续领跑 代总统支持率上升
https://new.qq.com/rain/a/20250420A06BH100

2025-04-21 00:41:40,293 - INFO - EXPIRED
整治智驾“蒙眼狂奔”，国家出手了
https://new.qq.com/rain/a/20250420A0629500

2025-04-21 00:41:40,293 - INFO - EXPIRED
苏州一女子在海底捞拿蘸料时触电受伤，海底捞回应
https://new.qq.com/rain/a/20250420A06CDB00

2025-04-21 00:41:40,293 - INFO - EXPIRED
南方将迎三轮降雨，两广旱区的“解渴雨”也要来了
https://new.qq.com/rain/a/20250420A060G500

2025-04-21 00:41:40,293 - INFO - EXPIRED
四川都江堰龙池“巨人阶梯”走红，每个阶梯1米高，当地政府：不要爬
https://new.qq.com/rain/a/20250420A03YEK00

2025-04-21 00:41:40,293 - INFO - EXPIRED
中钢网董事长报案被敲诈，警方不予立案
https://new.qq.com/rain/a/20250420A06KO700

2025-04-21 00:41:40,293 - INFO - EXPIRED
“起床后第一件事就是看金价”，有人贷款17万买黄金，网友：借钱蹦极
https://new.qq.com/rain/a/20250420A042VE00

2025-04-21 00:41:40,293 - INFO - EXPIRED
宇树机器人能翻跟斗，跑马拉松却摔得东倒西歪，为何差别这么大？
https://view.inews.qq.com/a/20250419Q07Q1J00

2025-04-21 00:41:40,293 - INFO - EXPIRED
韩媒：韩国空军因机炮坠落事故暂停所有非必要飞行任务
https://new.qq.com/rain/a/20250420A04UXL00

2025-04-21 00:41:40,293 - INFO - EXPIRED
2025中国互联网企业家座谈会在京召开
https://new.qq.com/rain/a/20250420A06LNW00

2025-04-21 00:41:40,293 - INFO - EXPIRED
河南抗旱保粮，为何关乎中美关税战博弈
https://new.qq.com/rain/a/20250420A05TY300

2025-04-21 00:41:40,293 - INFO - EXPIRED
杭州一地铁口被吐槽像棺材，地铁站设计的规范流程是怎样的？
https://view.inews.qq.com/a/20250418Q04XY700

2025-04-21 00:41:40,293 - INFO - EXPIRED
乌媒：美媒“将基辅标注为俄罗斯城市”，乌外交部要求道歉并调查
https://new.qq.com/rain/a/20250420A06CAR00

2025-04-21 00:41:40,293 - INFO - EXPIRED
玉渊谭天丨这是一个时代的结束
https://new.qq.com/rain/a/20250420A04JOM00

2025-04-21 00:41:40,293 - INFO - EXPIRED
卤制品三巨头业绩齐齐下滑，为何卤味卖得越来越贵还不挣钱？
https://view.inews.qq.com/a/20250418Q09Z8W00

2025-04-21 00:41:40,293 - INFO - EXPIRED
停滞近10年，“中国北方第一高楼”要复工了
https://new.qq.com/rain/a/20250420A055RS00

2025-04-21 00:41:40,293 - INFO - EXPIRED
张九思任电子科大副教授，曾以学生身份入选爱思唯尔全球前2%顶尖科学家
https://new.qq.com/rain/a/20250420A03VMH00

2025-04-21 00:41:40,293 - INFO - EXPIRED
路面凌晨突陷直径4米大坑，55岁货车司机车毁人亡，家属：不知谁来管
https://new.qq.com/rain/a/20250420A04L3800

2025-04-21 00:41:40,293 - INFO - EXPIRED
17岁体育生左膝长骨瘤，却被医生错切右膝？案件将开庭，母亲拒绝和解
https://new.qq.com/rain/a/20250420A04GSO00

2025-04-21 00:41:40,293 - INFO - EXPIRED
云南多只宠物犬随主人逛公园疑中毒死亡，网友提醒戴嘴套，警方介入
https://new.qq.com/rain/a/20250420A05WTQ00

2025-04-21 00:41:40,293 - INFO - EXPIRED
广西河池遭遇冰雹大风天气，村民：冰雹像鸡蛋大小，有狗被砸死
https://new.qq.com/rain/a/20250420V04FTN00

2025-04-21 00:41:40,293 - INFO - EXPIRED
中办、国办印发《农村基层干部廉洁履行职责规定》
https://new.qq.com/rain/a/20250420A05MHY00

2025-04-21 00:41:40,294 - INFO - EXPIRED
运油-20亮相中埃空军联训，专家：不排除运油-20为埃战机实施空中加油
https://new.qq.com/rain/a/20250420A04RCA00

2025-04-21 00:41:40,294 - INFO - EXPIRED
特朗普“抱怨”后，日本考虑放宽汽车进口安全标准
https://new.qq.com/rain/a/20250420A04WBV00

2025-04-21 00:41:40,294 - INFO - EXPIRED
美政府称“整改邮件”发错了，哈佛大学：你们就是这么想的
https://new.qq.com/rain/a/20250420A04RJE00

2025-04-21 00:41:40,294 - INFO - EXPIRED
三名美国国防部高官被解雇，美官员：五角大楼里已“完全崩溃”
https://new.qq.com/rain/a/20250420A03XUB00

2025-04-21 00:41:40,294 - INFO - EXPIRED
6000年前的“山东大汉”有多高？探秘大汶口遗址
https://new.qq.com/rain/a/20250420A04KAD00

2025-04-21 00:41:40,294 - INFO - EXPIRED
19年找了百万公里女儿就在失踪点附近 爸爸换发型穿新衣和女儿相认
https://new.qq.com/rain/a/20250420A03WH100

2025-04-21 00:41:40,294 - INFO - EXPIRED
神舟二十号全系统合练今日展开，计划近日择机发射
https://new.qq.com/rain/a/20250420A04ZT400

2025-04-21 00:41:40,294 - INFO - EXPIRED
半导体关税冲击波：黄仁勋紧急访华48小时，经销商称芯片一天一个价
https://new.qq.com/rain/a/20250420A041UZ00

2025-04-21 00:41:40,294 - INFO - EXPIRED
日本乒乓名将丹羽孝希因赌博被禁赛6个月，曾获奥运男团银牌
https://new.qq.com/rain/a/20250420A04IUU00

2025-04-21 00:41:40,294 - INFO - EXPIRED
中国加快采购巴西大豆，以减少对美国依赖，巴西大豆能完全平替吗？
https://view.inews.qq.com/a/20250420Q039C600

2025-04-21 00:41:40,294 - INFO - EXPIRED
日本人一边去韩国疯抢大米，一边吐槽：便宜没好货，还是日本大米好吃！
https://new.qq.com/rain/a/20250420A03Y4U00

2025-04-21 00:41:40,294 - INFO - EXPIRED
“停靠在八楼的2路汽车”，回来了
https://new.qq.com/rain/a/20250419A082CH00

2025-04-21 00:41:40,294 - INFO - EXPIRED
山东菏泽一醉酒男子深夜强闯高校女寝：持手机录像，还追打阻拦的宿管
https://new.qq.com/rain/a/20250420A0292K00

2025-04-21 00:41:40,294 - INFO - EXPIRED
男子入室盗窃被发现后竟将女子压在床上，一审被判6年半 上诉称不构成抢劫罪而是想猥亵对方被驳回
https://new.qq.com/rain/a/20250420A049A200

2025-04-21 00:41:40,294 - INFO - EXPIRED
日本赴美谈判代表：突然得知特朗普这一消息，我们正穿着睡衣
https://new.qq.com/rain/a/20250419A059GM00

2025-04-21 00:41:40,294 - INFO - EXPIRED
女生发现自己出现在热播剧中并配有台词，自己却不知情，多方发声
https://new.qq.com/rain/a/20250418A091ND00

2025-04-21 00:41:40,294 - INFO - EXPIRED
国产芯片设备巨头中微公司董事长尹志尧放弃美国籍，恢复为中国国籍
https://new.qq.com/rain/a/20250419A04X9J00

2025-04-21 00:41:40,294 - INFO - EXPIRED
定向打击中国造船业，特朗普想干什么
https://new.qq.com/rain/a/20250419A07FC300

2025-04-21 00:41:40,294 - INFO - EXPIRED
现场视频！妈祖诞辰1065周年，演员刘涛为妈祖献上寿桃
https://new.qq.com/rain/a/20250420A03LAO00

2025-04-21 00:41:40,294 - INFO - EXPIRED
安徽女子左眼失明左耳失聪，办残疾人证被拒？残联：双眼残疾才可办理
https://new.qq.com/rain/a/20250418A05W0X00

2025-04-21 00:41:40,294 - INFO - EXPIRED
拘留！女子伸腿阻止高铁关门，试图等待同伴上车，深圳铁路警方通报
https://new.qq.com/rain/a/20250419A07Q4Y00

2025-04-21 00:41:40,294 - INFO - EXPIRED
4名中国留学生诉美国政府“首战胜利”，已有超100名学生联合提起诉讼
https://new.qq.com/rain/a/20250419A079SV00

2025-04-21 00:41:40,294 - INFO - EXPIRED
江苏省委书记会见洪秀柱
https://new.qq.com/rain/a/20250419A07P5I00

2025-04-21 00:41:40,294 - INFO - EXPIRED
3名嫌犯画面曝光！菲警方披露中国籍“钢铁大王”在菲遭撕票案细节
https://new.qq.com/rain/a/20250419V07PAP00

2025-04-21 00:41:40,294 - INFO - EXPIRED
娃哈哈跨行做鞋，“AD钙奶、营养快线”鞋走红，这能带来多大收益？
https://view.inews.qq.com/a/20250420Q01LTE00

2025-04-21 00:41:40,294 - INFO - EXPIRED
调查显示特朗普在经济问题上的支持率跌至其总统生涯最低
https://new.qq.com/rain/a/20250420A01UYS00

2025-04-21 00:41:40,294 - INFO - EXPIRED
最近半年，广西没下过一场像样的雨
https://new.qq.com/rain/a/20250419A07M5I00

2025-04-21 00:41:40,294 - INFO - EXPIRED
普京宣布临时停火30小时，泽连斯基建议延长至30天，还能达成一致吗？
https://view.inews.qq.com/a/20250420Q0241W00

2025-04-21 00:41:40,294 - INFO - EXPIRED
美国玩具厂商崩溃称“全美没有工厂能生产娃娃头发”，中国玩具制造业发展到了什么水平？有多牛？
https://view.inews.qq.com/a/20250418Q09XJX00

2025-04-21 00:41:40,294 - INFO - EXPIRED
广西南宁一摊贩驾车“漂移”甩开城管扬长而去？当地：不提倡城管追赶
https://new.qq.com/rain/a/20250419A07QK300

2025-04-21 00:41:40,294 - INFO - EXPIRED
前高考理科第一名考上税务局公务员，本人还在街道上班，专家：应支持
https://new.qq.com/rain/a/20250419A07CBW00

2025-04-21 00:41:40,294 - INFO - EXPIRED
4任书记、市长先后落马：接受中央提级巡视的地级市
https://new.qq.com/rain/a/20250420A01EYY00

2025-04-21 00:41:40,294 - INFO - EXPIRED
日本贸易谈判代表送特朗普一件特殊礼物，“中国制造”
https://new.qq.com/rain/a/20250419A06QCT00

2025-04-21 00:41:40,294 - INFO - EXPIRED
深圳41岁程序员回应“3年不租房睡车里省10万”：老家生活条件非常好
https://new.qq.com/rain/a/20250419A04YYA00

2025-04-21 00:41:40,294 - INFO - EXPIRED
小卖部店主夫妻被害，凶手留下“血掌纹”！22年后这起命案破了
https://new.qq.com/rain/a/20250419A07UV400

2025-04-21 00:41:40,294 - INFO - EXPIRED
谷歌前CEO：中国在科技领域正投入万亿美元，我们却在这胡搞
https://new.qq.com/rain/a/20250419A07TLC00

2025-04-21 00:41:40,294 - INFO - EXPIRED
“这是本届政府的态度” 英国明确拒绝与中国脱钩
https://new.qq.com/rain/a/20250419A071A100

2025-04-21 00:41:40,294 - INFO - EXPIRED
中国卫星脱轨123天，画面首次公布！有学生参与救援写两万行代码
https://new.qq.com/rain/a/20250419A04H7L00

2025-04-21 00:41:40,294 - INFO - EXPIRED
山西省委开会，再提金湘军
https://new.qq.com/rain/a/20250419A075K700

2025-04-21 00:41:40,294 - INFO - EXPIRED
复旦退学卖土豆泥，24岁的出格人生
https://new.qq.com/rain/a/20250419A07JUD00

2025-04-21 00:41:40,294 - INFO - EXPIRED
五一假期出行预订火爆：酒店搜索热度翻倍 “请4休11”拼假带动长线游
https://new.qq.com/rain/a/20250419A07D0W00

2025-04-21 00:41:40,294 - INFO - EXPIRED
任职仅72小时，他就被特朗普撤掉了
https://new.qq.com/rain/a/20250419A04KT700

2025-04-21 00:41:40,294 - INFO - EXPIRED
生产厂家回应“‘三蹦子’在美或断货”：美国客户还在观望，现主攻东南亚，影响不大
https://new.qq.com/rain/a/20250419A05CAK00

2025-04-21 00:41:40,294 - INFO - EXPIRED
山西长治309国道交通事故致人员伤亡，应急部门称因路面塌陷导致
https://new.qq.com/rain/a/20250419A06QBV00

2025-04-21 00:41:40,294 - INFO - EXPIRED
江西一地产开发商被控向亲兄长行贿近1200万元
https://new.qq.com/rain/a/20250419A079GG00

2025-04-21 00:41:40,294 - INFO - EXPIRED
太像了！湖南小伙被拐30年回家，和妈妈相拥而泣，母子相貌惊人一致
https://new.qq.com/rain/a/20250419A06XGV00

2025-04-21 00:41:40,294 - INFO - EXPIRED
突然又火了！上海涌入大量泰国人，被吐槽的景点意外翻红，迪士尼一车都是泰语...看完攻略，中国人都要重玩一遍
https://new.qq.com/rain/a/20250419A054DY00

2025-04-21 00:41:40,294 - INFO - EXPIRED
副总经理赵云，二次被查
https://new.qq.com/rain/a/20250419A04IRP00

2025-04-21 00:41:40,294 - INFO - EXPIRED
父母逝去，55岁精神障碍女儿独留人世间
https://new.qq.com/rain/a/20250419A060HO00

2025-04-21 00:41:40,294 - INFO - EXPIRED
美国印太司令部司令着急：中国速度太快了，是美国3倍
https://new.qq.com/rain/a/20250419A052S300

2025-04-21 00:41:40,294 - INFO - EXPIRED
中科院光解水制氢大突破，产氢效率提高15倍，这是如何做到的？
https://view.inews.qq.com/a/20250418Q057OW00

2025-04-21 00:41:40,294 - INFO - EXPIRED
印度称将重启赴中国西藏“朝圣之旅”，印媒：能促进旅游业和中印人员交流
https://new.qq.com/rain/a/20250419A01NYA00

2025-04-21 00:41:40,294 - INFO - EXPIRED
两名中国公民被海浪卷走致一人死亡一人失踪，中国驻墨尔本总领馆提醒注意涉水安全
https://new.qq.com/rain/a/20250419A06L7G00

2025-04-21 00:41:40,294 - INFO - EXPIRED
多款人形机器人马拉松比赛中摔倒，有的头部掉落，没头还能跑吗？
https://view.inews.qq.com/a/20250419Q03S8Y00

2025-04-21 00:41:42,347 - ERROR - ERROR
2.26亿元！税务部门查处重大虚开发票偷税骗补案件
https://new.qq.com/rain/a/20250421A01JZH00
('list index out of range',)
======
Traceback (most recent call last):
  File "/home/runner/work/qqnews/qqnews/qq.py", line 81, in process_article
    ss = str(tmpbs.select("div.LEFT div.content.clearfix")[0])
             ~~~~~~~~~~~~~~~~~~~~~~~~~~~~~~~~~~~~~~~~~~~~~^^^
IndexError: list index out of range


2025-04-21 00:41:42,361 - ERROR - ERROR
正式进入越南市场，机票首日销售火爆，中国C909飞机开始执飞越南国内航线
https://new.qq.com/rain/a/20250421A01F7800
('list index out of range',)
======
Traceback (most recent call last):
  File "/home/runner/work/qqnews/qqnews/qq.py", line 81, in process_article
    ss = str(tmpbs.select("div.LEFT div.content.clearfix")[0])
             ~~~~~~~~~~~~~~~~~~~~~~~~~~~~~~~~~~~~~~~~~~~~~^^^
IndexError: list index out of range


2025-04-21 00:41:42,505 - ERROR - ERROR
涉及马科斯，断崖式下跌！
https://new.qq.com/rain/a/20250421A01JVE00
('list index out of range',)
======
Traceback (most recent call last):
  File "/home/runner/work/qqnews/qqnews/qq.py", line 81, in process_article
    ss = str(tmpbs.select("div.LEFT div.content.clearfix")[0])
             ~~~~~~~~~~~~~~~~~~~~~~~~~~~~~~~~~~~~~~~~~~~~~^^^
IndexError: list index out of range


2025-04-21 00:41:42,510 - ERROR - ERROR
白宫平面图泄露
https://new.qq.com/rain/a/20250421A01LQX00
('list index out of range',)
======
Traceback (most recent call last):
  File "/home/runner/work/qqnews/qqnews/qq.py", line 81, in process_article
    ss = str(tmpbs.select("div.LEFT div.content.clearfix")[0])
             ~~~~~~~~~~~~~~~~~~~~~~~~~~~~~~~~~~~~~~~~~~~~~^^^
IndexError: list index out of range


2025-04-21 00:41:42,561 - ERROR - ERROR
美媒：中国重启南美大型铁路项目，或将彻底改变国际贸易
https://new.qq.com/rain/a/20250421A01DPJ00
('list index out of range',)
======
Traceback (most recent call last):
  File "/home/runner/work/qqnews/qqnews/qq.py", line 81, in process_article
    ss = str(tmpbs.select("div.LEFT div.content.clearfix")[0])
             ~~~~~~~~~~~~~~~~~~~~~~~~~~~~~~~~~~~~~~~~~~~~~^^^
IndexError: list index out of range


2025-04-21 00:41:43,540 - ERROR - ERROR
内部敏感文件遭万人共享 特朗普政府又曝安全漏洞
https://new.qq.com/rain/a/20250421A01AET00
('list index out of range',)
======
Traceback (most recent call last):
  File "/home/runner/work/qqnews/qqnews/qq.py", line 81, in process_article
    ss = str(tmpbs.select("div.LEFT div.content.clearfix")[0])
             ~~~~~~~~~~~~~~~~~~~~~~~~~~~~~~~~~~~~~~~~~~~~~^^^
IndexError: list index out of range


2025-04-21 00:41:43,716 - ERROR - ERROR
县委县府无大院：湖南汉寿的“拆墙”账本
https://new.qq.com/rain/a/20250421A00MHS00
('list index out of range',)
======
Traceback (most recent call last):
  File "/home/runner/work/qqnews/qqnews/qq.py", line 81, in process_article
    ss = str(tmpbs.select("div.LEFT div.content.clearfix")[0])
             ~~~~~~~~~~~~~~~~~~~~~~~~~~~~~~~~~~~~~~~~~~~~~^^^
IndexError: list index out of range


2025-04-21 02:26:09,376 - INFO - EXPIRED
“我愿意跟他挨着！”谢谢你，地铁5号线上勇敢的女乘客
https://new.qq.com/rain/a/20250420V06X2H00

2025-04-21 02:26:09,376 - INFO - EXPIRED
中国加快采购巴西大豆，以减少对美国依赖，巴西大豆能完全平替吗？
https://view.inews.qq.com/a/20250420Q030RX00

2025-04-21 02:26:09,376 - INFO - EXPIRED
为筹集资金，乌克兰议员建议色情合法化
https://new.qq.com/rain/a/20250420A052PO00

2025-04-21 02:26:09,376 - INFO - EXPIRED
印度担忧中方“限制措施”阻碍印度发展国内制造业，中国大使回应
https://new.qq.com/rain/a/20250420A023DI00

2025-04-21 02:26:09,376 - INFO - EXPIRED
“中国最高烂尾楼”将于4月30日复工，背后故事太曲折
https://new.qq.com/rain/a/20250420A02ZVR00

2025-04-21 02:26:09,376 - INFO - EXPIRED
余斌讲中国经济：挑战与出路
https://new.qq.com/rain/a/20250420A05JXT00

2025-04-21 02:26:09,376 - INFO - EXPIRED
特朗普大刀砍向鲁比奥的国务院？“236年来最大重组之一”
https://new.qq.com/rain/a/20250420A06ZYX00

2025-04-21 02:26:09,377 - INFO - EXPIRED
男子带10名女子吃烧烤逃单，老板：已有人联系付款，自称是无意
https://new.qq.com/rain/a/20250420A06NJR00

2025-04-21 02:26:09,377 - INFO - EXPIRED
日本天价打造“全球最大驱逐舰”
https://new.qq.com/rain/a/20250420A03KAD00

2025-04-21 02:26:09,377 - INFO - EXPIRED
巴西球员雨果连胜世界前三夺乒乓球世界杯冠军，中国球员输在哪？
https://view.inews.qq.com/a/20250420Q06VBB00

2025-04-21 02:26:09,377 - INFO - EXPIRED
当小红书开始参与预测选举和消费，我们还剩下什么私域
https://new.qq.com/rain/a/20250420A0738D00

2025-04-21 02:26:09,377 - INFO - EXPIRED
北京地铁，永远欢迎沾着泥巴的劳动者
https://new.qq.com/rain/a/20250420A04FYX00

2025-04-21 02:26:09,377 - INFO - EXPIRED
美国政坛罕见一幕：三位前总统接连公开谴责特朗普政府及其政策
https://new.qq.com/rain/a/20250420A066U800

2025-04-21 02:26:09,377 - INFO - EXPIRED
这架波音737 Max已被退回美国西雅图
https://new.qq.com/rain/a/20250420A05ROC00

2025-04-21 02:26:09,377 - INFO - EXPIRED
菲律宾36号护卫艇非法侵入中国黄岩岛领海，南部战区回应
https://new.qq.com/rain/a/20250420A06UXE00

2025-04-21 02:26:09,377 - INFO - EXPIRED
男子杀害同居11年女友案将开庭，被害人女儿：不明白他为何痛下杀手
https://new.qq.com/rain/a/20250420A06TEG00

2025-04-21 02:26:09,377 - INFO - EXPIRED
MAGA们还能“忍”特朗普多久？共和党担心了
https://new.qq.com/rain/a/20250420A06PG400

2025-04-21 02:26:09,377 - INFO - EXPIRED
男子幻想自己被“做法”后射杀2人被判死缓，检方：应判死刑立即执行
https://new.qq.com/rain/a/20250420A06PRU00

2025-04-21 02:26:09,377 - INFO - EXPIRED
大尺度色情语聊、撮合卖淫嫖娼 交友软件暗藏“桃色陷阱”
https://new.qq.com/rain/a/20250420A06JJZ00

2025-04-21 02:26:09,377 - INFO - EXPIRED
美国中餐馆：1个饺子1美元起，原材料价格上升10%-50%不等
https://new.qq.com/rain/a/20250420A04Y8700

2025-04-21 02:26:09,377 - INFO - EXPIRED
韩国最新民调：李在明继续领跑 代总统支持率上升
https://new.qq.com/rain/a/20250420A06BH100

2025-04-21 02:26:09,377 - INFO - EXPIRED
整治智驾“蒙眼狂奔”，国家出手了
https://new.qq.com/rain/a/20250420A0629500

2025-04-21 02:26:09,377 - INFO - EXPIRED
苏州一女子在海底捞拿蘸料时触电受伤，海底捞回应
https://new.qq.com/rain/a/20250420A06CDB00

2025-04-21 02:26:09,377 - INFO - EXPIRED
南方将迎三轮降雨，两广旱区的“解渴雨”也要来了
https://new.qq.com/rain/a/20250420A060G500

2025-04-21 02:26:09,377 - INFO - EXPIRED
四川都江堰龙池“巨人阶梯”走红，每个阶梯1米高，当地政府：不要爬
https://new.qq.com/rain/a/20250420A03YEK00

2025-04-21 02:26:09,377 - INFO - EXPIRED
中钢网董事长报案被敲诈，警方不予立案
https://new.qq.com/rain/a/20250420A06KO700

2025-04-21 02:26:09,377 - INFO - EXPIRED
“起床后第一件事就是看金价”，有人贷款17万买黄金，网友：借钱蹦极
https://new.qq.com/rain/a/20250420A042VE00

2025-04-21 02:26:09,377 - INFO - EXPIRED
宇树机器人能翻跟斗，跑马拉松却摔得东倒西歪，为何差别这么大？
https://view.inews.qq.com/a/20250419Q07Q1J00

2025-04-21 02:26:09,377 - INFO - EXPIRED
韩媒：韩国空军因机炮坠落事故暂停所有非必要飞行任务
https://new.qq.com/rain/a/20250420A04UXL00

2025-04-21 02:26:09,377 - INFO - EXPIRED
2025中国互联网企业家座谈会在京召开
https://new.qq.com/rain/a/20250420A06LNW00

2025-04-21 02:26:09,377 - INFO - EXPIRED
河南抗旱保粮，为何关乎中美关税战博弈
https://new.qq.com/rain/a/20250420A05TY300

2025-04-21 02:26:09,377 - INFO - EXPIRED
杭州一地铁口被吐槽像棺材，地铁站设计的规范流程是怎样的？
https://view.inews.qq.com/a/20250418Q04XY700

2025-04-21 02:26:09,377 - INFO - EXPIRED
乌媒：美媒“将基辅标注为俄罗斯城市”，乌外交部要求道歉并调查
https://new.qq.com/rain/a/20250420A06CAR00

2025-04-21 02:26:09,377 - INFO - EXPIRED
玉渊谭天丨这是一个时代的结束
https://new.qq.com/rain/a/20250420A04JOM00

2025-04-21 02:26:09,377 - INFO - EXPIRED
卤制品三巨头业绩齐齐下滑，为何卤味卖得越来越贵还不挣钱？
https://view.inews.qq.com/a/20250418Q09Z8W00

2025-04-21 02:26:09,377 - INFO - EXPIRED
停滞近10年，“中国北方第一高楼”要复工了
https://new.qq.com/rain/a/20250420A055RS00

2025-04-21 02:26:09,377 - INFO - EXPIRED
张九思任电子科大副教授，曾以学生身份入选爱思唯尔全球前2%顶尖科学家
https://new.qq.com/rain/a/20250420A03VMH00

2025-04-21 02:26:09,377 - INFO - EXPIRED
路面凌晨突陷直径4米大坑，55岁货车司机车毁人亡，家属：不知谁来管
https://new.qq.com/rain/a/20250420A04L3800

2025-04-21 02:26:09,378 - INFO - EXPIRED
17岁体育生左膝长骨瘤，却被医生错切右膝？案件将开庭，母亲拒绝和解
https://new.qq.com/rain/a/20250420A04GSO00

2025-04-21 02:26:09,378 - INFO - EXPIRED
云南多只宠物犬随主人逛公园疑中毒死亡，网友提醒戴嘴套，警方介入
https://new.qq.com/rain/a/20250420A05WTQ00

2025-04-21 02:26:09,378 - INFO - EXPIRED
广西河池遭遇冰雹大风天气，村民：冰雹像鸡蛋大小，有狗被砸死
https://new.qq.com/rain/a/20250420V04FTN00

2025-04-21 02:26:09,378 - INFO - EXPIRED
中办、国办印发《农村基层干部廉洁履行职责规定》
https://new.qq.com/rain/a/20250420A05MHY00

2025-04-21 02:26:09,378 - INFO - EXPIRED
运油-20亮相中埃空军联训，专家：不排除运油-20为埃战机实施空中加油
https://new.qq.com/rain/a/20250420A04RCA00

2025-04-21 02:26:09,378 - INFO - EXPIRED
特朗普“抱怨”后，日本考虑放宽汽车进口安全标准
https://new.qq.com/rain/a/20250420A04WBV00

2025-04-21 02:26:09,378 - INFO - EXPIRED
美政府称“整改邮件”发错了，哈佛大学：你们就是这么想的
https://new.qq.com/rain/a/20250420A04RJE00

2025-04-21 02:26:09,378 - INFO - EXPIRED
三名美国国防部高官被解雇，美官员：五角大楼里已“完全崩溃”
https://new.qq.com/rain/a/20250420A03XUB00

2025-04-21 02:26:09,378 - INFO - EXPIRED
6000年前的“山东大汉”有多高？探秘大汶口遗址
https://new.qq.com/rain/a/20250420A04KAD00

2025-04-21 02:26:09,378 - INFO - EXPIRED
19年找了百万公里女儿就在失踪点附近 爸爸换发型穿新衣和女儿相认
https://new.qq.com/rain/a/20250420A03WH100

2025-04-21 02:26:09,378 - INFO - EXPIRED
神舟二十号全系统合练今日展开，计划近日择机发射
https://new.qq.com/rain/a/20250420A04ZT400

2025-04-21 02:26:09,378 - INFO - EXPIRED
半导体关税冲击波：黄仁勋紧急访华48小时，经销商称芯片一天一个价
https://new.qq.com/rain/a/20250420A041UZ00

2025-04-21 02:26:09,378 - INFO - EXPIRED
日本乒乓名将丹羽孝希因赌博被禁赛6个月，曾获奥运男团银牌
https://new.qq.com/rain/a/20250420A04IUU00

2025-04-21 02:26:09,378 - INFO - EXPIRED
日本人一边去韩国疯抢大米，一边吐槽：便宜没好货，还是日本大米好吃！
https://new.qq.com/rain/a/20250420A03Y4U00

2025-04-21 02:26:09,378 - INFO - EXPIRED
“停靠在八楼的2路汽车”，回来了
https://new.qq.com/rain/a/20250419A082CH00

2025-04-21 02:26:09,378 - INFO - EXPIRED
山东菏泽一醉酒男子深夜强闯高校女寝：持手机录像，还追打阻拦的宿管
https://new.qq.com/rain/a/20250420A0292K00

2025-04-21 02:26:09,378 - INFO - EXPIRED
男子入室盗窃被发现后竟将女子压在床上，一审被判6年半 上诉称不构成抢劫罪而是想猥亵对方被驳回
https://new.qq.com/rain/a/20250420A049A200

2025-04-21 02:26:09,378 - INFO - EXPIRED
日本赴美谈判代表：突然得知特朗普这一消息，我们正穿着睡衣
https://new.qq.com/rain/a/20250419A059GM00

2025-04-21 02:26:09,378 - INFO - EXPIRED
女生发现自己出现在热播剧中并配有台词，自己却不知情，多方发声
https://new.qq.com/rain/a/20250418A091ND00

2025-04-21 02:26:09,378 - INFO - EXPIRED
国产芯片设备巨头中微公司董事长尹志尧放弃美国籍，恢复为中国国籍
https://new.qq.com/rain/a/20250419A04X9J00

2025-04-21 02:26:09,378 - INFO - EXPIRED
定向打击中国造船业，特朗普想干什么
https://new.qq.com/rain/a/20250419A07FC300

2025-04-21 02:26:09,378 - INFO - EXPIRED
现场视频！妈祖诞辰1065周年，演员刘涛为妈祖献上寿桃
https://new.qq.com/rain/a/20250420A03LAO00

2025-04-21 02:26:09,378 - INFO - EXPIRED
安徽女子左眼失明左耳失聪，办残疾人证被拒？残联：双眼残疾才可办理
https://new.qq.com/rain/a/20250418A05W0X00

2025-04-21 02:26:09,378 - INFO - EXPIRED
拘留！女子伸腿阻止高铁关门，试图等待同伴上车，深圳铁路警方通报
https://new.qq.com/rain/a/20250419A07Q4Y00

2025-04-21 02:26:09,378 - INFO - EXPIRED
4名中国留学生诉美国政府“首战胜利”，已有超100名学生联合提起诉讼
https://new.qq.com/rain/a/20250419A079SV00

2025-04-21 02:26:09,378 - INFO - EXPIRED
江苏省委书记会见洪秀柱
https://new.qq.com/rain/a/20250419A07P5I00

2025-04-21 02:26:09,378 - INFO - EXPIRED
3名嫌犯画面曝光！菲警方披露中国籍“钢铁大王”在菲遭撕票案细节
https://new.qq.com/rain/a/20250419V07PAP00

2025-04-21 02:26:09,378 - INFO - EXPIRED
娃哈哈跨行做鞋，“AD钙奶、营养快线”鞋走红，这能带来多大收益？
https://view.inews.qq.com/a/20250420Q01LTE00

2025-04-21 02:26:09,378 - INFO - EXPIRED
调查显示特朗普在经济问题上的支持率跌至其总统生涯最低
https://new.qq.com/rain/a/20250420A01UYS00

2025-04-21 02:26:09,378 - INFO - EXPIRED
最近半年，广西没下过一场像样的雨
https://new.qq.com/rain/a/20250419A07M5I00

2025-04-21 02:26:09,378 - INFO - EXPIRED
普京宣布临时停火30小时，泽连斯基建议延长至30天，还能达成一致吗？
https://view.inews.qq.com/a/20250420Q0241W00

2025-04-21 02:26:09,378 - INFO - EXPIRED
美国玩具厂商崩溃称“全美没有工厂能生产娃娃头发”，中国玩具制造业发展到了什么水平？有多牛？
https://view.inews.qq.com/a/20250418Q09XJX00

2025-04-21 02:26:09,379 - INFO - EXPIRED
广西南宁一摊贩驾车“漂移”甩开城管扬长而去？当地：不提倡城管追赶
https://new.qq.com/rain/a/20250419A07QK300

2025-04-21 02:26:09,379 - INFO - EXPIRED
前高考理科第一名考上税务局公务员，本人还在街道上班，专家：应支持
https://new.qq.com/rain/a/20250419A07CBW00

2025-04-21 02:26:09,379 - INFO - EXPIRED
4任书记、市长先后落马：接受中央提级巡视的地级市
https://new.qq.com/rain/a/20250420A01EYY00

2025-04-21 02:26:09,379 - INFO - EXPIRED
日本贸易谈判代表送特朗普一件特殊礼物，“中国制造”
https://new.qq.com/rain/a/20250419A06QCT00

2025-04-21 02:26:09,379 - INFO - EXPIRED
深圳41岁程序员回应“3年不租房睡车里省10万”：老家生活条件非常好
https://new.qq.com/rain/a/20250419A04YYA00

2025-04-21 02:26:09,379 - INFO - EXPIRED
小卖部店主夫妻被害，凶手留下“血掌纹”！22年后这起命案破了
https://new.qq.com/rain/a/20250419A07UV400

2025-04-21 02:26:09,379 - INFO - EXPIRED
谷歌前CEO：中国在科技领域正投入万亿美元，我们却在这胡搞
https://new.qq.com/rain/a/20250419A07TLC00

2025-04-21 02:26:09,379 - INFO - EXPIRED
“这是本届政府的态度” 英国明确拒绝与中国脱钩
https://new.qq.com/rain/a/20250419A071A100

2025-04-21 02:26:09,379 - INFO - EXPIRED
中国卫星脱轨123天，画面首次公布！有学生参与救援写两万行代码
https://new.qq.com/rain/a/20250419A04H7L00

2025-04-21 02:26:09,379 - INFO - EXPIRED
山西省委开会，再提金湘军
https://new.qq.com/rain/a/20250419A075K700

2025-04-21 02:26:09,379 - INFO - EXPIRED
复旦退学卖土豆泥，24岁的出格人生
https://new.qq.com/rain/a/20250419A07JUD00

2025-04-21 02:26:09,379 - INFO - EXPIRED
五一假期出行预订火爆：酒店搜索热度翻倍 “请4休11”拼假带动长线游
https://new.qq.com/rain/a/20250419A07D0W00

2025-04-21 02:26:09,379 - INFO - EXPIRED
任职仅72小时，他就被特朗普撤掉了
https://new.qq.com/rain/a/20250419A04KT700

2025-04-21 02:26:09,379 - INFO - EXPIRED
生产厂家回应“‘三蹦子’在美或断货”：美国客户还在观望，现主攻东南亚，影响不大
https://new.qq.com/rain/a/20250419A05CAK00

2025-04-21 02:26:09,379 - INFO - EXPIRED
山西长治309国道交通事故致人员伤亡，应急部门称因路面塌陷导致
https://new.qq.com/rain/a/20250419A06QBV00

2025-04-21 02:26:09,379 - INFO - EXPIRED
江西一地产开发商被控向亲兄长行贿近1200万元
https://new.qq.com/rain/a/20250419A079GG00

2025-04-21 02:26:09,379 - INFO - EXPIRED
太像了！湖南小伙被拐30年回家，和妈妈相拥而泣，母子相貌惊人一致
https://new.qq.com/rain/a/20250419A06XGV00

2025-04-21 02:26:09,379 - INFO - EXPIRED
突然又火了！上海涌入大量泰国人，被吐槽的景点意外翻红，迪士尼一车都是泰语...看完攻略，中国人都要重玩一遍
https://new.qq.com/rain/a/20250419A054DY00

2025-04-21 02:26:09,379 - INFO - EXPIRED
副总经理赵云，二次被查
https://new.qq.com/rain/a/20250419A04IRP00

2025-04-21 02:26:10,564 - ERROR - ERROR
男子在市中心区域燃放烟花庆祝其店铺开业 西安警方：依法行拘5日
https://new.qq.com/rain/a/20250421A01F9X00
('list index out of range',)
======
Traceback (most recent call last):
  File "/home/runner/work/qqnews/qqnews/qq.py", line 81, in process_article
    ss = str(tmpbs.select("div.LEFT div.content.clearfix")[0])
             ~~~~~~~~~~~~~~~~~~~~~~~~~~~~~~~~~~~~~~~~~~~~~^^^
IndexError: list index out of range


2025-04-21 02:26:10,573 - ERROR - ERROR
美媒：中国重启南美大型铁路项目，或将彻底改变国际贸易
https://new.qq.com/rain/a/20250421A01DPJ00
('list index out of range',)
======
Traceback (most recent call last):
  File "/home/runner/work/qqnews/qqnews/qq.py", line 81, in process_article
    ss = str(tmpbs.select("div.LEFT div.content.clearfix")[0])
             ~~~~~~~~~~~~~~~~~~~~~~~~~~~~~~~~~~~~~~~~~~~~~^^^
IndexError: list index out of range


2025-04-21 02:26:10,579 - ERROR - ERROR
独家 _ 远洋渔船船长被害案嫌犯移送检方报捕，船上两段视频曝光
https://new.qq.com/rain/a/20250421A01QTR00
('list index out of range',)
======
Traceback (most recent call last):
  File "/home/runner/work/qqnews/qqnews/qq.py", line 81, in process_article
    ss = str(tmpbs.select("div.LEFT div.content.clearfix")[0])
             ~~~~~~~~~~~~~~~~~~~~~~~~~~~~~~~~~~~~~~~~~~~~~^^^
IndexError: list index out of range


2025-04-21 02:26:10,584 - ERROR - ERROR
日本首相石破茂向靖国神社供奉祭品，中方已多次表明立场
https://new.qq.com/rain/a/20250421A01WPQ00
('list index out of range',)
======
Traceback (most recent call last):
  File "/home/runner/work/qqnews/qqnews/qq.py", line 81, in process_article
    ss = str(tmpbs.select("div.LEFT div.content.clearfix")[0])
             ~~~~~~~~~~~~~~~~~~~~~~~~~~~~~~~~~~~~~~~~~~~~~^^^
IndexError: list index out of range


2025-04-21 02:26:10,795 - ERROR - ERROR
2.26亿元！税务部门查处重大虚开发票偷税骗补案件
https://new.qq.com/rain/a/20250421A01JZH00
('list index out of range',)
======
Traceback (most recent call last):
  File "/home/runner/work/qqnews/qqnews/qq.py", line 81, in process_article
    ss = str(tmpbs.select("div.LEFT div.content.clearfix")[0])
             ~~~~~~~~~~~~~~~~~~~~~~~~~~~~~~~~~~~~~~~~~~~~~^^^
IndexError: list index out of range


2025-04-21 02:26:11,139 - ERROR - ERROR
4月LPR报价出炉：1年期和5年期以上利率均维持不变
https://new.qq.com/rain/a/20250421A01YLS00
('list index out of range',)
======
Traceback (most recent call last):
  File "/home/runner/work/qqnews/qqnews/qq.py", line 81, in process_article
    ss = str(tmpbs.select("div.LEFT div.content.clearfix")[0])
             ~~~~~~~~~~~~~~~~~~~~~~~~~~~~~~~~~~~~~~~~~~~~~^^^
IndexError: list index out of range


2025-04-21 02:26:11,212 - ERROR - ERROR
正式进入越南市场，机票首日销售火爆，中国C909飞机开始执飞越南国内航线
https://new.qq.com/rain/a/20250421A01F7800
('list index out of range',)
======
Traceback (most recent call last):
  File "/home/runner/work/qqnews/qqnews/qq.py", line 81, in process_article
    ss = str(tmpbs.select("div.LEFT div.content.clearfix")[0])
             ~~~~~~~~~~~~~~~~~~~~~~~~~~~~~~~~~~~~~~~~~~~~~^^^
IndexError: list index out of range


2025-04-21 02:26:11,270 - ERROR - ERROR
白宫平面图泄露
https://new.qq.com/rain/a/20250421A01LQX00
('list index out of range',)
======
Traceback (most recent call last):
  File "/home/runner/work/qqnews/qqnews/qq.py", line 81, in process_article
    ss = str(tmpbs.select("div.LEFT div.content.clearfix")[0])
             ~~~~~~~~~~~~~~~~~~~~~~~~~~~~~~~~~~~~~~~~~~~~~^^^
IndexError: list index out of range


2025-04-21 02:26:11,344 - ERROR - ERROR
涉及马科斯，断崖式下跌！
https://new.qq.com/rain/a/20250421A01JVE00
('list index out of range',)
======
Traceback (most recent call last):
  File "/home/runner/work/qqnews/qqnews/qq.py", line 81, in process_article
    ss = str(tmpbs.select("div.LEFT div.content.clearfix")[0])
             ~~~~~~~~~~~~~~~~~~~~~~~~~~~~~~~~~~~~~~~~~~~~~^^^
IndexError: list index out of range


2025-04-21 02:26:11,469 - ERROR - ERROR
县委县府无大院：湖南汉寿的“拆墙”账本
https://new.qq.com/rain/a/20250421A00MHS00
('list index out of range',)
======
Traceback (most recent call last):
  File "/home/runner/work/qqnews/qqnews/qq.py", line 81, in process_article
    ss = str(tmpbs.select("div.LEFT div.content.clearfix")[0])
             ~~~~~~~~~~~~~~~~~~~~~~~~~~~~~~~~~~~~~~~~~~~~~^^^
IndexError: list index out of range


2025-04-21 02:26:11,735 - ERROR - ERROR
内部敏感文件遭万人共享 特朗普政府又曝安全漏洞
https://new.qq.com/rain/a/20250421A01AET00
('list index out of range',)
======
Traceback (most recent call last):
  File "/home/runner/work/qqnews/qqnews/qq.py", line 81, in process_article
    ss = str(tmpbs.select("div.LEFT div.content.clearfix")[0])
             ~~~~~~~~~~~~~~~~~~~~~~~~~~~~~~~~~~~~~~~~~~~~~^^^
IndexError: list index out of range


2025-04-21 03:33:28,219 - INFO - EXPIRED
“我愿意跟他挨着！”谢谢你，地铁5号线上勇敢的女乘客
https://new.qq.com/rain/a/20250420V06X2H00

2025-04-21 03:33:28,219 - INFO - EXPIRED
男子带10名女子吃烧烤逃单，老板：已有人联系付款，自称是无意
https://new.qq.com/rain/a/20250420A06NJR00

2025-04-21 03:33:28,220 - INFO - EXPIRED
为筹集资金，乌克兰议员建议色情合法化
https://new.qq.com/rain/a/20250420A052PO00

2025-04-21 03:33:28,220 - INFO - EXPIRED
印度担忧中方“限制措施”阻碍印度发展国内制造业，中国大使回应
https://new.qq.com/rain/a/20250420A023DI00

2025-04-21 03:33:28,220 - INFO - EXPIRED
“中国最高烂尾楼”将于4月30日复工，背后故事太曲折
https://new.qq.com/rain/a/20250420A02ZVR00

2025-04-21 03:33:28,220 - INFO - EXPIRED
余斌讲中国经济：挑战与出路
https://new.qq.com/rain/a/20250420A05JXT00

2025-04-21 03:33:28,220 - INFO - EXPIRED
特朗普大刀砍向鲁比奥的国务院？“236年来最大重组之一”
https://new.qq.com/rain/a/20250420A06ZYX00

2025-04-21 03:33:28,220 - INFO - EXPIRED
日本天价打造“全球最大驱逐舰”
https://new.qq.com/rain/a/20250420A03KAD00

2025-04-21 03:33:28,220 - INFO - EXPIRED
巴西球员雨果连胜世界前三夺乒乓球世界杯冠军，中国球员输在哪？
https://view.inews.qq.com/a/20250420Q06VBB00

2025-04-21 03:33:28,220 - INFO - EXPIRED
如果社交平台开始参与预测选举和消费，我们还剩下什么私域？
https://new.qq.com/rain/a/20250420A0738D00

2025-04-21 03:33:28,220 - INFO - EXPIRED
北京地铁，永远欢迎沾着泥巴的劳动者
https://new.qq.com/rain/a/20250420A04FYX00

2025-04-21 03:33:28,220 - INFO - EXPIRED
美国政坛罕见一幕：三位前总统接连公开谴责特朗普政府及其政策
https://new.qq.com/rain/a/20250420A066U800

2025-04-21 03:33:28,220 - INFO - EXPIRED
这架波音737 Max已被退回美国西雅图
https://new.qq.com/rain/a/20250420A05ROC00

2025-04-21 03:33:28,220 - INFO - EXPIRED
菲律宾36号护卫艇非法侵入中国黄岩岛领海，南部战区回应
https://new.qq.com/rain/a/20250420A06UXE00

2025-04-21 03:33:28,220 - INFO - EXPIRED
男子杀害同居11年女友案将开庭，被害人女儿：不明白他为何痛下杀手
https://new.qq.com/rain/a/20250420A06TEG00

2025-04-21 03:33:28,220 - INFO - EXPIRED
MAGA们还能“忍”特朗普多久？共和党担心了
https://new.qq.com/rain/a/20250420A06PG400

2025-04-21 03:33:28,220 - INFO - EXPIRED
男子幻想自己被“做法”后射杀2人被判死缓，检方：应判死刑立即执行
https://new.qq.com/rain/a/20250420A06PRU00

2025-04-21 03:33:28,220 - INFO - EXPIRED
大尺度色情语聊、撮合卖淫嫖娼 交友软件暗藏“桃色陷阱”
https://new.qq.com/rain/a/20250420A06JJZ00

2025-04-21 03:33:28,220 - INFO - EXPIRED
美国中餐馆：1个饺子1美元起，原材料价格上升10%-50%不等
https://new.qq.com/rain/a/20250420A04Y8700

2025-04-21 03:33:28,220 - INFO - EXPIRED
韩国最新民调：李在明继续领跑 代总统支持率上升
https://new.qq.com/rain/a/20250420A06BH100

2025-04-21 03:33:28,220 - INFO - EXPIRED
整治智驾“蒙眼狂奔”，国家出手了
https://new.qq.com/rain/a/20250420A0629500

2025-04-21 03:33:28,220 - INFO - EXPIRED
苏州一女子在海底捞拿蘸料时触电受伤，海底捞回应
https://new.qq.com/rain/a/20250420A06CDB00

2025-04-21 03:33:28,220 - INFO - EXPIRED
南方将迎三轮降雨，两广旱区的“解渴雨”也要来了
https://new.qq.com/rain/a/20250420A060G500

2025-04-21 03:33:28,220 - INFO - EXPIRED
四川都江堰龙池“巨人阶梯”走红，每个阶梯1米高，当地政府：不要爬
https://new.qq.com/rain/a/20250420A03YEK00

2025-04-21 03:33:28,220 - INFO - EXPIRED
中钢网董事长报案被敲诈，警方不予立案
https://new.qq.com/rain/a/20250420A06KO700

2025-04-21 03:33:28,220 - INFO - EXPIRED
“起床后第一件事就是看金价”，有人贷款17万买黄金，网友：借钱蹦极
https://new.qq.com/rain/a/20250420A042VE00

2025-04-21 03:33:28,220 - INFO - EXPIRED
宇树机器人能翻跟斗，跑马拉松却摔得东倒西歪，为何差别这么大？
https://view.inews.qq.com/a/20250419Q07Q1J00

2025-04-21 03:33:28,220 - INFO - EXPIRED
韩媒：韩国空军因机炮坠落事故暂停所有非必要飞行任务
https://new.qq.com/rain/a/20250420A04UXL00

2025-04-21 03:33:28,220 - INFO - EXPIRED
2025中国互联网企业家座谈会在京召开
https://new.qq.com/rain/a/20250420A06LNW00

2025-04-21 03:33:28,220 - INFO - EXPIRED
河南抗旱保粮，为何关乎中美关税战博弈
https://new.qq.com/rain/a/20250420A05TY300

2025-04-21 03:33:28,220 - INFO - EXPIRED
杭州一地铁口被吐槽像棺材，地铁站设计的规范流程是怎样的？
https://view.inews.qq.com/a/20250418Q04XY700

2025-04-21 03:33:28,220 - INFO - EXPIRED
乌媒：美媒“将基辅标注为俄罗斯城市”，乌外交部要求道歉并调查
https://new.qq.com/rain/a/20250420A06CAR00

2025-04-21 03:33:28,220 - INFO - EXPIRED
玉渊谭天丨这是一个时代的结束
https://new.qq.com/rain/a/20250420A04JOM00

2025-04-21 03:33:28,220 - INFO - EXPIRED
卤制品三巨头业绩齐齐下滑，为何卤味卖得越来越贵还不挣钱？
https://view.inews.qq.com/a/20250418Q09Z8W00

2025-04-21 03:33:28,220 - INFO - EXPIRED
停滞近10年，“中国北方第一高楼”要复工了
https://new.qq.com/rain/a/20250420A055RS00

2025-04-21 03:33:28,220 - INFO - EXPIRED
张九思任电子科大副教授，曾以学生身份入选爱思唯尔全球前2%顶尖科学家
https://new.qq.com/rain/a/20250420A03VMH00

2025-04-21 03:33:28,220 - INFO - EXPIRED
路面凌晨突陷直径4米大坑，55岁货车司机车毁人亡，家属：不知谁来管
https://new.qq.com/rain/a/20250420A04L3800

2025-04-21 03:33:28,220 - INFO - EXPIRED
17岁体育生左膝长骨瘤，却被医生错切右膝？案件将开庭，母亲拒绝和解
https://new.qq.com/rain/a/20250420A04GSO00

2025-04-21 03:33:28,220 - INFO - EXPIRED
云南多只宠物犬随主人逛公园疑中毒死亡，网友提醒戴嘴套，警方介入
https://new.qq.com/rain/a/20250420A05WTQ00

2025-04-21 03:33:28,220 - INFO - EXPIRED
广西河池遭遇冰雹大风天气，村民：冰雹像鸡蛋大小，有狗被砸死
https://new.qq.com/rain/a/20250420V04FTN00

2025-04-21 03:33:28,220 - INFO - EXPIRED
中办、国办印发《农村基层干部廉洁履行职责规定》
https://new.qq.com/rain/a/20250420A05MHY00

2025-04-21 03:33:28,220 - INFO - EXPIRED
运油-20亮相中埃空军联训，专家：不排除运油-20为埃战机实施空中加油
https://new.qq.com/rain/a/20250420A04RCA00

2025-04-21 03:33:28,220 - INFO - EXPIRED
特朗普“抱怨”后，日本考虑放宽汽车进口安全标准
https://new.qq.com/rain/a/20250420A04WBV00

2025-04-21 03:33:28,220 - INFO - EXPIRED
美政府称“整改邮件”发错了，哈佛大学：你们就是这么想的
https://new.qq.com/rain/a/20250420A04RJE00

2025-04-21 03:33:28,220 - INFO - EXPIRED
三名美国国防部高官被解雇，美官员：五角大楼里已“完全崩溃”
https://new.qq.com/rain/a/20250420A03XUB00

2025-04-21 03:33:28,220 - INFO - EXPIRED
6000年前的“山东大汉”有多高？探秘大汶口遗址
https://new.qq.com/rain/a/20250420A04KAD00

2025-04-21 03:33:28,220 - INFO - EXPIRED
19年找了百万公里女儿就在失踪点附近 爸爸换发型穿新衣和女儿相认
https://new.qq.com/rain/a/20250420A03WH100

2025-04-21 03:33:28,220 - INFO - EXPIRED
神舟二十号全系统合练今日展开，计划近日择机发射
https://new.qq.com/rain/a/20250420A04ZT400

2025-04-21 03:33:28,220 - INFO - EXPIRED
半导体关税冲击波：黄仁勋紧急访华48小时，经销商称芯片一天一个价
https://new.qq.com/rain/a/20250420A041UZ00

2025-04-21 03:33:28,220 - INFO - EXPIRED
日本乒乓名将丹羽孝希因赌博被禁赛6个月，曾获奥运男团银牌
https://new.qq.com/rain/a/20250420A04IUU00

2025-04-21 03:33:28,220 - INFO - EXPIRED
日本人一边去韩国疯抢大米，一边吐槽：便宜没好货，还是日本大米好吃！
https://new.qq.com/rain/a/20250420A03Y4U00

2025-04-21 03:33:28,220 - INFO - EXPIRED
“停靠在八楼的2路汽车”，回来了
https://new.qq.com/rain/a/20250419A082CH00

2025-04-21 03:33:28,220 - INFO - EXPIRED
山东菏泽一醉酒男子深夜强闯高校女寝：持手机录像，还追打阻拦的宿管
https://new.qq.com/rain/a/20250420A0292K00

2025-04-21 03:33:28,220 - INFO - EXPIRED
男子入室盗窃被发现后竟将女子压在床上，一审被判6年半 上诉称不构成抢劫罪而是想猥亵对方被驳回
https://new.qq.com/rain/a/20250420A049A200

2025-04-21 03:33:28,220 - INFO - EXPIRED
日本赴美谈判代表：突然得知特朗普这一消息，我们正穿着睡衣
https://new.qq.com/rain/a/20250419A059GM00

2025-04-21 03:33:28,220 - INFO - EXPIRED
女生发现自己出现在热播剧中并配有台词，自己却不知情，多方发声
https://new.qq.com/rain/a/20250418A091ND00

2025-04-21 03:33:28,220 - INFO - EXPIRED
国产芯片设备巨头中微公司董事长尹志尧放弃美国籍，恢复为中国国籍
https://new.qq.com/rain/a/20250419A04X9J00

2025-04-21 03:33:28,221 - INFO - EXPIRED
定向打击中国造船业，特朗普想干什么
https://new.qq.com/rain/a/20250419A07FC300

2025-04-21 03:33:28,221 - INFO - EXPIRED
现场视频！妈祖诞辰1065周年，演员刘涛为妈祖献上寿桃
https://new.qq.com/rain/a/20250420A03LAO00

2025-04-21 03:33:28,221 - INFO - EXPIRED
安徽女子左眼失明左耳失聪，办残疾人证被拒？残联：双眼残疾才可办理
https://new.qq.com/rain/a/20250418A05W0X00

2025-04-21 03:33:28,221 - INFO - EXPIRED
拘留！女子伸腿阻止高铁关门，试图等待同伴上车，深圳铁路警方通报
https://new.qq.com/rain/a/20250419A07Q4Y00

2025-04-21 03:33:28,221 - INFO - EXPIRED
4名中国留学生诉美国政府“首战胜利”，已有超100名学生联合提起诉讼
https://new.qq.com/rain/a/20250419A079SV00

2025-04-21 03:33:28,221 - INFO - EXPIRED
江苏省委书记会见洪秀柱
https://new.qq.com/rain/a/20250419A07P5I00

2025-04-21 03:33:28,221 - INFO - EXPIRED
3名嫌犯画面曝光！菲警方披露中国籍“钢铁大王”在菲遭撕票案细节
https://new.qq.com/rain/a/20250419V07PAP00

2025-04-21 03:33:28,221 - INFO - EXPIRED
娃哈哈跨行做鞋，“AD钙奶、营养快线”鞋走红，这能带来多大收益？
https://view.inews.qq.com/a/20250420Q01LTE00

2025-04-21 03:33:28,221 - INFO - EXPIRED
调查显示特朗普在经济问题上的支持率跌至其总统生涯最低
https://new.qq.com/rain/a/20250420A01UYS00

2025-04-21 03:33:28,221 - INFO - EXPIRED
最近半年，广西没下过一场像样的雨
https://new.qq.com/rain/a/20250419A07M5I00

2025-04-21 03:33:28,221 - INFO - EXPIRED
普京宣布临时停火30小时，泽连斯基建议延长至30天，还能达成一致吗？
https://view.inews.qq.com/a/20250420Q0241W00

2025-04-21 03:33:28,221 - INFO - EXPIRED
美国玩具厂商崩溃称“全美没有工厂能生产娃娃头发”，中国玩具制造业发展到了什么水平？有多牛？
https://view.inews.qq.com/a/20250418Q09XJX00

2025-04-21 03:33:28,221 - INFO - EXPIRED
广西南宁一摊贩驾车“漂移”甩开城管扬长而去？当地：不提倡城管追赶
https://new.qq.com/rain/a/20250419A07QK300

2025-04-21 03:33:28,221 - INFO - EXPIRED
前高考理科第一名考上税务局公务员，本人还在街道上班，专家：应支持
https://new.qq.com/rain/a/20250419A07CBW00

2025-04-21 03:33:28,221 - INFO - EXPIRED
4任书记、市长先后落马：接受中央提级巡视的地级市
https://new.qq.com/rain/a/20250420A01EYY00

2025-04-21 03:33:28,221 - INFO - EXPIRED
日本贸易谈判代表送特朗普一件特殊礼物，“中国制造”
https://new.qq.com/rain/a/20250419A06QCT00

2025-04-21 03:33:28,221 - INFO - EXPIRED
深圳41岁程序员回应“3年不租房睡车里省10万”：老家生活条件非常好
https://new.qq.com/rain/a/20250419A04YYA00

2025-04-21 03:33:28,221 - INFO - EXPIRED
小卖部店主夫妻被害，凶手留下“血掌纹”！22年后这起命案破了
https://new.qq.com/rain/a/20250419A07UV400

2025-04-21 03:33:28,221 - INFO - EXPIRED
谷歌前CEO：中国在科技领域正投入万亿美元，我们却在这胡搞
https://new.qq.com/rain/a/20250419A07TLC00

2025-04-21 03:33:28,221 - INFO - EXPIRED
“这是本届政府的态度” 英国明确拒绝与中国脱钩
https://new.qq.com/rain/a/20250419A071A100

2025-04-21 03:33:28,221 - INFO - EXPIRED
中国卫星脱轨123天，画面首次公布！有学生参与救援写两万行代码
https://new.qq.com/rain/a/20250419A04H7L00

2025-04-21 03:33:28,221 - INFO - EXPIRED
山西省委开会，再提金湘军
https://new.qq.com/rain/a/20250419A075K700

2025-04-21 03:33:28,221 - INFO - EXPIRED
复旦退学卖土豆泥，24岁的出格人生
https://new.qq.com/rain/a/20250419A07JUD00

2025-04-21 03:33:28,221 - INFO - EXPIRED
五一假期出行预订火爆：酒店搜索热度翻倍 “请4休11”拼假带动长线游
https://new.qq.com/rain/a/20250419A07D0W00

2025-04-21 03:33:28,221 - INFO - EXPIRED
任职仅72小时，他就被特朗普撤掉了
https://new.qq.com/rain/a/20250419A04KT700

2025-04-21 03:33:28,221 - INFO - EXPIRED
生产厂家回应“‘三蹦子’在美或断货”：美国客户还在观望，现主攻东南亚，影响不大
https://new.qq.com/rain/a/20250419A05CAK00

2025-04-21 03:33:29,473 - ERROR - ERROR
C909正式进入越南市场，市场空间有多大？还有哪些国家使用C909？
https://view.inews.qq.com/a/20250421Q01VSE00
('list index out of range',)
======
Traceback (most recent call last):
  File "/home/runner/work/qqnews/qqnews/qq.py", line 81, in process_article
    ss = str(tmpbs.select("div.LEFT div.content.clearfix")[0])
             ~~~~~~~~~~~~~~~~~~~~~~~~~~~~~~~~~~~~~~~~~~~~~^^^
IndexError: list index out of range


2025-04-21 03:33:29,563 - ERROR - ERROR
中央巡视组进驻后，王水平主动交代问题
https://new.qq.com/rain/a/20250421A030ZI00
('list index out of range',)
======
Traceback (most recent call last):
  File "/home/runner/work/qqnews/qqnews/qq.py", line 81, in process_article
    ss = str(tmpbs.select("div.LEFT div.content.clearfix")[0])
             ~~~~~~~~~~~~~~~~~~~~~~~~~~~~~~~~~~~~~~~~~~~~~^^^
IndexError: list index out of range


2025-04-21 03:33:29,582 - ERROR - ERROR
中印尼外长防长“2+2”对话机制首次部长级会议在京召开
https://new.qq.com/rain/a/20250421A03K1D00
('list index out of range',)
======
Traceback (most recent call last):
  File "/home/runner/work/qqnews/qqnews/qq.py", line 81, in process_article
    ss = str(tmpbs.select("div.LEFT div.content.clearfix")[0])
             ~~~~~~~~~~~~~~~~~~~~~~~~~~~~~~~~~~~~~~~~~~~~~^^^
IndexError: list index out of range


2025-04-21 03:33:29,601 - ERROR - ERROR
美国共和党议员“反水”炮轰特朗普：总统无权解雇美联储主席
https://new.qq.com/rain/a/20250421A02L4R00
('list index out of range',)
======
Traceback (most recent call last):
  File "/home/runner/work/qqnews/qqnews/qq.py", line 81, in process_article
    ss = str(tmpbs.select("div.LEFT div.content.clearfix")[0])
             ~~~~~~~~~~~~~~~~~~~~~~~~~~~~~~~~~~~~~~~~~~~~~^^^
IndexError: list index out of range


2025-04-21 03:33:30,062 - ERROR - ERROR
美媒：中国重启南美大型铁路项目，或将彻底改变国际贸易
https://new.qq.com/rain/a/20250421A01DPJ00
('list index out of range',)
======
Traceback (most recent call last):
  File "/home/runner/work/qqnews/qqnews/qq.py", line 81, in process_article
    ss = str(tmpbs.select("div.LEFT div.content.clearfix")[0])
             ~~~~~~~~~~~~~~~~~~~~~~~~~~~~~~~~~~~~~~~~~~~~~^^^
IndexError: list index out of range


2025-04-21 03:33:30,218 - ERROR - ERROR
泄密不止一次，美防长被曝在私人群聊中发布空袭计划细节
https://new.qq.com/rain/a/20250421A0258I00
('list index out of range',)
======
Traceback (most recent call last):
  File "/home/runner/work/qqnews/qqnews/qq.py", line 81, in process_article
    ss = str(tmpbs.select("div.LEFT div.content.clearfix")[0])
             ~~~~~~~~~~~~~~~~~~~~~~~~~~~~~~~~~~~~~~~~~~~~~^^^
IndexError: list index out of range


2025-04-21 03:33:30,340 - ERROR - ERROR
日本首相石破茂向靖国神社供奉祭品，中方已多次表明立场
https://new.qq.com/rain/a/20250421A01WPQ00
('list index out of range',)
======
Traceback (most recent call last):
  File "/home/runner/work/qqnews/qqnews/qq.py", line 81, in process_article
    ss = str(tmpbs.select("div.LEFT div.content.clearfix")[0])
             ~~~~~~~~~~~~~~~~~~~~~~~~~~~~~~~~~~~~~~~~~~~~~^^^
IndexError: list index out of range


2025-04-21 03:33:30,346 - ERROR - ERROR
针对美国对中国海事物流及造船业301调查，中国远洋海运集团发声
https://new.qq.com/rain/a/20250421A02XF600
('list index out of range',)
======
Traceback (most recent call last):
  File "/home/runner/work/qqnews/qqnews/qq.py", line 81, in process_article
    ss = str(tmpbs.select("div.LEFT div.content.clearfix")[0])
             ~~~~~~~~~~~~~~~~~~~~~~~~~~~~~~~~~~~~~~~~~~~~~^^^
IndexError: list index out of range


2025-04-21 03:33:30,516 - ERROR - ERROR
县委县府无大院：湖南汉寿的“拆墙”账本
https://new.qq.com/rain/a/20250421A00MHS00
('list index out of range',)
======
Traceback (most recent call last):
  File "/home/runner/work/qqnews/qqnews/qq.py", line 81, in process_article
    ss = str(tmpbs.select("div.LEFT div.content.clearfix")[0])
             ~~~~~~~~~~~~~~~~~~~~~~~~~~~~~~~~~~~~~~~~~~~~~^^^
IndexError: list index out of range


2025-04-21 03:33:30,706 - ERROR - ERROR
男子在市中心区域燃放烟花庆祝其店铺开业 西安警方：依法行拘5日
https://new.qq.com/rain/a/20250421A01F9X00
('list index out of range',)
======
Traceback (most recent call last):
  File "/home/runner/work/qqnews/qqnews/qq.py", line 81, in process_article
    ss = str(tmpbs.select("div.LEFT div.content.clearfix")[0])
             ~~~~~~~~~~~~~~~~~~~~~~~~~~~~~~~~~~~~~~~~~~~~~^^^
IndexError: list index out of range


2025-04-21 03:33:30,976 - ERROR - ERROR
独家 _ 远洋渔船船长被害案嫌犯移送检方报捕，船上两段视频曝光
https://new.qq.com/rain/a/20250421A01QTR00
('list index out of range',)
======
Traceback (most recent call last):
  File "/home/runner/work/qqnews/qqnews/qq.py", line 81, in process_article
    ss = str(tmpbs.select("div.LEFT div.content.clearfix")[0])
             ~~~~~~~~~~~~~~~~~~~~~~~~~~~~~~~~~~~~~~~~~~~~~^^^
IndexError: list index out of range


2025-04-21 03:33:31,083 - ERROR - ERROR
白宫平面图泄露
https://new.qq.com/rain/a/20250421A01LQX00
('list index out of range',)
======
Traceback (most recent call last):
  File "/home/runner/work/qqnews/qqnews/qq.py", line 81, in process_article
    ss = str(tmpbs.select("div.LEFT div.content.clearfix")[0])
             ~~~~~~~~~~~~~~~~~~~~~~~~~~~~~~~~~~~~~~~~~~~~~^^^
IndexError: list index out of range


2025-04-21 03:33:31,277 - ERROR - ERROR
2.26亿元！税务部门查处重大虚开发票偷税骗补案件
https://new.qq.com/rain/a/20250421A01JZH00
('list index out of range',)
======
Traceback (most recent call last):
  File "/home/runner/work/qqnews/qqnews/qq.py", line 81, in process_article
    ss = str(tmpbs.select("div.LEFT div.content.clearfix")[0])
             ~~~~~~~~~~~~~~~~~~~~~~~~~~~~~~~~~~~~~~~~~~~~~^^^
IndexError: list index out of range


2025-04-21 03:33:31,407 - ERROR - ERROR
涉及马科斯，断崖式下跌！
https://new.qq.com/rain/a/20250421A01JVE00
('list index out of range',)
======
Traceback (most recent call last):
  File "/home/runner/work/qqnews/qqnews/qq.py", line 81, in process_article
    ss = str(tmpbs.select("div.LEFT div.content.clearfix")[0])
             ~~~~~~~~~~~~~~~~~~~~~~~~~~~~~~~~~~~~~~~~~~~~~^^^
IndexError: list index out of range


2025-04-21 03:33:31,445 - ERROR - ERROR
4月LPR报价出炉：1年期和5年期以上利率均维持不变
https://new.qq.com/rain/a/20250421A01YLS00
('list index out of range',)
======
Traceback (most recent call last):
  File "/home/runner/work/qqnews/qqnews/qq.py", line 81, in process_article
    ss = str(tmpbs.select("div.LEFT div.content.clearfix")[0])
             ~~~~~~~~~~~~~~~~~~~~~~~~~~~~~~~~~~~~~~~~~~~~~^^^
IndexError: list index out of range


2025-04-21 03:33:31,517 - ERROR - ERROR
正式进入越南市场，机票首日销售火爆，中国C909飞机开始执飞越南国内航线
https://new.qq.com/rain/a/20250421A01F7800
('list index out of range',)
======
Traceback (most recent call last):
  File "/home/runner/work/qqnews/qqnews/qq.py", line 81, in process_article
    ss = str(tmpbs.select("div.LEFT div.content.clearfix")[0])
             ~~~~~~~~~~~~~~~~~~~~~~~~~~~~~~~~~~~~~~~~~~~~~^^^
IndexError: list index out of range


2025-04-21 03:33:31,835 - ERROR - ERROR
内部敏感文件遭万人共享 特朗普政府又曝安全漏洞
https://new.qq.com/rain/a/20250421A01AET00
('list index out of range',)
======
Traceback (most recent call last):
  File "/home/runner/work/qqnews/qqnews/qq.py", line 81, in process_article
    ss = str(tmpbs.select("div.LEFT div.content.clearfix")[0])
             ~~~~~~~~~~~~~~~~~~~~~~~~~~~~~~~~~~~~~~~~~~~~~^^^
IndexError: list index out of range


