2025-12-08 00:43:27,636 - INFO - Total time taken: {'ret': 0, 'msg': 'success', 'data': None}
2025-12-08 00:43:27,636 - INFO - 'NoneType' object is not subscriptable
2025-12-08 00:43:27,636 - INFO - Traceback (most recent call last):
  File "/home/runner/work/qqnews/qqnews/qq.py", line 128, in main
    for i in qq1["data"]["list"]:
             ~~~~~~~~~~~^^^^^^^^
TypeError: 'NoneType' object is not subscriptable

2025-12-08 02:30:07,271 - INFO - Total time taken: {'ret': 0, 'msg': 'success', 'data': None}
2025-12-08 02:30:07,272 - INFO - 'NoneType' object is not subscriptable
2025-12-08 02:30:07,272 - INFO - Traceback (most recent call last):
  File "/home/runner/work/qqnews/qqnews/qq.py", line 128, in main
    for i in qq1["data"]["list"]:
             ~~~~~~~~~~~^^^^^^^^
TypeError: 'NoneType' object is not subscriptable

2025-12-08 03:48:09,683 - INFO - Total time taken: {'ret': 0, 'msg': 'success', 'data': None}
2025-12-08 03:48:09,683 - INFO - 'NoneType' object is not subscriptable
2025-12-08 03:48:09,684 - INFO - Traceback (most recent call last):
  File "/home/runner/work/qqnews/qqnews/qq.py", line 128, in main
    for i in qq1["data"]["list"]:
             ~~~~~~~~~~~^^^^^^^^
TypeError: 'NoneType' object is not subscriptable

2025-12-08 04:22:38,407 - INFO - Total time taken: {'ret': 0, 'msg': 'success', 'data': None}
2025-12-08 04:22:38,408 - INFO - 'NoneType' object is not subscriptable
2025-12-08 04:22:38,408 - INFO - Traceback (most recent call last):
  File "/home/runner/work/qqnews/qqnews/qq.py", line 128, in main
    for i in qq1["data"]["list"]:
             ~~~~~~~~~~~^^^^^^^^
TypeError: 'NoneType' object is not subscriptable

2025-12-08 05:12:21,393 - INFO - Total time taken: {'ret': 0, 'msg': 'success', 'data': None}
2025-12-08 05:12:21,393 - INFO - 'NoneType' object is not subscriptable
2025-12-08 05:12:21,393 - INFO - Traceback (most recent call last):
  File "/home/runner/work/qqnews/qqnews/qq.py", line 128, in main
    for i in qq1["data"]["list"]:
             ~~~~~~~~~~~^^^^^^^^
TypeError: 'NoneType' object is not subscriptable

2025-12-08 06:16:20,890 - INFO - Total time taken: {'ret': 0, 'msg': 'success', 'data': None}
2025-12-08 06:16:20,890 - INFO - 'NoneType' object is not subscriptable
2025-12-08 06:16:20,891 - INFO - Traceback (most recent call last):
  File "/home/runner/work/qqnews/qqnews/qq.py", line 128, in main
    for i in qq1["data"]["list"]:
             ~~~~~~~~~~~^^^^^^^^
TypeError: 'NoneType' object is not subscriptable

2025-12-08 07:14:30,162 - INFO - Total time taken: {'ret': 0, 'msg': 'success', 'data': None}
2025-12-08 07:14:30,162 - INFO - 'NoneType' object is not subscriptable
2025-12-08 07:14:30,162 - INFO - Traceback (most recent call last):
  File "/home/runner/work/qqnews/qqnews/qq.py", line 128, in main
    for i in qq1["data"]["list"]:
             ~~~~~~~~~~~^^^^^^^^
TypeError: 'NoneType' object is not subscriptable

2025-12-08 08:15:18,328 - INFO - Total time taken: {'ret': 0, 'msg': 'success', 'data': None}
2025-12-08 08:15:18,328 - INFO - 'NoneType' object is not subscriptable
2025-12-08 08:15:18,329 - INFO - Traceback (most recent call last):
  File "/home/runner/work/qqnews/qqnews/qq.py", line 128, in main
    for i in qq1["data"]["list"]:
             ~~~~~~~~~~~^^^^^^^^
TypeError: 'NoneType' object is not subscriptable

2025-12-08 09:16:17,874 - INFO - Total time taken: {'ret': 0, 'msg': 'success', 'data': None}
2025-12-08 09:16:17,874 - INFO - 'NoneType' object is not subscriptable
2025-12-08 09:16:17,874 - INFO - Traceback (most recent call last):
  File "/home/runner/work/qqnews/qqnews/qq.py", line 128, in main
    for i in qq1["data"]["list"]:
             ~~~~~~~~~~~^^^^^^^^
TypeError: 'NoneType' object is not subscriptable

2025-12-08 10:01:22,950 - INFO - Total time taken: {'ret': 0, 'msg': 'success', 'data': None}
2025-12-08 10:01:22,950 - INFO - 'NoneType' object is not subscriptable
2025-12-08 10:01:22,951 - INFO - Traceback (most recent call last):
  File "/home/runner/work/qqnews/qqnews/qq.py", line 128, in main
    for i in qq1["data"]["list"]:
             ~~~~~~~~~~~^^^^^^^^
TypeError: 'NoneType' object is not subscriptable

2025-12-08 11:01:28,958 - INFO - Total time taken: {'ret': 0, 'msg': 'success', 'data': None}
2025-12-08 11:01:28,959 - INFO - 'NoneType' object is not subscriptable
2025-12-08 11:01:28,959 - INFO - Traceback (most recent call last):
  File "/home/runner/work/qqnews/qqnews/qq.py", line 128, in main
    for i in qq1["data"]["list"]:
             ~~~~~~~~~~~^^^^^^^^
TypeError: 'NoneType' object is not subscriptable

2025-12-08 12:17:32,679 - INFO - Total time taken: {'ret': 0, 'msg': 'success', 'data': None}
2025-12-08 12:17:32,679 - INFO - 'NoneType' object is not subscriptable
2025-12-08 12:17:32,679 - INFO - Traceback (most recent call last):
  File "/home/runner/work/qqnews/qqnews/qq.py", line 128, in main
    for i in qq1["data"]["list"]:
             ~~~~~~~~~~~^^^^^^^^
TypeError: 'NoneType' object is not subscriptable

2025-12-08 13:27:18,449 - INFO - Total time taken: {'ret': 0, 'msg': 'success', 'data': None}
2025-12-08 13:27:18,449 - INFO - 'NoneType' object is not subscriptable
2025-12-08 13:27:18,450 - INFO - Traceback (most recent call last):
  File "/home/runner/work/qqnews/qqnews/qq.py", line 128, in main
    for i in qq1["data"]["list"]:
             ~~~~~~~~~~~^^^^^^^^
TypeError: 'NoneType' object is not subscriptable

2025-12-08 14:01:33,177 - INFO - Total time taken: {'ret': 0, 'msg': 'success', 'data': None}
2025-12-08 14:01:33,178 - INFO - 'NoneType' object is not subscriptable
2025-12-08 14:01:33,178 - INFO - Traceback (most recent call last):
  File "/home/runner/work/qqnews/qqnews/qq.py", line 128, in main
    for i in qq1["data"]["list"]:
             ~~~~~~~~~~~^^^^^^^^
TypeError: 'NoneType' object is not subscriptable

2025-12-08 15:01:23,043 - INFO - Total time taken: {'ret': 0, 'msg': 'success', 'data': None}
2025-12-08 15:01:23,043 - INFO - 'NoneType' object is not subscriptable
2025-12-08 15:01:23,043 - INFO - Traceback (most recent call last):
  File "/home/runner/work/qqnews/qqnews/qq.py", line 128, in main
    for i in qq1["data"]["list"]:
             ~~~~~~~~~~~^^^^^^^^
TypeError: 'NoneType' object is not subscriptable

2025-12-08 16:11:53,692 - INFO - Total time taken: {'ret': 0, 'msg': 'success', 'data': None}
2025-12-08 16:11:53,693 - INFO - 'NoneType' object is not subscriptable
2025-12-08 16:11:53,693 - INFO - Traceback (most recent call last):
  File "/home/runner/work/qqnews/qqnews/qq.py", line 128, in main
    for i in qq1["data"]["list"]:
             ~~~~~~~~~~~^^^^^^^^
TypeError: 'NoneType' object is not subscriptable

2025-12-08 17:11:10,300 - INFO - Total time taken: {'ret': 0, 'msg': 'success', 'data': None}
2025-12-08 17:11:10,300 - INFO - 'NoneType' object is not subscriptable
2025-12-08 17:11:10,300 - INFO - Traceback (most recent call last):
  File "/home/runner/work/qqnews/qqnews/qq.py", line 128, in main
    for i in qq1["data"]["list"]:
             ~~~~~~~~~~~^^^^^^^^
TypeError: 'NoneType' object is not subscriptable

2025-12-08 18:14:32,605 - INFO - Total time taken: {'ret': 0, 'msg': 'success', 'data': None}
2025-12-08 18:14:32,606 - INFO - 'NoneType' object is not subscriptable
2025-12-08 18:14:32,606 - INFO - Traceback (most recent call last):
  File "/home/runner/work/qqnews/qqnews/qq.py", line 128, in main
    for i in qq1["data"]["list"]:
             ~~~~~~~~~~~^^^^^^^^
TypeError: 'NoneType' object is not subscriptable

