2026-01-13 00:41:10,273 - INFO - Total time taken: {'ret': 0, 'msg': 'success', 'data': None}
2026-01-13 00:41:10,274 - INFO - 'NoneType' object is not subscriptable
2026-01-13 00:41:10,274 - INFO - Traceback (most recent call last):
  File "/home/runner/work/qqnews/qqnews/qq.py", line 128, in main
    for i in qq1["data"]["list"]:
             ~~~~~~~~~~~^^^^^^^^
TypeError: 'NoneType' object is not subscriptable

2026-01-13 02:48:52,792 - INFO - Total time taken: {'ret': 0, 'msg': 'success', 'data': None}
2026-01-13 02:48:52,792 - INFO - 'NoneType' object is not subscriptable
2026-01-13 02:48:52,792 - INFO - Traceback (most recent call last):
  File "/home/runner/work/qqnews/qqnews/qq.py", line 128, in main
    for i in qq1["data"]["list"]:
             ~~~~~~~~~~~^^^^^^^^
TypeError: 'NoneType' object is not subscriptable

2026-01-13 03:56:03,080 - INFO - Total time taken: {'ret': 0, 'msg': 'success', 'data': None}
2026-01-13 03:56:03,081 - INFO - 'NoneType' object is not subscriptable
2026-01-13 03:56:03,081 - INFO - Traceback (most recent call last):
  File "/home/runner/work/qqnews/qqnews/qq.py", line 128, in main
    for i in qq1["data"]["list"]:
             ~~~~~~~~~~~^^^^^^^^
TypeError: 'NoneType' object is not subscriptable

2026-01-13 04:30:26,086 - INFO - Total time taken: {'ret': 0, 'msg': 'success', 'data': None}
2026-01-13 04:30:26,086 - INFO - 'NoneType' object is not subscriptable
2026-01-13 04:30:26,087 - INFO - Traceback (most recent call last):
  File "/home/runner/work/qqnews/qqnews/qq.py", line 128, in main
    for i in qq1["data"]["list"]:
             ~~~~~~~~~~~^^^^^^^^
TypeError: 'NoneType' object is not subscriptable

2026-01-13 05:16:07,873 - INFO - Total time taken: {'ret': 0, 'msg': 'success', 'data': None}
2026-01-13 05:16:07,873 - INFO - 'NoneType' object is not subscriptable
2026-01-13 05:16:07,874 - INFO - Traceback (most recent call last):
  File "/home/runner/work/qqnews/qqnews/qq.py", line 128, in main
    for i in qq1["data"]["list"]:
             ~~~~~~~~~~~^^^^^^^^
TypeError: 'NoneType' object is not subscriptable

2026-01-13 06:15:35,352 - INFO - Total time taken: {'ret': 0, 'msg': 'success', 'data': None}
2026-01-13 06:15:35,353 - INFO - 'NoneType' object is not subscriptable
2026-01-13 06:15:35,353 - INFO - Traceback (most recent call last):
  File "/home/runner/work/qqnews/qqnews/qq.py", line 128, in main
    for i in qq1["data"]["list"]:
             ~~~~~~~~~~~^^^^^^^^
TypeError: 'NoneType' object is not subscriptable

2026-01-13 07:15:21,104 - INFO - Total time taken: {'ret': 0, 'msg': 'success', 'data': None}
2026-01-13 07:15:21,105 - INFO - 'NoneType' object is not subscriptable
2026-01-13 07:15:21,105 - INFO - Traceback (most recent call last):
  File "/home/runner/work/qqnews/qqnews/qq.py", line 128, in main
    for i in qq1["data"]["list"]:
             ~~~~~~~~~~~^^^^^^^^
TypeError: 'NoneType' object is not subscriptable

2026-01-13 08:14:39,978 - INFO - Total time taken: {'ret': 0, 'msg': 'success', 'data': None}
2026-01-13 08:14:39,978 - INFO - 'NoneType' object is not subscriptable
2026-01-13 08:14:39,978 - INFO - Traceback (most recent call last):
  File "/home/runner/work/qqnews/qqnews/qq.py", line 128, in main
    for i in qq1["data"]["list"]:
             ~~~~~~~~~~~^^^^^^^^
TypeError: 'NoneType' object is not subscriptable

2026-01-13 09:16:34,933 - INFO - Total time taken: {'ret': 0, 'msg': 'success', 'data': None}
2026-01-13 09:16:34,933 - INFO - 'NoneType' object is not subscriptable
2026-01-13 09:16:34,933 - INFO - Traceback (most recent call last):
  File "/home/runner/work/qqnews/qqnews/qq.py", line 128, in main
    for i in qq1["data"]["list"]:
             ~~~~~~~~~~~^^^^^^^^
TypeError: 'NoneType' object is not subscriptable

2026-01-13 10:01:28,290 - INFO - Total time taken: {'ret': 0, 'msg': 'success', 'data': None}
2026-01-13 10:01:28,290 - INFO - 'NoneType' object is not subscriptable
2026-01-13 10:01:28,291 - INFO - Traceback (most recent call last):
  File "/home/runner/work/qqnews/qqnews/qq.py", line 128, in main
    for i in qq1["data"]["list"]:
             ~~~~~~~~~~~^^^^^^^^
TypeError: 'NoneType' object is not subscriptable

