2024-08-23 00:30:03,441 - INFO - EXPIRED
值得关注！中俄投资、金融领域合作又有新进展
https://new.qq.com/rain/a/20240822A09GDQ00

2024-08-23 00:30:03,441 - INFO - EXPIRED
山西2岁女童家门口失踪10天：上千人找寻，家属悬赏通告发到陕西潼关
https://new.qq.com/rain/a/20240822A0A0TT00

2024-08-23 00:30:03,441 - INFO - EXPIRED
我国发现1吨月壤有望生产超50公斤水，这水有多贵？开发月球会不会影响地球运转？
https://view.inews.qq.com/a/20240822Q079V400

2024-08-23 00:30:03,441 - INFO - EXPIRED
市民议论价太高，菜贩“不赚钱”，菜价大涨究竟为哪般
https://new.qq.com/rain/a/20240822A09S0S00

2024-08-23 00:30:03,441 - INFO - EXPIRED
为何合资车企降价后市场份额还在下滑，专家：消费者被自主品牌惯坏了
https://new.qq.com/rain/a/20240822A09C1E00

2024-08-23 00:30:03,441 - INFO - EXPIRED
湖南醴陵致7死养猪场爆炸案10人获刑 当地市委书记在法院现场旁听
https://new.qq.com/rain/a/20240822A09WYF00

2024-08-23 00:30:03,441 - INFO - EXPIRED
销售员曝全红婵给妈妈买手机？店家：不知道她是否赠送家人
https://new.qq.com/rain/a/20240822A09OUD00

2024-08-23 00:30:03,441 - INFO - EXPIRED
泰国北柳府一小型飞机坠毁，机上载有5名中国籍乘客
https://new.qq.com/rain/a/20240822A0A79I00

2024-08-23 00:30:03,441 - INFO - EXPIRED
时隔14年这一大会重回香港，坚定反“独”促统
https://new.qq.com/rain/a/20240822A09NDK00

2024-08-23 00:30:03,441 - INFO - EXPIRED
男子献血8次，用血却被告知用不上？当事人再发声：收到可以输血通知
https://new.qq.com/rain/a/20240822A08HX500

2024-08-23 00:30:03,441 - INFO - EXPIRED
韩国京畿道一酒店起火致7人死亡11人受伤 死者中有外国人
https://new.qq.com/rain/a/20240822A0A8HI00

2024-08-23 00:30:03,441 - INFO - EXPIRED
五角大楼禁令被推翻，美法官裁定：美军不能拒绝艾滋感染者入伍
https://new.qq.com/rain/a/20240822A09QX600

2024-08-23 00:30:03,441 - INFO - EXPIRED
群众在公交站旁绿化带中发现一具男尸，重庆警方通报
https://new.qq.com/rain/a/20240822A09G0N00

2024-08-23 00:30:03,441 - INFO - EXPIRED
伊朗新内阁成员确定，23年来首次全体成员获议会通过
https://new.qq.com/rain/a/20240822A09FTN00

2024-08-23 00:30:03,441 - INFO - EXPIRED
奥运冠军杨倩晒清华研究生录取通知书：给自己再续三年在清华园的日子
https://new.qq.com/rain/a/20240822A09PQN00

2024-08-23 00:30:03,441 - INFO - EXPIRED
万达近15亿出售杭州拱墅万达广场？知情人士：谈判中
https://new.qq.com/rain/a/20240822A09UQE00

2024-08-23 00:30:03,441 - INFO - EXPIRED
霍震霆回应郭晶晶担任奥运跳水裁判长：她很认真，忙得没时间聚餐
https://new.qq.com/rain/a/20240822A08TG100

2024-08-23 00:30:03,441 - INFO - EXPIRED
“有些学校读着读着就没了”：成都一校区停办，学生和老师何去何从
https://new.qq.com/rain/a/20240822A04SBG00

2024-08-23 00:30:03,442 - INFO - EXPIRED
“不过包退”快玩不下去了？中公教育用白酒、旧电脑向学员“抵债”
https://new.qq.com/rain/a/20240822A09ALL00

2024-08-23 00:30:03,442 - INFO - EXPIRED
中国女子称在泰国遭外国男子歧视辱骂，爆发肢体冲突，男子衣衫被撕破
https://new.qq.com/rain/a/20240822A08HXW00

2024-08-23 00:30:03,442 - INFO - EXPIRED
深度 | 巴黎奥运会结束，马克龙的难题又来了
https://new.qq.com/rain/a/20240822A092NH00

2024-08-23 00:30:03,442 - INFO - EXPIRED
卫生巾过期13年被改码再销售？博主发视频爆料，当地成立专案组调查
https://new.qq.com/rain/a/20240822A03JN200

2024-08-23 00:30:03,442 - INFO - EXPIRED
20年前因沉迷游戏放弃考研？揭秘《黑神话：悟空》制作人冯骥
https://new.qq.com/rain/a/20240822V08VMK00

2024-08-23 00:30:03,442 - INFO - EXPIRED
美国三大股指小幅高开 阿特斯太阳能大跌逾8%
https://new.qq.com/rain/a/20240822A09KVK00

2024-08-23 00:30:03,442 - INFO - EXPIRED
一次举报促成票房大卖？18岁以下谨慎观看终于不再是噱头
https://new.qq.com/rain/a/20240822A082NZ00

2024-08-23 00:30:03,442 - INFO - EXPIRED
特朗普在枪击案后首次出现在户外集会，站在防弹玻璃后面发表讲话
https://new.qq.com/rain/a/20240822A06J2W00

2024-08-23 00:30:03,442 - INFO - EXPIRED
10岁女孩做扁桃体微创手术时意外身亡，已进行尸检，卫健部门回应
https://new.qq.com/rain/a/20240822A08H2500

2024-08-23 00:30:03,442 - INFO - EXPIRED
网友称很多电梯间广告被“上门按摩”霸占，这正常吗？真有那么多人消费吗？
https://view.inews.qq.com/a/20240822Q0473500

2024-08-23 00:30:03,442 - INFO - EXPIRED
苹果App Store大震荡：高管离职，团队被一分为二
https://new.qq.com/rain/a/20240822A09H8O00

2024-08-23 00:30:03,442 - INFO - EXPIRED
被传离职后，王自如缺席格力营销峰会
https://new.qq.com/rain/a/20240822A06MA500

2024-08-23 00:30:03,442 - INFO - EXPIRED
“河北小孩骑行被碾压身亡”肇事司机涉刑事犯罪移送检方？检察院回应
https://new.qq.com/rain/a/20240822A07HOM00

2024-08-23 00:30:03,442 - INFO - EXPIRED
区政府挪用中央专项资金？河南一老小区改造逾期2年成“半拉子工程”
https://new.qq.com/rain/a/20240822A05YDN00

2024-08-23 00:30:03,442 - INFO - EXPIRED
网传南京一大厦不允许把外卖带上楼，物业：负一楼有专门的食堂
https://new.qq.com/rain/a/20240822A07PSE00

2024-08-23 00:30:03,442 - INFO - EXPIRED
39元月饼被标价1元，卖出六百万份损失数亿？涉事商家致歉
https://new.qq.com/rain/a/20240822A06FG700

2024-08-23 00:30:03,442 - INFO - EXPIRED
杰克逊霍尔央行年会来袭 美联储7月会议纪要已提前“剧透”降息线索？
https://new.qq.com/rain/a/20240822A06JMT00

2024-08-23 00:30:03,442 - INFO - EXPIRED
对话宇树创始人王兴兴：做机器人，中国缺乏AI人才
https://new.qq.com/rain/a/20240822A098U500

2024-08-23 00:30:03,442 - INFO - EXPIRED
女子花240万买新房，俩大姨“抢先入住”，在屋里洗澡做饭当成自己家
https://new.qq.com/rain/a/20240822V03X3T00

2024-08-23 00:30:03,442 - INFO - EXPIRED
美国上周首次申领失业救济人数增加4000人至23.2万人
https://new.qq.com/rain/a/20240822A097GY00

2024-08-23 00:30:03,442 - INFO - EXPIRED
14.8亿，杭州第一座万达广场被王健林摆上货架
https://new.qq.com/rain/a/20240822A04MWU00

2024-08-23 00:30:03,442 - INFO - EXPIRED
男子“榨干”母亲200万积蓄后又骗母亲好友近千万，钱款均被挥霍
https://new.qq.com/rain/a/20240822A03Z9V00

2024-08-23 00:30:03,442 - INFO - EXPIRED
边境省份“80后”副市长赴海关总署任职
https://new.qq.com/rain/a/20240822A07W8300

2024-08-23 00:30:03,442 - INFO - EXPIRED
中行行长刘金，因“其他安排”未出席董事会
https://new.qq.com/rain/a/20240822A05XW600

2024-08-23 00:30:03,442 - INFO - EXPIRED
小学生沉迷抽小马宝莉卡，一个月花2000块钱买卡，崩溃家长的钱都让谁赚了?
https://view.inews.qq.com/a/20240821Q04HUJ00

2024-08-23 00:30:03,442 - INFO - EXPIRED
河北：孙颖莎、龙道一、常园、李冰洁记大功
https://new.qq.com/rain/a/20240822A08EAD00

2024-08-23 00:30:03,442 - INFO - EXPIRED
《黑神话：悟空》带火游戏动捕演员，这是什么职业？做动捕演员是怎样的体验？
https://view.inews.qq.com/a/20240822Q08G9L00

2024-08-23 00:30:03,442 - INFO - EXPIRED
乌克兰首次承认用美制武器越境袭击俄罗斯，以后乌军用武器百无禁忌了吗？
https://view.inews.qq.com/a/20240822Q03P5Z00

2024-08-23 00:30:03,442 - INFO - EXPIRED
比尔·盖茨要用 AI 对付蚊子，人类和蚊子的「战争」迎来终局？
https://new.qq.com/rain/a/20240822A07S5300

2024-08-23 00:30:03,442 - INFO - EXPIRED
利率3%以上的存款成“香饽饽”！有人开4小时车去存，有人熬夜蹲守
https://new.qq.com/rain/a/20240822A088GP00

2024-08-23 00:30:03,442 - INFO - EXPIRED
被控受贿7498万余元，辽宁省大连市政协原主席郝宏军受审
https://new.qq.com/rain/a/20240822A06R6400

2024-08-23 00:30:03,442 - INFO - EXPIRED
中国驻乌克兰大使馆：安全风险升高，中国公民暂勿来乌
https://new.qq.com/rain/a/20240822A06HO300

2024-08-23 00:30:03,442 - INFO - EXPIRED
小米卖一辆车亏6万多，为何造车新势力一边巨亏还一边降价？怎么才能赚钱？
https://view.inews.qq.com/a/20240822Q062DN00

2024-08-23 00:30:03,442 - INFO - EXPIRED
2岁女童被生父及女友虐待致死，女方竟将一系列行为称为“猎杀时刻”
https://new.qq.com/rain/a/20240821A08UIB00

2024-08-23 00:30:03,442 - INFO - EXPIRED
中国立案调查欧盟乳制品是“报复举措”？商务部回应
https://new.qq.com/rain/a/20240822A05VNU00

2024-08-23 00:30:03,442 - INFO - EXPIRED
欧盟中国商会与德国人士批评欧委会对中国电车加征关税，外交部回应
https://new.qq.com/rain/a/20240822A05P9S00

2024-08-23 00:30:03,442 - INFO - EXPIRED
宁德九中112名学生“抽签”77个床位？官方通报
https://new.qq.com/rain/a/20240822A05WSR00

2024-08-23 00:30:03,442 - INFO - EXPIRED
河南汝州41人事业编被清退之后：官方协调非事业编岗位供双向选择
https://new.qq.com/rain/a/20240822A068D700

2024-08-23 00:30:03,442 - INFO - EXPIRED
电影《失孤》原型案二审未当庭宣判，郭刚堂哽咽发声：呼富吉没有悔意
https://new.qq.com/rain/a/20240822A07HYX00

2024-08-23 00:30:03,442 - INFO - EXPIRED
辽宁男子持刀捅伤金店女柜员已被刑拘，知情人：伤人者是女店员前夫 
https://new.qq.com/rain/a/20240822A05UM300

2024-08-23 00:30:03,442 - INFO - EXPIRED
当县中培养不出清北生：“县中衰落”在全国范围内发生
https://new.qq.com/rain/a/20240822A00CQV00

2024-08-23 00:30:03,442 - INFO - EXPIRED
鼓励生育政策初见成效 湖北天门出生人数8年来首次“由降转增”
https://new.qq.com/rain/a/20240822A010Y900

2024-08-23 00:30:03,442 - INFO - EXPIRED
遇险英国富豪和女儿遗体在船舱床垫中被找到，豪华游艇沉没前监控曝光
https://new.qq.com/rain/a/20240822A04NJ400

2024-08-23 00:30:03,442 - INFO - EXPIRED
河北一男子献血8次，用血却被告知用不上？医院和血站互相“踢皮球”
https://new.qq.com/rain/a/20240821A0331S00

2024-08-23 00:30:03,442 - INFO - EXPIRED
《黑神话：悟空》上线刷屏，老外被中国神话硬控，该如何给他们介绍《西游记》？
https://view.inews.qq.com/a/20240822Q046MG00

2024-08-23 00:30:03,442 - INFO - EXPIRED
西藏自治区政府原副主席王勇被决定逮捕，曾被批“结交政治骗子”
https://new.qq.com/rain/a/20240822A05CD500

2024-08-23 00:30:03,442 - INFO - EXPIRED
网易第二季度营收255亿元 同比增长6%
https://new.qq.com/rain/a/20240822A06VOZ00

2024-08-23 00:30:03,442 - INFO - EXPIRED
美舰过航台湾海峡并公开炒作，东部战区：全程跟监警戒，依法依规处置
https://new.qq.com/rain/a/20240822A0525S00

2024-08-23 00:30:03,442 - INFO - EXPIRED
小肯尼迪计划退选支持特朗普，特朗普能提高多大胜算？他画的饼能兑现吗？
https://view.inews.qq.com/a/20240822Q0540M00

2024-08-23 00:30:03,442 - INFO - EXPIRED
山西2岁女童失踪11天：家人找遍芮城村庄 化粪池都掏过 正到邻县寻人
https://new.qq.com/rain/a/20240822A050S500

2024-08-23 00:30:03,442 - INFO - EXPIRED
微博：第二季度净营收4.379亿美元 同比下降0.5%
https://new.qq.com/rain/a/20240822A06R8300

2024-08-23 00:30:03,442 - INFO - EXPIRED
大爷年年体检都正常，却突然确诊癌症，有什么检查是常规体检外必须要做的？
https://view.inews.qq.com/a/20240821Q09OKZ00

2024-08-23 00:30:03,442 - INFO - EXPIRED
马斯克收购推特竟套牢众多大腕 华尔街之狼、沙特王子难道都走了眼?
https://new.qq.com/rain/a/20240822A05ICI00

2024-08-23 00:30:03,442 - INFO - EXPIRED
黎以边境局势持续紧张 中使馆提醒在黎中国公民尽快回国或离境
https://new.qq.com/rain/a/20240822A054O500

2024-08-23 00:30:03,442 - INFO - EXPIRED
游泳馆团购卡限45岁以下女性并有学士学位？负责人：学历高的人素质高
https://new.qq.com/rain/a/20240822A04N7R00

2024-08-23 00:30:03,442 - INFO - EXPIRED
辽宁日报刊文记录牺牲村支书的最后时刻：救出3个孩子后说“让我歇会儿”
https://new.qq.com/rain/a/20240822A04ZMU00

2024-08-23 00:30:03,442 - INFO - EXPIRED
爱奇艺：第二季度总收入74亿元 运营利润为5亿元
https://new.qq.com/rain/a/20240822A06YQO00

2024-08-23 00:30:03,442 - INFO - EXPIRED
河南新桥煤矿通报“退伍军人被冒名顶替26年”：举报属实
https://new.qq.com/rain/a/20240822A037VV00

2024-08-23 00:30:03,443 - INFO - EXPIRED
中国人是世界上最聪明的人吗？网友称360儿童手表答案毁三观 客服回应
https://new.qq.com/rain/a/20240822A03ZEF00

2024-08-23 00:30:03,443 - INFO - EXPIRED
中央发布重磅文件：航天、航空、人工智能领域市场准入迎大动作
https://new.qq.com/rain/a/20240822A055J800

2024-08-23 00:30:03,443 - INFO - EXPIRED
郭刚堂“失而复得”的人生下半场：一个助人寻亲者、菜贩子和好爷爷
https://new.qq.com/rain/a/20240822A044C900

2024-08-23 00:30:03,443 - INFO - EXPIRED
印法院裁决“汉堡王”是印度品牌，美国“汉堡王”能咽下这口气吗？会怎么办？
https://view.inews.qq.com/a/20240822Q029T900

2024-08-23 00:30:03,443 - INFO - EXPIRED
外媒：小肯尼迪正计划退出选举并支持特朗普，以换取潜在的政府职位
https://new.qq.com/rain/a/20240822A0344Y00

2024-08-23 00:30:03,443 - INFO - EXPIRED
结汇率敞口仍处高位，人民币还有大幅升值可能？市场提醒单边行情风险
https://new.qq.com/rain/a/20240822A04YHK00

2024-08-23 00:30:03,443 - INFO - EXPIRED
河南7岁男童被同村男子用椅子砸致颅骨粉碎性骨折？当地：无赔偿能力，已被羁押
https://new.qq.com/rain/a/20240821A07JHU00

2024-08-23 00:30:03,443 - INFO - EXPIRED
辽宁移动大面积断网？工作人员：下雨导致基站故障，正在抢修中
https://new.qq.com/rain/a/20240822A03QWN00

2024-08-23 00:30:03,443 - INFO - EXPIRED
因给外地储户赋红码被处分的郑州女干部履新，当地回应：符合程序
https://new.qq.com/rain/a/20240822A02RQT00

2024-08-23 00:30:03,443 - INFO - EXPIRED
异地购房团48小时豪买27套，购房团具体怎么运作的？市场风向真的变了？
https://view.inews.qq.com/a/20240822Q01Q6W00

2024-08-23 00:30:03,443 - INFO - EXPIRED
标注“禁止游泳”孩子溺亡，家长状告公园管理方
https://new.qq.com/rain/a/20240821A07PMG00

2024-08-23 00:30:03,443 - INFO - EXPIRED
听说这个暑期旅游业快卷崩了，竞争到底有多残酷？这对游客是好事儿吗？
https://view.inews.qq.com/a/20240822Q03HU700

2024-08-23 00:30:03,443 - INFO - EXPIRED
造谣“上海财政紧张向寺庙借款100亿”，男子被批捕
https://new.qq.com/rain/a/20240822A02D3200

2024-08-23 00:30:03,443 - INFO - EXPIRED
郭刚堂之子被拐案二审今日开庭 郭刚堂：50万赔偿无法与寻亲路划等号
https://new.qq.com/rain/a/20240822V040ZY00

2024-08-23 00:30:03,443 - INFO - EXPIRED
中国铁建股份有限公司原党委常委、副总裁汪文忠被查
https://new.qq.com/rain/a/20240822A03ZNO00

2024-08-23 00:30:03,443 - INFO - EXPIRED
20名中国游客被司机抛弃在新加坡街头？疑因拒绝消费遭扔行李、辱骂
https://new.qq.com/rain/a/20240821A09J4S00

2024-08-23 00:30:03,946 - INFO - INVALID
西安5岁男童在托管机构被殴打受伤？警方：涉事工作人员已被传唤到案
https://new.qq.com/rain/a/20240823A001X800

2024-08-23 00:30:03,951 - INFO - INVALID
小心身边这样的“好心人”，可能是披着羊皮的狼
https://new.qq.com/rain/a/20240823A00OUI00

2024-08-23 00:30:03,956 - INFO - INVALID
阿里巴巴：新增香港为主要上市地 将于8月28日完成双重主要上市
https://new.qq.com/rain/a/20240823A00ZMS00

2024-08-23 00:30:03,961 - INFO - INVALID
马斯克的X重量级股东名单全曝光，说唱歌手、沙特王子纷纷在列
https://new.qq.com/rain/a/20240823A00RWN00

2024-08-23 00:30:04,012 - INFO - INVALID
泰国一载有5名中国籍乘客的小型飞机坠毁：系一海岛度假酒店私人飞机
https://new.qq.com/rain/a/20240823A00SHR00

2024-08-23 00:30:04,291 - INFO - INVALID
炮轰雷军亏钱卖车没公德心，极越公关负责人被处罚：车企在焦虑什么
https://new.qq.com/rain/a/20240823A00SZD00

2024-08-23 00:30:04,372 - INFO - INVALID
英媒：“英国比尔·盖茨”确认在海难中遇难，其女儿仍下落不明
https://new.qq.com/rain/a/20240823A00O7P00

2024-08-23 00:30:04,531 - INFO - INVALID
鲍威尔讲话前纳指跌1.7%，芯片指数跌3.4%，美债收益率跃升，黄金大跌
https://new.qq.com/rain/a/20240823A00DO800

