2025-08-21 00:38:31,245 - INFO - Total time taken: {'ret': 0, 'msg': 'success', 'data': None}
2025-08-21 00:38:31,246 - INFO - 'NoneType' object is not subscriptable
2025-08-21 00:38:31,246 - INFO - Traceback (most recent call last):
  File "/home/runner/work/qqnews/qqnews/qq.py", line 128, in main
    for i in qq1["data"]["list"]:
             ~~~~~~~~~~~^^^^^^^^
TypeError: 'NoneType' object is not subscriptable

2025-08-21 02:23:11,015 - INFO - Total time taken: {'ret': 0, 'msg': 'success', 'data': None}
2025-08-21 02:23:11,015 - INFO - 'NoneType' object is not subscriptable
2025-08-21 02:23:11,015 - INFO - Traceback (most recent call last):
  File "/home/runner/work/qqnews/qqnews/qq.py", line 128, in main
    for i in qq1["data"]["list"]:
             ~~~~~~~~~~~^^^^^^^^
TypeError: 'NoneType' object is not subscriptable

2025-08-21 03:33:29,739 - INFO - Total time taken: {'ret': 0, 'msg': 'success', 'data': None}
2025-08-21 03:33:29,740 - INFO - 'NoneType' object is not subscriptable
2025-08-21 03:33:29,740 - INFO - Traceback (most recent call last):
  File "/home/runner/work/qqnews/qqnews/qq.py", line 128, in main
    for i in qq1["data"]["list"]:
             ~~~~~~~~~~~^^^^^^^^
TypeError: 'NoneType' object is not subscriptable

2025-08-21 04:11:18,671 - INFO - Total time taken: {'ret': 0, 'msg': 'success', 'data': None}
2025-08-21 04:11:18,671 - INFO - 'NoneType' object is not subscriptable
2025-08-21 04:11:18,672 - INFO - Traceback (most recent call last):
  File "/home/runner/work/qqnews/qqnews/qq.py", line 128, in main
    for i in qq1["data"]["list"]:
             ~~~~~~~~~~~^^^^^^^^
TypeError: 'NoneType' object is not subscriptable

2025-08-21 05:09:24,055 - INFO - Total time taken: {'ret': 0, 'msg': 'success', 'data': None}
2025-08-21 05:09:24,056 - INFO - 'NoneType' object is not subscriptable
2025-08-21 05:09:24,056 - INFO - Traceback (most recent call last):
  File "/home/runner/work/qqnews/qqnews/qq.py", line 128, in main
    for i in qq1["data"]["list"]:
             ~~~~~~~~~~~^^^^^^^^
TypeError: 'NoneType' object is not subscriptable

2025-08-21 06:16:20,392 - INFO - Total time taken: {'ret': 0, 'msg': 'success', 'data': None}
2025-08-21 06:16:20,392 - INFO - 'NoneType' object is not subscriptable
2025-08-21 06:16:20,393 - INFO - Traceback (most recent call last):
  File "/home/runner/work/qqnews/qqnews/qq.py", line 128, in main
    for i in qq1["data"]["list"]:
             ~~~~~~~~~~~^^^^^^^^
TypeError: 'NoneType' object is not subscriptable

2025-08-21 07:12:52,741 - INFO - Total time taken: {'ret': 0, 'msg': 'success', 'data': None}
2025-08-21 07:12:52,741 - INFO - 'NoneType' object is not subscriptable
2025-08-21 07:12:52,741 - INFO - Traceback (most recent call last):
  File "/home/runner/work/qqnews/qqnews/qq.py", line 128, in main
    for i in qq1["data"]["list"]:
             ~~~~~~~~~~~^^^^^^^^
TypeError: 'NoneType' object is not subscriptable

2025-08-21 08:12:41,895 - INFO - Total time taken: {'ret': 0, 'msg': 'success', 'data': None}
2025-08-21 08:12:41,895 - INFO - 'NoneType' object is not subscriptable
2025-08-21 08:12:41,896 - INFO - Traceback (most recent call last):
  File "/home/runner/work/qqnews/qqnews/qq.py", line 128, in main
    for i in qq1["data"]["list"]:
             ~~~~~~~~~~~^^^^^^^^
TypeError: 'NoneType' object is not subscriptable

2025-08-21 09:09:37,471 - INFO - Total time taken: {'ret': 0, 'msg': 'success', 'data': None}
2025-08-21 09:09:37,471 - INFO - 'NoneType' object is not subscriptable
2025-08-21 09:09:37,471 - INFO - Traceback (most recent call last):
  File "/home/runner/work/qqnews/qqnews/qq.py", line 128, in main
    for i in qq1["data"]["list"]:
             ~~~~~~~~~~~^^^^^^^^
TypeError: 'NoneType' object is not subscriptable

2025-08-21 10:01:29,428 - INFO - Total time taken: {'ret': 0, 'msg': 'success', 'data': None}
2025-08-21 10:01:29,428 - INFO - 'NoneType' object is not subscriptable
2025-08-21 10:01:29,428 - INFO - Traceback (most recent call last):
  File "/home/runner/work/qqnews/qqnews/qq.py", line 128, in main
    for i in qq1["data"]["list"]:
             ~~~~~~~~~~~^^^^^^^^
TypeError: 'NoneType' object is not subscriptable

2025-08-21 11:01:12,474 - INFO - Total time taken: {'ret': 0, 'msg': 'success', 'data': None}
2025-08-21 11:01:12,474 - INFO - 'NoneType' object is not subscriptable
2025-08-21 11:01:12,474 - INFO - Traceback (most recent call last):
  File "/home/runner/work/qqnews/qqnews/qq.py", line 128, in main
    for i in qq1["data"]["list"]:
             ~~~~~~~~~~~^^^^^^^^
TypeError: 'NoneType' object is not subscriptable

2025-08-21 12:16:02,859 - INFO - Total time taken: {'ret': 0, 'msg': 'success', 'data': None}
2025-08-21 12:16:02,859 - INFO - 'NoneType' object is not subscriptable
2025-08-21 12:16:02,859 - INFO - Traceback (most recent call last):
  File "/home/runner/work/qqnews/qqnews/qq.py", line 128, in main
    for i in qq1["data"]["list"]:
             ~~~~~~~~~~~^^^^^^^^
TypeError: 'NoneType' object is not subscriptable

2025-08-21 13:22:34,882 - INFO - Total time taken: {'ret': 0, 'msg': 'success', 'data': None}
2025-08-21 13:22:34,882 - INFO - 'NoneType' object is not subscriptable
2025-08-21 13:22:34,882 - INFO - Traceback (most recent call last):
  File "/home/runner/work/qqnews/qqnews/qq.py", line 128, in main
    for i in qq1["data"]["list"]:
             ~~~~~~~~~~~^^^^^^^^
TypeError: 'NoneType' object is not subscriptable

2025-08-21 14:01:28,539 - INFO - Total time taken: {'ret': 0, 'msg': 'success', 'data': None}
2025-08-21 14:01:28,540 - INFO - 'NoneType' object is not subscriptable
2025-08-21 14:01:28,540 - INFO - Traceback (most recent call last):
  File "/home/runner/work/qqnews/qqnews/qq.py", line 128, in main
    for i in qq1["data"]["list"]:
             ~~~~~~~~~~~^^^^^^^^
TypeError: 'NoneType' object is not subscriptable

2025-08-21 15:09:34,776 - INFO - Total time taken: {'ret': 0, 'msg': 'success', 'data': None}
2025-08-21 15:09:34,776 - INFO - 'NoneType' object is not subscriptable
2025-08-21 15:09:34,776 - INFO - Traceback (most recent call last):
  File "/home/runner/work/qqnews/qqnews/qq.py", line 128, in main
    for i in qq1["data"]["list"]:
             ~~~~~~~~~~~^^^^^^^^
TypeError: 'NoneType' object is not subscriptable

2025-08-21 16:01:20,913 - INFO - Total time taken: {'ret': 0, 'msg': 'success', 'data': None}
2025-08-21 16:01:20,913 - INFO - 'NoneType' object is not subscriptable
2025-08-21 16:01:20,913 - INFO - Traceback (most recent call last):
  File "/home/runner/work/qqnews/qqnews/qq.py", line 128, in main
    for i in qq1["data"]["list"]:
             ~~~~~~~~~~~^^^^^^^^
TypeError: 'NoneType' object is not subscriptable

2025-08-21 17:11:28,464 - INFO - Total time taken: {'ret': 0, 'msg': 'success', 'data': None}
2025-08-21 17:11:28,464 - INFO - 'NoneType' object is not subscriptable
2025-08-21 17:11:28,464 - INFO - Traceback (most recent call last):
  File "/home/runner/work/qqnews/qqnews/qq.py", line 128, in main
    for i in qq1["data"]["list"]:
             ~~~~~~~~~~~^^^^^^^^
TypeError: 'NoneType' object is not subscriptable

