2026-01-04 00:51:30,286 - INFO - Total time taken: {'ret': 0, 'msg': 'success', 'data': None}
2026-01-04 00:51:30,286 - INFO - 'NoneType' object is not subscriptable
2026-01-04 00:51:30,286 - INFO - Traceback (most recent call last):
  File "/home/runner/work/qqnews/qqnews/qq.py", line 128, in main
    for i in qq1["data"]["list"]:
             ~~~~~~~~~~~^^^^^^^^
TypeError: 'NoneType' object is not subscriptable

2026-01-04 03:02:05,459 - INFO - Total time taken: {'ret': 0, 'msg': 'success', 'data': None}
2026-01-04 03:02:05,459 - INFO - 'NoneType' object is not subscriptable
2026-01-04 03:02:05,459 - INFO - Traceback (most recent call last):
  File "/home/runner/work/qqnews/qqnews/qq.py", line 128, in main
    for i in qq1["data"]["list"]:
             ~~~~~~~~~~~^^^^^^^^
TypeError: 'NoneType' object is not subscriptable

2026-01-04 04:38:59,356 - INFO - Total time taken: {'ret': 0, 'msg': 'success', 'data': None}
2026-01-04 04:38:59,356 - INFO - 'NoneType' object is not subscriptable
2026-01-04 04:38:59,356 - INFO - Traceback (most recent call last):
  File "/home/runner/work/qqnews/qqnews/qq.py", line 128, in main
    for i in qq1["data"]["list"]:
             ~~~~~~~~~~~^^^^^^^^
TypeError: 'NoneType' object is not subscriptable

2026-01-04 05:17:09,667 - INFO - Total time taken: {'ret': 0, 'msg': 'success', 'data': None}
2026-01-04 05:17:09,668 - INFO - 'NoneType' object is not subscriptable
2026-01-04 05:17:09,668 - INFO - Traceback (most recent call last):
  File "/home/runner/work/qqnews/qqnews/qq.py", line 128, in main
    for i in qq1["data"]["list"]:
             ~~~~~~~~~~~^^^^^^^^
TypeError: 'NoneType' object is not subscriptable

