2025-06-20 00:42:06,063 - INFO - Total time taken: {'ret': 0, 'msg': 'success', 'data': None}
2025-06-20 00:42:06,064 - INFO - 'NoneType' object is not subscriptable
2025-06-20 00:42:06,064 - INFO - Traceback (most recent call last):
  File "/home/runner/work/qqnews/qqnews/qq.py", line 128, in main
    for i in qq1["data"]["list"]:
             ~~~~~~~~~~~^^^^^^^^
TypeError: 'NoneType' object is not subscriptable

2025-06-20 02:30:44,252 - INFO - Total time taken: {'ret': 0, 'msg': 'success', 'data': None}
2025-06-20 02:30:44,252 - INFO - 'NoneType' object is not subscriptable
2025-06-20 02:30:44,252 - INFO - Traceback (most recent call last):
  File "/home/runner/work/qqnews/qqnews/qq.py", line 128, in main
    for i in qq1["data"]["list"]:
             ~~~~~~~~~~~^^^^^^^^
TypeError: 'NoneType' object is not subscriptable

2025-06-20 03:40:12,812 - INFO - Total time taken: {'ret': 0, 'msg': 'success', 'data': None}
2025-06-20 03:40:12,812 - INFO - 'NoneType' object is not subscriptable
2025-06-20 03:40:12,812 - INFO - Traceback (most recent call last):
  File "/home/runner/work/qqnews/qqnews/qq.py", line 128, in main
    for i in qq1["data"]["list"]:
             ~~~~~~~~~~~^^^^^^^^
TypeError: 'NoneType' object is not subscriptable

2025-06-20 04:16:30,914 - INFO - Total time taken: {'ret': 0, 'msg': 'success', 'data': None}
2025-06-20 04:16:30,914 - INFO - 'NoneType' object is not subscriptable
2025-06-20 04:16:30,914 - INFO - Traceback (most recent call last):
  File "/home/runner/work/qqnews/qqnews/qq.py", line 128, in main
    for i in qq1["data"]["list"]:
             ~~~~~~~~~~~^^^^^^^^
TypeError: 'NoneType' object is not subscriptable

2025-06-20 05:10:23,218 - INFO - Total time taken: {'ret': 0, 'msg': 'success', 'data': None}
2025-06-20 05:10:23,218 - INFO - 'NoneType' object is not subscriptable
2025-06-20 05:10:23,218 - INFO - Traceback (most recent call last):
  File "/home/runner/work/qqnews/qqnews/qq.py", line 128, in main
    for i in qq1["data"]["list"]:
             ~~~~~~~~~~~^^^^^^^^
TypeError: 'NoneType' object is not subscriptable

2025-06-20 06:13:24,092 - INFO - Total time taken: {'ret': 0, 'msg': 'success', 'data': None}
2025-06-20 06:13:24,092 - INFO - 'NoneType' object is not subscriptable
2025-06-20 06:13:24,093 - INFO - Traceback (most recent call last):
  File "/home/runner/work/qqnews/qqnews/qq.py", line 128, in main
    for i in qq1["data"]["list"]:
             ~~~~~~~~~~~^^^^^^^^
TypeError: 'NoneType' object is not subscriptable

2025-06-20 07:09:37,020 - INFO - Total time taken: {'ret': 0, 'msg': 'success', 'data': None}
2025-06-20 07:09:37,020 - INFO - 'NoneType' object is not subscriptable
2025-06-20 07:09:37,021 - INFO - Traceback (most recent call last):
  File "/home/runner/work/qqnews/qqnews/qq.py", line 128, in main
    for i in qq1["data"]["list"]:
             ~~~~~~~~~~~^^^^^^^^
TypeError: 'NoneType' object is not subscriptable

