2024-11-02 00:33:59,733 - INFO - EXPIRED
一县级市中学年薪50万招老师 干6年送120㎡住房 47名北大等名校生获聘
https://new.qq.com/rain/a/20241101A095RW00

2024-11-02 00:33:59,733 - INFO - EXPIRED
印度一只小盘股一天暴涨6692535%，这是家什么公司？类似的暴涨在印度股市常见吗？
https://view.inews.qq.com/a/20241101Q04RTS00

2024-11-02 00:33:59,733 - INFO - EXPIRED
湖南一地在水源上方建化粪池？官方：系污水处理厂，在与村民沟通解决
https://new.qq.com/rain/a/20241101A09JDU00

2024-11-02 00:33:59,733 - INFO - EXPIRED
山西吕梁女性35岁前初婚奖励1500元？当地民政局：资金预算尚未到位
https://new.qq.com/rain/a/20241101A07HE400

2024-11-02 00:33:59,733 - INFO - EXPIRED
弟弟遇害，她追凶20多年，两次险被卖
https://new.qq.com/rain/a/20241101A090FH00

2024-11-02 00:33:59,733 - INFO - EXPIRED
地方政府齐待化债方案，有财政局长奔赴省厅为给上级“加深点印象”
https://new.qq.com/rain/a/20241101A09ZUH00

2024-11-02 00:33:59,733 - INFO - EXPIRED
国企校招公示出现民办学院英文名引争议，官方：系填错，学生受网暴
https://new.qq.com/rain/a/20241101A07VWP00

2024-11-02 00:33:59,733 - INFO - EXPIRED
下周迎重磅定调！三件大事结果将揭晓，牵动全球投资者神经
https://new.qq.com/rain/a/20241101A09F8R00

2024-11-02 00:33:59,733 - INFO - EXPIRED
两个月大婴儿嗜睡太反常，学医出身宝爸宝妈怀疑育婴师给娃喂安眠药，48岁阿姨称若有证据甘愿坐牢
https://new.qq.com/rain/a/20241101A079VV00

2024-11-02 00:33:59,733 - INFO - EXPIRED
为骗取790万保险金湖南男子杀父 亲属：他是家中独子，从小很受宠
https://new.qq.com/rain/a/20241101A09NNO00

2024-11-02 00:33:59,733 - INFO - EXPIRED
美军：飞行员慌乱中弃机弹射时，F-35战机并未失控
https://new.qq.com/rain/a/20241101A08LNJ00

2024-11-02 00:33:59,733 - INFO - EXPIRED
11月8日起，我国将增加对韩国等9国免签
https://new.qq.com/rain/a/20241101A09F9E00

2024-11-02 00:33:59,733 - INFO - EXPIRED
网友称市人大代表涉嫌年龄造假 湖南警方：属实 已呈请户籍所在地纠正
https://new.qq.com/rain/a/20241101A09VTV00

2024-11-02 00:33:59,733 - INFO - EXPIRED
北京楼市新政满月：李嘉诚楼盘8折甩卖遭疯抢，一居室学区房涨了80万
https://new.qq.com/rain/a/20241101A06S7100

2024-11-02 00:33:59,733 - INFO - EXPIRED
湖南13岁女孩遭强迫卖淫：3名公职人员获刑 其中一人系乡镇人大副主席
https://new.qq.com/rain/a/20241101A08KR300

2024-11-02 00:33:59,733 - INFO - EXPIRED
廖一恒：大选前，美国媒体纷纷做出一个“违背祖宗”的决定
https://new.qq.com/rain/a/20241101A05YQQ00

2024-11-02 00:33:59,733 - INFO - EXPIRED
遇刺5个月后，这国总理来中国了
https://new.qq.com/rain/a/20241101A08M5M00

2024-11-02 00:33:59,733 - INFO - EXPIRED
美国10月非农数据大幅放缓，美联储11月降息25个基点的概率大增
https://new.qq.com/rain/a/20241101A099JF00

2024-11-02 00:33:59,733 - INFO - EXPIRED
A股百亿龙头惊现内斗！总经理社交媒体连续发文，直指董事长
https://new.qq.com/rain/a/20241101A08HPP00

2024-11-02 00:33:59,733 - INFO - EXPIRED
法治在线丨悲惨身世全是假的！网红“小小”卖惨牟利被抓 细节披露
https://new.qq.com/rain/a/20241101A0656Q00

2024-11-02 00:33:59,733 - INFO - EXPIRED
同济大学正在研究《三体》中提到的“水滴”类似物的性质，有望复刻出“水滴”吗？
https://view.inews.qq.com/a/20241101Q07K1X00

2024-11-02 00:33:59,733 - INFO - EXPIRED
侠客岛：保台？美国只是把台湾当超级提款机
https://new.qq.com/rain/a/20241101A08PW100

2024-11-02 00:33:59,733 - INFO - EXPIRED
泽连斯基：袭击库尔斯克是出于“外交目的”
https://new.qq.com/rain/a/20241101A05EDN00

2024-11-02 00:33:59,733 - INFO - EXPIRED
印度这只股票一天暴涨6.69万倍，创全球纪录！全球最牛股市却面临熄火
https://new.qq.com/rain/a/20241101A05UTK00

2024-11-02 00:33:59,733 - INFO - EXPIRED
被中方制裁后，这家美无人机厂商向美政府“喊疼”
https://new.qq.com/rain/a/20241101A01IAQ00

2024-11-02 00:33:59,733 - INFO - EXPIRED
苏州北站一乘客下站台捡行李逼停列车？官方：其不慎跌入股道，无大碍
https://new.qq.com/rain/a/20241101A07O6200

2024-11-02 00:33:59,733 - INFO - EXPIRED
网友自称是“余华英卖掉的儿子”？警方：可以采血，无证据不要乱说
https://new.qq.com/rain/a/20241101A085MK00

2024-11-02 00:33:59,733 - INFO - EXPIRED
副省级赵金云、正厅级包东红先后被查，政坛还有这些落马夫妻档
https://new.qq.com/rain/a/20241101A06TKX00

2024-11-02 00:33:59,733 - INFO - EXPIRED
一公务员突发疾病抢救超48小时后死亡 不被认定工伤 家属申请检察监督
https://new.qq.com/rain/a/20241101A062UB00

2024-11-02 00:33:59,733 - INFO - EXPIRED
“姐姐为弟追凶27年”案被告人翻供：自己扶男孩时，对方滑到了刀口上
https://new.qq.com/rain/a/20241101A06IZT00

2024-11-02 00:33:59,733 - INFO - EXPIRED
陈梦：我靠竞争得到奥运单打资格光明磊落，不害怕攻击和议论
https://new.qq.com/rain/a/20241101A05K5M00

2024-11-02 00:33:59,734 - INFO - EXPIRED
杭州数十名登山者擅闯别墅泳池洗鞋，赛事主办方“菜刀”言论被质疑
https://new.qq.com/rain/a/20241101A041K200

2024-11-02 00:33:59,734 - INFO - EXPIRED
索赔100亿美元！特朗普起诉美国哥伦比亚广播公司 称其“偏袒”哈里斯
https://new.qq.com/rain/a/20241101A073S900

2024-11-02 00:33:59,734 - INFO - EXPIRED
禁毒警被控走私毒品罪开庭，专家：是否出于工作目的或成构罪关键
https://new.qq.com/rain/a/20241101A03U3M00

2024-11-02 00:33:59,734 - INFO - EXPIRED
史上首次！台司法机构行政主事者全出缺，代理负责人由赖清德指派
https://new.qq.com/rain/a/20241101A02ZXC00

2024-11-02 00:33:59,734 - INFO - EXPIRED
库克透露iPhone16系列销量好于前两代产品，为何销量这么好？比竞品领先很多吗？
https://view.inews.qq.com/a/20241101Q02ERJ00

2024-11-02 00:33:59,734 - INFO - EXPIRED
雄鹿新赛季1胜4负开局，哪里出了问题？里弗斯会下课吗？
https://view.inews.qq.com/a/20241101Q036IN00

2024-11-02 00:33:59,734 - INFO - EXPIRED
中方决定给予斯洛伐克公民15天免签入境中国待遇
https://new.qq.com/rain/a/20241101A07GA600

2024-11-02 00:33:59,734 - INFO - EXPIRED
王健林继续出售境外资产！1.6亿英镑卖掉英国游艇制造商，曾3.2亿英镑购入
https://new.qq.com/rain/a/20241101A068XW00

2024-11-02 00:33:59,734 - INFO - EXPIRED
吴秀波成“老赖”，事涉“司马懿”的糊涂账
https://new.qq.com/rain/a/20241101A069LH00

2024-11-02 00:33:59,734 - INFO - EXPIRED
美媒发现中国双航母编队“亮点”：歼-15B和歼-15D已经服役
https://new.qq.com/rain/a/20241101A04MOE00

2024-11-02 00:33:59,734 - INFO - EXPIRED
柯文哲还要再被羁押2个月，法院：他仍有串证、灭证可能
https://new.qq.com/rain/a/20241101A06R5L00

2024-11-02 00:33:59,734 - INFO - EXPIRED
河南宁陵县通报120司机与产科医生涉嫌贩婴：4人被采取刑事强制措施
https://new.qq.com/rain/a/20241101A064UB00

2024-11-02 00:33:59,734 - INFO - EXPIRED
国务院国资委原副部长级干部骆玉林受贿、内幕交易案一审开庭
https://new.qq.com/rain/a/20241101A06R7V00

2024-11-02 00:33:59,734 - INFO - EXPIRED
印度向德国抱怨：中国不卖我们盾构机
https://new.qq.com/rain/a/20241101A01FTM00

2024-11-02 00:33:59,734 - INFO - EXPIRED
针对中国？欧日将签署安全与防卫伙伴关系协议，外交部回应
https://new.qq.com/rain/a/20241101A05QSP00

2024-11-02 00:33:59,734 - INFO - EXPIRED
姐姐为亡弟追凶20余年：一审检方建议死刑，法院将择期宣判
https://new.qq.com/rain/a/20241101A04YGZ00

2024-11-02 00:33:59,734 - INFO - EXPIRED
中方扣押越南渔民渔船？外交部：敦促越方加强对本国渔民教育管理
https://new.qq.com/rain/a/20241101A05SAC00

2024-11-02 00:33:59,734 - INFO - EXPIRED
李静已任国家体育总局副局长
https://new.qq.com/rain/a/20241101A05V3G00

2024-11-02 00:33:59,734 - INFO - EXPIRED
河南一县医院120司机与产科前主任勾结贩婴？打拐志愿者：或涉5名女婴
https://new.qq.com/rain/a/20241101A04BZT00

2024-11-02 00:33:59,734 - INFO - EXPIRED
广西南宁一公交车发生交通事故 医院称有9人送医
https://new.qq.com/rain/a/20241101A04L0Z00

2024-11-02 00:33:59,734 - INFO - EXPIRED
阿富汗塔利班禁止女性在公共场合说话，电视新闻女主播须佩戴口罩出镜
https://new.qq.com/rain/a/20241101A03OF600

2024-11-02 00:33:59,734 - INFO - EXPIRED
天津一中学生被十几名同学拳打脚踢，致腰椎骨折？教育局称警方已介入
https://new.qq.com/rain/a/20241101A036NX00

2024-11-02 00:33:59,734 - INFO - EXPIRED
哈里斯称做好特朗普提前宣布胜选准备，这些准备可能是什么？特朗普会提前宣布吗？
https://view.inews.qq.com/a/20241101Q03SNE00

2024-11-02 00:33:59,734 - INFO - EXPIRED
法院回应“判决书写错时间4年刑期变3年”：案件承办人被记大过处分，向当事人和家属道歉
https://new.qq.com/rain/a/20241101A04G3V00

2024-11-02 00:33:59,734 - INFO - EXPIRED
新电动车新国标限速25公里，外卖会变慢吗？能像查机动车那样查超速吗？
https://view.inews.qq.com/a/20241101Q02UTJ00

2024-11-02 00:33:59,734 - INFO - EXPIRED
男子拿刀威胁、家暴妻子，警方下家暴告诫书，只能告诫吗？不属于故意伤害吗？
https://view.inews.qq.com/a/20241101Q02VY300

2024-11-02 00:33:59,734 - INFO - EXPIRED
全国第1张火车票电子发票今日开出，“纸质火车票成为历史”引热议
https://new.qq.com/rain/a/20241101A03ZUH00

2024-11-02 00:33:59,734 - INFO - EXPIRED
俄政府对谷歌35位天文数字罚款，这个数该怎么念？这种天价罚款有何意义？
https://view.inews.qq.com/a/20241101Q02NF100

2024-11-02 00:33:59,734 - INFO - EXPIRED
A股带川字就涨、川大智胜翻倍，特朗普概念明明很离谱，为何还有很多资金去炒？
https://view.inews.qq.com/a/20241101Q04GPF00

2024-11-02 00:33:59,734 - INFO - EXPIRED
女子在广西白龙洞潜水溺亡，潜水项目负责人：她不听劝阻擅自下水
https://new.qq.com/rain/a/20241031A09HUM00

2024-11-02 00:33:59,734 - INFO - EXPIRED
监督法修正草案：明确各级人大常委会应当对政府债务进行监督
https://new.qq.com/rain/a/20241101A03E1F00

2024-11-02 00:33:59,734 - INFO - EXPIRED
河南男子投千万建厂遇办证难，状告市监局胜诉后仍未拿到证，当地通报
https://new.qq.com/rain/a/20241101A00ZOZ00

2024-11-02 00:33:59,734 - INFO - EXPIRED
中国代表在联合国安理会会议上主动出击，“先来说一说美国”
https://new.qq.com/rain/a/20241101A016GR00

2024-11-02 00:33:59,734 - INFO - EXPIRED
我国制造业领域外资准入限制措施今天起全面取消
https://new.qq.com/rain/a/20241101A044OQ00

2024-11-02 00:33:59,734 - INFO - EXPIRED
苹果财报电话会精华版：苹果开启“创新之年” 中国市场表现平稳
https://new.qq.com/rain/a/20241101A03LXS00

2024-11-02 00:33:59,734 - INFO - EXPIRED
大举撤出商场，餐饮业还有没有出路？
https://new.qq.com/rain/a/20241101A03U2000

2024-11-02 00:33:59,734 - INFO - EXPIRED
宁德时代董事局主席曾毓群斥资逾3000万港元在港买楼
https://new.qq.com/rain/a/20241101A017MO00

2024-11-02 00:33:59,734 - INFO - EXPIRED
结婚要花10万给前夫做法事烧“婚床”？女友消失，男子醒悟后报警
https://new.qq.com/rain/a/20241031A0ADWB00

2024-11-02 00:33:59,734 - INFO - EXPIRED
准备好了！11月4日迎接神十八航天员回家
https://new.qq.com/rain/a/20241101A02UJZ00

2024-11-02 00:33:59,734 - INFO - EXPIRED
在缅甸“背货”一趟赚10万？16岁少年失联2个月，父亲怀疑儿子被控制
https://new.qq.com/rain/a/20241031A09WVV00

2024-11-02 00:33:59,734 - INFO - EXPIRED
野猪泛滥，庄稼遭殃，农民杀不得又赶不走，“野猪灾”给农民带来了多大危害？
https://view.inews.qq.com/a/20241030Q0958U00

2024-11-02 00:33:59,734 - INFO - EXPIRED
明查｜德国外长近日访华遭冷落无人接机？不实
https://new.qq.com/rain/a/20241101A00TG000

2024-11-02 00:33:59,734 - INFO - EXPIRED
保卫科副科长一路升任“一把手”，四川一“落马”医院院长履历引热议
https://new.qq.com/rain/a/20241031A088DF00

2024-11-02 00:33:59,734 - INFO - EXPIRED
审议学前教育法草案等 十四届全国人大常委会第十二次会议将举行
https://new.qq.com/rain/a/20241101A036L200

2024-11-02 00:33:59,734 - INFO - EXPIRED
商务部：将会同相关部门推出一批消费领域新政策
https://new.qq.com/rain/a/20241101A02YGI00

2024-11-02 00:33:59,734 - INFO - EXPIRED
事关你的“电驴” 今天起强制执行这些上路要求
https://new.qq.com/rain/a/20241101A0164X00

2024-11-02 00:33:59,734 - INFO - EXPIRED
11月起，这些新规施行 ：事关房贷利率、火车票报销等
https://new.qq.com/rain/a/20241101A00Y2I00

2024-11-02 00:33:59,734 - INFO - EXPIRED
全国人大常委会法工委：我国拟立法强化对幼儿园周边治安监管
https://new.qq.com/rain/a/20241101A02KEF00

2024-11-02 00:33:59,734 - INFO - EXPIRED
男子组织多名十三四岁少女有偿陪侍获刑6个月，这刑期是否太短？是否涉嫌组织卖淫罪？
https://view.inews.qq.com/a/20241031Q01PCZ00

2024-11-02 00:33:59,734 - INFO - EXPIRED
“双减”之后，非学科类培训的春天来了吗
https://new.qq.com/rain/a/20241101A01EVW00

2024-11-02 00:33:59,734 - INFO - EXPIRED
10月财新中国制造业PMI升至50.3 重回扩张区间
https://new.qq.com/rain/a/20241101A0205Z00

2024-11-02 00:33:59,734 - INFO - EXPIRED
湖南衡州监狱原监狱长冯加业被移送审查起诉，曾耗资上千万搞形象工程
https://new.qq.com/rain/a/20241031A08PJZ00

2024-11-02 00:33:59,734 - INFO - EXPIRED
上海长途公交单程90公里99个站点，司机乘务员得在外过夜，这种公交有必要保留吗？
https://view.inews.qq.com/a/20241031Q0563000

2024-11-02 00:33:59,734 - INFO - EXPIRED
北京大雾！这个时节华北为何大雾频发？凌晨到日出前后最浓厚
https://new.qq.com/rain/a/20241101V021Z400

2024-11-02 00:33:59,734 - INFO - EXPIRED
新晋视后赵丽颖：和辛芷蕾搭档好有安全感，爬长城十分艰难手脚并用！
https://new.qq.com/rain/a/20241031V09ET700

2024-11-02 00:33:59,734 - INFO - EXPIRED
巴西总统取消参加APEC领导人会议行程，此前在家中发生意外头部受伤
https://new.qq.com/rain/a/20241101A00TLM00

2024-11-02 00:33:59,734 - INFO - EXPIRED
华为前三季度利润下滑，任正非评价当下状况：我们还在挣扎中
https://new.qq.com/rain/a/20241031A0A5IH00

2024-11-02 00:33:59,734 - INFO - EXPIRED
德国关闭伊朗驻德三处领事馆，伊朗外交部：强烈抗议
https://new.qq.com/rain/a/20241101A00ZTE00

2024-11-02 00:33:59,734 - INFO - EXPIRED
“为弟追凶27年”姐姐重回案发地，亲历者：凶手带刀到教室喊走受害人
https://new.qq.com/rain/a/20241031A09OH000

2024-11-02 00:33:59,735 - INFO - EXPIRED
小米汽车：10月小米SU7交付量超过20000台
https://new.qq.com/rain/a/20241101A013PV00

2024-11-02 00:34:00,413 - INFO - INVALID
黑龙江一列车行驶中脱轨，多节车厢倾斜乘客被疏散，官方通报
https://new.qq.com/rain/a/20241102A0000U00

2024-11-02 00:34:00,425 - INFO - INVALID
明查｜金融大鳄索罗斯接受乌克兰军人的心脏移植？
https://new.qq.com/rain/a/20241102A014R200

2024-11-02 00:34:00,430 - INFO - INVALID
印媒：中印两国决定脱离接触和协调巡逻后，印军重启巡逻
https://new.qq.com/rain/a/20241102A00YY000

2024-11-02 00:34:00,486 - INFO - INVALID
塞尔维亚火车站顶棚坍塌已致14死，总统武契奇发声
https://new.qq.com/rain/a/20241102A00VTG00

2024-11-02 00:34:00,490 - INFO - INVALID
多地发布新一轮生育意愿调查报告：还有哪些痛点？现行政策奏效吗？
https://new.qq.com/rain/a/20241102A0131A00

2024-11-02 00:34:00,962 - INFO - INVALID
泽连斯基：无论美国大选结果如何 乌克兰都不会割让领土
https://new.qq.com/rain/a/20241102A00KXW00

2024-11-02 00:34:01,119 - INFO - INVALID
朝鲜外务省：将继续加强遏制敌对势力军事威胁
https://new.qq.com/rain/a/20241102A00X8R00

2024-11-02 00:34:01,270 - INFO - INVALID
美股收盘：三大指数集体反弹 “个位数”非农确保降息路径
https://new.qq.com/rain/a/20241102A00VAM00

2024-11-02 00:34:01,288 - INFO - INVALID
芯片巨头替换：英伟达将被纳入道指，取代英特尔
https://new.qq.com/rain/a/20241102A00X3W00

2024-11-02 02:08:22,867 - INFO - EXPIRED
土地权属不明、拖欠农民工工资，江西景德镇投资60亿的产业园被曝烂尾
https://new.qq.com/rain/a/20241101A09HM700

2024-11-02 02:08:22,867 - INFO - EXPIRED
家电退换需有原包装，这种规定是否合理？买新家电原包装要留多久？
https://view.inews.qq.com/a/20241101Q07Q3A00

2024-11-02 02:08:22,867 - INFO - EXPIRED
印度一只小盘股一天暴涨6692535%，这是家什么公司？类似的暴涨在印度股市常见吗？
https://view.inews.qq.com/a/20241101Q04RTS00

2024-11-02 02:08:22,867 - INFO - EXPIRED
弟弟遇害，她追凶20多年，两次险被卖
https://new.qq.com/rain/a/20241101A090FH00

2024-11-02 02:08:22,867 - INFO - EXPIRED
一县级市中学年薪50万招老师 干6年送120㎡住房 47名北大等名校生获聘
https://new.qq.com/rain/a/20241101A095RW00

2024-11-02 02:08:22,867 - INFO - EXPIRED
两个月大婴儿嗜睡太反常，学医出身宝爸宝妈怀疑育婴师给娃喂安眠药，48岁阿姨称若有证据甘愿坐牢
https://new.qq.com/rain/a/20241101A079VV00

2024-11-02 02:08:22,867 - INFO - EXPIRED
湖南一地在水源上方建化粪池？官方：系污水处理厂，在与村民沟通解决
https://new.qq.com/rain/a/20241101A09JDU00

2024-11-02 02:08:22,867 - INFO - EXPIRED
山西吕梁女性35岁前初婚奖励1500元？当地民政局：资金预算尚未到位
https://new.qq.com/rain/a/20241101A07HE400

2024-11-02 02:08:22,867 - INFO - EXPIRED
地方政府齐待化债方案，有财政局长奔赴省厅为给上级“加深点印象”
https://new.qq.com/rain/a/20241101A09ZUH00

2024-11-02 02:08:22,867 - INFO - EXPIRED
国企校招公示出现民办学院英文名引争议，官方：系填错，学生受网暴
https://new.qq.com/rain/a/20241101A07VWP00

2024-11-02 02:08:22,867 - INFO - EXPIRED
下周迎重磅定调！三件大事结果将揭晓，牵动全球投资者神经
https://new.qq.com/rain/a/20241101A09F8R00

2024-11-02 02:08:22,867 - INFO - EXPIRED
为骗取790万保险金湖南男子杀父 亲属：他是家中独子，从小很受宠
https://new.qq.com/rain/a/20241101A09NNO00

2024-11-02 02:08:22,867 - INFO - EXPIRED
美军：飞行员慌乱中弃机弹射时，F-35战机并未失控
https://new.qq.com/rain/a/20241101A08LNJ00

2024-11-02 02:08:22,867 - INFO - EXPIRED
11月8日起，我国将增加对韩国等9国免签
https://new.qq.com/rain/a/20241101A09F9E00

2024-11-02 02:08:22,867 - INFO - EXPIRED
网友称市人大代表涉嫌年龄造假 湖南警方：属实 已呈请户籍所在地纠正
https://new.qq.com/rain/a/20241101A09VTV00

2024-11-02 02:08:22,867 - INFO - EXPIRED
北京楼市新政满月：李嘉诚楼盘8折甩卖遭疯抢，一居室学区房涨了80万
https://new.qq.com/rain/a/20241101A06S7100

2024-11-02 02:08:22,867 - INFO - EXPIRED
湖南13岁女孩遭强迫卖淫：3名公职人员获刑 其中一人系乡镇人大副主席
https://new.qq.com/rain/a/20241101A08KR300

2024-11-02 02:08:22,867 - INFO - EXPIRED
廖一恒：大选前，美国媒体纷纷做出一个“违背祖宗”的决定
https://new.qq.com/rain/a/20241101A05YQQ00

2024-11-02 02:08:22,867 - INFO - EXPIRED
遇刺5个月后，这国总理来中国了
https://new.qq.com/rain/a/20241101A08M5M00

2024-11-02 02:08:22,867 - INFO - EXPIRED
美国10月非农数据大幅放缓，美联储11月降息25个基点的概率大增
https://new.qq.com/rain/a/20241101A099JF00

2024-11-02 02:08:22,867 - INFO - EXPIRED
A股百亿龙头惊现内斗！总经理社交媒体连续发文，直指董事长
https://new.qq.com/rain/a/20241101A08HPP00

2024-11-02 02:08:22,867 - INFO - EXPIRED
法治在线丨悲惨身世全是假的！网红“小小”卖惨牟利被抓 细节披露
https://new.qq.com/rain/a/20241101A0656Q00

2024-11-02 02:08:22,867 - INFO - EXPIRED
同济大学正在研究《三体》中提到的“水滴”类似物的性质，有望复刻出“水滴”吗？
https://view.inews.qq.com/a/20241101Q07K1X00

2024-11-02 02:08:22,867 - INFO - EXPIRED
侠客岛：保台？美国只是把台湾当超级提款机
https://new.qq.com/rain/a/20241101A08PW100

2024-11-02 02:08:22,867 - INFO - EXPIRED
泽连斯基：袭击库尔斯克是出于“外交目的”
https://new.qq.com/rain/a/20241101A05EDN00

2024-11-02 02:08:22,867 - INFO - EXPIRED
印度这只股票一天暴涨6.69万倍，创全球纪录！全球最牛股市却面临熄火
https://new.qq.com/rain/a/20241101A05UTK00

2024-11-02 02:08:22,867 - INFO - EXPIRED
被中方制裁后，这家美无人机厂商向美政府“喊疼”
https://new.qq.com/rain/a/20241101A01IAQ00

2024-11-02 02:08:22,867 - INFO - EXPIRED
苏州北站一乘客下站台捡行李逼停列车？官方：其不慎跌入股道，无大碍
https://new.qq.com/rain/a/20241101A07O6200

2024-11-02 02:08:22,867 - INFO - EXPIRED
网友自称是“余华英卖掉的儿子”？警方：可以采血，无证据不要乱说
https://new.qq.com/rain/a/20241101A085MK00

2024-11-02 02:08:22,867 - INFO - EXPIRED
副省级赵金云、正厅级包东红先后被查，政坛还有这些落马夫妻档
https://new.qq.com/rain/a/20241101A06TKX00

2024-11-02 02:08:22,867 - INFO - EXPIRED
一公务员突发疾病抢救超48小时后死亡 不被认定工伤 家属申请检察监督
https://new.qq.com/rain/a/20241101A062UB00

2024-11-02 02:08:22,867 - INFO - EXPIRED
“姐姐为弟追凶27年”案被告人翻供：自己扶男孩时，对方滑到了刀口上
https://new.qq.com/rain/a/20241101A06IZT00

2024-11-02 02:08:22,867 - INFO - EXPIRED
陈梦：我靠竞争得到奥运单打资格光明磊落，不害怕攻击和议论
https://new.qq.com/rain/a/20241101A05K5M00

2024-11-02 02:08:22,868 - INFO - EXPIRED
杭州数十名登山者擅闯别墅泳池洗鞋，赛事主办方“菜刀”言论被质疑
https://new.qq.com/rain/a/20241101A041K200

2024-11-02 02:08:22,868 - INFO - EXPIRED
索赔100亿美元！特朗普起诉美国哥伦比亚广播公司 称其“偏袒”哈里斯
https://new.qq.com/rain/a/20241101A073S900

2024-11-02 02:08:22,868 - INFO - EXPIRED
禁毒警被控走私毒品罪开庭，专家：是否出于工作目的或成构罪关键
https://new.qq.com/rain/a/20241101A03U3M00

2024-11-02 02:08:22,868 - INFO - EXPIRED
史上首次！台司法机构行政主事者全出缺，代理负责人由赖清德指派
https://new.qq.com/rain/a/20241101A02ZXC00

2024-11-02 02:08:22,868 - INFO - EXPIRED
库克透露iPhone16系列销量好于前两代产品，为何销量这么好？比竞品领先很多吗？
https://view.inews.qq.com/a/20241101Q02ERJ00

2024-11-02 02:08:22,868 - INFO - EXPIRED
雄鹿新赛季1胜4负开局，哪里出了问题？里弗斯会下课吗？
https://view.inews.qq.com/a/20241101Q036IN00

2024-11-02 02:08:22,868 - INFO - EXPIRED
中方决定给予斯洛伐克公民15天免签入境中国待遇
https://new.qq.com/rain/a/20241101A07GA600

2024-11-02 02:08:22,868 - INFO - EXPIRED
王健林继续出售境外资产！1.6亿英镑卖掉英国游艇制造商，曾3.2亿英镑购入
https://new.qq.com/rain/a/20241101A068XW00

2024-11-02 02:08:22,868 - INFO - EXPIRED
吴秀波成“老赖”，事涉“司马懿”的糊涂账
https://new.qq.com/rain/a/20241101A069LH00

2024-11-02 02:08:22,868 - INFO - EXPIRED
美媒发现中国双航母编队“亮点”：歼-15B和歼-15D已经服役
https://new.qq.com/rain/a/20241101A04MOE00

2024-11-02 02:08:22,868 - INFO - EXPIRED
柯文哲还要再被羁押2个月，法院：他仍有串证、灭证可能
https://new.qq.com/rain/a/20241101A06R5L00

2024-11-02 02:08:22,868 - INFO - EXPIRED
河南宁陵县通报120司机与产科医生涉嫌贩婴：4人被采取刑事强制措施
https://new.qq.com/rain/a/20241101A064UB00

2024-11-02 02:08:22,868 - INFO - EXPIRED
国务院国资委原副部长级干部骆玉林受贿、内幕交易案一审开庭
https://new.qq.com/rain/a/20241101A06R7V00

2024-11-02 02:08:22,868 - INFO - EXPIRED
印度向德国抱怨：中国不卖我们盾构机
https://new.qq.com/rain/a/20241101A01FTM00

2024-11-02 02:08:22,868 - INFO - EXPIRED
针对中国？欧日将签署安全与防卫伙伴关系协议，外交部回应
https://new.qq.com/rain/a/20241101A05QSP00

2024-11-02 02:08:22,868 - INFO - EXPIRED
姐姐为亡弟追凶20余年：一审检方建议死刑，法院将择期宣判
https://new.qq.com/rain/a/20241101A04YGZ00

2024-11-02 02:08:22,868 - INFO - EXPIRED
中方扣押越南渔民渔船？外交部：敦促越方加强对本国渔民教育管理
https://new.qq.com/rain/a/20241101A05SAC00

2024-11-02 02:08:22,868 - INFO - EXPIRED
李静已任国家体育总局副局长
https://new.qq.com/rain/a/20241101A05V3G00

2024-11-02 02:08:22,868 - INFO - EXPIRED
河南一县医院120司机与产科前主任勾结贩婴？打拐志愿者：或涉5名女婴
https://new.qq.com/rain/a/20241101A04BZT00

2024-11-02 02:08:22,868 - INFO - EXPIRED
广西南宁一公交车发生交通事故 医院称有9人送医
https://new.qq.com/rain/a/20241101A04L0Z00

2024-11-02 02:08:22,868 - INFO - EXPIRED
阿富汗塔利班禁止女性在公共场合说话，电视新闻女主播须佩戴口罩出镜
https://new.qq.com/rain/a/20241101A03OF600

2024-11-02 02:08:22,868 - INFO - EXPIRED
天津一中学生被十几名同学拳打脚踢，致腰椎骨折？教育局称警方已介入
https://new.qq.com/rain/a/20241101A036NX00

2024-11-02 02:08:22,868 - INFO - EXPIRED
哈里斯称做好特朗普提前宣布胜选准备，这些准备可能是什么？特朗普会提前宣布吗？
https://view.inews.qq.com/a/20241101Q03SNE00

2024-11-02 02:08:22,868 - INFO - EXPIRED
法院回应“判决书写错时间4年刑期变3年”：案件承办人被记大过处分，向当事人和家属道歉
https://new.qq.com/rain/a/20241101A04G3V00

2024-11-02 02:08:22,868 - INFO - EXPIRED
新电动车新国标限速25公里，外卖会变慢吗？能像查机动车那样查超速吗？
https://view.inews.qq.com/a/20241101Q02UTJ00

2024-11-02 02:08:22,868 - INFO - EXPIRED
男子拿刀威胁、家暴妻子，警方下家暴告诫书，只能告诫吗？不属于故意伤害吗？
https://view.inews.qq.com/a/20241101Q02VY300

2024-11-02 02:08:22,868 - INFO - EXPIRED
全国第1张火车票电子发票今日开出，“纸质火车票成为历史”引热议
https://new.qq.com/rain/a/20241101A03ZUH00

2024-11-02 02:08:22,868 - INFO - EXPIRED
俄政府对谷歌35位天文数字罚款，这个数该怎么念？这种天价罚款有何意义？
https://view.inews.qq.com/a/20241101Q02NF100

2024-11-02 02:08:22,868 - INFO - EXPIRED
A股带川字就涨、川大智胜翻倍，特朗普概念明明很离谱，为何还有很多资金去炒？
https://view.inews.qq.com/a/20241101Q04GPF00

2024-11-02 02:08:22,868 - INFO - EXPIRED
女子在广西白龙洞潜水溺亡，潜水项目负责人：她不听劝阻擅自下水
https://new.qq.com/rain/a/20241031A09HUM00

2024-11-02 02:08:22,868 - INFO - EXPIRED
监督法修正草案：明确各级人大常委会应当对政府债务进行监督
https://new.qq.com/rain/a/20241101A03E1F00

2024-11-02 02:08:22,868 - INFO - EXPIRED
河南男子投千万建厂遇办证难，状告市监局胜诉后仍未拿到证，当地通报
https://new.qq.com/rain/a/20241101A00ZOZ00

2024-11-02 02:08:22,868 - INFO - EXPIRED
中国代表在联合国安理会会议上主动出击，“先来说一说美国”
https://new.qq.com/rain/a/20241101A016GR00

2024-11-02 02:08:22,868 - INFO - EXPIRED
我国制造业领域外资准入限制措施今天起全面取消
https://new.qq.com/rain/a/20241101A044OQ00

2024-11-02 02:08:22,868 - INFO - EXPIRED
苹果财报电话会精华版：苹果开启“创新之年” 中国市场表现平稳
https://new.qq.com/rain/a/20241101A03LXS00

2024-11-02 02:08:22,868 - INFO - EXPIRED
大举撤出商场，餐饮业还有没有出路？
https://new.qq.com/rain/a/20241101A03U2000

2024-11-02 02:08:22,868 - INFO - EXPIRED
宁德时代董事局主席曾毓群斥资逾3000万港元在港买楼
https://new.qq.com/rain/a/20241101A017MO00

2024-11-02 02:08:22,868 - INFO - EXPIRED
结婚要花10万给前夫做法事烧“婚床”？女友消失，男子醒悟后报警
https://new.qq.com/rain/a/20241031A0ADWB00

2024-11-02 02:08:22,868 - INFO - EXPIRED
准备好了！11月4日迎接神十八航天员回家
https://new.qq.com/rain/a/20241101A02UJZ00

2024-11-02 02:08:22,868 - INFO - EXPIRED
在缅甸“背货”一趟赚10万？16岁少年失联2个月，父亲怀疑儿子被控制
https://new.qq.com/rain/a/20241031A09WVV00

2024-11-02 02:08:22,868 - INFO - EXPIRED
野猪泛滥，庄稼遭殃，农民杀不得又赶不走，“野猪灾”给农民带来了多大危害？
https://view.inews.qq.com/a/20241030Q0958U00

2024-11-02 02:08:22,868 - INFO - EXPIRED
明查｜德国外长近日访华遭冷落无人接机？不实
https://new.qq.com/rain/a/20241101A00TG000

2024-11-02 02:08:22,868 - INFO - EXPIRED
保卫科副科长一路升任“一把手”，四川一“落马”医院院长履历引热议
https://new.qq.com/rain/a/20241031A088DF00

2024-11-02 02:08:22,868 - INFO - EXPIRED
审议学前教育法草案等 十四届全国人大常委会第十二次会议将举行
https://new.qq.com/rain/a/20241101A036L200

2024-11-02 02:08:22,868 - INFO - EXPIRED
商务部：将会同相关部门推出一批消费领域新政策
https://new.qq.com/rain/a/20241101A02YGI00

2024-11-02 02:08:22,868 - INFO - EXPIRED
事关你的“电驴” 今天起强制执行这些上路要求
https://new.qq.com/rain/a/20241101A0164X00

2024-11-02 02:08:22,868 - INFO - EXPIRED
11月起，这些新规施行 ：事关房贷利率、火车票报销等
https://new.qq.com/rain/a/20241101A00Y2I00

2024-11-02 02:08:22,868 - INFO - EXPIRED
全国人大常委会法工委：我国拟立法强化对幼儿园周边治安监管
https://new.qq.com/rain/a/20241101A02KEF00

2024-11-02 02:08:22,868 - INFO - EXPIRED
男子组织多名十三四岁少女有偿陪侍获刑6个月，这刑期是否太短？是否涉嫌组织卖淫罪？
https://view.inews.qq.com/a/20241031Q01PCZ00

2024-11-02 02:08:22,868 - INFO - EXPIRED
“双减”之后，非学科类培训的春天来了吗
https://new.qq.com/rain/a/20241101A01EVW00

2024-11-02 02:08:22,868 - INFO - EXPIRED
10月财新中国制造业PMI升至50.3 重回扩张区间
https://new.qq.com/rain/a/20241101A0205Z00

2024-11-02 02:08:22,868 - INFO - EXPIRED
湖南衡州监狱原监狱长冯加业被移送审查起诉，曾耗资上千万搞形象工程
https://new.qq.com/rain/a/20241031A08PJZ00

2024-11-02 02:08:22,868 - INFO - EXPIRED
上海长途公交单程90公里99个站点，司机乘务员得在外过夜，这种公交有必要保留吗？
https://view.inews.qq.com/a/20241031Q0563000

2024-11-02 02:08:22,868 - INFO - EXPIRED
北京大雾！这个时节华北为何大雾频发？凌晨到日出前后最浓厚
https://new.qq.com/rain/a/20241101V021Z400

2024-11-02 02:08:22,868 - INFO - EXPIRED
新晋视后赵丽颖：和辛芷蕾搭档好有安全感，爬长城十分艰难手脚并用！
https://new.qq.com/rain/a/20241031V09ET700

2024-11-02 02:08:22,868 - INFO - EXPIRED
巴西总统取消参加APEC领导人会议行程，此前在家中发生意外头部受伤
https://new.qq.com/rain/a/20241101A00TLM00

2024-11-02 02:08:23,708 - INFO - INVALID
重庆一农行女员工跳河轻生，家属称死者生前被银行恐吓？涉事银行回应
https://new.qq.com/rain/a/20241102A01CQE00

2024-11-02 02:08:23,717 - INFO - INVALID
印媒：中印两国决定脱离接触和协调巡逻后，印军重启巡逻
https://new.qq.com/rain/a/20241102A00YY000

2024-11-02 02:08:23,722 - INFO - INVALID
明查｜金融大鳄索罗斯接受乌克兰军人的心脏移植？
https://new.qq.com/rain/a/20241102A014R200

2024-11-02 02:08:23,732 - INFO - INVALID
多地发布新一轮生育意愿调查报告：还有哪些痛点？现行政策奏效吗？
https://new.qq.com/rain/a/20241102A0131A00

2024-11-02 02:08:23,761 - ERROR - ERROR
湖南一女子被拘禁杂物间近5年，遭强奸产女，男子获刑15年
https://new.qq.com/rain/a/20241102V01Z0T00
('list index out of range',)
======
Traceback (most recent call last):
  File "/home/runner/work/qqnews/qqnews/qq.py", line 81, in process_article
    ss = str(tmpbs.select("div.LEFT div.content.clearfix")[0])
             ~~~~~~~~~~~~~~~~~~~~~~~~~~~~~~~~~~~~~~~~~~~~~^^^
IndexError: list index out of range


2024-11-02 02:08:24,373 - INFO - INVALID
泽连斯基：无论美国大选结果如何 乌克兰都不会割让领土
https://new.qq.com/rain/a/20241102A00KXW00

2024-11-02 02:08:24,412 - INFO - INVALID
塞尔维亚火车站顶棚坍塌已致14死，总统武契奇发声
https://new.qq.com/rain/a/20241102A00VTG00

2024-11-02 02:08:24,429 - INFO - INVALID
芯片巨头替换：英伟达将被纳入道指，取代英特尔
https://new.qq.com/rain/a/20241102A00X3W00

2024-11-02 02:08:24,458 - INFO - INVALID
美股收盘：三大指数集体反弹 “个位数”非农确保降息路径
https://new.qq.com/rain/a/20241102A00VAM00

2024-11-02 02:08:24,639 - INFO - INVALID
黑龙江一列车行驶中脱轨，多节车厢倾斜乘客被疏散，官方通报
https://new.qq.com/rain/a/20241102A0000U00

2024-11-02 02:08:25,040 - INFO - INVALID
朝鲜外务省：将继续加强遏制敌对势力军事威胁
https://new.qq.com/rain/a/20241102A00X8R00

2024-11-02 03:12:40,160 - INFO - EXPIRED
弟弟遇害，她追凶20多年，两次险被卖
https://new.qq.com/rain/a/20241101A090FH00

2024-11-02 03:12:40,160 - INFO - EXPIRED
一县级市中学年薪50万招老师 干6年送120㎡住房 47名北大等名校生获聘
https://new.qq.com/rain/a/20241101A095RW00

2024-11-02 03:12:40,160 - INFO - EXPIRED
两个月大婴儿嗜睡太反常，学医出身宝爸宝妈怀疑育婴师给娃喂安眠药，48岁阿姨称若有证据甘愿坐牢
https://new.qq.com/rain/a/20241101A079VV00

2024-11-02 03:12:40,160 - INFO - EXPIRED
土地权属不明、拖欠农民工工资，江西景德镇投资60亿的产业园被曝烂尾
https://new.qq.com/rain/a/20241101A09HM700

2024-11-02 03:12:40,160 - INFO - EXPIRED
印度一只小盘股一天暴涨6692535%，这是家什么公司？类似的暴涨在印度股市常见吗？
https://view.inews.qq.com/a/20241101Q04RTS00

2024-11-02 03:12:40,160 - INFO - EXPIRED
湖南一地在水源上方建化粪池？官方：系污水处理厂，在与村民沟通解决
https://new.qq.com/rain/a/20241101A09JDU00

2024-11-02 03:12:40,160 - INFO - EXPIRED
山西吕梁女性35岁前初婚奖励1500元？当地民政局：资金预算尚未到位
https://new.qq.com/rain/a/20241101A07HE400

2024-11-02 03:12:40,160 - INFO - EXPIRED
地方政府齐待化债方案，有财政局长奔赴省厅为给上级“加深点印象”
https://new.qq.com/rain/a/20241101A09ZUH00

2024-11-02 03:12:40,160 - INFO - EXPIRED
国企校招公示出现民办学院英文名引争议，官方：系填错，学生受网暴
https://new.qq.com/rain/a/20241101A07VWP00

2024-11-02 03:12:40,160 - INFO - EXPIRED
下周迎重磅定调！三件大事结果将揭晓，牵动全球投资者神经
https://new.qq.com/rain/a/20241101A09F8R00

2024-11-02 03:12:40,160 - INFO - EXPIRED
为骗取790万保险金湖南男子杀父 亲属：他是家中独子，从小很受宠
https://new.qq.com/rain/a/20241101A09NNO00

2024-11-02 03:12:40,161 - INFO - EXPIRED
美军：飞行员慌乱中弃机弹射时，F-35战机并未失控
https://new.qq.com/rain/a/20241101A08LNJ00

2024-11-02 03:12:40,161 - INFO - EXPIRED
11月8日起，我国将增加对韩国等9国免签
https://new.qq.com/rain/a/20241101A09F9E00

2024-11-02 03:12:40,161 - INFO - EXPIRED
网友称市人大代表涉嫌年龄造假 湖南警方：属实 已呈请户籍所在地纠正
https://new.qq.com/rain/a/20241101A09VTV00

2024-11-02 03:12:40,161 - INFO - EXPIRED
北京楼市新政满月：李嘉诚楼盘8折甩卖遭疯抢，一居室学区房涨了80万
https://new.qq.com/rain/a/20241101A06S7100

2024-11-02 03:12:40,161 - INFO - EXPIRED
湖南13岁女孩遭强迫卖淫：3名公职人员获刑 其中一人系乡镇人大副主席
https://new.qq.com/rain/a/20241101A08KR300

2024-11-02 03:12:40,161 - INFO - EXPIRED
廖一恒：大选前，美国媒体纷纷做出一个“违背祖宗”的决定
https://new.qq.com/rain/a/20241101A05YQQ00

2024-11-02 03:12:40,161 - INFO - EXPIRED
遇刺5个月后，这国总理来中国了
https://new.qq.com/rain/a/20241101A08M5M00

2024-11-02 03:12:40,161 - INFO - EXPIRED
美国10月非农数据大幅放缓，美联储11月降息25个基点的概率大增
https://new.qq.com/rain/a/20241101A099JF00

2024-11-02 03:12:40,161 - INFO - EXPIRED
A股百亿龙头惊现内斗！总经理社交媒体连续发文，直指董事长
https://new.qq.com/rain/a/20241101A08HPP00

2024-11-02 03:12:40,161 - INFO - EXPIRED
法治在线丨悲惨身世全是假的！网红“小小”卖惨牟利被抓 细节披露
https://new.qq.com/rain/a/20241101A0656Q00

2024-11-02 03:12:40,161 - INFO - EXPIRED
同济大学正在研究《三体》中提到的“水滴”类似物的性质，有望复刻出“水滴”吗？
https://view.inews.qq.com/a/20241101Q07K1X00

2024-11-02 03:12:40,161 - INFO - EXPIRED
侠客岛：保台？美国只是把台湾当超级提款机
https://new.qq.com/rain/a/20241101A08PW100

2024-11-02 03:12:40,161 - INFO - EXPIRED
泽连斯基：袭击库尔斯克是出于“外交目的”
https://new.qq.com/rain/a/20241101A05EDN00

2024-11-02 03:12:40,161 - INFO - EXPIRED
印度这只股票一天暴涨6.69万倍，创全球纪录！全球最牛股市却面临熄火
https://new.qq.com/rain/a/20241101A05UTK00

2024-11-02 03:12:40,161 - INFO - EXPIRED
被中方制裁后，这家美无人机厂商向美政府“喊疼”
https://new.qq.com/rain/a/20241101A01IAQ00

2024-11-02 03:12:40,161 - INFO - EXPIRED
苏州北站一乘客下站台捡行李逼停列车？官方：其不慎跌入股道，无大碍
https://new.qq.com/rain/a/20241101A07O6200

2024-11-02 03:12:40,161 - INFO - EXPIRED
网友自称是“余华英卖掉的儿子”？警方：可以采血，无证据不要乱说
https://new.qq.com/rain/a/20241101A085MK00

2024-11-02 03:12:40,161 - INFO - EXPIRED
副省级赵金云、正厅级包东红先后被查，政坛还有这些落马夫妻档
https://new.qq.com/rain/a/20241101A06TKX00

2024-11-02 03:12:40,161 - INFO - EXPIRED
一公务员突发疾病抢救超48小时后死亡 不被认定工伤 家属申请检察监督
https://new.qq.com/rain/a/20241101A062UB00

2024-11-02 03:12:40,161 - INFO - EXPIRED
“姐姐为弟追凶27年”案被告人翻供：自己扶男孩时，对方滑到了刀口上
https://new.qq.com/rain/a/20241101A06IZT00

2024-11-02 03:12:40,161 - INFO - EXPIRED
陈梦：我靠竞争得到奥运单打资格光明磊落，不害怕攻击和议论
https://new.qq.com/rain/a/20241101A05K5M00

2024-11-02 03:12:40,161 - INFO - EXPIRED
杭州数十名登山者擅闯别墅泳池洗鞋，赛事主办方“菜刀”言论被质疑
https://new.qq.com/rain/a/20241101A041K200

2024-11-02 03:12:40,161 - INFO - EXPIRED
索赔100亿美元！特朗普起诉美国哥伦比亚广播公司 称其“偏袒”哈里斯
https://new.qq.com/rain/a/20241101A073S900

2024-11-02 03:12:40,161 - INFO - EXPIRED
禁毒警被控走私毒品罪开庭，专家：是否出于工作目的或成构罪关键
https://new.qq.com/rain/a/20241101A03U3M00

2024-11-02 03:12:40,161 - INFO - EXPIRED
史上首次！台司法机构行政主事者全出缺，代理负责人由赖清德指派
https://new.qq.com/rain/a/20241101A02ZXC00

2024-11-02 03:12:40,161 - INFO - EXPIRED
库克透露iPhone16系列销量好于前两代产品，为何销量这么好？比竞品领先很多吗？
https://view.inews.qq.com/a/20241101Q02ERJ00

2024-11-02 03:12:40,161 - INFO - EXPIRED
雄鹿新赛季1胜4负开局，哪里出了问题？里弗斯会下课吗？
https://view.inews.qq.com/a/20241101Q036IN00

2024-11-02 03:12:40,161 - INFO - EXPIRED
中方决定给予斯洛伐克公民15天免签入境中国待遇
https://new.qq.com/rain/a/20241101A07GA600

2024-11-02 03:12:40,161 - INFO - EXPIRED
王健林继续出售境外资产！1.6亿英镑卖掉英国游艇制造商，曾3.2亿英镑购入
https://new.qq.com/rain/a/20241101A068XW00

2024-11-02 03:12:40,161 - INFO - EXPIRED
吴秀波成“老赖”，事涉“司马懿”的糊涂账
https://new.qq.com/rain/a/20241101A069LH00

2024-11-02 03:12:40,161 - INFO - EXPIRED
美媒发现中国双航母编队“亮点”：歼-15B和歼-15D已经服役
https://new.qq.com/rain/a/20241101A04MOE00

2024-11-02 03:12:40,161 - INFO - EXPIRED
柯文哲还要再被羁押2个月，法院：他仍有串证、灭证可能
https://new.qq.com/rain/a/20241101A06R5L00

2024-11-02 03:12:40,161 - INFO - EXPIRED
河南宁陵县通报120司机与产科医生涉嫌贩婴：4人被采取刑事强制措施
https://new.qq.com/rain/a/20241101A064UB00

2024-11-02 03:12:40,161 - INFO - EXPIRED
国务院国资委原副部长级干部骆玉林受贿、内幕交易案一审开庭
https://new.qq.com/rain/a/20241101A06R7V00

2024-11-02 03:12:40,161 - INFO - EXPIRED
印度向德国抱怨：中国不卖我们盾构机
https://new.qq.com/rain/a/20241101A01FTM00

2024-11-02 03:12:40,161 - INFO - EXPIRED
针对中国？欧日将签署安全与防卫伙伴关系协议，外交部回应
https://new.qq.com/rain/a/20241101A05QSP00

2024-11-02 03:12:40,161 - INFO - EXPIRED
姐姐为亡弟追凶20余年：一审检方建议死刑，法院将择期宣判
https://new.qq.com/rain/a/20241101A04YGZ00

2024-11-02 03:12:40,161 - INFO - EXPIRED
中方扣押越南渔民渔船？外交部：敦促越方加强对本国渔民教育管理
https://new.qq.com/rain/a/20241101A05SAC00

2024-11-02 03:12:40,161 - INFO - EXPIRED
李静已任国家体育总局副局长
https://new.qq.com/rain/a/20241101A05V3G00

2024-11-02 03:12:40,161 - INFO - EXPIRED
河南一县医院120司机与产科前主任勾结贩婴？打拐志愿者：或涉5名女婴
https://new.qq.com/rain/a/20241101A04BZT00

2024-11-02 03:12:40,161 - INFO - EXPIRED
广西南宁一公交车发生交通事故 医院称有9人送医
https://new.qq.com/rain/a/20241101A04L0Z00

2024-11-02 03:12:40,161 - INFO - EXPIRED
阿富汗塔利班禁止女性在公共场合说话，电视新闻女主播须佩戴口罩出镜
https://new.qq.com/rain/a/20241101A03OF600

2024-11-02 03:12:40,161 - INFO - EXPIRED
天津一中学生被十几名同学拳打脚踢，致腰椎骨折？教育局称警方已介入
https://new.qq.com/rain/a/20241101A036NX00

2024-11-02 03:12:40,161 - INFO - EXPIRED
哈里斯称做好特朗普提前宣布胜选准备，这些准备可能是什么？特朗普会提前宣布吗？
https://view.inews.qq.com/a/20241101Q03SNE00

2024-11-02 03:12:40,161 - INFO - EXPIRED
法院回应“判决书写错时间4年刑期变3年”：案件承办人被记大过处分，向当事人和家属道歉
https://new.qq.com/rain/a/20241101A04G3V00

2024-11-02 03:12:40,161 - INFO - EXPIRED
新电动车新国标限速25公里，外卖会变慢吗？能像查机动车那样查超速吗？
https://view.inews.qq.com/a/20241101Q02UTJ00

2024-11-02 03:12:40,161 - INFO - EXPIRED
男子拿刀威胁、家暴妻子，警方下家暴告诫书，只能告诫吗？不属于故意伤害吗？
https://view.inews.qq.com/a/20241101Q02VY300

2024-11-02 03:12:40,161 - INFO - EXPIRED
全国第1张火车票电子发票今日开出，“纸质火车票成为历史”引热议
https://new.qq.com/rain/a/20241101A03ZUH00

2024-11-02 03:12:40,161 - INFO - EXPIRED
俄政府对谷歌35位天文数字罚款，这个数该怎么念？这种天价罚款有何意义？
https://view.inews.qq.com/a/20241101Q02NF100

2024-11-02 03:12:40,161 - INFO - EXPIRED
A股带川字就涨、川大智胜翻倍，特朗普概念明明很离谱，为何还有很多资金去炒？
https://view.inews.qq.com/a/20241101Q04GPF00

2024-11-02 03:12:40,161 - INFO - EXPIRED
女子在广西白龙洞潜水溺亡，潜水项目负责人：她不听劝阻擅自下水
https://new.qq.com/rain/a/20241031A09HUM00

2024-11-02 03:12:40,161 - INFO - EXPIRED
监督法修正草案：明确各级人大常委会应当对政府债务进行监督
https://new.qq.com/rain/a/20241101A03E1F00

2024-11-02 03:12:40,161 - INFO - EXPIRED
河南男子投千万建厂遇办证难，状告市监局胜诉后仍未拿到证，当地通报
https://new.qq.com/rain/a/20241101A00ZOZ00

2024-11-02 03:12:40,161 - INFO - EXPIRED
中国代表在联合国安理会会议上主动出击，“先来说一说美国”
https://new.qq.com/rain/a/20241101A016GR00

2024-11-02 03:12:40,161 - INFO - EXPIRED
我国制造业领域外资准入限制措施今天起全面取消
https://new.qq.com/rain/a/20241101A044OQ00

2024-11-02 03:12:40,161 - INFO - EXPIRED
苹果财报电话会精华版：苹果开启“创新之年” 中国市场表现平稳
https://new.qq.com/rain/a/20241101A03LXS00

2024-11-02 03:12:40,161 - INFO - EXPIRED
大举撤出商场，餐饮业还有没有出路？
https://new.qq.com/rain/a/20241101A03U2000

2024-11-02 03:12:40,161 - INFO - EXPIRED
宁德时代董事局主席曾毓群斥资逾3000万港元在港买楼
https://new.qq.com/rain/a/20241101A017MO00

2024-11-02 03:12:40,162 - INFO - EXPIRED
结婚要花10万给前夫做法事烧“婚床”？女友消失，男子醒悟后报警
https://new.qq.com/rain/a/20241031A0ADWB00

2024-11-02 03:12:40,162 - INFO - EXPIRED
准备好了！11月4日迎接神十八航天员回家
https://new.qq.com/rain/a/20241101A02UJZ00

2024-11-02 03:12:40,162 - INFO - EXPIRED
在缅甸“背货”一趟赚10万？16岁少年失联2个月，父亲怀疑儿子被控制
https://new.qq.com/rain/a/20241031A09WVV00

2024-11-02 03:12:40,162 - INFO - EXPIRED
野猪泛滥，庄稼遭殃，农民杀不得又赶不走，“野猪灾”给农民带来了多大危害？
https://view.inews.qq.com/a/20241030Q0958U00

2024-11-02 03:12:40,162 - INFO - EXPIRED
明查｜德国外长近日访华遭冷落无人接机？不实
https://new.qq.com/rain/a/20241101A00TG000

2024-11-02 03:12:40,162 - INFO - EXPIRED
保卫科副科长一路升任“一把手”，四川一“落马”医院院长履历引热议
https://new.qq.com/rain/a/20241031A088DF00

2024-11-02 03:12:40,162 - INFO - EXPIRED
审议学前教育法草案等 十四届全国人大常委会第十二次会议将举行
https://new.qq.com/rain/a/20241101A036L200

2024-11-02 03:12:40,162 - INFO - EXPIRED
商务部：将会同相关部门推出一批消费领域新政策
https://new.qq.com/rain/a/20241101A02YGI00

2024-11-02 03:12:40,162 - INFO - EXPIRED
事关你的“电驴” 今天起强制执行这些上路要求
https://new.qq.com/rain/a/20241101A0164X00

2024-11-02 03:12:40,162 - INFO - EXPIRED
11月起，这些新规施行 ：事关房贷利率、火车票报销等
https://new.qq.com/rain/a/20241101A00Y2I00

2024-11-02 03:12:40,162 - INFO - EXPIRED
全国人大常委会法工委：我国拟立法强化对幼儿园周边治安监管
https://new.qq.com/rain/a/20241101A02KEF00

2024-11-02 03:12:40,162 - INFO - EXPIRED
男子组织多名十三四岁少女有偿陪侍获刑6个月，这刑期是否太短？是否涉嫌组织卖淫罪？
https://view.inews.qq.com/a/20241031Q01PCZ00

2024-11-02 03:12:40,162 - INFO - EXPIRED
“双减”之后，非学科类培训的春天来了吗
https://new.qq.com/rain/a/20241101A01EVW00

2024-11-02 03:12:40,162 - INFO - EXPIRED
10月财新中国制造业PMI升至50.3 重回扩张区间
https://new.qq.com/rain/a/20241101A0205Z00

2024-11-02 03:12:40,162 - INFO - EXPIRED
湖南衡州监狱原监狱长冯加业被移送审查起诉，曾耗资上千万搞形象工程
https://new.qq.com/rain/a/20241031A08PJZ00

2024-11-02 03:12:40,162 - INFO - EXPIRED
上海长途公交单程90公里99个站点，司机乘务员得在外过夜，这种公交有必要保留吗？
https://view.inews.qq.com/a/20241031Q0563000

2024-11-02 03:12:40,162 - INFO - EXPIRED
北京大雾！这个时节华北为何大雾频发？凌晨到日出前后最浓厚
https://new.qq.com/rain/a/20241101V021Z400

2024-11-02 03:12:40,162 - INFO - EXPIRED
新晋视后赵丽颖：和辛芷蕾搭档好有安全感，爬长城十分艰难手脚并用！
https://new.qq.com/rain/a/20241031V09ET700

2024-11-02 03:12:41,188 - INFO - INVALID
明查｜金融大鳄索罗斯接受乌克兰军人的心脏移植？
https://new.qq.com/rain/a/20241102A014R200

2024-11-02 03:12:41,194 - INFO - INVALID
印媒：中印两国决定脱离接触和协调巡逻后，印军重启巡逻
https://new.qq.com/rain/a/20241102A00YY000

2024-11-02 03:12:41,249 - INFO - INVALID
重庆一农行女员工跳河轻生，家属称死者生前被银行恐吓？涉事银行回应
https://new.qq.com/rain/a/20241102A01CQE00

2024-11-02 03:12:41,338 - INFO - INVALID
被囚禁的5年，被转向的人生
https://new.qq.com/rain/a/20241102A026O500

2024-11-02 03:12:41,424 - INFO - INVALID
被遗弃的新能源车主：有人交了5000块车都摸不到，有人修车只能到北京
https://new.qq.com/rain/a/20241102A02FY000

2024-11-02 03:12:41,853 - INFO - INVALID
多地发布新一轮生育意愿调查报告：还有哪些痛点？现行政策奏效吗？
https://new.qq.com/rain/a/20241102A0131A00

2024-11-02 03:12:41,907 - INFO - INVALID
黑龙江一列车行驶中脱轨，多节车厢倾斜乘客被疏散，官方通报
https://new.qq.com/rain/a/20241102A0000U00

2024-11-02 03:12:41,911 - ERROR - ERROR
赏金猎人出击：围捕野猪24小时
https://new.qq.com/rain/a/20241102V02GRL00
('list index out of range',)
======
Traceback (most recent call last):
  File "/home/runner/work/qqnews/qqnews/qq.py", line 81, in process_article
    ss = str(tmpbs.select("div.LEFT div.content.clearfix")[0])
             ~~~~~~~~~~~~~~~~~~~~~~~~~~~~~~~~~~~~~~~~~~~~~^^^
IndexError: list index out of range


2024-11-02 03:12:41,994 - INFO - INVALID
塞尔维亚火车站顶棚坍塌已致14死，总统武契奇发声
https://new.qq.com/rain/a/20241102A00VTG00

2024-11-02 03:12:42,072 - INFO - INVALID
泽连斯基：无论美国大选结果如何 乌克兰都不会割让领土
https://new.qq.com/rain/a/20241102A00KXW00

2024-11-02 03:12:42,500 - INFO - INVALID
美股收盘：三大指数集体反弹 “个位数”非农确保降息路径
https://new.qq.com/rain/a/20241102A00VAM00

2024-11-02 03:12:42,562 - INFO - INVALID
朝鲜外务省：将继续加强遏制敌对势力军事威胁
https://new.qq.com/rain/a/20241102A00X8R00

2024-11-02 03:12:42,643 - INFO - INVALID
芯片巨头替换：英伟达将被纳入道指，取代英特尔
https://new.qq.com/rain/a/20241102A00X3W00

2024-11-02 04:00:50,381 - INFO - EXPIRED
弟弟遇害，她追凶20多年，两次险被卖
https://new.qq.com/rain/a/20241101A090FH00

2024-11-02 04:00:50,381 - INFO - EXPIRED
两个月大婴儿嗜睡太反常，学医出身宝爸宝妈怀疑育婴师给娃喂安眠药，48岁阿姨称若有证据甘愿坐牢
https://new.qq.com/rain/a/20241101A079VV00

2024-11-02 04:00:50,381 - INFO - EXPIRED
土地权属不明、拖欠农民工工资，江西景德镇投资60亿的产业园被曝烂尾
https://new.qq.com/rain/a/20241101A09HM700

2024-11-02 04:00:50,381 - INFO - EXPIRED
一县级市中学年薪50万招老师 干6年送120㎡住房 47名北大等名校生获聘
https://new.qq.com/rain/a/20241101A095RW00

2024-11-02 04:00:50,381 - INFO - EXPIRED
印度一只小盘股一天暴涨6692535%，这是家什么公司？类似的暴涨在印度股市常见吗？
https://view.inews.qq.com/a/20241101Q04RTS00

2024-11-02 04:00:50,381 - INFO - EXPIRED
湖南一地在水源上方建化粪池？官方：系污水处理厂，在与村民沟通解决
https://new.qq.com/rain/a/20241101A09JDU00

2024-11-02 04:00:50,381 - INFO - EXPIRED
山西吕梁女性35岁前初婚奖励1500元？当地民政局：资金预算尚未到位
https://new.qq.com/rain/a/20241101A07HE400

2024-11-02 04:00:50,381 - INFO - EXPIRED
地方政府齐待化债方案，有财政局长奔赴省厅为给上级“加深点印象”
https://new.qq.com/rain/a/20241101A09ZUH00

2024-11-02 04:00:50,381 - INFO - EXPIRED
国企校招公示出现民办学院英文名引争议，官方：系填错，学生受网暴
https://new.qq.com/rain/a/20241101A07VWP00

2024-11-02 04:00:50,381 - INFO - EXPIRED
下周迎重磅定调！三件大事结果将揭晓，牵动全球投资者神经
https://new.qq.com/rain/a/20241101A09F8R00

2024-11-02 04:00:50,381 - INFO - EXPIRED
为骗取790万保险金湖南男子杀父 亲属：他是家中独子，从小很受宠
https://new.qq.com/rain/a/20241101A09NNO00

2024-11-02 04:00:50,381 - INFO - EXPIRED
美军：飞行员慌乱中弃机弹射时，F-35战机并未失控
https://new.qq.com/rain/a/20241101A08LNJ00

2024-11-02 04:00:50,381 - INFO - EXPIRED
11月8日起，我国将增加对韩国等9国免签
https://new.qq.com/rain/a/20241101A09F9E00

2024-11-02 04:00:50,381 - INFO - EXPIRED
网友称市人大代表涉嫌年龄造假 湖南警方：属实 已呈请户籍所在地纠正
https://new.qq.com/rain/a/20241101A09VTV00

2024-11-02 04:00:50,381 - INFO - EXPIRED
北京楼市新政满月：李嘉诚楼盘8折甩卖遭疯抢，一居室学区房涨了80万
https://new.qq.com/rain/a/20241101A06S7100

2024-11-02 04:00:50,381 - INFO - EXPIRED
湖南13岁女孩遭强迫卖淫：3名公职人员获刑 其中一人系乡镇人大副主席
https://new.qq.com/rain/a/20241101A08KR300

2024-11-02 04:00:50,381 - INFO - EXPIRED
廖一恒：大选前，美国媒体纷纷做出一个“违背祖宗”的决定
https://new.qq.com/rain/a/20241101A05YQQ00

2024-11-02 04:00:50,381 - INFO - EXPIRED
遇刺5个月后，这国总理来中国了
https://new.qq.com/rain/a/20241101A08M5M00

2024-11-02 04:00:50,381 - INFO - EXPIRED
美国10月非农数据大幅放缓，美联储11月降息25个基点的概率大增
https://new.qq.com/rain/a/20241101A099JF00

2024-11-02 04:00:50,381 - INFO - EXPIRED
A股百亿龙头惊现内斗！总经理社交媒体连续发文，直指董事长
https://new.qq.com/rain/a/20241101A08HPP00

2024-11-02 04:00:50,381 - INFO - EXPIRED
法治在线丨悲惨身世全是假的！网红“小小”卖惨牟利被抓 细节披露
https://new.qq.com/rain/a/20241101A0656Q00

2024-11-02 04:00:50,381 - INFO - EXPIRED
同济大学正在研究《三体》中提到的“水滴”类似物的性质，有望复刻出“水滴”吗？
https://view.inews.qq.com/a/20241101Q07K1X00

2024-11-02 04:00:50,381 - INFO - EXPIRED
侠客岛：保台？美国只是把台湾当超级提款机
https://new.qq.com/rain/a/20241101A08PW100

2024-11-02 04:00:50,381 - INFO - EXPIRED
泽连斯基：袭击库尔斯克是出于“外交目的”
https://new.qq.com/rain/a/20241101A05EDN00

2024-11-02 04:00:50,381 - INFO - EXPIRED
印度这只股票一天暴涨6.69万倍，创全球纪录！全球最牛股市却面临熄火
https://new.qq.com/rain/a/20241101A05UTK00

2024-11-02 04:00:50,381 - INFO - EXPIRED
被中方制裁后，这家美无人机厂商向美政府“喊疼”
https://new.qq.com/rain/a/20241101A01IAQ00

2024-11-02 04:00:50,381 - INFO - EXPIRED
苏州北站一乘客下站台捡行李逼停列车？官方：其不慎跌入股道，无大碍
https://new.qq.com/rain/a/20241101A07O6200

2024-11-02 04:00:50,381 - INFO - EXPIRED
网友自称是“余华英卖掉的儿子”？警方：可以采血，无证据不要乱说
https://new.qq.com/rain/a/20241101A085MK00

2024-11-02 04:00:50,381 - INFO - EXPIRED
副省级赵金云、正厅级包东红先后被查，政坛还有这些落马夫妻档
https://new.qq.com/rain/a/20241101A06TKX00

2024-11-02 04:00:50,381 - INFO - EXPIRED
一公务员突发疾病抢救超48小时后死亡 不被认定工伤 家属申请检察监督
https://new.qq.com/rain/a/20241101A062UB00

2024-11-02 04:00:50,381 - INFO - EXPIRED
“姐姐为弟追凶27年”案被告人翻供：自己扶男孩时，对方滑到了刀口上
https://new.qq.com/rain/a/20241101A06IZT00

2024-11-02 04:00:50,381 - INFO - EXPIRED
陈梦：我靠竞争得到奥运单打资格光明磊落，不害怕攻击和议论
https://new.qq.com/rain/a/20241101A05K5M00

2024-11-02 04:00:50,381 - INFO - EXPIRED
杭州数十名登山者擅闯别墅泳池洗鞋，赛事主办方“菜刀”言论被质疑
https://new.qq.com/rain/a/20241101A041K200

2024-11-02 04:00:50,381 - INFO - EXPIRED
索赔100亿美元！特朗普起诉美国哥伦比亚广播公司 称其“偏袒”哈里斯
https://new.qq.com/rain/a/20241101A073S900

2024-11-02 04:00:50,382 - INFO - EXPIRED
禁毒警被控走私毒品罪开庭，专家：是否出于工作目的或成构罪关键
https://new.qq.com/rain/a/20241101A03U3M00

2024-11-02 04:00:50,382 - INFO - EXPIRED
史上首次！台司法机构行政主事者全出缺，代理负责人由赖清德指派
https://new.qq.com/rain/a/20241101A02ZXC00

2024-11-02 04:00:50,382 - INFO - EXPIRED
库克透露iPhone16系列销量好于前两代产品，为何销量这么好？比竞品领先很多吗？
https://view.inews.qq.com/a/20241101Q02ERJ00

2024-11-02 04:00:50,382 - INFO - EXPIRED
雄鹿新赛季1胜4负开局，哪里出了问题？里弗斯会下课吗？
https://view.inews.qq.com/a/20241101Q036IN00

2024-11-02 04:00:50,382 - INFO - EXPIRED
中方决定给予斯洛伐克公民15天免签入境中国待遇
https://new.qq.com/rain/a/20241101A07GA600

2024-11-02 04:00:50,382 - INFO - EXPIRED
王健林继续出售境外资产！1.6亿英镑卖掉英国游艇制造商，曾3.2亿英镑购入
https://new.qq.com/rain/a/20241101A068XW00

2024-11-02 04:00:50,382 - INFO - EXPIRED
吴秀波成“老赖”，事涉“司马懿”的糊涂账
https://new.qq.com/rain/a/20241101A069LH00

2024-11-02 04:00:50,382 - INFO - EXPIRED
美媒发现中国双航母编队“亮点”：歼-15B和歼-15D已经服役
https://new.qq.com/rain/a/20241101A04MOE00

2024-11-02 04:00:50,382 - INFO - EXPIRED
柯文哲还要再被羁押2个月，法院：他仍有串证、灭证可能
https://new.qq.com/rain/a/20241101A06R5L00

2024-11-02 04:00:50,382 - INFO - EXPIRED
河南宁陵县通报120司机与产科医生涉嫌贩婴：4人被采取刑事强制措施
https://new.qq.com/rain/a/20241101A064UB00

2024-11-02 04:00:50,382 - INFO - EXPIRED
国务院国资委原副部长级干部骆玉林受贿、内幕交易案一审开庭
https://new.qq.com/rain/a/20241101A06R7V00

2024-11-02 04:00:50,382 - INFO - EXPIRED
印度向德国抱怨：中国不卖我们盾构机
https://new.qq.com/rain/a/20241101A01FTM00

2024-11-02 04:00:50,382 - INFO - EXPIRED
针对中国？欧日将签署安全与防卫伙伴关系协议，外交部回应
https://new.qq.com/rain/a/20241101A05QSP00

2024-11-02 04:00:50,382 - INFO - EXPIRED
姐姐为亡弟追凶20余年：一审检方建议死刑，法院将择期宣判
https://new.qq.com/rain/a/20241101A04YGZ00

2024-11-02 04:00:50,382 - INFO - EXPIRED
中方扣押越南渔民渔船？外交部：敦促越方加强对本国渔民教育管理
https://new.qq.com/rain/a/20241101A05SAC00

2024-11-02 04:00:50,382 - INFO - EXPIRED
李静已任国家体育总局副局长
https://new.qq.com/rain/a/20241101A05V3G00

2024-11-02 04:00:50,382 - INFO - EXPIRED
河南一县医院120司机与产科前主任勾结贩婴？打拐志愿者：或涉5名女婴
https://new.qq.com/rain/a/20241101A04BZT00

2024-11-02 04:00:50,382 - INFO - EXPIRED
广西南宁一公交车发生交通事故 医院称有9人送医
https://new.qq.com/rain/a/20241101A04L0Z00

2024-11-02 04:00:50,382 - INFO - EXPIRED
阿富汗塔利班禁止女性在公共场合说话，电视新闻女主播须佩戴口罩出镜
https://new.qq.com/rain/a/20241101A03OF600

2024-11-02 04:00:50,382 - INFO - EXPIRED
天津一中学生被十几名同学拳打脚踢，致腰椎骨折？教育局称警方已介入
https://new.qq.com/rain/a/20241101A036NX00

2024-11-02 04:00:50,382 - INFO - EXPIRED
哈里斯称做好特朗普提前宣布胜选准备，这些准备可能是什么？特朗普会提前宣布吗？
https://view.inews.qq.com/a/20241101Q03SNE00

2024-11-02 04:00:50,382 - INFO - EXPIRED
法院回应“判决书写错时间4年刑期变3年”：案件承办人被记大过处分，向当事人和家属道歉
https://new.qq.com/rain/a/20241101A04G3V00

2024-11-02 04:00:50,382 - INFO - EXPIRED
新电动车新国标限速25公里，外卖会变慢吗？能像查机动车那样查超速吗？
https://view.inews.qq.com/a/20241101Q02UTJ00

2024-11-02 04:00:50,382 - INFO - EXPIRED
男子拿刀威胁、家暴妻子，警方下家暴告诫书，只能告诫吗？不属于故意伤害吗？
https://view.inews.qq.com/a/20241101Q02VY300

2024-11-02 04:00:50,382 - INFO - EXPIRED
全国第1张火车票电子发票今日开出，“纸质火车票成为历史”引热议
https://new.qq.com/rain/a/20241101A03ZUH00

2024-11-02 04:00:50,382 - INFO - EXPIRED
俄政府对谷歌35位天文数字罚款，这个数该怎么念？这种天价罚款有何意义？
https://view.inews.qq.com/a/20241101Q02NF100

2024-11-02 04:00:50,382 - INFO - EXPIRED
A股带川字就涨、川大智胜翻倍，特朗普概念明明很离谱，为何还有很多资金去炒？
https://view.inews.qq.com/a/20241101Q04GPF00

2024-11-02 04:00:50,382 - INFO - EXPIRED
女子在广西白龙洞潜水溺亡，潜水项目负责人：她不听劝阻擅自下水
https://new.qq.com/rain/a/20241031A09HUM00

2024-11-02 04:00:50,382 - INFO - EXPIRED
监督法修正草案：明确各级人大常委会应当对政府债务进行监督
https://new.qq.com/rain/a/20241101A03E1F00

2024-11-02 04:00:50,382 - INFO - EXPIRED
河南男子投千万建厂遇办证难，状告市监局胜诉后仍未拿到证，当地通报
https://new.qq.com/rain/a/20241101A00ZOZ00

2024-11-02 04:00:50,382 - INFO - EXPIRED
中国代表在联合国安理会会议上主动出击，“先来说一说美国”
https://new.qq.com/rain/a/20241101A016GR00

2024-11-02 04:00:50,382 - INFO - EXPIRED
我国制造业领域外资准入限制措施今天起全面取消
https://new.qq.com/rain/a/20241101A044OQ00

2024-11-02 04:00:50,382 - INFO - EXPIRED
苹果财报电话会精华版：苹果开启“创新之年” 中国市场表现平稳
https://new.qq.com/rain/a/20241101A03LXS00

2024-11-02 04:00:50,382 - INFO - EXPIRED
大举撤出商场，餐饮业还有没有出路？
https://new.qq.com/rain/a/20241101A03U2000

2024-11-02 04:00:50,382 - INFO - EXPIRED
宁德时代董事局主席曾毓群斥资逾3000万港元在港买楼
https://new.qq.com/rain/a/20241101A017MO00

2024-11-02 04:00:50,382 - INFO - EXPIRED
结婚要花10万给前夫做法事烧“婚床”？女友消失，男子醒悟后报警
https://new.qq.com/rain/a/20241031A0ADWB00

2024-11-02 04:00:50,382 - INFO - EXPIRED
准备好了！11月4日迎接神十八航天员回家
https://new.qq.com/rain/a/20241101A02UJZ00

2024-11-02 04:00:50,382 - INFO - EXPIRED
在缅甸“背货”一趟赚10万？16岁少年失联2个月，父亲怀疑儿子被控制
https://new.qq.com/rain/a/20241031A09WVV00

2024-11-02 04:00:50,382 - INFO - EXPIRED
野猪泛滥，庄稼遭殃，农民杀不得又赶不走，“野猪灾”给农民带来了多大危害？
https://view.inews.qq.com/a/20241030Q0958U00

2024-11-02 04:00:50,382 - INFO - EXPIRED
明查｜德国外长近日访华遭冷落无人接机？不实
https://new.qq.com/rain/a/20241101A00TG000

2024-11-02 04:00:50,382 - INFO - EXPIRED
保卫科副科长一路升任“一把手”，四川一“落马”医院院长履历引热议
https://new.qq.com/rain/a/20241031A088DF00

2024-11-02 04:00:50,382 - INFO - EXPIRED
审议学前教育法草案等 十四届全国人大常委会第十二次会议将举行
https://new.qq.com/rain/a/20241101A036L200

2024-11-02 04:00:50,382 - INFO - EXPIRED
商务部：将会同相关部门推出一批消费领域新政策
https://new.qq.com/rain/a/20241101A02YGI00

2024-11-02 04:00:50,382 - INFO - EXPIRED
事关你的“电驴” 今天起强制执行这些上路要求
https://new.qq.com/rain/a/20241101A0164X00

2024-11-02 04:00:50,382 - INFO - EXPIRED
11月起，这些新规施行 ：事关房贷利率、火车票报销等
https://new.qq.com/rain/a/20241101A00Y2I00

2024-11-02 04:00:50,382 - INFO - EXPIRED
全国人大常委会法工委：我国拟立法强化对幼儿园周边治安监管
https://new.qq.com/rain/a/20241101A02KEF00

2024-11-02 04:00:50,382 - INFO - EXPIRED
男子组织多名十三四岁少女有偿陪侍获刑6个月，这刑期是否太短？是否涉嫌组织卖淫罪？
https://view.inews.qq.com/a/20241031Q01PCZ00

2024-11-02 04:00:51,300 - INFO - INVALID
杭州数十名登山者擅闯别墅泳池洗鞋，媒体：鞋洗干净了，内心素养呢
https://new.qq.com/rain/a/20241102A0234700

2024-11-02 04:00:51,308 - INFO - INVALID
黑龙江一列车脱轨，亲历者：车厢瞬间一边高一边低，摇晃持续50秒左右
https://new.qq.com/rain/a/20241102A02U6D00

2024-11-02 04:00:51,336 - INFO - INVALID
被囚禁的5年，被转向的人生
https://new.qq.com/rain/a/20241102A026O500

2024-11-02 04:00:51,536 - INFO - INVALID
晨枫：双航母出动，可不只是为了拍照好看
https://new.qq.com/rain/a/20241102A02MM300

2024-11-02 04:00:51,541 - INFO - INVALID
被遗弃的新能源车主：有人交了5000元车都摸不到，有人修车只能到北京
https://new.qq.com/rain/a/20241102A02FY000

2024-11-02 04:00:51,961 - INFO - INVALID
河北一高速收费站附近多车连撞，网友称大雾能见度仅10米，拥堵5小时
https://new.qq.com/rain/a/20241102A0332B00

2024-11-02 04:00:52,040 - ERROR - ERROR
赏金猎人出击：围捕野猪24小时
https://new.qq.com/rain/a/20241102V02GRL00
('list index out of range',)
======
Traceback (most recent call last):
  File "/home/runner/work/qqnews/qqnews/qq.py", line 81, in process_article
    ss = str(tmpbs.select("div.LEFT div.content.clearfix")[0])
             ~~~~~~~~~~~~~~~~~~~~~~~~~~~~~~~~~~~~~~~~~~~~~^^^
IndexError: list index out of range


2024-11-02 04:00:52,206 - INFO - INVALID
明查｜金融大鳄索罗斯接受乌克兰军人的心脏移植？
https://new.qq.com/rain/a/20241102A014R200

2024-11-02 04:00:52,273 - INFO - INVALID
印媒：中印两国决定脱离接触和协调巡逻后，印军重启巡逻
https://new.qq.com/rain/a/20241102A00YY000

2024-11-02 04:00:52,560 - INFO - INVALID
欧盟、日本首次签署“安全与防卫伙伴关系协议”，又扯台湾
https://new.qq.com/rain/a/20241102A032UB00

2024-11-02 04:00:52,626 - INFO - INVALID
日本国土交通大臣齐藤铁夫将出任公明党党首
https://new.qq.com/rain/a/20241102A030UR00

2024-11-02 04:00:52,850 - INFO - INVALID
多地发布新一轮生育意愿调查报告：还有哪些痛点？现行政策奏效吗？
https://new.qq.com/rain/a/20241102A0131A00

2024-11-02 04:00:52,939 - INFO - INVALID
黑龙江一列车行驶中脱轨，多节车厢倾斜乘客被疏散，官方通报
https://new.qq.com/rain/a/20241102A0000U00

2024-11-02 04:00:52,942 - INFO - INVALID
重庆一农行女员工跳河轻生，家属称死者生前被银行恐吓？涉事银行回应
https://new.qq.com/rain/a/20241102A01CQE00

2024-11-02 04:00:53,210 - INFO - INVALID
塞尔维亚火车站顶棚坍塌已致14死，总统武契奇发声
https://new.qq.com/rain/a/20241102A00VTG00

2024-11-02 04:00:53,285 - INFO - INVALID
泽连斯基：无论美国大选结果如何 乌克兰都不会割让领土
https://new.qq.com/rain/a/20241102A00KXW00

2024-11-02 04:00:53,513 - INFO - INVALID
美股收盘：三大指数集体反弹 “个位数”非农确保降息路径
https://new.qq.com/rain/a/20241102A00VAM00

2024-11-02 04:00:53,604 - INFO - INVALID
芯片巨头替换：英伟达将被纳入道指，取代英特尔
https://new.qq.com/rain/a/20241102A00X3W00

2024-11-02 04:00:53,620 - INFO - INVALID
朝鲜外务省：将继续加强遏制敌对势力军事威胁
https://new.qq.com/rain/a/20241102A00X8R00

2024-11-02 05:07:39,491 - INFO - EXPIRED
弟弟遇害，她追凶20多年，两次险被卖
https://new.qq.com/rain/a/20241101A090FH00

2024-11-02 05:07:39,491 - INFO - EXPIRED
两个月大婴儿嗜睡太反常，学医出身宝爸宝妈怀疑育婴师给娃喂安眠药，48岁阿姨称若有证据甘愿坐牢
https://new.qq.com/rain/a/20241101A079VV00

2024-11-02 05:07:39,491 - INFO - EXPIRED
土地权属不明、拖欠农民工工资，江西景德镇投资60亿的产业园被曝烂尾
https://new.qq.com/rain/a/20241101A09HM700

2024-11-02 05:07:39,491 - INFO - EXPIRED
一县级市中学年薪50万招老师 干6年送120㎡住房 47名北大等名校生获聘
https://new.qq.com/rain/a/20241101A095RW00

2024-11-02 05:07:39,491 - INFO - EXPIRED
印度一只小盘股一天暴涨6692535%，这是家什么公司？类似的暴涨在印度股市常见吗？
https://view.inews.qq.com/a/20241101Q04RTS00

2024-11-02 05:07:39,491 - INFO - EXPIRED
湖南一地在水源上方建化粪池？官方：系污水处理厂，在与村民沟通解决
https://new.qq.com/rain/a/20241101A09JDU00

2024-11-02 05:07:39,491 - INFO - EXPIRED
山西吕梁女性35岁前初婚奖励1500元？当地民政局：资金预算尚未到位
https://new.qq.com/rain/a/20241101A07HE400

2024-11-02 05:07:39,491 - INFO - EXPIRED
地方政府齐待化债方案，有财政局长奔赴省厅为给上级“加深点印象”
https://new.qq.com/rain/a/20241101A09ZUH00

2024-11-02 05:07:39,492 - INFO - EXPIRED
国企校招公示出现民办学院英文名引争议，官方：系填错，学生受网暴
https://new.qq.com/rain/a/20241101A07VWP00

2024-11-02 05:07:39,492 - INFO - EXPIRED
下周迎重磅定调！三件大事结果将揭晓，牵动全球投资者神经
https://new.qq.com/rain/a/20241101A09F8R00

2024-11-02 05:07:39,492 - INFO - EXPIRED
为骗取790万保险金湖南男子杀父 亲属：他是家中独子，从小很受宠
https://new.qq.com/rain/a/20241101A09NNO00

2024-11-02 05:07:39,492 - INFO - EXPIRED
美军：飞行员慌乱中弃机弹射时，F-35战机并未失控
https://new.qq.com/rain/a/20241101A08LNJ00

2024-11-02 05:07:39,492 - INFO - EXPIRED
11月8日起，我国将增加对韩国等9国免签
https://new.qq.com/rain/a/20241101A09F9E00

2024-11-02 05:07:39,492 - INFO - EXPIRED
网友称市人大代表涉嫌年龄造假 湖南警方：属实 已呈请户籍所在地纠正
https://new.qq.com/rain/a/20241101A09VTV00

2024-11-02 05:07:39,492 - INFO - EXPIRED
北京楼市新政满月：李嘉诚楼盘8折甩卖遭疯抢，一居室学区房涨了80万
https://new.qq.com/rain/a/20241101A06S7100

2024-11-02 05:07:39,492 - INFO - EXPIRED
湖南13岁女孩遭强迫卖淫：3名公职人员获刑 其中一人系乡镇人大副主席
https://new.qq.com/rain/a/20241101A08KR300

2024-11-02 05:07:39,492 - INFO - EXPIRED
廖一恒：大选前，美国媒体纷纷做出一个“违背祖宗”的决定
https://new.qq.com/rain/a/20241101A05YQQ00

2024-11-02 05:07:39,492 - INFO - EXPIRED
遇刺5个月后，这国总理来中国了
https://new.qq.com/rain/a/20241101A08M5M00

2024-11-02 05:07:39,492 - INFO - EXPIRED
美国10月非农数据大幅放缓，美联储11月降息25个基点的概率大增
https://new.qq.com/rain/a/20241101A099JF00

2024-11-02 05:07:39,492 - INFO - EXPIRED
A股百亿龙头惊现内斗！总经理社交媒体连续发文，直指董事长
https://new.qq.com/rain/a/20241101A08HPP00

2024-11-02 05:07:39,492 - INFO - EXPIRED
法治在线丨悲惨身世全是假的！网红“小小”卖惨牟利被抓 细节披露
https://new.qq.com/rain/a/20241101A0656Q00

2024-11-02 05:07:39,492 - INFO - EXPIRED
同济大学正在研究《三体》中提到的“水滴”类似物的性质，有望复刻出“水滴”吗？
https://view.inews.qq.com/a/20241101Q07K1X00

2024-11-02 05:07:39,492 - INFO - EXPIRED
侠客岛：保台？美国只是把台湾当超级提款机
https://new.qq.com/rain/a/20241101A08PW100

2024-11-02 05:07:39,492 - INFO - EXPIRED
泽连斯基：袭击库尔斯克是出于“外交目的”
https://new.qq.com/rain/a/20241101A05EDN00

2024-11-02 05:07:39,492 - INFO - EXPIRED
印度这只股票一天暴涨6.69万倍，创全球纪录！全球最牛股市却面临熄火
https://new.qq.com/rain/a/20241101A05UTK00

2024-11-02 05:07:39,492 - INFO - EXPIRED
被中方制裁后，这家美无人机厂商向美政府“喊疼”
https://new.qq.com/rain/a/20241101A01IAQ00

2024-11-02 05:07:39,492 - INFO - EXPIRED
苏州北站一乘客下站台捡行李逼停列车？官方：其不慎跌入股道，无大碍
https://new.qq.com/rain/a/20241101A07O6200

2024-11-02 05:07:39,492 - INFO - EXPIRED
网友自称是“余华英卖掉的儿子”？警方：可以采血，无证据不要乱说
https://new.qq.com/rain/a/20241101A085MK00

2024-11-02 05:07:39,492 - INFO - EXPIRED
副省级赵金云、正厅级包东红先后被查，政坛还有这些落马夫妻档
https://new.qq.com/rain/a/20241101A06TKX00

2024-11-02 05:07:39,492 - INFO - EXPIRED
一公务员突发疾病抢救超48小时后死亡 不被认定工伤 家属申请检察监督
https://new.qq.com/rain/a/20241101A062UB00

2024-11-02 05:07:39,492 - INFO - EXPIRED
“姐姐为弟追凶27年”案被告人翻供：自己扶男孩时，对方滑到了刀口上
https://new.qq.com/rain/a/20241101A06IZT00

2024-11-02 05:07:39,492 - INFO - EXPIRED
陈梦：我靠竞争得到奥运单打资格光明磊落，不害怕攻击和议论
https://new.qq.com/rain/a/20241101A05K5M00

2024-11-02 05:07:39,492 - INFO - EXPIRED
杭州数十名登山者擅闯别墅泳池洗鞋，赛事主办方“菜刀”言论被质疑
https://new.qq.com/rain/a/20241101A041K200

2024-11-02 05:07:39,492 - INFO - EXPIRED
索赔100亿美元！特朗普起诉美国哥伦比亚广播公司 称其“偏袒”哈里斯
https://new.qq.com/rain/a/20241101A073S900

2024-11-02 05:07:39,492 - INFO - EXPIRED
禁毒警被控走私毒品罪开庭，专家：是否出于工作目的或成构罪关键
https://new.qq.com/rain/a/20241101A03U3M00

2024-11-02 05:07:39,492 - INFO - EXPIRED
史上首次！台司法机构行政主事者全出缺，代理负责人由赖清德指派
https://new.qq.com/rain/a/20241101A02ZXC00

2024-11-02 05:07:39,492 - INFO - EXPIRED
库克透露iPhone16系列销量好于前两代产品，为何销量这么好？比竞品领先很多吗？
https://view.inews.qq.com/a/20241101Q02ERJ00

2024-11-02 05:07:39,492 - INFO - EXPIRED
雄鹿新赛季1胜4负开局，哪里出了问题？里弗斯会下课吗？
https://view.inews.qq.com/a/20241101Q036IN00

2024-11-02 05:07:39,492 - INFO - EXPIRED
中方决定给予斯洛伐克公民15天免签入境中国待遇
https://new.qq.com/rain/a/20241101A07GA600

2024-11-02 05:07:39,492 - INFO - EXPIRED
王健林继续出售境外资产！1.6亿英镑卖掉英国游艇制造商，曾3.2亿英镑购入
https://new.qq.com/rain/a/20241101A068XW00

2024-11-02 05:07:39,492 - INFO - EXPIRED
吴秀波成“老赖”，事涉“司马懿”的糊涂账
https://new.qq.com/rain/a/20241101A069LH00

2024-11-02 05:07:39,492 - INFO - EXPIRED
美媒发现中国双航母编队“亮点”：歼-15B和歼-15D已经服役
https://new.qq.com/rain/a/20241101A04MOE00

2024-11-02 05:07:39,492 - INFO - EXPIRED
柯文哲还要再被羁押2个月，法院：他仍有串证、灭证可能
https://new.qq.com/rain/a/20241101A06R5L00

2024-11-02 05:07:39,492 - INFO - EXPIRED
河南宁陵县通报120司机与产科医生涉嫌贩婴：4人被采取刑事强制措施
https://new.qq.com/rain/a/20241101A064UB00

2024-11-02 05:07:39,492 - INFO - EXPIRED
国务院国资委原副部长级干部骆玉林受贿、内幕交易案一审开庭
https://new.qq.com/rain/a/20241101A06R7V00

2024-11-02 05:07:39,492 - INFO - EXPIRED
印度向德国抱怨：中国不卖我们盾构机
https://new.qq.com/rain/a/20241101A01FTM00

2024-11-02 05:07:39,492 - INFO - EXPIRED
针对中国？欧日将签署安全与防卫伙伴关系协议，外交部回应
https://new.qq.com/rain/a/20241101A05QSP00

2024-11-02 05:07:39,492 - INFO - EXPIRED
姐姐为亡弟追凶20余年：一审检方建议死刑，法院将择期宣判
https://new.qq.com/rain/a/20241101A04YGZ00

2024-11-02 05:07:39,492 - INFO - EXPIRED
中方扣押越南渔民渔船？外交部：敦促越方加强对本国渔民教育管理
https://new.qq.com/rain/a/20241101A05SAC00

2024-11-02 05:07:39,492 - INFO - EXPIRED
李静已任国家体育总局副局长
https://new.qq.com/rain/a/20241101A05V3G00

2024-11-02 05:07:39,492 - INFO - EXPIRED
河南一县医院120司机与产科前主任勾结贩婴？打拐志愿者：或涉5名女婴
https://new.qq.com/rain/a/20241101A04BZT00

2024-11-02 05:07:39,492 - INFO - EXPIRED
广西南宁一公交车发生交通事故 医院称有9人送医
https://new.qq.com/rain/a/20241101A04L0Z00

2024-11-02 05:07:39,492 - INFO - EXPIRED
阿富汗塔利班禁止女性在公共场合说话，电视新闻女主播须佩戴口罩出镜
https://new.qq.com/rain/a/20241101A03OF600

2024-11-02 05:07:39,492 - INFO - EXPIRED
天津一中学生被十几名同学拳打脚踢，致腰椎骨折？教育局称警方已介入
https://new.qq.com/rain/a/20241101A036NX00

2024-11-02 05:07:39,492 - INFO - EXPIRED
哈里斯称做好特朗普提前宣布胜选准备，这些准备可能是什么？特朗普会提前宣布吗？
https://view.inews.qq.com/a/20241101Q03SNE00

2024-11-02 05:07:39,492 - INFO - EXPIRED
法院回应“判决书写错时间4年刑期变3年”：案件承办人被记大过处分，向当事人和家属道歉
https://new.qq.com/rain/a/20241101A04G3V00

2024-11-02 05:07:39,492 - INFO - EXPIRED
新电动车新国标限速25公里，外卖会变慢吗？能像查机动车那样查超速吗？
https://view.inews.qq.com/a/20241101Q02UTJ00

2024-11-02 05:07:39,492 - INFO - EXPIRED
男子拿刀威胁、家暴妻子，警方下家暴告诫书，只能告诫吗？不属于故意伤害吗？
https://view.inews.qq.com/a/20241101Q02VY300

2024-11-02 05:07:39,492 - INFO - EXPIRED
全国第1张火车票电子发票今日开出，“纸质火车票成为历史”引热议
https://new.qq.com/rain/a/20241101A03ZUH00

2024-11-02 05:07:39,492 - INFO - EXPIRED
俄政府对谷歌35位天文数字罚款，这个数该怎么念？这种天价罚款有何意义？
https://view.inews.qq.com/a/20241101Q02NF100

2024-11-02 05:07:39,492 - INFO - EXPIRED
A股带川字就涨、川大智胜翻倍，特朗普概念明明很离谱，为何还有很多资金去炒？
https://view.inews.qq.com/a/20241101Q04GPF00

2024-11-02 05:07:39,492 - INFO - EXPIRED
女子在广西白龙洞潜水溺亡，潜水项目负责人：她不听劝阻擅自下水
https://new.qq.com/rain/a/20241031A09HUM00

2024-11-02 05:07:39,492 - INFO - EXPIRED
监督法修正草案：明确各级人大常委会应当对政府债务进行监督
https://new.qq.com/rain/a/20241101A03E1F00

2024-11-02 05:07:39,493 - INFO - EXPIRED
河南男子投千万建厂遇办证难，状告市监局胜诉后仍未拿到证，当地通报
https://new.qq.com/rain/a/20241101A00ZOZ00

2024-11-02 05:07:39,493 - INFO - EXPIRED
中国代表在联合国安理会会议上主动出击，“先来说一说美国”
https://new.qq.com/rain/a/20241101A016GR00

2024-11-02 05:07:39,493 - INFO - EXPIRED
我国制造业领域外资准入限制措施今天起全面取消
https://new.qq.com/rain/a/20241101A044OQ00

2024-11-02 05:07:39,493 - INFO - EXPIRED
苹果财报电话会精华版：苹果开启“创新之年” 中国市场表现平稳
https://new.qq.com/rain/a/20241101A03LXS00

2024-11-02 05:07:39,493 - INFO - EXPIRED
大举撤出商场，餐饮业还有没有出路？
https://new.qq.com/rain/a/20241101A03U2000

2024-11-02 05:07:39,493 - INFO - EXPIRED
宁德时代董事局主席曾毓群斥资逾3000万港元在港买楼
https://new.qq.com/rain/a/20241101A017MO00

2024-11-02 05:07:39,493 - INFO - EXPIRED
结婚要花10万给前夫做法事烧“婚床”？女友消失，男子醒悟后报警
https://new.qq.com/rain/a/20241031A0ADWB00

2024-11-02 05:07:39,493 - INFO - EXPIRED
准备好了！11月4日迎接神十八航天员回家
https://new.qq.com/rain/a/20241101A02UJZ00

2024-11-02 05:07:39,493 - INFO - EXPIRED
在缅甸“背货”一趟赚10万？16岁少年失联2个月，父亲怀疑儿子被控制
https://new.qq.com/rain/a/20241031A09WVV00

2024-11-02 05:07:39,493 - INFO - EXPIRED
野猪泛滥，庄稼遭殃，农民杀不得又赶不走，“野猪灾”给农民带来了多大危害？
https://view.inews.qq.com/a/20241030Q0958U00

2024-11-02 05:07:39,493 - INFO - EXPIRED
明查｜德国外长近日访华遭冷落无人接机？不实
https://new.qq.com/rain/a/20241101A00TG000

2024-11-02 05:07:39,493 - INFO - EXPIRED
保卫科副科长一路升任“一把手”，四川一“落马”医院院长履历引热议
https://new.qq.com/rain/a/20241031A088DF00

2024-11-02 05:07:39,493 - INFO - EXPIRED
审议学前教育法草案等 十四届全国人大常委会第十二次会议将举行
https://new.qq.com/rain/a/20241101A036L200

2024-11-02 05:07:39,493 - INFO - EXPIRED
商务部：将会同相关部门推出一批消费领域新政策
https://new.qq.com/rain/a/20241101A02YGI00

2024-11-02 05:07:40,710 - INFO - INVALID
合肥市监局确认三只羊已全额缴纳6894万元罚款，旗下主播开始预约直播
https://new.qq.com/rain/a/20241102A03U8I00

2024-11-02 05:07:40,778 - INFO - INVALID
杭州数十名登山者擅闯别墅泳池洗鞋，媒体：鞋洗干净了，内心素养呢
https://new.qq.com/rain/a/20241102A0234700

2024-11-02 05:07:40,826 - INFO - INVALID
晨枫：双航母出动，可不只是为了拍照好看
https://new.qq.com/rain/a/20241102A02MM300

2024-11-02 05:07:40,853 - ERROR - ERROR
我国时速600公里磁悬浮列车已经下线，它和上海磁悬浮的原理一样吗？会建在哪里？
https://view.inews.qq.com/a/20241102Q03E7L00
('list index out of range',)
======
Traceback (most recent call last):
  File "/home/runner/work/qqnews/qqnews/qq.py", line 81, in process_article
    ss = str(tmpbs.select("div.LEFT div.content.clearfix")[0])
             ~~~~~~~~~~~~~~~~~~~~~~~~~~~~~~~~~~~~~~~~~~~~~^^^
IndexError: list index out of range


2024-11-02 05:07:40,946 - INFO - INVALID
女子被诱骗拘禁近5年遭强奸产女，男子曾称“把你搞来就为要个儿子”
https://new.qq.com/rain/a/20241102A026O500

2024-11-02 05:07:41,339 - INFO - INVALID
河北一高速收费站附近多车连撞，网友称大雾能见度仅10米，拥堵5小时
https://new.qq.com/rain/a/20241102A0332B00

2024-11-02 05:07:41,395 - ERROR - ERROR
赏金猎人出击：围捕野猪24小时
https://new.qq.com/rain/a/20241102V02GRL00
('list index out of range',)
======
Traceback (most recent call last):
  File "/home/runner/work/qqnews/qqnews/qq.py", line 81, in process_article
    ss = str(tmpbs.select("div.LEFT div.content.clearfix")[0])
             ~~~~~~~~~~~~~~~~~~~~~~~~~~~~~~~~~~~~~~~~~~~~~^^^
IndexError: list index out of range


2024-11-02 05:07:41,420 - INFO - INVALID
欧盟、日本首次签署“安全与防卫伙伴关系协议”，又扯台湾
https://new.qq.com/rain/a/20241102A032UB00

2024-11-02 05:07:41,489 - INFO - INVALID
赛力斯回应云南昆明问界M9事故：通过路口时为人驾状态，电门开度100%
https://new.qq.com/rain/a/20241102A03MV600

2024-11-02 05:07:41,680 - INFO - INVALID
被遗弃的新能源车主：有人交了5000元车都摸不到，有人修车只能到北京
https://new.qq.com/rain/a/20241102A02FY000

2024-11-02 05:07:41,981 - INFO - INVALID
印媒：中印两国决定脱离接触和协调巡逻后，印军重启巡逻
https://new.qq.com/rain/a/20241102A00YY000

2024-11-02 05:07:42,036 - INFO - INVALID
国家医保局：对复方阿胶浆药品追溯码重复情况开展核查
https://new.qq.com/rain/a/20241102A03NG900

2024-11-02 05:07:42,055 - INFO - INVALID
黑龙江一列车脱轨，亲历者：车厢瞬间一边高一边低，摇晃持续50秒左右
https://new.qq.com/rain/a/20241102A02U6D00

2024-11-02 05:07:42,205 - INFO - INVALID
明查｜金融大鳄索罗斯接受乌克兰军人的心脏移植？
https://new.qq.com/rain/a/20241102A014R200

2024-11-02 05:07:42,275 - INFO - INVALID
日本国土交通大臣齐藤铁夫将出任公明党党首
https://new.qq.com/rain/a/20241102A030UR00

2024-11-02 05:07:42,613 - INFO - INVALID
多地发布新一轮生育意愿调查报告：还有哪些痛点？现行政策奏效吗？
https://new.qq.com/rain/a/20241102A0131A00

2024-11-02 05:07:42,631 - INFO - INVALID
塞尔维亚火车站顶棚坍塌已致14死，总统武契奇发声
https://new.qq.com/rain/a/20241102A00VTG00

2024-11-02 05:07:42,712 - INFO - INVALID
重庆一农行女员工跳河轻生，家属称死者生前被银行恐吓？涉事银行回应
https://new.qq.com/rain/a/20241102A01CQE00

2024-11-02 05:07:42,785 - INFO - INVALID
泽连斯基：无论美国大选结果如何 乌克兰都不会割让领土
https://new.qq.com/rain/a/20241102A00KXW00

2024-11-02 05:07:43,028 - INFO - INVALID
黑龙江一列车行驶中脱轨，多节车厢倾斜乘客被疏散，官方通报
https://new.qq.com/rain/a/20241102A0000U00

2024-11-02 05:07:43,180 - INFO - INVALID
美股收盘：三大指数集体反弹 “个位数”非农确保降息路径
https://new.qq.com/rain/a/20241102A00VAM00

2024-11-02 05:07:43,214 - INFO - INVALID
芯片巨头替换：英伟达将被纳入道指，取代英特尔
https://new.qq.com/rain/a/20241102A00X3W00

2024-11-02 05:07:43,290 - INFO - INVALID
朝鲜外务省：将继续加强遏制敌对势力军事威胁
https://new.qq.com/rain/a/20241102A00X8R00

