2025-11-12 00:41:48,994 - INFO - Total time taken: {'ret': 0, 'msg': 'success', 'data': None}
2025-11-12 00:41:48,995 - INFO - 'NoneType' object is not subscriptable
2025-11-12 00:41:48,995 - INFO - Traceback (most recent call last):
  File "/home/runner/work/qqnews/qqnews/qq.py", line 128, in main
    for i in qq1["data"]["list"]:
             ~~~~~~~~~~~^^^^^^^^
TypeError: 'NoneType' object is not subscriptable

2025-11-12 02:24:48,277 - INFO - Total time taken: {'ret': 0, 'msg': 'success', 'data': None}
2025-11-12 02:24:48,277 - INFO - 'NoneType' object is not subscriptable
2025-11-12 02:24:48,277 - INFO - Traceback (most recent call last):
  File "/home/runner/work/qqnews/qqnews/qq.py", line 128, in main
    for i in qq1["data"]["list"]:
             ~~~~~~~~~~~^^^^^^^^
TypeError: 'NoneType' object is not subscriptable

2025-11-12 03:38:07,942 - INFO - Total time taken: {'ret': 0, 'msg': 'success', 'data': None}
2025-11-12 03:38:07,942 - INFO - 'NoneType' object is not subscriptable
2025-11-12 03:38:07,942 - INFO - Traceback (most recent call last):
  File "/home/runner/work/qqnews/qqnews/qq.py", line 128, in main
    for i in qq1["data"]["list"]:
             ~~~~~~~~~~~^^^^^^^^
TypeError: 'NoneType' object is not subscriptable

