2026-02-27 00:56:55,450 - INFO - Total time taken: {'ret': 0, 'msg': 'success', 'data': None}
2026-02-27 00:56:55,450 - INFO - 'NoneType' object is not subscriptable
2026-02-27 00:56:55,450 - INFO - Traceback (most recent call last):
  File "/home/runner/work/qqnews/qqnews/qq.py", line 128, in main
    for i in qq1["data"]["list"]:
             ~~~~~~~~~~~^^^^^^^^
TypeError: 'NoneType' object is not subscriptable

2026-02-27 03:24:19,770 - INFO - Total time taken: {'ret': 0, 'msg': 'success', 'data': None}
2026-02-27 03:24:19,770 - INFO - 'NoneType' object is not subscriptable
2026-02-27 03:24:19,771 - INFO - Traceback (most recent call last):
  File "/home/runner/work/qqnews/qqnews/qq.py", line 128, in main
    for i in qq1["data"]["list"]:
             ~~~~~~~~~~~^^^^^^^^
TypeError: 'NoneType' object is not subscriptable

2026-02-27 05:08:01,387 - INFO - Total time taken: {'ret': 0, 'msg': 'success', 'data': None}
2026-02-27 05:08:01,387 - INFO - 'NoneType' object is not subscriptable
2026-02-27 05:08:01,387 - INFO - Traceback (most recent call last):
  File "/home/runner/work/qqnews/qqnews/qq.py", line 128, in main
    for i in qq1["data"]["list"]:
             ~~~~~~~~~~~^^^^^^^^
TypeError: 'NoneType' object is not subscriptable

2026-02-27 06:35:46,213 - INFO - Total time taken: {'ret': 0, 'msg': 'success', 'data': None}
2026-02-27 06:35:46,213 - INFO - 'NoneType' object is not subscriptable
2026-02-27 06:35:46,213 - INFO - Traceback (most recent call last):
  File "/home/runner/work/qqnews/qqnews/qq.py", line 128, in main
    for i in qq1["data"]["list"]:
             ~~~~~~~~~~~^^^^^^^^
TypeError: 'NoneType' object is not subscriptable

2026-02-27 07:36:46,221 - INFO - Total time taken: {'ret': 0, 'msg': 'success', 'data': None}
2026-02-27 07:36:46,222 - INFO - 'NoneType' object is not subscriptable
2026-02-27 07:36:46,223 - INFO - Traceback (most recent call last):
  File "/home/runner/work/qqnews/qqnews/qq.py", line 128, in main
    for i in qq1["data"]["list"]:
             ~~~~~~~~~~~^^^^^^^^
TypeError: 'NoneType' object is not subscriptable

2026-02-27 08:26:47,271 - INFO - Total time taken: {'ret': 0, 'msg': 'success', 'data': None}
2026-02-27 08:26:47,271 - INFO - 'NoneType' object is not subscriptable
2026-02-27 08:26:47,271 - INFO - Traceback (most recent call last):
  File "/home/runner/work/qqnews/qqnews/qq.py", line 128, in main
    for i in qq1["data"]["list"]:
             ~~~~~~~~~~~^^^^^^^^
TypeError: 'NoneType' object is not subscriptable

