2026-05-04 01:23:06,876 - INFO - Total time taken: {'ret': 0, 'msg': 'success', 'data': None}
2026-05-04 01:23:06,876 - INFO - 'NoneType' object is not subscriptable
2026-05-04 01:23:06,876 - INFO - Traceback (most recent call last):
  File "/home/runner/work/qqnews/qqnews/qq.py", line 128, in main
    for i in qq1["data"]["list"]:
             ~~~~~~~~~~~^^^^^^^^
TypeError: 'NoneType' object is not subscriptable

2026-05-04 05:20:23,733 - INFO - Total time taken: {'ret': 0, 'msg': 'success', 'data': None}
2026-05-04 05:20:23,734 - INFO - 'NoneType' object is not subscriptable
2026-05-04 05:20:23,734 - INFO - Traceback (most recent call last):
  File "/home/runner/work/qqnews/qqnews/qq.py", line 128, in main
    for i in qq1["data"]["list"]:
             ~~~~~~~~~~~^^^^^^^^
TypeError: 'NoneType' object is not subscriptable

2026-05-04 08:10:13,653 - INFO - Total time taken: {'ret': 0, 'msg': 'success', 'data': None}
2026-05-04 08:10:13,653 - INFO - 'NoneType' object is not subscriptable
2026-05-04 08:10:13,653 - INFO - Traceback (most recent call last):
  File "/home/runner/work/qqnews/qqnews/qq.py", line 128, in main
    for i in qq1["data"]["list"]:
             ~~~~~~~~~~~^^^^^^^^
TypeError: 'NoneType' object is not subscriptable

2026-05-04 10:51:05,948 - INFO - Total time taken: {'ret': 0, 'msg': 'success', 'data': None}
2026-05-04 10:51:05,949 - INFO - 'NoneType' object is not subscriptable
2026-05-04 10:51:05,949 - INFO - Traceback (most recent call last):
  File "/home/runner/work/qqnews/qqnews/qq.py", line 128, in main
    for i in qq1["data"]["list"]:
             ~~~~~~~~~~~^^^^^^^^
TypeError: 'NoneType' object is not subscriptable

2026-05-04 12:15:04,892 - INFO - Total time taken: {'ret': 0, 'msg': 'success', 'data': None}
2026-05-04 12:15:04,892 - INFO - 'NoneType' object is not subscriptable
2026-05-04 12:15:04,892 - INFO - Traceback (most recent call last):
  File "/home/runner/work/qqnews/qqnews/qq.py", line 128, in main
    for i in qq1["data"]["list"]:
             ~~~~~~~~~~~^^^^^^^^
TypeError: 'NoneType' object is not subscriptable

2026-05-04 14:59:14,509 - INFO - Total time taken: {'ret': 0, 'msg': 'success', 'data': None}
2026-05-04 14:59:14,509 - INFO - 'NoneType' object is not subscriptable
2026-05-04 14:59:14,509 - INFO - Traceback (most recent call last):
  File "/home/runner/work/qqnews/qqnews/qq.py", line 128, in main
    for i in qq1["data"]["list"]:
             ~~~~~~~~~~~^^^^^^^^
TypeError: 'NoneType' object is not subscriptable

2026-05-04 16:28:10,777 - INFO - Total time taken: {'ret': 0, 'msg': 'success', 'data': None}
2026-05-04 16:28:10,777 - INFO - 'NoneType' object is not subscriptable
2026-05-04 16:28:10,778 - INFO - Traceback (most recent call last):
  File "/home/runner/work/qqnews/qqnews/qq.py", line 128, in main
    for i in qq1["data"]["list"]:
             ~~~~~~~~~~~^^^^^^^^
TypeError: 'NoneType' object is not subscriptable

2026-05-04 18:07:22,259 - INFO - Total time taken: {'ret': 0, 'msg': 'success', 'data': None}
2026-05-04 18:07:22,259 - INFO - 'NoneType' object is not subscriptable
2026-05-04 18:07:22,260 - INFO - Traceback (most recent call last):
  File "/home/runner/work/qqnews/qqnews/qq.py", line 128, in main
    for i in qq1["data"]["list"]:
             ~~~~~~~~~~~^^^^^^^^
TypeError: 'NoneType' object is not subscriptable

2026-05-04 20:07:44,762 - INFO - Total time taken: {'ret': 0, 'msg': 'success', 'data': None}
2026-05-04 20:07:44,762 - INFO - 'NoneType' object is not subscriptable
2026-05-04 20:07:44,762 - INFO - Traceback (most recent call last):
  File "/home/runner/work/qqnews/qqnews/qq.py", line 128, in main
    for i in qq1["data"]["list"]:
             ~~~~~~~~~~~^^^^^^^^
TypeError: 'NoneType' object is not subscriptable

2026-05-04 21:49:10,052 - INFO - Total time taken: {'ret': 0, 'msg': 'success', 'data': None}
2026-05-04 21:49:10,052 - INFO - 'NoneType' object is not subscriptable
2026-05-04 21:49:10,052 - INFO - Traceback (most recent call last):
  File "/home/runner/work/qqnews/qqnews/qq.py", line 128, in main
    for i in qq1["data"]["list"]:
             ~~~~~~~~~~~^^^^^^^^
TypeError: 'NoneType' object is not subscriptable

2026-05-04 22:43:42,830 - INFO - Total time taken: {'ret': 0, 'msg': 'success', 'data': None}
2026-05-04 22:43:42,830 - INFO - 'NoneType' object is not subscriptable
2026-05-04 22:43:42,830 - INFO - Traceback (most recent call last):
  File "/home/runner/work/qqnews/qqnews/qq.py", line 128, in main
    for i in qq1["data"]["list"]:
             ~~~~~~~~~~~^^^^^^^^
TypeError: 'NoneType' object is not subscriptable

2026-05-04 23:40:21,551 - INFO - Total time taken: {'ret': 0, 'msg': 'success', 'data': None}
2026-05-04 23:40:21,551 - INFO - 'NoneType' object is not subscriptable
2026-05-04 23:40:21,551 - INFO - Traceback (most recent call last):
  File "/home/runner/work/qqnews/qqnews/qq.py", line 128, in main
    for i in qq1["data"]["list"]:
             ~~~~~~~~~~~^^^^^^^^
TypeError: 'NoneType' object is not subscriptable

