2025-10-07 00:38:09,091 - INFO - Total time taken: {'ret': 0, 'msg': 'success', 'data': None}
2025-10-07 00:38:09,091 - INFO - 'NoneType' object is not subscriptable
2025-10-07 00:38:09,092 - INFO - Traceback (most recent call last):
  File "/home/runner/work/qqnews/qqnews/qq.py", line 128, in main
    for i in qq1["data"]["list"]:
             ~~~~~~~~~~~^^^^^^^^
TypeError: 'NoneType' object is not subscriptable

2025-10-07 02:14:09,930 - INFO - Total time taken: {'ret': 0, 'msg': 'success', 'data': None}
2025-10-07 02:14:09,930 - INFO - 'NoneType' object is not subscriptable
2025-10-07 02:14:09,931 - INFO - Traceback (most recent call last):
  File "/home/runner/work/qqnews/qqnews/qq.py", line 128, in main
    for i in qq1["data"]["list"]:
             ~~~~~~~~~~~^^^^^^^^
TypeError: 'NoneType' object is not subscriptable

2025-10-07 03:22:59,684 - INFO - Total time taken: {'ret': 0, 'msg': 'success', 'data': None}
2025-10-07 03:22:59,685 - INFO - 'NoneType' object is not subscriptable
2025-10-07 03:22:59,685 - INFO - Traceback (most recent call last):
  File "/home/runner/work/qqnews/qqnews/qq.py", line 128, in main
    for i in qq1["data"]["list"]:
             ~~~~~~~~~~~^^^^^^^^
TypeError: 'NoneType' object is not subscriptable

2025-10-07 04:01:23,417 - INFO - Total time taken: {'ret': 0, 'msg': 'success', 'data': None}
2025-10-07 04:01:23,417 - INFO - 'NoneType' object is not subscriptable
2025-10-07 04:01:23,417 - INFO - Traceback (most recent call last):
  File "/home/runner/work/qqnews/qqnews/qq.py", line 128, in main
    for i in qq1["data"]["list"]:
             ~~~~~~~~~~~^^^^^^^^
TypeError: 'NoneType' object is not subscriptable

2025-10-07 06:01:18,066 - INFO - Total time taken: {'ret': 0, 'msg': 'success', 'data': None}
2025-10-07 06:01:18,066 - INFO - 'NoneType' object is not subscriptable
2025-10-07 06:01:18,067 - INFO - Traceback (most recent call last):
  File "/home/runner/work/qqnews/qqnews/qq.py", line 128, in main
    for i in qq1["data"]["list"]:
             ~~~~~~~~~~~^^^^^^^^
TypeError: 'NoneType' object is not subscriptable

2025-10-07 07:01:32,917 - INFO - Total time taken: {'ret': 0, 'msg': 'success', 'data': None}
2025-10-07 07:01:32,917 - INFO - 'NoneType' object is not subscriptable
2025-10-07 07:01:32,917 - INFO - Traceback (most recent call last):
  File "/home/runner/work/qqnews/qqnews/qq.py", line 128, in main
    for i in qq1["data"]["list"]:
             ~~~~~~~~~~~^^^^^^^^
TypeError: 'NoneType' object is not subscriptable

2025-10-07 08:12:04,039 - INFO - Total time taken: {'ret': 0, 'msg': 'success', 'data': None}
2025-10-07 08:12:04,040 - INFO - 'NoneType' object is not subscriptable
2025-10-07 08:12:04,040 - INFO - Traceback (most recent call last):
  File "/home/runner/work/qqnews/qqnews/qq.py", line 128, in main
    for i in qq1["data"]["list"]:
             ~~~~~~~~~~~^^^^^^^^
TypeError: 'NoneType' object is not subscriptable

2025-10-07 09:01:26,857 - INFO - Total time taken: {'ret': 0, 'msg': 'success', 'data': None}
2025-10-07 09:01:26,857 - INFO - 'NoneType' object is not subscriptable
2025-10-07 09:01:26,858 - INFO - Traceback (most recent call last):
  File "/home/runner/work/qqnews/qqnews/qq.py", line 128, in main
    for i in qq1["data"]["list"]:
             ~~~~~~~~~~~^^^^^^^^
TypeError: 'NoneType' object is not subscriptable

2025-10-07 10:01:22,760 - INFO - Total time taken: {'ret': 0, 'msg': 'success', 'data': None}
2025-10-07 10:01:22,760 - INFO - 'NoneType' object is not subscriptable
2025-10-07 10:01:22,760 - INFO - Traceback (most recent call last):
  File "/home/runner/work/qqnews/qqnews/qq.py", line 128, in main
    for i in qq1["data"]["list"]:
             ~~~~~~~~~~~^^^^^^^^
TypeError: 'NoneType' object is not subscriptable

2025-10-07 11:01:24,706 - INFO - Total time taken: {'ret': 0, 'msg': 'success', 'data': None}
2025-10-07 11:01:24,707 - INFO - 'NoneType' object is not subscriptable
2025-10-07 11:01:24,707 - INFO - Traceback (most recent call last):
  File "/home/runner/work/qqnews/qqnews/qq.py", line 128, in main
    for i in qq1["data"]["list"]:
             ~~~~~~~~~~~^^^^^^^^
TypeError: 'NoneType' object is not subscriptable

2025-10-07 13:21:33,395 - INFO - Total time taken: {'ret': 0, 'msg': 'success', 'data': None}
2025-10-07 13:21:33,395 - INFO - 'NoneType' object is not subscriptable
2025-10-07 13:21:33,395 - INFO - Traceback (most recent call last):
  File "/home/runner/work/qqnews/qqnews/qq.py", line 128, in main
    for i in qq1["data"]["list"]:
             ~~~~~~~~~~~^^^^^^^^
TypeError: 'NoneType' object is not subscriptable

