2026-05-02 01:20:51,325 - INFO - Total time taken: {'ret': 0, 'msg': 'success', 'data': None}
2026-05-02 01:20:51,325 - INFO - 'NoneType' object is not subscriptable
2026-05-02 01:20:51,325 - INFO - Traceback (most recent call last):
  File "/home/runner/work/qqnews/qqnews/qq.py", line 128, in main
    for i in qq1["data"]["list"]:
             ~~~~~~~~~~~^^^^^^^^
TypeError: 'NoneType' object is not subscriptable

2026-05-02 04:48:18,732 - INFO - Total time taken: {'ret': 0, 'msg': 'success', 'data': None}
2026-05-02 04:48:18,733 - INFO - 'NoneType' object is not subscriptable
2026-05-02 04:48:18,733 - INFO - Traceback (most recent call last):
  File "/home/runner/work/qqnews/qqnews/qq.py", line 128, in main
    for i in qq1["data"]["list"]:
             ~~~~~~~~~~~^^^^^^^^
TypeError: 'NoneType' object is not subscriptable

2026-05-02 06:53:21,568 - INFO - Total time taken: {'ret': 0, 'msg': 'success', 'data': None}
2026-05-02 06:53:21,568 - INFO - 'NoneType' object is not subscriptable
2026-05-02 06:53:21,569 - INFO - Traceback (most recent call last):
  File "/home/runner/work/qqnews/qqnews/qq.py", line 128, in main
    for i in qq1["data"]["list"]:
             ~~~~~~~~~~~^^^^^^^^
TypeError: 'NoneType' object is not subscriptable

2026-05-02 08:14:56,184 - INFO - Total time taken: {'ret': 0, 'msg': 'success', 'data': None}
2026-05-02 08:14:56,184 - INFO - 'NoneType' object is not subscriptable
2026-05-02 08:14:56,184 - INFO - Traceback (most recent call last):
  File "/home/runner/work/qqnews/qqnews/qq.py", line 128, in main
    for i in qq1["data"]["list"]:
             ~~~~~~~~~~~^^^^^^^^
TypeError: 'NoneType' object is not subscriptable

