2025-06-18 00:42:11,864 - INFO - Total time taken: {'ret': 0, 'msg': 'success', 'data': None}
2025-06-18 00:42:11,864 - INFO - 'NoneType' object is not subscriptable
2025-06-18 00:42:11,865 - INFO - Traceback (most recent call last):
  File "/home/runner/work/qqnews/qqnews/qq.py", line 128, in main
    for i in qq1["data"]["list"]:
             ~~~~~~~~~~~^^^^^^^^
TypeError: 'NoneType' object is not subscriptable

2025-06-18 02:30:49,613 - INFO - Total time taken: {'ret': 0, 'msg': 'success', 'data': None}
2025-06-18 02:30:49,613 - INFO - 'NoneType' object is not subscriptable
2025-06-18 02:30:49,614 - INFO - Traceback (most recent call last):
  File "/home/runner/work/qqnews/qqnews/qq.py", line 128, in main
    for i in qq1["data"]["list"]:
             ~~~~~~~~~~~^^^^^^^^
TypeError: 'NoneType' object is not subscriptable

2025-06-18 03:40:30,913 - INFO - Total time taken: {'ret': 0, 'msg': 'success', 'data': None}
2025-06-18 03:40:30,913 - INFO - 'NoneType' object is not subscriptable
2025-06-18 03:40:30,914 - INFO - Traceback (most recent call last):
  File "/home/runner/work/qqnews/qqnews/qq.py", line 128, in main
    for i in qq1["data"]["list"]:
             ~~~~~~~~~~~^^^^^^^^
TypeError: 'NoneType' object is not subscriptable

2025-06-18 04:18:10,532 - INFO - Total time taken: {'ret': 0, 'msg': 'success', 'data': None}
2025-06-18 04:18:10,532 - INFO - 'NoneType' object is not subscriptable
2025-06-18 04:18:10,532 - INFO - Traceback (most recent call last):
  File "/home/runner/work/qqnews/qqnews/qq.py", line 128, in main
    for i in qq1["data"]["list"]:
             ~~~~~~~~~~~^^^^^^^^
TypeError: 'NoneType' object is not subscriptable

2025-06-18 05:10:17,758 - INFO - Total time taken: {'ret': 0, 'msg': 'success', 'data': None}
2025-06-18 05:10:17,758 - INFO - 'NoneType' object is not subscriptable
2025-06-18 05:10:17,759 - INFO - Traceback (most recent call last):
  File "/home/runner/work/qqnews/qqnews/qq.py", line 128, in main
    for i in qq1["data"]["list"]:
             ~~~~~~~~~~~^^^^^^^^
TypeError: 'NoneType' object is not subscriptable

2025-06-18 06:13:22,564 - INFO - Total time taken: {'ret': 0, 'msg': 'success', 'data': None}
2025-06-18 06:13:22,564 - INFO - 'NoneType' object is not subscriptable
2025-06-18 06:13:22,565 - INFO - Traceback (most recent call last):
  File "/home/runner/work/qqnews/qqnews/qq.py", line 128, in main
    for i in qq1["data"]["list"]:
             ~~~~~~~~~~~^^^^^^^^
TypeError: 'NoneType' object is not subscriptable

2025-06-18 07:10:14,903 - INFO - Total time taken: {'ret': 0, 'msg': 'success', 'data': None}
2025-06-18 07:10:14,903 - INFO - 'NoneType' object is not subscriptable
2025-06-18 07:10:14,904 - INFO - Traceback (most recent call last):
  File "/home/runner/work/qqnews/qqnews/qq.py", line 128, in main
    for i in qq1["data"]["list"]:
             ~~~~~~~~~~~^^^^^^^^
TypeError: 'NoneType' object is not subscriptable

2025-06-18 08:12:48,350 - INFO - Total time taken: {'ret': 0, 'msg': 'success', 'data': None}
2025-06-18 08:12:48,350 - INFO - 'NoneType' object is not subscriptable
2025-06-18 08:12:48,350 - INFO - Traceback (most recent call last):
  File "/home/runner/work/qqnews/qqnews/qq.py", line 128, in main
    for i in qq1["data"]["list"]:
             ~~~~~~~~~~~^^^^^^^^
TypeError: 'NoneType' object is not subscriptable

