2024-11-10 00:36:43,454 - INFO - EXPIRED
女子试岗第一天被暗示“陪睡”？西安警方：涉事公司总经理被处罚
https://new.qq.com/rain/a/20241109A07RAW00

2024-11-10 00:36:43,455 - INFO - EXPIRED
欧盟委员会主席：为避免美欧贸易战，欧盟可用美液化天然气取代俄供应
https://new.qq.com/rain/a/20241109A06QXA00

2024-11-10 00:36:43,455 - INFO - EXPIRED
网红夫妇回应“患传染病探店”：做了检查不存在传染病，被人恶意P图
https://new.qq.com/rain/a/20241109A07LGV00

2024-11-10 00:36:43,455 - INFO - EXPIRED
云南镇雄一村民家烧煤炭中毒致4死，亲属：一对姐弟遇难，小的才3岁多
https://new.qq.com/rain/a/20241109A07XY100

2024-11-10 00:36:43,455 - INFO - EXPIRED
河南一妇幼保健院回应更衣室暗藏摄像头：违法者被行拘，已全面排查
https://new.qq.com/rain/a/20241109A07WP900

2024-11-10 00:36:43,455 - INFO - EXPIRED
以色列球迷遭袭事件中已有63人被捕 荷兰警方将在首都增派警力
https://new.qq.com/rain/a/20241109A07ZZ800

2024-11-10 00:36:43,455 - INFO - EXPIRED
2023年黑龙江出生率全国垫底，再创历史新低
https://new.qq.com/rain/a/20241109A07NZ700

2024-11-10 00:36:43,455 - INFO - EXPIRED
在场丨身处爆火漩涡中的“听劝”女理发师：自己几斤几两心中有数，等热度过去只想老实剪发
https://new.qq.com/rain/a/20241109A07MH100

2024-11-10 00:36:43,455 - INFO - EXPIRED
福州：市县两级教育局局长，每月到中小学、幼儿园陪餐不少于一次
https://new.qq.com/rain/a/20241109A07NKB00

2024-11-10 00:36:43,455 - INFO - EXPIRED
陕西一男子投诉购车套路一年七个月无果，反遭公职人员辱骂？多方回应
https://new.qq.com/rain/a/20241109A06M0Y00

2024-11-10 00:36:43,455 - INFO - EXPIRED
大额存单进入“1”时代
https://new.qq.com/rain/a/20241109A00OM300

2024-11-10 00:36:43,455 - INFO - EXPIRED
英媒：英首相上任4个月仍未访乌，乌方失望表示，不提供远程导弹访乌毫无意义
https://new.qq.com/rain/a/20241109A07HGW00

2024-11-10 00:36:43,455 - INFO - EXPIRED
巴基斯坦火车站爆炸已致27死，袭击者身绑7至8公斤爆炸物在乘客中引爆
https://new.qq.com/rain/a/20241109A077QP00

2024-11-10 00:36:43,455 - INFO - EXPIRED
多名外贸商被判非法买卖枪支罪获刑，涉案零配件被认定为“枪支散件”
https://new.qq.com/rain/a/20241108A07PP900

2024-11-10 00:36:43,455 - INFO - EXPIRED
我国科学家发现极端森林大火频发与全球变暖形成恶性循环，科幻电影《后天》照进现实？
https://view.inews.qq.com/a/20241109Q06JLH00

2024-11-10 00:36:43,455 - INFO - EXPIRED
三大球运动会召开在即，体育总局局长高志丹赴赛事举办地调研
https://new.qq.com/rain/a/20241109A07BPT00

2024-11-10 00:36:43,455 - INFO - EXPIRED
中央点名后，南昌决心“一拆到底”
https://new.qq.com/rain/a/20241109A0601800

2024-11-10 00:36:43,455 - INFO - EXPIRED
证监会：统筹推动投资端融资端改革 吸引更多中长期资金进入资本市场
https://new.qq.com/rain/a/20241109A06M8500

2024-11-10 00:36:43,455 - INFO - EXPIRED
广西柳州拆除轻轨“幻想柱”：计划投资超186亿，亿元配套项目是空地
https://new.qq.com/rain/a/20241109A069TL00

2024-11-10 00:36:43,455 - INFO - EXPIRED
农商行员工实名举报原董事长“七宗罪”，涉事者及银行回应称不属实
https://new.qq.com/rain/a/20241109A0483Y00

2024-11-10 00:36:43,455 - INFO - EXPIRED
女子买婚房遇烂尾，儿子已25岁仍没拿到房产证，这种事只能买房人承担所有吗？
https://view.inews.qq.com/a/20241109Q0456F00

2024-11-10 00:36:43,455 - INFO - EXPIRED
博主曝河南安阳妇幼保健院更衣室暗藏摄像头 警方：已经抓到偷拍人员
https://new.qq.com/rain/a/20241109A044UI00

2024-11-10 00:36:43,455 - INFO - EXPIRED
河南4名公职人员涉酒驾死亡，目击者称车头部分“插进”大货车底盘
https://new.qq.com/rain/a/20241109A04PSN00

2024-11-10 00:36:43,455 - INFO - EXPIRED
以警方携武器进法国领地逮捕法宪兵，以方为何敢这么做？法国会怎么回击？
https://view.inews.qq.com/a/20241109Q038LI00

2024-11-10 00:36:43,455 - INFO - EXPIRED
双十一，远去的财富神话
https://new.qq.com/rain/a/20241109A05J6R00

2024-11-10 00:36:43,455 - INFO - EXPIRED
网传女子抢民警配枪？通报：警方调解纠纷，女子夺取警棍已行政处罚
https://new.qq.com/rain/a/20241109A05F6C00

2024-11-10 00:36:43,455 - INFO - EXPIRED
重庆广阳岛开发：投资超百亿修8个项目，竣工一年的会议中心还未营业
https://new.qq.com/rain/a/20241109A05H4M00

2024-11-10 00:36:43,455 - INFO - EXPIRED
外媒称卡塔尔同意将哈马斯人员驱逐出境，为何改变态度了？哈马斯还能去哪？
https://view.inews.qq.com/a/20241109Q048Y900

2024-11-10 00:36:43,455 - INFO - EXPIRED
高铁站员工被曝上班慵懒盘核桃，官方通报：对涉事员工进行严肃问责
https://new.qq.com/rain/a/20241109A04UMG00

2024-11-10 00:36:43,455 - INFO - EXPIRED
美医学研究机构43只实验猴出逃，为什么都是雌性？有什么危险性？怎么抓回来？
https://view.inews.qq.com/a/20241108Q08LSR00

2024-11-10 00:36:43,455 - INFO - EXPIRED
河南杀妻案细节：凶手提前网购剔骨刀，女方曾称只要判离婚什么都不要
https://new.qq.com/rain/a/20241109A03W1D00

2024-11-10 00:36:43,455 - INFO - EXPIRED
郑州、开封同时宣布：今晚禁行！
https://new.qq.com/rain/a/20241109A04V1200

2024-11-10 00:36:43,455 - INFO - EXPIRED
女子风雨夜跳河被救：父母要求增加30万元彩礼，男友提分手
https://new.qq.com/rain/a/20241108A09UUY00

2024-11-10 00:36:43,455 - INFO - EXPIRED
我在迪拜卖房子
https://new.qq.com/rain/a/20241109A03LBO00

2024-11-10 00:36:43,455 - INFO - EXPIRED
老人药店晕倒无人扶 店员报警后继续接待顾客引质疑 家属称老人已去世
https://new.qq.com/rain/a/20241109A024H900

2024-11-10 00:36:43,455 - INFO - EXPIRED
“夜骑开封”引发郑州交通拥堵，多个官方平台发声呼吁“降温”
https://new.qq.com/rain/a/20241109A038IJ00

2024-11-10 00:36:43,455 - INFO - EXPIRED
韩方称朝鲜对GPS进行电波干扰 朝方暂无回应
https://new.qq.com/rain/a/20241109A033KN00

2024-11-10 00:36:43,455 - INFO - EXPIRED
济南市天桥区市监局回应一份爆米花260元：属于市场调节价，明码标价即可
https://new.qq.com/rain/a/20241109A03KHB00

2024-11-10 00:36:43,455 - INFO - EXPIRED
重庆反腐！蹇泽西被查
https://new.qq.com/rain/a/20241109A02C0T00

2024-11-10 00:36:43,455 - INFO - EXPIRED
提前探秘！中国航展这些“明星”震撼剧透
https://new.qq.com/rain/a/20241109A0187I00

2024-11-10 00:36:43,455 - INFO - EXPIRED
郑州大学生夜骑开封过后：路面垃圾是往日数倍，不少单车乱停护栏倒地
https://new.qq.com/rain/a/20241109A02DGV00

2024-11-10 00:36:43,455 - INFO - EXPIRED
比亚迪极氪等南下“搅动”香港车市 代理商：像内地公司一样卷起来
https://new.qq.com/rain/a/20241109A022AC00

2024-11-10 00:36:43,455 - INFO - EXPIRED
以警方携武器进入法国领地逮捕法宪兵，法外长取消耶路撒冷行程，并将召见以大使
https://new.qq.com/rain/a/20241109A0117900

2024-11-10 00:36:43,455 - INFO - EXPIRED
海军将首次组织实装参加第十五届中国航展 多型现役装备首次公开亮相
https://new.qq.com/rain/a/20241109A0284K00

2024-11-10 00:36:43,455 - INFO - EXPIRED
成都都江堰警方：国道317线崇义段发生一起交通事故，致1人死亡
https://new.qq.com/rain/a/20241109A0201S00

2024-11-10 00:36:43,455 - INFO - EXPIRED
收两百万元未办事，退休干部被控谎称“与县领导关系好”涉诈骗受审
https://new.qq.com/rain/a/20241108A08OHB00

2024-11-10 00:36:43,455 - INFO - EXPIRED
货车撞上劳斯莱斯事件女车主粉丝破百万，网友质疑摆拍，当事双方回应
https://new.qq.com/rain/a/20241108A09LCR00

2024-11-10 00:36:43,455 - INFO - EXPIRED
国安部：境外敌对势力利用浮标充当“密探”，妄图窃取我海洋敏感数据
https://new.qq.com/rain/a/20241109A015RC00

2024-11-10 00:36:43,455 - INFO - EXPIRED
郑州大学生夜骑开封爆火，多条路段严重拥堵，被骑行大军完全占据
https://new.qq.com/rain/a/20241108A0AG9G00

2024-11-10 00:36:43,455 - INFO - EXPIRED
女子举报被名校博士以恋爱为名骗走3920万元，男方：涉嫌诽谤已报警
https://new.qq.com/rain/a/20241108A0AC3J00

2024-11-10 00:36:43,455 - INFO - EXPIRED
江西万安县3名“95后”女干部拟提名乡镇人大副职，均为在职大专学历
https://new.qq.com/rain/a/20241108A09DYR00

2024-11-10 00:36:43,456 - INFO - EXPIRED
高清大图+震撼原声！歼-35A进行中国航展第二次适应性训练
https://new.qq.com/rain/a/20241109A02G9U00

2024-11-10 00:36:43,456 - INFO - EXPIRED
美股收盘：三大指数携手再创历史新高 马斯克身价突破3000亿美元
https://new.qq.com/rain/a/20241109A010S000

2024-11-10 00:36:43,456 - INFO - EXPIRED
遭遇恶意“仅退款”的电商，决定敲开“羊毛党”的家门
https://new.qq.com/rain/a/20241108A06J4B00

2024-11-10 00:36:43,456 - INFO - EXPIRED
身处鄙视链最底层的保安：拿糊口的钱，随时受气挨骂 
https://new.qq.com/rain/a/20241108A08IR200

2024-11-10 00:36:43,456 - INFO - EXPIRED
嘉兴南湖警方通报“一农田水沟内发现尸体”：确认死者系王某某（女，60岁），排除他杀
https://new.qq.com/rain/a/20241108A0A4JZ00

2024-11-10 00:36:43,456 - INFO - EXPIRED
时速150公里，这是电动自行车？浙江舟山查获的这辆车，速度破纪录
https://new.qq.com/rain/a/20241108A08TE100

2024-11-10 00:36:43,456 - INFO - EXPIRED
一国有行原副行长被查！曾回母校演讲强调“经得住诱惑”
https://new.qq.com/rain/a/20241108A08BSA00

2024-11-10 00:36:43,456 - INFO - EXPIRED
一个“疯子”父亲，“复活”了去世3年的女儿
https://new.qq.com/rain/a/20241108A00SC800

2024-11-10 00:36:43,456 - INFO - EXPIRED
溺亡学生被通报为意外死亡后，家长称有同行学生手写“死亡真相”求谅解……
https://new.qq.com/rain/a/20241108A09UNL00

2024-11-10 00:36:43,456 - INFO - EXPIRED
小学数学教材“防自学”？真相来了
https://new.qq.com/rain/a/20241107A0A8RH00

2024-11-10 00:36:43,456 - INFO - EXPIRED
杜淳妻子王灿暴瘦仅79斤，称患上肠易激综合征，和普通肠胃炎有何区别？该怎么治？
https://view.inews.qq.com/a/20241108Q0477X00

2024-11-10 00:36:43,456 - INFO - EXPIRED
江西新余佳乐苑火灾调查结果出炉，系塑料膜剥离产生静电所致，什么机理？为何威力这么大？
https://view.inews.qq.com/a/20241108Q09UV400

2024-11-10 00:36:43,456 - INFO - EXPIRED
以色列球迷荷兰街头遭袭 以方怒称发生“大屠杀” 目击者：挑衅在先
https://new.qq.com/rain/a/20241108A092JH00

2024-11-10 00:36:43,456 - INFO - EXPIRED
普京对日本制裁表示不理解：我们没对日本做不好的事，为什么制裁俄罗斯？
https://new.qq.com/rain/a/20241108A08OFY00

2024-11-10 00:36:43,456 - INFO - EXPIRED
全国人大常委会：对严立淼、刘文杰代表的去世表示哀悼
https://new.qq.com/rain/a/20241108A095UB00

2024-11-10 00:36:43,456 - INFO - EXPIRED
女子失踪24年遗骸被发现，嫌犯承认杀人指认现场，为何仍证据不足无法批捕？
https://view.inews.qq.com/a/20241108Q05HZ300

2024-11-10 00:36:43,456 - INFO - EXPIRED
失联河南大学生联系家人称在柬埔寨赌场暗无天日，患癌妈妈将卖房救子
https://new.qq.com/rain/a/20241108A03XSN00

2024-11-10 00:36:43,456 - INFO - EXPIRED
刘伟任交通运输部部长，此前已任党组书记，65岁李小鹏卸任
https://new.qq.com/rain/a/20241108A07T0K00

2024-11-10 00:36:43,456 - INFO - EXPIRED
沈阳一载有多名大学生的大巴突发车祸，当地警方通报
https://new.qq.com/rain/a/20241108A07Q4100

2024-11-10 00:36:43,456 - INFO - EXPIRED
国常会：审议通过《关于促进外贸稳定增长的若干政策措施》，研究深化新时代养老服务改革发展有关举措
https://new.qq.com/rain/a/20241108A0900R00

2024-11-10 00:36:43,456 - INFO - EXPIRED
外交部郑重声明！坚决反对菲律宾出台“海洋区域法”和“群岛海道法”
https://new.qq.com/rain/a/20241108A071AE00

2024-11-10 00:36:43,456 - INFO - EXPIRED
“太高了，跳不下去” 亲历者讲述39人遇难火灾逃生细节
https://new.qq.com/rain/a/20241108A04OMP00

2024-11-10 00:36:43,456 - INFO - EXPIRED
直-20舰载型直升机首次公开亮相
https://new.qq.com/rain/a/20241108A074X700

2024-11-10 00:36:43,456 - INFO - EXPIRED
男子在机场与人吵架互骂，突然捂住胸口倒地，机场方面回应
https://new.qq.com/rain/a/20241108A058HB00

2024-11-10 00:36:43,456 - INFO - EXPIRED
两款五代机同框 歼-20和苏-57珠海合影来了
https://new.qq.com/rain/a/20241108A047HO00

2024-11-10 00:36:43,456 - INFO - EXPIRED
刘伟任交通运输部部长，易炼红任全国人大财政经济委员会副主任委员
https://new.qq.com/rain/a/20241108A06GG200

2024-11-10 00:36:43,456 - INFO - EXPIRED
女子失踪24年遗骸被发现，嫌疑人未被批捕，检方：证据不足，超追诉期
https://new.qq.com/rain/a/20241108A043AJ00

2024-11-10 00:36:43,456 - INFO - EXPIRED
辽宁一载有大学生的客车侧翻起火，伤者在应急车道互相搀扶？当地回应
https://new.qq.com/rain/a/20241108A05ZFC00

2024-11-10 00:36:43,456 - INFO - EXPIRED
​直播间里的闹剧：“澳门COCO姐”擦边大牌，夫妻直播打斗
https://new.qq.com/rain/a/20241108A02GMN00

2024-11-10 00:36:43,456 - INFO - EXPIRED
美前财长姆努钦建议对华加征关税，外交部：贸易战没有赢家
https://new.qq.com/rain/a/20241108A065X300

2024-11-10 00:36:43,456 - INFO - EXPIRED
十四届全国人大常委会第十二次会议在京闭幕　　表决通过学前教育法、新修订的文物保护法等　　决定任命刘伟为交通运输部部长　　习近平签署主席令　　赵乐际主持会议
https://new.qq.com/rain/a/20241108A06E9U00

2024-11-10 00:36:43,456 - INFO - EXPIRED
6万亿+4万亿！地方政府化债压力将大大减轻
https://new.qq.com/rain/a/20241108A06G3Q00

2024-11-10 00:36:43,456 - INFO - EXPIRED
腾讯一次开源两个大模型，能力还都是SOTA
https://new.qq.com/rain/a/20241108A06CN700

2024-11-10 00:36:43,456 - INFO - EXPIRED
2023年各地人口出生率：三省份超10‰，广东出生人口破百万
https://new.qq.com/rain/a/20241108A04CDN00

2024-11-10 00:36:43,456 - INFO - EXPIRED
急了？台媒：拜登政府正加速“芯片法案”拨款，可能赶在特朗普就任前给台积电等企业发钱
https://new.qq.com/rain/a/20241108A04NUO00

2024-11-10 00:36:43,456 - INFO - EXPIRED
潘曦任新疆维吾尔自治区人民政府副主席
https://new.qq.com/rain/a/20241108A05RC500

2024-11-10 00:36:43,456 - INFO - EXPIRED
上海：在依法合规、风险可控前提下，适当放宽汽车消费信贷申请条件
https://new.qq.com/rain/a/20241108A04WQQ00

2024-11-10 00:36:43,456 - INFO - EXPIRED
辽宁本溪一记录纸厂发生坍塌事故，3名施工人员经抢救无效死亡
https://new.qq.com/rain/a/20241108A04NQ400

2024-11-10 00:36:43,456 - INFO - EXPIRED
姚海军：从伐木工到被查的“科幻大佬”
https://new.qq.com/rain/a/20241108A044EX00

2024-11-10 00:36:43,456 - INFO - EXPIRED
台积电：10月销售额3142.4亿元台币，同比增长29.2％
https://new.qq.com/rain/a/20241108A04Q9K00

2024-11-10 00:36:43,456 - INFO - EXPIRED
女子航班上辱骂殴打空少还自称哈师大老师，校方：与学校没有任何关系
https://new.qq.com/rain/a/20241108A03KC700

2024-11-10 00:36:43,456 - INFO - EXPIRED
娃哈哈业绩规模拉齐十年前，宗馥莉大方派钱！向经销商发放奖励近亿元
https://new.qq.com/rain/a/20241107A0A7JF00

2024-11-10 00:36:44,251 - INFO - INVALID
国安部公布一批涉密人员失泄密案件，有人恶意陷害同事被判刑
https://new.qq.com/rain/a/20241110A01C1G00

2024-11-10 00:36:44,264 - INFO - INVALID
媒体：社平工资“被平均” 低收入者缴费负担重
https://new.qq.com/rain/a/20241110A01BP900

2024-11-10 00:36:44,271 - INFO - INVALID
“全国优秀县委书记”方志高履新，下属曾因其廉政家访后主动投案
https://new.qq.com/rain/a/20241110A01E2P00

2024-11-10 00:36:44,275 - INFO - INVALID
俄总统普京签署关于批准《俄朝全面战略伙伴关系条约》的联邦法律
https://new.qq.com/rain/a/20241110A00SXZ00

2024-11-10 00:36:44,385 - ERROR - ERROR
22岁郑钦文首进年终总决赛获亚军，这意义有多大？她哪些方面还要提升？
https://view.inews.qq.com/a/20241110Q00UOZ00
('list index out of range',)
======
Traceback (most recent call last):
  File "/home/runner/work/qqnews/qqnews/qq.py", line 81, in process_article
    ss = str(tmpbs.select("div.LEFT div.content.clearfix")[0])
             ~~~~~~~~~~~~~~~~~~~~~~~~~~~~~~~~~~~~~~~~~~~~~^^^
IndexError: list index out of range


2024-11-10 00:36:44,905 - INFO - INVALID
长春绿园区应急管理局：一居民楼发生爆燃，5人受伤送医治疗
https://new.qq.com/rain/a/20241110A01IGW00

2024-11-10 00:36:44,941 - INFO - INVALID
经济日报：存款挂牌利率跌破2%，银行大额存单还香吗
https://new.qq.com/rain/a/20241110A00UTB00

