2025-07-03 00:42:18,549 - INFO - Total time taken: {'ret': 0, 'msg': 'success', 'data': None}
2025-07-03 00:42:18,549 - INFO - 'NoneType' object is not subscriptable
2025-07-03 00:42:18,549 - INFO - Traceback (most recent call last):
  File "/home/runner/work/qqnews/qqnews/qq.py", line 128, in main
    for i in qq1["data"]["list"]:
             ~~~~~~~~~~~^^^^^^^^
TypeError: 'NoneType' object is not subscriptable

2025-07-03 02:43:02,336 - INFO - Total time taken: {'ret': 0, 'msg': 'success', 'data': None}
2025-07-03 02:43:02,336 - INFO - 'NoneType' object is not subscriptable
2025-07-03 02:43:02,336 - INFO - Traceback (most recent call last):
  File "/home/runner/work/qqnews/qqnews/qq.py", line 128, in main
    for i in qq1["data"]["list"]:
             ~~~~~~~~~~~^^^^^^^^
TypeError: 'NoneType' object is not subscriptable

2025-07-03 03:45:15,314 - INFO - Total time taken: {'ret': 0, 'msg': 'success', 'data': None}
2025-07-03 03:45:15,314 - INFO - 'NoneType' object is not subscriptable
2025-07-03 03:45:15,314 - INFO - Traceback (most recent call last):
  File "/home/runner/work/qqnews/qqnews/qq.py", line 128, in main
    for i in qq1["data"]["list"]:
             ~~~~~~~~~~~^^^^^^^^
TypeError: 'NoneType' object is not subscriptable

2025-07-03 04:21:59,312 - INFO - Total time taken: {'ret': 0, 'msg': 'success', 'data': None}
2025-07-03 04:21:59,312 - INFO - 'NoneType' object is not subscriptable
2025-07-03 04:21:59,313 - INFO - Traceback (most recent call last):
  File "/home/runner/work/qqnews/qqnews/qq.py", line 128, in main
    for i in qq1["data"]["list"]:
             ~~~~~~~~~~~^^^^^^^^
TypeError: 'NoneType' object is not subscriptable

2025-07-03 05:13:48,975 - INFO - Total time taken: {'ret': 0, 'msg': 'success', 'data': None}
2025-07-03 05:13:48,975 - INFO - 'NoneType' object is not subscriptable
2025-07-03 05:13:48,976 - INFO - Traceback (most recent call last):
  File "/home/runner/work/qqnews/qqnews/qq.py", line 128, in main
    for i in qq1["data"]["list"]:
             ~~~~~~~~~~~^^^^^^^^
TypeError: 'NoneType' object is not subscriptable

2025-07-03 06:13:53,831 - INFO - Total time taken: {'ret': 0, 'msg': 'success', 'data': None}
2025-07-03 06:13:53,831 - INFO - 'NoneType' object is not subscriptable
2025-07-03 06:13:53,831 - INFO - Traceback (most recent call last):
  File "/home/runner/work/qqnews/qqnews/qq.py", line 128, in main
    for i in qq1["data"]["list"]:
             ~~~~~~~~~~~^^^^^^^^
TypeError: 'NoneType' object is not subscriptable

