2025-09-04 00:37:15,269 - INFO - Total time taken: {'ret': 0, 'msg': 'success', 'data': None}
2025-09-04 00:37:15,269 - INFO - 'NoneType' object is not subscriptable
2025-09-04 00:37:15,269 - INFO - Traceback (most recent call last):
  File "/home/runner/work/qqnews/qqnews/qq.py", line 128, in main
    for i in qq1["data"]["list"]:
             ~~~~~~~~~~~^^^^^^^^
TypeError: 'NoneType' object is not subscriptable

2025-09-04 02:12:47,582 - INFO - Total time taken: {'ret': 0, 'msg': 'success', 'data': None}
2025-09-04 02:12:47,582 - INFO - 'NoneType' object is not subscriptable
2025-09-04 02:12:47,582 - INFO - Traceback (most recent call last):
  File "/home/runner/work/qqnews/qqnews/qq.py", line 128, in main
    for i in qq1["data"]["list"]:
             ~~~~~~~~~~~^^^^^^^^
TypeError: 'NoneType' object is not subscriptable

2025-09-04 03:20:00,841 - INFO - Total time taken: {'ret': 0, 'msg': 'success', 'data': None}
2025-09-04 03:20:00,841 - INFO - 'NoneType' object is not subscriptable
2025-09-04 03:20:00,842 - INFO - Traceback (most recent call last):
  File "/home/runner/work/qqnews/qqnews/qq.py", line 128, in main
    for i in qq1["data"]["list"]:
             ~~~~~~~~~~~^^^^^^^^
TypeError: 'NoneType' object is not subscriptable

2025-09-04 04:01:11,937 - INFO - Total time taken: {'ret': 0, 'msg': 'success', 'data': None}
2025-09-04 04:01:11,938 - INFO - 'NoneType' object is not subscriptable
2025-09-04 04:01:11,938 - INFO - Traceback (most recent call last):
  File "/home/runner/work/qqnews/qqnews/qq.py", line 128, in main
    for i in qq1["data"]["list"]:
             ~~~~~~~~~~~^^^^^^^^
TypeError: 'NoneType' object is not subscriptable

2025-09-04 05:01:20,860 - INFO - Total time taken: {'ret': 0, 'msg': 'success', 'data': None}
2025-09-04 05:01:20,860 - INFO - 'NoneType' object is not subscriptable
2025-09-04 05:01:20,861 - INFO - Traceback (most recent call last):
  File "/home/runner/work/qqnews/qqnews/qq.py", line 128, in main
    for i in qq1["data"]["list"]:
             ~~~~~~~~~~~^^^^^^^^
TypeError: 'NoneType' object is not subscriptable

2025-09-04 06:01:21,572 - INFO - Total time taken: {'ret': 0, 'msg': 'success', 'data': None}
2025-09-04 06:01:21,572 - INFO - 'NoneType' object is not subscriptable
2025-09-04 06:01:21,573 - INFO - Traceback (most recent call last):
  File "/home/runner/work/qqnews/qqnews/qq.py", line 128, in main
    for i in qq1["data"]["list"]:
             ~~~~~~~~~~~^^^^^^^^
TypeError: 'NoneType' object is not subscriptable

2025-09-04 07:01:25,221 - INFO - Total time taken: {'ret': 0, 'msg': 'success', 'data': None}
2025-09-04 07:01:25,222 - INFO - 'NoneType' object is not subscriptable
2025-09-04 07:01:25,222 - INFO - Traceback (most recent call last):
  File "/home/runner/work/qqnews/qqnews/qq.py", line 128, in main
    for i in qq1["data"]["list"]:
             ~~~~~~~~~~~^^^^^^^^
TypeError: 'NoneType' object is not subscriptable

2025-09-04 08:01:22,678 - INFO - Total time taken: {'ret': 0, 'msg': 'success', 'data': None}
2025-09-04 08:01:22,678 - INFO - 'NoneType' object is not subscriptable
2025-09-04 08:01:22,679 - INFO - Traceback (most recent call last):
  File "/home/runner/work/qqnews/qqnews/qq.py", line 128, in main
    for i in qq1["data"]["list"]:
             ~~~~~~~~~~~^^^^^^^^
TypeError: 'NoneType' object is not subscriptable

2025-09-04 09:01:20,572 - INFO - Total time taken: {'ret': 0, 'msg': 'success', 'data': None}
2025-09-04 09:01:20,572 - INFO - 'NoneType' object is not subscriptable
2025-09-04 09:01:20,573 - INFO - Traceback (most recent call last):
  File "/home/runner/work/qqnews/qqnews/qq.py", line 128, in main
    for i in qq1["data"]["list"]:
             ~~~~~~~~~~~^^^^^^^^
TypeError: 'NoneType' object is not subscriptable

2025-09-04 10:01:19,583 - INFO - Total time taken: {'ret': 0, 'msg': 'success', 'data': None}
2025-09-04 10:01:19,583 - INFO - 'NoneType' object is not subscriptable
2025-09-04 10:01:19,583 - INFO - Traceback (most recent call last):
  File "/home/runner/work/qqnews/qqnews/qq.py", line 128, in main
    for i in qq1["data"]["list"]:
             ~~~~~~~~~~~^^^^^^^^
TypeError: 'NoneType' object is not subscriptable

2025-09-04 11:01:13,552 - INFO - Total time taken: {'ret': 0, 'msg': 'success', 'data': None}
2025-09-04 11:01:13,552 - INFO - 'NoneType' object is not subscriptable
2025-09-04 11:01:13,553 - INFO - Traceback (most recent call last):
  File "/home/runner/work/qqnews/qqnews/qq.py", line 128, in main
    for i in qq1["data"]["list"]:
             ~~~~~~~~~~~^^^^^^^^
TypeError: 'NoneType' object is not subscriptable

2025-09-04 12:15:10,073 - INFO - Total time taken: {'ret': 0, 'msg': 'success', 'data': None}
2025-09-04 12:15:10,073 - INFO - 'NoneType' object is not subscriptable
2025-09-04 12:15:10,073 - INFO - Traceback (most recent call last):
  File "/home/runner/work/qqnews/qqnews/qq.py", line 128, in main
    for i in qq1["data"]["list"]:
             ~~~~~~~~~~~^^^^^^^^
TypeError: 'NoneType' object is not subscriptable

2025-09-04 13:18:22,332 - INFO - Total time taken: {'ret': 0, 'msg': 'success', 'data': None}
2025-09-04 13:18:22,333 - INFO - 'NoneType' object is not subscriptable
2025-09-04 13:18:22,333 - INFO - Traceback (most recent call last):
  File "/home/runner/work/qqnews/qqnews/qq.py", line 128, in main
    for i in qq1["data"]["list"]:
             ~~~~~~~~~~~^^^^^^^^
TypeError: 'NoneType' object is not subscriptable

2025-09-04 14:01:25,533 - INFO - Total time taken: {'ret': 0, 'msg': 'success', 'data': None}
2025-09-04 14:01:25,533 - INFO - 'NoneType' object is not subscriptable
2025-09-04 14:01:25,533 - INFO - Traceback (most recent call last):
  File "/home/runner/work/qqnews/qqnews/qq.py", line 128, in main
    for i in qq1["data"]["list"]:
             ~~~~~~~~~~~^^^^^^^^
TypeError: 'NoneType' object is not subscriptable

2025-09-04 15:01:31,409 - INFO - Total time taken: {'ret': 0, 'msg': 'success', 'data': None}
2025-09-04 15:01:31,409 - INFO - 'NoneType' object is not subscriptable
2025-09-04 15:01:31,410 - INFO - Traceback (most recent call last):
  File "/home/runner/work/qqnews/qqnews/qq.py", line 128, in main
    for i in qq1["data"]["list"]:
             ~~~~~~~~~~~^^^^^^^^
TypeError: 'NoneType' object is not subscriptable

2025-09-04 16:01:36,118 - INFO - Total time taken: {'ret': 0, 'msg': 'success', 'data': None}
2025-09-04 16:01:36,118 - INFO - 'NoneType' object is not subscriptable
2025-09-04 16:01:36,119 - INFO - Traceback (most recent call last):
  File "/home/runner/work/qqnews/qqnews/qq.py", line 128, in main
    for i in qq1["data"]["list"]:
             ~~~~~~~~~~~^^^^^^^^
TypeError: 'NoneType' object is not subscriptable

2025-09-04 17:01:31,885 - INFO - Total time taken: {'ret': 0, 'msg': 'success', 'data': None}
2025-09-04 17:01:31,885 - INFO - 'NoneType' object is not subscriptable
2025-09-04 17:01:31,886 - INFO - Traceback (most recent call last):
  File "/home/runner/work/qqnews/qqnews/qq.py", line 128, in main
    for i in qq1["data"]["list"]:
             ~~~~~~~~~~~^^^^^^^^
TypeError: 'NoneType' object is not subscriptable

2025-09-04 18:01:15,269 - INFO - Total time taken: {'ret': 0, 'msg': 'success', 'data': None}
2025-09-04 18:01:15,269 - INFO - 'NoneType' object is not subscriptable
2025-09-04 18:01:15,270 - INFO - Traceback (most recent call last):
  File "/home/runner/work/qqnews/qqnews/qq.py", line 128, in main
    for i in qq1["data"]["list"]:
             ~~~~~~~~~~~^^^^^^^^
TypeError: 'NoneType' object is not subscriptable

2025-09-04 19:01:07,131 - INFO - Total time taken: {'ret': 0, 'msg': 'success', 'data': None}
2025-09-04 19:01:07,131 - INFO - 'NoneType' object is not subscriptable
2025-09-04 19:01:07,132 - INFO - Traceback (most recent call last):
  File "/home/runner/work/qqnews/qqnews/qq.py", line 128, in main
    for i in qq1["data"]["list"]:
             ~~~~~~~~~~~^^^^^^^^
TypeError: 'NoneType' object is not subscriptable

2025-09-04 20:01:32,250 - INFO - Total time taken: {'ret': 0, 'msg': 'success', 'data': None}
2025-09-04 20:01:32,251 - INFO - 'NoneType' object is not subscriptable
2025-09-04 20:01:32,251 - INFO - Traceback (most recent call last):
  File "/home/runner/work/qqnews/qqnews/qq.py", line 128, in main
    for i in qq1["data"]["list"]:
             ~~~~~~~~~~~^^^^^^^^
TypeError: 'NoneType' object is not subscriptable

