2025-10-01 00:43:56,854 - INFO - Total time taken: {'ret': 0, 'msg': 'success', 'data': None}
2025-10-01 00:43:56,854 - INFO - 'NoneType' object is not subscriptable
2025-10-01 00:43:56,855 - INFO - Traceback (most recent call last):
  File "/home/runner/work/qqnews/qqnews/qq.py", line 128, in main
    for i in qq1["data"]["list"]:
             ~~~~~~~~~~~^^^^^^^^
TypeError: 'NoneType' object is not subscriptable

2025-10-01 02:26:08,547 - INFO - Total time taken: {'ret': 0, 'msg': 'success', 'data': None}
2025-10-01 02:26:08,547 - INFO - 'NoneType' object is not subscriptable
2025-10-01 02:26:08,548 - INFO - Traceback (most recent call last):
  File "/home/runner/work/qqnews/qqnews/qq.py", line 128, in main
    for i in qq1["data"]["list"]:
             ~~~~~~~~~~~^^^^^^^^
TypeError: 'NoneType' object is not subscriptable

2025-10-01 03:36:18,831 - INFO - Total time taken: {'ret': 0, 'msg': 'success', 'data': None}
2025-10-01 03:36:18,831 - INFO - 'NoneType' object is not subscriptable
2025-10-01 03:36:18,832 - INFO - Traceback (most recent call last):
  File "/home/runner/work/qqnews/qqnews/qq.py", line 128, in main
    for i in qq1["data"]["list"]:
             ~~~~~~~~~~~^^^^^^^^
TypeError: 'NoneType' object is not subscriptable

2025-10-01 04:01:25,171 - INFO - Total time taken: {'ret': 0, 'msg': 'success', 'data': None}
2025-10-01 04:01:25,171 - INFO - 'NoneType' object is not subscriptable
2025-10-01 04:01:25,172 - INFO - Traceback (most recent call last):
  File "/home/runner/work/qqnews/qqnews/qq.py", line 128, in main
    for i in qq1["data"]["list"]:
             ~~~~~~~~~~~^^^^^^^^
TypeError: 'NoneType' object is not subscriptable

