2025-10-23 00:39:42,618 - INFO - Total time taken: {'ret': 0, 'msg': 'success', 'data': None}
2025-10-23 00:39:42,618 - INFO - 'NoneType' object is not subscriptable
2025-10-23 00:39:42,618 - INFO - Traceback (most recent call last):
  File "/home/runner/work/qqnews/qqnews/qq.py", line 128, in main
    for i in qq1["data"]["list"]:
             ~~~~~~~~~~~^^^^^^^^
TypeError: 'NoneType' object is not subscriptable

2025-10-23 02:19:19,244 - INFO - Total time taken: {'ret': 0, 'msg': 'success', 'data': None}
2025-10-23 02:19:19,245 - INFO - 'NoneType' object is not subscriptable
2025-10-23 02:19:19,245 - INFO - Traceback (most recent call last):
  File "/home/runner/work/qqnews/qqnews/qq.py", line 128, in main
    for i in qq1["data"]["list"]:
             ~~~~~~~~~~~^^^^^^^^
TypeError: 'NoneType' object is not subscriptable

2025-10-23 03:29:25,112 - INFO - Total time taken: {'ret': 0, 'msg': 'success', 'data': None}
2025-10-23 03:29:25,112 - INFO - 'NoneType' object is not subscriptable
2025-10-23 03:29:25,113 - INFO - Traceback (most recent call last):
  File "/home/runner/work/qqnews/qqnews/qq.py", line 128, in main
    for i in qq1["data"]["list"]:
             ~~~~~~~~~~~^^^^^^^^
TypeError: 'NoneType' object is not subscriptable

2025-10-23 04:01:23,371 - INFO - Total time taken: {'ret': 0, 'msg': 'success', 'data': None}
2025-10-23 04:01:23,371 - INFO - 'NoneType' object is not subscriptable
2025-10-23 04:01:23,372 - INFO - Traceback (most recent call last):
  File "/home/runner/work/qqnews/qqnews/qq.py", line 128, in main
    for i in qq1["data"]["list"]:
             ~~~~~~~~~~~^^^^^^^^
TypeError: 'NoneType' object is not subscriptable

2025-10-23 05:01:25,878 - INFO - Total time taken: {'ret': 0, 'msg': 'success', 'data': None}
2025-10-23 05:01:25,879 - INFO - 'NoneType' object is not subscriptable
2025-10-23 05:01:25,879 - INFO - Traceback (most recent call last):
  File "/home/runner/work/qqnews/qqnews/qq.py", line 128, in main
    for i in qq1["data"]["list"]:
             ~~~~~~~~~~~^^^^^^^^
TypeError: 'NoneType' object is not subscriptable

2025-10-23 06:13:44,396 - INFO - Total time taken: {'ret': 0, 'msg': 'success', 'data': None}
2025-10-23 06:13:44,396 - INFO - 'NoneType' object is not subscriptable
2025-10-23 06:13:44,396 - INFO - Traceback (most recent call last):
  File "/home/runner/work/qqnews/qqnews/qq.py", line 128, in main
    for i in qq1["data"]["list"]:
             ~~~~~~~~~~~^^^^^^^^
TypeError: 'NoneType' object is not subscriptable

2025-10-23 07:01:25,492 - INFO - Total time taken: {'ret': 0, 'msg': 'success', 'data': None}
2025-10-23 07:01:25,492 - INFO - 'NoneType' object is not subscriptable
2025-10-23 07:01:25,492 - INFO - Traceback (most recent call last):
  File "/home/runner/work/qqnews/qqnews/qq.py", line 128, in main
    for i in qq1["data"]["list"]:
             ~~~~~~~~~~~^^^^^^^^
TypeError: 'NoneType' object is not subscriptable

2025-10-23 08:01:28,387 - INFO - Total time taken: {'ret': 0, 'msg': 'success', 'data': None}
2025-10-23 08:01:28,387 - INFO - 'NoneType' object is not subscriptable
2025-10-23 08:01:28,387 - INFO - Traceback (most recent call last):
  File "/home/runner/work/qqnews/qqnews/qq.py", line 128, in main
    for i in qq1["data"]["list"]:
             ~~~~~~~~~~~^^^^^^^^
TypeError: 'NoneType' object is not subscriptable

2025-10-23 09:01:13,063 - INFO - Total time taken: {'ret': 0, 'msg': 'success', 'data': None}
2025-10-23 09:01:13,064 - INFO - 'NoneType' object is not subscriptable
2025-10-23 09:01:13,064 - INFO - Traceback (most recent call last):
  File "/home/runner/work/qqnews/qqnews/qq.py", line 128, in main
    for i in qq1["data"]["list"]:
             ~~~~~~~~~~~^^^^^^^^
TypeError: 'NoneType' object is not subscriptable

