2025-09-27 00:37:11,029 - INFO - Total time taken: {'ret': 0, 'msg': 'success', 'data': None}
2025-09-27 00:37:11,029 - INFO - 'NoneType' object is not subscriptable
2025-09-27 00:37:11,030 - INFO - Traceback (most recent call last):
  File "/home/runner/work/qqnews/qqnews/qq.py", line 128, in main
    for i in qq1["data"]["list"]:
             ~~~~~~~~~~~^^^^^^^^
TypeError: 'NoneType' object is not subscriptable

2025-09-27 02:10:10,896 - INFO - Total time taken: {'ret': 0, 'msg': 'success', 'data': None}
2025-09-27 02:10:10,896 - INFO - 'NoneType' object is not subscriptable
2025-09-27 02:10:10,896 - INFO - Traceback (most recent call last):
  File "/home/runner/work/qqnews/qqnews/qq.py", line 128, in main
    for i in qq1["data"]["list"]:
             ~~~~~~~~~~~^^^^^^^^
TypeError: 'NoneType' object is not subscriptable

2025-09-27 03:19:44,475 - INFO - Total time taken: {'ret': 0, 'msg': 'success', 'data': None}
2025-09-27 03:19:44,476 - INFO - 'NoneType' object is not subscriptable
2025-09-27 03:19:44,476 - INFO - Traceback (most recent call last):
  File "/home/runner/work/qqnews/qqnews/qq.py", line 128, in main
    for i in qq1["data"]["list"]:
             ~~~~~~~~~~~^^^^^^^^
TypeError: 'NoneType' object is not subscriptable

