2024-08-26 00:31:06,963 - INFO - EXPIRED
一俄罗斯渡轮被击沉，乌克兰要切断通往克里米亚的俄军补给生命线
https://new.qq.com/rain/a/20240825A07BU200

2024-08-26 00:31:06,963 - INFO - EXPIRED
多地虚增财政收入背后
https://new.qq.com/rain/a/20240824A04E4S00

2024-08-26 00:31:06,963 - INFO - EXPIRED
电动车店起火致6人遇难，消防人士：电瓶和车体燃烧都会产生有毒气体
https://new.qq.com/rain/a/20240825A06MTD00

2024-08-26 00:31:06,963 - INFO - EXPIRED
《黑神话：悟空》带火山西古建游，多处国保单位首次向公众开放
https://new.qq.com/rain/a/20240825A06BSN00

2024-08-26 00:31:06,963 - INFO - EXPIRED
9岁女童1年长高9厘米查出性早熟，这种发育速度不正常吗？如何判断性早熟？
https://view.inews.qq.com/a/20240825Q0464800

2024-08-26 00:31:06,963 - INFO - EXPIRED
俄社媒电报创始人在法国被捕，梅德韦杰夫Telegram发文：祖国无法选择
https://new.qq.com/rain/a/20240825A06SEE00

2024-08-26 00:31:06,963 - INFO - EXPIRED
波音接不回的宇航员，只能让给竞争对手了
https://new.qq.com/rain/a/20240825A02MDM00

2024-08-26 00:31:06,963 - INFO - EXPIRED
“这几年骑行团的安全事故太多了”
https://new.qq.com/rain/a/20240825A05QLP00

2024-08-26 00:31:06,963 - INFO - EXPIRED
表兄妹结婚10年生育一女，女方起诉离婚 法院：属禁止结婚亲属关系
https://new.qq.com/rain/a/20240825A05D8Y00

2024-08-26 00:31:06,963 - INFO - EXPIRED
知名商超山姆“镇店之宝”翻车？有人称吃到“子弹”，官方回应
https://new.qq.com/rain/a/20240825A06W4O00

2024-08-26 00:31:06,963 - INFO - EXPIRED
员工下班后猝死在公司园区，家属称生前还被拖欠工资，工伤认定成焦点
https://new.qq.com/rain/a/20240825A074QW00

2024-08-26 00:31:06,963 - INFO - EXPIRED
男子在房内自缢身亡，警方：其曾与人持刀杀死2人、重伤4人后逃亡32年
https://new.qq.com/rain/a/20240825A05B9H00

2024-08-26 00:31:06,963 - INFO - EXPIRED
乌克兰高级顾问：有迹象表明，拜登可能想在选前对乌采取重大行动
https://new.qq.com/rain/a/20240825A06HV500

2024-08-26 00:31:06,964 - INFO - EXPIRED
中美关系风险积聚的时刻，沙利文访华见王毅要谈什么
https://new.qq.com/rain/a/20240825A0612V00

2024-08-26 00:31:06,964 - INFO - EXPIRED
雨夜，众多顾客打着伞在这家火锅店前排长队等位
https://new.qq.com/rain/a/20240825A06PYH00

2024-08-26 00:31:06,964 - INFO - EXPIRED
孙颖莎接受《面对面》专访：希望粉丝能够理智地看待输赢
https://new.qq.com/rain/a/20240825V071VB00

2024-08-26 00:31:06,964 - INFO - EXPIRED
国务院食安办通报“罐车运输食用植物油乱象问题”调查处置情况
https://new.qq.com/rain/a/20240825A069X400

2024-08-26 00:31:06,964 - INFO - EXPIRED
半夜踩着床垫飘在水上！中国游客在泰国普吉岛遇暴雨，水位淹到屁股
https://new.qq.com/rain/a/20240825V04XLO00

2024-08-26 00:31:06,964 - INFO - EXPIRED
孙杨复出首战夺男子400自由泳冠军，但他重返国家队需攻克一个难题
https://new.qq.com/rain/a/20240825A061CQ00

2024-08-26 00:31:06,964 - INFO - EXPIRED
山西介休一乡多名干部聚餐饮酒后1人死亡？乡纪委：调查期间不便沟通
https://new.qq.com/rain/a/20240825A066V900

2024-08-26 00:31:06,964 - INFO - EXPIRED
中国石化上半年净赚371亿，未来三年每年现金分红比例不低于65％
https://new.qq.com/rain/a/20240825A05Z2W00

2024-08-26 00:31:06,964 - INFO - EXPIRED
电动自行车店起火，楼上店主家6人遇难，一楼该禁电动车店吗？开在哪才安全？
https://view.inews.qq.com/a/20240824Q079KB00

2024-08-26 00:31:06,964 - INFO - EXPIRED
西安大唐不夜城半年仅赚23.53万，是正常现象吗？以后会为了赚钱收门票吗？
https://view.inews.qq.com/a/20240825Q02S1800

2024-08-26 00:31:06,964 - INFO - EXPIRED
韩国一面包车与大巴车相撞致5人罹难，其中3人为中国籍，韩警方称涉事司机“为抢黄灯”
https://new.qq.com/rain/a/20240825A05N6600

2024-08-26 00:31:06,964 - INFO - EXPIRED
前三名均是10后！全国夏季游泳锦标赛：11岁于子迪勇夺女子200蝶冠军
https://new.qq.com/rain/a/20240825A0633S00

2024-08-26 00:31:06,964 - INFO - EXPIRED
女子长沙87套房被法院拍卖，合肥还有90套，她何许人也
https://new.qq.com/rain/a/20240825A03MKD00

2024-08-26 00:31:06,964 - INFO - EXPIRED
39岁民警为救落水者牺牲，被救女子：那个警察叔叔把我推向救生绳
https://new.qq.com/rain/a/20240825A03V1V00

2024-08-26 00:31:06,964 - INFO - EXPIRED
孙杨复出首战夺冠，他这成绩如何？还能重返国家队吗？
https://view.inews.qq.com/a/20240825Q0635R00

2024-08-26 00:31:06,964 - INFO - EXPIRED
社媒“电报”创始人法国被捕，马斯克连发三遍“自由”要求释放
https://new.qq.com/rain/a/20240825A04WV700

2024-08-26 00:31:06,964 - INFO - EXPIRED
中国战队EDG获得2024无畏契约全球冠军赛总冠军！
https://new.qq.com/rain/a/20240825A06C7R00

2024-08-26 00:31:06,964 - INFO - EXPIRED
孙杨复出首战夺冠赛后激动痛哭，妻子现身决赛现场送花安慰
https://new.qq.com/rain/a/20240825A061LG00

2024-08-26 00:31:06,964 - INFO - EXPIRED
中国银行行长刘金因个人原因辞职，此前已缺席董事会会议
https://new.qq.com/rain/a/20240825A05CBL00

2024-08-26 00:31:06,964 - INFO - EXPIRED
上海房屋养老金的收费标准确定了？相关部门回应：不实
https://new.qq.com/rain/a/20240825A05G2500

2024-08-26 00:31:06,964 - INFO - EXPIRED
男子被关押1349天后无罪释放：我岳父母含恨离世，企业瘫痪损失巨大
https://new.qq.com/rain/a/20240825A001RI00

2024-08-26 00:31:06,964 - INFO - EXPIRED
杭州优化小客车调控政策：摇号48次及以上可申“久摇不中”类其他指标
https://new.qq.com/rain/a/20240825A04KW500

2024-08-26 00:31:06,964 - INFO - EXPIRED
南京一高校副科长被曝在微博发布大量“精日”言论，学校：停职
https://new.qq.com/rain/a/20240825A05BIB00

2024-08-26 00:31:06,965 - INFO - EXPIRED
每件商品最高补贴2000元！第二轮家电以旧换新实施细则发布
https://new.qq.com/rain/a/20240825A05E5X00

2024-08-26 00:31:06,965 - INFO - EXPIRED
泽连斯基在靠近乌俄边境处录制独立日演讲，选这里有何意义？这有多冒险？
https://view.inews.qq.com/a/20240825Q00QGB00

2024-08-26 00:31:06,965 - INFO - EXPIRED
华为引望再获赛力斯115亿元投资，上半年净利润达22.31亿元
https://new.qq.com/rain/a/20240825A05A2900

2024-08-26 00:31:06,965 - INFO - EXPIRED
菲船只以危险方式冲撞我海警舰艇，中方正告菲方停止侵权挑衅
https://new.qq.com/rain/a/20240825V059AW00

2024-08-26 00:31:06,965 - INFO - EXPIRED
与董宇辉对谈引热议，李娟发出“一坨声明”：感到咚大的一坨震惊
https://new.qq.com/rain/a/20240825A03EQ100

2024-08-26 00:31:06,965 - INFO - EXPIRED
证监会主席吴清：希望机构投资者继续坚定信心，持续壮大买方力量
https://new.qq.com/rain/a/20240825A04DLT00

2024-08-26 00:31:06,965 - INFO - EXPIRED
家中无人却两月用水330吨，自来水公司怀疑暗漏，这怎么发现？水费该谁掏？
https://view.inews.qq.com/a/20240825Q00QNW00

2024-08-26 00:31:06,965 - INFO - EXPIRED
“江苏宿迁商铺起火6人遇难”现场：房屋有后门 室内大量电动车被烧毁
https://new.qq.com/rain/a/20240825A03MKQ00

2024-08-26 00:31:06,965 - INFO - EXPIRED
“卡斯特罗签名版雪茄柜”百万起拍超千万成交，拍卖方称系警方委托
https://new.qq.com/rain/a/20240825A032QL00

2024-08-26 00:31:06,965 - INFO - EXPIRED
重庆一卫校组织学生聚餐每人收400元？网友看菜后吐槽不值 区教委回应
https://new.qq.com/rain/a/20240825A03UG000

2024-08-26 00:31:06,965 - INFO - EXPIRED
广西一景区“飞天魔毯”项目故障致1死60伤 景区提出“买断”赔偿方案
https://new.qq.com/rain/a/20240823A04YA400

2024-08-26 00:31:06,965 - INFO - EXPIRED
存量房贷利率降了？有网友称自己的利率由4.25%降至3.45%，媒体调研
https://new.qq.com/rain/a/20240825A0395B00

2024-08-26 00:31:06,965 - INFO - EXPIRED
药贩子被抓时囤了近30吨骗保药，我家里的有可能是回流药吗？怎么辨别？
https://view.inews.qq.com/a/20240825Q008A900

2024-08-26 00:31:06,965 - INFO - EXPIRED
网传疑似网约车司机猥亵醉酒女乘客视频，上海警方通报
https://new.qq.com/rain/a/20240825A03KON00

2024-08-26 00:31:06,965 - INFO - EXPIRED
全国高温范围极速扩大多省份气温破40度，为何今年的“秋老虎”格外凶猛？
https://view.inews.qq.com/a/20240824Q04OAB00

2024-08-26 00:31:06,965 - INFO - EXPIRED
日本米价大涨超市售空，是产量问题还是民众恐慌？会和西瓜一样稀有昂贵吗？
https://view.inews.qq.com/a/20240825Q00R1O00

2024-08-26 00:31:06,965 - INFO - EXPIRED
亚洲首例猴痘Ib变异病例出现，可通过飞沫传播
https://new.qq.com/rain/a/20240825A03W3G00

2024-08-26 00:31:06,965 - INFO - EXPIRED
杭州拱墅万达广场出售？知情人士：消息不实
https://new.qq.com/rain/a/20240825A03TI800

2024-08-26 00:31:06,965 - INFO - EXPIRED
美以涉俄为由将多家中国实体列入出口管制“实体清单”，商务部回应
https://new.qq.com/rain/a/20240825A0321Y00

2024-08-26 00:31:06,965 - INFO - EXPIRED
上海一月嫂烫伤出生27天婴儿，宝妈质疑事情没解决月嫂还能继续上户
https://new.qq.com/rain/a/20240824A078QT00

2024-08-26 00:31:06,965 - INFO - EXPIRED
TikTok在东南亚碰到硬茬了
https://new.qq.com/rain/a/20240825A011KS00

2024-08-26 00:31:06,965 - INFO - EXPIRED
女孩在水中有推人行为？民警为救落水女孩牺牲，目击者讲述事发经过
https://new.qq.com/rain/a/20240825A03A8U00

2024-08-26 00:31:06,965 - INFO - EXPIRED
网友呼吁下调景区老人减免门票年龄下限 陕西：人数众多 将进一步研究
https://new.qq.com/rain/a/20240824A06G9H00

2024-08-26 00:31:06,965 - INFO - EXPIRED
张志杰追思会在杭州举行，亲友致辞：他一半以上的时间都在球场上度过
https://new.qq.com/rain/a/20240825A024OI00

2024-08-26 00:31:06,965 - INFO - EXPIRED
日本要求香港放宽管制水产品进口，香港政府回应
https://new.qq.com/rain/a/20240824A078UU00

2024-08-26 00:31:06,965 - INFO - EXPIRED
浙江绍兴一医院眼科套取医保资金2000万，手术医生庭审坚称无罪引争议
https://new.qq.com/rain/a/20240824A05OKI00

2024-08-26 00:31:06,965 - INFO - EXPIRED
火锅店老板救人牺牲后：有人驾车2小时来就餐 有人扔下千元就走被追回
https://new.qq.com/rain/a/20240824A07GWA00

2024-08-26 00:31:06,965 - INFO - EXPIRED
外交部官员谈美国总统国家安全事务助理沙利文访华
https://new.qq.com/rain/a/20240825A02ENJ00

2024-08-26 00:31:06,965 - INFO - EXPIRED
美国顶尖纳米科学家打算来华工作，曾因与中国高校合作而被美政府判刑
https://new.qq.com/rain/a/20240825A005IE00

2024-08-26 00:31:06,965 - INFO - EXPIRED
西安大唐不夜城半年仅赚23.53万，坐拥多个爆款的曲江文旅为何亏近2亿
https://new.qq.com/rain/a/20240824A03E4Q00

2024-08-26 00:31:06,966 - INFO - EXPIRED
微软软件工程师工资曝光，AI部门薪酬遥遥领先
https://new.qq.com/rain/a/20240825A02YF800

2024-08-26 00:31:06,966 - INFO - EXPIRED
樊振东退赛引发热议，本人官方均未确认，即便为真也不代表要退役
https://new.qq.com/rain/a/20240825A03D7500

2024-08-26 00:31:06,966 - INFO - EXPIRED
物业服务不断“内卷”：99元带5天娃、免费辅导作业
https://new.qq.com/rain/a/20240824A01Q7E00

2024-08-26 00:31:06,966 - INFO - EXPIRED
周鸿祎再回应“手表不当回答”：已惩罚产品经理接一个月客服电话
https://new.qq.com/rain/a/20240825A01Q4N00

2024-08-26 00:31:06,966 - INFO - EXPIRED
银川机场受暴雨影响致航班延误断电，滞留旅客用手机照明齐唱《少年》
https://new.qq.com/rain/a/20240825A02NVY00

2024-08-26 00:31:06,966 - INFO - EXPIRED
哈里斯接受提名，“撕裂之战”进入缠斗阶段
https://new.qq.com/rain/a/20240825A00ZM900

2024-08-26 00:31:06,966 - INFO - EXPIRED
超80城支持国企等收购存量房：36城已启动征集，“去库存效果最直接”
https://new.qq.com/rain/a/20240825A01KTO00

2024-08-26 00:31:06,966 - INFO - EXPIRED
天才少年曹原发表第九篇Nature，这个成就有多厉害？发一篇Nature有多难？
https://view.inews.qq.com/a/20240824Q06OKE00

2024-08-26 00:31:06,966 - INFO - EXPIRED
团购游泳卡限45岁以下学士学位女性？涉事游泳馆被约谈：已下架产品
https://new.qq.com/rain/a/20240824A03IYQ00

2024-08-26 00:31:06,966 - INFO - EXPIRED
15岁女孩跨省看完演唱会身上只剩3毛钱，警察惊讶：这么小就出来了
https://new.qq.com/rain/a/20240825V01JC800

2024-08-26 00:31:06,966 - INFO - EXPIRED
四川汉源一女婴被村民捡到，民政局：孩子胎盘脐带均未剪，有晒伤痕迹
https://new.qq.com/rain/a/20240824A07OZS00

2024-08-26 00:31:06,966 - INFO - EXPIRED
印度女实习医生被奸杀案嫌疑人当庭翻供，双方父母都认为他是替罪羊
https://new.qq.com/rain/a/20240824A07F4W00

2024-08-26 00:31:06,966 - INFO - EXPIRED
俄罗斯主要社交媒体“电报”创始人在法国被捕，俄外交部回应
https://new.qq.com/rain/a/20240825A00WEW00

2024-08-26 00:31:06,966 - INFO - EXPIRED
外卖商铺疑似租借执照开店，北京房山回应：立案调查
https://new.qq.com/rain/a/20240825A01GA000

2024-08-26 00:31:06,966 - INFO - EXPIRED
美国2名宇航员已滞留太空2个多月，NASA：还要等半年才能回
https://new.qq.com/rain/a/20240825A00IJF00

2024-08-26 00:31:06,966 - INFO - EXPIRED
渝昆高铁在建项目架桥机导梁掉落6人遇难，架桥机为何安全隐患这么大？
https://view.inews.qq.com/a/20240824Q02NRC00

2024-08-26 00:31:06,966 - INFO - EXPIRED
三文鱼刺身隔夜返包销售 胖东来：奖励投诉者10万，补偿购买者1000元
https://new.qq.com/rain/a/20240825A004ZF00

2024-08-26 00:31:06,966 - INFO - EXPIRED
17名中国公民命丧韩国电池厂 火灾调查：因培训不足错失37秒逃生窗口
https://new.qq.com/rain/a/20240825A011XN00

2024-08-26 00:31:06,966 - INFO - EXPIRED
又有省份设立民营经济发展局，这次是“民营经济大省”浙江
https://new.qq.com/rain/a/20240824A06LM100

2024-08-26 00:31:06,966 - INFO - EXPIRED
月入8千至3万，上不封顶？女子遇家政收费入职陷阱，没培训完证下来了
https://new.qq.com/rain/a/20240824A03YBY00

2024-08-26 00:31:06,966 - INFO - EXPIRED
德国索林根市发生持刀袭击致3死 极端组织“伊斯兰国”宣称对事件负责
https://new.qq.com/rain/a/20240825A00TWR00

2024-08-26 00:31:06,966 - INFO - EXPIRED
38岁爷爷和36岁奶奶喜提亲孙，孩子曾祖母不到60，四世同堂全家沸腾 
https://new.qq.com/rain/a/20240824V02Q0G00

2024-08-26 00:31:06,966 - INFO - EXPIRED
新华视评：网红城市不是“造”出来而是“长”出来的
https://new.qq.com/rain/a/20240822A04XQQ00

2024-08-26 00:31:06,966 - INFO - EXPIRED
南京学区房降温，有小区单价从10万跌到5.3万左右
https://new.qq.com/rain/a/20240824A012LK00

2024-08-26 00:31:06,966 - INFO - EXPIRED
防止播音员“讲真话”，日本广播协会开始预录中文新闻
https://new.qq.com/rain/a/20240825A009QM00

2024-08-26 00:31:06,967 - INFO - EXPIRED
痛心！广西39岁民警救轻生女孩不幸牺牲，生前最后画面曝光
https://new.qq.com/rain/a/20240824V07AMR00

2024-08-26 00:31:06,967 - INFO - EXPIRED
央视曝光！男子3个月用医保买了15年的药，药贩子被抓时囤了近30吨药
https://new.qq.com/rain/a/20240824A07QPM00

2024-08-26 00:31:06,967 - INFO - EXPIRED
安徽发文鼓励探索垂钓实名制，官方回应：还未启动落实
https://new.qq.com/rain/a/20240824A07MBF00

2024-08-26 00:31:06,967 - INFO - EXPIRED
所有不幸都来自身高？“断骨增高”后的人：没有一天不后悔
https://new.qq.com/rain/a/20240824A027JM00

2024-08-26 00:31:07,369 - INFO - INVALID
“房屋养老金制度”再被提及，是变相的房产税吗
https://new.qq.com/rain/a/20240826A00U2F00

2024-08-26 00:31:07,381 - INFO - INVALID
危废污泥变身有机肥原材料 石家庄危废处置关口为何会层层失守
https://new.qq.com/rain/a/20240826A00TFL00

2024-08-26 00:31:07,384 - INFO - INVALID
广西桂林一男子当街踢打女子，官方：因情感问题发生争执，男子被行拘
https://new.qq.com/rain/a/20240826A00RX600

2024-08-26 00:31:07,394 - INFO - INVALID
南部战区赴瑞丽、镇康等边境一线开展临边武装巡逻和空地联合警巡
https://new.qq.com/rain/a/20240826A00W5M00

2024-08-26 00:31:07,435 - INFO - INVALID
金正恩指导朝鲜无人机性能试验
https://new.qq.com/rain/a/20240826A00JM600

2024-08-26 02:00:12,055 - INFO - EXPIRED
一俄罗斯渡轮被击沉，乌克兰要切断通往克里米亚的俄军补给生命线
https://new.qq.com/rain/a/20240825A07BU200

2024-08-26 02:00:12,055 - INFO - EXPIRED
多地虚增财政收入背后
https://new.qq.com/rain/a/20240824A04E4S00

2024-08-26 02:00:12,055 - INFO - EXPIRED
电动自行车店起火，楼上店主家6人遇难，一楼该禁电动车店吗？开在哪才安全？
https://view.inews.qq.com/a/20240825Q054IC00

2024-08-26 02:00:12,055 - INFO - EXPIRED
“中国女子普吉岛被男子竖中指引发冲突”当事人发声：对方提出私了，想道歉就算了
https://new.qq.com/rain/a/20240825A05K8A00

2024-08-26 02:00:12,055 - INFO - EXPIRED
电动车店起火致6人遇难，消防人士：电瓶和车体燃烧都会产生有毒气体
https://new.qq.com/rain/a/20240825A06MTD00

2024-08-26 02:00:12,055 - INFO - EXPIRED
俄社媒电报创始人在法国被捕，梅德韦杰夫Telegram发文：祖国无法选择
https://new.qq.com/rain/a/20240825A06SEE00

2024-08-26 02:00:12,055 - INFO - EXPIRED
网友称去西北部分景区旅游上厕所难，为何多年来都没解决？有什么好办法？
https://view.inews.qq.com/a/20240825Q03CR800

2024-08-26 02:00:12,055 - INFO - EXPIRED
波音接不回的宇航员，只能让给竞争对手了
https://new.qq.com/rain/a/20240825A02MDM00

2024-08-26 02:00:12,056 - INFO - EXPIRED
“这几年骑行团的安全事故太多了”
https://new.qq.com/rain/a/20240825A05QLP00

2024-08-26 02:00:12,056 - INFO - EXPIRED
表兄妹结婚10年生育一女，女方起诉离婚 法院：属禁止结婚亲属关系
https://new.qq.com/rain/a/20240825A05D8Y00

2024-08-26 02:00:12,056 - INFO - EXPIRED
知名商超山姆“镇店之宝”翻车？有人称吃到“子弹”，官方回应
https://new.qq.com/rain/a/20240825A06W4O00

2024-08-26 02:00:12,056 - INFO - EXPIRED
员工下班后猝死在公司园区，家属称生前还被拖欠工资，工伤认定成焦点
https://new.qq.com/rain/a/20240825A074QW00

2024-08-26 02:00:12,056 - INFO - EXPIRED
9岁女童1年长高9厘米查出性早熟，这种发育速度不正常吗？如何判断性早熟？
https://view.inews.qq.com/a/20240825Q0464800

2024-08-26 02:00:12,056 - INFO - EXPIRED
《黑神话：悟空》带火山西古建游，多处国保单位首次向公众开放
https://new.qq.com/rain/a/20240825A06BSN00

2024-08-26 02:00:12,056 - INFO - EXPIRED
男子在房内自缢身亡，警方：其曾与人持刀杀死2人、重伤4人后逃亡32年
https://new.qq.com/rain/a/20240825A05B9H00

2024-08-26 02:00:12,056 - INFO - EXPIRED
乌克兰高级顾问：有迹象表明，拜登可能想在选前对乌采取重大行动
https://new.qq.com/rain/a/20240825A06HV500

2024-08-26 02:00:12,056 - INFO - EXPIRED
中美关系风险积聚的时刻，沙利文访华见王毅要谈什么
https://new.qq.com/rain/a/20240825A0612V00

2024-08-26 02:00:12,056 - INFO - EXPIRED
雨夜，众多顾客打着伞在这家火锅店前排长队等位
https://new.qq.com/rain/a/20240825A06PYH00

2024-08-26 02:00:12,056 - INFO - EXPIRED
孙颖莎接受《面对面》专访：希望粉丝能够理智地看待输赢
https://new.qq.com/rain/a/20240825V071VB00

2024-08-26 02:00:12,056 - INFO - EXPIRED
国务院食安办通报“罐车运输食用植物油乱象问题”调查处置情况
https://new.qq.com/rain/a/20240825A069X400

2024-08-26 02:00:12,056 - INFO - EXPIRED
半夜踩着床垫飘在水上！中国游客在泰国普吉岛遇暴雨，水位淹到屁股
https://new.qq.com/rain/a/20240825V04XLO00

2024-08-26 02:00:12,056 - INFO - EXPIRED
孙杨复出首战夺男子400自由泳冠军，但他重返国家队需攻克一个难题
https://new.qq.com/rain/a/20240825A061CQ00

2024-08-26 02:00:12,056 - INFO - EXPIRED
山西介休一乡多名干部聚餐饮酒后1人死亡？乡纪委：调查期间不便沟通
https://new.qq.com/rain/a/20240825A066V900

2024-08-26 02:00:12,056 - INFO - EXPIRED
中国石化上半年净赚371亿，未来三年每年现金分红比例不低于65％
https://new.qq.com/rain/a/20240825A05Z2W00

2024-08-26 02:00:12,056 - INFO - EXPIRED
西安大唐不夜城半年仅赚23.53万，是正常现象吗？以后会为了赚钱收门票吗？
https://view.inews.qq.com/a/20240825Q02S1800

2024-08-26 02:00:12,056 - INFO - EXPIRED
韩国一面包车与大巴车相撞致5人罹难，其中3人为中国籍，韩警方称涉事司机“为抢黄灯”
https://new.qq.com/rain/a/20240825A05N6600

2024-08-26 02:00:12,056 - INFO - EXPIRED
前三名均是10后！全国夏季游泳锦标赛：11岁于子迪勇夺女子200蝶冠军
https://new.qq.com/rain/a/20240825A0633S00

2024-08-26 02:00:12,056 - INFO - EXPIRED
女子长沙87套房被法院拍卖，合肥还有90套，她何许人也
https://new.qq.com/rain/a/20240825A03MKD00

2024-08-26 02:00:12,056 - INFO - EXPIRED
39岁民警为救落水者牺牲，被救女子：那个警察叔叔把我推向救生绳
https://new.qq.com/rain/a/20240825A03V1V00

2024-08-26 02:00:12,056 - INFO - EXPIRED
孙杨复出首战夺冠，他这成绩如何？还能重返国家队吗？
https://view.inews.qq.com/a/20240825Q0635R00

2024-08-26 02:00:12,056 - INFO - EXPIRED
社媒“电报”创始人法国被捕，马斯克连发三遍“自由”要求释放
https://new.qq.com/rain/a/20240825A04WV700

2024-08-26 02:00:12,056 - INFO - EXPIRED
中国战队EDG获得2024无畏契约全球冠军赛总冠军！
https://new.qq.com/rain/a/20240825A06C7R00

2024-08-26 02:00:12,056 - INFO - EXPIRED
孙杨复出首战夺冠赛后激动痛哭，妻子现身决赛现场送花安慰
https://new.qq.com/rain/a/20240825A061LG00

2024-08-26 02:00:12,056 - INFO - EXPIRED
中国银行行长刘金因个人原因辞职，此前已缺席董事会会议
https://new.qq.com/rain/a/20240825A05CBL00

2024-08-26 02:00:12,056 - INFO - EXPIRED
上海房屋养老金的收费标准确定了？相关部门回应：不实
https://new.qq.com/rain/a/20240825A05G2500

2024-08-26 02:00:12,056 - INFO - EXPIRED
男子被关押1349天后无罪释放：我岳父母含恨离世，企业瘫痪损失巨大
https://new.qq.com/rain/a/20240825A001RI00

2024-08-26 02:00:12,056 - INFO - EXPIRED
杭州优化小客车调控政策：摇号48次及以上可申“久摇不中”类其他指标
https://new.qq.com/rain/a/20240825A04KW500

2024-08-26 02:00:12,056 - INFO - EXPIRED
南京一高校副科长被曝在微博发布大量“精日”言论，学校：停职
https://new.qq.com/rain/a/20240825A05BIB00

2024-08-26 02:00:12,056 - INFO - EXPIRED
每件商品最高补贴2000元！第二轮家电以旧换新实施细则发布
https://new.qq.com/rain/a/20240825A05E5X00

2024-08-26 02:00:12,056 - INFO - EXPIRED
泽连斯基在靠近乌俄边境处录制独立日演讲，选这里有何意义？这有多冒险？
https://view.inews.qq.com/a/20240825Q00QGB00

2024-08-26 02:00:12,056 - INFO - EXPIRED
华为引望再获赛力斯115亿元投资，上半年净利润达22.31亿元
https://new.qq.com/rain/a/20240825A05A2900

2024-08-26 02:00:12,056 - INFO - EXPIRED
菲船只以危险方式冲撞我海警舰艇，中方正告菲方停止侵权挑衅
https://new.qq.com/rain/a/20240825V059AW00

2024-08-26 02:00:12,056 - INFO - EXPIRED
与董宇辉对谈引热议，李娟发出“一坨声明”：感到咚大的一坨震惊
https://new.qq.com/rain/a/20240825A03EQ100

2024-08-26 02:00:12,056 - INFO - EXPIRED
证监会主席吴清：希望机构投资者继续坚定信心，持续壮大买方力量
https://new.qq.com/rain/a/20240825A04DLT00

2024-08-26 02:00:12,056 - INFO - EXPIRED
家中无人却两月用水330吨，自来水公司怀疑暗漏，这怎么发现？水费该谁掏？
https://view.inews.qq.com/a/20240825Q00QNW00

2024-08-26 02:00:12,056 - INFO - EXPIRED
“江苏宿迁商铺起火6人遇难”现场：房屋有后门 室内大量电动车被烧毁
https://new.qq.com/rain/a/20240825A03MKQ00

2024-08-26 02:00:12,056 - INFO - EXPIRED
“卡斯特罗签名版雪茄柜”百万起拍超千万成交，拍卖方称系警方委托
https://new.qq.com/rain/a/20240825A032QL00

2024-08-26 02:00:12,056 - INFO - EXPIRED
重庆一卫校组织学生聚餐每人收400元？网友看菜后吐槽不值 区教委回应
https://new.qq.com/rain/a/20240825A03UG000

2024-08-26 02:00:12,056 - INFO - EXPIRED
广西一景区“飞天魔毯”项目故障致1死60伤 景区提出“买断”赔偿方案
https://new.qq.com/rain/a/20240823A04YA400

2024-08-26 02:00:12,056 - INFO - EXPIRED
存量房贷利率降了？有网友称自己的利率由4.25%降至3.45%，媒体调研
https://new.qq.com/rain/a/20240825A0395B00

2024-08-26 02:00:12,056 - INFO - EXPIRED
药贩子被抓时囤了近30吨骗保药，我家里的有可能是回流药吗？怎么辨别？
https://view.inews.qq.com/a/20240825Q008A900

2024-08-26 02:00:12,056 - INFO - EXPIRED
网传疑似网约车司机猥亵醉酒女乘客视频，上海警方通报
https://new.qq.com/rain/a/20240825A03KON00

2024-08-26 02:00:12,056 - INFO - EXPIRED
全国高温范围极速扩大多省份气温破40度，为何今年的“秋老虎”格外凶猛？
https://view.inews.qq.com/a/20240824Q04OAB00

2024-08-26 02:00:12,056 - INFO - EXPIRED
日本米价大涨超市售空，是产量问题还是民众恐慌？会和西瓜一样稀有昂贵吗？
https://view.inews.qq.com/a/20240825Q00R1O00

2024-08-26 02:00:12,056 - INFO - EXPIRED
亚洲首例猴痘Ib变异病例出现，可通过飞沫传播
https://new.qq.com/rain/a/20240825A03W3G00

2024-08-26 02:00:12,056 - INFO - EXPIRED
杭州拱墅万达广场出售？知情人士：消息不实
https://new.qq.com/rain/a/20240825A03TI800

2024-08-26 02:00:12,056 - INFO - EXPIRED
美以涉俄为由将多家中国实体列入出口管制“实体清单”，商务部回应
https://new.qq.com/rain/a/20240825A0321Y00

2024-08-26 02:00:12,056 - INFO - EXPIRED
上海一月嫂烫伤出生27天婴儿，宝妈质疑事情没解决月嫂还能继续上户
https://new.qq.com/rain/a/20240824A078QT00

2024-08-26 02:00:12,056 - INFO - EXPIRED
TikTok在东南亚碰到硬茬了
https://new.qq.com/rain/a/20240825A011KS00

2024-08-26 02:00:12,056 - INFO - EXPIRED
女孩在水中有推人行为？民警为救落水女孩牺牲，目击者讲述事发经过
https://new.qq.com/rain/a/20240825A03A8U00

2024-08-26 02:00:12,056 - INFO - EXPIRED
网友呼吁下调景区老人减免门票年龄下限 陕西：人数众多 将进一步研究
https://new.qq.com/rain/a/20240824A06G9H00

2024-08-26 02:00:12,056 - INFO - EXPIRED
张志杰追思会在杭州举行，亲友致辞：他一半以上的时间都在球场上度过
https://new.qq.com/rain/a/20240825A024OI00

2024-08-26 02:00:12,056 - INFO - EXPIRED
日本要求香港放宽管制水产品进口，香港政府回应
https://new.qq.com/rain/a/20240824A078UU00

2024-08-26 02:00:12,056 - INFO - EXPIRED
浙江绍兴一医院眼科套取医保资金2000万，手术医生庭审坚称无罪引争议
https://new.qq.com/rain/a/20240824A05OKI00

2024-08-26 02:00:12,056 - INFO - EXPIRED
火锅店老板救人牺牲后：有人驾车2小时来就餐 有人扔下千元就走被追回
https://new.qq.com/rain/a/20240824A07GWA00

2024-08-26 02:00:12,056 - INFO - EXPIRED
外交部官员谈美国总统国家安全事务助理沙利文访华
https://new.qq.com/rain/a/20240825A02ENJ00

2024-08-26 02:00:12,057 - INFO - EXPIRED
美国顶尖纳米科学家打算来华工作，曾因与中国高校合作而被美政府判刑
https://new.qq.com/rain/a/20240825A005IE00

2024-08-26 02:00:12,057 - INFO - EXPIRED
西安大唐不夜城半年仅赚23.53万，坐拥多个爆款的曲江文旅为何亏近2亿
https://new.qq.com/rain/a/20240824A03E4Q00

2024-08-26 02:00:12,057 - INFO - EXPIRED
微软软件工程师工资曝光，AI部门薪酬遥遥领先
https://new.qq.com/rain/a/20240825A02YF800

2024-08-26 02:00:12,057 - INFO - EXPIRED
樊振东退赛引发热议，本人官方均未确认，即便为真也不代表要退役
https://new.qq.com/rain/a/20240825A03D7500

2024-08-26 02:00:12,057 - INFO - EXPIRED
物业服务不断“内卷”：99元带5天娃、免费辅导作业
https://new.qq.com/rain/a/20240824A01Q7E00

2024-08-26 02:00:12,057 - INFO - EXPIRED
周鸿祎再回应“手表不当回答”：已惩罚产品经理接一个月客服电话
https://new.qq.com/rain/a/20240825A01Q4N00

2024-08-26 02:00:12,057 - INFO - EXPIRED
银川机场受暴雨影响致航班延误断电，滞留旅客用手机照明齐唱《少年》
https://new.qq.com/rain/a/20240825A02NVY00

2024-08-26 02:00:12,057 - INFO - EXPIRED
哈里斯接受提名，“撕裂之战”进入缠斗阶段
https://new.qq.com/rain/a/20240825A00ZM900

2024-08-26 02:00:12,057 - INFO - EXPIRED
超80城支持国企等收购存量房：36城已启动征集，“去库存效果最直接”
https://new.qq.com/rain/a/20240825A01KTO00

2024-08-26 02:00:12,057 - INFO - EXPIRED
天才少年曹原发表第九篇Nature，这个成就有多厉害？发一篇Nature有多难？
https://view.inews.qq.com/a/20240824Q06OKE00

2024-08-26 02:00:12,057 - INFO - EXPIRED
团购游泳卡限45岁以下学士学位女性？涉事游泳馆被约谈：已下架产品
https://new.qq.com/rain/a/20240824A03IYQ00

2024-08-26 02:00:12,057 - INFO - EXPIRED
15岁女孩跨省看完演唱会身上只剩3毛钱，警察惊讶：这么小就出来了
https://new.qq.com/rain/a/20240825V01JC800

2024-08-26 02:00:12,057 - INFO - EXPIRED
四川汉源一女婴被村民捡到，民政局：孩子胎盘脐带均未剪，有晒伤痕迹
https://new.qq.com/rain/a/20240824A07OZS00

2024-08-26 02:00:12,057 - INFO - EXPIRED
印度女实习医生被奸杀案嫌疑人当庭翻供，双方父母都认为他是替罪羊
https://new.qq.com/rain/a/20240824A07F4W00

2024-08-26 02:00:12,057 - INFO - EXPIRED
俄罗斯主要社交媒体“电报”创始人在法国被捕，俄外交部回应
https://new.qq.com/rain/a/20240825A00WEW00

2024-08-26 02:00:12,057 - INFO - EXPIRED
外卖商铺疑似租借执照开店，北京房山回应：立案调查
https://new.qq.com/rain/a/20240825A01GA000

2024-08-26 02:00:12,057 - INFO - EXPIRED
美国2名宇航员已滞留太空2个多月，NASA：还要等半年才能回
https://new.qq.com/rain/a/20240825A00IJF00

2024-08-26 02:00:12,057 - INFO - EXPIRED
渝昆高铁在建项目架桥机导梁掉落6人遇难，架桥机为何安全隐患这么大？
https://view.inews.qq.com/a/20240824Q02NRC00

2024-08-26 02:00:12,057 - INFO - EXPIRED
三文鱼刺身隔夜返包销售 胖东来：奖励投诉者10万，补偿购买者1000元
https://new.qq.com/rain/a/20240825A004ZF00

2024-08-26 02:00:12,057 - INFO - EXPIRED
17名中国公民命丧韩国电池厂 火灾调查：因培训不足错失37秒逃生窗口
https://new.qq.com/rain/a/20240825A011XN00

2024-08-26 02:00:12,057 - INFO - EXPIRED
又有省份设立民营经济发展局，这次是“民营经济大省”浙江
https://new.qq.com/rain/a/20240824A06LM100

2024-08-26 02:00:12,057 - INFO - EXPIRED
月入8千至3万，上不封顶？女子遇家政收费入职陷阱，没培训完证下来了
https://new.qq.com/rain/a/20240824A03YBY00

2024-08-26 02:00:12,057 - INFO - EXPIRED
德国索林根市发生持刀袭击致3死 极端组织“伊斯兰国”宣称对事件负责
https://new.qq.com/rain/a/20240825A00TWR00

2024-08-26 02:00:12,057 - INFO - EXPIRED
38岁爷爷和36岁奶奶喜提亲孙，孩子曾祖母不到60，四世同堂全家沸腾 
https://new.qq.com/rain/a/20240824V02Q0G00

2024-08-26 02:00:12,057 - INFO - EXPIRED
新华视评：网红城市不是“造”出来而是“长”出来的
https://new.qq.com/rain/a/20240822A04XQQ00

2024-08-26 02:00:12,467 - INFO - INVALID
金正恩指导朝鲜无人机性能试验
https://new.qq.com/rain/a/20240826A00JM600

2024-08-26 02:00:12,474 - INFO - INVALID
南部战区赴瑞丽、镇康等边境一线开展临边武装巡逻和空地联合警巡
https://new.qq.com/rain/a/20240826A00W5M00

2024-08-26 02:00:12,519 - INFO - INVALID
为何输陈梦？王楚钦老看自己脸色？孙颖莎受访回应
https://new.qq.com/rain/a/20240826A00UUG00

2024-08-26 02:00:12,524 - INFO - INVALID
“房屋养老金制度”再被提及，是变相的房产税吗
https://new.qq.com/rain/a/20240826A00U2F00

2024-08-26 02:00:12,529 - INFO - INVALID
A股三大股指集体小幅高开，人工智能概念活跃
https://new.qq.com/rain/a/20240826A01M7D00

2024-08-26 02:00:12,868 - INFO - INVALID
广西桂林一男子当街踢打女子，官方：因情感问题发生争执，男子被行拘
https://new.qq.com/rain/a/20240826A00RX600

2024-08-26 02:00:12,895 - INFO - INVALID
港股开盘：恒指涨0.55%，恒生科技指数涨0.62%，哔哩哔哩涨超9%
https://new.qq.com/rain/a/20240826A01JTB00

2024-08-26 02:00:12,932 - INFO - INVALID
危废污泥变身有机肥原材料 石家庄危废处置关口为何会层层失守
https://new.qq.com/rain/a/20240826A00TFL00

2024-08-26 02:00:12,940 - INFO - INVALID
拆解深圳引望：亏损四年后首次盈利 千亿估值市盈率仍低于A股同类公司
https://new.qq.com/rain/a/20240826A01D6400

2024-08-26 02:35:56,667 - INFO - EXPIRED
俄社媒电报创始人在法国被捕，梅德韦杰夫Telegram发文：祖国无法选择
https://new.qq.com/rain/a/20240825A06SEE00

2024-08-26 02:35:56,667 - INFO - EXPIRED
“这几年骑行团的安全事故太多了”
https://new.qq.com/rain/a/20240825A05QLP00

2024-08-26 02:35:56,667 - INFO - EXPIRED
“中国女子普吉岛被男子竖中指引发冲突”当事人发声：对方提出私了，想道歉就算了
https://new.qq.com/rain/a/20240825A05K8A00

2024-08-26 02:35:56,667 - INFO - EXPIRED
员工下班后猝死在公司园区，家属称生前还被拖欠工资，工伤认定成焦点
https://new.qq.com/rain/a/20240825A074QW00

2024-08-26 02:35:56,667 - INFO - EXPIRED
知名商超山姆“镇店之宝”翻车？有人称吃到“子弹”，官方回应
https://new.qq.com/rain/a/20240825A06W4O00

2024-08-26 02:35:56,667 - INFO - EXPIRED
表兄妹结婚10年生育一女，女方起诉离婚 法院：属禁止结婚亲属关系
https://new.qq.com/rain/a/20240825A05D8Y00

2024-08-26 02:35:56,667 - INFO - EXPIRED
波音接不回的宇航员，只能让给竞争对手了
https://new.qq.com/rain/a/20240825A02MDM00

2024-08-26 02:35:56,667 - INFO - EXPIRED
电动自行车店起火，楼上店主家6人遇难，一楼该禁电动车店吗？开在哪才安全？
https://view.inews.qq.com/a/20240825Q054IC00

2024-08-26 02:35:56,667 - INFO - EXPIRED
多地虚增财政收入背后
https://new.qq.com/rain/a/20240824A04E4S00

2024-08-26 02:35:56,667 - INFO - EXPIRED
电动车店起火致6人遇难，消防人士：电瓶和车体燃烧都会产生有毒气体
https://new.qq.com/rain/a/20240825A06MTD00

2024-08-26 02:35:56,667 - INFO - EXPIRED
一俄罗斯渡轮被击沉，乌克兰要切断通往克里米亚的俄军补给生命线
https://new.qq.com/rain/a/20240825A07BU200

2024-08-26 02:35:56,667 - INFO - EXPIRED
网友称去西北部分景区旅游上厕所难，为何多年来都没解决？有什么好办法？
https://view.inews.qq.com/a/20240825Q03CR800

2024-08-26 02:35:56,667 - INFO - EXPIRED
9岁女童1年长高9厘米查出性早熟，这种发育速度不正常吗？如何判断性早熟？
https://view.inews.qq.com/a/20240825Q0464800

2024-08-26 02:35:56,667 - INFO - EXPIRED
《黑神话：悟空》带火山西古建游，多处国保单位首次向公众开放
https://new.qq.com/rain/a/20240825A06BSN00

2024-08-26 02:35:56,667 - INFO - EXPIRED
男子在房内自缢身亡，警方：其曾与人持刀杀死2人、重伤4人后逃亡32年
https://new.qq.com/rain/a/20240825A05B9H00

2024-08-26 02:35:56,667 - INFO - EXPIRED
乌克兰高级顾问：有迹象表明，拜登可能想在选前对乌采取重大行动
https://new.qq.com/rain/a/20240825A06HV500

2024-08-26 02:35:56,667 - INFO - EXPIRED
中美关系风险积聚的时刻，沙利文访华见王毅要谈什么
https://new.qq.com/rain/a/20240825A0612V00

2024-08-26 02:35:56,667 - INFO - EXPIRED
雨夜，众多顾客打着伞在这家火锅店前排长队等位
https://new.qq.com/rain/a/20240825A06PYH00

2024-08-26 02:35:56,667 - INFO - EXPIRED
孙颖莎接受《面对面》专访：希望粉丝能够理智地看待输赢
https://new.qq.com/rain/a/20240825V071VB00

2024-08-26 02:35:56,667 - INFO - EXPIRED
国务院食安办通报“罐车运输食用植物油乱象问题”调查处置情况
https://new.qq.com/rain/a/20240825A069X400

2024-08-26 02:35:56,667 - INFO - EXPIRED
半夜踩着床垫飘在水上！中国游客在泰国普吉岛遇暴雨，水位淹到屁股
https://new.qq.com/rain/a/20240825V04XLO00

2024-08-26 02:35:56,667 - INFO - EXPIRED
孙杨复出首战夺男子400自由泳冠军，但他重返国家队需攻克一个难题
https://new.qq.com/rain/a/20240825A061CQ00

2024-08-26 02:35:56,667 - INFO - EXPIRED
山西介休一乡多名干部聚餐饮酒后1人死亡？乡纪委：调查期间不便沟通
https://new.qq.com/rain/a/20240825A066V900

2024-08-26 02:35:56,667 - INFO - EXPIRED
中国石化上半年净赚371亿，未来三年每年现金分红比例不低于65％
https://new.qq.com/rain/a/20240825A05Z2W00

2024-08-26 02:35:56,667 - INFO - EXPIRED
西安大唐不夜城半年仅赚23.53万，是正常现象吗？以后会为了赚钱收门票吗？
https://view.inews.qq.com/a/20240825Q02S1800

2024-08-26 02:35:56,667 - INFO - EXPIRED
韩国一面包车与大巴车相撞致5人罹难，其中3人为中国籍，韩警方称涉事司机“为抢黄灯”
https://new.qq.com/rain/a/20240825A05N6600

2024-08-26 02:35:56,667 - INFO - EXPIRED
前三名均是10后！全国夏季游泳锦标赛：11岁于子迪勇夺女子200蝶冠军
https://new.qq.com/rain/a/20240825A0633S00

2024-08-26 02:35:56,667 - INFO - EXPIRED
女子长沙87套房被法院拍卖，合肥还有90套，她何许人也
https://new.qq.com/rain/a/20240825A03MKD00

2024-08-26 02:35:56,667 - INFO - EXPIRED
39岁民警为救落水者牺牲，被救女子：那个警察叔叔把我推向救生绳
https://new.qq.com/rain/a/20240825A03V1V00

2024-08-26 02:35:56,667 - INFO - EXPIRED
孙杨复出首战夺冠，他这成绩如何？还能重返国家队吗？
https://view.inews.qq.com/a/20240825Q0635R00

2024-08-26 02:35:56,667 - INFO - EXPIRED
社媒“电报”创始人法国被捕，马斯克连发三遍“自由”要求释放
https://new.qq.com/rain/a/20240825A04WV700

2024-08-26 02:35:56,667 - INFO - EXPIRED
中国战队EDG获得2024无畏契约全球冠军赛总冠军！
https://new.qq.com/rain/a/20240825A06C7R00

2024-08-26 02:35:56,667 - INFO - EXPIRED
孙杨复出首战夺冠赛后激动痛哭，妻子现身决赛现场送花安慰
https://new.qq.com/rain/a/20240825A061LG00

2024-08-26 02:35:56,667 - INFO - EXPIRED
中国银行行长刘金因个人原因辞职，此前已缺席董事会会议
https://new.qq.com/rain/a/20240825A05CBL00

2024-08-26 02:35:56,667 - INFO - EXPIRED
上海房屋养老金的收费标准确定了？相关部门回应：不实
https://new.qq.com/rain/a/20240825A05G2500

2024-08-26 02:35:56,667 - INFO - EXPIRED
男子被关押1349天后无罪释放：我岳父母含恨离世，企业瘫痪损失巨大
https://new.qq.com/rain/a/20240825A001RI00

2024-08-26 02:35:56,667 - INFO - EXPIRED
杭州优化小客车调控政策：摇号48次及以上可申“久摇不中”类其他指标
https://new.qq.com/rain/a/20240825A04KW500

2024-08-26 02:35:56,667 - INFO - EXPIRED
南京一高校副科长被曝在微博发布大量“精日”言论，学校：停职
https://new.qq.com/rain/a/20240825A05BIB00

2024-08-26 02:35:56,667 - INFO - EXPIRED
每件商品最高补贴2000元！第二轮家电以旧换新实施细则发布
https://new.qq.com/rain/a/20240825A05E5X00

2024-08-26 02:35:56,667 - INFO - EXPIRED
泽连斯基在靠近乌俄边境处录制独立日演讲，选这里有何意义？这有多冒险？
https://view.inews.qq.com/a/20240825Q00QGB00

2024-08-26 02:35:56,667 - INFO - EXPIRED
华为引望再获赛力斯115亿元投资，上半年净利润达22.31亿元
https://new.qq.com/rain/a/20240825A05A2900

2024-08-26 02:35:56,668 - INFO - EXPIRED
菲船只以危险方式冲撞我海警舰艇，中方正告菲方停止侵权挑衅
https://new.qq.com/rain/a/20240825V059AW00

2024-08-26 02:35:56,668 - INFO - EXPIRED
与董宇辉对谈引热议，李娟发出“一坨声明”：感到咚大的一坨震惊
https://new.qq.com/rain/a/20240825A03EQ100

2024-08-26 02:35:56,668 - INFO - EXPIRED
证监会主席吴清：希望机构投资者继续坚定信心，持续壮大买方力量
https://new.qq.com/rain/a/20240825A04DLT00

2024-08-26 02:35:56,668 - INFO - EXPIRED
家中无人却两月用水330吨，自来水公司怀疑暗漏，这怎么发现？水费该谁掏？
https://view.inews.qq.com/a/20240825Q00QNW00

2024-08-26 02:35:56,668 - INFO - EXPIRED
“江苏宿迁商铺起火6人遇难”现场：房屋有后门 室内大量电动车被烧毁
https://new.qq.com/rain/a/20240825A03MKQ00

2024-08-26 02:35:56,668 - INFO - EXPIRED
“卡斯特罗签名版雪茄柜”百万起拍超千万成交，拍卖方称系警方委托
https://new.qq.com/rain/a/20240825A032QL00

2024-08-26 02:35:56,668 - INFO - EXPIRED
重庆一卫校组织学生聚餐每人收400元？网友看菜后吐槽不值 区教委回应
https://new.qq.com/rain/a/20240825A03UG000

2024-08-26 02:35:56,668 - INFO - EXPIRED
广西一景区“飞天魔毯”项目故障致1死60伤 景区提出“买断”赔偿方案
https://new.qq.com/rain/a/20240823A04YA400

2024-08-26 02:35:56,668 - INFO - EXPIRED
存量房贷利率降了？有网友称自己的利率由4.25%降至3.45%，媒体调研
https://new.qq.com/rain/a/20240825A0395B00

2024-08-26 02:35:56,668 - INFO - EXPIRED
药贩子被抓时囤了近30吨骗保药，我家里的有可能是回流药吗？怎么辨别？
https://view.inews.qq.com/a/20240825Q008A900

2024-08-26 02:35:56,668 - INFO - EXPIRED
网传疑似网约车司机猥亵醉酒女乘客视频，上海警方通报
https://new.qq.com/rain/a/20240825A03KON00

2024-08-26 02:35:56,668 - INFO - EXPIRED
全国高温范围极速扩大多省份气温破40度，为何今年的“秋老虎”格外凶猛？
https://view.inews.qq.com/a/20240824Q04OAB00

2024-08-26 02:35:56,668 - INFO - EXPIRED
日本米价大涨超市售空，是产量问题还是民众恐慌？会和西瓜一样稀有昂贵吗？
https://view.inews.qq.com/a/20240825Q00R1O00

2024-08-26 02:35:56,668 - INFO - EXPIRED
亚洲首例猴痘Ib变异病例出现，可通过飞沫传播
https://new.qq.com/rain/a/20240825A03W3G00

2024-08-26 02:35:56,668 - INFO - EXPIRED
杭州拱墅万达广场出售？知情人士：消息不实
https://new.qq.com/rain/a/20240825A03TI800

2024-08-26 02:35:56,668 - INFO - EXPIRED
美以涉俄为由将多家中国实体列入出口管制“实体清单”，商务部回应
https://new.qq.com/rain/a/20240825A0321Y00

2024-08-26 02:35:56,668 - INFO - EXPIRED
上海一月嫂烫伤出生27天婴儿，宝妈质疑事情没解决月嫂还能继续上户
https://new.qq.com/rain/a/20240824A078QT00

2024-08-26 02:35:56,668 - INFO - EXPIRED
TikTok在东南亚碰到硬茬了
https://new.qq.com/rain/a/20240825A011KS00

2024-08-26 02:35:56,668 - INFO - EXPIRED
女孩在水中有推人行为？民警为救落水女孩牺牲，目击者讲述事发经过
https://new.qq.com/rain/a/20240825A03A8U00

2024-08-26 02:35:56,668 - INFO - EXPIRED
网友呼吁下调景区老人减免门票年龄下限 陕西：人数众多 将进一步研究
https://new.qq.com/rain/a/20240824A06G9H00

2024-08-26 02:35:56,668 - INFO - EXPIRED
张志杰追思会在杭州举行，亲友致辞：他一半以上的时间都在球场上度过
https://new.qq.com/rain/a/20240825A024OI00

2024-08-26 02:35:56,668 - INFO - EXPIRED
日本要求香港放宽管制水产品进口，香港政府回应
https://new.qq.com/rain/a/20240824A078UU00

2024-08-26 02:35:56,668 - INFO - EXPIRED
浙江绍兴一医院眼科套取医保资金2000万，手术医生庭审坚称无罪引争议
https://new.qq.com/rain/a/20240824A05OKI00

2024-08-26 02:35:56,668 - INFO - EXPIRED
火锅店老板救人牺牲后：有人驾车2小时来就餐 有人扔下千元就走被追回
https://new.qq.com/rain/a/20240824A07GWA00

2024-08-26 02:35:56,668 - INFO - EXPIRED
外交部官员谈美国总统国家安全事务助理沙利文访华
https://new.qq.com/rain/a/20240825A02ENJ00

2024-08-26 02:35:56,668 - INFO - EXPIRED
美国顶尖纳米科学家打算来华工作，曾因与中国高校合作而被美政府判刑
https://new.qq.com/rain/a/20240825A005IE00

2024-08-26 02:35:56,668 - INFO - EXPIRED
西安大唐不夜城半年仅赚23.53万，坐拥多个爆款的曲江文旅为何亏近2亿
https://new.qq.com/rain/a/20240824A03E4Q00

2024-08-26 02:35:56,668 - INFO - EXPIRED
微软软件工程师工资曝光，AI部门薪酬遥遥领先
https://new.qq.com/rain/a/20240825A02YF800

2024-08-26 02:35:56,668 - INFO - EXPIRED
樊振东退赛引发热议，本人官方均未确认，即便为真也不代表要退役
https://new.qq.com/rain/a/20240825A03D7500

2024-08-26 02:35:56,668 - INFO - EXPIRED
物业服务不断“内卷”：99元带5天娃、免费辅导作业
https://new.qq.com/rain/a/20240824A01Q7E00

2024-08-26 02:35:56,668 - INFO - EXPIRED
周鸿祎再回应“手表不当回答”：已惩罚产品经理接一个月客服电话
https://new.qq.com/rain/a/20240825A01Q4N00

2024-08-26 02:35:56,668 - INFO - EXPIRED
银川机场受暴雨影响致航班延误断电，滞留旅客用手机照明齐唱《少年》
https://new.qq.com/rain/a/20240825A02NVY00

2024-08-26 02:35:56,668 - INFO - EXPIRED
哈里斯接受提名，“撕裂之战”进入缠斗阶段
https://new.qq.com/rain/a/20240825A00ZM900

2024-08-26 02:35:56,668 - INFO - EXPIRED
超80城支持国企等收购存量房：36城已启动征集，“去库存效果最直接”
https://new.qq.com/rain/a/20240825A01KTO00

2024-08-26 02:35:56,668 - INFO - EXPIRED
天才少年曹原发表第九篇Nature，这个成就有多厉害？发一篇Nature有多难？
https://view.inews.qq.com/a/20240824Q06OKE00

2024-08-26 02:35:56,668 - INFO - EXPIRED
团购游泳卡限45岁以下学士学位女性？涉事游泳馆被约谈：已下架产品
https://new.qq.com/rain/a/20240824A03IYQ00

2024-08-26 02:35:56,668 - INFO - EXPIRED
15岁女孩跨省看完演唱会身上只剩3毛钱，警察惊讶：这么小就出来了
https://new.qq.com/rain/a/20240825V01JC800

2024-08-26 02:35:56,668 - INFO - EXPIRED
四川汉源一女婴被村民捡到，民政局：孩子胎盘脐带均未剪，有晒伤痕迹
https://new.qq.com/rain/a/20240824A07OZS00

2024-08-26 02:35:56,668 - INFO - EXPIRED
印度女实习医生被奸杀案嫌疑人当庭翻供，双方父母都认为他是替罪羊
https://new.qq.com/rain/a/20240824A07F4W00

2024-08-26 02:35:56,668 - INFO - EXPIRED
俄罗斯主要社交媒体“电报”创始人在法国被捕，俄外交部回应
https://new.qq.com/rain/a/20240825A00WEW00

2024-08-26 02:35:56,668 - INFO - EXPIRED
外卖商铺疑似租借执照开店，北京房山回应：立案调查
https://new.qq.com/rain/a/20240825A01GA000

2024-08-26 02:35:56,668 - INFO - EXPIRED
美国2名宇航员已滞留太空2个多月，NASA：还要等半年才能回
https://new.qq.com/rain/a/20240825A00IJF00

2024-08-26 02:35:56,668 - INFO - EXPIRED
渝昆高铁在建项目架桥机导梁掉落6人遇难，架桥机为何安全隐患这么大？
https://view.inews.qq.com/a/20240824Q02NRC00

2024-08-26 02:35:56,668 - INFO - EXPIRED
三文鱼刺身隔夜返包销售 胖东来：奖励投诉者10万，补偿购买者1000元
https://new.qq.com/rain/a/20240825A004ZF00

2024-08-26 02:35:56,668 - INFO - EXPIRED
17名中国公民命丧韩国电池厂 火灾调查：因培训不足错失37秒逃生窗口
https://new.qq.com/rain/a/20240825A011XN00

2024-08-26 02:35:57,785 - INFO - INVALID
危废污泥变身有机肥原材料 石家庄危废处置关口为何会层层失守
https://new.qq.com/rain/a/20240826A00TFL00

2024-08-26 02:35:57,790 - INFO - INVALID
财政部：1-7月证券交易印花税收入576亿元 同比下降55%
https://new.qq.com/rain/a/20240826A02GHW00

2024-08-26 02:35:57,795 - INFO - INVALID
住建部官媒发声：房屋养老金不是房地产税 公共账户不需要老百姓出钱
https://new.qq.com/rain/a/20240826A02CD700

2024-08-26 02:35:57,798 - INFO - INVALID
改口了？美媒：特朗普称若当选可能无法让马斯克在内阁任职，原因是他日程繁忙
https://new.qq.com/rain/a/20240826A0230700

2024-08-26 02:35:57,873 - INFO - INVALID
菲船只故意冲撞中国海警舰艇，专家：企图进一步坐实“南海仲裁裁决”
https://new.qq.com/rain/a/20240826A0107I00

2024-08-26 02:35:58,139 - INFO - INVALID
分歧巨大！新一轮加沙停火谈判仍未能达成任何协议
https://new.qq.com/rain/a/20240826A028X700

2024-08-26 02:35:58,150 - INFO - INVALID
广西桂林一男子当街踢打女子，官方：因情感问题发生争执，男子被行拘
https://new.qq.com/rain/a/20240826A00RX600

2024-08-26 02:35:58,154 - INFO - INVALID
拆解深圳引望：亏损四年后首次盈利 千亿估值市盈率仍低于A股同类公司
https://new.qq.com/rain/a/20240826A01D6400

2024-08-26 02:35:58,163 - INFO - INVALID
A股三大股指集体小幅高开，人工智能概念活跃
https://new.qq.com/rain/a/20240826A01M7D00

2024-08-26 02:35:58,288 - INFO - INVALID
港股开盘：恒指涨0.55%，恒生科技指数涨0.62%，哔哩哔哩涨超9%
https://new.qq.com/rain/a/20240826A01JTB00

2024-08-26 02:35:58,500 - INFO - INVALID
为何输陈梦？王楚钦老看自己脸色？孙颖莎受访回应
https://new.qq.com/rain/a/20240826A00UUG00

2024-08-26 02:35:58,511 - INFO - INVALID
“房屋养老金制度”再被提及，是变相的房产税吗
https://new.qq.com/rain/a/20240826A00U2F00

2024-08-26 02:35:58,581 - INFO - INVALID
南部战区赴瑞丽、镇康等边境一线开展临边武装巡逻和空地联合警巡
https://new.qq.com/rain/a/20240826A00W5M00

2024-08-26 02:35:58,871 - INFO - INVALID
金正恩指导朝鲜无人机性能试验
https://new.qq.com/rain/a/20240826A00JM600

2024-08-26 03:09:19,795 - INFO - EXPIRED
俄社媒电报创始人在法国被捕，梅德韦杰夫在该平台发文：祖国无法选择
https://new.qq.com/rain/a/20240825A06SEE00

2024-08-26 03:09:19,795 - INFO - EXPIRED
“这几年骑行团的安全事故太多了”
https://new.qq.com/rain/a/20240825A05QLP00

2024-08-26 03:09:19,795 - INFO - EXPIRED
男孩在女卫生间偷窥，家长竟称“看看怎么了”，这暴露出哪些家庭教育问题？
https://view.inews.qq.com/a/20240825Q06DTY00

2024-08-26 03:09:19,795 - INFO - EXPIRED
女子航空托运法斗犬，不料当天收到爱犬死亡噩耗 网络平台：托运店因“证件问题”已被屏蔽
https://new.qq.com/rain/a/20240825A05WPH00

2024-08-26 03:09:19,795 - INFO - EXPIRED
“中国女子普吉岛被男子竖中指引发冲突”当事人发声：对方提出私了，想道歉就算了
https://new.qq.com/rain/a/20240825A05K8A00

2024-08-26 03:09:19,795 - INFO - EXPIRED
员工下班后猝死在公司园区，家属称生前还被拖欠工资，工伤认定成焦点
https://new.qq.com/rain/a/20240825A074QW00

2024-08-26 03:09:19,796 - INFO - EXPIRED
知名商超山姆“镇店之宝”翻车？有人称吃到“子弹”，官方回应
https://new.qq.com/rain/a/20240825A06W4O00

2024-08-26 03:09:19,796 - INFO - EXPIRED
表兄妹结婚10年生育一女，女方起诉离婚 法院：属禁止结婚亲属关系
https://new.qq.com/rain/a/20240825A05D8Y00

2024-08-26 03:09:19,796 - INFO - EXPIRED
波音接不回的宇航员，只能让给竞争对手了
https://new.qq.com/rain/a/20240825A02MDM00

2024-08-26 03:09:19,796 - INFO - EXPIRED
电动自行车店起火，楼上店主家6人遇难，一楼该禁电动车店吗？开在哪才安全？
https://view.inews.qq.com/a/20240825Q054IC00

2024-08-26 03:09:19,796 - INFO - EXPIRED
多地虚增财政收入背后
https://new.qq.com/rain/a/20240824A04E4S00

2024-08-26 03:09:19,796 - INFO - EXPIRED
电动车店起火致6人遇难，消防人士：电瓶和车体燃烧都会产生有毒气体
https://new.qq.com/rain/a/20240825A06MTD00

2024-08-26 03:09:19,796 - INFO - EXPIRED
一俄罗斯渡轮被击沉，乌克兰要切断通往克里米亚的俄军补给生命线
https://new.qq.com/rain/a/20240825A07BU200

2024-08-26 03:09:19,796 - INFO - EXPIRED
网友称去西北部分景区旅游上厕所难，为何多年来都没解决？有什么好办法？
https://view.inews.qq.com/a/20240825Q03CR800

2024-08-26 03:09:19,796 - INFO - EXPIRED
9岁女童1年长高9厘米查出性早熟，这种发育速度不正常吗？如何判断性早熟？
https://view.inews.qq.com/a/20240825Q0464800

2024-08-26 03:09:19,796 - INFO - EXPIRED
《黑神话：悟空》带火山西古建游，多处国保单位首次向公众开放
https://new.qq.com/rain/a/20240825A06BSN00

2024-08-26 03:09:19,796 - INFO - EXPIRED
男子在房内自缢身亡，警方：其曾与人持刀杀死2人、重伤4人后逃亡32年
https://new.qq.com/rain/a/20240825A05B9H00

2024-08-26 03:09:19,796 - INFO - EXPIRED
乌克兰高级顾问：有迹象表明，拜登可能想在选前对乌采取重大行动
https://new.qq.com/rain/a/20240825A06HV500

2024-08-26 03:09:19,796 - INFO - EXPIRED
中美关系风险积聚的时刻，沙利文访华见王毅要谈什么
https://new.qq.com/rain/a/20240825A0612V00

2024-08-26 03:09:19,796 - INFO - EXPIRED
雨夜，众多顾客打着伞在这家火锅店前排长队等位
https://new.qq.com/rain/a/20240825A06PYH00

2024-08-26 03:09:19,796 - INFO - EXPIRED
孙颖莎接受《面对面》专访：希望粉丝能够理智地看待输赢
https://new.qq.com/rain/a/20240825V071VB00

2024-08-26 03:09:19,796 - INFO - EXPIRED
国务院食安办通报“罐车运输食用植物油乱象问题”调查处置情况
https://new.qq.com/rain/a/20240825A069X400

2024-08-26 03:09:19,796 - INFO - EXPIRED
半夜踩着床垫飘在水上！中国游客在泰国普吉岛遇暴雨，水位淹到屁股
https://new.qq.com/rain/a/20240825V04XLO00

2024-08-26 03:09:19,796 - INFO - EXPIRED
孙杨复出首战夺男子400自由泳冠军，但他重返国家队需攻克一个难题
https://new.qq.com/rain/a/20240825A061CQ00

2024-08-26 03:09:19,796 - INFO - EXPIRED
山西介休一乡多名干部聚餐饮酒后1人死亡？乡纪委：调查期间不便沟通
https://new.qq.com/rain/a/20240825A066V900

2024-08-26 03:09:19,796 - INFO - EXPIRED
中国石化上半年净赚371亿，未来三年每年现金分红比例不低于65％
https://new.qq.com/rain/a/20240825A05Z2W00

2024-08-26 03:09:19,796 - INFO - EXPIRED
西安大唐不夜城半年仅赚23.53万，是正常现象吗？以后会为了赚钱收门票吗？
https://view.inews.qq.com/a/20240825Q02S1800

2024-08-26 03:09:19,796 - INFO - EXPIRED
韩国一面包车与大巴车相撞致5人罹难，其中3人为中国籍，韩警方称涉事司机“为抢黄灯”
https://new.qq.com/rain/a/20240825A05N6600

2024-08-26 03:09:19,796 - INFO - EXPIRED
前三名均是10后！全国夏季游泳锦标赛：11岁于子迪勇夺女子200蝶冠军
https://new.qq.com/rain/a/20240825A0633S00

2024-08-26 03:09:19,796 - INFO - EXPIRED
女子长沙87套房被法院拍卖，合肥还有90套，她何许人也
https://new.qq.com/rain/a/20240825A03MKD00

2024-08-26 03:09:19,796 - INFO - EXPIRED
39岁民警为救落水者牺牲，被救女子：那个警察叔叔把我推向救生绳
https://new.qq.com/rain/a/20240825A03V1V00

2024-08-26 03:09:19,796 - INFO - EXPIRED
孙杨复出首战夺冠，他这成绩如何？还能重返国家队吗？
https://view.inews.qq.com/a/20240825Q0635R00

2024-08-26 03:09:19,796 - INFO - EXPIRED
社媒“电报”创始人法国被捕，马斯克连发三遍“自由”要求释放
https://new.qq.com/rain/a/20240825A04WV700

2024-08-26 03:09:19,796 - INFO - EXPIRED
中国战队EDG获得2024无畏契约全球冠军赛总冠军！
https://new.qq.com/rain/a/20240825A06C7R00

2024-08-26 03:09:19,796 - INFO - EXPIRED
孙杨复出首战夺冠赛后激动痛哭，妻子现身决赛现场送花安慰
https://new.qq.com/rain/a/20240825A061LG00

2024-08-26 03:09:19,796 - INFO - EXPIRED
中国银行行长刘金因个人原因辞职，此前已缺席董事会会议
https://new.qq.com/rain/a/20240825A05CBL00

2024-08-26 03:09:19,796 - INFO - EXPIRED
上海房屋养老金的收费标准确定了？相关部门回应：不实
https://new.qq.com/rain/a/20240825A05G2500

2024-08-26 03:09:19,796 - INFO - EXPIRED
男子被关押1349天后无罪释放：我岳父母含恨离世，企业瘫痪损失巨大
https://new.qq.com/rain/a/20240825A001RI00

2024-08-26 03:09:19,796 - INFO - EXPIRED
杭州优化小客车调控政策：摇号48次及以上可申“久摇不中”类其他指标
https://new.qq.com/rain/a/20240825A04KW500

2024-08-26 03:09:19,796 - INFO - EXPIRED
南京一高校副科长被曝在微博发布大量“精日”言论，学校：停职
https://new.qq.com/rain/a/20240825A05BIB00

2024-08-26 03:09:19,796 - INFO - EXPIRED
每件商品最高补贴2000元！第二轮家电以旧换新实施细则发布
https://new.qq.com/rain/a/20240825A05E5X00

2024-08-26 03:09:19,796 - INFO - EXPIRED
泽连斯基在靠近乌俄边境处录制独立日演讲，选这里有何意义？这有多冒险？
https://view.inews.qq.com/a/20240825Q00QGB00

2024-08-26 03:09:19,796 - INFO - EXPIRED
华为引望再获赛力斯115亿元投资，上半年净利润达22.31亿元
https://new.qq.com/rain/a/20240825A05A2900

2024-08-26 03:09:19,796 - INFO - EXPIRED
菲船只以危险方式冲撞我海警舰艇，中方正告菲方停止侵权挑衅
https://new.qq.com/rain/a/20240825V059AW00

2024-08-26 03:09:19,796 - INFO - EXPIRED
与董宇辉对谈引热议，李娟发出“一坨声明”：感到咚大的一坨震惊
https://new.qq.com/rain/a/20240825A03EQ100

2024-08-26 03:09:19,796 - INFO - EXPIRED
证监会主席吴清：希望机构投资者继续坚定信心，持续壮大买方力量
https://new.qq.com/rain/a/20240825A04DLT00

2024-08-26 03:09:19,796 - INFO - EXPIRED
家中无人却两月用水330吨，自来水公司怀疑暗漏，这怎么发现？水费该谁掏？
https://view.inews.qq.com/a/20240825Q00QNW00

2024-08-26 03:09:19,796 - INFO - EXPIRED
“江苏宿迁商铺起火6人遇难”现场：房屋有后门 室内大量电动车被烧毁
https://new.qq.com/rain/a/20240825A03MKQ00

2024-08-26 03:09:19,796 - INFO - EXPIRED
“卡斯特罗签名版雪茄柜”百万起拍超千万成交，拍卖方称系警方委托
https://new.qq.com/rain/a/20240825A032QL00

2024-08-26 03:09:19,796 - INFO - EXPIRED
重庆一卫校组织学生聚餐每人收400元？网友看菜后吐槽不值 区教委回应
https://new.qq.com/rain/a/20240825A03UG000

2024-08-26 03:09:19,796 - INFO - EXPIRED
广西一景区“飞天魔毯”项目故障致1死60伤 景区提出“买断”赔偿方案
https://new.qq.com/rain/a/20240823A04YA400

2024-08-26 03:09:19,796 - INFO - EXPIRED
存量房贷利率降了？有网友称自己的利率由4.25%降至3.45%，媒体调研
https://new.qq.com/rain/a/20240825A0395B00

2024-08-26 03:09:19,796 - INFO - EXPIRED
药贩子被抓时囤了近30吨骗保药，我家里的有可能是回流药吗？怎么辨别？
https://view.inews.qq.com/a/20240825Q008A900

2024-08-26 03:09:19,796 - INFO - EXPIRED
网传疑似网约车司机猥亵醉酒女乘客视频，上海警方通报
https://new.qq.com/rain/a/20240825A03KON00

2024-08-26 03:09:19,796 - INFO - EXPIRED
全国高温范围极速扩大多省份气温破40度，为何今年的“秋老虎”格外凶猛？
https://view.inews.qq.com/a/20240824Q04OAB00

2024-08-26 03:09:19,796 - INFO - EXPIRED
日本米价大涨超市售空，是产量问题还是民众恐慌？会和西瓜一样稀有昂贵吗？
https://view.inews.qq.com/a/20240825Q00R1O00

2024-08-26 03:09:19,796 - INFO - EXPIRED
亚洲首例猴痘Ib变异病例出现，可通过飞沫传播
https://new.qq.com/rain/a/20240825A03W3G00

2024-08-26 03:09:19,797 - INFO - EXPIRED
杭州拱墅万达广场出售？知情人士：消息不实
https://new.qq.com/rain/a/20240825A03TI800

2024-08-26 03:09:19,797 - INFO - EXPIRED
美以涉俄为由将多家中国实体列入出口管制“实体清单”，商务部回应
https://new.qq.com/rain/a/20240825A0321Y00

2024-08-26 03:09:19,797 - INFO - EXPIRED
上海一月嫂烫伤出生27天婴儿，宝妈质疑事情没解决月嫂还能继续上户
https://new.qq.com/rain/a/20240824A078QT00

2024-08-26 03:09:19,797 - INFO - EXPIRED
TikTok在东南亚碰到硬茬了
https://new.qq.com/rain/a/20240825A011KS00

2024-08-26 03:09:19,797 - INFO - EXPIRED
女孩在水中有推人行为？民警为救落水女孩牺牲，目击者讲述事发经过
https://new.qq.com/rain/a/20240825A03A8U00

2024-08-26 03:09:19,797 - INFO - EXPIRED
网友呼吁下调景区老人减免门票年龄下限 陕西：人数众多 将进一步研究
https://new.qq.com/rain/a/20240824A06G9H00

2024-08-26 03:09:19,797 - INFO - EXPIRED
张志杰追思会在杭州举行，亲友致辞：他一半以上的时间都在球场上度过
https://new.qq.com/rain/a/20240825A024OI00

2024-08-26 03:09:19,797 - INFO - EXPIRED
日本要求香港放宽管制水产品进口，香港政府回应
https://new.qq.com/rain/a/20240824A078UU00

2024-08-26 03:09:19,797 - INFO - EXPIRED
浙江绍兴一医院眼科套取医保资金2000万，手术医生庭审坚称无罪引争议
https://new.qq.com/rain/a/20240824A05OKI00

2024-08-26 03:09:19,797 - INFO - EXPIRED
火锅店老板救人牺牲后：有人驾车2小时来就餐 有人扔下千元就走被追回
https://new.qq.com/rain/a/20240824A07GWA00

2024-08-26 03:09:19,797 - INFO - EXPIRED
外交部官员谈美国总统国家安全事务助理沙利文访华
https://new.qq.com/rain/a/20240825A02ENJ00

2024-08-26 03:09:19,797 - INFO - EXPIRED
美国顶尖纳米科学家打算来华工作，曾因与中国高校合作而被美政府判刑
https://new.qq.com/rain/a/20240825A005IE00

2024-08-26 03:09:19,797 - INFO - EXPIRED
西安大唐不夜城半年仅赚23.53万，坐拥多个爆款的曲江文旅为何亏近2亿
https://new.qq.com/rain/a/20240824A03E4Q00

2024-08-26 03:09:19,797 - INFO - EXPIRED
微软软件工程师工资曝光，AI部门薪酬遥遥领先
https://new.qq.com/rain/a/20240825A02YF800

2024-08-26 03:09:19,797 - INFO - EXPIRED
樊振东退赛引发热议，本人官方均未确认，即便为真也不代表要退役
https://new.qq.com/rain/a/20240825A03D7500

2024-08-26 03:09:19,797 - INFO - EXPIRED
物业服务不断“内卷”：99元带5天娃、免费辅导作业
https://new.qq.com/rain/a/20240824A01Q7E00

2024-08-26 03:09:19,797 - INFO - EXPIRED
周鸿祎再回应“手表不当回答”：已惩罚产品经理接一个月客服电话
https://new.qq.com/rain/a/20240825A01Q4N00

2024-08-26 03:09:19,797 - INFO - EXPIRED
银川机场受暴雨影响致航班延误断电，滞留旅客用手机照明齐唱《少年》
https://new.qq.com/rain/a/20240825A02NVY00

2024-08-26 03:09:19,797 - INFO - EXPIRED
哈里斯接受提名，“撕裂之战”进入缠斗阶段
https://new.qq.com/rain/a/20240825A00ZM900

2024-08-26 03:09:19,797 - INFO - EXPIRED
超80城支持国企等收购存量房：36城已启动征集，“去库存效果最直接”
https://new.qq.com/rain/a/20240825A01KTO00

2024-08-26 03:09:19,797 - INFO - EXPIRED
天才少年曹原发表第九篇Nature，这个成就有多厉害？发一篇Nature有多难？
https://view.inews.qq.com/a/20240824Q06OKE00

2024-08-26 03:09:19,797 - INFO - EXPIRED
团购游泳卡限45岁以下学士学位女性？涉事游泳馆被约谈：已下架产品
https://new.qq.com/rain/a/20240824A03IYQ00

2024-08-26 03:09:19,797 - INFO - EXPIRED
15岁女孩跨省看完演唱会身上只剩3毛钱，警察惊讶：这么小就出来了
https://new.qq.com/rain/a/20240825V01JC800

2024-08-26 03:09:19,797 - INFO - EXPIRED
四川汉源一女婴被村民捡到，民政局：孩子胎盘脐带均未剪，有晒伤痕迹
https://new.qq.com/rain/a/20240824A07OZS00

2024-08-26 03:09:19,797 - INFO - EXPIRED
印度女实习医生被奸杀案嫌疑人当庭翻供，双方父母都认为他是替罪羊
https://new.qq.com/rain/a/20240824A07F4W00

2024-08-26 03:09:20,190 - INFO - INVALID
解放军某部定于8月27日至29日位中缅边境我方一侧组织实兵实弹演习
https://new.qq.com/rain/a/20240826A02O1A00

2024-08-26 03:09:20,205 - INFO - INVALID
国家医保局：财政补助和个人缴费标准分别较上年增加30元和20元
https://new.qq.com/rain/a/20240826A02OAS00

2024-08-26 03:09:20,249 - INFO - INVALID
改口了？美媒：特朗普称若当选可能无法让马斯克在内阁任职，原因是他日程繁忙
https://new.qq.com/rain/a/20240826A0230700

2024-08-26 03:09:20,255 - INFO - INVALID
山西介休多名干部聚餐饮酒后1人死亡？媒体质疑为何3个月还没调查清楚
https://new.qq.com/rain/a/20240826A02CXJ00

2024-08-26 03:09:20,430 - INFO - INVALID
财政部：地方政府债务风险得到整体缓解 隐性债务规模逐步下降
https://new.qq.com/rain/a/20240826A02M4I00

2024-08-26 03:09:20,460 - INFO - INVALID
分歧巨大！新一轮加沙停火谈判仍未能达成任何协议
https://new.qq.com/rain/a/20240826A028X700

2024-08-26 03:09:20,494 - INFO - INVALID
广西桂林一男子当街踢打女子，官方：因情感问题发生争执，男子被行拘
https://new.qq.com/rain/a/20240826A00RX600

2024-08-26 03:09:20,558 - INFO - INVALID
公益直饮水设施成“洗脚池”？如此游园不可取
https://new.qq.com/rain/a/20240826A02N3K00

2024-08-26 03:09:20,578 - INFO - INVALID
财政部：1-7月印花税收入2120亿元，同比下降20.9%
https://new.qq.com/rain/a/20240826A02I5P00

2024-08-26 03:09:20,662 - INFO - INVALID
拆解深圳引望：亏损四年后首次盈利 千亿估值市盈率仍低于A股同类公司
https://new.qq.com/rain/a/20240826A01D6400

2024-08-26 03:09:20,709 - INFO - INVALID
A股三大股指集体小幅高开，人工智能概念活跃
https://new.qq.com/rain/a/20240826A01M7D00

2024-08-26 03:09:20,729 - INFO - INVALID
港股开盘：恒指涨0.55%，恒生科技指数涨0.62%，哔哩哔哩涨超9%
https://new.qq.com/rain/a/20240826A01JTB00

2024-08-26 03:09:20,807 - INFO - INVALID
危废污泥变身有机肥原材料 石家庄危废处置关口为何会层层失守
https://new.qq.com/rain/a/20240826A00TFL00

2024-08-26 03:09:20,900 - INFO - INVALID
南部战区赴瑞丽、镇康等边境一线开展临边武装巡逻和空地联合警巡
https://new.qq.com/rain/a/20240826A00W5M00

2024-08-26 03:09:20,946 - INFO - INVALID
为何输陈梦？王楚钦老看自己脸色？孙颖莎受访回应
https://new.qq.com/rain/a/20240826A00UUG00

2024-08-26 03:09:20,967 - INFO - INVALID
金正恩指导朝鲜无人机性能试验
https://new.qq.com/rain/a/20240826A00JM600

2024-08-26 03:09:20,987 - INFO - INVALID
菲船只故意冲撞中国海警舰艇，专家：企图进一步坐实“南海仲裁裁决”
https://new.qq.com/rain/a/20240826A0107I00

2024-08-26 03:09:21,104 - INFO - INVALID
“房屋养老金制度”再被提及，是变相的房产税吗
https://new.qq.com/rain/a/20240826A00U2F00

