2024-07-30 16:01:01,344 - INFO - EXPIRED
13岁孩子搭乘哈啰顺风车，中途被“甩”在距目的地37公里的高速收费口
https://new.qq.com/rain/a/20240729A08ZOU00

2024-07-30 16:01:01,344 - INFO - EXPIRED
我国10个县域城镇居民人均可支配收入超8万元，均位于江浙地区
https://new.qq.com/rain/a/20240729A09E3500

2024-07-30 16:01:01,344 - INFO - EXPIRED
全国法拍房挂牌量增加，价格却降了，业内：会进一步影响二手房市场
https://new.qq.com/rain/a/20240729A08XGH00

2024-07-30 16:01:01,344 - INFO - EXPIRED
广东一男子离婚冷静期杀妻一审判死刑 被害家属：对方想用8万换谅解书
https://new.qq.com/rain/a/20240729A075W100

2024-07-30 16:01:01,344 - INFO - EXPIRED
喜来登住客投诉称两岁孩子被砸伤近乎毁容！酒店：仍在协商
https://new.qq.com/rain/a/20240729A05SRB00

2024-07-30 16:01:01,344 - INFO - EXPIRED
三甲医院上千名患者“挂号不就诊”，他们去哪儿了
https://new.qq.com/rain/a/20240729A07WYM00

2024-07-30 16:01:01,344 - INFO - EXPIRED
陕西市民称“祖传雕像”被骗走，警方追回却移交博物馆？当地多方回应
https://new.qq.com/rain/a/20240729A05KH200

2024-07-30 16:01:01,344 - INFO - EXPIRED
王兴和张一鸣不能输的战役
https://new.qq.com/rain/a/20240729A081M300

2024-07-30 16:01:01,344 - INFO - EXPIRED
存款“降息”连锁反应立竿见影，多家国有大行大额存单卖到“断货”
https://new.qq.com/rain/a/20240729A08K4N00

2024-07-30 16:01:01,344 - INFO - EXPIRED
“荷兰特朗普”：土耳其威胁入侵以色列，应该被踢出北约
https://new.qq.com/rain/a/20240729A09KZC00

2024-07-30 16:01:01,344 - INFO - EXPIRED
董宇辉和俞敏洪分道扬镳，罗永浩起了多大作用？
https://view.inews.qq.com/a/20240729Q00WOG00

2024-07-30 16:01:01,345 - INFO - EXPIRED
“中国退出”后，菲律宾62亿人民币铁路项目想找美日接盘
https://new.qq.com/rain/a/20240729A09UTU00

2024-07-30 16:01:01,345 - INFO - EXPIRED
英国官方宣布已“破产”，这是什么情况？怎么把国家玩脱的？
https://view.inews.qq.com/a/20240729Q040CE00

2024-07-30 16:01:01,345 - INFO - EXPIRED
北大国发院院长黄益平：中国特色的宏观经济政策框架
https://new.qq.com/rain/a/20240729A0704900

2024-07-30 16:01:01,345 - INFO - EXPIRED
给吃席顾客提前止泻？江苏南通一酒店厨师竟在“头菜”里加庆大霉素
https://new.qq.com/rain/a/20240729A08P8I00

2024-07-30 16:01:01,345 - INFO - EXPIRED
开车900公里只为讨回12双袜子，2万名卖家组团硬刚“无理由仅退款”
https://new.qq.com/rain/a/20240729A02EOP00

2024-07-30 16:01:01,345 - INFO - EXPIRED
共享单车又涨价了，但企业盈利仍是一道难题
https://new.qq.com/rain/a/20240729A07JH100

2024-07-30 16:01:01,345 - INFO - EXPIRED
230斤小伙骑行被断电，共享电单车“歧视”胖子？官方称是防多人骑行
https://new.qq.com/rain/a/20240729A041D700

2024-07-30 16:01:01,345 - INFO - EXPIRED
广电总局：下半年全面实现一个遥控器看电视，让群众看电视更方便
https://new.qq.com/rain/a/20240729A09GVL00

2024-07-30 16:01:01,345 - INFO - EXPIRED
上海一女子单人徒步大雪山失联9天 西藏警方：已搜救多天，尚未找到
https://new.qq.com/rain/a/20240729A07R6K00

2024-07-30 16:01:02,326 - ERROR - ERROR
留存珍贵一幕！中朝韩三国运动员自拍留念，这就是奥林匹克
https://new.qq.com/rain/a/20240730V09UOG00
('list index out of range',)
======
Traceback (most recent call last):
  File "/home/runner/work/qqnews/qqnews/qq.py", line 81, in process_article
    ss = str(tmpbs.select("div.LEFT div.content.clearfix")[0])
             ~~~~~~~~~~~~~~~~~~~~~~~~~~~~~~~~~~~~~~~~~~~~~^^^
IndexError: list index out of range


2024-07-30 16:01:02,342 - INFO - INVALID
抹平与中国时间代差？苹果被曝将首次在印度组装高端iPhone
https://new.qq.com/rain/a/20240730A09LYT00

2024-07-30 16:01:02,348 - INFO - INVALID
上海“90后”打新七次终于买到豪宅，开发商感叹这种行情不多见
https://new.qq.com/rain/a/20240730A09H6M00

2024-07-30 16:01:02,351 - INFO - INVALID
江苏南通崇川区通报“头菜里添加庆大霉素”一案 已对相关人员追究刑事责任
https://new.qq.com/rain/a/20240730A09WR700

2024-07-30 16:01:02,802 - INFO - INVALID
“不交钱就砸车”，游客称在河南一景区被村民索要停车费，当地回应
https://new.qq.com/rain/a/20240730A084PS00

2024-07-30 16:01:02,816 - INFO - INVALID
32岁工程师与同事晚餐时发病不幸猝死，妻子称他原打算饭后回公司加班
https://new.qq.com/rain/a/20240730A08Z7A00

2024-07-30 16:01:02,826 - ERROR - ERROR
王楚钦夺冠球拍被踩断，生气质问怎么举报，球拍有多重要？会影响他打男单吗？
https://view.inews.qq.com/a/20240730Q09YM700
('list index out of range',)
======
Traceback (most recent call last):
  File "/home/runner/work/qqnews/qqnews/qq.py", line 81, in process_article
    ss = str(tmpbs.select("div.LEFT div.content.clearfix")[0])
             ~~~~~~~~~~~~~~~~~~~~~~~~~~~~~~~~~~~~~~~~~~~~~^^^
IndexError: list index out of range


2024-07-30 16:01:02,949 - INFO - INVALID
印度喀拉拉邦山体滑坡已致125人死亡 上百人失踪
https://new.qq.com/rain/a/20240730A0A7KR00

2024-07-30 16:01:02,989 - INFO - INVALID
字节跳动新加坡办公室发生集体食物中毒事件，41人被送往医院
https://new.qq.com/rain/a/20240730A09QML00

2024-07-30 16:01:03,309 - ERROR - ERROR
韩国获乒乓混双铜牌，男队员免除兵役笑得合不拢嘴，5次拥抱搭档
https://new.qq.com/rain/a/20240730V09BEU00
('list index out of range',)
======
Traceback (most recent call last):
  File "/home/runner/work/qqnews/qqnews/qq.py", line 81, in process_article
    ss = str(tmpbs.select("div.LEFT div.content.clearfix")[0])
             ~~~~~~~~~~~~~~~~~~~~~~~~~~~~~~~~~~~~~~~~~~~~~^^^
IndexError: list index out of range


2024-07-30 16:01:03,449 - INFO - INVALID
证监会迎重大人事调整：李明任副主席，方星海卸任
https://new.qq.com/rain/a/20240730A09AQQ00

2024-07-30 16:01:03,479 - INFO - INVALID
美股三大指数集体高开 诺瓦瓦克斯医药跌逾12%
https://new.qq.com/rain/a/20240730A09M4800

2024-07-30 16:01:03,687 - ERROR - ERROR
王楚钦孙颖莎力克朝鲜组合夺冠，61岁的倪夏莲赛前对孙颖莎特训起了多大作用？
https://view.inews.qq.com/a/20240730Q09OTH00
('list index out of range',)
======
Traceback (most recent call last):
  File "/home/runner/work/qqnews/qqnews/qq.py", line 81, in process_article
    ss = str(tmpbs.select("div.LEFT div.content.clearfix")[0])
             ~~~~~~~~~~~~~~~~~~~~~~~~~~~~~~~~~~~~~~~~~~~~~^^^
IndexError: list index out of range


2024-07-30 16:01:03,731 - INFO - INVALID
伊朗举行新任总统宣誓就职仪式
https://new.qq.com/rain/a/20240730A09HDZ00

2024-07-30 16:01:03,975 - ERROR - ERROR
国乒巴黎首冠的背后：倪夏莲给莎头当陪练，模仿朝鲜女选手打法
https://new.qq.com/rain/a/20240730V09LX900
('list index out of range',)
======
Traceback (most recent call last):
  File "/home/runner/work/qqnews/qqnews/qq.py", line 81, in process_article
    ss = str(tmpbs.select("div.LEFT div.content.clearfix")[0])
             ~~~~~~~~~~~~~~~~~~~~~~~~~~~~~~~~~~~~~~~~~~~~~^^^
IndexError: list index out of range


2024-07-30 16:01:03,986 - INFO - INVALID
70岁政法委原书记被开除党籍！全家上阵搞家庭式腐败
https://new.qq.com/rain/a/20240730A097R900

2024-07-30 16:01:04,126 - INFO - INVALID
大理苍山一登山客失联9天8夜后获救，政府相关人士感叹“创纪录了”
https://new.qq.com/rain/a/20240730A056VC00

2024-07-30 16:01:04,351 - ERROR - ERROR
女排3-2力克卫冕冠军美国队，是我们太强还是对手变弱了？这次能走多远？
https://view.inews.qq.com/a/20240730Q06SI800
('list index out of range',)
======
Traceback (most recent call last):
  File "/home/runner/work/qqnews/qqnews/qq.py", line 81, in process_article
    ss = str(tmpbs.select("div.LEFT div.content.clearfix")[0])
             ~~~~~~~~~~~~~~~~~~~~~~~~~~~~~~~~~~~~~~~~~~~~~^^^
IndexError: list index out of range


2024-07-30 16:01:04,583 - INFO - INVALID
五家上市公司联名举报东方材料董事长 举报方称“希望许广彬主动回国”
https://new.qq.com/rain/a/20240730A07FR700

2024-07-30 16:01:04,635 - INFO - INVALID
何小鹏发问：中国创投怎么了？我们科技公司都在干什么？｜AI光年
https://new.qq.com/rain/a/20240730A09CB700

2024-07-30 16:01:04,828 - INFO - INVALID
31省份晒上半年收入账单：11省份人均收入超2万元，广东或今年破5万元
https://new.qq.com/rain/a/20240730A07NIF00

2024-07-30 16:01:04,858 - ERROR - ERROR
孙颖莎给王楚钦的发球暗号手势被曝光，真有这种暗号？不怕对手偷学破解吗？
https://view.inews.qq.com/a/20240730Q06BN700
('list index out of range',)
======
Traceback (most recent call last):
  File "/home/runner/work/qqnews/qqnews/qq.py", line 81, in process_article
    ss = str(tmpbs.select("div.LEFT div.content.clearfix")[0])
             ~~~~~~~~~~~~~~~~~~~~~~~~~~~~~~~~~~~~~~~~~~~~~^^^
IndexError: list index out of range


2024-07-30 16:01:05,109 - INFO - INVALID
“2·14”撞船事件遇难者家属与台方就善后事宜达成共识
https://new.qq.com/rain/a/20240730A07HUY00

2024-07-30 16:01:05,215 - INFO - INVALID
基金经理减持、瑞银调降评级，茅台股价创出年内新低
https://new.qq.com/rain/a/20240730A08FG000

2024-07-30 16:01:05,254 - INFO - INVALID
昆明一电竞酒店房间内装摄像头称为防范裸聊电诈？警方辟谣：没有要求
https://new.qq.com/rain/a/20240730A076D300

2024-07-30 16:01:05,262 - INFO - INVALID
江西万年副县长吴谦谦16岁参加工作？本人：中专毕业后在乡政府当干事
https://new.qq.com/rain/a/20240730A072MR00

2024-07-30 16:01:05,278 - ERROR - ERROR
周鸿祎体验埃安车门防夹却惨遭夹手，工作人员道歉：应该我先试
https://new.qq.com/rain/a/20240730V077NO00
('list index out of range',)
======
Traceback (most recent call last):
  File "/home/runner/work/qqnews/qqnews/qq.py", line 81, in process_article
    ss = str(tmpbs.select("div.LEFT div.content.clearfix")[0])
             ~~~~~~~~~~~~~~~~~~~~~~~~~~~~~~~~~~~~~~~~~~~~~^^^
IndexError: list index out of range


2024-07-30 16:01:05,546 - INFO - INVALID
老百姓董事长谢子龙被留置、立案调查
https://new.qq.com/rain/a/20240730A08AAT00

2024-07-30 16:01:05,723 - INFO - INVALID
火爆全网！指挥一群法国小伙用中文大喊加油，“黑衣大哥”找到了
https://new.qq.com/rain/a/20240730A062HJ00

2024-07-30 16:01:05,760 - ERROR - ERROR
扛不住高额罚款，上百商家围堵拼多多广州总部，矛盾越发严重
https://new.qq.com/rain/a/20240730V0392U00
('list index out of range',)
======
Traceback (most recent call last):
  File "/home/runner/work/qqnews/qqnews/qq.py", line 81, in process_article
    ss = str(tmpbs.select("div.LEFT div.content.clearfix")[0])
             ~~~~~~~~~~~~~~~~~~~~~~~~~~~~~~~~~~~~~~~~~~~~~^^^
IndexError: list index out of range


2024-07-30 16:01:06,180 - ERROR - ERROR
“荷兰特朗普”称土耳其应被踢出北约，如果真闹起来，你猜北约会向着谁？
https://view.inews.qq.com/a/20240730Q02LIS00
('list index out of range',)
======
Traceback (most recent call last):
  File "/home/runner/work/qqnews/qqnews/qq.py", line 81, in process_article
    ss = str(tmpbs.select("div.LEFT div.content.clearfix")[0])
             ~~~~~~~~~~~~~~~~~~~~~~~~~~~~~~~~~~~~~~~~~~~~~^^^
IndexError: list index out of range


2024-07-30 16:01:06,186 - ERROR - ERROR
2岁娃在喜来登亲子房被严重砸伤，酒店该担责吗？亲子房有更高安全标准吗？
https://view.inews.qq.com/a/20240730Q052JL00
('list index out of range',)
======
Traceback (most recent call last):
  File "/home/runner/work/qqnews/qqnews/qq.py", line 81, in process_article
    ss = str(tmpbs.select("div.LEFT div.content.clearfix")[0])
             ~~~~~~~~~~~~~~~~~~~~~~~~~~~~~~~~~~~~~~~~~~~~~^^^
IndexError: list index out of range


2024-07-30 16:01:06,306 - INFO - INVALID
王瑛玮任天津市副市长、公安局局长
https://new.qq.com/rain/a/20240730A07EQ000

2024-07-30 16:01:06,356 - INFO - INVALID
上半年财政数据出炉：上海收入稳中有增，击碎寺庙借款谣言
https://new.qq.com/rain/a/20240730A06R1300

2024-07-30 16:01:06,492 - INFO - INVALID
特朗普：巴黎奥运会开幕式是“耻辱”
https://new.qq.com/rain/a/20240730A05WFN00

2024-07-30 16:01:06,649 - INFO - INVALID
篮球运动员郭艾伦投诉医疗器材被错寄、客服冷漠，中通快运致歉
https://new.qq.com/rain/a/20240730A067NJ00

2024-07-30 16:01:06,821 - INFO - INVALID
改PPT、开会、做汇报，为什么京沪高铁上的班味儿这么浓
https://new.qq.com/rain/a/20240730A030CO00

2024-07-30 16:01:06,926 - INFO - INVALID
被全网喊“别办了”，《歌手》的史诗级大翻车真怪不了那英
https://new.qq.com/rain/a/20240730A03JJ400

2024-07-30 16:01:07,082 - ERROR - ERROR
比亚迪旗下车型官宣降价5万，为何它还敢继续价格战？这次最难受的会是谁？
https://view.inews.qq.com/a/20240730Q05V5G00
('list index out of range',)
======
Traceback (most recent call last):
  File "/home/runner/work/qqnews/qqnews/qq.py", line 81, in process_article
    ss = str(tmpbs.select("div.LEFT div.content.clearfix")[0])
             ~~~~~~~~~~~~~~~~~~~~~~~~~~~~~~~~~~~~~~~~~~~~~^^^
IndexError: list index out of range


2024-07-30 16:01:07,094 - INFO - INVALID
国家林草局中南院回应副处长死因争议：系猝死，非院领导谋害 
https://new.qq.com/rain/a/20240730A054TJ00

2024-07-30 16:01:07,276 - INFO - INVALID
广西钦州小区保安围殴外卖员？警方：驾驶人帮朋友送货被拦下发生冲突
https://new.qq.com/rain/a/20240730A066IB00

2024-07-30 16:01:07,326 - INFO - INVALID
央行等四部门及天津市政府：鼓励符合条件的科技型企业在境内外上市融资
https://new.qq.com/rain/a/20240730A0646I00

2024-07-30 16:01:07,403 - INFO - INVALID
拜登提出三点方案改革美国最高法院，被指“不可能实现”
https://new.qq.com/rain/a/20240730A06FWB00

2024-07-30 16:01:07,530 - INFO - INVALID
“你是不是装疯卖傻呢”，西安女护士疑遭职场霸凌跳湖自尽，官方回应
https://new.qq.com/rain/a/20240730A051TO00

2024-07-30 16:01:07,583 - INFO - INVALID
GDP再被重庆“反超”：广州“掉队”了吗
https://new.qq.com/rain/a/20240730A02BUD00

2024-07-30 16:01:07,728 - INFO - INVALID
外交部：中方从来没有也不会干预干涉美国大选，反对美方散布虚假信息抹黑中国
https://new.qq.com/rain/a/20240730A05W9000

2024-07-30 16:01:07,846 - INFO - INVALID
外交部：中方注意到孟加拉国国内局势得到控制，我们对此感到欣慰
https://new.qq.com/rain/a/20240730A05V5P00

2024-07-30 16:01:07,859 - INFO - INVALID
政治局会议定调下半年经济工作：宏观政策要更加给力
https://new.qq.com/rain/a/20240730A05Q5N00

2024-07-30 16:01:08,128 - INFO - INVALID
港澳地区外国旅游团今起入境海南144小时免签
https://new.qq.com/rain/a/20240730A058MT00

2024-07-30 16:01:08,241 - INFO - INVALID
港股收评：两大指数均跌超1%，教育、家电等板块走弱，医药股逆势上涨
https://new.qq.com/rain/a/20240730A0613K00

2024-07-30 16:01:08,335 - INFO - INVALID
媒体：​清华毕业生实名举报局长，何以一年多没结论
https://new.qq.com/rain/a/20240730A04T1L00

2024-07-30 16:01:08,455 - INFO - INVALID
卡塔尔王室成员在法国高铁上被偷走11个爱马仕包，铁路公司回应
https://new.qq.com/rain/a/20240730A03Y2S00

2024-07-30 16:01:08,598 - INFO - INVALID
“2·14”恶性撞船事件已过去5个多月，台“海巡署长”向大陆家属致歉
https://new.qq.com/rain/a/20240730A03YW000

2024-07-30 16:01:08,676 - INFO - INVALID
外媒：海地总理科尼耶遭遇帮派袭击 安全离开未受伤
https://new.qq.com/rain/a/20240730A040PQ00

2024-07-30 16:01:08,795 - INFO - INVALID
中共中央政治局召开会议，分析研究当前经济形势，部署下半年经济工作
https://new.qq.com/rain/a/20240730A04K2Y00

2024-07-30 16:01:08,827 - ERROR - ERROR
本着奥林匹克精神，联合国呼吁奥运期间休战，为何俄乌和巴以没表示？
https://view.inews.qq.com/a/20240730Q03D4000
('list index out of range',)
======
Traceback (most recent call last):
  File "/home/runner/work/qqnews/qqnews/qq.py", line 81, in process_article
    ss = str(tmpbs.select("div.LEFT div.content.clearfix")[0])
             ~~~~~~~~~~~~~~~~~~~~~~~~~~~~~~~~~~~~~~~~~~~~~^^^
IndexError: list index out of range


2024-07-30 16:01:08,994 - INFO - INVALID
美媒：规定“美国国旗美国制造”法案在国会通过，拜登定于本周将其签署成法
https://new.qq.com/rain/a/20240730A02M7Y00

2024-07-30 16:01:09,131 - INFO - INVALID
游客在新疆天山大峡谷过夜后莫名发病，一行9人4人中招？景区回应
https://new.qq.com/rain/a/20240730A0164H00

2024-07-30 16:01:09,268 - INFO - INVALID
中领馆：一中国游客在泰国普吉岛游泳被海浪卷走失踪，不幸身亡
https://new.qq.com/rain/a/20240730A03YGJ00

2024-07-30 16:01:09,462 - INFO - INVALID
女生付费请女coser扮成游戏男主和自己约会，有人靠接单月入两万
https://new.qq.com/rain/a/20240730A01J0000

2024-07-30 16:01:09,522 - ERROR - ERROR
中国“退出”投资菲律宾62亿元铁路，这项目有吸引力吗？美日接得住吗？
https://view.inews.qq.com/a/20240730Q01GAL00
('list index out of range',)
======
Traceback (most recent call last):
  File "/home/runner/work/qqnews/qqnews/qq.py", line 81, in process_article
    ss = str(tmpbs.select("div.LEFT div.content.clearfix")[0])
             ~~~~~~~~~~~~~~~~~~~~~~~~~~~~~~~~~~~~~~~~~~~~~^^^
IndexError: list index out of range


2024-07-30 16:01:09,712 - INFO - INVALID
黄仁勋、扎克伯格巅峰对谈实录：软件3.0时代已经到来
https://new.qq.com/rain/a/20240730A03IMN00

2024-07-30 16:01:09,902 - ERROR - ERROR
印度一列车脱轨已致数十人伤亡：18节车厢横七竖八散落 乘客滞留车外
https://new.qq.com/rain/a/20240730V03R2300
('list index out of range',)
======
Traceback (most recent call last):
  File "/home/runner/work/qqnews/qqnews/qq.py", line 81, in process_article
    ss = str(tmpbs.select("div.LEFT div.content.clearfix")[0])
             ~~~~~~~~~~~~~~~~~~~~~~~~~~~~~~~~~~~~~~~~~~~~~^^^
IndexError: list index out of range


2024-07-30 16:01:09,922 - INFO - INVALID
海关总署：“中国新能源产业产能过剩”是伪命题
https://new.qq.com/rain/a/20240730A027JO00

2024-07-30 16:01:10,048 - ERROR - ERROR
委内瑞拉宣布撤回驻七国外交人员，这是要干什么？不怕四面树敌吗？
https://view.inews.qq.com/a/20240730Q03WDV00
('list index out of range',)
======
Traceback (most recent call last):
  File "/home/runner/work/qqnews/qqnews/qq.py", line 81, in process_article
    ss = str(tmpbs.select("div.LEFT div.content.clearfix")[0])
             ~~~~~~~~~~~~~~~~~~~~~~~~~~~~~~~~~~~~~~~~~~~~~^^^
IndexError: list index out of range


2024-07-30 16:01:10,217 - ERROR - ERROR
精神病人看守所内腹痛后死亡，家属曾多次申请变更强制措施被拒
https://new.qq.com/rain/a/20240730V03WI900
('list index out of range',)
======
Traceback (most recent call last):
  File "/home/runner/work/qqnews/qqnews/qq.py", line 81, in process_article
    ss = str(tmpbs.select("div.LEFT div.content.clearfix")[0])
             ~~~~~~~~~~~~~~~~~~~~~~~~~~~~~~~~~~~~~~~~~~~~~^^^
IndexError: list index out of range


2024-07-30 16:01:10,378 - INFO - INVALID
英媒：英国发生持刀袭击事件致2名儿童死亡9人受伤，国王、威廉王子和凯特王妃发声
https://new.qq.com/rain/a/20240730A01EVB00

2024-07-30 16:01:10,382 - INFO - INVALID
福建舰第三次海试归来引关注，外界分析：第三次海试舰载机已经上舰
https://new.qq.com/rain/a/20240730A00SUP00

2024-07-30 16:01:10,405 - ERROR - ERROR
苏炜德过往大赛多次掉杠，巴黎奥运再失误，教练如何选人？是无人可选吗？
https://view.inews.qq.com/a/20240730Q03EXF00
('list index out of range',)
======
Traceback (most recent call last):
  File "/home/runner/work/qqnews/qqnews/qq.py", line 81, in process_article
    ss = str(tmpbs.select("div.LEFT div.content.clearfix")[0])
             ~~~~~~~~~~~~~~~~~~~~~~~~~~~~~~~~~~~~~~~~~~~~~^^^
IndexError: list index out of range


2024-07-30 16:01:10,570 - INFO - INVALID
英国，真破产了吗
https://new.qq.com/rain/a/20240730A01JQY00

2024-07-30 16:01:10,827 - ERROR - ERROR
北京早高峰遭遇强降水天气 行车能见度降低部分路段出现较浅积水
https://new.qq.com/rain/a/20240730V0167900
('list index out of range',)
======
Traceback (most recent call last):
  File "/home/runner/work/qqnews/qqnews/qq.py", line 81, in process_article
    ss = str(tmpbs.select("div.LEFT div.content.clearfix")[0])
             ~~~~~~~~~~~~~~~~~~~~~~~~~~~~~~~~~~~~~~~~~~~~~^^^
IndexError: list index out of range


2024-07-30 16:01:10,847 - INFO - INVALID
特朗普同意作为暗杀未遂事件受害者接受联邦调查局讯问
https://new.qq.com/rain/a/20240730A00D5S00

2024-07-30 16:01:10,903 - INFO - INVALID
试图与马杜罗分庭抗礼，美国会再搞出一个“瓜伊多”吗？
https://new.qq.com/rain/a/20240730A00V1S00

2024-07-30 16:01:11,039 - INFO - INVALID
中国游客在坦桑尼亚遭遇交通事故致1死5伤
https://new.qq.com/rain/a/20240730A00XQ700

2024-07-30 16:01:11,184 - ERROR - ERROR
王楚钦_孙颖莎险胜韩国组合，为什么韩朝混双都这么强？决赛对战朝鲜稳吗？
https://view.inews.qq.com/a/20240730Q00C9V00
('list index out of range',)
======
Traceback (most recent call last):
  File "/home/runner/work/qqnews/qqnews/qq.py", line 81, in process_article
    ss = str(tmpbs.select("div.LEFT div.content.clearfix")[0])
             ~~~~~~~~~~~~~~~~~~~~~~~~~~~~~~~~~~~~~~~~~~~~~^^^
IndexError: list index out of range


2024-07-30 16:01:11,442 - INFO - INVALID
苏炜德赛后采访情绪低落，直言对不起队友，张博恒试图帮忙解围
https://new.qq.com/rain/a/20240730A00RSU00

2024-07-30 16:01:11,481 - INFO - INVALID
任泽平：建立股市平准基金的必要性
https://new.qq.com/rain/a/20240730A00DMZ00

2024-07-30 16:01:11,565 - INFO - INVALID
网球女双首轮：王欣瑜_郑赛赛不敌乌克兰组合，无缘晋级
https://new.qq.com/rain/a/20240730A00AWE00

2024-07-30 16:01:12,528 - ERROR - ERROR
奥运体操男子团体决赛中国队憾失金牌，苏炜德两次掉杠，这失误有多致命？
https://view.inews.qq.com/a/20240730Q00I5R00
('list index out of range',)
======
Traceback (most recent call last):
  File "/home/runner/work/qqnews/qqnews/qq.py", line 81, in process_article
    ss = str(tmpbs.select("div.LEFT div.content.clearfix")[0])
             ~~~~~~~~~~~~~~~~~~~~~~~~~~~~~~~~~~~~~~~~~~~~~^^^
IndexError: list index out of range


2024-07-30 16:01:13,382 - INFO - INVALID
委内瑞拉宣布撤回驻七国外交人员
https://new.qq.com/rain/a/20240730A00MC700

