2025-01-21 00:33:46,764 - INFO - EXPIRED
拜登任期最后一天“预防性”赦免多人，此举有哪些考虑？被赦免的人就没事了吗？
https://view.inews.qq.com/a/20250120Q09DX300

2025-01-21 00:33:46,764 - INFO - EXPIRED
“二踢脚炸面粉”走红网络引发模仿，消防提醒：最高十年有期徒刑
https://new.qq.com/rain/a/20250120A08DT300

2025-01-21 00:33:46,764 - INFO - EXPIRED
三大原因，人民币飙涨770点，A50直线拉升
https://new.qq.com/rain/a/20250120A09JTR00

2025-01-21 00:33:46,764 - INFO - EXPIRED
刘元春讲新质生产力：思想、理论与战略
https://new.qq.com/rain/a/20250120A072LV00

2025-01-21 00:33:46,764 - INFO - EXPIRED
福建莆田前地产首富涉嫌违法犯罪被采取强制措施，身家曾达360亿元
https://new.qq.com/rain/a/20250120A091C000

2025-01-21 00:33:46,764 - INFO - EXPIRED
男子杀害两人后潜逃34年从国外被押解回国，律师：已被执行死刑
https://new.qq.com/rain/a/20250120A08X5E00

2025-01-21 00:33:46,764 - INFO - EXPIRED
普京：俄罗斯愿与美国政府就乌克兰局势展开对话
https://new.qq.com/rain/a/20250120A099VS00

2025-01-21 00:33:46,764 - INFO - EXPIRED
四川内江市市中区发生4.4级地震，自贡、资中等地均有震感反馈
https://new.qq.com/rain/a/20250120A09CGF00

2025-01-21 00:33:46,765 - INFO - EXPIRED
北京协和医院急诊科医生说“忙爆炸了”，为何临近春节生病变多？
https://view.inews.qq.com/a/20250120Q088S300

2025-01-21 00:33:46,765 - INFO - EXPIRED
特朗普称希望在上任后100天内访华，外交部回应
https://new.qq.com/rain/a/20250120A08T7P00

2025-01-21 00:33:46,765 - INFO - EXPIRED
国泰就“波士顿飞香港航班因机舱冒烟折返”致歉
https://new.qq.com/rain/a/20250120A09I8O00

2025-01-21 00:33:46,765 - INFO - EXPIRED
卸任当日拜登“预防性”赦免，涉及福奇、米利
https://new.qq.com/rain/a/20250120A094XP00

2025-01-21 00:33:46,765 - INFO - EXPIRED
总理主持召开今年首场座谈会，出席发言的9人都有谁？
https://new.qq.com/rain/a/20250120A09HOU00

2025-01-21 00:33:46,765 - INFO - EXPIRED
“翟欣欣案”检方建议量刑10年以上，苏享茂家属：旁听一审，等待判决
https://new.qq.com/rain/a/20250120A08VLJ00

2025-01-21 00:33:46,765 - INFO - EXPIRED
骑手午休时将脚放进外卖保温箱？涉事平台：核实后将永久封禁
https://new.qq.com/rain/a/20250120A08HGR00

2025-01-21 00:33:46,765 - INFO - EXPIRED
4名内地人在香港遭持刀袭击索要财物！两人涉嫌抢劫被抓获
https://new.qq.com/rain/a/20250120A08Y5200

2025-01-21 00:33:46,765 - INFO - EXPIRED
商务部回应欧盟起诉：将按世贸组织规则维护自身权益
https://new.qq.com/rain/a/20250120A092XM00

2025-01-21 00:33:46,765 - INFO - EXPIRED
印度法院拒判“女医生奸杀案”嫌疑人死刑
https://new.qq.com/rain/a/20250120A08PMM00

2025-01-21 00:33:46,765 - INFO - EXPIRED
网红训狗师给阿拉斯加犬洗澡后狗去世，为何洗澡会导致发病死亡？
https://view.inews.qq.com/a/20250120Q0763100

2025-01-21 00:33:46,765 - INFO - EXPIRED
江西景德镇一名21岁男子散步时失联 家属：已失联3日 监控未发现行踪
https://new.qq.com/rain/a/20250120V08AWY00

2025-01-21 00:33:46,765 - INFO - EXPIRED
中国“人造太阳”创造“亿度千秒”世界纪录，这意味着什么？
https://view.inews.qq.com/a/20250120Q099UH00

2025-01-21 00:33:46,765 - INFO - EXPIRED
李强：要以科技创新推动新旧动能转换，培育更多经济新增长点
https://new.qq.com/rain/a/20250120A08GKW00

2025-01-21 00:33:46,765 - INFO - EXPIRED
何立峰：大力实施城市更新，有力有序有效推进城市更新重点任务
https://new.qq.com/rain/a/20250120A08L8Z00

2025-01-21 00:33:46,765 - INFO - EXPIRED
外交部回应特朗普将就职：中方愿同美新政府加强对话沟通 拓展互利合作
https://new.qq.com/rain/a/20250120A05Y3U00

2025-01-21 00:33:46,765 - INFO - EXPIRED
海南、上海等地出现死亡鲸鱼，多方回应
https://new.qq.com/rain/a/20250120A03AOR00

2025-01-21 00:33:46,765 - INFO - EXPIRED
中俄将严厉打击在华假冒俄罗斯商品
https://new.qq.com/rain/a/20250120A0879D00

2025-01-21 00:33:46,765 - INFO - EXPIRED
美方希望拥有TikTok50%所有权，外交部回应
https://new.qq.com/rain/a/20250120A063JS00

2025-01-21 00:33:46,765 - INFO - EXPIRED
多家烟酒店被曝“遭未成年人盗窃”！济南警方回应称正侦查
https://new.qq.com/rain/a/20250120A068UP00

2025-01-21 00:33:46,765 - INFO - EXPIRED
14年前骑摩托回乡过年的农民工夫妇爆火，还曾登上春晚，如今怎么样了？
https://new.qq.com/rain/a/20250120V05UR500

2025-01-21 00:33:46,765 - INFO - EXPIRED
23岁大学生参加“护农队”打野猪，凌晨触碰他人私设捕兽电网不幸身亡
https://new.qq.com/rain/a/20250120A06P2W00

2025-01-21 00:33:46,765 - INFO - EXPIRED
200万的奔驰车被加油站加错汽油面临大修，加油站需负全责吗？
https://view.inews.qq.com/a/20250119Q06S5C00

2025-01-21 00:33:46,765 - INFO - EXPIRED
国家统计局：上月不包含在校生的16-24岁劳动力失业率为15.7%
https://new.qq.com/rain/a/20250120A07Q4R00

2025-01-21 00:33:46,765 - INFO - EXPIRED
“翟欣欣涉嫌敲诈勒索案”最新进展：明天一审开庭，已退还前夫家属660万元
https://new.qq.com/rain/a/20250120A0686800

2025-01-21 00:33:46,765 - INFO - EXPIRED
马斯克称X不被允许在中国运营的情况需要改变，外交部回应
https://new.qq.com/rain/a/20250120A05VU000

2025-01-21 00:33:46,765 - INFO - EXPIRED
川大智胜：2024年度预计亏损4900万-6300万 股票或被实施退市风险警示
https://new.qq.com/rain/a/20250120A07RU500

2025-01-21 00:33:46,765 - INFO - EXPIRED
男子车内放疑似枪支强行冲卡拖行辅警，他带的枪型物可能是什么？
https://view.inews.qq.com/a/20250120Q04CNK00

2025-01-21 00:33:46,765 - INFO - EXPIRED
农业农村部：肉牛奶牛养殖亏损有所缓解，但完全扭转困难局面还需努力
https://new.qq.com/rain/a/20250120A06ATN00

2025-01-21 00:33:46,765 - INFO - EXPIRED
美国男子小红书上寻亲：25岁左右，当年被湖南邵阳市社会福利院收养
https://new.qq.com/rain/a/20250120A05QN400

2025-01-21 00:33:46,765 - INFO - EXPIRED
从南美到国内运输25天不坏，到家2天就软，车厘子全靠打药？真相揭秘
https://new.qq.com/rain/a/20250120A01XKS00

2025-01-21 00:33:46,765 - INFO - EXPIRED
韩国入狱历任总统拘留所生活：朴槿惠住单间有独卫 李明博享特殊待遇
https://new.qq.com/rain/a/20250120V077OC00

2025-01-21 00:33:46,765 - INFO - EXPIRED
大学生花100元开钟点房洗十几件衣服，被吐槽“薅羊毛”，酒店回应
https://new.qq.com/rain/a/20250120A03EIK00

2025-01-21 00:33:46,765 - INFO - EXPIRED
继赵明辞任荣耀CEO后，中国区CMO姜海荣即将离职
https://new.qq.com/rain/a/20250120A06TL600

2025-01-21 00:33:46,765 - INFO - EXPIRED
美国第一夫人推出自己的加密货币，现在买能赚到钱吗？
https://view.inews.qq.com/a/20250120Q04ALO00

2025-01-21 00:33:46,765 - INFO - EXPIRED
如何实现“用血费用减免一次都不跑”？国家卫健委回应
https://new.qq.com/rain/a/20250120A06H6900

2025-01-21 00:33:46,765 - INFO - EXPIRED
珠海驾车冲撞市民案凶手樊维秋被执行死刑
https://new.qq.com/rain/a/20250120A05D9Y00

2025-01-21 00:33:46,765 - INFO - EXPIRED
无锡一学院持刀伤人案凶手徐加金被执行死刑
https://new.qq.com/rain/a/20250120A05G5L00

2025-01-21 00:33:46,765 - INFO - EXPIRED
王忠林当选湖北省人大常委会主任 李殿勋当选湖北省省长
https://new.qq.com/rain/a/20250120A067IX00

2025-01-21 00:33:46,765 - INFO - EXPIRED
外交部：在中方斡旋下，缅甸政府与果敢同盟军签署停火协议
https://new.qq.com/rain/a/20250120A05UW400

2025-01-21 00:33:46,765 - INFO - EXPIRED
北京住房公积金试点可直付房租
https://new.qq.com/rain/a/20250120A068TT00

2025-01-21 00:33:46,765 - INFO - EXPIRED
取消门诊预交金、规范住院预交金 今年3月正式实施
https://new.qq.com/rain/a/20250120A05S3C00

2025-01-21 00:33:46,765 - INFO - EXPIRED
尹锡悦进拘留所，住单间睡地上，这种人的待遇与普通人有何不同？
https://view.inews.qq.com/a/20250120Q04LDN00

2025-01-21 00:33:46,765 - INFO - EXPIRED
李开复谈及自己生病曾被宣告只有100天生命，人如何掌握自己的命运？
https://view.inews.qq.com/a/20250120Q04SUI00

2025-01-21 00:33:46,766 - INFO - EXPIRED
法治日报评论：因生活不如意便报复社会，付出沉重代价完全是咎由自取
https://new.qq.com/rain/a/20250120A05O9U00

2025-01-21 00:33:46,766 - INFO - EXPIRED
乌消息人士：特朗普就职后的100天，将是俄乌冲突最紧张、最危险时段
https://new.qq.com/rain/a/20250120A01BWJ00

2025-01-21 00:33:46,766 - INFO - EXPIRED
知名演员胡歌的民盟职务获披露
https://new.qq.com/rain/a/20250120A04NHW00

2025-01-21 00:33:46,766 - INFO - EXPIRED
美国众议院议长：拜登甚至不知道自己签过什么行政令
https://new.qq.com/rain/a/20250120A0278Q00

2025-01-21 00:33:46,766 - INFO - EXPIRED
常年随身携带的“能量塔”可改善睡眠、祈福？海关：核辐射值严重超标
https://new.qq.com/rain/a/20250120A0489B00

2025-01-21 00:33:46,766 - INFO - EXPIRED
暗访上海出租车违法改装：“小马达”“断码器”20分钟装全套
https://new.qq.com/rain/a/20250120A01DE400

2025-01-21 00:33:46,766 - INFO - EXPIRED
大搞权钱钱色交易，中国电子科技集团原副总经理何文忠被公诉
https://new.qq.com/rain/a/20250120A05MBI00

2025-01-21 00:33:46,766 - INFO - EXPIRED
2024年出生人口止跌回升，中国人是又爱生了吗
https://new.qq.com/rain/a/20250120A04B0M00

2025-01-21 00:33:46,766 - INFO - EXPIRED
“过年该摆的摆，多挣点钱！”山东德州城管上门喊商户店外摆摊
https://new.qq.com/rain/a/20250120A03F6D00

2025-01-21 00:33:46,766 - INFO - EXPIRED
海南东方市一处海边出现鲸鱼尸体：长11.8米重12吨 为怀孕长须鲸
https://new.qq.com/rain/a/20250120V04O3H00

2025-01-21 00:33:46,766 - INFO - EXPIRED
被控共拐卖14名儿童，王浩文案二审将宣判，寻亲家长：死刑毫无悬念
https://new.qq.com/rain/a/20250120A051EX00

2025-01-21 00:33:46,766 - INFO - EXPIRED
法学教授：珠海、无锡两地从快从重追诉和审判，完全符合刑法根本要求
https://new.qq.com/rain/a/20250120A05JR700

2025-01-21 00:33:46,766 - INFO - EXPIRED
网红狗“艾特”洗澡时死亡，千万网红“潘宏”被指博流量，本人回应
https://new.qq.com/rain/a/20250120A029FC00

2025-01-21 00:33:46,766 - INFO - EXPIRED
近日D3014次列车因遭鸟击临时停车，鸟击动车的力度有多大？
https://view.inews.qq.com/a/20250119Q06VMA00

2025-01-21 00:33:46,766 - INFO - EXPIRED
护驾有功，特朗普将破格提拔他
https://new.qq.com/rain/a/20250120A0436C00

2025-01-21 00:33:46,766 - INFO - EXPIRED
韩正分别会见美国工商界人士代表和特斯拉公司首席执行官马斯克
https://new.qq.com/rain/a/20250120A038W700

2025-01-21 00:33:46,766 - INFO - EXPIRED
他花50万买“烟草局”工作
https://new.qq.com/rain/a/20250120A0364T00

2025-01-21 00:33:46,766 - INFO - EXPIRED
一山不容二虎？报道：与“马部长”共同执掌政府效率部的Vivek出局了
https://new.qq.com/rain/a/20250120A049U800

2025-01-21 00:33:46,766 - INFO - EXPIRED
韩正会见美国当选副总统万斯
https://new.qq.com/rain/a/20250120A036W700

2025-01-21 00:33:46,766 - INFO - EXPIRED
1月LPR报价维持不变！专家：短期之内降息的迫切性、必要性都不大
https://new.qq.com/rain/a/20250120A040SQ00

2025-01-21 00:33:46,766 - INFO - EXPIRED
儿子生父自杀，女子带两个孩子街头摆摊？众多网友捐款，重庆当地回应
https://new.qq.com/rain/a/20250119A063BT00

2025-01-21 00:33:46,766 - INFO - EXPIRED
黄仁勋现身北京：在一定程度上，中国“养育”了英伟达
https://new.qq.com/rain/a/20250120A03WAQ00

2025-01-21 00:33:46,766 - INFO - EXPIRED
特朗普：“几日内”将公布肯尼迪与马丁·路德·金遇刺案相关全部档案
https://new.qq.com/rain/a/20250120A01TK400

2025-01-21 00:33:46,766 - INFO - EXPIRED
俞敏洪问为什么60岁再次创业？李开复答为让中国人用上更便宜的AI
https://new.qq.com/rain/a/20250119V05PAZ00

2025-01-21 00:33:46,766 - INFO - EXPIRED
严查以旧换新“先涨价后打折”！今天起买手机最高补贴500
https://new.qq.com/rain/a/20250120A01M2K00

2025-01-21 00:33:46,766 - INFO - EXPIRED
华南多地海域发生赤潮 专家提醒：不要去赤潮海域游玩、食用相关海产品
https://new.qq.com/rain/a/20250120A01J4W00

2025-01-21 00:33:46,766 - INFO - EXPIRED
练格斗的女中医石铭：爆冷夺冠后，我接不住这波泼天富贵
https://new.qq.com/rain/a/20250120A0237G00

2025-01-21 00:33:46,766 - INFO - EXPIRED
特朗普：将在上任后废除拜登宣布的每一项行政命令
https://new.qq.com/rain/a/20250120A01LUW00

2025-01-21 00:33:46,766 - INFO - EXPIRED
52岁郭德纲宣布：郭麒麟才是德云社唯一继承人
https://new.qq.com/rain/a/20250120A01YMW00

2025-01-21 00:33:46,766 - INFO - EXPIRED
拍下员工上厕所打游戏照片公示，企业为减少摸鱼还出过哪些招数？
https://view.inews.qq.com/a/20250120Q01XPU00

2025-01-21 00:33:46,766 - INFO - EXPIRED
持斧头残忍杀害妻子一家三口，男子27年后因一张黑白照落网
https://new.qq.com/rain/a/20250119A03NCO00

2025-01-21 00:33:47,612 - ERROR - ERROR
台湾台南6.2级地震致全台摇晃：阿里山突冒“闪光” 屏东鸟群飞翔
https://new.qq.com/rain/a/20250121V01JQ900
('list index out of range',)
======
Traceback (most recent call last):
  File "/home/runner/work/qqnews/qqnews/qq.py", line 81, in process_article
    ss = str(tmpbs.select("div.LEFT div.content.clearfix")[0])
             ~~~~~~~~~~~~~~~~~~~~~~~~~~~~~~~~~~~~~~~~~~~~~^^^
IndexError: list index out of range


2025-01-21 00:33:47,627 - ERROR - ERROR
美国参议院确认卢比奥担任国务卿
https://new.qq.com/rain/a/20250121A01TT200
('list index out of range',)
======
Traceback (most recent call last):
  File "/home/runner/work/qqnews/qqnews/qq.py", line 81, in process_article
    ss = str(tmpbs.select("div.LEFT div.content.clearfix")[0])
             ~~~~~~~~~~~~~~~~~~~~~~~~~~~~~~~~~~~~~~~~~~~~~^^^
IndexError: list index out of range


2025-01-21 00:33:47,633 - ERROR - ERROR
深夜大反攻！离岸人民币兑美元连升五道关口，发生了什么
https://new.qq.com/rain/a/20250121A01P2Q00
('list index out of range',)
======
Traceback (most recent call last):
  File "/home/runner/work/qqnews/qqnews/qq.py", line 81, in process_article
    ss = str(tmpbs.select("div.LEFT div.content.clearfix")[0])
             ~~~~~~~~~~~~~~~~~~~~~~~~~~~~~~~~~~~~~~~~~~~~~^^^
IndexError: list index out of range


2025-01-21 00:33:47,639 - ERROR - ERROR
建对外税务局 扩张领土 美国总统特朗普发表就职演讲
https://new.qq.com/rain/a/20250121A00OE500
('list index out of range',)
======
Traceback (most recent call last):
  File "/home/runner/work/qqnews/qqnews/qq.py", line 81, in process_article
    ss = str(tmpbs.select("div.LEFT div.content.clearfix")[0])
             ~~~~~~~~~~~~~~~~~~~~~~~~~~~~~~~~~~~~~~~~~~~~~^^^
IndexError: list index out of range


2025-01-21 00:33:47,698 - ERROR - ERROR
特朗普废除拜登政府近80项政策 宣布美国将退出《巴黎协定》
https://new.qq.com/rain/a/20250121A01QX600
('list index out of range',)
======
Traceback (most recent call last):
  File "/home/runner/work/qqnews/qqnews/qq.py", line 81, in process_article
    ss = str(tmpbs.select("div.LEFT div.content.clearfix")[0])
             ~~~~~~~~~~~~~~~~~~~~~~~~~~~~~~~~~~~~~~~~~~~~~^^^
IndexError: list index out of range


2025-01-21 00:33:48,200 - ERROR - ERROR
韩正出席美国总统就职典礼
https://new.qq.com/rain/a/20250121A01DJH00
('list index out of range',)
======
Traceback (most recent call last):
  File "/home/runner/work/qqnews/qqnews/qq.py", line 81, in process_article
    ss = str(tmpbs.select("div.LEFT div.content.clearfix")[0])
             ~~~~~~~~~~~~~~~~~~~~~~~~~~~~~~~~~~~~~~~~~~~~~^^^
IndexError: list index out of range


2025-01-21 00:33:48,205 - ERROR - ERROR
视频丨特朗普宣誓就任美国第47任总统
https://new.qq.com/rain/a/20250121A00N8200
('list index out of range',)
======
Traceback (most recent call last):
  File "/home/runner/work/qqnews/qqnews/qq.py", line 81, in process_article
    ss = str(tmpbs.select("div.LEFT div.content.clearfix")[0])
             ~~~~~~~~~~~~~~~~~~~~~~~~~~~~~~~~~~~~~~~~~~~~~^^^
IndexError: list index out of range


2025-01-21 00:33:48,210 - ERROR - ERROR
外媒称马斯克和张一鸣2024年曾会面，我们问了问牵线人
https://new.qq.com/rain/a/20250121A00P6A00
('list index out of range',)
======
Traceback (most recent call last):
  File "/home/runner/work/qqnews/qqnews/qq.py", line 81, in process_article
    ss = str(tmpbs.select("div.LEFT div.content.clearfix")[0])
             ~~~~~~~~~~~~~~~~~~~~~~~~~~~~~~~~~~~~~~~~~~~~~^^^
IndexError: list index out of range


2025-01-21 00:33:48,286 - ERROR - ERROR
特朗普称将收回巴拿马运河 巴拿马：运河主权不可动摇
https://new.qq.com/rain/a/20250121A01DI400
('list index out of range',)
======
Traceback (most recent call last):
  File "/home/runner/work/qqnews/qqnews/qq.py", line 81, in process_article
    ss = str(tmpbs.select("div.LEFT div.content.clearfix")[0])
             ~~~~~~~~~~~~~~~~~~~~~~~~~~~~~~~~~~~~~~~~~~~~~^^^
IndexError: list index out of range


2025-01-21 00:33:48,654 - ERROR - ERROR
网传“南京北站挖到古墓被停工”是谣言
https://new.qq.com/rain/a/20250121A00C7C00
('list index out of range',)
======
Traceback (most recent call last):
  File "/home/runner/work/qqnews/qqnews/qq.py", line 81, in process_article
    ss = str(tmpbs.select("div.LEFT div.content.clearfix")[0])
             ~~~~~~~~~~~~~~~~~~~~~~~~~~~~~~~~~~~~~~~~~~~~~^^^
IndexError: list index out of range


2025-01-21 00:33:48,841 - ERROR - ERROR
哥伦比亚总统宣布国家进入内部动乱和经济紧急状态
https://new.qq.com/rain/a/20250121A01MAH00
('list index out of range',)
======
Traceback (most recent call last):
  File "/home/runner/work/qqnews/qqnews/qq.py", line 81, in process_article
    ss = str(tmpbs.select("div.LEFT div.content.clearfix")[0])
             ~~~~~~~~~~~~~~~~~~~~~~~~~~~~~~~~~~~~~~~~~~~~~^^^
IndexError: list index out of range


2025-01-21 00:33:48,861 - ERROR - ERROR
西藏日喀则市定结县发生4.6级地震
https://new.qq.com/rain/a/20250121A018GH00
('list index out of range',)
======
Traceback (most recent call last):
  File "/home/runner/work/qqnews/qqnews/qq.py", line 81, in process_article
    ss = str(tmpbs.select("div.LEFT div.content.clearfix")[0])
             ~~~~~~~~~~~~~~~~~~~~~~~~~~~~~~~~~~~~~~~~~~~~~^^^
IndexError: list index out of range


2025-01-21 00:33:48,867 - ERROR - ERROR
神舟十九号航天员乘组圆满完成第二次出舱活动
https://new.qq.com/rain/a/20250121A00QH800
('list index out of range',)
======
Traceback (most recent call last):
  File "/home/runner/work/qqnews/qqnews/qq.py", line 81, in process_article
    ss = str(tmpbs.select("div.LEFT div.content.clearfix")[0])
             ~~~~~~~~~~~~~~~~~~~~~~~~~~~~~~~~~~~~~~~~~~~~~^^^
IndexError: list index out of range


2025-01-21 00:33:48,872 - ERROR - ERROR
特朗普政府关闭移民申请合法入境的应用程序 现有预约被取消
https://new.qq.com/rain/a/20250121A0120N00
('list index out of range',)
======
Traceback (most recent call last):
  File "/home/runner/work/qqnews/qqnews/qq.py", line 81, in process_article
    ss = str(tmpbs.select("div.LEFT div.content.clearfix")[0])
             ~~~~~~~~~~~~~~~~~~~~~~~~~~~~~~~~~~~~~~~~~~~~~^^^
IndexError: list index out of range


2025-01-21 00:33:49,216 - ERROR - ERROR
台湾台南市6.2级地震已致15人受伤
https://new.qq.com/rain/a/20250121A01GOX00
('list index out of range',)
======
Traceback (most recent call last):
  File "/home/runner/work/qqnews/qqnews/qq.py", line 81, in process_article
    ss = str(tmpbs.select("div.LEFT div.content.clearfix")[0])
             ~~~~~~~~~~~~~~~~~~~~~~~~~~~~~~~~~~~~~~~~~~~~~^^^
IndexError: list index out of range


2025-01-21 00:33:49,473 - ERROR - ERROR
美国欲退《巴黎协定》 联合国回应：能源转型关键期 各国应抓住机会
https://new.qq.com/rain/a/20250121A015OV00
('list index out of range',)
======
Traceback (most recent call last):
  File "/home/runner/work/qqnews/qqnews/qq.py", line 81, in process_article
    ss = str(tmpbs.select("div.LEFT div.content.clearfix")[0])
             ~~~~~~~~~~~~~~~~~~~~~~~~~~~~~~~~~~~~~~~~~~~~~^^^
IndexError: list index out of range


2025-01-21 00:33:49,497 - ERROR - ERROR
外媒：任期“最后一刻”，拜登发布声明“预防性”赦免其家人
https://new.qq.com/rain/a/20250121A00QTI00
('list index out of range',)
======
Traceback (most recent call last):
  File "/home/runner/work/qqnews/qqnews/qq.py", line 81, in process_article
    ss = str(tmpbs.select("div.LEFT div.content.clearfix")[0])
             ~~~~~~~~~~~~~~~~~~~~~~~~~~~~~~~~~~~~~~~~~~~~~^^^
IndexError: list index out of range


2025-01-21 02:06:33,687 - INFO - EXPIRED
海南上海多地出现死亡鲸鱼，为什么鲸鱼常从海里冲上岸搁浅？
https://view.inews.qq.com/a/20250120Q0940B00

2025-01-21 02:06:33,687 - INFO - EXPIRED
腾讯新全球总部曝光，没有“围墙”，未来将向市民开放
https://new.qq.com/rain/a/20250117A07FRJ00

2025-01-21 02:06:33,687 - INFO - EXPIRED
美媒：拜登证实给特朗普留了一封信，“是我和他之间的事”
https://new.qq.com/rain/a/20250120A09RQN00

2025-01-21 02:06:33,687 - INFO - EXPIRED
“二踢脚炸面粉”走红网络引发模仿，消防提醒：最高十年有期徒刑
https://new.qq.com/rain/a/20250120A08DT300

2025-01-21 02:06:33,687 - INFO - EXPIRED
训狗网红给狗绑嘴洗澡，狗意外去世，为何洗澡会导致发病死亡？
https://view.inews.qq.com/a/20250120Q08TUC00

2025-01-21 02:06:33,688 - INFO - EXPIRED
拜登任期最后一天“预防性”赦免多人，此举有哪些考虑？被赦免的人就没事了吗？
https://view.inews.qq.com/a/20250120Q09DX300

2025-01-21 02:06:33,688 - INFO - EXPIRED
刘元春讲新质生产力：思想、理论与战略
https://new.qq.com/rain/a/20250120A072LV00

2025-01-21 02:06:33,688 - INFO - EXPIRED
福建莆田前地产首富涉嫌违法犯罪被采取强制措施，身家曾达360亿元
https://new.qq.com/rain/a/20250120A091C000

2025-01-21 02:06:33,688 - INFO - EXPIRED
男子杀害两人后潜逃34年从国外被押解回国，律师：已被执行死刑
https://new.qq.com/rain/a/20250120A08X5E00

2025-01-21 02:06:33,688 - INFO - EXPIRED
普京：俄罗斯愿与美国政府就乌克兰局势展开对话
https://new.qq.com/rain/a/20250120A099VS00

2025-01-21 02:06:33,688 - INFO - EXPIRED
四川内江市市中区发生4.4级地震，自贡、资中等地均有震感反馈
https://new.qq.com/rain/a/20250120A09CGF00

2025-01-21 02:06:33,688 - INFO - EXPIRED
北京协和医院急诊科医生说“忙爆炸了”，为何临近春节生病变多？
https://view.inews.qq.com/a/20250120Q088S300

2025-01-21 02:06:33,688 - INFO - EXPIRED
特朗普称希望在上任后100天内访华，外交部回应
https://new.qq.com/rain/a/20250120A08T7P00

2025-01-21 02:06:33,688 - INFO - EXPIRED
国泰就“波士顿飞香港航班因机舱冒烟折返”致歉
https://new.qq.com/rain/a/20250120A09I8O00

2025-01-21 02:06:33,688 - INFO - EXPIRED
卸任当日拜登“预防性”赦免，涉及福奇、米利
https://new.qq.com/rain/a/20250120A094XP00

2025-01-21 02:06:33,688 - INFO - EXPIRED
总理主持召开今年首场座谈会，出席发言的9人都有谁？
https://new.qq.com/rain/a/20250120A09HOU00

2025-01-21 02:06:33,688 - INFO - EXPIRED
“翟欣欣案”检方建议量刑10年以上，苏享茂家属：旁听一审，等待判决
https://new.qq.com/rain/a/20250120A08VLJ00

2025-01-21 02:06:33,688 - INFO - EXPIRED
骑手午休时将脚放进外卖保温箱？涉事平台：核实后将永久封禁
https://new.qq.com/rain/a/20250120A08HGR00

2025-01-21 02:06:33,688 - INFO - EXPIRED
4名内地人在香港遭持刀袭击索要财物！两人涉嫌抢劫被抓获
https://new.qq.com/rain/a/20250120A08Y5200

2025-01-21 02:06:33,688 - INFO - EXPIRED
商务部回应欧盟起诉：将按世贸组织规则维护自身权益
https://new.qq.com/rain/a/20250120A092XM00

2025-01-21 02:06:33,688 - INFO - EXPIRED
印度法院拒判“女医生奸杀案”嫌疑人死刑
https://new.qq.com/rain/a/20250120A08PMM00

2025-01-21 02:06:33,688 - INFO - EXPIRED
江西景德镇一名21岁男子散步时失联 家属：已失联3日 监控未发现行踪
https://new.qq.com/rain/a/20250120V08AWY00

2025-01-21 02:06:33,688 - INFO - EXPIRED
中国“人造太阳”创造“亿度千秒”世界纪录，这意味着什么？
https://view.inews.qq.com/a/20250120Q099UH00

2025-01-21 02:06:33,688 - INFO - EXPIRED
李强：要以科技创新推动新旧动能转换，培育更多经济新增长点
https://new.qq.com/rain/a/20250120A08GKW00

2025-01-21 02:06:33,688 - INFO - EXPIRED
何立峰：大力实施城市更新，有力有序有效推进城市更新重点任务
https://new.qq.com/rain/a/20250120A08L8Z00

2025-01-21 02:06:33,688 - INFO - EXPIRED
外交部回应特朗普将就职：中方愿同美新政府加强对话沟通 拓展互利合作
https://new.qq.com/rain/a/20250120A05Y3U00

2025-01-21 02:06:33,688 - INFO - EXPIRED
海南、上海等地出现死亡鲸鱼，多方回应
https://new.qq.com/rain/a/20250120A03AOR00

2025-01-21 02:06:33,688 - INFO - EXPIRED
中俄将严厉打击在华假冒俄罗斯商品
https://new.qq.com/rain/a/20250120A0879D00

2025-01-21 02:06:33,688 - INFO - EXPIRED
美方希望拥有TikTok50%所有权，外交部回应
https://new.qq.com/rain/a/20250120A063JS00

2025-01-21 02:06:33,688 - INFO - EXPIRED
多家烟酒店被曝“遭未成年人盗窃”！济南警方回应称正侦查
https://new.qq.com/rain/a/20250120A068UP00

2025-01-21 02:06:33,688 - INFO - EXPIRED
14年前骑摩托回乡过年的农民工夫妇爆火，还曾登上春晚，如今怎么样了？
https://new.qq.com/rain/a/20250120V05UR500

2025-01-21 02:06:33,688 - INFO - EXPIRED
23岁大学生参加“护农队”打野猪，凌晨触碰他人私设捕兽电网不幸身亡
https://new.qq.com/rain/a/20250120A06P2W00

2025-01-21 02:06:33,688 - INFO - EXPIRED
200万的奔驰车被加油站加错汽油面临大修，加油站需负全责吗？
https://view.inews.qq.com/a/20250119Q06S5C00

2025-01-21 02:06:33,688 - INFO - EXPIRED
国家统计局：上月不包含在校生的16-24岁劳动力失业率为15.7%
https://new.qq.com/rain/a/20250120A07Q4R00

2025-01-21 02:06:33,688 - INFO - EXPIRED
“翟欣欣涉嫌敲诈勒索案”最新进展：明天一审开庭，已退还前夫家属660万元
https://new.qq.com/rain/a/20250120A0686800

2025-01-21 02:06:33,688 - INFO - EXPIRED
马斯克称X不被允许在中国运营的情况需要改变，外交部回应
https://new.qq.com/rain/a/20250120A05VU000

2025-01-21 02:06:33,688 - INFO - EXPIRED
川大智胜：2024年度预计亏损4900万-6300万 股票或被实施退市风险警示
https://new.qq.com/rain/a/20250120A07RU500

2025-01-21 02:06:33,688 - INFO - EXPIRED
男子车内放疑似枪支强行冲卡拖行辅警，他带的枪型物可能是什么？
https://view.inews.qq.com/a/20250120Q04CNK00

2025-01-21 02:06:33,688 - INFO - EXPIRED
农业农村部：肉牛奶牛养殖亏损有所缓解，但完全扭转困难局面还需努力
https://new.qq.com/rain/a/20250120A06ATN00

2025-01-21 02:06:33,688 - INFO - EXPIRED
美国男子小红书上寻亲：25岁左右，当年被湖南邵阳市社会福利院收养
https://new.qq.com/rain/a/20250120A05QN400

2025-01-21 02:06:33,688 - INFO - EXPIRED
从南美到国内运输25天不坏，到家2天就软，车厘子全靠打药？真相揭秘
https://new.qq.com/rain/a/20250120A01XKS00

2025-01-21 02:06:33,688 - INFO - EXPIRED
韩国多位总统都进过拘留所，谁的生活条件最差？
https://new.qq.com/rain/a/20250120V077OC00

2025-01-21 02:06:33,688 - INFO - EXPIRED
大学生花100元开钟点房洗十几件衣服，被吐槽“薅羊毛”，酒店回应
https://new.qq.com/rain/a/20250120A03EIK00

2025-01-21 02:06:33,688 - INFO - EXPIRED
继赵明辞任荣耀CEO后，中国区CMO姜海荣即将离职
https://new.qq.com/rain/a/20250120A06TL600

2025-01-21 02:06:33,688 - INFO - EXPIRED
美国第一夫人推出自己的加密货币，现在买能赚到钱吗？
https://view.inews.qq.com/a/20250120Q04ALO00

2025-01-21 02:06:33,688 - INFO - EXPIRED
如何实现“用血费用减免一次都不跑”？国家卫健委回应
https://new.qq.com/rain/a/20250120A06H6900

2025-01-21 02:06:33,688 - INFO - EXPIRED
珠海驾车冲撞市民案凶手樊维秋被执行死刑
https://new.qq.com/rain/a/20250120A05D9Y00

2025-01-21 02:06:33,688 - INFO - EXPIRED
无锡一学院持刀伤人案凶手徐加金被执行死刑
https://new.qq.com/rain/a/20250120A05G5L00

2025-01-21 02:06:33,688 - INFO - EXPIRED
王忠林当选湖北省人大常委会主任 李殿勋当选湖北省省长
https://new.qq.com/rain/a/20250120A067IX00

2025-01-21 02:06:33,688 - INFO - EXPIRED
外交部：在中方斡旋下，缅甸政府与果敢同盟军签署停火协议
https://new.qq.com/rain/a/20250120A05UW400

2025-01-21 02:06:33,688 - INFO - EXPIRED
北京住房公积金试点可直付房租
https://new.qq.com/rain/a/20250120A068TT00

2025-01-21 02:06:33,688 - INFO - EXPIRED
取消门诊预交金、规范住院预交金 今年3月正式实施
https://new.qq.com/rain/a/20250120A05S3C00

2025-01-21 02:06:33,688 - INFO - EXPIRED
尹锡悦进拘留所，住单间睡地上，这种人的待遇与普通人有何不同？
https://view.inews.qq.com/a/20250120Q04LDN00

2025-01-21 02:06:33,688 - INFO - EXPIRED
李开复谈及自己生病曾被宣告只有100天生命，人如何掌握自己的命运？
https://view.inews.qq.com/a/20250120Q04SUI00

2025-01-21 02:06:33,688 - INFO - EXPIRED
法治日报评论：因生活不如意便报复社会，付出沉重代价完全是咎由自取
https://new.qq.com/rain/a/20250120A05O9U00

2025-01-21 02:06:33,688 - INFO - EXPIRED
乌消息人士：特朗普就职后的100天，将是俄乌冲突最紧张、最危险时段
https://new.qq.com/rain/a/20250120A01BWJ00

2025-01-21 02:06:33,688 - INFO - EXPIRED
知名演员胡歌的民盟职务获披露
https://new.qq.com/rain/a/20250120A04NHW00

2025-01-21 02:06:33,688 - INFO - EXPIRED
美国众议院议长：拜登甚至不知道自己签过什么行政令
https://new.qq.com/rain/a/20250120A0278Q00

2025-01-21 02:06:33,688 - INFO - EXPIRED
常年随身携带的“能量塔”可改善睡眠、祈福？海关：核辐射值严重超标
https://new.qq.com/rain/a/20250120A0489B00

2025-01-21 02:06:33,688 - INFO - EXPIRED
暗访上海出租车违法改装：“小马达”“断码器”20分钟装全套
https://new.qq.com/rain/a/20250120A01DE400

2025-01-21 02:06:33,688 - INFO - EXPIRED
大搞权钱钱色交易，中国电子科技集团原副总经理何文忠被公诉
https://new.qq.com/rain/a/20250120A05MBI00

2025-01-21 02:06:33,688 - INFO - EXPIRED
2024年出生人口止跌回升，中国人是又爱生了吗
https://new.qq.com/rain/a/20250120A04B0M00

2025-01-21 02:06:33,689 - INFO - EXPIRED
“过年该摆的摆，多挣点钱！”山东德州城管上门喊商户店外摆摊
https://new.qq.com/rain/a/20250120A03F6D00

2025-01-21 02:06:33,689 - INFO - EXPIRED
海南东方市一处海边出现鲸鱼尸体：长11.8米重12吨 为怀孕长须鲸
https://new.qq.com/rain/a/20250120V04O3H00

2025-01-21 02:06:33,689 - INFO - EXPIRED
被控共拐卖14名儿童，王浩文案二审将宣判，寻亲家长：死刑毫无悬念
https://new.qq.com/rain/a/20250120A051EX00

2025-01-21 02:06:33,689 - INFO - EXPIRED
法学教授：珠海、无锡两地从快从重追诉和审判，完全符合刑法根本要求
https://new.qq.com/rain/a/20250120A05JR700

2025-01-21 02:06:33,689 - INFO - EXPIRED
网红狗“艾特”洗澡时死亡，千万网红“潘宏”被指博流量，本人回应
https://new.qq.com/rain/a/20250120A029FC00

2025-01-21 02:06:33,689 - INFO - EXPIRED
近日D3014次列车因遭鸟击临时停车，鸟击动车的力度有多大？
https://view.inews.qq.com/a/20250119Q06VMA00

2025-01-21 02:06:33,689 - INFO - EXPIRED
护驾有功，特朗普将破格提拔他
https://new.qq.com/rain/a/20250120A0436C00

2025-01-21 02:06:33,689 - INFO - EXPIRED
韩正分别会见美国工商界人士代表和特斯拉公司首席执行官马斯克
https://new.qq.com/rain/a/20250120A038W700

2025-01-21 02:06:33,689 - INFO - EXPIRED
他花50万买“烟草局”工作
https://new.qq.com/rain/a/20250120A0364T00

2025-01-21 02:06:33,689 - INFO - EXPIRED
一山不容二虎？报道：与“马部长”共同执掌政府效率部的Vivek出局了
https://new.qq.com/rain/a/20250120A049U800

2025-01-21 02:06:33,689 - INFO - EXPIRED
韩正会见美国当选副总统万斯
https://new.qq.com/rain/a/20250120A036W700

2025-01-21 02:06:33,689 - INFO - EXPIRED
1月LPR报价维持不变！专家：短期之内降息的迫切性、必要性都不大
https://new.qq.com/rain/a/20250120A040SQ00

2025-01-21 02:06:33,689 - INFO - EXPIRED
儿子生父自杀，女子带两个孩子街头摆摊？众多网友捐款，重庆当地回应
https://new.qq.com/rain/a/20250119A063BT00

2025-01-21 02:06:35,369 - ERROR - ERROR
特朗普废除拜登政府近80项政策 宣布美国将退出《巴黎协定》
https://new.qq.com/rain/a/20250121A01QX600
('list index out of range',)
======
Traceback (most recent call last):
  File "/home/runner/work/qqnews/qqnews/qq.py", line 81, in process_article
    ss = str(tmpbs.select("div.LEFT div.content.clearfix")[0])
             ~~~~~~~~~~~~~~~~~~~~~~~~~~~~~~~~~~~~~~~~~~~~~^^^
IndexError: list index out of range


2025-01-21 02:06:35,369 - ERROR - ERROR
外媒称马斯克与张一鸣2024年曾经会面，牵线人阐述联络细节
https://new.qq.com/rain/a/20250121A00P6A00
('list index out of range',)
======
Traceback (most recent call last):
  File "/home/runner/work/qqnews/qqnews/qq.py", line 81, in process_article
    ss = str(tmpbs.select("div.LEFT div.content.clearfix")[0])
             ~~~~~~~~~~~~~~~~~~~~~~~~~~~~~~~~~~~~~~~~~~~~~^^^
IndexError: list index out of range


2025-01-21 02:06:35,374 - ERROR - ERROR
特朗普签署行政令宣布美国退出世界卫生组织
https://new.qq.com/rain/a/20250121A02EZ400
('list index out of range',)
======
Traceback (most recent call last):
  File "/home/runner/work/qqnews/qqnews/qq.py", line 81, in process_article
    ss = str(tmpbs.select("div.LEFT div.content.clearfix")[0])
             ~~~~~~~~~~~~~~~~~~~~~~~~~~~~~~~~~~~~~~~~~~~~~^^^
IndexError: list index out of range


2025-01-21 02:06:35,381 - ERROR - ERROR
中央决定：孙梅君任海关总署党委书记
https://new.qq.com/rain/a/20250121A02O9V00
('list index out of range',)
======
Traceback (most recent call last):
  File "/home/runner/work/qqnews/qqnews/qq.py", line 81, in process_article
    ss = str(tmpbs.select("div.LEFT div.content.clearfix")[0])
             ~~~~~~~~~~~~~~~~~~~~~~~~~~~~~~~~~~~~~~~~~~~~~^^^
IndexError: list index out of range


2025-01-21 02:06:35,449 - ERROR - ERROR
特朗普：自2月1日起对进口自加拿大商品征收25%关税
https://new.qq.com/rain/a/20250121A02JWS00
('list index out of range',)
======
Traceback (most recent call last):
  File "/home/runner/work/qqnews/qqnews/qq.py", line 81, in process_article
    ss = str(tmpbs.select("div.LEFT div.content.clearfix")[0])
             ~~~~~~~~~~~~~~~~~~~~~~~~~~~~~~~~~~~~~~~~~~~~~^^^
IndexError: list index out of range


2025-01-21 02:06:36,052 - ERROR - ERROR
人民币兑美元中间价报7.1703，上调183点
https://new.qq.com/rain/a/20250121A02ALM00
('list index out of range',)
======
Traceback (most recent call last):
  File "/home/runner/work/qqnews/qqnews/qq.py", line 81, in process_article
    ss = str(tmpbs.select("div.LEFT div.content.clearfix")[0])
             ~~~~~~~~~~~~~~~~~~~~~~~~~~~~~~~~~~~~~~~~~~~~~^^^
IndexError: list index out of range


2025-01-21 02:06:36,068 - ERROR - ERROR
特朗普取消拜登政府时期将古巴移出“支持恐怖主义国家”名单的决定
https://new.qq.com/rain/a/20250121A025PO00
('list index out of range',)
======
Traceback (most recent call last):
  File "/home/runner/work/qqnews/qqnews/qq.py", line 81, in process_article
    ss = str(tmpbs.select("div.LEFT div.content.clearfix")[0])
             ~~~~~~~~~~~~~~~~~~~~~~~~~~~~~~~~~~~~~~~~~~~~~^^^
IndexError: list index out of range


2025-01-21 02:06:36,100 - ERROR - ERROR
特朗普签署行政令赦免约1500名“国会山骚乱”暴力分子
https://new.qq.com/rain/a/20250121A02D6K00
('list index out of range',)
======
Traceback (most recent call last):
  File "/home/runner/work/qqnews/qqnews/qq.py", line 81, in process_article
    ss = str(tmpbs.select("div.LEFT div.content.clearfix")[0])
             ~~~~~~~~~~~~~~~~~~~~~~~~~~~~~~~~~~~~~~~~~~~~~^^^
IndexError: list index out of range


2025-01-21 02:06:36,122 - ERROR - ERROR
美媒：特朗普签署行政令，宣布美国南部边境进入“国家紧急状态”
https://new.qq.com/rain/a/20250121A02C2800
('list index out of range',)
======
Traceback (most recent call last):
  File "/home/runner/work/qqnews/qqnews/qq.py", line 81, in process_article
    ss = str(tmpbs.select("div.LEFT div.content.clearfix")[0])
             ~~~~~~~~~~~~~~~~~~~~~~~~~~~~~~~~~~~~~~~~~~~~~^^^
IndexError: list index out of range


2025-01-21 02:06:36,127 - ERROR - ERROR
建对外税务局 扩张领土 美国总统特朗普发表就职演讲
https://new.qq.com/rain/a/20250121A00OE500
('list index out of range',)
======
Traceback (most recent call last):
  File "/home/runner/work/qqnews/qqnews/qq.py", line 81, in process_article
    ss = str(tmpbs.select("div.LEFT div.content.clearfix")[0])
             ~~~~~~~~~~~~~~~~~~~~~~~~~~~~~~~~~~~~~~~~~~~~~^^^
IndexError: list index out of range


2025-01-21 02:06:36,718 - ERROR - ERROR
美国参议院确认卢比奥担任国务卿
https://new.qq.com/rain/a/20250121A01TT200
('list index out of range',)
======
Traceback (most recent call last):
  File "/home/runner/work/qqnews/qqnews/qq.py", line 81, in process_article
    ss = str(tmpbs.select("div.LEFT div.content.clearfix")[0])
             ~~~~~~~~~~~~~~~~~~~~~~~~~~~~~~~~~~~~~~~~~~~~~^^^
IndexError: list index out of range


2025-01-21 02:06:36,761 - ERROR - ERROR
每次上任，特朗普为何都要退出《巴黎协定》
https://new.qq.com/rain/a/20250121A01XYO00
('list index out of range',)
======
Traceback (most recent call last):
  File "/home/runner/work/qqnews/qqnews/qq.py", line 81, in process_article
    ss = str(tmpbs.select("div.LEFT div.content.clearfix")[0])
             ~~~~~~~~~~~~~~~~~~~~~~~~~~~~~~~~~~~~~~~~~~~~~^^^
IndexError: list index out of range


2025-01-21 02:06:36,773 - ERROR - ERROR
台湾台南6.2级地震致全台摇晃：阿里山突冒“闪光” 屏东鸟群飞翔
https://new.qq.com/rain/a/20250121V01JQ900
('list index out of range',)
======
Traceback (most recent call last):
  File "/home/runner/work/qqnews/qqnews/qq.py", line 81, in process_article
    ss = str(tmpbs.select("div.LEFT div.content.clearfix")[0])
             ~~~~~~~~~~~~~~~~~~~~~~~~~~~~~~~~~~~~~~~~~~~~~^^^
IndexError: list index out of range


2025-01-21 02:06:36,834 - ERROR - ERROR
网传“南京北站挖到古墓被停工”是谣言
https://new.qq.com/rain/a/20250121A00C7C00
('list index out of range',)
======
Traceback (most recent call last):
  File "/home/runner/work/qqnews/qqnews/qq.py", line 81, in process_article
    ss = str(tmpbs.select("div.LEFT div.content.clearfix")[0])
             ~~~~~~~~~~~~~~~~~~~~~~~~~~~~~~~~~~~~~~~~~~~~~^^^
IndexError: list index out of range


2025-01-21 02:06:36,875 - ERROR - ERROR
深夜大反攻！离岸人民币兑美元连升五道关口，发生了什么
https://new.qq.com/rain/a/20250121A01P2Q00
('list index out of range',)
======
Traceback (most recent call last):
  File "/home/runner/work/qqnews/qqnews/qq.py", line 81, in process_article
    ss = str(tmpbs.select("div.LEFT div.content.clearfix")[0])
             ~~~~~~~~~~~~~~~~~~~~~~~~~~~~~~~~~~~~~~~~~~~~~^^^
IndexError: list index out of range


2025-01-21 02:06:37,440 - ERROR - ERROR
视频丨特朗普宣誓就任美国第47任总统
https://new.qq.com/rain/a/20250121A00N8200
('list index out of range',)
======
Traceback (most recent call last):
  File "/home/runner/work/qqnews/qqnews/qq.py", line 81, in process_article
    ss = str(tmpbs.select("div.LEFT div.content.clearfix")[0])
             ~~~~~~~~~~~~~~~~~~~~~~~~~~~~~~~~~~~~~~~~~~~~~^^^
IndexError: list index out of range


2025-01-21 02:06:37,463 - ERROR - ERROR
韩正出席美国总统就职典礼
https://new.qq.com/rain/a/20250121A01DJH00
('list index out of range',)
======
Traceback (most recent call last):
  File "/home/runner/work/qqnews/qqnews/qq.py", line 81, in process_article
    ss = str(tmpbs.select("div.LEFT div.content.clearfix")[0])
             ~~~~~~~~~~~~~~~~~~~~~~~~~~~~~~~~~~~~~~~~~~~~~^^^
IndexError: list index out of range


2025-01-21 02:06:37,515 - ERROR - ERROR
哥伦比亚总统宣布国家进入内部动乱和经济紧急状态
https://new.qq.com/rain/a/20250121A01MAH00
('list index out of range',)
======
Traceback (most recent call last):
  File "/home/runner/work/qqnews/qqnews/qq.py", line 81, in process_article
    ss = str(tmpbs.select("div.LEFT div.content.clearfix")[0])
             ~~~~~~~~~~~~~~~~~~~~~~~~~~~~~~~~~~~~~~~~~~~~~^^^
IndexError: list index out of range


2025-01-21 02:06:37,631 - ERROR - ERROR
特朗普政府关闭移民申请合法入境的应用程序 现有预约被取消
https://new.qq.com/rain/a/20250121A0120N00
('list index out of range',)
======
Traceback (most recent call last):
  File "/home/runner/work/qqnews/qqnews/qq.py", line 81, in process_article
    ss = str(tmpbs.select("div.LEFT div.content.clearfix")[0])
             ~~~~~~~~~~~~~~~~~~~~~~~~~~~~~~~~~~~~~~~~~~~~~^^^
IndexError: list index out of range


2025-01-21 02:06:37,700 - ERROR - ERROR
特朗普称将收回巴拿马运河 巴拿马：运河主权不可动摇
https://new.qq.com/rain/a/20250121A01DI400
('list index out of range',)
======
Traceback (most recent call last):
  File "/home/runner/work/qqnews/qqnews/qq.py", line 81, in process_article
    ss = str(tmpbs.select("div.LEFT div.content.clearfix")[0])
             ~~~~~~~~~~~~~~~~~~~~~~~~~~~~~~~~~~~~~~~~~~~~~^^^
IndexError: list index out of range


2025-01-21 02:06:38,201 - ERROR - ERROR
西藏日喀则市定结县发生4.6级地震
https://new.qq.com/rain/a/20250121A018GH00
('list index out of range',)
======
Traceback (most recent call last):
  File "/home/runner/work/qqnews/qqnews/qq.py", line 81, in process_article
    ss = str(tmpbs.select("div.LEFT div.content.clearfix")[0])
             ~~~~~~~~~~~~~~~~~~~~~~~~~~~~~~~~~~~~~~~~~~~~~^^^
IndexError: list index out of range


2025-01-21 02:06:38,214 - ERROR - ERROR
神舟十九号航天员乘组圆满完成第二次出舱活动
https://new.qq.com/rain/a/20250121A00QH800
('list index out of range',)
======
Traceback (most recent call last):
  File "/home/runner/work/qqnews/qqnews/qq.py", line 81, in process_article
    ss = str(tmpbs.select("div.LEFT div.content.clearfix")[0])
             ~~~~~~~~~~~~~~~~~~~~~~~~~~~~~~~~~~~~~~~~~~~~~^^^
IndexError: list index out of range


2025-01-21 02:06:38,238 - ERROR - ERROR
台湾台南市6.2级地震已致15人受伤
https://new.qq.com/rain/a/20250121A01GOX00
('list index out of range',)
======
Traceback (most recent call last):
  File "/home/runner/work/qqnews/qqnews/qq.py", line 81, in process_article
    ss = str(tmpbs.select("div.LEFT div.content.clearfix")[0])
             ~~~~~~~~~~~~~~~~~~~~~~~~~~~~~~~~~~~~~~~~~~~~~^^^
IndexError: list index out of range


2025-01-21 02:06:38,319 - ERROR - ERROR
美国欲退《巴黎协定》 联合国回应：能源转型关键期 各国应抓住机会
https://new.qq.com/rain/a/20250121A015OV00
('list index out of range',)
======
Traceback (most recent call last):
  File "/home/runner/work/qqnews/qqnews/qq.py", line 81, in process_article
    ss = str(tmpbs.select("div.LEFT div.content.clearfix")[0])
             ~~~~~~~~~~~~~~~~~~~~~~~~~~~~~~~~~~~~~~~~~~~~~^^^
IndexError: list index out of range


2025-01-21 02:06:38,908 - ERROR - ERROR
外媒：任期“最后一刻”，拜登发布声明“预防性”赦免其家人
https://new.qq.com/rain/a/20250121A00QTI00
('list index out of range',)
======
Traceback (most recent call last):
  File "/home/runner/work/qqnews/qqnews/qq.py", line 81, in process_article
    ss = str(tmpbs.select("div.LEFT div.content.clearfix")[0])
             ~~~~~~~~~~~~~~~~~~~~~~~~~~~~~~~~~~~~~~~~~~~~~^^^
IndexError: list index out of range


2025-01-21 03:08:57,836 - INFO - EXPIRED
“二踢脚炸面粉”走红网络引发模仿，消防提醒：最高十年有期徒刑
https://new.qq.com/rain/a/20250120A08DT300

2025-01-21 03:08:57,836 - INFO - EXPIRED
重庆单亲妈妈带两娃摆摊，孩子患先天性心脏病，孕期能提前检查出来吗？该怎么治？
https://view.inews.qq.com/a/20250120Q0530G00

2025-01-21 03:08:57,836 - INFO - EXPIRED
性侵我的老板入狱后，同事们都疏远了我
https://new.qq.com/rain/a/20250120A09QPR00

2025-01-21 03:08:57,836 - INFO - EXPIRED
热播剧《漂白》被指抄袭南方都市报一篇深度调查报道，记者本人发声
https://new.qq.com/rain/a/20250120A08ZER00

2025-01-21 03:08:57,836 - INFO - EXPIRED
腾讯新全球总部曝光，没有“围墙”，未来将向市民开放
https://new.qq.com/rain/a/20250117A07FRJ00

2025-01-21 03:08:57,836 - INFO - EXPIRED
美媒：拜登证实给特朗普留了一封信，“是我和他之间的事”
https://new.qq.com/rain/a/20250120A09RQN00

2025-01-21 03:08:57,836 - INFO - EXPIRED
训狗网红给狗绑嘴洗澡，狗意外去世，为何洗澡会导致发病死亡？
https://view.inews.qq.com/a/20250120Q08TUC00

2025-01-21 03:08:57,836 - INFO - EXPIRED
拜登任期最后一天“预防性”赦免多人，此举有哪些考虑？被赦免的人就没事了吗？
https://view.inews.qq.com/a/20250120Q09DX300

2025-01-21 03:08:57,836 - INFO - EXPIRED
海南上海多地出现死亡鲸鱼，为什么鲸鱼常从海里冲上岸搁浅？
https://view.inews.qq.com/a/20250120Q0940B00

2025-01-21 03:08:57,836 - INFO - EXPIRED
刘元春讲新质生产力：思想、理论与战略
https://new.qq.com/rain/a/20250120A072LV00

2025-01-21 03:08:57,836 - INFO - EXPIRED
福建莆田前地产首富涉嫌违法犯罪被采取强制措施，身家曾达360亿元
https://new.qq.com/rain/a/20250120A091C000

2025-01-21 03:08:57,836 - INFO - EXPIRED
男子杀害两人后潜逃34年从国外被押解回国，律师：已被执行死刑
https://new.qq.com/rain/a/20250120A08X5E00

2025-01-21 03:08:57,836 - INFO - EXPIRED
普京：俄罗斯愿与美国政府就乌克兰局势展开对话
https://new.qq.com/rain/a/20250120A099VS00

2025-01-21 03:08:57,836 - INFO - EXPIRED
四川内江市市中区发生4.4级地震，自贡、资中等地均有震感反馈
https://new.qq.com/rain/a/20250120A09CGF00

2025-01-21 03:08:57,836 - INFO - EXPIRED
北京协和医院急诊科医生说“忙爆炸了”，为何临近春节生病变多？
https://view.inews.qq.com/a/20250120Q088S300

2025-01-21 03:08:57,836 - INFO - EXPIRED
特朗普称希望在上任后100天内访华，外交部回应
https://new.qq.com/rain/a/20250120A08T7P00

2025-01-21 03:08:57,836 - INFO - EXPIRED
国泰就“波士顿飞香港航班因机舱冒烟折返”致歉
https://new.qq.com/rain/a/20250120A09I8O00

2025-01-21 03:08:57,836 - INFO - EXPIRED
卸任当日拜登“预防性”赦免，涉及福奇、米利
https://new.qq.com/rain/a/20250120A094XP00

2025-01-21 03:08:57,836 - INFO - EXPIRED
总理主持召开今年首场座谈会，出席发言的9人都有谁？
https://new.qq.com/rain/a/20250120A09HOU00

2025-01-21 03:08:57,836 - INFO - EXPIRED
“翟欣欣案”检方建议量刑10年以上，苏享茂家属：旁听一审，等待判决
https://new.qq.com/rain/a/20250120A08VLJ00

2025-01-21 03:08:57,836 - INFO - EXPIRED
骑手午休时将脚放进外卖保温箱？涉事平台：核实后将永久封禁
https://new.qq.com/rain/a/20250120A08HGR00

2025-01-21 03:08:57,836 - INFO - EXPIRED
4名内地人在香港遭持刀袭击索要财物！两人涉嫌抢劫被抓获
https://new.qq.com/rain/a/20250120A08Y5200

2025-01-21 03:08:57,836 - INFO - EXPIRED
商务部回应欧盟起诉：将按世贸组织规则维护自身权益
https://new.qq.com/rain/a/20250120A092XM00

2025-01-21 03:08:57,836 - INFO - EXPIRED
印度法院拒判“女医生奸杀案”嫌疑人死刑
https://new.qq.com/rain/a/20250120A08PMM00

2025-01-21 03:08:57,836 - INFO - EXPIRED
江西景德镇一名21岁男子散步时失联 家属：已失联3日 监控未发现行踪
https://new.qq.com/rain/a/20250120V08AWY00

2025-01-21 03:08:57,836 - INFO - EXPIRED
中国“人造太阳”创造“亿度千秒”世界纪录，这意味着什么？
https://view.inews.qq.com/a/20250120Q099UH00

2025-01-21 03:08:57,836 - INFO - EXPIRED
李强：要以科技创新推动新旧动能转换，培育更多经济新增长点
https://new.qq.com/rain/a/20250120A08GKW00

2025-01-21 03:08:57,837 - INFO - EXPIRED
何立峰：大力实施城市更新，有力有序有效推进城市更新重点任务
https://new.qq.com/rain/a/20250120A08L8Z00

2025-01-21 03:08:57,837 - INFO - EXPIRED
外交部回应特朗普将就职：中方愿同美新政府加强对话沟通 拓展互利合作
https://new.qq.com/rain/a/20250120A05Y3U00

2025-01-21 03:08:57,837 - INFO - EXPIRED
海南、上海等地出现死亡鲸鱼，多方回应
https://new.qq.com/rain/a/20250120A03AOR00

2025-01-21 03:08:57,837 - INFO - EXPIRED
中俄将严厉打击在华假冒俄罗斯商品
https://new.qq.com/rain/a/20250120A0879D00

2025-01-21 03:08:57,837 - INFO - EXPIRED
美方希望拥有TikTok50%所有权，外交部回应
https://new.qq.com/rain/a/20250120A063JS00

2025-01-21 03:08:57,837 - INFO - EXPIRED
多家烟酒店被曝“遭未成年人盗窃”！济南警方回应称正侦查
https://new.qq.com/rain/a/20250120A068UP00

2025-01-21 03:08:57,837 - INFO - EXPIRED
14年前骑摩托农民工：曾登上春晚，如今还在工地打工，为救女儿生儿子换骨髓
https://new.qq.com/rain/a/20250120V05UR500

2025-01-21 03:08:57,837 - INFO - EXPIRED
23岁大学生参加“护农队”打野猪，凌晨触碰他人私设捕兽电网不幸身亡
https://new.qq.com/rain/a/20250120A06P2W00

2025-01-21 03:08:57,837 - INFO - EXPIRED
200万的奔驰车被加油站加错汽油面临大修，加油站需负全责吗？
https://view.inews.qq.com/a/20250119Q06S5C00

2025-01-21 03:08:57,837 - INFO - EXPIRED
国家统计局：上月不包含在校生的16-24岁劳动力失业率为15.7%
https://new.qq.com/rain/a/20250120A07Q4R00

2025-01-21 03:08:57,837 - INFO - EXPIRED
“翟欣欣涉嫌敲诈勒索案”最新进展：明天一审开庭，已退还前夫家属660万元
https://new.qq.com/rain/a/20250120A0686800

2025-01-21 03:08:57,837 - INFO - EXPIRED
马斯克称X不被允许在中国运营的情况需要改变，外交部回应
https://new.qq.com/rain/a/20250120A05VU000

2025-01-21 03:08:57,837 - INFO - EXPIRED
川大智胜：2024年度预计亏损4900万-6300万 股票或被实施退市风险警示
https://new.qq.com/rain/a/20250120A07RU500

2025-01-21 03:08:57,837 - INFO - EXPIRED
男子车内放疑似枪支强行冲卡拖行辅警，他带的枪型物可能是什么？
https://view.inews.qq.com/a/20250120Q04CNK00

2025-01-21 03:08:57,837 - INFO - EXPIRED
农业农村部：肉牛奶牛养殖亏损有所缓解，但完全扭转困难局面还需努力
https://new.qq.com/rain/a/20250120A06ATN00

2025-01-21 03:08:57,837 - INFO - EXPIRED
美国男子小红书上寻亲：25岁左右，当年被湖南邵阳市社会福利院收养
https://new.qq.com/rain/a/20250120A05QN400

2025-01-21 03:08:57,837 - INFO - EXPIRED
从南美到国内运输25天不坏，到家2天就软，车厘子全靠打药？真相揭秘
https://new.qq.com/rain/a/20250120A01XKS00

2025-01-21 03:08:57,837 - INFO - EXPIRED
韩国多位总统都进过拘留所，谁的生活条件最差？
https://new.qq.com/rain/a/20250120V077OC00

2025-01-21 03:08:57,837 - INFO - EXPIRED
大学生花100元开钟点房洗十几件衣服，被吐槽“薅羊毛”，酒店回应
https://new.qq.com/rain/a/20250120A03EIK00

2025-01-21 03:08:57,837 - INFO - EXPIRED
继赵明辞任荣耀CEO后，中国区CMO姜海荣即将离职
https://new.qq.com/rain/a/20250120A06TL600

2025-01-21 03:08:57,837 - INFO - EXPIRED
美国第一夫人推出自己的加密货币，现在买能赚到钱吗？
https://view.inews.qq.com/a/20250120Q04ALO00

2025-01-21 03:08:57,837 - INFO - EXPIRED
如何实现“用血费用减免一次都不跑”？国家卫健委回应
https://new.qq.com/rain/a/20250120A06H6900

2025-01-21 03:08:57,837 - INFO - EXPIRED
珠海驾车冲撞市民案凶手樊维秋被执行死刑
https://new.qq.com/rain/a/20250120A05D9Y00

2025-01-21 03:08:57,837 - INFO - EXPIRED
无锡一学院持刀伤人案凶手徐加金被执行死刑
https://new.qq.com/rain/a/20250120A05G5L00

2025-01-21 03:08:57,837 - INFO - EXPIRED
王忠林当选湖北省人大常委会主任 李殿勋当选湖北省省长
https://new.qq.com/rain/a/20250120A067IX00

2025-01-21 03:08:57,837 - INFO - EXPIRED
外交部：在中方斡旋下，缅甸政府与果敢同盟军签署停火协议
https://new.qq.com/rain/a/20250120A05UW400

2025-01-21 03:08:57,837 - INFO - EXPIRED
北京住房公积金试点可直付房租
https://new.qq.com/rain/a/20250120A068TT00

2025-01-21 03:08:57,837 - INFO - EXPIRED
取消门诊预交金、规范住院预交金 今年3月正式实施
https://new.qq.com/rain/a/20250120A05S3C00

2025-01-21 03:08:57,837 - INFO - EXPIRED
尹锡悦进拘留所，住单间睡地上，这种人的待遇与普通人有何不同？
https://view.inews.qq.com/a/20250120Q04LDN00

2025-01-21 03:08:57,837 - INFO - EXPIRED
李开复谈及自己生病曾被宣告只有100天生命，人如何掌握自己的命运？
https://view.inews.qq.com/a/20250120Q04SUI00

2025-01-21 03:08:57,837 - INFO - EXPIRED
法治日报评论：因生活不如意便报复社会，付出沉重代价完全是咎由自取
https://new.qq.com/rain/a/20250120A05O9U00

2025-01-21 03:08:57,837 - INFO - EXPIRED
乌消息人士：特朗普就职后的100天，将是俄乌冲突最紧张、最危险时段
https://new.qq.com/rain/a/20250120A01BWJ00

2025-01-21 03:08:57,837 - INFO - EXPIRED
知名演员胡歌的民盟职务获披露
https://new.qq.com/rain/a/20250120A04NHW00

2025-01-21 03:08:57,837 - INFO - EXPIRED
美国众议院议长：拜登甚至不知道自己签过什么行政令
https://new.qq.com/rain/a/20250120A0278Q00

2025-01-21 03:08:57,837 - INFO - EXPIRED
常年随身携带的“能量塔”可改善睡眠、祈福？海关：核辐射值严重超标
https://new.qq.com/rain/a/20250120A0489B00

2025-01-21 03:08:57,837 - INFO - EXPIRED
暗访上海出租车违法改装：“小马达”“断码器”20分钟装全套
https://new.qq.com/rain/a/20250120A01DE400

2025-01-21 03:08:57,837 - INFO - EXPIRED
大搞权钱钱色交易，中国电子科技集团原副总经理何文忠被公诉
https://new.qq.com/rain/a/20250120A05MBI00

2025-01-21 03:08:57,837 - INFO - EXPIRED
2024年出生人口止跌回升，中国人是又爱生了吗
https://new.qq.com/rain/a/20250120A04B0M00

2025-01-21 03:08:57,837 - INFO - EXPIRED
“过年该摆的摆，多挣点钱！”山东德州城管上门喊商户店外摆摊
https://new.qq.com/rain/a/20250120A03F6D00

2025-01-21 03:08:57,837 - INFO - EXPIRED
海南东方市一处海边出现鲸鱼尸体：长11.8米重12吨 为怀孕长须鲸
https://new.qq.com/rain/a/20250120V04O3H00

2025-01-21 03:08:57,837 - INFO - EXPIRED
被控共拐卖14名儿童，王浩文案二审将宣判，寻亲家长：死刑毫无悬念
https://new.qq.com/rain/a/20250120A051EX00

2025-01-21 03:08:57,837 - INFO - EXPIRED
法学教授：珠海、无锡两地从快从重追诉和审判，完全符合刑法根本要求
https://new.qq.com/rain/a/20250120A05JR700

2025-01-21 03:08:57,837 - INFO - EXPIRED
网红狗“艾特”洗澡时死亡，千万网红“潘宏”被指博流量，本人回应
https://new.qq.com/rain/a/20250120A029FC00

2025-01-21 03:08:57,837 - INFO - EXPIRED
近日D3014次列车因遭鸟击临时停车，鸟击动车的力度有多大？
https://view.inews.qq.com/a/20250119Q06VMA00

2025-01-21 03:08:58,879 - ERROR - ERROR
特朗普签署行政令宣布美国退出世界卫生组织
https://new.qq.com/rain/a/20250121A02EZ400
('list index out of range',)
======
Traceback (most recent call last):
  File "/home/runner/work/qqnews/qqnews/qq.py", line 81, in process_article
    ss = str(tmpbs.select("div.LEFT div.content.clearfix")[0])
             ~~~~~~~~~~~~~~~~~~~~~~~~~~~~~~~~~~~~~~~~~~~~~^^^
IndexError: list index out of range


2025-01-21 03:08:58,883 - ERROR - ERROR
在记者询问提醒下，特朗普翻出拜登留信：感谢，不然可能得过几年才发现
https://new.qq.com/rain/a/20250121A030YX00
('list index out of range',)
======
Traceback (most recent call last):
  File "/home/runner/work/qqnews/qqnews/qq.py", line 81, in process_article
    ss = str(tmpbs.select("div.LEFT div.content.clearfix")[0])
             ~~~~~~~~~~~~~~~~~~~~~~~~~~~~~~~~~~~~~~~~~~~~~^^^
IndexError: list index out of range


2025-01-21 03:08:58,901 - ERROR - ERROR
特朗普：计划与普京见面 相关谈判已在进行中
https://new.qq.com/rain/a/20250121A02OIL00
('list index out of range',)
======
Traceback (most recent call last):
  File "/home/runner/work/qqnews/qqnews/qq.py", line 81, in process_article
    ss = str(tmpbs.select("div.LEFT div.content.clearfix")[0])
             ~~~~~~~~~~~~~~~~~~~~~~~~~~~~~~~~~~~~~~~~~~~~~^^^
IndexError: list index out of range


2025-01-21 03:08:58,935 - ERROR - ERROR
特朗普宣布终止非法移民或持临时签证者子女的出生公民权
https://new.qq.com/rain/a/20250121A037KS00
('list index out of range',)
======
Traceback (most recent call last):
  File "/home/runner/work/qqnews/qqnews/qq.py", line 81, in process_article
    ss = str(tmpbs.select("div.LEFT div.content.clearfix")[0])
             ~~~~~~~~~~~~~~~~~~~~~~~~~~~~~~~~~~~~~~~~~~~~~^^^
IndexError: list index out of range


2025-01-21 03:08:58,951 - ERROR - ERROR
外媒称马斯克与张一鸣2024年曾经会面，牵线人阐述联络细节
https://new.qq.com/rain/a/20250121A00P6A00
('list index out of range',)
======
Traceback (most recent call last):
  File "/home/runner/work/qqnews/qqnews/qq.py", line 81, in process_article
    ss = str(tmpbs.select("div.LEFT div.content.clearfix")[0])
             ~~~~~~~~~~~~~~~~~~~~~~~~~~~~~~~~~~~~~~~~~~~~~^^^
IndexError: list index out of range


2025-01-21 03:08:59,456 - ERROR - ERROR
外媒：特朗普抨击拜登离任前“最后一刻”发布“预防性”赦免令
https://new.qq.com/rain/a/20250121A02OA900
('list index out of range',)
======
Traceback (most recent call last):
  File "/home/runner/work/qqnews/qqnews/qq.py", line 81, in process_article
    ss = str(tmpbs.select("div.LEFT div.content.clearfix")[0])
             ~~~~~~~~~~~~~~~~~~~~~~~~~~~~~~~~~~~~~~~~~~~~~^^^
IndexError: list index out of range


2025-01-21 03:08:59,460 - ERROR - ERROR
特朗普废除拜登政府近80项政策 宣布美国将退出《巴黎协定》
https://new.qq.com/rain/a/20250121A01QX600
('list index out of range',)
======
Traceback (most recent call last):
  File "/home/runner/work/qqnews/qqnews/qq.py", line 81, in process_article
    ss = str(tmpbs.select("div.LEFT div.content.clearfix")[0])
             ~~~~~~~~~~~~~~~~~~~~~~~~~~~~~~~~~~~~~~~~~~~~~^^^
IndexError: list index out of range


2025-01-21 03:08:59,465 - ERROR - ERROR
特朗普：自2月1日起对进口自加拿大商品征收25%关税
https://new.qq.com/rain/a/20250121A02JWS00
('list index out of range',)
======
Traceback (most recent call last):
  File "/home/runner/work/qqnews/qqnews/qq.py", line 81, in process_article
    ss = str(tmpbs.select("div.LEFT div.content.clearfix")[0])
             ~~~~~~~~~~~~~~~~~~~~~~~~~~~~~~~~~~~~~~~~~~~~~^^^
IndexError: list index out of range


2025-01-21 03:08:59,615 - ERROR - ERROR
中央决定：孙梅君任海关总署党委书记
https://new.qq.com/rain/a/20250121A02O9V00
('list index out of range',)
======
Traceback (most recent call last):
  File "/home/runner/work/qqnews/qqnews/qq.py", line 81, in process_article
    ss = str(tmpbs.select("div.LEFT div.content.clearfix")[0])
             ~~~~~~~~~~~~~~~~~~~~~~~~~~~~~~~~~~~~~~~~~~~~~^^^
IndexError: list index out of range


2025-01-21 03:08:59,770 - ERROR - ERROR
美媒：特朗普签署行政令，宣布美国南部边境进入“国家紧急状态”
https://new.qq.com/rain/a/20250121A02C2800
('list index out of range',)
======
Traceback (most recent call last):
  File "/home/runner/work/qqnews/qqnews/qq.py", line 81, in process_article
    ss = str(tmpbs.select("div.LEFT div.content.clearfix")[0])
             ~~~~~~~~~~~~~~~~~~~~~~~~~~~~~~~~~~~~~~~~~~~~~^^^
IndexError: list index out of range


2025-01-21 03:09:00,021 - ERROR - ERROR
特朗普签署行政令赦免约1500名“国会山骚乱”暴力分子
https://new.qq.com/rain/a/20250121A02D6K00
('list index out of range',)
======
Traceback (most recent call last):
  File "/home/runner/work/qqnews/qqnews/qq.py", line 81, in process_article
    ss = str(tmpbs.select("div.LEFT div.content.clearfix")[0])
             ~~~~~~~~~~~~~~~~~~~~~~~~~~~~~~~~~~~~~~~~~~~~~^^^
IndexError: list index out of range


2025-01-21 03:09:00,053 - ERROR - ERROR
特朗普取消拜登任期将古巴移出“支恐国家”名单的决定 古予以谴责
https://new.qq.com/rain/a/20250121A025PO00
('list index out of range',)
======
Traceback (most recent call last):
  File "/home/runner/work/qqnews/qqnews/qq.py", line 81, in process_article
    ss = str(tmpbs.select("div.LEFT div.content.clearfix")[0])
             ~~~~~~~~~~~~~~~~~~~~~~~~~~~~~~~~~~~~~~~~~~~~~^^^
IndexError: list index out of range


2025-01-21 03:09:00,062 - ERROR - ERROR
人民币兑美元中间价报7.1703，上调183点
https://new.qq.com/rain/a/20250121A02ALM00
('list index out of range',)
======
Traceback (most recent call last):
  File "/home/runner/work/qqnews/qqnews/qq.py", line 81, in process_article
    ss = str(tmpbs.select("div.LEFT div.content.clearfix")[0])
             ~~~~~~~~~~~~~~~~~~~~~~~~~~~~~~~~~~~~~~~~~~~~~^^^
IndexError: list index out of range


2025-01-21 03:09:00,180 - ERROR - ERROR
建对外税务局 扩张领土 美国总统特朗普发表就职演讲
https://new.qq.com/rain/a/20250121A00OE500
('list index out of range',)
======
Traceback (most recent call last):
  File "/home/runner/work/qqnews/qqnews/qq.py", line 81, in process_article
    ss = str(tmpbs.select("div.LEFT div.content.clearfix")[0])
             ~~~~~~~~~~~~~~~~~~~~~~~~~~~~~~~~~~~~~~~~~~~~~^^^
IndexError: list index out of range


2025-01-21 03:09:00,404 - ERROR - ERROR
美国参议院确认卢比奥担任国务卿
https://new.qq.com/rain/a/20250121A01TT200
('list index out of range',)
======
Traceback (most recent call last):
  File "/home/runner/work/qqnews/qqnews/qq.py", line 81, in process_article
    ss = str(tmpbs.select("div.LEFT div.content.clearfix")[0])
             ~~~~~~~~~~~~~~~~~~~~~~~~~~~~~~~~~~~~~~~~~~~~~^^^
IndexError: list index out of range


2025-01-21 03:09:00,605 - ERROR - ERROR
网传“南京北站挖到古墓被停工”是谣言
https://new.qq.com/rain/a/20250121A00C7C00
('list index out of range',)
======
Traceback (most recent call last):
  File "/home/runner/work/qqnews/qqnews/qq.py", line 81, in process_article
    ss = str(tmpbs.select("div.LEFT div.content.clearfix")[0])
             ~~~~~~~~~~~~~~~~~~~~~~~~~~~~~~~~~~~~~~~~~~~~~^^^
IndexError: list index out of range


2025-01-21 03:09:00,618 - ERROR - ERROR
台湾台南6.2级地震致全台摇晃：阿里山突冒“闪光” 屏东鸟群飞翔
https://new.qq.com/rain/a/20250121V01JQ900
('list index out of range',)
======
Traceback (most recent call last):
  File "/home/runner/work/qqnews/qqnews/qq.py", line 81, in process_article
    ss = str(tmpbs.select("div.LEFT div.content.clearfix")[0])
             ~~~~~~~~~~~~~~~~~~~~~~~~~~~~~~~~~~~~~~~~~~~~~^^^
IndexError: list index out of range


2025-01-21 03:09:00,630 - ERROR - ERROR
每次上任，特朗普为何都要退出《巴黎协定》
https://new.qq.com/rain/a/20250121A01XYO00
('list index out of range',)
======
Traceback (most recent call last):
  File "/home/runner/work/qqnews/qqnews/qq.py", line 81, in process_article
    ss = str(tmpbs.select("div.LEFT div.content.clearfix")[0])
             ~~~~~~~~~~~~~~~~~~~~~~~~~~~~~~~~~~~~~~~~~~~~~^^^
IndexError: list index out of range


2025-01-21 03:09:00,827 - ERROR - ERROR
深夜大反攻！离岸人民币兑美元连升五道关口，发生了什么
https://new.qq.com/rain/a/20250121A01P2Q00
('list index out of range',)
======
Traceback (most recent call last):
  File "/home/runner/work/qqnews/qqnews/qq.py", line 81, in process_article
    ss = str(tmpbs.select("div.LEFT div.content.clearfix")[0])
             ~~~~~~~~~~~~~~~~~~~~~~~~~~~~~~~~~~~~~~~~~~~~~^^^
IndexError: list index out of range


2025-01-21 03:09:00,977 - ERROR - ERROR
韩正出席美国总统就职典礼
https://new.qq.com/rain/a/20250121A01DJH00
('list index out of range',)
======
Traceback (most recent call last):
  File "/home/runner/work/qqnews/qqnews/qq.py", line 81, in process_article
    ss = str(tmpbs.select("div.LEFT div.content.clearfix")[0])
             ~~~~~~~~~~~~~~~~~~~~~~~~~~~~~~~~~~~~~~~~~~~~~^^^
IndexError: list index out of range


2025-01-21 03:09:01,233 - ERROR - ERROR
特朗普称将收回巴拿马运河 巴拿马：运河主权不可动摇
https://new.qq.com/rain/a/20250121A01DI400
('list index out of range',)
======
Traceback (most recent call last):
  File "/home/runner/work/qqnews/qqnews/qq.py", line 81, in process_article
    ss = str(tmpbs.select("div.LEFT div.content.clearfix")[0])
             ~~~~~~~~~~~~~~~~~~~~~~~~~~~~~~~~~~~~~~~~~~~~~^^^
IndexError: list index out of range


2025-01-21 03:09:01,426 - ERROR - ERROR
视频丨特朗普宣誓就任美国第47任总统
https://new.qq.com/rain/a/20250121A00N8200
('list index out of range',)
======
Traceback (most recent call last):
  File "/home/runner/work/qqnews/qqnews/qq.py", line 81, in process_article
    ss = str(tmpbs.select("div.LEFT div.content.clearfix")[0])
             ~~~~~~~~~~~~~~~~~~~~~~~~~~~~~~~~~~~~~~~~~~~~~^^^
IndexError: list index out of range


2025-01-21 03:09:01,446 - ERROR - ERROR
哥伦比亚总统宣布国家进入内部动乱和经济紧急状态
https://new.qq.com/rain/a/20250121A01MAH00
('list index out of range',)
======
Traceback (most recent call last):
  File "/home/runner/work/qqnews/qqnews/qq.py", line 81, in process_article
    ss = str(tmpbs.select("div.LEFT div.content.clearfix")[0])
             ~~~~~~~~~~~~~~~~~~~~~~~~~~~~~~~~~~~~~~~~~~~~~^^^
IndexError: list index out of range


2025-01-21 03:09:01,535 - ERROR - ERROR
西藏日喀则市定结县发生4.6级地震
https://new.qq.com/rain/a/20250121A018GH00
('list index out of range',)
======
Traceback (most recent call last):
  File "/home/runner/work/qqnews/qqnews/qq.py", line 81, in process_article
    ss = str(tmpbs.select("div.LEFT div.content.clearfix")[0])
             ~~~~~~~~~~~~~~~~~~~~~~~~~~~~~~~~~~~~~~~~~~~~~^^^
IndexError: list index out of range


2025-01-21 03:09:01,723 - ERROR - ERROR
特朗普政府关闭移民申请合法入境的应用程序 现有预约被取消
https://new.qq.com/rain/a/20250121A0120N00
('list index out of range',)
======
Traceback (most recent call last):
  File "/home/runner/work/qqnews/qqnews/qq.py", line 81, in process_article
    ss = str(tmpbs.select("div.LEFT div.content.clearfix")[0])
             ~~~~~~~~~~~~~~~~~~~~~~~~~~~~~~~~~~~~~~~~~~~~~^^^
IndexError: list index out of range


2025-01-21 03:09:01,816 - ERROR - ERROR
神舟十九号航天员乘组圆满完成第二次出舱活动
https://new.qq.com/rain/a/20250121A00QH800
('list index out of range',)
======
Traceback (most recent call last):
  File "/home/runner/work/qqnews/qqnews/qq.py", line 81, in process_article
    ss = str(tmpbs.select("div.LEFT div.content.clearfix")[0])
             ~~~~~~~~~~~~~~~~~~~~~~~~~~~~~~~~~~~~~~~~~~~~~^^^
IndexError: list index out of range


2025-01-21 03:09:01,986 - ERROR - ERROR
台湾台南市6.2级地震已致15人受伤
https://new.qq.com/rain/a/20250121A01GOX00
('list index out of range',)
======
Traceback (most recent call last):
  File "/home/runner/work/qqnews/qqnews/qq.py", line 81, in process_article
    ss = str(tmpbs.select("div.LEFT div.content.clearfix")[0])
             ~~~~~~~~~~~~~~~~~~~~~~~~~~~~~~~~~~~~~~~~~~~~~^^^
IndexError: list index out of range


2025-01-21 03:09:02,100 - ERROR - ERROR
美国欲退《巴黎协定》 联合国回应：能源转型关键期 各国应抓住机会
https://new.qq.com/rain/a/20250121A015OV00
('list index out of range',)
======
Traceback (most recent call last):
  File "/home/runner/work/qqnews/qqnews/qq.py", line 81, in process_article
    ss = str(tmpbs.select("div.LEFT div.content.clearfix")[0])
             ~~~~~~~~~~~~~~~~~~~~~~~~~~~~~~~~~~~~~~~~~~~~~^^^
IndexError: list index out of range


2025-01-21 03:09:02,133 - ERROR - ERROR
外媒：任期“最后一刻”，拜登发布声明“预防性”赦免其家人
https://new.qq.com/rain/a/20250121A00QTI00
('list index out of range',)
======
Traceback (most recent call last):
  File "/home/runner/work/qqnews/qqnews/qq.py", line 81, in process_article
    ss = str(tmpbs.select("div.LEFT div.content.clearfix")[0])
             ~~~~~~~~~~~~~~~~~~~~~~~~~~~~~~~~~~~~~~~~~~~~~^^^
IndexError: list index out of range


2025-01-21 04:09:11,470 - INFO - EXPIRED
“二踢脚炸面粉”走红网络引发模仿，消防提醒：最高十年有期徒刑
https://new.qq.com/rain/a/20250120A08DT300

2025-01-21 04:09:11,470 - INFO - EXPIRED
大片定档春节，能拯救日益冷淡的电影市场吗？
https://view.inews.qq.com/a/20250116Q05GB100

2025-01-21 04:09:11,470 - INFO - EXPIRED
性侵我的老板入狱后，同事们都疏远了我
https://new.qq.com/rain/a/20250120A09QPR00

2025-01-21 04:09:11,470 - INFO - EXPIRED
城建局局长家中遇害，警方追凶29年，一枚指纹锁定嫌疑人
https://new.qq.com/rain/a/20250120A08YA200

2025-01-21 04:09:11,470 - INFO - EXPIRED
热播剧《漂白》被指抄袭南方都市报一篇深度调查报道，记者本人发声
https://new.qq.com/rain/a/20250120A08ZER00

2025-01-21 04:09:11,470 - INFO - EXPIRED
腾讯新全球总部曝光，没有“围墙”，未来将向市民开放
https://new.qq.com/rain/a/20250117A07FRJ00

2025-01-21 04:09:11,470 - INFO - EXPIRED
美媒：拜登证实给特朗普留了一封信，“是我和他之间的事”
https://new.qq.com/rain/a/20250120A09RQN00

2025-01-21 04:09:11,470 - INFO - EXPIRED
训狗网红给狗绑嘴洗澡，狗意外去世，为何洗澡会导致发病死亡？
https://view.inews.qq.com/a/20250120Q08TUC00

2025-01-21 04:09:11,470 - INFO - EXPIRED
拜登任期最后一天“预防性”赦免多人，此举有哪些考虑？被赦免的人就没事了吗？
https://view.inews.qq.com/a/20250120Q09DX300

2025-01-21 04:09:11,470 - INFO - EXPIRED
海南上海多地出现死亡鲸鱼，为什么鲸鱼常从海里冲上岸搁浅？
https://view.inews.qq.com/a/20250120Q0940B00

2025-01-21 04:09:11,470 - INFO - EXPIRED
重庆单亲妈妈带两娃摆摊，孩子患先天性心脏病，孕期能提前检查出来吗？该怎么治？
https://view.inews.qq.com/a/20250120Q0530G00

2025-01-21 04:09:11,470 - INFO - EXPIRED
刘元春讲新质生产力：思想、理论与战略
https://new.qq.com/rain/a/20250120A072LV00

2025-01-21 04:09:11,470 - INFO - EXPIRED
福建莆田前地产首富涉嫌违法犯罪被采取强制措施，身家曾达360亿元
https://new.qq.com/rain/a/20250120A091C000

2025-01-21 04:09:11,471 - INFO - EXPIRED
男子杀害两人后潜逃34年从国外被押解回国，律师：已被执行死刑
https://new.qq.com/rain/a/20250120A08X5E00

2025-01-21 04:09:11,471 - INFO - EXPIRED
普京：俄罗斯愿与美国政府就乌克兰局势展开对话
https://new.qq.com/rain/a/20250120A099VS00

2025-01-21 04:09:11,471 - INFO - EXPIRED
四川内江市市中区发生4.4级地震，自贡、资中等地均有震感反馈
https://new.qq.com/rain/a/20250120A09CGF00

2025-01-21 04:09:11,471 - INFO - EXPIRED
北京协和医院急诊科医生说“忙爆炸了”，为何临近春节生病变多？
https://view.inews.qq.com/a/20250120Q088S300

2025-01-21 04:09:11,471 - INFO - EXPIRED
特朗普称希望在上任后100天内访华，外交部回应
https://new.qq.com/rain/a/20250120A08T7P00

2025-01-21 04:09:11,471 - INFO - EXPIRED
国泰就“波士顿飞香港航班因机舱冒烟折返”致歉
https://new.qq.com/rain/a/20250120A09I8O00

2025-01-21 04:09:11,471 - INFO - EXPIRED
卸任当日拜登“预防性”赦免，涉及福奇、米利
https://new.qq.com/rain/a/20250120A094XP00

2025-01-21 04:09:11,471 - INFO - EXPIRED
总理主持召开今年首场座谈会，出席发言的9人都有谁？
https://new.qq.com/rain/a/20250120A09HOU00

2025-01-21 04:09:11,471 - INFO - EXPIRED
“翟欣欣案”检方建议量刑10年以上，苏享茂家属：旁听一审，等待判决
https://new.qq.com/rain/a/20250120A08VLJ00

2025-01-21 04:09:11,471 - INFO - EXPIRED
骑手午休时将脚放进外卖保温箱？涉事平台：核实后将永久封禁
https://new.qq.com/rain/a/20250120A08HGR00

2025-01-21 04:09:11,471 - INFO - EXPIRED
4名内地人在香港遭持刀袭击索要财物！两人涉嫌抢劫被抓获
https://new.qq.com/rain/a/20250120A08Y5200

2025-01-21 04:09:11,471 - INFO - EXPIRED
商务部回应欧盟起诉：将按世贸组织规则维护自身权益
https://new.qq.com/rain/a/20250120A092XM00

2025-01-21 04:09:11,471 - INFO - EXPIRED
印度法院拒判“女医生奸杀案”嫌疑人死刑
https://new.qq.com/rain/a/20250120A08PMM00

2025-01-21 04:09:11,471 - INFO - EXPIRED
江西景德镇一名21岁男子散步时失联 家属：已失联3日 监控未发现行踪
https://new.qq.com/rain/a/20250120V08AWY00

2025-01-21 04:09:11,471 - INFO - EXPIRED
中国“人造太阳”创造“亿度千秒”世界纪录，这意味着什么？
https://view.inews.qq.com/a/20250120Q099UH00

2025-01-21 04:09:11,471 - INFO - EXPIRED
李强：要以科技创新推动新旧动能转换，培育更多经济新增长点
https://new.qq.com/rain/a/20250120A08GKW00

2025-01-21 04:09:11,471 - INFO - EXPIRED
何立峰：大力实施城市更新，有力有序有效推进城市更新重点任务
https://new.qq.com/rain/a/20250120A08L8Z00

2025-01-21 04:09:11,471 - INFO - EXPIRED
外交部回应特朗普将就职：中方愿同美新政府加强对话沟通 拓展互利合作
https://new.qq.com/rain/a/20250120A05Y3U00

2025-01-21 04:09:11,471 - INFO - EXPIRED
海南、上海等地出现死亡鲸鱼，多方回应
https://new.qq.com/rain/a/20250120A03AOR00

2025-01-21 04:09:11,471 - INFO - EXPIRED
中俄将严厉打击在华假冒俄罗斯商品
https://new.qq.com/rain/a/20250120A0879D00

2025-01-21 04:09:11,471 - INFO - EXPIRED
美方希望拥有TikTok50%所有权，外交部回应
https://new.qq.com/rain/a/20250120A063JS00

2025-01-21 04:09:11,471 - INFO - EXPIRED
多家烟酒店被曝“遭未成年人盗窃”！济南警方回应称正侦查
https://new.qq.com/rain/a/20250120A068UP00

2025-01-21 04:09:11,471 - INFO - EXPIRED
14年前骑摩托农民工：曾登上春晚，如今还在工地打工，为救女儿生儿子换骨髓
https://new.qq.com/rain/a/20250120V05UR500

2025-01-21 04:09:11,471 - INFO - EXPIRED
23岁大学生参加“护农队”打野猪，凌晨触碰他人私设捕兽电网不幸身亡
https://new.qq.com/rain/a/20250120A06P2W00

2025-01-21 04:09:11,471 - INFO - EXPIRED
200万的奔驰车被加油站加错汽油面临大修，加油站需负全责吗？
https://view.inews.qq.com/a/20250119Q06S5C00

2025-01-21 04:09:11,471 - INFO - EXPIRED
国家统计局：上月不包含在校生的16-24岁劳动力失业率为15.7%
https://new.qq.com/rain/a/20250120A07Q4R00

2025-01-21 04:09:11,471 - INFO - EXPIRED
“翟欣欣涉嫌敲诈勒索案”最新进展：明天一审开庭，已退还前夫家属660万元
https://new.qq.com/rain/a/20250120A0686800

2025-01-21 04:09:11,471 - INFO - EXPIRED
马斯克称X不被允许在中国运营的情况需要改变，外交部回应
https://new.qq.com/rain/a/20250120A05VU000

2025-01-21 04:09:11,471 - INFO - EXPIRED
川大智胜：2024年度预计亏损4900万-6300万 股票或被实施退市风险警示
https://new.qq.com/rain/a/20250120A07RU500

2025-01-21 04:09:11,471 - INFO - EXPIRED
男子车内放疑似枪支强行冲卡拖行辅警，他带的枪型物可能是什么？
https://view.inews.qq.com/a/20250120Q04CNK00

2025-01-21 04:09:11,471 - INFO - EXPIRED
农业农村部：肉牛奶牛养殖亏损有所缓解，但完全扭转困难局面还需努力
https://new.qq.com/rain/a/20250120A06ATN00

2025-01-21 04:09:11,471 - INFO - EXPIRED
美国男子小红书上寻亲：25岁左右，当年被湖南邵阳市社会福利院收养
https://new.qq.com/rain/a/20250120A05QN400

2025-01-21 04:09:11,471 - INFO - EXPIRED
从南美到国内运输25天不坏，到家2天就软，车厘子全靠打药？真相揭秘
https://new.qq.com/rain/a/20250120A01XKS00

2025-01-21 04:09:11,471 - INFO - EXPIRED
韩国多位总统都进过拘留所，谁的生活条件最差？
https://new.qq.com/rain/a/20250120V077OC00

2025-01-21 04:09:11,471 - INFO - EXPIRED
大学生花100元开钟点房洗十几件衣服，被吐槽“薅羊毛”，酒店回应
https://new.qq.com/rain/a/20250120A03EIK00

2025-01-21 04:09:11,471 - INFO - EXPIRED
继赵明辞任荣耀CEO后，中国区CMO姜海荣即将离职
https://new.qq.com/rain/a/20250120A06TL600

2025-01-21 04:09:11,471 - INFO - EXPIRED
美国第一夫人推出自己的加密货币，现在买能赚到钱吗？
https://view.inews.qq.com/a/20250120Q04ALO00

2025-01-21 04:09:11,471 - INFO - EXPIRED
如何实现“用血费用减免一次都不跑”？国家卫健委回应
https://new.qq.com/rain/a/20250120A06H6900

2025-01-21 04:09:11,471 - INFO - EXPIRED
珠海驾车冲撞市民案凶手樊维秋被执行死刑
https://new.qq.com/rain/a/20250120A05D9Y00

2025-01-21 04:09:11,471 - INFO - EXPIRED
无锡一学院持刀伤人案凶手徐加金被执行死刑
https://new.qq.com/rain/a/20250120A05G5L00

2025-01-21 04:09:11,471 - INFO - EXPIRED
王忠林当选湖北省人大常委会主任 李殿勋当选湖北省省长
https://new.qq.com/rain/a/20250120A067IX00

2025-01-21 04:09:11,471 - INFO - EXPIRED
外交部：在中方斡旋下，缅甸政府与果敢同盟军签署停火协议
https://new.qq.com/rain/a/20250120A05UW400

2025-01-21 04:09:11,471 - INFO - EXPIRED
北京住房公积金试点可直付房租
https://new.qq.com/rain/a/20250120A068TT00

2025-01-21 04:09:11,471 - INFO - EXPIRED
取消门诊预交金、规范住院预交金 今年3月正式实施
https://new.qq.com/rain/a/20250120A05S3C00

2025-01-21 04:09:11,471 - INFO - EXPIRED
尹锡悦进拘留所，住单间睡地上，这种人的待遇与普通人有何不同？
https://view.inews.qq.com/a/20250120Q04LDN00

2025-01-21 04:09:11,471 - INFO - EXPIRED
李开复谈及自己生病曾被宣告只有100天生命，人如何掌握自己的命运？
https://view.inews.qq.com/a/20250120Q04SUI00

2025-01-21 04:09:11,471 - INFO - EXPIRED
法治日报评论：因生活不如意便报复社会，付出沉重代价完全是咎由自取
https://new.qq.com/rain/a/20250120A05O9U00

2025-01-21 04:09:11,471 - INFO - EXPIRED
乌消息人士：特朗普就职后的100天，将是俄乌冲突最紧张、最危险时段
https://new.qq.com/rain/a/20250120A01BWJ00

2025-01-21 04:09:11,471 - INFO - EXPIRED
知名演员胡歌的民盟职务获披露
https://new.qq.com/rain/a/20250120A04NHW00

2025-01-21 04:09:11,471 - INFO - EXPIRED
美国众议院议长：拜登甚至不知道自己签过什么行政令
https://new.qq.com/rain/a/20250120A0278Q00

2025-01-21 04:09:11,471 - INFO - EXPIRED
常年随身携带的“能量塔”可改善睡眠、祈福？海关：核辐射值严重超标
https://new.qq.com/rain/a/20250120A0489B00

2025-01-21 04:09:11,471 - INFO - EXPIRED
暗访上海出租车违法改装：“小马达”“断码器”20分钟装全套
https://new.qq.com/rain/a/20250120A01DE400

2025-01-21 04:09:11,471 - INFO - EXPIRED
大搞权钱钱色交易，中国电子科技集团原副总经理何文忠被公诉
https://new.qq.com/rain/a/20250120A05MBI00

2025-01-21 04:09:11,471 - INFO - EXPIRED
2024年出生人口止跌回升，中国人是又爱生了吗
https://new.qq.com/rain/a/20250120A04B0M00

2025-01-21 04:09:11,471 - INFO - EXPIRED
“过年该摆的摆，多挣点钱！”山东德州城管上门喊商户店外摆摊
https://new.qq.com/rain/a/20250120A03F6D00

2025-01-21 04:09:12,480 - ERROR - ERROR
特朗普宣布终止非法移民或持临时签证者子女的出生公民权
https://new.qq.com/rain/a/20250121A037KS00
('list index out of range',)
======
Traceback (most recent call last):
  File "/home/runner/work/qqnews/qqnews/qq.py", line 81, in process_article
    ss = str(tmpbs.select("div.LEFT div.content.clearfix")[0])
             ~~~~~~~~~~~~~~~~~~~~~~~~~~~~~~~~~~~~~~~~~~~~~^^^
IndexError: list index out of range


2025-01-21 04:09:12,487 - ERROR - ERROR
特朗普：自2月1日起对进口自加拿大商品征收25%关税
https://new.qq.com/rain/a/20250121A02JWS00
('list index out of range',)
======
Traceback (most recent call last):
  File "/home/runner/work/qqnews/qqnews/qq.py", line 81, in process_article
    ss = str(tmpbs.select("div.LEFT div.content.clearfix")[0])
             ~~~~~~~~~~~~~~~~~~~~~~~~~~~~~~~~~~~~~~~~~~~~~^^^
IndexError: list index out of range


2025-01-21 04:09:12,501 - ERROR - ERROR
今天，广州正式解禁土狗
https://new.qq.com/rain/a/20250121A01WS000
('list index out of range',)
======
Traceback (most recent call last):
  File "/home/runner/work/qqnews/qqnews/qq.py", line 81, in process_article
    ss = str(tmpbs.select("div.LEFT div.content.clearfix")[0])
             ~~~~~~~~~~~~~~~~~~~~~~~~~~~~~~~~~~~~~~~~~~~~~^^^
IndexError: list index out of range


2025-01-21 04:09:12,505 - ERROR - ERROR
在记者询问提醒下，特朗普翻出拜登留信：感谢，不然可能得过几年才发现
https://new.qq.com/rain/a/20250121A030YX00
('list index out of range',)
======
Traceback (most recent call last):
  File "/home/runner/work/qqnews/qqnews/qq.py", line 81, in process_article
    ss = str(tmpbs.select("div.LEFT div.content.clearfix")[0])
             ~~~~~~~~~~~~~~~~~~~~~~~~~~~~~~~~~~~~~~~~~~~~~^^^
IndexError: list index out of range


2025-01-21 04:09:12,551 - ERROR - ERROR
特朗普签署行政令要求调查拜登政府滥用执法及情报机构情况
https://new.qq.com/rain/a/20250121A037XP00
('list index out of range',)
======
Traceback (most recent call last):
  File "/home/runner/work/qqnews/qqnews/qq.py", line 81, in process_article
    ss = str(tmpbs.select("div.LEFT div.content.clearfix")[0])
             ~~~~~~~~~~~~~~~~~~~~~~~~~~~~~~~~~~~~~~~~~~~~~^^^
IndexError: list index out of range


2025-01-21 04:09:13,157 - ERROR - ERROR
外媒：特朗普抨击拜登离任前“最后一刻”发布“预防性”赦免令
https://new.qq.com/rain/a/20250121A02OA900
('list index out of range',)
======
Traceback (most recent call last):
  File "/home/runner/work/qqnews/qqnews/qq.py", line 81, in process_article
    ss = str(tmpbs.select("div.LEFT div.content.clearfix")[0])
             ~~~~~~~~~~~~~~~~~~~~~~~~~~~~~~~~~~~~~~~~~~~~~^^^
IndexError: list index out of range


2025-01-21 04:09:13,176 - ERROR - ERROR
特朗普签署行政令宣布美国退出世界卫生组织
https://new.qq.com/rain/a/20250121A02EZ400
('list index out of range',)
======
Traceback (most recent call last):
  File "/home/runner/work/qqnews/qqnews/qq.py", line 81, in process_article
    ss = str(tmpbs.select("div.LEFT div.content.clearfix")[0])
             ~~~~~~~~~~~~~~~~~~~~~~~~~~~~~~~~~~~~~~~~~~~~~^^^
IndexError: list index out of range


2025-01-21 04:09:13,240 - ERROR - ERROR
特朗普：计划与普京见面 相关谈判已在进行中
https://new.qq.com/rain/a/20250121A02OIL00
('list index out of range',)
======
Traceback (most recent call last):
  File "/home/runner/work/qqnews/qqnews/qq.py", line 81, in process_article
    ss = str(tmpbs.select("div.LEFT div.content.clearfix")[0])
             ~~~~~~~~~~~~~~~~~~~~~~~~~~~~~~~~~~~~~~~~~~~~~^^^
IndexError: list index out of range


2025-01-21 04:09:13,289 - ERROR - ERROR
外媒称马斯克与张一鸣2024年曾经会面，牵线人阐述联络细节
https://new.qq.com/rain/a/20250121A00P6A00
('list index out of range',)
======
Traceback (most recent call last):
  File "/home/runner/work/qqnews/qqnews/qq.py", line 81, in process_article
    ss = str(tmpbs.select("div.LEFT div.content.clearfix")[0])
             ~~~~~~~~~~~~~~~~~~~~~~~~~~~~~~~~~~~~~~~~~~~~~^^^
IndexError: list index out of range


2025-01-21 04:09:13,385 - ERROR - ERROR
春节日本机票疯涨，贵过欧洲了
https://new.qq.com/rain/a/20250121A01PLS00
('list index out of range',)
======
Traceback (most recent call last):
  File "/home/runner/work/qqnews/qqnews/qq.py", line 81, in process_article
    ss = str(tmpbs.select("div.LEFT div.content.clearfix")[0])
             ~~~~~~~~~~~~~~~~~~~~~~~~~~~~~~~~~~~~~~~~~~~~~^^^
IndexError: list index out of range


2025-01-21 04:09:13,817 - ERROR - ERROR
特朗普废除拜登政府近80项政策 宣布美国将退出《巴黎协定》
https://new.qq.com/rain/a/20250121A01QX600
('list index out of range',)
======
Traceback (most recent call last):
  File "/home/runner/work/qqnews/qqnews/qq.py", line 81, in process_article
    ss = str(tmpbs.select("div.LEFT div.content.clearfix")[0])
             ~~~~~~~~~~~~~~~~~~~~~~~~~~~~~~~~~~~~~~~~~~~~~^^^
IndexError: list index out of range


2025-01-21 04:09:13,920 - ERROR - ERROR
中央决定：孙梅君任海关总署党委书记
https://new.qq.com/rain/a/20250121A02O9V00
('list index out of range',)
======
Traceback (most recent call last):
  File "/home/runner/work/qqnews/qqnews/qq.py", line 81, in process_article
    ss = str(tmpbs.select("div.LEFT div.content.clearfix")[0])
             ~~~~~~~~~~~~~~~~~~~~~~~~~~~~~~~~~~~~~~~~~~~~~^^^
IndexError: list index out of range


2025-01-21 04:09:13,938 - ERROR - ERROR
美媒：特朗普签署行政令，宣布美国南部边境进入“国家紧急状态”
https://new.qq.com/rain/a/20250121A02C2800
('list index out of range',)
======
Traceback (most recent call last):
  File "/home/runner/work/qqnews/qqnews/qq.py", line 81, in process_article
    ss = str(tmpbs.select("div.LEFT div.content.clearfix")[0])
             ~~~~~~~~~~~~~~~~~~~~~~~~~~~~~~~~~~~~~~~~~~~~~^^^
IndexError: list index out of range


2025-01-21 04:09:13,959 - ERROR - ERROR
特朗普签署行政令赦免约1500名“国会山骚乱”暴力分子
https://new.qq.com/rain/a/20250121A02D6K00
('list index out of range',)
======
Traceback (most recent call last):
  File "/home/runner/work/qqnews/qqnews/qq.py", line 81, in process_article
    ss = str(tmpbs.select("div.LEFT div.content.clearfix")[0])
             ~~~~~~~~~~~~~~~~~~~~~~~~~~~~~~~~~~~~~~~~~~~~~^^^
IndexError: list index out of range


2025-01-21 04:09:14,063 - ERROR - ERROR
特朗普取消拜登任期将古巴移出“支恐国家”名单的决定 古予以谴责
https://new.qq.com/rain/a/20250121A025PO00
('list index out of range',)
======
Traceback (most recent call last):
  File "/home/runner/work/qqnews/qqnews/qq.py", line 81, in process_article
    ss = str(tmpbs.select("div.LEFT div.content.clearfix")[0])
             ~~~~~~~~~~~~~~~~~~~~~~~~~~~~~~~~~~~~~~~~~~~~~^^^
IndexError: list index out of range


2025-01-21 04:09:14,571 - ERROR - ERROR
人民币兑美元中间价报7.1703，上调183点
https://new.qq.com/rain/a/20250121A02ALM00
('list index out of range',)
======
Traceback (most recent call last):
  File "/home/runner/work/qqnews/qqnews/qq.py", line 81, in process_article
    ss = str(tmpbs.select("div.LEFT div.content.clearfix")[0])
             ~~~~~~~~~~~~~~~~~~~~~~~~~~~~~~~~~~~~~~~~~~~~~^^^
IndexError: list index out of range


2025-01-21 04:09:14,638 - ERROR - ERROR
每次上任，特朗普为何都要退出《巴黎协定》
https://new.qq.com/rain/a/20250121A01XYO00
('list index out of range',)
======
Traceback (most recent call last):
  File "/home/runner/work/qqnews/qqnews/qq.py", line 81, in process_article
    ss = str(tmpbs.select("div.LEFT div.content.clearfix")[0])
             ~~~~~~~~~~~~~~~~~~~~~~~~~~~~~~~~~~~~~~~~~~~~~^^^
IndexError: list index out of range


2025-01-21 04:09:14,673 - ERROR - ERROR
美国参议院确认卢比奥担任国务卿
https://new.qq.com/rain/a/20250121A01TT200
('list index out of range',)
======
Traceback (most recent call last):
  File "/home/runner/work/qqnews/qqnews/qq.py", line 81, in process_article
    ss = str(tmpbs.select("div.LEFT div.content.clearfix")[0])
             ~~~~~~~~~~~~~~~~~~~~~~~~~~~~~~~~~~~~~~~~~~~~~^^^
IndexError: list index out of range


2025-01-21 04:09:14,677 - ERROR - ERROR
建对外税务局 扩张领土 美国总统特朗普发表就职演讲
https://new.qq.com/rain/a/20250121A00OE500
('list index out of range',)
======
Traceback (most recent call last):
  File "/home/runner/work/qqnews/qqnews/qq.py", line 81, in process_article
    ss = str(tmpbs.select("div.LEFT div.content.clearfix")[0])
             ~~~~~~~~~~~~~~~~~~~~~~~~~~~~~~~~~~~~~~~~~~~~~^^^
IndexError: list index out of range


2025-01-21 04:09:14,805 - ERROR - ERROR
网传“南京北站挖到古墓被停工”是谣言
https://new.qq.com/rain/a/20250121A00C7C00
('list index out of range',)
======
Traceback (most recent call last):
  File "/home/runner/work/qqnews/qqnews/qq.py", line 81, in process_article
    ss = str(tmpbs.select("div.LEFT div.content.clearfix")[0])
             ~~~~~~~~~~~~~~~~~~~~~~~~~~~~~~~~~~~~~~~~~~~~~^^^
IndexError: list index out of range


2025-01-21 04:09:15,288 - ERROR - ERROR
台湾台南6.2级地震致全台摇晃：阿里山突冒“闪光” 屏东鸟群飞翔
https://new.qq.com/rain/a/20250121V01JQ900
('list index out of range',)
======
Traceback (most recent call last):
  File "/home/runner/work/qqnews/qqnews/qq.py", line 81, in process_article
    ss = str(tmpbs.select("div.LEFT div.content.clearfix")[0])
             ~~~~~~~~~~~~~~~~~~~~~~~~~~~~~~~~~~~~~~~~~~~~~^^^
IndexError: list index out of range


2025-01-21 04:09:15,354 - ERROR - ERROR
特朗普称将收回巴拿马运河 巴拿马：运河主权不可动摇
https://new.qq.com/rain/a/20250121A01DI400
('list index out of range',)
======
Traceback (most recent call last):
  File "/home/runner/work/qqnews/qqnews/qq.py", line 81, in process_article
    ss = str(tmpbs.select("div.LEFT div.content.clearfix")[0])
             ~~~~~~~~~~~~~~~~~~~~~~~~~~~~~~~~~~~~~~~~~~~~~^^^
IndexError: list index out of range


2025-01-21 04:09:15,382 - ERROR - ERROR
韩正出席美国总统就职典礼
https://new.qq.com/rain/a/20250121A01DJH00
('list index out of range',)
======
Traceback (most recent call last):
  File "/home/runner/work/qqnews/qqnews/qq.py", line 81, in process_article
    ss = str(tmpbs.select("div.LEFT div.content.clearfix")[0])
             ~~~~~~~~~~~~~~~~~~~~~~~~~~~~~~~~~~~~~~~~~~~~~^^^
IndexError: list index out of range


2025-01-21 04:09:15,468 - ERROR - ERROR
视频丨特朗普宣誓就任美国第47任总统
https://new.qq.com/rain/a/20250121A00N8200
('list index out of range',)
======
Traceback (most recent call last):
  File "/home/runner/work/qqnews/qqnews/qq.py", line 81, in process_article
    ss = str(tmpbs.select("div.LEFT div.content.clearfix")[0])
             ~~~~~~~~~~~~~~~~~~~~~~~~~~~~~~~~~~~~~~~~~~~~~^^^
IndexError: list index out of range


2025-01-21 04:09:15,653 - ERROR - ERROR
网传“南京北站挖到古墓被停工”是谣言，真挖到古墓会改道吗？
https://view.inews.qq.com/a/20250121Q02MWJ00
('list index out of range',)
======
Traceback (most recent call last):
  File "/home/runner/work/qqnews/qqnews/qq.py", line 81, in process_article
    ss = str(tmpbs.select("div.LEFT div.content.clearfix")[0])
             ~~~~~~~~~~~~~~~~~~~~~~~~~~~~~~~~~~~~~~~~~~~~~^^^
IndexError: list index out of range


2025-01-21 04:09:15,963 - ERROR - ERROR
哥伦比亚总统宣布国家进入内部动乱和经济紧急状态
https://new.qq.com/rain/a/20250121A01MAH00
('list index out of range',)
======
Traceback (most recent call last):
  File "/home/runner/work/qqnews/qqnews/qq.py", line 81, in process_article
    ss = str(tmpbs.select("div.LEFT div.content.clearfix")[0])
             ~~~~~~~~~~~~~~~~~~~~~~~~~~~~~~~~~~~~~~~~~~~~~^^^
IndexError: list index out of range


2025-01-21 04:09:16,028 - ERROR - ERROR
特朗普政府关闭移民申请合法入境的应用程序 现有预约被取消
https://new.qq.com/rain/a/20250121A0120N00
('list index out of range',)
======
Traceback (most recent call last):
  File "/home/runner/work/qqnews/qqnews/qq.py", line 81, in process_article
    ss = str(tmpbs.select("div.LEFT div.content.clearfix")[0])
             ~~~~~~~~~~~~~~~~~~~~~~~~~~~~~~~~~~~~~~~~~~~~~^^^
IndexError: list index out of range


2025-01-21 04:09:16,109 - ERROR - ERROR
西藏日喀则市定结县发生4.6级地震
https://new.qq.com/rain/a/20250121A018GH00
('list index out of range',)
======
Traceback (most recent call last):
  File "/home/runner/work/qqnews/qqnews/qq.py", line 81, in process_article
    ss = str(tmpbs.select("div.LEFT div.content.clearfix")[0])
             ~~~~~~~~~~~~~~~~~~~~~~~~~~~~~~~~~~~~~~~~~~~~~^^^
IndexError: list index out of range


2025-01-21 04:09:16,197 - ERROR - ERROR
神舟十九号航天员乘组圆满完成第二次出舱活动
https://new.qq.com/rain/a/20250121A00QH800
('list index out of range',)
======
Traceback (most recent call last):
  File "/home/runner/work/qqnews/qqnews/qq.py", line 81, in process_article
    ss = str(tmpbs.select("div.LEFT div.content.clearfix")[0])
             ~~~~~~~~~~~~~~~~~~~~~~~~~~~~~~~~~~~~~~~~~~~~~^^^
IndexError: list index out of range


2025-01-21 04:09:16,324 - ERROR - ERROR
台湾台南市6.2级地震已致15人受伤
https://new.qq.com/rain/a/20250121A01GOX00
('list index out of range',)
======
Traceback (most recent call last):
  File "/home/runner/work/qqnews/qqnews/qq.py", line 81, in process_article
    ss = str(tmpbs.select("div.LEFT div.content.clearfix")[0])
             ~~~~~~~~~~~~~~~~~~~~~~~~~~~~~~~~~~~~~~~~~~~~~^^^
IndexError: list index out of range


2025-01-21 04:09:16,640 - ERROR - ERROR
美国欲退《巴黎协定》 联合国回应：能源转型关键期 各国应抓住机会
https://new.qq.com/rain/a/20250121A015OV00
('list index out of range',)
======
Traceback (most recent call last):
  File "/home/runner/work/qqnews/qqnews/qq.py", line 81, in process_article
    ss = str(tmpbs.select("div.LEFT div.content.clearfix")[0])
             ~~~~~~~~~~~~~~~~~~~~~~~~~~~~~~~~~~~~~~~~~~~~~^^^
IndexError: list index out of range


2025-01-21 04:09:16,700 - ERROR - ERROR
外媒：任期“最后一刻”，拜登发布声明“预防性”赦免其家人
https://new.qq.com/rain/a/20250121A00QTI00
('list index out of range',)
======
Traceback (most recent call last):
  File "/home/runner/work/qqnews/qqnews/qq.py", line 81, in process_article
    ss = str(tmpbs.select("div.LEFT div.content.clearfix")[0])
             ~~~~~~~~~~~~~~~~~~~~~~~~~~~~~~~~~~~~~~~~~~~~~^^^
IndexError: list index out of range


2025-01-21 05:01:15,366 - INFO - EXPIRED
腾讯新全球总部曝光，没有“围墙”，未来将向市民开放
https://new.qq.com/rain/a/20250117A07FRJ00

2025-01-21 05:01:15,366 - INFO - EXPIRED
“二踢脚炸面粉”走红网络引发模仿，消防提醒：最高十年有期徒刑
https://new.qq.com/rain/a/20250120A08DT300

2025-01-21 05:01:15,366 - INFO - EXPIRED
性侵我的老板入狱后，同事们都疏远了我
https://new.qq.com/rain/a/20250120A09QPR00

2025-01-21 05:01:15,366 - INFO - EXPIRED
城建局局长家中遇害，警方追凶29年，一枚指纹锁定嫌疑人
https://new.qq.com/rain/a/20250120A08YA200

2025-01-21 05:01:15,366 - INFO - EXPIRED
热播剧《漂白》被指抄袭南方都市报一篇深度调查报道，记者本人发声
https://new.qq.com/rain/a/20250120A08ZER00

2025-01-21 05:01:15,366 - INFO - EXPIRED
美媒：拜登证实给特朗普留了一封信，“是我和他之间的事”
https://new.qq.com/rain/a/20250120A09RQN00

2025-01-21 05:01:15,366 - INFO - EXPIRED
训狗网红给狗绑嘴洗澡，狗意外去世，为何洗澡会导致发病死亡？
https://view.inews.qq.com/a/20250120Q08TUC00

2025-01-21 05:01:15,366 - INFO - EXPIRED
拜登任期最后一天“预防性”赦免多人，此举有哪些考虑？被赦免的人就没事了吗？
https://view.inews.qq.com/a/20250120Q09DX300

2025-01-21 05:01:15,366 - INFO - EXPIRED
海南上海多地出现死亡鲸鱼，为什么鲸鱼常从海里冲上岸搁浅？
https://view.inews.qq.com/a/20250120Q0940B00

2025-01-21 05:01:15,366 - INFO - EXPIRED
重庆单亲妈妈带两娃摆摊，孩子患先天性心脏病，孕期能提前检查出来吗？该怎么治？
https://view.inews.qq.com/a/20250120Q0530G00

2025-01-21 05:01:15,366 - INFO - EXPIRED
大片定档春节，能拯救日益冷淡的电影市场吗？
https://view.inews.qq.com/a/20250116Q05GB100

2025-01-21 05:01:15,366 - INFO - EXPIRED
刘元春讲新质生产力：思想、理论与战略
https://new.qq.com/rain/a/20250120A072LV00

2025-01-21 05:01:15,366 - INFO - EXPIRED
福建莆田前地产首富涉嫌违法犯罪被采取强制措施，身家曾达360亿元
https://new.qq.com/rain/a/20250120A091C000

2025-01-21 05:01:15,366 - INFO - EXPIRED
男子杀害两人后潜逃34年从国外被押解回国，律师：已被执行死刑
https://new.qq.com/rain/a/20250120A08X5E00

2025-01-21 05:01:15,366 - INFO - EXPIRED
普京：俄罗斯愿与美国政府就乌克兰局势展开对话
https://new.qq.com/rain/a/20250120A099VS00

2025-01-21 05:01:15,366 - INFO - EXPIRED
四川内江市市中区发生4.4级地震，自贡、资中等地均有震感反馈
https://new.qq.com/rain/a/20250120A09CGF00

2025-01-21 05:01:15,366 - INFO - EXPIRED
北京协和医院急诊科医生说“忙爆炸了”，为何临近春节生病变多？
https://view.inews.qq.com/a/20250120Q088S300

2025-01-21 05:01:15,366 - INFO - EXPIRED
特朗普称希望在上任后100天内访华，外交部回应
https://new.qq.com/rain/a/20250120A08T7P00

2025-01-21 05:01:15,366 - INFO - EXPIRED
国泰就“波士顿飞香港航班因机舱冒烟折返”致歉
https://new.qq.com/rain/a/20250120A09I8O00

2025-01-21 05:01:15,366 - INFO - EXPIRED
卸任当日拜登“预防性”赦免，涉及福奇、米利
https://new.qq.com/rain/a/20250120A094XP00

2025-01-21 05:01:15,366 - INFO - EXPIRED
总理主持召开今年首场座谈会，出席发言的9人都有谁？
https://new.qq.com/rain/a/20250120A09HOU00

2025-01-21 05:01:15,367 - INFO - EXPIRED
“翟欣欣案”检方建议量刑10年以上，苏享茂家属：旁听一审，等待判决
https://new.qq.com/rain/a/20250120A08VLJ00

2025-01-21 05:01:15,367 - INFO - EXPIRED
骑手午休时将脚放进外卖保温箱？涉事平台：核实后将永久封禁
https://new.qq.com/rain/a/20250120A08HGR00

2025-01-21 05:01:15,367 - INFO - EXPIRED
4名内地人在香港遭持刀袭击索要财物！两人涉嫌抢劫被抓获
https://new.qq.com/rain/a/20250120A08Y5200

2025-01-21 05:01:15,367 - INFO - EXPIRED
商务部回应欧盟起诉：将按世贸组织规则维护自身权益
https://new.qq.com/rain/a/20250120A092XM00

2025-01-21 05:01:15,367 - INFO - EXPIRED
印度法院拒判“女医生奸杀案”嫌疑人死刑
https://new.qq.com/rain/a/20250120A08PMM00

2025-01-21 05:01:15,367 - INFO - EXPIRED
江西景德镇一名21岁男子散步时失联 家属：已失联3日 监控未发现行踪
https://new.qq.com/rain/a/20250120V08AWY00

2025-01-21 05:01:15,367 - INFO - EXPIRED
中国“人造太阳”创造“亿度千秒”世界纪录，这意味着什么？
https://view.inews.qq.com/a/20250120Q099UH00

2025-01-21 05:01:15,367 - INFO - EXPIRED
李强：要以科技创新推动新旧动能转换，培育更多经济新增长点
https://new.qq.com/rain/a/20250120A08GKW00

2025-01-21 05:01:15,367 - INFO - EXPIRED
何立峰：大力实施城市更新，有力有序有效推进城市更新重点任务
https://new.qq.com/rain/a/20250120A08L8Z00

2025-01-21 05:01:15,367 - INFO - EXPIRED
外交部回应特朗普将就职：中方愿同美新政府加强对话沟通 拓展互利合作
https://new.qq.com/rain/a/20250120A05Y3U00

2025-01-21 05:01:15,367 - INFO - EXPIRED
海南、上海等地出现死亡鲸鱼，多方回应
https://new.qq.com/rain/a/20250120A03AOR00

2025-01-21 05:01:15,367 - INFO - EXPIRED
中俄将严厉打击在华假冒俄罗斯商品
https://new.qq.com/rain/a/20250120A0879D00

2025-01-21 05:01:15,367 - INFO - EXPIRED
美方希望拥有TikTok50%所有权，外交部回应
https://new.qq.com/rain/a/20250120A063JS00

2025-01-21 05:01:15,367 - INFO - EXPIRED
多家烟酒店被曝“遭未成年人盗窃”！济南警方回应称正侦查
https://new.qq.com/rain/a/20250120A068UP00

2025-01-21 05:01:15,367 - INFO - EXPIRED
14年前骑摩托农民工：曾登上春晚，如今还在工地打工，为救女儿生儿子换骨髓
https://new.qq.com/rain/a/20250120V05UR500

2025-01-21 05:01:15,367 - INFO - EXPIRED
23岁大学生参加“护农队”打野猪，凌晨触碰他人私设捕兽电网不幸身亡
https://new.qq.com/rain/a/20250120A06P2W00

2025-01-21 05:01:15,367 - INFO - EXPIRED
200万的奔驰车被加油站加错汽油面临大修，加油站需负全责吗？
https://view.inews.qq.com/a/20250119Q06S5C00

2025-01-21 05:01:15,367 - INFO - EXPIRED
国家统计局：上月不包含在校生的16-24岁劳动力失业率为15.7%
https://new.qq.com/rain/a/20250120A07Q4R00

2025-01-21 05:01:15,367 - INFO - EXPIRED
“翟欣欣涉嫌敲诈勒索案”最新进展：明天一审开庭，已退还前夫家属660万元
https://new.qq.com/rain/a/20250120A0686800

2025-01-21 05:01:15,367 - INFO - EXPIRED
马斯克称X不被允许在中国运营的情况需要改变，外交部回应
https://new.qq.com/rain/a/20250120A05VU000

2025-01-21 05:01:15,367 - INFO - EXPIRED
川大智胜：2024年度预计亏损4900万-6300万 股票或被实施退市风险警示
https://new.qq.com/rain/a/20250120A07RU500

2025-01-21 05:01:15,367 - INFO - EXPIRED
男子车内放疑似枪支强行冲卡拖行辅警，他带的枪型物可能是什么？
https://view.inews.qq.com/a/20250120Q04CNK00

2025-01-21 05:01:15,367 - INFO - EXPIRED
农业农村部：肉牛奶牛养殖亏损有所缓解，但完全扭转困难局面还需努力
https://new.qq.com/rain/a/20250120A06ATN00

2025-01-21 05:01:15,367 - INFO - EXPIRED
美国男子小红书上寻亲：25岁左右，当年被湖南邵阳市社会福利院收养
https://new.qq.com/rain/a/20250120A05QN400

2025-01-21 05:01:15,367 - INFO - EXPIRED
从南美到国内运输25天不坏，到家2天就软，车厘子全靠打药？真相揭秘
https://new.qq.com/rain/a/20250120A01XKS00

2025-01-21 05:01:15,367 - INFO - EXPIRED
韩国多位总统都进过拘留所，谁的生活条件最差？
https://new.qq.com/rain/a/20250120V077OC00

2025-01-21 05:01:15,367 - INFO - EXPIRED
大学生花100元开钟点房洗十几件衣服，被吐槽“薅羊毛”，酒店回应
https://new.qq.com/rain/a/20250120A03EIK00

2025-01-21 05:01:15,367 - INFO - EXPIRED
继赵明辞任荣耀CEO后，中国区CMO姜海荣即将离职
https://new.qq.com/rain/a/20250120A06TL600

2025-01-21 05:01:15,367 - INFO - EXPIRED
美国第一夫人推出自己的加密货币，现在买能赚到钱吗？
https://view.inews.qq.com/a/20250120Q04ALO00

2025-01-21 05:01:15,367 - INFO - EXPIRED
如何实现“用血费用减免一次都不跑”？国家卫健委回应
https://new.qq.com/rain/a/20250120A06H6900

2025-01-21 05:01:15,367 - INFO - EXPIRED
珠海驾车冲撞市民案凶手樊维秋被执行死刑
https://new.qq.com/rain/a/20250120A05D9Y00

2025-01-21 05:01:15,367 - INFO - EXPIRED
无锡一学院持刀伤人案凶手徐加金被执行死刑
https://new.qq.com/rain/a/20250120A05G5L00

2025-01-21 05:01:15,367 - INFO - EXPIRED
王忠林当选湖北省人大常委会主任 李殿勋当选湖北省省长
https://new.qq.com/rain/a/20250120A067IX00

2025-01-21 05:01:15,367 - INFO - EXPIRED
外交部：在中方斡旋下，缅甸政府与果敢同盟军签署停火协议
https://new.qq.com/rain/a/20250120A05UW400

2025-01-21 05:01:15,367 - INFO - EXPIRED
北京住房公积金试点可直付房租
https://new.qq.com/rain/a/20250120A068TT00

2025-01-21 05:01:15,367 - INFO - EXPIRED
取消门诊预交金、规范住院预交金 今年3月正式实施
https://new.qq.com/rain/a/20250120A05S3C00

2025-01-21 05:01:15,367 - INFO - EXPIRED
尹锡悦进拘留所，住单间睡地上，这种人的待遇与普通人有何不同？
https://view.inews.qq.com/a/20250120Q04LDN00

2025-01-21 05:01:15,367 - INFO - EXPIRED
李开复谈及自己生病曾被宣告只有100天生命，人如何掌握自己的命运？
https://view.inews.qq.com/a/20250120Q04SUI00

2025-01-21 05:01:15,367 - INFO - EXPIRED
法治日报评论：因生活不如意便报复社会，付出沉重代价完全是咎由自取
https://new.qq.com/rain/a/20250120A05O9U00

2025-01-21 05:01:15,367 - INFO - EXPIRED
乌消息人士：特朗普就职后的100天，将是俄乌冲突最紧张、最危险时段
https://new.qq.com/rain/a/20250120A01BWJ00

2025-01-21 05:01:15,367 - INFO - EXPIRED
知名演员胡歌的民盟职务获披露
https://new.qq.com/rain/a/20250120A04NHW00

2025-01-21 05:01:15,367 - INFO - EXPIRED
美国众议院议长：拜登甚至不知道自己签过什么行政令
https://new.qq.com/rain/a/20250120A0278Q00

2025-01-21 05:01:15,367 - INFO - EXPIRED
常年随身携带的“能量塔”可改善睡眠、祈福？海关：核辐射值严重超标
https://new.qq.com/rain/a/20250120A0489B00

2025-01-21 05:01:15,367 - INFO - EXPIRED
暗访上海出租车违法改装：“小马达”“断码器”20分钟装全套
https://new.qq.com/rain/a/20250120A01DE400

2025-01-21 05:01:15,367 - INFO - EXPIRED
大搞权钱钱色交易，中国电子科技集团原副总经理何文忠被公诉
https://new.qq.com/rain/a/20250120A05MBI00

2025-01-21 05:01:16,610 - ERROR - ERROR
特朗普签署行政令要求调查拜登政府滥用执法及情报机构情况
https://new.qq.com/rain/a/20250121A037XP00
('list index out of range',)
======
Traceback (most recent call last):
  File "/home/runner/work/qqnews/qqnews/qq.py", line 81, in process_article
    ss = str(tmpbs.select("div.LEFT div.content.clearfix")[0])
             ~~~~~~~~~~~~~~~~~~~~~~~~~~~~~~~~~~~~~~~~~~~~~^^^
IndexError: list index out of range


2025-01-21 05:01:16,632 - ERROR - ERROR
拜登政府近80项政策被废除，“朝令夕改”是惯例吗？哪些领域受影响最严重？
https://view.inews.qq.com/a/20250121Q024ID00
('list index out of range',)
======
Traceback (most recent call last):
  File "/home/runner/work/qqnews/qqnews/qq.py", line 81, in process_article
    ss = str(tmpbs.select("div.LEFT div.content.clearfix")[0])
             ~~~~~~~~~~~~~~~~~~~~~~~~~~~~~~~~~~~~~~~~~~~~~^^^
IndexError: list index out of range


2025-01-21 05:01:16,650 - ERROR - ERROR
“特朗普概念股”川大智胜跌停，恐被退市风险警示，股价曾月涨超100%
https://new.qq.com/rain/a/20250121A0396J00
('list index out of range',)
======
Traceback (most recent call last):
  File "/home/runner/work/qqnews/qqnews/qq.py", line 81, in process_article
    ss = str(tmpbs.select("div.LEFT div.content.clearfix")[0])
             ~~~~~~~~~~~~~~~~~~~~~~~~~~~~~~~~~~~~~~~~~~~~~^^^
IndexError: list index out of range


2025-01-21 05:01:16,655 - ERROR - ERROR
特朗普宣布终止非法移民或持临时签证者子女的出生公民权
https://new.qq.com/rain/a/20250121A037KS00
('list index out of range',)
======
Traceback (most recent call last):
  File "/home/runner/work/qqnews/qqnews/qq.py", line 81, in process_article
    ss = str(tmpbs.select("div.LEFT div.content.clearfix")[0])
             ~~~~~~~~~~~~~~~~~~~~~~~~~~~~~~~~~~~~~~~~~~~~~^^^
IndexError: list index out of range


2025-01-21 05:01:16,666 - ERROR - ERROR
今天，广州正式解禁土狗
https://new.qq.com/rain/a/20250121A01WS000
('list index out of range',)
======
Traceback (most recent call last):
  File "/home/runner/work/qqnews/qqnews/qq.py", line 81, in process_article
    ss = str(tmpbs.select("div.LEFT div.content.clearfix")[0])
             ~~~~~~~~~~~~~~~~~~~~~~~~~~~~~~~~~~~~~~~~~~~~~^^^
IndexError: list index out of range


2025-01-21 05:01:17,330 - ERROR - ERROR
特朗普：自2月1日起对进口自加拿大商品征收25%关税
https://new.qq.com/rain/a/20250121A02JWS00
('list index out of range',)
======
Traceback (most recent call last):
  File "/home/runner/work/qqnews/qqnews/qq.py", line 81, in process_article
    ss = str(tmpbs.select("div.LEFT div.content.clearfix")[0])
             ~~~~~~~~~~~~~~~~~~~~~~~~~~~~~~~~~~~~~~~~~~~~~^^^
IndexError: list index out of range


2025-01-21 05:01:17,361 - ERROR - ERROR
外媒称马斯克与张一鸣2024年曾经会面，牵线人阐述联络细节
https://new.qq.com/rain/a/20250121A00P6A00
('list index out of range',)
======
Traceback (most recent call last):
  File "/home/runner/work/qqnews/qqnews/qq.py", line 81, in process_article
    ss = str(tmpbs.select("div.LEFT div.content.clearfix")[0])
             ~~~~~~~~~~~~~~~~~~~~~~~~~~~~~~~~~~~~~~~~~~~~~^^^
IndexError: list index out of range


2025-01-21 05:01:17,366 - ERROR - ERROR
在记者询问提醒下，特朗普翻出拜登留信：感谢，不然可能得过几年才发现
https://new.qq.com/rain/a/20250121A030YX00
('list index out of range',)
======
Traceback (most recent call last):
  File "/home/runner/work/qqnews/qqnews/qq.py", line 81, in process_article
    ss = str(tmpbs.select("div.LEFT div.content.clearfix")[0])
             ~~~~~~~~~~~~~~~~~~~~~~~~~~~~~~~~~~~~~~~~~~~~~^^^
IndexError: list index out of range


2025-01-21 05:01:17,402 - ERROR - ERROR
外媒：特朗普抨击拜登离任前“最后一刻”发布“预防性”赦免令
https://new.qq.com/rain/a/20250121A02OA900
('list index out of range',)
======
Traceback (most recent call last):
  File "/home/runner/work/qqnews/qqnews/qq.py", line 81, in process_article
    ss = str(tmpbs.select("div.LEFT div.content.clearfix")[0])
             ~~~~~~~~~~~~~~~~~~~~~~~~~~~~~~~~~~~~~~~~~~~~~^^^
IndexError: list index out of range


2025-01-21 05:01:17,551 - ERROR - ERROR
春节日本机票疯涨，贵过欧洲了
https://new.qq.com/rain/a/20250121A01PLS00
('list index out of range',)
======
Traceback (most recent call last):
  File "/home/runner/work/qqnews/qqnews/qq.py", line 81, in process_article
    ss = str(tmpbs.select("div.LEFT div.content.clearfix")[0])
             ~~~~~~~~~~~~~~~~~~~~~~~~~~~~~~~~~~~~~~~~~~~~~^^^
IndexError: list index out of range


2025-01-21 05:01:18,011 - ERROR - ERROR
特朗普签署行政令宣布美国退出世界卫生组织
https://new.qq.com/rain/a/20250121A02EZ400
('list index out of range',)
======
Traceback (most recent call last):
  File "/home/runner/work/qqnews/qqnews/qq.py", line 81, in process_article
    ss = str(tmpbs.select("div.LEFT div.content.clearfix")[0])
             ~~~~~~~~~~~~~~~~~~~~~~~~~~~~~~~~~~~~~~~~~~~~~^^^
IndexError: list index out of range


2025-01-21 05:01:18,047 - ERROR - ERROR
特朗普废除拜登政府近80项政策 宣布美国将退出《巴黎协定》
https://new.qq.com/rain/a/20250121A01QX600
('list index out of range',)
======
Traceback (most recent call last):
  File "/home/runner/work/qqnews/qqnews/qq.py", line 81, in process_article
    ss = str(tmpbs.select("div.LEFT div.content.clearfix")[0])
             ~~~~~~~~~~~~~~~~~~~~~~~~~~~~~~~~~~~~~~~~~~~~~^^^
IndexError: list index out of range


2025-01-21 05:01:18,109 - ERROR - ERROR
美媒：特朗普签署行政令，宣布美国南部边境进入“国家紧急状态”
https://new.qq.com/rain/a/20250121A02C2800
('list index out of range',)
======
Traceback (most recent call last):
  File "/home/runner/work/qqnews/qqnews/qq.py", line 81, in process_article
    ss = str(tmpbs.select("div.LEFT div.content.clearfix")[0])
             ~~~~~~~~~~~~~~~~~~~~~~~~~~~~~~~~~~~~~~~~~~~~~^^^
IndexError: list index out of range


2025-01-21 05:01:18,113 - ERROR - ERROR
特朗普：计划与普京见面 相关谈判已在进行中
https://new.qq.com/rain/a/20250121A02OIL00
('list index out of range',)
======
Traceback (most recent call last):
  File "/home/runner/work/qqnews/qqnews/qq.py", line 81, in process_article
    ss = str(tmpbs.select("div.LEFT div.content.clearfix")[0])
             ~~~~~~~~~~~~~~~~~~~~~~~~~~~~~~~~~~~~~~~~~~~~~^^^
IndexError: list index out of range


2025-01-21 05:01:18,303 - ERROR - ERROR
中央决定：孙梅君任海关总署党委书记
https://new.qq.com/rain/a/20250121A02O9V00
('list index out of range',)
======
Traceback (most recent call last):
  File "/home/runner/work/qqnews/qqnews/qq.py", line 81, in process_article
    ss = str(tmpbs.select("div.LEFT div.content.clearfix")[0])
             ~~~~~~~~~~~~~~~~~~~~~~~~~~~~~~~~~~~~~~~~~~~~~^^^
IndexError: list index out of range


2025-01-21 05:01:18,725 - ERROR - ERROR
特朗普取消拜登任期将古巴移出“支恐国家”名单的决定 古予以谴责
https://new.qq.com/rain/a/20250121A025PO00
('list index out of range',)
======
Traceback (most recent call last):
  File "/home/runner/work/qqnews/qqnews/qq.py", line 81, in process_article
    ss = str(tmpbs.select("div.LEFT div.content.clearfix")[0])
             ~~~~~~~~~~~~~~~~~~~~~~~~~~~~~~~~~~~~~~~~~~~~~^^^
IndexError: list index out of range


2025-01-21 05:01:18,754 - ERROR - ERROR
特朗普签署行政令赦免约1500名“国会山骚乱”暴力分子
https://new.qq.com/rain/a/20250121A02D6K00
('list index out of range',)
======
Traceback (most recent call last):
  File "/home/runner/work/qqnews/qqnews/qq.py", line 81, in process_article
    ss = str(tmpbs.select("div.LEFT div.content.clearfix")[0])
             ~~~~~~~~~~~~~~~~~~~~~~~~~~~~~~~~~~~~~~~~~~~~~^^^
IndexError: list index out of range


2025-01-21 05:01:18,786 - ERROR - ERROR
建对外税务局 扩张领土 美国总统特朗普发表就职演讲
https://new.qq.com/rain/a/20250121A00OE500
('list index out of range',)
======
Traceback (most recent call last):
  File "/home/runner/work/qqnews/qqnews/qq.py", line 81, in process_article
    ss = str(tmpbs.select("div.LEFT div.content.clearfix")[0])
             ~~~~~~~~~~~~~~~~~~~~~~~~~~~~~~~~~~~~~~~~~~~~~^^^
IndexError: list index out of range


2025-01-21 05:01:18,802 - ERROR - ERROR
人民币兑美元中间价报7.1703，上调183点
https://new.qq.com/rain/a/20250121A02ALM00
('list index out of range',)
======
Traceback (most recent call last):
  File "/home/runner/work/qqnews/qqnews/qq.py", line 81, in process_article
    ss = str(tmpbs.select("div.LEFT div.content.clearfix")[0])
             ~~~~~~~~~~~~~~~~~~~~~~~~~~~~~~~~~~~~~~~~~~~~~^^^
IndexError: list index out of range


2025-01-21 05:01:19,051 - ERROR - ERROR
美国参议院确认卢比奥担任国务卿
https://new.qq.com/rain/a/20250121A01TT200
('list index out of range',)
======
Traceback (most recent call last):
  File "/home/runner/work/qqnews/qqnews/qq.py", line 81, in process_article
    ss = str(tmpbs.select("div.LEFT div.content.clearfix")[0])
             ~~~~~~~~~~~~~~~~~~~~~~~~~~~~~~~~~~~~~~~~~~~~~^^^
IndexError: list index out of range


2025-01-21 05:01:19,440 - ERROR - ERROR
网传“南京北站挖到古墓被停工”是谣言
https://new.qq.com/rain/a/20250121A00C7C00
('list index out of range',)
======
Traceback (most recent call last):
  File "/home/runner/work/qqnews/qqnews/qq.py", line 81, in process_article
    ss = str(tmpbs.select("div.LEFT div.content.clearfix")[0])
             ~~~~~~~~~~~~~~~~~~~~~~~~~~~~~~~~~~~~~~~~~~~~~^^^
IndexError: list index out of range


2025-01-21 05:01:19,496 - ERROR - ERROR
每次上任，特朗普为何都要退出《巴黎协定》
https://new.qq.com/rain/a/20250121A01XYO00
('list index out of range',)
======
Traceback (most recent call last):
  File "/home/runner/work/qqnews/qqnews/qq.py", line 81, in process_article
    ss = str(tmpbs.select("div.LEFT div.content.clearfix")[0])
             ~~~~~~~~~~~~~~~~~~~~~~~~~~~~~~~~~~~~~~~~~~~~~^^^
IndexError: list index out of range


2025-01-21 05:01:19,502 - ERROR - ERROR
韩正出席美国总统就职典礼
https://new.qq.com/rain/a/20250121A01DJH00
('list index out of range',)
======
Traceback (most recent call last):
  File "/home/runner/work/qqnews/qqnews/qq.py", line 81, in process_article
    ss = str(tmpbs.select("div.LEFT div.content.clearfix")[0])
             ~~~~~~~~~~~~~~~~~~~~~~~~~~~~~~~~~~~~~~~~~~~~~^^^
IndexError: list index out of range


2025-01-21 05:01:19,514 - ERROR - ERROR
台湾台南6.2级地震致全台摇晃：阿里山突冒“闪光” 屏东鸟群飞翔
https://new.qq.com/rain/a/20250121V01JQ900
('list index out of range',)
======
Traceback (most recent call last):
  File "/home/runner/work/qqnews/qqnews/qq.py", line 81, in process_article
    ss = str(tmpbs.select("div.LEFT div.content.clearfix")[0])
             ~~~~~~~~~~~~~~~~~~~~~~~~~~~~~~~~~~~~~~~~~~~~~^^^
IndexError: list index out of range


2025-01-21 05:01:19,841 - ERROR - ERROR
特朗普称将收回巴拿马运河 巴拿马：运河主权不可动摇
https://new.qq.com/rain/a/20250121A01DI400
('list index out of range',)
======
Traceback (most recent call last):
  File "/home/runner/work/qqnews/qqnews/qq.py", line 81, in process_article
    ss = str(tmpbs.select("div.LEFT div.content.clearfix")[0])
             ~~~~~~~~~~~~~~~~~~~~~~~~~~~~~~~~~~~~~~~~~~~~~^^^
IndexError: list index out of range


2025-01-21 05:01:20,172 - ERROR - ERROR
网传“南京北站挖到古墓被停工”是谣言，真挖到古墓会改道吗？
https://view.inews.qq.com/a/20250121Q02MWJ00
('list index out of range',)
======
Traceback (most recent call last):
  File "/home/runner/work/qqnews/qqnews/qq.py", line 81, in process_article
    ss = str(tmpbs.select("div.LEFT div.content.clearfix")[0])
             ~~~~~~~~~~~~~~~~~~~~~~~~~~~~~~~~~~~~~~~~~~~~~^^^
IndexError: list index out of range


2025-01-21 05:01:20,188 - ERROR - ERROR
视频丨特朗普宣誓就任美国第47任总统
https://new.qq.com/rain/a/20250121A00N8200
('list index out of range',)
======
Traceback (most recent call last):
  File "/home/runner/work/qqnews/qqnews/qq.py", line 81, in process_article
    ss = str(tmpbs.select("div.LEFT div.content.clearfix")[0])
             ~~~~~~~~~~~~~~~~~~~~~~~~~~~~~~~~~~~~~~~~~~~~~^^^
IndexError: list index out of range


2025-01-21 05:01:20,192 - ERROR - ERROR
哥伦比亚总统宣布国家进入内部动乱和经济紧急状态
https://new.qq.com/rain/a/20250121A01MAH00
('list index out of range',)
======
Traceback (most recent call last):
  File "/home/runner/work/qqnews/qqnews/qq.py", line 81, in process_article
    ss = str(tmpbs.select("div.LEFT div.content.clearfix")[0])
             ~~~~~~~~~~~~~~~~~~~~~~~~~~~~~~~~~~~~~~~~~~~~~^^^
IndexError: list index out of range


2025-01-21 05:01:20,302 - ERROR - ERROR
特朗普政府关闭移民申请合法入境的应用程序 现有预约被取消
https://new.qq.com/rain/a/20250121A0120N00
('list index out of range',)
======
Traceback (most recent call last):
  File "/home/runner/work/qqnews/qqnews/qq.py", line 81, in process_article
    ss = str(tmpbs.select("div.LEFT div.content.clearfix")[0])
             ~~~~~~~~~~~~~~~~~~~~~~~~~~~~~~~~~~~~~~~~~~~~~^^^
IndexError: list index out of range


2025-01-21 05:01:20,530 - ERROR - ERROR
西藏日喀则市定结县发生4.6级地震
https://new.qq.com/rain/a/20250121A018GH00
('list index out of range',)
======
Traceback (most recent call last):
  File "/home/runner/work/qqnews/qqnews/qq.py", line 81, in process_article
    ss = str(tmpbs.select("div.LEFT div.content.clearfix")[0])
             ~~~~~~~~~~~~~~~~~~~~~~~~~~~~~~~~~~~~~~~~~~~~~^^^
IndexError: list index out of range


2025-01-21 05:01:20,854 - ERROR - ERROR
神舟十九号航天员乘组圆满完成第二次出舱活动
https://new.qq.com/rain/a/20250121A00QH800
('list index out of range',)
======
Traceback (most recent call last):
  File "/home/runner/work/qqnews/qqnews/qq.py", line 81, in process_article
    ss = str(tmpbs.select("div.LEFT div.content.clearfix")[0])
             ~~~~~~~~~~~~~~~~~~~~~~~~~~~~~~~~~~~~~~~~~~~~~^^^
IndexError: list index out of range


2025-01-21 05:01:20,866 - ERROR - ERROR
台湾台南市6.2级地震已致15人受伤
https://new.qq.com/rain/a/20250121A01GOX00
('list index out of range',)
======
Traceback (most recent call last):
  File "/home/runner/work/qqnews/qqnews/qq.py", line 81, in process_article
    ss = str(tmpbs.select("div.LEFT div.content.clearfix")[0])
             ~~~~~~~~~~~~~~~~~~~~~~~~~~~~~~~~~~~~~~~~~~~~~^^^
IndexError: list index out of range


2025-01-21 05:01:20,877 - ERROR - ERROR
美国欲退《巴黎协定》 联合国回应：能源转型关键期 各国应抓住机会
https://new.qq.com/rain/a/20250121A015OV00
('list index out of range',)
======
Traceback (most recent call last):
  File "/home/runner/work/qqnews/qqnews/qq.py", line 81, in process_article
    ss = str(tmpbs.select("div.LEFT div.content.clearfix")[0])
             ~~~~~~~~~~~~~~~~~~~~~~~~~~~~~~~~~~~~~~~~~~~~~^^^
IndexError: list index out of range


2025-01-21 05:01:20,994 - ERROR - ERROR
外媒：任期“最后一刻”，拜登发布声明“预防性”赦免其家人
https://new.qq.com/rain/a/20250121A00QTI00
('list index out of range',)
======
Traceback (most recent call last):
  File "/home/runner/work/qqnews/qqnews/qq.py", line 81, in process_article
    ss = str(tmpbs.select("div.LEFT div.content.clearfix")[0])
             ~~~~~~~~~~~~~~~~~~~~~~~~~~~~~~~~~~~~~~~~~~~~~^^^
IndexError: list index out of range


