2024-10-01 00:38:01,415 - INFO - EXPIRED
NBA名宿穆托姆博因脑癌去世，他当年的防守有多强？对姚明帮助有多大？
https://view.inews.qq.com/a/20240930Q0AAPU00

2024-10-01 00:38:01,415 - INFO - EXPIRED
中纪委再查副部级“内鬼”，连续两名落马中管干部都曾任职中组部
https://new.qq.com/rain/a/20240930A09M9Y00

2024-10-01 00:38:01,415 - INFO - EXPIRED
布云朝克特晋级中网四强创历史，他会成为中国男网一哥吗？未来天花板有多高？
https://view.inews.qq.com/a/20240930Q0AAXO00

2024-10-01 00:38:01,415 - INFO - EXPIRED
深交所出手 恒大地产和许家印等被纪律处分
https://new.qq.com/rain/a/20240930A0A0RS00

2024-10-01 00:38:01,415 - INFO - EXPIRED
香港终审法院英国非常任法官因个人原因不续任，系年内第五位
https://new.qq.com/rain/a/20240930A09A9T00

2024-10-01 00:38:01,415 - INFO - EXPIRED
余华英拐卖儿童案将于10月重审开庭，被拐儿童增至17人
https://new.qq.com/rain/a/20240930A068GI00

2024-10-01 00:38:01,415 - INFO - EXPIRED
17岁男孩突然“变”女孩：罕见的性发育异常和艰难的性别选择
https://new.qq.com/rain/a/20240930A073LU00

2024-10-01 00:38:01,415 - INFO - EXPIRED
特斯拉德国工厂病假率17%，马斯克：太疯狂了
https://new.qq.com/rain/a/20240930A08XPU00

2024-10-01 00:38:01,415 - INFO - EXPIRED
湖南一高三男生在教师办公室坠亡，当地：警方已排除刑事案件的可能
https://new.qq.com/rain/a/20240930A0ABWI00

2024-10-01 00:38:01,415 - INFO - EXPIRED
台湾校园“割颈案”行凶者分别获刑9年、8年，检方：量刑过轻将上诉
https://new.qq.com/rain/a/20240930A09M9H00

2024-10-01 00:38:01,415 - INFO - EXPIRED
首次披露！“失联”的新华保险原董事长李全，落马了
https://new.qq.com/rain/a/20240930A0694N00

2024-10-01 00:38:01,415 - INFO - EXPIRED
科学家找到宇宙中的“炼金炉”，合成黄金需要哪些条件？在实验室能合成吗？
https://view.inews.qq.com/a/20240930Q087JU00

2024-10-01 00:38:01,415 - INFO - EXPIRED
普京签署秋季征兵法令：在经认可的IT公司工作的公民可推迟服兵役
https://new.qq.com/rain/a/20240930A09BT400

2024-10-01 00:38:01,415 - INFO - EXPIRED
这些地方的农村，光棍一窝一窝
https://new.qq.com/rain/a/20240930A07SD900

2024-10-01 00:38:01,415 - INFO - EXPIRED
中介机构选定 国泰君安、海通吸收合并时间表临近
https://new.qq.com/rain/a/20240930A09BZL00

2024-10-01 00:38:01,415 - INFO - EXPIRED
“毒枸杞”事件调查一个月进展如何？甘肃和青海两地最新回应
https://new.qq.com/rain/a/20240930A05WSQ00

2024-10-01 00:38:01,415 - INFO - EXPIRED
西安“看桥爷爷”受邀抵达武汉：这次一定要看到“万里长江第一桥”
https://new.qq.com/rain/a/20240930A07ALB00

2024-10-01 00:38:01,415 - INFO - EXPIRED
俄媒：俄军拿下乌克兰东部关键村庄
https://new.qq.com/rain/a/20240930A04IXO00

2024-10-01 00:38:01,415 - INFO - EXPIRED
韩检方请求判处李在明3年有期徒刑 李在明：韩检方歪曲法律是犯罪行为
https://new.qq.com/rain/a/20240930V081Q200

2024-10-01 00:38:01,415 - INFO - EXPIRED
行李箱内塞满成捆现金，旅客携带180万美元入境被广州海关查获
https://new.qq.com/rain/a/20240930A06HT600

2024-10-01 00:38:01,415 - INFO - EXPIRED
伸缩机倒塌致1名员工死亡 申通快递被约谈
https://new.qq.com/rain/a/20240930A070MA00

2024-10-01 00:38:01,415 - INFO - EXPIRED
提前一天开车出发，结果十几个小时没出城，假期出行有哪些“大聪明”行为？
https://view.inews.qq.com/a/20240930Q03GPA00

2024-10-01 00:38:01,415 - INFO - EXPIRED
伍斌当选厦门市市长，曾获“全国优秀县委书记”称号
https://new.qq.com/rain/a/20240930A073P200

2024-10-01 00:38:01,415 - INFO - EXPIRED
男孩被困电梯徒手扒开门逃生，这样做安全吗？被困电梯该如何自救？
https://view.inews.qq.com/a/20240929Q09K5C00

2024-10-01 00:38:01,415 - INFO - EXPIRED
俄媒：俄总理米舒斯京抵达伊朗开始访问
https://new.qq.com/rain/a/20240930A07MRR00

2024-10-01 00:38:01,415 - INFO - EXPIRED
IPO前夕，荣耀副董事长万飚离职，否认将加入新凯来
https://new.qq.com/rain/a/20240930A06QHA00

2024-10-01 00:38:01,415 - INFO - EXPIRED
打虎！中央纪委国家监委驻中央组织部纪检监察组组长李刚被查
https://new.qq.com/rain/a/20240930A095Q600

2024-10-01 00:38:01,415 - INFO - EXPIRED
乘客高铁上演遮阳帘“拉扯战”：僵持了20分钟左右，全程没吵架
https://new.qq.com/rain/a/20240930V05X4900

2024-10-01 00:38:01,415 - INFO - EXPIRED
中信建投：后台审核140万人排队开户事实严重不符
https://new.qq.com/rain/a/20240930A066BO00

2024-10-01 00:38:01,415 - INFO - EXPIRED
李强签署国务院令 公布《网络数据安全管理条例》
https://new.qq.com/rain/a/20240930A06A9A00

2024-10-01 00:38:01,415 - INFO - EXPIRED
财政部副部长郭婷婷会见普华永道全球主席
https://new.qq.com/rain/a/20240930A05FGN00

2024-10-01 00:38:01,415 - INFO - EXPIRED
文旅部：希望大陆居民能够早日赴台湾本岛旅游
https://new.qq.com/rain/a/20240930A05YLM00

2024-10-01 00:38:01,415 - INFO - EXPIRED
国内航线燃油附加费10月5日起大幅下调
https://new.qq.com/rain/a/20240930A064LR00

2024-10-01 00:38:01,415 - INFO - EXPIRED
33岁格列兹曼自宣从法国国家队退役，结束10年国家队生涯
https://new.qq.com/rain/a/20240930A0681800

2024-10-01 00:38:01,415 - INFO - EXPIRED
“整个山东威海都是臭的” 多人称闻到异味 环保局：查了一宿原因不明
https://new.qq.com/rain/a/20240930A03PC300

2024-10-01 00:38:01,415 - INFO - EXPIRED
成都发生一起多车连环追尾事故，警方：致8人受伤，司机排除酒驾嫌疑
https://new.qq.com/rain/a/20240930A05JOV00

2024-10-01 00:38:01,415 - INFO - EXPIRED
上海、广州、深圳连夜发楼市新政，专家说房地产牛市启动，我该信吗？现在是买房好时机吗？
https://view.inews.qq.com/a/20240930Q01AL600

2024-10-01 00:38:01,415 - INFO - EXPIRED
外交部：中方决定将对葡萄牙、希腊、塞浦路斯、斯洛文尼亚持普通护照人员试行免签政策
https://new.qq.com/rain/a/20240930A05EMR00

2024-10-01 00:38:01,415 - INFO - EXPIRED
以媒：以国防军发布照片显示，哈马斯领导人辛瓦尔图像被打上“问号”
https://new.qq.com/rain/a/20240930A04P4B00

2024-10-01 00:38:01,415 - INFO - EXPIRED
美向台湾地区提供5.67亿美元军援，外交部：以武助“独”必将引火烧身
https://new.qq.com/rain/a/20240930A05E7E00

2024-10-01 00:38:01,416 - INFO - EXPIRED
穿越时空的对话：75年科技变迁之旅
https://new.qq.com/rain/a/20240930V05DHE00

2024-10-01 00:38:01,416 - INFO - EXPIRED
河北省纪委原副书记陈玉祥被公诉，热衷吃喝玩乐被“围猎”
https://new.qq.com/rain/a/20240930A04OGC00

2024-10-01 00:38:01,416 - INFO - EXPIRED
行拘！女子散播“西安下雪”虚假视频博取流量，扰乱公众视听
https://new.qq.com/rain/a/20240930A04EHN00

2024-10-01 00:38:01,416 - INFO - EXPIRED
女子称13岁儿子在夏令营说话遭体罚，做200个深蹲后横纹肌溶解
https://new.qq.com/rain/a/20240929A080FC00

2024-10-01 00:38:01,416 - INFO - EXPIRED
“黑燕窝”调查：有账号“换马甲”躲避索赔，淘宝客服称只补偿200元
https://new.qq.com/rain/a/20240929A09VN100

2024-10-01 00:38:01,416 - INFO - EXPIRED
外媒：拜登称将很快与内塔尼亚胡交谈，并表示“真的必须避免”中东地区爆发全面战争
https://new.qq.com/rain/a/20240930A01EQ000

2024-10-01 00:38:01,416 - INFO - EXPIRED
7岁儿童在景区水域警戒线内戏水溺亡，官方回应
https://new.qq.com/rain/a/20240930A04SF200

2024-10-01 00:38:01,416 - INFO - EXPIRED
青海格尔木6死1伤中毒事件，一死者是中医师，事发前已有征兆
https://new.qq.com/rain/a/20240930A02XQY00

2024-10-01 00:38:01,416 - INFO - EXPIRED
女子遭遇“话梅刺客”，一斤话梅3580元? 南京市监部门回应
https://new.qq.com/rain/a/20240929A09NWD00

2024-10-01 00:38:01,416 - INFO - EXPIRED
内蒙古一小学老师将作业扔学生脸上、扇学生耳光，当地教育局回应
https://new.qq.com/rain/a/20240929A093VF00

2024-10-01 00:38:01,416 - INFO - EXPIRED
中巴发起乌克兰危机“和平之友”行动，瑞士积极响应
https://new.qq.com/rain/a/20240930A0183C00

2024-10-01 00:38:01,416 - INFO - EXPIRED
内蒙古呼伦贝尔大雪致多车被困，一载有30余人的旅游大巴被困一天一夜
https://new.qq.com/rain/a/20240930A02PFT00

2024-10-01 00:38:01,416 - INFO - EXPIRED
少将朱军，任直辖市常委
https://new.qq.com/rain/a/20240930A036SI00

2024-10-01 00:38:01,416 - INFO - EXPIRED
高度敏感时刻，俄总理将访伊朗
https://new.qq.com/rain/a/20240930A03PC800

2024-10-01 00:38:01,416 - INFO - EXPIRED
印度“果链”工厂再燃大火生产中断，原计划在未来几个月内生产iPhone
https://new.qq.com/rain/a/20240929A08V8000

2024-10-01 00:38:01,416 - INFO - EXPIRED
省委巡视后，贵州省厅“一把手”主动投案
https://new.qq.com/rain/a/20240929A09DDT00

2024-10-01 00:38:01,416 - INFO - EXPIRED
男子按喇叭提醒挡道者遭围殴，3名打人者以寻衅滋事立案后罪名又变更
https://new.qq.com/rain/a/20240929A0765H00

2024-10-01 00:38:01,416 - INFO - EXPIRED
亲历者讲述在内蒙古遇暴风雪被困：积雪数十厘米深，有人在车里住一夜
https://new.qq.com/rain/a/20240930V04G8700

2024-10-01 00:38:01,416 - INFO - EXPIRED
斯坦福大学博士已入职安徽乡镇公务员岗 本人不愿再被外界关注
https://new.qq.com/rain/a/20240930A01DE200

2024-10-01 00:38:01,416 - INFO - EXPIRED
313名在缅北实施跨境电诈的中国籍犯罪嫌疑人被移交我方
https://new.qq.com/rain/a/20240930A02Z7K00

2024-10-01 00:38:01,416 - INFO - EXPIRED
SpaceX“龙”飞船成功对接国际空间站，将于明年2月带回滞留宇航员
https://new.qq.com/rain/a/20240930A01IIB00

2024-10-01 00:38:01,416 - INFO - EXPIRED
女子报案时警方人员口头答复称“受理不了”，西安警方回应
https://new.qq.com/rain/a/20240929A08S9M00

2024-10-01 00:38:01,416 - INFO - EXPIRED
国家统计局：9月份PMI为49.8%，比上月上升0.7个百分点
https://new.qq.com/rain/a/20240930A01XO700

2024-10-01 00:38:01,416 - INFO - EXPIRED
广州、深圳、上海楼市连夜出王炸，但内容细则为何各不相同？分别影响多大？
https://view.inews.qq.com/a/20240930Q01D4G00

2024-10-01 00:38:01,416 - INFO - EXPIRED
俄乌官方均未回应！“俄军摧毁乌军F-16战斗机”疑云重重
https://new.qq.com/rain/a/20240930A00SUB00

2024-10-01 00:38:01,416 - INFO - EXPIRED
欧盟即将表决对华电动汽车加征关税案，中欧代表紧密磋商寻求替代方案
https://new.qq.com/rain/a/20240930A00W6100

2024-10-01 00:38:01,416 - INFO - EXPIRED
中国登月服外观首次公开，有哪些特殊设计？后面背的大包是什么？
https://view.inews.qq.com/a/20240929Q08V0300

2024-10-01 00:38:01,416 - INFO - EXPIRED
事关证券交易、养老、住房，10月一批新规将实施
https://new.qq.com/rain/a/20240930A004NE00

2024-10-01 00:38:01,416 - INFO - EXPIRED
9月财新中国制造业PMI降至49.3，创2023年8月以来最低值
https://new.qq.com/rain/a/20240930A022ZM00

2024-10-01 00:38:01,416 - INFO - EXPIRED
日本候任首相石破茂计划于10月27日举行大选
https://new.qq.com/rain/a/20240930A00Q8J00

2024-10-01 00:38:01,416 - INFO - EXPIRED
中俄海警北太平洋联合执法巡航，美媒渲染“中国在北太平洋增加存在”
https://new.qq.com/rain/a/20240930A00QB200

2024-10-01 00:38:01,416 - INFO - EXPIRED
黑龙江一监狱内犯人被指违规赌博用手机，官方回应：已成立调查组
https://new.qq.com/rain/a/20240929A09RRV00

2024-10-01 00:38:01,416 - INFO - EXPIRED
广州官宣：取消居民家庭购买住房各项限购政策
https://new.qq.com/rain/a/20240929A09NXO00

2024-10-01 00:38:01,416 - INFO - EXPIRED
深圳：个人首套房贷最低首付款比例调整为15%，优化分区住房限购政策
https://new.qq.com/rain/a/20240929A09PU100

2024-10-01 00:38:01,416 - INFO - EXPIRED
私募大佬林园：虽然上证指数站上3000点，但是今年赚钱的人不多
https://new.qq.com/rain/a/20240930A00SZC00

2024-10-01 00:38:01,416 - INFO - EXPIRED
湖南湘潭大学禁止出租车入校拉客，司机与学校保安发生冲突？校方回应
https://new.qq.com/rain/a/20240929A08F0E00

2024-10-01 00:38:01,416 - INFO - EXPIRED
云南保山技师学院内有学生被教职工开车撞倒？校方：纪检部门已介入
https://new.qq.com/rain/a/20240929A04L9N00

2024-10-01 00:38:01,416 - INFO - EXPIRED
一财社论：国企普遍推行末等调整和不胜任退出制度时不我待
https://new.qq.com/rain/a/20240929A09NY700

2024-10-01 00:38:01,416 - INFO - EXPIRED
合资汽车，怎么了
https://new.qq.com/rain/a/20240929A07EHU00

2024-10-01 00:38:01,416 - INFO - EXPIRED
天津一副食店老板在食品中注射鼠药，警方：因大龄单身被嘲讽所以下药
https://new.qq.com/rain/a/20240929A094HL00

2024-10-01 00:38:01,416 - INFO - EXPIRED
“高原小故宫”被吐槽修毁了 官方：依据法规和技术参考 不是异想天开
https://new.qq.com/rain/a/20240929A08IVS00

2024-10-01 00:38:01,416 - INFO - EXPIRED
央行：取消房贷利率重定价周期最短为一年的限制
https://new.qq.com/rain/a/20240929A08ZJU00

2024-10-01 00:38:01,416 - INFO - EXPIRED
国有四大行宣布将调整存量个人住房贷款利率 10月12日发布具体操作细则
https://new.qq.com/rain/a/20240929A096UE00

2024-10-01 00:38:01,416 - INFO - EXPIRED
中央政治局部署后，住建部大抓落实！支持一线城市调控自主权到位
https://new.qq.com/rain/a/20240929A095AQ00

2024-10-01 00:38:01,416 - INFO - EXPIRED
​上海再出7条楼市新政，调整限购降低首付比例，权威解读来了
https://new.qq.com/rain/a/20240929A091G700

2024-10-01 00:38:01,416 - INFO - EXPIRED
深圳生二孩奖8万？官方说法——
https://new.qq.com/rain/a/20240929A06R8F00

2024-10-01 00:38:01,416 - INFO - EXPIRED
大三男生在快递公司工作20余天后跳桥身亡，家属：他曾提辞职但遭拒绝
https://new.qq.com/rain/a/20240929A078J800

2024-10-01 00:38:01,416 - INFO - EXPIRED
加拿大退役宇航员分享中国登月服外观画面，马斯克转发帖文吐槽美国
https://new.qq.com/rain/a/20240929A059CC00

2024-10-01 00:38:01,416 - INFO - EXPIRED
布云朝克特横扫6号种子晋级中网八强，他为何能一鸣惊人？还能更进一步吗？
https://view.inews.qq.com/a/20240929Q04LLI00

2024-10-01 00:38:01,416 - INFO - EXPIRED
四川会东县一城管执法车无牌照上路行驶 当地：已处理涉事人员
https://new.qq.com/rain/a/20240929A06IUC00

2024-10-01 00:38:01,416 - INFO - EXPIRED
石破茂称将尽早解散众议院并举行大选 日媒：他考虑最早10月9日就解散
https://new.qq.com/rain/a/20240929A01O0F00

2024-10-01 00:38:01,416 - INFO - EXPIRED
湖北21岁舞蹈演员因脑出血去世，这病有多凶险？脑出血越来越年轻化了吗？
https://view.inews.qq.com/a/20240929Q03UN900

2024-10-01 00:38:01,416 - INFO - EXPIRED
永辉超市：网上流传有关董事长和胖东来调改事项不存在
https://new.qq.com/rain/a/20240929A07M0B00

2024-10-01 00:38:02,363 - INFO - INVALID
孟晚舟将接任华为轮值董事长
https://new.qq.com/rain/a/20241001A00DUL00

2024-10-01 00:38:02,369 - INFO - INVALID
上海松江警方：一男子超市内持刀伤人被当场抓获，3人抢救无效死亡
https://new.qq.com/rain/a/20241001A00DSZ00

2024-10-01 00:38:02,419 - INFO - INVALID
美公布美俄战机空中交锋画面：苏-35加速掠过正接近俄军的F-16机头
https://new.qq.com/rain/a/20241001A00VKT00

2024-10-01 00:38:02,423 - INFO - INVALID
美股收盘：道指标普收于新高 中概股金龙指数月涨近30%
https://new.qq.com/rain/a/20241001A00MXV00

2024-10-01 00:38:02,440 - INFO - INVALID
“00后”涌入国宾馆
https://new.qq.com/rain/a/20241001A012XP00

2024-10-01 00:38:02,648 - INFO - INVALID
朝鲜谴责美国向朝鲜半岛及其周边派遣核潜艇等核战略资产
https://new.qq.com/rain/a/20241001A00N2U00

2024-10-01 00:38:02,737 - INFO - INVALID
鲍威尔打压市场大幅降息的预期：会进一步降息，但无预设的利率路线
https://new.qq.com/rain/a/20241001A00MZ200

2024-10-01 02:19:02,886 - INFO - EXPIRED
25岁女孩环游世界42城路费仅2万，假期出去玩能怎么省钱？
https://view.inews.qq.com/a/20240927Q0655400

2024-10-01 02:19:02,886 - INFO - EXPIRED
飓风“海伦妮”已致美国超百人死亡！哈里斯暂停总统竞选活动
https://new.qq.com/rain/a/20240930A097QJ00

2024-10-01 02:19:02,886 - INFO - EXPIRED
贵阳一美容“医院”开业高喊先赚一个亿，美容机构可以自称“医院”吗？
https://view.inews.qq.com/a/20240930Q04DWZ00

2024-10-01 02:19:02,886 - INFO - EXPIRED
NBA名宿穆托姆博因脑癌去世，他当年的防守有多强？对姚明帮助有多大？
https://view.inews.qq.com/a/20240930Q0AAPU00

2024-10-01 02:19:02,886 - INFO - EXPIRED
中纪委再查副部级“内鬼”，连续两名落马中管干部都曾任职中组部
https://new.qq.com/rain/a/20240930A09M9Y00

2024-10-01 02:19:02,886 - INFO - EXPIRED
布云朝克特晋级中网四强创历史，他会成为中国男网一哥吗？未来天花板有多高？
https://view.inews.qq.com/a/20240930Q0AAXO00

2024-10-01 02:19:02,886 - INFO - EXPIRED
深交所出手 恒大地产和许家印等被纪律处分
https://new.qq.com/rain/a/20240930A0A0RS00

2024-10-01 02:19:02,886 - INFO - EXPIRED
香港终审法院英国非常任法官因个人原因不续任，系年内第五位
https://new.qq.com/rain/a/20240930A09A9T00

2024-10-01 02:19:02,886 - INFO - EXPIRED
余华英拐卖儿童案将于10月重审开庭，被拐儿童增至17人
https://new.qq.com/rain/a/20240930A068GI00

2024-10-01 02:19:02,886 - INFO - EXPIRED
17岁男孩突然“变”女孩：罕见的性发育异常和艰难的性别选择
https://new.qq.com/rain/a/20240930A073LU00

2024-10-01 02:19:02,886 - INFO - EXPIRED
特斯拉德国工厂病假率17%，马斯克：太疯狂了
https://new.qq.com/rain/a/20240930A08XPU00

2024-10-01 02:19:02,886 - INFO - EXPIRED
湖南一高三男生在教师办公室坠亡，当地：警方已排除刑事案件的可能
https://new.qq.com/rain/a/20240930A0ABWI00

2024-10-01 02:19:02,886 - INFO - EXPIRED
台湾校园“割颈案”行凶者分别获刑9年、8年，检方：量刑过轻将上诉
https://new.qq.com/rain/a/20240930A09M9H00

2024-10-01 02:19:02,886 - INFO - EXPIRED
首次披露！“失联”的新华保险原董事长李全，落马了
https://new.qq.com/rain/a/20240930A0694N00

2024-10-01 02:19:02,886 - INFO - EXPIRED
科学家找到宇宙中的“炼金炉”，合成黄金需要哪些条件？在实验室能合成吗？
https://view.inews.qq.com/a/20240930Q087JU00

2024-10-01 02:19:02,886 - INFO - EXPIRED
普京签署秋季征兵法令：在经认可的IT公司工作的公民可推迟服兵役
https://new.qq.com/rain/a/20240930A09BT400

2024-10-01 02:19:02,886 - INFO - EXPIRED
这些地方的农村，光棍一窝一窝
https://new.qq.com/rain/a/20240930A07SD900

2024-10-01 02:19:02,886 - INFO - EXPIRED
中介机构选定 国泰君安、海通吸收合并时间表临近
https://new.qq.com/rain/a/20240930A09BZL00

2024-10-01 02:19:02,886 - INFO - EXPIRED
“毒枸杞”事件调查一个月进展如何？甘肃和青海两地最新回应
https://new.qq.com/rain/a/20240930A05WSQ00

2024-10-01 02:19:02,886 - INFO - EXPIRED
西安“看桥爷爷”受邀抵达武汉：这次一定要看到“万里长江第一桥”
https://new.qq.com/rain/a/20240930A07ALB00

2024-10-01 02:19:02,886 - INFO - EXPIRED
俄媒：俄军拿下乌克兰东部关键村庄
https://new.qq.com/rain/a/20240930A04IXO00

2024-10-01 02:19:02,886 - INFO - EXPIRED
韩检方请求判处李在明3年有期徒刑 李在明：韩检方歪曲法律是犯罪行为
https://new.qq.com/rain/a/20240930V081Q200

2024-10-01 02:19:02,886 - INFO - EXPIRED
行李箱内塞满成捆现金，旅客携带180万美元入境被广州海关查获
https://new.qq.com/rain/a/20240930A06HT600

2024-10-01 02:19:02,886 - INFO - EXPIRED
伸缩机倒塌致1名员工死亡 申通快递被约谈
https://new.qq.com/rain/a/20240930A070MA00

2024-10-01 02:19:02,886 - INFO - EXPIRED
提前一天开车出发，结果十几个小时没出城，假期出行有哪些“大聪明”行为？
https://view.inews.qq.com/a/20240930Q03GPA00

2024-10-01 02:19:02,887 - INFO - EXPIRED
伍斌当选厦门市市长，曾获“全国优秀县委书记”称号
https://new.qq.com/rain/a/20240930A073P200

2024-10-01 02:19:02,887 - INFO - EXPIRED
男孩被困电梯徒手扒开门逃生，这样做安全吗？被困电梯该如何自救？
https://view.inews.qq.com/a/20240929Q09K5C00

2024-10-01 02:19:02,887 - INFO - EXPIRED
俄媒：俄总理米舒斯京抵达伊朗开始访问
https://new.qq.com/rain/a/20240930A07MRR00

2024-10-01 02:19:02,887 - INFO - EXPIRED
IPO前夕，荣耀副董事长万飚离职，否认将加入新凯来
https://new.qq.com/rain/a/20240930A06QHA00

2024-10-01 02:19:02,887 - INFO - EXPIRED
打虎！中央纪委国家监委驻中央组织部纪检监察组组长李刚被查
https://new.qq.com/rain/a/20240930A095Q600

2024-10-01 02:19:02,887 - INFO - EXPIRED
乘客高铁上演遮阳帘“拉扯战”：僵持了20分钟左右，全程没吵架
https://new.qq.com/rain/a/20240930V05X4900

2024-10-01 02:19:02,887 - INFO - EXPIRED
中信建投：后台审核140万人排队开户事实严重不符
https://new.qq.com/rain/a/20240930A066BO00

2024-10-01 02:19:02,887 - INFO - EXPIRED
李强签署国务院令 公布《网络数据安全管理条例》
https://new.qq.com/rain/a/20240930A06A9A00

2024-10-01 02:19:02,887 - INFO - EXPIRED
财政部副部长郭婷婷会见普华永道全球主席
https://new.qq.com/rain/a/20240930A05FGN00

2024-10-01 02:19:02,887 - INFO - EXPIRED
文旅部：希望大陆居民能够早日赴台湾本岛旅游
https://new.qq.com/rain/a/20240930A05YLM00

2024-10-01 02:19:02,887 - INFO - EXPIRED
国内航线燃油附加费10月5日起大幅下调
https://new.qq.com/rain/a/20240930A064LR00

2024-10-01 02:19:02,887 - INFO - EXPIRED
33岁格列兹曼自宣从法国国家队退役，结束10年国家队生涯
https://new.qq.com/rain/a/20240930A0681800

2024-10-01 02:19:02,887 - INFO - EXPIRED
“整个山东威海都是臭的” 多人称闻到异味 环保局：查了一宿原因不明
https://new.qq.com/rain/a/20240930A03PC300

2024-10-01 02:19:02,887 - INFO - EXPIRED
成都发生一起多车连环追尾事故，警方：致8人受伤，司机排除酒驾嫌疑
https://new.qq.com/rain/a/20240930A05JOV00

2024-10-01 02:19:02,887 - INFO - EXPIRED
上海、广州、深圳连夜发楼市新政，专家说房地产牛市启动，我该信吗？现在是买房好时机吗？
https://view.inews.qq.com/a/20240930Q01AL600

2024-10-01 02:19:02,887 - INFO - EXPIRED
外交部：中方决定将对葡萄牙、希腊、塞浦路斯、斯洛文尼亚持普通护照人员试行免签政策
https://new.qq.com/rain/a/20240930A05EMR00

2024-10-01 02:19:02,887 - INFO - EXPIRED
以媒：以国防军发布照片显示，哈马斯领导人辛瓦尔图像被打上“问号”
https://new.qq.com/rain/a/20240930A04P4B00

2024-10-01 02:19:02,887 - INFO - EXPIRED
美向台湾地区提供5.67亿美元军援，外交部：以武助“独”必将引火烧身
https://new.qq.com/rain/a/20240930A05E7E00

2024-10-01 02:19:02,887 - INFO - EXPIRED
穿越时空的对话：75年科技变迁之旅
https://new.qq.com/rain/a/20240930V05DHE00

2024-10-01 02:19:02,887 - INFO - EXPIRED
河北省纪委原副书记陈玉祥被公诉，热衷吃喝玩乐被“围猎”
https://new.qq.com/rain/a/20240930A04OGC00

2024-10-01 02:19:02,887 - INFO - EXPIRED
行拘！女子散播“西安下雪”虚假视频博取流量，扰乱公众视听
https://new.qq.com/rain/a/20240930A04EHN00

2024-10-01 02:19:02,887 - INFO - EXPIRED
女子称13岁儿子在夏令营说话遭体罚，做200个深蹲后横纹肌溶解
https://new.qq.com/rain/a/20240929A080FC00

2024-10-01 02:19:02,887 - INFO - EXPIRED
“黑燕窝”调查：有账号“换马甲”躲避索赔，淘宝客服称只补偿200元
https://new.qq.com/rain/a/20240929A09VN100

2024-10-01 02:19:02,887 - INFO - EXPIRED
外媒：拜登称将很快与内塔尼亚胡交谈，并表示“真的必须避免”中东地区爆发全面战争
https://new.qq.com/rain/a/20240930A01EQ000

2024-10-01 02:19:02,887 - INFO - EXPIRED
7岁儿童在景区水域警戒线内戏水溺亡，官方回应
https://new.qq.com/rain/a/20240930A04SF200

2024-10-01 02:19:02,887 - INFO - EXPIRED
青海格尔木6死1伤中毒事件，一死者是中医师，事发前已有征兆
https://new.qq.com/rain/a/20240930A02XQY00

2024-10-01 02:19:02,887 - INFO - EXPIRED
女子遭遇“话梅刺客”，一斤话梅3580元? 南京市监部门回应
https://new.qq.com/rain/a/20240929A09NWD00

2024-10-01 02:19:02,887 - INFO - EXPIRED
内蒙古一小学老师将作业扔学生脸上、扇学生耳光，当地教育局回应
https://new.qq.com/rain/a/20240929A093VF00

2024-10-01 02:19:02,887 - INFO - EXPIRED
中巴发起乌克兰危机“和平之友”行动，瑞士积极响应
https://new.qq.com/rain/a/20240930A0183C00

2024-10-01 02:19:02,887 - INFO - EXPIRED
内蒙古呼伦贝尔大雪致多车被困，一载有30余人的旅游大巴被困一天一夜
https://new.qq.com/rain/a/20240930A02PFT00

2024-10-01 02:19:02,887 - INFO - EXPIRED
少将朱军，任直辖市常委
https://new.qq.com/rain/a/20240930A036SI00

2024-10-01 02:19:02,887 - INFO - EXPIRED
高度敏感时刻，俄总理将访伊朗
https://new.qq.com/rain/a/20240930A03PC800

2024-10-01 02:19:02,887 - INFO - EXPIRED
印度“果链”工厂再燃大火生产中断，原计划在未来几个月内生产iPhone
https://new.qq.com/rain/a/20240929A08V8000

2024-10-01 02:19:02,887 - INFO - EXPIRED
省委巡视后，贵州省厅“一把手”主动投案
https://new.qq.com/rain/a/20240929A09DDT00

2024-10-01 02:19:02,887 - INFO - EXPIRED
男子按喇叭提醒挡道者遭围殴，3名打人者以寻衅滋事立案后罪名又变更
https://new.qq.com/rain/a/20240929A0765H00

2024-10-01 02:19:02,887 - INFO - EXPIRED
亲历者讲述在内蒙古遇暴风雪被困：积雪数十厘米深，有人在车里住一夜
https://new.qq.com/rain/a/20240930V04G8700

2024-10-01 02:19:02,887 - INFO - EXPIRED
斯坦福大学博士已入职安徽乡镇公务员岗 本人不愿再被外界关注
https://new.qq.com/rain/a/20240930A01DE200

2024-10-01 02:19:02,887 - INFO - EXPIRED
313名在缅北实施跨境电诈的中国籍犯罪嫌疑人被移交我方
https://new.qq.com/rain/a/20240930A02Z7K00

2024-10-01 02:19:02,887 - INFO - EXPIRED
SpaceX“龙”飞船成功对接国际空间站，将于明年2月带回滞留宇航员
https://new.qq.com/rain/a/20240930A01IIB00

2024-10-01 02:19:02,887 - INFO - EXPIRED
女子报案时警方人员口头答复称“受理不了”，西安警方回应
https://new.qq.com/rain/a/20240929A08S9M00

2024-10-01 02:19:02,887 - INFO - EXPIRED
国家统计局：9月份PMI为49.8%，比上月上升0.7个百分点
https://new.qq.com/rain/a/20240930A01XO700

2024-10-01 02:19:02,887 - INFO - EXPIRED
广州、深圳、上海楼市连夜出王炸，但内容细则为何各不相同？分别影响多大？
https://view.inews.qq.com/a/20240930Q01D4G00

2024-10-01 02:19:02,887 - INFO - EXPIRED
俄乌官方均未回应！“俄军摧毁乌军F-16战斗机”疑云重重
https://new.qq.com/rain/a/20240930A00SUB00

2024-10-01 02:19:02,887 - INFO - EXPIRED
欧盟即将表决对华电动汽车加征关税案，中欧代表紧密磋商寻求替代方案
https://new.qq.com/rain/a/20240930A00W6100

2024-10-01 02:19:02,887 - INFO - EXPIRED
中国登月服外观首次公开，有哪些特殊设计？后面背的大包是什么？
https://view.inews.qq.com/a/20240929Q08V0300

2024-10-01 02:19:02,887 - INFO - EXPIRED
事关证券交易、养老、住房，10月一批新规将实施
https://new.qq.com/rain/a/20240930A004NE00

2024-10-01 02:19:02,887 - INFO - EXPIRED
9月财新中国制造业PMI降至49.3，创2023年8月以来最低值
https://new.qq.com/rain/a/20240930A022ZM00

2024-10-01 02:19:02,887 - INFO - EXPIRED
日本候任首相石破茂计划于10月27日举行大选
https://new.qq.com/rain/a/20240930A00Q8J00

2024-10-01 02:19:02,887 - INFO - EXPIRED
中俄海警北太平洋联合执法巡航，美媒渲染“中国在北太平洋增加存在”
https://new.qq.com/rain/a/20240930A00QB200

2024-10-01 02:19:02,887 - INFO - EXPIRED
黑龙江一监狱内犯人被指违规赌博用手机，官方回应：已成立调查组
https://new.qq.com/rain/a/20240929A09RRV00

2024-10-01 02:19:02,887 - INFO - EXPIRED
广州官宣：取消居民家庭购买住房各项限购政策
https://new.qq.com/rain/a/20240929A09NXO00

2024-10-01 02:19:02,887 - INFO - EXPIRED
深圳：个人首套房贷最低首付款比例调整为15%，优化分区住房限购政策
https://new.qq.com/rain/a/20240929A09PU100

2024-10-01 02:19:02,887 - INFO - EXPIRED
私募大佬林园：虽然上证指数站上3000点，但是今年赚钱的人不多
https://new.qq.com/rain/a/20240930A00SZC00

2024-10-01 02:19:02,887 - INFO - EXPIRED
湖南湘潭大学禁止出租车入校拉客，司机与学校保安发生冲突？校方回应
https://new.qq.com/rain/a/20240929A08F0E00

2024-10-01 02:19:02,887 - INFO - EXPIRED
云南保山技师学院内有学生被教职工开车撞倒？校方：纪检部门已介入
https://new.qq.com/rain/a/20240929A04L9N00

2024-10-01 02:19:02,887 - INFO - EXPIRED
一财社论：国企普遍推行末等调整和不胜任退出制度时不我待
https://new.qq.com/rain/a/20240929A09NY700

2024-10-01 02:19:02,887 - INFO - EXPIRED
合资汽车，怎么了
https://new.qq.com/rain/a/20240929A07EHU00

2024-10-01 02:19:02,887 - INFO - EXPIRED
天津一副食店老板在食品中注射鼠药，警方：因大龄单身被嘲讽所以下药
https://new.qq.com/rain/a/20240929A094HL00

2024-10-01 02:19:02,887 - INFO - EXPIRED
“高原小故宫”被吐槽修毁了 官方：依据法规和技术参考 不是异想天开
https://new.qq.com/rain/a/20240929A08IVS00

2024-10-01 02:19:02,887 - INFO - EXPIRED
央行：取消房贷利率重定价周期最短为一年的限制
https://new.qq.com/rain/a/20240929A08ZJU00

2024-10-01 02:19:02,887 - INFO - EXPIRED
国有四大行宣布将调整存量个人住房贷款利率 10月12日发布具体操作细则
https://new.qq.com/rain/a/20240929A096UE00

2024-10-01 02:19:02,887 - INFO - EXPIRED
中央政治局部署后，住建部大抓落实！支持一线城市调控自主权到位
https://new.qq.com/rain/a/20240929A095AQ00

2024-10-01 02:19:03,676 - INFO - INVALID
中国载人航天工程办公室：10月下旬将发射神舟十九号载人飞船
https://new.qq.com/rain/a/20241001A02C6G00

2024-10-01 02:19:03,685 - INFO - INVALID
美公布美俄战机空中交锋画面：苏-35加速掠过正接近俄军的F-16机头
https://new.qq.com/rain/a/20241001A00VKT00

2024-10-01 02:19:03,752 - INFO - INVALID
全球包邮，电商平台赢得海外消费者的“杀手锏”？
https://new.qq.com/rain/a/20241001A0039300

2024-10-01 02:19:03,912 - INFO - INVALID
日本岸田内阁宣布集体辞职
https://new.qq.com/rain/a/20241001A01QMG00

2024-10-01 02:19:03,931 - INFO - INVALID
上海松江警方：一男子超市内持刀伤人被当场抓获，3人抢救无效死亡
https://new.qq.com/rain/a/20241001A00DSZ00

2024-10-01 02:19:04,219 - INFO - INVALID
孟晚舟将接任华为轮值董事长
https://new.qq.com/rain/a/20241001A00DUL00

2024-10-01 02:19:04,227 - INFO - INVALID
美股收盘：道指标普收于新高 中概股金龙指数月涨近30%
https://new.qq.com/rain/a/20241001A00MXV00

2024-10-01 02:19:04,263 - ERROR - ERROR
女子拔插头被电伤截肢，当事人：大拇指现在都没知觉，要5年才能恢复
https://new.qq.com/rain/a/20241001V01TM000
('list index out of range',)
======
Traceback (most recent call last):
  File "/home/runner/work/qqnews/qqnews/qq.py", line 81, in process_article
    ss = str(tmpbs.select("div.LEFT div.content.clearfix")[0])
             ~~~~~~~~~~~~~~~~~~~~~~~~~~~~~~~~~~~~~~~~~~~~~^^^
IndexError: list index out of range


2024-10-01 02:19:04,294 - INFO - INVALID
东北雨姐回应“红薯粉条事件”：产品检测报告暂未出，可先行全额退款
https://new.qq.com/rain/a/20241001A01KCB00

2024-10-01 02:19:04,305 - INFO - INVALID
岸田文雄三年执政落幕：妥协政治和“新时代现实主义外交”
https://new.qq.com/rain/a/20241001A017I100

2024-10-01 02:19:04,526 - INFO - INVALID
朝鲜谴责美国向朝鲜半岛及其周边派遣核潜艇等核战略资产
https://new.qq.com/rain/a/20241001A00N2U00

2024-10-01 02:19:04,620 - INFO - INVALID
鲍威尔打压市场大幅降息的预期：会进一步降息，但无预设的利率路线
https://new.qq.com/rain/a/20241001A00MZ200

2024-10-01 02:19:04,765 - INFO - INVALID
“00后”涌入国宾馆
https://new.qq.com/rain/a/20241001A012XP00

2024-10-01 03:22:12,202 - INFO - EXPIRED
网红女骑士“石膏”发生车祸身亡：四年前就骑摩托摔断过腿
https://new.qq.com/rain/a/20240930A0A7FK00

2024-10-01 03:22:12,202 - INFO - EXPIRED
湖南一中学家委会要求家长筹资金补贴英语代课老师，学校：费用已退还
https://new.qq.com/rain/a/20240930A07BYE00

2024-10-01 03:22:12,202 - INFO - EXPIRED
广东小伙连吃七只螃蟹把自己“炫”进ICU，专业人士提醒
https://new.qq.com/rain/a/20240930A019YZ00

2024-10-01 03:22:12,202 - INFO - EXPIRED
25岁女孩环游世界42城路费仅2万，假期出去玩能怎么省钱？
https://view.inews.qq.com/a/20240927Q0655400

2024-10-01 03:22:12,202 - INFO - EXPIRED
飓风“海伦妮”已致美国超百人死亡，哈里斯暂停总统竞选活动
https://new.qq.com/rain/a/20240930A097QJ00

2024-10-01 03:22:12,202 - INFO - EXPIRED
贵阳一美容“医院”开业高喊先赚一个亿，美容机构可以自称“医院”吗？
https://view.inews.qq.com/a/20240930Q04DWZ00

2024-10-01 03:22:12,202 - INFO - EXPIRED
NBA名宿穆托姆博因脑癌去世，他当年的防守有多强？对姚明帮助有多大？
https://view.inews.qq.com/a/20240930Q0AAPU00

2024-10-01 03:22:12,202 - INFO - EXPIRED
中纪委再查副部级“内鬼”，连续两名落马中管干部都曾任职中组部
https://new.qq.com/rain/a/20240930A09M9Y00

2024-10-01 03:22:12,202 - INFO - EXPIRED
布云朝克特晋级中网四强创历史，他会成为中国男网一哥吗？未来天花板有多高？
https://view.inews.qq.com/a/20240930Q0AAXO00

2024-10-01 03:22:12,202 - INFO - EXPIRED
深交所出手 恒大地产和许家印等被纪律处分
https://new.qq.com/rain/a/20240930A0A0RS00

2024-10-01 03:22:12,202 - INFO - EXPIRED
香港终审法院英国非常任法官因个人原因不续任，系年内第五位
https://new.qq.com/rain/a/20240930A09A9T00

2024-10-01 03:22:12,202 - INFO - EXPIRED
余华英拐卖儿童案将于10月重审开庭，被拐儿童增至17人
https://new.qq.com/rain/a/20240930A068GI00

2024-10-01 03:22:12,202 - INFO - EXPIRED
17岁男孩突然“变”女孩：罕见的性发育异常和艰难的性别选择
https://new.qq.com/rain/a/20240930A073LU00

2024-10-01 03:22:12,202 - INFO - EXPIRED
特斯拉德国工厂病假率17%，马斯克：太疯狂了
https://new.qq.com/rain/a/20240930A08XPU00

2024-10-01 03:22:12,202 - INFO - EXPIRED
湖南一高三男生在教师办公室坠亡，当地：警方已排除刑事案件的可能
https://new.qq.com/rain/a/20240930A0ABWI00

2024-10-01 03:22:12,202 - INFO - EXPIRED
台湾校园“割颈案”行凶者分别获刑9年、8年，检方：量刑过轻将上诉
https://new.qq.com/rain/a/20240930A09M9H00

2024-10-01 03:22:12,202 - INFO - EXPIRED
首次披露！“失联”的新华保险原董事长李全，落马了
https://new.qq.com/rain/a/20240930A0694N00

2024-10-01 03:22:12,202 - INFO - EXPIRED
科学家找到宇宙中的“炼金炉”，合成黄金需要哪些条件？在实验室能合成吗？
https://view.inews.qq.com/a/20240930Q087JU00

2024-10-01 03:22:12,203 - INFO - EXPIRED
普京签署秋季征兵法令：在经认可的IT公司工作的公民可推迟服兵役
https://new.qq.com/rain/a/20240930A09BT400

2024-10-01 03:22:12,203 - INFO - EXPIRED
这些地方的农村，光棍一窝一窝
https://new.qq.com/rain/a/20240930A07SD900

2024-10-01 03:22:12,203 - INFO - EXPIRED
中介机构选定 国泰君安、海通吸收合并时间表临近
https://new.qq.com/rain/a/20240930A09BZL00

2024-10-01 03:22:12,203 - INFO - EXPIRED
“毒枸杞”事件调查一个月进展如何？甘肃和青海两地最新回应
https://new.qq.com/rain/a/20240930A05WSQ00

2024-10-01 03:22:12,203 - INFO - EXPIRED
西安“看桥爷爷”受邀抵达武汉：这次一定要看到“万里长江第一桥”
https://new.qq.com/rain/a/20240930A07ALB00

2024-10-01 03:22:12,203 - INFO - EXPIRED
俄媒：俄军拿下乌克兰东部关键村庄
https://new.qq.com/rain/a/20240930A04IXO00

2024-10-01 03:22:12,203 - INFO - EXPIRED
韩检方请求判处李在明3年有期徒刑 李在明：韩检方歪曲法律是犯罪行为
https://new.qq.com/rain/a/20240930V081Q200

2024-10-01 03:22:12,203 - INFO - EXPIRED
行李箱内塞满成捆现金，旅客携带180万美元入境被广州海关查获
https://new.qq.com/rain/a/20240930A06HT600

2024-10-01 03:22:12,203 - INFO - EXPIRED
伸缩机倒塌致1名员工死亡 申通快递被约谈
https://new.qq.com/rain/a/20240930A070MA00

2024-10-01 03:22:12,203 - INFO - EXPIRED
提前一天开车出发，结果十几个小时没出城，假期出行有哪些“大聪明”行为？
https://view.inews.qq.com/a/20240930Q03GPA00

2024-10-01 03:22:12,203 - INFO - EXPIRED
伍斌当选厦门市市长，曾获“全国优秀县委书记”称号
https://new.qq.com/rain/a/20240930A073P200

2024-10-01 03:22:12,203 - INFO - EXPIRED
男孩被困电梯徒手扒开门逃生，这样做安全吗？被困电梯该如何自救？
https://view.inews.qq.com/a/20240929Q09K5C00

2024-10-01 03:22:12,203 - INFO - EXPIRED
俄媒：俄总理米舒斯京抵达伊朗开始访问
https://new.qq.com/rain/a/20240930A07MRR00

2024-10-01 03:22:12,203 - INFO - EXPIRED
IPO前夕，荣耀副董事长万飚离职，否认将加入新凯来
https://new.qq.com/rain/a/20240930A06QHA00

2024-10-01 03:22:12,203 - INFO - EXPIRED
打虎！中央纪委国家监委驻中央组织部纪检监察组组长李刚被查
https://new.qq.com/rain/a/20240930A095Q600

2024-10-01 03:22:12,203 - INFO - EXPIRED
乘客高铁上演遮阳帘“拉扯战”：僵持了20分钟左右，全程没吵架
https://new.qq.com/rain/a/20240930V05X4900

2024-10-01 03:22:12,203 - INFO - EXPIRED
中信建投：后台审核140万人排队开户事实严重不符
https://new.qq.com/rain/a/20240930A066BO00

2024-10-01 03:22:12,203 - INFO - EXPIRED
李强签署国务院令 公布《网络数据安全管理条例》
https://new.qq.com/rain/a/20240930A06A9A00

2024-10-01 03:22:12,203 - INFO - EXPIRED
财政部副部长郭婷婷会见普华永道全球主席
https://new.qq.com/rain/a/20240930A05FGN00

2024-10-01 03:22:12,203 - INFO - EXPIRED
文旅部：希望大陆居民能够早日赴台湾本岛旅游
https://new.qq.com/rain/a/20240930A05YLM00

2024-10-01 03:22:12,203 - INFO - EXPIRED
国内航线燃油附加费10月5日起大幅下调
https://new.qq.com/rain/a/20240930A064LR00

2024-10-01 03:22:12,203 - INFO - EXPIRED
33岁格列兹曼自宣从法国国家队退役，结束10年国家队生涯
https://new.qq.com/rain/a/20240930A0681800

2024-10-01 03:22:12,203 - INFO - EXPIRED
“整个山东威海都是臭的” 多人称闻到异味 环保局：查了一宿原因不明
https://new.qq.com/rain/a/20240930A03PC300

2024-10-01 03:22:12,203 - INFO - EXPIRED
成都发生一起多车连环追尾事故，警方：致8人受伤，司机排除酒驾嫌疑
https://new.qq.com/rain/a/20240930A05JOV00

2024-10-01 03:22:12,203 - INFO - EXPIRED
上海、广州、深圳连夜发楼市新政，专家说房地产牛市启动，我该信吗？现在是买房好时机吗？
https://view.inews.qq.com/a/20240930Q01AL600

2024-10-01 03:22:12,203 - INFO - EXPIRED
外交部：中方决定将对葡萄牙、希腊、塞浦路斯、斯洛文尼亚持普通护照人员试行免签政策
https://new.qq.com/rain/a/20240930A05EMR00

2024-10-01 03:22:12,203 - INFO - EXPIRED
以媒：以国防军发布照片显示，哈马斯领导人辛瓦尔图像被打上“问号”
https://new.qq.com/rain/a/20240930A04P4B00

2024-10-01 03:22:12,203 - INFO - EXPIRED
美向台湾地区提供5.67亿美元军援，外交部：以武助“独”必将引火烧身
https://new.qq.com/rain/a/20240930A05E7E00

2024-10-01 03:22:12,203 - INFO - EXPIRED
穿越时空的对话：75年科技变迁之旅
https://new.qq.com/rain/a/20240930V05DHE00

2024-10-01 03:22:12,203 - INFO - EXPIRED
河北省纪委原副书记陈玉祥被公诉，热衷吃喝玩乐被“围猎”
https://new.qq.com/rain/a/20240930A04OGC00

2024-10-01 03:22:12,203 - INFO - EXPIRED
行拘！女子散播“西安下雪”虚假视频博取流量，扰乱公众视听
https://new.qq.com/rain/a/20240930A04EHN00

2024-10-01 03:22:12,203 - INFO - EXPIRED
女子称13岁儿子在夏令营说话遭体罚，做200个深蹲后横纹肌溶解
https://new.qq.com/rain/a/20240929A080FC00

2024-10-01 03:22:12,203 - INFO - EXPIRED
“黑燕窝”调查：有账号“换马甲”躲避索赔，淘宝客服称只补偿200元
https://new.qq.com/rain/a/20240929A09VN100

2024-10-01 03:22:12,203 - INFO - EXPIRED
外媒：拜登称将很快与内塔尼亚胡交谈，并表示“真的必须避免”中东地区爆发全面战争
https://new.qq.com/rain/a/20240930A01EQ000

2024-10-01 03:22:12,203 - INFO - EXPIRED
7岁儿童在景区水域警戒线内戏水溺亡，官方回应
https://new.qq.com/rain/a/20240930A04SF200

2024-10-01 03:22:12,203 - INFO - EXPIRED
青海格尔木6死1伤中毒事件，一死者是中医师，事发前已有征兆
https://new.qq.com/rain/a/20240930A02XQY00

2024-10-01 03:22:12,203 - INFO - EXPIRED
女子遭遇“话梅刺客”，一斤话梅3580元? 南京市监部门回应
https://new.qq.com/rain/a/20240929A09NWD00

2024-10-01 03:22:12,203 - INFO - EXPIRED
内蒙古一小学老师将作业扔学生脸上、扇学生耳光，当地教育局回应
https://new.qq.com/rain/a/20240929A093VF00

2024-10-01 03:22:12,203 - INFO - EXPIRED
中巴发起乌克兰危机“和平之友”行动，瑞士积极响应
https://new.qq.com/rain/a/20240930A0183C00

2024-10-01 03:22:12,203 - INFO - EXPIRED
内蒙古呼伦贝尔大雪致多车被困，一载有30余人的旅游大巴被困一天一夜
https://new.qq.com/rain/a/20240930A02PFT00

2024-10-01 03:22:12,203 - INFO - EXPIRED
少将朱军，任直辖市常委
https://new.qq.com/rain/a/20240930A036SI00

2024-10-01 03:22:12,203 - INFO - EXPIRED
高度敏感时刻，俄总理将访伊朗
https://new.qq.com/rain/a/20240930A03PC800

2024-10-01 03:22:12,203 - INFO - EXPIRED
印度“果链”工厂再燃大火生产中断，原计划在未来几个月内生产iPhone
https://new.qq.com/rain/a/20240929A08V8000

2024-10-01 03:22:12,203 - INFO - EXPIRED
省委巡视后，贵州省厅“一把手”主动投案
https://new.qq.com/rain/a/20240929A09DDT00

2024-10-01 03:22:12,203 - INFO - EXPIRED
男子按喇叭提醒挡道者遭围殴，3名打人者以寻衅滋事立案后罪名又变更
https://new.qq.com/rain/a/20240929A0765H00

2024-10-01 03:22:12,203 - INFO - EXPIRED
亲历者讲述在内蒙古遇暴风雪被困：积雪数十厘米深，有人在车里住一夜
https://new.qq.com/rain/a/20240930V04G8700

2024-10-01 03:22:12,203 - INFO - EXPIRED
斯坦福大学博士已入职安徽乡镇公务员岗 本人不愿再被外界关注
https://new.qq.com/rain/a/20240930A01DE200

2024-10-01 03:22:12,203 - INFO - EXPIRED
313名在缅北实施跨境电诈的中国籍犯罪嫌疑人被移交我方
https://new.qq.com/rain/a/20240930A02Z7K00

2024-10-01 03:22:12,203 - INFO - EXPIRED
SpaceX“龙”飞船成功对接国际空间站，将于明年2月带回滞留宇航员
https://new.qq.com/rain/a/20240930A01IIB00

2024-10-01 03:22:12,203 - INFO - EXPIRED
女子报案时警方人员口头答复称“受理不了”，西安警方回应
https://new.qq.com/rain/a/20240929A08S9M00

2024-10-01 03:22:12,203 - INFO - EXPIRED
国家统计局：9月份PMI为49.8%，比上月上升0.7个百分点
https://new.qq.com/rain/a/20240930A01XO700

2024-10-01 03:22:12,203 - INFO - EXPIRED
广州、深圳、上海楼市连夜出王炸，但内容细则为何各不相同？分别影响多大？
https://view.inews.qq.com/a/20240930Q01D4G00

2024-10-01 03:22:12,203 - INFO - EXPIRED
俄乌官方均未回应！“俄军摧毁乌军F-16战斗机”疑云重重
https://new.qq.com/rain/a/20240930A00SUB00

2024-10-01 03:22:12,203 - INFO - EXPIRED
欧盟即将表决对华电动汽车加征关税案，中欧代表紧密磋商寻求替代方案
https://new.qq.com/rain/a/20240930A00W6100

2024-10-01 03:22:12,203 - INFO - EXPIRED
中国登月服外观首次公开，有哪些特殊设计？后面背的大包是什么？
https://view.inews.qq.com/a/20240929Q08V0300

2024-10-01 03:22:12,203 - INFO - EXPIRED
事关证券交易、养老、住房，10月一批新规将实施
https://new.qq.com/rain/a/20240930A004NE00

2024-10-01 03:22:12,203 - INFO - EXPIRED
9月财新中国制造业PMI降至49.3，创2023年8月以来最低值
https://new.qq.com/rain/a/20240930A022ZM00

2024-10-01 03:22:12,203 - INFO - EXPIRED
日本候任首相石破茂计划于10月27日举行大选
https://new.qq.com/rain/a/20240930A00Q8J00

2024-10-01 03:22:12,203 - INFO - EXPIRED
中俄海警北太平洋联合执法巡航，美媒渲染“中国在北太平洋增加存在”
https://new.qq.com/rain/a/20240930A00QB200

2024-10-01 03:22:12,203 - INFO - EXPIRED
黑龙江一监狱内犯人被指违规赌博用手机，官方回应：已成立调查组
https://new.qq.com/rain/a/20240929A09RRV00

2024-10-01 03:22:12,203 - INFO - EXPIRED
广州官宣：取消居民家庭购买住房各项限购政策
https://new.qq.com/rain/a/20240929A09NXO00

2024-10-01 03:22:12,204 - INFO - EXPIRED
深圳：个人首套房贷最低首付款比例调整为15%，优化分区住房限购政策
https://new.qq.com/rain/a/20240929A09PU100

2024-10-01 03:22:12,204 - INFO - EXPIRED
私募大佬林园：虽然上证指数站上3000点，但是今年赚钱的人不多
https://new.qq.com/rain/a/20240930A00SZC00

2024-10-01 03:22:12,204 - INFO - EXPIRED
湖南湘潭大学禁止出租车入校拉客，司机与学校保安发生冲突？校方回应
https://new.qq.com/rain/a/20240929A08F0E00

2024-10-01 03:22:12,204 - INFO - EXPIRED
云南保山技师学院内有学生被教职工开车撞倒？校方：纪检部门已介入
https://new.qq.com/rain/a/20240929A04L9N00

2024-10-01 03:22:12,204 - INFO - EXPIRED
一财社论：国企普遍推行末等调整和不胜任退出制度时不我待
https://new.qq.com/rain/a/20240929A09NY700

2024-10-01 03:22:12,805 - INFO - INVALID
日本岸田内阁宣布集体辞职
https://new.qq.com/rain/a/20241001A01QMG00

2024-10-01 03:22:12,810 - INFO - INVALID
新能源车企公布9月销量：理想53709辆创新高，零跑交付33767台
https://new.qq.com/rain/a/20241001A02LLI00

2024-10-01 03:22:12,852 - INFO - INVALID
上海松江警方：一男子超市内持刀伤人被当场抓获，3人抢救无效死亡
https://new.qq.com/rain/a/20241001A00DSZ00

2024-10-01 03:22:12,857 - INFO - INVALID
美公布美俄战机空中交锋画面：苏-35加速掠过正接近俄军的F-16机头
https://new.qq.com/rain/a/20241001A00VKT00

2024-10-01 03:22:13,063 - ERROR - ERROR
长假刚出门就被人追尾，司机最讨厌的驾驶行为是什么？你见过最奇葩的司机是怎样的？
https://view.inews.qq.com/a/20241001Q022Z800
('list index out of range',)
======
Traceback (most recent call last):
  File "/home/runner/work/qqnews/qqnews/qq.py", line 81, in process_article
    ss = str(tmpbs.select("div.LEFT div.content.clearfix")[0])
             ~~~~~~~~~~~~~~~~~~~~~~~~~~~~~~~~~~~~~~~~~~~~~^^^
IndexError: list index out of range


2024-10-01 03:22:13,105 - INFO - INVALID
券商开户需核查投资者诚信档案 监管强化行业失信约束机制
https://new.qq.com/rain/a/20241001A026KQ00

2024-10-01 03:22:13,110 - INFO - INVALID
中国载人航天工程办公室：10月下旬将发射神舟十九号载人飞船
https://new.qq.com/rain/a/20241001A02C6G00

2024-10-01 03:22:13,202 - ERROR - ERROR
女子拔插头被电伤截肢，当事人：大拇指现在都没知觉，要5年才能恢复
https://new.qq.com/rain/a/20241001V01TM000
('list index out of range',)
======
Traceback (most recent call last):
  File "/home/runner/work/qqnews/qqnews/qq.py", line 81, in process_article
    ss = str(tmpbs.select("div.LEFT div.content.clearfix")[0])
             ~~~~~~~~~~~~~~~~~~~~~~~~~~~~~~~~~~~~~~~~~~~~~^^^
IndexError: list index out of range


2024-10-01 03:22:13,307 - INFO - INVALID
全球包邮，电商平台赢得海外消费者的“杀手锏”？
https://new.qq.com/rain/a/20241001A0039300

2024-10-01 03:22:13,378 - INFO - INVALID
东北雨姐回应“红薯粉条事件”：产品检测报告暂未出，可先行全额退款
https://new.qq.com/rain/a/20241001A01KCB00

2024-10-01 03:22:13,383 - INFO - INVALID
孟晚舟将接任华为轮值董事长
https://new.qq.com/rain/a/20241001A00DUL00

2024-10-01 03:22:13,388 - INFO - INVALID
岸田文雄三年执政落幕：妥协政治和“新时代现实主义外交”
https://new.qq.com/rain/a/20241001A017I100

2024-10-01 03:22:13,555 - INFO - INVALID
“00后”涌入国宾馆
https://new.qq.com/rain/a/20241001A012XP00

2024-10-01 03:22:13,685 - INFO - INVALID
朝鲜谴责美国向朝鲜半岛及其周边派遣核潜艇等核战略资产
https://new.qq.com/rain/a/20241001A00N2U00

2024-10-01 03:22:13,735 - INFO - INVALID
鲍威尔打压市场大幅降息的预期：会进一步降息，但无预设的利率路线
https://new.qq.com/rain/a/20241001A00MZ200

2024-10-01 03:22:13,761 - INFO - INVALID
美股收盘：道指标普收于新高 中概股金龙指数月涨近30%
https://new.qq.com/rain/a/20241001A00MXV00

2024-10-01 04:00:54,228 - INFO - EXPIRED
网红女骑士“石膏”发生车祸身亡：四年前就骑摩托摔断过腿
https://new.qq.com/rain/a/20240930A0A7FK00

2024-10-01 04:00:54,228 - INFO - EXPIRED
河南一女子称一丝不挂被维修工人2次刷开酒店房门：做不到息事宁人
https://new.qq.com/rain/a/20240930A0858C00

2024-10-01 04:00:54,228 - INFO - EXPIRED
湖南一中学家委会要求家长筹资金补贴英语代课老师，学校：费用已退还
https://new.qq.com/rain/a/20240930A07BYE00

2024-10-01 04:00:54,228 - INFO - EXPIRED
广东小伙连吃七只螃蟹把自己“炫”进ICU，专业人士提醒
https://new.qq.com/rain/a/20240930A019YZ00

2024-10-01 04:00:54,228 - INFO - EXPIRED
25岁女孩环游世界42城路费仅2万，假期出去玩能怎么省钱？
https://view.inews.qq.com/a/20240927Q0655400

2024-10-01 04:00:54,228 - INFO - EXPIRED
飓风“海伦妮”已致美国超百人死亡，哈里斯暂停总统竞选活动
https://new.qq.com/rain/a/20240930A097QJ00

2024-10-01 04:00:54,228 - INFO - EXPIRED
贵阳一美容“医院”开业高喊先赚一个亿，美容机构可以自称“医院”吗？
https://view.inews.qq.com/a/20240930Q04DWZ00

2024-10-01 04:00:54,228 - INFO - EXPIRED
NBA名宿穆托姆博因脑癌去世，他当年的防守有多强？对姚明帮助有多大？
https://view.inews.qq.com/a/20240930Q0AAPU00

2024-10-01 04:00:54,228 - INFO - EXPIRED
中纪委再查副部级“内鬼”，连续两名落马中管干部都曾任职中组部
https://new.qq.com/rain/a/20240930A09M9Y00

2024-10-01 04:00:54,228 - INFO - EXPIRED
布云朝克特晋级中网四强创历史，他会成为中国男网一哥吗？未来天花板有多高？
https://view.inews.qq.com/a/20240930Q0AAXO00

2024-10-01 04:00:54,228 - INFO - EXPIRED
深交所出手 恒大地产和许家印等被纪律处分
https://new.qq.com/rain/a/20240930A0A0RS00

2024-10-01 04:00:54,228 - INFO - EXPIRED
香港终审法院英国非常任法官因个人原因不续任，系年内第五位
https://new.qq.com/rain/a/20240930A09A9T00

2024-10-01 04:00:54,228 - INFO - EXPIRED
余华英拐卖儿童案将于10月重审开庭，被拐儿童增至17人
https://new.qq.com/rain/a/20240930A068GI00

2024-10-01 04:00:54,228 - INFO - EXPIRED
17岁男孩突然“变”女孩：罕见的性发育异常和艰难的性别选择
https://new.qq.com/rain/a/20240930A073LU00

2024-10-01 04:00:54,228 - INFO - EXPIRED
特斯拉德国工厂病假率17%，马斯克：太疯狂了
https://new.qq.com/rain/a/20240930A08XPU00

2024-10-01 04:00:54,228 - INFO - EXPIRED
湖南一高三男生在教师办公室坠亡，当地：警方已排除刑事案件的可能
https://new.qq.com/rain/a/20240930A0ABWI00

2024-10-01 04:00:54,228 - INFO - EXPIRED
台湾校园“割颈案”行凶者分别获刑9年、8年，检方：量刑过轻将上诉
https://new.qq.com/rain/a/20240930A09M9H00

2024-10-01 04:00:54,228 - INFO - EXPIRED
首次披露！“失联”的新华保险原董事长李全，落马了
https://new.qq.com/rain/a/20240930A0694N00

2024-10-01 04:00:54,228 - INFO - EXPIRED
科学家找到宇宙中的“炼金炉”，合成黄金需要哪些条件？在实验室能合成吗？
https://view.inews.qq.com/a/20240930Q087JU00

2024-10-01 04:00:54,228 - INFO - EXPIRED
普京签署秋季征兵法令：在经认可的IT公司工作的公民可推迟服兵役
https://new.qq.com/rain/a/20240930A09BT400

2024-10-01 04:00:54,228 - INFO - EXPIRED
这些地方的农村，光棍一窝一窝
https://new.qq.com/rain/a/20240930A07SD900

2024-10-01 04:00:54,228 - INFO - EXPIRED
中介机构选定 国泰君安、海通吸收合并时间表临近
https://new.qq.com/rain/a/20240930A09BZL00

2024-10-01 04:00:54,228 - INFO - EXPIRED
“毒枸杞”事件调查一个月进展如何？甘肃和青海两地最新回应
https://new.qq.com/rain/a/20240930A05WSQ00

2024-10-01 04:00:54,228 - INFO - EXPIRED
西安“看桥爷爷”受邀抵达武汉：这次一定要看到“万里长江第一桥”
https://new.qq.com/rain/a/20240930A07ALB00

2024-10-01 04:00:54,228 - INFO - EXPIRED
俄媒：俄军拿下乌克兰东部关键村庄
https://new.qq.com/rain/a/20240930A04IXO00

2024-10-01 04:00:54,228 - INFO - EXPIRED
韩检方请求判处李在明3年有期徒刑 李在明：韩检方歪曲法律是犯罪行为
https://new.qq.com/rain/a/20240930V081Q200

2024-10-01 04:00:54,228 - INFO - EXPIRED
行李箱内塞满成捆现金，旅客携带180万美元入境被广州海关查获
https://new.qq.com/rain/a/20240930A06HT600

2024-10-01 04:00:54,228 - INFO - EXPIRED
伸缩机倒塌致1名员工死亡 申通快递被约谈
https://new.qq.com/rain/a/20240930A070MA00

2024-10-01 04:00:54,228 - INFO - EXPIRED
提前一天开车出发，结果十几个小时没出城，假期出行有哪些“大聪明”行为？
https://view.inews.qq.com/a/20240930Q03GPA00

2024-10-01 04:00:54,228 - INFO - EXPIRED
伍斌当选厦门市市长，曾获“全国优秀县委书记”称号
https://new.qq.com/rain/a/20240930A073P200

2024-10-01 04:00:54,228 - INFO - EXPIRED
男孩被困电梯徒手扒开门逃生，这样做安全吗？被困电梯该如何自救？
https://view.inews.qq.com/a/20240929Q09K5C00

2024-10-01 04:00:54,228 - INFO - EXPIRED
俄媒：俄总理米舒斯京抵达伊朗开始访问
https://new.qq.com/rain/a/20240930A07MRR00

2024-10-01 04:00:54,228 - INFO - EXPIRED
IPO前夕，荣耀副董事长万飚离职，否认将加入新凯来
https://new.qq.com/rain/a/20240930A06QHA00

2024-10-01 04:00:54,228 - INFO - EXPIRED
打虎！中央纪委国家监委驻中央组织部纪检监察组组长李刚被查
https://new.qq.com/rain/a/20240930A095Q600

2024-10-01 04:00:54,228 - INFO - EXPIRED
乘客高铁上演遮阳帘“拉扯战”：僵持了20分钟左右，全程没吵架
https://new.qq.com/rain/a/20240930V05X4900

2024-10-01 04:00:54,228 - INFO - EXPIRED
中信建投：后台审核140万人排队开户事实严重不符
https://new.qq.com/rain/a/20240930A066BO00

2024-10-01 04:00:54,228 - INFO - EXPIRED
李强签署国务院令 公布《网络数据安全管理条例》
https://new.qq.com/rain/a/20240930A06A9A00

2024-10-01 04:00:54,228 - INFO - EXPIRED
财政部副部长郭婷婷会见普华永道全球主席
https://new.qq.com/rain/a/20240930A05FGN00

2024-10-01 04:00:54,228 - INFO - EXPIRED
文旅部：希望大陆居民能够早日赴台湾本岛旅游
https://new.qq.com/rain/a/20240930A05YLM00

2024-10-01 04:00:54,228 - INFO - EXPIRED
国内航线燃油附加费10月5日起大幅下调
https://new.qq.com/rain/a/20240930A064LR00

2024-10-01 04:00:54,228 - INFO - EXPIRED
33岁格列兹曼自宣从法国国家队退役，结束10年国家队生涯
https://new.qq.com/rain/a/20240930A0681800

2024-10-01 04:00:54,228 - INFO - EXPIRED
“整个山东威海都是臭的” 多人称闻到异味 环保局：查了一宿原因不明
https://new.qq.com/rain/a/20240930A03PC300

2024-10-01 04:00:54,228 - INFO - EXPIRED
成都发生一起多车连环追尾事故，警方：致8人受伤，司机排除酒驾嫌疑
https://new.qq.com/rain/a/20240930A05JOV00

2024-10-01 04:00:54,228 - INFO - EXPIRED
上海、广州、深圳连夜发楼市新政，专家说房地产牛市启动，我该信吗？现在是买房好时机吗？
https://view.inews.qq.com/a/20240930Q01AL600

2024-10-01 04:00:54,228 - INFO - EXPIRED
外交部：中方决定将对葡萄牙、希腊、塞浦路斯、斯洛文尼亚持普通护照人员试行免签政策
https://new.qq.com/rain/a/20240930A05EMR00

2024-10-01 04:00:54,228 - INFO - EXPIRED
以媒：以国防军发布照片显示，哈马斯领导人辛瓦尔图像被打上“问号”
https://new.qq.com/rain/a/20240930A04P4B00

2024-10-01 04:00:54,228 - INFO - EXPIRED
美向台湾地区提供5.67亿美元军援，外交部：以武助“独”必将引火烧身
https://new.qq.com/rain/a/20240930A05E7E00

2024-10-01 04:00:54,228 - INFO - EXPIRED
穿越时空的对话：75年科技变迁之旅
https://new.qq.com/rain/a/20240930V05DHE00

2024-10-01 04:00:54,229 - INFO - EXPIRED
河北省纪委原副书记陈玉祥被公诉，热衷吃喝玩乐被“围猎”
https://new.qq.com/rain/a/20240930A04OGC00

2024-10-01 04:00:54,229 - INFO - EXPIRED
行拘！女子散播“西安下雪”虚假视频博取流量，扰乱公众视听
https://new.qq.com/rain/a/20240930A04EHN00

2024-10-01 04:00:54,229 - INFO - EXPIRED
女子称13岁儿子在夏令营说话遭体罚，做200个深蹲后横纹肌溶解
https://new.qq.com/rain/a/20240929A080FC00

2024-10-01 04:00:54,229 - INFO - EXPIRED
“黑燕窝”调查：有账号“换马甲”躲避索赔，淘宝客服称只补偿200元
https://new.qq.com/rain/a/20240929A09VN100

2024-10-01 04:00:54,229 - INFO - EXPIRED
外媒：拜登称将很快与内塔尼亚胡交谈，并表示“真的必须避免”中东地区爆发全面战争
https://new.qq.com/rain/a/20240930A01EQ000

2024-10-01 04:00:54,229 - INFO - EXPIRED
7岁儿童在景区水域警戒线内戏水溺亡，官方回应
https://new.qq.com/rain/a/20240930A04SF200

2024-10-01 04:00:54,229 - INFO - EXPIRED
青海格尔木6死1伤中毒事件，一死者是中医师，事发前已有征兆
https://new.qq.com/rain/a/20240930A02XQY00

2024-10-01 04:00:54,229 - INFO - EXPIRED
女子遭遇“话梅刺客”，一斤话梅3580元? 南京市监部门回应
https://new.qq.com/rain/a/20240929A09NWD00

2024-10-01 04:00:54,229 - INFO - EXPIRED
内蒙古一小学老师将作业扔学生脸上、扇学生耳光，当地教育局回应
https://new.qq.com/rain/a/20240929A093VF00

2024-10-01 04:00:54,229 - INFO - EXPIRED
中巴发起乌克兰危机“和平之友”行动，瑞士积极响应
https://new.qq.com/rain/a/20240930A0183C00

2024-10-01 04:00:54,229 - INFO - EXPIRED
内蒙古呼伦贝尔大雪致多车被困，一载有30余人的旅游大巴被困一天一夜
https://new.qq.com/rain/a/20240930A02PFT00

2024-10-01 04:00:54,229 - INFO - EXPIRED
少将朱军，任直辖市常委
https://new.qq.com/rain/a/20240930A036SI00

2024-10-01 04:00:54,229 - INFO - EXPIRED
高度敏感时刻，俄总理将访伊朗
https://new.qq.com/rain/a/20240930A03PC800

2024-10-01 04:00:54,229 - INFO - EXPIRED
印度“果链”工厂再燃大火生产中断，原计划在未来几个月内生产iPhone
https://new.qq.com/rain/a/20240929A08V8000

2024-10-01 04:00:54,229 - INFO - EXPIRED
省委巡视后，贵州省厅“一把手”主动投案
https://new.qq.com/rain/a/20240929A09DDT00

2024-10-01 04:00:54,229 - INFO - EXPIRED
男子按喇叭提醒挡道者遭围殴，3名打人者以寻衅滋事立案后罪名又变更
https://new.qq.com/rain/a/20240929A0765H00

2024-10-01 04:00:54,229 - INFO - EXPIRED
亲历者讲述在内蒙古遇暴风雪被困：积雪数十厘米深，有人在车里住一夜
https://new.qq.com/rain/a/20240930V04G8700

2024-10-01 04:00:54,229 - INFO - EXPIRED
斯坦福大学博士已入职安徽乡镇公务员岗 本人不愿再被外界关注
https://new.qq.com/rain/a/20240930A01DE200

2024-10-01 04:00:54,229 - INFO - EXPIRED
313名在缅北实施跨境电诈的中国籍犯罪嫌疑人被移交我方
https://new.qq.com/rain/a/20240930A02Z7K00

2024-10-01 04:00:54,229 - INFO - EXPIRED
SpaceX“龙”飞船成功对接国际空间站，将于明年2月带回滞留宇航员
https://new.qq.com/rain/a/20240930A01IIB00

2024-10-01 04:00:54,229 - INFO - EXPIRED
女子报案时警方人员口头答复称“受理不了”，西安警方回应
https://new.qq.com/rain/a/20240929A08S9M00

2024-10-01 04:00:54,229 - INFO - EXPIRED
国家统计局：9月份PMI为49.8%，比上月上升0.7个百分点
https://new.qq.com/rain/a/20240930A01XO700

2024-10-01 04:00:54,229 - INFO - EXPIRED
广州、深圳、上海楼市连夜出王炸，但内容细则为何各不相同？分别影响多大？
https://view.inews.qq.com/a/20240930Q01D4G00

2024-10-01 04:00:54,229 - INFO - EXPIRED
俄乌官方均未回应！“俄军摧毁乌军F-16战斗机”疑云重重
https://new.qq.com/rain/a/20240930A00SUB00

2024-10-01 04:00:54,229 - INFO - EXPIRED
欧盟即将表决对华电动汽车加征关税案，中欧代表紧密磋商寻求替代方案
https://new.qq.com/rain/a/20240930A00W6100

2024-10-01 04:00:54,229 - INFO - EXPIRED
中国登月服外观首次公开，有哪些特殊设计？后面背的大包是什么？
https://view.inews.qq.com/a/20240929Q08V0300

2024-10-01 04:00:54,229 - INFO - EXPIRED
事关证券交易、养老、住房，10月一批新规将实施
https://new.qq.com/rain/a/20240930A004NE00

2024-10-01 04:00:54,229 - INFO - EXPIRED
9月财新中国制造业PMI降至49.3，创2023年8月以来最低值
https://new.qq.com/rain/a/20240930A022ZM00

2024-10-01 04:00:54,229 - INFO - EXPIRED
日本候任首相石破茂计划于10月27日举行大选
https://new.qq.com/rain/a/20240930A00Q8J00

2024-10-01 04:00:54,229 - INFO - EXPIRED
中俄海警北太平洋联合执法巡航，美媒渲染“中国在北太平洋增加存在”
https://new.qq.com/rain/a/20240930A00QB200

2024-10-01 04:00:54,229 - INFO - EXPIRED
黑龙江一监狱内犯人被指违规赌博用手机，官方回应：已成立调查组
https://new.qq.com/rain/a/20240929A09RRV00

2024-10-01 04:00:54,229 - INFO - EXPIRED
广州官宣：取消居民家庭购买住房各项限购政策
https://new.qq.com/rain/a/20240929A09NXO00

2024-10-01 04:00:54,229 - INFO - EXPIRED
深圳：个人首套房贷最低首付款比例调整为15%，优化分区住房限购政策
https://new.qq.com/rain/a/20240929A09PU100

2024-10-01 04:00:54,229 - INFO - EXPIRED
私募大佬林园：虽然上证指数站上3000点，但是今年赚钱的人不多
https://new.qq.com/rain/a/20240930A00SZC00

2024-10-01 04:00:54,229 - INFO - EXPIRED
湖南湘潭大学禁止出租车入校拉客，司机与学校保安发生冲突？校方回应
https://new.qq.com/rain/a/20240929A08F0E00

2024-10-01 04:00:54,229 - INFO - EXPIRED
云南保山技师学院内有学生被教职工开车撞倒？校方：纪检部门已介入
https://new.qq.com/rain/a/20240929A04L9N00

2024-10-01 04:00:54,990 - INFO - INVALID
美公布美俄战机空中交锋画面：苏-35加速掠过美军F-16机头
https://new.qq.com/rain/a/20241001A00VKT00

2024-10-01 04:00:54,995 - INFO - INVALID
新能源车企公布9月销量：理想53709辆创新高，零跑交付33767台
https://new.qq.com/rain/a/20241001A02LLI00

2024-10-01 04:00:55,000 - INFO - INVALID
上海松江警方：一男子超市内持刀伤人被当场抓获，3人抢救无效死亡
https://new.qq.com/rain/a/20241001A00DSZ00

2024-10-01 04:00:55,078 - INFO - INVALID
日本岸田内阁宣布集体辞职
https://new.qq.com/rain/a/20241001A01QMG00

2024-10-01 04:00:55,200 - ERROR - ERROR
长假刚出门就被人追尾，司机最讨厌的驾驶行为是什么？你见过最奇葩的司机是怎样的？
https://view.inews.qq.com/a/20241001Q022Z800
('list index out of range',)
======
Traceback (most recent call last):
  File "/home/runner/work/qqnews/qqnews/qq.py", line 81, in process_article
    ss = str(tmpbs.select("div.LEFT div.content.clearfix")[0])
             ~~~~~~~~~~~~~~~~~~~~~~~~~~~~~~~~~~~~~~~~~~~~~^^^
IndexError: list index out of range


2024-10-01 04:00:55,285 - INFO - INVALID
中国载人航天工程办公室：10月下旬将发射神舟十九号载人飞船
https://new.qq.com/rain/a/20241001A02C6G00

2024-10-01 04:00:55,347 - INFO - INVALID
券商开户需核查投资者诚信档案 监管强化行业失信约束机制
https://new.qq.com/rain/a/20241001A026KQ00

2024-10-01 04:00:55,372 - INFO - INVALID
全球包邮，电商平台赢得海外消费者的“杀手锏”？
https://new.qq.com/rain/a/20241001A0039300

2024-10-01 04:00:55,401 - ERROR - ERROR
女子拔插头被电伤截肢，当事人：大拇指现在都没知觉，要5年才能恢复
https://new.qq.com/rain/a/20241001V01TM000
('list index out of range',)
======
Traceback (most recent call last):
  File "/home/runner/work/qqnews/qqnews/qq.py", line 81, in process_article
    ss = str(tmpbs.select("div.LEFT div.content.clearfix")[0])
             ~~~~~~~~~~~~~~~~~~~~~~~~~~~~~~~~~~~~~~~~~~~~~^^^
IndexError: list index out of range


2024-10-01 04:00:55,592 - INFO - INVALID
东北雨姐回应“红薯粉条事件”：产品检测报告暂未出，可先行全额退款
https://new.qq.com/rain/a/20241001A01KCB00

2024-10-01 04:00:55,645 - INFO - INVALID
岸田文雄三年执政落幕：妥协政治和“新时代现实主义外交”
https://new.qq.com/rain/a/20241001A017I100

2024-10-01 04:00:55,667 - INFO - INVALID
“00后”涌入国宾馆
https://new.qq.com/rain/a/20241001A012XP00

2024-10-01 04:00:55,758 - INFO - INVALID
孟晚舟将接任华为轮值董事长
https://new.qq.com/rain/a/20241001A00DUL00

2024-10-01 04:00:55,878 - INFO - INVALID
鲍威尔打压市场大幅降息的预期：会进一步降息，但无预设的利率路线
https://new.qq.com/rain/a/20241001A00MZ200

2024-10-01 04:00:55,911 - INFO - INVALID
朝鲜谴责美国向朝鲜半岛及其周边派遣核潜艇等核战略资产
https://new.qq.com/rain/a/20241001A00N2U00

2024-10-01 04:00:56,004 - INFO - INVALID
美股收盘：道指标普收于新高 中概股金龙指数月涨近30%
https://new.qq.com/rain/a/20241001A00MXV00

