2026-04-07 01:06:39,914 - INFO - Total time taken: {'ret': 0, 'msg': 'success', 'data': None}
2026-04-07 01:06:39,915 - INFO - 'NoneType' object is not subscriptable
2026-04-07 01:06:39,915 - INFO - Traceback (most recent call last):
  File "/home/runner/work/qqnews/qqnews/qq.py", line 128, in main
    for i in qq1["data"]["list"]:
             ~~~~~~~~~~~^^^^^^^^
TypeError: 'NoneType' object is not subscriptable

2026-04-07 04:21:19,014 - INFO - Total time taken: {'ret': 0, 'msg': 'success', 'data': None}
2026-04-07 04:21:19,014 - INFO - 'NoneType' object is not subscriptable
2026-04-07 04:21:19,015 - INFO - Traceback (most recent call last):
  File "/home/runner/work/qqnews/qqnews/qq.py", line 128, in main
    for i in qq1["data"]["list"]:
             ~~~~~~~~~~~^^^^^^^^
TypeError: 'NoneType' object is not subscriptable

2026-04-07 06:10:49,845 - INFO - Total time taken: {'ret': 0, 'msg': 'success', 'data': None}
2026-04-07 06:10:49,845 - INFO - 'NoneType' object is not subscriptable
2026-04-07 06:10:49,845 - INFO - Traceback (most recent call last):
  File "/home/runner/work/qqnews/qqnews/qq.py", line 128, in main
    for i in qq1["data"]["list"]:
             ~~~~~~~~~~~^^^^^^^^
TypeError: 'NoneType' object is not subscriptable

2026-04-07 08:02:30,975 - INFO - Total time taken: {'ret': 0, 'msg': 'success', 'data': None}
2026-04-07 08:02:30,975 - INFO - 'NoneType' object is not subscriptable
2026-04-07 08:02:30,975 - INFO - Traceback (most recent call last):
  File "/home/runner/work/qqnews/qqnews/qq.py", line 128, in main
    for i in qq1["data"]["list"]:
             ~~~~~~~~~~~^^^^^^^^
TypeError: 'NoneType' object is not subscriptable

2026-04-07 09:55:07,701 - INFO - Total time taken: {'ret': 0, 'msg': 'success', 'data': None}
2026-04-07 09:55:07,701 - INFO - 'NoneType' object is not subscriptable
2026-04-07 09:55:07,702 - INFO - Traceback (most recent call last):
  File "/home/runner/work/qqnews/qqnews/qq.py", line 128, in main
    for i in qq1["data"]["list"]:
             ~~~~~~~~~~~^^^^^^^^
TypeError: 'NoneType' object is not subscriptable

2026-04-07 10:44:02,740 - INFO - Total time taken: {'ret': 0, 'msg': 'success', 'data': None}
2026-04-07 10:44:02,740 - INFO - 'NoneType' object is not subscriptable
2026-04-07 10:44:02,741 - INFO - Traceback (most recent call last):
  File "/home/runner/work/qqnews/qqnews/qq.py", line 128, in main
    for i in qq1["data"]["list"]:
             ~~~~~~~~~~~^^^^^^^^
TypeError: 'NoneType' object is not subscriptable

2026-04-07 11:42:03,888 - INFO - Total time taken: {'ret': 0, 'msg': 'success', 'data': None}
2026-04-07 11:42:03,888 - INFO - 'NoneType' object is not subscriptable
2026-04-07 11:42:03,889 - INFO - Traceback (most recent call last):
  File "/home/runner/work/qqnews/qqnews/qq.py", line 128, in main
    for i in qq1["data"]["list"]:
             ~~~~~~~~~~~^^^^^^^^
TypeError: 'NoneType' object is not subscriptable

2026-04-07 12:48:07,282 - INFO - Total time taken: {'ret': 0, 'msg': 'success', 'data': None}
2026-04-07 12:48:07,282 - INFO - 'NoneType' object is not subscriptable
2026-04-07 12:48:07,282 - INFO - Traceback (most recent call last):
  File "/home/runner/work/qqnews/qqnews/qq.py", line 128, in main
    for i in qq1["data"]["list"]:
             ~~~~~~~~~~~^^^^^^^^
TypeError: 'NoneType' object is not subscriptable

2026-04-07 14:23:13,599 - INFO - Total time taken: {'ret': 0, 'msg': 'success', 'data': None}
2026-04-07 14:23:13,600 - INFO - 'NoneType' object is not subscriptable
2026-04-07 14:23:13,600 - INFO - Traceback (most recent call last):
  File "/home/runner/work/qqnews/qqnews/qq.py", line 128, in main
    for i in qq1["data"]["list"]:
             ~~~~~~~~~~~^^^^^^^^
TypeError: 'NoneType' object is not subscriptable

2026-04-07 16:01:20,137 - INFO - Total time taken: {'ret': 0, 'msg': 'success', 'data': None}
2026-04-07 16:01:20,137 - INFO - 'NoneType' object is not subscriptable
2026-04-07 16:01:20,137 - INFO - Traceback (most recent call last):
  File "/home/runner/work/qqnews/qqnews/qq.py", line 128, in main
    for i in qq1["data"]["list"]:
             ~~~~~~~~~~~^^^^^^^^
TypeError: 'NoneType' object is not subscriptable

2026-04-07 17:45:12,319 - INFO - Total time taken: {'ret': 0, 'msg': 'success', 'data': None}
2026-04-07 17:45:12,319 - INFO - 'NoneType' object is not subscriptable
2026-04-07 17:45:12,319 - INFO - Traceback (most recent call last):
  File "/home/runner/work/qqnews/qqnews/qq.py", line 128, in main
    for i in qq1["data"]["list"]:
             ~~~~~~~~~~~^^^^^^^^
TypeError: 'NoneType' object is not subscriptable

2026-04-07 18:42:25,156 - INFO - Total time taken: {'ret': 0, 'msg': 'success', 'data': None}
2026-04-07 18:42:25,156 - INFO - 'NoneType' object is not subscriptable
2026-04-07 18:42:25,157 - INFO - Traceback (most recent call last):
  File "/home/runner/work/qqnews/qqnews/qq.py", line 128, in main
    for i in qq1["data"]["list"]:
             ~~~~~~~~~~~^^^^^^^^
TypeError: 'NoneType' object is not subscriptable

2026-04-07 19:46:53,863 - INFO - Total time taken: {'ret': 0, 'msg': 'success', 'data': None}
2026-04-07 19:46:53,863 - INFO - 'NoneType' object is not subscriptable
2026-04-07 19:46:53,864 - INFO - Traceback (most recent call last):
  File "/home/runner/work/qqnews/qqnews/qq.py", line 128, in main
    for i in qq1["data"]["list"]:
             ~~~~~~~~~~~^^^^^^^^
TypeError: 'NoneType' object is not subscriptable

