2025-10-08 00:37:46,209 - INFO - Total time taken: {'ret': 0, 'msg': 'success', 'data': None}
2025-10-08 00:37:46,209 - INFO - 'NoneType' object is not subscriptable
2025-10-08 00:37:46,210 - INFO - Traceback (most recent call last):
  File "/home/runner/work/qqnews/qqnews/qq.py", line 128, in main
    for i in qq1["data"]["list"]:
             ~~~~~~~~~~~^^^^^^^^
TypeError: 'NoneType' object is not subscriptable

2025-10-08 02:13:56,559 - INFO - Total time taken: {'ret': 0, 'msg': 'success', 'data': None}
2025-10-08 02:13:56,559 - INFO - 'NoneType' object is not subscriptable
2025-10-08 02:13:56,560 - INFO - Traceback (most recent call last):
  File "/home/runner/work/qqnews/qqnews/qq.py", line 128, in main
    for i in qq1["data"]["list"]:
             ~~~~~~~~~~~^^^^^^^^
TypeError: 'NoneType' object is not subscriptable

2025-10-08 03:22:27,739 - INFO - Total time taken: {'ret': 0, 'msg': 'success', 'data': None}
2025-10-08 03:22:27,740 - INFO - 'NoneType' object is not subscriptable
2025-10-08 03:22:27,740 - INFO - Traceback (most recent call last):
  File "/home/runner/work/qqnews/qqnews/qq.py", line 128, in main
    for i in qq1["data"]["list"]:
             ~~~~~~~~~~~^^^^^^^^
TypeError: 'NoneType' object is not subscriptable

2025-10-08 04:01:20,426 - INFO - Total time taken: {'ret': 0, 'msg': 'success', 'data': None}
2025-10-08 04:01:20,426 - INFO - 'NoneType' object is not subscriptable
2025-10-08 04:01:20,426 - INFO - Traceback (most recent call last):
  File "/home/runner/work/qqnews/qqnews/qq.py", line 128, in main
    for i in qq1["data"]["list"]:
             ~~~~~~~~~~~^^^^^^^^
TypeError: 'NoneType' object is not subscriptable

2025-10-08 05:01:20,194 - INFO - Total time taken: {'ret': 0, 'msg': 'success', 'data': None}
2025-10-08 05:01:20,194 - INFO - 'NoneType' object is not subscriptable
2025-10-08 05:01:20,194 - INFO - Traceback (most recent call last):
  File "/home/runner/work/qqnews/qqnews/qq.py", line 128, in main
    for i in qq1["data"]["list"]:
             ~~~~~~~~~~~^^^^^^^^
TypeError: 'NoneType' object is not subscriptable

2025-10-08 06:01:24,539 - INFO - Total time taken: {'ret': 0, 'msg': 'success', 'data': None}
2025-10-08 06:01:24,540 - INFO - 'NoneType' object is not subscriptable
2025-10-08 06:01:24,540 - INFO - Traceback (most recent call last):
  File "/home/runner/work/qqnews/qqnews/qq.py", line 128, in main
    for i in qq1["data"]["list"]:
             ~~~~~~~~~~~^^^^^^^^
TypeError: 'NoneType' object is not subscriptable

2025-10-08 07:01:22,473 - INFO - Total time taken: {'ret': 0, 'msg': 'success', 'data': None}
2025-10-08 07:01:22,473 - INFO - 'NoneType' object is not subscriptable
2025-10-08 07:01:22,474 - INFO - Traceback (most recent call last):
  File "/home/runner/work/qqnews/qqnews/qq.py", line 128, in main
    for i in qq1["data"]["list"]:
             ~~~~~~~~~~~^^^^^^^^
TypeError: 'NoneType' object is not subscriptable

2025-10-08 08:12:37,968 - INFO - Total time taken: {'ret': 0, 'msg': 'success', 'data': None}
2025-10-08 08:12:37,969 - INFO - 'NoneType' object is not subscriptable
2025-10-08 08:12:37,969 - INFO - Traceback (most recent call last):
  File "/home/runner/work/qqnews/qqnews/qq.py", line 128, in main
    for i in qq1["data"]["list"]:
             ~~~~~~~~~~~^^^^^^^^
TypeError: 'NoneType' object is not subscriptable

2025-10-08 09:01:23,619 - INFO - Total time taken: {'ret': 0, 'msg': 'success', 'data': None}
2025-10-08 09:01:23,619 - INFO - 'NoneType' object is not subscriptable
2025-10-08 09:01:23,620 - INFO - Traceback (most recent call last):
  File "/home/runner/work/qqnews/qqnews/qq.py", line 128, in main
    for i in qq1["data"]["list"]:
             ~~~~~~~~~~~^^^^^^^^
TypeError: 'NoneType' object is not subscriptable

2025-10-08 10:01:23,157 - INFO - Total time taken: {'ret': 0, 'msg': 'success', 'data': None}
2025-10-08 10:01:23,157 - INFO - 'NoneType' object is not subscriptable
2025-10-08 10:01:23,157 - INFO - Traceback (most recent call last):
  File "/home/runner/work/qqnews/qqnews/qq.py", line 128, in main
    for i in qq1["data"]["list"]:
             ~~~~~~~~~~~^^^^^^^^
TypeError: 'NoneType' object is not subscriptable

2025-10-08 11:01:15,046 - INFO - Total time taken: {'ret': 0, 'msg': 'success', 'data': None}
2025-10-08 11:01:15,046 - INFO - 'NoneType' object is not subscriptable
2025-10-08 11:01:15,046 - INFO - Traceback (most recent call last):
  File "/home/runner/work/qqnews/qqnews/qq.py", line 128, in main
    for i in qq1["data"]["list"]:
             ~~~~~~~~~~~^^^^^^^^
TypeError: 'NoneType' object is not subscriptable

2025-10-08 12:16:44,183 - INFO - Total time taken: {'ret': 0, 'msg': 'success', 'data': None}
2025-10-08 12:16:44,184 - INFO - 'NoneType' object is not subscriptable
2025-10-08 12:16:44,184 - INFO - Traceback (most recent call last):
  File "/home/runner/work/qqnews/qqnews/qq.py", line 128, in main
    for i in qq1["data"]["list"]:
             ~~~~~~~~~~~^^^^^^^^
TypeError: 'NoneType' object is not subscriptable

2025-10-08 13:21:32,282 - INFO - Total time taken: {'ret': 0, 'msg': 'success', 'data': None}
2025-10-08 13:21:32,282 - INFO - 'NoneType' object is not subscriptable
2025-10-08 13:21:32,283 - INFO - Traceback (most recent call last):
  File "/home/runner/work/qqnews/qqnews/qq.py", line 128, in main
    for i in qq1["data"]["list"]:
             ~~~~~~~~~~~^^^^^^^^
TypeError: 'NoneType' object is not subscriptable

2025-10-08 14:01:19,191 - INFO - Total time taken: {'ret': 0, 'msg': 'success', 'data': None}
2025-10-08 14:01:19,192 - INFO - 'NoneType' object is not subscriptable
2025-10-08 14:01:19,192 - INFO - Traceback (most recent call last):
  File "/home/runner/work/qqnews/qqnews/qq.py", line 128, in main
    for i in qq1["data"]["list"]:
             ~~~~~~~~~~~^^^^^^^^
TypeError: 'NoneType' object is not subscriptable

2025-10-08 15:01:31,262 - INFO - Total time taken: {'ret': 0, 'msg': 'success', 'data': None}
2025-10-08 15:01:31,262 - INFO - 'NoneType' object is not subscriptable
2025-10-08 15:01:31,262 - INFO - Traceback (most recent call last):
  File "/home/runner/work/qqnews/qqnews/qq.py", line 128, in main
    for i in qq1["data"]["list"]:
             ~~~~~~~~~~~^^^^^^^^
TypeError: 'NoneType' object is not subscriptable

2025-10-08 16:01:28,030 - INFO - Total time taken: {'ret': 0, 'msg': 'success', 'data': None}
2025-10-08 16:01:28,031 - INFO - 'NoneType' object is not subscriptable
2025-10-08 16:01:28,031 - INFO - Traceback (most recent call last):
  File "/home/runner/work/qqnews/qqnews/qq.py", line 128, in main
    for i in qq1["data"]["list"]:
             ~~~~~~~~~~~^^^^^^^^
TypeError: 'NoneType' object is not subscriptable

2025-10-08 17:01:18,671 - INFO - Total time taken: {'ret': 0, 'msg': 'success', 'data': None}
2025-10-08 17:01:18,671 - INFO - 'NoneType' object is not subscriptable
2025-10-08 17:01:18,671 - INFO - Traceback (most recent call last):
  File "/home/runner/work/qqnews/qqnews/qq.py", line 128, in main
    for i in qq1["data"]["list"]:
             ~~~~~~~~~~~^^^^^^^^
TypeError: 'NoneType' object is not subscriptable

2025-10-08 18:12:41,340 - INFO - Total time taken: {'ret': 0, 'msg': 'success', 'data': None}
2025-10-08 18:12:41,340 - INFO - 'NoneType' object is not subscriptable
2025-10-08 18:12:41,341 - INFO - Traceback (most recent call last):
  File "/home/runner/work/qqnews/qqnews/qq.py", line 128, in main
    for i in qq1["data"]["list"]:
             ~~~~~~~~~~~^^^^^^^^
TypeError: 'NoneType' object is not subscriptable

2025-10-08 19:01:11,512 - INFO - Total time taken: {'ret': 0, 'msg': 'success', 'data': None}
2025-10-08 19:01:11,512 - INFO - 'NoneType' object is not subscriptable
2025-10-08 19:01:11,513 - INFO - Traceback (most recent call last):
  File "/home/runner/work/qqnews/qqnews/qq.py", line 128, in main
    for i in qq1["data"]["list"]:
             ~~~~~~~~~~~^^^^^^^^
TypeError: 'NoneType' object is not subscriptable

2025-10-08 20:01:23,885 - INFO - Total time taken: {'ret': 0, 'msg': 'success', 'data': None}
2025-10-08 20:01:23,885 - INFO - 'NoneType' object is not subscriptable
2025-10-08 20:01:23,886 - INFO - Traceback (most recent call last):
  File "/home/runner/work/qqnews/qqnews/qq.py", line 128, in main
    for i in qq1["data"]["list"]:
             ~~~~~~~~~~~^^^^^^^^
TypeError: 'NoneType' object is not subscriptable

2025-10-08 21:01:13,809 - INFO - Total time taken: {'ret': 0, 'msg': 'success', 'data': None}
2025-10-08 21:01:13,809 - INFO - 'NoneType' object is not subscriptable
2025-10-08 21:01:13,810 - INFO - Traceback (most recent call last):
  File "/home/runner/work/qqnews/qqnews/qq.py", line 128, in main
    for i in qq1["data"]["list"]:
             ~~~~~~~~~~~^^^^^^^^
TypeError: 'NoneType' object is not subscriptable

2025-10-08 22:01:07,189 - INFO - Total time taken: {'ret': 0, 'msg': 'success', 'data': None}
2025-10-08 22:01:07,190 - INFO - 'NoneType' object is not subscriptable
2025-10-08 22:01:07,190 - INFO - Traceback (most recent call last):
  File "/home/runner/work/qqnews/qqnews/qq.py", line 128, in main
    for i in qq1["data"]["list"]:
             ~~~~~~~~~~~^^^^^^^^
TypeError: 'NoneType' object is not subscriptable

