2025-11-14 00:41:33,680 - INFO - Total time taken: {'ret': 0, 'msg': 'success', 'data': None}
2025-11-14 00:41:33,680 - INFO - 'NoneType' object is not subscriptable
2025-11-14 00:41:33,681 - INFO - Traceback (most recent call last):
  File "/home/runner/work/qqnews/qqnews/qq.py", line 128, in main
    for i in qq1["data"]["list"]:
             ~~~~~~~~~~~^^^^^^^^
TypeError: 'NoneType' object is not subscriptable

2025-11-14 02:25:17,003 - INFO - Total time taken: {'ret': 0, 'msg': 'success', 'data': None}
2025-11-14 02:25:17,004 - INFO - 'NoneType' object is not subscriptable
2025-11-14 02:25:17,004 - INFO - Traceback (most recent call last):
  File "/home/runner/work/qqnews/qqnews/qq.py", line 128, in main
    for i in qq1["data"]["list"]:
             ~~~~~~~~~~~^^^^^^^^
TypeError: 'NoneType' object is not subscriptable

2025-11-14 03:38:40,798 - INFO - Total time taken: {'ret': 0, 'msg': 'success', 'data': None}
2025-11-14 03:38:40,798 - INFO - 'NoneType' object is not subscriptable
2025-11-14 03:38:40,798 - INFO - Traceback (most recent call last):
  File "/home/runner/work/qqnews/qqnews/qq.py", line 128, in main
    for i in qq1["data"]["list"]:
             ~~~~~~~~~~~^^^^^^^^
TypeError: 'NoneType' object is not subscriptable

2025-11-14 04:13:05,288 - INFO - Total time taken: {'ret': 0, 'msg': 'success', 'data': None}
2025-11-14 04:13:05,289 - INFO - 'NoneType' object is not subscriptable
2025-11-14 04:13:05,289 - INFO - Traceback (most recent call last):
  File "/home/runner/work/qqnews/qqnews/qq.py", line 128, in main
    for i in qq1["data"]["list"]:
             ~~~~~~~~~~~^^^^^^^^
TypeError: 'NoneType' object is not subscriptable

2025-11-14 05:01:38,267 - INFO - Total time taken: {'ret': 0, 'msg': 'success', 'data': None}
2025-11-14 05:01:38,267 - INFO - 'NoneType' object is not subscriptable
2025-11-14 05:01:38,268 - INFO - Traceback (most recent call last):
  File "/home/runner/work/qqnews/qqnews/qq.py", line 128, in main
    for i in qq1["data"]["list"]:
             ~~~~~~~~~~~^^^^^^^^
TypeError: 'NoneType' object is not subscriptable

2025-11-14 06:14:09,525 - INFO - Total time taken: {'ret': 0, 'msg': 'success', 'data': None}
2025-11-14 06:14:09,526 - INFO - 'NoneType' object is not subscriptable
2025-11-14 06:14:09,526 - INFO - Traceback (most recent call last):
  File "/home/runner/work/qqnews/qqnews/qq.py", line 128, in main
    for i in qq1["data"]["list"]:
             ~~~~~~~~~~~^^^^^^^^
TypeError: 'NoneType' object is not subscriptable

2025-11-14 07:01:23,735 - INFO - Total time taken: {'ret': 0, 'msg': 'success', 'data': None}
2025-11-14 07:01:23,735 - INFO - 'NoneType' object is not subscriptable
2025-11-14 07:01:23,735 - INFO - Traceback (most recent call last):
  File "/home/runner/work/qqnews/qqnews/qq.py", line 128, in main
    for i in qq1["data"]["list"]:
             ~~~~~~~~~~~^^^^^^^^
TypeError: 'NoneType' object is not subscriptable

2025-11-14 08:12:45,805 - INFO - Total time taken: {'ret': 0, 'msg': 'success', 'data': None}
2025-11-14 08:12:45,805 - INFO - 'NoneType' object is not subscriptable
2025-11-14 08:12:45,805 - INFO - Traceback (most recent call last):
  File "/home/runner/work/qqnews/qqnews/qq.py", line 128, in main
    for i in qq1["data"]["list"]:
             ~~~~~~~~~~~^^^^^^^^
TypeError: 'NoneType' object is not subscriptable

2025-11-14 09:01:19,796 - INFO - Total time taken: {'ret': 0, 'msg': 'success', 'data': None}
2025-11-14 09:01:19,796 - INFO - 'NoneType' object is not subscriptable
2025-11-14 09:01:19,796 - INFO - Traceback (most recent call last):
  File "/home/runner/work/qqnews/qqnews/qq.py", line 128, in main
    for i in qq1["data"]["list"]:
             ~~~~~~~~~~~^^^^^^^^
TypeError: 'NoneType' object is not subscriptable

2025-11-14 10:01:38,820 - INFO - Total time taken: {'ret': 0, 'msg': 'success', 'data': None}
2025-11-14 10:01:38,821 - INFO - 'NoneType' object is not subscriptable
2025-11-14 10:01:38,821 - INFO - Traceback (most recent call last):
  File "/home/runner/work/qqnews/qqnews/qq.py", line 128, in main
    for i in qq1["data"]["list"]:
             ~~~~~~~~~~~^^^^^^^^
TypeError: 'NoneType' object is not subscriptable

2025-11-14 11:01:31,308 - INFO - Total time taken: {'ret': 0, 'msg': 'success', 'data': None}
2025-11-14 11:01:31,308 - INFO - 'NoneType' object is not subscriptable
2025-11-14 11:01:31,308 - INFO - Traceback (most recent call last):
  File "/home/runner/work/qqnews/qqnews/qq.py", line 128, in main
    for i in qq1["data"]["list"]:
             ~~~~~~~~~~~^^^^^^^^
TypeError: 'NoneType' object is not subscriptable

2025-11-14 12:16:54,197 - INFO - Total time taken: {'ret': 0, 'msg': 'success', 'data': None}
2025-11-14 12:16:54,197 - INFO - 'NoneType' object is not subscriptable
2025-11-14 12:16:54,198 - INFO - Traceback (most recent call last):
  File "/home/runner/work/qqnews/qqnews/qq.py", line 128, in main
    for i in qq1["data"]["list"]:
             ~~~~~~~~~~~^^^^^^^^
TypeError: 'NoneType' object is not subscriptable

2025-11-14 13:22:37,961 - INFO - Total time taken: {'ret': 0, 'msg': 'success', 'data': None}
2025-11-14 13:22:37,961 - INFO - 'NoneType' object is not subscriptable
2025-11-14 13:22:37,962 - INFO - Traceback (most recent call last):
  File "/home/runner/work/qqnews/qqnews/qq.py", line 128, in main
    for i in qq1["data"]["list"]:
             ~~~~~~~~~~~^^^^^^^^
TypeError: 'NoneType' object is not subscriptable

2025-11-14 14:01:08,636 - INFO - Total time taken: {'ret': 0, 'msg': 'success', 'data': None}
2025-11-14 14:01:08,637 - INFO - 'NoneType' object is not subscriptable
2025-11-14 14:01:08,637 - INFO - Traceback (most recent call last):
  File "/home/runner/work/qqnews/qqnews/qq.py", line 128, in main
    for i in qq1["data"]["list"]:
             ~~~~~~~~~~~^^^^^^^^
TypeError: 'NoneType' object is not subscriptable

2025-11-14 15:01:25,142 - INFO - Total time taken: {'ret': 0, 'msg': 'success', 'data': None}
2025-11-14 15:01:25,142 - INFO - 'NoneType' object is not subscriptable
2025-11-14 15:01:25,143 - INFO - Traceback (most recent call last):
  File "/home/runner/work/qqnews/qqnews/qq.py", line 128, in main
    for i in qq1["data"]["list"]:
             ~~~~~~~~~~~^^^^^^^^
TypeError: 'NoneType' object is not subscriptable

2025-11-14 16:01:39,796 - INFO - Total time taken: {'ret': 0, 'msg': 'success', 'data': None}
2025-11-14 16:01:39,796 - INFO - 'NoneType' object is not subscriptable
2025-11-14 16:01:39,797 - INFO - Traceback (most recent call last):
  File "/home/runner/work/qqnews/qqnews/qq.py", line 128, in main
    for i in qq1["data"]["list"]:
             ~~~~~~~~~~~^^^^^^^^
TypeError: 'NoneType' object is not subscriptable

