2025-12-10 00:43:49,904 - INFO - Total time taken: {'ret': 0, 'msg': 'success', 'data': None}
2025-12-10 00:43:49,904 - INFO - 'NoneType' object is not subscriptable
2025-12-10 00:43:49,905 - INFO - Traceback (most recent call last):
  File "/home/runner/work/qqnews/qqnews/qq.py", line 128, in main
    for i in qq1["data"]["list"]:
             ~~~~~~~~~~~^^^^^^^^
TypeError: 'NoneType' object is not subscriptable

2025-12-10 02:44:15,838 - INFO - Total time taken: {'ret': 0, 'msg': 'success', 'data': None}
2025-12-10 02:44:15,838 - INFO - 'NoneType' object is not subscriptable
2025-12-10 02:44:15,839 - INFO - Traceback (most recent call last):
  File "/home/runner/work/qqnews/qqnews/qq.py", line 128, in main
    for i in qq1["data"]["list"]:
             ~~~~~~~~~~~^^^^^^^^
TypeError: 'NoneType' object is not subscriptable

2025-12-10 03:48:57,714 - INFO - Total time taken: {'ret': 0, 'msg': 'success', 'data': None}
2025-12-10 03:48:57,714 - INFO - 'NoneType' object is not subscriptable
2025-12-10 03:48:57,714 - INFO - Traceback (most recent call last):
  File "/home/runner/work/qqnews/qqnews/qq.py", line 128, in main
    for i in qq1["data"]["list"]:
             ~~~~~~~~~~~^^^^^^^^
TypeError: 'NoneType' object is not subscriptable

2025-12-10 04:22:43,298 - INFO - Total time taken: {'ret': 0, 'msg': 'success', 'data': None}
2025-12-10 04:22:43,299 - INFO - 'NoneType' object is not subscriptable
2025-12-10 04:22:43,299 - INFO - Traceback (most recent call last):
  File "/home/runner/work/qqnews/qqnews/qq.py", line 128, in main
    for i in qq1["data"]["list"]:
             ~~~~~~~~~~~^^^^^^^^
TypeError: 'NoneType' object is not subscriptable

2025-12-10 05:11:33,164 - INFO - Total time taken: {'ret': 0, 'msg': 'success', 'data': None}
2025-12-10 05:11:33,165 - INFO - 'NoneType' object is not subscriptable
2025-12-10 05:11:33,165 - INFO - Traceback (most recent call last):
  File "/home/runner/work/qqnews/qqnews/qq.py", line 128, in main
    for i in qq1["data"]["list"]:
             ~~~~~~~~~~~^^^^^^^^
TypeError: 'NoneType' object is not subscriptable

2025-12-10 06:15:28,812 - INFO - Total time taken: {'ret': 0, 'msg': 'success', 'data': None}
2025-12-10 06:15:28,813 - INFO - 'NoneType' object is not subscriptable
2025-12-10 06:15:28,813 - INFO - Traceback (most recent call last):
  File "/home/runner/work/qqnews/qqnews/qq.py", line 128, in main
    for i in qq1["data"]["list"]:
             ~~~~~~~~~~~^^^^^^^^
TypeError: 'NoneType' object is not subscriptable

2025-12-10 07:13:04,118 - INFO - Total time taken: {'ret': 0, 'msg': 'success', 'data': None}
2025-12-10 07:13:04,118 - INFO - 'NoneType' object is not subscriptable
2025-12-10 07:13:04,119 - INFO - Traceback (most recent call last):
  File "/home/runner/work/qqnews/qqnews/qq.py", line 128, in main
    for i in qq1["data"]["list"]:
             ~~~~~~~~~~~^^^^^^^^
TypeError: 'NoneType' object is not subscriptable

2025-12-10 08:13:49,166 - INFO - Total time taken: {'ret': 0, 'msg': 'success', 'data': None}
2025-12-10 08:13:49,166 - INFO - 'NoneType' object is not subscriptable
2025-12-10 08:13:49,167 - INFO - Traceback (most recent call last):
  File "/home/runner/work/qqnews/qqnews/qq.py", line 128, in main
    for i in qq1["data"]["list"]:
             ~~~~~~~~~~~^^^^^^^^
TypeError: 'NoneType' object is not subscriptable

2025-12-10 09:13:20,545 - INFO - Total time taken: {'ret': 0, 'msg': 'success', 'data': None}
2025-12-10 09:13:20,546 - INFO - 'NoneType' object is not subscriptable
2025-12-10 09:13:20,546 - INFO - Traceback (most recent call last):
  File "/home/runner/work/qqnews/qqnews/qq.py", line 128, in main
    for i in qq1["data"]["list"]:
             ~~~~~~~~~~~^^^^^^^^
TypeError: 'NoneType' object is not subscriptable

2025-12-10 10:01:31,055 - INFO - Total time taken: {'ret': 0, 'msg': 'success', 'data': None}
2025-12-10 10:01:31,056 - INFO - 'NoneType' object is not subscriptable
2025-12-10 10:01:31,056 - INFO - Traceback (most recent call last):
  File "/home/runner/work/qqnews/qqnews/qq.py", line 128, in main
    for i in qq1["data"]["list"]:
             ~~~~~~~~~~~^^^^^^^^
TypeError: 'NoneType' object is not subscriptable

2025-12-10 11:01:34,959 - INFO - Total time taken: {'ret': 0, 'msg': 'success', 'data': None}
2025-12-10 11:01:34,960 - INFO - 'NoneType' object is not subscriptable
2025-12-10 11:01:34,960 - INFO - Traceback (most recent call last):
  File "/home/runner/work/qqnews/qqnews/qq.py", line 128, in main
    for i in qq1["data"]["list"]:
             ~~~~~~~~~~~^^^^^^^^
TypeError: 'NoneType' object is not subscriptable

2025-12-10 12:17:51,341 - INFO - Total time taken: {'ret': 0, 'msg': 'success', 'data': None}
2025-12-10 12:17:51,342 - INFO - 'NoneType' object is not subscriptable
2025-12-10 12:17:51,342 - INFO - Traceback (most recent call last):
  File "/home/runner/work/qqnews/qqnews/qq.py", line 128, in main
    for i in qq1["data"]["list"]:
             ~~~~~~~~~~~^^^^^^^^
TypeError: 'NoneType' object is not subscriptable

