2025-06-12 00:41:31,060 - INFO - Total time taken: {'ret': 0, 'msg': 'success', 'data': None}
2025-06-12 00:41:31,060 - INFO - 'NoneType' object is not subscriptable
2025-06-12 00:41:31,060 - INFO - Traceback (most recent call last):
  File "/home/runner/work/qqnews/qqnews/qq.py", line 128, in main
    for i in qq1["data"]["list"]:
             ~~~~~~~~~~~^^^^^^^^
TypeError: 'NoneType' object is not subscriptable

2025-06-12 02:29:45,869 - INFO - Total time taken: {'ret': 0, 'msg': 'success', 'data': None}
2025-06-12 02:29:45,869 - INFO - 'NoneType' object is not subscriptable
2025-06-12 02:29:45,869 - INFO - Traceback (most recent call last):
  File "/home/runner/work/qqnews/qqnews/qq.py", line 128, in main
    for i in qq1["data"]["list"]:
             ~~~~~~~~~~~^^^^^^^^
TypeError: 'NoneType' object is not subscriptable

2025-06-12 03:40:04,696 - INFO - Total time taken: {'ret': 0, 'msg': 'success', 'data': None}
2025-06-12 03:40:04,696 - INFO - 'NoneType' object is not subscriptable
2025-06-12 03:40:04,696 - INFO - Traceback (most recent call last):
  File "/home/runner/work/qqnews/qqnews/qq.py", line 128, in main
    for i in qq1["data"]["list"]:
             ~~~~~~~~~~~^^^^^^^^
TypeError: 'NoneType' object is not subscriptable

2025-06-12 04:16:27,487 - INFO - Total time taken: {'ret': 0, 'msg': 'success', 'data': None}
2025-06-12 04:16:27,487 - INFO - 'NoneType' object is not subscriptable
2025-06-12 04:16:27,488 - INFO - Traceback (most recent call last):
  File "/home/runner/work/qqnews/qqnews/qq.py", line 128, in main
    for i in qq1["data"]["list"]:
             ~~~~~~~~~~~^^^^^^^^
TypeError: 'NoneType' object is not subscriptable

2025-06-12 05:09:38,407 - INFO - Total time taken: {'ret': 0, 'msg': 'success', 'data': None}
2025-06-12 05:09:38,407 - INFO - 'NoneType' object is not subscriptable
2025-06-12 05:09:38,407 - INFO - Traceback (most recent call last):
  File "/home/runner/work/qqnews/qqnews/qq.py", line 128, in main
    for i in qq1["data"]["list"]:
             ~~~~~~~~~~~^^^^^^^^
TypeError: 'NoneType' object is not subscriptable

2025-06-12 06:13:37,486 - INFO - Total time taken: {'ret': 0, 'msg': 'success', 'data': None}
2025-06-12 06:13:37,486 - INFO - 'NoneType' object is not subscriptable
2025-06-12 06:13:37,487 - INFO - Traceback (most recent call last):
  File "/home/runner/work/qqnews/qqnews/qq.py", line 128, in main
    for i in qq1["data"]["list"]:
             ~~~~~~~~~~~^^^^^^^^
TypeError: 'NoneType' object is not subscriptable

2025-06-12 07:09:50,809 - INFO - Total time taken: {'ret': 0, 'msg': 'success', 'data': None}
2025-06-12 07:09:50,809 - INFO - 'NoneType' object is not subscriptable
2025-06-12 07:09:50,809 - INFO - Traceback (most recent call last):
  File "/home/runner/work/qqnews/qqnews/qq.py", line 128, in main
    for i in qq1["data"]["list"]:
             ~~~~~~~~~~~^^^^^^^^
TypeError: 'NoneType' object is not subscriptable

2025-06-12 08:12:46,981 - INFO - Total time taken: {'ret': 0, 'msg': 'success', 'data': None}
2025-06-12 08:12:46,982 - INFO - 'NoneType' object is not subscriptable
2025-06-12 08:12:46,982 - INFO - Traceback (most recent call last):
  File "/home/runner/work/qqnews/qqnews/qq.py", line 128, in main
    for i in qq1["data"]["list"]:
             ~~~~~~~~~~~^^^^^^^^
TypeError: 'NoneType' object is not subscriptable

