2025-07-22 00:44:31,804 - INFO - Total time taken: {'ret': 0, 'msg': 'success', 'data': None}
2025-07-22 00:44:31,805 - INFO - 'NoneType' object is not subscriptable
2025-07-22 00:44:31,805 - INFO - Traceback (most recent call last):
  File "/home/runner/work/qqnews/qqnews/qq.py", line 128, in main
    for i in qq1["data"]["list"]:
             ~~~~~~~~~~~^^^^^^^^
TypeError: 'NoneType' object is not subscriptable

2025-07-22 02:50:38,285 - INFO - Total time taken: {'ret': 0, 'msg': 'success', 'data': None}
2025-07-22 02:50:38,285 - INFO - 'NoneType' object is not subscriptable
2025-07-22 02:50:38,285 - INFO - Traceback (most recent call last):
  File "/home/runner/work/qqnews/qqnews/qq.py", line 128, in main
    for i in qq1["data"]["list"]:
             ~~~~~~~~~~~^^^^^^^^
TypeError: 'NoneType' object is not subscriptable

2025-07-22 03:53:57,553 - INFO - Total time taken: {'ret': 0, 'msg': 'success', 'data': None}
2025-07-22 03:53:57,553 - INFO - 'NoneType' object is not subscriptable
2025-07-22 03:53:57,554 - INFO - Traceback (most recent call last):
  File "/home/runner/work/qqnews/qqnews/qq.py", line 128, in main
    for i in qq1["data"]["list"]:
             ~~~~~~~~~~~^^^^^^^^
TypeError: 'NoneType' object is not subscriptable

2025-07-22 04:28:59,613 - INFO - Total time taken: {'ret': 0, 'msg': 'success', 'data': None}
2025-07-22 04:28:59,613 - INFO - 'NoneType' object is not subscriptable
2025-07-22 04:28:59,613 - INFO - Traceback (most recent call last):
  File "/home/runner/work/qqnews/qqnews/qq.py", line 128, in main
    for i in qq1["data"]["list"]:
             ~~~~~~~~~~~^^^^^^^^
TypeError: 'NoneType' object is not subscriptable

2025-07-22 05:15:35,294 - INFO - Total time taken: {'ret': 0, 'msg': 'success', 'data': None}
2025-07-22 05:15:35,294 - INFO - 'NoneType' object is not subscriptable
2025-07-22 05:15:35,294 - INFO - Traceback (most recent call last):
  File "/home/runner/work/qqnews/qqnews/qq.py", line 128, in main
    for i in qq1["data"]["list"]:
             ~~~~~~~~~~~^^^^^^^^
TypeError: 'NoneType' object is not subscriptable

2025-07-22 06:14:30,390 - INFO - Total time taken: {'ret': 0, 'msg': 'success', 'data': None}
2025-07-22 06:14:30,390 - INFO - 'NoneType' object is not subscriptable
2025-07-22 06:14:30,391 - INFO - Traceback (most recent call last):
  File "/home/runner/work/qqnews/qqnews/qq.py", line 128, in main
    for i in qq1["data"]["list"]:
             ~~~~~~~~~~~^^^^^^^^
TypeError: 'NoneType' object is not subscriptable

2025-07-22 07:14:01,409 - INFO - Total time taken: {'ret': 0, 'msg': 'success', 'data': None}
2025-07-22 07:14:01,410 - INFO - 'NoneType' object is not subscriptable
2025-07-22 07:14:01,410 - INFO - Traceback (most recent call last):
  File "/home/runner/work/qqnews/qqnews/qq.py", line 128, in main
    for i in qq1["data"]["list"]:
             ~~~~~~~~~~~^^^^^^^^
TypeError: 'NoneType' object is not subscriptable

2025-07-22 08:13:49,079 - INFO - Total time taken: {'ret': 0, 'msg': 'success', 'data': None}
2025-07-22 08:13:49,079 - INFO - 'NoneType' object is not subscriptable
2025-07-22 08:13:49,079 - INFO - Traceback (most recent call last):
  File "/home/runner/work/qqnews/qqnews/qq.py", line 128, in main
    for i in qq1["data"]["list"]:
             ~~~~~~~~~~~^^^^^^^^
TypeError: 'NoneType' object is not subscriptable

2025-07-22 09:14:47,307 - INFO - Total time taken: {'ret': 0, 'msg': 'success', 'data': None}
2025-07-22 09:14:47,307 - INFO - 'NoneType' object is not subscriptable
2025-07-22 09:14:47,308 - INFO - Traceback (most recent call last):
  File "/home/runner/work/qqnews/qqnews/qq.py", line 128, in main
    for i in qq1["data"]["list"]:
             ~~~~~~~~~~~^^^^^^^^
TypeError: 'NoneType' object is not subscriptable

2025-07-22 10:10:20,871 - INFO - Total time taken: {'ret': 0, 'msg': 'success', 'data': None}
2025-07-22 10:10:20,871 - INFO - 'NoneType' object is not subscriptable
2025-07-22 10:10:20,871 - INFO - Traceback (most recent call last):
  File "/home/runner/work/qqnews/qqnews/qq.py", line 128, in main
    for i in qq1["data"]["list"]:
             ~~~~~~~~~~~^^^^^^^^
TypeError: 'NoneType' object is not subscriptable

2025-07-22 11:01:07,249 - INFO - Total time taken: {'ret': 0, 'msg': 'success', 'data': None}
2025-07-22 11:01:07,249 - INFO - 'NoneType' object is not subscriptable
2025-07-22 11:01:07,250 - INFO - Traceback (most recent call last):
  File "/home/runner/work/qqnews/qqnews/qq.py", line 128, in main
    for i in qq1["data"]["list"]:
             ~~~~~~~~~~~^^^^^^^^
TypeError: 'NoneType' object is not subscriptable

2025-07-22 12:17:02,445 - INFO - Total time taken: {'ret': 0, 'msg': 'success', 'data': None}
2025-07-22 12:17:02,445 - INFO - 'NoneType' object is not subscriptable
2025-07-22 12:17:02,446 - INFO - Traceback (most recent call last):
  File "/home/runner/work/qqnews/qqnews/qq.py", line 128, in main
    for i in qq1["data"]["list"]:
             ~~~~~~~~~~~^^^^^^^^
TypeError: 'NoneType' object is not subscriptable

2025-07-22 13:30:49,030 - INFO - Total time taken: {'ret': 0, 'msg': 'success', 'data': None}
2025-07-22 13:30:49,030 - INFO - 'NoneType' object is not subscriptable
2025-07-22 13:30:49,030 - INFO - Traceback (most recent call last):
  File "/home/runner/work/qqnews/qqnews/qq.py", line 128, in main
    for i in qq1["data"]["list"]:
             ~~~~~~~~~~~^^^^^^^^
TypeError: 'NoneType' object is not subscriptable

2025-07-22 14:12:19,868 - INFO - Total time taken: {'ret': 0, 'msg': 'success', 'data': None}
2025-07-22 14:12:19,869 - INFO - 'NoneType' object is not subscriptable
2025-07-22 14:12:19,869 - INFO - Traceback (most recent call last):
  File "/home/runner/work/qqnews/qqnews/qq.py", line 128, in main
    for i in qq1["data"]["list"]:
             ~~~~~~~~~~~^^^^^^^^
TypeError: 'NoneType' object is not subscriptable

2025-07-22 15:09:52,365 - INFO - Total time taken: {'ret': 0, 'msg': 'success', 'data': None}
2025-07-22 15:09:52,365 - INFO - 'NoneType' object is not subscriptable
2025-07-22 15:09:52,365 - INFO - Traceback (most recent call last):
  File "/home/runner/work/qqnews/qqnews/qq.py", line 128, in main
    for i in qq1["data"]["list"]:
             ~~~~~~~~~~~^^^^^^^^
TypeError: 'NoneType' object is not subscriptable

2025-07-22 16:11:26,284 - INFO - Total time taken: {'ret': 0, 'msg': 'success', 'data': None}
2025-07-22 16:11:26,284 - INFO - 'NoneType' object is not subscriptable
2025-07-22 16:11:26,284 - INFO - Traceback (most recent call last):
  File "/home/runner/work/qqnews/qqnews/qq.py", line 128, in main
    for i in qq1["data"]["list"]:
             ~~~~~~~~~~~^^^^^^^^
TypeError: 'NoneType' object is not subscriptable

2025-07-22 17:12:03,943 - INFO - Total time taken: {'ret': 0, 'msg': 'success', 'data': None}
2025-07-22 17:12:03,943 - INFO - 'NoneType' object is not subscriptable
2025-07-22 17:12:03,944 - INFO - Traceback (most recent call last):
  File "/home/runner/work/qqnews/qqnews/qq.py", line 128, in main
    for i in qq1["data"]["list"]:
             ~~~~~~~~~~~^^^^^^^^
TypeError: 'NoneType' object is not subscriptable

2025-07-22 18:13:10,876 - INFO - Total time taken: {'ret': 0, 'msg': 'success', 'data': None}
2025-07-22 18:13:10,876 - INFO - 'NoneType' object is not subscriptable
2025-07-22 18:13:10,877 - INFO - Traceback (most recent call last):
  File "/home/runner/work/qqnews/qqnews/qq.py", line 128, in main
    for i in qq1["data"]["list"]:
             ~~~~~~~~~~~^^^^^^^^
TypeError: 'NoneType' object is not subscriptable

2025-07-22 19:09:54,642 - INFO - Total time taken: {'ret': 0, 'msg': 'success', 'data': None}
2025-07-22 19:09:54,642 - INFO - 'NoneType' object is not subscriptable
2025-07-22 19:09:54,642 - INFO - Traceback (most recent call last):
  File "/home/runner/work/qqnews/qqnews/qq.py", line 128, in main
    for i in qq1["data"]["list"]:
             ~~~~~~~~~~~^^^^^^^^
TypeError: 'NoneType' object is not subscriptable

2025-07-22 20:10:41,703 - INFO - Total time taken: {'ret': 0, 'msg': 'success', 'data': None}
2025-07-22 20:10:41,703 - INFO - 'NoneType' object is not subscriptable
2025-07-22 20:10:41,703 - INFO - Traceback (most recent call last):
  File "/home/runner/work/qqnews/qqnews/qq.py", line 128, in main
    for i in qq1["data"]["list"]:
             ~~~~~~~~~~~^^^^^^^^
TypeError: 'NoneType' object is not subscriptable

