2026-01-31 00:51:43,128 - INFO - Total time taken: {'ret': 0, 'msg': 'success', 'data': None}
2026-01-31 00:51:43,128 - INFO - 'NoneType' object is not subscriptable
2026-01-31 00:51:43,129 - INFO - Traceback (most recent call last):
  File "/home/runner/work/qqnews/qqnews/qq.py", line 128, in main
    for i in qq1["data"]["list"]:
             ~~~~~~~~~~~^^^^^^^^
TypeError: 'NoneType' object is not subscriptable

2026-01-31 03:12:02,996 - INFO - Total time taken: {'ret': 0, 'msg': 'success', 'data': None}
2026-01-31 03:12:02,996 - INFO - 'NoneType' object is not subscriptable
2026-01-31 03:12:02,997 - INFO - Traceback (most recent call last):
  File "/home/runner/work/qqnews/qqnews/qq.py", line 128, in main
    for i in qq1["data"]["list"]:
             ~~~~~~~~~~~^^^^^^^^
TypeError: 'NoneType' object is not subscriptable

2026-01-31 04:54:18,766 - INFO - Total time taken: {'ret': 0, 'msg': 'success', 'data': None}
2026-01-31 04:54:18,766 - INFO - 'NoneType' object is not subscriptable
2026-01-31 04:54:18,767 - INFO - Traceback (most recent call last):
  File "/home/runner/work/qqnews/qqnews/qq.py", line 128, in main
    for i in qq1["data"]["list"]:
             ~~~~~~~~~~~^^^^^^^^
TypeError: 'NoneType' object is not subscriptable

2026-01-31 05:30:12,586 - INFO - Total time taken: {'ret': 0, 'msg': 'success', 'data': None}
2026-01-31 05:30:12,586 - INFO - 'NoneType' object is not subscriptable
2026-01-31 05:30:12,586 - INFO - Traceback (most recent call last):
  File "/home/runner/work/qqnews/qqnews/qq.py", line 128, in main
    for i in qq1["data"]["list"]:
             ~~~~~~~~~~~^^^^^^^^
TypeError: 'NoneType' object is not subscriptable

2026-01-31 06:22:05,205 - INFO - Total time taken: {'ret': 0, 'msg': 'success', 'data': None}
2026-01-31 06:22:05,205 - INFO - 'NoneType' object is not subscriptable
2026-01-31 06:22:05,206 - INFO - Traceback (most recent call last):
  File "/home/runner/work/qqnews/qqnews/qq.py", line 128, in main
    for i in qq1["data"]["list"]:
             ~~~~~~~~~~~^^^^^^^^
TypeError: 'NoneType' object is not subscriptable

2026-01-31 07:19:17,743 - INFO - Total time taken: {'ret': 0, 'msg': 'success', 'data': None}
2026-01-31 07:19:17,744 - INFO - 'NoneType' object is not subscriptable
2026-01-31 07:19:17,744 - INFO - Traceback (most recent call last):
  File "/home/runner/work/qqnews/qqnews/qq.py", line 128, in main
    for i in qq1["data"]["list"]:
             ~~~~~~~~~~~^^^^^^^^
TypeError: 'NoneType' object is not subscriptable

