2025-12-18 00:40:16,048 - INFO - Total time taken: {'ret': 0, 'msg': 'success', 'data': None}
2025-12-18 00:40:16,048 - INFO - 'NoneType' object is not subscriptable
2025-12-18 00:40:16,048 - INFO - Traceback (most recent call last):
  File "/home/runner/work/qqnews/qqnews/qq.py", line 128, in main
    for i in qq1["data"]["list"]:
             ~~~~~~~~~~~^^^^^^^^
TypeError: 'NoneType' object is not subscriptable

2025-12-18 02:30:13,107 - INFO - Total time taken: {'ret': 0, 'msg': 'success', 'data': None}
2025-12-18 02:30:13,107 - INFO - 'NoneType' object is not subscriptable
2025-12-18 02:30:13,108 - INFO - Traceback (most recent call last):
  File "/home/runner/work/qqnews/qqnews/qq.py", line 128, in main
    for i in qq1["data"]["list"]:
             ~~~~~~~~~~~^^^^^^^^
TypeError: 'NoneType' object is not subscriptable

2025-12-18 03:48:24,734 - INFO - Total time taken: {'ret': 0, 'msg': 'success', 'data': None}
2025-12-18 03:48:24,734 - INFO - 'NoneType' object is not subscriptable
2025-12-18 03:48:24,735 - INFO - Traceback (most recent call last):
  File "/home/runner/work/qqnews/qqnews/qq.py", line 128, in main
    for i in qq1["data"]["list"]:
             ~~~~~~~~~~~^^^^^^^^
TypeError: 'NoneType' object is not subscriptable

2025-12-18 04:23:04,670 - INFO - Total time taken: {'ret': 0, 'msg': 'success', 'data': None}
2025-12-18 04:23:04,670 - INFO - 'NoneType' object is not subscriptable
2025-12-18 04:23:04,671 - INFO - Traceback (most recent call last):
  File "/home/runner/work/qqnews/qqnews/qq.py", line 128, in main
    for i in qq1["data"]["list"]:
             ~~~~~~~~~~~^^^^^^^^
TypeError: 'NoneType' object is not subscriptable

2025-12-18 05:12:10,577 - INFO - Total time taken: {'ret': 0, 'msg': 'success', 'data': None}
2025-12-18 05:12:10,577 - INFO - 'NoneType' object is not subscriptable
2025-12-18 05:12:10,577 - INFO - Traceback (most recent call last):
  File "/home/runner/work/qqnews/qqnews/qq.py", line 128, in main
    for i in qq1["data"]["list"]:
             ~~~~~~~~~~~^^^^^^^^
TypeError: 'NoneType' object is not subscriptable

2025-12-18 06:15:13,909 - INFO - Total time taken: {'ret': 0, 'msg': 'success', 'data': None}
2025-12-18 06:15:13,909 - INFO - 'NoneType' object is not subscriptable
2025-12-18 06:15:13,909 - INFO - Traceback (most recent call last):
  File "/home/runner/work/qqnews/qqnews/qq.py", line 128, in main
    for i in qq1["data"]["list"]:
             ~~~~~~~~~~~^^^^^^^^
TypeError: 'NoneType' object is not subscriptable

2025-12-18 07:12:59,667 - INFO - Total time taken: {'ret': 0, 'msg': 'success', 'data': None}
2025-12-18 07:12:59,667 - INFO - 'NoneType' object is not subscriptable
2025-12-18 07:12:59,668 - INFO - Traceback (most recent call last):
  File "/home/runner/work/qqnews/qqnews/qq.py", line 128, in main
    for i in qq1["data"]["list"]:
             ~~~~~~~~~~~^^^^^^^^
TypeError: 'NoneType' object is not subscriptable

2025-12-18 08:14:12,715 - INFO - Total time taken: {'ret': 0, 'msg': 'success', 'data': None}
2025-12-18 08:14:12,716 - INFO - 'NoneType' object is not subscriptable
2025-12-18 08:14:12,716 - INFO - Traceback (most recent call last):
  File "/home/runner/work/qqnews/qqnews/qq.py", line 128, in main
    for i in qq1["data"]["list"]:
             ~~~~~~~~~~~^^^^^^^^
TypeError: 'NoneType' object is not subscriptable

