2025-08-10 00:49:53,329 - INFO - Total time taken: {'ret': 0, 'msg': 'success', 'data': None}
2025-08-10 00:49:53,329 - INFO - 'NoneType' object is not subscriptable
2025-08-10 00:49:53,330 - INFO - Traceback (most recent call last):
  File "/home/runner/work/qqnews/qqnews/qq.py", line 128, in main
    for i in qq1["data"]["list"]:
             ~~~~~~~~~~~^^^^^^^^
TypeError: 'NoneType' object is not subscriptable

2025-08-10 02:57:56,056 - INFO - Total time taken: {'ret': 0, 'msg': 'success', 'data': None}
2025-08-10 02:57:56,056 - INFO - 'NoneType' object is not subscriptable
2025-08-10 02:57:56,056 - INFO - Traceback (most recent call last):
  File "/home/runner/work/qqnews/qqnews/qq.py", line 128, in main
    for i in qq1["data"]["list"]:
             ~~~~~~~~~~~^^^^^^^^
TypeError: 'NoneType' object is not subscriptable

2025-08-10 04:00:12,447 - INFO - Total time taken: {'ret': 0, 'msg': 'success', 'data': None}
2025-08-10 04:00:12,447 - INFO - 'NoneType' object is not subscriptable
2025-08-10 04:00:12,448 - INFO - Traceback (most recent call last):
  File "/home/runner/work/qqnews/qqnews/qq.py", line 128, in main
    for i in qq1["data"]["list"]:
             ~~~~~~~~~~~^^^^^^^^
TypeError: 'NoneType' object is not subscriptable

2025-08-10 04:39:16,250 - INFO - Total time taken: {'ret': 0, 'msg': 'success', 'data': None}
2025-08-10 04:39:16,250 - INFO - 'NoneType' object is not subscriptable
2025-08-10 04:39:16,250 - INFO - Traceback (most recent call last):
  File "/home/runner/work/qqnews/qqnews/qq.py", line 128, in main
    for i in qq1["data"]["list"]:
             ~~~~~~~~~~~^^^^^^^^
TypeError: 'NoneType' object is not subscriptable

2025-08-10 05:14:36,704 - INFO - Total time taken: {'ret': 0, 'msg': 'success', 'data': None}
2025-08-10 05:14:36,704 - INFO - 'NoneType' object is not subscriptable
2025-08-10 05:14:36,704 - INFO - Traceback (most recent call last):
  File "/home/runner/work/qqnews/qqnews/qq.py", line 128, in main
    for i in qq1["data"]["list"]:
             ~~~~~~~~~~~^^^^^^^^
TypeError: 'NoneType' object is not subscriptable

2025-08-10 06:12:51,410 - INFO - Total time taken: {'ret': 0, 'msg': 'success', 'data': None}
2025-08-10 06:12:51,410 - INFO - 'NoneType' object is not subscriptable
2025-08-10 06:12:51,410 - INFO - Traceback (most recent call last):
  File "/home/runner/work/qqnews/qqnews/qq.py", line 128, in main
    for i in qq1["data"]["list"]:
             ~~~~~~~~~~~^^^^^^^^
TypeError: 'NoneType' object is not subscriptable

