2026-05-27 02:48:27,406 - INFO - Total time taken: {'ret': 0, 'msg': 'success', 'data': None}
2026-05-27 02:48:27,406 - INFO - 'NoneType' object is not subscriptable
2026-05-27 02:48:27,407 - INFO - Traceback (most recent call last):
  File "/home/runner/work/qqnews/qqnews/qq.py", line 128, in main
    for i in qq1["data"]["list"]:
             ~~~~~~~~~~~^^^^^^^^
TypeError: 'NoneType' object is not subscriptable

2026-05-27 06:50:39,973 - INFO - Total time taken: {'ret': 0, 'msg': 'success', 'data': None}
2026-05-27 06:50:39,973 - INFO - 'NoneType' object is not subscriptable
2026-05-27 06:50:39,973 - INFO - Traceback (most recent call last):
  File "/home/runner/work/qqnews/qqnews/qq.py", line 128, in main
    for i in qq1["data"]["list"]:
             ~~~~~~~~~~~^^^^^^^^
TypeError: 'NoneType' object is not subscriptable

2026-05-27 10:43:19,377 - INFO - Total time taken: {'ret': 0, 'msg': 'success', 'data': None}
2026-05-27 10:43:19,377 - INFO - 'NoneType' object is not subscriptable
2026-05-27 10:43:19,377 - INFO - Traceback (most recent call last):
  File "/home/runner/work/qqnews/qqnews/qq.py", line 128, in main
    for i in qq1["data"]["list"]:
             ~~~~~~~~~~~^^^^^^^^
TypeError: 'NoneType' object is not subscriptable

2026-05-27 14:15:09,980 - INFO - Total time taken: {'ret': 0, 'msg': 'success', 'data': None}
2026-05-27 14:15:09,980 - INFO - 'NoneType' object is not subscriptable
2026-05-27 14:15:09,980 - INFO - Traceback (most recent call last):
  File "/home/runner/work/qqnews/qqnews/qq.py", line 128, in main
    for i in qq1["data"]["list"]:
             ~~~~~~~~~~~^^^^^^^^
TypeError: 'NoneType' object is not subscriptable

2026-05-27 17:47:49,428 - INFO - Total time taken: {'ret': 0, 'msg': 'success', 'data': None}
2026-05-27 17:47:49,428 - INFO - 'NoneType' object is not subscriptable
2026-05-27 17:47:49,429 - INFO - Traceback (most recent call last):
  File "/home/runner/work/qqnews/qqnews/qq.py", line 128, in main
    for i in qq1["data"]["list"]:
             ~~~~~~~~~~~^^^^^^^^
TypeError: 'NoneType' object is not subscriptable

2026-05-27 19:53:27,020 - INFO - Total time taken: {'ret': 0, 'msg': 'success', 'data': None}
2026-05-27 19:53:27,020 - INFO - 'NoneType' object is not subscriptable
2026-05-27 19:53:27,020 - INFO - Traceback (most recent call last):
  File "/home/runner/work/qqnews/qqnews/qq.py", line 128, in main
    for i in qq1["data"]["list"]:
             ~~~~~~~~~~~^^^^^^^^
TypeError: 'NoneType' object is not subscriptable

2026-05-27 21:30:16,597 - INFO - Total time taken: {'ret': 0, 'msg': 'success', 'data': None}
2026-05-27 21:30:16,597 - INFO - 'NoneType' object is not subscriptable
2026-05-27 21:30:16,598 - INFO - Traceback (most recent call last):
  File "/home/runner/work/qqnews/qqnews/qq.py", line 128, in main
    for i in qq1["data"]["list"]:
             ~~~~~~~~~~~^^^^^^^^
TypeError: 'NoneType' object is not subscriptable

2026-05-27 23:05:41,331 - INFO - Total time taken: {'ret': 0, 'msg': 'success', 'data': None}
2026-05-27 23:05:41,331 - INFO - 'NoneType' object is not subscriptable
2026-05-27 23:05:41,332 - INFO - Traceback (most recent call last):
  File "/home/runner/work/qqnews/qqnews/qq.py", line 128, in main
    for i in qq1["data"]["list"]:
             ~~~~~~~~~~~^^^^^^^^
TypeError: 'NoneType' object is not subscriptable

