2025-10-31 00:40:14,021 - INFO - Total time taken: {'ret': 0, 'msg': 'success', 'data': None}
2025-10-31 00:40:14,021 - INFO - 'NoneType' object is not subscriptable
2025-10-31 00:40:14,022 - INFO - Traceback (most recent call last):
  File "/home/runner/work/qqnews/qqnews/qq.py", line 128, in main
    for i in qq1["data"]["list"]:
             ~~~~~~~~~~~^^^^^^^^
TypeError: 'NoneType' object is not subscriptable

2025-10-31 02:23:46,463 - INFO - Total time taken: {'ret': 0, 'msg': 'success', 'data': None}
2025-10-31 02:23:46,463 - INFO - 'NoneType' object is not subscriptable
2025-10-31 02:23:46,464 - INFO - Traceback (most recent call last):
  File "/home/runner/work/qqnews/qqnews/qq.py", line 128, in main
    for i in qq1["data"]["list"]:
             ~~~~~~~~~~~^^^^^^^^
TypeError: 'NoneType' object is not subscriptable

2025-10-31 03:37:17,021 - INFO - Total time taken: {'ret': 0, 'msg': 'success', 'data': None}
2025-10-31 03:37:17,022 - INFO - 'NoneType' object is not subscriptable
2025-10-31 03:37:17,022 - INFO - Traceback (most recent call last):
  File "/home/runner/work/qqnews/qqnews/qq.py", line 128, in main
    for i in qq1["data"]["list"]:
             ~~~~~~~~~~~^^^^^^^^
TypeError: 'NoneType' object is not subscriptable

2025-10-31 04:12:13,652 - INFO - Total time taken: {'ret': 0, 'msg': 'success', 'data': None}
2025-10-31 04:12:13,652 - INFO - 'NoneType' object is not subscriptable
2025-10-31 04:12:13,653 - INFO - Traceback (most recent call last):
  File "/home/runner/work/qqnews/qqnews/qq.py", line 128, in main
    for i in qq1["data"]["list"]:
             ~~~~~~~~~~~^^^^^^^^
TypeError: 'NoneType' object is not subscriptable

2025-10-31 05:01:21,571 - INFO - Total time taken: {'ret': 0, 'msg': 'success', 'data': None}
2025-10-31 05:01:21,572 - INFO - 'NoneType' object is not subscriptable
2025-10-31 05:01:21,572 - INFO - Traceback (most recent call last):
  File "/home/runner/work/qqnews/qqnews/qq.py", line 128, in main
    for i in qq1["data"]["list"]:
             ~~~~~~~~~~~^^^^^^^^
TypeError: 'NoneType' object is not subscriptable

2025-10-31 06:13:40,384 - INFO - Total time taken: {'ret': 0, 'msg': 'success', 'data': None}
2025-10-31 06:13:40,384 - INFO - 'NoneType' object is not subscriptable
2025-10-31 06:13:40,385 - INFO - Traceback (most recent call last):
  File "/home/runner/work/qqnews/qqnews/qq.py", line 128, in main
    for i in qq1["data"]["list"]:
             ~~~~~~~~~~~^^^^^^^^
TypeError: 'NoneType' object is not subscriptable

