2024-12-11 00:38:15,924 - INFO - EXPIRED
被外籍留学生猥亵的女子发声：他在派出所耍酒疯，警方让其限期出境
https://new.qq.com/rain/a/20241210A0A03H00

2024-12-11 00:38:15,924 - INFO - EXPIRED
中国女子在国外旅行探出火车摆拍时坠落，朋友拍下惊险瞬间
https://new.qq.com/rain/a/20241210V09LKY00

2024-12-11 00:38:15,924 - INFO - EXPIRED
巴西总统卢拉手术后状况良好 已能说话和进食
https://new.qq.com/rain/a/20241210A09T9M00

2024-12-11 00:38:15,924 - INFO - EXPIRED
“被老师砸破头骨”女孩母亲称已提交抗诉申请书：希望能从严从重处罚
https://new.qq.com/rain/a/20241210V09S1100

2024-12-11 00:38:15,924 - INFO - EXPIRED
“稳住楼市”还需要什么政策？一线：提前还贷有所减少但仍处高位，业内：还需降利率
https://new.qq.com/rain/a/20241210A09JIZ00

2024-12-11 00:38:15,924 - INFO - EXPIRED
张家辉、周润发降价急售香港豪宅，为何都着急甩卖？有何讲究？
https://view.inews.qq.com/a/20241210Q06MMQ00

2024-12-11 00:38:15,924 - INFO - EXPIRED
广州电动自行车将限速15公里 专家建议外卖平台调整考核，考虑限速
https://new.qq.com/rain/a/20241210A09ZX800

2024-12-11 00:38:15,924 - INFO - EXPIRED
深圳福田区长回应盲道“瞎滑”
https://new.qq.com/rain/a/20241210A09YFR00

2024-12-11 00:38:15,924 - INFO - EXPIRED
密集上新，银行大额存单“又香了”
https://new.qq.com/rain/a/20241210A09G6Z00

2024-12-11 00:38:15,924 - INFO - EXPIRED
英国《自然》杂志评出年度十大人物，两名中国人上榜
https://new.qq.com/rain/a/20241210A0A12500

2024-12-11 00:38:15,924 - INFO - EXPIRED
湖北男子夜驰8小时逃离叙利亚：5人花200美元租了车 刚过境口岸就关了
https://new.qq.com/rain/a/20241210A06FS300

2024-12-11 00:38:15,925 - INFO - EXPIRED
贵州一村民家中发生地陷，村干部：村里有30多个塌陷坑，最大有20米宽
https://new.qq.com/rain/a/20241210A09SSF00

2024-12-11 00:38:15,925 - INFO - EXPIRED
个人养老金制度全面实施在即：社会对制度优化抱有较大期待
https://new.qq.com/rain/a/20241210A0479500

2024-12-11 00:38:15,925 - INFO - EXPIRED
李在明：尹锡悦不必要地加剧了与中国的紧张关系
https://new.qq.com/rain/a/20241210A07LAT00

2024-12-11 00:38:15,925 - INFO - EXPIRED
制售“八宝丹”，福建四名公职人员获刑，一教师被判刑8年罚款80万元
https://new.qq.com/rain/a/20241210A09N6M00

2024-12-11 00:38:15,925 - INFO - EXPIRED
印度防长辛格：印度决定扩大与俄罗斯的合作，将永远与俄方站在一起
https://new.qq.com/rain/a/20241210A09IJ200

2024-12-11 00:38:15,925 - INFO - EXPIRED
上海一男子自称按摩被诱供认定嫖娼后上诉，要求警方拿出执法录像遭拒
https://new.qq.com/rain/a/20241210A08MRV00

2024-12-11 00:38:15,925 - INFO - EXPIRED
“贪”字当选台湾2024年度代表字
https://new.qq.com/rain/a/20241210A09P0R00

2024-12-11 00:38:15,925 - INFO - EXPIRED
黑龙江林口县有牛被不明动物咬伤，当地发布“防虎须知”，离勃利县老虎咬人村庄仅约60公里
https://new.qq.com/rain/a/20241210A09EE700

2024-12-11 00:38:15,925 - INFO - EXPIRED
央行出手，时隔半年再买超4吨黄金！金价还会涨吗
https://new.qq.com/rain/a/20241210A08VEF00

2024-12-11 00:38:15,925 - INFO - EXPIRED
韩国执政党规划尹锡悦有序退出，能成功吗？在野党会如何反制？
https://view.inews.qq.com/a/20241210Q08UN500

2024-12-11 00:38:15,925 - INFO - EXPIRED
履职仅月余，宁方刚不再担任国家医保基金社会监督员
https://new.qq.com/rain/a/20241210A0784Z00

2024-12-11 00:38:15,925 - INFO - EXPIRED
被联合国批死刑执行方式残忍，日本人怒了：凭什么教我们做事
https://new.qq.com/rain/a/20241210A0723X00

2024-12-11 00:38:15,925 - INFO - EXPIRED
大学超市老板要求食堂涨价，被拒后将对方档口挤出学校？济南大学回应
https://new.qq.com/rain/a/20241210A068WW00

2024-12-11 00:38:15,925 - INFO - EXPIRED
尘肺病人被困床上四年后拔掉氧气管，这病难治在哪？该如何预防？
https://view.inews.qq.com/a/20241210Q06MVY00

2024-12-11 00:38:15,925 - INFO - EXPIRED
“网红”文旅局长刘克斌任沈阳市副市长
https://new.qq.com/rain/a/20241210A09AT800

2024-12-11 00:38:15,925 - INFO - EXPIRED
19岁男子被处级干部舅舅安排当副主任？中国水电九局：信息不属实
https://new.qq.com/rain/a/20241210A08C0M00

2024-12-11 00:38:15,925 - INFO - EXPIRED
黑龙江一市财政局报案被人诈骗近3000万元 检方：有欺诈性质但不起诉
https://new.qq.com/rain/a/20241210A059SN00

2024-12-11 00:38:15,925 - INFO - EXPIRED
中华口腔医学会被曝只要交钱就能入会，这是个什么组织？能信吗？
https://view.inews.qq.com/a/20241210Q01HYU00

2024-12-11 00:38:15,925 - INFO - EXPIRED
银行接通知：本月中旬将召开全面实施个人养老金制度视频会
https://new.qq.com/rain/a/20241210A07KY400

2024-12-11 00:38:15,925 - INFO - EXPIRED
在西藏工作47年的吴英杰，被批严重影响西藏高质量发展、助长贪腐滋长
https://new.qq.com/rain/a/20241210A073LI00

2024-12-11 00:38:15,925 - INFO - EXPIRED
特鲁多：如果特朗普征收25%的关税，加拿大将反击
https://new.qq.com/rain/a/20241210A056UH00

2024-12-11 00:38:15,925 - INFO - EXPIRED
檀健次主演的《猎罪图鉴2》开播，还有哪些未破悬案可以改编？
https://view.inews.qq.com/a/20241210Q067FG00

2024-12-11 00:38:15,925 - INFO - EXPIRED
贵州一女子放火烧山，称有人上山扑火后会留下塑料瓶，可以捡来拿去卖
https://new.qq.com/rain/a/20241210A03P8900

2024-12-11 00:38:15,925 - INFO - EXPIRED
杭州一男子骑摩托车撞上护栏坠桥身亡，警方：遗体已打捞上岸
https://new.qq.com/rain/a/20241210V080RG00

2024-12-11 00:38:15,925 - INFO - EXPIRED
网红死亡当天曾到整形医院抽脂，现在抽脂技术成熟吗？如何避坑？
https://view.inews.qq.com/a/20241210Q04DBD00

2024-12-11 00:38:15,925 - INFO - EXPIRED
英媒：巴西总统卢拉接受脑出血手术
https://new.qq.com/rain/a/20241210A07C1V00

2024-12-11 00:38:15,925 - INFO - EXPIRED
男子为80万奖金参加自律挑战，连败3次倒亏2万，算欺诈吗？
https://view.inews.qq.com/a/20241210Q02HH100

2024-12-11 00:38:15,925 - INFO - EXPIRED
4S店爆雷后：银行与车主上演抢车大战，未能提车车主轮番睡车里盯梢
https://new.qq.com/rain/a/20241210A053Q200

2024-12-11 00:38:15,925 - INFO - EXPIRED
19岁男子被处级干部舅舅安排当副主任，4年后入编？贵阳水电九局回应
https://new.qq.com/rain/a/20241210A05RFS00

2024-12-11 00:38:15,925 - INFO - EXPIRED
判处有期徒刑12年 光大集团原董事长唐双宁贪污、受贿案一审宣判
https://new.qq.com/rain/a/20241210A06UNZ00

2024-12-11 00:38:15,925 - INFO - EXPIRED
史无前例！内塔尼亚胡首度出庭作证
https://new.qq.com/rain/a/20241210A066SZ00

2024-12-11 00:38:15,925 - INFO - EXPIRED
中铁十四局在山东完成1.45万亩土地冬种，基建央企为何要种地？
https://view.inews.qq.com/a/20241210Q01T8V00

2024-12-11 00:38:15,925 - INFO - EXPIRED
台当局声称大陆在台岛周边海域部署的舰艇规模超过2022年军事演习规模，外交部回应
https://new.qq.com/rain/a/20241210A05NSK00

2024-12-11 00:38:15,925 - INFO - EXPIRED
七部门发文加强教师待遇保障 将符合条件教师纳入城镇住房保障范围
https://new.qq.com/rain/a/20241210A06AUA00

2024-12-11 00:38:15,925 - INFO - EXPIRED
被困在床上四年后，一个尘肺病人决定拔掉氧气管
https://new.qq.com/rain/a/20241210A05ME800

2024-12-11 00:38:15,925 - INFO - EXPIRED
中纪委“打虎”三连发
https://new.qq.com/rain/a/20241210A064JZ00

2024-12-11 00:38:15,925 - INFO - EXPIRED
韩国前防长金龙显放弃拘捕前审查，这意味着什么？为何会做这种选择？
https://view.inews.qq.com/a/20241210Q03FSI00

2024-12-11 00:38:15,925 - INFO - EXPIRED
农业农村部原部长唐仁健被决定逮捕！被批“部署不力”“盲目决策”
https://new.qq.com/rain/a/20241210A05CCU00

2024-12-11 00:38:15,925 - INFO - EXPIRED
许昌一眼科医院被指给转诊医生提成，市监局立案调查
https://new.qq.com/rain/a/20241210A04OZF00

2024-12-11 00:38:15,925 - INFO - EXPIRED
监控曝光！网传湖南一渣土车侧翻与公交车相撞伤亡不明，当地应急回应
https://new.qq.com/rain/a/20241210V05HUY00

2024-12-11 00:38:15,925 - INFO - EXPIRED
三男子铺电网非法猎野猪，一人触电身亡，两同伴被判拘役并分别赔10万
https://new.qq.com/rain/a/20241210A04F0V00

2024-12-11 00:38:15,925 - INFO - EXPIRED
“适度宽松”和“更加积极”政策组合敲定，离岸人民币汇率升穿7.25
https://new.qq.com/rain/a/20241210A04EOX00

2024-12-11 00:38:15,925 - INFO - EXPIRED
“药王谷”患癌者死亡人数已达30人，发起人：患者过于乐观
https://new.qq.com/rain/a/20241210A04HLK00

2024-12-11 00:38:15,925 - INFO - EXPIRED
江苏沛县一女政协常委遭举报文凭造假后，又被曝出“隐瞒党员身份”
https://new.qq.com/rain/a/20241210A04XQM00

2024-12-11 00:38:15,925 - INFO - EXPIRED
网传深圳一30多岁独居女子被发现在出租屋身亡，当地警方回应
https://new.qq.com/rain/a/20241210A03JHF00

2024-12-11 00:38:15,925 - INFO - EXPIRED
“碰瓷”？小米YU7目前正在进行大规模路测，YU7商标已遭抢注
https://new.qq.com/rain/a/20241210A02YAJ00

2024-12-11 00:38:15,925 - INFO - EXPIRED
记者探访“俄罗斯特产商店”：肉肠产地在黑龙江，奶粉生产商在甘肃
https://new.qq.com/rain/a/20241209A08ULG00

2024-12-11 00:38:15,925 - INFO - EXPIRED
王金平发表“两岸和平倡议”
https://new.qq.com/rain/a/20241209A00YCT00

2024-12-11 00:38:15,925 - INFO - EXPIRED
男子为生意周转借850万高利贷，被执行2400多万，因无力偿还被判刑
https://new.qq.com/rain/a/20241209A057DT00

2024-12-11 00:38:15,925 - INFO - EXPIRED
员工误开紫光灯致地板寿命减10年，这种灯干什么用的？
https://view.inews.qq.com/a/20241209Q09HJB00

2024-12-11 00:38:15,925 - INFO - EXPIRED
担心中国将管制无人机关键部件出口，美国政府急了
https://new.qq.com/rain/a/20241210A03A2Y00

2024-12-11 00:38:15,925 - INFO - EXPIRED
美军出动战机轰炸叙境内75个目标，为何此时轰炸？对美有何好处？
https://view.inews.qq.com/a/20241210Q01VU600

2024-12-11 00:38:15,925 - INFO - EXPIRED
一名乘客在飞往南京的航班上突发疾病，相关部门：其经抢救无效死亡
https://new.qq.com/rain/a/20241210A03ZW300

2024-12-11 00:38:15,925 - INFO - EXPIRED
特朗普提名小肯尼迪为美国卫生部部长，77位诺贝尔奖得主联名抵制
https://new.qq.com/rain/a/20241210A0207700

2024-12-11 00:38:15,925 - INFO - EXPIRED
最高法原刑庭庭长：法官与律师发生冲突，主要责任还在法官
https://new.qq.com/rain/a/20241208A04LR200

2024-12-11 00:38:15,925 - INFO - EXPIRED
1070元的机票，第三方订票平台“航班管家”卖3357元
https://new.qq.com/rain/a/20241210A013UN00

2024-12-11 00:38:15,925 - INFO - EXPIRED
马岩松、陈冲洛杉矶再出发，感叹大荧幕黄金时代已落幕
https://new.qq.com/rain/a/20241210V021RR00

2024-12-11 00:38:15,926 - INFO - EXPIRED
茅台镇产能换血：大酒企扩产，小酒企停止“下沙”，但地皮还是值钱的
https://new.qq.com/rain/a/20241210A01TR400

2024-12-11 00:38:15,926 - INFO - EXPIRED
中央决定：关志鸥任自然资源部党组书记
https://new.qq.com/rain/a/20241210A0202P00

2024-12-11 00:38:15,926 - INFO - EXPIRED
81岁婆婆心酸落泪感叹人老麻烦多评估师安慰老人开心最重要
https://new.qq.com/rain/a/20241210V02C6P00

2024-12-11 00:38:15,926 - INFO - EXPIRED
美国联合健康保险CEO遇害案：一26岁男子被捕，身带3D打印枪支和显示“心态动机”的字条
https://new.qq.com/rain/a/20241210A01KKI00

2024-12-11 00:38:15,926 - INFO - EXPIRED
17岁男孩被骗到缅甸，遭转卖4次精神异常，爸妈贷款借钱20万赎回儿子
https://new.qq.com/rain/a/20241209A08XQK00

2024-12-11 00:38:15,926 - INFO - EXPIRED
女硕士失踪十多年后已生育一对儿女，男方是否涉嫌强奸？律师分析
https://new.qq.com/rain/a/20241209A0868600

2024-12-11 00:38:15,926 - INFO - EXPIRED
G僧东：方言塑造了城市的性格，我想成为上海的伍迪·艾伦
https://new.qq.com/rain/a/20241209V081ST00

2024-12-11 00:38:15,926 - INFO - EXPIRED
美国众议院将投票表决：禁止大疆和道通两家中企在美国销售新无人机
https://new.qq.com/rain/a/20241210A01HTY00

2024-12-11 00:38:15,926 - INFO - EXPIRED
退休老人花百万买十多份保险，保单写年薪30万？家属质疑被业务员诱导
https://new.qq.com/rain/a/20241209A08NLT00

2024-12-11 00:38:15,926 - INFO - EXPIRED
美股显著回调，英伟达遭反垄断调查股价大跌，中概股重获投资者青睐
https://new.qq.com/rain/a/20241210A01LBY00

2024-12-11 00:38:15,926 - INFO - EXPIRED
海信回应裁员传闻：均为不实猜测
https://new.qq.com/rain/a/20241210A01EKS00

2024-12-11 00:38:15,926 - INFO - EXPIRED
民进党当局紧盯解放军在台海动向，专家：不断混淆国际视听，渲染台海紧张局势
https://new.qq.com/rain/a/20241210A010YJ00

2024-12-11 00:38:15,926 - INFO - EXPIRED
特朗普呼吁俄乌立即停火并进行谈判后，克宫：迄今为止没有接触特朗普或其团队
https://new.qq.com/rain/a/20241209A09H1900

2024-12-11 00:38:15,926 - INFO - EXPIRED
泽连斯基：在特朗普入驻白宫前讨论入约不现实，将尽快同拜登通话
https://new.qq.com/rain/a/20241210A016QL00

2024-12-11 00:38:15,926 - INFO - EXPIRED
这些“李鬼”电商旗舰店，坑了多少人
https://new.qq.com/rain/a/20241209A06Z5Q00

2024-12-11 00:38:15,926 - INFO - EXPIRED
学着学着成了“关门弟子”：高校本科专业“大洗牌”，1670个被撤销
https://new.qq.com/rain/a/20241209A00XDA00

2024-12-11 00:38:15,926 - INFO - EXPIRED
涉案亿元的二手房骗局：涉及金额近1.4亿，启动资金只有借来的100万
https://new.qq.com/rain/a/20241209A07B9V00

2024-12-11 00:38:15,926 - INFO - EXPIRED
陕西一男子为赢80多万奖金参与“自律挑战”，交2万连战3次均失败
https://new.qq.com/rain/a/20241209A090BB00

2024-12-11 00:38:15,926 - INFO - EXPIRED
海地一贫民窟遭帮派袭击致184人死亡，“帮派头目认为儿子中了巫术”
https://new.qq.com/rain/a/20241209A09HGB00

2024-12-11 00:38:15,926 - INFO - EXPIRED
台积电拿下决定性战役
https://new.qq.com/rain/a/20241209A07Y3O00

2024-12-11 00:38:15,926 - INFO - EXPIRED
网红“刘大美丽”去世，死亡当天曾到整形医院抽脂，当地卫健委回应
https://new.qq.com/rain/a/20241209A082XZ00

2024-12-11 00:38:15,926 - INFO - EXPIRED
非法占地28年，牛栏山为何被罚不到10万元
https://new.qq.com/rain/a/20241209A0939100

2024-12-11 00:38:15,926 - INFO - EXPIRED
最高法指令再审4年后山西省高院仍未开庭，“紫藤巷凶杀案”辩护律师提交开庭申请
https://new.qq.com/rain/a/20241209A09I1B00

2024-12-11 00:38:17,902 - ERROR - ERROR
枪杀美国医保巨头高管的嫌疑人被带上法庭时愤怒大喊 被拒绝保释
https://new.qq.com/rain/a/20241211V01DTI00
('list index out of range',)
======
Traceback (most recent call last):
  File "/home/runner/work/qqnews/qqnews/qq.py", line 81, in process_article
    ss = str(tmpbs.select("div.LEFT div.content.clearfix")[0])
             ~~~~~~~~~~~~~~~~~~~~~~~~~~~~~~~~~~~~~~~~~~~~~^^^
IndexError: list index out of range


2024-12-11 00:38:17,919 - INFO - INVALID
卢卡申科称“拥有十几枚核弹头”，警告“敌人和对手”不得侵犯白俄罗斯国界
https://new.qq.com/rain/a/20241211A0109100

2024-12-11 00:38:17,924 - INFO - INVALID
调研报告反映农村宅基地闲置：一村696间房，空置率43.8%
https://new.qq.com/rain/a/20241211A0154000

2024-12-11 00:38:17,976 - INFO - INVALID
以军摧毁叙利亚70%以上军事力量 叙利亚过渡政府正式接管权力
https://new.qq.com/rain/a/20241211A0121H00

2024-12-11 00:38:17,989 - INFO - INVALID
河南一银行原董事长多套房产被法拍，其中一套万柳书院豪宅估价过亿元
https://new.qq.com/rain/a/20241211A00IPC00

2024-12-11 00:38:18,448 - ERROR - ERROR
黄茅海跨海通道今日通车！穿越机视角带你提前探秘百年超级工程
https://new.qq.com/rain/a/20241211V0150N00
('list index out of range',)
======
Traceback (most recent call last):
  File "/home/runner/work/qqnews/qqnews/qq.py", line 81, in process_article
    ss = str(tmpbs.select("div.LEFT div.content.clearfix")[0])
             ~~~~~~~~~~~~~~~~~~~~~~~~~~~~~~~~~~~~~~~~~~~~~^^^
IndexError: list index out of range


2024-12-11 00:38:18,484 - INFO - INVALID
美国首次在关岛成功进行弹道导弹拦截测试
https://new.qq.com/rain/a/20241211A00S8B00

2024-12-11 00:38:18,525 - INFO - INVALID
美股收盘：道指连续四天下跌，中概股指挫逾4%，市场聚焦CPI报告
https://new.qq.com/rain/a/20241211A00WEZ00

2024-12-11 00:38:18,528 - INFO - INVALID
辽宁官方公布地标美食评定结果：大连上榜最多，沈阳“大兴狗肉”被删
https://new.qq.com/rain/a/20241211A016MX00

2024-12-11 02:20:25,823 - INFO - EXPIRED
被外籍留学生猥亵的女子发声：他在派出所耍酒疯，警方让其限期出境
https://new.qq.com/rain/a/20241210A0A03H00

2024-12-11 02:20:25,823 - INFO - EXPIRED
成都海关查获6只巨人恐蚁，带它们入境想干什么？会破坏生态吗？
https://view.inews.qq.com/a/20241210Q09R2Q00

2024-12-11 02:20:25,823 - INFO - EXPIRED
上海一男子自称按摩被诱供认定嫖娼后上诉，要求警方拿出执法录像遭拒
https://new.qq.com/rain/a/20241210A08MRV00

2024-12-11 02:20:25,823 - INFO - EXPIRED
“稳住楼市”还需要什么政策？一线：提前还贷有所减少但仍处高位，业内：还需降利率
https://new.qq.com/rain/a/20241210A09JIZ00

2024-12-11 02:20:25,823 - INFO - EXPIRED
巴西总统卢拉手术后状况良好 已能说话和进食
https://new.qq.com/rain/a/20241210A09T9M00

2024-12-11 02:20:25,823 - INFO - EXPIRED
“被老师砸破头骨”女孩母亲称已提交抗诉申请书：希望能从严从重处罚
https://new.qq.com/rain/a/20241210V09S1100

2024-12-11 02:20:25,823 - INFO - EXPIRED
张家辉、周润发降价急售香港豪宅，为何都着急甩卖？有何讲究？
https://view.inews.qq.com/a/20241210Q06MMQ00

2024-12-11 02:20:25,824 - INFO - EXPIRED
广州电动自行车将限速15公里 专家建议外卖平台调整考核，考虑限速
https://new.qq.com/rain/a/20241210A09ZX800

2024-12-11 02:20:25,824 - INFO - EXPIRED
深圳福田区长回应盲道“瞎滑”
https://new.qq.com/rain/a/20241210A09YFR00

2024-12-11 02:20:25,824 - INFO - EXPIRED
密集上新，银行大额存单“又香了”
https://new.qq.com/rain/a/20241210A09G6Z00

2024-12-11 02:20:25,824 - INFO - EXPIRED
英国《自然》杂志评出年度十大人物，两名中国人上榜
https://new.qq.com/rain/a/20241210A0A12500

2024-12-11 02:20:25,824 - INFO - EXPIRED
湖北男子夜驰8小时逃离叙利亚：5人花200美元租了车 刚过境口岸就关了
https://new.qq.com/rain/a/20241210A06FS300

2024-12-11 02:20:25,824 - INFO - EXPIRED
贵州一村民家中发生地陷，村干部：村里有30多个塌陷坑，最大有20米宽
https://new.qq.com/rain/a/20241210A09SSF00

2024-12-11 02:20:25,824 - INFO - EXPIRED
个人养老金制度全面实施在即：社会对制度优化抱有较大期待
https://new.qq.com/rain/a/20241210A0479500

2024-12-11 02:20:25,824 - INFO - EXPIRED
李在明：尹锡悦不必要地加剧了与中国的紧张关系
https://new.qq.com/rain/a/20241210A07LAT00

2024-12-11 02:20:25,824 - INFO - EXPIRED
制售“八宝丹”，福建四名公职人员获刑，一教师被判刑8年罚款80万元
https://new.qq.com/rain/a/20241210A09N6M00

2024-12-11 02:20:25,824 - INFO - EXPIRED
印度防长辛格：印度决定扩大与俄罗斯的合作，将永远与俄方站在一起
https://new.qq.com/rain/a/20241210A09IJ200

2024-12-11 02:20:25,824 - INFO - EXPIRED
“贪”字当选台湾2024年度代表字
https://new.qq.com/rain/a/20241210A09P0R00

2024-12-11 02:20:25,824 - INFO - EXPIRED
黑龙江林口县有牛被不明动物咬伤，当地发布“防虎须知”，离勃利县老虎咬人村庄仅约60公里
https://new.qq.com/rain/a/20241210A09EE700

2024-12-11 02:20:25,824 - INFO - EXPIRED
央行出手，时隔半年再买超4吨黄金！金价还会涨吗
https://new.qq.com/rain/a/20241210A08VEF00

2024-12-11 02:20:25,824 - INFO - EXPIRED
韩国执政党规划尹锡悦有序退出，能成功吗？在野党会如何反制？
https://view.inews.qq.com/a/20241210Q08UN500

2024-12-11 02:20:25,824 - INFO - EXPIRED
履职仅月余，宁方刚不再担任国家医保基金社会监督员
https://new.qq.com/rain/a/20241210A0784Z00

2024-12-11 02:20:25,824 - INFO - EXPIRED
被联合国批死刑执行方式残忍，日本人怒了：凭什么教我们做事
https://new.qq.com/rain/a/20241210A0723X00

2024-12-11 02:20:25,824 - INFO - EXPIRED
大学超市老板要求食堂涨价，被拒后将对方档口挤出学校？济南大学回应
https://new.qq.com/rain/a/20241210A068WW00

2024-12-11 02:20:25,824 - INFO - EXPIRED
尘肺病人被困床上四年后拔掉氧气管，这病难治在哪？该如何预防？
https://view.inews.qq.com/a/20241210Q06MVY00

2024-12-11 02:20:25,824 - INFO - EXPIRED
“网红”文旅局长刘克斌任沈阳市副市长
https://new.qq.com/rain/a/20241210A09AT800

2024-12-11 02:20:25,824 - INFO - EXPIRED
19岁男子被处级干部舅舅安排当副主任？中国水电九局：信息不属实
https://new.qq.com/rain/a/20241210A08C0M00

2024-12-11 02:20:25,824 - INFO - EXPIRED
黑龙江一市财政局报案被人诈骗近3000万元 检方：有欺诈性质但不起诉
https://new.qq.com/rain/a/20241210A059SN00

2024-12-11 02:20:25,824 - INFO - EXPIRED
中华口腔医学会被曝只要交钱就能入会，这是个什么组织？能信吗？
https://view.inews.qq.com/a/20241210Q01HYU00

2024-12-11 02:20:25,824 - INFO - EXPIRED
银行接通知：本月中旬将召开全面实施个人养老金制度视频会
https://new.qq.com/rain/a/20241210A07KY400

2024-12-11 02:20:25,824 - INFO - EXPIRED
在西藏工作47年的吴英杰，被批严重影响西藏高质量发展、助长贪腐滋长
https://new.qq.com/rain/a/20241210A073LI00

2024-12-11 02:20:25,824 - INFO - EXPIRED
特鲁多：如果特朗普征收25%的关税，加拿大将反击
https://new.qq.com/rain/a/20241210A056UH00

2024-12-11 02:20:25,824 - INFO - EXPIRED
檀健次主演的《猎罪图鉴2》开播，还有哪些未破悬案可以改编？
https://view.inews.qq.com/a/20241210Q067FG00

2024-12-11 02:20:25,824 - INFO - EXPIRED
贵州一女子放火烧山，称有人上山扑火后会留下塑料瓶，可以捡来拿去卖
https://new.qq.com/rain/a/20241210A03P8900

2024-12-11 02:20:25,824 - INFO - EXPIRED
杭州一男子骑摩托车撞上护栏坠桥身亡，警方：遗体已打捞上岸
https://new.qq.com/rain/a/20241210V080RG00

2024-12-11 02:20:25,824 - INFO - EXPIRED
网红死亡当天曾到整形医院抽脂，现在抽脂技术成熟吗？如何避坑？
https://view.inews.qq.com/a/20241210Q04DBD00

2024-12-11 02:20:25,824 - INFO - EXPIRED
英媒：巴西总统卢拉接受脑出血手术
https://new.qq.com/rain/a/20241210A07C1V00

2024-12-11 02:20:25,824 - INFO - EXPIRED
男子为80万奖金参加自律挑战，连败3次倒亏2万，算欺诈吗？
https://view.inews.qq.com/a/20241210Q02HH100

2024-12-11 02:20:25,824 - INFO - EXPIRED
4S店爆雷后：银行与车主上演抢车大战，未能提车车主轮番睡车里盯梢
https://new.qq.com/rain/a/20241210A053Q200

2024-12-11 02:20:25,824 - INFO - EXPIRED
19岁男子被处级干部舅舅安排当副主任，4年后入编？贵阳水电九局回应
https://new.qq.com/rain/a/20241210A05RFS00

2024-12-11 02:20:25,824 - INFO - EXPIRED
判处有期徒刑12年 光大集团原董事长唐双宁贪污、受贿案一审宣判
https://new.qq.com/rain/a/20241210A06UNZ00

2024-12-11 02:20:25,824 - INFO - EXPIRED
史无前例！内塔尼亚胡首度出庭作证
https://new.qq.com/rain/a/20241210A066SZ00

2024-12-11 02:20:25,824 - INFO - EXPIRED
中铁十四局在山东完成1.45万亩土地冬种，基建央企为何要种地？
https://view.inews.qq.com/a/20241210Q01T8V00

2024-12-11 02:20:25,824 - INFO - EXPIRED
台当局声称大陆在台岛周边海域部署的舰艇规模超过2022年军事演习规模，外交部回应
https://new.qq.com/rain/a/20241210A05NSK00

2024-12-11 02:20:25,824 - INFO - EXPIRED
七部门发文加强教师待遇保障 将符合条件教师纳入城镇住房保障范围
https://new.qq.com/rain/a/20241210A06AUA00

2024-12-11 02:20:25,824 - INFO - EXPIRED
被困在床上四年后，一个尘肺病人决定拔掉氧气管
https://new.qq.com/rain/a/20241210A05ME800

2024-12-11 02:20:25,824 - INFO - EXPIRED
中纪委“打虎”三连发
https://new.qq.com/rain/a/20241210A064JZ00

2024-12-11 02:20:25,824 - INFO - EXPIRED
韩国前防长金龙显放弃拘捕前审查，这意味着什么？为何会做这种选择？
https://view.inews.qq.com/a/20241210Q03FSI00

2024-12-11 02:20:25,824 - INFO - EXPIRED
农业农村部原部长唐仁健被决定逮捕！被批“部署不力”“盲目决策”
https://new.qq.com/rain/a/20241210A05CCU00

2024-12-11 02:20:25,824 - INFO - EXPIRED
许昌一眼科医院被指给转诊医生提成，市监局立案调查
https://new.qq.com/rain/a/20241210A04OZF00

2024-12-11 02:20:25,824 - INFO - EXPIRED
监控曝光！网传湖南一渣土车侧翻与公交车相撞伤亡不明，当地应急回应
https://new.qq.com/rain/a/20241210V05HUY00

2024-12-11 02:20:25,824 - INFO - EXPIRED
三男子铺电网非法猎野猪，一人触电身亡，两同伴被判拘役并分别赔10万
https://new.qq.com/rain/a/20241210A04F0V00

2024-12-11 02:20:25,824 - INFO - EXPIRED
“适度宽松”和“更加积极”政策组合敲定，离岸人民币汇率升穿7.25
https://new.qq.com/rain/a/20241210A04EOX00

2024-12-11 02:20:25,824 - INFO - EXPIRED
“药王谷”患癌者死亡人数已达30人，发起人：患者过于乐观
https://new.qq.com/rain/a/20241210A04HLK00

2024-12-11 02:20:25,824 - INFO - EXPIRED
江苏沛县一女政协常委遭举报文凭造假后，又被曝出“隐瞒党员身份”
https://new.qq.com/rain/a/20241210A04XQM00

2024-12-11 02:20:25,825 - INFO - EXPIRED
网传深圳一30多岁独居女子被发现在出租屋身亡，当地警方回应
https://new.qq.com/rain/a/20241210A03JHF00

2024-12-11 02:20:25,825 - INFO - EXPIRED
“碰瓷”？小米YU7目前正在进行大规模路测，YU7商标已遭抢注
https://new.qq.com/rain/a/20241210A02YAJ00

2024-12-11 02:20:25,825 - INFO - EXPIRED
记者探访“俄罗斯特产商店”：肉肠产地在黑龙江，奶粉生产商在甘肃
https://new.qq.com/rain/a/20241209A08ULG00

2024-12-11 02:20:25,825 - INFO - EXPIRED
王金平发表“两岸和平倡议”
https://new.qq.com/rain/a/20241209A00YCT00

2024-12-11 02:20:25,825 - INFO - EXPIRED
男子为生意周转借850万高利贷，被执行2400多万，因无力偿还被判刑
https://new.qq.com/rain/a/20241209A057DT00

2024-12-11 02:20:25,825 - INFO - EXPIRED
员工误开紫光灯致地板寿命减10年，这种灯干什么用的？
https://view.inews.qq.com/a/20241209Q09HJB00

2024-12-11 02:20:25,825 - INFO - EXPIRED
担心中国将管制无人机关键部件出口，美国政府急了
https://new.qq.com/rain/a/20241210A03A2Y00

2024-12-11 02:20:25,825 - INFO - EXPIRED
美军出动战机轰炸叙境内75个目标，为何此时轰炸？对美有何好处？
https://view.inews.qq.com/a/20241210Q01VU600

2024-12-11 02:20:25,825 - INFO - EXPIRED
一名乘客在飞往南京的航班上突发疾病，相关部门：其经抢救无效死亡
https://new.qq.com/rain/a/20241210A03ZW300

2024-12-11 02:20:25,825 - INFO - EXPIRED
特朗普提名小肯尼迪为美国卫生部部长，77位诺贝尔奖得主联名抵制
https://new.qq.com/rain/a/20241210A0207700

2024-12-11 02:20:25,825 - INFO - EXPIRED
最高法原刑庭庭长：法官与律师发生冲突，主要责任还在法官
https://new.qq.com/rain/a/20241208A04LR200

2024-12-11 02:20:25,825 - INFO - EXPIRED
1070元的机票，第三方订票平台“航班管家”卖3357元
https://new.qq.com/rain/a/20241210A013UN00

2024-12-11 02:20:25,825 - INFO - EXPIRED
马岩松、陈冲洛杉矶再出发，感叹大荧幕黄金时代已落幕
https://new.qq.com/rain/a/20241210V021RR00

2024-12-11 02:20:25,825 - INFO - EXPIRED
茅台镇产能换血：大酒企扩产，小酒企停止“下沙”，但地皮还是值钱的
https://new.qq.com/rain/a/20241210A01TR400

2024-12-11 02:20:25,825 - INFO - EXPIRED
中央决定：关志鸥任自然资源部党组书记
https://new.qq.com/rain/a/20241210A0202P00

2024-12-11 02:20:25,825 - INFO - EXPIRED
81岁婆婆心酸落泪感叹人老麻烦多评估师安慰老人开心最重要
https://new.qq.com/rain/a/20241210V02C6P00

2024-12-11 02:20:25,825 - INFO - EXPIRED
美国联合健康保险CEO遇害案：一26岁男子被捕，身带3D打印枪支和显示“心态动机”的字条
https://new.qq.com/rain/a/20241210A01KKI00

2024-12-11 02:20:25,825 - INFO - EXPIRED
17岁男孩被骗到缅甸，遭转卖4次精神异常，爸妈贷款借钱20万赎回儿子
https://new.qq.com/rain/a/20241209A08XQK00

2024-12-11 02:20:25,825 - INFO - EXPIRED
女硕士失踪十多年后已生育一对儿女，男方是否涉嫌强奸？律师分析
https://new.qq.com/rain/a/20241209A0868600

2024-12-11 02:20:25,825 - INFO - EXPIRED
G僧东：方言塑造了城市的性格，我想成为上海的伍迪·艾伦
https://new.qq.com/rain/a/20241209V081ST00

2024-12-11 02:20:25,825 - INFO - EXPIRED
美国众议院将投票表决：禁止大疆和道通两家中企在美国销售新无人机
https://new.qq.com/rain/a/20241210A01HTY00

2024-12-11 02:20:25,825 - INFO - EXPIRED
退休老人花百万买十多份保险，保单写年薪30万？家属质疑被业务员诱导
https://new.qq.com/rain/a/20241209A08NLT00

2024-12-11 02:20:25,825 - INFO - EXPIRED
美股显著回调，英伟达遭反垄断调查股价大跌，中概股重获投资者青睐
https://new.qq.com/rain/a/20241210A01LBY00

2024-12-11 02:20:25,825 - INFO - EXPIRED
海信回应裁员传闻：均为不实猜测
https://new.qq.com/rain/a/20241210A01EKS00

2024-12-11 02:20:25,825 - INFO - EXPIRED
民进党当局紧盯解放军在台海动向，专家：不断混淆国际视听，渲染台海紧张局势
https://new.qq.com/rain/a/20241210A010YJ00

2024-12-11 02:20:25,825 - INFO - EXPIRED
特朗普呼吁俄乌立即停火并进行谈判后，克宫：迄今为止没有接触特朗普或其团队
https://new.qq.com/rain/a/20241209A09H1900

2024-12-11 02:20:26,952 - INFO - INVALID
马英九12月18日-26日将率团访陆
https://new.qq.com/rain/a/20241211A02HH200

2024-12-11 02:20:26,960 - INFO - INVALID
河南一银行原董事长多套房产被法拍，其中一套万柳书院豪宅估价过亿元
https://new.qq.com/rain/a/20241211A00IPC00

2024-12-11 02:20:26,966 - INFO - INVALID
谷歌宣布量子芯片取得重大技术突破，“5分钟完成超级计算机10的25次方年的任务”
https://new.qq.com/rain/a/20241211A013Y000

2024-12-11 02:20:26,969 - INFO - INVALID
调研报告反映农村宅基地闲置：一村696间房，空置率43.8%
https://new.qq.com/rain/a/20241211A0154000

2024-12-11 02:20:27,048 - INFO - INVALID
卖官鬻爵！新疆维吾尔自治区党委原副书记李鹏新被公诉
https://new.qq.com/rain/a/20241211A02CUU00

2024-12-11 02:20:27,390 - INFO - INVALID
女子在火车上探身拍照坠车，有多位博主晒照“挂”火车，此前有人身亡
https://new.qq.com/rain/a/20241211A01EBY00

2024-12-11 02:20:27,416 - INFO - INVALID
痛心！中国自行车名将意外去世，刚过30岁生日，曾在奥运会创历史
https://new.qq.com/rain/a/20241211A00UKL00

2024-12-11 02:20:27,482 - INFO - INVALID
孙立平：李稻葵的越南经济观感，值得深思
https://new.qq.com/rain/a/20241211A01TZH00

2024-12-11 02:20:27,494 - INFO - INVALID
北京出手了！突破多项设计规则，“第四代住宅”来了吗
https://new.qq.com/rain/a/20241211A00GW300

2024-12-11 02:20:27,734 - INFO - INVALID
俄副外长：巴沙尔·阿萨德在俄罗斯很安全
https://new.qq.com/rain/a/20241211A00QYG00

2024-12-11 02:20:27,827 - ERROR - ERROR
枪杀美国医保巨头高管的嫌疑人被带上法庭时愤怒大喊 被拒绝保释
https://new.qq.com/rain/a/20241211V01DTI00
('list index out of range',)
======
Traceback (most recent call last):
  File "/home/runner/work/qqnews/qqnews/qq.py", line 81, in process_article
    ss = str(tmpbs.select("div.LEFT div.content.clearfix")[0])
             ~~~~~~~~~~~~~~~~~~~~~~~~~~~~~~~~~~~~~~~~~~~~~^^^
IndexError: list index out of range


2024-12-11 02:20:27,846 - INFO - INVALID
外商独资医院扩大开放政策出台，外资就会来吗？医疗界人士解读
https://new.qq.com/rain/a/20241211A0139B00

2024-12-11 02:20:27,928 - INFO - INVALID
辽宁官方公布地标美食评定结果：大连上榜最多，沈阳“大兴狗肉”被删
https://new.qq.com/rain/a/20241211A016MX00

2024-12-11 02:20:27,932 - INFO - INVALID
字节内部判断AI对话类产品天花板可能不高，提升剪映即梦优先级
https://new.qq.com/rain/a/20241211A01LQF00

2024-12-11 02:20:28,176 - INFO - INVALID
以军摧毁叙利亚70%以上军事力量 叙利亚过渡政府正式接管权力
https://new.qq.com/rain/a/20241211A0121H00

2024-12-11 02:20:28,268 - INFO - INVALID
卢卡申科称“拥有十几枚核弹头”，警告“敌人和对手”不得侵犯白俄罗斯国界
https://new.qq.com/rain/a/20241211A0109100

2024-12-11 02:20:28,271 - ERROR - ERROR
黄茅海跨海通道今日通车！穿越机视角带你提前探秘百年超级工程
https://new.qq.com/rain/a/20241211V0150N00
('list index out of range',)
======
Traceback (most recent call last):
  File "/home/runner/work/qqnews/qqnews/qq.py", line 81, in process_article
    ss = str(tmpbs.select("div.LEFT div.content.clearfix")[0])
             ~~~~~~~~~~~~~~~~~~~~~~~~~~~~~~~~~~~~~~~~~~~~~^^^
IndexError: list index out of range


2024-12-11 02:20:28,380 - INFO - INVALID
美股收盘：道指连续四天下跌，中概股指挫逾4%，市场聚焦CPI报告
https://new.qq.com/rain/a/20241211A00WEZ00

2024-12-11 02:20:28,466 - INFO - INVALID
美国首次在关岛成功进行弹道导弹拦截测试
https://new.qq.com/rain/a/20241211A00S8B00

2024-12-11 03:26:13,980 - INFO - EXPIRED
上海一男子自称按摩被诱供认定嫖娼后上诉，要求警方拿出执法录像遭拒
https://new.qq.com/rain/a/20241210A08MRV00

2024-12-11 03:26:13,980 - INFO - EXPIRED
男大学生做性别重置手术 向学校申请变更性别信息被公示 华中科大回应
https://new.qq.com/rain/a/20241210A08A0M00

2024-12-11 03:26:13,980 - INFO - EXPIRED
广州电动车限速15公里 专家：建议外卖平台考虑限速因素 调整骑手考核
https://new.qq.com/rain/a/20241210A09ZX800

2024-12-11 03:26:13,980 - INFO - EXPIRED
养乐多关闭20年上海工厂！企业回应：通过重组提高生产效率
https://new.qq.com/rain/a/20241210A04YZL00

2024-12-11 03:26:13,980 - INFO - EXPIRED
成都海关查获6只巨人恐蚁，带它们入境想干什么？会破坏生态吗？
https://view.inews.qq.com/a/20241210Q09R2Q00

2024-12-11 03:26:13,980 - INFO - EXPIRED
被外籍留学生猥亵的女子发声：他在派出所耍酒疯，警方让其限期出境
https://new.qq.com/rain/a/20241210A0A03H00

2024-12-11 03:26:13,980 - INFO - EXPIRED
“稳住楼市”还需要什么政策？一线：提前还贷有所减少但仍处高位，业内：还需降利率
https://new.qq.com/rain/a/20241210A09JIZ00

2024-12-11 03:26:13,980 - INFO - EXPIRED
巴西总统卢拉手术后状况良好 已能说话和进食
https://new.qq.com/rain/a/20241210A09T9M00

2024-12-11 03:26:13,980 - INFO - EXPIRED
“被老师砸破头骨”女孩母亲称已提交抗诉申请书：希望能从严从重处罚
https://new.qq.com/rain/a/20241210V09S1100

2024-12-11 03:26:13,980 - INFO - EXPIRED
张家辉、周润发降价急售香港豪宅，为何都着急甩卖？有何讲究？
https://view.inews.qq.com/a/20241210Q06MMQ00

2024-12-11 03:26:13,980 - INFO - EXPIRED
深圳福田区长回应盲道“瞎滑”
https://new.qq.com/rain/a/20241210A09YFR00

2024-12-11 03:26:13,980 - INFO - EXPIRED
密集上新，银行大额存单“又香了”
https://new.qq.com/rain/a/20241210A09G6Z00

2024-12-11 03:26:13,980 - INFO - EXPIRED
英国《自然》杂志评出年度十大人物，两名中国人上榜
https://new.qq.com/rain/a/20241210A0A12500

2024-12-11 03:26:13,980 - INFO - EXPIRED
湖北男子夜驰8小时逃离叙利亚：5人花200美元租了车 刚过境口岸就关了
https://new.qq.com/rain/a/20241210A06FS300

2024-12-11 03:26:13,980 - INFO - EXPIRED
贵州一村民家中发生地陷，村干部：村里有30多个塌陷坑，最大有20米宽
https://new.qq.com/rain/a/20241210A09SSF00

2024-12-11 03:26:13,980 - INFO - EXPIRED
个人养老金制度全面实施在即：社会对制度优化抱有较大期待
https://new.qq.com/rain/a/20241210A0479500

2024-12-11 03:26:13,980 - INFO - EXPIRED
李在明：尹锡悦不必要地加剧了与中国的紧张关系
https://new.qq.com/rain/a/20241210A07LAT00

2024-12-11 03:26:13,980 - INFO - EXPIRED
制售“八宝丹”，福建四名公职人员获刑，一教师被判刑8年罚款80万元
https://new.qq.com/rain/a/20241210A09N6M00

2024-12-11 03:26:13,980 - INFO - EXPIRED
印度防长辛格：印度决定扩大与俄罗斯的合作，将永远与俄方站在一起
https://new.qq.com/rain/a/20241210A09IJ200

2024-12-11 03:26:13,980 - INFO - EXPIRED
“贪”字当选台湾2024年度代表字
https://new.qq.com/rain/a/20241210A09P0R00

2024-12-11 03:26:13,980 - INFO - EXPIRED
黑龙江林口县有牛被不明动物咬伤，当地发布“防虎须知”，离勃利县老虎咬人村庄仅约60公里
https://new.qq.com/rain/a/20241210A09EE700

2024-12-11 03:26:13,980 - INFO - EXPIRED
央行出手，时隔半年再买超4吨黄金！金价还会涨吗
https://new.qq.com/rain/a/20241210A08VEF00

2024-12-11 03:26:13,980 - INFO - EXPIRED
韩国执政党规划尹锡悦有序退出，能成功吗？在野党会如何反制？
https://view.inews.qq.com/a/20241210Q08UN500

2024-12-11 03:26:13,980 - INFO - EXPIRED
履职仅月余，宁方刚不再担任国家医保基金社会监督员
https://new.qq.com/rain/a/20241210A0784Z00

2024-12-11 03:26:13,980 - INFO - EXPIRED
被联合国批死刑执行方式残忍，日本人怒了：凭什么教我们做事
https://new.qq.com/rain/a/20241210A0723X00

2024-12-11 03:26:13,980 - INFO - EXPIRED
大学超市老板要求食堂涨价，被拒后将对方档口挤出学校？济南大学回应
https://new.qq.com/rain/a/20241210A068WW00

2024-12-11 03:26:13,980 - INFO - EXPIRED
尘肺病人被困床上四年后拔掉氧气管，这病难治在哪？该如何预防？
https://view.inews.qq.com/a/20241210Q06MVY00

2024-12-11 03:26:13,980 - INFO - EXPIRED
“网红”文旅局长刘克斌任沈阳市副市长
https://new.qq.com/rain/a/20241210A09AT800

2024-12-11 03:26:13,980 - INFO - EXPIRED
19岁男子被处级干部舅舅安排当副主任？中国水电九局：信息不属实
https://new.qq.com/rain/a/20241210A08C0M00

2024-12-11 03:26:13,980 - INFO - EXPIRED
黑龙江一市财政局报案被人诈骗近3000万元 检方：有欺诈性质但不起诉
https://new.qq.com/rain/a/20241210A059SN00

2024-12-11 03:26:13,980 - INFO - EXPIRED
中华口腔医学会被曝只要交钱就能入会，这是个什么组织？能信吗？
https://view.inews.qq.com/a/20241210Q01HYU00

2024-12-11 03:26:13,980 - INFO - EXPIRED
银行接通知：本月中旬将召开全面实施个人养老金制度视频会
https://new.qq.com/rain/a/20241210A07KY400

2024-12-11 03:26:13,980 - INFO - EXPIRED
在西藏工作47年的吴英杰，被批严重影响西藏高质量发展、助长贪腐滋长
https://new.qq.com/rain/a/20241210A073LI00

2024-12-11 03:26:13,981 - INFO - EXPIRED
特鲁多：如果特朗普征收25%的关税，加拿大将反击
https://new.qq.com/rain/a/20241210A056UH00

2024-12-11 03:26:13,981 - INFO - EXPIRED
檀健次主演的《猎罪图鉴2》开播，还有哪些未破悬案可以改编？
https://view.inews.qq.com/a/20241210Q067FG00

2024-12-11 03:26:13,981 - INFO - EXPIRED
贵州一女子放火烧山，称有人上山扑火后会留下塑料瓶，可以捡来拿去卖
https://new.qq.com/rain/a/20241210A03P8900

2024-12-11 03:26:13,981 - INFO - EXPIRED
杭州一男子骑摩托车撞上护栏坠桥身亡，警方：遗体已打捞上岸
https://new.qq.com/rain/a/20241210V080RG00

2024-12-11 03:26:13,981 - INFO - EXPIRED
网红死亡当天曾到整形医院抽脂，现在抽脂技术成熟吗？如何避坑？
https://view.inews.qq.com/a/20241210Q04DBD00

2024-12-11 03:26:13,981 - INFO - EXPIRED
英媒：巴西总统卢拉接受脑出血手术
https://new.qq.com/rain/a/20241210A07C1V00

2024-12-11 03:26:13,981 - INFO - EXPIRED
男子为80万奖金参加自律挑战，连败3次倒亏2万，算欺诈吗？
https://view.inews.qq.com/a/20241210Q02HH100

2024-12-11 03:26:13,981 - INFO - EXPIRED
4S店爆雷后：银行与车主上演抢车大战，未能提车车主轮番睡车里盯梢
https://new.qq.com/rain/a/20241210A053Q200

2024-12-11 03:26:13,981 - INFO - EXPIRED
19岁男子被处级干部舅舅安排当副主任，4年后入编？贵阳水电九局回应
https://new.qq.com/rain/a/20241210A05RFS00

2024-12-11 03:26:13,981 - INFO - EXPIRED
判处有期徒刑12年 光大集团原董事长唐双宁贪污、受贿案一审宣判
https://new.qq.com/rain/a/20241210A06UNZ00

2024-12-11 03:26:13,981 - INFO - EXPIRED
史无前例！内塔尼亚胡首度出庭作证
https://new.qq.com/rain/a/20241210A066SZ00

2024-12-11 03:26:13,981 - INFO - EXPIRED
中铁十四局在山东完成1.45万亩土地冬种，基建央企为何要种地？
https://view.inews.qq.com/a/20241210Q01T8V00

2024-12-11 03:26:13,981 - INFO - EXPIRED
台当局声称大陆在台岛周边海域部署的舰艇规模超过2022年军事演习规模，外交部回应
https://new.qq.com/rain/a/20241210A05NSK00

2024-12-11 03:26:13,981 - INFO - EXPIRED
七部门发文加强教师待遇保障 将符合条件教师纳入城镇住房保障范围
https://new.qq.com/rain/a/20241210A06AUA00

2024-12-11 03:26:13,981 - INFO - EXPIRED
被困在床上四年后，一个尘肺病人决定拔掉氧气管
https://new.qq.com/rain/a/20241210A05ME800

2024-12-11 03:26:13,981 - INFO - EXPIRED
中纪委“打虎”三连发
https://new.qq.com/rain/a/20241210A064JZ00

2024-12-11 03:26:13,981 - INFO - EXPIRED
韩国前防长金龙显放弃拘捕前审查，这意味着什么？为何会做这种选择？
https://view.inews.qq.com/a/20241210Q03FSI00

2024-12-11 03:26:13,981 - INFO - EXPIRED
农业农村部原部长唐仁健被决定逮捕！被批“部署不力”“盲目决策”
https://new.qq.com/rain/a/20241210A05CCU00

2024-12-11 03:26:13,981 - INFO - EXPIRED
许昌一眼科医院被指给转诊医生提成，市监局立案调查
https://new.qq.com/rain/a/20241210A04OZF00

2024-12-11 03:26:13,981 - INFO - EXPIRED
监控曝光！网传湖南一渣土车侧翻与公交车相撞伤亡不明，当地应急回应
https://new.qq.com/rain/a/20241210V05HUY00

2024-12-11 03:26:13,981 - INFO - EXPIRED
三男子铺电网非法猎野猪，一人触电身亡，两同伴被判拘役并分别赔10万
https://new.qq.com/rain/a/20241210A04F0V00

2024-12-11 03:26:13,981 - INFO - EXPIRED
“适度宽松”和“更加积极”政策组合敲定，离岸人民币汇率升穿7.25
https://new.qq.com/rain/a/20241210A04EOX00

2024-12-11 03:26:13,981 - INFO - EXPIRED
“药王谷”患癌者死亡人数已达30人，发起人：患者过于乐观
https://new.qq.com/rain/a/20241210A04HLK00

2024-12-11 03:26:13,981 - INFO - EXPIRED
江苏沛县一女政协常委遭举报文凭造假后，又被曝出“隐瞒党员身份”
https://new.qq.com/rain/a/20241210A04XQM00

2024-12-11 03:26:13,981 - INFO - EXPIRED
网传深圳一30多岁独居女子被发现在出租屋身亡，当地警方回应
https://new.qq.com/rain/a/20241210A03JHF00

2024-12-11 03:26:13,981 - INFO - EXPIRED
“碰瓷”？小米YU7目前正在进行大规模路测，YU7商标已遭抢注
https://new.qq.com/rain/a/20241210A02YAJ00

2024-12-11 03:26:13,981 - INFO - EXPIRED
记者探访“俄罗斯特产商店”：肉肠产地在黑龙江，奶粉生产商在甘肃
https://new.qq.com/rain/a/20241209A08ULG00

2024-12-11 03:26:13,981 - INFO - EXPIRED
王金平发表“两岸和平倡议”
https://new.qq.com/rain/a/20241209A00YCT00

2024-12-11 03:26:13,981 - INFO - EXPIRED
男子为生意周转借850万高利贷，被执行2400多万，因无力偿还被判刑
https://new.qq.com/rain/a/20241209A057DT00

2024-12-11 03:26:13,981 - INFO - EXPIRED
员工误开紫光灯致地板寿命减10年，这种灯干什么用的？
https://view.inews.qq.com/a/20241209Q09HJB00

2024-12-11 03:26:13,981 - INFO - EXPIRED
担心中国将管制无人机关键部件出口，美国政府急了
https://new.qq.com/rain/a/20241210A03A2Y00

2024-12-11 03:26:13,981 - INFO - EXPIRED
美军出动战机轰炸叙境内75个目标，为何此时轰炸？对美有何好处？
https://view.inews.qq.com/a/20241210Q01VU600

2024-12-11 03:26:13,981 - INFO - EXPIRED
一名乘客在飞往南京的航班上突发疾病，相关部门：其经抢救无效死亡
https://new.qq.com/rain/a/20241210A03ZW300

2024-12-11 03:26:13,981 - INFO - EXPIRED
特朗普提名小肯尼迪为美国卫生部部长，77位诺贝尔奖得主联名抵制
https://new.qq.com/rain/a/20241210A0207700

2024-12-11 03:26:13,981 - INFO - EXPIRED
最高法原刑庭庭长：法官与律师发生冲突，主要责任还在法官
https://new.qq.com/rain/a/20241208A04LR200

2024-12-11 03:26:13,981 - INFO - EXPIRED
1070元的机票，第三方订票平台“航班管家”卖3357元
https://new.qq.com/rain/a/20241210A013UN00

2024-12-11 03:26:13,981 - INFO - EXPIRED
马岩松、陈冲洛杉矶再出发，感叹大荧幕黄金时代已落幕
https://new.qq.com/rain/a/20241210V021RR00

2024-12-11 03:26:13,981 - INFO - EXPIRED
茅台镇产能换血：大酒企扩产，小酒企停止“下沙”，但地皮还是值钱的
https://new.qq.com/rain/a/20241210A01TR400

2024-12-11 03:26:13,981 - INFO - EXPIRED
中央决定：关志鸥任自然资源部党组书记
https://new.qq.com/rain/a/20241210A0202P00

2024-12-11 03:26:13,981 - INFO - EXPIRED
81岁婆婆心酸落泪感叹人老麻烦多评估师安慰老人开心最重要
https://new.qq.com/rain/a/20241210V02C6P00

2024-12-11 03:26:13,981 - INFO - EXPIRED
美国联合健康保险CEO遇害案：一26岁男子被捕，身带3D打印枪支和显示“心态动机”的字条
https://new.qq.com/rain/a/20241210A01KKI00

2024-12-11 03:26:13,981 - INFO - EXPIRED
17岁男孩被骗到缅甸，遭转卖4次精神异常，爸妈贷款借钱20万赎回儿子
https://new.qq.com/rain/a/20241209A08XQK00

2024-12-11 03:26:13,981 - INFO - EXPIRED
女硕士失踪十多年后已生育一对儿女，男方是否涉嫌强奸？律师分析
https://new.qq.com/rain/a/20241209A0868600

2024-12-11 03:26:15,085 - INFO - INVALID
卖官鬻爵！新疆维吾尔自治区党委原副书记李鹏新被公诉
https://new.qq.com/rain/a/20241211A02CUU00

2024-12-11 03:26:15,090 - INFO - INVALID
韩调查部门：将适时尝试逮捕尹锡悦
https://new.qq.com/rain/a/20241211A03EMN00

2024-12-11 03:26:15,107 - INFO - INVALID
调研报告反映农村宅基地闲置：一村696间房，空置率43.8%
https://new.qq.com/rain/a/20241211A0154000

2024-12-11 03:26:15,143 - INFO - INVALID
台陆委会声称大陆“一手交流、一手武吓”，国台办驳斥：完全是在混淆视听
https://new.qq.com/rain/a/20241211A033QU00

2024-12-11 03:26:15,439 - ERROR - ERROR
韩媒称尹锡悦更愿被弹劾而非辞职，这两者有何区别？被弹劾对他更有利吗？
https://view.inews.qq.com/a/20241211Q021QT00
('list index out of range',)
======
Traceback (most recent call last):
  File "/home/runner/work/qqnews/qqnews/qq.py", line 81, in process_article
    ss = str(tmpbs.select("div.LEFT div.content.clearfix")[0])
             ~~~~~~~~~~~~~~~~~~~~~~~~~~~~~~~~~~~~~~~~~~~~~^^^
IndexError: list index out of range


2024-12-11 03:26:15,518 - ERROR - ERROR
澳洲一家实验室丢失323份致命病毒样本：含狂犬病毒等 3年前丢失本月才确认
https://new.qq.com/rain/a/20241211V02L3A00
('list index out of range',)
======
Traceback (most recent call last):
  File "/home/runner/work/qqnews/qqnews/qq.py", line 81, in process_article
    ss = str(tmpbs.select("div.LEFT div.content.clearfix")[0])
             ~~~~~~~~~~~~~~~~~~~~~~~~~~~~~~~~~~~~~~~~~~~~~^^^
IndexError: list index out of range


2024-12-11 03:26:15,544 - INFO - INVALID
谷歌宣布量子芯片取得重大技术突破，“5分钟完成超级计算机10的25次方年的任务”
https://new.qq.com/rain/a/20241211A013Y000

2024-12-11 03:26:15,607 - INFO - INVALID
就在今晚！2024年最后一份可能引爆市场的美国数据来了
https://new.qq.com/rain/a/20241211A01YJH00

2024-12-11 03:26:15,663 - INFO - INVALID
河南一银行原董事长多套房产被法拍，其中一套万柳书院豪宅估价过亿元
https://new.qq.com/rain/a/20241211A00IPC00

2024-12-11 03:26:15,934 - INFO - INVALID
痛心！中国自行车名将意外去世，刚过30岁生日，曾在奥运会创历史
https://new.qq.com/rain/a/20241211A00UKL00

2024-12-11 03:26:15,980 - INFO - INVALID
俄副外长：巴沙尔·阿萨德在俄罗斯很安全
https://new.qq.com/rain/a/20241211A00QYG00

2024-12-11 03:26:16,117 - INFO - INVALID
女子在火车上探身拍照坠车，有多位博主晒照“挂”火车，此前有人身亡
https://new.qq.com/rain/a/20241211A01EBY00

2024-12-11 03:26:16,123 - INFO - INVALID
50岁保洁阿姨，在短剧里和“霸总”谈恋爱
https://new.qq.com/rain/a/20241211A01POA00

2024-12-11 03:26:16,148 - INFO - INVALID
北京出手了！突破多项设计规则，“第四代住宅”来了吗
https://new.qq.com/rain/a/20241211A00GW300

2024-12-11 03:26:16,484 - INFO - INVALID
孙立平：李稻葵的越南经济观感，值得深思
https://new.qq.com/rain/a/20241211A01TZH00

2024-12-11 03:26:16,575 - INFO - INVALID
字节内部判断AI对话类产品天花板可能不高，提升剪映即梦优先级
https://new.qq.com/rain/a/20241211A01LQF00

2024-12-11 03:26:16,630 - ERROR - ERROR
枪杀美国医保巨头高管的嫌疑人被带上法庭时愤怒大喊 被拒绝保释
https://new.qq.com/rain/a/20241211V01DTI00
('list index out of range',)
======
Traceback (most recent call last):
  File "/home/runner/work/qqnews/qqnews/qq.py", line 81, in process_article
    ss = str(tmpbs.select("div.LEFT div.content.clearfix")[0])
             ~~~~~~~~~~~~~~~~~~~~~~~~~~~~~~~~~~~~~~~~~~~~~^^^
IndexError: list index out of range


2024-12-11 03:26:16,644 - INFO - INVALID
外商独资医院扩大开放政策出台，外资就会来吗？医疗界人士解读
https://new.qq.com/rain/a/20241211A0139B00

2024-12-11 03:26:16,649 - INFO - INVALID
辽宁官方公布地标美食评定结果：大连上榜最多，沈阳“大兴狗肉”被删
https://new.qq.com/rain/a/20241211A016MX00

2024-12-11 03:26:16,931 - INFO - INVALID
以军摧毁叙利亚70%以上军事力量 叙利亚过渡政府正式接管权力
https://new.qq.com/rain/a/20241211A0121H00

2024-12-11 03:26:17,080 - INFO - INVALID
美国首次在关岛成功进行弹道导弹拦截测试
https://new.qq.com/rain/a/20241211A00S8B00

2024-12-11 03:26:17,095 - INFO - INVALID
美股收盘：道指连续四天下跌，中概股指挫逾4%，市场聚焦CPI报告
https://new.qq.com/rain/a/20241211A00WEZ00

2024-12-11 03:26:17,099 - INFO - INVALID
卢卡申科称“拥有十几枚核弹头”，警告“敌人和对手”不得侵犯白俄罗斯国界
https://new.qq.com/rain/a/20241211A0109100

2024-12-11 03:26:17,175 - ERROR - ERROR
黄茅海跨海通道今日通车！穿越机视角带你提前探秘百年超级工程
https://new.qq.com/rain/a/20241211V0150N00
('list index out of range',)
======
Traceback (most recent call last):
  File "/home/runner/work/qqnews/qqnews/qq.py", line 81, in process_article
    ss = str(tmpbs.select("div.LEFT div.content.clearfix")[0])
             ~~~~~~~~~~~~~~~~~~~~~~~~~~~~~~~~~~~~~~~~~~~~~^^^
IndexError: list index out of range


2024-12-11 04:10:21,847 - INFO - EXPIRED
上海一男子自称按摩被诱供认定嫖娼后上诉，要求警方拿出执法录像遭拒
https://new.qq.com/rain/a/20241210A08MRV00

2024-12-11 04:10:21,847 - INFO - EXPIRED
男大学生做性别重置手术 向学校申请变更性别信息被公示 华中科大回应
https://new.qq.com/rain/a/20241210A08A0M00

2024-12-11 04:10:21,847 - INFO - EXPIRED
广州电动车限速15公里 专家：建议外卖平台考虑限速因素 调整骑手考核
https://new.qq.com/rain/a/20241210A09ZX800

2024-12-11 04:10:21,847 - INFO - EXPIRED
养乐多关闭20年上海工厂！企业回应：通过重组提高生产效率
https://new.qq.com/rain/a/20241210A04YZL00

2024-12-11 04:10:21,847 - INFO - EXPIRED
河北廊坊一驾考安全员将学员按在地上击打？考场：科目三未过引发冲突
https://new.qq.com/rain/a/20241210A09U5K00

2024-12-11 04:10:21,847 - INFO - EXPIRED
被外籍留学生猥亵的女子发声：他在派出所耍酒疯，警方让其限期出境
https://new.qq.com/rain/a/20241210A0A03H00

2024-12-11 04:10:21,847 - INFO - EXPIRED
成都海关查获6只巨人恐蚁，带它们入境想干什么？会破坏生态吗？
https://view.inews.qq.com/a/20241210Q09R2Q00

2024-12-11 04:10:21,847 - INFO - EXPIRED
“稳住楼市”还需要什么政策？一线：提前还贷有所减少但仍处高位，业内：还需降利率
https://new.qq.com/rain/a/20241210A09JIZ00

2024-12-11 04:10:21,847 - INFO - EXPIRED
巴西总统卢拉手术后状况良好 已能说话和进食
https://new.qq.com/rain/a/20241210A09T9M00

2024-12-11 04:10:21,847 - INFO - EXPIRED
“被老师砸破头骨”女孩母亲称已提交抗诉申请书：希望能从严从重处罚
https://new.qq.com/rain/a/20241210V09S1100

2024-12-11 04:10:21,848 - INFO - EXPIRED
张家辉、周润发降价急售香港豪宅，为何都着急甩卖？有何讲究？
https://view.inews.qq.com/a/20241210Q06MMQ00

2024-12-11 04:10:21,848 - INFO - EXPIRED
深圳福田区长回应盲道“瞎滑”
https://new.qq.com/rain/a/20241210A09YFR00

2024-12-11 04:10:21,848 - INFO - EXPIRED
密集上新，银行大额存单“又香了”
https://new.qq.com/rain/a/20241210A09G6Z00

2024-12-11 04:10:21,848 - INFO - EXPIRED
英国《自然》杂志评出年度十大人物，两名中国人上榜
https://new.qq.com/rain/a/20241210A0A12500

2024-12-11 04:10:21,848 - INFO - EXPIRED
湖北男子夜驰8小时逃离叙利亚：5人花200美元租了车 刚过境口岸就关了
https://new.qq.com/rain/a/20241210A06FS300

2024-12-11 04:10:21,848 - INFO - EXPIRED
贵州一村民家中发生地陷，村干部：村里有30多个塌陷坑，最大有20米宽
https://new.qq.com/rain/a/20241210A09SSF00

2024-12-11 04:10:21,848 - INFO - EXPIRED
个人养老金制度全面实施在即：社会对制度优化抱有较大期待
https://new.qq.com/rain/a/20241210A0479500

2024-12-11 04:10:21,848 - INFO - EXPIRED
李在明：尹锡悦不必要地加剧了与中国的紧张关系
https://new.qq.com/rain/a/20241210A07LAT00

2024-12-11 04:10:21,848 - INFO - EXPIRED
制售“八宝丹”，福建四名公职人员获刑，一教师被判刑8年罚款80万元
https://new.qq.com/rain/a/20241210A09N6M00

2024-12-11 04:10:21,848 - INFO - EXPIRED
印度防长辛格：印度决定扩大与俄罗斯的合作，将永远与俄方站在一起
https://new.qq.com/rain/a/20241210A09IJ200

2024-12-11 04:10:21,848 - INFO - EXPIRED
“贪”字当选台湾2024年度代表字
https://new.qq.com/rain/a/20241210A09P0R00

2024-12-11 04:10:21,848 - INFO - EXPIRED
黑龙江林口县有牛被不明动物咬伤，当地发布“防虎须知”，离勃利县老虎咬人村庄仅约60公里
https://new.qq.com/rain/a/20241210A09EE700

2024-12-11 04:10:21,848 - INFO - EXPIRED
央行出手，时隔半年再买超4吨黄金！金价还会涨吗
https://new.qq.com/rain/a/20241210A08VEF00

2024-12-11 04:10:21,848 - INFO - EXPIRED
韩国执政党规划尹锡悦有序退出，能成功吗？在野党会如何反制？
https://view.inews.qq.com/a/20241210Q08UN500

2024-12-11 04:10:21,848 - INFO - EXPIRED
履职仅月余，宁方刚不再担任国家医保基金社会监督员
https://new.qq.com/rain/a/20241210A0784Z00

2024-12-11 04:10:21,848 - INFO - EXPIRED
被联合国批死刑执行方式残忍，日本人怒了：凭什么教我们做事
https://new.qq.com/rain/a/20241210A0723X00

2024-12-11 04:10:21,848 - INFO - EXPIRED
大学超市老板要求食堂涨价，被拒后将对方档口挤出学校？济南大学回应
https://new.qq.com/rain/a/20241210A068WW00

2024-12-11 04:10:21,848 - INFO - EXPIRED
尘肺病人被困床上四年后拔掉氧气管，这病难治在哪？该如何预防？
https://view.inews.qq.com/a/20241210Q06MVY00

2024-12-11 04:10:21,848 - INFO - EXPIRED
“网红”文旅局长刘克斌任沈阳市副市长
https://new.qq.com/rain/a/20241210A09AT800

2024-12-11 04:10:21,848 - INFO - EXPIRED
19岁男子被处级干部舅舅安排当副主任？中国水电九局：信息不属实
https://new.qq.com/rain/a/20241210A08C0M00

2024-12-11 04:10:21,848 - INFO - EXPIRED
黑龙江一市财政局报案被人诈骗近3000万元 检方：有欺诈性质但不起诉
https://new.qq.com/rain/a/20241210A059SN00

2024-12-11 04:10:21,848 - INFO - EXPIRED
中华口腔医学会被曝只要交钱就能入会，这是个什么组织？能信吗？
https://view.inews.qq.com/a/20241210Q01HYU00

2024-12-11 04:10:21,848 - INFO - EXPIRED
银行接通知：本月中旬将召开全面实施个人养老金制度视频会
https://new.qq.com/rain/a/20241210A07KY400

2024-12-11 04:10:21,848 - INFO - EXPIRED
在西藏工作47年的吴英杰，被批严重影响西藏高质量发展、助长贪腐滋长
https://new.qq.com/rain/a/20241210A073LI00

2024-12-11 04:10:21,848 - INFO - EXPIRED
特鲁多：如果特朗普征收25%的关税，加拿大将反击
https://new.qq.com/rain/a/20241210A056UH00

2024-12-11 04:10:21,848 - INFO - EXPIRED
檀健次主演的《猎罪图鉴2》开播，还有哪些未破悬案可以改编？
https://view.inews.qq.com/a/20241210Q067FG00

2024-12-11 04:10:21,848 - INFO - EXPIRED
贵州一女子放火烧山，称有人上山扑火后会留下塑料瓶，可以捡来拿去卖
https://new.qq.com/rain/a/20241210A03P8900

2024-12-11 04:10:21,848 - INFO - EXPIRED
杭州一男子骑摩托车撞上护栏坠桥身亡，警方：遗体已打捞上岸
https://new.qq.com/rain/a/20241210V080RG00

2024-12-11 04:10:21,848 - INFO - EXPIRED
网红死亡当天曾到整形医院抽脂，现在抽脂技术成熟吗？如何避坑？
https://view.inews.qq.com/a/20241210Q04DBD00

2024-12-11 04:10:21,848 - INFO - EXPIRED
英媒：巴西总统卢拉接受脑出血手术
https://new.qq.com/rain/a/20241210A07C1V00

2024-12-11 04:10:21,848 - INFO - EXPIRED
男子为80万奖金参加自律挑战，连败3次倒亏2万，算欺诈吗？
https://view.inews.qq.com/a/20241210Q02HH100

2024-12-11 04:10:21,848 - INFO - EXPIRED
4S店爆雷后：银行与车主上演抢车大战，未能提车车主轮番睡车里盯梢
https://new.qq.com/rain/a/20241210A053Q200

2024-12-11 04:10:21,848 - INFO - EXPIRED
19岁男子被处级干部舅舅安排当副主任，4年后入编？贵阳水电九局回应
https://new.qq.com/rain/a/20241210A05RFS00

2024-12-11 04:10:21,848 - INFO - EXPIRED
判处有期徒刑12年 光大集团原董事长唐双宁贪污、受贿案一审宣判
https://new.qq.com/rain/a/20241210A06UNZ00

2024-12-11 04:10:21,848 - INFO - EXPIRED
史无前例！内塔尼亚胡首度出庭作证
https://new.qq.com/rain/a/20241210A066SZ00

2024-12-11 04:10:21,848 - INFO - EXPIRED
中铁十四局在山东完成1.45万亩土地冬种，基建央企为何要种地？
https://view.inews.qq.com/a/20241210Q01T8V00

2024-12-11 04:10:21,848 - INFO - EXPIRED
台当局声称大陆在台岛周边海域部署的舰艇规模超过2022年军事演习规模，外交部回应
https://new.qq.com/rain/a/20241210A05NSK00

2024-12-11 04:10:21,848 - INFO - EXPIRED
七部门发文加强教师待遇保障 将符合条件教师纳入城镇住房保障范围
https://new.qq.com/rain/a/20241210A06AUA00

2024-12-11 04:10:21,848 - INFO - EXPIRED
被困在床上四年后，一个尘肺病人决定拔掉氧气管
https://new.qq.com/rain/a/20241210A05ME800

2024-12-11 04:10:21,848 - INFO - EXPIRED
中纪委“打虎”三连发
https://new.qq.com/rain/a/20241210A064JZ00

2024-12-11 04:10:21,848 - INFO - EXPIRED
韩国前防长金龙显放弃拘捕前审查，这意味着什么？为何会做这种选择？
https://view.inews.qq.com/a/20241210Q03FSI00

2024-12-11 04:10:21,848 - INFO - EXPIRED
农业农村部原部长唐仁健被决定逮捕！被批“部署不力”“盲目决策”
https://new.qq.com/rain/a/20241210A05CCU00

2024-12-11 04:10:21,848 - INFO - EXPIRED
许昌一眼科医院被指给转诊医生提成，市监局立案调查
https://new.qq.com/rain/a/20241210A04OZF00

2024-12-11 04:10:21,848 - INFO - EXPIRED
监控曝光！网传湖南一渣土车侧翻与公交车相撞伤亡不明，当地应急回应
https://new.qq.com/rain/a/20241210V05HUY00

2024-12-11 04:10:21,848 - INFO - EXPIRED
三男子铺电网非法猎野猪，一人触电身亡，两同伴被判拘役并分别赔10万
https://new.qq.com/rain/a/20241210A04F0V00

2024-12-11 04:10:21,848 - INFO - EXPIRED
“适度宽松”和“更加积极”政策组合敲定，离岸人民币汇率升穿7.25
https://new.qq.com/rain/a/20241210A04EOX00

2024-12-11 04:10:21,848 - INFO - EXPIRED
“药王谷”患癌者死亡人数已达30人，发起人：患者过于乐观
https://new.qq.com/rain/a/20241210A04HLK00

2024-12-11 04:10:21,848 - INFO - EXPIRED
江苏沛县一女政协常委遭举报文凭造假后，又被曝出“隐瞒党员身份”
https://new.qq.com/rain/a/20241210A04XQM00

2024-12-11 04:10:21,848 - INFO - EXPIRED
网传深圳一30多岁独居女子被发现在出租屋身亡，当地警方回应
https://new.qq.com/rain/a/20241210A03JHF00

2024-12-11 04:10:21,849 - INFO - EXPIRED
“碰瓷”？小米YU7目前正在进行大规模路测，YU7商标已遭抢注
https://new.qq.com/rain/a/20241210A02YAJ00

2024-12-11 04:10:21,849 - INFO - EXPIRED
记者探访“俄罗斯特产商店”：肉肠产地在黑龙江，奶粉生产商在甘肃
https://new.qq.com/rain/a/20241209A08ULG00

2024-12-11 04:10:21,849 - INFO - EXPIRED
王金平发表“两岸和平倡议”
https://new.qq.com/rain/a/20241209A00YCT00

2024-12-11 04:10:21,849 - INFO - EXPIRED
男子为生意周转借850万高利贷，被执行2400多万，因无力偿还被判刑
https://new.qq.com/rain/a/20241209A057DT00

2024-12-11 04:10:21,849 - INFO - EXPIRED
员工误开紫光灯致地板寿命减10年，这种灯干什么用的？
https://view.inews.qq.com/a/20241209Q09HJB00

2024-12-11 04:10:21,849 - INFO - EXPIRED
担心中国将管制无人机关键部件出口，美国政府急了
https://new.qq.com/rain/a/20241210A03A2Y00

2024-12-11 04:10:21,849 - INFO - EXPIRED
美军出动战机轰炸叙境内75个目标，为何此时轰炸？对美有何好处？
https://view.inews.qq.com/a/20241210Q01VU600

2024-12-11 04:10:21,849 - INFO - EXPIRED
一名乘客在飞往南京的航班上突发疾病，相关部门：其经抢救无效死亡
https://new.qq.com/rain/a/20241210A03ZW300

2024-12-11 04:10:21,849 - INFO - EXPIRED
特朗普提名小肯尼迪为美国卫生部部长，77位诺贝尔奖得主联名抵制
https://new.qq.com/rain/a/20241210A0207700

2024-12-11 04:10:21,849 - INFO - EXPIRED
最高法原刑庭庭长：法官与律师发生冲突，主要责任还在法官
https://new.qq.com/rain/a/20241208A04LR200

2024-12-11 04:10:21,849 - INFO - EXPIRED
1070元的机票，第三方订票平台“航班管家”卖3357元
https://new.qq.com/rain/a/20241210A013UN00

2024-12-11 04:10:21,849 - INFO - EXPIRED
马岩松、陈冲洛杉矶再出发，感叹大荧幕黄金时代已落幕
https://new.qq.com/rain/a/20241210V021RR00

2024-12-11 04:10:21,849 - INFO - EXPIRED
茅台镇产能换血：大酒企扩产，小酒企停止“下沙”，但地皮还是值钱的
https://new.qq.com/rain/a/20241210A01TR400

2024-12-11 04:10:21,849 - INFO - EXPIRED
中央决定：关志鸥任自然资源部党组书记
https://new.qq.com/rain/a/20241210A0202P00

2024-12-11 04:10:21,849 - INFO - EXPIRED
81岁婆婆心酸落泪感叹人老麻烦多评估师安慰老人开心最重要
https://new.qq.com/rain/a/20241210V02C6P00

2024-12-11 04:10:22,662 - INFO - INVALID
韩调查部门：将适时尝试逮捕尹锡悦
https://new.qq.com/rain/a/20241211A03EMN00

2024-12-11 04:10:22,667 - INFO - INVALID
周黑鸭创始人被卡磁炉炸伤，本人回应：一定去正规场所买正规牌子
https://new.qq.com/rain/a/20241211A03KNH00

2024-12-11 04:10:22,721 - INFO - INVALID
美最大医疗保险公司CEO闹市被枪杀，富三代嫌犯450公里外被捕，动机披露
https://new.qq.com/rain/a/20241211A03KDZ00

2024-12-11 04:10:22,760 - INFO - INVALID
台陆委会声称大陆“一手交流、一手武吓”，国台办驳斥：完全是在混淆视听
https://new.qq.com/rain/a/20241211A033QU00

2024-12-11 04:10:22,768 - ERROR - ERROR
宁德时代与欧洲车企巨头投资300亿海外建厂，这种投资影响多大？
https://view.inews.qq.com/a/20241211Q01LDX00
('list index out of range',)
======
Traceback (most recent call last):
  File "/home/runner/work/qqnews/qqnews/qq.py", line 81, in process_article
    ss = str(tmpbs.select("div.LEFT div.content.clearfix")[0])
             ~~~~~~~~~~~~~~~~~~~~~~~~~~~~~~~~~~~~~~~~~~~~~^^^
IndexError: list index out of range


2024-12-11 04:10:23,271 - INFO - INVALID
调研报告反映农村宅基地闲置：一村696间房，空置率43.8%
https://new.qq.com/rain/a/20241211A0154000

2024-12-11 04:10:23,276 - INFO - INVALID
谷歌宣布量子芯片取得重大技术突破，“5分钟完成超级计算机10的25次方年的任务”
https://new.qq.com/rain/a/20241211A013Y000

2024-12-11 04:10:23,324 - INFO - INVALID
痛心！中国自行车名将意外去世，刚过30岁生日，曾在奥运会创历史
https://new.qq.com/rain/a/20241211A00UKL00

2024-12-11 04:10:23,379 - INFO - INVALID
就在今晚！2024年最后一份可能引爆市场的美国数据来了
https://new.qq.com/rain/a/20241211A01YJH00

2024-12-11 04:10:23,427 - INFO - INVALID
卖官鬻爵！新疆维吾尔自治区党委原副书记李鹏新被公诉
https://new.qq.com/rain/a/20241211A02CUU00

2024-12-11 04:10:23,852 - ERROR - ERROR
澳洲一家实验室丢失323份致命病毒样本：含狂犬病毒等 3年前丢失本月才确认
https://new.qq.com/rain/a/20241211V02L3A00
('list index out of range',)
======
Traceback (most recent call last):
  File "/home/runner/work/qqnews/qqnews/qq.py", line 81, in process_article
    ss = str(tmpbs.select("div.LEFT div.content.clearfix")[0])
             ~~~~~~~~~~~~~~~~~~~~~~~~~~~~~~~~~~~~~~~~~~~~~^^^
IndexError: list index out of range


2024-12-11 04:10:23,882 - INFO - INVALID
河南一银行原董事长多套房产被法拍，其中一套万柳书院豪宅估价过亿元
https://new.qq.com/rain/a/20241211A00IPC00

2024-12-11 04:10:24,007 - INFO - INVALID
俄副外长：巴沙尔·阿萨德在俄罗斯很安全
https://new.qq.com/rain/a/20241211A00QYG00

2024-12-11 04:10:24,030 - INFO - INVALID
女子在火车上探身拍照坠车，有多位博主晒照“挂”火车，此前有人身亡
https://new.qq.com/rain/a/20241211A01EBY00

2024-12-11 04:10:24,469 - INFO - INVALID
50岁保洁阿姨，在短剧里和“霸总”谈恋爱
https://new.qq.com/rain/a/20241211A01POA00

2024-12-11 04:10:24,481 - INFO - INVALID
北京出手了！突破多项设计规则，“第四代住宅”来了吗
https://new.qq.com/rain/a/20241211A00GW300

2024-12-11 04:10:24,499 - INFO - INVALID
孙立平：李稻葵的越南经济观感，值得深思
https://new.qq.com/rain/a/20241211A01TZH00

2024-12-11 04:10:24,616 - INFO - INVALID
外商独资医院扩大开放政策出台，外资就会来吗？医疗界人士解读
https://new.qq.com/rain/a/20241211A0139B00

2024-12-11 04:10:24,682 - ERROR - ERROR
枪杀美国医保巨头高管的嫌疑人被带上法庭时愤怒大喊 被拒绝保释
https://new.qq.com/rain/a/20241211V01DTI00
('list index out of range',)
======
Traceback (most recent call last):
  File "/home/runner/work/qqnews/qqnews/qq.py", line 81, in process_article
    ss = str(tmpbs.select("div.LEFT div.content.clearfix")[0])
             ~~~~~~~~~~~~~~~~~~~~~~~~~~~~~~~~~~~~~~~~~~~~~^^^
IndexError: list index out of range


2024-12-11 04:10:25,078 - INFO - INVALID
辽宁官方公布地标美食评定结果：大连上榜最多，沈阳“大兴狗肉”被删
https://new.qq.com/rain/a/20241211A016MX00

2024-12-11 04:10:25,133 - INFO - INVALID
以军摧毁叙利亚70%以上军事力量 叙利亚过渡政府正式接管权力
https://new.qq.com/rain/a/20241211A0121H00

2024-12-11 04:10:25,168 - INFO - INVALID
字节内部判断AI对话类产品天花板可能不高，提升剪映即梦优先级
https://new.qq.com/rain/a/20241211A01LQF00

2024-12-11 04:10:25,223 - INFO - INVALID
卢卡申科称“拥有十几枚核弹头”，警告“敌人和对手”不得侵犯白俄罗斯国界
https://new.qq.com/rain/a/20241211A0109100

2024-12-11 04:10:25,280 - ERROR - ERROR
黄茅海跨海通道今日通车！穿越机视角带你提前探秘百年超级工程
https://new.qq.com/rain/a/20241211V0150N00
('list index out of range',)
======
Traceback (most recent call last):
  File "/home/runner/work/qqnews/qqnews/qq.py", line 81, in process_article
    ss = str(tmpbs.select("div.LEFT div.content.clearfix")[0])
             ~~~~~~~~~~~~~~~~~~~~~~~~~~~~~~~~~~~~~~~~~~~~~^^^
IndexError: list index out of range


2024-12-11 04:10:25,749 - INFO - INVALID
美股收盘：道指连续四天下跌，中概股指挫逾4%，市场聚焦CPI报告
https://new.qq.com/rain/a/20241211A00WEZ00

2024-12-11 04:10:25,769 - INFO - INVALID
美国首次在关岛成功进行弹道导弹拦截测试
https://new.qq.com/rain/a/20241211A00S8B00

2024-12-11 05:08:15,816 - INFO - EXPIRED
男大学生做性别重置手术 向学校申请变更性别信息被公示 华中科大回应
https://new.qq.com/rain/a/20241210A08A0M00

2024-12-11 05:08:15,816 - INFO - EXPIRED
上海一男子自称按摩被诱供认定嫖娼后上诉，要求警方拿出执法录像遭拒
https://new.qq.com/rain/a/20241210A08MRV00

2024-12-11 05:08:15,816 - INFO - EXPIRED
居委会原主任竟是“黑老大”：染红漂白曾隐瞒犯罪经历，涉黑被判25年
https://new.qq.com/rain/a/20241210A0A02G00

2024-12-11 05:08:15,816 - INFO - EXPIRED
广州电动车限速15公里 专家：建议外卖平台考虑限速因素 调整骑手考核
https://new.qq.com/rain/a/20241210A09ZX800

2024-12-11 05:08:15,816 - INFO - EXPIRED
养乐多关闭20年上海工厂！企业回应：通过重组提高生产效率
https://new.qq.com/rain/a/20241210A04YZL00

2024-12-11 05:08:15,816 - INFO - EXPIRED
河北廊坊一驾考安全员将学员按在地上击打？考场：科目三未过引发冲突
https://new.qq.com/rain/a/20241210A09U5K00

2024-12-11 05:08:15,817 - INFO - EXPIRED
被外籍留学生猥亵的女子发声：他在派出所耍酒疯，警方让其限期出境
https://new.qq.com/rain/a/20241210A0A03H00

2024-12-11 05:08:15,817 - INFO - EXPIRED
成都海关查获6只巨人恐蚁，带它们入境想干什么？会破坏生态吗？
https://view.inews.qq.com/a/20241210Q09R2Q00

2024-12-11 05:08:15,817 - INFO - EXPIRED
“稳住楼市”还需要什么政策？一线：提前还贷有所减少但仍处高位，业内：还需降利率
https://new.qq.com/rain/a/20241210A09JIZ00

2024-12-11 05:08:15,817 - INFO - EXPIRED
巴西总统卢拉手术后状况良好 已能说话和进食
https://new.qq.com/rain/a/20241210A09T9M00

2024-12-11 05:08:15,817 - INFO - EXPIRED
“被老师砸破头骨”女孩母亲称已提交抗诉申请书：希望能从严从重处罚
https://new.qq.com/rain/a/20241210V09S1100

2024-12-11 05:08:15,817 - INFO - EXPIRED
张家辉、周润发降价急售香港豪宅，为何都着急甩卖？有何讲究？
https://view.inews.qq.com/a/20241210Q06MMQ00

2024-12-11 05:08:15,817 - INFO - EXPIRED
深圳福田区长回应盲道“瞎滑”
https://new.qq.com/rain/a/20241210A09YFR00

2024-12-11 05:08:15,817 - INFO - EXPIRED
密集上新，银行大额存单“又香了”
https://new.qq.com/rain/a/20241210A09G6Z00

2024-12-11 05:08:15,817 - INFO - EXPIRED
英国《自然》杂志评出年度十大人物，两名中国人上榜
https://new.qq.com/rain/a/20241210A0A12500

2024-12-11 05:08:15,817 - INFO - EXPIRED
湖北男子夜驰8小时逃离叙利亚：5人花200美元租了车 刚过境口岸就关了
https://new.qq.com/rain/a/20241210A06FS300

2024-12-11 05:08:15,817 - INFO - EXPIRED
贵州一村民家中发生地陷，村干部：村里有30多个塌陷坑，最大有20米宽
https://new.qq.com/rain/a/20241210A09SSF00

2024-12-11 05:08:15,817 - INFO - EXPIRED
个人养老金制度全面实施在即：社会对制度优化抱有较大期待
https://new.qq.com/rain/a/20241210A0479500

2024-12-11 05:08:15,817 - INFO - EXPIRED
李在明：尹锡悦不必要地加剧了与中国的紧张关系
https://new.qq.com/rain/a/20241210A07LAT00

2024-12-11 05:08:15,817 - INFO - EXPIRED
制售“八宝丹”，福建四名公职人员获刑，一教师被判刑8年罚款80万元
https://new.qq.com/rain/a/20241210A09N6M00

2024-12-11 05:08:15,817 - INFO - EXPIRED
印度防长辛格：印度决定扩大与俄罗斯的合作，将永远与俄方站在一起
https://new.qq.com/rain/a/20241210A09IJ200

2024-12-11 05:08:15,817 - INFO - EXPIRED
“贪”字当选台湾2024年度代表字
https://new.qq.com/rain/a/20241210A09P0R00

2024-12-11 05:08:15,817 - INFO - EXPIRED
黑龙江林口县有牛被不明动物咬伤，当地发布“防虎须知”，离勃利县老虎咬人村庄仅约60公里
https://new.qq.com/rain/a/20241210A09EE700

2024-12-11 05:08:15,817 - INFO - EXPIRED
央行出手，时隔半年再买超4吨黄金！金价还会涨吗
https://new.qq.com/rain/a/20241210A08VEF00

2024-12-11 05:08:15,817 - INFO - EXPIRED
韩国执政党规划尹锡悦有序退出，能成功吗？在野党会如何反制？
https://view.inews.qq.com/a/20241210Q08UN500

2024-12-11 05:08:15,817 - INFO - EXPIRED
履职仅月余，宁方刚不再担任国家医保基金社会监督员
https://new.qq.com/rain/a/20241210A0784Z00

2024-12-11 05:08:15,817 - INFO - EXPIRED
被联合国批死刑执行方式残忍，日本人怒了：凭什么教我们做事
https://new.qq.com/rain/a/20241210A0723X00

2024-12-11 05:08:15,817 - INFO - EXPIRED
大学超市老板要求食堂涨价，被拒后将对方档口挤出学校？济南大学回应
https://new.qq.com/rain/a/20241210A068WW00

2024-12-11 05:08:15,817 - INFO - EXPIRED
尘肺病人被困床上四年后拔掉氧气管，这病难治在哪？该如何预防？
https://view.inews.qq.com/a/20241210Q06MVY00

2024-12-11 05:08:15,817 - INFO - EXPIRED
“网红”文旅局长刘克斌任沈阳市副市长
https://new.qq.com/rain/a/20241210A09AT800

2024-12-11 05:08:15,817 - INFO - EXPIRED
19岁男子被处级干部舅舅安排当副主任？中国水电九局：信息不属实
https://new.qq.com/rain/a/20241210A08C0M00

2024-12-11 05:08:15,817 - INFO - EXPIRED
黑龙江一市财政局报案被人诈骗近3000万元 检方：有欺诈性质但不起诉
https://new.qq.com/rain/a/20241210A059SN00

2024-12-11 05:08:15,817 - INFO - EXPIRED
中华口腔医学会被曝只要交钱就能入会，这是个什么组织？能信吗？
https://view.inews.qq.com/a/20241210Q01HYU00

2024-12-11 05:08:15,817 - INFO - EXPIRED
银行接通知：本月中旬将召开全面实施个人养老金制度视频会
https://new.qq.com/rain/a/20241210A07KY400

2024-12-11 05:08:15,817 - INFO - EXPIRED
在西藏工作47年的吴英杰，被批严重影响西藏高质量发展、助长贪腐滋长
https://new.qq.com/rain/a/20241210A073LI00

2024-12-11 05:08:15,817 - INFO - EXPIRED
特鲁多：如果特朗普征收25%的关税，加拿大将反击
https://new.qq.com/rain/a/20241210A056UH00

2024-12-11 05:08:15,817 - INFO - EXPIRED
檀健次主演的《猎罪图鉴2》开播，还有哪些未破悬案可以改编？
https://view.inews.qq.com/a/20241210Q067FG00

2024-12-11 05:08:15,817 - INFO - EXPIRED
贵州一女子放火烧山，称有人上山扑火后会留下塑料瓶，可以捡来拿去卖
https://new.qq.com/rain/a/20241210A03P8900

2024-12-11 05:08:15,817 - INFO - EXPIRED
杭州一男子骑摩托车撞上护栏坠桥身亡，警方：遗体已打捞上岸
https://new.qq.com/rain/a/20241210V080RG00

2024-12-11 05:08:15,817 - INFO - EXPIRED
网红死亡当天曾到整形医院抽脂，现在抽脂技术成熟吗？如何避坑？
https://view.inews.qq.com/a/20241210Q04DBD00

2024-12-11 05:08:15,817 - INFO - EXPIRED
英媒：巴西总统卢拉接受脑出血手术
https://new.qq.com/rain/a/20241210A07C1V00

2024-12-11 05:08:15,817 - INFO - EXPIRED
男子为80万奖金参加自律挑战，连败3次倒亏2万，算欺诈吗？
https://view.inews.qq.com/a/20241210Q02HH100

2024-12-11 05:08:15,817 - INFO - EXPIRED
4S店爆雷后：银行与车主上演抢车大战，未能提车车主轮番睡车里盯梢
https://new.qq.com/rain/a/20241210A053Q200

2024-12-11 05:08:15,817 - INFO - EXPIRED
19岁男子被处级干部舅舅安排当副主任，4年后入编？贵阳水电九局回应
https://new.qq.com/rain/a/20241210A05RFS00

2024-12-11 05:08:15,817 - INFO - EXPIRED
判处有期徒刑12年 光大集团原董事长唐双宁贪污、受贿案一审宣判
https://new.qq.com/rain/a/20241210A06UNZ00

2024-12-11 05:08:15,817 - INFO - EXPIRED
史无前例！内塔尼亚胡首度出庭作证
https://new.qq.com/rain/a/20241210A066SZ00

2024-12-11 05:08:15,817 - INFO - EXPIRED
中铁十四局在山东完成1.45万亩土地冬种，基建央企为何要种地？
https://view.inews.qq.com/a/20241210Q01T8V00

2024-12-11 05:08:15,817 - INFO - EXPIRED
台当局声称大陆在台岛周边海域部署的舰艇规模超过2022年军事演习规模，外交部回应
https://new.qq.com/rain/a/20241210A05NSK00

2024-12-11 05:08:15,817 - INFO - EXPIRED
七部门发文加强教师待遇保障 将符合条件教师纳入城镇住房保障范围
https://new.qq.com/rain/a/20241210A06AUA00

2024-12-11 05:08:15,817 - INFO - EXPIRED
被困在床上四年后，一个尘肺病人决定拔掉氧气管
https://new.qq.com/rain/a/20241210A05ME800

2024-12-11 05:08:15,817 - INFO - EXPIRED
中纪委“打虎”三连发
https://new.qq.com/rain/a/20241210A064JZ00

2024-12-11 05:08:15,817 - INFO - EXPIRED
韩国前防长金龙显放弃拘捕前审查，这意味着什么？为何会做这种选择？
https://view.inews.qq.com/a/20241210Q03FSI00

2024-12-11 05:08:15,817 - INFO - EXPIRED
农业农村部原部长唐仁健被决定逮捕！被批“部署不力”“盲目决策”
https://new.qq.com/rain/a/20241210A05CCU00

2024-12-11 05:08:15,818 - INFO - EXPIRED
许昌一眼科医院被指给转诊医生提成，市监局立案调查
https://new.qq.com/rain/a/20241210A04OZF00

2024-12-11 05:08:15,818 - INFO - EXPIRED
监控曝光！网传湖南一渣土车侧翻与公交车相撞伤亡不明，当地应急回应
https://new.qq.com/rain/a/20241210V05HUY00

2024-12-11 05:08:15,818 - INFO - EXPIRED
三男子铺电网非法猎野猪，一人触电身亡，两同伴被判拘役并分别赔10万
https://new.qq.com/rain/a/20241210A04F0V00

2024-12-11 05:08:15,818 - INFO - EXPIRED
“适度宽松”和“更加积极”政策组合敲定，离岸人民币汇率升穿7.25
https://new.qq.com/rain/a/20241210A04EOX00

2024-12-11 05:08:15,818 - INFO - EXPIRED
“药王谷”患癌者死亡人数已达30人，发起人：患者过于乐观
https://new.qq.com/rain/a/20241210A04HLK00

2024-12-11 05:08:15,818 - INFO - EXPIRED
江苏沛县一女政协常委遭举报文凭造假后，又被曝出“隐瞒党员身份”
https://new.qq.com/rain/a/20241210A04XQM00

2024-12-11 05:08:15,818 - INFO - EXPIRED
网传深圳一30多岁独居女子被发现在出租屋身亡，当地警方回应
https://new.qq.com/rain/a/20241210A03JHF00

2024-12-11 05:08:15,818 - INFO - EXPIRED
“碰瓷”？小米YU7目前正在进行大规模路测，YU7商标已遭抢注
https://new.qq.com/rain/a/20241210A02YAJ00

2024-12-11 05:08:15,818 - INFO - EXPIRED
记者探访“俄罗斯特产商店”：肉肠产地在黑龙江，奶粉生产商在甘肃
https://new.qq.com/rain/a/20241209A08ULG00

2024-12-11 05:08:15,818 - INFO - EXPIRED
王金平发表“两岸和平倡议”
https://new.qq.com/rain/a/20241209A00YCT00

2024-12-11 05:08:15,818 - INFO - EXPIRED
男子为生意周转借850万高利贷，被执行2400多万，因无力偿还被判刑
https://new.qq.com/rain/a/20241209A057DT00

2024-12-11 05:08:15,818 - INFO - EXPIRED
员工误开紫光灯致地板寿命减10年，这种灯干什么用的？
https://view.inews.qq.com/a/20241209Q09HJB00

2024-12-11 05:08:15,818 - INFO - EXPIRED
担心中国将管制无人机关键部件出口，美国政府急了
https://new.qq.com/rain/a/20241210A03A2Y00

2024-12-11 05:08:15,818 - INFO - EXPIRED
美军出动战机轰炸叙境内75个目标，为何此时轰炸？对美有何好处？
https://view.inews.qq.com/a/20241210Q01VU600

2024-12-11 05:08:15,818 - INFO - EXPIRED
一名乘客在飞往南京的航班上突发疾病，相关部门：其经抢救无效死亡
https://new.qq.com/rain/a/20241210A03ZW300

2024-12-11 05:08:15,818 - INFO - EXPIRED
特朗普提名小肯尼迪为美国卫生部部长，77位诺贝尔奖得主联名抵制
https://new.qq.com/rain/a/20241210A0207700

2024-12-11 05:08:15,818 - INFO - EXPIRED
最高法原刑庭庭长：法官与律师发生冲突，主要责任还在法官
https://new.qq.com/rain/a/20241208A04LR200

2024-12-11 05:08:15,818 - INFO - EXPIRED
1070元的机票，第三方订票平台“航班管家”卖3357元
https://new.qq.com/rain/a/20241210A013UN00

2024-12-11 05:08:15,818 - INFO - EXPIRED
马岩松、陈冲洛杉矶再出发，感叹大荧幕黄金时代已落幕
https://new.qq.com/rain/a/20241210V021RR00

2024-12-11 05:08:16,746 - INFO - INVALID
韩调查部门：将适时尝试逮捕尹锡悦
https://new.qq.com/rain/a/20241211A03EMN00

2024-12-11 05:08:16,752 - INFO - INVALID
“卖天”第一单背后：“特许经营权”引争议
https://new.qq.com/rain/a/20241211A04JJ100

2024-12-11 05:08:16,768 - ERROR - ERROR
小米驾校报名费9999元，为何小米要办驾校？这是门好生意吗？
https://view.inews.qq.com/a/20241211Q0343S00
('list index out of range',)
======
Traceback (most recent call last):
  File "/home/runner/work/qqnews/qqnews/qq.py", line 81, in process_article
    ss = str(tmpbs.select("div.LEFT div.content.clearfix")[0])
             ~~~~~~~~~~~~~~~~~~~~~~~~~~~~~~~~~~~~~~~~~~~~~^^^
IndexError: list index out of range


2024-12-11 05:08:16,847 - INFO - INVALID
千方科技旗下宇视科技：公司被美国列入“实体清单”没有事实依据
https://new.qq.com/rain/a/20241211A04CG300

2024-12-11 05:08:16,852 - INFO - INVALID
美保险巨头CEO闹市被枪杀案告破，地产富三代嫌犯被捕，动机披露
https://new.qq.com/rain/a/20241211A03KDZ00

2024-12-11 05:08:17,389 - INFO - INVALID
周黑鸭创始人被卡磁炉炸伤，本人回应：一定去正规场所买正规牌子
https://new.qq.com/rain/a/20241211A03KNH00

2024-12-11 05:08:17,401 - INFO - INVALID
谷歌宣布量子芯片取得重大技术突破，“5分钟完成超级计算机10的25次方年的任务”
https://new.qq.com/rain/a/20241211A013Y000

2024-12-11 05:08:17,418 - INFO - INVALID
痛心！中国自行车名将意外去世，刚过30岁生日，曾在奥运会创历史
https://new.qq.com/rain/a/20241211A00UKL00

2024-12-11 05:08:17,519 - INFO - INVALID
台陆委会声称大陆“一手交流、一手武吓”，国台办驳斥：完全是在混淆视听
https://new.qq.com/rain/a/20241211A033QU00

2024-12-11 05:08:17,587 - INFO - INVALID
女子在火车上探身拍照坠车，有多位博主晒照“挂”火车，此前有人身亡
https://new.qq.com/rain/a/20241211A01EBY00

2024-12-11 05:08:18,033 - INFO - INVALID
卖官鬻爵！新疆维吾尔自治区党委原副书记李鹏新被公诉
https://new.qq.com/rain/a/20241211A02CUU00

2024-12-11 05:08:18,038 - INFO - INVALID
调研报告反映农村宅基地闲置：一村696间房，空置率43.8%
https://new.qq.com/rain/a/20241211A0154000

2024-12-11 05:08:18,220 - INFO - INVALID
产能过剩严重，光伏产业还有未来吗？
https://new.qq.com/rain/a/20241211A03QO100

2024-12-11 05:08:18,251 - INFO - INVALID
河南一银行原董事长多套房产被法拍，其中一套万柳书院豪宅估价过亿元
https://new.qq.com/rain/a/20241211A00IPC00

2024-12-11 05:08:18,256 - INFO - INVALID
就在今晚！2024年最后一份可能引爆市场的美国数据来了
https://new.qq.com/rain/a/20241211A01YJH00

2024-12-11 05:08:18,777 - INFO - INVALID
俄副外长：巴沙尔·阿萨德在俄罗斯很安全
https://new.qq.com/rain/a/20241211A00QYG00

2024-12-11 05:08:18,875 - INFO - INVALID
孙立平：李稻葵的越南经济观感，值得深思
https://new.qq.com/rain/a/20241211A01TZH00

2024-12-11 05:08:18,946 - INFO - INVALID
50岁保洁阿姨，在短剧里和“霸总”谈恋爱
https://new.qq.com/rain/a/20241211A01POA00

2024-12-11 05:08:18,985 - INFO - INVALID
北京出手了！突破多项设计规则，“第四代住宅”来了吗
https://new.qq.com/rain/a/20241211A00GW300

2024-12-11 05:08:19,030 - INFO - INVALID
外商独资医院扩大开放政策出台，外资就会来吗？医疗界人士解读
https://new.qq.com/rain/a/20241211A0139B00

2024-12-11 05:08:19,404 - ERROR - ERROR
枪杀美国医保巨头高管的嫌疑人被带上法庭时愤怒大喊 被拒绝保释
https://new.qq.com/rain/a/20241211V01DTI00
('list index out of range',)
======
Traceback (most recent call last):
  File "/home/runner/work/qqnews/qqnews/qq.py", line 81, in process_article
    ss = str(tmpbs.select("div.LEFT div.content.clearfix")[0])
             ~~~~~~~~~~~~~~~~~~~~~~~~~~~~~~~~~~~~~~~~~~~~~^^^
IndexError: list index out of range


2024-12-11 05:08:19,595 - INFO - INVALID
辽宁官方公布地标美食评定结果：大连上榜最多，沈阳“大兴狗肉”被删
https://new.qq.com/rain/a/20241211A016MX00

2024-12-11 05:08:19,631 - INFO - INVALID
以军摧毁叙利亚70%以上军事力量 叙利亚过渡政府正式接管权力
https://new.qq.com/rain/a/20241211A0121H00

2024-12-11 05:08:19,677 - INFO - INVALID
字节内部判断AI对话类产品天花板可能不高，提升剪映即梦优先级
https://new.qq.com/rain/a/20241211A01LQF00

2024-12-11 05:08:19,703 - INFO - INVALID
卢卡申科称“拥有十几枚核弹头”，警告“敌人和对手”不得侵犯白俄罗斯国界
https://new.qq.com/rain/a/20241211A0109100

2024-12-11 05:08:20,027 - ERROR - ERROR
黄茅海跨海通道今日通车！穿越机视角带你提前探秘百年超级工程
https://new.qq.com/rain/a/20241211V0150N00
('list index out of range',)
======
Traceback (most recent call last):
  File "/home/runner/work/qqnews/qqnews/qq.py", line 81, in process_article
    ss = str(tmpbs.select("div.LEFT div.content.clearfix")[0])
             ~~~~~~~~~~~~~~~~~~~~~~~~~~~~~~~~~~~~~~~~~~~~~^^^
IndexError: list index out of range


2024-12-11 05:08:20,362 - INFO - INVALID
美国首次在关岛成功进行弹道导弹拦截测试
https://new.qq.com/rain/a/20241211A00S8B00

2024-12-11 05:08:20,378 - INFO - INVALID
美股收盘：道指连续四天下跌，中概股指挫逾4%，市场聚焦CPI报告
https://new.qq.com/rain/a/20241211A00WEZ00

