2026-06-20 01:58:04,999 - INFO - Total time taken: {'ret': 0, 'msg': 'success', 'data': None}
2026-06-20 01:58:04,999 - INFO - 'NoneType' object is not subscriptable
2026-06-20 01:58:05,000 - INFO - Traceback (most recent call last):
  File "/home/runner/work/qqnews/qqnews/qq.py", line 128, in main
    for i in qq1["data"]["list"]:
             ~~~~~~~~~~~^^^^^^^^
TypeError: 'NoneType' object is not subscriptable

2026-06-20 06:14:18,073 - INFO - Total time taken: {'ret': 0, 'msg': 'success', 'data': None}
2026-06-20 06:14:18,073 - INFO - 'NoneType' object is not subscriptable
2026-06-20 06:14:18,074 - INFO - Traceback (most recent call last):
  File "/home/runner/work/qqnews/qqnews/qq.py", line 128, in main
    for i in qq1["data"]["list"]:
             ~~~~~~~~~~~^^^^^^^^
TypeError: 'NoneType' object is not subscriptable

2026-06-20 09:54:21,767 - INFO - Total time taken: {'ret': 0, 'msg': 'success', 'data': None}
2026-06-20 09:54:21,768 - INFO - 'NoneType' object is not subscriptable
2026-06-20 09:54:21,768 - INFO - Traceback (most recent call last):
  File "/home/runner/work/qqnews/qqnews/qq.py", line 128, in main
    for i in qq1["data"]["list"]:
             ~~~~~~~~~~~^^^^^^^^
TypeError: 'NoneType' object is not subscriptable

2026-06-20 11:47:54,229 - INFO - Total time taken: {'ret': 0, 'msg': 'success', 'data': None}
2026-06-20 11:47:54,229 - INFO - 'NoneType' object is not subscriptable
2026-06-20 11:47:54,229 - INFO - Traceback (most recent call last):
  File "/home/runner/work/qqnews/qqnews/qq.py", line 128, in main
    for i in qq1["data"]["list"]:
             ~~~~~~~~~~~^^^^^^^^
TypeError: 'NoneType' object is not subscriptable

2026-06-20 13:17:56,534 - INFO - Total time taken: {'ret': 0, 'msg': 'success', 'data': None}
2026-06-20 13:17:56,535 - INFO - 'NoneType' object is not subscriptable
2026-06-20 13:17:56,535 - INFO - Traceback (most recent call last):
  File "/home/runner/work/qqnews/qqnews/qq.py", line 128, in main
    for i in qq1["data"]["list"]:
             ~~~~~~~~~~~^^^^^^^^
TypeError: 'NoneType' object is not subscriptable

2026-06-20 15:26:19,021 - INFO - Total time taken: {'ret': 0, 'msg': 'success', 'data': None}
2026-06-20 15:26:19,021 - INFO - 'NoneType' object is not subscriptable
2026-06-20 15:26:19,022 - INFO - Traceback (most recent call last):
  File "/home/runner/work/qqnews/qqnews/qq.py", line 128, in main
    for i in qq1["data"]["list"]:
             ~~~~~~~~~~~^^^^^^^^
TypeError: 'NoneType' object is not subscriptable

2026-06-20 17:10:30,896 - INFO - Total time taken: {'ret': 0, 'msg': 'success', 'data': None}
2026-06-20 17:10:30,897 - INFO - 'NoneType' object is not subscriptable
2026-06-20 17:10:30,897 - INFO - Traceback (most recent call last):
  File "/home/runner/work/qqnews/qqnews/qq.py", line 128, in main
    for i in qq1["data"]["list"]:
             ~~~~~~~~~~~^^^^^^^^
TypeError: 'NoneType' object is not subscriptable

2026-06-20 19:04:00,942 - INFO - Total time taken: {'ret': 0, 'msg': 'success', 'data': None}
2026-06-20 19:04:00,943 - INFO - 'NoneType' object is not subscriptable
2026-06-20 19:04:00,943 - INFO - Traceback (most recent call last):
  File "/home/runner/work/qqnews/qqnews/qq.py", line 128, in main
    for i in qq1["data"]["list"]:
             ~~~~~~~~~~~^^^^^^^^
TypeError: 'NoneType' object is not subscriptable

2026-06-20 20:59:26,616 - INFO - Total time taken: {'ret': 0, 'msg': 'success', 'data': None}
2026-06-20 20:59:26,616 - INFO - 'NoneType' object is not subscriptable
2026-06-20 20:59:26,617 - INFO - Traceback (most recent call last):
  File "/home/runner/work/qqnews/qqnews/qq.py", line 128, in main
    for i in qq1["data"]["list"]:
             ~~~~~~~~~~~^^^^^^^^
TypeError: 'NoneType' object is not subscriptable

2026-06-20 22:03:31,587 - INFO - Total time taken: {'ret': 0, 'msg': 'success', 'data': None}
2026-06-20 22:03:31,588 - INFO - 'NoneType' object is not subscriptable
2026-06-20 22:03:31,588 - INFO - Traceback (most recent call last):
  File "/home/runner/work/qqnews/qqnews/qq.py", line 128, in main
    for i in qq1["data"]["list"]:
             ~~~~~~~~~~~^^^^^^^^
TypeError: 'NoneType' object is not subscriptable

