2025-07-27 00:50:59,885 - INFO - Total time taken: {'ret': 0, 'msg': 'success', 'data': None}
2025-07-27 00:50:59,885 - INFO - 'NoneType' object is not subscriptable
2025-07-27 00:50:59,885 - INFO - Traceback (most recent call last):
  File "/home/runner/work/qqnews/qqnews/qq.py", line 128, in main
    for i in qq1["data"]["list"]:
             ~~~~~~~~~~~^^^^^^^^
TypeError: 'NoneType' object is not subscriptable

2025-07-27 03:00:35,544 - INFO - Total time taken: {'ret': 0, 'msg': 'success', 'data': None}
2025-07-27 03:00:35,544 - INFO - 'NoneType' object is not subscriptable
2025-07-27 03:00:35,544 - INFO - Traceback (most recent call last):
  File "/home/runner/work/qqnews/qqnews/qq.py", line 128, in main
    for i in qq1["data"]["list"]:
             ~~~~~~~~~~~^^^^^^^^
TypeError: 'NoneType' object is not subscriptable

2025-07-27 04:05:50,049 - INFO - Total time taken: {'ret': 0, 'msg': 'success', 'data': None}
2025-07-27 04:05:50,050 - INFO - 'NoneType' object is not subscriptable
2025-07-27 04:05:50,050 - INFO - Traceback (most recent call last):
  File "/home/runner/work/qqnews/qqnews/qq.py", line 128, in main
    for i in qq1["data"]["list"]:
             ~~~~~~~~~~~^^^^^^^^
TypeError: 'NoneType' object is not subscriptable

2025-07-27 05:16:19,530 - INFO - Total time taken: {'ret': 0, 'msg': 'success', 'data': None}
2025-07-27 05:16:19,530 - INFO - 'NoneType' object is not subscriptable
2025-07-27 05:16:19,530 - INFO - Traceback (most recent call last):
  File "/home/runner/work/qqnews/qqnews/qq.py", line 128, in main
    for i in qq1["data"]["list"]:
             ~~~~~~~~~~~^^^^^^^^
TypeError: 'NoneType' object is not subscriptable

2025-07-27 06:12:48,528 - INFO - Total time taken: {'ret': 0, 'msg': 'success', 'data': None}
2025-07-27 06:12:48,529 - INFO - 'NoneType' object is not subscriptable
2025-07-27 06:12:48,529 - INFO - Traceback (most recent call last):
  File "/home/runner/work/qqnews/qqnews/qq.py", line 128, in main
    for i in qq1["data"]["list"]:
             ~~~~~~~~~~~^^^^^^^^
TypeError: 'NoneType' object is not subscriptable

2025-07-27 07:09:55,843 - INFO - Total time taken: {'ret': 0, 'msg': 'success', 'data': None}
2025-07-27 07:09:55,843 - INFO - 'NoneType' object is not subscriptable
2025-07-27 07:09:55,844 - INFO - Traceback (most recent call last):
  File "/home/runner/work/qqnews/qqnews/qq.py", line 128, in main
    for i in qq1["data"]["list"]:
             ~~~~~~~~~~~^^^^^^^^
TypeError: 'NoneType' object is not subscriptable

2025-07-27 08:11:29,629 - INFO - Total time taken: {'ret': 0, 'msg': 'success', 'data': None}
2025-07-27 08:11:29,629 - INFO - 'NoneType' object is not subscriptable
2025-07-27 08:11:29,629 - INFO - Traceback (most recent call last):
  File "/home/runner/work/qqnews/qqnews/qq.py", line 128, in main
    for i in qq1["data"]["list"]:
             ~~~~~~~~~~~^^^^^^^^
TypeError: 'NoneType' object is not subscriptable

2025-07-27 09:09:27,472 - INFO - Total time taken: {'ret': 0, 'msg': 'success', 'data': None}
2025-07-27 09:09:27,472 - INFO - 'NoneType' object is not subscriptable
2025-07-27 09:09:27,472 - INFO - Traceback (most recent call last):
  File "/home/runner/work/qqnews/qqnews/qq.py", line 128, in main
    for i in qq1["data"]["list"]:
             ~~~~~~~~~~~^^^^^^^^
TypeError: 'NoneType' object is not subscriptable

2025-07-27 10:08:57,319 - INFO - Total time taken: {'ret': 0, 'msg': 'success', 'data': None}
2025-07-27 10:08:57,319 - INFO - 'NoneType' object is not subscriptable
2025-07-27 10:08:57,320 - INFO - Traceback (most recent call last):
  File "/home/runner/work/qqnews/qqnews/qq.py", line 128, in main
    for i in qq1["data"]["list"]:
             ~~~~~~~~~~~^^^^^^^^
TypeError: 'NoneType' object is not subscriptable

2025-07-27 11:01:22,047 - INFO - Total time taken: {'ret': 0, 'msg': 'success', 'data': None}
2025-07-27 11:01:22,047 - INFO - 'NoneType' object is not subscriptable
2025-07-27 11:01:22,047 - INFO - Traceback (most recent call last):
  File "/home/runner/work/qqnews/qqnews/qq.py", line 128, in main
    for i in qq1["data"]["list"]:
             ~~~~~~~~~~~^^^^^^^^
TypeError: 'NoneType' object is not subscriptable

2025-07-27 12:15:31,619 - INFO - Total time taken: {'ret': 0, 'msg': 'success', 'data': None}
2025-07-27 12:15:31,619 - INFO - 'NoneType' object is not subscriptable
2025-07-27 12:15:31,620 - INFO - Traceback (most recent call last):
  File "/home/runner/work/qqnews/qqnews/qq.py", line 128, in main
    for i in qq1["data"]["list"]:
             ~~~~~~~~~~~^^^^^^^^
TypeError: 'NoneType' object is not subscriptable

2025-07-27 13:23:29,325 - INFO - Total time taken: {'ret': 0, 'msg': 'success', 'data': None}
2025-07-27 13:23:29,325 - INFO - 'NoneType' object is not subscriptable
2025-07-27 13:23:29,326 - INFO - Traceback (most recent call last):
  File "/home/runner/work/qqnews/qqnews/qq.py", line 128, in main
    for i in qq1["data"]["list"]:
             ~~~~~~~~~~~^^^^^^^^
TypeError: 'NoneType' object is not subscriptable

2025-07-27 14:01:26,652 - INFO - Total time taken: {'ret': 0, 'msg': 'success', 'data': None}
2025-07-27 14:01:26,652 - INFO - 'NoneType' object is not subscriptable
2025-07-27 14:01:26,652 - INFO - Traceback (most recent call last):
  File "/home/runner/work/qqnews/qqnews/qq.py", line 128, in main
    for i in qq1["data"]["list"]:
             ~~~~~~~~~~~^^^^^^^^
TypeError: 'NoneType' object is not subscriptable

2025-07-27 15:08:05,758 - INFO - Total time taken: {'ret': 0, 'msg': 'success', 'data': None}
2025-07-27 15:08:05,758 - INFO - 'NoneType' object is not subscriptable
2025-07-27 15:08:05,759 - INFO - Traceback (most recent call last):
  File "/home/runner/work/qqnews/qqnews/qq.py", line 128, in main
    for i in qq1["data"]["list"]:
             ~~~~~~~~~~~^^^^^^^^
TypeError: 'NoneType' object is not subscriptable

2025-07-27 16:09:56,452 - INFO - Total time taken: {'ret': 0, 'msg': 'success', 'data': None}
2025-07-27 16:09:56,452 - INFO - 'NoneType' object is not subscriptable
2025-07-27 16:09:56,453 - INFO - Traceback (most recent call last):
  File "/home/runner/work/qqnews/qqnews/qq.py", line 128, in main
    for i in qq1["data"]["list"]:
             ~~~~~~~~~~~^^^^^^^^
TypeError: 'NoneType' object is not subscriptable

