2024-12-19 00:37:05,236 - INFO - EXPIRED
刺杀俄司令的嫌疑人供述：乌承诺给10万美元，还可去欧盟生活！乌为何选在此时动手？
https://new.qq.com/rain/a/20241218A08LF000

2024-12-19 00:37:05,236 - INFO - EXPIRED
中国航天员完成9小时太空行走，长时间太空行走难度有多大？
https://view.inews.qq.com/a/20241218Q093ZR00

2024-12-19 00:37:05,236 - INFO - EXPIRED
68个新面孔，中央和国家机关2025年新闻发言人名单公布
https://new.qq.com/rain/a/20241218A0A0CU00

2024-12-19 00:37:05,236 - INFO - EXPIRED
悉尼丛林碎尸案最新进展：丈夫被曝曾欠下巨额高利贷，凶手至少有两人
https://new.qq.com/rain/a/20241218A09X9H00

2024-12-19 00:37:05,236 - INFO - EXPIRED
山东临沂一高速服务区不消费不让进室内？旅客零下3℃室外吃泡面，服务区回应
https://new.qq.com/rain/a/20241218A06GN800

2024-12-19 00:37:05,236 - INFO - EXPIRED
上海690平米别墅重装修拆到只剩墙，独栋别墅就能任意装修吗？
https://view.inews.qq.com/a/20241218Q09N2T00

2024-12-19 00:37:05,236 - INFO - EXPIRED
花27万送父母住养老院，饭菜里竟有蜗牛虫子甚至鸡屎？涉事养老院回应
https://new.qq.com/rain/a/20241218A05WD000

2024-12-19 00:37:05,236 - INFO - EXPIRED
教师遭捕兽电网电击身亡，64岁嫌疑人仍在逃，曾因引发山火入狱数月
https://new.qq.com/rain/a/20241218A06H6D00

2024-12-19 00:37:05,236 - INFO - EXPIRED
长期发表不理智言论，高校研究生导师向孙颖莎马龙等球员致歉
https://new.qq.com/rain/a/20241218A06E1200

2024-12-19 00:37:05,237 - INFO - EXPIRED
美媒关注“中国在研高超音速试验飞机”
https://new.qq.com/rain/a/20241217A08BL800

2024-12-19 00:37:05,237 - INFO - EXPIRED
央行约谈部分“交易激进”机构震动市场，国有大行受到“关注”最多
https://new.qq.com/rain/a/20241218A09GJU00

2024-12-19 00:37:05,237 - INFO - EXPIRED
一周内两地官宣“取消公摊”，购房成本会降吗
https://new.qq.com/rain/a/20241218A09DH000

2024-12-19 00:37:05,237 - INFO - EXPIRED
俄罗斯高官专家接连被暗杀，普京的怒火与泽连斯基的放手一搏
https://new.qq.com/rain/a/20241218A07W5U00

2024-12-19 00:37:05,237 - INFO - EXPIRED
女子花368888元“赌石”，开出手镯珠串后却想退款，法院：不予支持
https://new.qq.com/rain/a/20241218A06T5V00

2024-12-19 00:37:05,237 - INFO - EXPIRED
安徽70后职工给已婚女同事发“么么哒”被辞退，公司不服仲裁裁决提起诉讼，法院判了
https://new.qq.com/rain/a/20241218A078M400

2024-12-19 00:37:05,237 - INFO - EXPIRED
医保资金“吸血虫”：记者暗访10家药店，8家沦陷
https://new.qq.com/rain/a/20241218A08B6V00

2024-12-19 00:37:05,237 - INFO - EXPIRED
华人谈瓦努阿图7.3级地震现状：车加油买面包都有限制，华人相互照应
https://new.qq.com/rain/a/20241218V078YB00

2024-12-19 00:37:05,237 - INFO - EXPIRED
俄火车相撞事故受伤人数升至14人
https://new.qq.com/rain/a/20241218A09ZRS00

2024-12-19 00:37:05,237 - INFO - EXPIRED
美股三大指数均跌超1%，联电涨超3%，微美全息涨超17%
https://new.qq.com/rain/a/20241218A09T5L00

2024-12-19 00:37:05,237 - INFO - EXPIRED
浙江省代省长刘捷：说了就干、定了就办、办就办好
https://new.qq.com/rain/a/20241218A08T4800

2024-12-19 00:37:05,237 - INFO - EXPIRED
中印边界问题特别代表会晤取得6点共识
https://new.qq.com/rain/a/20241218A09HK000

2024-12-19 00:37:05,237 - INFO - EXPIRED
国家互联网应急中心：发现处置两起美对我大型科技企业机构网络攻击
https://new.qq.com/rain/a/20241218A09KKC00

2024-12-19 00:37:05,237 - INFO - EXPIRED
法国前总统萨科齐因贪腐罪被判处有期徒刑3年
https://new.qq.com/rain/a/20241218A09FX300

2024-12-19 00:37:05,237 - INFO - EXPIRED
上海闵行区一小区住宅内发生刑案一女子死亡，警方通报
https://new.qq.com/rain/a/20241218A091RM00

2024-12-19 00:37:05,237 - INFO - EXPIRED
江苏丰县县委原书记娄海获刑12年，曾表示不知晓“八孩女子”事件
https://new.qq.com/rain/a/20241218A097ND00

2024-12-19 00:37:05,237 - INFO - EXPIRED
22年前向央视求救的女人，今天怎么样了？
https://new.qq.com/rain/a/20241218A08KTT00

2024-12-19 00:37:05,237 - INFO - EXPIRED
莫言坦言：为百万奖金决定领奖
https://new.qq.com/rain/a/20241218A06X7D00

2024-12-19 00:37:05,237 - INFO - EXPIRED
中科院得出原子核存在质子晕结构，听过日晕月晕，为何原子核也有晕？
https://view.inews.qq.com/a/20241216Q02BUU00

2024-12-19 00:37:05,237 - INFO - EXPIRED
重庆开州一学生遭受校园霸凌后跳楼？官方辟谣
https://new.qq.com/rain/a/20241218A08NZV00

2024-12-19 00:37:05,237 - INFO - EXPIRED
蓬佩奥没当上防长，美媒：保守派媒体人曾向特朗普请求，蓬佩奥必须走
https://new.qq.com/rain/a/20241218A06V1R00

2024-12-19 00:37:05,237 - INFO - EXPIRED
德国前总理默克尔执政16年，朔尔茨不满3年将下台，他是能力不行吗？
https://view.inews.qq.com/a/20241218Q04UUN00

2024-12-19 00:37:05,237 - INFO - EXPIRED
九连跌！道指创46年最长连跌纪录，为何陷入低迷？
https://new.qq.com/rain/a/20241218A08HAJ00

2024-12-19 00:37:05,237 - INFO - EXPIRED
媒体称A50期指“风向标”作用有限，这个指数怎么编制的？为何会对A股走势产生影响？
https://view.inews.qq.com/a/20241218Q02F6N00

2024-12-19 00:37:05,237 - INFO - EXPIRED
一片药降到几分钱，大家却开始担心了
https://new.qq.com/rain/a/20241218A08BX800

2024-12-19 00:37:05,237 - INFO - EXPIRED
中印边界问题特别代表在北京举行会晤
https://new.qq.com/rain/a/20241218A09BV800

2024-12-19 00:37:05,237 - INFO - EXPIRED
美媒：中国航天员完成9小时太空行走，打破23年来美国保持的世界纪录
https://new.qq.com/rain/a/20241218A083UO00

2024-12-19 00:37:05,237 - INFO - EXPIRED
男子称花1214万买海景房 顶板呈锅底状鉴定有危险 要求退房一审被驳回
https://new.qq.com/rain/a/20241218A06PSW00

2024-12-19 00:37:05,237 - INFO - EXPIRED
“70后”刘捷任浙江省代省长，成最年轻省级政府一把手
https://new.qq.com/rain/a/20241218A07KSA00

2024-12-19 00:37:05,237 - INFO - EXPIRED
大学生恋爱4个月花费近60万，分手后诉请返还，法院：一方返还30万元
https://new.qq.com/rain/a/20241218A063RI00

2024-12-19 00:37:05,237 - INFO - EXPIRED
加拿大周大福门店被抢保安淡定拍照，国外保安都这样吗？损失怎么办？
https://view.inews.qq.com/a/20241218Q054HH00

2024-12-19 00:37:05,237 - INFO - EXPIRED
校园十佳歌手大赛亚军怒摔奖杯，校方回应
https://new.qq.com/rain/a/20241218A04Q0I00

2024-12-19 00:37:05,237 - INFO - EXPIRED
今年油价调整全部结束：每吨累计下降超百元，加油站零售价微跌0.1元
https://new.qq.com/rain/a/20241218A06D8K00

2024-12-19 00:37:05,237 - INFO - EXPIRED
网络主播王子柏偷税被追缴、加收滞纳金并罚款共计1330万
https://new.qq.com/rain/a/20241218A06R2800

2024-12-19 00:37:05,237 - INFO - EXPIRED
央行、外汇局持续优化跨国公司本外币一体化资金池业务试点政策
https://new.qq.com/rain/a/20241218A07Y1U00

2024-12-19 00:37:05,237 - INFO - EXPIRED
自顾不暇之际，加拿大要再对中国产品加税
https://new.qq.com/rain/a/20241218A07DFG00

2024-12-19 00:37:05,237 - INFO - EXPIRED
“老登”和她同时被骂，并不奇怪
https://new.qq.com/rain/a/20241218A06WTU00

2024-12-19 00:37:05,237 - INFO - EXPIRED
中央批准开除党籍8天后，66岁副部级老虎被逮捕
https://new.qq.com/rain/a/20241218A06LXE00

2024-12-19 00:37:05,237 - INFO - EXPIRED
“80后”封蕴珊，已任地级市领导
https://new.qq.com/rain/a/20241218A04XQY00

2024-12-19 00:37:05,237 - INFO - EXPIRED
极越汽车怀孕员工崩溃，孕期遭遇公司倒闭，如何保障个人利益？
https://view.inews.qq.com/a/20241218Q05ZH000

2024-12-19 00:37:05,237 - INFO - EXPIRED
陕西渭南一男子被压路车碾压身亡，官方：事发道路施工时为半封闭状态
https://new.qq.com/rain/a/20241218A066MF00

2024-12-19 00:37:05,237 - INFO - EXPIRED
日系车在中国市场节节败退，这是本田、日产等谋求合并的真正原因吗？
https://view.inews.qq.com/a/20241218Q03SII00

2024-12-19 00:37:05,237 - INFO - EXPIRED
上交所修订上市基金做市业务指南，优化做市数据查询功能
https://new.qq.com/rain/a/20241218A0798L00

2024-12-19 00:37:05,237 - INFO - EXPIRED
供他吃住他却拐卖我儿子！余华英丈夫多年好友发声
https://new.qq.com/rain/a/20241218V05XYF00

2024-12-19 00:37:05,237 - INFO - EXPIRED
王浩辞去浙江省省长职务
https://new.qq.com/rain/a/20241218A077JX00

2024-12-19 00:37:05,237 - INFO - EXPIRED
湖北一教师遭电击身亡，官方：嫌疑人在逃，“五年三人被电死”不实
https://new.qq.com/rain/a/20241218A05F6O00

2024-12-19 00:37:05,237 - INFO - EXPIRED
中国驻法国大使卢沙野即将离任，奉调回国
https://new.qq.com/rain/a/20241218A05L3H00

2024-12-19 00:37:05,237 - INFO - EXPIRED
美议员提出议案将美国芬太尼危机甩锅中国，外交部：扭曲事实
https://new.qq.com/rain/a/20241218A06CMI00

2024-12-19 00:37:05,237 - INFO - EXPIRED
俄三防部队司令基里洛夫在莫斯科居民楼爆炸中身亡，俄媒：已有两名嫌疑人被捕
https://new.qq.com/rain/a/20241218A05MXD00

2024-12-19 00:37:05,237 - INFO - EXPIRED
宝妈称孩子生病就医，同种药剂量越开越大，这现象普遍吗？什么原因？
https://view.inews.qq.com/a/20241217Q08MKB00

2024-12-19 00:37:05,237 - INFO - EXPIRED
家长发现孩子课外书籍掺杂恶俗恶梗 书籍包装成教科书样式 出版社回应
https://new.qq.com/rain/a/20241218A05VNS00

2024-12-19 00:37:05,237 - INFO - EXPIRED
四川西昌通报一学生坠楼身亡：排除刑事案件
https://new.qq.com/rain/a/20241218A065CH00

2024-12-19 00:37:05,238 - INFO - EXPIRED
外资药企退出第十批药品集采，为何放弃这么大市场？对患者有影响吗？
https://view.inews.qq.com/a/20241217Q0947300

2024-12-19 00:37:05,238 - INFO - EXPIRED
美国会即将对限制美在华投资的法案投票，外交部回应
https://new.qq.com/rain/a/20241218A0666A00

2024-12-19 00:37:05,238 - INFO - EXPIRED
部分机构债市交易激进，央行今日出手“敲打”，此前基金买债超万亿
https://new.qq.com/rain/a/20241218A05GIY00

2024-12-19 00:37:05,238 - INFO - EXPIRED
“690平米别墅，拆到只剩几堵墙！”沪上“别墅之王”再起风波，相关部门回应→
https://new.qq.com/rain/a/20241217A0868R00

2024-12-19 00:37:05,238 - INFO - EXPIRED
财政部：严格实行公务用车编制管理 逐步扩大新能源汽车配备比例
https://new.qq.com/rain/a/20241218A0626Y00

2024-12-19 00:37:05,238 - INFO - EXPIRED
宁德时代巧克力换电生态大会将举行，什么是“巧克力换电”？
https://view.inews.qq.com/a/20241218Q020VJ00

2024-12-19 00:37:05,238 - INFO - EXPIRED
梁建章：携程正探索更灵活的四天工作制，或者缩短工作时间
https://new.qq.com/rain/a/20241218A05O2000

2024-12-19 00:37:05,238 - INFO - EXPIRED
教师上山遭捕兽电网电击身亡 妻子：他裤子全被烧掉 腿上烧出几个大坑
https://new.qq.com/rain/a/20241218A01VZY00

2024-12-19 00:37:05,238 - INFO - EXPIRED
送水工千万彩票被冒领：打了5年官司还没拿回钱，对方4套房产已被冻结
https://new.qq.com/rain/a/20241218A01LF200

2024-12-19 00:37:05,238 - INFO - EXPIRED
存量房收购，已有10余城项目落地
https://new.qq.com/rain/a/20241218A049MW00

2024-12-19 00:37:05,238 - INFO - EXPIRED
人大教授公开问“怎么让女大学生服服帖帖生孩子”，怎么评价该问题？
https://view.inews.qq.com/a/20241218Q02O5P00

2024-12-19 00:37:05,238 - INFO - EXPIRED
县城“婆罗门”走下神坛，消费升级只是幻象
https://new.qq.com/rain/a/20241218A048AW00

2024-12-19 00:37:05,238 - INFO - EXPIRED
四川多地按下野猪猎捕“暂停键”，林业局回应：缺钱，缺枪，也缺人
https://new.qq.com/rain/a/20241217A05UOD00

2024-12-19 00:37:05,238 - INFO - EXPIRED
普京称西方正将俄逼近“红线”，俄媒：表态强硬，对西方发出明确且强烈信号
https://new.qq.com/rain/a/20241218A014IH00

2024-12-19 00:37:05,238 - INFO - EXPIRED
美国国防部已将中微公司、IDG资本从CMC清单中移除
https://new.qq.com/rain/a/20241218A03TY600

2024-12-19 00:37:05,238 - INFO - EXPIRED
天津一检测中心被曝现“丁义珍式”窗口，回应称已配两把椅子
https://new.qq.com/rain/a/20241218A05FKG00

2024-12-19 00:37:05,238 - INFO - EXPIRED
拜登授权乌克兰对俄境内使用美制武器，特朗普怒批：怎么不先问问我
https://new.qq.com/rain/a/20241218A03AQ800

2024-12-19 00:37:05,238 - INFO - EXPIRED
寒武纪股价达600元 总市值超2500亿
https://new.qq.com/rain/a/20241218A05BNO00

2024-12-19 00:37:05,238 - INFO - EXPIRED
30年期国债活跃券收益率重返2%
https://new.qq.com/rain/a/20241218A0515N00

2024-12-19 00:37:05,238 - INFO - EXPIRED
为避免被特朗普加征关税 加拿大将对加美边境实施全天候监控
https://new.qq.com/rain/a/20241218A01GAX00

2024-12-19 00:37:05,238 - INFO - EXPIRED
美国拟彻底封禁中国电信，专家：折射出美面对中国科技快速发展的焦虑
https://new.qq.com/rain/a/20241218A014IM00

2024-12-19 00:37:05,238 - INFO - EXPIRED
浪潮重塑：你还记得2024年娱乐圈发生的那些事吗？
https://new.qq.com/rain/a/20241217V08NLB00

2024-12-19 00:37:05,238 - INFO - EXPIRED
马斯克和SpaceX据称面临多项联邦审查 被指未遵守国家安全报告规定
https://new.qq.com/rain/a/20241218A00W2W00

2024-12-19 00:37:05,238 - INFO - EXPIRED
央行今早约谈部分金融机构 要求关注自身利率风险并加强债券投资稳健性
https://new.qq.com/rain/a/20241218A04BUB00

2024-12-19 00:37:05,238 - INFO - EXPIRED
案发现场3死6伤，拜登呼吁立法控枪，美校园枪击案凶手是15岁少女
https://new.qq.com/rain/a/20241218A014J500

2024-12-19 00:37:06,387 - ERROR - ERROR
融创对万达集团提起仲裁，要求其支付95亿元万达商管战略投资回购款
https://new.qq.com/rain/a/20241219A01D5900
('list index out of range',)
======
Traceback (most recent call last):
  File "/home/runner/work/qqnews/qqnews/qq.py", line 81, in process_article
    ss = str(tmpbs.select("div.LEFT div.content.clearfix")[0])
             ~~~~~~~~~~~~~~~~~~~~~~~~~~~~~~~~~~~~~~~~~~~~~^^^
IndexError: list index out of range


2024-12-19 00:37:06,441 - ERROR - ERROR
围猎北上广深“老破小”：炒家抄底扫货，总价百万就能当包租公
https://new.qq.com/rain/a/20241219A019EM00
('list index out of range',)
======
Traceback (most recent call last):
  File "/home/runner/work/qqnews/qqnews/qq.py", line 81, in process_article
    ss = str(tmpbs.select("div.LEFT div.content.clearfix")[0])
             ~~~~~~~~~~~~~~~~~~~~~~~~~~~~~~~~~~~~~~~~~~~~~^^^
IndexError: list index out of range


2024-12-19 00:37:06,448 - ERROR - ERROR
25岁虎牙女主播遇害 警方：嫌疑人被抓获，其交代因经济纠纷产生矛盾
https://new.qq.com/rain/a/20241219A01BQA00
('list index out of range',)
======
Traceback (most recent call last):
  File "/home/runner/work/qqnews/qqnews/qq.py", line 81, in process_article
    ss = str(tmpbs.select("div.LEFT div.content.clearfix")[0])
             ~~~~~~~~~~~~~~~~~~~~~~~~~~~~~~~~~~~~~~~~~~~~~^^^
IndexError: list index out of range


2024-12-19 00:37:06,465 - ERROR - ERROR
美国最高法院将审理TikTok禁令 明年1月10日进行辩论
https://new.qq.com/rain/a/20241219A018DT00
('list index out of range',)
======
Traceback (most recent call last):
  File "/home/runner/work/qqnews/qqnews/qq.py", line 81, in process_article
    ss = str(tmpbs.select("div.LEFT div.content.clearfix")[0])
             ~~~~~~~~~~~~~~~~~~~~~~~~~~~~~~~~~~~~~~~~~~~~~^^^
IndexError: list index out of range


2024-12-19 00:37:06,711 - ERROR - ERROR
著名电影表演艺术家谢芳去世，留下《青春之歌》等经典作品
https://new.qq.com/rain/a/20241219A01KXJ00
('list index out of range',)
======
Traceback (most recent call last):
  File "/home/runner/work/qqnews/qqnews/qq.py", line 81, in process_article
    ss = str(tmpbs.select("div.LEFT div.content.clearfix")[0])
             ~~~~~~~~~~~~~~~~~~~~~~~~~~~~~~~~~~~~~~~~~~~~~^^^
IndexError: list index out of range


2024-12-19 00:37:06,977 - ERROR - ERROR
哈马斯：分阶段释放被扣押人员及停火协议谈判取得重大进展
https://new.qq.com/rain/a/20241219A012DH00
('list index out of range',)
======
Traceback (most recent call last):
  File "/home/runner/work/qqnews/qqnews/qq.py", line 81, in process_article
    ss = str(tmpbs.select("div.LEFT div.content.clearfix")[0])
             ~~~~~~~~~~~~~~~~~~~~~~~~~~~~~~~~~~~~~~~~~~~~~^^^
IndexError: list index out of range


2024-12-19 00:37:07,017 - ERROR - ERROR
500万粉丝主播三年收入仅数万？国家税务总局曝“厦门小程”偷税案
https://new.qq.com/rain/a/20241219A01DB100
('list index out of range',)
======
Traceback (most recent call last):
  File "/home/runner/work/qqnews/qqnews/qq.py", line 81, in process_article
    ss = str(tmpbs.select("div.LEFT div.content.clearfix")[0])
             ~~~~~~~~~~~~~~~~~~~~~~~~~~~~~~~~~~~~~~~~~~~~~^^^
IndexError: list index out of range


2024-12-19 00:37:07,107 - ERROR - ERROR
拜登政府给特朗普关键议程设下障碍：批准加州燃油车强制禁令
https://new.qq.com/rain/a/20241219A00EGV00
('list index out of range',)
======
Traceback (most recent call last):
  File "/home/runner/work/qqnews/qqnews/qq.py", line 81, in process_article
    ss = str(tmpbs.select("div.LEFT div.content.clearfix")[0])
             ~~~~~~~~~~~~~~~~~~~~~~~~~~~~~~~~~~~~~~~~~~~~~^^^
IndexError: list index out of range


2024-12-19 00:37:07,205 - ERROR - ERROR
越南首都一建筑起火造成至少10人死亡
https://new.qq.com/rain/a/20241219A01CKU00
('list index out of range',)
======
Traceback (most recent call last):
  File "/home/runner/work/qqnews/qqnews/qq.py", line 81, in process_article
    ss = str(tmpbs.select("div.LEFT div.content.clearfix")[0])
             ~~~~~~~~~~~~~~~~~~~~~~~~~~~~~~~~~~~~~~~~~~~~~^^^
IndexError: list index out of range


2024-12-19 00:37:07,300 - ERROR - ERROR
特朗普称支持对前共和党众议员莉兹·切尼展开调查
https://new.qq.com/rain/a/20241219A0046C00
('list index out of range',)
======
Traceback (most recent call last):
  File "/home/runner/work/qqnews/qqnews/qq.py", line 81, in process_article
    ss = str(tmpbs.select("div.LEFT div.content.clearfix")[0])
             ~~~~~~~~~~~~~~~~~~~~~~~~~~~~~~~~~~~~~~~~~~~~~^^^
IndexError: list index out of range


2024-12-19 00:37:07,539 - ERROR - ERROR
努力两年放弃，苹果据称叫停iPhone硬件订阅服务项目
https://new.qq.com/rain/a/20241219A01BCX00
('list index out of range',)
======
Traceback (most recent call last):
  File "/home/runner/work/qqnews/qqnews/qq.py", line 81, in process_article
    ss = str(tmpbs.select("div.LEFT div.content.clearfix")[0])
             ~~~~~~~~~~~~~~~~~~~~~~~~~~~~~~~~~~~~~~~~~~~~~^^^
IndexError: list index out of range


2024-12-19 00:37:07,586 - ERROR - ERROR
临时支出法案再遭反对 美政府再陷停摆危机
https://new.qq.com/rain/a/20241219A018SC00
('list index out of range',)
======
Traceback (most recent call last):
  File "/home/runner/work/qqnews/qqnews/qq.py", line 81, in process_article
    ss = str(tmpbs.select("div.LEFT div.content.clearfix")[0])
             ~~~~~~~~~~~~~~~~~~~~~~~~~~~~~~~~~~~~~~~~~~~~~^^^
IndexError: list index out of range


2024-12-19 00:37:07,804 - ERROR - ERROR
余华英拐卖儿童案重审二审今日开庭
https://new.qq.com/rain/a/20241219A016PH00
('list index out of range',)
======
Traceback (most recent call last):
  File "/home/runner/work/qqnews/qqnews/qq.py", line 81, in process_article
    ss = str(tmpbs.select("div.LEFT div.content.clearfix")[0])
             ~~~~~~~~~~~~~~~~~~~~~~~~~~~~~~~~~~~~~~~~~~~~~^^^
IndexError: list index out of range


2024-12-19 00:37:07,833 - ERROR - ERROR
浪潮重塑【明星篇】：101位艺人和他们眼里的2024
https://new.qq.com/rain/a/20241219V01CR100
('list index out of range',)
======
Traceback (most recent call last):
  File "/home/runner/work/qqnews/qqnews/qq.py", line 81, in process_article
    ss = str(tmpbs.select("div.LEFT div.content.clearfix")[0])
             ~~~~~~~~~~~~~~~~~~~~~~~~~~~~~~~~~~~~~~~~~~~~~^^^
IndexError: list index out of range


2024-12-19 02:16:20,364 - INFO - EXPIRED
云南洱源“司机醉驾撞死祖孙”案进展：州交警责令重新调查、认定
https://new.qq.com/rain/a/20241218A08M0W00

2024-12-19 02:16:20,364 - INFO - EXPIRED
刺杀俄司令的嫌疑人供述：乌承诺给10万美元，还可去欧盟生活！乌为何选在此时动手？
https://new.qq.com/rain/a/20241218A08LF000

2024-12-19 02:16:20,364 - INFO - EXPIRED
2斤羽毛球能做5件羽绒服？曾经打过的羽毛球正“钻入”你的羽绒服
https://new.qq.com/rain/a/20241217A08CI500

2024-12-19 02:16:20,364 - INFO - EXPIRED
长期发表不理智言论，高校研究生导师向孙颖莎马龙等球员致歉
https://new.qq.com/rain/a/20241218A06E1200

2024-12-19 02:16:20,364 - INFO - EXPIRED
悉尼丛林碎尸案最新进展：丈夫被曝曾欠下巨额高利贷，凶手至少有两人
https://new.qq.com/rain/a/20241218A09X9H00

2024-12-19 02:16:20,364 - INFO - EXPIRED
英媒：美国在走钢丝，问题只是接下来将轮到元素周期表上的哪一个而已
https://new.qq.com/rain/a/20241218A09WJ300

2024-12-19 02:16:20,364 - INFO - EXPIRED
花27万送父母住养老院，饭菜里竟有蜗牛虫子甚至鸡屎？涉事养老院回应
https://new.qq.com/rain/a/20241218A05WD000

2024-12-19 02:16:20,364 - INFO - EXPIRED
教师遭捕兽电网电击身亡，64岁嫌疑人仍在逃，曾因引发山火入狱数月
https://new.qq.com/rain/a/20241218A06H6D00

2024-12-19 02:16:20,364 - INFO - EXPIRED
68个新面孔，中央和国家机关2025年新闻发言人名单公布
https://new.qq.com/rain/a/20241218A0A0CU00

2024-12-19 02:16:20,364 - INFO - EXPIRED
山东临沂一高速服务区不消费不让进室内？旅客零下3℃室外吃泡面，服务区回应
https://new.qq.com/rain/a/20241218A06GN800

2024-12-19 02:16:20,364 - INFO - EXPIRED
美媒关注“中国在研高超音速试验飞机”
https://new.qq.com/rain/a/20241217A08BL800

2024-12-19 02:16:20,364 - INFO - EXPIRED
央行约谈部分“交易激进”机构震动市场，国有大行受到“关注”最多
https://new.qq.com/rain/a/20241218A09GJU00

2024-12-19 02:16:20,364 - INFO - EXPIRED
一周内两地官宣“取消公摊”，购房成本会降吗
https://new.qq.com/rain/a/20241218A09DH000

2024-12-19 02:16:20,364 - INFO - EXPIRED
俄罗斯高官专家接连被暗杀，普京的怒火与泽连斯基的放手一搏
https://new.qq.com/rain/a/20241218A07W5U00

2024-12-19 02:16:20,364 - INFO - EXPIRED
女子花368888元“赌石”，开出手镯珠串后却想退款，法院：不予支持
https://new.qq.com/rain/a/20241218A06T5V00

2024-12-19 02:16:20,364 - INFO - EXPIRED
安徽70后职工给已婚女同事发“么么哒”被辞退，公司不服仲裁裁决提起诉讼，法院判了
https://new.qq.com/rain/a/20241218A078M400

2024-12-19 02:16:20,364 - INFO - EXPIRED
医保资金“吸血虫”：记者暗访10家药店，8家沦陷
https://new.qq.com/rain/a/20241218A08B6V00

2024-12-19 02:16:20,364 - INFO - EXPIRED
华人谈瓦努阿图7.3级地震现状：车加油买面包都有限制，华人相互照应
https://new.qq.com/rain/a/20241218V078YB00

2024-12-19 02:16:20,364 - INFO - EXPIRED
俄火车相撞事故受伤人数升至14人
https://new.qq.com/rain/a/20241218A09ZRS00

2024-12-19 02:16:20,364 - INFO - EXPIRED
美股三大指数均跌超1%，联电涨超3%，微美全息涨超17%
https://new.qq.com/rain/a/20241218A09T5L00

2024-12-19 02:16:20,364 - INFO - EXPIRED
浙江省代省长刘捷：说了就干、定了就办、办就办好
https://new.qq.com/rain/a/20241218A08T4800

2024-12-19 02:16:20,364 - INFO - EXPIRED
中印边界问题特别代表会晤取得6点共识
https://new.qq.com/rain/a/20241218A09HK000

2024-12-19 02:16:20,364 - INFO - EXPIRED
国家互联网应急中心：发现处置两起美对我大型科技企业机构网络攻击
https://new.qq.com/rain/a/20241218A09KKC00

2024-12-19 02:16:20,364 - INFO - EXPIRED
法国前总统萨科齐因贪腐罪被判处有期徒刑3年
https://new.qq.com/rain/a/20241218A09FX300

2024-12-19 02:16:20,364 - INFO - EXPIRED
上海闵行区一小区住宅内发生刑案一女子死亡，警方通报
https://new.qq.com/rain/a/20241218A091RM00

2024-12-19 02:16:20,364 - INFO - EXPIRED
江苏丰县县委原书记娄海获刑12年，曾表示不知晓“八孩女子”事件
https://new.qq.com/rain/a/20241218A097ND00

2024-12-19 02:16:20,364 - INFO - EXPIRED
22年前向央视求救的女人，今天怎么样了？
https://new.qq.com/rain/a/20241218A08KTT00

2024-12-19 02:16:20,364 - INFO - EXPIRED
莫言坦言：为百万奖金决定领奖
https://new.qq.com/rain/a/20241218A06X7D00

2024-12-19 02:16:20,365 - INFO - EXPIRED
中科院得出原子核存在质子晕结构，听过日晕月晕，为何原子核也有晕？
https://view.inews.qq.com/a/20241216Q02BUU00

2024-12-19 02:16:20,365 - INFO - EXPIRED
重庆开州一学生遭受校园霸凌后跳楼？官方辟谣
https://new.qq.com/rain/a/20241218A08NZV00

2024-12-19 02:16:20,365 - INFO - EXPIRED
蓬佩奥没当上防长，美媒：保守派媒体人曾向特朗普请求，蓬佩奥必须走
https://new.qq.com/rain/a/20241218A06V1R00

2024-12-19 02:16:20,365 - INFO - EXPIRED
德国前总理默克尔执政16年，朔尔茨不满3年将下台，他是能力不行吗？
https://view.inews.qq.com/a/20241218Q04UUN00

2024-12-19 02:16:20,365 - INFO - EXPIRED
九连跌！道指创46年最长连跌纪录，为何陷入低迷？
https://new.qq.com/rain/a/20241218A08HAJ00

2024-12-19 02:16:20,365 - INFO - EXPIRED
媒体称A50期指“风向标”作用有限，这个指数怎么编制的？为何会对A股走势产生影响？
https://view.inews.qq.com/a/20241218Q02F6N00

2024-12-19 02:16:20,365 - INFO - EXPIRED
一片药降到几分钱，大家却开始担心了
https://new.qq.com/rain/a/20241218A08BX800

2024-12-19 02:16:20,365 - INFO - EXPIRED
中印边界问题特别代表在北京举行会晤
https://new.qq.com/rain/a/20241218A09BV800

2024-12-19 02:16:20,365 - INFO - EXPIRED
美媒：中国航天员完成9小时太空行走，打破23年来美国保持的世界纪录
https://new.qq.com/rain/a/20241218A083UO00

2024-12-19 02:16:20,365 - INFO - EXPIRED
男子称花1214万买海景房 顶板呈锅底状鉴定有危险 要求退房一审被驳回
https://new.qq.com/rain/a/20241218A06PSW00

2024-12-19 02:16:20,365 - INFO - EXPIRED
“70后”刘捷任浙江省代省长，成最年轻省级政府一把手
https://new.qq.com/rain/a/20241218A07KSA00

2024-12-19 02:16:20,365 - INFO - EXPIRED
大学生恋爱4个月花费近60万，分手后诉请返还，法院：一方返还30万元
https://new.qq.com/rain/a/20241218A063RI00

2024-12-19 02:16:20,365 - INFO - EXPIRED
加拿大周大福门店被抢保安淡定拍照，国外保安都这样吗？损失怎么办？
https://view.inews.qq.com/a/20241218Q054HH00

2024-12-19 02:16:20,365 - INFO - EXPIRED
校园十佳歌手大赛亚军怒摔奖杯，校方回应
https://new.qq.com/rain/a/20241218A04Q0I00

2024-12-19 02:16:20,365 - INFO - EXPIRED
今年油价调整全部结束：每吨累计下降超百元，加油站零售价微跌0.1元
https://new.qq.com/rain/a/20241218A06D8K00

2024-12-19 02:16:20,365 - INFO - EXPIRED
网络主播王子柏偷税被追缴、加收滞纳金并罚款共计1330万
https://new.qq.com/rain/a/20241218A06R2800

2024-12-19 02:16:20,365 - INFO - EXPIRED
央行、外汇局持续优化跨国公司本外币一体化资金池业务试点政策
https://new.qq.com/rain/a/20241218A07Y1U00

2024-12-19 02:16:20,365 - INFO - EXPIRED
自顾不暇之际，加拿大要再对中国产品加税
https://new.qq.com/rain/a/20241218A07DFG00

2024-12-19 02:16:20,365 - INFO - EXPIRED
“老登”和她同时被骂，并不奇怪
https://new.qq.com/rain/a/20241218A06WTU00

2024-12-19 02:16:20,365 - INFO - EXPIRED
中央批准开除党籍8天后，66岁副部级老虎被逮捕
https://new.qq.com/rain/a/20241218A06LXE00

2024-12-19 02:16:20,365 - INFO - EXPIRED
“80后”封蕴珊，已任地级市领导
https://new.qq.com/rain/a/20241218A04XQY00

2024-12-19 02:16:20,365 - INFO - EXPIRED
极越汽车怀孕员工崩溃，孕期遭遇公司倒闭，如何保障个人利益？
https://view.inews.qq.com/a/20241218Q05ZH000

2024-12-19 02:16:20,365 - INFO - EXPIRED
陕西渭南一男子被压路车碾压身亡，官方：事发道路施工时为半封闭状态
https://new.qq.com/rain/a/20241218A066MF00

2024-12-19 02:16:20,365 - INFO - EXPIRED
日系车在中国市场节节败退，这是本田、日产等谋求合并的真正原因吗？
https://view.inews.qq.com/a/20241218Q03SII00

2024-12-19 02:16:20,365 - INFO - EXPIRED
上交所修订上市基金做市业务指南，优化做市数据查询功能
https://new.qq.com/rain/a/20241218A0798L00

2024-12-19 02:16:20,365 - INFO - EXPIRED
供他吃住他却拐卖我儿子！余华英丈夫多年好友发声
https://new.qq.com/rain/a/20241218V05XYF00

2024-12-19 02:16:20,365 - INFO - EXPIRED
王浩辞去浙江省省长职务
https://new.qq.com/rain/a/20241218A077JX00

2024-12-19 02:16:20,365 - INFO - EXPIRED
湖北一教师遭电击身亡，官方：嫌疑人在逃，“五年三人被电死”不实
https://new.qq.com/rain/a/20241218A05F6O00

2024-12-19 02:16:20,365 - INFO - EXPIRED
中国驻法国大使卢沙野即将离任，奉调回国
https://new.qq.com/rain/a/20241218A05L3H00

2024-12-19 02:16:20,365 - INFO - EXPIRED
美议员提出议案将美国芬太尼危机甩锅中国，外交部：扭曲事实
https://new.qq.com/rain/a/20241218A06CMI00

2024-12-19 02:16:20,365 - INFO - EXPIRED
俄三防部队司令基里洛夫在莫斯科居民楼爆炸中身亡，俄媒：已有两名嫌疑人被捕
https://new.qq.com/rain/a/20241218A05MXD00

2024-12-19 02:16:20,365 - INFO - EXPIRED
宝妈称孩子生病就医，同种药剂量越开越大，这现象普遍吗？什么原因？
https://view.inews.qq.com/a/20241217Q08MKB00

2024-12-19 02:16:20,365 - INFO - EXPIRED
家长发现孩子课外书籍掺杂恶俗恶梗 书籍包装成教科书样式 出版社回应
https://new.qq.com/rain/a/20241218A05VNS00

2024-12-19 02:16:20,365 - INFO - EXPIRED
四川西昌通报一学生坠楼身亡：排除刑事案件
https://new.qq.com/rain/a/20241218A065CH00

2024-12-19 02:16:20,365 - INFO - EXPIRED
外资药企退出第十批药品集采，为何放弃这么大市场？对患者有影响吗？
https://view.inews.qq.com/a/20241217Q0947300

2024-12-19 02:16:20,365 - INFO - EXPIRED
美国会即将对限制美在华投资的法案投票，外交部回应
https://new.qq.com/rain/a/20241218A0666A00

2024-12-19 02:16:20,365 - INFO - EXPIRED
部分机构债市交易激进，央行今日出手“敲打”，此前基金买债超万亿
https://new.qq.com/rain/a/20241218A05GIY00

2024-12-19 02:16:20,365 - INFO - EXPIRED
“690平米别墅，拆到只剩几堵墙！”沪上“别墅之王”再起风波，相关部门回应→
https://new.qq.com/rain/a/20241217A0868R00

2024-12-19 02:16:20,365 - INFO - EXPIRED
财政部：严格实行公务用车编制管理 逐步扩大新能源汽车配备比例
https://new.qq.com/rain/a/20241218A0626Y00

2024-12-19 02:16:20,365 - INFO - EXPIRED
宁德时代巧克力换电生态大会将举行，什么是“巧克力换电”？
https://view.inews.qq.com/a/20241218Q020VJ00

2024-12-19 02:16:20,365 - INFO - EXPIRED
梁建章：携程正探索更灵活的四天工作制，或者缩短工作时间
https://new.qq.com/rain/a/20241218A05O2000

2024-12-19 02:16:20,365 - INFO - EXPIRED
教师上山遭捕兽电网电击身亡 妻子：他裤子全被烧掉 腿上烧出几个大坑
https://new.qq.com/rain/a/20241218A01VZY00

2024-12-19 02:16:20,365 - INFO - EXPIRED
送水工千万彩票被冒领：打了5年官司还没拿回钱，对方4套房产已被冻结
https://new.qq.com/rain/a/20241218A01LF200

2024-12-19 02:16:20,365 - INFO - EXPIRED
存量房收购，已有10余城项目落地
https://new.qq.com/rain/a/20241218A049MW00

2024-12-19 02:16:20,365 - INFO - EXPIRED
人大教授公开问“怎么让女大学生服服帖帖生孩子”，怎么评价该问题？
https://view.inews.qq.com/a/20241218Q02O5P00

2024-12-19 02:16:20,365 - INFO - EXPIRED
县城“婆罗门”走下神坛，消费升级只是幻象
https://new.qq.com/rain/a/20241218A048AW00

2024-12-19 02:16:20,365 - INFO - EXPIRED
四川多地按下野猪猎捕“暂停键”，林业局回应：缺钱，缺枪，也缺人
https://new.qq.com/rain/a/20241217A05UOD00

2024-12-19 02:16:20,365 - INFO - EXPIRED
普京称西方正将俄逼近“红线”，俄媒：表态强硬，对西方发出明确且强烈信号
https://new.qq.com/rain/a/20241218A014IH00

2024-12-19 02:16:20,365 - INFO - EXPIRED
美国国防部已将中微公司、IDG资本从CMC清单中移除
https://new.qq.com/rain/a/20241218A03TY600

2024-12-19 02:16:20,365 - INFO - EXPIRED
天津一检测中心被曝现“丁义珍式”窗口，回应称已配两把椅子
https://new.qq.com/rain/a/20241218A05FKG00

2024-12-19 02:16:20,365 - INFO - EXPIRED
拜登授权乌克兰对俄境内使用美制武器，特朗普怒批：怎么不先问问我
https://new.qq.com/rain/a/20241218A03AQ800

2024-12-19 02:16:20,365 - INFO - EXPIRED
寒武纪股价达600元 总市值超2500亿
https://new.qq.com/rain/a/20241218A05BNO00

2024-12-19 02:16:21,468 - ERROR - ERROR
著名电影表演艺术家谢芳去世，留下《青春之歌》等经典作品
https://new.qq.com/rain/a/20241219A01KXJ00
('list index out of range',)
======
Traceback (most recent call last):
  File "/home/runner/work/qqnews/qqnews/qq.py", line 81, in process_article
    ss = str(tmpbs.select("div.LEFT div.content.clearfix")[0])
             ~~~~~~~~~~~~~~~~~~~~~~~~~~~~~~~~~~~~~~~~~~~~~^^^
IndexError: list index out of range


2024-12-19 02:16:21,475 - ERROR - ERROR
投资客瞄上“老破小”：“租客帮我还月供，我还利息”
https://new.qq.com/rain/a/20241219A019EM00
('list index out of range',)
======
Traceback (most recent call last):
  File "/home/runner/work/qqnews/qqnews/qq.py", line 81, in process_article
    ss = str(tmpbs.select("div.LEFT div.content.clearfix")[0])
             ~~~~~~~~~~~~~~~~~~~~~~~~~~~~~~~~~~~~~~~~~~~~~^^^
IndexError: list index out of range


2024-12-19 02:16:21,548 - ERROR - ERROR
体育总局原局长苟仲文被逮捕：曾被批“严重破坏体育系统政治生态”
https://new.qq.com/rain/a/20241219A0261700
('list index out of range',)
======
Traceback (most recent call last):
  File "/home/runner/work/qqnews/qqnews/qq.py", line 81, in process_article
    ss = str(tmpbs.select("div.LEFT div.content.clearfix")[0])
             ~~~~~~~~~~~~~~~~~~~~~~~~~~~~~~~~~~~~~~~~~~~~~^^^
IndexError: list index out of range


2024-12-19 02:16:21,567 - ERROR - ERROR
马斯克因违反保密规定面临军方审查，知情者称“他少报或瞒报诸多行程安排”
https://new.qq.com/rain/a/20241219A017HY00
('list index out of range',)
======
Traceback (most recent call last):
  File "/home/runner/work/qqnews/qqnews/qq.py", line 81, in process_article
    ss = str(tmpbs.select("div.LEFT div.content.clearfix")[0])
             ~~~~~~~~~~~~~~~~~~~~~~~~~~~~~~~~~~~~~~~~~~~~~^^^
IndexError: list index out of range


2024-12-19 02:16:21,606 - ERROR - ERROR
王健林又被要债
https://new.qq.com/rain/a/20241219A01D5900
('list index out of range',)
======
Traceback (most recent call last):
  File "/home/runner/work/qqnews/qqnews/qq.py", line 81, in process_article
    ss = str(tmpbs.select("div.LEFT div.content.clearfix")[0])
             ~~~~~~~~~~~~~~~~~~~~~~~~~~~~~~~~~~~~~~~~~~~~~^^^
IndexError: list index out of range


2024-12-19 02:16:22,021 - ERROR - ERROR
25岁虎牙女主播遇害 警方：嫌疑人被抓获，其交代因经济纠纷产生矛盾
https://new.qq.com/rain/a/20241219A01BQA00
('list index out of range',)
======
Traceback (most recent call last):
  File "/home/runner/work/qqnews/qqnews/qq.py", line 81, in process_article
    ss = str(tmpbs.select("div.LEFT div.content.clearfix")[0])
             ~~~~~~~~~~~~~~~~~~~~~~~~~~~~~~~~~~~~~~~~~~~~~^^^
IndexError: list index out of range


2024-12-19 02:16:22,063 - ERROR - ERROR
蚂蚁集团：目前没有上市计划，更不存在所谓“借壳上市”
https://new.qq.com/rain/a/20241219A02RHS00
('list index out of range',)
======
Traceback (most recent call last):
  File "/home/runner/work/qqnews/qqnews/qq.py", line 81, in process_article
    ss = str(tmpbs.select("div.LEFT div.content.clearfix")[0])
             ~~~~~~~~~~~~~~~~~~~~~~~~~~~~~~~~~~~~~~~~~~~~~^^^
IndexError: list index out of range


2024-12-19 02:16:22,140 - ERROR - ERROR
福布斯女运动员收入排行榜公布：郑钦文1年狂赚1.5亿，仍不如谷爱凌
https://new.qq.com/rain/a/20241219A018L500
('list index out of range',)
======
Traceback (most recent call last):
  File "/home/runner/work/qqnews/qqnews/qq.py", line 81, in process_article
    ss = str(tmpbs.select("div.LEFT div.content.clearfix")[0])
             ~~~~~~~~~~~~~~~~~~~~~~~~~~~~~~~~~~~~~~~~~~~~~^^^
IndexError: list index out of range


2024-12-19 02:16:22,160 - ERROR - ERROR
商务部新闻发言人就欧盟第15轮对俄制裁列单中国企业和个人事答记者问
https://new.qq.com/rain/a/20241219A028JQ00
('list index out of range',)
======
Traceback (most recent call last):
  File "/home/runner/work/qqnews/qqnews/qq.py", line 81, in process_article
    ss = str(tmpbs.select("div.LEFT div.content.clearfix")[0])
             ~~~~~~~~~~~~~~~~~~~~~~~~~~~~~~~~~~~~~~~~~~~~~^^^
IndexError: list index out of range


2024-12-19 02:16:22,564 - ERROR - ERROR
余华英被押解到贵州省高院参加今日重审二审开庭
https://new.qq.com/rain/a/20241219A01RV400
('list index out of range',)
======
Traceback (most recent call last):
  File "/home/runner/work/qqnews/qqnews/qq.py", line 81, in process_article
    ss = str(tmpbs.select("div.LEFT div.content.clearfix")[0])
             ~~~~~~~~~~~~~~~~~~~~~~~~~~~~~~~~~~~~~~~~~~~~~^^^
IndexError: list index out of range


2024-12-19 02:16:22,746 - ERROR - ERROR
500万粉丝主播三年收入仅数万？国家税务总局曝“厦门小程”偷税案
https://new.qq.com/rain/a/20241219A01DB100
('list index out of range',)
======
Traceback (most recent call last):
  File "/home/runner/work/qqnews/qqnews/qq.py", line 81, in process_article
    ss = str(tmpbs.select("div.LEFT div.content.clearfix")[0])
             ~~~~~~~~~~~~~~~~~~~~~~~~~~~~~~~~~~~~~~~~~~~~~^^^
IndexError: list index out of range


2024-12-19 02:16:22,769 - ERROR - ERROR
哈马斯：分阶段释放被扣押人员及停火协议谈判取得重大进展
https://new.qq.com/rain/a/20241219A012DH00
('list index out of range',)
======
Traceback (most recent call last):
  File "/home/runner/work/qqnews/qqnews/qq.py", line 81, in process_article
    ss = str(tmpbs.select("div.LEFT div.content.clearfix")[0])
             ~~~~~~~~~~~~~~~~~~~~~~~~~~~~~~~~~~~~~~~~~~~~~^^^
IndexError: list index out of range


2024-12-19 02:16:22,779 - ERROR - ERROR
女子被多人密谋灌醉强奸后投江自尽，生前在手机备忘录记下被胁迫经过，三男子获罪
https://new.qq.com/rain/a/20241219A00DKM00
('list index out of range',)
======
Traceback (most recent call last):
  File "/home/runner/work/qqnews/qqnews/qq.py", line 81, in process_article
    ss = str(tmpbs.select("div.LEFT div.content.clearfix")[0])
             ~~~~~~~~~~~~~~~~~~~~~~~~~~~~~~~~~~~~~~~~~~~~~^^^
IndexError: list index out of range


2024-12-19 02:16:22,791 - ERROR - ERROR
美国最高法院将审理TikTok禁令 明年1月10日进行辩论
https://new.qq.com/rain/a/20241219A018DT00
('list index out of range',)
======
Traceback (most recent call last):
  File "/home/runner/work/qqnews/qqnews/qq.py", line 81, in process_article
    ss = str(tmpbs.select("div.LEFT div.content.clearfix")[0])
             ~~~~~~~~~~~~~~~~~~~~~~~~~~~~~~~~~~~~~~~~~~~~~^^^
IndexError: list index out of range


2024-12-19 02:16:23,209 - ERROR - ERROR
拜登政府给特朗普关键议程设下障碍：批准加州燃油车强制禁令
https://new.qq.com/rain/a/20241219A00EGV00
('list index out of range',)
======
Traceback (most recent call last):
  File "/home/runner/work/qqnews/qqnews/qq.py", line 81, in process_article
    ss = str(tmpbs.select("div.LEFT div.content.clearfix")[0])
             ~~~~~~~~~~~~~~~~~~~~~~~~~~~~~~~~~~~~~~~~~~~~~^^^
IndexError: list index out of range


2024-12-19 02:16:23,322 - ERROR - ERROR
越南首都一建筑起火造成至少10人死亡
https://new.qq.com/rain/a/20241219A01CKU00
('list index out of range',)
======
Traceback (most recent call last):
  File "/home/runner/work/qqnews/qqnews/qq.py", line 81, in process_article
    ss = str(tmpbs.select("div.LEFT div.content.clearfix")[0])
             ~~~~~~~~~~~~~~~~~~~~~~~~~~~~~~~~~~~~~~~~~~~~~^^^
IndexError: list index out of range


2024-12-19 02:16:23,330 - ERROR - ERROR
临时支出法案再遭反对 美政府再陷停摆危机
https://new.qq.com/rain/a/20241219A018SC00
('list index out of range',)
======
Traceback (most recent call last):
  File "/home/runner/work/qqnews/qqnews/qq.py", line 81, in process_article
    ss = str(tmpbs.select("div.LEFT div.content.clearfix")[0])
             ~~~~~~~~~~~~~~~~~~~~~~~~~~~~~~~~~~~~~~~~~~~~~^^^
IndexError: list index out of range


2024-12-19 02:16:23,333 - ERROR - ERROR
努力两年放弃，苹果据称叫停iPhone硬件订阅服务项目
https://new.qq.com/rain/a/20241219A01BCX00
('list index out of range',)
======
Traceback (most recent call last):
  File "/home/runner/work/qqnews/qqnews/qq.py", line 81, in process_article
    ss = str(tmpbs.select("div.LEFT div.content.clearfix")[0])
             ~~~~~~~~~~~~~~~~~~~~~~~~~~~~~~~~~~~~~~~~~~~~~^^^
IndexError: list index out of range


2024-12-19 02:16:23,733 - ERROR - ERROR
浪潮重塑【明星篇】：101位艺人和他们眼里的2024
https://new.qq.com/rain/a/20241219V01CR100
('list index out of range',)
======
Traceback (most recent call last):
  File "/home/runner/work/qqnews/qqnews/qq.py", line 81, in process_article
    ss = str(tmpbs.select("div.LEFT div.content.clearfix")[0])
             ~~~~~~~~~~~~~~~~~~~~~~~~~~~~~~~~~~~~~~~~~~~~~^^^
IndexError: list index out of range


2024-12-19 02:16:23,846 - ERROR - ERROR
特朗普称支持对前共和党众议员莉兹·切尼展开调查
https://new.qq.com/rain/a/20241219A0046C00
('list index out of range',)
======
Traceback (most recent call last):
  File "/home/runner/work/qqnews/qqnews/qq.py", line 81, in process_article
    ss = str(tmpbs.select("div.LEFT div.content.clearfix")[0])
             ~~~~~~~~~~~~~~~~~~~~~~~~~~~~~~~~~~~~~~~~~~~~~^^^
IndexError: list index out of range


