2025-09-28 00:42:48,375 - INFO - Total time taken: {'ret': 0, 'msg': 'success', 'data': None}
2025-09-28 00:42:48,375 - INFO - 'NoneType' object is not subscriptable
2025-09-28 00:42:48,375 - INFO - Traceback (most recent call last):
  File "/home/runner/work/qqnews/qqnews/qq.py", line 128, in main
    for i in qq1["data"]["list"]:
             ~~~~~~~~~~~^^^^^^^^
TypeError: 'NoneType' object is not subscriptable

2025-09-28 02:24:15,747 - INFO - Total time taken: {'ret': 0, 'msg': 'success', 'data': None}
2025-09-28 02:24:15,748 - INFO - 'NoneType' object is not subscriptable
2025-09-28 02:24:15,748 - INFO - Traceback (most recent call last):
  File "/home/runner/work/qqnews/qqnews/qq.py", line 128, in main
    for i in qq1["data"]["list"]:
             ~~~~~~~~~~~^^^^^^^^
TypeError: 'NoneType' object is not subscriptable

2025-09-28 03:31:52,027 - INFO - Total time taken: {'ret': 0, 'msg': 'success', 'data': None}
2025-09-28 03:31:52,027 - INFO - 'NoneType' object is not subscriptable
2025-09-28 03:31:52,027 - INFO - Traceback (most recent call last):
  File "/home/runner/work/qqnews/qqnews/qq.py", line 128, in main
    for i in qq1["data"]["list"]:
             ~~~~~~~~~~~^^^^^^^^
TypeError: 'NoneType' object is not subscriptable

2025-09-28 04:01:30,610 - INFO - Total time taken: {'ret': 0, 'msg': 'success', 'data': None}
2025-09-28 04:01:30,610 - INFO - 'NoneType' object is not subscriptable
2025-09-28 04:01:30,610 - INFO - Traceback (most recent call last):
  File "/home/runner/work/qqnews/qqnews/qq.py", line 128, in main
    for i in qq1["data"]["list"]:
             ~~~~~~~~~~~^^^^^^^^
TypeError: 'NoneType' object is not subscriptable

2025-09-28 05:01:14,238 - INFO - Total time taken: {'ret': 0, 'msg': 'success', 'data': None}
2025-09-28 05:01:14,238 - INFO - 'NoneType' object is not subscriptable
2025-09-28 05:01:14,239 - INFO - Traceback (most recent call last):
  File "/home/runner/work/qqnews/qqnews/qq.py", line 128, in main
    for i in qq1["data"]["list"]:
             ~~~~~~~~~~~^^^^^^^^
TypeError: 'NoneType' object is not subscriptable

2025-09-28 06:01:30,241 - INFO - Total time taken: {'ret': 0, 'msg': 'success', 'data': None}
2025-09-28 06:01:30,242 - INFO - 'NoneType' object is not subscriptable
2025-09-28 06:01:30,242 - INFO - Traceback (most recent call last):
  File "/home/runner/work/qqnews/qqnews/qq.py", line 128, in main
    for i in qq1["data"]["list"]:
             ~~~~~~~~~~~^^^^^^^^
TypeError: 'NoneType' object is not subscriptable

2025-09-28 07:01:12,932 - INFO - Total time taken: {'ret': 0, 'msg': 'success', 'data': None}
2025-09-28 07:01:12,933 - INFO - 'NoneType' object is not subscriptable
2025-09-28 07:01:12,933 - INFO - Traceback (most recent call last):
  File "/home/runner/work/qqnews/qqnews/qq.py", line 128, in main
    for i in qq1["data"]["list"]:
             ~~~~~~~~~~~^^^^^^^^
TypeError: 'NoneType' object is not subscriptable

2025-09-28 08:01:33,019 - INFO - Total time taken: {'ret': 0, 'msg': 'success', 'data': None}
2025-09-28 08:01:33,019 - INFO - 'NoneType' object is not subscriptable
2025-09-28 08:01:33,020 - INFO - Traceback (most recent call last):
  File "/home/runner/work/qqnews/qqnews/qq.py", line 128, in main
    for i in qq1["data"]["list"]:
             ~~~~~~~~~~~^^^^^^^^
TypeError: 'NoneType' object is not subscriptable

2025-09-28 09:01:21,083 - INFO - Total time taken: {'ret': 0, 'msg': 'success', 'data': None}
2025-09-28 09:01:21,083 - INFO - 'NoneType' object is not subscriptable
2025-09-28 09:01:21,083 - INFO - Traceback (most recent call last):
  File "/home/runner/work/qqnews/qqnews/qq.py", line 128, in main
    for i in qq1["data"]["list"]:
             ~~~~~~~~~~~^^^^^^^^
TypeError: 'NoneType' object is not subscriptable

2025-09-28 10:01:25,749 - INFO - Total time taken: {'ret': 0, 'msg': 'success', 'data': None}
2025-09-28 10:01:25,749 - INFO - 'NoneType' object is not subscriptable
2025-09-28 10:01:25,749 - INFO - Traceback (most recent call last):
  File "/home/runner/work/qqnews/qqnews/qq.py", line 128, in main
    for i in qq1["data"]["list"]:
             ~~~~~~~~~~~^^^^^^^^
TypeError: 'NoneType' object is not subscriptable

2025-09-28 11:02:06,059 - INFO - Total time taken: {'ret': 0, 'msg': 'success', 'data': None}
2025-09-28 11:02:06,059 - INFO - 'NoneType' object is not subscriptable
2025-09-28 11:02:06,059 - INFO - Traceback (most recent call last):
  File "/home/runner/work/qqnews/qqnews/qq.py", line 128, in main
    for i in qq1["data"]["list"]:
             ~~~~~~~~~~~^^^^^^^^
TypeError: 'NoneType' object is not subscriptable

2025-09-28 12:13:48,536 - INFO - Total time taken: {'ret': 0, 'msg': 'success', 'data': None}
2025-09-28 12:13:48,536 - INFO - 'NoneType' object is not subscriptable
2025-09-28 12:13:48,536 - INFO - Traceback (most recent call last):
  File "/home/runner/work/qqnews/qqnews/qq.py", line 128, in main
    for i in qq1["data"]["list"]:
             ~~~~~~~~~~~^^^^^^^^
TypeError: 'NoneType' object is not subscriptable

2025-09-28 13:13:54,414 - INFO - Total time taken: {'ret': 0, 'msg': 'success', 'data': None}
2025-09-28 13:13:54,414 - INFO - 'NoneType' object is not subscriptable
2025-09-28 13:13:54,414 - INFO - Traceback (most recent call last):
  File "/home/runner/work/qqnews/qqnews/qq.py", line 128, in main
    for i in qq1["data"]["list"]:
             ~~~~~~~~~~~^^^^^^^^
TypeError: 'NoneType' object is not subscriptable

