2025-09-14 00:40:58,240 - INFO - Total time taken: {'ret': 0, 'msg': 'success', 'data': None}
2025-09-14 00:40:58,241 - INFO - 'NoneType' object is not subscriptable
2025-09-14 00:40:58,241 - INFO - Traceback (most recent call last):
  File "/home/runner/work/qqnews/qqnews/qq.py", line 128, in main
    for i in qq1["data"]["list"]:
             ~~~~~~~~~~~^^^^^^^^
TypeError: 'NoneType' object is not subscriptable

2025-09-14 02:20:07,631 - INFO - Total time taken: {'ret': 0, 'msg': 'success', 'data': None}
2025-09-14 02:20:07,632 - INFO - 'NoneType' object is not subscriptable
2025-09-14 02:20:07,632 - INFO - Traceback (most recent call last):
  File "/home/runner/work/qqnews/qqnews/qq.py", line 128, in main
    for i in qq1["data"]["list"]:
             ~~~~~~~~~~~^^^^^^^^
TypeError: 'NoneType' object is not subscriptable

2025-09-14 03:25:54,422 - INFO - Total time taken: {'ret': 0, 'msg': 'success', 'data': None}
2025-09-14 03:25:54,422 - INFO - 'NoneType' object is not subscriptable
2025-09-14 03:25:54,423 - INFO - Traceback (most recent call last):
  File "/home/runner/work/qqnews/qqnews/qq.py", line 128, in main
    for i in qq1["data"]["list"]:
             ~~~~~~~~~~~^^^^^^^^
TypeError: 'NoneType' object is not subscriptable

2025-09-14 04:01:33,169 - INFO - Total time taken: {'ret': 0, 'msg': 'success', 'data': None}
2025-09-14 04:01:33,169 - INFO - 'NoneType' object is not subscriptable
2025-09-14 04:01:33,169 - INFO - Traceback (most recent call last):
  File "/home/runner/work/qqnews/qqnews/qq.py", line 128, in main
    for i in qq1["data"]["list"]:
             ~~~~~~~~~~~^^^^^^^^
TypeError: 'NoneType' object is not subscriptable

2025-09-14 05:01:15,346 - INFO - Total time taken: {'ret': 0, 'msg': 'success', 'data': None}
2025-09-14 05:01:15,346 - INFO - 'NoneType' object is not subscriptable
2025-09-14 05:01:15,347 - INFO - Traceback (most recent call last):
  File "/home/runner/work/qqnews/qqnews/qq.py", line 128, in main
    for i in qq1["data"]["list"]:
             ~~~~~~~~~~~^^^^^^^^
TypeError: 'NoneType' object is not subscriptable

2025-09-14 06:01:19,808 - INFO - Total time taken: {'ret': 0, 'msg': 'success', 'data': None}
2025-09-14 06:01:19,808 - INFO - 'NoneType' object is not subscriptable
2025-09-14 06:01:19,809 - INFO - Traceback (most recent call last):
  File "/home/runner/work/qqnews/qqnews/qq.py", line 128, in main
    for i in qq1["data"]["list"]:
             ~~~~~~~~~~~^^^^^^^^
TypeError: 'NoneType' object is not subscriptable

2025-09-14 07:01:18,122 - INFO - Total time taken: {'ret': 0, 'msg': 'success', 'data': None}
2025-09-14 07:01:18,123 - INFO - 'NoneType' object is not subscriptable
2025-09-14 07:01:18,123 - INFO - Traceback (most recent call last):
  File "/home/runner/work/qqnews/qqnews/qq.py", line 128, in main
    for i in qq1["data"]["list"]:
             ~~~~~~~~~~~^^^^^^^^
TypeError: 'NoneType' object is not subscriptable

2025-09-14 08:01:30,249 - INFO - Total time taken: {'ret': 0, 'msg': 'success', 'data': None}
2025-09-14 08:01:30,249 - INFO - 'NoneType' object is not subscriptable
2025-09-14 08:01:30,249 - INFO - Traceback (most recent call last):
  File "/home/runner/work/qqnews/qqnews/qq.py", line 128, in main
    for i in qq1["data"]["list"]:
             ~~~~~~~~~~~^^^^^^^^
TypeError: 'NoneType' object is not subscriptable

2025-09-14 09:01:21,456 - INFO - Total time taken: {'ret': 0, 'msg': 'success', 'data': None}
2025-09-14 09:01:21,456 - INFO - 'NoneType' object is not subscriptable
2025-09-14 09:01:21,456 - INFO - Traceback (most recent call last):
  File "/home/runner/work/qqnews/qqnews/qq.py", line 128, in main
    for i in qq1["data"]["list"]:
             ~~~~~~~~~~~^^^^^^^^
TypeError: 'NoneType' object is not subscriptable

2025-09-14 10:01:16,326 - INFO - Total time taken: {'ret': 0, 'msg': 'success', 'data': None}
2025-09-14 10:01:16,326 - INFO - 'NoneType' object is not subscriptable
2025-09-14 10:01:16,326 - INFO - Traceback (most recent call last):
  File "/home/runner/work/qqnews/qqnews/qq.py", line 128, in main
    for i in qq1["data"]["list"]:
             ~~~~~~~~~~~^^^^^^^^
TypeError: 'NoneType' object is not subscriptable

2025-09-14 11:01:25,377 - INFO - Total time taken: {'ret': 0, 'msg': 'success', 'data': None}
2025-09-14 11:01:25,378 - INFO - 'NoneType' object is not subscriptable
2025-09-14 11:01:25,378 - INFO - Traceback (most recent call last):
  File "/home/runner/work/qqnews/qqnews/qq.py", line 128, in main
    for i in qq1["data"]["list"]:
             ~~~~~~~~~~~^^^^^^^^
TypeError: 'NoneType' object is not subscriptable

2025-09-14 12:13:15,803 - INFO - Total time taken: {'ret': 0, 'msg': 'success', 'data': None}
2025-09-14 12:13:15,803 - INFO - 'NoneType' object is not subscriptable
2025-09-14 12:13:15,803 - INFO - Traceback (most recent call last):
  File "/home/runner/work/qqnews/qqnews/qq.py", line 128, in main
    for i in qq1["data"]["list"]:
             ~~~~~~~~~~~^^^^^^^^
TypeError: 'NoneType' object is not subscriptable

2025-09-14 13:11:42,127 - INFO - Total time taken: {'ret': 0, 'msg': 'success', 'data': None}
2025-09-14 13:11:42,127 - INFO - 'NoneType' object is not subscriptable
2025-09-14 13:11:42,127 - INFO - Traceback (most recent call last):
  File "/home/runner/work/qqnews/qqnews/qq.py", line 128, in main
    for i in qq1["data"]["list"]:
             ~~~~~~~~~~~^^^^^^^^
TypeError: 'NoneType' object is not subscriptable

