2025-12-15 00:46:07,800 - INFO - Total time taken: {'ret': 0, 'msg': 'success', 'data': None}
2025-12-15 00:46:07,801 - INFO - 'NoneType' object is not subscriptable
2025-12-15 00:46:07,801 - INFO - Traceback (most recent call last):
  File "/home/runner/work/qqnews/qqnews/qq.py", line 128, in main
    for i in qq1["data"]["list"]:
             ~~~~~~~~~~~^^^^^^^^
TypeError: 'NoneType' object is not subscriptable

2025-12-15 02:51:16,252 - INFO - Total time taken: {'ret': 0, 'msg': 'success', 'data': None}
2025-12-15 02:51:16,252 - INFO - 'NoneType' object is not subscriptable
2025-12-15 02:51:16,252 - INFO - Traceback (most recent call last):
  File "/home/runner/work/qqnews/qqnews/qq.py", line 128, in main
    for i in qq1["data"]["list"]:
             ~~~~~~~~~~~^^^^^^^^
TypeError: 'NoneType' object is not subscriptable

2025-12-15 03:58:08,494 - INFO - Total time taken: {'ret': 0, 'msg': 'success', 'data': None}
2025-12-15 03:58:08,494 - INFO - 'NoneType' object is not subscriptable
2025-12-15 03:58:08,494 - INFO - Traceback (most recent call last):
  File "/home/runner/work/qqnews/qqnews/qq.py", line 128, in main
    for i in qq1["data"]["list"]:
             ~~~~~~~~~~~^^^^^^^^
TypeError: 'NoneType' object is not subscriptable

2025-12-15 04:34:35,483 - INFO - Total time taken: {'ret': 0, 'msg': 'success', 'data': None}
2025-12-15 04:34:35,483 - INFO - 'NoneType' object is not subscriptable
2025-12-15 04:34:35,484 - INFO - Traceback (most recent call last):
  File "/home/runner/work/qqnews/qqnews/qq.py", line 128, in main
    for i in qq1["data"]["list"]:
             ~~~~~~~~~~~^^^^^^^^
TypeError: 'NoneType' object is not subscriptable

2025-12-15 05:15:46,756 - INFO - Total time taken: {'ret': 0, 'msg': 'success', 'data': None}
2025-12-15 05:15:46,756 - INFO - 'NoneType' object is not subscriptable
2025-12-15 05:15:46,756 - INFO - Traceback (most recent call last):
  File "/home/runner/work/qqnews/qqnews/qq.py", line 128, in main
    for i in qq1["data"]["list"]:
             ~~~~~~~~~~~^^^^^^^^
TypeError: 'NoneType' object is not subscriptable

2025-12-15 06:16:48,593 - INFO - Total time taken: {'ret': 0, 'msg': 'success', 'data': None}
2025-12-15 06:16:48,594 - INFO - 'NoneType' object is not subscriptable
2025-12-15 06:16:48,594 - INFO - Traceback (most recent call last):
  File "/home/runner/work/qqnews/qqnews/qq.py", line 128, in main
    for i in qq1["data"]["list"]:
             ~~~~~~~~~~~^^^^^^^^
TypeError: 'NoneType' object is not subscriptable

2025-12-15 07:14:54,653 - INFO - Total time taken: {'ret': 0, 'msg': 'success', 'data': None}
2025-12-15 07:14:54,653 - INFO - 'NoneType' object is not subscriptable
2025-12-15 07:14:54,654 - INFO - Traceback (most recent call last):
  File "/home/runner/work/qqnews/qqnews/qq.py", line 128, in main
    for i in qq1["data"]["list"]:
             ~~~~~~~~~~~^^^^^^^^
TypeError: 'NoneType' object is not subscriptable

2025-12-15 08:15:43,826 - INFO - Total time taken: {'ret': 0, 'msg': 'success', 'data': None}
2025-12-15 08:15:43,826 - INFO - 'NoneType' object is not subscriptable
2025-12-15 08:15:43,827 - INFO - Traceback (most recent call last):
  File "/home/runner/work/qqnews/qqnews/qq.py", line 128, in main
    for i in qq1["data"]["list"]:
             ~~~~~~~~~~~^^^^^^^^
TypeError: 'NoneType' object is not subscriptable

2025-12-15 09:18:53,300 - INFO - Total time taken: {'ret': 0, 'msg': 'success', 'data': None}
2025-12-15 09:18:53,300 - INFO - 'NoneType' object is not subscriptable
2025-12-15 09:18:53,300 - INFO - Traceback (most recent call last):
  File "/home/runner/work/qqnews/qqnews/qq.py", line 128, in main
    for i in qq1["data"]["list"]:
             ~~~~~~~~~~~^^^^^^^^
TypeError: 'NoneType' object is not subscriptable

2025-12-15 10:13:01,591 - INFO - Total time taken: {'ret': 0, 'msg': 'success', 'data': None}
2025-12-15 10:13:01,591 - INFO - 'NoneType' object is not subscriptable
2025-12-15 10:13:01,592 - INFO - Traceback (most recent call last):
  File "/home/runner/work/qqnews/qqnews/qq.py", line 128, in main
    for i in qq1["data"]["list"]:
             ~~~~~~~~~~~^^^^^^^^
TypeError: 'NoneType' object is not subscriptable

2025-12-15 11:09:21,529 - INFO - Total time taken: {'ret': 0, 'msg': 'success', 'data': None}
2025-12-15 11:09:21,529 - INFO - 'NoneType' object is not subscriptable
2025-12-15 11:09:21,530 - INFO - Traceback (most recent call last):
  File "/home/runner/work/qqnews/qqnews/qq.py", line 128, in main
    for i in qq1["data"]["list"]:
             ~~~~~~~~~~~^^^^^^^^
TypeError: 'NoneType' object is not subscriptable

2025-12-15 12:19:18,502 - INFO - Total time taken: {'ret': 0, 'msg': 'success', 'data': None}
2025-12-15 12:19:18,503 - INFO - 'NoneType' object is not subscriptable
2025-12-15 12:19:18,503 - INFO - Traceback (most recent call last):
  File "/home/runner/work/qqnews/qqnews/qq.py", line 128, in main
    for i in qq1["data"]["list"]:
             ~~~~~~~~~~~^^^^^^^^
TypeError: 'NoneType' object is not subscriptable

2025-12-15 13:32:38,584 - INFO - Total time taken: {'ret': 0, 'msg': 'success', 'data': None}
2025-12-15 13:32:38,584 - INFO - 'NoneType' object is not subscriptable
2025-12-15 13:32:38,585 - INFO - Traceback (most recent call last):
  File "/home/runner/work/qqnews/qqnews/qq.py", line 128, in main
    for i in qq1["data"]["list"]:
             ~~~~~~~~~~~^^^^^^^^
TypeError: 'NoneType' object is not subscriptable

2025-12-15 14:13:33,261 - INFO - Total time taken: {'ret': 0, 'msg': 'success', 'data': None}
2025-12-15 14:13:33,262 - INFO - 'NoneType' object is not subscriptable
2025-12-15 14:13:33,262 - INFO - Traceback (most recent call last):
  File "/home/runner/work/qqnews/qqnews/qq.py", line 128, in main
    for i in qq1["data"]["list"]:
             ~~~~~~~~~~~^^^^^^^^
TypeError: 'NoneType' object is not subscriptable

2025-12-15 15:14:03,339 - INFO - Total time taken: {'ret': 0, 'msg': 'success', 'data': None}
2025-12-15 15:14:03,339 - INFO - 'NoneType' object is not subscriptable
2025-12-15 15:14:03,339 - INFO - Traceback (most recent call last):
  File "/home/runner/work/qqnews/qqnews/qq.py", line 128, in main
    for i in qq1["data"]["list"]:
             ~~~~~~~~~~~^^^^^^^^
TypeError: 'NoneType' object is not subscriptable

2025-12-15 16:14:13,263 - INFO - Total time taken: {'ret': 0, 'msg': 'success', 'data': None}
2025-12-15 16:14:13,264 - INFO - 'NoneType' object is not subscriptable
2025-12-15 16:14:13,264 - INFO - Traceback (most recent call last):
  File "/home/runner/work/qqnews/qqnews/qq.py", line 128, in main
    for i in qq1["data"]["list"]:
             ~~~~~~~~~~~^^^^^^^^
TypeError: 'NoneType' object is not subscriptable

2025-12-15 17:15:22,065 - INFO - Total time taken: {'ret': 0, 'msg': 'success', 'data': None}
2025-12-15 17:15:22,065 - INFO - 'NoneType' object is not subscriptable
2025-12-15 17:15:22,066 - INFO - Traceback (most recent call last):
  File "/home/runner/work/qqnews/qqnews/qq.py", line 128, in main
    for i in qq1["data"]["list"]:
             ~~~~~~~~~~~^^^^^^^^
TypeError: 'NoneType' object is not subscriptable

2025-12-15 18:14:42,579 - INFO - Total time taken: {'ret': 0, 'msg': 'success', 'data': None}
2025-12-15 18:14:42,579 - INFO - 'NoneType' object is not subscriptable
2025-12-15 18:14:42,579 - INFO - Traceback (most recent call last):
  File "/home/runner/work/qqnews/qqnews/qq.py", line 128, in main
    for i in qq1["data"]["list"]:
             ~~~~~~~~~~~^^^^^^^^
TypeError: 'NoneType' object is not subscriptable

2025-12-15 19:11:01,817 - INFO - Total time taken: {'ret': 0, 'msg': 'success', 'data': None}
2025-12-15 19:11:01,817 - INFO - 'NoneType' object is not subscriptable
2025-12-15 19:11:01,818 - INFO - Traceback (most recent call last):
  File "/home/runner/work/qqnews/qqnews/qq.py", line 128, in main
    for i in qq1["data"]["list"]:
             ~~~~~~~~~~~^^^^^^^^
TypeError: 'NoneType' object is not subscriptable

2025-12-15 20:01:13,511 - INFO - Total time taken: {'ret': 0, 'msg': 'success', 'data': None}
2025-12-15 20:01:13,511 - INFO - 'NoneType' object is not subscriptable
2025-12-15 20:01:13,512 - INFO - Traceback (most recent call last):
  File "/home/runner/work/qqnews/qqnews/qq.py", line 128, in main
    for i in qq1["data"]["list"]:
             ~~~~~~~~~~~^^^^^^^^
TypeError: 'NoneType' object is not subscriptable

