2025-12-31 00:44:56,355 - INFO - Total time taken: {'ret': 0, 'msg': 'success', 'data': None}
2025-12-31 00:44:56,356 - INFO - 'NoneType' object is not subscriptable
2025-12-31 00:44:56,356 - INFO - Traceback (most recent call last):
  File "/home/runner/work/qqnews/qqnews/qq.py", line 128, in main
    for i in qq1["data"]["list"]:
             ~~~~~~~~~~~^^^^^^^^
TypeError: 'NoneType' object is not subscriptable

2025-12-31 02:47:51,896 - INFO - Total time taken: {'ret': 0, 'msg': 'success', 'data': None}
2025-12-31 02:47:51,896 - INFO - 'NoneType' object is not subscriptable
2025-12-31 02:47:51,896 - INFO - Traceback (most recent call last):
  File "/home/runner/work/qqnews/qqnews/qq.py", line 128, in main
    for i in qq1["data"]["list"]:
             ~~~~~~~~~~~^^^^^^^^
TypeError: 'NoneType' object is not subscriptable

2025-12-31 03:54:23,444 - INFO - Total time taken: {'ret': 0, 'msg': 'success', 'data': None}
2025-12-31 03:54:23,445 - INFO - 'NoneType' object is not subscriptable
2025-12-31 03:54:23,445 - INFO - Traceback (most recent call last):
  File "/home/runner/work/qqnews/qqnews/qq.py", line 128, in main
    for i in qq1["data"]["list"]:
             ~~~~~~~~~~~^^^^^^^^
TypeError: 'NoneType' object is not subscriptable

2025-12-31 04:27:59,596 - INFO - Total time taken: {'ret': 0, 'msg': 'success', 'data': None}
2025-12-31 04:27:59,596 - INFO - 'NoneType' object is not subscriptable
2025-12-31 04:27:59,596 - INFO - Traceback (most recent call last):
  File "/home/runner/work/qqnews/qqnews/qq.py", line 128, in main
    for i in qq1["data"]["list"]:
             ~~~~~~~~~~~^^^^^^^^
TypeError: 'NoneType' object is not subscriptable

2025-12-31 05:24:22,477 - INFO - Total time taken: {'ret': 0, 'msg': 'success', 'data': None}
2025-12-31 05:24:22,477 - INFO - 'NoneType' object is not subscriptable
2025-12-31 05:24:22,478 - INFO - Traceback (most recent call last):
  File "/home/runner/work/qqnews/qqnews/qq.py", line 128, in main
    for i in qq1["data"]["list"]:
             ~~~~~~~~~~~^^^^^^^^
TypeError: 'NoneType' object is not subscriptable

2025-12-31 06:01:17,100 - INFO - Total time taken: {'ret': 0, 'msg': 'success', 'data': None}
2025-12-31 06:01:17,101 - INFO - 'NoneType' object is not subscriptable
2025-12-31 06:01:17,101 - INFO - Traceback (most recent call last):
  File "/home/runner/work/qqnews/qqnews/qq.py", line 128, in main
    for i in qq1["data"]["list"]:
             ~~~~~~~~~~~^^^^^^^^
TypeError: 'NoneType' object is not subscriptable

2025-12-31 07:14:08,048 - INFO - Total time taken: {'ret': 0, 'msg': 'success', 'data': None}
2025-12-31 07:14:08,049 - INFO - 'NoneType' object is not subscriptable
2025-12-31 07:14:08,049 - INFO - Traceback (most recent call last):
  File "/home/runner/work/qqnews/qqnews/qq.py", line 128, in main
    for i in qq1["data"]["list"]:
             ~~~~~~~~~~~^^^^^^^^
TypeError: 'NoneType' object is not subscriptable

2025-12-31 08:14:13,856 - INFO - Total time taken: {'ret': 0, 'msg': 'success', 'data': None}
2025-12-31 08:14:13,856 - INFO - 'NoneType' object is not subscriptable
2025-12-31 08:14:13,857 - INFO - Traceback (most recent call last):
  File "/home/runner/work/qqnews/qqnews/qq.py", line 128, in main
    for i in qq1["data"]["list"]:
             ~~~~~~~~~~~^^^^^^^^
TypeError: 'NoneType' object is not subscriptable

2025-12-31 09:13:36,967 - INFO - Total time taken: {'ret': 0, 'msg': 'success', 'data': None}
2025-12-31 09:13:36,968 - INFO - 'NoneType' object is not subscriptable
2025-12-31 09:13:36,968 - INFO - Traceback (most recent call last):
  File "/home/runner/work/qqnews/qqnews/qq.py", line 128, in main
    for i in qq1["data"]["list"]:
             ~~~~~~~~~~~^^^^^^^^
TypeError: 'NoneType' object is not subscriptable

2025-12-31 10:01:22,725 - INFO - Total time taken: {'ret': 0, 'msg': 'success', 'data': None}
2025-12-31 10:01:22,726 - INFO - 'NoneType' object is not subscriptable
2025-12-31 10:01:22,726 - INFO - Traceback (most recent call last):
  File "/home/runner/work/qqnews/qqnews/qq.py", line 128, in main
    for i in qq1["data"]["list"]:
             ~~~~~~~~~~~^^^^^^^^
TypeError: 'NoneType' object is not subscriptable

2025-12-31 11:01:33,367 - INFO - Total time taken: {'ret': 0, 'msg': 'success', 'data': None}
2025-12-31 11:01:33,367 - INFO - 'NoneType' object is not subscriptable
2025-12-31 11:01:33,367 - INFO - Traceback (most recent call last):
  File "/home/runner/work/qqnews/qqnews/qq.py", line 128, in main
    for i in qq1["data"]["list"]:
             ~~~~~~~~~~~^^^^^^^^
TypeError: 'NoneType' object is not subscriptable

