2026-03-04 00:55:22,024 - INFO - Total time taken: {'ret': 0, 'msg': 'success', 'data': None}
2026-03-04 00:55:22,024 - INFO - 'NoneType' object is not subscriptable
2026-03-04 00:55:22,025 - INFO - Traceback (most recent call last):
  File "/home/runner/work/qqnews/qqnews/qq.py", line 128, in main
    for i in qq1["data"]["list"]:
             ~~~~~~~~~~~^^^^^^^^
TypeError: 'NoneType' object is not subscriptable

2026-03-04 03:16:38,488 - INFO - Total time taken: {'ret': 0, 'msg': 'success', 'data': None}
2026-03-04 03:16:38,488 - INFO - 'NoneType' object is not subscriptable
2026-03-04 03:16:38,489 - INFO - Traceback (most recent call last):
  File "/home/runner/work/qqnews/qqnews/qq.py", line 128, in main
    for i in qq1["data"]["list"]:
             ~~~~~~~~~~~^^^^^^^^
TypeError: 'NoneType' object is not subscriptable

2026-03-04 05:01:53,564 - INFO - Total time taken: {'ret': 0, 'msg': 'success', 'data': None}
2026-03-04 05:01:53,564 - INFO - 'NoneType' object is not subscriptable
2026-03-04 05:01:53,564 - INFO - Traceback (most recent call last):
  File "/home/runner/work/qqnews/qqnews/qq.py", line 128, in main
    for i in qq1["data"]["list"]:
             ~~~~~~~~~~~^^^^^^^^
TypeError: 'NoneType' object is not subscriptable

2026-03-04 06:30:56,252 - INFO - Total time taken: {'ret': 0, 'msg': 'success', 'data': None}
2026-03-04 06:30:56,253 - INFO - 'NoneType' object is not subscriptable
2026-03-04 06:30:56,253 - INFO - Traceback (most recent call last):
  File "/home/runner/work/qqnews/qqnews/qq.py", line 128, in main
    for i in qq1["data"]["list"]:
             ~~~~~~~~~~~^^^^^^^^
TypeError: 'NoneType' object is not subscriptable

