2025-07-10 00:42:57,246 - INFO - Total time taken: {'ret': 0, 'msg': 'success', 'data': None}
2025-07-10 00:42:57,246 - INFO - 'NoneType' object is not subscriptable
2025-07-10 00:42:57,247 - INFO - Traceback (most recent call last):
  File "/home/runner/work/qqnews/qqnews/qq.py", line 128, in main
    for i in qq1["data"]["list"]:
             ~~~~~~~~~~~^^^^^^^^
TypeError: 'NoneType' object is not subscriptable

2025-07-10 02:44:11,354 - INFO - Total time taken: {'ret': 0, 'msg': 'success', 'data': None}
2025-07-10 02:44:11,354 - INFO - 'NoneType' object is not subscriptable
2025-07-10 02:44:11,354 - INFO - Traceback (most recent call last):
  File "/home/runner/work/qqnews/qqnews/qq.py", line 128, in main
    for i in qq1["data"]["list"]:
             ~~~~~~~~~~~^^^^^^^^
TypeError: 'NoneType' object is not subscriptable

2025-07-10 03:45:45,163 - INFO - Total time taken: {'ret': 0, 'msg': 'success', 'data': None}
2025-07-10 03:45:45,163 - INFO - 'NoneType' object is not subscriptable
2025-07-10 03:45:45,164 - INFO - Traceback (most recent call last):
  File "/home/runner/work/qqnews/qqnews/qq.py", line 128, in main
    for i in qq1["data"]["list"]:
             ~~~~~~~~~~~^^^^^^^^
TypeError: 'NoneType' object is not subscriptable

2025-07-10 04:22:06,375 - INFO - Total time taken: {'ret': 0, 'msg': 'success', 'data': None}
2025-07-10 04:22:06,375 - INFO - 'NoneType' object is not subscriptable
2025-07-10 04:22:06,376 - INFO - Traceback (most recent call last):
  File "/home/runner/work/qqnews/qqnews/qq.py", line 128, in main
    for i in qq1["data"]["list"]:
             ~~~~~~~~~~~^^^^^^^^
TypeError: 'NoneType' object is not subscriptable

2025-07-10 05:13:45,202 - INFO - Total time taken: {'ret': 0, 'msg': 'success', 'data': None}
2025-07-10 05:13:45,202 - INFO - 'NoneType' object is not subscriptable
2025-07-10 05:13:45,202 - INFO - Traceback (most recent call last):
  File "/home/runner/work/qqnews/qqnews/qq.py", line 128, in main
    for i in qq1["data"]["list"]:
             ~~~~~~~~~~~^^^^^^^^
TypeError: 'NoneType' object is not subscriptable

2025-07-10 06:13:57,764 - INFO - Total time taken: {'ret': 0, 'msg': 'success', 'data': None}
2025-07-10 06:13:57,764 - INFO - 'NoneType' object is not subscriptable
2025-07-10 06:13:57,764 - INFO - Traceback (most recent call last):
  File "/home/runner/work/qqnews/qqnews/qq.py", line 128, in main
    for i in qq1["data"]["list"]:
             ~~~~~~~~~~~^^^^^^^^
TypeError: 'NoneType' object is not subscriptable

2025-07-10 07:11:36,151 - INFO - Total time taken: {'ret': 0, 'msg': 'success', 'data': None}
2025-07-10 07:11:36,151 - INFO - 'NoneType' object is not subscriptable
2025-07-10 07:11:36,151 - INFO - Traceback (most recent call last):
  File "/home/runner/work/qqnews/qqnews/qq.py", line 128, in main
    for i in qq1["data"]["list"]:
             ~~~~~~~~~~~^^^^^^^^
TypeError: 'NoneType' object is not subscriptable

2025-07-10 08:12:54,646 - INFO - Total time taken: {'ret': 0, 'msg': 'success', 'data': None}
2025-07-10 08:12:54,646 - INFO - 'NoneType' object is not subscriptable
2025-07-10 08:12:54,646 - INFO - Traceback (most recent call last):
  File "/home/runner/work/qqnews/qqnews/qq.py", line 128, in main
    for i in qq1["data"]["list"]:
             ~~~~~~~~~~~^^^^^^^^
TypeError: 'NoneType' object is not subscriptable

2025-07-10 09:12:30,176 - INFO - Total time taken: {'ret': 0, 'msg': 'success', 'data': None}
2025-07-10 09:12:30,177 - INFO - 'NoneType' object is not subscriptable
2025-07-10 09:12:30,177 - INFO - Traceback (most recent call last):
  File "/home/runner/work/qqnews/qqnews/qq.py", line 128, in main
    for i in qq1["data"]["list"]:
             ~~~~~~~~~~~^^^^^^^^
TypeError: 'NoneType' object is not subscriptable

2025-07-10 10:09:58,863 - INFO - Total time taken: {'ret': 0, 'msg': 'success', 'data': None}
2025-07-10 10:09:58,863 - INFO - 'NoneType' object is not subscriptable
2025-07-10 10:09:58,864 - INFO - Traceback (most recent call last):
  File "/home/runner/work/qqnews/qqnews/qq.py", line 128, in main
    for i in qq1["data"]["list"]:
             ~~~~~~~~~~~^^^^^^^^
TypeError: 'NoneType' object is not subscriptable

2025-07-10 11:01:19,133 - INFO - Total time taken: {'ret': 0, 'msg': 'success', 'data': None}
2025-07-10 11:01:19,133 - INFO - 'NoneType' object is not subscriptable
2025-07-10 11:01:19,133 - INFO - Traceback (most recent call last):
  File "/home/runner/work/qqnews/qqnews/qq.py", line 128, in main
    for i in qq1["data"]["list"]:
             ~~~~~~~~~~~^^^^^^^^
TypeError: 'NoneType' object is not subscriptable

2025-07-10 12:16:34,230 - INFO - Total time taken: {'ret': 0, 'msg': 'success', 'data': None}
2025-07-10 12:16:34,230 - INFO - 'NoneType' object is not subscriptable
2025-07-10 12:16:34,231 - INFO - Traceback (most recent call last):
  File "/home/runner/work/qqnews/qqnews/qq.py", line 128, in main
    for i in qq1["data"]["list"]:
             ~~~~~~~~~~~^^^^^^^^
TypeError: 'NoneType' object is not subscriptable

2025-07-10 13:27:06,948 - INFO - Total time taken: {'ret': 0, 'msg': 'success', 'data': None}
2025-07-10 13:27:06,948 - INFO - 'NoneType' object is not subscriptable
2025-07-10 13:27:06,948 - INFO - Traceback (most recent call last):
  File "/home/runner/work/qqnews/qqnews/qq.py", line 128, in main
    for i in qq1["data"]["list"]:
             ~~~~~~~~~~~^^^^^^^^
TypeError: 'NoneType' object is not subscriptable

2025-07-10 14:01:10,143 - INFO - Total time taken: {'ret': 0, 'msg': 'success', 'data': None}
2025-07-10 14:01:10,143 - INFO - 'NoneType' object is not subscriptable
2025-07-10 14:01:10,143 - INFO - Traceback (most recent call last):
  File "/home/runner/work/qqnews/qqnews/qq.py", line 128, in main
    for i in qq1["data"]["list"]:
             ~~~~~~~~~~~^^^^^^^^
TypeError: 'NoneType' object is not subscriptable

2025-07-10 15:10:12,996 - INFO - Total time taken: {'ret': 0, 'msg': 'success', 'data': None}
2025-07-10 15:10:12,996 - INFO - 'NoneType' object is not subscriptable
2025-07-10 15:10:12,996 - INFO - Traceback (most recent call last):
  File "/home/runner/work/qqnews/qqnews/qq.py", line 128, in main
    for i in qq1["data"]["list"]:
             ~~~~~~~~~~~^^^^^^^^
TypeError: 'NoneType' object is not subscriptable

2025-07-10 16:11:00,968 - INFO - Total time taken: {'ret': 0, 'msg': 'success', 'data': None}
2025-07-10 16:11:00,968 - INFO - 'NoneType' object is not subscriptable
2025-07-10 16:11:00,968 - INFO - Traceback (most recent call last):
  File "/home/runner/work/qqnews/qqnews/qq.py", line 128, in main
    for i in qq1["data"]["list"]:
             ~~~~~~~~~~~^^^^^^^^
TypeError: 'NoneType' object is not subscriptable

2025-07-10 17:11:30,055 - INFO - Total time taken: {'ret': 0, 'msg': 'success', 'data': None}
2025-07-10 17:11:30,055 - INFO - 'NoneType' object is not subscriptable
2025-07-10 17:11:30,055 - INFO - Traceback (most recent call last):
  File "/home/runner/work/qqnews/qqnews/qq.py", line 128, in main
    for i in qq1["data"]["list"]:
             ~~~~~~~~~~~^^^^^^^^
TypeError: 'NoneType' object is not subscriptable

2025-07-10 18:12:27,973 - INFO - Total time taken: {'ret': 0, 'msg': 'success', 'data': None}
2025-07-10 18:12:27,973 - INFO - 'NoneType' object is not subscriptable
2025-07-10 18:12:27,974 - INFO - Traceback (most recent call last):
  File "/home/runner/work/qqnews/qqnews/qq.py", line 128, in main
    for i in qq1["data"]["list"]:
             ~~~~~~~~~~~^^^^^^^^
TypeError: 'NoneType' object is not subscriptable

