2025-09-26 00:37:31,259 - INFO - Total time taken: {'ret': 0, 'msg': 'success', 'data': None}
2025-09-26 00:37:31,259 - INFO - 'NoneType' object is not subscriptable
2025-09-26 00:37:31,259 - INFO - Traceback (most recent call last):
  File "/home/runner/work/qqnews/qqnews/qq.py", line 128, in main
    for i in qq1["data"]["list"]:
             ~~~~~~~~~~~^^^^^^^^
TypeError: 'NoneType' object is not subscriptable

2025-09-26 02:16:08,648 - INFO - Total time taken: {'ret': 0, 'msg': 'success', 'data': None}
2025-09-26 02:16:08,648 - INFO - 'NoneType' object is not subscriptable
2025-09-26 02:16:08,649 - INFO - Traceback (most recent call last):
  File "/home/runner/work/qqnews/qqnews/qq.py", line 128, in main
    for i in qq1["data"]["list"]:
             ~~~~~~~~~~~^^^^^^^^
TypeError: 'NoneType' object is not subscriptable

2025-09-26 03:25:12,861 - INFO - Total time taken: {'ret': 0, 'msg': 'success', 'data': None}
2025-09-26 03:25:12,861 - INFO - 'NoneType' object is not subscriptable
2025-09-26 03:25:12,862 - INFO - Traceback (most recent call last):
  File "/home/runner/work/qqnews/qqnews/qq.py", line 128, in main
    for i in qq1["data"]["list"]:
             ~~~~~~~~~~~^^^^^^^^
TypeError: 'NoneType' object is not subscriptable

