2025-12-30 00:43:55,785 - INFO - Total time taken: {'ret': 0, 'msg': 'success', 'data': None}
2025-12-30 00:43:55,786 - INFO - 'NoneType' object is not subscriptable
2025-12-30 00:43:55,786 - INFO - Traceback (most recent call last):
  File "/home/runner/work/qqnews/qqnews/qq.py", line 128, in main
    for i in qq1["data"]["list"]:
             ~~~~~~~~~~~^^^^^^^^
TypeError: 'NoneType' object is not subscriptable

2025-12-30 02:48:28,888 - INFO - Total time taken: {'ret': 0, 'msg': 'success', 'data': None}
2025-12-30 02:48:28,888 - INFO - 'NoneType' object is not subscriptable
2025-12-30 02:48:28,889 - INFO - Traceback (most recent call last):
  File "/home/runner/work/qqnews/qqnews/qq.py", line 128, in main
    for i in qq1["data"]["list"]:
             ~~~~~~~~~~~^^^^^^^^
TypeError: 'NoneType' object is not subscriptable

2025-12-30 03:54:54,699 - INFO - Total time taken: {'ret': 0, 'msg': 'success', 'data': None}
2025-12-30 03:54:54,699 - INFO - 'NoneType' object is not subscriptable
2025-12-30 03:54:54,700 - INFO - Traceback (most recent call last):
  File "/home/runner/work/qqnews/qqnews/qq.py", line 128, in main
    for i in qq1["data"]["list"]:
             ~~~~~~~~~~~^^^^^^^^
TypeError: 'NoneType' object is not subscriptable

2025-12-30 04:28:41,008 - INFO - Total time taken: {'ret': 0, 'msg': 'success', 'data': None}
2025-12-30 04:28:41,008 - INFO - 'NoneType' object is not subscriptable
2025-12-30 04:28:41,008 - INFO - Traceback (most recent call last):
  File "/home/runner/work/qqnews/qqnews/qq.py", line 128, in main
    for i in qq1["data"]["list"]:
             ~~~~~~~~~~~^^^^^^^^
TypeError: 'NoneType' object is not subscriptable

2025-12-30 05:14:26,924 - INFO - Total time taken: {'ret': 0, 'msg': 'success', 'data': None}
2025-12-30 05:14:26,924 - INFO - 'NoneType' object is not subscriptable
2025-12-30 05:14:26,924 - INFO - Traceback (most recent call last):
  File "/home/runner/work/qqnews/qqnews/qq.py", line 128, in main
    for i in qq1["data"]["list"]:
             ~~~~~~~~~~~^^^^^^^^
TypeError: 'NoneType' object is not subscriptable

2025-12-30 06:15:28,497 - INFO - Total time taken: {'ret': 0, 'msg': 'success', 'data': None}
2025-12-30 06:15:28,498 - INFO - 'NoneType' object is not subscriptable
2025-12-30 06:15:28,498 - INFO - Traceback (most recent call last):
  File "/home/runner/work/qqnews/qqnews/qq.py", line 128, in main
    for i in qq1["data"]["list"]:
             ~~~~~~~~~~~^^^^^^^^
TypeError: 'NoneType' object is not subscriptable

2025-12-30 07:13:14,092 - INFO - Total time taken: {'ret': 0, 'msg': 'success', 'data': None}
2025-12-30 07:13:14,092 - INFO - 'NoneType' object is not subscriptable
2025-12-30 07:13:14,093 - INFO - Traceback (most recent call last):
  File "/home/runner/work/qqnews/qqnews/qq.py", line 128, in main
    for i in qq1["data"]["list"]:
             ~~~~~~~~~~~^^^^^^^^
TypeError: 'NoneType' object is not subscriptable

2025-12-30 08:14:18,756 - INFO - Total time taken: {'ret': 0, 'msg': 'success', 'data': None}
2025-12-30 08:14:18,756 - INFO - 'NoneType' object is not subscriptable
2025-12-30 08:14:18,757 - INFO - Traceback (most recent call last):
  File "/home/runner/work/qqnews/qqnews/qq.py", line 128, in main
    for i in qq1["data"]["list"]:
             ~~~~~~~~~~~^^^^^^^^
TypeError: 'NoneType' object is not subscriptable

