2026-01-06 00:44:57,128 - INFO - Total time taken: {'ret': 0, 'msg': 'success', 'data': None}
2026-01-06 00:44:57,128 - INFO - 'NoneType' object is not subscriptable
2026-01-06 00:44:57,128 - INFO - Traceback (most recent call last):
  File "/home/runner/work/qqnews/qqnews/qq.py", line 128, in main
    for i in qq1["data"]["list"]:
             ~~~~~~~~~~~^^^^^^^^
TypeError: 'NoneType' object is not subscriptable

2026-01-06 02:50:19,147 - INFO - Total time taken: {'ret': 0, 'msg': 'success', 'data': None}
2026-01-06 02:50:19,148 - INFO - 'NoneType' object is not subscriptable
2026-01-06 02:50:19,148 - INFO - Traceback (most recent call last):
  File "/home/runner/work/qqnews/qqnews/qq.py", line 128, in main
    for i in qq1["data"]["list"]:
             ~~~~~~~~~~~^^^^^^^^
TypeError: 'NoneType' object is not subscriptable

2026-01-06 03:55:57,985 - INFO - Total time taken: {'ret': 0, 'msg': 'success', 'data': None}
2026-01-06 03:55:57,985 - INFO - 'NoneType' object is not subscriptable
2026-01-06 03:55:57,986 - INFO - Traceback (most recent call last):
  File "/home/runner/work/qqnews/qqnews/qq.py", line 128, in main
    for i in qq1["data"]["list"]:
             ~~~~~~~~~~~^^^^^^^^
TypeError: 'NoneType' object is not subscriptable

2026-01-06 04:30:01,287 - INFO - Total time taken: {'ret': 0, 'msg': 'success', 'data': None}
2026-01-06 04:30:01,288 - INFO - 'NoneType' object is not subscriptable
2026-01-06 04:30:01,288 - INFO - Traceback (most recent call last):
  File "/home/runner/work/qqnews/qqnews/qq.py", line 128, in main
    for i in qq1["data"]["list"]:
             ~~~~~~~~~~~^^^^^^^^
TypeError: 'NoneType' object is not subscriptable

2026-01-06 05:14:59,254 - INFO - Total time taken: {'ret': 0, 'msg': 'success', 'data': None}
2026-01-06 05:14:59,255 - INFO - 'NoneType' object is not subscriptable
2026-01-06 05:14:59,255 - INFO - Traceback (most recent call last):
  File "/home/runner/work/qqnews/qqnews/qq.py", line 128, in main
    for i in qq1["data"]["list"]:
             ~~~~~~~~~~~^^^^^^^^
TypeError: 'NoneType' object is not subscriptable

2026-01-06 06:15:49,610 - INFO - Total time taken: {'ret': 0, 'msg': 'success', 'data': None}
2026-01-06 06:15:49,610 - INFO - 'NoneType' object is not subscriptable
2026-01-06 06:15:49,611 - INFO - Traceback (most recent call last):
  File "/home/runner/work/qqnews/qqnews/qq.py", line 128, in main
    for i in qq1["data"]["list"]:
             ~~~~~~~~~~~^^^^^^^^
TypeError: 'NoneType' object is not subscriptable

2026-01-06 07:16:11,041 - INFO - Total time taken: {'ret': 0, 'msg': 'success', 'data': None}
2026-01-06 07:16:11,041 - INFO - 'NoneType' object is not subscriptable
2026-01-06 07:16:11,041 - INFO - Traceback (most recent call last):
  File "/home/runner/work/qqnews/qqnews/qq.py", line 128, in main
    for i in qq1["data"]["list"]:
             ~~~~~~~~~~~^^^^^^^^
TypeError: 'NoneType' object is not subscriptable

2026-01-06 08:14:43,507 - INFO - Total time taken: {'ret': 0, 'msg': 'success', 'data': None}
2026-01-06 08:14:43,508 - INFO - 'NoneType' object is not subscriptable
2026-01-06 08:14:43,508 - INFO - Traceback (most recent call last):
  File "/home/runner/work/qqnews/qqnews/qq.py", line 128, in main
    for i in qq1["data"]["list"]:
             ~~~~~~~~~~~^^^^^^^^
TypeError: 'NoneType' object is not subscriptable

2026-01-06 09:15:19,739 - INFO - Total time taken: {'ret': 0, 'msg': 'success', 'data': None}
2026-01-06 09:15:19,739 - INFO - 'NoneType' object is not subscriptable
2026-01-06 09:15:19,740 - INFO - Traceback (most recent call last):
  File "/home/runner/work/qqnews/qqnews/qq.py", line 128, in main
    for i in qq1["data"]["list"]:
             ~~~~~~~~~~~^^^^^^^^
TypeError: 'NoneType' object is not subscriptable

2026-01-06 10:01:22,971 - INFO - Total time taken: {'ret': 0, 'msg': 'success', 'data': None}
2026-01-06 10:01:22,971 - INFO - 'NoneType' object is not subscriptable
2026-01-06 10:01:22,971 - INFO - Traceback (most recent call last):
  File "/home/runner/work/qqnews/qqnews/qq.py", line 128, in main
    for i in qq1["data"]["list"]:
             ~~~~~~~~~~~^^^^^^^^
TypeError: 'NoneType' object is not subscriptable

2026-01-06 11:01:17,225 - INFO - Total time taken: {'ret': 0, 'msg': 'success', 'data': None}
2026-01-06 11:01:17,225 - INFO - 'NoneType' object is not subscriptable
2026-01-06 11:01:17,226 - INFO - Traceback (most recent call last):
  File "/home/runner/work/qqnews/qqnews/qq.py", line 128, in main
    for i in qq1["data"]["list"]:
             ~~~~~~~~~~~^^^^^^^^
TypeError: 'NoneType' object is not subscriptable

2026-01-06 12:18:11,153 - INFO - Total time taken: {'ret': 0, 'msg': 'success', 'data': None}
2026-01-06 12:18:11,153 - INFO - 'NoneType' object is not subscriptable
2026-01-06 12:18:11,153 - INFO - Traceback (most recent call last):
  File "/home/runner/work/qqnews/qqnews/qq.py", line 128, in main
    for i in qq1["data"]["list"]:
             ~~~~~~~~~~~^^^^^^^^
TypeError: 'NoneType' object is not subscriptable

2026-01-06 13:29:33,119 - INFO - Total time taken: {'ret': 0, 'msg': 'success', 'data': None}
2026-01-06 13:29:33,120 - INFO - 'NoneType' object is not subscriptable
2026-01-06 13:29:33,120 - INFO - Traceback (most recent call last):
  File "/home/runner/work/qqnews/qqnews/qq.py", line 128, in main
    for i in qq1["data"]["list"]:
             ~~~~~~~~~~~^^^^^^^^
TypeError: 'NoneType' object is not subscriptable

2026-01-06 14:11:40,729 - INFO - Total time taken: {'ret': 0, 'msg': 'success', 'data': None}
2026-01-06 14:11:40,730 - INFO - 'NoneType' object is not subscriptable
2026-01-06 14:11:40,730 - INFO - Traceback (most recent call last):
  File "/home/runner/work/qqnews/qqnews/qq.py", line 128, in main
    for i in qq1["data"]["list"]:
             ~~~~~~~~~~~^^^^^^^^
TypeError: 'NoneType' object is not subscriptable

2026-01-06 15:10:29,887 - INFO - Total time taken: {'ret': 0, 'msg': 'success', 'data': None}
2026-01-06 15:10:29,887 - INFO - 'NoneType' object is not subscriptable
2026-01-06 15:10:29,887 - INFO - Traceback (most recent call last):
  File "/home/runner/work/qqnews/qqnews/qq.py", line 128, in main
    for i in qq1["data"]["list"]:
             ~~~~~~~~~~~^^^^^^^^
TypeError: 'NoneType' object is not subscriptable

2026-01-06 16:01:12,662 - INFO - Total time taken: {'ret': 0, 'msg': 'success', 'data': None}
2026-01-06 16:01:12,662 - INFO - 'NoneType' object is not subscriptable
2026-01-06 16:01:12,663 - INFO - Traceback (most recent call last):
  File "/home/runner/work/qqnews/qqnews/qq.py", line 128, in main
    for i in qq1["data"]["list"]:
             ~~~~~~~~~~~^^^^^^^^
TypeError: 'NoneType' object is not subscriptable

2026-01-06 17:13:50,639 - INFO - Total time taken: {'ret': 0, 'msg': 'success', 'data': None}
2026-01-06 17:13:50,639 - INFO - 'NoneType' object is not subscriptable
2026-01-06 17:13:50,639 - INFO - Traceback (most recent call last):
  File "/home/runner/work/qqnews/qqnews/qq.py", line 128, in main
    for i in qq1["data"]["list"]:
             ~~~~~~~~~~~^^^^^^^^
TypeError: 'NoneType' object is not subscriptable

2026-01-06 18:01:19,788 - INFO - Total time taken: {'ret': 0, 'msg': 'success', 'data': None}
2026-01-06 18:01:19,789 - INFO - 'NoneType' object is not subscriptable
2026-01-06 18:01:19,789 - INFO - Traceback (most recent call last):
  File "/home/runner/work/qqnews/qqnews/qq.py", line 128, in main
    for i in qq1["data"]["list"]:
             ~~~~~~~~~~~^^^^^^^^
TypeError: 'NoneType' object is not subscriptable

2026-01-06 19:01:21,257 - INFO - Total time taken: {'ret': 0, 'msg': 'success', 'data': None}
2026-01-06 19:01:21,257 - INFO - 'NoneType' object is not subscriptable
2026-01-06 19:01:21,258 - INFO - Traceback (most recent call last):
  File "/home/runner/work/qqnews/qqnews/qq.py", line 128, in main
    for i in qq1["data"]["list"]:
             ~~~~~~~~~~~^^^^^^^^
TypeError: 'NoneType' object is not subscriptable

2026-01-06 20:01:14,777 - INFO - Total time taken: {'ret': 0, 'msg': 'success', 'data': None}
2026-01-06 20:01:14,778 - INFO - 'NoneType' object is not subscriptable
2026-01-06 20:01:14,778 - INFO - Traceback (most recent call last):
  File "/home/runner/work/qqnews/qqnews/qq.py", line 128, in main
    for i in qq1["data"]["list"]:
             ~~~~~~~~~~~^^^^^^^^
TypeError: 'NoneType' object is not subscriptable

2026-01-06 21:01:34,196 - INFO - Total time taken: {'ret': 0, 'msg': 'success', 'data': None}
2026-01-06 21:01:34,197 - INFO - 'NoneType' object is not subscriptable
2026-01-06 21:01:34,197 - INFO - Traceback (most recent call last):
  File "/home/runner/work/qqnews/qqnews/qq.py", line 128, in main
    for i in qq1["data"]["list"]:
             ~~~~~~~~~~~^^^^^^^^
TypeError: 'NoneType' object is not subscriptable

