2026-04-30 01:26:45,594 - INFO - Total time taken: {'ret': 0, 'msg': 'success', 'data': None}
2026-04-30 01:26:45,594 - INFO - 'NoneType' object is not subscriptable
2026-04-30 01:26:45,594 - INFO - Traceback (most recent call last):
  File "/home/runner/work/qqnews/qqnews/qq.py", line 128, in main
    for i in qq1["data"]["list"]:
             ~~~~~~~~~~~^^^^^^^^
TypeError: 'NoneType' object is not subscriptable

2026-04-30 05:17:45,053 - INFO - Total time taken: {'ret': 0, 'msg': 'success', 'data': None}
2026-04-30 05:17:45,053 - INFO - 'NoneType' object is not subscriptable
2026-04-30 05:17:45,053 - INFO - Traceback (most recent call last):
  File "/home/runner/work/qqnews/qqnews/qq.py", line 128, in main
    for i in qq1["data"]["list"]:
             ~~~~~~~~~~~^^^^^^^^
TypeError: 'NoneType' object is not subscriptable

2026-04-30 07:56:13,721 - INFO - Total time taken: {'ret': 0, 'msg': 'success', 'data': None}
2026-04-30 07:56:13,721 - INFO - 'NoneType' object is not subscriptable
2026-04-30 07:56:13,721 - INFO - Traceback (most recent call last):
  File "/home/runner/work/qqnews/qqnews/qq.py", line 128, in main
    for i in qq1["data"]["list"]:
             ~~~~~~~~~~~^^^^^^^^
TypeError: 'NoneType' object is not subscriptable

2026-04-30 09:54:51,657 - INFO - Total time taken: {'ret': 0, 'msg': 'success', 'data': None}
2026-04-30 09:54:51,657 - INFO - 'NoneType' object is not subscriptable
2026-04-30 09:54:51,657 - INFO - Traceback (most recent call last):
  File "/home/runner/work/qqnews/qqnews/qq.py", line 128, in main
    for i in qq1["data"]["list"]:
             ~~~~~~~~~~~^^^^^^^^
TypeError: 'NoneType' object is not subscriptable

2026-04-30 11:21:00,246 - INFO - Total time taken: {'ret': 0, 'msg': 'success', 'data': None}
2026-04-30 11:21:00,247 - INFO - 'NoneType' object is not subscriptable
2026-04-30 11:21:00,247 - INFO - Traceback (most recent call last):
  File "/home/runner/work/qqnews/qqnews/qq.py", line 128, in main
    for i in qq1["data"]["list"]:
             ~~~~~~~~~~~^^^^^^^^
TypeError: 'NoneType' object is not subscriptable

