2026-06-13 00:09:42,690 - INFO - Total time taken: {'ret': 0, 'msg': 'success', 'data': None}
2026-06-13 00:09:42,691 - INFO - 'NoneType' object is not subscriptable
2026-06-13 00:09:42,691 - INFO - Traceback (most recent call last):
  File "/home/runner/work/qqnews/qqnews/qq.py", line 128, in main
    for i in qq1["data"]["list"]:
             ~~~~~~~~~~~^^^^^^^^
TypeError: 'NoneType' object is not subscriptable

2026-06-13 05:11:14,650 - INFO - Total time taken: {'ret': 0, 'msg': 'success', 'data': None}
2026-06-13 05:11:14,650 - INFO - 'NoneType' object is not subscriptable
2026-06-13 05:11:14,650 - INFO - Traceback (most recent call last):
  File "/home/runner/work/qqnews/qqnews/qq.py", line 128, in main
    for i in qq1["data"]["list"]:
             ~~~~~~~~~~~^^^^^^^^
TypeError: 'NoneType' object is not subscriptable

2026-06-13 08:41:09,887 - INFO - Total time taken: {'ret': 0, 'msg': 'success', 'data': None}
2026-06-13 08:41:09,887 - INFO - 'NoneType' object is not subscriptable
2026-06-13 08:41:09,888 - INFO - Traceback (most recent call last):
  File "/home/runner/work/qqnews/qqnews/qq.py", line 128, in main
    for i in qq1["data"]["list"]:
             ~~~~~~~~~~~^^^^^^^^
TypeError: 'NoneType' object is not subscriptable

2026-06-13 11:05:20,247 - INFO - Total time taken: {'ret': 0, 'msg': 'success', 'data': None}
2026-06-13 11:05:20,248 - INFO - 'NoneType' object is not subscriptable
2026-06-13 11:05:20,248 - INFO - Traceback (most recent call last):
  File "/home/runner/work/qqnews/qqnews/qq.py", line 128, in main
    for i in qq1["data"]["list"]:
             ~~~~~~~~~~~^^^^^^^^
TypeError: 'NoneType' object is not subscriptable

2026-06-13 13:15:46,491 - INFO - Total time taken: {'ret': 0, 'msg': 'success', 'data': None}
2026-06-13 13:15:46,491 - INFO - 'NoneType' object is not subscriptable
2026-06-13 13:15:46,492 - INFO - Traceback (most recent call last):
  File "/home/runner/work/qqnews/qqnews/qq.py", line 128, in main
    for i in qq1["data"]["list"]:
             ~~~~~~~~~~~^^^^^^^^
TypeError: 'NoneType' object is not subscriptable

2026-06-13 15:22:44,707 - INFO - Total time taken: {'ret': 0, 'msg': 'success', 'data': None}
2026-06-13 15:22:44,708 - INFO - 'NoneType' object is not subscriptable
2026-06-13 15:22:44,708 - INFO - Traceback (most recent call last):
  File "/home/runner/work/qqnews/qqnews/qq.py", line 128, in main
    for i in qq1["data"]["list"]:
             ~~~~~~~~~~~^^^^^^^^
TypeError: 'NoneType' object is not subscriptable

2026-06-13 17:04:43,333 - INFO - Total time taken: {'ret': 0, 'msg': 'success', 'data': None}
2026-06-13 17:04:43,333 - INFO - 'NoneType' object is not subscriptable
2026-06-13 17:04:43,334 - INFO - Traceback (most recent call last):
  File "/home/runner/work/qqnews/qqnews/qq.py", line 128, in main
    for i in qq1["data"]["list"]:
             ~~~~~~~~~~~^^^^^^^^
TypeError: 'NoneType' object is not subscriptable

2026-06-13 19:02:04,149 - INFO - Total time taken: {'ret': 0, 'msg': 'success', 'data': None}
2026-06-13 19:02:04,150 - INFO - 'NoneType' object is not subscriptable
2026-06-13 19:02:04,150 - INFO - Traceback (most recent call last):
  File "/home/runner/work/qqnews/qqnews/qq.py", line 128, in main
    for i in qq1["data"]["list"]:
             ~~~~~~~~~~~^^^^^^^^
TypeError: 'NoneType' object is not subscriptable

2026-06-13 20:57:48,897 - INFO - Total time taken: {'ret': 0, 'msg': 'success', 'data': None}
2026-06-13 20:57:48,898 - INFO - 'NoneType' object is not subscriptable
2026-06-13 20:57:48,898 - INFO - Traceback (most recent call last):
  File "/home/runner/work/qqnews/qqnews/qq.py", line 128, in main
    for i in qq1["data"]["list"]:
             ~~~~~~~~~~~^^^^^^^^
TypeError: 'NoneType' object is not subscriptable

2026-06-13 21:57:08,843 - INFO - Total time taken: {'ret': 0, 'msg': 'success', 'data': None}
2026-06-13 21:57:08,843 - INFO - 'NoneType' object is not subscriptable
2026-06-13 21:57:08,843 - INFO - Traceback (most recent call last):
  File "/home/runner/work/qqnews/qqnews/qq.py", line 128, in main
    for i in qq1["data"]["list"]:
             ~~~~~~~~~~~^^^^^^^^
TypeError: 'NoneType' object is not subscriptable

