2024-07-27 05:00:54,495 - INFO - EXPIRED
疯狂的烟卡游戏：6名儿童为获烟卡盗窃6万元高档香烟，专家称堵不如疏
https://new.qq.com/rain/a/20240726A05GWF00

2024-07-27 05:00:54,495 - INFO - EXPIRED
小作文事件时，董宇辉没走，为什么现在还是走了？
https://view.inews.qq.com/a/20240726Q08RC500

2024-07-27 05:00:54,495 - INFO - EXPIRED
奥运会开赛在即，谁最有可能为中国奥运军团夺取首金？
https://view.inews.qq.com/a/20240726Q04OAV00

2024-07-27 05:00:54,495 - INFO - EXPIRED
乌克兰：首批7名女囚已在乌军服役，以换取假释
https://new.qq.com/rain/a/20240726A0AJ3T00

2024-07-27 05:00:54,495 - INFO - EXPIRED
河南首例！初二学生刘仁泽保送清华大学本硕博连读
https://new.qq.com/rain/a/20240726A06MIA00

2024-07-27 05:00:54,495 - INFO - EXPIRED
“我又不是你奴隶”，女子提前3分钟敲门办业务惹怒交警，交警队回应
https://new.qq.com/rain/a/20240726A08ST200

2024-07-27 05:00:54,495 - INFO - EXPIRED
对话中信建投实习生：从未有人告诉我要保密，我一个实习生怎么泄密
https://new.qq.com/rain/a/20240726V0AJ4J00

2024-07-27 05:00:54,495 - INFO - EXPIRED
浙江衢州17岁少年打水漂突破403下将近100米，此前曾拿下全国水漂冠军
https://new.qq.com/rain/a/20240726A0AGV600

2024-07-27 05:00:54,495 - INFO - EXPIRED
伪造身份成为菲律宾市长的华人女生，和她的黑产帝国兴亡史
https://new.qq.com/rain/a/20240726A08SU400

2024-07-27 05:00:54,495 - INFO - EXPIRED
“80后”邴浩履新北京市西城区副区长，著有《清华少年说》
https://new.qq.com/rain/a/20240726A0A7VP00

2024-07-27 05:00:54,495 - INFO - EXPIRED
新疆西藏跟团游多人被甩半路，旅行社称资金链断裂业务暂停
https://new.qq.com/rain/a/20240726A0A3FF00

2024-07-27 05:00:54,495 - INFO - EXPIRED
湖北、黑龙江、云南为数百名受举报干部澄清正名，多人因诬告被查处
https://new.qq.com/rain/a/20240726A09XQZ00

2024-07-27 05:00:54,495 - INFO - EXPIRED
被控受贿超1亿元，广西玉林市委原常委、秘书长邹宇鹏受审
https://new.qq.com/rain/a/20240726A09NJS00

2024-07-27 05:00:54,495 - INFO - EXPIRED
一个月内，解放军多支力量分赴欧、亚、非多国参加活动
https://new.qq.com/rain/a/20240726A09M8L00

2024-07-27 05:00:54,495 - INFO - EXPIRED
重庆物业费新规实施，部分小区业主提降费诉求，有物业主动降了20%
https://new.qq.com/rain/a/20240726A08KB400

2024-07-27 05:00:54,495 - INFO - EXPIRED
不办卡，不囤课，“穷鬼健身”火了
https://new.qq.com/rain/a/20240726A03MGC00

2024-07-27 05:00:54,495 - INFO - EXPIRED
李佩霞父亲接受新黄河采访：在外省与上饶市委联合调查组会面，被举报县委书记当晚落马
https://new.qq.com/rain/a/20240726A0AK8Q00

2024-07-27 05:00:54,495 - INFO - EXPIRED
中日汇率飙涨，正让美元资产非常难受
https://new.qq.com/rain/a/20240726A08R6Z00

2024-07-27 05:00:54,495 - INFO - EXPIRED
巴黎奥运开幕式各代表团礼服变顶奢秀场，里边有什么门道儿？你最喜欢哪套？
https://view.inews.qq.com/a/20240726Q0922900

2024-07-27 05:00:54,495 - INFO - EXPIRED
被举报性侵女下属的江西万年县委书记毛奇被查，主动向组织交代问题
https://new.qq.com/rain/a/20240726A0ABP200

2024-07-27 05:00:54,495 - INFO - EXPIRED
对话举报县委书记的老教师：担心女儿生命安全，被逼躲外省实名举报
https://new.qq.com/rain/a/20240726A09G9W00

2024-07-27 05:00:54,495 - INFO - EXPIRED
宁德时代仍未摆脱业绩颓势，上半年营收首次同比下滑近12%
https://new.qq.com/rain/a/20240726A09WLK00

2024-07-27 05:00:54,495 - INFO - EXPIRED
连线中信建投实习生：对造成不良影响深表道歉 网上身份信息均不实
https://new.qq.com/rain/a/20240726A08R3200

2024-07-27 05:00:54,495 - INFO - EXPIRED
中信建投开保时捷炫富实习生疑是体育学院学生，非金融专业去券商实习难吗？
https://view.inews.qq.com/a/20240726Q09BVN00

2024-07-27 05:00:54,495 - INFO - EXPIRED
银行集体降息24小时：有储户冒雨咨询，部分银行实际利率高于挂牌利率
https://new.qq.com/rain/a/20240726A08IPD00

2024-07-27 05:00:54,495 - INFO - EXPIRED
无法毕业的博士生
https://new.qq.com/rain/a/20240726A05L6F00

2024-07-27 05:00:54,495 - INFO - EXPIRED
外媒曝：哈里斯表态让内塔尼亚胡“措手不及”，后者认为她比拜登语气“更严厉”
https://new.qq.com/rain/a/20240726A09BH400

2024-07-27 05:00:54,495 - INFO - EXPIRED
招商银行一员工申请13天婚假遭行长辱骂？银行：有处理结果会对外公布
https://new.qq.com/rain/a/20240726A07SE100

2024-07-27 05:00:54,495 - INFO - EXPIRED
“最强地级市”强势回归！上半年苏州GDP劲增6.2%
https://new.qq.com/rain/a/20240726A086LE00

2024-07-27 05:00:54,495 - INFO - EXPIRED
多个高校学院召开师德师风会议，部分通报了人民大学王贵元案
https://new.qq.com/rain/a/20240726A098VZ00

2024-07-27 05:00:54,495 - INFO - EXPIRED
据预测奥运会期间巴黎或将达到26.7摄氏度，这会影响运动员正常发挥吗？
https://view.inews.qq.com/a/20240726Q03H9K00

2024-07-27 05:00:54,495 - INFO - EXPIRED
犯行贿罪及对非国家工作人员行贿，海南知名地产商陈宪清一审获刑15年
https://new.qq.com/rain/a/20240726A03LKB00

2024-07-27 05:00:54,495 - INFO - EXPIRED
证监会：研究谋划进一步全面深化资本市场改革开放的一揽子举措
https://new.qq.com/rain/a/20240726A08CLV00

2024-07-27 05:00:54,495 - INFO - EXPIRED
东方甄选股东电话会1小时全程音频，俞敏洪回应剥离与辉同行
https://new.qq.com/rain/a/20240726V0855500

2024-07-27 05:00:54,495 - INFO - EXPIRED
3岁女童被父亲和同居女友殴打致死，生母曝光作案情节：发现孩子尿床，她用数据线抽打……
https://new.qq.com/rain/a/20240726A07NPE00

2024-07-27 05:00:54,495 - INFO - EXPIRED
重庆高院公布典型案件，水果摊主正当防卫划伤酒后滋事者入选
https://new.qq.com/rain/a/20240726A0727N00

2024-07-27 05:00:54,495 - INFO - EXPIRED
日本小林制药神话崩塌：疑致百人死亡，消费记录无法查询
https://new.qq.com/rain/a/20240726A0653I00

2024-07-27 05:00:54,496 - INFO - EXPIRED
中国医科大学研一学生在医院实验室猝死，家属质疑抢救时间，各方回应
https://new.qq.com/rain/a/20240726A07B0I00

2024-07-27 05:00:54,496 - INFO - EXPIRED
实习生开保时捷炫耀还泄露IPO材料？疑为体育学院学生，中信建投回应
https://new.qq.com/rain/a/20240726A0516300

2024-07-27 05:00:54,496 - INFO - EXPIRED
患癌的年轻人，选择“带癌上班”：不敢躺平，甚至更拼了
https://new.qq.com/rain/a/20240726A03N2Z00

2024-07-27 05:00:54,496 - INFO - EXPIRED
评论丨县委书记被指性侵女下属，U盘能救她的命吗
https://new.qq.com/rain/a/20240726A04LJ200

2024-07-27 05:00:54,496 - INFO - EXPIRED
地铁被诬告偷拍男子称调解破裂将开庭，一件“小事”为何最终闹上了法庭？
https://view.inews.qq.com/a/20240725Q0A91R00

2024-07-27 05:00:54,496 - INFO - EXPIRED
教练称全红婵每天都在为“207”受折磨，这是什么训练？为什么每天必须做？
https://view.inews.qq.com/a/20240726Q02UI900

2024-07-27 05:00:54,496 - INFO - EXPIRED
消息称淘天“松绑”仅退款，店铺流量规则大改
https://new.qq.com/rain/a/20240726A06P6800

2024-07-27 05:00:54,496 - INFO - EXPIRED
两名原中央委员，一人主动投案，一人被免职
https://new.qq.com/rain/a/20240726A04CDI00

2024-07-27 05:00:54,496 - INFO - EXPIRED
央行：优化合格投资者境内证券期货投资资金管理 稳步推动金融市场高水平制度型开放
https://new.qq.com/rain/a/20240726A0740V00

2024-07-27 05:00:54,496 - INFO - EXPIRED
港股收评：恒生指数收涨0.1%，恒生科技指数涨0.66%，东方甄选跌超23%
https://new.qq.com/rain/a/20240726A06CA900

2024-07-27 05:00:54,496 - INFO - EXPIRED
妻子举报太原科技大学教师家暴妻女、性骚扰女学生，多方回应
https://new.qq.com/rain/a/20240726A04G2700

2024-07-27 05:00:54,496 - INFO - EXPIRED
财政部等四部门发布《支持科技创新专项担保计划》
https://new.qq.com/rain/a/20240726A066H200

2024-07-27 05:00:54,496 - INFO - EXPIRED
以色列总理提出建“中东版北约”，这算盘打得响吗？美国会点头吗？
https://view.inews.qq.com/a/20240726Q02GXW00

2024-07-27 05:00:54,496 - INFO - EXPIRED
外交部证实：王毅外长将在老挝应约会见美国国务卿布林肯
https://new.qq.com/rain/a/20240726A05NO500

2024-07-27 05:00:54,496 - INFO - EXPIRED
红通逃犯非洲归案，曾扬言“中国警方奈何不了我”
https://new.qq.com/rain/a/20240726A03IKR00

2024-07-27 05:00:54,496 - INFO - EXPIRED
王毅会见日本外相上川阳子
https://new.qq.com/rain/a/20240726A05EIR00

2024-07-27 05:00:54,496 - INFO - EXPIRED
斯洛伐克称如乌继续阻止俄石油过境运输将报复，欧洲还这么依赖俄罗斯能源吗？
https://view.inews.qq.com/a/20240726Q03Z8900

2024-07-27 05:00:54,496 - INFO - EXPIRED
武汉长江边甲鱼冒头，专家：汛期水位上涨，寻找新的栖息地，不建议捕捞 
https://new.qq.com/rain/a/20240726A00ULG00

2024-07-27 05:00:54,496 - INFO - EXPIRED
涉嫌收受巨额贿赂，山西省委原副书记商黎光被公诉
https://new.qq.com/rain/a/20240726A05FB000

2024-07-27 05:00:54,496 - INFO - EXPIRED
“女儿”公开抨击马斯克：冷漠、易怒、自恋，公然对数百万观众撒谎
https://new.qq.com/rain/a/20240726A03EXU00

2024-07-27 05:00:54,496 - INFO - EXPIRED
湖南一涉嫌杀人放火潜逃男子身亡 村干部：搜捕超一个月 水塘发现尸体
https://new.qq.com/rain/a/20240726V03WIW00

2024-07-27 05:00:54,496 - INFO - EXPIRED
不针对第三方的中俄联合空中战略巡航，被美媒大肆渲染成了“侵入”
https://new.qq.com/rain/a/20240725A0A5PH00

2024-07-27 05:00:54,496 - INFO - EXPIRED
斯洛伐克总统：如果乌克兰继续阻止俄石油过境运输，将采取报复措施
https://new.qq.com/rain/a/20240725A079TH00

2024-07-27 05:00:54,496 - INFO - EXPIRED
特朗普炮轰强美元，耶伦“甩锅”：市场决定汇率
https://new.qq.com/rain/a/20240726A00MGK00

2024-07-27 05:00:54,496 - INFO - EXPIRED
想深度捆绑美国！以色列总理提出建“中东版北约”，引多方警惕批评！
https://new.qq.com/rain/a/20240726A00LM900

2024-07-27 05:00:54,496 - INFO - EXPIRED
中国志愿者在巴黎奥运村开小巴，奥运村硬通货竟然是“熊猫徽章”
https://new.qq.com/rain/a/20240726V009L900

2024-07-27 05:00:54,496 - INFO - EXPIRED
国资委：未来五年中央企业预计安排大规模设备更新改造总投资超3万亿
https://new.qq.com/rain/a/20240726A03R2B00

2024-07-27 05:00:54,496 - INFO - EXPIRED
网约车司机称新买极狐车自燃，厂家到场撬车标，是掩耳盗铃吗？为何自燃？
https://view.inews.qq.com/a/20240725Q0A2X000

2024-07-27 05:00:54,496 - INFO - EXPIRED
男子因感情纠葛杀害女子及其4名家属后自杀身亡 当地公安通报
https://new.qq.com/rain/a/20240726A04FED00

2024-07-27 05:00:54,496 - INFO - EXPIRED
特朗普阵营拒绝安排和哈里斯辩论，搬出这个理由
https://new.qq.com/rain/a/20240726A03UYA00

2024-07-27 05:00:54,496 - INFO - EXPIRED
连扇队员耳光的女教练痛哭回应：我跟孩子关系不是大家想象中那样
https://new.qq.com/rain/a/20240726A03YNO00

2024-07-27 05:00:54,496 - INFO - EXPIRED
李大霄回应“退休”：已离开一段时间，不想引起“市场情绪波动”
https://new.qq.com/rain/a/20240726A02SZV00

2024-07-27 05:00:54,496 - INFO - EXPIRED
董宇辉辞职后，东方甄选股价一度暴跌28%，被血洗的散户怎么办？还有机会翻身吗？
https://view.inews.qq.com/a/20240726Q04PGH00

2024-07-27 05:00:54,496 - INFO - EXPIRED
“北方第一漂”重启背后：企业称帮政府垫资反被诉，让其偿还超8000万
https://new.qq.com/rain/a/20240726A03I0700

2024-07-27 05:00:54,496 - INFO - EXPIRED
形势严峻！业内人士直言：“中国光伏行业风险积累已远胜过往”
https://new.qq.com/rain/a/20240726A0044F00

2024-07-27 05:00:54,496 - INFO - EXPIRED
专家称光伏行业形势严峻，资本眼中曾经的小甜甜，这么快就变牛夫人了？
https://view.inews.qq.com/a/20240726Q0246G00

2024-07-27 05:00:54,496 - INFO - EXPIRED
美媒称万斯“创造历史”：首位好感度负值美副总统提名人
https://new.qq.com/rain/a/20240725A092LQ00

2024-07-27 05:00:54,496 - INFO - EXPIRED
广东揭阳一村干部取快递时遭持刀捅伤，街道办：已遇害，正做安抚工作
https://new.qq.com/rain/a/20240726A03PO800

2024-07-27 05:00:54,496 - INFO - EXPIRED
当着王毅的面，印度外长称中印关系需要“使命感和紧迫感”
https://new.qq.com/rain/a/20240726A00R2300

2024-07-27 05:00:54,496 - INFO - EXPIRED
在埃菲尔铁塔上塞纳河和赛事场馆都尽收眼底，那带个望远镜上去就能看奥运会开幕式吗？
https://view.inews.qq.com/a/20240726Q00RCY00

2024-07-27 05:00:54,496 - INFO - EXPIRED
美媒：美副总统哈里斯会见以总理内塔尼亚胡，敦促其达成停火和释放人质协议
https://new.qq.com/rain/a/20240726A00VKF00

2024-07-27 05:00:54,496 - INFO - EXPIRED
王毅会见俄罗斯外长拉夫罗夫
https://new.qq.com/rain/a/20240726A014TS00

2024-07-27 05:00:54,496 - INFO - EXPIRED
体校女教练连扇U16男队员9记耳光引关注，被打男孩：教练已道歉，私下对我们像姐姐一样
https://new.qq.com/rain/a/20240726A03BRW00

2024-07-27 05:00:54,496 - INFO - EXPIRED
中方代表：中方决不接受美在乌克兰问题上对华甩锅推责
https://new.qq.com/rain/a/20240726A00AS300

2024-07-27 05:00:54,496 - INFO - EXPIRED
在赛场 | 马龙：担任旗手无比荣耀，静心备战调整状态，给队员分享经验
https://new.qq.com/rain/a/20240726V014S800

2024-07-27 05:00:54,496 - INFO - EXPIRED
中央政法委发布2024年第二季度见义勇为勇士榜 胡友平上榜
https://new.qq.com/rain/a/20240726A019N100

2024-07-27 05:00:54,496 - INFO - EXPIRED
山西侯马一变压器爆炸起火致1死5伤，外卖员持灭火器救下4人
https://new.qq.com/rain/a/20240725A0A3X400

2024-07-27 05:00:54,496 - INFO - EXPIRED
陕西宝凤热力公司发生安全事故，疑有7人遇难，应急局：已提级调查
https://new.qq.com/rain/a/20240725A0A6HZ00

2024-07-27 05:00:54,496 - INFO - EXPIRED
重庆6岁女童疑遭生父女友虐打致死，其生母曾遭家暴诉讼离婚
https://new.qq.com/rain/a/20240725A097JG00

2024-07-27 05:00:54,496 - INFO - EXPIRED
以色列将很快向哈马斯转交加沙停火和人员交换协议新提案
https://new.qq.com/rain/a/20240726A00EWX00

2024-07-27 05:00:54,496 - INFO - EXPIRED
“的”“地”用错了吗？南科大录取通知书被指“写错字”引争议
https://new.qq.com/rain/a/20240725A09TK900

2024-07-27 05:00:55,319 - INFO - INVALID
广西玉林通报一起持刀伤人案件：犯罪嫌疑人被当场控制，伤者已送医无生命危险
https://new.qq.com/rain/a/20240727A011V600

2024-07-27 05:00:55,326 - INFO - INVALID
统计局：工业企业效益平稳恢复，积极扩大国内需求，畅通国民经济循环
https://new.qq.com/rain/a/20240727A01SOP00

2024-07-27 05:00:55,335 - INFO - INVALID
为等外籍人士登机造成航班延误？上海航空回应
https://new.qq.com/rain/a/20240727A02KC400

2024-07-27 05:00:55,395 - INFO - INVALID
美国联邦调查局：特朗普在“未遂刺杀”中被子弹击中
https://new.qq.com/rain/a/20240727A014GA00

2024-07-27 05:00:55,495 - INFO - INVALID
何忠友任新疆生产建设兵团党委书记
https://new.qq.com/rain/a/20240727A03Q5200

2024-07-27 05:00:55,622 - INFO - INVALID
特朗普离开白宫后首次与内塔尼亚胡会面：我们关系好得很
https://new.qq.com/rain/a/20240727A00ERP00

2024-07-27 05:00:55,674 - INFO - INVALID
湖南长沙发生一起汽车冲撞行人事件 有人员伤亡
https://new.qq.com/rain/a/20240727A01TDD00

2024-07-27 05:00:55,698 - INFO - INVALID
河南永城一工业园区发生爆炸致5死14伤 企业负责人已被控制
https://new.qq.com/rain/a/20240727A027HY00

2024-07-27 05:00:55,789 - INFO - SUCCESS
河北女子涉嫌预售腹中胎儿 在陕西一医院冒名生产获取出生证 警方回应
https://new.qq.com/rain/a/20240727A03HCT00

2024-07-27 05:00:56,011 - INFO - INVALID
15亿欧元资产收益被欧盟移交乌克兰，俄罗斯回应：不会置之不理！
https://new.qq.com/rain/a/20240727A00IHN00

2024-07-27 05:00:56,057 - INFO - INVALID
王毅会见菲律宾外长：菲如引入美国中导系统，将引发军备竞赛
https://new.qq.com/rain/a/20240727A00DUB00

2024-07-27 05:00:56,394 - ERROR - ERROR
奥巴马宣布支持哈里斯，为什么过了好几天才宣布？这期间可能考虑了什么？
https://view.inews.qq.com/a/20240727Q00VY200
('list index out of range',)
======
Traceback (most recent call last):
  File "/home/runner/work/qqnews/qqnews/qq.py", line 81, in process_article
    ss = str(tmpbs.select("div.LEFT div.content.clearfix")[0])
             ~~~~~~~~~~~~~~~~~~~~~~~~~~~~~~~~~~~~~~~~~~~~~^^^
IndexError: list index out of range


