2025-08-06 00:45:41,785 - INFO - Total time taken: {'ret': 0, 'msg': 'success', 'data': None}
2025-08-06 00:45:41,785 - INFO - 'NoneType' object is not subscriptable
2025-08-06 00:45:41,786 - INFO - Traceback (most recent call last):
  File "/home/runner/work/qqnews/qqnews/qq.py", line 128, in main
    for i in qq1["data"]["list"]:
             ~~~~~~~~~~~^^^^^^^^
TypeError: 'NoneType' object is not subscriptable

2025-08-06 02:55:46,456 - INFO - Total time taken: {'ret': 0, 'msg': 'success', 'data': None}
2025-08-06 02:55:46,456 - INFO - 'NoneType' object is not subscriptable
2025-08-06 02:55:46,457 - INFO - Traceback (most recent call last):
  File "/home/runner/work/qqnews/qqnews/qq.py", line 128, in main
    for i in qq1["data"]["list"]:
             ~~~~~~~~~~~^^^^^^^^
TypeError: 'NoneType' object is not subscriptable

2025-08-06 03:59:43,992 - INFO - Total time taken: {'ret': 0, 'msg': 'success', 'data': None}
2025-08-06 03:59:43,993 - INFO - 'NoneType' object is not subscriptable
2025-08-06 03:59:43,993 - INFO - Traceback (most recent call last):
  File "/home/runner/work/qqnews/qqnews/qq.py", line 128, in main
    for i in qq1["data"]["list"]:
             ~~~~~~~~~~~^^^^^^^^
TypeError: 'NoneType' object is not subscriptable

2025-08-06 04:42:17,015 - INFO - Total time taken: {'ret': 0, 'msg': 'success', 'data': None}
2025-08-06 04:42:17,015 - INFO - 'NoneType' object is not subscriptable
2025-08-06 04:42:17,015 - INFO - Traceback (most recent call last):
  File "/home/runner/work/qqnews/qqnews/qq.py", line 128, in main
    for i in qq1["data"]["list"]:
             ~~~~~~~~~~~^^^^^^^^
TypeError: 'NoneType' object is not subscriptable

2025-08-06 05:21:31,858 - INFO - Total time taken: {'ret': 0, 'msg': 'success', 'data': None}
2025-08-06 05:21:31,858 - INFO - 'NoneType' object is not subscriptable
2025-08-06 05:21:31,859 - INFO - Traceback (most recent call last):
  File "/home/runner/work/qqnews/qqnews/qq.py", line 128, in main
    for i in qq1["data"]["list"]:
             ~~~~~~~~~~~^^^^^^^^
TypeError: 'NoneType' object is not subscriptable

2025-08-06 06:16:31,846 - INFO - Total time taken: {'ret': 0, 'msg': 'success', 'data': None}
2025-08-06 06:16:31,846 - INFO - 'NoneType' object is not subscriptable
2025-08-06 06:16:31,847 - INFO - Traceback (most recent call last):
  File "/home/runner/work/qqnews/qqnews/qq.py", line 128, in main
    for i in qq1["data"]["list"]:
             ~~~~~~~~~~~^^^^^^^^
TypeError: 'NoneType' object is not subscriptable

2025-08-06 07:15:52,721 - INFO - Total time taken: {'ret': 0, 'msg': 'success', 'data': None}
2025-08-06 07:15:52,721 - INFO - 'NoneType' object is not subscriptable
2025-08-06 07:15:52,721 - INFO - Traceback (most recent call last):
  File "/home/runner/work/qqnews/qqnews/qq.py", line 128, in main
    for i in qq1["data"]["list"]:
             ~~~~~~~~~~~^^^^^^^^
TypeError: 'NoneType' object is not subscriptable

2025-08-06 08:14:06,985 - INFO - Total time taken: {'ret': 0, 'msg': 'success', 'data': None}
2025-08-06 08:14:06,985 - INFO - 'NoneType' object is not subscriptable
2025-08-06 08:14:06,985 - INFO - Traceback (most recent call last):
  File "/home/runner/work/qqnews/qqnews/qq.py", line 128, in main
    for i in qq1["data"]["list"]:
             ~~~~~~~~~~~^^^^^^^^
TypeError: 'NoneType' object is not subscriptable

2025-08-06 09:16:57,010 - INFO - Total time taken: {'ret': 0, 'msg': 'success', 'data': None}
2025-08-06 09:16:57,010 - INFO - 'NoneType' object is not subscriptable
2025-08-06 09:16:57,010 - INFO - Traceback (most recent call last):
  File "/home/runner/work/qqnews/qqnews/qq.py", line 128, in main
    for i in qq1["data"]["list"]:
             ~~~~~~~~~~~^^^^^^^^
TypeError: 'NoneType' object is not subscriptable

2025-08-06 10:11:15,608 - INFO - Total time taken: {'ret': 0, 'msg': 'success', 'data': None}
2025-08-06 10:11:15,608 - INFO - 'NoneType' object is not subscriptable
2025-08-06 10:11:15,608 - INFO - Traceback (most recent call last):
  File "/home/runner/work/qqnews/qqnews/qq.py", line 128, in main
    for i in qq1["data"]["list"]:
             ~~~~~~~~~~~^^^^^^^^
TypeError: 'NoneType' object is not subscriptable

2025-08-06 11:09:12,870 - INFO - Total time taken: {'ret': 0, 'msg': 'success', 'data': None}
2025-08-06 11:09:12,870 - INFO - 'NoneType' object is not subscriptable
2025-08-06 11:09:12,870 - INFO - Traceback (most recent call last):
  File "/home/runner/work/qqnews/qqnews/qq.py", line 128, in main
    for i in qq1["data"]["list"]:
             ~~~~~~~~~~~^^^^^^^^
TypeError: 'NoneType' object is not subscriptable

