2026-05-18 01:53:10,584 - INFO - Total time taken: {'ret': 0, 'msg': 'success', 'data': None}
2026-05-18 01:53:10,584 - INFO - 'NoneType' object is not subscriptable
2026-05-18 01:53:10,584 - INFO - Traceback (most recent call last):
  File "/home/runner/work/qqnews/qqnews/qq.py", line 128, in main
    for i in qq1["data"]["list"]:
             ~~~~~~~~~~~^^^^^^^^
TypeError: 'NoneType' object is not subscriptable

2026-05-18 05:59:14,409 - INFO - Total time taken: {'ret': 0, 'msg': 'success', 'data': None}
2026-05-18 05:59:14,409 - INFO - 'NoneType' object is not subscriptable
2026-05-18 05:59:14,409 - INFO - Traceback (most recent call last):
  File "/home/runner/work/qqnews/qqnews/qq.py", line 128, in main
    for i in qq1["data"]["list"]:
             ~~~~~~~~~~~^^^^^^^^
TypeError: 'NoneType' object is not subscriptable

2026-05-18 09:54:14,266 - INFO - Total time taken: {'ret': 0, 'msg': 'success', 'data': None}
2026-05-18 09:54:14,267 - INFO - 'NoneType' object is not subscriptable
2026-05-18 09:54:14,267 - INFO - Traceback (most recent call last):
  File "/home/runner/work/qqnews/qqnews/qq.py", line 128, in main
    for i in qq1["data"]["list"]:
             ~~~~~~~~~~~^^^^^^^^
TypeError: 'NoneType' object is not subscriptable

2026-05-18 12:58:06,954 - INFO - Total time taken: {'ret': 0, 'msg': 'success', 'data': None}
2026-05-18 12:58:06,955 - INFO - 'NoneType' object is not subscriptable
2026-05-18 12:58:06,955 - INFO - Traceback (most recent call last):
  File "/home/runner/work/qqnews/qqnews/qq.py", line 128, in main
    for i in qq1["data"]["list"]:
             ~~~~~~~~~~~^^^^^^^^
TypeError: 'NoneType' object is not subscriptable

2026-05-18 16:18:40,162 - INFO - Total time taken: {'ret': 0, 'msg': 'success', 'data': None}
2026-05-18 16:18:40,163 - INFO - 'NoneType' object is not subscriptable
2026-05-18 16:18:40,163 - INFO - Traceback (most recent call last):
  File "/home/runner/work/qqnews/qqnews/qq.py", line 128, in main
    for i in qq1["data"]["list"]:
             ~~~~~~~~~~~^^^^^^^^
TypeError: 'NoneType' object is not subscriptable

2026-05-18 18:25:27,354 - INFO - Total time taken: {'ret': 0, 'msg': 'success', 'data': None}
2026-05-18 18:25:27,355 - INFO - 'NoneType' object is not subscriptable
2026-05-18 18:25:27,355 - INFO - Traceback (most recent call last):
  File "/home/runner/work/qqnews/qqnews/qq.py", line 128, in main
    for i in qq1["data"]["list"]:
             ~~~~~~~~~~~^^^^^^^^
TypeError: 'NoneType' object is not subscriptable

2026-05-18 20:20:37,571 - INFO - Total time taken: {'ret': 0, 'msg': 'success', 'data': None}
2026-05-18 20:20:37,571 - INFO - 'NoneType' object is not subscriptable
2026-05-18 20:20:37,571 - INFO - Traceback (most recent call last):
  File "/home/runner/work/qqnews/qqnews/qq.py", line 128, in main
    for i in qq1["data"]["list"]:
             ~~~~~~~~~~~^^^^^^^^
TypeError: 'NoneType' object is not subscriptable

2026-05-18 21:56:15,148 - INFO - Total time taken: {'ret': 0, 'msg': 'success', 'data': None}
2026-05-18 21:56:15,148 - INFO - 'NoneType' object is not subscriptable
2026-05-18 21:56:15,149 - INFO - Traceback (most recent call last):
  File "/home/runner/work/qqnews/qqnews/qq.py", line 128, in main
    for i in qq1["data"]["list"]:
             ~~~~~~~~~~~^^^^^^^^
TypeError: 'NoneType' object is not subscriptable

