2024-07-25 09:00:55,412 - INFO - EXPIRED
生命最后八个月，82岁的父亲转院16次
https://new.qq.com/rain/a/20240724A01ZZ600

2024-07-25 09:00:55,413 - INFO - EXPIRED
创始人海峡两岸均遭指控，一辆车没造的汽车公司赴美上市
https://new.qq.com/rain/a/20240724A07VQ700

2024-07-25 09:00:55,413 - INFO - EXPIRED
河南一地招文物保护员年薪2400元引争议，文旅局：无误，20人已招满
https://new.qq.com/rain/a/20240724A07QW100

2024-07-25 09:00:55,413 - INFO - EXPIRED
成都地铁被诬告偷拍男子称调解破裂将开庭！一审被驳回诉求
https://new.qq.com/rain/a/20240724A09T7Z00

2024-07-25 09:00:55,413 - INFO - EXPIRED
“老将”如何控制慢性损伤？对长期受慢性疼痛困扰的普通人有何启示？
https://view.inews.qq.com/a/20240724Q07YBB00

2024-07-25 09:00:55,413 - INFO - EXPIRED
特朗普公布巴勒斯坦总统阿巴斯来信，并手写回复：你人真好
https://new.qq.com/rain/a/20240724A09SFB00

2024-07-25 09:00:55,413 - INFO - EXPIRED
三年暴跌200多万，压垮打工人的不是裁员，是房子
https://new.qq.com/rain/a/20240724A09WFT00

2024-07-25 09:00:55,413 - INFO - EXPIRED
工龄40年腐败20多年 曾买不起心仪房子的高校“一把手”把经适房加价卖给老师
https://new.qq.com/rain/a/20240724A07C3Q00

2024-07-25 09:00:55,413 - INFO - EXPIRED
人大教授性骚扰女博士，华润置地高管暴力侵犯女下属，哪些领域此类事件较多？
https://view.inews.qq.com/a/20240724Q0AC0G00

2024-07-25 09:00:55,413 - INFO - EXPIRED
江苏滨海一小型直升机坠落致1死1伤，当地政府办公室：暂不清楚此事
https://new.qq.com/rain/a/20240724A0A4SK00

2024-07-25 09:00:55,413 - INFO - EXPIRED
做什么？待遇如何？中科大保卫处近几轮招聘均要求硕士以上学历
https://new.qq.com/rain/a/20240724A0A6QD00

2024-07-25 09:00:55,413 - INFO - EXPIRED
太可怕了，AI技术被用在了电信诈骗，不妨用“魔法”打败“魔法”
https://new.qq.com/rain/a/20240724V03FE600

2024-07-25 09:00:55,413 - INFO - EXPIRED
朝鲜回应特朗普涉朝言论：“公是公，私是私”
https://new.qq.com/rain/a/20240724A08Z0B00

2024-07-25 09:00:55,413 - INFO - EXPIRED
尼泊尔一客机在机场坠毁，近10年已有20多起空难，为何该机场被称为世界最危险机场？
https://view.inews.qq.com/a/20240724Q06W1H00

2024-07-25 09:00:55,413 - INFO - EXPIRED
山西侯马一巷道变压器发生爆炸致1死5伤，其中4人伤势较重
https://new.qq.com/rain/a/20240724V0A21800

2024-07-25 09:00:55,413 - INFO - EXPIRED
美国黄石公园因热液喷发紧急关闭，这是否是一场巨大火山喷发的前兆？
https://view.inews.qq.com/a/20240724Q08TEJ00

2024-07-25 09:00:55,413 - INFO - EXPIRED
印媒：印度海军称出动直升机救助一名受伤中国船员撤离货轮，伤者被送医
https://new.qq.com/rain/a/20240724A0ABJZ00

2024-07-25 09:00:55,413 - INFO - EXPIRED
气象台发布高温预警，为何感觉超过40度时，天气预报就很少精确预报温度？
https://view.inews.qq.com/a/20240724Q084OQ00

2024-07-25 09:00:55,413 - INFO - EXPIRED
安徽一奶茶店为四五十岁女性设熬煮岗，其他行业也能这样人性化设岗吗？
https://view.inews.qq.com/a/20240724Q08ZA000

2024-07-25 09:00:55,413 - INFO - EXPIRED
41.3℃，突破历史极值！长沙启动气象灾害（高温）II级应急响应
https://new.qq.com/rain/a/20240724A0A4UZ00

2024-07-25 09:00:55,413 - INFO - EXPIRED
江苏滨海一飞行器坠落，医院收治两人，其中一人已死亡
https://new.qq.com/rain/a/20240724A09XKH00

2024-07-25 09:00:55,413 - INFO - EXPIRED
陕师大一副教授被指曾发不雅照骚扰女毕业生，校方：已向公安部门报案
https://new.qq.com/rain/a/20240724A0A2Q100

2024-07-25 09:00:55,413 - INFO - EXPIRED
泽连斯基受访承认同俄和平谈判可能性，扎哈罗娃回应
https://new.qq.com/rain/a/20240724A0A0U600

2024-07-25 09:00:55,413 - INFO - EXPIRED
中国代表团金牌榜“坐二望一”？巴黎奥运竞赛大幕拉开
https://new.qq.com/rain/a/20240724A042UT00

2024-07-25 09:00:55,413 - INFO - EXPIRED
攀附省委书记的许雷，被查五年后为何再被查
https://new.qq.com/rain/a/20240724A08J5I00

2024-07-25 09:00:55,413 - INFO - EXPIRED
江西樟树一男子杀人后在逃，警方提醒：疑携带刀具，市民不要贸然抓捕
https://new.qq.com/rain/a/20240724A04R5O00

2024-07-25 09:00:55,413 - INFO - EXPIRED
履新一年多后，林向东被免去福建文旅厅厅长职务
https://new.qq.com/rain/a/20240724A0915S00

2024-07-25 09:00:55,413 - INFO - EXPIRED
专家建议花3万亿把股市拉到4000点，这是妙招还是昏招？
https://view.inews.qq.com/a/20240724Q051YR00

2024-07-25 09:00:55,413 - INFO - EXPIRED
上午9点办事大厅多名人员缺岗，媒体：官方通报打脸了镇政府
https://new.qq.com/rain/a/20240724A0562N00

2024-07-25 09:00:55,413 - INFO - EXPIRED
二手空调、捷安特成“涉黄暗号”？闲鱼回应：加大力度整改网络
https://new.qq.com/rain/a/20240724A09UM000

2024-07-25 09:00:55,413 - INFO - EXPIRED
辽宁庄河核电厂一期工程环评报告书公示：据计算，辐射值在标准范围内
https://new.qq.com/rain/a/20240724A0593T00

2024-07-25 09:00:55,413 - INFO - EXPIRED
以色列总理访美引发抗议浪潮，约200人在美国国会大厦被绑手带走
https://new.qq.com/rain/a/20240724A0924900

2024-07-25 09:00:55,413 - INFO - EXPIRED
华为起诉联发科：专利战火再燃，谁来定义5G芯片行业版图
https://new.qq.com/rain/a/20240724A06XP400

2024-07-25 09:00:55,413 - INFO - EXPIRED
奥运会圣火点燃方式备受关注，哪一届奥运会点火方式最震撼？
https://view.inews.qq.com/a/20240724Q04BU400

2024-07-25 09:00:55,413 - INFO - EXPIRED
被罚260万后，“天价”听花酒又杀回来了，股价暴涨门店复业
https://new.qq.com/rain/a/20240724A07KUD00

2024-07-25 09:00:55,413 - INFO - EXPIRED
近年还有哪些备受关注的《北京宣言》
https://new.qq.com/rain/a/20240724A08Y7H00

2024-07-25 09:00:55,413 - INFO - EXPIRED
全员欠薪！又一中超队悬了：球队吃喝全靠赊账，没钱打亚冠
https://new.qq.com/rain/a/20240724A0308O00

2024-07-25 09:00:55,413 - INFO - EXPIRED
尼泊尔坠机事故搜救工作正在收尾，遇难人数修正为18人
https://new.qq.com/rain/a/20240724A092CR00

2024-07-25 09:00:55,413 - INFO - EXPIRED
涉嫌策划奥运期间恐袭 一男子在法国被捕
https://new.qq.com/rain/a/20240724A08SQI00

2024-07-25 09:00:55,413 - INFO - EXPIRED
驻港国安公署局长郑泽晖，已重返广东任职
https://new.qq.com/rain/a/20240724A08EDY00

2024-07-25 09:00:55,413 - INFO - EXPIRED
扎克伯格：有关“美国在AI领域领先中国数年”的想法，不现实
https://new.qq.com/rain/a/20240724A06LM200

2024-07-25 09:00:55,413 - INFO - EXPIRED
实拍日本一餐厅拒绝中国、韩国客人入内：大门紧闭，有民众前来支持
https://new.qq.com/rain/a/20240724V07RWK00

2024-07-25 09:00:55,413 - INFO - EXPIRED
被教育要像猪一样少算计、多奉献，男子工作猝死571天未认定工伤
https://new.qq.com/rain/a/20240724A05SKW00

2024-07-25 09:00:55,414 - INFO - EXPIRED
俄媒：莫斯科一汽车突发爆炸致一俄军官受伤，其曾在俄军事情报部门工作
https://new.qq.com/rain/a/20240724A08JHL00

2024-07-25 09:00:55,414 - INFO - EXPIRED
已经这么热了，天气预报真的“不敢报40℃”？官方回应
https://new.qq.com/rain/a/20240724A04F3T00

2024-07-25 09:00:55,414 - INFO - EXPIRED
浪漫之都寻找厕所“老大难”，网友：在巴黎被中国的“厕所侠”救了
https://new.qq.com/rain/a/20240724A04R6H00

2024-07-25 09:00:56,328 - INFO - INVALID
中美在南海爆发电子战且解放军获胜？国防部：没听说
https://new.qq.com/rain/a/20240725A066EF00

2024-07-25 09:00:56,377 - INFO - INVALID
欧盟拟对华生物柴油征收临时反倾销税，商务部回应
https://new.qq.com/rain/a/20240725A063ZH00

2024-07-25 09:00:56,393 - INFO - INVALID
陕西宝鸡快速干线一桥面倾覆塌陷，一车辆前轮悬空险坠落，无人员伤亡
https://new.qq.com/rain/a/20240725A05JDW00

2024-07-25 09:00:56,409 - INFO - EXIST
四川西昌24岁女子回家途中失联已10天 手机被路人捡到 当地警方介入
https://new.qq.com/rain/a/20240725A04ACP00

2024-07-25 09:00:56,646 - INFO - INVALID
国家医保局：超13亿人参保 我国基本医疗保险运行稳健
https://new.qq.com/rain/a/20240725A06FX200

2024-07-25 09:00:56,691 - INFO - INVALID
福建舰开展第三次海试？国防部：是建造过程中的正常安排
https://new.qq.com/rain/a/20240725A0606O00

2024-07-25 09:00:56,796 - ERROR - ERROR
国有大行下调存款利率，存1年只有1.35%，不炒股又不想存银行，钱能放哪？
https://view.inews.qq.com/a/20240725Q015KG00
('list index out of range',)
======
Traceback (most recent call last):
  File "/home/runner/work/qqnews/qqnews/qq.py", line 81, in process_article
    ss = str(tmpbs.select("div.LEFT div.content.clearfix")[0])
             ~~~~~~~~~~~~~~~~~~~~~~~~~~~~~~~~~~~~~~~~~~~~~^^^
IndexError: list index out of range


2024-07-25 09:00:56,807 - INFO - INVALID
最新上半年GDP，谁在领跑，谁掉队了
https://new.qq.com/rain/a/20240725A03NQB00

2024-07-25 09:00:56,870 - INFO - INVALID
两部门：降低超长期特别国债资金申报门槛 提高汽车报废更新补贴标准
https://new.qq.com/rain/a/20240725A05G3R00

2024-07-25 09:00:57,197 - ERROR - ERROR
宁高宁谈执掌四大央企时睡不着觉的事 _ 创变者
https://new.qq.com/rain/a/20240725V011J900
('list index out of range',)
======
Traceback (most recent call last):
  File "/home/runner/work/qqnews/qqnews/qq.py", line 81, in process_article
    ss = str(tmpbs.select("div.LEFT div.content.clearfix")[0])
             ~~~~~~~~~~~~~~~~~~~~~~~~~~~~~~~~~~~~~~~~~~~~~^^^
IndexError: list index out of range


2024-07-25 09:00:57,205 - INFO - INVALID
偷偷收费，“不能说实话”，移动还想隐瞒多久
https://new.qq.com/rain/a/20240725A03X6W00

2024-07-25 09:00:57,266 - INFO - INVALID
高考16次唐尚珺请网友投票是否复读 媒体：上大学不该是一场流量游戏
https://new.qq.com/rain/a/20240725A04J8T00

2024-07-25 09:00:57,326 - INFO - INVALID
吴英杰、张建春被撤销全国政协委员资格
https://new.qq.com/rain/a/20240725A05WAN00

2024-07-25 09:00:57,424 - INFO - INVALID
“招不到孩子了”，幼儿园转做养老院
https://new.qq.com/rain/a/20240725A041UM00

2024-07-25 09:00:57,557 - INFO - INVALID
马斯克再提单挑扎克伯格：时间、地点、规则任你定
https://new.qq.com/rain/a/20240725A0585M00

2024-07-25 09:00:57,620 - INFO - INVALID
西藏自治区人民政府原党组成员、秘书长朱强接受审查调查
https://new.qq.com/rain/a/20240725A059HF00

2024-07-25 09:00:57,635 - INFO - INVALID
意大利总理梅洛尼将访华
https://new.qq.com/rain/a/20240725A05CA300

2024-07-25 09:00:57,705 - INFO - INVALID
收回“铁饭碗”？414个人口小县或将瘦身健体
https://new.qq.com/rain/a/20240725A04AIN00

2024-07-25 09:00:57,817 - INFO - INVALID
网友曝光买2个月的极狐车驾驶中自燃，厂家人员赶到先撬车标、卸部件，客服回应正调查
https://new.qq.com/rain/a/20240725A053DR00

2024-07-25 09:00:57,910 - ERROR - ERROR
初产熊猫产前痛苦监控录像 撕咬纸箱缓解疼痛 专家无能为力 只能祈祷
https://new.qq.com/rain/a/20240725V03WFS00
('list index out of range',)
======
Traceback (most recent call last):
  File "/home/runner/work/qqnews/qqnews/qq.py", line 81, in process_article
    ss = str(tmpbs.select("div.LEFT div.content.clearfix")[0])
             ~~~~~~~~~~~~~~~~~~~~~~~~~~~~~~~~~~~~~~~~~~~~~^^^
IndexError: list index out of range


2024-07-25 09:00:57,983 - INFO - INVALID
院士选举，为什么让“外人”评
https://new.qq.com/rain/a/20240725A03Z8400

2024-07-25 09:00:58,060 - INFO - INVALID
动画艺术家阎善春去世，曾参与《大闹天宫》、《哪吒闹海》等动画制作
https://new.qq.com/rain/a/20240725A039EY00

2024-07-25 09:00:58,083 - INFO - INVALID
居民家4个月用水384吨？投诉后水表计量“自动”正常
https://new.qq.com/rain/a/20240725A00MNR00

2024-07-25 09:00:58,180 - INFO - INVALID
“骑手偷拍女顾客”被封号，还有假骑手在疯狂吸粉：标注“剧情演绎”就能免责吗？
https://new.qq.com/rain/a/20240725A0085200

2024-07-25 09:00:58,305 - ERROR - ERROR
四川一辆大客车与小车碰撞致多人受伤 目击者：车上20多人 车速有点快
https://new.qq.com/rain/a/20240725V03USY00
('list index out of range',)
======
Traceback (most recent call last):
  File "/home/runner/work/qqnews/qqnews/qq.py", line 81, in process_article
    ss = str(tmpbs.select("div.LEFT div.content.clearfix")[0])
             ~~~~~~~~~~~~~~~~~~~~~~~~~~~~~~~~~~~~~~~~~~~~~^^^
IndexError: list index out of range


2024-07-25 09:00:58,401 - INFO - INVALID
各界送别遇害医生李晟！扎根临床28年，有老病人坐轮椅到场
https://new.qq.com/rain/a/20240725A02J0100

2024-07-25 09:00:58,428 - INFO - INVALID
一架米-28直升机在俄罗斯卡卢加州坠毁，机组人员全部遇难
https://new.qq.com/rain/a/20240725A047XI00

2024-07-25 09:00:58,483 - INFO - INVALID
车身“法院”字样的辽B车疑多次恶意插队、别车引关注；法院、交警部门回应称会调查
https://new.qq.com/rain/a/20240725A031HX00

2024-07-25 09:00:58,488 - INFO - INVALID
兰州城区刺激性异味来源初步查清：系钢厂高炉煤气外排所致
https://new.qq.com/rain/a/20240725A04L4Z00

2024-07-25 09:00:58,700 - INFO - INVALID
WADA主席：美国在指责别国违规提高本国运动员成绩前，应先确保本国体育组织遵守国际反兴奋剂规定
https://new.qq.com/rain/a/20240725A02XWJ00

2024-07-25 09:00:58,747 - INFO - INVALID
佩洛西评价内塔尼亚胡在美国国会讲话：迄今为止外国政要在美国国会“最糟糕的演讲”
https://new.qq.com/rain/a/20240725A031RA00

2024-07-25 09:00:58,790 - INFO - INVALID
调查报告：四川一生猪合作社中毒窒息事故致7死，存在盲目施救
https://new.qq.com/rain/a/20240725A03S0Y00

2024-07-25 09:00:58,794 - INFO - INVALID
奢侈品需求持续低迷，LVMH老板身家缩水，今年以来蒸发逾200亿美元
https://new.qq.com/rain/a/20240725A03PR000

2024-07-25 09:00:59,130 - INFO - INVALID
两架直升机在澳大利亚相撞坠毁 两名驾驶员死亡
https://new.qq.com/rain/a/20240725A0390K00

2024-07-25 09:00:59,157 - ERROR - ERROR
江西樟树市致1死嫌犯李某胜被抓获 直击抓获现场
https://new.qq.com/rain/a/20240725V029AN00
('list index out of range',)
======
Traceback (most recent call last):
  File "/home/runner/work/qqnews/qqnews/qq.py", line 81, in process_article
    ss = str(tmpbs.select("div.LEFT div.content.clearfix")[0])
             ~~~~~~~~~~~~~~~~~~~~~~~~~~~~~~~~~~~~~~~~~~~~~^^^
IndexError: list index out of range


2024-07-25 09:00:59,231 - ERROR - ERROR
华为再招天才少年，不限学校不限专业，前几年招的天才少年后来怎么样了？
https://view.inews.qq.com/a/20240725Q01V6100
('list index out of range',)
======
Traceback (most recent call last):
  File "/home/runner/work/qqnews/qqnews/qq.py", line 81, in process_article
    ss = str(tmpbs.select("div.LEFT div.content.clearfix")[0])
             ~~~~~~~~~~~~~~~~~~~~~~~~~~~~~~~~~~~~~~~~~~~~~^^^
IndexError: list index out of range


2024-07-25 09:00:59,473 - ERROR - ERROR
特朗普团队担忧的“哈里斯蜜月期”是什么？哈里斯弱点被“隐藏”，民主党机会来了？
https://view.inews.qq.com/a/20240725Q01MD000
('list index out of range',)
======
Traceback (most recent call last):
  File "/home/runner/work/qqnews/qqnews/qq.py", line 81, in process_article
    ss = str(tmpbs.select("div.LEFT div.content.clearfix")[0])
             ~~~~~~~~~~~~~~~~~~~~~~~~~~~~~~~~~~~~~~~~~~~~~^^^
IndexError: list index out of range


2024-07-25 09:00:59,531 - ERROR - ERROR
网友吐槽一人带三个儿童坐不了飞机，这规定合理吗？你带过仨孩子出行吗？
https://view.inews.qq.com/a/20240725Q02J2000
('list index out of range',)
======
Traceback (most recent call last):
  File "/home/runner/work/qqnews/qqnews/qq.py", line 81, in process_article
    ss = str(tmpbs.select("div.LEFT div.content.clearfix")[0])
             ~~~~~~~~~~~~~~~~~~~~~~~~~~~~~~~~~~~~~~~~~~~~~^^^
IndexError: list index out of range


2024-07-25 09:00:59,578 - INFO - INVALID
六大行集体“降息”，存款利率全面进入1时代，100万存5年利息少1万
https://new.qq.com/rain/a/20240725A01HXX00

2024-07-25 09:00:59,652 - INFO - INVALID
乌克兰，对中国态度有变化
https://new.qq.com/rain/a/20240725A012Z600

2024-07-25 09:00:59,706 - INFO - INVALID
我在国外卖中国车：拓荒、暴利与新战场
https://new.qq.com/rain/a/20240725A02SB300

2024-07-25 09:00:59,817 - INFO - INVALID
黎智英串谋勾结外国势力等三罪表面证供成立
https://new.qq.com/rain/a/20240725A02TMN00

2024-07-25 09:01:00,033 - INFO - INVALID
黑龙江14岁初中生课堂“嗑药”致昏迷进ICU，药店涉嫌违规售卖处方药
https://new.qq.com/rain/a/20240725A01N4300

2024-07-25 09:01:00,062 - INFO - INVALID
内塔尼亚胡访美遭冷遇！美媒：拜登、哈里斯及万斯均不出席他的演讲
https://new.qq.com/rain/a/20240725A00JFQ00

2024-07-25 09:01:00,068 - INFO - INVALID
游客交完旅游费用后，导游称未收到钱并停车索费？呼和浩特通报
https://new.qq.com/rain/a/20240725A00N4U00

2024-07-25 09:01:00,233 - INFO - INVALID
2年改为3年，又有多所高校延长研究生学制
https://new.qq.com/rain/a/20240725A00NWW00

2024-07-25 09:01:00,238 - ERROR - ERROR
奥运男足小组赛罕见补时16分钟，阿根廷绝平被吹，体彩是按1_2还是2_2算？
https://view.inews.qq.com/a/20240725Q00Y4F00
('list index out of range',)
======
Traceback (most recent call last):
  File "/home/runner/work/qqnews/qqnews/qq.py", line 81, in process_article
    ss = str(tmpbs.select("div.LEFT div.content.clearfix")[0])
             ~~~~~~~~~~~~~~~~~~~~~~~~~~~~~~~~~~~~~~~~~~~~~^^^
IndexError: list index out of range


2024-07-25 09:01:00,401 - INFO - INVALID
越南为已故越共中央总书记阮富仲举行国葬
https://new.qq.com/rain/a/20240725A00UDC00

2024-07-25 09:01:00,532 - INFO - INVALID
女高中生举报被大学教师欺骗感情开房？山东理工大学通报
https://new.qq.com/rain/a/20240725A00R3L00

2024-07-25 09:01:00,554 - INFO - INVALID
华科大回应无人机投放毒猫物质：确有毒猫事件，警方已介入调查
https://new.qq.com/rain/a/20240725A014HA00

2024-07-25 09:01:00,694 - INFO - INVALID
潜望｜万亿美元市值灰飞烟灭 AI“泡沫论”令美股深陷回调时刻
https://new.qq.com/rain/a/20240725A01NG800

2024-07-25 09:01:00,698 - INFO - INVALID
以色列总理在美国国会发表讲话 称将继续军事行动
https://new.qq.com/rain/a/20240725A00D5S00

2024-07-25 09:01:00,796 - ERROR - ERROR
奥运球迷投掷鞭炮男足比赛中断2小时，为何这么混乱？鞭炮怎么带进去的？
https://view.inews.qq.com/a/20240725Q029BX00
('list index out of range',)
======
Traceback (most recent call last):
  File "/home/runner/work/qqnews/qqnews/qq.py", line 81, in process_article
    ss = str(tmpbs.select("div.LEFT div.content.clearfix")[0])
             ~~~~~~~~~~~~~~~~~~~~~~~~~~~~~~~~~~~~~~~~~~~~~^^^
IndexError: list index out of range


2024-07-25 09:01:01,200 - ERROR - ERROR
近年来尼泊尔几乎每年都会发生空难，飞机太老旧？还是飞行员技术不过关？
https://view.inews.qq.com/a/20240725Q00AOZ00
('list index out of range',)
======
Traceback (most recent call last):
  File "/home/runner/work/qqnews/qqnews/qq.py", line 81, in process_article
    ss = str(tmpbs.select("div.LEFT div.content.clearfix")[0])
             ~~~~~~~~~~~~~~~~~~~~~~~~~~~~~~~~~~~~~~~~~~~~~^^^
IndexError: list index out of range


