2026-06-09 01:45:53,757 - INFO - Total time taken: {'ret': 0, 'msg': 'success', 'data': None}
2026-06-09 01:45:53,758 - INFO - 'NoneType' object is not subscriptable
2026-06-09 01:45:53,758 - INFO - Traceback (most recent call last):
  File "/home/runner/work/qqnews/qqnews/qq.py", line 128, in main
    for i in qq1["data"]["list"]:
             ~~~~~~~~~~~^^^^^^^^
TypeError: 'NoneType' object is not subscriptable

2026-06-09 05:55:44,117 - INFO - Total time taken: {'ret': 0, 'msg': 'success', 'data': None}
2026-06-09 05:55:44,118 - INFO - 'NoneType' object is not subscriptable
2026-06-09 05:55:44,118 - INFO - Traceback (most recent call last):
  File "/home/runner/work/qqnews/qqnews/qq.py", line 128, in main
    for i in qq1["data"]["list"]:
             ~~~~~~~~~~~^^^^^^^^
TypeError: 'NoneType' object is not subscriptable

2026-06-09 08:53:12,362 - INFO - Total time taken: {'ret': 0, 'msg': 'success', 'data': None}
2026-06-09 08:53:12,362 - INFO - 'NoneType' object is not subscriptable
2026-06-09 08:53:12,362 - INFO - Traceback (most recent call last):
  File "/home/runner/work/qqnews/qqnews/qq.py", line 128, in main
    for i in qq1["data"]["list"]:
             ~~~~~~~~~~~^^^^^^^^
TypeError: 'NoneType' object is not subscriptable

2026-06-09 11:50:04,961 - INFO - Total time taken: {'ret': 0, 'msg': 'success', 'data': None}
2026-06-09 11:50:04,962 - INFO - 'NoneType' object is not subscriptable
2026-06-09 11:50:04,962 - INFO - Traceback (most recent call last):
  File "/home/runner/work/qqnews/qqnews/qq.py", line 128, in main
    for i in qq1["data"]["list"]:
             ~~~~~~~~~~~^^^^^^^^
TypeError: 'NoneType' object is not subscriptable

2026-06-09 14:11:21,494 - INFO - Total time taken: {'ret': 0, 'msg': 'success', 'data': None}
2026-06-09 14:11:21,495 - INFO - 'NoneType' object is not subscriptable
2026-06-09 14:11:21,495 - INFO - Traceback (most recent call last):
  File "/home/runner/work/qqnews/qqnews/qq.py", line 128, in main
    for i in qq1["data"]["list"]:
             ~~~~~~~~~~~^^^^^^^^
TypeError: 'NoneType' object is not subscriptable

2026-06-09 17:14:30,618 - INFO - Total time taken: {'ret': 0, 'msg': 'success', 'data': None}
2026-06-09 17:14:30,619 - INFO - 'NoneType' object is not subscriptable
2026-06-09 17:14:30,619 - INFO - Traceback (most recent call last):
  File "/home/runner/work/qqnews/qqnews/qq.py", line 128, in main
    for i in qq1["data"]["list"]:
             ~~~~~~~~~~~^^^^^^^^
TypeError: 'NoneType' object is not subscriptable

2026-06-09 19:50:33,645 - INFO - Total time taken: {'ret': 0, 'msg': 'success', 'data': None}
2026-06-09 19:50:33,646 - INFO - 'NoneType' object is not subscriptable
2026-06-09 19:50:33,646 - INFO - Traceback (most recent call last):
  File "/home/runner/work/qqnews/qqnews/qq.py", line 128, in main
    for i in qq1["data"]["list"]:
             ~~~~~~~~~~~^^^^^^^^
TypeError: 'NoneType' object is not subscriptable

