2026-05-01 01:29:23,372 - INFO - Total time taken: {'ret': 0, 'msg': 'success', 'data': None}
2026-05-01 01:29:23,372 - INFO - 'NoneType' object is not subscriptable
2026-05-01 01:29:23,372 - INFO - Traceback (most recent call last):
  File "/home/runner/work/qqnews/qqnews/qq.py", line 128, in main
    for i in qq1["data"]["list"]:
             ~~~~~~~~~~~^^^^^^^^
TypeError: 'NoneType' object is not subscriptable

2026-05-01 05:29:46,120 - INFO - Total time taken: {'ret': 0, 'msg': 'success', 'data': None}
2026-05-01 05:29:46,120 - INFO - 'NoneType' object is not subscriptable
2026-05-01 05:29:46,121 - INFO - Traceback (most recent call last):
  File "/home/runner/work/qqnews/qqnews/qq.py", line 128, in main
    for i in qq1["data"]["list"]:
             ~~~~~~~~~~~^^^^^^^^
TypeError: 'NoneType' object is not subscriptable

2026-05-01 07:55:09,976 - INFO - Total time taken: {'ret': 0, 'msg': 'success', 'data': None}
2026-05-01 07:55:09,976 - INFO - 'NoneType' object is not subscriptable
2026-05-01 07:55:09,977 - INFO - Traceback (most recent call last):
  File "/home/runner/work/qqnews/qqnews/qq.py", line 128, in main
    for i in qq1["data"]["list"]:
             ~~~~~~~~~~~^^^^^^^^
TypeError: 'NoneType' object is not subscriptable

2026-05-01 09:22:57,216 - INFO - Total time taken: {'ret': 0, 'msg': 'success', 'data': None}
2026-05-01 09:22:57,216 - INFO - 'NoneType' object is not subscriptable
2026-05-01 09:22:57,216 - INFO - Traceback (most recent call last):
  File "/home/runner/work/qqnews/qqnews/qq.py", line 128, in main
    for i in qq1["data"]["list"]:
             ~~~~~~~~~~~^^^^^^^^
TypeError: 'NoneType' object is not subscriptable

2026-05-01 10:58:32,095 - INFO - Total time taken: {'ret': 0, 'msg': 'success', 'data': None}
2026-05-01 10:58:32,095 - INFO - 'NoneType' object is not subscriptable
2026-05-01 10:58:32,095 - INFO - Traceback (most recent call last):
  File "/home/runner/work/qqnews/qqnews/qq.py", line 128, in main
    for i in qq1["data"]["list"]:
             ~~~~~~~~~~~^^^^^^^^
TypeError: 'NoneType' object is not subscriptable

2026-05-01 11:54:32,144 - INFO - Total time taken: {'ret': 0, 'msg': 'success', 'data': None}
2026-05-01 11:54:32,144 - INFO - 'NoneType' object is not subscriptable
2026-05-01 11:54:32,144 - INFO - Traceback (most recent call last):
  File "/home/runner/work/qqnews/qqnews/qq.py", line 128, in main
    for i in qq1["data"]["list"]:
             ~~~~~~~~~~~^^^^^^^^
TypeError: 'NoneType' object is not subscriptable

2026-05-01 12:46:00,898 - INFO - Total time taken: {'ret': 0, 'msg': 'success', 'data': None}
2026-05-01 12:46:00,898 - INFO - 'NoneType' object is not subscriptable
2026-05-01 12:46:00,898 - INFO - Traceback (most recent call last):
  File "/home/runner/work/qqnews/qqnews/qq.py", line 128, in main
    for i in qq1["data"]["list"]:
             ~~~~~~~~~~~^^^^^^^^
TypeError: 'NoneType' object is not subscriptable

2026-05-01 14:11:15,561 - INFO - Total time taken: {'ret': 0, 'msg': 'success', 'data': None}
2026-05-01 14:11:15,561 - INFO - 'NoneType' object is not subscriptable
2026-05-01 14:11:15,561 - INFO - Traceback (most recent call last):
  File "/home/runner/work/qqnews/qqnews/qq.py", line 128, in main
    for i in qq1["data"]["list"]:
             ~~~~~~~~~~~^^^^^^^^
TypeError: 'NoneType' object is not subscriptable

