2025-06-15 00:47:00,543 - INFO - Total time taken: {'ret': 0, 'msg': 'success', 'data': None}
2025-06-15 00:47:00,543 - INFO - 'NoneType' object is not subscriptable
2025-06-15 00:47:00,543 - INFO - Traceback (most recent call last):
  File "/home/runner/work/qqnews/qqnews/qq.py", line 128, in main
    for i in qq1["data"]["list"]:
             ~~~~~~~~~~~^^^^^^^^
TypeError: 'NoneType' object is not subscriptable

2025-06-15 02:47:45,440 - INFO - Total time taken: {'ret': 0, 'msg': 'success', 'data': None}
2025-06-15 02:47:45,440 - INFO - 'NoneType' object is not subscriptable
2025-06-15 02:47:45,440 - INFO - Traceback (most recent call last):
  File "/home/runner/work/qqnews/qqnews/qq.py", line 128, in main
    for i in qq1["data"]["list"]:
             ~~~~~~~~~~~^^^^^^^^
TypeError: 'NoneType' object is not subscriptable

2025-06-15 03:44:57,530 - INFO - Total time taken: {'ret': 0, 'msg': 'success', 'data': None}
2025-06-15 03:44:57,530 - INFO - 'NoneType' object is not subscriptable
2025-06-15 03:44:57,531 - INFO - Traceback (most recent call last):
  File "/home/runner/work/qqnews/qqnews/qq.py", line 128, in main
    for i in qq1["data"]["list"]:
             ~~~~~~~~~~~^^^^^^^^
TypeError: 'NoneType' object is not subscriptable

2025-06-15 04:19:41,546 - INFO - Total time taken: {'ret': 0, 'msg': 'success', 'data': None}
2025-06-15 04:19:41,546 - INFO - 'NoneType' object is not subscriptable
2025-06-15 04:19:41,547 - INFO - Traceback (most recent call last):
  File "/home/runner/work/qqnews/qqnews/qq.py", line 128, in main
    for i in qq1["data"]["list"]:
             ~~~~~~~~~~~^^^^^^^^
TypeError: 'NoneType' object is not subscriptable

2025-06-15 05:08:57,125 - INFO - Total time taken: {'ret': 0, 'msg': 'success', 'data': None}
2025-06-15 05:08:57,125 - INFO - 'NoneType' object is not subscriptable
2025-06-15 05:08:57,126 - INFO - Traceback (most recent call last):
  File "/home/runner/work/qqnews/qqnews/qq.py", line 128, in main
    for i in qq1["data"]["list"]:
             ~~~~~~~~~~~^^^^^^^^
TypeError: 'NoneType' object is not subscriptable

2025-06-15 06:11:31,751 - INFO - Total time taken: {'ret': 0, 'msg': 'success', 'data': None}
2025-06-15 06:11:31,751 - INFO - 'NoneType' object is not subscriptable
2025-06-15 06:11:31,751 - INFO - Traceback (most recent call last):
  File "/home/runner/work/qqnews/qqnews/qq.py", line 128, in main
    for i in qq1["data"]["list"]:
             ~~~~~~~~~~~^^^^^^^^
TypeError: 'NoneType' object is not subscriptable

2025-06-15 07:08:32,791 - INFO - Total time taken: {'ret': 0, 'msg': 'success', 'data': None}
2025-06-15 07:08:32,791 - INFO - 'NoneType' object is not subscriptable
2025-06-15 07:08:32,791 - INFO - Traceback (most recent call last):
  File "/home/runner/work/qqnews/qqnews/qq.py", line 128, in main
    for i in qq1["data"]["list"]:
             ~~~~~~~~~~~^^^^^^^^
TypeError: 'NoneType' object is not subscriptable

2025-06-15 08:10:34,097 - INFO - Total time taken: {'ret': 0, 'msg': 'success', 'data': None}
2025-06-15 08:10:34,097 - INFO - 'NoneType' object is not subscriptable
2025-06-15 08:10:34,097 - INFO - Traceback (most recent call last):
  File "/home/runner/work/qqnews/qqnews/qq.py", line 128, in main
    for i in qq1["data"]["list"]:
             ~~~~~~~~~~~^^^^^^^^
TypeError: 'NoneType' object is not subscriptable

2025-06-15 09:08:20,440 - INFO - Total time taken: {'ret': 0, 'msg': 'success', 'data': None}
2025-06-15 09:08:20,440 - INFO - 'NoneType' object is not subscriptable
2025-06-15 09:08:20,440 - INFO - Traceback (most recent call last):
  File "/home/runner/work/qqnews/qqnews/qq.py", line 128, in main
    for i in qq1["data"]["list"]:
             ~~~~~~~~~~~^^^^^^^^
TypeError: 'NoneType' object is not subscriptable

2025-06-15 10:01:29,407 - INFO - Total time taken: {'ret': 0, 'msg': 'success', 'data': None}
2025-06-15 10:01:29,407 - INFO - 'NoneType' object is not subscriptable
2025-06-15 10:01:29,407 - INFO - Traceback (most recent call last):
  File "/home/runner/work/qqnews/qqnews/qq.py", line 128, in main
    for i in qq1["data"]["list"]:
             ~~~~~~~~~~~^^^^^^^^
TypeError: 'NoneType' object is not subscriptable

