2025-07-13 00:49:39,782 - INFO - Total time taken: {'ret': 0, 'msg': 'success', 'data': None}
2025-07-13 00:49:39,782 - INFO - 'NoneType' object is not subscriptable
2025-07-13 00:49:39,783 - INFO - Traceback (most recent call last):
  File "/home/runner/work/qqnews/qqnews/qq.py", line 128, in main
    for i in qq1["data"]["list"]:
             ~~~~~~~~~~~^^^^^^^^
TypeError: 'NoneType' object is not subscriptable

2025-07-13 02:55:26,365 - INFO - Total time taken: {'ret': 0, 'msg': 'success', 'data': None}
2025-07-13 02:55:26,366 - INFO - 'NoneType' object is not subscriptable
2025-07-13 02:55:26,366 - INFO - Traceback (most recent call last):
  File "/home/runner/work/qqnews/qqnews/qq.py", line 128, in main
    for i in qq1["data"]["list"]:
             ~~~~~~~~~~~^^^^^^^^
TypeError: 'NoneType' object is not subscriptable

2025-07-13 03:54:39,741 - INFO - Total time taken: {'ret': 0, 'msg': 'success', 'data': None}
2025-07-13 03:54:39,742 - INFO - 'NoneType' object is not subscriptable
2025-07-13 03:54:39,742 - INFO - Traceback (most recent call last):
  File "/home/runner/work/qqnews/qqnews/qq.py", line 128, in main
    for i in qq1["data"]["list"]:
             ~~~~~~~~~~~^^^^^^^^
TypeError: 'NoneType' object is not subscriptable

2025-07-13 04:27:27,174 - INFO - Total time taken: {'ret': 0, 'msg': 'success', 'data': None}
2025-07-13 04:27:27,174 - INFO - 'NoneType' object is not subscriptable
2025-07-13 04:27:27,175 - INFO - Traceback (most recent call last):
  File "/home/runner/work/qqnews/qqnews/qq.py", line 128, in main
    for i in qq1["data"]["list"]:
             ~~~~~~~~~~~^^^^^^^^
TypeError: 'NoneType' object is not subscriptable

2025-07-13 05:12:37,544 - INFO - Total time taken: {'ret': 0, 'msg': 'success', 'data': None}
2025-07-13 05:12:37,544 - INFO - 'NoneType' object is not subscriptable
2025-07-13 05:12:37,544 - INFO - Traceback (most recent call last):
  File "/home/runner/work/qqnews/qqnews/qq.py", line 128, in main
    for i in qq1["data"]["list"]:
             ~~~~~~~~~~~^^^^^^^^
TypeError: 'NoneType' object is not subscriptable

2025-07-13 06:12:36,549 - INFO - Total time taken: {'ret': 0, 'msg': 'success', 'data': None}
2025-07-13 06:12:36,549 - INFO - 'NoneType' object is not subscriptable
2025-07-13 06:12:36,550 - INFO - Traceback (most recent call last):
  File "/home/runner/work/qqnews/qqnews/qq.py", line 128, in main
    for i in qq1["data"]["list"]:
             ~~~~~~~~~~~^^^^^^^^
TypeError: 'NoneType' object is not subscriptable

2025-07-13 07:10:24,509 - INFO - Total time taken: {'ret': 0, 'msg': 'success', 'data': None}
2025-07-13 07:10:24,509 - INFO - 'NoneType' object is not subscriptable
2025-07-13 07:10:24,509 - INFO - Traceback (most recent call last):
  File "/home/runner/work/qqnews/qqnews/qq.py", line 128, in main
    for i in qq1["data"]["list"]:
             ~~~~~~~~~~~^^^^^^^^
TypeError: 'NoneType' object is not subscriptable

2025-07-13 08:11:00,738 - INFO - Total time taken: {'ret': 0, 'msg': 'success', 'data': None}
2025-07-13 08:11:00,739 - INFO - 'NoneType' object is not subscriptable
2025-07-13 08:11:00,739 - INFO - Traceback (most recent call last):
  File "/home/runner/work/qqnews/qqnews/qq.py", line 128, in main
    for i in qq1["data"]["list"]:
             ~~~~~~~~~~~^^^^^^^^
TypeError: 'NoneType' object is not subscriptable

2025-07-13 09:09:28,860 - INFO - Total time taken: {'ret': 0, 'msg': 'success', 'data': None}
2025-07-13 09:09:28,860 - INFO - 'NoneType' object is not subscriptable
2025-07-13 09:09:28,860 - INFO - Traceback (most recent call last):
  File "/home/runner/work/qqnews/qqnews/qq.py", line 128, in main
    for i in qq1["data"]["list"]:
             ~~~~~~~~~~~^^^^^^^^
TypeError: 'NoneType' object is not subscriptable

2025-07-13 10:08:24,920 - INFO - Total time taken: {'ret': 0, 'msg': 'success', 'data': None}
2025-07-13 10:08:24,920 - INFO - 'NoneType' object is not subscriptable
2025-07-13 10:08:24,920 - INFO - Traceback (most recent call last):
  File "/home/runner/work/qqnews/qqnews/qq.py", line 128, in main
    for i in qq1["data"]["list"]:
             ~~~~~~~~~~~^^^^^^^^
TypeError: 'NoneType' object is not subscriptable

2025-07-13 11:01:10,086 - INFO - Total time taken: {'ret': 0, 'msg': 'success', 'data': None}
2025-07-13 11:01:10,087 - INFO - 'NoneType' object is not subscriptable
2025-07-13 11:01:10,087 - INFO - Traceback (most recent call last):
  File "/home/runner/work/qqnews/qqnews/qq.py", line 128, in main
    for i in qq1["data"]["list"]:
             ~~~~~~~~~~~^^^^^^^^
TypeError: 'NoneType' object is not subscriptable

2025-07-13 12:14:58,164 - INFO - Total time taken: {'ret': 0, 'msg': 'success', 'data': None}
2025-07-13 12:14:58,164 - INFO - 'NoneType' object is not subscriptable
2025-07-13 12:14:58,164 - INFO - Traceback (most recent call last):
  File "/home/runner/work/qqnews/qqnews/qq.py", line 128, in main
    for i in qq1["data"]["list"]:
             ~~~~~~~~~~~^^^^^^^^
TypeError: 'NoneType' object is not subscriptable

2025-07-13 13:20:59,803 - INFO - Total time taken: {'ret': 0, 'msg': 'success', 'data': None}
2025-07-13 13:20:59,803 - INFO - 'NoneType' object is not subscriptable
2025-07-13 13:20:59,804 - INFO - Traceback (most recent call last):
  File "/home/runner/work/qqnews/qqnews/qq.py", line 128, in main
    for i in qq1["data"]["list"]:
             ~~~~~~~~~~~^^^^^^^^
TypeError: 'NoneType' object is not subscriptable

2025-07-13 14:01:18,585 - INFO - Total time taken: {'ret': 0, 'msg': 'success', 'data': None}
2025-07-13 14:01:18,585 - INFO - 'NoneType' object is not subscriptable
2025-07-13 14:01:18,585 - INFO - Traceback (most recent call last):
  File "/home/runner/work/qqnews/qqnews/qq.py", line 128, in main
    for i in qq1["data"]["list"]:
             ~~~~~~~~~~~^^^^^^^^
TypeError: 'NoneType' object is not subscriptable

2025-07-13 15:07:50,566 - INFO - Total time taken: {'ret': 0, 'msg': 'success', 'data': None}
2025-07-13 15:07:50,566 - INFO - 'NoneType' object is not subscriptable
2025-07-13 15:07:50,566 - INFO - Traceback (most recent call last):
  File "/home/runner/work/qqnews/qqnews/qq.py", line 128, in main
    for i in qq1["data"]["list"]:
             ~~~~~~~~~~~^^^^^^^^
TypeError: 'NoneType' object is not subscriptable

2025-07-13 16:09:24,250 - INFO - Total time taken: {'ret': 0, 'msg': 'success', 'data': None}
2025-07-13 16:09:24,251 - INFO - 'NoneType' object is not subscriptable
2025-07-13 16:09:24,251 - INFO - Traceback (most recent call last):
  File "/home/runner/work/qqnews/qqnews/qq.py", line 128, in main
    for i in qq1["data"]["list"]:
             ~~~~~~~~~~~^^^^^^^^
TypeError: 'NoneType' object is not subscriptable

2025-07-13 17:01:12,953 - INFO - Total time taken: {'ret': 0, 'msg': 'success', 'data': None}
2025-07-13 17:01:12,953 - INFO - 'NoneType' object is not subscriptable
2025-07-13 17:01:12,954 - INFO - Traceback (most recent call last):
  File "/home/runner/work/qqnews/qqnews/qq.py", line 128, in main
    for i in qq1["data"]["list"]:
             ~~~~~~~~~~~^^^^^^^^
TypeError: 'NoneType' object is not subscriptable

