2025-08-09 00:41:32,642 - INFO - Total time taken: {'ret': 0, 'msg': 'success', 'data': None}
2025-08-09 00:41:32,642 - INFO - 'NoneType' object is not subscriptable
2025-08-09 00:41:32,643 - INFO - Traceback (most recent call last):
  File "/home/runner/work/qqnews/qqnews/qq.py", line 128, in main
    for i in qq1["data"]["list"]:
             ~~~~~~~~~~~^^^^^^^^
TypeError: 'NoneType' object is not subscriptable

2025-08-09 02:41:18,288 - INFO - Total time taken: {'ret': 0, 'msg': 'success', 'data': None}
2025-08-09 02:41:18,288 - INFO - 'NoneType' object is not subscriptable
2025-08-09 02:41:18,288 - INFO - Traceback (most recent call last):
  File "/home/runner/work/qqnews/qqnews/qq.py", line 128, in main
    for i in qq1["data"]["list"]:
             ~~~~~~~~~~~^^^^^^^^
TypeError: 'NoneType' object is not subscriptable

2025-08-09 03:43:36,640 - INFO - Total time taken: {'ret': 0, 'msg': 'success', 'data': None}
2025-08-09 03:43:36,640 - INFO - 'NoneType' object is not subscriptable
2025-08-09 03:43:36,640 - INFO - Traceback (most recent call last):
  File "/home/runner/work/qqnews/qqnews/qq.py", line 128, in main
    for i in qq1["data"]["list"]:
             ~~~~~~~~~~~^^^^^^^^
TypeError: 'NoneType' object is not subscriptable

2025-08-09 04:19:04,933 - INFO - Total time taken: {'ret': 0, 'msg': 'success', 'data': None}
2025-08-09 04:19:04,934 - INFO - 'NoneType' object is not subscriptable
2025-08-09 04:19:04,934 - INFO - Traceback (most recent call last):
  File "/home/runner/work/qqnews/qqnews/qq.py", line 128, in main
    for i in qq1["data"]["list"]:
             ~~~~~~~~~~~^^^^^^^^
TypeError: 'NoneType' object is not subscriptable

2025-08-09 05:09:52,129 - INFO - Total time taken: {'ret': 0, 'msg': 'success', 'data': None}
2025-08-09 05:09:52,129 - INFO - 'NoneType' object is not subscriptable
2025-08-09 05:09:52,129 - INFO - Traceback (most recent call last):
  File "/home/runner/work/qqnews/qqnews/qq.py", line 128, in main
    for i in qq1["data"]["list"]:
             ~~~~~~~~~~~^^^^^^^^
TypeError: 'NoneType' object is not subscriptable

2025-08-09 06:12:23,849 - INFO - Total time taken: {'ret': 0, 'msg': 'success', 'data': None}
2025-08-09 06:12:23,849 - INFO - 'NoneType' object is not subscriptable
2025-08-09 06:12:23,850 - INFO - Traceback (most recent call last):
  File "/home/runner/work/qqnews/qqnews/qq.py", line 128, in main
    for i in qq1["data"]["list"]:
             ~~~~~~~~~~~^^^^^^^^
TypeError: 'NoneType' object is not subscriptable

2025-08-09 07:09:01,834 - INFO - Total time taken: {'ret': 0, 'msg': 'success', 'data': None}
2025-08-09 07:09:01,834 - INFO - 'NoneType' object is not subscriptable
2025-08-09 07:09:01,835 - INFO - Traceback (most recent call last):
  File "/home/runner/work/qqnews/qqnews/qq.py", line 128, in main
    for i in qq1["data"]["list"]:
             ~~~~~~~~~~~^^^^^^^^
TypeError: 'NoneType' object is not subscriptable

