2024-11-25 00:37:49,674 - INFO - EXPIRED
曾经乱象丛生的河南登封武校，如今成为当地买地的重要力量
https://new.qq.com/rain/a/20241124A053DB00

2024-11-25 00:37:49,674 - INFO - EXPIRED
派出所副所长踢打小学生牵出校园霸凌案？当地教育部门回应
https://new.qq.com/rain/a/20241124A069G900

2024-11-25 00:37:49,674 - INFO - EXPIRED
货拉拉司机回应与保时捷纠纷：被迫签订了调解协议，账号已被限制接单
https://new.qq.com/rain/a/20241124A06LWJ00

2024-11-25 00:37:49,674 - INFO - EXPIRED
李显龙20年来第15次访华，六天访问三地，想和中方谈些什么
https://new.qq.com/rain/a/20241124A0686Q00

2024-11-25 00:37:49,674 - INFO - EXPIRED
半年两次公示，沈阳文旅局局长刘克斌拟获提拔，被称“最听劝的局长”
https://new.qq.com/rain/a/20241124A06CS500

2024-11-25 00:37:49,674 - INFO - EXPIRED
每年7000连交10年保险 老人重疾住院报销被告知失效 涉事保险公司回应
https://new.qq.com/rain/a/20241124A05NKE00

2024-11-25 00:37:49,674 - INFO - EXPIRED
江苏宿迁儿童医院约4.8亿元拍卖在即！专家：医院应实施战略调整，勿盲目扩张
https://new.qq.com/rain/a/20241124A05TG200

2024-11-25 00:37:49,674 - INFO - EXPIRED
同被国际刑事法院通缉，内塔尼亚胡与普京处境有何异同？
https://new.qq.com/rain/a/20241124A02IEM00

2024-11-25 00:37:49,674 - INFO - EXPIRED
陌生男子尾随16岁女孩图谋不轨 36岁司机拿撬棍相救 民警：案件侦办中
https://new.qq.com/rain/a/20241124A05VS700

2024-11-25 00:37:49,674 - INFO - EXPIRED
2.8亿元！南京富家千金买下父亲上市公司股份，家族另有一家公司上市
https://new.qq.com/rain/a/20241124A05VXC00

2024-11-25 00:37:49,674 - INFO - EXPIRED
广东潮州警方通报：5人散播“店铺被要求整改罚款”等谣言被处罚
https://new.qq.com/rain/a/20241124A06WNZ00

2024-11-25 00:37:49,674 - INFO - EXPIRED
不靠软件的美国软件公司：靠比特币每天赚5亿美元，却被做空机构盯上
https://new.qq.com/rain/a/20241124A06NC200

2024-11-25 00:37:49,674 - INFO - EXPIRED
孙东旭重回东方甄选直播间！冲上带货榜第二反超与辉同行
https://new.qq.com/rain/a/20241124A06DD000

2024-11-25 00:37:49,674 - INFO - EXPIRED
宇宙中有些恒星在以3000公里每秒速度狂奔，它们是“害怕”什么？
https://view.inews.qq.com/a/20241124Q06J1700

2024-11-25 00:37:49,674 - INFO - EXPIRED
以色列北部和中部遭约150枚火箭弹袭击 多人受伤
https://new.qq.com/rain/a/20241124A06R3U00

2024-11-25 00:37:49,674 - INFO - EXPIRED
对话以太坊Vitalik：世界不该落入AI只手遮天的权力王国
https://new.qq.com/rain/a/20241124A06Q6Y00

2024-11-25 00:37:49,674 - INFO - EXPIRED
法国矿业巨头：没有中国技术和设备参与，西方镍企已无法实现盈利
https://new.qq.com/rain/a/20241124A069AX00

2024-11-25 00:37:49,674 - INFO - EXPIRED
她的“金刚怒目”背后，是被殖民百年的历史
https://new.qq.com/rain/a/20241122A07HBF00

2024-11-25 00:37:49,674 - INFO - EXPIRED
特朗普夫人宣布提拔七年亲信为幕僚长，并计划重返白宫后在三地往返
https://new.qq.com/rain/a/20241124A05WJX00

2024-11-25 00:37:49,674 - INFO - EXPIRED
足球俱乐部，割球迷的韭菜？
https://new.qq.com/rain/a/20241124A0642900

2024-11-25 00:37:49,674 - INFO - EXPIRED
河南洛阳一高中强制让家长看晚自习？校方：只倡导不强制，有老师值班
https://new.qq.com/rain/a/20241124A05MYO00

2024-11-25 00:37:49,674 - INFO - EXPIRED
俱乐部馆长谈“格斗女中医”石铭夺冠：她可爱腼腆 训练对手都是男性
https://new.qq.com/rain/a/20241124V06B4G00

2024-11-25 00:37:49,674 - INFO - EXPIRED
苏州小伙与朋友轮流点外卖吃后退款，多个骑手和商家被封号？平台回应
https://new.qq.com/rain/a/20241124A063CE00

2024-11-25 00:37:49,674 - INFO - EXPIRED
外媒：伊朗将与英法德磋商重启核协议
https://new.qq.com/rain/a/20241124A06IAU00

2024-11-25 00:37:49,674 - INFO - EXPIRED
梅德韦杰夫：“榛树”导弹可对欧洲造成其无法承受的破坏
https://new.qq.com/rain/a/20241124A05HB700

2024-11-25 00:37:49,674 - INFO - EXPIRED
外媒：加拿大蒙特利尔爆发骚乱之际，特鲁多正在演唱会上唱歌跳舞引发争议
https://new.qq.com/rain/a/20241124A05T3X00

2024-11-25 00:37:49,674 - INFO - EXPIRED
男子称母亲已去世将起诉维权，为何酒店养老不受待见？
https://view.inews.qq.com/a/20241124Q04WQT00

2024-11-25 00:37:49,675 - INFO - EXPIRED
平江发现超40条金矿脉，储量超1000吨，估值达6000亿元？湖南黄金回应
https://new.qq.com/rain/a/20241124A05AUI00

2024-11-25 00:37:49,675 - INFO - EXPIRED
36034994586981美元！美国国债总额再创新高
https://new.qq.com/rain/a/20241124A05PVY00

2024-11-25 00:37:49,675 - INFO - EXPIRED
俄副外长：俄朝合作符合国际法准则 俄乌冲突与朝鲜半岛毫无关系
https://new.qq.com/rain/a/20241124A04NBW00

2024-11-25 00:37:49,675 - INFO - EXPIRED
黄仁勋被授予港科大荣誉博士，荣誉博士含金量高吗？他本次演讲有什么看点？
https://view.inews.qq.com/a/20241124Q0598U00

2024-11-25 00:37:49,675 - INFO - EXPIRED
校长陪餐还不够，局长陪餐来了
https://new.qq.com/rain/a/20241124A03ZQU00

2024-11-25 00:37:49,675 - INFO - EXPIRED
国家税务总局：12月1日起，全国推广应用数字化电子发票
https://new.qq.com/rain/a/20241124A05I3H00

2024-11-25 00:37:49,675 - INFO - EXPIRED
女驴友坠崖身亡，救援队：事发地游客禁止进入，出事前已徒步六七小时
https://new.qq.com/rain/a/20241124A0279W00

2024-11-25 00:37:49,675 - INFO - EXPIRED
江西景德镇浮梁县发现一具中年男性尸体，警方发布尸源协查通报
https://new.qq.com/rain/a/20241124A05OQ600

2024-11-25 00:37:49,675 - INFO - EXPIRED
董宇辉：我不喜欢“泼天流量”这个词，那不是雨，那是无数个人
https://new.qq.com/rain/a/20241124V05Y7Z00

2024-11-25 00:37:49,675 - INFO - EXPIRED
被奥运冠军管晨辰怒批擦边，吴柳芳退役后转型做短视频算捷径吗？
https://view.inews.qq.com/a/20241124Q034UP00

2024-11-25 00:37:49,675 - INFO - EXPIRED
普京签署新法律：赴乌参战最多可免1000万卢布(约合69.4万人民币)债务
https://new.qq.com/rain/a/20241124A056FR00

2024-11-25 00:37:49,675 - INFO - EXPIRED
合作方与货拉拉司机因600元产生纠纷，一保时捷门店被质问，门店回应
https://new.qq.com/rain/a/20241124A04SIN00

2024-11-25 00:37:49,675 - INFO - EXPIRED
派出所副所长踢打学生遭撤职，被打学生霸凌过同学？教育局：偶发情况
https://new.qq.com/rain/a/20241124A04Z7K00

2024-11-25 00:37:49,675 - INFO - EXPIRED
“75后”魏巍，履新工信部
https://new.qq.com/rain/a/20241124A059MX00

2024-11-25 00:37:49,675 - INFO - EXPIRED
钟南山建议给肺“年检”，这是什么病？为什么这么普遍？
https://view.inews.qq.com/a/20241122Q06SEE00

2024-11-25 00:37:49,675 - INFO - EXPIRED
四部门：深入整治“信息茧房”、严禁利用算法实施大数据“杀熟”
https://new.qq.com/rain/a/20241124A04GTF00

2024-11-25 00:37:49,675 - INFO - EXPIRED
股市涨了，你的基金回本没？基民深套、九成主动权益基金近三年告负
https://new.qq.com/rain/a/20241124A05F5T00

2024-11-25 00:37:49,675 - INFO - EXPIRED
考研人数两年下降86万，专家：“卷学历”性价比急剧下降
https://new.qq.com/rain/a/20241124A052VR00

2024-11-25 00:37:49,675 - INFO - EXPIRED
这个重要领域，中美的联合行动会继续
https://new.qq.com/rain/a/20241124A046B600

2024-11-25 00:37:49,675 - INFO - EXPIRED
大修还是小治，山西应县木塔修缮困局
https://new.qq.com/rain/a/20241124A04ZI600

2024-11-25 00:37:49,675 - INFO - EXPIRED
英媒：法外长称，法国对乌支持没有“红线”，乌可用法国提供的远程导弹打击俄领土
https://new.qq.com/rain/a/20241124A03RMI00

2024-11-25 00:37:49,675 - INFO - EXPIRED
王楚钦终于走出低迷，这状态如何恢复的？能保持住吗？
https://view.inews.qq.com/a/20241124Q04VDI00

2024-11-25 00:37:49,675 - INFO - EXPIRED
这款知名中药，《柳叶刀》认为无效？试验作者：以为会是积极结果
https://new.qq.com/rain/a/20241124A031TO00

2024-11-25 00:37:49,675 - INFO - EXPIRED
当过5年市政府秘书长、4年区委书记，朱国城被查
https://new.qq.com/rain/a/20241124A022P700

2024-11-25 00:37:49,675 - INFO - EXPIRED
派出所人员殴打小学生？警方通报：副所长被撤销行政职务
https://new.qq.com/rain/a/20241124A0420B00

2024-11-25 00:37:49,675 - INFO - EXPIRED
菲律宾，开始摊牌了
https://new.qq.com/rain/a/20241124A01FU800

2024-11-25 00:37:49,675 - INFO - EXPIRED
广东省检察院检察长：依法严惩重大恶性犯罪
https://new.qq.com/rain/a/20241124A037J600

2024-11-25 00:37:49,675 - INFO - EXPIRED
长江水位下降，武汉江滩露出排水管，官方：系污水处理厂合规排放口
https://new.qq.com/rain/a/20241123A06TJ200

2024-11-25 00:37:49,675 - INFO - EXPIRED
江西景德镇市一高校旁农田挖出尸体？多方回应
https://new.qq.com/rain/a/20241124A04FKM00

2024-11-25 00:37:49,675 - INFO - EXPIRED
哈尔滨冰雪大世界糖葫芦售卖点位起拍价100万？回应：9个点位打包价
https://new.qq.com/rain/a/20241124A03TRE00

2024-11-25 00:37:49,675 - INFO - EXPIRED
现在还有虱子？这种土办法真有效吗？
https://view.inews.qq.com/a/20241122Q084HI00

2024-11-25 00:37:49,675 - INFO - EXPIRED
外媒爆：特朗普正考虑设立俄乌冲突问题特使职位，或任命前情报局代理局长担任
https://new.qq.com/rain/a/20241124A032CG00

2024-11-25 00:37:49,675 - INFO - EXPIRED
博雷利：欧盟成员国不能选择性地执行国际刑事法院逮捕令
https://new.qq.com/rain/a/20241124A010FO00

2024-11-25 00:37:49,675 - INFO - EXPIRED
上海千万豪宅楼栋散发恶臭，业主需点熏香压制，夹层竟藏上万只蛆
https://new.qq.com/rain/a/20241124A025OP00

2024-11-25 00:37:49,675 - INFO - EXPIRED
为安抚货拉拉司机发生了推搡？媒体：安抚和推搡竟然能强行联系到一起
https://new.qq.com/rain/a/20241124A0367200

2024-11-25 00:37:49,675 - INFO - EXPIRED
俄罗斯：“可以但不寻求”使用核武器
https://new.qq.com/rain/a/20241124A02Z9U00

2024-11-25 00:37:49,675 - INFO - EXPIRED
把金条做成300公斤重创历史纪录，这难在哪？为什么没有更重的？
https://view.inews.qq.com/a/20241123Q07VNG00

2024-11-25 00:37:49,675 - INFO - EXPIRED
司法部：排查婚姻家庭、欠资欠薪等矛盾纠纷，化解在基层和萌芽状态
https://new.qq.com/rain/a/20241123A089WN00

2024-11-25 00:37:49,675 - INFO - EXPIRED
前体操冠军当女主播，媒体：曾经风光无限的运动员，谋生也未见得容易
https://new.qq.com/rain/a/20241124A02NBQ00

2024-11-25 00:37:49,675 - INFO - EXPIRED
中国对日本恢复免签，石破茂回应
https://new.qq.com/rain/a/20241124A031IB00

2024-11-25 00:37:49,675 - INFO - EXPIRED
乌军再用美制导弹袭俄，多地响起防空警报，泽连斯基称明年可停战
https://new.qq.com/rain/a/20241124V030SI00

2024-11-25 00:37:49,675 - INFO - EXPIRED
海南一县委副书记被查：遭男子举报婚内出轨其妻子，曝光暧昧聊天截图
https://new.qq.com/rain/a/20241124A02ON000

2024-11-25 00:37:49,675 - INFO - EXPIRED
三家银行正式获批解散！中小银行改革化险持续推进
https://new.qq.com/rain/a/20241124A01B7700

2024-11-25 00:37:49,675 - INFO - EXPIRED
武汉大学一视残学生在校6年 2次延毕仍难获得毕业证起诉学校 法院判了
https://new.qq.com/rain/a/20241123A073VP00

2024-11-25 00:37:49,675 - INFO - EXPIRED
TikTok CEO周受资已与马斯克沟通：寻求技术政策等意见
https://new.qq.com/rain/a/20241124A01XJ800

2024-11-25 00:37:49,675 - INFO - EXPIRED
俄称摧毁乌多种装备 乌称前线局势紧张
https://new.qq.com/rain/a/20241124A017H900

2024-11-25 00:37:49,675 - INFO - EXPIRED
数万个“央国企”工作岗位在短视频被售卖，有人被骗30万
https://new.qq.com/rain/a/20241124A01FPJ00

2024-11-25 00:37:49,675 - INFO - EXPIRED
驻加拿大使馆发言人就涉台问题答记者问
https://new.qq.com/rain/a/20241124A01DFI00

2024-11-25 00:37:49,675 - INFO - EXPIRED
要求员工不要彩礼、不靠父母买房引热议，于东来连发11条动态
https://new.qq.com/rain/a/20241123A078M700

2024-11-25 00:37:49,675 - INFO - EXPIRED
加沙地带人道危机加剧：大饼店前民众苦等 饥饿家庭急剧增加
https://new.qq.com/rain/a/20241124A0237500

2024-11-25 00:37:49,675 - INFO - EXPIRED
美元指数涨超108创近13个月新高，人民币承压，外贸企业该如何应对
https://new.qq.com/rain/a/20241123A01SA000

2024-11-25 00:37:49,675 - INFO - EXPIRED
贩婴案中亲生父母约占4成：父母收钱送养子女算拐卖吗
https://new.qq.com/rain/a/20241123A05H8600

2024-11-25 00:37:49,675 - INFO - EXPIRED
保时捷拖欠货拉拉司机600元运费，还投诉导致封号？货拉拉：没有封号
https://new.qq.com/rain/a/20241124A02N2R00

2024-11-25 00:37:49,675 - INFO - EXPIRED
欧洲议会贸易委员会主席：中欧双方正接近达成解决方案，电动汽车关税有望取消
https://new.qq.com/rain/a/20241124A023OZ00

2024-11-25 00:37:49,675 - INFO - EXPIRED
局地降温超16℃！下半年首场寒潮来袭，专家分析有三大特点
https://new.qq.com/rain/a/20241124A0258X00

2024-11-25 00:37:49,675 - INFO - EXPIRED
内塔尼亚胡被发逮捕令 俄方也回应了 
https://new.qq.com/rain/a/20241123A05KOX00

2024-11-25 00:37:49,675 - INFO - EXPIRED
涉200家中国芯片公司，美国又要下黑手？！
https://new.qq.com/rain/a/20241123A07L5P00

2024-11-25 00:37:49,675 - INFO - EXPIRED
保时捷拖欠货拉拉司机运费还打人，且投诉导致对方封号？保时捷回应
https://new.qq.com/rain/a/20241123A05KAZ00

2024-11-25 00:37:49,676 - INFO - EXPIRED
以色列驻约旦使馆附近发生枪击事件：一名枪手被打死，三名警察受伤
https://new.qq.com/rain/a/20241124A02DG700

2024-11-25 00:37:49,676 - INFO - EXPIRED
瑞士高校加强对中俄伊学生审查，被批违反“中立”原则
https://new.qq.com/rain/a/20241123A07TYD00

2024-11-25 00:37:49,676 - INFO - EXPIRED
“我从没感觉这么安全过” 港澳市民登上海南舰
https://new.qq.com/rain/a/20241123V07QKU00

2024-11-25 00:37:49,676 - INFO - EXPIRED
泽连斯基：俄乌冲突完全有可能在2025年结束
https://new.qq.com/rain/a/20241124A00R8P00

2024-11-25 00:37:49,676 - INFO - EXPIRED
台湾花莲台南地区接连发生地震
https://new.qq.com/rain/a/20241124A01OZ800

2024-11-25 00:37:49,676 - INFO - EXPIRED
涉嫌为委反对派领导人提供庇护 阿根廷驻委使馆遭委警察包围
https://new.qq.com/rain/a/20241124A01EOP00

2024-11-25 00:37:50,683 - INFO - INVALID
学习时报：千方百计保护好投资者权益
https://new.qq.com/rain/a/20241125A00Y5W00

2024-11-25 00:37:50,688 - INFO - INVALID
中方如何看待网赌电诈等在泰“中资灰产”问题？中国驻泰国大使回应
https://new.qq.com/rain/a/20241125A0121F00

2024-11-25 00:37:50,699 - INFO - INVALID
以媒称以方已原则上同意以黎停火协议草案 以官方尚未回应
https://new.qq.com/rain/a/20241125A00QDB00

2024-11-25 00:37:50,747 - INFO - INVALID
多地党政主官调研暗访政务热线和办事窗口，有的现场坐班
https://new.qq.com/rain/a/20241125A00XUI00

2024-11-25 00:37:50,751 - INFO - INVALID
美加施压下，墨西哥要替代中国零部件？专家：美方做法威胁全球产供链安全稳定
https://new.qq.com/rain/a/20241125A00UAP00

2024-11-25 00:37:51,125 - INFO - INVALID
欧洲议会高官放风：中欧就中国电动汽车进口关税问题接近达成协议
https://new.qq.com/rain/a/20241125A00U1L00

2024-11-25 00:37:51,130 - INFO - INVALID
寒潮+暴雪+大风预警：华北东北局地降温超16℃，辽宁部分地区有大暴雪
https://new.qq.com/rain/a/20241125A00YAO00

2024-11-25 00:37:51,233 - INFO - INVALID
美媒称美国现政府试图最大限度增强乌克兰实力
https://new.qq.com/rain/a/20241125A00DVW00

2024-11-25 00:37:51,315 - INFO - INVALID
拆解宁德时代近5000亿投资版图
https://new.qq.com/rain/a/20241125A00VBY00

2024-11-25 02:17:46,364 - INFO - EXPIRED
同被国际刑事法院通缉，内塔尼亚胡与普京处境有何异同？
https://new.qq.com/rain/a/20241124A02IEM00

2024-11-25 02:17:46,364 - INFO - EXPIRED
曾经乱象丛生的河南登封武校，如今成为当地买地的重要力量
https://new.qq.com/rain/a/20241124A053DB00

2024-11-25 02:17:46,364 - INFO - EXPIRED
派出所副所长踢打小学生牵出校园霸凌案？当地教育部门回应
https://new.qq.com/rain/a/20241124A069G900

2024-11-25 02:17:46,364 - INFO - EXPIRED
每年7000连交10年保险 老人重疾住院报销被告知失效 涉事保险公司回应
https://new.qq.com/rain/a/20241124A05NKE00

2024-11-25 02:17:46,364 - INFO - EXPIRED
横店群演降薪到10小时135元，短剧也救不了群演了？这个时薪是什么水平？
https://view.inews.qq.com/a/20241124Q03HMH00

2024-11-25 02:17:46,364 - INFO - EXPIRED
十几万横店群演集体降薪，短剧剧组减少，4年“横漂”加500个群找戏拍
https://new.qq.com/rain/a/20241124A02BGD00

2024-11-25 02:17:46,364 - INFO - EXPIRED
博主在大理同一条街三家店买银器，有两家检测不含一丁点银？当地回应
https://new.qq.com/rain/a/20241124A06RI800

2024-11-25 02:17:46,364 - INFO - EXPIRED
向学生摊派食堂费用、转卖食堂食材......9名校长、副校长被处分
https://new.qq.com/rain/a/20241123A07LFC00

2024-11-25 02:17:46,364 - INFO - EXPIRED
货拉拉司机回应与保时捷纠纷：被迫签订了调解协议，账号已被限制接单
https://new.qq.com/rain/a/20241124A06LWJ00

2024-11-25 02:17:46,364 - INFO - EXPIRED
2.8亿元！南京富家千金买下父亲上市公司股份，家族另有一家公司上市
https://new.qq.com/rain/a/20241124A05VXC00

2024-11-25 02:17:46,364 - INFO - EXPIRED
李显龙20年来第15次访华，六天访问三地，想和中方谈些什么
https://new.qq.com/rain/a/20241124A0686Q00

2024-11-25 02:17:46,364 - INFO - EXPIRED
半年两次公示，沈阳文旅局局长刘克斌拟获提拔，被称“最听劝的局长”
https://new.qq.com/rain/a/20241124A06CS500

2024-11-25 02:17:46,364 - INFO - EXPIRED
江苏宿迁儿童医院约4.8亿元拍卖在即！专家：医院应实施战略调整，勿盲目扩张
https://new.qq.com/rain/a/20241124A05TG200

2024-11-25 02:17:46,364 - INFO - EXPIRED
陌生男子尾随16岁女孩图谋不轨 36岁司机拿撬棍相救 民警：案件侦办中
https://new.qq.com/rain/a/20241124A05VS700

2024-11-25 02:17:46,364 - INFO - EXPIRED
广东潮州警方通报：5人散播“店铺被要求整改罚款”等谣言被处罚
https://new.qq.com/rain/a/20241124A06WNZ00

2024-11-25 02:17:46,364 - INFO - EXPIRED
不靠软件的美国软件公司：靠比特币每天赚5亿美元，却被做空机构盯上
https://new.qq.com/rain/a/20241124A06NC200

2024-11-25 02:17:46,364 - INFO - EXPIRED
孙东旭重回东方甄选直播间！冲上带货榜第二反超与辉同行
https://new.qq.com/rain/a/20241124A06DD000

2024-11-25 02:17:46,364 - INFO - EXPIRED
宇宙中有些恒星在以3000公里每秒速度狂奔，它们是“害怕”什么？
https://view.inews.qq.com/a/20241124Q06J1700

2024-11-25 02:17:46,364 - INFO - EXPIRED
以色列北部和中部遭约150枚火箭弹袭击 多人受伤
https://new.qq.com/rain/a/20241124A06R3U00

2024-11-25 02:17:46,364 - INFO - EXPIRED
对话以太坊Vitalik：世界不该落入AI只手遮天的权力王国
https://new.qq.com/rain/a/20241124A06Q6Y00

2024-11-25 02:17:46,364 - INFO - EXPIRED
法国矿业巨头：没有中国技术和设备参与，西方镍企已无法实现盈利
https://new.qq.com/rain/a/20241124A069AX00

2024-11-25 02:17:46,364 - INFO - EXPIRED
她的“金刚怒目”背后，是被殖民百年的历史
https://new.qq.com/rain/a/20241122A07HBF00

2024-11-25 02:17:46,364 - INFO - EXPIRED
特朗普夫人宣布提拔七年亲信为幕僚长，并计划重返白宫后在三地往返
https://new.qq.com/rain/a/20241124A05WJX00

2024-11-25 02:17:46,365 - INFO - EXPIRED
足球俱乐部，割球迷的韭菜？
https://new.qq.com/rain/a/20241124A0642900

2024-11-25 02:17:46,365 - INFO - EXPIRED
河南洛阳一高中强制让家长看晚自习？校方：只倡导不强制，有老师值班
https://new.qq.com/rain/a/20241124A05MYO00

2024-11-25 02:17:46,365 - INFO - EXPIRED
俱乐部馆长谈“格斗女中医”石铭夺冠：她可爱腼腆 训练对手都是男性
https://new.qq.com/rain/a/20241124V06B4G00

2024-11-25 02:17:46,365 - INFO - EXPIRED
苏州小伙与朋友轮流点外卖吃后退款，多个骑手和商家被封号？平台回应
https://new.qq.com/rain/a/20241124A063CE00

2024-11-25 02:17:46,365 - INFO - EXPIRED
外媒：伊朗将与英法德磋商重启核协议
https://new.qq.com/rain/a/20241124A06IAU00

2024-11-25 02:17:46,365 - INFO - EXPIRED
梅德韦杰夫：“榛树”导弹可对欧洲造成其无法承受的破坏
https://new.qq.com/rain/a/20241124A05HB700

2024-11-25 02:17:46,365 - INFO - EXPIRED
外媒：加拿大蒙特利尔爆发骚乱之际，特鲁多正在演唱会上唱歌跳舞引发争议
https://new.qq.com/rain/a/20241124A05T3X00

2024-11-25 02:17:46,365 - INFO - EXPIRED
男子称母亲已去世将起诉维权，为何酒店养老不受待见？
https://view.inews.qq.com/a/20241124Q04WQT00

2024-11-25 02:17:46,365 - INFO - EXPIRED
平江发现超40条金矿脉，储量超1000吨，估值达6000亿元？湖南黄金回应
https://new.qq.com/rain/a/20241124A05AUI00

2024-11-25 02:17:46,365 - INFO - EXPIRED
36034994586981美元！美国国债总额再创新高
https://new.qq.com/rain/a/20241124A05PVY00

2024-11-25 02:17:46,365 - INFO - EXPIRED
俄副外长：俄朝合作符合国际法准则 俄乌冲突与朝鲜半岛毫无关系
https://new.qq.com/rain/a/20241124A04NBW00

2024-11-25 02:17:46,365 - INFO - EXPIRED
黄仁勋被授予港科大荣誉博士，荣誉博士含金量高吗？他本次演讲有什么看点？
https://view.inews.qq.com/a/20241124Q0598U00

2024-11-25 02:17:46,365 - INFO - EXPIRED
校长陪餐还不够，局长陪餐来了
https://new.qq.com/rain/a/20241124A03ZQU00

2024-11-25 02:17:46,365 - INFO - EXPIRED
国家税务总局：12月1日起，全国推广应用数字化电子发票
https://new.qq.com/rain/a/20241124A05I3H00

2024-11-25 02:17:46,365 - INFO - EXPIRED
女驴友坠崖身亡，救援队：事发地游客禁止进入，出事前已徒步六七小时
https://new.qq.com/rain/a/20241124A0279W00

2024-11-25 02:17:46,365 - INFO - EXPIRED
江西景德镇浮梁县发现一具中年男性尸体，警方发布尸源协查通报
https://new.qq.com/rain/a/20241124A05OQ600

2024-11-25 02:17:46,365 - INFO - EXPIRED
董宇辉：我不喜欢“泼天流量”这个词，那不是雨，那是无数个人
https://new.qq.com/rain/a/20241124V05Y7Z00

2024-11-25 02:17:46,365 - INFO - EXPIRED
被奥运冠军管晨辰怒批擦边，吴柳芳退役后转型做短视频算捷径吗？
https://view.inews.qq.com/a/20241124Q034UP00

2024-11-25 02:17:46,365 - INFO - EXPIRED
普京签署新法律：赴乌参战最多可免1000万卢布(约合69.4万人民币)债务
https://new.qq.com/rain/a/20241124A056FR00

2024-11-25 02:17:46,365 - INFO - EXPIRED
合作方与货拉拉司机因600元产生纠纷，一保时捷门店被质问，门店回应
https://new.qq.com/rain/a/20241124A04SIN00

2024-11-25 02:17:46,365 - INFO - EXPIRED
派出所副所长踢打学生遭撤职，被打学生霸凌过同学？教育局：偶发情况
https://new.qq.com/rain/a/20241124A04Z7K00

2024-11-25 02:17:46,365 - INFO - EXPIRED
“75后”魏巍，履新工信部
https://new.qq.com/rain/a/20241124A059MX00

2024-11-25 02:17:46,365 - INFO - EXPIRED
钟南山建议给肺“年检”，这是什么病？为什么这么普遍？
https://view.inews.qq.com/a/20241122Q06SEE00

2024-11-25 02:17:46,365 - INFO - EXPIRED
四部门：深入整治“信息茧房”、严禁利用算法实施大数据“杀熟”
https://new.qq.com/rain/a/20241124A04GTF00

2024-11-25 02:17:46,365 - INFO - EXPIRED
股市涨了，你的基金回本没？基民深套、九成主动权益基金近三年告负
https://new.qq.com/rain/a/20241124A05F5T00

2024-11-25 02:17:46,365 - INFO - EXPIRED
考研人数两年下降86万，专家：“卷学历”性价比急剧下降
https://new.qq.com/rain/a/20241124A052VR00

2024-11-25 02:17:46,365 - INFO - EXPIRED
这个重要领域，中美的联合行动会继续
https://new.qq.com/rain/a/20241124A046B600

2024-11-25 02:17:46,365 - INFO - EXPIRED
大修还是小治，山西应县木塔修缮困局
https://new.qq.com/rain/a/20241124A04ZI600

2024-11-25 02:17:46,365 - INFO - EXPIRED
英媒：法外长称，法国对乌支持没有“红线”，乌可用法国提供的远程导弹打击俄领土
https://new.qq.com/rain/a/20241124A03RMI00

2024-11-25 02:17:46,365 - INFO - EXPIRED
王楚钦终于走出低迷，这状态如何恢复的？能保持住吗？
https://view.inews.qq.com/a/20241124Q04VDI00

2024-11-25 02:17:46,365 - INFO - EXPIRED
这款知名中药，《柳叶刀》认为无效？试验作者：以为会是积极结果
https://new.qq.com/rain/a/20241124A031TO00

2024-11-25 02:17:46,365 - INFO - EXPIRED
当过5年市政府秘书长、4年区委书记，朱国城被查
https://new.qq.com/rain/a/20241124A022P700

2024-11-25 02:17:46,365 - INFO - EXPIRED
派出所人员殴打小学生？警方通报：副所长被撤销行政职务
https://new.qq.com/rain/a/20241124A0420B00

2024-11-25 02:17:46,365 - INFO - EXPIRED
菲律宾，开始摊牌了
https://new.qq.com/rain/a/20241124A01FU800

2024-11-25 02:17:46,365 - INFO - EXPIRED
广东省检察院检察长：依法严惩重大恶性犯罪
https://new.qq.com/rain/a/20241124A037J600

2024-11-25 02:17:46,365 - INFO - EXPIRED
长江水位下降，武汉江滩露出排水管，官方：系污水处理厂合规排放口
https://new.qq.com/rain/a/20241123A06TJ200

2024-11-25 02:17:46,365 - INFO - EXPIRED
江西景德镇市一高校旁农田挖出尸体？多方回应
https://new.qq.com/rain/a/20241124A04FKM00

2024-11-25 02:17:46,365 - INFO - EXPIRED
哈尔滨冰雪大世界糖葫芦售卖点位起拍价100万？回应：9个点位打包价
https://new.qq.com/rain/a/20241124A03TRE00

2024-11-25 02:17:46,365 - INFO - EXPIRED
现在还有虱子？这种土办法真有效吗？
https://view.inews.qq.com/a/20241122Q084HI00

2024-11-25 02:17:46,365 - INFO - EXPIRED
外媒爆：特朗普正考虑设立俄乌冲突问题特使职位，或任命前情报局代理局长担任
https://new.qq.com/rain/a/20241124A032CG00

2024-11-25 02:17:46,365 - INFO - EXPIRED
博雷利：欧盟成员国不能选择性地执行国际刑事法院逮捕令
https://new.qq.com/rain/a/20241124A010FO00

2024-11-25 02:17:46,365 - INFO - EXPIRED
上海千万豪宅楼栋散发恶臭，业主需点熏香压制，夹层竟藏上万只蛆
https://new.qq.com/rain/a/20241124A025OP00

2024-11-25 02:17:46,365 - INFO - EXPIRED
为安抚货拉拉司机发生了推搡？媒体：安抚和推搡竟然能强行联系到一起
https://new.qq.com/rain/a/20241124A0367200

2024-11-25 02:17:46,365 - INFO - EXPIRED
俄罗斯：“可以但不寻求”使用核武器
https://new.qq.com/rain/a/20241124A02Z9U00

2024-11-25 02:17:46,365 - INFO - EXPIRED
把金条做成300公斤重创历史纪录，这难在哪？为什么没有更重的？
https://view.inews.qq.com/a/20241123Q07VNG00

2024-11-25 02:17:46,365 - INFO - EXPIRED
司法部：排查婚姻家庭、欠资欠薪等矛盾纠纷，化解在基层和萌芽状态
https://new.qq.com/rain/a/20241123A089WN00

2024-11-25 02:17:46,365 - INFO - EXPIRED
前体操冠军当女主播，媒体：曾经风光无限的运动员，谋生也未见得容易
https://new.qq.com/rain/a/20241124A02NBQ00

2024-11-25 02:17:46,365 - INFO - EXPIRED
中国对日本恢复免签，石破茂回应
https://new.qq.com/rain/a/20241124A031IB00

2024-11-25 02:17:46,365 - INFO - EXPIRED
乌军再用美制导弹袭俄，多地响起防空警报，泽连斯基称明年可停战
https://new.qq.com/rain/a/20241124V030SI00

2024-11-25 02:17:46,365 - INFO - EXPIRED
海南一县委副书记被查：遭男子举报婚内出轨其妻子，曝光暧昧聊天截图
https://new.qq.com/rain/a/20241124A02ON000

2024-11-25 02:17:46,365 - INFO - EXPIRED
三家银行正式获批解散！中小银行改革化险持续推进
https://new.qq.com/rain/a/20241124A01B7700

2024-11-25 02:17:46,365 - INFO - EXPIRED
武汉大学一视残学生在校6年 2次延毕仍难获得毕业证起诉学校 法院判了
https://new.qq.com/rain/a/20241123A073VP00

2024-11-25 02:17:46,365 - INFO - EXPIRED
TikTok CEO周受资已与马斯克沟通：寻求技术政策等意见
https://new.qq.com/rain/a/20241124A01XJ800

2024-11-25 02:17:46,366 - INFO - EXPIRED
俄称摧毁乌多种装备 乌称前线局势紧张
https://new.qq.com/rain/a/20241124A017H900

2024-11-25 02:17:46,366 - INFO - EXPIRED
数万个“央国企”工作岗位在短视频被售卖，有人被骗30万
https://new.qq.com/rain/a/20241124A01FPJ00

2024-11-25 02:17:46,366 - INFO - EXPIRED
驻加拿大使馆发言人就涉台问题答记者问
https://new.qq.com/rain/a/20241124A01DFI00

2024-11-25 02:17:47,473 - INFO - INVALID
中方如何看待网赌电诈等在泰“中资灰产”问题？中国驻泰国大使回应
https://new.qq.com/rain/a/20241125A0121F00

2024-11-25 02:17:47,528 - INFO - INVALID
“特朗普2.0”如何施政，全看美股怎么表现？一文读懂
https://new.qq.com/rain/a/20241125A01IPJ00

2024-11-25 02:17:47,614 - INFO - INVALID
延迟退休潮下的中国选择
https://new.qq.com/rain/a/20241125A01HFF00

2024-11-25 02:17:47,621 - INFO - INVALID
杉杉变局
https://new.qq.com/rain/a/20241125A025I000

2024-11-25 02:17:47,665 - INFO - INVALID
央行开展9000亿元1年期MLF操作 利率维持不变
https://new.qq.com/rain/a/20241125A021FT00

2024-11-25 02:17:48,049 - INFO - INVALID
李在明“教唆伪证”案一审将宣判，终审定罪若成立或将无法竞选总统
https://new.qq.com/rain/a/20241125A015W500

2024-11-25 02:17:48,195 - INFO - INVALID
伊朗最高领袖顾问：伊朗正准备“回应”以色列
https://new.qq.com/rain/a/20241125A01A2X00

2024-11-25 02:17:48,234 - INFO - INVALID
泽连斯基：正详细检查“榛树”导弹残骸 寻找应对方法
https://new.qq.com/rain/a/20241125A00MG800

2024-11-25 02:17:48,270 - ERROR - ERROR
游戏人生 _ 全球首富成最强玩家！马斯克究竟有多爱玩游戏？
https://new.qq.com/rain/a/20241125V0245W00
('list index out of range',)
======
Traceback (most recent call last):
  File "/home/runner/work/qqnews/qqnews/qq.py", line 81, in process_article
    ss = str(tmpbs.select("div.LEFT div.content.clearfix")[0])
             ~~~~~~~~~~~~~~~~~~~~~~~~~~~~~~~~~~~~~~~~~~~~~^^^
IndexError: list index out of range


2024-11-25 02:17:48,295 - INFO - INVALID
突破36万亿美元！时隔三个多月 美国国债规模再创历史新高
https://new.qq.com/rain/a/20241125A01IPG00

2024-11-25 02:17:48,625 - INFO - INVALID
通用、丰田、福特等恳求特朗普，不要取消电车税收抵免
https://new.qq.com/rain/a/20241125A01OYZ00

2024-11-25 02:17:48,829 - INFO - INVALID
美加施压下，墨西哥要替代中国零部件？专家：美方做法威胁全球产供链安全稳定
https://new.qq.com/rain/a/20241125A00UAP00

2024-11-25 02:17:48,862 - INFO - INVALID
学习时报：千方百计保护好投资者权益
https://new.qq.com/rain/a/20241125A00Y5W00

2024-11-25 02:17:48,897 - INFO - INVALID
社科院张斌：“中国居民部门钱太多了”是误解 核心因素是收入放缓
https://new.qq.com/rain/a/20241125A0072G00

2024-11-25 02:17:48,931 - INFO - INVALID
多地党政主官调研暗访政务热线和办事窗口，有的现场坐班
https://new.qq.com/rain/a/20241125A00XUI00

2024-11-25 02:17:49,263 - INFO - INVALID
以媒称以方已原则上同意以黎停火协议草案 以官方尚未回应
https://new.qq.com/rain/a/20241125A00QDB00

2024-11-25 02:17:49,400 - INFO - INVALID
寒潮+暴雪+大风预警：华北东北局地降温超16℃，辽宁部分地区有大暴雪
https://new.qq.com/rain/a/20241125A00YAO00

2024-11-25 02:17:49,484 - INFO - INVALID
特斯拉中国：Model Y限时交付尾款立减1万元
https://new.qq.com/rain/a/20241125A015KD00

2024-11-25 02:17:49,543 - INFO - INVALID
美媒称美国现政府试图最大限度增强乌克兰实力
https://new.qq.com/rain/a/20241125A00DVW00

2024-11-25 02:17:49,575 - INFO - INVALID
欧洲议会高官放风：中欧就中国电动汽车进口关税问题接近达成协议
https://new.qq.com/rain/a/20241125A00U1L00

2024-11-25 02:17:49,970 - INFO - INVALID
拆解宁德时代近5000亿投资版图
https://new.qq.com/rain/a/20241125A00VBY00

