2026-05-25 01:57:07,767 - INFO - Total time taken: {'ret': 0, 'msg': 'success', 'data': None}
2026-05-25 01:57:07,767 - INFO - 'NoneType' object is not subscriptable
2026-05-25 01:57:07,768 - INFO - Traceback (most recent call last):
  File "/home/runner/work/qqnews/qqnews/qq.py", line 128, in main
    for i in qq1["data"]["list"]:
             ~~~~~~~~~~~^^^^^^^^
TypeError: 'NoneType' object is not subscriptable

2026-05-25 06:16:44,600 - INFO - Total time taken: {'ret': 0, 'msg': 'success', 'data': None}
2026-05-25 06:16:44,600 - INFO - 'NoneType' object is not subscriptable
2026-05-25 06:16:44,600 - INFO - Traceback (most recent call last):
  File "/home/runner/work/qqnews/qqnews/qq.py", line 128, in main
    for i in qq1["data"]["list"]:
             ~~~~~~~~~~~^^^^^^^^
TypeError: 'NoneType' object is not subscriptable

2026-05-25 11:00:44,797 - INFO - Total time taken: {'ret': 0, 'msg': 'success', 'data': None}
2026-05-25 11:00:44,798 - INFO - 'NoneType' object is not subscriptable
2026-05-25 11:00:44,798 - INFO - Traceback (most recent call last):
  File "/home/runner/work/qqnews/qqnews/qq.py", line 128, in main
    for i in qq1["data"]["list"]:
             ~~~~~~~~~~~^^^^^^^^
TypeError: 'NoneType' object is not subscriptable

2026-05-25 14:08:03,078 - INFO - Total time taken: {'ret': 0, 'msg': 'success', 'data': None}
2026-05-25 14:08:03,078 - INFO - 'NoneType' object is not subscriptable
2026-05-25 14:08:03,079 - INFO - Traceback (most recent call last):
  File "/home/runner/work/qqnews/qqnews/qq.py", line 128, in main
    for i in qq1["data"]["list"]:
             ~~~~~~~~~~~^^^^^^^^
TypeError: 'NoneType' object is not subscriptable

2026-05-25 16:54:58,927 - INFO - Total time taken: {'ret': 0, 'msg': 'success', 'data': None}
2026-05-25 16:54:58,927 - INFO - 'NoneType' object is not subscriptable
2026-05-25 16:54:58,928 - INFO - Traceback (most recent call last):
  File "/home/runner/work/qqnews/qqnews/qq.py", line 128, in main
    for i in qq1["data"]["list"]:
             ~~~~~~~~~~~^^^^^^^^
TypeError: 'NoneType' object is not subscriptable

2026-05-25 18:19:26,617 - INFO - Total time taken: {'ret': 0, 'msg': 'success', 'data': None}
2026-05-25 18:19:26,618 - INFO - 'NoneType' object is not subscriptable
2026-05-25 18:19:26,618 - INFO - Traceback (most recent call last):
  File "/home/runner/work/qqnews/qqnews/qq.py", line 128, in main
    for i in qq1["data"]["list"]:
             ~~~~~~~~~~~^^^^^^^^
TypeError: 'NoneType' object is not subscriptable

2026-05-25 20:16:29,828 - INFO - Total time taken: {'ret': 0, 'msg': 'success', 'data': None}
2026-05-25 20:16:29,829 - INFO - 'NoneType' object is not subscriptable
2026-05-25 20:16:29,829 - INFO - Traceback (most recent call last):
  File "/home/runner/work/qqnews/qqnews/qq.py", line 128, in main
    for i in qq1["data"]["list"]:
             ~~~~~~~~~~~^^^^^^^^
TypeError: 'NoneType' object is not subscriptable

2026-05-25 21:57:40,171 - INFO - Total time taken: {'ret': 0, 'msg': 'success', 'data': None}
2026-05-25 21:57:40,171 - INFO - 'NoneType' object is not subscriptable
2026-05-25 21:57:40,171 - INFO - Traceback (most recent call last):
  File "/home/runner/work/qqnews/qqnews/qq.py", line 128, in main
    for i in qq1["data"]["list"]:
             ~~~~~~~~~~~^^^^^^^^
TypeError: 'NoneType' object is not subscriptable

2026-05-25 22:52:49,209 - INFO - Total time taken: {'ret': 0, 'msg': 'success', 'data': None}
2026-05-25 22:52:49,209 - INFO - 'NoneType' object is not subscriptable
2026-05-25 22:52:49,209 - INFO - Traceback (most recent call last):
  File "/home/runner/work/qqnews/qqnews/qq.py", line 128, in main
    for i in qq1["data"]["list"]:
             ~~~~~~~~~~~^^^^^^^^
TypeError: 'NoneType' object is not subscriptable

