2026-06-25 01:54:25,542 - INFO - Total time taken: {'ret': 0, 'msg': 'success', 'data': None}
2026-06-25 01:54:25,543 - INFO - 'NoneType' object is not subscriptable
2026-06-25 01:54:25,543 - INFO - Traceback (most recent call last):
  File "/home/runner/work/qqnews/qqnews/qq.py", line 128, in main
    for i in qq1["data"]["list"]:
             ~~~~~~~~~~~^^^^^^^^
TypeError: 'NoneType' object is not subscriptable

2026-06-25 05:53:58,040 - INFO - Total time taken: {'ret': 0, 'msg': 'success', 'data': None}
2026-06-25 05:53:58,040 - INFO - 'NoneType' object is not subscriptable
2026-06-25 05:53:58,040 - INFO - Traceback (most recent call last):
  File "/home/runner/work/qqnews/qqnews/qq.py", line 128, in main
    for i in qq1["data"]["list"]:
             ~~~~~~~~~~~^^^^^^^^
TypeError: 'NoneType' object is not subscriptable

2026-06-25 08:42:35,700 - INFO - Total time taken: {'ret': 0, 'msg': 'success', 'data': None}
2026-06-25 08:42:35,700 - INFO - 'NoneType' object is not subscriptable
2026-06-25 08:42:35,700 - INFO - Traceback (most recent call last):
  File "/home/runner/work/qqnews/qqnews/qq.py", line 128, in main
    for i in qq1["data"]["list"]:
             ~~~~~~~~~~~^^^^^^^^
TypeError: 'NoneType' object is not subscriptable

