2025-12-28 00:51:17,749 - INFO - Total time taken: {'ret': 0, 'msg': 'success', 'data': None}
2025-12-28 00:51:17,749 - INFO - 'NoneType' object is not subscriptable
2025-12-28 00:51:17,750 - INFO - Traceback (most recent call last):
  File "/home/runner/work/qqnews/qqnews/qq.py", line 128, in main
    for i in qq1["data"]["list"]:
             ~~~~~~~~~~~^^^^^^^^
TypeError: 'NoneType' object is not subscriptable

2025-12-28 02:59:25,069 - INFO - Total time taken: {'ret': 0, 'msg': 'success', 'data': None}
2025-12-28 02:59:25,069 - INFO - 'NoneType' object is not subscriptable
2025-12-28 02:59:25,070 - INFO - Traceback (most recent call last):
  File "/home/runner/work/qqnews/qqnews/qq.py", line 128, in main
    for i in qq1["data"]["list"]:
             ~~~~~~~~~~~^^^^^^^^
TypeError: 'NoneType' object is not subscriptable

2025-12-28 04:05:55,409 - INFO - Total time taken: {'ret': 0, 'msg': 'success', 'data': None}
2025-12-28 04:05:55,409 - INFO - 'NoneType' object is not subscriptable
2025-12-28 04:05:55,409 - INFO - Traceback (most recent call last):
  File "/home/runner/work/qqnews/qqnews/qq.py", line 128, in main
    for i in qq1["data"]["list"]:
             ~~~~~~~~~~~^^^^^^^^
TypeError: 'NoneType' object is not subscriptable

2025-12-28 05:14:54,789 - INFO - Total time taken: {'ret': 0, 'msg': 'success', 'data': None}
2025-12-28 05:14:54,789 - INFO - 'NoneType' object is not subscriptable
2025-12-28 05:14:54,789 - INFO - Traceback (most recent call last):
  File "/home/runner/work/qqnews/qqnews/qq.py", line 128, in main
    for i in qq1["data"]["list"]:
             ~~~~~~~~~~~^^^^^^^^
TypeError: 'NoneType' object is not subscriptable

2025-12-28 06:14:13,098 - INFO - Total time taken: {'ret': 0, 'msg': 'success', 'data': None}
2025-12-28 06:14:13,098 - INFO - 'NoneType' object is not subscriptable
2025-12-28 06:14:13,099 - INFO - Traceback (most recent call last):
  File "/home/runner/work/qqnews/qqnews/qq.py", line 128, in main
    for i in qq1["data"]["list"]:
             ~~~~~~~~~~~^^^^^^^^
TypeError: 'NoneType' object is not subscriptable

2025-12-28 07:10:53,673 - INFO - Total time taken: {'ret': 0, 'msg': 'success', 'data': None}
2025-12-28 07:10:53,673 - INFO - 'NoneType' object is not subscriptable
2025-12-28 07:10:53,674 - INFO - Traceback (most recent call last):
  File "/home/runner/work/qqnews/qqnews/qq.py", line 128, in main
    for i in qq1["data"]["list"]:
             ~~~~~~~~~~~^^^^^^^^
TypeError: 'NoneType' object is not subscriptable

