2026-05-16 01:27:31,400 - INFO - Total time taken: {'ret': 0, 'msg': 'success', 'data': None}
2026-05-16 01:27:31,401 - INFO - 'NoneType' object is not subscriptable
2026-05-16 01:27:31,401 - INFO - Traceback (most recent call last):
  File "/home/runner/work/qqnews/qqnews/qq.py", line 128, in main
    for i in qq1["data"]["list"]:
             ~~~~~~~~~~~^^^^^^^^
TypeError: 'NoneType' object is not subscriptable

2026-05-16 05:14:51,016 - INFO - Total time taken: {'ret': 0, 'msg': 'success', 'data': None}
2026-05-16 05:14:51,016 - INFO - 'NoneType' object is not subscriptable
2026-05-16 05:14:51,016 - INFO - Traceback (most recent call last):
  File "/home/runner/work/qqnews/qqnews/qq.py", line 128, in main
    for i in qq1["data"]["list"]:
             ~~~~~~~~~~~^^^^^^^^
TypeError: 'NoneType' object is not subscriptable

2026-05-16 07:43:50,857 - INFO - Total time taken: {'ret': 0, 'msg': 'success', 'data': None}
2026-05-16 07:43:50,857 - INFO - 'NoneType' object is not subscriptable
2026-05-16 07:43:50,858 - INFO - Traceback (most recent call last):
  File "/home/runner/work/qqnews/qqnews/qq.py", line 128, in main
    for i in qq1["data"]["list"]:
             ~~~~~~~~~~~^^^^^^^^
TypeError: 'NoneType' object is not subscriptable

2026-05-16 09:16:53,508 - INFO - Total time taken: {'ret': 0, 'msg': 'success', 'data': None}
2026-05-16 09:16:53,508 - INFO - 'NoneType' object is not subscriptable
2026-05-16 09:16:53,508 - INFO - Traceback (most recent call last):
  File "/home/runner/work/qqnews/qqnews/qq.py", line 128, in main
    for i in qq1["data"]["list"]:
             ~~~~~~~~~~~^^^^^^^^
TypeError: 'NoneType' object is not subscriptable

2026-05-16 10:51:36,264 - INFO - Total time taken: {'ret': 0, 'msg': 'success', 'data': None}
2026-05-16 10:51:36,265 - INFO - 'NoneType' object is not subscriptable
2026-05-16 10:51:36,265 - INFO - Traceback (most recent call last):
  File "/home/runner/work/qqnews/qqnews/qq.py", line 128, in main
    for i in qq1["data"]["list"]:
             ~~~~~~~~~~~^^^^^^^^
TypeError: 'NoneType' object is not subscriptable

2026-05-16 11:40:20,726 - INFO - Total time taken: {'ret': 0, 'msg': 'success', 'data': None}
2026-05-16 11:40:20,727 - INFO - 'NoneType' object is not subscriptable
2026-05-16 11:40:20,727 - INFO - Traceback (most recent call last):
  File "/home/runner/work/qqnews/qqnews/qq.py", line 128, in main
    for i in qq1["data"]["list"]:
             ~~~~~~~~~~~^^^^^^^^
TypeError: 'NoneType' object is not subscriptable

2026-05-16 12:49:43,696 - INFO - Total time taken: {'ret': 0, 'msg': 'success', 'data': None}
2026-05-16 12:49:43,696 - INFO - 'NoneType' object is not subscriptable
2026-05-16 12:49:43,696 - INFO - Traceback (most recent call last):
  File "/home/runner/work/qqnews/qqnews/qq.py", line 128, in main
    for i in qq1["data"]["list"]:
             ~~~~~~~~~~~^^^^^^^^
TypeError: 'NoneType' object is not subscriptable

