2026-02-20 00:55:24,026 - INFO - Total time taken: {'ret': 0, 'msg': 'success', 'data': None}
2026-02-20 00:55:24,026 - INFO - 'NoneType' object is not subscriptable
2026-02-20 00:55:24,026 - INFO - Traceback (most recent call last):
  File "/home/runner/work/qqnews/qqnews/qq.py", line 128, in main
    for i in qq1["data"]["list"]:
             ~~~~~~~~~~~^^^^^^^^
TypeError: 'NoneType' object is not subscriptable

2026-02-20 03:26:05,816 - INFO - Total time taken: {'ret': 0, 'msg': 'success', 'data': None}
2026-02-20 03:26:05,816 - INFO - 'NoneType' object is not subscriptable
2026-02-20 03:26:05,817 - INFO - Traceback (most recent call last):
  File "/home/runner/work/qqnews/qqnews/qq.py", line 128, in main
    for i in qq1["data"]["list"]:
             ~~~~~~~~~~~^^^^^^^^
TypeError: 'NoneType' object is not subscriptable

2026-02-20 05:10:05,492 - INFO - Total time taken: {'ret': 0, 'msg': 'success', 'data': None}
2026-02-20 05:10:05,492 - INFO - 'NoneType' object is not subscriptable
2026-02-20 05:10:05,493 - INFO - Traceback (most recent call last):
  File "/home/runner/work/qqnews/qqnews/qq.py", line 128, in main
    for i in qq1["data"]["list"]:
             ~~~~~~~~~~~^^^^^^^^
TypeError: 'NoneType' object is not subscriptable

