2026-07-23 01:20:00,175 - INFO - Total time taken: {'ret': 0, 'msg': 'success', 'data': None}
2026-07-23 01:20:00,175 - INFO - 'NoneType' object is not subscriptable
2026-07-23 01:20:00,176 - INFO - Traceback (most recent call last):
  File "/home/runner/work/qqnews/qqnews/qq.py", line 128, in main
    for i in qq1["data"]["list"]:
             ~~~~~~~~~~~^^^^^^^^
TypeError: 'NoneType' object is not subscriptable

2026-07-23 04:59:20,492 - INFO - Total time taken: {'ret': 0, 'msg': 'success', 'data': None}
2026-07-23 04:59:20,493 - INFO - 'NoneType' object is not subscriptable
2026-07-23 04:59:20,493 - INFO - Traceback (most recent call last):
  File "/home/runner/work/qqnews/qqnews/qq.py", line 128, in main
    for i in qq1["data"]["list"]:
             ~~~~~~~~~~~^^^^^^^^
TypeError: 'NoneType' object is not subscriptable

2026-07-23 07:29:31,753 - INFO - Total time taken: {'ret': 0, 'msg': 'success', 'data': None}
2026-07-23 07:29:31,754 - INFO - 'NoneType' object is not subscriptable
2026-07-23 07:29:31,754 - INFO - Traceback (most recent call last):
  File "/home/runner/work/qqnews/qqnews/qq.py", line 128, in main
    for i in qq1["data"]["list"]:
             ~~~~~~~~~~~^^^^^^^^
TypeError: 'NoneType' object is not subscriptable

2026-07-23 10:07:43,526 - INFO - Total time taken: {'ret': 0, 'msg': 'success', 'data': None}
2026-07-23 10:07:43,527 - INFO - 'NoneType' object is not subscriptable
2026-07-23 10:07:43,527 - INFO - Traceback (most recent call last):
  File "/home/runner/work/qqnews/qqnews/qq.py", line 128, in main
    for i in qq1["data"]["list"]:
             ~~~~~~~~~~~^^^^^^^^
TypeError: 'NoneType' object is not subscriptable

2026-07-23 12:16:05,269 - INFO - Total time taken: {'ret': 0, 'msg': 'success', 'data': None}
2026-07-23 12:16:05,269 - INFO - 'NoneType' object is not subscriptable
2026-07-23 12:16:05,270 - INFO - Traceback (most recent call last):
  File "/home/runner/work/qqnews/qqnews/qq.py", line 128, in main
    for i in qq1["data"]["list"]:
             ~~~~~~~~~~~^^^^^^^^
TypeError: 'NoneType' object is not subscriptable

