2026-07-18 01:09:12,073 - INFO - Total time taken: {'ret': 0, 'msg': 'success', 'data': None}
2026-07-18 01:09:12,073 - INFO - 'NoneType' object is not subscriptable
2026-07-18 01:09:12,073 - INFO - Traceback (most recent call last):
  File "/home/runner/work/qqnews/qqnews/qq.py", line 128, in main
    for i in qq1["data"]["list"]:
             ~~~~~~~~~~~^^^^^^^^
TypeError: 'NoneType' object is not subscriptable

2026-07-18 04:33:55,542 - INFO - Total time taken: {'ret': 0, 'msg': 'success', 'data': None}
2026-07-18 04:33:55,543 - INFO - 'NoneType' object is not subscriptable
2026-07-18 04:33:55,543 - INFO - Traceback (most recent call last):
  File "/home/runner/work/qqnews/qqnews/qq.py", line 128, in main
    for i in qq1["data"]["list"]:
             ~~~~~~~~~~~^^^^^^^^
TypeError: 'NoneType' object is not subscriptable

2026-07-18 06:50:12,085 - INFO - Total time taken: {'ret': 0, 'msg': 'success', 'data': None}
2026-07-18 06:50:12,085 - INFO - 'NoneType' object is not subscriptable
2026-07-18 06:50:12,086 - INFO - Traceback (most recent call last):
  File "/home/runner/work/qqnews/qqnews/qq.py", line 128, in main
    for i in qq1["data"]["list"]:
             ~~~~~~~~~~~^^^^^^^^
TypeError: 'NoneType' object is not subscriptable

