2024-12-29 00:38:50,504 - INFO - EXPIRED
成都上空疑似出现中国“六代机”，美媒和马斯克都震惊了
https://new.qq.com/rain/a/20241228A087WB00

2024-12-29 00:38:50,504 - INFO - EXPIRED
高铁动车8号、9号车厢为什么不通？乘坐“加长版”动车组这些请留意
https://new.qq.com/rain/a/20241228A0784B00

2024-12-29 00:38:50,504 - INFO - EXPIRED
阿富汗和巴基斯坦边境爆发激烈冲突，他们有什么矛盾？历史关系如何？
https://view.inews.qq.com/a/20241228Q07EW700

2024-12-29 00:38:50,504 - INFO - EXPIRED
两大天王同日演唱会遭意外：刘德华险从3米高台摔下，郭富城跌落舞台
https://new.qq.com/rain/a/20241228V06NG000

2024-12-29 00:38:50,504 - INFO - EXPIRED
阜阳41岁教师袁宁因病去世，200多名毕业生赶来送行，亲属：学生们陪他到生命最后一刻
https://new.qq.com/rain/a/20241228A05VTP00

2024-12-29 00:38:50,504 - INFO - EXPIRED
乌总统泽连斯基：阿航失事飞机上的孔洞和凹痕非常像防空导弹袭击造成
https://new.qq.com/rain/a/20241228A084NF00

2024-12-29 00:38:50,504 - INFO - EXPIRED
主题乐园“厮杀”一年：上海迪士尼排队减少，代购不再月入过万，有乐园破产被摆上货架
https://new.qq.com/rain/a/20241228A06G9000

2024-12-29 00:38:50,504 - INFO - EXPIRED
台军人手枪卧射照被嘲“P图”，台军证实图是真的
https://new.qq.com/rain/a/20241228A07SH900

2024-12-29 00:38:50,505 - INFO - EXPIRED
特朗普许诺的“伟大”还没到，裂痕先来了
https://new.qq.com/rain/a/20241228A07OIT00

2024-12-29 00:38:50,505 - INFO - EXPIRED
文面小伙直播被网暴后决定洗去文身：清洗右眼后，视力下降了
https://new.qq.com/rain/a/20241228A06G3700

2024-12-29 00:38:50,505 - INFO - EXPIRED
上市公司要将6000余平方米房产转让给董事长，作价2000万元
https://new.qq.com/rain/a/20241228A06AO800

2024-12-29 00:38:50,505 - INFO - EXPIRED
全国闭店、转型失败，娃哈哈为什么玩不转奶茶店
https://new.qq.com/rain/a/20241228A083SG00

2024-12-29 00:38:50,505 - INFO - EXPIRED
中国启动进口牛肉调查，巴西、阿根廷、美国回应
https://new.qq.com/rain/a/20241228A073UG00

2024-12-29 00:38:50,505 - INFO - EXPIRED
男子借2253元20多年未还：法院通过一个手机号找到他，帮两债主要回1.1万本息
https://new.qq.com/rain/a/20241228A04GUC00

2024-12-29 00:38:50,505 - INFO - EXPIRED
前国足队长退役仪式暴哭：遗憾差1步进世界杯！韦世豪+武磊送祝福
https://new.qq.com/rain/a/20241228A0888H00

2024-12-29 00:38:50,505 - INFO - EXPIRED
赵露思委托魏笑报平安，此前患失语症已在做康复训练，疑暗示剧方解释
https://new.qq.com/rain/a/20241228V08BBK00

2024-12-29 00:38:50,505 - INFO - EXPIRED
一部手机，牵出一个毒品帝国
https://new.qq.com/rain/a/20241228A04R2800

2024-12-29 00:38:50,505 - INFO - EXPIRED
靴子落地！杨绍华官宣被查
https://new.qq.com/rain/a/20241228A07LS400

2024-12-29 00:38:50,505 - INFO - EXPIRED
国内牛肉价格连跌，进口牛肉数量却激增，为何这样？流向了谁的餐桌？
https://view.inews.qq.com/a/20241228Q053K900

2024-12-29 00:38:50,505 - INFO - EXPIRED
中纪委周末“打虎”，桂林市委书记落马，不满29岁就被提为副处级
https://new.qq.com/rain/a/20241228A07FQ200

2024-12-29 00:38:50,505 - INFO - EXPIRED
男子靠无理由退货0成本骗200万商品，为何没被发现？他钻了什么漏洞？
https://view.inews.qq.com/a/20241228Q03AVU00

2024-12-29 00:38:50,505 - INFO - EXPIRED
机场被粉丝包围怼脸拍，王楚钦怒怼：“太夸张了！疯了都！不让走吗”
https://new.qq.com/rain/a/20241228A06VRN00

2024-12-29 00:38:50,505 - INFO - EXPIRED
2024年“消费万亿之城”花落谁家
https://new.qq.com/rain/a/20241228A07PY700

2024-12-29 00:38:50,505 - INFO - EXPIRED
《大奉打更人》开播站内热度破23000，开局10广，王鹤棣亲自发红包
https://new.qq.com/rain/a/20241228V07B9K00

2024-12-29 00:38:50,505 - INFO - EXPIRED
俄罗斯2024年秋季征兵结束 13.3万人被征召入伍
https://new.qq.com/rain/a/20241228A07K8R00

2024-12-29 00:38:50,505 - INFO - EXPIRED
美股年终盘点：七巨头继续高歌猛进 投资者备战特朗普2.0
https://new.qq.com/rain/a/20241228A073ME00

2024-12-29 00:38:50,505 - INFO - EXPIRED
西安长安医院内被殴打女子之一已返家 亲人：已遭多次家暴 为孩子不愿离婚 
https://new.qq.com/rain/a/20241228A07DD700

2024-12-29 00:38:50,505 - INFO - EXPIRED
贵阳：44名不适宜担任现职的干部，被调整退出领导岗位
https://new.qq.com/rain/a/20241228A065UX00

2024-12-29 00:38:50,505 - INFO - EXPIRED
害怕俄罗斯袭击，丹麦女首相自曝：我已经囤了3天的罐头和饮用水
https://new.qq.com/rain/a/20241228A05SPO00

2024-12-29 00:38:50,505 - INFO - EXPIRED
今年16省份上调最低工资标准，谁的涨幅最大
https://new.qq.com/rain/a/20241228A06LYC00

2024-12-29 00:38:50,505 - INFO - EXPIRED
老人留下数百万遗产，却没继承人？上海对“无人继承遗产”出台新规定
https://new.qq.com/rain/a/20241228A060T000

2024-12-29 00:38:50,505 - INFO - EXPIRED
2024年有颠覆性的技术革新吗？人类还有哪些卡在了瓶颈的技术等待突破？
https://view.inews.qq.com/a/20241228Q0601Q00

2024-12-29 00:38:50,505 - INFO - EXPIRED
赵薇官宣离婚，上月曾被强制执行
https://new.qq.com/rain/a/20241228A05OP900

2024-12-29 00:38:50,505 - INFO - EXPIRED
“烧鸟”成为最新地摊刺客，与普通烧烤有何区别？还能火多久？
https://view.inews.qq.com/a/20241228Q03XXC00

2024-12-29 00:38:50,505 - INFO - EXPIRED
俄总统普京签署法律 加强对武装叛乱惩罚
https://new.qq.com/rain/a/20241228A067XA00

2024-12-29 00:38:50,505 - INFO - EXPIRED
一个名额炒到2799元，马拉松为何“越跑越贵”
https://new.qq.com/rain/a/20241228A040HX00

2024-12-29 00:38:50,505 - INFO - EXPIRED
2024军事大事记：中国罕见发射洲际导弹，美国战机在日本准航母上起飞
https://new.qq.com/rain/a/20241227V09BBF00

2024-12-29 00:38:50,505 - INFO - EXPIRED
林海雪原景区回应“游客花三千订房入住时被要求加钱”：情况属实，停业整顿
https://new.qq.com/rain/a/20241228A05WD500

2024-12-29 00:38:50,505 - INFO - EXPIRED
黄子韬、向佐靠“抽象”出圈，为何搞“抽象”能火？怎么放下包袱的？
https://view.inews.qq.com/a/20241226Q0ACAX00

2024-12-29 00:38:50,505 - INFO - EXPIRED
李想谈至暗时刻：2008年被小股东排挤，想着想着就会掉眼泪
https://new.qq.com/rain/a/20241228V036S800

2024-12-29 00:38:50,505 - INFO - EXPIRED
全球文科倒闭潮，来了
https://new.qq.com/rain/a/20241228A040JY00

2024-12-29 00:38:50,505 - INFO - EXPIRED
数量创历史新高！年内累计17家A股上市公司发布特别分红方案
https://new.qq.com/rain/a/20241228A05H1E00

2024-12-29 00:38:50,505 - INFO - EXPIRED
摄影师背着几十斤器材采访悬崖村，经历体能和生存双重挑战｜一五一十
https://new.qq.com/rain/a/20241226V0855900

2024-12-29 00:38:50,505 - INFO - EXPIRED
谷歌CEO皮查伊的艰难2024：AI竞争更卷、员工士气下滑、裁员抗议不断
https://new.qq.com/rain/a/20241228A062NQ00

2024-12-29 00:38:50,505 - INFO - EXPIRED
邹广任海南省副省长
https://new.qq.com/rain/a/20241228A06DNK00

2024-12-29 00:38:50,505 - INFO - EXPIRED
菲佐誓言报复乌克兰：“你要断我气，我就断你电”
https://new.qq.com/rain/a/20241228A05J5700

2024-12-29 00:38:50,505 - INFO - EXPIRED
“最强县级市”市委书记调整
https://new.qq.com/rain/a/20241228A04FDV00

2024-12-29 00:38:50,505 - INFO - EXPIRED
两女子在急诊室救治被两陪同男子家暴？警方：两案件无关联，行拘2人
https://new.qq.com/rain/a/20241228A054LK00

2024-12-29 00:38:50,505 - INFO - EXPIRED
民政部鼓励有条件的地方在元旦春节前夕增发一次性生活补贴
https://new.qq.com/rain/a/20241228A03SSV00

2024-12-29 00:38:50,505 - INFO - EXPIRED
《白夜破晓》等大爆IP续集频翻车，为什么很多剧第二部都没第一部火？
https://view.inews.qq.com/a/20241225Q06I6700

2024-12-29 00:38:50,505 - INFO - EXPIRED
阿富汗和巴基斯坦边境爆发激烈冲突致多人死亡
https://new.qq.com/rain/a/20241228A0520G00

2024-12-29 00:38:50,505 - INFO - EXPIRED
徐娇回怼男网友并挂素人照片，对方称要起诉她，引导网友网暴自己
https://new.qq.com/rain/a/20241228V05AXV00

2024-12-29 00:38:50,505 - INFO - EXPIRED
王毅同伊朗外长阿拉格齐会谈
https://new.qq.com/rain/a/20241228A05GBB00

2024-12-29 00:38:50,505 - INFO - EXPIRED
辽宁锦州一前村支书回应被村主任举报：系造谣诽谤，已报警 当地纪检部门介入调查
https://new.qq.com/rain/a/20241227A06LKV00

2024-12-29 00:38:50,505 - INFO - EXPIRED
韩德洙被弹劾，崔相穆任韩代总统，会出现“谁代理谁被弹劾”吗？
https://view.inews.qq.com/a/20241227Q07N6900

2024-12-29 00:38:50,505 - INFO - EXPIRED
成都飞北京仅3元！乘客抢到超低价机票，平台：出票成功即可正常使用
https://new.qq.com/rain/a/20241227A08WU400

2024-12-29 00:38:50,505 - INFO - EXPIRED
“预制春天”？广州一公园给枯草喷涂增绿，当地城管回应
https://new.qq.com/rain/a/20241228A04FPN00

2024-12-29 00:38:50,505 - INFO - EXPIRED
银行办业务需本人到场，家属把瘫痪老人推到柜台？银行回应
https://new.qq.com/rain/a/20241227V098JU00

2024-12-29 00:38:50,505 - INFO - EXPIRED
“外面摆摊的都是农民，真敢吃？”老师班群发言被指歧视，校方回应
https://new.qq.com/rain/a/20241227A07Q2100

2024-12-29 00:38:50,505 - INFO - EXPIRED
河南信阳两所幼儿园负责人收取全年学费后失联，当地多部门已介入调查
https://new.qq.com/rain/a/20241227A07SVA00

2024-12-29 00:38:50,506 - INFO - EXPIRED
广西一市场存在山羊非法交易 当地：成立联合调查组，已临时管控现场
https://new.qq.com/rain/a/20241228A0574T00

2024-12-29 00:38:50,506 - INFO - EXPIRED
公司团建要求员工“吞火”，能拒绝吗？这种团建项目到底有何用？
https://view.inews.qq.com/a/20241228Q053FS00

2024-12-29 00:38:50,506 - INFO - EXPIRED
碧桂园出售股权变现20亿“保交楼”，标的公司估值1282亿，买方为国资
https://new.qq.com/rain/a/20241228A00H7T00

2024-12-29 00:38:50,506 - INFO - EXPIRED
雄安新区机构职能调整，25个机构揭牌亮相
https://new.qq.com/rain/a/20241228A03ZNG00

2024-12-29 00:38:50,506 - INFO - EXPIRED
伊朗外长阿拉格奇抵达北京：此次访问目的是进行双边、地区和国际磋商
https://new.qq.com/rain/a/20241227A0A5AP00

2024-12-29 00:38:50,506 - INFO - EXPIRED
大中型客货车准驾年龄延长至63岁 已注销的驾驶证还能恢复吗？
https://new.qq.com/rain/a/20241228A0175Z00

2024-12-29 00:38:50,506 - INFO - EXPIRED
多名中国游客在帕劳潜水短暂失联，可能是什么原因？有哪些风险？
https://view.inews.qq.com/a/20241227Q05TLC00

2024-12-29 00:38:50,506 - INFO - EXPIRED
韩国又一次创造了历史
https://new.qq.com/rain/a/20241228A01U5300

2024-12-29 00:38:50,506 - INFO - EXPIRED
乌方称第二次“和平峰会”筹备工作已完成，计划邀请俄罗斯参加
https://new.qq.com/rain/a/20241227A0AH3100

2024-12-29 00:38:50,506 - INFO - EXPIRED
市委书记调岗4个月后，主动交代问题
https://new.qq.com/rain/a/20241228A0354F00

2024-12-29 00:38:50,506 - INFO - EXPIRED
向佐现身网红理发师直播间引千万人围观，明星还要找网红引流吗？
https://view.inews.qq.com/a/20241226Q01OIO00

2024-12-29 00:38:50,506 - INFO - EXPIRED
南宁下水道捕获大量鲶鱼，猜测用于疏通，鲶鱼能疏通下水道吗？
https://view.inews.qq.com/a/20241227Q03F1K00

2024-12-29 00:38:50,506 - INFO - EXPIRED
多家医院发布最新分娩数据：出生人口会因龙年偏好而增加吗
https://new.qq.com/rain/a/20241228A01TK600

2024-12-29 00:38:50,506 - INFO - EXPIRED
宁夏一无牌警车街头行驶？交警部门：系公安内部巡逻车，已要求其处理
https://new.qq.com/rain/a/20241226A07RKB00

2024-12-29 00:38:50,506 - INFO - EXPIRED
牛肉进口数量急剧增长，国内价格连跌12个月，商务部：启动调查
https://new.qq.com/rain/a/20241227A09N2Y00

2024-12-29 00:38:50,506 - INFO - EXPIRED
王鹤棣演唱会今晚开唱，独家爆料彩蛋跟《大奉打更人》有关
https://new.qq.com/rain/a/20241227V07JMO00

2024-12-29 00:38:50,506 - INFO - EXPIRED
摄影师初探悬崖村背后：18个孩子抓住藤条树枝，艰难攀爬｜一五一十
https://new.qq.com/rain/a/20241226V0862Z00

2024-12-29 00:38:50,506 - INFO - EXPIRED
荣耀完成股改并更名为“荣耀终端股份有限公司”，将适时启动IPO
https://new.qq.com/rain/a/20241228A03P3800

2024-12-29 00:38:50,506 - INFO - EXPIRED
2025年1月1日起我国调整部分商品关税税率税目
https://new.qq.com/rain/a/20241228A02PSO00

2024-12-29 00:38:50,506 - INFO - EXPIRED
美媒爆料：特朗普与周受资通了电话，前者已敦促最高法院暂缓实施TikTok强迫出售令
https://new.qq.com/rain/a/20241228A035LZ00

2024-12-29 00:38:50,506 - INFO - EXPIRED
火锅加盟商批量关店：投入几百万，客单价几十元，“不知哪来的勇气”
https://new.qq.com/rain/a/20241227A074P700

2024-12-29 00:38:50,506 - INFO - EXPIRED
普京宣布2025年“首要任务”：将按计划继续达成特别军事行动所有既定目标
https://new.qq.com/rain/a/20241228A01D9J00

2024-12-29 00:38:50,506 - INFO - EXPIRED
斯洛伐克总理称若乌停止俄气过境，将考虑对乌断电，为何会这样？
https://view.inews.qq.com/a/20241228Q02K7500

2024-12-29 00:38:50,506 - INFO - EXPIRED
山羊“保养”黑幕调查：活羊被灌食增重撑死 死羊无检疫公开售卖
https://new.qq.com/rain/a/20241228A021OQ00

2024-12-29 00:38:50,506 - INFO - EXPIRED
各国争相发展第六代战斗机，美媒：中国“已经完成令人震惊的试飞”
https://new.qq.com/rain/a/20241228A01DNY00

2024-12-29 00:38:50,506 - INFO - EXPIRED
奔驰车标供应商宣布破产，德国汽车业深陷寒冬
https://new.qq.com/rain/a/20241227A09XEP00

2024-12-29 00:38:50,506 - INFO - EXPIRED
临近年末美元涨势惊人，有望创下近十年最强表现
https://new.qq.com/rain/a/20241228A012N900

2024-12-29 00:38:50,506 - INFO - EXPIRED
车企价格战持续火热，流量营销反成破局关键？
https://new.qq.com/rain/a/20241226A075HH00

2024-12-29 00:38:50,506 - INFO - EXPIRED
堪比小型航空母舰，提升远海打击能力，中国下水全球首艘弹射型两栖攻击舰
https://new.qq.com/rain/a/20241228A01DNX00

2024-12-29 00:38:50,506 - INFO - EXPIRED
帕劳失联潜水者被鲨鱼环绕，在海上漂浮27个小时
https://new.qq.com/rain/a/20241227A09C7100

2024-12-29 00:38:50,506 - INFO - EXPIRED
国家发改委，成立新部门
https://new.qq.com/rain/a/20241227A0AHZZ00

2024-12-29 00:38:50,506 - INFO - EXPIRED
斯洛伐克总理：若乌停止俄天然气过境 斯将考虑对乌断电
https://new.qq.com/rain/a/20241228A016RJ00

2024-12-29 00:38:50,506 - INFO - EXPIRED
女子术后一年发现肺结节还在且已癌变，当事医生：手术时定位针“失踪”，凭经验手摸切错部位
https://new.qq.com/rain/a/20241227A0AD2M00

2024-12-29 00:38:50,506 - INFO - EXPIRED
佛山机场新航站楼由299个模块“拼成”，这种模块建筑有什么优劣势？
https://view.inews.qq.com/a/20241227Q05K7I00

2024-12-29 00:38:50,506 - INFO - EXPIRED
美股收盘：纳指失守2万点，“圣诞行情”岌岌可危，中概股全线下挫
https://new.qq.com/rain/a/20241228A01E4H00

2024-12-29 00:38:50,506 - INFO - EXPIRED
鲨鱼从脚下游过，挤在一起防失温，9名失联中国潜水者28小时极限求生
https://new.qq.com/rain/a/20241227A0A42A00

2024-12-29 00:38:50,506 - INFO - EXPIRED
樊维秋死刑！珠海驾车冲撞市民重大恶性案件一审宣判
https://new.qq.com/rain/a/20241227A09KS000

2024-12-29 00:38:50,506 - INFO - EXPIRED
港媒分析中国下一代战机：世界一流，成功摆脱了传统的美国模式
https://new.qq.com/rain/a/20241227A09V0K00

2024-12-29 00:38:50,506 - INFO - EXPIRED
印度“国宝”，突然去世
https://new.qq.com/rain/a/20241227A09PYL00

2024-12-29 00:38:51,907 - ERROR - ERROR
朝鲜劳动党中央委员会举行扩大全会，朴泰成被任命为内阁总理
https://new.qq.com/rain/a/20241229A01SXO00
('list index out of range',)
======
Traceback (most recent call last):
  File "/home/runner/work/qqnews/qqnews/qq.py", line 81, in process_article
    ss = str(tmpbs.select("div.LEFT div.content.clearfix")[0])
             ~~~~~~~~~~~~~~~~~~~~~~~~~~~~~~~~~~~~~~~~~~~~~^^^
IndexError: list index out of range


2024-12-29 02:16:54,723 - INFO - EXPIRED
两大天王同日演唱会遭意外：刘德华险从3米高台摔下，郭富城跌落舞台
https://new.qq.com/rain/a/20241228V06NG000

2024-12-29 02:16:54,723 - INFO - EXPIRED
男子借2253元20多年未还：法院通过一个手机号找到他，帮两债主要回1.1万本息
https://new.qq.com/rain/a/20241228A04GUC00

2024-12-29 02:16:54,723 - INFO - EXPIRED
阿富汗和巴基斯坦边境爆发激烈冲突，他们有什么矛盾？历史关系如何？
https://view.inews.qq.com/a/20241228Q07EW700

2024-12-29 02:16:54,723 - INFO - EXPIRED
高铁动车8号、9号车厢为什么不通？乘坐“加长版”动车组这些请留意
https://new.qq.com/rain/a/20241228A0784B00

2024-12-29 02:16:54,723 - INFO - EXPIRED
成都上空疑似出现中国“六代机”，美媒和马斯克都震惊了
https://new.qq.com/rain/a/20241228A087WB00

2024-12-29 02:16:54,723 - INFO - EXPIRED
阜阳41岁教师袁宁因病去世，200多名毕业生赶来送行，亲属：学生们陪他到生命最后一刻
https://new.qq.com/rain/a/20241228A05VTP00

2024-12-29 02:16:54,723 - INFO - EXPIRED
乌总统泽连斯基：阿航失事飞机上的孔洞和凹痕非常像防空导弹袭击造成
https://new.qq.com/rain/a/20241228A084NF00

2024-12-29 02:16:54,723 - INFO - EXPIRED
主题乐园“厮杀”一年：上海迪士尼排队减少，代购不再月入过万，有乐园破产被摆上货架
https://new.qq.com/rain/a/20241228A06G9000

2024-12-29 02:16:54,723 - INFO - EXPIRED
台军人手枪卧射照被嘲“P图”，台军证实图是真的
https://new.qq.com/rain/a/20241228A07SH900

2024-12-29 02:16:54,723 - INFO - EXPIRED
特朗普许诺的“伟大”还没到，裂痕先来了
https://new.qq.com/rain/a/20241228A07OIT00

2024-12-29 02:16:54,723 - INFO - EXPIRED
文面小伙直播被网暴后决定洗去文身：清洗右眼后，视力下降了
https://new.qq.com/rain/a/20241228A06G3700

2024-12-29 02:16:54,723 - INFO - EXPIRED
上市公司要将6000余平方米房产转让给董事长，作价2000万元
https://new.qq.com/rain/a/20241228A06AO800

2024-12-29 02:16:54,723 - INFO - EXPIRED
全国闭店、转型失败，娃哈哈为什么玩不转奶茶店
https://new.qq.com/rain/a/20241228A083SG00

2024-12-29 02:16:54,723 - INFO - EXPIRED
中国启动进口牛肉调查，巴西、阿根廷、美国回应
https://new.qq.com/rain/a/20241228A073UG00

2024-12-29 02:16:54,723 - INFO - EXPIRED
前国足队长退役仪式暴哭：遗憾差1步进世界杯！韦世豪+武磊送祝福
https://new.qq.com/rain/a/20241228A0888H00

2024-12-29 02:16:54,723 - INFO - EXPIRED
赵露思委托魏笑报平安，此前患失语症已在做康复训练，疑暗示剧方解释
https://new.qq.com/rain/a/20241228V08BBK00

2024-12-29 02:16:54,723 - INFO - EXPIRED
一部手机，牵出一个毒品帝国
https://new.qq.com/rain/a/20241228A04R2800

2024-12-29 02:16:54,724 - INFO - EXPIRED
靴子落地！杨绍华官宣被查
https://new.qq.com/rain/a/20241228A07LS400

2024-12-29 02:16:54,724 - INFO - EXPIRED
国内牛肉价格连跌，进口牛肉数量却激增，为何这样？流向了谁的餐桌？
https://view.inews.qq.com/a/20241228Q053K900

2024-12-29 02:16:54,724 - INFO - EXPIRED
中纪委周末“打虎”，桂林市委书记落马，不满29岁就被提为副处级
https://new.qq.com/rain/a/20241228A07FQ200

2024-12-29 02:16:54,724 - INFO - EXPIRED
男子靠无理由退货0成本骗200万商品，为何没被发现？他钻了什么漏洞？
https://view.inews.qq.com/a/20241228Q03AVU00

2024-12-29 02:16:54,724 - INFO - EXPIRED
机场被粉丝包围怼脸拍，王楚钦怒怼：“太夸张了！疯了都！不让走吗”
https://new.qq.com/rain/a/20241228A06VRN00

2024-12-29 02:16:54,724 - INFO - EXPIRED
2024年“消费万亿之城”花落谁家
https://new.qq.com/rain/a/20241228A07PY700

2024-12-29 02:16:54,724 - INFO - EXPIRED
《大奉打更人》开播站内热度破23000，开局10广，王鹤棣亲自发红包
https://new.qq.com/rain/a/20241228V07B9K00

2024-12-29 02:16:54,724 - INFO - EXPIRED
俄罗斯2024年秋季征兵结束 13.3万人被征召入伍
https://new.qq.com/rain/a/20241228A07K8R00

2024-12-29 02:16:54,724 - INFO - EXPIRED
美股年终盘点：七巨头继续高歌猛进 投资者备战特朗普2.0
https://new.qq.com/rain/a/20241228A073ME00

2024-12-29 02:16:54,724 - INFO - EXPIRED
西安长安医院内被殴打女子之一已返家 亲人：已遭多次家暴 为孩子不愿离婚 
https://new.qq.com/rain/a/20241228A07DD700

2024-12-29 02:16:54,724 - INFO - EXPIRED
贵阳：44名不适宜担任现职的干部，被调整退出领导岗位
https://new.qq.com/rain/a/20241228A065UX00

2024-12-29 02:16:54,724 - INFO - EXPIRED
害怕俄罗斯袭击，丹麦女首相自曝：我已经囤了3天的罐头和饮用水
https://new.qq.com/rain/a/20241228A05SPO00

2024-12-29 02:16:54,724 - INFO - EXPIRED
今年16省份上调最低工资标准，谁的涨幅最大
https://new.qq.com/rain/a/20241228A06LYC00

2024-12-29 02:16:54,724 - INFO - EXPIRED
老人留下数百万遗产，却没继承人？上海对“无人继承遗产”出台新规定
https://new.qq.com/rain/a/20241228A060T000

2024-12-29 02:16:54,724 - INFO - EXPIRED
2024年有颠覆性的技术革新吗？人类还有哪些卡在了瓶颈的技术等待突破？
https://view.inews.qq.com/a/20241228Q0601Q00

2024-12-29 02:16:54,724 - INFO - EXPIRED
赵薇官宣离婚，上月曾被强制执行
https://new.qq.com/rain/a/20241228A05OP900

2024-12-29 02:16:54,724 - INFO - EXPIRED
“烧鸟”成为最新地摊刺客，与普通烧烤有何区别？还能火多久？
https://view.inews.qq.com/a/20241228Q03XXC00

2024-12-29 02:16:54,724 - INFO - EXPIRED
俄总统普京签署法律 加强对武装叛乱惩罚
https://new.qq.com/rain/a/20241228A067XA00

2024-12-29 02:16:54,724 - INFO - EXPIRED
一个名额炒到2799元，马拉松为何“越跑越贵”
https://new.qq.com/rain/a/20241228A040HX00

2024-12-29 02:16:54,724 - INFO - EXPIRED
2024军事大事记：中国罕见发射洲际导弹，美国战机在日本准航母上起飞
https://new.qq.com/rain/a/20241227V09BBF00

2024-12-29 02:16:54,724 - INFO - EXPIRED
林海雪原景区回应“游客花三千订房入住时被要求加钱”：情况属实，停业整顿
https://new.qq.com/rain/a/20241228A05WD500

2024-12-29 02:16:54,724 - INFO - EXPIRED
黄子韬、向佐靠“抽象”出圈，为何搞“抽象”能火？怎么放下包袱的？
https://view.inews.qq.com/a/20241226Q0ACAX00

2024-12-29 02:16:54,724 - INFO - EXPIRED
李想谈至暗时刻：2008年被小股东排挤，想着想着就会掉眼泪
https://new.qq.com/rain/a/20241228V036S800

2024-12-29 02:16:54,724 - INFO - EXPIRED
全球文科倒闭潮，来了
https://new.qq.com/rain/a/20241228A040JY00

2024-12-29 02:16:54,724 - INFO - EXPIRED
数量创历史新高！年内累计17家A股上市公司发布特别分红方案
https://new.qq.com/rain/a/20241228A05H1E00

2024-12-29 02:16:54,724 - INFO - EXPIRED
摄影师背着几十斤器材采访悬崖村，经历体能和生存双重挑战｜一五一十
https://new.qq.com/rain/a/20241226V0855900

2024-12-29 02:16:54,724 - INFO - EXPIRED
谷歌CEO皮查伊的艰难2024：AI竞争更卷、员工士气下滑、裁员抗议不断
https://new.qq.com/rain/a/20241228A062NQ00

2024-12-29 02:16:54,724 - INFO - EXPIRED
邹广任海南省副省长
https://new.qq.com/rain/a/20241228A06DNK00

2024-12-29 02:16:54,724 - INFO - EXPIRED
菲佐誓言报复乌克兰：“你要断我气，我就断你电”
https://new.qq.com/rain/a/20241228A05J5700

2024-12-29 02:16:54,724 - INFO - EXPIRED
“最强县级市”市委书记调整
https://new.qq.com/rain/a/20241228A04FDV00

2024-12-29 02:16:54,724 - INFO - EXPIRED
两女子在急诊室救治被两陪同男子家暴？警方：两案件无关联，行拘2人
https://new.qq.com/rain/a/20241228A054LK00

2024-12-29 02:16:54,724 - INFO - EXPIRED
民政部鼓励有条件的地方在元旦春节前夕增发一次性生活补贴
https://new.qq.com/rain/a/20241228A03SSV00

2024-12-29 02:16:54,724 - INFO - EXPIRED
《白夜破晓》等大爆IP续集频翻车，为什么很多剧第二部都没第一部火？
https://view.inews.qq.com/a/20241225Q06I6700

2024-12-29 02:16:54,724 - INFO - EXPIRED
阿富汗和巴基斯坦边境爆发激烈冲突致多人死亡
https://new.qq.com/rain/a/20241228A0520G00

2024-12-29 02:16:54,724 - INFO - EXPIRED
徐娇回怼男网友并挂素人照片，对方称要起诉她，引导网友网暴自己
https://new.qq.com/rain/a/20241228V05AXV00

2024-12-29 02:16:54,724 - INFO - EXPIRED
王毅同伊朗外长阿拉格齐会谈
https://new.qq.com/rain/a/20241228A05GBB00

2024-12-29 02:16:54,724 - INFO - EXPIRED
辽宁锦州一前村支书回应被村主任举报：系造谣诽谤，已报警 当地纪检部门介入调查
https://new.qq.com/rain/a/20241227A06LKV00

2024-12-29 02:16:54,724 - INFO - EXPIRED
韩德洙被弹劾，崔相穆任韩代总统，会出现“谁代理谁被弹劾”吗？
https://view.inews.qq.com/a/20241227Q07N6900

2024-12-29 02:16:54,724 - INFO - EXPIRED
成都飞北京仅3元！乘客抢到超低价机票，平台：出票成功即可正常使用
https://new.qq.com/rain/a/20241227A08WU400

2024-12-29 02:16:54,724 - INFO - EXPIRED
“预制春天”？广州一公园给枯草喷涂增绿，当地城管回应
https://new.qq.com/rain/a/20241228A04FPN00

2024-12-29 02:16:54,724 - INFO - EXPIRED
银行办业务需本人到场，家属把瘫痪老人推到柜台？银行回应
https://new.qq.com/rain/a/20241227V098JU00

2024-12-29 02:16:54,724 - INFO - EXPIRED
“外面摆摊的都是农民，真敢吃？”老师班群发言被指歧视，校方回应
https://new.qq.com/rain/a/20241227A07Q2100

2024-12-29 02:16:54,724 - INFO - EXPIRED
河南信阳两所幼儿园负责人收取全年学费后失联，当地多部门已介入调查
https://new.qq.com/rain/a/20241227A07SVA00

2024-12-29 02:16:54,724 - INFO - EXPIRED
广西一市场存在山羊非法交易 当地：成立联合调查组，已临时管控现场
https://new.qq.com/rain/a/20241228A0574T00

2024-12-29 02:16:54,724 - INFO - EXPIRED
公司团建要求员工“吞火”，能拒绝吗？这种团建项目到底有何用？
https://view.inews.qq.com/a/20241228Q053FS00

2024-12-29 02:16:54,724 - INFO - EXPIRED
碧桂园出售股权变现20亿“保交楼”，标的公司估值1282亿，买方为国资
https://new.qq.com/rain/a/20241228A00H7T00

2024-12-29 02:16:54,724 - INFO - EXPIRED
雄安新区机构职能调整，25个机构揭牌亮相
https://new.qq.com/rain/a/20241228A03ZNG00

2024-12-29 02:16:54,724 - INFO - EXPIRED
伊朗外长阿拉格奇抵达北京：此次访问目的是进行双边、地区和国际磋商
https://new.qq.com/rain/a/20241227A0A5AP00

2024-12-29 02:16:54,724 - INFO - EXPIRED
大中型客货车准驾年龄延长至63岁 已注销的驾驶证还能恢复吗？
https://new.qq.com/rain/a/20241228A0175Z00

2024-12-29 02:16:54,724 - INFO - EXPIRED
多名中国游客在帕劳潜水短暂失联，可能是什么原因？有哪些风险？
https://view.inews.qq.com/a/20241227Q05TLC00

2024-12-29 02:16:54,724 - INFO - EXPIRED
韩国又一次创造了历史
https://new.qq.com/rain/a/20241228A01U5300

2024-12-29 02:16:54,724 - INFO - EXPIRED
乌方称第二次“和平峰会”筹备工作已完成，计划邀请俄罗斯参加
https://new.qq.com/rain/a/20241227A0AH3100

2024-12-29 02:16:54,724 - INFO - EXPIRED
市委书记调岗4个月后，主动交代问题
https://new.qq.com/rain/a/20241228A0354F00

2024-12-29 02:16:54,724 - INFO - EXPIRED
向佐现身网红理发师直播间引千万人围观，明星还要找网红引流吗？
https://view.inews.qq.com/a/20241226Q01OIO00

2024-12-29 02:16:54,724 - INFO - EXPIRED
南宁下水道捕获大量鲶鱼，猜测用于疏通，鲶鱼能疏通下水道吗？
https://view.inews.qq.com/a/20241227Q03F1K00

2024-12-29 02:16:54,725 - INFO - EXPIRED
多家医院发布最新分娩数据：出生人口会因龙年偏好而增加吗
https://new.qq.com/rain/a/20241228A01TK600

2024-12-29 02:16:54,725 - INFO - EXPIRED
宁夏一无牌警车街头行驶？交警部门：系公安内部巡逻车，已要求其处理
https://new.qq.com/rain/a/20241226A07RKB00

2024-12-29 02:16:54,725 - INFO - EXPIRED
牛肉进口数量急剧增长，国内价格连跌12个月，商务部：启动调查
https://new.qq.com/rain/a/20241227A09N2Y00

2024-12-29 02:16:54,725 - INFO - EXPIRED
王鹤棣演唱会今晚开唱，独家爆料彩蛋跟《大奉打更人》有关
https://new.qq.com/rain/a/20241227V07JMO00

2024-12-29 02:16:54,725 - INFO - EXPIRED
摄影师初探悬崖村背后：18个孩子抓住藤条树枝，艰难攀爬｜一五一十
https://new.qq.com/rain/a/20241226V0862Z00

2024-12-29 02:16:54,725 - INFO - EXPIRED
荣耀完成股改并更名为“荣耀终端股份有限公司”，将适时启动IPO
https://new.qq.com/rain/a/20241228A03P3800

2024-12-29 02:16:54,725 - INFO - EXPIRED
2025年1月1日起我国调整部分商品关税税率税目
https://new.qq.com/rain/a/20241228A02PSO00

2024-12-29 02:16:54,725 - INFO - EXPIRED
美媒爆料：特朗普与周受资通了电话，前者已敦促最高法院暂缓实施TikTok强迫出售令
https://new.qq.com/rain/a/20241228A035LZ00

2024-12-29 02:16:54,725 - INFO - EXPIRED
火锅加盟商批量关店：投入几百万，客单价几十元，“不知哪来的勇气”
https://new.qq.com/rain/a/20241227A074P700

2024-12-29 02:16:54,725 - INFO - EXPIRED
普京宣布2025年“首要任务”：将按计划继续达成特别军事行动所有既定目标
https://new.qq.com/rain/a/20241228A01D9J00

2024-12-29 02:16:54,725 - INFO - EXPIRED
斯洛伐克总理称若乌停止俄气过境，将考虑对乌断电，为何会这样？
https://view.inews.qq.com/a/20241228Q02K7500

2024-12-29 02:16:54,725 - INFO - EXPIRED
山羊“保养”黑幕调查：活羊被灌食增重撑死 死羊无检疫公开售卖
https://new.qq.com/rain/a/20241228A021OQ00

2024-12-29 02:16:54,725 - INFO - EXPIRED
各国争相发展第六代战斗机，美媒：中国“已经完成令人震惊的试飞”
https://new.qq.com/rain/a/20241228A01DNY00

2024-12-29 02:16:54,725 - INFO - EXPIRED
奔驰车标供应商宣布破产，德国汽车业深陷寒冬
https://new.qq.com/rain/a/20241227A09XEP00

2024-12-29 02:16:54,725 - INFO - EXPIRED
临近年末美元涨势惊人，有望创下近十年最强表现
https://new.qq.com/rain/a/20241228A012N900

2024-12-29 02:16:54,725 - INFO - EXPIRED
车企价格战持续火热，流量营销反成破局关键？
https://new.qq.com/rain/a/20241226A075HH00

2024-12-29 02:16:54,725 - INFO - EXPIRED
堪比小型航空母舰，提升远海打击能力，中国下水全球首艘弹射型两栖攻击舰
https://new.qq.com/rain/a/20241228A01DNX00

2024-12-29 02:16:54,725 - INFO - EXPIRED
帕劳失联潜水者被鲨鱼环绕，在海上漂浮27个小时
https://new.qq.com/rain/a/20241227A09C7100

2024-12-29 02:16:54,725 - INFO - EXPIRED
国家发改委，成立新部门
https://new.qq.com/rain/a/20241227A0AHZZ00

2024-12-29 02:16:54,725 - INFO - EXPIRED
斯洛伐克总理：若乌停止俄天然气过境 斯将考虑对乌断电
https://new.qq.com/rain/a/20241228A016RJ00

2024-12-29 02:16:54,725 - INFO - EXPIRED
女子术后一年发现肺结节还在且已癌变，当事医生：手术时定位针“失踪”，凭经验手摸切错部位
https://new.qq.com/rain/a/20241227A0AD2M00

2024-12-29 02:16:54,725 - INFO - EXPIRED
佛山机场新航站楼由299个模块“拼成”，这种模块建筑有什么优劣势？
https://view.inews.qq.com/a/20241227Q05K7I00

2024-12-29 02:16:54,725 - INFO - EXPIRED
美股收盘：纳指失守2万点，“圣诞行情”岌岌可危，中概股全线下挫
https://new.qq.com/rain/a/20241228A01E4H00

2024-12-29 02:16:54,725 - INFO - EXPIRED
鲨鱼从脚下游过，挤在一起防失温，9名失联中国潜水者28小时极限求生
https://new.qq.com/rain/a/20241227A0A42A00

2024-12-29 02:16:54,725 - INFO - EXPIRED
樊维秋死刑！珠海驾车冲撞市民重大恶性案件一审宣判
https://new.qq.com/rain/a/20241227A09KS000

2024-12-29 02:16:56,236 - ERROR - ERROR
官宣！中央广播电视总台《2025年春节联欢晚会》主创团队发布
https://new.qq.com/rain/a/20241229A02I7V00
('list index out of range',)
======
Traceback (most recent call last):
  File "/home/runner/work/qqnews/qqnews/qq.py", line 81, in process_article
    ss = str(tmpbs.select("div.LEFT div.content.clearfix")[0])
             ~~~~~~~~~~~~~~~~~~~~~~~~~~~~~~~~~~~~~~~~~~~~~^^^
IndexError: list index out of range


2024-12-29 02:16:56,313 - ERROR - ERROR
朝鲜劳动党中央委员会举行扩大全会，朴泰成被任命为内阁总理
https://new.qq.com/rain/a/20241229A01SXO00
('list index out of range',)
======
Traceback (most recent call last):
  File "/home/runner/work/qqnews/qqnews/qq.py", line 81, in process_article
    ss = str(tmpbs.select("div.LEFT div.content.clearfix")[0])
             ~~~~~~~~~~~~~~~~~~~~~~~~~~~~~~~~~~~~~~~~~~~~~^^^
IndexError: list index out of range


2024-12-29 02:16:56,379 - ERROR - ERROR
现场视频曝光！韩国客机起火过程被全程拍下：猛烈冲撞后冒出巨大火球
https://new.qq.com/rain/a/20241229V02V8K00
('list index out of range',)
======
Traceback (most recent call last):
  File "/home/runner/work/qqnews/qqnews/qq.py", line 81, in process_article
    ss = str(tmpbs.select("div.LEFT div.content.clearfix")[0])
             ~~~~~~~~~~~~~~~~~~~~~~~~~~~~~~~~~~~~~~~~~~~~~^^^
IndexError: list index out of range


