2025-10-03 00:37:24,637 - INFO - Total time taken: {'ret': 0, 'msg': 'success', 'data': None}
2025-10-03 00:37:24,638 - INFO - 'NoneType' object is not subscriptable
2025-10-03 00:37:24,638 - INFO - Traceback (most recent call last):
  File "/home/runner/work/qqnews/qqnews/qq.py", line 128, in main
    for i in qq1["data"]["list"]:
             ~~~~~~~~~~~^^^^^^^^
TypeError: 'NoneType' object is not subscriptable

2025-10-03 02:12:54,614 - INFO - Total time taken: {'ret': 0, 'msg': 'success', 'data': None}
2025-10-03 02:12:54,614 - INFO - 'NoneType' object is not subscriptable
2025-10-03 02:12:54,615 - INFO - Traceback (most recent call last):
  File "/home/runner/work/qqnews/qqnews/qq.py", line 128, in main
    for i in qq1["data"]["list"]:
             ~~~~~~~~~~~^^^^^^^^
TypeError: 'NoneType' object is not subscriptable

2025-10-03 03:20:53,522 - INFO - Total time taken: {'ret': 0, 'msg': 'success', 'data': None}
2025-10-03 03:20:53,523 - INFO - 'NoneType' object is not subscriptable
2025-10-03 03:20:53,523 - INFO - Traceback (most recent call last):
  File "/home/runner/work/qqnews/qqnews/qq.py", line 128, in main
    for i in qq1["data"]["list"]:
             ~~~~~~~~~~~^^^^^^^^
TypeError: 'NoneType' object is not subscriptable

