2025-09-30 00:39:05,300 - INFO - Total time taken: {'ret': 0, 'msg': 'success', 'data': None}
2025-09-30 00:39:05,300 - INFO - 'NoneType' object is not subscriptable
2025-09-30 00:39:05,300 - INFO - Traceback (most recent call last):
  File "/home/runner/work/qqnews/qqnews/qq.py", line 128, in main
    for i in qq1["data"]["list"]:
             ~~~~~~~~~~~^^^^^^^^
TypeError: 'NoneType' object is not subscriptable

2025-09-30 02:13:56,464 - INFO - Total time taken: {'ret': 0, 'msg': 'success', 'data': None}
2025-09-30 02:13:56,464 - INFO - 'NoneType' object is not subscriptable
2025-09-30 02:13:56,465 - INFO - Traceback (most recent call last):
  File "/home/runner/work/qqnews/qqnews/qq.py", line 128, in main
    for i in qq1["data"]["list"]:
             ~~~~~~~~~~~^^^^^^^^
TypeError: 'NoneType' object is not subscriptable

2025-09-30 03:23:56,250 - INFO - Total time taken: {'ret': 0, 'msg': 'success', 'data': None}
2025-09-30 03:23:56,250 - INFO - 'NoneType' object is not subscriptable
2025-09-30 03:23:56,251 - INFO - Traceback (most recent call last):
  File "/home/runner/work/qqnews/qqnews/qq.py", line 128, in main
    for i in qq1["data"]["list"]:
             ~~~~~~~~~~~^^^^^^^^
TypeError: 'NoneType' object is not subscriptable

