2026-06-23 01:52:13,095 - INFO - Total time taken: {'ret': 0, 'msg': 'success', 'data': None}
2026-06-23 01:52:13,095 - INFO - 'NoneType' object is not subscriptable
2026-06-23 01:52:13,096 - INFO - Traceback (most recent call last):
  File "/home/runner/work/qqnews/qqnews/qq.py", line 128, in main
    for i in qq1["data"]["list"]:
             ~~~~~~~~~~~^^^^^^^^
TypeError: 'NoneType' object is not subscriptable

2026-06-23 05:55:44,921 - INFO - Total time taken: {'ret': 0, 'msg': 'success', 'data': None}
2026-06-23 05:55:44,921 - INFO - 'NoneType' object is not subscriptable
2026-06-23 05:55:44,921 - INFO - Traceback (most recent call last):
  File "/home/runner/work/qqnews/qqnews/qq.py", line 128, in main
    for i in qq1["data"]["list"]:
             ~~~~~~~~~~~^^^^^^^^
TypeError: 'NoneType' object is not subscriptable

2026-06-23 08:51:43,256 - INFO - Total time taken: {'ret': 0, 'msg': 'success', 'data': None}
2026-06-23 08:51:43,257 - INFO - 'NoneType' object is not subscriptable
2026-06-23 08:51:43,257 - INFO - Traceback (most recent call last):
  File "/home/runner/work/qqnews/qqnews/qq.py", line 128, in main
    for i in qq1["data"]["list"]:
             ~~~~~~~~~~~^^^^^^^^
TypeError: 'NoneType' object is not subscriptable

2026-06-23 11:48:54,270 - INFO - Total time taken: {'ret': 0, 'msg': 'success', 'data': None}
2026-06-23 11:48:54,270 - INFO - 'NoneType' object is not subscriptable
2026-06-23 11:48:54,270 - INFO - Traceback (most recent call last):
  File "/home/runner/work/qqnews/qqnews/qq.py", line 128, in main
    for i in qq1["data"]["list"]:
             ~~~~~~~~~~~^^^^^^^^
TypeError: 'NoneType' object is not subscriptable

2026-06-23 14:12:07,423 - INFO - Total time taken: {'ret': 0, 'msg': 'success', 'data': None}
2026-06-23 14:12:07,423 - INFO - 'NoneType' object is not subscriptable
2026-06-23 14:12:07,423 - INFO - Traceback (most recent call last):
  File "/home/runner/work/qqnews/qqnews/qq.py", line 128, in main
    for i in qq1["data"]["list"]:
             ~~~~~~~~~~~^^^^^^^^
TypeError: 'NoneType' object is not subscriptable

2026-06-23 17:08:31,368 - INFO - Total time taken: {'ret': 0, 'msg': 'success', 'data': None}
2026-06-23 17:08:31,368 - INFO - 'NoneType' object is not subscriptable
2026-06-23 17:08:31,369 - INFO - Traceback (most recent call last):
  File "/home/runner/work/qqnews/qqnews/qq.py", line 128, in main
    for i in qq1["data"]["list"]:
             ~~~~~~~~~~~^^^^^^^^
TypeError: 'NoneType' object is not subscriptable

