2026-02-06 00:54:10,896 - INFO - Total time taken: {'ret': 0, 'msg': 'success', 'data': None}
2026-02-06 00:54:10,896 - INFO - 'NoneType' object is not subscriptable
2026-02-06 00:54:10,896 - INFO - Traceback (most recent call last):
  File "/home/runner/work/qqnews/qqnews/qq.py", line 128, in main
    for i in qq1["data"]["list"]:
             ~~~~~~~~~~~^^^^^^^^
TypeError: 'NoneType' object is not subscriptable

2026-02-06 03:24:14,816 - INFO - Total time taken: {'ret': 0, 'msg': 'success', 'data': None}
2026-02-06 03:24:14,816 - INFO - 'NoneType' object is not subscriptable
2026-02-06 03:24:14,817 - INFO - Traceback (most recent call last):
  File "/home/runner/work/qqnews/qqnews/qq.py", line 128, in main
    for i in qq1["data"]["list"]:
             ~~~~~~~~~~~^^^^^^^^
TypeError: 'NoneType' object is not subscriptable

2026-02-06 05:08:24,260 - INFO - Total time taken: {'ret': 0, 'msg': 'success', 'data': None}
2026-02-06 05:08:24,260 - INFO - 'NoneType' object is not subscriptable
2026-02-06 05:08:24,260 - INFO - Traceback (most recent call last):
  File "/home/runner/work/qqnews/qqnews/qq.py", line 128, in main
    for i in qq1["data"]["list"]:
             ~~~~~~~~~~~^^^^^^^^
TypeError: 'NoneType' object is not subscriptable

2026-02-06 06:36:45,787 - INFO - Total time taken: {'ret': 0, 'msg': 'success', 'data': None}
2026-02-06 06:36:45,788 - INFO - 'NoneType' object is not subscriptable
2026-02-06 06:36:45,788 - INFO - Traceback (most recent call last):
  File "/home/runner/work/qqnews/qqnews/qq.py", line 128, in main
    for i in qq1["data"]["list"]:
             ~~~~~~~~~~~^^^^^^^^
TypeError: 'NoneType' object is not subscriptable

2026-02-06 07:37:28,911 - INFO - Total time taken: {'ret': 0, 'msg': 'success', 'data': None}
2026-02-06 07:37:28,911 - INFO - 'NoneType' object is not subscriptable
2026-02-06 07:37:28,912 - INFO - Traceback (most recent call last):
  File "/home/runner/work/qqnews/qqnews/qq.py", line 128, in main
    for i in qq1["data"]["list"]:
             ~~~~~~~~~~~^^^^^^^^
TypeError: 'NoneType' object is not subscriptable

2026-02-06 08:26:39,104 - INFO - Total time taken: {'ret': 0, 'msg': 'success', 'data': None}
2026-02-06 08:26:39,104 - INFO - 'NoneType' object is not subscriptable
2026-02-06 08:26:39,105 - INFO - Traceback (most recent call last):
  File "/home/runner/work/qqnews/qqnews/qq.py", line 128, in main
    for i in qq1["data"]["list"]:
             ~~~~~~~~~~~^^^^^^^^
TypeError: 'NoneType' object is not subscriptable

2026-02-06 09:30:23,105 - INFO - Total time taken: {'ret': 0, 'msg': 'success', 'data': None}
2026-02-06 09:30:23,106 - INFO - 'NoneType' object is not subscriptable
2026-02-06 09:30:23,106 - INFO - Traceback (most recent call last):
  File "/home/runner/work/qqnews/qqnews/qq.py", line 128, in main
    for i in qq1["data"]["list"]:
             ~~~~~~~~~~~^^^^^^^^
TypeError: 'NoneType' object is not subscriptable

2026-02-06 10:26:17,438 - INFO - Total time taken: {'ret': 0, 'msg': 'success', 'data': None}
2026-02-06 10:26:17,438 - INFO - 'NoneType' object is not subscriptable
2026-02-06 10:26:17,438 - INFO - Traceback (most recent call last):
  File "/home/runner/work/qqnews/qqnews/qq.py", line 128, in main
    for i in qq1["data"]["list"]:
             ~~~~~~~~~~~^^^^^^^^
TypeError: 'NoneType' object is not subscriptable

2026-02-06 11:23:28,421 - INFO - Total time taken: {'ret': 0, 'msg': 'success', 'data': None}
2026-02-06 11:23:28,421 - INFO - 'NoneType' object is not subscriptable
2026-02-06 11:23:28,422 - INFO - Traceback (most recent call last):
  File "/home/runner/work/qqnews/qqnews/qq.py", line 128, in main
    for i in qq1["data"]["list"]:
             ~~~~~~~~~~~^^^^^^^^
TypeError: 'NoneType' object is not subscriptable

2026-02-06 12:27:44,937 - INFO - Total time taken: {'ret': 0, 'msg': 'success', 'data': None}
2026-02-06 12:27:44,937 - INFO - 'NoneType' object is not subscriptable
2026-02-06 12:27:44,937 - INFO - Traceback (most recent call last):
  File "/home/runner/work/qqnews/qqnews/qq.py", line 128, in main
    for i in qq1["data"]["list"]:
             ~~~~~~~~~~~^^^^^^^^
TypeError: 'NoneType' object is not subscriptable

2026-02-06 13:51:48,404 - INFO - Total time taken: {'ret': 0, 'msg': 'success', 'data': None}
2026-02-06 13:51:48,404 - INFO - 'NoneType' object is not subscriptable
2026-02-06 13:51:48,404 - INFO - Traceback (most recent call last):
  File "/home/runner/work/qqnews/qqnews/qq.py", line 128, in main
    for i in qq1["data"]["list"]:
             ~~~~~~~~~~~^^^^^^^^
TypeError: 'NoneType' object is not subscriptable

