2024-07-21 03:00:45,555 - INFO - EXPIRED
福建泉州号召党员干部生三孩？回应：尚在内部征求意见
https://new.qq.com/rain/a/20240720A07HKQ00

2024-07-21 03:00:45,555 - INFO - EXPIRED
中国篮协官宣：郭士强正式上任中国男篮主帅 时隔15年执教国家队
https://new.qq.com/rain/a/20240610A01DNP00

2024-07-21 03:00:45,555 - INFO - EXPIRED
胎儿被查出“超雄综合征”后终止妊娠，合理吗？为什么以前很少因此堕胎？
https://view.inews.qq.com/a/20240720Q0845O00

2024-07-21 03:00:45,555 - INFO - EXPIRED
贵州麻江一女子被持刀杀害，家属：双方曾有婚约，因男子打人而退婚
https://new.qq.com/rain/a/20240720A05EP100

2024-07-21 03:00:45,555 - INFO - EXPIRED
广东陆丰一幼儿园保安猥亵11名幼儿 警方通报：嫌疑人已被刑拘
https://new.qq.com/rain/a/20240720A06SZC00

2024-07-21 03:00:45,555 - INFO - EXPIRED
浙江温州一医生遭男子持刀伤害去世，暴力伤医谁之过？如何防止悲剧再现？
https://view.inews.qq.com/a/20240720Q05OOJ00

2024-07-21 03:00:45,555 - INFO - EXPIRED
辽宁一村干部家属垄断客车营运线路、还恶意别车不让拉客？当地回应
https://new.qq.com/rain/a/20240720A07FQ100

2024-07-21 03:00:45,555 - INFO - EXPIRED
“中专生逆袭”被海外高校打假，当事人：为面子说去了好学校，没靠“反差人设”获利
https://new.qq.com/rain/a/20240720A03GNU00

2024-07-21 03:00:45,555 - INFO - EXPIRED
知名中学倒闭，1000多名师生被“赶出了学校”
https://new.qq.com/rain/a/20240720A06X7B00

2024-07-21 03:00:45,555 - INFO - EXPIRED
美媒：日本广岛举行遭原子弹轰炸79周年纪念仪式，邀以色列参加引争议
https://new.qq.com/rain/a/20240720A07QWD00

2024-07-21 03:00:45,555 - INFO - EXPIRED
孟加拉国抗议活动已致105人死亡：抗议者纵火烧电视台，全国实施宵禁
https://new.qq.com/rain/a/20240720V04NIV00

2024-07-21 03:00:45,555 - INFO - EXPIRED
美参联会主席炒作台海问题，竟叫嚣“有信心击败中国”
https://new.qq.com/rain/a/20240720A080DM00

2024-07-21 03:00:45,555 - INFO - EXPIRED
新疆巴音郭楞州尉犁县发生4.8级地震，震源深度14千米
https://new.qq.com/rain/a/20240720A082BH00

2024-07-21 03:00:45,555 - INFO - EXPIRED
黄金动荡72小时：金价先猛涨再下跌，商家下调手工费“抢客”
https://new.qq.com/rain/a/20240720A077R200

2024-07-21 03:00:45,555 - INFO - EXPIRED
多起死亡事件背后：“指居”走样，陷存废之争
https://new.qq.com/rain/a/20240720A064QZ00

2024-07-21 03:00:45,555 - INFO - EXPIRED
上任仅一年，河北唐山遵化副市长李伟任上被拿下
https://new.qq.com/rain/a/20240720A07L1400

2024-07-21 03:00:45,555 - INFO - EXPIRED
“居家隔离、咳嗽不止的拜登，私下里正痛骂奥巴马”
https://new.qq.com/rain/a/20240720A0731A00

2024-07-21 03:00:45,555 - INFO - EXPIRED
博主：中国奥运代表团楼里有中央空调，采购空调的是央视
https://new.qq.com/rain/a/20240720A035HU00

2024-07-21 03:00:45,555 - INFO - EXPIRED
业绩突然下滑！优衣库大中华区CEO：中国消费者心态变了
https://new.qq.com/rain/a/20240720A0196400

2024-07-21 03:00:45,555 - INFO - EXPIRED
胎儿被诊断嵌合体“超雄综合征”，家属：决定终止妊娠
https://new.qq.com/rain/a/20240720A07CX700

2024-07-21 03:00:45,555 - INFO - EXPIRED
一个被“指居”者之死
https://new.qq.com/rain/a/20240719A0A5MN00

2024-07-21 03:00:45,555 - INFO - EXPIRED
这位“问题少女”16岁当妈，44岁当副首相
https://new.qq.com/rain/a/20240720A06V8O00

2024-07-21 03:00:45,555 - INFO - EXPIRED
中国社科院高培勇：改革成为宏观治理体系的主要砝码和因素
https://new.qq.com/rain/a/20240720A06ZPK00

2024-07-21 03:00:45,555 - INFO - EXPIRED
若特朗普在选举中获胜，美国是否还会继续支持乌克兰？布林肯回应
https://new.qq.com/rain/a/20240720A05KNK00

2024-07-21 03:00:45,555 - INFO - EXPIRED
亿欧创始人三问梁建章：携程上的机票价格都比同行更高，为什么
https://new.qq.com/rain/a/20240720A05VFZ00

2024-07-21 03:00:45,555 - INFO - EXPIRED
5大4小入住两个标间被拒，酒店一间房究竟可以住几人？小孩怎么算？
https://view.inews.qq.com/a/20240720Q02O8H00

2024-07-21 03:00:45,556 - INFO - EXPIRED
时隔4个月，国务院再度部署这一重要工作，有四个关键信息
https://new.qq.com/rain/a/20240720A061YE00

2024-07-21 03:00:45,556 - INFO - EXPIRED
女装退货率高达80%，别都怪“仅退款”
https://new.qq.com/rain/a/20240719A07RFX00

2024-07-21 03:00:45,556 - INFO - EXPIRED
美副总统哈里斯被曝与近300名民主党金主开会，长谈40分钟
https://new.qq.com/rain/a/20240720A063NO00

2024-07-21 03:00:45,556 - INFO - EXPIRED
在公众视野“消失”两年的广东惠州市委原书记，被查了
https://new.qq.com/rain/a/20240720A03S3Z00

2024-07-21 03:00:45,556 - INFO - EXPIRED
人民大学吴晓求：到银行取钱被问用途 严重侵犯了人民的隐私权
https://new.qq.com/rain/a/20240720A05CU900

2024-07-21 03:00:45,556 - INFO - EXPIRED
网约车8公里收费两百多，滴滴称司机用作弊器，我的订单也会被动手脚吗？
https://view.inews.qq.com/a/20240720Q02DPB00

2024-07-21 03:00:45,556 - INFO - EXPIRED
还了十年月供后，他们失去了房子
https://new.qq.com/rain/a/20240719A0AHNO00

2024-07-21 03:00:45,556 - INFO - EXPIRED
科技部通报国家重点研发计划有关项目4个抄袭问题和1个评审请托问题
https://new.qq.com/rain/a/20240720A0537V00

2024-07-21 03:00:45,556 - INFO - EXPIRED
微软系统大崩溃1000多航班取消，为何航班受影响这么重？飞机驾驶舱用什么系统？
https://view.inews.qq.com/a/20240720Q029LB00

2024-07-21 03:00:45,556 - INFO - EXPIRED
雷军回应董明珠批评，10亿赌约之后“纷争”不断，为何董明珠总和雷军较劲？
https://view.inews.qq.com/a/20240720Q03FC700

2024-07-21 03:00:45,556 - INFO - EXPIRED
“下班摆摊日入上千元”上热搜后，90后医生辞职：用一年时间创业，不行再干老本行
https://new.qq.com/rain/a/20240719A07GZ200

2024-07-21 03:00:45,556 - INFO - EXPIRED
以色列543人感染西尼罗河病毒36人死亡，这种病有多可怕？什么人容易感染？
https://view.inews.qq.com/a/20240719Q02F5400

2024-07-21 03:00:45,556 - INFO - EXPIRED
被威胁“牢底坐穿”，扎克伯格如此回应特朗普
https://new.qq.com/rain/a/20240720A02DDZ00

2024-07-21 03:00:45,556 - INFO - EXPIRED
孩子商场走失，为引起重视母亲拎灭火器砸金店，商场：2分钟后找到娃
https://new.qq.com/rain/a/20240720V04ANR00

2024-07-21 03:00:45,556 - INFO - EXPIRED
内蒙古一越野车侧翻致3死4伤：私家车包车游火爆十余年，多无营运资质
https://new.qq.com/rain/a/20240720A03AD200

2024-07-21 03:00:45,556 - INFO - EXPIRED
国家税务总局原副局长许善达：家庭月收入4000元，可消除五口之家贫困
https://new.qq.com/rain/a/20240718V08DEV00

2024-07-21 03:00:45,556 - INFO - EXPIRED
欧盟拟对进口自中国的生物柴油征收临时反倾销税
https://new.qq.com/rain/a/20240720A040DA00

2024-07-21 03:00:45,556 - INFO - EXPIRED
多位中央委员出席！以中共中央名义召开的重磅发布会，重要信息值得关注
https://new.qq.com/rain/a/20240719A06Z5J00

2024-07-21 03:00:45,556 - INFO - EXPIRED
韩国人第一次给熊猫“接生”  大熊猫生产面临困难危机状况无法预料 
https://new.qq.com/rain/a/20240720V036PC00

2024-07-21 03:00:45,556 - INFO - EXPIRED
美媒：特朗普刺客手机难破解，FBI求助以色列公司40分钟解锁
https://new.qq.com/rain/a/20240719A08TIS00

2024-07-21 03:00:45,556 - INFO - EXPIRED
山西一景区有人故意把餐盒扔骑友车轮下，持刀具勒索500元？警方回应
https://new.qq.com/rain/a/20240719A09ZVH00

2024-07-21 03:00:45,556 - INFO - EXPIRED
4名男子招募20余名女性在KTV有偿陪侍被判刑，其中含多名未成年人
https://new.qq.com/rain/a/20240719A09YNC00

2024-07-21 03:00:45,556 - INFO - EXPIRED
密室毒杀案：六名越南裔游客魂断泰国
https://new.qq.com/rain/a/20240719A0ABXI00

2024-07-21 03:00:45,556 - INFO - EXPIRED
刘和平：岸田政府“穿马甲”，企图突破台日交往红线
https://new.qq.com/rain/a/20240719A089PY00

2024-07-21 03:00:45,556 - INFO - EXPIRED
浙江温州医生遭持刀伤害去世，同行称他的级别堪比熊猫，培养这样的医生多难？
https://view.inews.qq.com/a/20240720Q02RXK00

2024-07-21 03:00:45,556 - INFO - EXPIRED
一名坠河人员被救起，村民：看他挂在树枝上喊救命，用绳子把他拉上岸
https://new.qq.com/rain/a/20240720V048Y000

2024-07-21 03:00:45,556 - INFO - EXPIRED
年薪高达750万元！市值1700亿巨头53岁女高管辞职：寻求外部机会
https://new.qq.com/rain/a/20240719A07BVO00

2024-07-21 03:00:45,556 - INFO - EXPIRED
港媒：巴西总统卢拉透露，巴西正在制定加入“一带一路”倡议提案
https://new.qq.com/rain/a/20240720A03H1W00

2024-07-21 03:00:45,556 - INFO - EXPIRED
亲历者讲述：有村民鞋都没穿就上路拦车 众人接力占满车道拦停后车
https://new.qq.com/rain/a/20240720V03QUP00

2024-07-21 03:00:45,556 - INFO - EXPIRED
浙江温州一医生遭男子持刀伤害致多处严重损伤，经抢救无效不幸去世
https://new.qq.com/rain/a/20240720A00QDD00

2024-07-21 03:00:45,556 - INFO - EXPIRED
泄露211名患者信息和2人的裸照，上海一三甲医院医生被立案调查
https://new.qq.com/rain/a/20240719A07YYH00

2024-07-21 03:00:45,556 - INFO - EXPIRED
德国雇佣兵打破沉默：在乌克兰战场上，战友们虐杀俄战俘并不断吹嘘
https://new.qq.com/rain/a/20240719A08AIG00

2024-07-21 03:00:45,556 - INFO - EXPIRED
特朗普与泽连斯基通话，称自己会“结束战争”，俄乌双方将走到一起
https://new.qq.com/rain/a/20240720A010NT00

2024-07-21 03:00:45,556 - INFO - EXPIRED
“阿念”代露娃拍长相思虽然苦但没瘦，多亏杨紫张晚意疯狂投喂
https://new.qq.com/rain/a/20240719V087BK00

2024-07-21 03:00:45,556 - INFO - EXPIRED
中央给地方“分钱”，谁是最大受益者
https://new.qq.com/rain/a/20240719A03FHT00

2024-07-21 03:00:45,556 - INFO - EXPIRED
导游威胁游客不买东西走不了，天津文旅：系无证导游，顶格罚款3万元
https://new.qq.com/rain/a/20240720A010U600

2024-07-21 03:00:45,556 - INFO - EXPIRED
在上海打网约车8公里收费两百多元？滴滴客服：司机作弊，已被封禁
https://new.qq.com/rain/a/20240720A00V4H00

2024-07-21 03:00:45,556 - INFO - EXPIRED
俄外交部发言人扎哈罗娃：若俄资产被西方没收，将采取对等回应
https://new.qq.com/rain/a/20240720A00WZU00

2024-07-21 03:00:45,556 - INFO - EXPIRED
特朗普幕僚施压台湾增加防务支出，台媒：若两岸和解，台湾还需要向美国缴保护费吗？
https://new.qq.com/rain/a/20240720A00XBP00

2024-07-21 03:00:45,556 - INFO - EXPIRED
越共中央总书记阮富仲去世，执政十余年，他如何影响了越南？
https://view.inews.qq.com/a/20240719Q08X7U00

2024-07-21 03:00:45,556 - INFO - EXPIRED
巴黎奥运会开赛在即，感觉讨论的人不多，是没有热度吗？
https://view.inews.qq.com/a/20240719Q09ZY300

2024-07-21 03:00:45,556 - INFO - EXPIRED
王毅同加拿大外长乔利会谈
https://new.qq.com/rain/a/20240719A0AF6A00

2024-07-21 03:00:45,556 - INFO - EXPIRED
巴黎奥运即使场馆多为“旧房改造”总耗资仍高达82亿美元，能回本吗？中国是否有成功经验？
https://view.inews.qq.com/a/20240719Q0810I00

2024-07-21 03:00:45,556 - INFO - EXPIRED
10岁女孩遍体鳞伤，医药费众筹时被质疑遭虐待，当地：其母亲涉嫌家暴
https://new.qq.com/rain/a/20240719A0A38P00

2024-07-21 03:00:45,556 - INFO - EXPIRED
拜登陷退选风波，为何美国人对副手哈里斯接班普遍不看好？她做错了什么？
https://view.inews.qq.com/a/20240719Q07JF700

2024-07-21 03:00:45,556 - INFO - EXPIRED
武汉理工大学再通报学生虐猫：已予以退学
https://new.qq.com/rain/a/20240719A0A8CV00

2024-07-21 03:00:45,556 - INFO - EXPIRED
四川西昌发起“米粉降价一元”倡议 官方回应：希望商家“让利于民”
https://new.qq.com/rain/a/20240719A0971Y00

2024-07-21 03:00:45,556 - INFO - EXPIRED
曾多次动手打下属的“老虎”被捕，落马5天前还露面
https://new.qq.com/rain/a/20240719A081LT00

2024-07-21 03:00:45,556 - INFO - EXPIRED
缅甸临时总统敏瑞因健康问题接受治疗
https://new.qq.com/rain/a/20240719A09ZMF00

2024-07-21 03:00:45,556 - INFO - EXPIRED
5大4小入住两个标间被拒，律师：经营者若提示或公示过入住人数则不涉及侵权
https://new.qq.com/rain/a/20240719A07IJG00

2024-07-21 03:00:45,556 - INFO - EXPIRED
网传厦门大学学生辱骂孕妇，校方回应：1名涉事女子已结业离校
https://new.qq.com/rain/a/20240719A09HKA00

2024-07-21 03:00:45,556 - INFO - EXPIRED
科学家通过抑制一种促炎蛋白将老鼠寿命延长25%，这种方法能在人身上复用吗？
https://view.inews.qq.com/a/20240718Q05UYN00

2024-07-21 03:00:45,556 - INFO - EXPIRED
湖南郴州市政协原副主席雷纯勇主动投案，此前该市4任市委书记均落马
https://new.qq.com/rain/a/20240719A07OA400

2024-07-21 03:00:45,556 - INFO - EXPIRED
裁定犯间谍罪 俄法院判处一名美媒记者16年监禁
https://new.qq.com/rain/a/20240719A099TW00

2024-07-21 03:00:45,557 - INFO - EXPIRED
美拟加码芯片贸易限制，商务部：中方反对美滥施出口管制
https://new.qq.com/rain/a/20240719A08FDH00

2024-07-21 03:00:45,557 - INFO - EXPIRED
中共中央就越共中央总书记阮富仲逝世向越共中央致唁电
https://new.qq.com/rain/a/20240719A099ZK00

2024-07-21 03:00:45,557 - INFO - EXPIRED
声称留学伦敦，逆袭中专生被海外高校打假：伪造录取通知书，并非我校学生
https://new.qq.com/rain/a/20240719A0585E00

2024-07-21 03:00:45,557 - INFO - EXPIRED
江西婺源县联合调查组通报：省青少年游泳锦标赛部分参赛者呕吐腹泻，57人送医
https://new.qq.com/rain/a/20240719A08VGD00

2024-07-21 03:00:45,557 - INFO - EXPIRED
郑佩佩去世原因曝光，患有皮质基底节变性，这是种什么病？和大脑有关吗？
https://view.inews.qq.com/a/20240719Q075JF00

2024-07-21 03:00:45,557 - INFO - EXPIRED
三名女子为涨粉，非法改装摩托车狂飙被抓 北京警方：涉87项交通违法
https://new.qq.com/rain/a/20240719A02JVU00

2024-07-21 03:00:45,557 - INFO - EXPIRED
广东陆丰警方通报“群众报警称女儿被猥亵”：嫌疑人已被公安机关依法刑事拘留
https://new.qq.com/rain/a/20240719A08TGE00

2024-07-21 03:00:45,557 - INFO - EXPIRED
吸烟违禁，19岁日本奥运女子体操队队长将被遣送回国
https://new.qq.com/rain/a/20240719A07JH600

2024-07-21 03:00:45,557 - INFO - EXPIRED
山东烟台小升初查成绩、查错题要充值365元？校方回应：已道歉并退费
https://new.qq.com/rain/a/20240719A06DSV00

2024-07-21 03:00:46,617 - INFO - INVALID
早上五点就接电话，“车险续保太可怕”？有商家称车主号码每条1元
https://new.qq.com/rain/a/20240721A01FNL00

2024-07-21 03:00:46,657 - INFO - INVALID
退出价格战后，宝马多地4S店上演霸王条款：拒绝交付，提车要加价3万
https://new.qq.com/rain/a/20240721A023S100

2024-07-21 03:00:46,753 - INFO - INVALID
硅谷生娃也拼高科技！超级婴儿来了，更聪明、更健康、更长寿
https://new.qq.com/rain/a/20240721A00AFA00

2024-07-21 03:00:46,759 - INFO - INVALID
以色列“长臂行动”空袭也门荷台达，内塔尼亚胡、胡塞武装、伊朗回应
https://new.qq.com/rain/a/20240721A00Z6Y00

2024-07-21 03:00:47,015 - INFO - INVALID
一个劲不停闪，上海人刷屏的神奇“天象”什么情况？双台风即将到达
https://new.qq.com/rain/a/20240721A00ZOR00

2024-07-21 03:00:47,115 - ERROR - ERROR
战机空袭也门后，内塔尼亚胡：没有以色列“长臂”无法触及的地方
https://new.qq.com/rain/a/20240721V010XH00
('list index out of range',)
======
Traceback (most recent call last):
  File "/home/runner/work/qqnews/qqnews/qq.py", line 81, in process_article
    ss = str(tmpbs.select("div.LEFT div.content.clearfix")[0])
             ~~~~~~~~~~~~~~~~~~~~~~~~~~~~~~~~~~~~~~~~~~~~~^^^
IndexError: list index out of range


2024-07-21 03:00:47,245 - INFO - INVALID
特朗普前任白宫医生：子弹距离他脑袋不足0.635厘米 造成宽2厘米伤口
https://new.qq.com/rain/a/20240721A00IZM00

2024-07-21 03:00:47,252 - INFO - INVALID
“双重打击”！泽连斯基“调门变了”
https://new.qq.com/rain/a/20240721A003YK00

2024-07-21 03:00:47,332 - INFO - INVALID
外媒：特朗普在密歇根州参加竞选集会，系遭“未遂刺杀”后首次现身竞选集会
https://new.qq.com/rain/a/20240721A01CRW00

2024-07-21 03:00:47,662 - INFO - INVALID
今年第4号台风“派比安”生成 预计将在海南三亚到琼海一带沿海登陆
https://new.qq.com/rain/a/20240721A00T7L00

2024-07-21 03:00:47,754 - INFO - INVALID
国际法院认定以色列非法占领巴领土 欧盟表示支持
https://new.qq.com/rain/a/20240721A00C4N00

