2026-01-08 00:44:50,054 - INFO - Total time taken: {'ret': 0, 'msg': 'success', 'data': None}
2026-01-08 00:44:50,054 - INFO - 'NoneType' object is not subscriptable
2026-01-08 00:44:50,054 - INFO - Traceback (most recent call last):
  File "/home/runner/work/qqnews/qqnews/qq.py", line 128, in main
    for i in qq1["data"]["list"]:
             ~~~~~~~~~~~^^^^^^^^
TypeError: 'NoneType' object is not subscriptable

2026-01-08 02:50:07,964 - INFO - Total time taken: {'ret': 0, 'msg': 'success', 'data': None}
2026-01-08 02:50:07,964 - INFO - 'NoneType' object is not subscriptable
2026-01-08 02:50:07,964 - INFO - Traceback (most recent call last):
  File "/home/runner/work/qqnews/qqnews/qq.py", line 128, in main
    for i in qq1["data"]["list"]:
             ~~~~~~~~~~~^^^^^^^^
TypeError: 'NoneType' object is not subscriptable

2026-01-08 03:55:55,122 - INFO - Total time taken: {'ret': 0, 'msg': 'success', 'data': None}
2026-01-08 03:55:55,122 - INFO - 'NoneType' object is not subscriptable
2026-01-08 03:55:55,123 - INFO - Traceback (most recent call last):
  File "/home/runner/work/qqnews/qqnews/qq.py", line 128, in main
    for i in qq1["data"]["list"]:
             ~~~~~~~~~~~^^^^^^^^
TypeError: 'NoneType' object is not subscriptable

2026-01-08 04:29:13,434 - INFO - Total time taken: {'ret': 0, 'msg': 'success', 'data': None}
2026-01-08 04:29:13,434 - INFO - 'NoneType' object is not subscriptable
2026-01-08 04:29:13,435 - INFO - Traceback (most recent call last):
  File "/home/runner/work/qqnews/qqnews/qq.py", line 128, in main
    for i in qq1["data"]["list"]:
             ~~~~~~~~~~~^^^^^^^^
TypeError: 'NoneType' object is not subscriptable

2026-01-08 05:14:53,693 - INFO - Total time taken: {'ret': 0, 'msg': 'success', 'data': None}
2026-01-08 05:14:53,693 - INFO - 'NoneType' object is not subscriptable
2026-01-08 05:14:53,693 - INFO - Traceback (most recent call last):
  File "/home/runner/work/qqnews/qqnews/qq.py", line 128, in main
    for i in qq1["data"]["list"]:
             ~~~~~~~~~~~^^^^^^^^
TypeError: 'NoneType' object is not subscriptable

2026-01-08 06:15:53,932 - INFO - Total time taken: {'ret': 0, 'msg': 'success', 'data': None}
2026-01-08 06:15:53,933 - INFO - 'NoneType' object is not subscriptable
2026-01-08 06:15:53,933 - INFO - Traceback (most recent call last):
  File "/home/runner/work/qqnews/qqnews/qq.py", line 128, in main
    for i in qq1["data"]["list"]:
             ~~~~~~~~~~~^^^^^^^^
TypeError: 'NoneType' object is not subscriptable

2026-01-08 07:14:51,541 - INFO - Total time taken: {'ret': 0, 'msg': 'success', 'data': None}
2026-01-08 07:14:51,541 - INFO - 'NoneType' object is not subscriptable
2026-01-08 07:14:51,542 - INFO - Traceback (most recent call last):
  File "/home/runner/work/qqnews/qqnews/qq.py", line 128, in main
    for i in qq1["data"]["list"]:
             ~~~~~~~~~~~^^^^^^^^
TypeError: 'NoneType' object is not subscriptable

