2026-07-02 00:02:33,099 - INFO - Total time taken: {'ret': 0, 'msg': 'success', 'data': None}
2026-07-02 00:02:33,100 - INFO - 'NoneType' object is not subscriptable
2026-07-02 00:02:33,100 - INFO - Traceback (most recent call last):
  File "/home/runner/work/qqnews/qqnews/qq.py", line 128, in main
    for i in qq1["data"]["list"]:
             ~~~~~~~~~~~^^^^^^^^
TypeError: 'NoneType' object is not subscriptable

2026-07-02 04:49:11,453 - INFO - Total time taken: {'ret': 0, 'msg': 'success', 'data': None}
2026-07-02 04:49:11,453 - INFO - 'NoneType' object is not subscriptable
2026-07-02 04:49:11,453 - INFO - Traceback (most recent call last):
  File "/home/runner/work/qqnews/qqnews/qq.py", line 128, in main
    for i in qq1["data"]["list"]:
             ~~~~~~~~~~~^^^^^^^^
TypeError: 'NoneType' object is not subscriptable

2026-07-02 07:58:06,716 - INFO - Total time taken: {'ret': 0, 'msg': 'success', 'data': None}
2026-07-02 07:58:06,716 - INFO - 'NoneType' object is not subscriptable
2026-07-02 07:58:06,716 - INFO - Traceback (most recent call last):
  File "/home/runner/work/qqnews/qqnews/qq.py", line 128, in main
    for i in qq1["data"]["list"]:
             ~~~~~~~~~~~^^^^^^^^
TypeError: 'NoneType' object is not subscriptable

2026-07-02 10:30:25,915 - INFO - Total time taken: {'ret': 0, 'msg': 'success', 'data': None}
2026-07-02 10:30:25,915 - INFO - 'NoneType' object is not subscriptable
2026-07-02 10:30:25,916 - INFO - Traceback (most recent call last):
  File "/home/runner/work/qqnews/qqnews/qq.py", line 128, in main
    for i in qq1["data"]["list"]:
             ~~~~~~~~~~~^^^^^^^^
TypeError: 'NoneType' object is not subscriptable

2026-07-02 12:51:30,859 - INFO - Total time taken: {'ret': 0, 'msg': 'success', 'data': None}
2026-07-02 12:51:30,859 - INFO - 'NoneType' object is not subscriptable
2026-07-02 12:51:30,859 - INFO - Traceback (most recent call last):
  File "/home/runner/work/qqnews/qqnews/qq.py", line 128, in main
    for i in qq1["data"]["list"]:
             ~~~~~~~~~~~^^^^^^^^
TypeError: 'NoneType' object is not subscriptable

2026-07-02 15:01:26,417 - INFO - Total time taken: {'ret': 0, 'msg': 'success', 'data': None}
2026-07-02 15:01:26,417 - INFO - 'NoneType' object is not subscriptable
2026-07-02 15:01:26,418 - INFO - Traceback (most recent call last):
  File "/home/runner/work/qqnews/qqnews/qq.py", line 128, in main
    for i in qq1["data"]["list"]:
             ~~~~~~~~~~~^^^^^^^^
TypeError: 'NoneType' object is not subscriptable

2026-07-02 17:22:09,715 - INFO - Total time taken: {'ret': 0, 'msg': 'success', 'data': None}
2026-07-02 17:22:09,715 - INFO - 'NoneType' object is not subscriptable
2026-07-02 17:22:09,715 - INFO - Traceback (most recent call last):
  File "/home/runner/work/qqnews/qqnews/qq.py", line 128, in main
    for i in qq1["data"]["list"]:
             ~~~~~~~~~~~^^^^^^^^
TypeError: 'NoneType' object is not subscriptable

2026-07-02 19:03:15,502 - INFO - Total time taken: {'ret': 0, 'msg': 'success', 'data': None}
2026-07-02 19:03:15,502 - INFO - 'NoneType' object is not subscriptable
2026-07-02 19:03:15,502 - INFO - Traceback (most recent call last):
  File "/home/runner/work/qqnews/qqnews/qq.py", line 128, in main
    for i in qq1["data"]["list"]:
             ~~~~~~~~~~~^^^^^^^^
TypeError: 'NoneType' object is not subscriptable

2026-07-02 20:48:14,931 - INFO - Total time taken: {'ret': 0, 'msg': 'success', 'data': None}
2026-07-02 20:48:14,931 - INFO - 'NoneType' object is not subscriptable
2026-07-02 20:48:14,932 - INFO - Traceback (most recent call last):
  File "/home/runner/work/qqnews/qqnews/qq.py", line 128, in main
    for i in qq1["data"]["list"]:
             ~~~~~~~~~~~^^^^^^^^
TypeError: 'NoneType' object is not subscriptable

2026-07-02 21:55:03,432 - INFO - Total time taken: {'ret': 0, 'msg': 'success', 'data': None}
2026-07-02 21:55:03,433 - INFO - 'NoneType' object is not subscriptable
2026-07-02 21:55:03,433 - INFO - Traceback (most recent call last):
  File "/home/runner/work/qqnews/qqnews/qq.py", line 128, in main
    for i in qq1["data"]["list"]:
             ~~~~~~~~~~~^^^^^^^^
TypeError: 'NoneType' object is not subscriptable

2026-07-02 22:52:50,450 - INFO - Total time taken: {'ret': 0, 'msg': 'success', 'data': None}
2026-07-02 22:52:50,450 - INFO - 'NoneType' object is not subscriptable
2026-07-02 22:52:50,451 - INFO - Traceback (most recent call last):
  File "/home/runner/work/qqnews/qqnews/qq.py", line 128, in main
    for i in qq1["data"]["list"]:
             ~~~~~~~~~~~^^^^^^^^
TypeError: 'NoneType' object is not subscriptable

