2025-10-29 00:41:39,139 - INFO - Total time taken: {'ret': 0, 'msg': 'success', 'data': None}
2025-10-29 00:41:39,139 - INFO - 'NoneType' object is not subscriptable
2025-10-29 00:41:39,140 - INFO - Traceback (most recent call last):
  File "/home/runner/work/qqnews/qqnews/qq.py", line 128, in main
    for i in qq1["data"]["list"]:
             ~~~~~~~~~~~^^^^^^^^
TypeError: 'NoneType' object is not subscriptable

2025-10-29 02:27:32,596 - INFO - Total time taken: {'ret': 0, 'msg': 'success', 'data': None}
2025-10-29 02:27:32,596 - INFO - 'NoneType' object is not subscriptable
2025-10-29 02:27:32,596 - INFO - Traceback (most recent call last):
  File "/home/runner/work/qqnews/qqnews/qq.py", line 128, in main
    for i in qq1["data"]["list"]:
             ~~~~~~~~~~~^^^^^^^^
TypeError: 'NoneType' object is not subscriptable

2025-10-29 03:40:50,738 - INFO - Total time taken: {'ret': 0, 'msg': 'success', 'data': None}
2025-10-29 03:40:50,738 - INFO - 'NoneType' object is not subscriptable
2025-10-29 03:40:50,739 - INFO - Traceback (most recent call last):
  File "/home/runner/work/qqnews/qqnews/qq.py", line 128, in main
    for i in qq1["data"]["list"]:
             ~~~~~~~~~~~^^^^^^^^
TypeError: 'NoneType' object is not subscriptable

2025-10-29 04:15:45,600 - INFO - Total time taken: {'ret': 0, 'msg': 'success', 'data': None}
2025-10-29 04:15:45,600 - INFO - 'NoneType' object is not subscriptable
2025-10-29 04:15:45,600 - INFO - Traceback (most recent call last):
  File "/home/runner/work/qqnews/qqnews/qq.py", line 128, in main
    for i in qq1["data"]["list"]:
             ~~~~~~~~~~~^^^^^^^^
TypeError: 'NoneType' object is not subscriptable

2025-10-29 05:01:17,095 - INFO - Total time taken: {'ret': 0, 'msg': 'success', 'data': None}
2025-10-29 05:01:17,095 - INFO - 'NoneType' object is not subscriptable
2025-10-29 05:01:17,096 - INFO - Traceback (most recent call last):
  File "/home/runner/work/qqnews/qqnews/qq.py", line 128, in main
    for i in qq1["data"]["list"]:
             ~~~~~~~~~~~^^^^^^^^
TypeError: 'NoneType' object is not subscriptable

2025-10-29 06:01:33,236 - INFO - Total time taken: {'ret': 0, 'msg': 'success', 'data': None}
2025-10-29 06:01:33,236 - INFO - 'NoneType' object is not subscriptable
2025-10-29 06:01:33,237 - INFO - Traceback (most recent call last):
  File "/home/runner/work/qqnews/qqnews/qq.py", line 128, in main
    for i in qq1["data"]["list"]:
             ~~~~~~~~~~~^^^^^^^^
TypeError: 'NoneType' object is not subscriptable

2025-10-29 07:01:20,722 - INFO - Total time taken: {'ret': 0, 'msg': 'success', 'data': None}
2025-10-29 07:01:20,723 - INFO - 'NoneType' object is not subscriptable
2025-10-29 07:01:20,723 - INFO - Traceback (most recent call last):
  File "/home/runner/work/qqnews/qqnews/qq.py", line 128, in main
    for i in qq1["data"]["list"]:
             ~~~~~~~~~~~^^^^^^^^
TypeError: 'NoneType' object is not subscriptable

2025-10-29 08:01:29,188 - INFO - Total time taken: {'ret': 0, 'msg': 'success', 'data': None}
2025-10-29 08:01:29,189 - INFO - 'NoneType' object is not subscriptable
2025-10-29 08:01:29,189 - INFO - Traceback (most recent call last):
  File "/home/runner/work/qqnews/qqnews/qq.py", line 128, in main
    for i in qq1["data"]["list"]:
             ~~~~~~~~~~~^^^^^^^^
TypeError: 'NoneType' object is not subscriptable

2025-10-29 09:01:16,875 - INFO - Total time taken: {'ret': 0, 'msg': 'success', 'data': None}
2025-10-29 09:01:16,875 - INFO - 'NoneType' object is not subscriptable
2025-10-29 09:01:16,876 - INFO - Traceback (most recent call last):
  File "/home/runner/work/qqnews/qqnews/qq.py", line 128, in main
    for i in qq1["data"]["list"]:
             ~~~~~~~~~~~^^^^^^^^
TypeError: 'NoneType' object is not subscriptable

2025-10-29 10:01:24,900 - INFO - Total time taken: {'ret': 0, 'msg': 'success', 'data': None}
2025-10-29 10:01:24,901 - INFO - 'NoneType' object is not subscriptable
2025-10-29 10:01:24,901 - INFO - Traceback (most recent call last):
  File "/home/runner/work/qqnews/qqnews/qq.py", line 128, in main
    for i in qq1["data"]["list"]:
             ~~~~~~~~~~~^^^^^^^^
TypeError: 'NoneType' object is not subscriptable

2025-10-29 11:01:27,104 - INFO - Total time taken: {'ret': 0, 'msg': 'success', 'data': None}
2025-10-29 11:01:27,105 - INFO - 'NoneType' object is not subscriptable
2025-10-29 11:01:27,105 - INFO - Traceback (most recent call last):
  File "/home/runner/work/qqnews/qqnews/qq.py", line 128, in main
    for i in qq1["data"]["list"]:
             ~~~~~~~~~~~^^^^^^^^
TypeError: 'NoneType' object is not subscriptable

