2025-07-04 00:42:04,844 - INFO - Total time taken: {'ret': 0, 'msg': 'success', 'data': None}
2025-07-04 00:42:04,844 - INFO - 'NoneType' object is not subscriptable
2025-07-04 00:42:04,845 - INFO - Traceback (most recent call last):
  File "/home/runner/work/qqnews/qqnews/qq.py", line 128, in main
    for i in qq1["data"]["list"]:
             ~~~~~~~~~~~^^^^^^^^
TypeError: 'NoneType' object is not subscriptable

2025-07-04 02:40:46,133 - INFO - Total time taken: {'ret': 0, 'msg': 'success', 'data': None}
2025-07-04 02:40:46,133 - INFO - 'NoneType' object is not subscriptable
2025-07-04 02:40:46,133 - INFO - Traceback (most recent call last):
  File "/home/runner/work/qqnews/qqnews/qq.py", line 128, in main
    for i in qq1["data"]["list"]:
             ~~~~~~~~~~~^^^^^^^^
TypeError: 'NoneType' object is not subscriptable

2025-07-04 03:41:46,804 - INFO - Total time taken: {'ret': 0, 'msg': 'success', 'data': None}
2025-07-04 03:41:46,804 - INFO - 'NoneType' object is not subscriptable
2025-07-04 03:41:46,804 - INFO - Traceback (most recent call last):
  File "/home/runner/work/qqnews/qqnews/qq.py", line 128, in main
    for i in qq1["data"]["list"]:
             ~~~~~~~~~~~^^^^^^^^
TypeError: 'NoneType' object is not subscriptable

2025-07-04 04:19:02,284 - INFO - Total time taken: {'ret': 0, 'msg': 'success', 'data': None}
2025-07-04 04:19:02,284 - INFO - 'NoneType' object is not subscriptable
2025-07-04 04:19:02,285 - INFO - Traceback (most recent call last):
  File "/home/runner/work/qqnews/qqnews/qq.py", line 128, in main
    for i in qq1["data"]["list"]:
             ~~~~~~~~~~~^^^^^^^^
TypeError: 'NoneType' object is not subscriptable

2025-07-04 05:12:23,777 - INFO - Total time taken: {'ret': 0, 'msg': 'success', 'data': None}
2025-07-04 05:12:23,777 - INFO - 'NoneType' object is not subscriptable
2025-07-04 05:12:23,777 - INFO - Traceback (most recent call last):
  File "/home/runner/work/qqnews/qqnews/qq.py", line 128, in main
    for i in qq1["data"]["list"]:
             ~~~~~~~~~~~^^^^^^^^
TypeError: 'NoneType' object is not subscriptable

2025-07-04 06:13:38,049 - INFO - Total time taken: {'ret': 0, 'msg': 'success', 'data': None}
2025-07-04 06:13:38,049 - INFO - 'NoneType' object is not subscriptable
2025-07-04 06:13:38,049 - INFO - Traceback (most recent call last):
  File "/home/runner/work/qqnews/qqnews/qq.py", line 128, in main
    for i in qq1["data"]["list"]:
             ~~~~~~~~~~~^^^^^^^^
TypeError: 'NoneType' object is not subscriptable

