2026-02-11 01:05:39,740 - INFO - Total time taken: {'ret': 0, 'msg': 'success', 'data': None}
2026-02-11 01:05:39,741 - INFO - 'NoneType' object is not subscriptable
2026-02-11 01:05:39,741 - INFO - Traceback (most recent call last):
  File "/home/runner/work/qqnews/qqnews/qq.py", line 128, in main
    for i in qq1["data"]["list"]:
             ~~~~~~~~~~~^^^^^^^^
TypeError: 'NoneType' object is not subscriptable

2026-02-11 04:16:58,883 - INFO - Total time taken: {'ret': 0, 'msg': 'success', 'data': None}
2026-02-11 04:16:58,883 - INFO - 'NoneType' object is not subscriptable
2026-02-11 04:16:58,884 - INFO - Traceback (most recent call last):
  File "/home/runner/work/qqnews/qqnews/qq.py", line 128, in main
    for i in qq1["data"]["list"]:
             ~~~~~~~~~~~^^^^^^^^
TypeError: 'NoneType' object is not subscriptable

2026-02-11 06:00:15,175 - INFO - Total time taken: {'ret': 0, 'msg': 'success', 'data': None}
2026-02-11 06:00:15,175 - INFO - 'NoneType' object is not subscriptable
2026-02-11 06:00:15,175 - INFO - Traceback (most recent call last):
  File "/home/runner/work/qqnews/qqnews/qq.py", line 128, in main
    for i in qq1["data"]["list"]:
             ~~~~~~~~~~~^^^^^^^^
TypeError: 'NoneType' object is not subscriptable

2026-02-11 06:59:55,538 - INFO - Total time taken: {'ret': 0, 'msg': 'success', 'data': None}
2026-02-11 06:59:55,539 - INFO - 'NoneType' object is not subscriptable
2026-02-11 06:59:55,539 - INFO - Traceback (most recent call last):
  File "/home/runner/work/qqnews/qqnews/qq.py", line 128, in main
    for i in qq1["data"]["list"]:
             ~~~~~~~~~~~^^^^^^^^
TypeError: 'NoneType' object is not subscriptable

2026-02-11 07:54:39,842 - INFO - Total time taken: {'ret': 0, 'msg': 'success', 'data': None}
2026-02-11 07:54:39,842 - INFO - 'NoneType' object is not subscriptable
2026-02-11 07:54:39,842 - INFO - Traceback (most recent call last):
  File "/home/runner/work/qqnews/qqnews/qq.py", line 128, in main
    for i in qq1["data"]["list"]:
             ~~~~~~~~~~~^^^^^^^^
TypeError: 'NoneType' object is not subscriptable

2026-02-11 08:32:31,315 - INFO - Total time taken: {'ret': 0, 'msg': 'success', 'data': None}
2026-02-11 08:32:31,315 - INFO - 'NoneType' object is not subscriptable
2026-02-11 08:32:31,315 - INFO - Traceback (most recent call last):
  File "/home/runner/work/qqnews/qqnews/qq.py", line 128, in main
    for i in qq1["data"]["list"]:
             ~~~~~~~~~~~^^^^^^^^
TypeError: 'NoneType' object is not subscriptable

2026-02-11 09:38:55,289 - INFO - Total time taken: {'ret': 0, 'msg': 'success', 'data': None}
2026-02-11 09:38:55,289 - INFO - 'NoneType' object is not subscriptable
2026-02-11 09:38:55,290 - INFO - Traceback (most recent call last):
  File "/home/runner/work/qqnews/qqnews/qq.py", line 128, in main
    for i in qq1["data"]["list"]:
             ~~~~~~~~~~~^^^^^^^^
TypeError: 'NoneType' object is not subscriptable

2026-02-11 10:36:23,376 - INFO - Total time taken: {'ret': 0, 'msg': 'success', 'data': None}
2026-02-11 10:36:23,377 - INFO - 'NoneType' object is not subscriptable
2026-02-11 10:36:23,377 - INFO - Traceback (most recent call last):
  File "/home/runner/work/qqnews/qqnews/qq.py", line 128, in main
    for i in qq1["data"]["list"]:
             ~~~~~~~~~~~^^^^^^^^
TypeError: 'NoneType' object is not subscriptable

2026-02-11 11:34:19,545 - INFO - Total time taken: {'ret': 0, 'msg': 'success', 'data': None}
2026-02-11 11:34:19,545 - INFO - 'NoneType' object is not subscriptable
2026-02-11 11:34:19,545 - INFO - Traceback (most recent call last):
  File "/home/runner/work/qqnews/qqnews/qq.py", line 128, in main
    for i in qq1["data"]["list"]:
             ~~~~~~~~~~~^^^^^^^^
TypeError: 'NoneType' object is not subscriptable

2026-02-11 12:35:27,797 - INFO - Total time taken: {'ret': 0, 'msg': 'success', 'data': None}
2026-02-11 12:35:27,797 - INFO - 'NoneType' object is not subscriptable
2026-02-11 12:35:27,798 - INFO - Traceback (most recent call last):
  File "/home/runner/work/qqnews/qqnews/qq.py", line 128, in main
    for i in qq1["data"]["list"]:
             ~~~~~~~~~~~^^^^^^^^
TypeError: 'NoneType' object is not subscriptable

2026-02-11 14:05:58,043 - INFO - Total time taken: {'ret': 0, 'msg': 'success', 'data': None}
2026-02-11 14:05:58,043 - INFO - 'NoneType' object is not subscriptable
2026-02-11 14:05:58,044 - INFO - Traceback (most recent call last):
  File "/home/runner/work/qqnews/qqnews/qq.py", line 128, in main
    for i in qq1["data"]["list"]:
             ~~~~~~~~~~~^^^^^^^^
TypeError: 'NoneType' object is not subscriptable

2026-02-11 15:45:26,712 - INFO - Total time taken: {'ret': 0, 'msg': 'success', 'data': None}
2026-02-11 15:45:26,713 - INFO - 'NoneType' object is not subscriptable
2026-02-11 15:45:26,713 - INFO - Traceback (most recent call last):
  File "/home/runner/work/qqnews/qqnews/qq.py", line 128, in main
    for i in qq1["data"]["list"]:
             ~~~~~~~~~~~^^^^^^^^
TypeError: 'NoneType' object is not subscriptable

2026-02-11 16:48:46,566 - INFO - Total time taken: {'ret': 0, 'msg': 'success', 'data': None}
2026-02-11 16:48:46,566 - INFO - 'NoneType' object is not subscriptable
2026-02-11 16:48:46,567 - INFO - Traceback (most recent call last):
  File "/home/runner/work/qqnews/qqnews/qq.py", line 128, in main
    for i in qq1["data"]["list"]:
             ~~~~~~~~~~~^^^^^^^^
TypeError: 'NoneType' object is not subscriptable

2026-02-11 17:46:23,648 - INFO - Total time taken: {'ret': 0, 'msg': 'success', 'data': None}
2026-02-11 17:46:23,649 - INFO - 'NoneType' object is not subscriptable
2026-02-11 17:46:23,649 - INFO - Traceback (most recent call last):
  File "/home/runner/work/qqnews/qqnews/qq.py", line 128, in main
    for i in qq1["data"]["list"]:
             ~~~~~~~~~~~^^^^^^^^
TypeError: 'NoneType' object is not subscriptable

2026-02-11 18:44:02,124 - INFO - Total time taken: {'ret': 0, 'msg': 'success', 'data': None}
2026-02-11 18:44:02,125 - INFO - 'NoneType' object is not subscriptable
2026-02-11 18:44:02,125 - INFO - Traceback (most recent call last):
  File "/home/runner/work/qqnews/qqnews/qq.py", line 128, in main
    for i in qq1["data"]["list"]:
             ~~~~~~~~~~~^^^^^^^^
TypeError: 'NoneType' object is not subscriptable

2026-02-11 19:46:33,836 - INFO - Total time taken: {'ret': 0, 'msg': 'success', 'data': None}
2026-02-11 19:46:33,836 - INFO - 'NoneType' object is not subscriptable
2026-02-11 19:46:33,836 - INFO - Traceback (most recent call last):
  File "/home/runner/work/qqnews/qqnews/qq.py", line 128, in main
    for i in qq1["data"]["list"]:
             ~~~~~~~~~~~^^^^^^^^
TypeError: 'NoneType' object is not subscriptable

