2026-07-16 01:13:10,081 - INFO - Total time taken: {'ret': 0, 'msg': 'success', 'data': None}
2026-07-16 01:13:10,082 - INFO - 'NoneType' object is not subscriptable
2026-07-16 01:13:10,082 - INFO - Traceback (most recent call last):
  File "/home/runner/work/qqnews/qqnews/qq.py", line 128, in main
    for i in qq1["data"]["list"]:
             ~~~~~~~~~~~^^^^^^^^
TypeError: 'NoneType' object is not subscriptable

2026-07-16 04:45:33,059 - INFO - Total time taken: {'ret': 0, 'msg': 'success', 'data': None}
2026-07-16 04:45:33,059 - INFO - 'NoneType' object is not subscriptable
2026-07-16 04:45:33,060 - INFO - Traceback (most recent call last):
  File "/home/runner/work/qqnews/qqnews/qq.py", line 128, in main
    for i in qq1["data"]["list"]:
             ~~~~~~~~~~~^^^^^^^^
TypeError: 'NoneType' object is not subscriptable

2026-07-16 07:11:47,988 - INFO - Total time taken: {'ret': 0, 'msg': 'success', 'data': None}
2026-07-16 07:11:47,989 - INFO - 'NoneType' object is not subscriptable
2026-07-16 07:11:47,989 - INFO - Traceback (most recent call last):
  File "/home/runner/work/qqnews/qqnews/qq.py", line 128, in main
    for i in qq1["data"]["list"]:
             ~~~~~~~~~~~^^^^^^^^
TypeError: 'NoneType' object is not subscriptable

2026-07-16 09:50:58,810 - INFO - Total time taken: {'ret': 0, 'msg': 'success', 'data': None}
2026-07-16 09:50:58,811 - INFO - 'NoneType' object is not subscriptable
2026-07-16 09:50:58,811 - INFO - Traceback (most recent call last):
  File "/home/runner/work/qqnews/qqnews/qq.py", line 128, in main
    for i in qq1["data"]["list"]:
             ~~~~~~~~~~~^^^^^^^^
TypeError: 'NoneType' object is not subscriptable

2026-07-16 11:23:24,428 - INFO - Total time taken: {'ret': 0, 'msg': 'success', 'data': None}
2026-07-16 11:23:24,428 - INFO - 'NoneType' object is not subscriptable
2026-07-16 11:23:24,429 - INFO - Traceback (most recent call last):
  File "/home/runner/work/qqnews/qqnews/qq.py", line 128, in main
    for i in qq1["data"]["list"]:
             ~~~~~~~~~~~^^^^^^^^
TypeError: 'NoneType' object is not subscriptable

2026-07-16 13:08:49,997 - INFO - Total time taken: {'ret': 0, 'msg': 'success', 'data': None}
2026-07-16 13:08:49,997 - INFO - 'NoneType' object is not subscriptable
2026-07-16 13:08:49,997 - INFO - Traceback (most recent call last):
  File "/home/runner/work/qqnews/qqnews/qq.py", line 128, in main
    for i in qq1["data"]["list"]:
             ~~~~~~~~~~~^^^^^^^^
TypeError: 'NoneType' object is not subscriptable

2026-07-16 15:22:10,898 - INFO - Total time taken: {'ret': 0, 'msg': 'success', 'data': None}
2026-07-16 15:22:10,898 - INFO - 'NoneType' object is not subscriptable
2026-07-16 15:22:10,899 - INFO - Traceback (most recent call last):
  File "/home/runner/work/qqnews/qqnews/qq.py", line 128, in main
    for i in qq1["data"]["list"]:
             ~~~~~~~~~~~^^^^^^^^
TypeError: 'NoneType' object is not subscriptable

2026-07-16 16:58:06,045 - INFO - Total time taken: {'ret': 0, 'msg': 'success', 'data': None}
2026-07-16 16:58:06,045 - INFO - 'NoneType' object is not subscriptable
2026-07-16 16:58:06,046 - INFO - Traceback (most recent call last):
  File "/home/runner/work/qqnews/qqnews/qq.py", line 128, in main
    for i in qq1["data"]["list"]:
             ~~~~~~~~~~~^^^^^^^^
TypeError: 'NoneType' object is not subscriptable

2026-07-16 17:59:27,239 - INFO - Total time taken: {'ret': 0, 'msg': 'success', 'data': None}
2026-07-16 17:59:27,239 - INFO - 'NoneType' object is not subscriptable
2026-07-16 17:59:27,240 - INFO - Traceback (most recent call last):
  File "/home/runner/work/qqnews/qqnews/qq.py", line 128, in main
    for i in qq1["data"]["list"]:
             ~~~~~~~~~~~^^^^^^^^
TypeError: 'NoneType' object is not subscriptable

2026-07-16 19:03:46,217 - INFO - Total time taken: {'ret': 0, 'msg': 'success', 'data': None}
2026-07-16 19:03:46,217 - INFO - 'NoneType' object is not subscriptable
2026-07-16 19:03:46,217 - INFO - Traceback (most recent call last):
  File "/home/runner/work/qqnews/qqnews/qq.py", line 128, in main
    for i in qq1["data"]["list"]:
             ~~~~~~~~~~~^^^^^^^^
TypeError: 'NoneType' object is not subscriptable

2026-07-16 20:39:51,528 - INFO - Total time taken: {'ret': 0, 'msg': 'success', 'data': None}
2026-07-16 20:39:51,528 - INFO - 'NoneType' object is not subscriptable
2026-07-16 20:39:51,529 - INFO - Traceback (most recent call last):
  File "/home/runner/work/qqnews/qqnews/qq.py", line 128, in main
    for i in qq1["data"]["list"]:
             ~~~~~~~~~~~^^^^^^^^
TypeError: 'NoneType' object is not subscriptable

