2026-01-28 02:55:29,805 - INFO - Total time taken: {'ret': 0, 'msg': 'success', 'data': None}
2026-01-28 02:55:29,805 - INFO - 'NoneType' object is not subscriptable
2026-01-28 02:55:29,805 - INFO - Traceback (most recent call last):
  File "/home/runner/work/qqnews/qqnews/qq.py", line 128, in main
    for i in qq1["data"]["list"]:
             ~~~~~~~~~~~^^^^^^^^
TypeError: 'NoneType' object is not subscriptable

2026-01-28 04:00:37,811 - INFO - Total time taken: {'ret': 0, 'msg': 'success', 'data': None}
2026-01-28 04:00:37,811 - INFO - 'NoneType' object is not subscriptable
2026-01-28 04:00:37,811 - INFO - Traceback (most recent call last):
  File "/home/runner/work/qqnews/qqnews/qq.py", line 128, in main
    for i in qq1["data"]["list"]:
             ~~~~~~~~~~~^^^^^^^^
TypeError: 'NoneType' object is not subscriptable

2026-01-28 04:44:15,866 - INFO - Total time taken: {'ret': 0, 'msg': 'success', 'data': None}
2026-01-28 04:44:15,866 - INFO - 'NoneType' object is not subscriptable
2026-01-28 04:44:15,866 - INFO - Traceback (most recent call last):
  File "/home/runner/work/qqnews/qqnews/qq.py", line 128, in main
    for i in qq1["data"]["list"]:
             ~~~~~~~~~~~^^^^^^^^
TypeError: 'NoneType' object is not subscriptable

