2025-11-30 00:47:46,442 - INFO - Total time taken: {'ret': 0, 'msg': 'success', 'data': None}
2025-11-30 00:47:46,442 - INFO - 'NoneType' object is not subscriptable
2025-11-30 00:47:46,443 - INFO - Traceback (most recent call last):
  File "/home/runner/work/qqnews/qqnews/qq.py", line 128, in main
    for i in qq1["data"]["list"]:
             ~~~~~~~~~~~^^^^^^^^
TypeError: 'NoneType' object is not subscriptable

2025-11-30 02:49:30,872 - INFO - Total time taken: {'ret': 0, 'msg': 'success', 'data': None}
2025-11-30 02:49:30,872 - INFO - 'NoneType' object is not subscriptable
2025-11-30 02:49:30,873 - INFO - Traceback (most recent call last):
  File "/home/runner/work/qqnews/qqnews/qq.py", line 128, in main
    for i in qq1["data"]["list"]:
             ~~~~~~~~~~~^^^^^^^^
TypeError: 'NoneType' object is not subscriptable

2025-11-30 03:51:05,267 - INFO - Total time taken: {'ret': 0, 'msg': 'success', 'data': None}
2025-11-30 03:51:05,267 - INFO - 'NoneType' object is not subscriptable
2025-11-30 03:51:05,267 - INFO - Traceback (most recent call last):
  File "/home/runner/work/qqnews/qqnews/qq.py", line 128, in main
    for i in qq1["data"]["list"]:
             ~~~~~~~~~~~^^^^^^^^
TypeError: 'NoneType' object is not subscriptable

2025-11-30 04:23:57,356 - INFO - Total time taken: {'ret': 0, 'msg': 'success', 'data': None}
2025-11-30 04:23:57,356 - INFO - 'NoneType' object is not subscriptable
2025-11-30 04:23:57,356 - INFO - Traceback (most recent call last):
  File "/home/runner/work/qqnews/qqnews/qq.py", line 128, in main
    for i in qq1["data"]["list"]:
             ~~~~~~~~~~~^^^^^^^^
TypeError: 'NoneType' object is not subscriptable

2025-11-30 05:09:30,611 - INFO - Total time taken: {'ret': 0, 'msg': 'success', 'data': None}
2025-11-30 05:09:30,611 - INFO - 'NoneType' object is not subscriptable
2025-11-30 05:09:30,612 - INFO - Traceback (most recent call last):
  File "/home/runner/work/qqnews/qqnews/qq.py", line 128, in main
    for i in qq1["data"]["list"]:
             ~~~~~~~~~~~^^^^^^^^
TypeError: 'NoneType' object is not subscriptable

