2026-02-14 00:55:48,127 - INFO - Total time taken: {'ret': 0, 'msg': 'success', 'data': None}
2026-02-14 00:55:48,127 - INFO - 'NoneType' object is not subscriptable
2026-02-14 00:55:48,127 - INFO - Traceback (most recent call last):
  File "/home/runner/work/qqnews/qqnews/qq.py", line 128, in main
    for i in qq1["data"]["list"]:
             ~~~~~~~~~~~^^^^^^^^
TypeError: 'NoneType' object is not subscriptable

2026-02-14 03:20:42,829 - INFO - Total time taken: {'ret': 0, 'msg': 'success', 'data': None}
2026-02-14 03:20:42,829 - INFO - 'NoneType' object is not subscriptable
2026-02-14 03:20:42,830 - INFO - Traceback (most recent call last):
  File "/home/runner/work/qqnews/qqnews/qq.py", line 128, in main
    for i in qq1["data"]["list"]:
             ~~~~~~~~~~~^^^^^^^^
TypeError: 'NoneType' object is not subscriptable

2026-02-14 05:02:51,859 - INFO - Total time taken: {'ret': 0, 'msg': 'success', 'data': None}
2026-02-14 05:02:51,860 - INFO - 'NoneType' object is not subscriptable
2026-02-14 05:02:51,860 - INFO - Traceback (most recent call last):
  File "/home/runner/work/qqnews/qqnews/qq.py", line 128, in main
    for i in qq1["data"]["list"]:
             ~~~~~~~~~~~^^^^^^^^
TypeError: 'NoneType' object is not subscriptable

2026-02-14 06:28:29,784 - INFO - Total time taken: {'ret': 0, 'msg': 'success', 'data': None}
2026-02-14 06:28:29,785 - INFO - 'NoneType' object is not subscriptable
2026-02-14 06:28:29,785 - INFO - Traceback (most recent call last):
  File "/home/runner/work/qqnews/qqnews/qq.py", line 128, in main
    for i in qq1["data"]["list"]:
             ~~~~~~~~~~~^^^^^^^^
TypeError: 'NoneType' object is not subscriptable

2026-02-14 07:25:29,278 - INFO - Total time taken: {'ret': 0, 'msg': 'success', 'data': None}
2026-02-14 07:25:29,278 - INFO - 'NoneType' object is not subscriptable
2026-02-14 07:25:29,278 - INFO - Traceback (most recent call last):
  File "/home/runner/work/qqnews/qqnews/qq.py", line 128, in main
    for i in qq1["data"]["list"]:
             ~~~~~~~~~~~^^^^^^^^
TypeError: 'NoneType' object is not subscriptable

2026-02-14 08:16:04,135 - INFO - Total time taken: {'ret': 0, 'msg': 'success', 'data': None}
2026-02-14 08:16:04,135 - INFO - 'NoneType' object is not subscriptable
2026-02-14 08:16:04,135 - INFO - Traceback (most recent call last):
  File "/home/runner/work/qqnews/qqnews/qq.py", line 128, in main
    for i in qq1["data"]["list"]:
             ~~~~~~~~~~~^^^^^^^^
TypeError: 'NoneType' object is not subscriptable

2026-02-14 09:17:53,339 - INFO - Total time taken: {'ret': 0, 'msg': 'success', 'data': None}
2026-02-14 09:17:53,339 - INFO - 'NoneType' object is not subscriptable
2026-02-14 09:17:53,340 - INFO - Traceback (most recent call last):
  File "/home/runner/work/qqnews/qqnews/qq.py", line 128, in main
    for i in qq1["data"]["list"]:
             ~~~~~~~~~~~^^^^^^^^
TypeError: 'NoneType' object is not subscriptable

2026-02-14 10:13:22,555 - INFO - Total time taken: {'ret': 0, 'msg': 'success', 'data': None}
2026-02-14 10:13:22,555 - INFO - 'NoneType' object is not subscriptable
2026-02-14 10:13:22,556 - INFO - Traceback (most recent call last):
  File "/home/runner/work/qqnews/qqnews/qq.py", line 128, in main
    for i in qq1["data"]["list"]:
             ~~~~~~~~~~~^^^^^^^^
TypeError: 'NoneType' object is not subscriptable

2026-02-14 11:12:04,463 - INFO - Total time taken: {'ret': 0, 'msg': 'success', 'data': None}
2026-02-14 11:12:04,464 - INFO - 'NoneType' object is not subscriptable
2026-02-14 11:12:04,464 - INFO - Traceback (most recent call last):
  File "/home/runner/work/qqnews/qqnews/qq.py", line 128, in main
    for i in qq1["data"]["list"]:
             ~~~~~~~~~~~^^^^^^^^
TypeError: 'NoneType' object is not subscriptable

2026-02-14 12:18:40,635 - INFO - Total time taken: {'ret': 0, 'msg': 'success', 'data': None}
2026-02-14 12:18:40,635 - INFO - 'NoneType' object is not subscriptable
2026-02-14 12:18:40,636 - INFO - Traceback (most recent call last):
  File "/home/runner/work/qqnews/qqnews/qq.py", line 128, in main
    for i in qq1["data"]["list"]:
             ~~~~~~~~~~~^^^^^^^^
TypeError: 'NoneType' object is not subscriptable

2026-02-14 13:35:52,758 - INFO - Total time taken: {'ret': 0, 'msg': 'success', 'data': None}
2026-02-14 13:35:52,758 - INFO - 'NoneType' object is not subscriptable
2026-02-14 13:35:52,759 - INFO - Traceback (most recent call last):
  File "/home/runner/work/qqnews/qqnews/qq.py", line 128, in main
    for i in qq1["data"]["list"]:
             ~~~~~~~~~~~^^^^^^^^
TypeError: 'NoneType' object is not subscriptable

2026-02-14 14:15:41,389 - INFO - Total time taken: {'ret': 0, 'msg': 'success', 'data': None}
2026-02-14 14:15:41,389 - INFO - 'NoneType' object is not subscriptable
2026-02-14 14:15:41,389 - INFO - Traceback (most recent call last):
  File "/home/runner/work/qqnews/qqnews/qq.py", line 128, in main
    for i in qq1["data"]["list"]:
             ~~~~~~~~~~~^^^^^^^^
TypeError: 'NoneType' object is not subscriptable

2026-02-14 15:13:39,849 - INFO - Total time taken: {'ret': 0, 'msg': 'success', 'data': None}
2026-02-14 15:13:39,849 - INFO - 'NoneType' object is not subscriptable
2026-02-14 15:13:39,850 - INFO - Traceback (most recent call last):
  File "/home/runner/work/qqnews/qqnews/qq.py", line 128, in main
    for i in qq1["data"]["list"]:
             ~~~~~~~~~~~^^^^^^^^
TypeError: 'NoneType' object is not subscriptable

2026-02-14 16:14:04,257 - INFO - Total time taken: {'ret': 0, 'msg': 'success', 'data': None}
2026-02-14 16:14:04,258 - INFO - 'NoneType' object is not subscriptable
2026-02-14 16:14:04,258 - INFO - Traceback (most recent call last):
  File "/home/runner/work/qqnews/qqnews/qq.py", line 128, in main
    for i in qq1["data"]["list"]:
             ~~~~~~~~~~~^^^^^^^^
TypeError: 'NoneType' object is not subscriptable

2026-02-14 17:15:40,653 - INFO - Total time taken: {'ret': 0, 'msg': 'success', 'data': None}
2026-02-14 17:15:40,653 - INFO - 'NoneType' object is not subscriptable
2026-02-14 17:15:40,654 - INFO - Traceback (most recent call last):
  File "/home/runner/work/qqnews/qqnews/qq.py", line 128, in main
    for i in qq1["data"]["list"]:
             ~~~~~~~~~~~^^^^^^^^
TypeError: 'NoneType' object is not subscriptable

2026-02-14 18:15:44,364 - INFO - Total time taken: {'ret': 0, 'msg': 'success', 'data': None}
2026-02-14 18:15:44,364 - INFO - 'NoneType' object is not subscriptable
2026-02-14 18:15:44,365 - INFO - Traceback (most recent call last):
  File "/home/runner/work/qqnews/qqnews/qq.py", line 128, in main
    for i in qq1["data"]["list"]:
             ~~~~~~~~~~~^^^^^^^^
TypeError: 'NoneType' object is not subscriptable

2026-02-14 19:14:33,397 - INFO - Total time taken: {'ret': 0, 'msg': 'success', 'data': None}
2026-02-14 19:14:33,397 - INFO - 'NoneType' object is not subscriptable
2026-02-14 19:14:33,398 - INFO - Traceback (most recent call last):
  File "/home/runner/work/qqnews/qqnews/qq.py", line 128, in main
    for i in qq1["data"]["list"]:
             ~~~~~~~~~~~^^^^^^^^
TypeError: 'NoneType' object is not subscriptable

2026-02-14 20:01:31,061 - INFO - Total time taken: {'ret': 0, 'msg': 'success', 'data': None}
2026-02-14 20:01:31,061 - INFO - 'NoneType' object is not subscriptable
2026-02-14 20:01:31,062 - INFO - Traceback (most recent call last):
  File "/home/runner/work/qqnews/qqnews/qq.py", line 128, in main
    for i in qq1["data"]["list"]:
             ~~~~~~~~~~~^^^^^^^^
TypeError: 'NoneType' object is not subscriptable

2026-02-14 21:12:12,363 - INFO - Total time taken: {'ret': 0, 'msg': 'success', 'data': None}
2026-02-14 21:12:12,364 - INFO - 'NoneType' object is not subscriptable
2026-02-14 21:12:12,364 - INFO - Traceback (most recent call last):
  File "/home/runner/work/qqnews/qqnews/qq.py", line 128, in main
    for i in qq1["data"]["list"]:
             ~~~~~~~~~~~^^^^^^^^
TypeError: 'NoneType' object is not subscriptable

2026-02-14 22:10:07,872 - INFO - Total time taken: {'ret': 0, 'msg': 'success', 'data': None}
2026-02-14 22:10:07,872 - INFO - 'NoneType' object is not subscriptable
2026-02-14 22:10:07,873 - INFO - Traceback (most recent call last):
  File "/home/runner/work/qqnews/qqnews/qq.py", line 128, in main
    for i in qq1["data"]["list"]:
             ~~~~~~~~~~~^^^^^^^^
TypeError: 'NoneType' object is not subscriptable

