2026-04-19 01:14:39,496 - INFO - Total time taken: {'ret': 0, 'msg': 'success', 'data': None}
2026-04-19 01:14:39,496 - INFO - 'NoneType' object is not subscriptable
2026-04-19 01:14:39,496 - INFO - Traceback (most recent call last):
  File "/home/runner/work/qqnews/qqnews/qq.py", line 128, in main
    for i in qq1["data"]["list"]:
             ~~~~~~~~~~~^^^^^^^^
TypeError: 'NoneType' object is not subscriptable

2026-04-19 04:39:30,470 - INFO - Total time taken: {'ret': 0, 'msg': 'success', 'data': None}
2026-04-19 04:39:30,470 - INFO - 'NoneType' object is not subscriptable
2026-04-19 04:39:30,471 - INFO - Traceback (most recent call last):
  File "/home/runner/work/qqnews/qqnews/qq.py", line 128, in main
    for i in qq1["data"]["list"]:
             ~~~~~~~~~~~^^^^^^^^
TypeError: 'NoneType' object is not subscriptable

2026-04-19 06:21:55,822 - INFO - Total time taken: {'ret': 0, 'msg': 'success', 'data': None}
2026-04-19 06:21:55,822 - INFO - 'NoneType' object is not subscriptable
2026-04-19 06:21:55,822 - INFO - Traceback (most recent call last):
  File "/home/runner/work/qqnews/qqnews/qq.py", line 128, in main
    for i in qq1["data"]["list"]:
             ~~~~~~~~~~~^^^^^^^^
TypeError: 'NoneType' object is not subscriptable

2026-04-19 07:58:08,497 - INFO - Total time taken: {'ret': 0, 'msg': 'success', 'data': None}
2026-04-19 07:58:08,498 - INFO - 'NoneType' object is not subscriptable
2026-04-19 07:58:08,498 - INFO - Traceback (most recent call last):
  File "/home/runner/work/qqnews/qqnews/qq.py", line 128, in main
    for i in qq1["data"]["list"]:
             ~~~~~~~~~~~^^^^^^^^
TypeError: 'NoneType' object is not subscriptable

2026-04-19 08:44:22,055 - INFO - Total time taken: {'ret': 0, 'msg': 'success', 'data': None}
2026-04-19 08:44:22,055 - INFO - 'NoneType' object is not subscriptable
2026-04-19 08:44:22,056 - INFO - Traceback (most recent call last):
  File "/home/runner/work/qqnews/qqnews/qq.py", line 128, in main
    for i in qq1["data"]["list"]:
             ~~~~~~~~~~~^^^^^^^^
TypeError: 'NoneType' object is not subscriptable

2026-04-19 09:35:25,233 - INFO - Total time taken: {'ret': 0, 'msg': 'success', 'data': None}
2026-04-19 09:35:25,233 - INFO - 'NoneType' object is not subscriptable
2026-04-19 09:35:25,234 - INFO - Traceback (most recent call last):
  File "/home/runner/work/qqnews/qqnews/qq.py", line 128, in main
    for i in qq1["data"]["list"]:
             ~~~~~~~~~~~^^^^^^^^
TypeError: 'NoneType' object is not subscriptable

2026-04-19 10:27:30,175 - INFO - Total time taken: {'ret': 0, 'msg': 'success', 'data': None}
2026-04-19 10:27:30,176 - INFO - 'NoneType' object is not subscriptable
2026-04-19 10:27:30,176 - INFO - Traceback (most recent call last):
  File "/home/runner/work/qqnews/qqnews/qq.py", line 128, in main
    for i in qq1["data"]["list"]:
             ~~~~~~~~~~~^^^^^^^^
TypeError: 'NoneType' object is not subscriptable

2026-04-19 11:25:18,818 - INFO - Total time taken: {'ret': 0, 'msg': 'success', 'data': None}
2026-04-19 11:25:18,818 - INFO - 'NoneType' object is not subscriptable
2026-04-19 11:25:18,819 - INFO - Traceback (most recent call last):
  File "/home/runner/work/qqnews/qqnews/qq.py", line 128, in main
    for i in qq1["data"]["list"]:
             ~~~~~~~~~~~^^^^^^^^
TypeError: 'NoneType' object is not subscriptable

2026-04-19 12:30:20,355 - INFO - Total time taken: {'ret': 0, 'msg': 'success', 'data': None}
2026-04-19 12:30:20,355 - INFO - 'NoneType' object is not subscriptable
2026-04-19 12:30:20,356 - INFO - Traceback (most recent call last):
  File "/home/runner/work/qqnews/qqnews/qq.py", line 128, in main
    for i in qq1["data"]["list"]:
             ~~~~~~~~~~~^^^^^^^^
TypeError: 'NoneType' object is not subscriptable

2026-04-19 13:50:40,905 - INFO - Total time taken: {'ret': 0, 'msg': 'success', 'data': None}
2026-04-19 13:50:40,905 - INFO - 'NoneType' object is not subscriptable
2026-04-19 13:50:40,905 - INFO - Traceback (most recent call last):
  File "/home/runner/work/qqnews/qqnews/qq.py", line 128, in main
    for i in qq1["data"]["list"]:
             ~~~~~~~~~~~^^^^^^^^
TypeError: 'NoneType' object is not subscriptable

2026-04-19 14:31:26,782 - INFO - Total time taken: {'ret': 0, 'msg': 'success', 'data': None}
2026-04-19 14:31:26,783 - INFO - 'NoneType' object is not subscriptable
2026-04-19 14:31:26,783 - INFO - Traceback (most recent call last):
  File "/home/runner/work/qqnews/qqnews/qq.py", line 128, in main
    for i in qq1["data"]["list"]:
             ~~~~~~~~~~~^^^^^^^^
TypeError: 'NoneType' object is not subscriptable

2026-04-19 15:26:06,984 - INFO - Total time taken: {'ret': 0, 'msg': 'success', 'data': None}
2026-04-19 15:26:06,985 - INFO - 'NoneType' object is not subscriptable
2026-04-19 15:26:06,985 - INFO - Traceback (most recent call last):
  File "/home/runner/work/qqnews/qqnews/qq.py", line 128, in main
    for i in qq1["data"]["list"]:
             ~~~~~~~~~~~^^^^^^^^
TypeError: 'NoneType' object is not subscriptable

2026-04-19 16:23:55,986 - INFO - Total time taken: {'ret': 0, 'msg': 'success', 'data': None}
2026-04-19 16:23:55,986 - INFO - 'NoneType' object is not subscriptable
2026-04-19 16:23:55,987 - INFO - Traceback (most recent call last):
  File "/home/runner/work/qqnews/qqnews/qq.py", line 128, in main
    for i in qq1["data"]["list"]:
             ~~~~~~~~~~~^^^^^^^^
TypeError: 'NoneType' object is not subscriptable

2026-04-19 17:25:07,945 - INFO - Total time taken: {'ret': 0, 'msg': 'success', 'data': None}
2026-04-19 17:25:07,945 - INFO - 'NoneType' object is not subscriptable
2026-04-19 17:25:07,946 - INFO - Traceback (most recent call last):
  File "/home/runner/work/qqnews/qqnews/qq.py", line 128, in main
    for i in qq1["data"]["list"]:
             ~~~~~~~~~~~^^^^^^^^
TypeError: 'NoneType' object is not subscriptable

2026-04-19 18:29:08,826 - INFO - Total time taken: {'ret': 0, 'msg': 'success', 'data': None}
2026-04-19 18:29:08,826 - INFO - 'NoneType' object is not subscriptable
2026-04-19 18:29:08,826 - INFO - Traceback (most recent call last):
  File "/home/runner/work/qqnews/qqnews/qq.py", line 128, in main
    for i in qq1["data"]["list"]:
             ~~~~~~~~~~~^^^^^^^^
TypeError: 'NoneType' object is not subscriptable

2026-04-19 19:32:28,221 - INFO - Total time taken: {'ret': 0, 'msg': 'success', 'data': None}
2026-04-19 19:32:28,221 - INFO - 'NoneType' object is not subscriptable
2026-04-19 19:32:28,221 - INFO - Traceback (most recent call last):
  File "/home/runner/work/qqnews/qqnews/qq.py", line 128, in main
    for i in qq1["data"]["list"]:
             ~~~~~~~~~~~^^^^^^^^
TypeError: 'NoneType' object is not subscriptable

2026-04-19 20:22:17,083 - INFO - Total time taken: {'ret': 0, 'msg': 'success', 'data': None}
2026-04-19 20:22:17,084 - INFO - 'NoneType' object is not subscriptable
2026-04-19 20:22:17,084 - INFO - Traceback (most recent call last):
  File "/home/runner/work/qqnews/qqnews/qq.py", line 128, in main
    for i in qq1["data"]["list"]:
             ~~~~~~~~~~~^^^^^^^^
TypeError: 'NoneType' object is not subscriptable

2026-04-19 21:22:54,020 - INFO - Total time taken: {'ret': 0, 'msg': 'success', 'data': None}
2026-04-19 21:22:54,020 - INFO - 'NoneType' object is not subscriptable
2026-04-19 21:22:54,021 - INFO - Traceback (most recent call last):
  File "/home/runner/work/qqnews/qqnews/qq.py", line 128, in main
    for i in qq1["data"]["list"]:
             ~~~~~~~~~~~^^^^^^^^
TypeError: 'NoneType' object is not subscriptable

2026-04-19 22:20:49,924 - INFO - Total time taken: {'ret': 0, 'msg': 'success', 'data': None}
2026-04-19 22:20:49,924 - INFO - 'NoneType' object is not subscriptable
2026-04-19 22:20:49,924 - INFO - Traceback (most recent call last):
  File "/home/runner/work/qqnews/qqnews/qq.py", line 128, in main
    for i in qq1["data"]["list"]:
             ~~~~~~~~~~~^^^^^^^^
TypeError: 'NoneType' object is not subscriptable

2026-04-19 23:24:08,335 - INFO - Total time taken: {'ret': 0, 'msg': 'success', 'data': None}
2026-04-19 23:24:08,336 - INFO - 'NoneType' object is not subscriptable
2026-04-19 23:24:08,336 - INFO - Traceback (most recent call last):
  File "/home/runner/work/qqnews/qqnews/qq.py", line 128, in main
    for i in qq1["data"]["list"]:
             ~~~~~~~~~~~^^^^^^^^
TypeError: 'NoneType' object is not subscriptable

