2026-07-13 01:17:03,096 - INFO - Total time taken: {'ret': 0, 'msg': 'success', 'data': None}
2026-07-13 01:17:03,096 - INFO - 'NoneType' object is not subscriptable
2026-07-13 01:17:03,097 - INFO - Traceback (most recent call last):
  File "/home/runner/work/qqnews/qqnews/qq.py", line 128, in main
    for i in qq1["data"]["list"]:
             ~~~~~~~~~~~^^^^^^^^
TypeError: 'NoneType' object is not subscriptable

2026-07-13 05:19:44,856 - INFO - Total time taken: {'ret': 0, 'msg': 'success', 'data': None}
2026-07-13 05:19:44,856 - INFO - 'NoneType' object is not subscriptable
2026-07-13 05:19:44,856 - INFO - Traceback (most recent call last):
  File "/home/runner/work/qqnews/qqnews/qq.py", line 128, in main
    for i in qq1["data"]["list"]:
             ~~~~~~~~~~~^^^^^^^^
TypeError: 'NoneType' object is not subscriptable

2026-07-13 08:38:18,117 - INFO - Total time taken: {'ret': 0, 'msg': 'success', 'data': None}
2026-07-13 08:38:18,117 - INFO - 'NoneType' object is not subscriptable
2026-07-13 08:38:18,117 - INFO - Traceback (most recent call last):
  File "/home/runner/work/qqnews/qqnews/qq.py", line 128, in main
    for i in qq1["data"]["list"]:
             ~~~~~~~~~~~^^^^^^^^
TypeError: 'NoneType' object is not subscriptable

2026-07-13 11:45:55,777 - INFO - Total time taken: {'ret': 0, 'msg': 'success', 'data': None}
2026-07-13 11:45:55,778 - INFO - 'NoneType' object is not subscriptable
2026-07-13 11:45:55,778 - INFO - Traceback (most recent call last):
  File "/home/runner/work/qqnews/qqnews/qq.py", line 128, in main
    for i in qq1["data"]["list"]:
             ~~~~~~~~~~~^^^^^^^^
TypeError: 'NoneType' object is not subscriptable

2026-07-13 13:52:32,571 - INFO - Total time taken: {'ret': 0, 'msg': 'success', 'data': None}
2026-07-13 13:52:32,571 - INFO - 'NoneType' object is not subscriptable
2026-07-13 13:52:32,571 - INFO - Traceback (most recent call last):
  File "/home/runner/work/qqnews/qqnews/qq.py", line 128, in main
    for i in qq1["data"]["list"]:
             ~~~~~~~~~~~^^^^^^^^
TypeError: 'NoneType' object is not subscriptable

2026-07-13 16:16:13,345 - INFO - Total time taken: {'ret': 0, 'msg': 'success', 'data': None}
2026-07-13 16:16:13,345 - INFO - 'NoneType' object is not subscriptable
2026-07-13 16:16:13,346 - INFO - Traceback (most recent call last):
  File "/home/runner/work/qqnews/qqnews/qq.py", line 128, in main
    for i in qq1["data"]["list"]:
             ~~~~~~~~~~~^^^^^^^^
TypeError: 'NoneType' object is not subscriptable

2026-07-13 18:23:45,959 - INFO - Total time taken: {'ret': 0, 'msg': 'success', 'data': None}
2026-07-13 18:23:45,960 - INFO - 'NoneType' object is not subscriptable
2026-07-13 18:23:45,960 - INFO - Traceback (most recent call last):
  File "/home/runner/work/qqnews/qqnews/qq.py", line 128, in main
    for i in qq1["data"]["list"]:
             ~~~~~~~~~~~^^^^^^^^
TypeError: 'NoneType' object is not subscriptable

