2025-10-06 00:39:09,290 - INFO - Total time taken: {'ret': 0, 'msg': 'success', 'data': None}
2025-10-06 00:39:09,291 - INFO - 'NoneType' object is not subscriptable
2025-10-06 00:39:09,291 - INFO - Traceback (most recent call last):
  File "/home/runner/work/qqnews/qqnews/qq.py", line 128, in main
    for i in qq1["data"]["list"]:
             ~~~~~~~~~~~^^^^^^^^
TypeError: 'NoneType' object is not subscriptable

2025-10-06 02:16:42,813 - INFO - Total time taken: {'ret': 0, 'msg': 'success', 'data': None}
2025-10-06 02:16:42,813 - INFO - 'NoneType' object is not subscriptable
2025-10-06 02:16:42,814 - INFO - Traceback (most recent call last):
  File "/home/runner/work/qqnews/qqnews/qq.py", line 128, in main
    for i in qq1["data"]["list"]:
             ~~~~~~~~~~~^^^^^^^^
TypeError: 'NoneType' object is not subscriptable

2025-10-06 03:27:16,833 - INFO - Total time taken: {'ret': 0, 'msg': 'success', 'data': None}
2025-10-06 03:27:16,834 - INFO - 'NoneType' object is not subscriptable
2025-10-06 03:27:16,834 - INFO - Traceback (most recent call last):
  File "/home/runner/work/qqnews/qqnews/qq.py", line 128, in main
    for i in qq1["data"]["list"]:
             ~~~~~~~~~~~^^^^^^^^
TypeError: 'NoneType' object is not subscriptable

2025-10-06 04:01:18,612 - INFO - Total time taken: {'ret': 0, 'msg': 'success', 'data': None}
2025-10-06 04:01:18,613 - INFO - 'NoneType' object is not subscriptable
2025-10-06 04:01:18,613 - INFO - Traceback (most recent call last):
  File "/home/runner/work/qqnews/qqnews/qq.py", line 128, in main
    for i in qq1["data"]["list"]:
             ~~~~~~~~~~~^^^^^^^^
TypeError: 'NoneType' object is not subscriptable

2025-10-06 05:01:17,923 - INFO - Total time taken: {'ret': 0, 'msg': 'success', 'data': None}
2025-10-06 05:01:17,923 - INFO - 'NoneType' object is not subscriptable
2025-10-06 05:01:17,923 - INFO - Traceback (most recent call last):
  File "/home/runner/work/qqnews/qqnews/qq.py", line 128, in main
    for i in qq1["data"]["list"]:
             ~~~~~~~~~~~^^^^^^^^
TypeError: 'NoneType' object is not subscriptable

