2026-05-17 01:44:39,682 - INFO - Total time taken: {'ret': 0, 'msg': 'success', 'data': None}
2026-05-17 01:44:39,683 - INFO - 'NoneType' object is not subscriptable
2026-05-17 01:44:39,683 - INFO - Traceback (most recent call last):
  File "/home/runner/work/qqnews/qqnews/qq.py", line 128, in main
    for i in qq1["data"]["list"]:
             ~~~~~~~~~~~^^^^^^^^
TypeError: 'NoneType' object is not subscriptable

2026-05-17 05:36:31,261 - INFO - Total time taken: {'ret': 0, 'msg': 'success', 'data': None}
2026-05-17 05:36:31,261 - INFO - 'NoneType' object is not subscriptable
2026-05-17 05:36:31,262 - INFO - Traceback (most recent call last):
  File "/home/runner/work/qqnews/qqnews/qq.py", line 128, in main
    for i in qq1["data"]["list"]:
             ~~~~~~~~~~~^^^^^^^^
TypeError: 'NoneType' object is not subscriptable

2026-05-17 08:03:49,119 - INFO - Total time taken: {'ret': 0, 'msg': 'success', 'data': None}
2026-05-17 08:03:49,120 - INFO - 'NoneType' object is not subscriptable
2026-05-17 08:03:49,120 - INFO - Traceback (most recent call last):
  File "/home/runner/work/qqnews/qqnews/qq.py", line 128, in main
    for i in qq1["data"]["list"]:
             ~~~~~~~~~~~^^^^^^^^
TypeError: 'NoneType' object is not subscriptable

2026-05-17 10:14:26,866 - INFO - Total time taken: {'ret': 0, 'msg': 'success', 'data': None}
2026-05-17 10:14:26,866 - INFO - 'NoneType' object is not subscriptable
2026-05-17 10:14:26,867 - INFO - Traceback (most recent call last):
  File "/home/runner/work/qqnews/qqnews/qq.py", line 128, in main
    for i in qq1["data"]["list"]:
             ~~~~~~~~~~~^^^^^^^^
TypeError: 'NoneType' object is not subscriptable

2026-05-17 11:50:36,540 - INFO - Total time taken: {'ret': 0, 'msg': 'success', 'data': None}
2026-05-17 11:50:36,540 - INFO - 'NoneType' object is not subscriptable
2026-05-17 11:50:36,541 - INFO - Traceback (most recent call last):
  File "/home/runner/work/qqnews/qqnews/qq.py", line 128, in main
    for i in qq1["data"]["list"]:
             ~~~~~~~~~~~^^^^^^^^
TypeError: 'NoneType' object is not subscriptable

