2026-04-25 01:09:04,376 - INFO - Total time taken: {'ret': 0, 'msg': 'success', 'data': None}
2026-04-25 01:09:04,376 - INFO - 'NoneType' object is not subscriptable
2026-04-25 01:09:04,376 - INFO - Traceback (most recent call last):
  File "/home/runner/work/qqnews/qqnews/qq.py", line 128, in main
    for i in qq1["data"]["list"]:
             ~~~~~~~~~~~^^^^^^^^
TypeError: 'NoneType' object is not subscriptable

2026-04-25 04:24:36,574 - INFO - Total time taken: {'ret': 0, 'msg': 'success', 'data': None}
2026-04-25 04:24:36,574 - INFO - 'NoneType' object is not subscriptable
2026-04-25 04:24:36,575 - INFO - Traceback (most recent call last):
  File "/home/runner/work/qqnews/qqnews/qq.py", line 128, in main
    for i in qq1["data"]["list"]:
             ~~~~~~~~~~~^^^^^^^^
TypeError: 'NoneType' object is not subscriptable

2026-04-25 06:12:44,828 - INFO - Total time taken: {'ret': 0, 'msg': 'success', 'data': None}
2026-04-25 06:12:44,828 - INFO - 'NoneType' object is not subscriptable
2026-04-25 06:12:44,828 - INFO - Traceback (most recent call last):
  File "/home/runner/work/qqnews/qqnews/qq.py", line 128, in main
    for i in qq1["data"]["list"]:
             ~~~~~~~~~~~^^^^^^^^
TypeError: 'NoneType' object is not subscriptable

2026-04-25 07:57:17,640 - INFO - Total time taken: {'ret': 0, 'msg': 'success', 'data': None}
2026-04-25 07:57:17,640 - INFO - 'NoneType' object is not subscriptable
2026-04-25 07:57:17,640 - INFO - Traceback (most recent call last):
  File "/home/runner/work/qqnews/qqnews/qq.py", line 128, in main
    for i in qq1["data"]["list"]:
             ~~~~~~~~~~~^^^^^^^^
TypeError: 'NoneType' object is not subscriptable

2026-04-25 08:42:07,325 - INFO - Total time taken: {'ret': 0, 'msg': 'success', 'data': None}
2026-04-25 08:42:07,325 - INFO - 'NoneType' object is not subscriptable
2026-04-25 08:42:07,325 - INFO - Traceback (most recent call last):
  File "/home/runner/work/qqnews/qqnews/qq.py", line 128, in main
    for i in qq1["data"]["list"]:
             ~~~~~~~~~~~^^^^^^^^
TypeError: 'NoneType' object is not subscriptable

