2026-06-18 02:08:10,562 - INFO - Total time taken: {'ret': 0, 'msg': 'success', 'data': None}
2026-06-18 02:08:10,562 - INFO - 'NoneType' object is not subscriptable
2026-06-18 02:08:10,563 - INFO - Traceback (most recent call last):
  File "/home/runner/work/qqnews/qqnews/qq.py", line 128, in main
    for i in qq1["data"]["list"]:
             ~~~~~~~~~~~^^^^^^^^
TypeError: 'NoneType' object is not subscriptable

2026-06-18 07:21:11,417 - INFO - Total time taken: {'ret': 0, 'msg': 'success', 'data': None}
2026-06-18 07:21:11,418 - INFO - 'NoneType' object is not subscriptable
2026-06-18 07:21:11,418 - INFO - Traceback (most recent call last):
  File "/home/runner/work/qqnews/qqnews/qq.py", line 128, in main
    for i in qq1["data"]["list"]:
             ~~~~~~~~~~~^^^^^^^^
TypeError: 'NoneType' object is not subscriptable

2026-06-18 11:40:49,370 - INFO - Total time taken: {'ret': 0, 'msg': 'success', 'data': None}
2026-06-18 11:40:49,370 - INFO - 'NoneType' object is not subscriptable
2026-06-18 11:40:49,370 - INFO - Traceback (most recent call last):
  File "/home/runner/work/qqnews/qqnews/qq.py", line 128, in main
    for i in qq1["data"]["list"]:
             ~~~~~~~~~~~^^^^^^^^
TypeError: 'NoneType' object is not subscriptable

2026-06-18 14:36:10,599 - INFO - Total time taken: {'ret': 0, 'msg': 'success', 'data': None}
2026-06-18 14:36:10,599 - INFO - 'NoneType' object is not subscriptable
2026-06-18 14:36:10,600 - INFO - Traceback (most recent call last):
  File "/home/runner/work/qqnews/qqnews/qq.py", line 128, in main
    for i in qq1["data"]["list"]:
             ~~~~~~~~~~~^^^^^^^^
TypeError: 'NoneType' object is not subscriptable

2026-06-18 17:51:21,919 - INFO - Total time taken: {'ret': 0, 'msg': 'success', 'data': None}
2026-06-18 17:51:21,920 - INFO - 'NoneType' object is not subscriptable
2026-06-18 17:51:21,920 - INFO - Traceback (most recent call last):
  File "/home/runner/work/qqnews/qqnews/qq.py", line 128, in main
    for i in qq1["data"]["list"]:
             ~~~~~~~~~~~^^^^^^^^
TypeError: 'NoneType' object is not subscriptable

