2025-09-11 00:38:23,945 - INFO - Total time taken: {'ret': 0, 'msg': 'success', 'data': None}
2025-09-11 00:38:23,945 - INFO - 'NoneType' object is not subscriptable
2025-09-11 00:38:23,945 - INFO - Traceback (most recent call last):
  File "/home/runner/work/qqnews/qqnews/qq.py", line 128, in main
    for i in qq1["data"]["list"]:
             ~~~~~~~~~~~^^^^^^^^
TypeError: 'NoneType' object is not subscriptable

2025-09-11 02:16:25,136 - INFO - Total time taken: {'ret': 0, 'msg': 'success', 'data': None}
2025-09-11 02:16:25,137 - INFO - 'NoneType' object is not subscriptable
2025-09-11 02:16:25,137 - INFO - Traceback (most recent call last):
  File "/home/runner/work/qqnews/qqnews/qq.py", line 128, in main
    for i in qq1["data"]["list"]:
             ~~~~~~~~~~~^^^^^^^^
TypeError: 'NoneType' object is not subscriptable

2025-09-11 03:25:02,882 - INFO - Total time taken: {'ret': 0, 'msg': 'success', 'data': None}
2025-09-11 03:25:02,882 - INFO - 'NoneType' object is not subscriptable
2025-09-11 03:25:02,882 - INFO - Traceback (most recent call last):
  File "/home/runner/work/qqnews/qqnews/qq.py", line 128, in main
    for i in qq1["data"]["list"]:
             ~~~~~~~~~~~^^^^^^^^
TypeError: 'NoneType' object is not subscriptable

2025-09-11 04:01:22,586 - INFO - Total time taken: {'ret': 0, 'msg': 'success', 'data': None}
2025-09-11 04:01:22,587 - INFO - 'NoneType' object is not subscriptable
2025-09-11 04:01:22,587 - INFO - Traceback (most recent call last):
  File "/home/runner/work/qqnews/qqnews/qq.py", line 128, in main
    for i in qq1["data"]["list"]:
             ~~~~~~~~~~~^^^^^^^^
TypeError: 'NoneType' object is not subscriptable

