2025-04-23 00:39:06,620 - INFO - EXPIRED
全国爆发，美国人反对“疯王”
https://new.qq.com/rain/a/20250422A02B3O00

2025-04-23 00:39:06,620 - INFO - EXPIRED
印控克什米尔地区发生恐怖袭击 至少26人死亡
https://new.qq.com/rain/a/20250422A09TJ300

2025-04-23 00:39:06,620 - INFO - EXPIRED
董明珠连任董事长称“绝不用海归”，张伟升任格力电器总裁
https://new.qq.com/rain/a/20250422A09SRY00

2025-04-23 00:39:06,620 - INFO - EXPIRED
四川一女子称31岁丈夫拔牙后身亡，当地卫健局：正在进行医疗鉴定
https://new.qq.com/rain/a/20250422A03XCT00

2025-04-23 00:39:06,620 - INFO - EXPIRED
美媒吐槽：我们的原则像餐巾似的“说折就折”，倒是中国一直没变
https://new.qq.com/rain/a/20250422A097H500

2025-04-23 00:39:06,620 - INFO - EXPIRED
市斤习俗？游客在大理古城买瓜起争执：170克的苹果手机称出340克
https://new.qq.com/rain/a/20250422A08RXB00

2025-04-23 00:39:06,620 - INFO - EXPIRED
卤鸭店老板拒绝卖变质鸭，因而躲过天花板坍塌？事件反转了
https://new.qq.com/rain/a/20250422A04PJM00

2025-04-23 00:39:06,620 - INFO - EXPIRED
仅退款，没了
https://new.qq.com/rain/a/20250422A098F000

2025-04-23 00:39:06,620 - INFO - EXPIRED
直播中抢镜“甲亢哥”的他卸任了，此前为文和友小龙虾公司董事
https://new.qq.com/rain/a/20250422A08ITP00

2025-04-23 00:39:06,620 - INFO - EXPIRED
大语言模型为何会“说谎”？6000字深度长文揭秘AI意识的萌芽
https://new.qq.com/rain/a/20250422A09EVM00

2025-04-23 00:39:06,620 - INFO - EXPIRED
5旬辅警30余年前被人顶替上中专？河南沁阳深夜通报
https://new.qq.com/rain/a/20250422A09MLF00

2025-04-23 00:39:06,620 - INFO - EXPIRED
消失的情人：沈阳行李箱藏尸案23年后告破
https://new.qq.com/rain/a/20250422A0636H00

2025-04-23 00:39:06,620 - INFO - EXPIRED
IMF：全面调降全球经济增速预期，国内失衡导致全球失衡
https://new.qq.com/rain/a/20250422A095AN00

2025-04-23 00:39:06,620 - INFO - EXPIRED
1.2米机器人夺人形机器人半马赛亚军，为何矮个机器人能那么快？
https://view.inews.qq.com/a/20250422Q09JZI00

2025-04-23 00:39:06,620 - INFO - EXPIRED
中央军委副主席张又侠、国防部长董军分别与印尼国防部长会见会谈
https://new.qq.com/rain/a/20250422A09I8500

2025-04-23 00:39:06,620 - INFO - EXPIRED
不只是“堤丰”中导！美军在菲律宾被曝出“超级大动作”
https://new.qq.com/rain/a/20250422A09P0P00

2025-04-23 00:39:06,620 - INFO - EXPIRED
美国务院内部备忘录曝光：要求盟友不要使用中国卫星服务
https://new.qq.com/rain/a/20250422A09HIN00

2025-04-23 00:39:06,620 - INFO - EXPIRED
金刻羽：特朗普自行其是，现在正是中国的机会丨关税风云
https://new.qq.com/rain/a/20250422A07IVD00

2025-04-23 00:39:06,620 - INFO - EXPIRED
结不了婚，县乡男性的真实焦虑
https://new.qq.com/rain/a/20250422A08RTR00

2025-04-23 00:39:06,620 - INFO - EXPIRED
前妻车祸离世3天后，网红“串哥”突发疾病去世 家属：已入土为安，留下14岁孩子
https://new.qq.com/rain/a/20250422A08RRJ00

2025-04-23 00:39:06,620 - INFO - EXPIRED
数学老师“勇闯”娱乐圈，竟犯下4.9亿大案！上海检方公布细节
https://new.qq.com/rain/a/20250422A06PNC00

2025-04-23 00:39:06,620 - INFO - EXPIRED
外媒评特朗普百日执政：“凭直觉”治国
https://new.qq.com/rain/a/20250422A08K1W00

2025-04-23 00:39:06,620 - INFO - EXPIRED
上海警方破获“华山医院前院长客死他乡”等AI造谣案，严打“毒流量”
https://new.qq.com/rain/a/20250422A07S6800

2025-04-23 00:39:06,620 - INFO - EXPIRED
就这，美国怎么拼得过中国？ 
https://new.qq.com/rain/a/20250422A05G5A00

2025-04-23 00:39:06,620 - INFO - EXPIRED
男子翻窗进入女邻居家，“求做情人”欲发生性关系被拒，法院判了
https://new.qq.com/rain/a/20250422A04MK200

2025-04-23 00:39:06,620 - INFO - EXPIRED
受贿、洗钱，建行深圳市分行原副行长李华峰一审被判15年
https://new.qq.com/rain/a/20250422A08SBU00

2025-04-23 00:39:06,620 - INFO - EXPIRED
消博会现售价988元一瓶饮用水，内含3颗水晶，这价格值吗？
https://view.inews.qq.com/a/20250422Q08ZLV00

2025-04-23 00:39:06,620 - INFO - EXPIRED
泡泡玛特一季度整体收入同比增超1.6倍，海外收入增近5倍
https://new.qq.com/rain/a/20250422A09NYD00

2025-04-23 00:39:06,620 - INFO - EXPIRED
女孩失踪15年后被找到已育2子 媒体追问：广东失踪是怎么流浪到河南的
https://new.qq.com/rain/a/20250422A05W1J00

2025-04-23 00:39:06,620 - INFO - EXPIRED
找到了！她是北京地铁5号线上的“女乘客”
https://new.qq.com/rain/a/20250422A06HR900

2025-04-23 00:39:06,620 - INFO - EXPIRED
广西蔗农在大旱中：七八个月了，雨“连蚂蚁都没喂饱”
https://new.qq.com/rain/a/20250422A08LV500

2025-04-23 00:39:06,620 - INFO - EXPIRED
一揽子扩内需政策在路上！广东、上海等地谋划出台提振消费行动方案
https://new.qq.com/rain/a/20250422A08XP900

2025-04-23 00:39:06,620 - INFO - EXPIRED
此刻特朗普最在意的，是万斯副总统的致命沉默
https://new.qq.com/rain/a/20250422A074B600

2025-04-23 00:39:06,620 - INFO - EXPIRED
女孩被前男友泼汽油致残，凶手法庭上威胁杀人
https://new.qq.com/rain/a/20250422A089YH00

2025-04-23 00:39:06,620 - INFO - EXPIRED
电商“仅退款”或将全面取消，退款不退货交由商家处理
https://new.qq.com/rain/a/20250422A08PK300

2025-04-23 00:39:06,620 - INFO - EXPIRED
侠客岛对话郑永年：中美网民一“对账”，真相就出来了
https://new.qq.com/rain/a/20250422A07TMZ00

2025-04-23 00:39:06,620 - INFO - EXPIRED
国家药监局允许进口牛黄试点用于中成药生产，人工牛黄能替代吗？
https://view.inews.qq.com/a/20250422Q03SPP00

2025-04-23 00:39:06,621 - INFO - EXPIRED
为极越汽车垫资3700万元的供应商：我真的垫不动了
https://new.qq.com/rain/a/20250422A03L6I00

2025-04-23 00:39:06,621 - INFO - EXPIRED
这个美国议员，竟向俄军开了一炮
https://new.qq.com/rain/a/20250422A04KNK00

2025-04-23 00:39:06,621 - INFO - EXPIRED
泰国总理佩通坦宣布：推迟谈判
https://new.qq.com/rain/a/20250422A089JH00

2025-04-23 00:39:06,621 - INFO - EXPIRED
女生晒手电“照手图”被发现有血管瘤，还有哪些筛查肿瘤的土招？
https://view.inews.qq.com/a/20250422Q01YB400

2025-04-23 00:39:06,621 - INFO - EXPIRED
挑衅！英军高官：台海问题，准备好了
https://new.qq.com/rain/a/20250422A05P2M00

2025-04-23 00:39:06,621 - INFO - EXPIRED
外贸50城，谁在“扛大旗”
https://new.qq.com/rain/a/20250422A08BJO00

2025-04-23 00:39:06,621 - INFO - EXPIRED
美团回应京东“二选一”指控，这场“外卖大战”最后可能如何结局？
https://view.inews.qq.com/a/20250422Q01B8P00

2025-04-23 00:39:06,621 - INFO - EXPIRED
受贿超8.22亿元 李鹏新受贿案一审宣判
https://new.qq.com/rain/a/20250422A06QJZ00

2025-04-23 00:39:06,621 - INFO - EXPIRED
刘建茂官宣落马，曾多次任河南省委巡视组组长
https://new.qq.com/rain/a/20250422A04SRH00

2025-04-23 00:39:06,621 - INFO - EXPIRED
“清洗”与“反水” 五角大楼怎么了
https://new.qq.com/rain/a/20250422A0780600

2025-04-23 00:39:06,621 - INFO - EXPIRED
湖南平江翻船事件致6人遇难 村民：涉事船只为塑料船 平时坐两三个人
https://new.qq.com/rain/a/20250422A07KKR00

2025-04-23 00:39:06,621 - INFO - EXPIRED
华为发布业界首个全液冷兆瓦快充：2400A电流15分钟持续输出
https://new.qq.com/rain/a/20250422A07E0M00

2025-04-23 00:39:06,621 - INFO - EXPIRED
5旬辅警被人顶替上中专：顶替者曾被怀疑名字有问题 辩称结合父母姓氏
https://new.qq.com/rain/a/20250422A07M3C00

2025-04-23 00:39:06,621 - INFO - EXPIRED
台防务部门要求台中6间宫庙存放军火，国民党民意代表痛斥：根本是陷岛内民众于危险之地
https://new.qq.com/rain/a/20250422A067NA00

2025-04-23 00:39:06,621 - INFO - EXPIRED
印尼塔劳群岛附近发生6.3级左右地震
https://new.qq.com/rain/a/20250422A07XB200

2025-04-23 00:39:06,621 - INFO - EXPIRED
太原一民办学校老师教室内疑扇学生耳光 教育局：老师已被停职反省
https://new.qq.com/rain/a/20250422V078GK00

2025-04-23 00:39:06,621 - INFO - EXPIRED
10年少了1100万人！这个地方，怎么了
https://new.qq.com/rain/a/20250422A043VM00

2025-04-23 00:39:06,621 - INFO - EXPIRED
旁白 | 无罪后领到国家赔偿，一位退休教师卸下了“包袱”
https://new.qq.com/rain/a/20250422A05BQ700

2025-04-23 00:39:06,621 - INFO - EXPIRED
白宫新闻发言人再穿中国制造的服装 参加白宫活动与特朗普开心交谈
https://new.qq.com/rain/a/20250422V07GGZ00

2025-04-23 00:39:06,621 - INFO - EXPIRED
从公关角度如何看待京东和美团的“外卖大战”？双方谁更胜一筹？
https://view.inews.qq.com/a/20250422Q063BV00

2025-04-23 00:39:06,621 - INFO - EXPIRED
日方发安全提醒炒作中国社会治安形势不佳 中方提出严正交涉
https://new.qq.com/rain/a/20250422A05VU100

2025-04-23 00:39:06,621 - INFO - EXPIRED
将再干3年！71岁董明珠连任格力电器董事
https://new.qq.com/rain/a/20250422A06UP200

2025-04-23 00:39:06,621 - INFO - EXPIRED
河南一39岁网红与前妻3天内相继离世，家属：为操办后事他几天没睡
https://new.qq.com/rain/a/20250422A05USJ00

2025-04-23 00:39:06,621 - INFO - EXPIRED
风暴中的豪赌：日本金融巨头野村18亿美元逆势增持美国资产
https://new.qq.com/rain/a/20250422A06A2U00

2025-04-23 00:39:06,621 - INFO - EXPIRED
半挂车高速起火致多辆问界车被烧，物流致歉
https://new.qq.com/rain/a/20250422A04QI500

2025-04-23 00:39:06,621 - INFO - EXPIRED
京东称某外卖平台赚取千亿，但6成餐饮门店不赚钱，真是这样吗？
https://view.inews.qq.com/a/20250422Q05D3300

2025-04-23 00:39:06,621 - INFO - EXPIRED
特朗普希望俄乌本周达成协议，喊话“谈大生意”，为何这么说？
https://view.inews.qq.com/a/20250421Q04T2100

2025-04-23 00:39:06,621 - INFO - EXPIRED
普京口误了
https://new.qq.com/rain/a/20250422A04DU700

2025-04-23 00:39:06,621 - INFO - EXPIRED
特朗普是否出席俄胜利日阅兵？克宫回应
https://new.qq.com/rain/a/20250422A0388C00

2025-04-23 00:39:06,621 - INFO - EXPIRED
外交部：中方近日派出停火监督组赴缅，监督缅军和果敢同盟军停火
https://new.qq.com/rain/a/20250422A05SB000

2025-04-23 00:39:06,621 - INFO - EXPIRED
美国宣布对东南亚四国光伏双反调查终裁结果 反补贴税最高超3400%
https://new.qq.com/rain/a/20250422A03N8M00

2025-04-23 00:39:06,621 - INFO - EXPIRED
“国民神药”，不好卖了？
https://new.qq.com/rain/a/20250422A0441T00

2025-04-23 00:39:06,621 - INFO - EXPIRED
35岁程序员长期熬夜脑干出血，当事人：月薪3万，每天凌晨睡早上7点起
https://new.qq.com/rain/a/20250422A0389N00

2025-04-23 00:39:06,621 - INFO - EXPIRED
中国政府是否计划派代表参加罗马教皇方济各葬礼？外交部回应
https://new.qq.com/rain/a/20250422A05SL500

2025-04-23 00:39:06,621 - INFO - EXPIRED
专访梅婷：我能共情刘丽娜的一切，如果不做演员最想开花店
https://new.qq.com/rain/a/20250422V05PN200

2025-04-23 00:39:06,621 - INFO - EXPIRED
“给我订票，我想回中国重游！”“甲亢哥”最新直播回顾中国行
https://new.qq.com/rain/a/20250422A03YK700

2025-04-23 00:39:06,621 - INFO - EXPIRED
外交部：伊朗外长将访华
https://new.qq.com/rain/a/20250422A05GU000

2025-04-23 00:39:06,621 - INFO - EXPIRED
主播说三农丨网传农民跪地“求雨”系摆拍！除了辟谣，还应该知道什么？
https://new.qq.com/rain/a/20250422A03SOH00

2025-04-23 00:39:06,621 - INFO - EXPIRED
吴柳芳首次披露直播跳舞原因：我要改命
https://new.qq.com/rain/a/20250422A03QH600

2025-04-23 00:39:06,621 - INFO - EXPIRED
北京地铁内男子辱骂工人 女孩仗义执言 当事女孩父母：为孩子感到自豪
https://new.qq.com/rain/a/20250422V04DPG00

2025-04-23 00:39:06,621 - INFO - EXPIRED
京东宣布优先为骑手对象安排保洁等工作，外卖员会为此去应聘吗？
https://view.inews.qq.com/a/20250422Q02MOM00

2025-04-23 00:39:06,621 - INFO - EXPIRED
刚退休，周继红出任新职
https://new.qq.com/rain/a/20250422A03CAB00

2025-04-23 00:39:06,621 - INFO - EXPIRED
日本首相：特朗普要求日本进口美国大米和牛肉
https://new.qq.com/rain/a/20250422A02EAL00

2025-04-23 00:39:06,621 - INFO - EXPIRED
韩军时隔七年在军事分界线附近重启炮击训练
https://new.qq.com/rain/a/20250422A04M0500

2025-04-23 00:39:06,621 - INFO - EXPIRED
印度对中国出手，钢铁征12%关税
https://new.qq.com/rain/a/20250422A02M1G00

2025-04-23 00:39:06,621 - INFO - EXPIRED
“法国最危险的女人”说，她不会让自己被淘汰
https://new.qq.com/rain/a/20250422A00GM200

2025-04-23 00:39:06,621 - INFO - EXPIRED
车展前夜，别克发布新能源子品牌“至境”，加速新能源转型
https://new.qq.com/rain/a/20250422A04Y6900

2025-04-23 00:39:06,621 - INFO - EXPIRED
美报告发现：不惧美国制裁，中国机构正在主导全球芯片研究
https://new.qq.com/rain/a/20250422A01UAH00

2025-04-23 00:39:06,621 - INFO - EXPIRED
刘强东送外卖后请骑手吃饭，讲话全文公布
https://new.qq.com/rain/a/20250422A041DO00

2025-04-23 00:39:06,621 - INFO - EXPIRED
耿爽怒斥：何其粗暴，何其荒唐，何其悲哀
https://new.qq.com/rain/a/20250422A024YS00

2025-04-23 00:39:06,621 - INFO - EXPIRED
美媒再传马斯克可能很快退出特朗普政府，潜在继任者曝光
https://new.qq.com/rain/a/20250422A03QNN00

2025-04-23 00:39:06,621 - INFO - EXPIRED
王毅、董军同框，这件事非同小可
https://new.qq.com/rain/a/20250422A01TS000

2025-04-23 00:39:07,885 - ERROR - ERROR
20万股东沸腾了！比亚迪超级大手笔：每10股分红39.74元
https://new.qq.com/rain/a/20250423A00K3700
('list index out of range',)
======
Traceback (most recent call last):
  File "/home/runner/work/qqnews/qqnews/qq.py", line 81, in process_article
    ss = str(tmpbs.select("div.LEFT div.content.clearfix")[0])
             ~~~~~~~~~~~~~~~~~~~~~~~~~~~~~~~~~~~~~~~~~~~~~^^^
IndexError: list index out of range


2025-04-23 00:39:07,937 - ERROR - ERROR
报名费上万、“年薪百万”：全球最大规模考试争议重重
https://new.qq.com/rain/a/20250423A00CXG00
('list index out of range',)
======
Traceback (most recent call last):
  File "/home/runner/work/qqnews/qqnews/qq.py", line 81, in process_article
    ss = str(tmpbs.select("div.LEFT div.content.clearfix")[0])
             ~~~~~~~~~~~~~~~~~~~~~~~~~~~~~~~~~~~~~~~~~~~~~^^^
IndexError: list index out of range


2025-04-23 00:39:07,950 - ERROR - ERROR
菲律宾放宽菲台官员互动限制，中国专家：中方不会容忍这种挑衅行为
https://new.qq.com/rain/a/20250423A01A5J00
('list index out of range',)
======
Traceback (most recent call last):
  File "/home/runner/work/qqnews/qqnews/qq.py", line 81, in process_article
    ss = str(tmpbs.select("div.LEFT div.content.clearfix")[0])
             ~~~~~~~~~~~~~~~~~~~~~~~~~~~~~~~~~~~~~~~~~~~~~^^^
IndexError: list index out of range


2025-04-23 00:39:07,965 - ERROR - ERROR
美国务卿宣布将对美国务院进行全面重组
https://new.qq.com/rain/a/20250423A00YI300
('list index out of range',)
======
Traceback (most recent call last):
  File "/home/runner/work/qqnews/qqnews/qq.py", line 81, in process_article
    ss = str(tmpbs.select("div.LEFT div.content.clearfix")[0])
             ~~~~~~~~~~~~~~~~~~~~~~~~~~~~~~~~~~~~~~~~~~~~~^^^
IndexError: list index out of range


2025-04-23 00:39:08,062 - ERROR - ERROR
马斯克快撑不住了
https://new.qq.com/rain/a/20250423A01GDK00
('list index out of range',)
======
Traceback (most recent call last):
  File "/home/runner/work/qqnews/qqnews/qq.py", line 81, in process_article
    ss = str(tmpbs.select("div.LEFT div.content.clearfix")[0])
             ~~~~~~~~~~~~~~~~~~~~~~~~~~~~~~~~~~~~~~~~~~~~~^^^
IndexError: list index out of range


2025-04-23 00:39:08,929 - ERROR - ERROR
受特朗普关税政策拖累 IMF将全球经济增长预期从3.3%下调至2.8%
https://new.qq.com/rain/a/20250423A01IZF00
('list index out of range',)
======
Traceback (most recent call last):
  File "/home/runner/work/qqnews/qqnews/qq.py", line 81, in process_article
    ss = str(tmpbs.select("div.LEFT div.content.clearfix")[0])
             ~~~~~~~~~~~~~~~~~~~~~~~~~~~~~~~~~~~~~~~~~~~~~^^^
IndexError: list index out of range


2025-04-23 00:39:08,976 - ERROR - ERROR
美股收盘：特朗普政府释放缓和信号 三大股指涨超2%
https://new.qq.com/rain/a/20250423A018BT00
('list index out of range',)
======
Traceback (most recent call last):
  File "/home/runner/work/qqnews/qqnews/qq.py", line 81, in process_article
    ss = str(tmpbs.select("div.LEFT div.content.clearfix")[0])
             ~~~~~~~~~~~~~~~~~~~~~~~~~~~~~~~~~~~~~~~~~~~~~^^^
IndexError: list index out of range


2025-04-23 00:39:09,223 - ERROR - ERROR
美债买家“罢工”开始：2年期美债海外需求创两年新低
https://new.qq.com/rain/a/20250423A010GN00
('list index out of range',)
======
Traceback (most recent call last):
  File "/home/runner/work/qqnews/qqnews/qq.py", line 81, in process_article
    ss = str(tmpbs.select("div.LEFT div.content.clearfix")[0])
             ~~~~~~~~~~~~~~~~~~~~~~~~~~~~~~~~~~~~~~~~~~~~~^^^
IndexError: list index out of range


2025-04-23 00:39:09,278 - ERROR - ERROR
消息人士称普京提议在前线停火 佩斯科夫回应：应只听第一信源声音
https://new.qq.com/rain/a/20250423A00Y5R00
('list index out of range',)
======
Traceback (most recent call last):
  File "/home/runner/work/qqnews/qqnews/qq.py", line 81, in process_article
    ss = str(tmpbs.select("div.LEFT div.content.clearfix")[0])
             ~~~~~~~~~~~~~~~~~~~~~~~~~~~~~~~~~~~~~~~~~~~~~^^^
IndexError: list index out of range


2025-04-23 00:39:09,389 - ERROR - ERROR
印控克什米尔地区恐袭已致数十死伤 遇难者与妻子最后拍摄的视频曝光
https://new.qq.com/rain/a/20250423V01DDW00
('list index out of range',)
======
Traceback (most recent call last):
  File "/home/runner/work/qqnews/qqnews/qq.py", line 81, in process_article
    ss = str(tmpbs.select("div.LEFT div.content.clearfix")[0])
             ~~~~~~~~~~~~~~~~~~~~~~~~~~~~~~~~~~~~~~~~~~~~~^^^
IndexError: list index out of range


2025-04-23 00:39:10,410 - ERROR - ERROR
普京首次表态愿与乌双边谈判，泽连斯基：已准备好进行任何形式对话
https://new.qq.com/rain/a/20250423A01A7D00
('list index out of range',)
======
Traceback (most recent call last):
  File "/home/runner/work/qqnews/qqnews/qq.py", line 81, in process_article
    ss = str(tmpbs.select("div.LEFT div.content.clearfix")[0])
             ~~~~~~~~~~~~~~~~~~~~~~~~~~~~~~~~~~~~~~~~~~~~~^^^
IndexError: list index out of range


