2026-06-10 01:56:21,804 - INFO - Total time taken: {'ret': 0, 'msg': 'success', 'data': None}
2026-06-10 01:56:21,804 - INFO - 'NoneType' object is not subscriptable
2026-06-10 01:56:21,805 - INFO - Traceback (most recent call last):
  File "/home/runner/work/qqnews/qqnews/qq.py", line 128, in main
    for i in qq1["data"]["list"]:
             ~~~~~~~~~~~^^^^^^^^
TypeError: 'NoneType' object is not subscriptable

2026-06-10 06:11:25,258 - INFO - Total time taken: {'ret': 0, 'msg': 'success', 'data': None}
2026-06-10 06:11:25,258 - INFO - 'NoneType' object is not subscriptable
2026-06-10 06:11:25,259 - INFO - Traceback (most recent call last):
  File "/home/runner/work/qqnews/qqnews/qq.py", line 128, in main
    for i in qq1["data"]["list"]:
             ~~~~~~~~~~~^^^^^^^^
TypeError: 'NoneType' object is not subscriptable

2026-06-10 10:44:50,588 - INFO - Total time taken: {'ret': 0, 'msg': 'success', 'data': None}
2026-06-10 10:44:50,588 - INFO - 'NoneType' object is not subscriptable
2026-06-10 10:44:50,589 - INFO - Traceback (most recent call last):
  File "/home/runner/work/qqnews/qqnews/qq.py", line 128, in main
    for i in qq1["data"]["list"]:
             ~~~~~~~~~~~^^^^^^^^
TypeError: 'NoneType' object is not subscriptable

2026-06-10 14:12:30,471 - INFO - Total time taken: {'ret': 0, 'msg': 'success', 'data': None}
2026-06-10 14:12:30,471 - INFO - 'NoneType' object is not subscriptable
2026-06-10 14:12:30,471 - INFO - Traceback (most recent call last):
  File "/home/runner/work/qqnews/qqnews/qq.py", line 128, in main
    for i in qq1["data"]["list"]:
             ~~~~~~~~~~~^^^^^^^^
TypeError: 'NoneType' object is not subscriptable

2026-06-10 17:46:47,631 - INFO - Total time taken: {'ret': 0, 'msg': 'success', 'data': None}
2026-06-10 17:46:47,631 - INFO - 'NoneType' object is not subscriptable
2026-06-10 17:46:47,631 - INFO - Traceback (most recent call last):
  File "/home/runner/work/qqnews/qqnews/qq.py", line 128, in main
    for i in qq1["data"]["list"]:
             ~~~~~~~~~~~^^^^^^^^
TypeError: 'NoneType' object is not subscriptable

2026-06-10 20:01:45,431 - INFO - Total time taken: {'ret': 0, 'msg': 'success', 'data': None}
2026-06-10 20:01:45,432 - INFO - 'NoneType' object is not subscriptable
2026-06-10 20:01:45,432 - INFO - Traceback (most recent call last):
  File "/home/runner/work/qqnews/qqnews/qq.py", line 128, in main
    for i in qq1["data"]["list"]:
             ~~~~~~~~~~~^^^^^^^^
TypeError: 'NoneType' object is not subscriptable

2026-06-10 22:44:20,746 - INFO - Total time taken: {'ret': 0, 'msg': 'success', 'data': None}
2026-06-10 22:44:20,746 - INFO - 'NoneType' object is not subscriptable
2026-06-10 22:44:20,747 - INFO - Traceback (most recent call last):
  File "/home/runner/work/qqnews/qqnews/qq.py", line 128, in main
    for i in qq1["data"]["list"]:
             ~~~~~~~~~~~^^^^^^^^
TypeError: 'NoneType' object is not subscriptable

