2026-06-22 00:00:47,429 - INFO - Total time taken: {'ret': 0, 'msg': 'success', 'data': None}
2026-06-22 00:00:47,429 - INFO - 'NoneType' object is not subscriptable
2026-06-22 00:00:47,429 - INFO - Traceback (most recent call last):
  File "/home/runner/work/qqnews/qqnews/qq.py", line 128, in main
    for i in qq1["data"]["list"]:
             ~~~~~~~~~~~^^^^^^^^
TypeError: 'NoneType' object is not subscriptable

2026-06-22 04:16:16,217 - INFO - Total time taken: {'ret': 0, 'msg': 'success', 'data': None}
2026-06-22 04:16:16,217 - INFO - 'NoneType' object is not subscriptable
2026-06-22 04:16:16,217 - INFO - Traceback (most recent call last):
  File "/home/runner/work/qqnews/qqnews/qq.py", line 128, in main
    for i in qq1["data"]["list"]:
             ~~~~~~~~~~~^^^^^^^^
TypeError: 'NoneType' object is not subscriptable

2026-06-22 10:30:23,658 - INFO - Total time taken: {'ret': 0, 'msg': 'success', 'data': None}
2026-06-22 10:30:23,658 - INFO - 'NoneType' object is not subscriptable
2026-06-22 10:30:23,659 - INFO - Traceback (most recent call last):
  File "/home/runner/work/qqnews/qqnews/qq.py", line 128, in main
    for i in qq1["data"]["list"]:
             ~~~~~~~~~~~^^^^^^^^
TypeError: 'NoneType' object is not subscriptable

2026-06-22 15:49:20,238 - INFO - Total time taken: {'ret': 0, 'msg': 'success', 'data': None}
2026-06-22 15:49:20,239 - INFO - 'NoneType' object is not subscriptable
2026-06-22 15:49:20,239 - INFO - Traceback (most recent call last):
  File "/home/runner/work/qqnews/qqnews/qq.py", line 128, in main
    for i in qq1["data"]["list"]:
             ~~~~~~~~~~~^^^^^^^^
TypeError: 'NoneType' object is not subscriptable

