2026-07-08 01:15:41,621 - INFO - Total time taken: {'ret': 0, 'msg': 'success', 'data': None}
2026-07-08 01:15:41,622 - INFO - 'NoneType' object is not subscriptable
2026-07-08 01:15:41,622 - INFO - Traceback (most recent call last):
  File "/home/runner/work/qqnews/qqnews/qq.py", line 128, in main
    for i in qq1["data"]["list"]:
             ~~~~~~~~~~~^^^^^^^^
TypeError: 'NoneType' object is not subscriptable

2026-07-08 04:53:36,032 - INFO - Total time taken: {'ret': 0, 'msg': 'success', 'data': None}
2026-07-08 04:53:36,032 - INFO - 'NoneType' object is not subscriptable
2026-07-08 04:53:36,032 - INFO - Traceback (most recent call last):
  File "/home/runner/work/qqnews/qqnews/qq.py", line 128, in main
    for i in qq1["data"]["list"]:
             ~~~~~~~~~~~^^^^^^^^
TypeError: 'NoneType' object is not subscriptable

2026-07-08 07:18:49,414 - INFO - Total time taken: {'ret': 0, 'msg': 'success', 'data': None}
2026-07-08 07:18:49,414 - INFO - 'NoneType' object is not subscriptable
2026-07-08 07:18:49,415 - INFO - Traceback (most recent call last):
  File "/home/runner/work/qqnews/qqnews/qq.py", line 128, in main
    for i in qq1["data"]["list"]:
             ~~~~~~~~~~~^^^^^^^^
TypeError: 'NoneType' object is not subscriptable

2026-07-08 10:01:59,360 - INFO - Total time taken: {'ret': 0, 'msg': 'success', 'data': None}
2026-07-08 10:01:59,361 - INFO - 'NoneType' object is not subscriptable
2026-07-08 10:01:59,361 - INFO - Traceback (most recent call last):
  File "/home/runner/work/qqnews/qqnews/qq.py", line 128, in main
    for i in qq1["data"]["list"]:
             ~~~~~~~~~~~^^^^^^^^
TypeError: 'NoneType' object is not subscriptable

2026-07-08 12:10:00,853 - INFO - Total time taken: {'ret': 0, 'msg': 'success', 'data': None}
2026-07-08 12:10:00,853 - INFO - 'NoneType' object is not subscriptable
2026-07-08 12:10:00,853 - INFO - Traceback (most recent call last):
  File "/home/runner/work/qqnews/qqnews/qq.py", line 128, in main
    for i in qq1["data"]["list"]:
             ~~~~~~~~~~~^^^^^^^^
TypeError: 'NoneType' object is not subscriptable

