2026-05-19 01:53:27,558 - INFO - Total time taken: {'ret': 0, 'msg': 'success', 'data': None}
2026-05-19 01:53:27,558 - INFO - 'NoneType' object is not subscriptable
2026-05-19 01:53:27,558 - INFO - Traceback (most recent call last):
  File "/home/runner/work/qqnews/qqnews/qq.py", line 128, in main
    for i in qq1["data"]["list"]:
             ~~~~~~~~~~~^^^^^^^^
TypeError: 'NoneType' object is not subscriptable

2026-05-19 05:54:40,349 - INFO - Total time taken: {'ret': 0, 'msg': 'success', 'data': None}
2026-05-19 05:54:40,349 - INFO - 'NoneType' object is not subscriptable
2026-05-19 05:54:40,349 - INFO - Traceback (most recent call last):
  File "/home/runner/work/qqnews/qqnews/qq.py", line 128, in main
    for i in qq1["data"]["list"]:
             ~~~~~~~~~~~^^^^^^^^
TypeError: 'NoneType' object is not subscriptable

2026-05-19 08:52:15,238 - INFO - Total time taken: {'ret': 0, 'msg': 'success', 'data': None}
2026-05-19 08:52:15,238 - INFO - 'NoneType' object is not subscriptable
2026-05-19 08:52:15,239 - INFO - Traceback (most recent call last):
  File "/home/runner/work/qqnews/qqnews/qq.py", line 128, in main
    for i in qq1["data"]["list"]:
             ~~~~~~~~~~~^^^^^^^^
TypeError: 'NoneType' object is not subscriptable

