2025-11-16 00:44:42,805 - INFO - Total time taken: {'ret': 0, 'msg': 'success', 'data': None}
2025-11-16 00:44:42,805 - INFO - 'NoneType' object is not subscriptable
2025-11-16 00:44:42,806 - INFO - Traceback (most recent call last):
  File "/home/runner/work/qqnews/qqnews/qq.py", line 128, in main
    for i in qq1["data"]["list"]:
             ~~~~~~~~~~~^^^^^^^^
TypeError: 'NoneType' object is not subscriptable

2025-11-16 02:30:14,693 - INFO - Total time taken: {'ret': 0, 'msg': 'success', 'data': None}
2025-11-16 02:30:14,694 - INFO - 'NoneType' object is not subscriptable
2025-11-16 02:30:14,694 - INFO - Traceback (most recent call last):
  File "/home/runner/work/qqnews/qqnews/qq.py", line 128, in main
    for i in qq1["data"]["list"]:
             ~~~~~~~~~~~^^^^^^^^
TypeError: 'NoneType' object is not subscriptable

2025-11-16 03:41:40,105 - INFO - Total time taken: {'ret': 0, 'msg': 'success', 'data': None}
2025-11-16 03:41:40,105 - INFO - 'NoneType' object is not subscriptable
2025-11-16 03:41:40,105 - INFO - Traceback (most recent call last):
  File "/home/runner/work/qqnews/qqnews/qq.py", line 128, in main
    for i in qq1["data"]["list"]:
             ~~~~~~~~~~~^^^^^^^^
TypeError: 'NoneType' object is not subscriptable

2025-11-16 04:15:32,200 - INFO - Total time taken: {'ret': 0, 'msg': 'success', 'data': None}
2025-11-16 04:15:32,200 - INFO - 'NoneType' object is not subscriptable
2025-11-16 04:15:32,200 - INFO - Traceback (most recent call last):
  File "/home/runner/work/qqnews/qqnews/qq.py", line 128, in main
    for i in qq1["data"]["list"]:
             ~~~~~~~~~~~^^^^^^^^
TypeError: 'NoneType' object is not subscriptable

2025-11-16 05:01:22,072 - INFO - Total time taken: {'ret': 0, 'msg': 'success', 'data': None}
2025-11-16 05:01:22,072 - INFO - 'NoneType' object is not subscriptable
2025-11-16 05:01:22,073 - INFO - Traceback (most recent call last):
  File "/home/runner/work/qqnews/qqnews/qq.py", line 128, in main
    for i in qq1["data"]["list"]:
             ~~~~~~~~~~~^^^^^^^^
TypeError: 'NoneType' object is not subscriptable

2025-11-16 06:12:47,263 - INFO - Total time taken: {'ret': 0, 'msg': 'success', 'data': None}
2025-11-16 06:12:47,263 - INFO - 'NoneType' object is not subscriptable
2025-11-16 06:12:47,263 - INFO - Traceback (most recent call last):
  File "/home/runner/work/qqnews/qqnews/qq.py", line 128, in main
    for i in qq1["data"]["list"]:
             ~~~~~~~~~~~^^^^^^^^
TypeError: 'NoneType' object is not subscriptable

2025-11-16 07:01:13,490 - INFO - Total time taken: {'ret': 0, 'msg': 'success', 'data': None}
2025-11-16 07:01:13,490 - INFO - 'NoneType' object is not subscriptable
2025-11-16 07:01:13,491 - INFO - Traceback (most recent call last):
  File "/home/runner/work/qqnews/qqnews/qq.py", line 128, in main
    for i in qq1["data"]["list"]:
             ~~~~~~~~~~~^^^^^^^^
TypeError: 'NoneType' object is not subscriptable

2025-11-16 08:01:12,597 - INFO - Total time taken: {'ret': 0, 'msg': 'success', 'data': None}
2025-11-16 08:01:12,597 - INFO - 'NoneType' object is not subscriptable
2025-11-16 08:01:12,598 - INFO - Traceback (most recent call last):
  File "/home/runner/work/qqnews/qqnews/qq.py", line 128, in main
    for i in qq1["data"]["list"]:
             ~~~~~~~~~~~^^^^^^^^
TypeError: 'NoneType' object is not subscriptable

2025-11-16 09:01:29,059 - INFO - Total time taken: {'ret': 0, 'msg': 'success', 'data': None}
2025-11-16 09:01:29,059 - INFO - 'NoneType' object is not subscriptable
2025-11-16 09:01:29,059 - INFO - Traceback (most recent call last):
  File "/home/runner/work/qqnews/qqnews/qq.py", line 128, in main
    for i in qq1["data"]["list"]:
             ~~~~~~~~~~~^^^^^^^^
TypeError: 'NoneType' object is not subscriptable

2025-11-16 10:01:23,547 - INFO - Total time taken: {'ret': 0, 'msg': 'success', 'data': None}
2025-11-16 10:01:23,547 - INFO - 'NoneType' object is not subscriptable
2025-11-16 10:01:23,547 - INFO - Traceback (most recent call last):
  File "/home/runner/work/qqnews/qqnews/qq.py", line 128, in main
    for i in qq1["data"]["list"]:
             ~~~~~~~~~~~^^^^^^^^
TypeError: 'NoneType' object is not subscriptable

2025-11-16 11:01:17,382 - INFO - Total time taken: {'ret': 0, 'msg': 'success', 'data': None}
2025-11-16 11:01:17,383 - INFO - 'NoneType' object is not subscriptable
2025-11-16 11:01:17,383 - INFO - Traceback (most recent call last):
  File "/home/runner/work/qqnews/qqnews/qq.py", line 128, in main
    for i in qq1["data"]["list"]:
             ~~~~~~~~~~~^^^^^^^^
TypeError: 'NoneType' object is not subscriptable

2025-11-16 12:14:05,304 - INFO - Total time taken: {'ret': 0, 'msg': 'success', 'data': None}
2025-11-16 12:14:05,305 - INFO - 'NoneType' object is not subscriptable
2025-11-16 12:14:05,305 - INFO - Traceback (most recent call last):
  File "/home/runner/work/qqnews/qqnews/qq.py", line 128, in main
    for i in qq1["data"]["list"]:
             ~~~~~~~~~~~^^^^^^^^
TypeError: 'NoneType' object is not subscriptable

2025-11-16 13:15:53,576 - INFO - Total time taken: {'ret': 0, 'msg': 'success', 'data': None}
2025-11-16 13:15:53,577 - INFO - 'NoneType' object is not subscriptable
2025-11-16 13:15:53,577 - INFO - Traceback (most recent call last):
  File "/home/runner/work/qqnews/qqnews/qq.py", line 128, in main
    for i in qq1["data"]["list"]:
             ~~~~~~~~~~~^^^^^^^^
TypeError: 'NoneType' object is not subscriptable

2025-11-16 14:01:30,715 - INFO - Total time taken: {'ret': 0, 'msg': 'success', 'data': None}
2025-11-16 14:01:30,716 - INFO - 'NoneType' object is not subscriptable
2025-11-16 14:01:30,716 - INFO - Traceback (most recent call last):
  File "/home/runner/work/qqnews/qqnews/qq.py", line 128, in main
    for i in qq1["data"]["list"]:
             ~~~~~~~~~~~^^^^^^^^
TypeError: 'NoneType' object is not subscriptable

2025-11-16 15:01:17,868 - INFO - Total time taken: {'ret': 0, 'msg': 'success', 'data': None}
2025-11-16 15:01:17,869 - INFO - 'NoneType' object is not subscriptable
2025-11-16 15:01:17,869 - INFO - Traceback (most recent call last):
  File "/home/runner/work/qqnews/qqnews/qq.py", line 128, in main
    for i in qq1["data"]["list"]:
             ~~~~~~~~~~~^^^^^^^^
TypeError: 'NoneType' object is not subscriptable

2025-11-16 16:01:25,446 - INFO - Total time taken: {'ret': 0, 'msg': 'success', 'data': None}
2025-11-16 16:01:25,447 - INFO - 'NoneType' object is not subscriptable
2025-11-16 16:01:25,447 - INFO - Traceback (most recent call last):
  File "/home/runner/work/qqnews/qqnews/qq.py", line 128, in main
    for i in qq1["data"]["list"]:
             ~~~~~~~~~~~^^^^^^^^
TypeError: 'NoneType' object is not subscriptable

