2026-06-17 02:09:58,046 - INFO - Total time taken: {'ret': 0, 'msg': 'success', 'data': None}
2026-06-17 02:09:58,046 - INFO - 'NoneType' object is not subscriptable
2026-06-17 02:09:58,047 - INFO - Traceback (most recent call last):
  File "/home/runner/work/qqnews/qqnews/qq.py", line 128, in main
    for i in qq1["data"]["list"]:
             ~~~~~~~~~~~^^^^^^^^
TypeError: 'NoneType' object is not subscriptable

2026-06-17 08:17:01,152 - INFO - Total time taken: {'ret': 0, 'msg': 'success', 'data': None}
2026-06-17 08:17:01,152 - INFO - 'NoneType' object is not subscriptable
2026-06-17 08:17:01,153 - INFO - Traceback (most recent call last):
  File "/home/runner/work/qqnews/qqnews/qq.py", line 128, in main
    for i in qq1["data"]["list"]:
             ~~~~~~~~~~~^^^^^^^^
TypeError: 'NoneType' object is not subscriptable

2026-06-17 12:42:02,058 - INFO - Total time taken: {'ret': 0, 'msg': 'success', 'data': None}
2026-06-17 12:42:02,058 - INFO - 'NoneType' object is not subscriptable
2026-06-17 12:42:02,059 - INFO - Traceback (most recent call last):
  File "/home/runner/work/qqnews/qqnews/qq.py", line 128, in main
    for i in qq1["data"]["list"]:
             ~~~~~~~~~~~^^^^^^^^
TypeError: 'NoneType' object is not subscriptable

2026-06-17 16:30:50,708 - INFO - Total time taken: {'ret': 0, 'msg': 'success', 'data': None}
2026-06-17 16:30:50,709 - INFO - 'NoneType' object is not subscriptable
2026-06-17 16:30:50,709 - INFO - Traceback (most recent call last):
  File "/home/runner/work/qqnews/qqnews/qq.py", line 128, in main
    for i in qq1["data"]["list"]:
             ~~~~~~~~~~~^^^^^^^^
TypeError: 'NoneType' object is not subscriptable

2026-06-17 19:15:05,330 - INFO - Total time taken: {'ret': 0, 'msg': 'success', 'data': None}
2026-06-17 19:15:05,331 - INFO - 'NoneType' object is not subscriptable
2026-06-17 19:15:05,331 - INFO - Traceback (most recent call last):
  File "/home/runner/work/qqnews/qqnews/qq.py", line 128, in main
    for i in qq1["data"]["list"]:
             ~~~~~~~~~~~^^^^^^^^
TypeError: 'NoneType' object is not subscriptable

2026-06-17 21:48:40,797 - INFO - Total time taken: {'ret': 0, 'msg': 'success', 'data': None}
2026-06-17 21:48:40,797 - INFO - 'NoneType' object is not subscriptable
2026-06-17 21:48:40,797 - INFO - Traceback (most recent call last):
  File "/home/runner/work/qqnews/qqnews/qq.py", line 128, in main
    for i in qq1["data"]["list"]:
             ~~~~~~~~~~~^^^^^^^^
TypeError: 'NoneType' object is not subscriptable

