2026-01-25 00:52:11,575 - INFO - Total time taken: {'ret': 0, 'msg': 'success', 'data': None}
2026-01-25 00:52:11,575 - INFO - 'NoneType' object is not subscriptable
2026-01-25 00:52:11,575 - INFO - Traceback (most recent call last):
  File "/home/runner/work/qqnews/qqnews/qq.py", line 128, in main
    for i in qq1["data"]["list"]:
             ~~~~~~~~~~~^^^^^^^^
TypeError: 'NoneType' object is not subscriptable

2026-01-25 03:04:54,466 - INFO - Total time taken: {'ret': 0, 'msg': 'success', 'data': None}
2026-01-25 03:04:54,466 - INFO - 'NoneType' object is not subscriptable
2026-01-25 03:04:54,467 - INFO - Traceback (most recent call last):
  File "/home/runner/work/qqnews/qqnews/qq.py", line 128, in main
    for i in qq1["data"]["list"]:
             ~~~~~~~~~~~^^^^^^^^
TypeError: 'NoneType' object is not subscriptable

2026-01-25 04:42:14,992 - INFO - Total time taken: {'ret': 0, 'msg': 'success', 'data': None}
2026-01-25 04:42:14,993 - INFO - 'NoneType' object is not subscriptable
2026-01-25 04:42:14,993 - INFO - Traceback (most recent call last):
  File "/home/runner/work/qqnews/qqnews/qq.py", line 128, in main
    for i in qq1["data"]["list"]:
             ~~~~~~~~~~~^^^^^^^^
TypeError: 'NoneType' object is not subscriptable

2026-01-25 05:19:51,346 - INFO - Total time taken: {'ret': 0, 'msg': 'success', 'data': None}
2026-01-25 05:19:51,347 - INFO - 'NoneType' object is not subscriptable
2026-01-25 05:19:51,347 - INFO - Traceback (most recent call last):
  File "/home/runner/work/qqnews/qqnews/qq.py", line 128, in main
    for i in qq1["data"]["list"]:
             ~~~~~~~~~~~^^^^^^^^
TypeError: 'NoneType' object is not subscriptable

