2025-07-29 00:50:54,931 - INFO - Total time taken: {'ret': 0, 'msg': 'success', 'data': None}
2025-07-29 00:50:54,932 - INFO - 'NoneType' object is not subscriptable
2025-07-29 00:50:54,932 - INFO - Traceback (most recent call last):
  File "/home/runner/work/qqnews/qqnews/qq.py", line 128, in main
    for i in qq1["data"]["list"]:
             ~~~~~~~~~~~^^^^^^^^
TypeError: 'NoneType' object is not subscriptable

2025-07-29 03:02:31,580 - INFO - Total time taken: {'ret': 0, 'msg': 'success', 'data': None}
2025-07-29 03:02:31,580 - INFO - 'NoneType' object is not subscriptable
2025-07-29 03:02:31,580 - INFO - Traceback (most recent call last):
  File "/home/runner/work/qqnews/qqnews/qq.py", line 128, in main
    for i in qq1["data"]["list"]:
             ~~~~~~~~~~~^^^^^^^^
TypeError: 'NoneType' object is not subscriptable

2025-07-29 04:38:10,766 - INFO - Total time taken: {'ret': 0, 'msg': 'success', 'data': None}
2025-07-29 04:38:10,767 - INFO - 'NoneType' object is not subscriptable
2025-07-29 04:38:10,767 - INFO - Traceback (most recent call last):
  File "/home/runner/work/qqnews/qqnews/qq.py", line 128, in main
    for i in qq1["data"]["list"]:
             ~~~~~~~~~~~^^^^^^^^
TypeError: 'NoneType' object is not subscriptable

2025-07-29 05:19:58,875 - INFO - Total time taken: {'ret': 0, 'msg': 'success', 'data': None}
2025-07-29 05:19:58,875 - INFO - 'NoneType' object is not subscriptable
2025-07-29 05:19:58,876 - INFO - Traceback (most recent call last):
  File "/home/runner/work/qqnews/qqnews/qq.py", line 128, in main
    for i in qq1["data"]["list"]:
             ~~~~~~~~~~~^^^^^^^^
TypeError: 'NoneType' object is not subscriptable

2025-07-29 06:15:15,770 - INFO - Total time taken: {'ret': 0, 'msg': 'success', 'data': None}
2025-07-29 06:15:15,770 - INFO - 'NoneType' object is not subscriptable
2025-07-29 06:15:15,771 - INFO - Traceback (most recent call last):
  File "/home/runner/work/qqnews/qqnews/qq.py", line 128, in main
    for i in qq1["data"]["list"]:
             ~~~~~~~~~~~^^^^^^^^
TypeError: 'NoneType' object is not subscriptable

2025-07-29 07:14:51,047 - INFO - Total time taken: {'ret': 0, 'msg': 'success', 'data': None}
2025-07-29 07:14:51,047 - INFO - 'NoneType' object is not subscriptable
2025-07-29 07:14:51,047 - INFO - Traceback (most recent call last):
  File "/home/runner/work/qqnews/qqnews/qq.py", line 128, in main
    for i in qq1["data"]["list"]:
             ~~~~~~~~~~~^^^^^^^^
TypeError: 'NoneType' object is not subscriptable

2025-07-29 08:13:51,153 - INFO - Total time taken: {'ret': 0, 'msg': 'success', 'data': None}
2025-07-29 08:13:51,154 - INFO - 'NoneType' object is not subscriptable
2025-07-29 08:13:51,154 - INFO - Traceback (most recent call last):
  File "/home/runner/work/qqnews/qqnews/qq.py", line 128, in main
    for i in qq1["data"]["list"]:
             ~~~~~~~~~~~^^^^^^^^
TypeError: 'NoneType' object is not subscriptable

2025-07-29 09:15:10,766 - INFO - Total time taken: {'ret': 0, 'msg': 'success', 'data': None}
2025-07-29 09:15:10,766 - INFO - 'NoneType' object is not subscriptable
2025-07-29 09:15:10,766 - INFO - Traceback (most recent call last):
  File "/home/runner/work/qqnews/qqnews/qq.py", line 128, in main
    for i in qq1["data"]["list"]:
             ~~~~~~~~~~~^^^^^^^^
TypeError: 'NoneType' object is not subscriptable

2025-07-29 10:10:23,321 - INFO - Total time taken: {'ret': 0, 'msg': 'success', 'data': None}
2025-07-29 10:10:23,321 - INFO - 'NoneType' object is not subscriptable
2025-07-29 10:10:23,321 - INFO - Traceback (most recent call last):
  File "/home/runner/work/qqnews/qqnews/qq.py", line 128, in main
    for i in qq1["data"]["list"]:
             ~~~~~~~~~~~^^^^^^^^
TypeError: 'NoneType' object is not subscriptable

2025-07-29 11:09:23,758 - INFO - Total time taken: {'ret': 0, 'msg': 'success', 'data': None}
2025-07-29 11:09:23,758 - INFO - 'NoneType' object is not subscriptable
2025-07-29 11:09:23,759 - INFO - Traceback (most recent call last):
  File "/home/runner/work/qqnews/qqnews/qq.py", line 128, in main
    for i in qq1["data"]["list"]:
             ~~~~~~~~~~~^^^^^^^^
TypeError: 'NoneType' object is not subscriptable

2025-07-29 12:18:08,027 - INFO - Total time taken: {'ret': 0, 'msg': 'success', 'data': None}
2025-07-29 12:18:08,027 - INFO - 'NoneType' object is not subscriptable
2025-07-29 12:18:08,027 - INFO - Traceback (most recent call last):
  File "/home/runner/work/qqnews/qqnews/qq.py", line 128, in main
    for i in qq1["data"]["list"]:
             ~~~~~~~~~~~^^^^^^^^
TypeError: 'NoneType' object is not subscriptable

2025-07-29 13:33:17,825 - INFO - Total time taken: {'ret': 0, 'msg': 'success', 'data': None}
2025-07-29 13:33:17,825 - INFO - 'NoneType' object is not subscriptable
2025-07-29 13:33:17,826 - INFO - Traceback (most recent call last):
  File "/home/runner/work/qqnews/qqnews/qq.py", line 128, in main
    for i in qq1["data"]["list"]:
             ~~~~~~~~~~~^^^^^^^^
TypeError: 'NoneType' object is not subscriptable

2025-07-29 14:14:14,817 - INFO - Total time taken: {'ret': 0, 'msg': 'success', 'data': None}
2025-07-29 14:14:14,817 - INFO - 'NoneType' object is not subscriptable
2025-07-29 14:14:14,818 - INFO - Traceback (most recent call last):
  File "/home/runner/work/qqnews/qqnews/qq.py", line 128, in main
    for i in qq1["data"]["list"]:
             ~~~~~~~~~~~^^^^^^^^
TypeError: 'NoneType' object is not subscriptable

2025-07-29 15:12:34,069 - INFO - Total time taken: {'ret': 0, 'msg': 'success', 'data': None}
2025-07-29 15:12:34,069 - INFO - 'NoneType' object is not subscriptable
2025-07-29 15:12:34,069 - INFO - Traceback (most recent call last):
  File "/home/runner/work/qqnews/qqnews/qq.py", line 128, in main
    for i in qq1["data"]["list"]:
             ~~~~~~~~~~~^^^^^^^^
TypeError: 'NoneType' object is not subscriptable

