2025-12-27 00:42:51,085 - INFO - Total time taken: {'ret': 0, 'msg': 'success', 'data': None}
2025-12-27 00:42:51,085 - INFO - 'NoneType' object is not subscriptable
2025-12-27 00:42:51,085 - INFO - Traceback (most recent call last):
  File "/home/runner/work/qqnews/qqnews/qq.py", line 128, in main
    for i in qq1["data"]["list"]:
             ~~~~~~~~~~~^^^^^^^^
TypeError: 'NoneType' object is not subscriptable

2025-12-27 02:43:19,524 - INFO - Total time taken: {'ret': 0, 'msg': 'success', 'data': None}
2025-12-27 02:43:19,525 - INFO - 'NoneType' object is not subscriptable
2025-12-27 02:43:19,525 - INFO - Traceback (most recent call last):
  File "/home/runner/work/qqnews/qqnews/qq.py", line 128, in main
    for i in qq1["data"]["list"]:
             ~~~~~~~~~~~^^^^^^^^
TypeError: 'NoneType' object is not subscriptable

2025-12-27 03:48:11,977 - INFO - Total time taken: {'ret': 0, 'msg': 'success', 'data': None}
2025-12-27 03:48:11,977 - INFO - 'NoneType' object is not subscriptable
2025-12-27 03:48:11,978 - INFO - Traceback (most recent call last):
  File "/home/runner/work/qqnews/qqnews/qq.py", line 128, in main
    for i in qq1["data"]["list"]:
             ~~~~~~~~~~~^^^^^^^^
TypeError: 'NoneType' object is not subscriptable

