2025-11-06 00:40:56,019 - INFO - Total time taken: {'ret': 0, 'msg': 'success', 'data': None}
2025-11-06 00:40:56,019 - INFO - 'NoneType' object is not subscriptable
2025-11-06 00:40:56,020 - INFO - Traceback (most recent call last):
  File "/home/runner/work/qqnews/qqnews/qq.py", line 128, in main
    for i in qq1["data"]["list"]:
             ~~~~~~~~~~~^^^^^^^^
TypeError: 'NoneType' object is not subscriptable

2025-11-06 02:26:00,885 - INFO - Total time taken: {'ret': 0, 'msg': 'success', 'data': None}
2025-11-06 02:26:00,885 - INFO - 'NoneType' object is not subscriptable
2025-11-06 02:26:00,886 - INFO - Traceback (most recent call last):
  File "/home/runner/work/qqnews/qqnews/qq.py", line 128, in main
    for i in qq1["data"]["list"]:
             ~~~~~~~~~~~^^^^^^^^
TypeError: 'NoneType' object is not subscriptable

2025-11-06 03:40:36,348 - INFO - Total time taken: {'ret': 0, 'msg': 'success', 'data': None}
2025-11-06 03:40:36,348 - INFO - 'NoneType' object is not subscriptable
2025-11-06 03:40:36,349 - INFO - Traceback (most recent call last):
  File "/home/runner/work/qqnews/qqnews/qq.py", line 128, in main
    for i in qq1["data"]["list"]:
             ~~~~~~~~~~~^^^^^^^^
TypeError: 'NoneType' object is not subscriptable

2025-11-06 04:15:21,121 - INFO - Total time taken: {'ret': 0, 'msg': 'success', 'data': None}
2025-11-06 04:15:21,121 - INFO - 'NoneType' object is not subscriptable
2025-11-06 04:15:21,121 - INFO - Traceback (most recent call last):
  File "/home/runner/work/qqnews/qqnews/qq.py", line 128, in main
    for i in qq1["data"]["list"]:
             ~~~~~~~~~~~^^^^^^^^
TypeError: 'NoneType' object is not subscriptable

2025-11-06 05:01:33,216 - INFO - Total time taken: {'ret': 0, 'msg': 'success', 'data': None}
2025-11-06 05:01:33,216 - INFO - 'NoneType' object is not subscriptable
2025-11-06 05:01:33,217 - INFO - Traceback (most recent call last):
  File "/home/runner/work/qqnews/qqnews/qq.py", line 128, in main
    for i in qq1["data"]["list"]:
             ~~~~~~~~~~~^^^^^^^^
TypeError: 'NoneType' object is not subscriptable

2025-11-06 06:14:08,391 - INFO - Total time taken: {'ret': 0, 'msg': 'success', 'data': None}
2025-11-06 06:14:08,392 - INFO - 'NoneType' object is not subscriptable
2025-11-06 06:14:08,392 - INFO - Traceback (most recent call last):
  File "/home/runner/work/qqnews/qqnews/qq.py", line 128, in main
    for i in qq1["data"]["list"]:
             ~~~~~~~~~~~^^^^^^^^
TypeError: 'NoneType' object is not subscriptable

2025-11-06 07:01:20,216 - INFO - Total time taken: {'ret': 0, 'msg': 'success', 'data': None}
2025-11-06 07:01:20,216 - INFO - 'NoneType' object is not subscriptable
2025-11-06 07:01:20,216 - INFO - Traceback (most recent call last):
  File "/home/runner/work/qqnews/qqnews/qq.py", line 128, in main
    for i in qq1["data"]["list"]:
             ~~~~~~~~~~~^^^^^^^^
TypeError: 'NoneType' object is not subscriptable

2025-11-06 08:12:35,764 - INFO - Total time taken: {'ret': 0, 'msg': 'success', 'data': None}
2025-11-06 08:12:35,765 - INFO - 'NoneType' object is not subscriptable
2025-11-06 08:12:35,765 - INFO - Traceback (most recent call last):
  File "/home/runner/work/qqnews/qqnews/qq.py", line 128, in main
    for i in qq1["data"]["list"]:
             ~~~~~~~~~~~^^^^^^^^
TypeError: 'NoneType' object is not subscriptable

2025-11-06 09:01:34,309 - INFO - Total time taken: {'ret': 0, 'msg': 'success', 'data': None}
2025-11-06 09:01:34,309 - INFO - 'NoneType' object is not subscriptable
2025-11-06 09:01:34,309 - INFO - Traceback (most recent call last):
  File "/home/runner/work/qqnews/qqnews/qq.py", line 128, in main
    for i in qq1["data"]["list"]:
             ~~~~~~~~~~~^^^^^^^^
TypeError: 'NoneType' object is not subscriptable

2025-11-06 10:01:33,639 - INFO - Total time taken: {'ret': 0, 'msg': 'success', 'data': None}
2025-11-06 10:01:33,639 - INFO - 'NoneType' object is not subscriptable
2025-11-06 10:01:33,639 - INFO - Traceback (most recent call last):
  File "/home/runner/work/qqnews/qqnews/qq.py", line 128, in main
    for i in qq1["data"]["list"]:
             ~~~~~~~~~~~^^^^^^^^
TypeError: 'NoneType' object is not subscriptable

2025-11-06 11:01:16,555 - INFO - Total time taken: {'ret': 0, 'msg': 'success', 'data': None}
2025-11-06 11:01:16,555 - INFO - 'NoneType' object is not subscriptable
2025-11-06 11:01:16,556 - INFO - Traceback (most recent call last):
  File "/home/runner/work/qqnews/qqnews/qq.py", line 128, in main
    for i in qq1["data"]["list"]:
             ~~~~~~~~~~~^^^^^^^^
TypeError: 'NoneType' object is not subscriptable

2025-11-06 12:16:13,834 - INFO - Total time taken: {'ret': 0, 'msg': 'success', 'data': None}
2025-11-06 12:16:13,834 - INFO - 'NoneType' object is not subscriptable
2025-11-06 12:16:13,834 - INFO - Traceback (most recent call last):
  File "/home/runner/work/qqnews/qqnews/qq.py", line 128, in main
    for i in qq1["data"]["list"]:
             ~~~~~~~~~~~^^^^^^^^
TypeError: 'NoneType' object is not subscriptable

2025-11-06 13:24:35,941 - INFO - Total time taken: {'ret': 0, 'msg': 'success', 'data': None}
2025-11-06 13:24:35,941 - INFO - 'NoneType' object is not subscriptable
2025-11-06 13:24:35,942 - INFO - Traceback (most recent call last):
  File "/home/runner/work/qqnews/qqnews/qq.py", line 128, in main
    for i in qq1["data"]["list"]:
             ~~~~~~~~~~~^^^^^^^^
TypeError: 'NoneType' object is not subscriptable

2025-11-06 14:01:26,671 - INFO - Total time taken: {'ret': 0, 'msg': 'success', 'data': None}
2025-11-06 14:01:26,671 - INFO - 'NoneType' object is not subscriptable
2025-11-06 14:01:26,671 - INFO - Traceback (most recent call last):
  File "/home/runner/work/qqnews/qqnews/qq.py", line 128, in main
    for i in qq1["data"]["list"]:
             ~~~~~~~~~~~^^^^^^^^
TypeError: 'NoneType' object is not subscriptable

2025-11-06 15:09:33,897 - INFO - Total time taken: {'ret': 0, 'msg': 'success', 'data': None}
2025-11-06 15:09:33,897 - INFO - 'NoneType' object is not subscriptable
2025-11-06 15:09:33,897 - INFO - Traceback (most recent call last):
  File "/home/runner/work/qqnews/qqnews/qq.py", line 128, in main
    for i in qq1["data"]["list"]:
             ~~~~~~~~~~~^^^^^^^^
TypeError: 'NoneType' object is not subscriptable

2025-11-06 16:01:37,730 - INFO - Total time taken: {'ret': 0, 'msg': 'success', 'data': None}
2025-11-06 16:01:37,730 - INFO - 'NoneType' object is not subscriptable
2025-11-06 16:01:37,731 - INFO - Traceback (most recent call last):
  File "/home/runner/work/qqnews/qqnews/qq.py", line 128, in main
    for i in qq1["data"]["list"]:
             ~~~~~~~~~~~^^^^^^^^
TypeError: 'NoneType' object is not subscriptable

