2026-02-08 01:13:09,798 - INFO - Total time taken: {'ret': 0, 'msg': 'success', 'data': None}
2026-02-08 01:13:09,799 - INFO - 'NoneType' object is not subscriptable
2026-02-08 01:13:09,799 - INFO - Traceback (most recent call last):
  File "/home/runner/work/qqnews/qqnews/qq.py", line 128, in main
    for i in qq1["data"]["list"]:
             ~~~~~~~~~~~^^^^^^^^
TypeError: 'NoneType' object is not subscriptable

2026-02-08 04:22:38,071 - INFO - Total time taken: {'ret': 0, 'msg': 'success', 'data': None}
2026-02-08 04:22:38,071 - INFO - 'NoneType' object is not subscriptable
2026-02-08 04:22:38,072 - INFO - Traceback (most recent call last):
  File "/home/runner/work/qqnews/qqnews/qq.py", line 128, in main
    for i in qq1["data"]["list"]:
             ~~~~~~~~~~~^^^^^^^^
TypeError: 'NoneType' object is not subscriptable

2026-02-08 05:53:33,285 - INFO - Total time taken: {'ret': 0, 'msg': 'success', 'data': None}
2026-02-08 05:53:33,285 - INFO - 'NoneType' object is not subscriptable
2026-02-08 05:53:33,285 - INFO - Traceback (most recent call last):
  File "/home/runner/work/qqnews/qqnews/qq.py", line 128, in main
    for i in qq1["data"]["list"]:
             ~~~~~~~~~~~^^^^^^^^
TypeError: 'NoneType' object is not subscriptable

2026-02-08 06:34:10,716 - INFO - Total time taken: {'ret': 0, 'msg': 'success', 'data': None}
2026-02-08 06:34:10,717 - INFO - 'NoneType' object is not subscriptable
2026-02-08 06:34:10,717 - INFO - Traceback (most recent call last):
  File "/home/runner/work/qqnews/qqnews/qq.py", line 128, in main
    for i in qq1["data"]["list"]:
             ~~~~~~~~~~~^^^^^^^^
TypeError: 'NoneType' object is not subscriptable

2026-02-08 07:29:42,801 - INFO - Total time taken: {'ret': 0, 'msg': 'success', 'data': None}
2026-02-08 07:29:42,801 - INFO - 'NoneType' object is not subscriptable
2026-02-08 07:29:42,801 - INFO - Traceback (most recent call last):
  File "/home/runner/work/qqnews/qqnews/qq.py", line 128, in main
    for i in qq1["data"]["list"]:
             ~~~~~~~~~~~^^^^^^^^
TypeError: 'NoneType' object is not subscriptable

2026-02-08 08:17:29,110 - INFO - Total time taken: {'ret': 0, 'msg': 'success', 'data': None}
2026-02-08 08:17:29,110 - INFO - 'NoneType' object is not subscriptable
2026-02-08 08:17:29,111 - INFO - Traceback (most recent call last):
  File "/home/runner/work/qqnews/qqnews/qq.py", line 128, in main
    for i in qq1["data"]["list"]:
             ~~~~~~~~~~~^^^^^^^^
TypeError: 'NoneType' object is not subscriptable

2026-02-08 09:18:33,911 - INFO - Total time taken: {'ret': 0, 'msg': 'success', 'data': None}
2026-02-08 09:18:33,911 - INFO - 'NoneType' object is not subscriptable
2026-02-08 09:18:33,911 - INFO - Traceback (most recent call last):
  File "/home/runner/work/qqnews/qqnews/qq.py", line 128, in main
    for i in qq1["data"]["list"]:
             ~~~~~~~~~~~^^^^^^^^
TypeError: 'NoneType' object is not subscriptable

2026-02-08 10:13:02,431 - INFO - Total time taken: {'ret': 0, 'msg': 'success', 'data': None}
2026-02-08 10:13:02,432 - INFO - 'NoneType' object is not subscriptable
2026-02-08 10:13:02,432 - INFO - Traceback (most recent call last):
  File "/home/runner/work/qqnews/qqnews/qq.py", line 128, in main
    for i in qq1["data"]["list"]:
             ~~~~~~~~~~~^^^^^^^^
TypeError: 'NoneType' object is not subscriptable

2026-02-08 11:12:31,159 - INFO - Total time taken: {'ret': 0, 'msg': 'success', 'data': None}
2026-02-08 11:12:31,160 - INFO - 'NoneType' object is not subscriptable
2026-02-08 11:12:31,160 - INFO - Traceback (most recent call last):
  File "/home/runner/work/qqnews/qqnews/qq.py", line 128, in main
    for i in qq1["data"]["list"]:
             ~~~~~~~~~~~^^^^^^^^
TypeError: 'NoneType' object is not subscriptable

2026-02-08 12:19:57,232 - INFO - Total time taken: {'ret': 0, 'msg': 'success', 'data': None}
2026-02-08 12:19:57,232 - INFO - 'NoneType' object is not subscriptable
2026-02-08 12:19:57,232 - INFO - Traceback (most recent call last):
  File "/home/runner/work/qqnews/qqnews/qq.py", line 128, in main
    for i in qq1["data"]["list"]:
             ~~~~~~~~~~~^^^^^^^^
TypeError: 'NoneType' object is not subscriptable

2026-02-08 13:36:21,378 - INFO - Total time taken: {'ret': 0, 'msg': 'success', 'data': None}
2026-02-08 13:36:21,378 - INFO - 'NoneType' object is not subscriptable
2026-02-08 13:36:21,378 - INFO - Traceback (most recent call last):
  File "/home/runner/work/qqnews/qqnews/qq.py", line 128, in main
    for i in qq1["data"]["list"]:
             ~~~~~~~~~~~^^^^^^^^
TypeError: 'NoneType' object is not subscriptable

2026-02-08 14:16:47,646 - INFO - Total time taken: {'ret': 0, 'msg': 'success', 'data': None}
2026-02-08 14:16:47,647 - INFO - 'NoneType' object is not subscriptable
2026-02-08 14:16:47,647 - INFO - Traceback (most recent call last):
  File "/home/runner/work/qqnews/qqnews/qq.py", line 128, in main
    for i in qq1["data"]["list"]:
             ~~~~~~~~~~~^^^^^^^^
TypeError: 'NoneType' object is not subscriptable

2026-02-08 15:13:54,424 - INFO - Total time taken: {'ret': 0, 'msg': 'success', 'data': None}
2026-02-08 15:13:54,424 - INFO - 'NoneType' object is not subscriptable
2026-02-08 15:13:54,424 - INFO - Traceback (most recent call last):
  File "/home/runner/work/qqnews/qqnews/qq.py", line 128, in main
    for i in qq1["data"]["list"]:
             ~~~~~~~~~~~^^^^^^^^
TypeError: 'NoneType' object is not subscriptable

2026-02-08 16:15:05,709 - INFO - Total time taken: {'ret': 0, 'msg': 'success', 'data': None}
2026-02-08 16:15:05,710 - INFO - 'NoneType' object is not subscriptable
2026-02-08 16:15:05,710 - INFO - Traceback (most recent call last):
  File "/home/runner/work/qqnews/qqnews/qq.py", line 128, in main
    for i in qq1["data"]["list"]:
             ~~~~~~~~~~~^^^^^^^^
TypeError: 'NoneType' object is not subscriptable

2026-02-08 17:15:57,559 - INFO - Total time taken: {'ret': 0, 'msg': 'success', 'data': None}
2026-02-08 17:15:57,559 - INFO - 'NoneType' object is not subscriptable
2026-02-08 17:15:57,560 - INFO - Traceback (most recent call last):
  File "/home/runner/work/qqnews/qqnews/qq.py", line 128, in main
    for i in qq1["data"]["list"]:
             ~~~~~~~~~~~^^^^^^^^
TypeError: 'NoneType' object is not subscriptable

2026-02-08 18:18:06,419 - INFO - Total time taken: {'ret': 0, 'msg': 'success', 'data': None}
2026-02-08 18:18:06,420 - INFO - 'NoneType' object is not subscriptable
2026-02-08 18:18:06,420 - INFO - Traceback (most recent call last):
  File "/home/runner/work/qqnews/qqnews/qq.py", line 128, in main
    for i in qq1["data"]["list"]:
             ~~~~~~~~~~~^^^^^^^^
TypeError: 'NoneType' object is not subscriptable

2026-02-08 19:16:00,457 - INFO - Total time taken: {'ret': 0, 'msg': 'success', 'data': None}
2026-02-08 19:16:00,457 - INFO - 'NoneType' object is not subscriptable
2026-02-08 19:16:00,458 - INFO - Traceback (most recent call last):
  File "/home/runner/work/qqnews/qqnews/qq.py", line 128, in main
    for i in qq1["data"]["list"]:
             ~~~~~~~~~~~^^^^^^^^
TypeError: 'NoneType' object is not subscriptable

2026-02-08 20:12:12,063 - INFO - Total time taken: {'ret': 0, 'msg': 'success', 'data': None}
2026-02-08 20:12:12,064 - INFO - 'NoneType' object is not subscriptable
2026-02-08 20:12:12,064 - INFO - Traceback (most recent call last):
  File "/home/runner/work/qqnews/qqnews/qq.py", line 128, in main
    for i in qq1["data"]["list"]:
             ~~~~~~~~~~~^^^^^^^^
TypeError: 'NoneType' object is not subscriptable

2026-02-08 21:14:22,437 - INFO - Total time taken: {'ret': 0, 'msg': 'success', 'data': None}
2026-02-08 21:14:22,437 - INFO - 'NoneType' object is not subscriptable
2026-02-08 21:14:22,437 - INFO - Traceback (most recent call last):
  File "/home/runner/work/qqnews/qqnews/qq.py", line 128, in main
    for i in qq1["data"]["list"]:
             ~~~~~~~~~~~^^^^^^^^
TypeError: 'NoneType' object is not subscriptable

2026-02-08 22:13:41,676 - INFO - Total time taken: {'ret': 0, 'msg': 'success', 'data': None}
2026-02-08 22:13:41,676 - INFO - 'NoneType' object is not subscriptable
2026-02-08 22:13:41,676 - INFO - Traceback (most recent call last):
  File "/home/runner/work/qqnews/qqnews/qq.py", line 128, in main
    for i in qq1["data"]["list"]:
             ~~~~~~~~~~~^^^^^^^^
TypeError: 'NoneType' object is not subscriptable

2026-02-08 23:17:42,320 - INFO - Total time taken: {'ret': 0, 'msg': 'success', 'data': None}
2026-02-08 23:17:42,320 - INFO - 'NoneType' object is not subscriptable
2026-02-08 23:17:42,321 - INFO - Traceback (most recent call last):
  File "/home/runner/work/qqnews/qqnews/qq.py", line 128, in main
    for i in qq1["data"]["list"]:
             ~~~~~~~~~~~^^^^^^^^
TypeError: 'NoneType' object is not subscriptable

