2025-07-11 00:43:41,600 - INFO - Total time taken: {'ret': 0, 'msg': 'success', 'data': None}
2025-07-11 00:43:41,600 - INFO - 'NoneType' object is not subscriptable
2025-07-11 00:43:41,600 - INFO - Traceback (most recent call last):
  File "/home/runner/work/qqnews/qqnews/qq.py", line 128, in main
    for i in qq1["data"]["list"]:
             ~~~~~~~~~~~^^^^^^^^
TypeError: 'NoneType' object is not subscriptable

2025-07-11 02:47:37,249 - INFO - Total time taken: {'ret': 0, 'msg': 'success', 'data': None}
2025-07-11 02:47:37,249 - INFO - 'NoneType' object is not subscriptable
2025-07-11 02:47:37,249 - INFO - Traceback (most recent call last):
  File "/home/runner/work/qqnews/qqnews/qq.py", line 128, in main
    for i in qq1["data"]["list"]:
             ~~~~~~~~~~~^^^^^^^^
TypeError: 'NoneType' object is not subscriptable

2025-07-11 03:52:40,763 - INFO - Total time taken: {'ret': 0, 'msg': 'success', 'data': None}
2025-07-11 03:52:40,763 - INFO - 'NoneType' object is not subscriptable
2025-07-11 03:52:40,764 - INFO - Traceback (most recent call last):
  File "/home/runner/work/qqnews/qqnews/qq.py", line 128, in main
    for i in qq1["data"]["list"]:
             ~~~~~~~~~~~^^^^^^^^
TypeError: 'NoneType' object is not subscriptable

2025-07-11 04:26:39,580 - INFO - Total time taken: {'ret': 0, 'msg': 'success', 'data': None}
2025-07-11 04:26:39,580 - INFO - 'NoneType' object is not subscriptable
2025-07-11 04:26:39,580 - INFO - Traceback (most recent call last):
  File "/home/runner/work/qqnews/qqnews/qq.py", line 128, in main
    for i in qq1["data"]["list"]:
             ~~~~~~~~~~~^^^^^^^^
TypeError: 'NoneType' object is not subscriptable

2025-07-11 05:14:06,321 - INFO - Total time taken: {'ret': 0, 'msg': 'success', 'data': None}
2025-07-11 05:14:06,321 - INFO - 'NoneType' object is not subscriptable
2025-07-11 05:14:06,322 - INFO - Traceback (most recent call last):
  File "/home/runner/work/qqnews/qqnews/qq.py", line 128, in main
    for i in qq1["data"]["list"]:
             ~~~~~~~~~~~^^^^^^^^
TypeError: 'NoneType' object is not subscriptable

