2026-01-16 00:45:48,369 - INFO - Total time taken: {'ret': 0, 'msg': 'success', 'data': None}
2026-01-16 00:45:48,369 - INFO - 'NoneType' object is not subscriptable
2026-01-16 00:45:48,369 - INFO - Traceback (most recent call last):
  File "/home/runner/work/qqnews/qqnews/qq.py", line 128, in main
    for i in qq1["data"]["list"]:
             ~~~~~~~~~~~^^^^^^^^
TypeError: 'NoneType' object is not subscriptable

2026-01-16 02:52:24,547 - INFO - Total time taken: {'ret': 0, 'msg': 'success', 'data': None}
2026-01-16 02:52:24,547 - INFO - 'NoneType' object is not subscriptable
2026-01-16 02:52:24,548 - INFO - Traceback (most recent call last):
  File "/home/runner/work/qqnews/qqnews/qq.py", line 128, in main
    for i in qq1["data"]["list"]:
             ~~~~~~~~~~~^^^^^^^^
TypeError: 'NoneType' object is not subscriptable

2026-01-16 03:56:32,810 - INFO - Total time taken: {'ret': 0, 'msg': 'success', 'data': None}
2026-01-16 03:56:32,811 - INFO - 'NoneType' object is not subscriptable
2026-01-16 03:56:32,811 - INFO - Traceback (most recent call last):
  File "/home/runner/work/qqnews/qqnews/qq.py", line 128, in main
    for i in qq1["data"]["list"]:
             ~~~~~~~~~~~^^^^^^^^
TypeError: 'NoneType' object is not subscriptable

