2026-06-04 00:22:44,246 - INFO - Total time taken: {'ret': 0, 'msg': 'success', 'data': None}
2026-06-04 00:22:44,246 - INFO - 'NoneType' object is not subscriptable
2026-06-04 00:22:44,246 - INFO - Traceback (most recent call last):
  File "/home/runner/work/qqnews/qqnews/qq.py", line 128, in main
    for i in qq1["data"]["list"]:
             ~~~~~~~~~~~^^^^^^^^
TypeError: 'NoneType' object is not subscriptable

2026-06-04 05:29:02,669 - INFO - Total time taken: {'ret': 0, 'msg': 'success', 'data': None}
2026-06-04 05:29:02,669 - INFO - 'NoneType' object is not subscriptable
2026-06-04 05:29:02,670 - INFO - Traceback (most recent call last):
  File "/home/runner/work/qqnews/qqnews/qq.py", line 128, in main
    for i in qq1["data"]["list"]:
             ~~~~~~~~~~~^^^^^^^^
TypeError: 'NoneType' object is not subscriptable

2026-06-04 09:36:46,079 - INFO - Total time taken: {'ret': 0, 'msg': 'success', 'data': None}
2026-06-04 09:36:46,079 - INFO - 'NoneType' object is not subscriptable
2026-06-04 09:36:46,080 - INFO - Traceback (most recent call last):
  File "/home/runner/work/qqnews/qqnews/qq.py", line 128, in main
    for i in qq1["data"]["list"]:
             ~~~~~~~~~~~^^^^^^^^
TypeError: 'NoneType' object is not subscriptable

