2026-06-11 00:05:18,278 - INFO - Total time taken: {'ret': 0, 'msg': 'success', 'data': None}
2026-06-11 00:05:18,278 - INFO - 'NoneType' object is not subscriptable
2026-06-11 00:05:18,279 - INFO - Traceback (most recent call last):
  File "/home/runner/work/qqnews/qqnews/qq.py", line 128, in main
    for i in qq1["data"]["list"]:
             ~~~~~~~~~~~^^^^^^^^
TypeError: 'NoneType' object is not subscriptable

2026-06-11 05:16:32,208 - INFO - Total time taken: {'ret': 0, 'msg': 'success', 'data': None}
2026-06-11 05:16:32,209 - INFO - 'NoneType' object is not subscriptable
2026-06-11 05:16:32,209 - INFO - Traceback (most recent call last):
  File "/home/runner/work/qqnews/qqnews/qq.py", line 128, in main
    for i in qq1["data"]["list"]:
             ~~~~~~~~~~~^^^^^^^^
TypeError: 'NoneType' object is not subscriptable

2026-06-11 09:56:42,731 - INFO - Total time taken: {'ret': 0, 'msg': 'success', 'data': None}
2026-06-11 09:56:42,731 - INFO - 'NoneType' object is not subscriptable
2026-06-11 09:56:42,731 - INFO - Traceback (most recent call last):
  File "/home/runner/work/qqnews/qqnews/qq.py", line 128, in main
    for i in qq1["data"]["list"]:
             ~~~~~~~~~~~^^^^^^^^
TypeError: 'NoneType' object is not subscriptable

2026-06-11 13:49:14,224 - INFO - Total time taken: {'ret': 0, 'msg': 'success', 'data': None}
2026-06-11 13:49:14,224 - INFO - 'NoneType' object is not subscriptable
2026-06-11 13:49:14,225 - INFO - Traceback (most recent call last):
  File "/home/runner/work/qqnews/qqnews/qq.py", line 128, in main
    for i in qq1["data"]["list"]:
             ~~~~~~~~~~~^^^^^^^^
TypeError: 'NoneType' object is not subscriptable

2026-06-11 17:29:09,289 - INFO - Total time taken: {'ret': 0, 'msg': 'success', 'data': None}
2026-06-11 17:29:09,289 - INFO - 'NoneType' object is not subscriptable
2026-06-11 17:29:09,289 - INFO - Traceback (most recent call last):
  File "/home/runner/work/qqnews/qqnews/qq.py", line 128, in main
    for i in qq1["data"]["list"]:
             ~~~~~~~~~~~^^^^^^^^
TypeError: 'NoneType' object is not subscriptable

2026-06-11 20:03:29,991 - INFO - Total time taken: {'ret': 0, 'msg': 'success', 'data': None}
2026-06-11 20:03:29,991 - INFO - 'NoneType' object is not subscriptable
2026-06-11 20:03:29,992 - INFO - Traceback (most recent call last):
  File "/home/runner/work/qqnews/qqnews/qq.py", line 128, in main
    for i in qq1["data"]["list"]:
             ~~~~~~~~~~~^^^^^^^^
TypeError: 'NoneType' object is not subscriptable

2026-06-11 22:43:47,200 - INFO - Total time taken: {'ret': 0, 'msg': 'success', 'data': None}
2026-06-11 22:43:47,200 - INFO - 'NoneType' object is not subscriptable
2026-06-11 22:43:47,201 - INFO - Traceback (most recent call last):
  File "/home/runner/work/qqnews/qqnews/qq.py", line 128, in main
    for i in qq1["data"]["list"]:
             ~~~~~~~~~~~^^^^^^^^
TypeError: 'NoneType' object is not subscriptable

