2024-12-10 00:38:42,548 - INFO - EXPIRED
非法占地28年，牛栏山为何被罚不到10万元
https://new.qq.com/rain/a/20241209A0939100

2024-12-10 00:38:42,548 - INFO - EXPIRED
骗取补助款？网传江苏一村有人往地里种成熟大白菜，早上种晚上收
https://new.qq.com/rain/a/20241209A07N9Z00

2024-12-10 00:38:42,548 - INFO - EXPIRED
特朗普呼吁俄乌立即停火并进行谈判后，克宫：迄今为止没有接触特朗普或其团队
https://new.qq.com/rain/a/20241209A09H1900

2024-12-10 00:38:42,548 - INFO - EXPIRED
男子为生意周转借850万高利贷，被执行2400多万，因无力偿还被判刑
https://new.qq.com/rain/a/20241209A057DT00

2024-12-10 00:38:42,548 - INFO - EXPIRED
海信内部人士回应“大裁员”：系年终调整，比例很小
https://new.qq.com/rain/a/20241209A09RT100

2024-12-10 00:38:42,549 - INFO - EXPIRED
这些“李鬼”电商旗舰店，坑了多少人
https://new.qq.com/rain/a/20241209A06Z5Q00

2024-12-10 00:38:42,549 - INFO - EXPIRED
学着学着成了“关门弟子”：高校本科专业“大洗牌”，1670个被撤销
https://new.qq.com/rain/a/20241209A00XDA00

2024-12-10 00:38:42,549 - INFO - EXPIRED
涉案亿元的二手房骗局：涉及金额近1.4亿，启动资金只有借来的100万
https://new.qq.com/rain/a/20241209A07B9V00

2024-12-10 00:38:42,549 - INFO - EXPIRED
陕西一男子为赢80多万奖金参与“自律挑战”，交2万连战3次均失败
https://new.qq.com/rain/a/20241209A090BB00

2024-12-10 00:38:42,549 - INFO - EXPIRED
海地一贫民窟遭帮派袭击致184人死亡，“帮派头目认为儿子中了巫术”
https://new.qq.com/rain/a/20241209A09HGB00

2024-12-10 00:38:42,549 - INFO - EXPIRED
山西女硕士走失13年被找回：村民说法不一，男方堂哥称曾登过寻人启事
https://new.qq.com/rain/a/20241209A094U900

2024-12-10 00:38:42,549 - INFO - EXPIRED
台积电拿下决定性战役
https://new.qq.com/rain/a/20241209A07Y3O00

2024-12-10 00:38:42,549 - INFO - EXPIRED
网红“刘大美丽”去世，死亡当天曾到整形医院抽脂，当地卫健委回应
https://new.qq.com/rain/a/20241209A082XZ00

2024-12-10 00:38:42,549 - INFO - EXPIRED
最高法指令再审4年后山西省高院仍未开庭，“紫藤巷凶杀案”辩护律师提交开庭申请
https://new.qq.com/rain/a/20241209A09I1B00

2024-12-10 00:38:42,549 - INFO - EXPIRED
河南商丘一学校学生旧冬季校服里，填充的是碎布垃圾？当地教体局回应
https://new.qq.com/rain/a/20241209A097QN00

2024-12-10 00:38:42,549 - INFO - EXPIRED
Model Y劲敌又多一个！小米SUV车型YU7亮相，明年六七月正式上市
https://new.qq.com/rain/a/20241209A095UQ00

2024-12-10 00:38:42,549 - INFO - EXPIRED
重庆一居民楼发生火灾：现场火势凶猛 火舌从楼顶窜出浓烟弥漫
https://new.qq.com/rain/a/20241209V09PTG00

2024-12-10 00:38:42,549 - INFO - EXPIRED
中方是否与阿萨德有联系？外交部回应
https://new.qq.com/rain/a/20241209A090NX00

2024-12-10 00:38:42,549 - INFO - EXPIRED
民政部：责令中华口腔医学会对已注册会员入会资格进行严格复审
https://new.qq.com/rain/a/20241209A09E3K00

2024-12-10 00:38:42,549 - INFO - EXPIRED
空缺两年多后，位于天津的河北工业大学迎来新校长
https://new.qq.com/rain/a/20241209A09GXH00

2024-12-10 00:38:42,549 - INFO - EXPIRED
涉嫌违反反垄断法 英伟达被立案调查
https://new.qq.com/rain/a/20241209A08G8000

2024-12-10 00:38:42,549 - INFO - EXPIRED
孕妇称为阻止丈夫打赏女主播，遭其踢踹腹部致淤伤，当地妇联回应
https://new.qq.com/rain/a/20241209A053FI00

2024-12-10 00:38:42,549 - INFO - EXPIRED
被亲二姨拐卖28年当事人：不恨任何人，养母对我很好，“不生而养十世难还”
https://new.qq.com/rain/a/20241209A07BY000

2024-12-10 00:38:42,549 - INFO - EXPIRED
晚高峰“丝滑进站”，广州地铁安检恢复往日流程
https://new.qq.com/rain/a/20241209A096IW00

2024-12-10 00:38:42,549 - INFO - EXPIRED
张新被免去广东省副省长职务，其省人大代表资格终止
https://new.qq.com/rain/a/20241209A08I5D00

2024-12-10 00:38:42,549 - INFO - EXPIRED
网友卖闲置茶具遭品牌方侵权警告，为何不能转卖？品牌方有理吗？
https://view.inews.qq.com/a/20241209Q03SEJ00

2024-12-10 00:38:42,549 - INFO - EXPIRED
哥伦比亚机场存放两万具遗体？报告方承认未现场核实
https://new.qq.com/rain/a/20241209A08EHL00

2024-12-10 00:38:42,549 - INFO - EXPIRED
博主投诉医院卖变质米饭，反遭起诉“赔偿8960元”？当地市监局回应
https://new.qq.com/rain/a/20241209A05DSW00

2024-12-10 00:38:42,549 - INFO - EXPIRED
搞得跟坐飞机一样？广州地铁回应“安检新规致人员拥堵”：逢包必检
https://new.qq.com/rain/a/20241209A07HW000

2024-12-10 00:38:42,549 - INFO - EXPIRED
巴沙尔·阿萨德是怎样到达莫斯科的
https://new.qq.com/rain/a/20241209A03BO500

2024-12-10 00:38:42,549 - INFO - EXPIRED
外媒称特斯拉明年将推出ModelQ，起步不到3万美元，会成爆款吗？
https://view.inews.qq.com/a/20241209Q061M200

2024-12-10 00:38:42,549 - INFO - EXPIRED
劳资双方尚未达成协议 德国大众集团员工举行新一轮罢工
https://new.qq.com/rain/a/20241209A08BN800

2024-12-10 00:38:42,549 - INFO - EXPIRED
贵州省机场集团有限公司原董事长、总经理申振东一审获刑十二年六个月
https://new.qq.com/rain/a/20241209A087FC00

2024-12-10 00:38:42,549 - INFO - EXPIRED
公安机关已对造谣传播所谓“KTV不雅照片事件”的违法嫌疑人进行处罚
https://new.qq.com/rain/a/20241209A06WOS00

2024-12-10 00:38:42,549 - INFO - EXPIRED
郑州一洗浴中心多人疑似一氧化碳中毒，有客人被送进ICU，官方回应
https://new.qq.com/rain/a/20241209A06TWQ00

2024-12-10 00:38:42,549 - INFO - EXPIRED
中方是否会与叙利亚新政府建立联系？外交部回应
https://new.qq.com/rain/a/20241209A05L0600

2024-12-10 00:38:42,549 - INFO - EXPIRED
“女硕士走失13年被找回时已生两孩”，是否涉嫌拐卖等犯罪？当地回应
https://new.qq.com/rain/a/20241209A04GU600

2024-12-10 00:38:42,549 - INFO - EXPIRED
乘联会：11月新能源乘用车国内零售销量达126.8万辆 同比增长50.5%
https://new.qq.com/rain/a/20241209A05XAX00

2024-12-10 00:38:42,549 - INFO - EXPIRED
女子称遭山西大学一外籍留学生猥亵，校方：系大三学生，已被警方拘留
https://new.qq.com/rain/a/20241209A04ZJY00

2024-12-10 00:38:42,549 - INFO - EXPIRED
俄方称阿萨德已抵达莫斯科，接下来他会干什么？有可能东山再起吗？
https://view.inews.qq.com/a/20241209Q050KO00

2024-12-10 00:38:42,549 - INFO - EXPIRED
广州地铁发布最新安检要求，市民称早高峰站外排长龙，进站花了半小时
https://new.qq.com/rain/a/20241209A040WP00

2024-12-10 00:38:42,549 - INFO - EXPIRED
四部门：进一步做好就业援助工作，确保零就业家庭动态清零
https://new.qq.com/rain/a/20241209A05Y9Y00

2024-12-10 00:38:42,549 - INFO - EXPIRED
多家银行用AI面试进行招聘，AI能识别人才吗？
https://view.inews.qq.com/a/20241209Q04Q1P00

2024-12-10 00:38:42,549 - INFO - EXPIRED
征求对经济工作的意见和建议
中共中央召开党外人士座谈会
习近平主持并发表重要讲话
李强通报有关情况 王沪宁蔡奇丁薛祥出席
https://new.qq.com/rain/a/20241209A05T6100

2024-12-10 00:38:42,549 - INFO - EXPIRED
中共中央政治局召开会议 分析研究2025年经济工作 研究部署党风廉政建设和反腐败工作 中共中央总书记习近平主持会议
https://new.qq.com/rain/a/20241209A05HZJ00

2024-12-10 00:38:42,549 - INFO - EXPIRED
新华社权威快报丨二十届中央纪委四次全会将于2025年1月6日至8日召开
https://new.qq.com/rain/a/20241209A05JUT00

2024-12-10 00:38:42,549 - INFO - EXPIRED
拆华为和中兴的电信设备还缺30亿美元，美通信委员会找国会要钱
https://new.qq.com/rain/a/20241208A06RRU00

2024-12-10 00:38:42,549 - INFO - EXPIRED
因没报备遭警方反制，知名艺术家烟花秀大量无人机坠海？村委会回应
https://new.qq.com/rain/a/20241209A046SL00

2024-12-10 00:38:42,549 - INFO - EXPIRED
美籍华裔数学家丘成桐：面对美国政府的严重歧视，华裔科学家只能离开
https://new.qq.com/rain/a/20241209A01S2P00

2024-12-10 00:38:42,549 - INFO - EXPIRED
第一视角！叙利亚前总统阿萨德弟弟私人地下掩体曝光，疑似有金库被洗劫一空
https://new.qq.com/rain/a/20241209V04ZGY00

2024-12-10 00:38:42,549 - INFO - EXPIRED
斯尔教育回应知名财会老师刘阳辞职：深感遗憾，将调整近期授课安排
https://new.qq.com/rain/a/20241209A049JF00

2024-12-10 00:38:42,549 - INFO - EXPIRED
网传深圳开发商花伴里集团董事长坠楼，公司回应：病逝
https://new.qq.com/rain/a/20241209A050AU00

2024-12-10 00:38:42,549 - INFO - EXPIRED
母女列车霸座并持剪刀威胁乘警 12306：刀刃长度不超过60毫米可携带
https://new.qq.com/rain/a/20241209A049QY00

2024-12-10 00:38:42,550 - INFO - EXPIRED
这边招人、那边离职，社区工作成为部分年轻人考公考编跳板
https://new.qq.com/rain/a/20241209A0136N00

2024-12-10 00:38:42,550 - INFO - EXPIRED
叙反对派释放所有监狱囚犯，囚犯大街上狂奔：被关十年了，发生了什么
https://new.qq.com/rain/a/20241209V043F600

2024-12-10 00:38:42,550 - INFO - EXPIRED
银行密集启动“开门红”，名字还换了？
https://new.qq.com/rain/a/20241209A04UTG00

2024-12-10 00:38:42,550 - INFO - EXPIRED
央视点名“中华口腔医学会”：给钱就能当会员，目前缴费通道已关闭
https://new.qq.com/rain/a/20241209A04F9X00

2024-12-10 00:38:42,550 - INFO - EXPIRED
美股转A股后，360前高管称股份“消失”！3人涉及5000万权益
https://new.qq.com/rain/a/20241209A04XT400

2024-12-10 00:38:42,550 - INFO - EXPIRED
广州电动车新规“限速15公里”，外卖骑手来不及送餐？起草者回应
https://new.qq.com/rain/a/20241209A031NT00

2024-12-10 00:38:42,550 - INFO - EXPIRED
花70万找中介上港大，孩子刚读1年就被清退，家长：本来能上211的
https://new.qq.com/rain/a/20241209A02LS600

2024-12-10 00:38:42,550 - INFO - EXPIRED
余承东：华为Mate 70系列芯片实现100%国产
https://new.qq.com/rain/a/20241209A04GR900

2024-12-10 00:38:42,550 - INFO - EXPIRED
韩国总统尹锡悦弹劾案未在国会获得通过，尹锡悦还有机会自救吗？
https://view.inews.qq.com/a/20241207Q07IDE00

2024-12-10 00:38:42,550 - INFO - EXPIRED
抖音副总裁李亮：吴柳芳能火与算法无关，处理是按照规则进行
https://new.qq.com/rain/a/20241209A03S8D00

2024-12-10 00:38:42,550 - INFO - EXPIRED
浙江省委常委王成国撰文：纠正一些基层部门“跟风值班”“攀比加班”“没苦硬吃”的不良倾向
https://new.qq.com/rain/a/20241209A02T4000

2024-12-10 00:38:42,550 - INFO - EXPIRED
中山翠亨新区党工委书记张会洋跨市调任珠海市香洲区代区长
https://new.qq.com/rain/a/20241209A02X5T00

2024-12-10 00:38:42,550 - INFO - EXPIRED
私家车挡住救护车去路，老人看病延误后离世？警方：车主被行政拘留
https://new.qq.com/rain/a/20241209A034V400

2024-12-10 00:38:42,550 - INFO - EXPIRED
外媒：白宫正考虑赦免更多罪犯 包括被判犯有毒品类罪行人士
https://new.qq.com/rain/a/20241209A03AL200

2024-12-10 00:38:42,550 - INFO - EXPIRED
深圳楼市隐秘的角落：无孔不入的“影子中介”，与其背后的高返佣骗局
https://new.qq.com/rain/a/20241209A03BE000

2024-12-10 00:38:42,550 - INFO - EXPIRED
家暴相关电话录音、短信、视听资料……家庭暴力证据标准明确
https://new.qq.com/rain/a/20241209A02VEU00

2024-12-10 00:38:42,550 - INFO - EXPIRED
前保险业务员买了多份保险，女儿生病被拒赔，保险公司：属先天性畸形
https://new.qq.com/rain/a/20241209A01RSU00

2024-12-10 00:38:42,550 - INFO - EXPIRED
特朗普：计划在上任首日采取行动，赦免“国会山骚乱”被告
https://new.qq.com/rain/a/20241209A03DKZ00

2024-12-10 00:38:42,550 - INFO - EXPIRED
母女俩列车上霸座，拿剪子威胁自杀还用手机砸乘警，扬言“为我收尸”
https://new.qq.com/rain/a/20241208A06WQV00

2024-12-10 00:38:42,550 - INFO - EXPIRED
上海警方：“和合系”公司实控人林某被押解回国
https://new.qq.com/rain/a/20241209A03OA500

2024-12-10 00:38:42,550 - INFO - EXPIRED
《年会不能停！》里打工人受的气，他让新剧女主开麦“怼”回去了
https://new.qq.com/rain/a/20241209A00PTJ00

2024-12-10 00:38:42,550 - INFO - EXPIRED
特朗普：俄乌双方应尽快停火并展开和谈，中国可以提供帮助
https://new.qq.com/rain/a/20241209A01KZ400

2024-12-10 00:38:42,550 - INFO - EXPIRED
现场曝光：叙利亚总统府遭洗劫 男女老少齐上阵砸画像搬沙发
https://new.qq.com/rain/a/20241209V0146I00

2024-12-10 00:38:42,550 - INFO - EXPIRED
蔡国强烟花秀大量无人机坠海，网友直呼遗憾，本人回应
https://new.qq.com/rain/a/20241208A06S6Q00

2024-12-10 00:38:42,550 - INFO - EXPIRED
多省份调整预算：透露化债细节，“6万亿”影响几何
https://new.qq.com/rain/a/20241208A06TZ800

2024-12-10 00:38:42,550 - INFO - EXPIRED
两次坠落
https://new.qq.com/rain/a/20241209A02B1A00

2024-12-10 00:38:42,550 - INFO - EXPIRED
全国长护险文件将出台 单独建筹资池 退休人员同步缴费
https://new.qq.com/rain/a/20241209A013SN00

2024-12-10 00:38:42,550 - INFO - EXPIRED
口腔医疗乱象：8家诊所给出4种看牙方案，中华口腔医学会给钱就当会员
https://new.qq.com/rain/a/20241208A06DJH00

2024-12-10 00:38:42,550 - INFO - EXPIRED
广州地铁：携带物品均需“过机”，有提示报警的会人工开包复检
https://new.qq.com/rain/a/20241209A01QZR00

2024-12-10 00:38:42,550 - INFO - EXPIRED
中国人民大学教授王晋斌：提振资产价格，既能促投资也能促消费
https://new.qq.com/rain/a/20241209V019M400

2024-12-10 00:38:42,550 - INFO - EXPIRED
特朗普钟情“关税大棒”，深扒供应链冲击几何
https://new.qq.com/rain/a/20241209A003Y100

2024-12-10 00:38:42,550 - INFO - EXPIRED
超30家企业签订史上最严自律公约，光伏“欧佩克”能否拯救行业凛冬
https://new.qq.com/rain/a/20241209A017VC00

2024-12-10 00:38:42,550 - INFO - EXPIRED
自查自纠还是强制罚款？山西临汾医保局上门催缴“违规金”引发质疑
https://new.qq.com/rain/a/20241208A045M900

2024-12-10 00:38:42,550 - INFO - EXPIRED
汤加首相胡阿卡瓦梅利库宣布辞职
https://new.qq.com/rain/a/20241209A01I4600

2024-12-10 00:38:42,550 - INFO - EXPIRED
母女俩列车霸座还持刀威胁，12306回应
https://new.qq.com/rain/a/20241208A05QCZ00

2024-12-10 00:38:42,550 - INFO - EXPIRED
石家庄一学校学生穿完演出服后集体退货？商家：吊牌摘了，裤腿也脏了
https://new.qq.com/rain/a/20241208A05BN400

2024-12-10 00:38:42,550 - INFO - EXPIRED
Meta推出内部AI工具，进军企业市场
https://new.qq.com/rain/a/20241209A016D700

2024-12-10 00:38:42,550 - INFO - EXPIRED
特朗普：将加征关税 不确定美家庭是否会付出更多代价
https://new.qq.com/rain/a/20241208A06WR800

2024-12-10 00:38:42,550 - INFO - EXPIRED
哈马斯代表团：已与埃及讨论在加沙地带实现停火等事项
https://new.qq.com/rain/a/20241209A00YL000

2024-12-10 00:38:42,550 - INFO - EXPIRED
亏了45亿，石油大亨要坐牢到99岁
https://new.qq.com/rain/a/20241208A04OBD00

2024-12-10 00:38:42,550 - INFO - EXPIRED
国内“80后”地级市市长，有望增至5位
https://new.qq.com/rain/a/20241208A06NAX00

2024-12-10 00:38:42,550 - INFO - EXPIRED
实拍大批叙利亚人进入阿萨德住宅：妇女儿童闲逛 室内一片混乱
https://new.qq.com/rain/a/20241208V06T6T00

2024-12-10 00:38:43,762 - INFO - INVALID
民进党当局紧盯解放军在台海动向，专家：不断混淆国际视听，渲染台海紧张局势
https://new.qq.com/rain/a/20241210A010YJ00

2024-12-10 00:38:43,765 - INFO - INVALID
美股收盘：三大股指齐跌 中概股彻夜狂欢 金龙指数大涨8.5%
https://new.qq.com/rain/a/20241210A00Z5Q00

2024-12-10 00:38:43,769 - INFO - INVALID
泽连斯基：在特朗普入驻白宫前讨论入约不现实，将尽快同拜登通话
https://new.qq.com/rain/a/20241210A016QL00

2024-12-10 00:38:43,775 - INFO - INVALID
麦当劳用餐被员工认出 涉保险巨头CEO纽约被杀案男子在宾州被捕
https://new.qq.com/rain/a/20241210A00U1T00

2024-12-10 00:38:43,835 - INFO - INVALID
中国对英伟达展开反垄断调查，股价下跌近3%
https://new.qq.com/rain/a/20241210A0100300

2024-12-10 02:22:44,484 - INFO - EXPIRED
17岁男孩被骗到缅甸，遭转卖4次精神异常，爸妈贷款借钱20万赎回儿子
https://new.qq.com/rain/a/20241209A08XQK00

2024-12-10 02:22:44,484 - INFO - EXPIRED
最高法原刑庭庭长：法官与律师发生冲突，主要责任还在法官
https://new.qq.com/rain/a/20241208A04LR200

2024-12-10 02:22:44,484 - INFO - EXPIRED
G僧东：方言塑造了城市的性格，我想成为上海的伍迪·艾伦
https://new.qq.com/rain/a/20241209V081ST00

2024-12-10 02:22:44,484 - INFO - EXPIRED
女硕士失踪十多年后已生育一对儿女，男方是否涉嫌强奸？律师分析
https://new.qq.com/rain/a/20241209A0868600

2024-12-10 02:22:44,484 - INFO - EXPIRED
男子驾车被萝卜快跑剐蹭，“私了”收了500元，去修车发现需要2600元
https://new.qq.com/rain/a/20241209A0887U00

2024-12-10 02:22:44,485 - INFO - EXPIRED
骗取补助款？网传江苏一村有人往地里种成熟大白菜，早上种晚上收
https://new.qq.com/rain/a/20241209A07N9Z00

2024-12-10 02:22:44,485 - INFO - EXPIRED
退休老人花百万买十多份保险，保单写年薪30万？家属质疑被业务员诱导
https://new.qq.com/rain/a/20241209A08NLT00

2024-12-10 02:22:44,485 - INFO - EXPIRED
特朗普呼吁俄乌立即停火并进行谈判后，克宫：迄今为止没有接触特朗普或其团队
https://new.qq.com/rain/a/20241209A09H1900

2024-12-10 02:22:44,485 - INFO - EXPIRED
男子为生意周转借850万高利贷，被执行2400多万，因无力偿还被判刑
https://new.qq.com/rain/a/20241209A057DT00

2024-12-10 02:22:44,485 - INFO - EXPIRED
这些“李鬼”电商旗舰店，坑了多少人
https://new.qq.com/rain/a/20241209A06Z5Q00

2024-12-10 02:22:44,485 - INFO - EXPIRED
学着学着成了“关门弟子”：高校本科专业“大洗牌”，1670个被撤销
https://new.qq.com/rain/a/20241209A00XDA00

2024-12-10 02:22:44,485 - INFO - EXPIRED
涉案亿元的二手房骗局：涉及金额近1.4亿，启动资金只有借来的100万
https://new.qq.com/rain/a/20241209A07B9V00

2024-12-10 02:22:44,485 - INFO - EXPIRED
陕西一男子为赢80多万奖金参与“自律挑战”，交2万连战3次均失败
https://new.qq.com/rain/a/20241209A090BB00

2024-12-10 02:22:44,485 - INFO - EXPIRED
海地一贫民窟遭帮派袭击致184人死亡，“帮派头目认为儿子中了巫术”
https://new.qq.com/rain/a/20241209A09HGB00

2024-12-10 02:22:44,485 - INFO - EXPIRED
山西女硕士走失13年被找回：村民说法不一，男方堂哥称曾登过寻人启事
https://new.qq.com/rain/a/20241209A094U900

2024-12-10 02:22:44,485 - INFO - EXPIRED
台积电拿下决定性战役
https://new.qq.com/rain/a/20241209A07Y3O00

2024-12-10 02:22:44,485 - INFO - EXPIRED
网红“刘大美丽”去世，死亡当天曾到整形医院抽脂，当地卫健委回应
https://new.qq.com/rain/a/20241209A082XZ00

2024-12-10 02:22:44,485 - INFO - EXPIRED
非法占地28年，牛栏山为何被罚不到10万元
https://new.qq.com/rain/a/20241209A0939100

2024-12-10 02:22:44,485 - INFO - EXPIRED
最高法指令再审4年后山西省高院仍未开庭，“紫藤巷凶杀案”辩护律师提交开庭申请
https://new.qq.com/rain/a/20241209A09I1B00

2024-12-10 02:22:44,485 - INFO - EXPIRED
河南商丘一学校学生旧冬季校服里，填充的是碎布垃圾？当地教体局回应
https://new.qq.com/rain/a/20241209A097QN00

2024-12-10 02:22:44,485 - INFO - EXPIRED
Model Y劲敌又多一个！小米SUV车型YU7亮相，明年六七月正式上市
https://new.qq.com/rain/a/20241209A095UQ00

2024-12-10 02:22:44,485 - INFO - EXPIRED
重庆一居民楼发生火灾：现场火势凶猛 火舌从楼顶窜出浓烟弥漫
https://new.qq.com/rain/a/20241209V09PTG00

2024-12-10 02:22:44,485 - INFO - EXPIRED
中方是否与阿萨德有联系？外交部回应
https://new.qq.com/rain/a/20241209A090NX00

2024-12-10 02:22:44,485 - INFO - EXPIRED
民政部：责令中华口腔医学会对已注册会员入会资格进行严格复审
https://new.qq.com/rain/a/20241209A09E3K00

2024-12-10 02:22:44,485 - INFO - EXPIRED
空缺两年多后，位于天津的河北工业大学迎来新校长
https://new.qq.com/rain/a/20241209A09GXH00

2024-12-10 02:22:44,485 - INFO - EXPIRED
涉嫌违反反垄断法 英伟达被立案调查
https://new.qq.com/rain/a/20241209A08G8000

2024-12-10 02:22:44,485 - INFO - EXPIRED
孕妇称为阻止丈夫打赏女主播，遭其踢踹腹部致淤伤，当地妇联回应
https://new.qq.com/rain/a/20241209A053FI00

2024-12-10 02:22:44,485 - INFO - EXPIRED
被亲二姨拐卖28年当事人：不恨任何人，养母对我很好，“不生而养十世难还”
https://new.qq.com/rain/a/20241209A07BY000

2024-12-10 02:22:44,485 - INFO - EXPIRED
晚高峰“丝滑进站”，广州地铁安检恢复往日流程
https://new.qq.com/rain/a/20241209A096IW00

2024-12-10 02:22:44,485 - INFO - EXPIRED
张新被免去广东省副省长职务，其省人大代表资格终止
https://new.qq.com/rain/a/20241209A08I5D00

2024-12-10 02:22:44,485 - INFO - EXPIRED
网友卖闲置茶具遭品牌方侵权警告，为何不能转卖？品牌方有理吗？
https://view.inews.qq.com/a/20241209Q03SEJ00

2024-12-10 02:22:44,485 - INFO - EXPIRED
哥伦比亚机场存放两万具遗体？报告方承认未现场核实
https://new.qq.com/rain/a/20241209A08EHL00

2024-12-10 02:22:44,485 - INFO - EXPIRED
博主投诉医院卖变质米饭，反遭起诉“赔偿8960元”？当地市监局回应
https://new.qq.com/rain/a/20241209A05DSW00

2024-12-10 02:22:44,485 - INFO - EXPIRED
搞得跟坐飞机一样？广州地铁回应“安检新规致人员拥堵”：逢包必检
https://new.qq.com/rain/a/20241209A07HW000

2024-12-10 02:22:44,485 - INFO - EXPIRED
巴沙尔·阿萨德是怎样到达莫斯科的
https://new.qq.com/rain/a/20241209A03BO500

2024-12-10 02:22:44,485 - INFO - EXPIRED
外媒称特斯拉明年将推出ModelQ，起步不到3万美元，会成爆款吗？
https://view.inews.qq.com/a/20241209Q061M200

2024-12-10 02:22:44,485 - INFO - EXPIRED
劳资双方尚未达成协议 德国大众集团员工举行新一轮罢工
https://new.qq.com/rain/a/20241209A08BN800

2024-12-10 02:22:44,485 - INFO - EXPIRED
贵州省机场集团有限公司原董事长、总经理申振东一审获刑十二年六个月
https://new.qq.com/rain/a/20241209A087FC00

2024-12-10 02:22:44,485 - INFO - EXPIRED
公安机关已对造谣传播所谓“KTV不雅照片事件”的违法嫌疑人进行处罚
https://new.qq.com/rain/a/20241209A06WOS00

2024-12-10 02:22:44,485 - INFO - EXPIRED
郑州一洗浴中心多人疑似一氧化碳中毒，有客人被送进ICU，官方回应
https://new.qq.com/rain/a/20241209A06TWQ00

2024-12-10 02:22:44,485 - INFO - EXPIRED
中方是否会与叙利亚新政府建立联系？外交部回应
https://new.qq.com/rain/a/20241209A05L0600

2024-12-10 02:22:44,485 - INFO - EXPIRED
“女硕士走失13年被找回时已生两孩”，是否涉嫌拐卖等犯罪？当地回应
https://new.qq.com/rain/a/20241209A04GU600

2024-12-10 02:22:44,485 - INFO - EXPIRED
乘联会：11月新能源乘用车国内零售销量达126.8万辆 同比增长50.5%
https://new.qq.com/rain/a/20241209A05XAX00

2024-12-10 02:22:44,485 - INFO - EXPIRED
女子称遭山西大学一外籍留学生猥亵，校方：系大三学生，已被警方拘留
https://new.qq.com/rain/a/20241209A04ZJY00

2024-12-10 02:22:44,485 - INFO - EXPIRED
俄方称阿萨德已抵达莫斯科，接下来他会干什么？有可能东山再起吗？
https://view.inews.qq.com/a/20241209Q050KO00

2024-12-10 02:22:44,485 - INFO - EXPIRED
广州地铁发布最新安检要求，市民称早高峰站外排长龙，进站花了半小时
https://new.qq.com/rain/a/20241209A040WP00

2024-12-10 02:22:44,485 - INFO - EXPIRED
四部门：进一步做好就业援助工作，确保零就业家庭动态清零
https://new.qq.com/rain/a/20241209A05Y9Y00

2024-12-10 02:22:44,485 - INFO - EXPIRED
多家银行用AI面试进行招聘，AI能识别人才吗？
https://view.inews.qq.com/a/20241209Q04Q1P00

2024-12-10 02:22:44,485 - INFO - EXPIRED
征求对经济工作的意见和建议
中共中央召开党外人士座谈会
习近平主持并发表重要讲话
李强通报有关情况 王沪宁蔡奇丁薛祥出席
https://new.qq.com/rain/a/20241209A05T6100

2024-12-10 02:22:44,485 - INFO - EXPIRED
中共中央政治局召开会议 分析研究2025年经济工作 研究部署党风廉政建设和反腐败工作 中共中央总书记习近平主持会议
https://new.qq.com/rain/a/20241209A05HZJ00

2024-12-10 02:22:44,485 - INFO - EXPIRED
新华社权威快报丨二十届中央纪委四次全会将于2025年1月6日至8日召开
https://new.qq.com/rain/a/20241209A05JUT00

2024-12-10 02:22:44,485 - INFO - EXPIRED
拆华为和中兴的电信设备还缺30亿美元，美通信委员会找国会要钱
https://new.qq.com/rain/a/20241208A06RRU00

2024-12-10 02:22:44,485 - INFO - EXPIRED
因没报备遭警方反制，知名艺术家烟花秀大量无人机坠海？村委会回应
https://new.qq.com/rain/a/20241209A046SL00

2024-12-10 02:22:44,486 - INFO - EXPIRED
美籍华裔数学家丘成桐：面对美国政府的严重歧视，华裔科学家只能离开
https://new.qq.com/rain/a/20241209A01S2P00

2024-12-10 02:22:44,486 - INFO - EXPIRED
第一视角！叙利亚前总统阿萨德弟弟私人地下掩体曝光，疑似有金库被洗劫一空
https://new.qq.com/rain/a/20241209V04ZGY00

2024-12-10 02:22:44,486 - INFO - EXPIRED
斯尔教育回应知名财会老师刘阳辞职：深感遗憾，将调整近期授课安排
https://new.qq.com/rain/a/20241209A049JF00

2024-12-10 02:22:44,486 - INFO - EXPIRED
网传深圳开发商花伴里集团董事长坠楼，公司回应：病逝
https://new.qq.com/rain/a/20241209A050AU00

2024-12-10 02:22:44,486 - INFO - EXPIRED
母女列车霸座并持剪刀威胁乘警 12306：刀刃长度不超过60毫米可携带
https://new.qq.com/rain/a/20241209A049QY00

2024-12-10 02:22:44,486 - INFO - EXPIRED
这边招人、那边离职，社区工作成为部分年轻人考公考编跳板
https://new.qq.com/rain/a/20241209A0136N00

2024-12-10 02:22:44,486 - INFO - EXPIRED
叙反对派释放所有监狱囚犯，囚犯大街上狂奔：被关十年了，发生了什么
https://new.qq.com/rain/a/20241209V043F600

2024-12-10 02:22:44,486 - INFO - EXPIRED
银行密集启动“开门红”，名字还换了？
https://new.qq.com/rain/a/20241209A04UTG00

2024-12-10 02:22:44,486 - INFO - EXPIRED
央视点名“中华口腔医学会”：给钱就能当会员，目前缴费通道已关闭
https://new.qq.com/rain/a/20241209A04F9X00

2024-12-10 02:22:44,486 - INFO - EXPIRED
美股转A股后，360前高管称股份“消失”！3人涉及5000万权益
https://new.qq.com/rain/a/20241209A04XT400

2024-12-10 02:22:44,486 - INFO - EXPIRED
广州电动车新规“限速15公里”，外卖骑手来不及送餐？起草者回应
https://new.qq.com/rain/a/20241209A031NT00

2024-12-10 02:22:44,486 - INFO - EXPIRED
花70万找中介上港大，孩子刚读1年就被清退，家长：本来能上211的
https://new.qq.com/rain/a/20241209A02LS600

2024-12-10 02:22:44,486 - INFO - EXPIRED
余承东：华为Mate 70系列芯片实现100%国产
https://new.qq.com/rain/a/20241209A04GR900

2024-12-10 02:22:44,486 - INFO - EXPIRED
韩国总统尹锡悦弹劾案未在国会获得通过，尹锡悦还有机会自救吗？
https://view.inews.qq.com/a/20241207Q07IDE00

2024-12-10 02:22:44,486 - INFO - EXPIRED
抖音副总裁李亮：吴柳芳能火与算法无关，处理是按照规则进行
https://new.qq.com/rain/a/20241209A03S8D00

2024-12-10 02:22:44,486 - INFO - EXPIRED
浙江省委常委王成国撰文：纠正一些基层部门“跟风值班”“攀比加班”“没苦硬吃”的不良倾向
https://new.qq.com/rain/a/20241209A02T4000

2024-12-10 02:22:44,486 - INFO - EXPIRED
中山翠亨新区党工委书记张会洋跨市调任珠海市香洲区代区长
https://new.qq.com/rain/a/20241209A02X5T00

2024-12-10 02:22:44,486 - INFO - EXPIRED
私家车挡住救护车去路，老人看病延误后离世？警方：车主被行政拘留
https://new.qq.com/rain/a/20241209A034V400

2024-12-10 02:22:44,486 - INFO - EXPIRED
外媒：白宫正考虑赦免更多罪犯 包括被判犯有毒品类罪行人士
https://new.qq.com/rain/a/20241209A03AL200

2024-12-10 02:22:44,486 - INFO - EXPIRED
深圳楼市隐秘的角落：无孔不入的“影子中介”，与其背后的高返佣骗局
https://new.qq.com/rain/a/20241209A03BE000

2024-12-10 02:22:44,486 - INFO - EXPIRED
家暴相关电话录音、短信、视听资料……家庭暴力证据标准明确
https://new.qq.com/rain/a/20241209A02VEU00

2024-12-10 02:22:44,486 - INFO - EXPIRED
前保险业务员买了多份保险，女儿生病被拒赔，保险公司：属先天性畸形
https://new.qq.com/rain/a/20241209A01RSU00

2024-12-10 02:22:44,486 - INFO - EXPIRED
特朗普：计划在上任首日采取行动，赦免“国会山骚乱”被告
https://new.qq.com/rain/a/20241209A03DKZ00

2024-12-10 02:22:44,486 - INFO - EXPIRED
母女俩列车上霸座，拿剪子威胁自杀还用手机砸乘警，扬言“为我收尸”
https://new.qq.com/rain/a/20241208A06WQV00

2024-12-10 02:22:44,486 - INFO - EXPIRED
上海警方：“和合系”公司实控人林某被押解回国
https://new.qq.com/rain/a/20241209A03OA500

2024-12-10 02:22:44,486 - INFO - EXPIRED
《年会不能停！》里打工人受的气，他让新剧女主开麦“怼”回去了
https://new.qq.com/rain/a/20241209A00PTJ00

2024-12-10 02:22:44,486 - INFO - EXPIRED
特朗普：俄乌双方应尽快停火并展开和谈，中国可以提供帮助
https://new.qq.com/rain/a/20241209A01KZ400

2024-12-10 02:22:44,486 - INFO - EXPIRED
现场曝光：叙利亚总统府遭洗劫 男女老少齐上阵砸画像搬沙发
https://new.qq.com/rain/a/20241209V0146I00

2024-12-10 02:22:44,486 - INFO - EXPIRED
蔡国强烟花秀大量无人机坠海，网友直呼遗憾，本人回应
https://new.qq.com/rain/a/20241208A06S6Q00

2024-12-10 02:22:44,486 - INFO - EXPIRED
多省份调整预算：透露化债细节，“6万亿”影响几何
https://new.qq.com/rain/a/20241208A06TZ800

2024-12-10 02:22:44,486 - INFO - EXPIRED
两次坠落
https://new.qq.com/rain/a/20241209A02B1A00

2024-12-10 02:22:44,486 - INFO - EXPIRED
全国长护险文件将出台 单独建筹资池 退休人员同步缴费
https://new.qq.com/rain/a/20241209A013SN00

2024-12-10 02:22:44,486 - INFO - EXPIRED
口腔医疗乱象：8家诊所给出4种看牙方案，中华口腔医学会给钱就当会员
https://new.qq.com/rain/a/20241208A06DJH00

2024-12-10 02:22:44,486 - INFO - EXPIRED
广州地铁：携带物品均需“过机”，有提示报警的会人工开包复检
https://new.qq.com/rain/a/20241209A01QZR00

2024-12-10 02:22:44,486 - INFO - EXPIRED
中国人民大学教授王晋斌：提振资产价格，既能促投资也能促消费
https://new.qq.com/rain/a/20241209V019M400

2024-12-10 02:22:44,486 - INFO - EXPIRED
特朗普钟情“关税大棒”，深扒供应链冲击几何
https://new.qq.com/rain/a/20241209A003Y100

2024-12-10 02:22:44,486 - INFO - EXPIRED
超30家企业签订史上最严自律公约，光伏“欧佩克”能否拯救行业凛冬
https://new.qq.com/rain/a/20241209A017VC00

2024-12-10 02:22:45,603 - INFO - INVALID
茅台镇产能换血：大酒企扩产，小酒企停止“下沙”，但地皮还是值钱的
https://new.qq.com/rain/a/20241210A01TR400

2024-12-10 02:22:45,608 - INFO - INVALID
特朗普提名小肯尼迪为美国卫生部部长，77位诺贝尔奖得主联名抵制
https://new.qq.com/rain/a/20241210A0207700

2024-12-10 02:22:45,614 - INFO - INVALID
美国众议院将投票表决：禁止大疆和道通两家中企在美国销售新无人机
https://new.qq.com/rain/a/20241210A01HTY00

2024-12-10 02:22:45,691 - INFO - INVALID
中央决定：关志鸥任自然资源部党组书记
https://new.qq.com/rain/a/20241210A0202P00

2024-12-10 02:22:45,695 - INFO - INVALID
英伟达回应反垄断调查：凭实力取胜，乐意回答监管对业务的任何问题
https://new.qq.com/rain/a/20241210A0274O00

2024-12-10 02:22:46,048 - INFO - INVALID
美股显著回调，英伟达遭反垄断调查股价大跌，中概股重获投资者青睐
https://new.qq.com/rain/a/20241210A01LBY00

2024-12-10 02:22:46,095 - INFO - INVALID
美国联合健康保险CEO遇害案：一26岁男子被捕，身带3D打印枪支和显示“心态动机”的字条
https://new.qq.com/rain/a/20241210A01KKI00

2024-12-10 02:22:46,125 - INFO - INVALID
民进党当局紧盯解放军在台海动向，专家：不断混淆国际视听，渲染台海紧张局势
https://new.qq.com/rain/a/20241210A010YJ00

2024-12-10 02:22:46,134 - INFO - INVALID
泽连斯基：在特朗普入驻白宫前讨论入约不现实，将尽快同拜登通话
https://new.qq.com/rain/a/20241210A016QL00

2024-12-10 02:22:46,142 - INFO - INVALID
海信回应裁员传闻：均为不实猜测
https://new.qq.com/rain/a/20241210A01EKS00

2024-12-10 03:28:52,177 - INFO - EXPIRED
17岁男孩被骗到缅甸，遭转卖4次精神异常，爸妈贷款借钱20万赎回儿子
https://new.qq.com/rain/a/20241209A08XQK00

2024-12-10 03:28:52,177 - INFO - EXPIRED
最高法原刑庭庭长：法官与律师发生冲突，主要责任还在法官
https://new.qq.com/rain/a/20241208A04LR200

2024-12-10 03:28:52,177 - INFO - EXPIRED
男子驾车被萝卜快跑剐蹭，“私了”收了500元，去修车发现需要2600元
https://new.qq.com/rain/a/20241209A0887U00

2024-12-10 03:28:52,177 - INFO - EXPIRED
骗取补助款？网传江苏一村有人往地里种成熟大白菜，早上种晚上收
https://new.qq.com/rain/a/20241209A07N9Z00

2024-12-10 03:28:52,177 - INFO - EXPIRED
女硕士失踪十多年后已生育一对儿女，男方是否涉嫌强奸？律师分析
https://new.qq.com/rain/a/20241209A0868600

2024-12-10 03:28:52,177 - INFO - EXPIRED
G僧东：方言塑造了城市的性格，我想成为上海的伍迪·艾伦
https://new.qq.com/rain/a/20241209V081ST00

2024-12-10 03:28:52,177 - INFO - EXPIRED
退休老人花百万买十多份保险，保单写年薪30万？家属质疑被业务员诱导
https://new.qq.com/rain/a/20241209A08NLT00

2024-12-10 03:28:52,177 - INFO - EXPIRED
特朗普呼吁俄乌立即停火并进行谈判后，克宫：迄今为止没有接触特朗普或其团队
https://new.qq.com/rain/a/20241209A09H1900

2024-12-10 03:28:52,177 - INFO - EXPIRED
男子为生意周转借850万高利贷，被执行2400多万，因无力偿还被判刑
https://new.qq.com/rain/a/20241209A057DT00

2024-12-10 03:28:52,177 - INFO - EXPIRED
这些“李鬼”电商旗舰店，坑了多少人
https://new.qq.com/rain/a/20241209A06Z5Q00

2024-12-10 03:28:52,177 - INFO - EXPIRED
学着学着成了“关门弟子”：高校本科专业“大洗牌”，1670个被撤销
https://new.qq.com/rain/a/20241209A00XDA00

2024-12-10 03:28:52,177 - INFO - EXPIRED
涉案亿元的二手房骗局：涉及金额近1.4亿，启动资金只有借来的100万
https://new.qq.com/rain/a/20241209A07B9V00

2024-12-10 03:28:52,177 - INFO - EXPIRED
陕西一男子为赢80多万奖金参与“自律挑战”，交2万连战3次均失败
https://new.qq.com/rain/a/20241209A090BB00

2024-12-10 03:28:52,177 - INFO - EXPIRED
海地一贫民窟遭帮派袭击致184人死亡，“帮派头目认为儿子中了巫术”
https://new.qq.com/rain/a/20241209A09HGB00

2024-12-10 03:28:52,177 - INFO - EXPIRED
台积电拿下决定性战役
https://new.qq.com/rain/a/20241209A07Y3O00

2024-12-10 03:28:52,177 - INFO - EXPIRED
网红“刘大美丽”去世，死亡当天曾到整形医院抽脂，当地卫健委回应
https://new.qq.com/rain/a/20241209A082XZ00

2024-12-10 03:28:52,177 - INFO - EXPIRED
非法占地28年，牛栏山为何被罚不到10万元
https://new.qq.com/rain/a/20241209A0939100

2024-12-10 03:28:52,177 - INFO - EXPIRED
最高法指令再审4年后山西省高院仍未开庭，“紫藤巷凶杀案”辩护律师提交开庭申请
https://new.qq.com/rain/a/20241209A09I1B00

2024-12-10 03:28:52,177 - INFO - EXPIRED
山西女硕士走失13年被找回：村民说法不一，男方堂哥称曾登过寻人启事
https://new.qq.com/rain/a/20241209A094U900

2024-12-10 03:28:52,177 - INFO - EXPIRED
河南商丘一学校学生旧冬季校服里，填充的是碎布垃圾？当地教体局回应
https://new.qq.com/rain/a/20241209A097QN00

2024-12-10 03:28:52,177 - INFO - EXPIRED
Model Y劲敌又多一个！小米SUV车型YU7亮相，明年六七月正式上市
https://new.qq.com/rain/a/20241209A095UQ00

2024-12-10 03:28:52,177 - INFO - EXPIRED
重庆一居民楼发生火灾：现场火势凶猛 火舌从楼顶窜出浓烟弥漫
https://new.qq.com/rain/a/20241209V09PTG00

2024-12-10 03:28:52,177 - INFO - EXPIRED
中方是否与阿萨德有联系？外交部回应
https://new.qq.com/rain/a/20241209A090NX00

2024-12-10 03:28:52,177 - INFO - EXPIRED
民政部：责令中华口腔医学会对已注册会员入会资格进行严格复审
https://new.qq.com/rain/a/20241209A09E3K00

2024-12-10 03:28:52,177 - INFO - EXPIRED
空缺两年多后，位于天津的河北工业大学迎来新校长
https://new.qq.com/rain/a/20241209A09GXH00

2024-12-10 03:28:52,177 - INFO - EXPIRED
涉嫌违反反垄断法 英伟达被立案调查
https://new.qq.com/rain/a/20241209A08G8000

2024-12-10 03:28:52,177 - INFO - EXPIRED
孕妇称为阻止丈夫打赏女主播，遭其踢踹腹部致淤伤，当地妇联回应
https://new.qq.com/rain/a/20241209A053FI00

2024-12-10 03:28:52,177 - INFO - EXPIRED
被亲二姨拐卖28年当事人：不恨任何人，养母对我很好，“不生而养十世难还”
https://new.qq.com/rain/a/20241209A07BY000

2024-12-10 03:28:52,177 - INFO - EXPIRED
晚高峰“丝滑进站”，广州地铁安检恢复往日流程
https://new.qq.com/rain/a/20241209A096IW00

2024-12-10 03:28:52,177 - INFO - EXPIRED
张新被免去广东省副省长职务，其省人大代表资格终止
https://new.qq.com/rain/a/20241209A08I5D00

2024-12-10 03:28:52,177 - INFO - EXPIRED
网友卖闲置茶具遭品牌方侵权警告，为何不能转卖？品牌方有理吗？
https://view.inews.qq.com/a/20241209Q03SEJ00

2024-12-10 03:28:52,177 - INFO - EXPIRED
哥伦比亚机场存放两万具遗体？报告方承认未现场核实
https://new.qq.com/rain/a/20241209A08EHL00

2024-12-10 03:28:52,177 - INFO - EXPIRED
博主投诉医院卖变质米饭，反遭起诉“赔偿8960元”？当地市监局回应
https://new.qq.com/rain/a/20241209A05DSW00

2024-12-10 03:28:52,177 - INFO - EXPIRED
搞得跟坐飞机一样？广州地铁回应“安检新规致人员拥堵”：逢包必检
https://new.qq.com/rain/a/20241209A07HW000

2024-12-10 03:28:52,177 - INFO - EXPIRED
巴沙尔·阿萨德是怎样到达莫斯科的
https://new.qq.com/rain/a/20241209A03BO500

2024-12-10 03:28:52,177 - INFO - EXPIRED
外媒称特斯拉明年将推出ModelQ，起步不到3万美元，会成爆款吗？
https://view.inews.qq.com/a/20241209Q061M200

2024-12-10 03:28:52,177 - INFO - EXPIRED
劳资双方尚未达成协议 德国大众集团员工举行新一轮罢工
https://new.qq.com/rain/a/20241209A08BN800

2024-12-10 03:28:52,177 - INFO - EXPIRED
贵州省机场集团有限公司原董事长、总经理申振东一审获刑十二年六个月
https://new.qq.com/rain/a/20241209A087FC00

2024-12-10 03:28:52,177 - INFO - EXPIRED
公安机关已对造谣传播所谓“KTV不雅照片事件”的违法嫌疑人进行处罚
https://new.qq.com/rain/a/20241209A06WOS00

2024-12-10 03:28:52,177 - INFO - EXPIRED
郑州一洗浴中心多人疑似一氧化碳中毒，有客人被送进ICU，官方回应
https://new.qq.com/rain/a/20241209A06TWQ00

2024-12-10 03:28:52,178 - INFO - EXPIRED
中方是否会与叙利亚新政府建立联系？外交部回应
https://new.qq.com/rain/a/20241209A05L0600

2024-12-10 03:28:52,178 - INFO - EXPIRED
“女硕士走失13年被找回时已生两孩”，是否涉嫌拐卖等犯罪？当地回应
https://new.qq.com/rain/a/20241209A04GU600

2024-12-10 03:28:52,178 - INFO - EXPIRED
乘联会：11月新能源乘用车国内零售销量达126.8万辆 同比增长50.5%
https://new.qq.com/rain/a/20241209A05XAX00

2024-12-10 03:28:52,178 - INFO - EXPIRED
女子称遭山西大学一外籍留学生猥亵，校方：系大三学生，已被警方拘留
https://new.qq.com/rain/a/20241209A04ZJY00

2024-12-10 03:28:52,178 - INFO - EXPIRED
俄方称阿萨德已抵达莫斯科，接下来他会干什么？有可能东山再起吗？
https://view.inews.qq.com/a/20241209Q050KO00

2024-12-10 03:28:52,178 - INFO - EXPIRED
广州地铁发布最新安检要求，市民称早高峰站外排长龙，进站花了半小时
https://new.qq.com/rain/a/20241209A040WP00

2024-12-10 03:28:52,178 - INFO - EXPIRED
四部门：进一步做好就业援助工作，确保零就业家庭动态清零
https://new.qq.com/rain/a/20241209A05Y9Y00

2024-12-10 03:28:52,178 - INFO - EXPIRED
多家银行用AI面试进行招聘，AI能识别人才吗？
https://view.inews.qq.com/a/20241209Q04Q1P00

2024-12-10 03:28:52,178 - INFO - EXPIRED
征求对经济工作的意见和建议
中共中央召开党外人士座谈会
习近平主持并发表重要讲话
李强通报有关情况 王沪宁蔡奇丁薛祥出席
https://new.qq.com/rain/a/20241209A05T6100

2024-12-10 03:28:52,178 - INFO - EXPIRED
中共中央政治局召开会议 分析研究2025年经济工作 研究部署党风廉政建设和反腐败工作 中共中央总书记习近平主持会议
https://new.qq.com/rain/a/20241209A05HZJ00

2024-12-10 03:28:52,178 - INFO - EXPIRED
新华社权威快报丨二十届中央纪委四次全会将于2025年1月6日至8日召开
https://new.qq.com/rain/a/20241209A05JUT00

2024-12-10 03:28:52,178 - INFO - EXPIRED
拆华为和中兴的电信设备还缺30亿美元，美通信委员会找国会要钱
https://new.qq.com/rain/a/20241208A06RRU00

2024-12-10 03:28:52,178 - INFO - EXPIRED
因没报备遭警方反制，知名艺术家烟花秀大量无人机坠海？村委会回应
https://new.qq.com/rain/a/20241209A046SL00

2024-12-10 03:28:52,178 - INFO - EXPIRED
美籍华裔数学家丘成桐：面对美国政府的严重歧视，华裔科学家只能离开
https://new.qq.com/rain/a/20241209A01S2P00

2024-12-10 03:28:52,178 - INFO - EXPIRED
第一视角！叙利亚前总统阿萨德弟弟私人地下掩体曝光，疑似有金库被洗劫一空
https://new.qq.com/rain/a/20241209V04ZGY00

2024-12-10 03:28:52,178 - INFO - EXPIRED
斯尔教育回应知名财会老师刘阳辞职：深感遗憾，将调整近期授课安排
https://new.qq.com/rain/a/20241209A049JF00

2024-12-10 03:28:52,178 - INFO - EXPIRED
网传深圳开发商花伴里集团董事长坠楼，公司回应：病逝
https://new.qq.com/rain/a/20241209A050AU00

2024-12-10 03:28:52,178 - INFO - EXPIRED
母女列车霸座并持剪刀威胁乘警 12306：刀刃长度不超过60毫米可携带
https://new.qq.com/rain/a/20241209A049QY00

2024-12-10 03:28:52,178 - INFO - EXPIRED
这边招人、那边离职，社区工作成为部分年轻人考公考编跳板
https://new.qq.com/rain/a/20241209A0136N00

2024-12-10 03:28:52,178 - INFO - EXPIRED
叙反对派释放所有监狱囚犯，囚犯大街上狂奔：被关十年了，发生了什么
https://new.qq.com/rain/a/20241209V043F600

2024-12-10 03:28:52,178 - INFO - EXPIRED
银行密集启动“开门红”，名字还换了？
https://new.qq.com/rain/a/20241209A04UTG00

2024-12-10 03:28:52,178 - INFO - EXPIRED
央视点名“中华口腔医学会”：给钱就能当会员，目前缴费通道已关闭
https://new.qq.com/rain/a/20241209A04F9X00

2024-12-10 03:28:52,178 - INFO - EXPIRED
美股转A股后，360前高管称股份“消失”！3人涉及5000万权益
https://new.qq.com/rain/a/20241209A04XT400

2024-12-10 03:28:52,178 - INFO - EXPIRED
广州电动车新规“限速15公里”，外卖骑手来不及送餐？起草者回应
https://new.qq.com/rain/a/20241209A031NT00

2024-12-10 03:28:52,178 - INFO - EXPIRED
花70万找中介上港大，孩子刚读1年就被清退，家长：本来能上211的
https://new.qq.com/rain/a/20241209A02LS600

2024-12-10 03:28:52,178 - INFO - EXPIRED
余承东：华为Mate 70系列芯片实现100%国产
https://new.qq.com/rain/a/20241209A04GR900

2024-12-10 03:28:52,178 - INFO - EXPIRED
韩国总统尹锡悦弹劾案未在国会获得通过，尹锡悦还有机会自救吗？
https://view.inews.qq.com/a/20241207Q07IDE00

2024-12-10 03:28:52,178 - INFO - EXPIRED
抖音副总裁李亮：吴柳芳能火与算法无关，处理是按照规则进行
https://new.qq.com/rain/a/20241209A03S8D00

2024-12-10 03:28:52,178 - INFO - EXPIRED
浙江省委常委王成国撰文：纠正一些基层部门“跟风值班”“攀比加班”“没苦硬吃”的不良倾向
https://new.qq.com/rain/a/20241209A02T4000

2024-12-10 03:28:52,178 - INFO - EXPIRED
中山翠亨新区党工委书记张会洋跨市调任珠海市香洲区代区长
https://new.qq.com/rain/a/20241209A02X5T00

2024-12-10 03:28:52,178 - INFO - EXPIRED
私家车挡住救护车去路，老人看病延误后离世？警方：车主被行政拘留
https://new.qq.com/rain/a/20241209A034V400

2024-12-10 03:28:52,178 - INFO - EXPIRED
外媒：白宫正考虑赦免更多罪犯 包括被判犯有毒品类罪行人士
https://new.qq.com/rain/a/20241209A03AL200

2024-12-10 03:28:52,178 - INFO - EXPIRED
深圳楼市隐秘的角落：无孔不入的“影子中介”，与其背后的高返佣骗局
https://new.qq.com/rain/a/20241209A03BE000

2024-12-10 03:28:52,178 - INFO - EXPIRED
家暴相关电话录音、短信、视听资料……家庭暴力证据标准明确
https://new.qq.com/rain/a/20241209A02VEU00

2024-12-10 03:28:52,178 - INFO - EXPIRED
前保险业务员买了多份保险，女儿生病被拒赔，保险公司：属先天性畸形
https://new.qq.com/rain/a/20241209A01RSU00

2024-12-10 03:28:52,178 - INFO - EXPIRED
特朗普：计划在上任首日采取行动，赦免“国会山骚乱”被告
https://new.qq.com/rain/a/20241209A03DKZ00

2024-12-10 03:28:52,178 - INFO - EXPIRED
母女俩列车上霸座，拿剪子威胁自杀还用手机砸乘警，扬言“为我收尸”
https://new.qq.com/rain/a/20241208A06WQV00

2024-12-10 03:28:52,178 - INFO - EXPIRED
上海警方：“和合系”公司实控人林某被押解回国
https://new.qq.com/rain/a/20241209A03OA500

2024-12-10 03:28:52,178 - INFO - EXPIRED
《年会不能停！》里打工人受的气，他让新剧女主开麦“怼”回去了
https://new.qq.com/rain/a/20241209A00PTJ00

2024-12-10 03:28:52,178 - INFO - EXPIRED
特朗普：俄乌双方应尽快停火并展开和谈，中国可以提供帮助
https://new.qq.com/rain/a/20241209A01KZ400

2024-12-10 03:28:52,178 - INFO - EXPIRED
现场曝光：叙利亚总统府遭洗劫 男女老少齐上阵砸画像搬沙发
https://new.qq.com/rain/a/20241209V0146I00

2024-12-10 03:28:52,178 - INFO - EXPIRED
蔡国强烟花秀大量无人机坠海，网友直呼遗憾，本人回应
https://new.qq.com/rain/a/20241208A06S6Q00

2024-12-10 03:28:52,178 - INFO - EXPIRED
多省份调整预算：透露化债细节，“6万亿”影响几何
https://new.qq.com/rain/a/20241208A06TZ800

2024-12-10 03:28:52,178 - INFO - EXPIRED
两次坠落
https://new.qq.com/rain/a/20241209A02B1A00

2024-12-10 03:28:53,506 - INFO - INVALID
英伟达回应反垄断调查：凭实力取胜，乐意回答监管对业务的任何问题
https://new.qq.com/rain/a/20241210A0274O00

2024-12-10 03:28:53,513 - INFO - INVALID
女硕士走失13年已生育一儿一女，“收留者”本人回应：没拘禁没打过她
https://new.qq.com/rain/a/20241210A0350700

2024-12-10 03:28:53,552 - ERROR - ERROR
马岩松、陈冲洛杉矶再出发，感叹大荧幕黄金时代已落幕
https://new.qq.com/rain/a/20241210V021RR00
('list index out of range',)
======
Traceback (most recent call last):
  File "/home/runner/work/qqnews/qqnews/qq.py", line 81, in process_article
    ss = str(tmpbs.select("div.LEFT div.content.clearfix")[0])
             ~~~~~~~~~~~~~~~~~~~~~~~~~~~~~~~~~~~~~~~~~~~~~^^^
IndexError: list index out of range


2024-12-10 03:28:53,570 - INFO - INVALID
担心中国将管制无人机关键部件出口，美国政府急了
https://new.qq.com/rain/a/20241210A03A2Y00

2024-12-10 03:28:53,601 - INFO - INVALID
海关总署：前11个月我国货物贸易进出口39.79万亿元，汽车增长16.9%
https://new.qq.com/rain/a/20241210A039DJ00

2024-12-10 03:28:53,934 - INFO - INVALID
特朗普提名小肯尼迪为美国卫生部部长，77位诺贝尔奖得主联名抵制
https://new.qq.com/rain/a/20241210A0207700

2024-12-10 03:28:53,952 - INFO - INVALID
1070元的机票，第三方订票平台“航班管家”卖3357元
https://new.qq.com/rain/a/20241210A013UN00

2024-12-10 03:28:54,019 - INFO - INVALID
中央决定：关志鸥任自然资源部党组书记
https://new.qq.com/rain/a/20241210A0202P00

2024-12-10 03:28:54,060 - INFO - INVALID
茅台镇产能换血：大酒企扩产，小酒企停止“下沙”，但地皮还是值钱的
https://new.qq.com/rain/a/20241210A01TR400

2024-12-10 03:28:54,085 - ERROR - ERROR
81岁婆婆心酸落泪感叹人老麻烦多评估师安慰老人开心最重要
https://new.qq.com/rain/a/20241210V02C6P00
('list index out of range',)
======
Traceback (most recent call last):
  File "/home/runner/work/qqnews/qqnews/qq.py", line 81, in process_article
    ss = str(tmpbs.select("div.LEFT div.content.clearfix")[0])
             ~~~~~~~~~~~~~~~~~~~~~~~~~~~~~~~~~~~~~~~~~~~~~^^^
IndexError: list index out of range


2024-12-10 03:28:54,365 - INFO - INVALID
美国联合健康保险CEO遇害案：一26岁男子被捕，身带3D打印枪支和显示“心态动机”的字条
https://new.qq.com/rain/a/20241210A01KKI00

2024-12-10 03:28:54,383 - INFO - INVALID
美国众议院将投票表决：禁止大疆和道通两家中企在美国销售新无人机
https://new.qq.com/rain/a/20241210A01HTY00

2024-12-10 03:28:54,458 - INFO - INVALID
美股显著回调，英伟达遭反垄断调查股价大跌，中概股重获投资者青睐
https://new.qq.com/rain/a/20241210A01LBY00

2024-12-10 03:28:54,499 - INFO - INVALID
海信回应裁员传闻：均为不实猜测
https://new.qq.com/rain/a/20241210A01EKS00

2024-12-10 03:28:54,540 - INFO - INVALID
民进党当局紧盯解放军在台海动向，专家：不断混淆国际视听，渲染台海紧张局势
https://new.qq.com/rain/a/20241210A010YJ00

2024-12-10 03:28:54,818 - INFO - INVALID
泽连斯基：在特朗普入驻白宫前讨论入约不现实，将尽快同拜登通话
https://new.qq.com/rain/a/20241210A016QL00

2024-12-10 04:10:14,070 - INFO - EXPIRED
17岁男孩被骗到缅甸，遭转卖4次精神异常，爸妈贷款借钱20万赎回儿子
https://new.qq.com/rain/a/20241209A08XQK00

2024-12-10 04:10:14,070 - INFO - EXPIRED
男子为生意周转借850万高利贷，被执行2400多万，因无力偿还被判刑
https://new.qq.com/rain/a/20241209A057DT00

2024-12-10 04:10:14,070 - INFO - EXPIRED
员工误开紫光灯致地板寿命减10年，这种灯干什么用的？
https://view.inews.qq.com/a/20241209Q09HJB00

2024-12-10 04:10:14,070 - INFO - EXPIRED
记者探访“俄罗斯特产商店”：肉肠产地在黑龙江，奶粉生产商在甘肃
https://new.qq.com/rain/a/20241209A08ULG00

2024-12-10 04:10:14,070 - INFO - EXPIRED
最高法原刑庭庭长：法官与律师发生冲突，主要责任还在法官
https://new.qq.com/rain/a/20241208A04LR200

2024-12-10 04:10:14,070 - INFO - EXPIRED
男子驾车被萝卜快跑剐蹭，“私了”收了500元，去修车发现需要2600元
https://new.qq.com/rain/a/20241209A0887U00

2024-12-10 04:10:14,070 - INFO - EXPIRED
骗取补助款？网传江苏一村有人往地里种成熟大白菜，早上种晚上收
https://new.qq.com/rain/a/20241209A07N9Z00

2024-12-10 04:10:14,070 - INFO - EXPIRED
女硕士失踪十多年后已生育一对儿女，男方是否涉嫌强奸？律师分析
https://new.qq.com/rain/a/20241209A0868600

2024-12-10 04:10:14,070 - INFO - EXPIRED
G僧东：方言塑造了城市的性格，我想成为上海的伍迪·艾伦
https://new.qq.com/rain/a/20241209V081ST00

2024-12-10 04:10:14,070 - INFO - EXPIRED
退休老人花百万买十多份保险，保单写年薪30万？家属质疑被业务员诱导
https://new.qq.com/rain/a/20241209A08NLT00

2024-12-10 04:10:14,070 - INFO - EXPIRED
特朗普呼吁俄乌立即停火并进行谈判后，克宫：迄今为止没有接触特朗普或其团队
https://new.qq.com/rain/a/20241209A09H1900

2024-12-10 04:10:14,070 - INFO - EXPIRED
这些“李鬼”电商旗舰店，坑了多少人
https://new.qq.com/rain/a/20241209A06Z5Q00

2024-12-10 04:10:14,070 - INFO - EXPIRED
学着学着成了“关门弟子”：高校本科专业“大洗牌”，1670个被撤销
https://new.qq.com/rain/a/20241209A00XDA00

2024-12-10 04:10:14,070 - INFO - EXPIRED
涉案亿元的二手房骗局：涉及金额近1.4亿，启动资金只有借来的100万
https://new.qq.com/rain/a/20241209A07B9V00

2024-12-10 04:10:14,070 - INFO - EXPIRED
陕西一男子为赢80多万奖金参与“自律挑战”，交2万连战3次均失败
https://new.qq.com/rain/a/20241209A090BB00

2024-12-10 04:10:14,070 - INFO - EXPIRED
海地一贫民窟遭帮派袭击致184人死亡，“帮派头目认为儿子中了巫术”
https://new.qq.com/rain/a/20241209A09HGB00

2024-12-10 04:10:14,070 - INFO - EXPIRED
台积电拿下决定性战役
https://new.qq.com/rain/a/20241209A07Y3O00

2024-12-10 04:10:14,070 - INFO - EXPIRED
网红“刘大美丽”去世，死亡当天曾到整形医院抽脂，当地卫健委回应
https://new.qq.com/rain/a/20241209A082XZ00

2024-12-10 04:10:14,070 - INFO - EXPIRED
非法占地28年，牛栏山为何被罚不到10万元
https://new.qq.com/rain/a/20241209A0939100

2024-12-10 04:10:14,070 - INFO - EXPIRED
最高法指令再审4年后山西省高院仍未开庭，“紫藤巷凶杀案”辩护律师提交开庭申请
https://new.qq.com/rain/a/20241209A09I1B00

2024-12-10 04:10:14,070 - INFO - EXPIRED
山西女硕士走失13年被找回：村民说法不一，男方堂哥称曾登过寻人启事
https://new.qq.com/rain/a/20241209A094U900

2024-12-10 04:10:14,070 - INFO - EXPIRED
河南商丘一学校学生旧冬季校服里，填充的是碎布垃圾？当地教体局回应
https://new.qq.com/rain/a/20241209A097QN00

2024-12-10 04:10:14,070 - INFO - EXPIRED
Model Y劲敌又多一个！小米SUV车型YU7亮相，明年六七月正式上市
https://new.qq.com/rain/a/20241209A095UQ00

2024-12-10 04:10:14,070 - INFO - EXPIRED
重庆一居民楼发生火灾：现场火势凶猛 火舌从楼顶窜出浓烟弥漫
https://new.qq.com/rain/a/20241209V09PTG00

2024-12-10 04:10:14,070 - INFO - EXPIRED
中方是否与阿萨德有联系？外交部回应
https://new.qq.com/rain/a/20241209A090NX00

2024-12-10 04:10:14,070 - INFO - EXPIRED
民政部：责令中华口腔医学会对已注册会员入会资格进行严格复审
https://new.qq.com/rain/a/20241209A09E3K00

2024-12-10 04:10:14,070 - INFO - EXPIRED
空缺两年多后，位于天津的河北工业大学迎来新校长
https://new.qq.com/rain/a/20241209A09GXH00

2024-12-10 04:10:14,070 - INFO - EXPIRED
涉嫌违反反垄断法 英伟达被立案调查
https://new.qq.com/rain/a/20241209A08G8000

2024-12-10 04:10:14,071 - INFO - EXPIRED
孕妇称为阻止丈夫打赏女主播，遭其踢踹腹部致淤伤，当地妇联回应
https://new.qq.com/rain/a/20241209A053FI00

2024-12-10 04:10:14,071 - INFO - EXPIRED
被亲二姨拐卖28年当事人：不恨任何人，养母对我很好，“不生而养十世难还”
https://new.qq.com/rain/a/20241209A07BY000

2024-12-10 04:10:14,071 - INFO - EXPIRED
晚高峰“丝滑进站”，广州地铁安检恢复往日流程
https://new.qq.com/rain/a/20241209A096IW00

2024-12-10 04:10:14,071 - INFO - EXPIRED
张新被免去广东省副省长职务，其省人大代表资格终止
https://new.qq.com/rain/a/20241209A08I5D00

2024-12-10 04:10:14,071 - INFO - EXPIRED
网友卖闲置茶具遭品牌方侵权警告，为何不能转卖？品牌方有理吗？
https://view.inews.qq.com/a/20241209Q03SEJ00

2024-12-10 04:10:14,071 - INFO - EXPIRED
哥伦比亚机场存放两万具遗体？报告方承认未现场核实
https://new.qq.com/rain/a/20241209A08EHL00

2024-12-10 04:10:14,071 - INFO - EXPIRED
博主投诉医院卖变质米饭，反遭起诉“赔偿8960元”？当地市监局回应
https://new.qq.com/rain/a/20241209A05DSW00

2024-12-10 04:10:14,071 - INFO - EXPIRED
搞得跟坐飞机一样？广州地铁回应“安检新规致人员拥堵”：逢包必检
https://new.qq.com/rain/a/20241209A07HW000

2024-12-10 04:10:14,071 - INFO - EXPIRED
巴沙尔·阿萨德是怎样到达莫斯科的
https://new.qq.com/rain/a/20241209A03BO500

2024-12-10 04:10:14,071 - INFO - EXPIRED
外媒称特斯拉明年将推出ModelQ，起步不到3万美元，会成爆款吗？
https://view.inews.qq.com/a/20241209Q061M200

2024-12-10 04:10:14,071 - INFO - EXPIRED
劳资双方尚未达成协议 德国大众集团员工举行新一轮罢工
https://new.qq.com/rain/a/20241209A08BN800

2024-12-10 04:10:14,071 - INFO - EXPIRED
贵州省机场集团有限公司原董事长、总经理申振东一审获刑十二年六个月
https://new.qq.com/rain/a/20241209A087FC00

2024-12-10 04:10:14,071 - INFO - EXPIRED
公安机关已对造谣传播所谓“KTV不雅照片事件”的违法嫌疑人进行处罚
https://new.qq.com/rain/a/20241209A06WOS00

2024-12-10 04:10:14,071 - INFO - EXPIRED
郑州一洗浴中心多人疑似一氧化碳中毒，有客人被送进ICU，官方回应
https://new.qq.com/rain/a/20241209A06TWQ00

2024-12-10 04:10:14,071 - INFO - EXPIRED
中方是否会与叙利亚新政府建立联系？外交部回应
https://new.qq.com/rain/a/20241209A05L0600

2024-12-10 04:10:14,071 - INFO - EXPIRED
“女硕士走失13年被找回时已生两孩”，是否涉嫌拐卖等犯罪？当地回应
https://new.qq.com/rain/a/20241209A04GU600

2024-12-10 04:10:14,071 - INFO - EXPIRED
乘联会：11月新能源乘用车国内零售销量达126.8万辆 同比增长50.5%
https://new.qq.com/rain/a/20241209A05XAX00

2024-12-10 04:10:14,071 - INFO - EXPIRED
女子称遭山西大学一外籍留学生猥亵，校方：系大三学生，已被警方拘留
https://new.qq.com/rain/a/20241209A04ZJY00

2024-12-10 04:10:14,071 - INFO - EXPIRED
俄方称阿萨德已抵达莫斯科，接下来他会干什么？有可能东山再起吗？
https://view.inews.qq.com/a/20241209Q050KO00

2024-12-10 04:10:14,071 - INFO - EXPIRED
广州地铁发布最新安检要求，市民称早高峰站外排长龙，进站花了半小时
https://new.qq.com/rain/a/20241209A040WP00

2024-12-10 04:10:14,071 - INFO - EXPIRED
四部门：进一步做好就业援助工作，确保零就业家庭动态清零
https://new.qq.com/rain/a/20241209A05Y9Y00

2024-12-10 04:10:14,071 - INFO - EXPIRED
多家银行用AI面试进行招聘，AI能识别人才吗？
https://view.inews.qq.com/a/20241209Q04Q1P00

2024-12-10 04:10:14,071 - INFO - EXPIRED
征求对经济工作的意见和建议
中共中央召开党外人士座谈会
习近平主持并发表重要讲话
李强通报有关情况 王沪宁蔡奇丁薛祥出席
https://new.qq.com/rain/a/20241209A05T6100

2024-12-10 04:10:14,071 - INFO - EXPIRED
中共中央政治局召开会议 分析研究2025年经济工作 研究部署党风廉政建设和反腐败工作 中共中央总书记习近平主持会议
https://new.qq.com/rain/a/20241209A05HZJ00

2024-12-10 04:10:14,071 - INFO - EXPIRED
新华社权威快报丨二十届中央纪委四次全会将于2025年1月6日至8日召开
https://new.qq.com/rain/a/20241209A05JUT00

2024-12-10 04:10:14,071 - INFO - EXPIRED
拆华为和中兴的电信设备还缺30亿美元，美通信委员会找国会要钱
https://new.qq.com/rain/a/20241208A06RRU00

2024-12-10 04:10:14,071 - INFO - EXPIRED
因没报备遭警方反制，知名艺术家烟花秀大量无人机坠海？村委会回应
https://new.qq.com/rain/a/20241209A046SL00

2024-12-10 04:10:14,071 - INFO - EXPIRED
美籍华裔数学家丘成桐：面对美国政府的严重歧视，华裔科学家只能离开
https://new.qq.com/rain/a/20241209A01S2P00

2024-12-10 04:10:14,071 - INFO - EXPIRED
第一视角！叙利亚前总统阿萨德弟弟私人地下掩体曝光，疑似有金库被洗劫一空
https://new.qq.com/rain/a/20241209V04ZGY00

2024-12-10 04:10:14,071 - INFO - EXPIRED
斯尔教育回应知名财会老师刘阳辞职：深感遗憾，将调整近期授课安排
https://new.qq.com/rain/a/20241209A049JF00

2024-12-10 04:10:14,071 - INFO - EXPIRED
网传深圳开发商花伴里集团董事长坠楼，公司回应：病逝
https://new.qq.com/rain/a/20241209A050AU00

2024-12-10 04:10:14,071 - INFO - EXPIRED
母女列车霸座并持剪刀威胁乘警 12306：刀刃长度不超过60毫米可携带
https://new.qq.com/rain/a/20241209A049QY00

2024-12-10 04:10:14,071 - INFO - EXPIRED
这边招人、那边离职，社区工作成为部分年轻人考公考编跳板
https://new.qq.com/rain/a/20241209A0136N00

2024-12-10 04:10:14,071 - INFO - EXPIRED
叙反对派释放所有监狱囚犯，囚犯大街上狂奔：被关十年了，发生了什么
https://new.qq.com/rain/a/20241209V043F600

2024-12-10 04:10:14,071 - INFO - EXPIRED
银行密集启动“开门红”，名字还换了？
https://new.qq.com/rain/a/20241209A04UTG00

2024-12-10 04:10:14,071 - INFO - EXPIRED
央视点名“中华口腔医学会”：给钱就能当会员，目前缴费通道已关闭
https://new.qq.com/rain/a/20241209A04F9X00

2024-12-10 04:10:14,071 - INFO - EXPIRED
美股转A股后，360前高管称股份“消失”！3人涉及5000万权益
https://new.qq.com/rain/a/20241209A04XT400

2024-12-10 04:10:14,071 - INFO - EXPIRED
广州电动车新规“限速15公里”，外卖骑手来不及送餐？起草者回应
https://new.qq.com/rain/a/20241209A031NT00

2024-12-10 04:10:14,071 - INFO - EXPIRED
花70万找中介上港大，孩子刚读1年就被清退，家长：本来能上211的
https://new.qq.com/rain/a/20241209A02LS600

2024-12-10 04:10:14,071 - INFO - EXPIRED
余承东：华为Mate 70系列芯片实现100%国产
https://new.qq.com/rain/a/20241209A04GR900

2024-12-10 04:10:14,071 - INFO - EXPIRED
韩国总统尹锡悦弹劾案未在国会获得通过，尹锡悦还有机会自救吗？
https://view.inews.qq.com/a/20241207Q07IDE00

2024-12-10 04:10:14,071 - INFO - EXPIRED
抖音副总裁李亮：吴柳芳能火与算法无关，处理是按照规则进行
https://new.qq.com/rain/a/20241209A03S8D00

2024-12-10 04:10:14,071 - INFO - EXPIRED
浙江省委常委王成国撰文：纠正一些基层部门“跟风值班”“攀比加班”“没苦硬吃”的不良倾向
https://new.qq.com/rain/a/20241209A02T4000

2024-12-10 04:10:14,071 - INFO - EXPIRED
中山翠亨新区党工委书记张会洋跨市调任珠海市香洲区代区长
https://new.qq.com/rain/a/20241209A02X5T00

2024-12-10 04:10:14,071 - INFO - EXPIRED
私家车挡住救护车去路，老人看病延误后离世？警方：车主被行政拘留
https://new.qq.com/rain/a/20241209A034V400

2024-12-10 04:10:14,071 - INFO - EXPIRED
外媒：白宫正考虑赦免更多罪犯 包括被判犯有毒品类罪行人士
https://new.qq.com/rain/a/20241209A03AL200

2024-12-10 04:10:14,071 - INFO - EXPIRED
深圳楼市隐秘的角落：无孔不入的“影子中介”，与其背后的高返佣骗局
https://new.qq.com/rain/a/20241209A03BE000

2024-12-10 04:10:14,071 - INFO - EXPIRED
家暴相关电话录音、短信、视听资料……家庭暴力证据标准明确
https://new.qq.com/rain/a/20241209A02VEU00

2024-12-10 04:10:14,071 - INFO - EXPIRED
前保险业务员买了多份保险，女儿生病被拒赔，保险公司：属先天性畸形
https://new.qq.com/rain/a/20241209A01RSU00

2024-12-10 04:10:14,071 - INFO - EXPIRED
特朗普：计划在上任首日采取行动，赦免“国会山骚乱”被告
https://new.qq.com/rain/a/20241209A03DKZ00

2024-12-10 04:10:14,071 - INFO - EXPIRED
母女俩列车上霸座，拿剪子威胁自杀还用手机砸乘警，扬言“为我收尸”
https://new.qq.com/rain/a/20241208A06WQV00

2024-12-10 04:10:14,071 - INFO - EXPIRED
上海警方：“和合系”公司实控人林某被押解回国
https://new.qq.com/rain/a/20241209A03OA500

2024-12-10 04:10:15,248 - INFO - INVALID
女硕士走失13年已生育一儿一女，“收留者”本人回应：没拘禁没打过她
https://new.qq.com/rain/a/20241210A0350700

2024-12-10 04:10:15,254 - INFO - INVALID
东航一航班飞行过半有乘客发生窒息？南京机场回应：有发生该急救情况
https://new.qq.com/rain/a/20241210A03VWY00

2024-12-10 04:10:15,286 - INFO - INVALID
贵州一女子放火烧山，称有人上山扑火后会留下塑料瓶，可以捡来拿去卖
https://new.qq.com/rain/a/20241210A03P8900

2024-12-10 04:10:15,319 - INFO - INVALID
叙反对派称将追捕和惩罚“对叙利亚人民犯下罪行者”
https://new.qq.com/rain/a/20241210A03WMM00

2024-12-10 04:10:15,334 - INFO - INVALID
网传深圳一30多岁独居女子被发现在出租屋身亡，当地警方回应
https://new.qq.com/rain/a/20241210A03JHF00

2024-12-10 04:10:15,971 - INFO - INVALID
1070元的机票，第三方订票平台“航班管家”卖3357元
https://new.qq.com/rain/a/20241210A013UN00

2024-12-10 04:10:15,982 - INFO - INVALID
“碰瓷”？小米YU7目前正在进行大规模路测，YU7商标已遭抢注
https://new.qq.com/rain/a/20241210A02YAJ00

2024-12-10 04:10:16,025 - ERROR - ERROR
马岩松、陈冲洛杉矶再出发，感叹大荧幕黄金时代已落幕
https://new.qq.com/rain/a/20241210V021RR00
('list index out of range',)
======
Traceback (most recent call last):
  File "/home/runner/work/qqnews/qqnews/qq.py", line 81, in process_article
    ss = str(tmpbs.select("div.LEFT div.content.clearfix")[0])
             ~~~~~~~~~~~~~~~~~~~~~~~~~~~~~~~~~~~~~~~~~~~~~^^^
IndexError: list index out of range


2024-12-10 04:10:16,083 - INFO - INVALID
担心中国将管制无人机关键部件出口，美国政府急了
https://new.qq.com/rain/a/20241210A03A2Y00

2024-12-10 04:10:16,185 - INFO - INVALID
特朗普提名小肯尼迪为美国卫生部部长，77位诺贝尔奖得主联名抵制
https://new.qq.com/rain/a/20241210A0207700

2024-12-10 04:10:16,615 - INFO - INVALID
茅台镇产能换血：大酒企扩产，小酒企停止“下沙”，但地皮还是值钱的
https://new.qq.com/rain/a/20241210A01TR400

2024-12-10 04:10:16,707 - ERROR - ERROR
81岁婆婆心酸落泪感叹人老麻烦多评估师安慰老人开心最重要
https://new.qq.com/rain/a/20241210V02C6P00
('list index out of range',)
======
Traceback (most recent call last):
  File "/home/runner/work/qqnews/qqnews/qq.py", line 81, in process_article
    ss = str(tmpbs.select("div.LEFT div.content.clearfix")[0])
             ~~~~~~~~~~~~~~~~~~~~~~~~~~~~~~~~~~~~~~~~~~~~~^^^
IndexError: list index out of range


2024-12-10 04:10:16,753 - INFO - INVALID
英伟达回应反垄断调查：凭实力取胜，乐意回答监管对业务的任何问题
https://new.qq.com/rain/a/20241210A0274O00

2024-12-10 04:10:16,794 - INFO - INVALID
中央决定：关志鸥任自然资源部党组书记
https://new.qq.com/rain/a/20241210A0202P00

2024-12-10 04:10:16,832 - INFO - INVALID
美国联合健康保险CEO遇害案：一26岁男子被捕，身带3D打印枪支和显示“心态动机”的字条
https://new.qq.com/rain/a/20241210A01KKI00

2024-12-10 04:10:17,438 - INFO - INVALID
美股显著回调，英伟达遭反垄断调查股价大跌，中概股重获投资者青睐
https://new.qq.com/rain/a/20241210A01LBY00

2024-12-10 04:10:17,493 - INFO - INVALID
泽连斯基：在特朗普入驻白宫前讨论入约不现实，将尽快同拜登通话
https://new.qq.com/rain/a/20241210A016QL00

2024-12-10 04:10:17,498 - INFO - INVALID
海信回应裁员传闻：均为不实猜测
https://new.qq.com/rain/a/20241210A01EKS00

2024-12-10 04:10:17,501 - INFO - INVALID
民进党当局紧盯解放军在台海动向，专家：不断混淆国际视听，渲染台海紧张局势
https://new.qq.com/rain/a/20241210A010YJ00

2024-12-10 04:10:17,621 - INFO - INVALID
美国众议院将投票表决：禁止大疆和道通两家中企在美国销售新无人机
https://new.qq.com/rain/a/20241210A01HTY00

2024-12-10 05:08:23,123 - INFO - EXPIRED
男子为生意周转借850万高利贷，被执行2400多万，因无力偿还被判刑
https://new.qq.com/rain/a/20241209A057DT00

2024-12-10 05:08:23,123 - INFO - EXPIRED
记者探访“俄罗斯特产商店”：肉肠产地在黑龙江，奶粉生产商在甘肃
https://new.qq.com/rain/a/20241209A08ULG00

2024-12-10 05:08:23,123 - INFO - EXPIRED
员工误开紫光灯致地板寿命减10年，这种灯干什么用的？
https://view.inews.qq.com/a/20241209Q09HJB00

2024-12-10 05:08:23,123 - INFO - EXPIRED
男子驾车被萝卜快跑剐蹭，“私了”收了500元，去修车发现需要2600元
https://new.qq.com/rain/a/20241209A0887U00

2024-12-10 05:08:23,123 - INFO - EXPIRED
最高法原刑庭庭长：法官与律师发生冲突，主要责任还在法官
https://new.qq.com/rain/a/20241208A04LR200

2024-12-10 05:08:23,123 - INFO - EXPIRED
17岁男孩被骗到缅甸，遭转卖4次精神异常，爸妈贷款借钱20万赎回儿子
https://new.qq.com/rain/a/20241209A08XQK00

2024-12-10 05:08:23,124 - INFO - EXPIRED
骗取补助款？网传江苏一村有人往地里种成熟大白菜，早上种晚上收
https://new.qq.com/rain/a/20241209A07N9Z00

2024-12-10 05:08:23,124 - INFO - EXPIRED
女硕士失踪十多年后已生育一对儿女，男方是否涉嫌强奸？律师分析
https://new.qq.com/rain/a/20241209A0868600

2024-12-10 05:08:23,124 - INFO - EXPIRED
G僧东：方言塑造了城市的性格，我想成为上海的伍迪·艾伦
https://new.qq.com/rain/a/20241209V081ST00

2024-12-10 05:08:23,124 - INFO - EXPIRED
退休老人花百万买十多份保险，保单写年薪30万？家属质疑被业务员诱导
https://new.qq.com/rain/a/20241209A08NLT00

2024-12-10 05:08:23,124 - INFO - EXPIRED
特朗普呼吁俄乌立即停火并进行谈判后，克宫：迄今为止没有接触特朗普或其团队
https://new.qq.com/rain/a/20241209A09H1900

2024-12-10 05:08:23,124 - INFO - EXPIRED
这些“李鬼”电商旗舰店，坑了多少人
https://new.qq.com/rain/a/20241209A06Z5Q00

2024-12-10 05:08:23,124 - INFO - EXPIRED
学着学着成了“关门弟子”：高校本科专业“大洗牌”，1670个被撤销
https://new.qq.com/rain/a/20241209A00XDA00

2024-12-10 05:08:23,124 - INFO - EXPIRED
涉案亿元的二手房骗局：涉及金额近1.4亿，启动资金只有借来的100万
https://new.qq.com/rain/a/20241209A07B9V00

2024-12-10 05:08:23,124 - INFO - EXPIRED
陕西一男子为赢80多万奖金参与“自律挑战”，交2万连战3次均失败
https://new.qq.com/rain/a/20241209A090BB00

2024-12-10 05:08:23,124 - INFO - EXPIRED
海地一贫民窟遭帮派袭击致184人死亡，“帮派头目认为儿子中了巫术”
https://new.qq.com/rain/a/20241209A09HGB00

2024-12-10 05:08:23,124 - INFO - EXPIRED
台积电拿下决定性战役
https://new.qq.com/rain/a/20241209A07Y3O00

2024-12-10 05:08:23,124 - INFO - EXPIRED
网红“刘大美丽”去世，死亡当天曾到整形医院抽脂，当地卫健委回应
https://new.qq.com/rain/a/20241209A082XZ00

2024-12-10 05:08:23,124 - INFO - EXPIRED
非法占地28年，牛栏山为何被罚不到10万元
https://new.qq.com/rain/a/20241209A0939100

2024-12-10 05:08:23,124 - INFO - EXPIRED
最高法指令再审4年后山西省高院仍未开庭，“紫藤巷凶杀案”辩护律师提交开庭申请
https://new.qq.com/rain/a/20241209A09I1B00

2024-12-10 05:08:23,124 - INFO - EXPIRED
山西女硕士走失13年被找回：村民说法不一，男方堂哥称曾登过寻人启事
https://new.qq.com/rain/a/20241209A094U900

2024-12-10 05:08:23,124 - INFO - EXPIRED
河南商丘一学校学生旧冬季校服里，填充的是碎布垃圾？当地教体局回应
https://new.qq.com/rain/a/20241209A097QN00

2024-12-10 05:08:23,124 - INFO - EXPIRED
Model Y劲敌又多一个！小米SUV车型YU7亮相，明年六七月正式上市
https://new.qq.com/rain/a/20241209A095UQ00

2024-12-10 05:08:23,124 - INFO - EXPIRED
重庆一居民楼发生火灾：现场火势凶猛 火舌从楼顶窜出浓烟弥漫
https://new.qq.com/rain/a/20241209V09PTG00

2024-12-10 05:08:23,124 - INFO - EXPIRED
中方是否与阿萨德有联系？外交部回应
https://new.qq.com/rain/a/20241209A090NX00

2024-12-10 05:08:23,124 - INFO - EXPIRED
民政部：责令中华口腔医学会对已注册会员入会资格进行严格复审
https://new.qq.com/rain/a/20241209A09E3K00

2024-12-10 05:08:23,124 - INFO - EXPIRED
空缺两年多后，位于天津的河北工业大学迎来新校长
https://new.qq.com/rain/a/20241209A09GXH00

2024-12-10 05:08:23,124 - INFO - EXPIRED
涉嫌违反反垄断法 英伟达被立案调查
https://new.qq.com/rain/a/20241209A08G8000

2024-12-10 05:08:23,124 - INFO - EXPIRED
孕妇称为阻止丈夫打赏女主播，遭其踢踹腹部致淤伤，当地妇联回应
https://new.qq.com/rain/a/20241209A053FI00

2024-12-10 05:08:23,124 - INFO - EXPIRED
被亲二姨拐卖28年当事人：不恨任何人，养母对我很好，“不生而养十世难还”
https://new.qq.com/rain/a/20241209A07BY000

2024-12-10 05:08:23,124 - INFO - EXPIRED
晚高峰“丝滑进站”，广州地铁安检恢复往日流程
https://new.qq.com/rain/a/20241209A096IW00

2024-12-10 05:08:23,124 - INFO - EXPIRED
张新被免去广东省副省长职务，其省人大代表资格终止
https://new.qq.com/rain/a/20241209A08I5D00

2024-12-10 05:08:23,124 - INFO - EXPIRED
网友卖闲置茶具遭品牌方侵权警告，为何不能转卖？品牌方有理吗？
https://view.inews.qq.com/a/20241209Q03SEJ00

2024-12-10 05:08:23,124 - INFO - EXPIRED
哥伦比亚机场存放两万具遗体？报告方承认未现场核实
https://new.qq.com/rain/a/20241209A08EHL00

2024-12-10 05:08:23,124 - INFO - EXPIRED
博主投诉医院卖变质米饭，反遭起诉“赔偿8960元”？当地市监局回应
https://new.qq.com/rain/a/20241209A05DSW00

2024-12-10 05:08:23,124 - INFO - EXPIRED
搞得跟坐飞机一样？广州地铁回应“安检新规致人员拥堵”：逢包必检
https://new.qq.com/rain/a/20241209A07HW000

2024-12-10 05:08:23,124 - INFO - EXPIRED
巴沙尔·阿萨德是怎样到达莫斯科的
https://new.qq.com/rain/a/20241209A03BO500

2024-12-10 05:08:23,124 - INFO - EXPIRED
外媒称特斯拉明年将推出ModelQ，起步不到3万美元，会成爆款吗？
https://view.inews.qq.com/a/20241209Q061M200

2024-12-10 05:08:23,124 - INFO - EXPIRED
劳资双方尚未达成协议 德国大众集团员工举行新一轮罢工
https://new.qq.com/rain/a/20241209A08BN800

2024-12-10 05:08:23,124 - INFO - EXPIRED
贵州省机场集团有限公司原董事长、总经理申振东一审获刑十二年六个月
https://new.qq.com/rain/a/20241209A087FC00

2024-12-10 05:08:23,124 - INFO - EXPIRED
公安机关已对造谣传播所谓“KTV不雅照片事件”的违法嫌疑人进行处罚
https://new.qq.com/rain/a/20241209A06WOS00

2024-12-10 05:08:23,124 - INFO - EXPIRED
郑州一洗浴中心多人疑似一氧化碳中毒，有客人被送进ICU，官方回应
https://new.qq.com/rain/a/20241209A06TWQ00

2024-12-10 05:08:23,124 - INFO - EXPIRED
中方是否会与叙利亚新政府建立联系？外交部回应
https://new.qq.com/rain/a/20241209A05L0600

2024-12-10 05:08:23,124 - INFO - EXPIRED
“女硕士走失13年被找回时已生两孩”，是否涉嫌拐卖等犯罪？当地回应
https://new.qq.com/rain/a/20241209A04GU600

2024-12-10 05:08:23,124 - INFO - EXPIRED
乘联会：11月新能源乘用车国内零售销量达126.8万辆 同比增长50.5%
https://new.qq.com/rain/a/20241209A05XAX00

2024-12-10 05:08:23,124 - INFO - EXPIRED
女子称遭山西大学一外籍留学生猥亵，校方：系大三学生，已被警方拘留
https://new.qq.com/rain/a/20241209A04ZJY00

2024-12-10 05:08:23,124 - INFO - EXPIRED
俄方称阿萨德已抵达莫斯科，接下来他会干什么？有可能东山再起吗？
https://view.inews.qq.com/a/20241209Q050KO00

2024-12-10 05:08:23,124 - INFO - EXPIRED
广州地铁发布最新安检要求，市民称早高峰站外排长龙，进站花了半小时
https://new.qq.com/rain/a/20241209A040WP00

2024-12-10 05:08:23,124 - INFO - EXPIRED
四部门：进一步做好就业援助工作，确保零就业家庭动态清零
https://new.qq.com/rain/a/20241209A05Y9Y00

2024-12-10 05:08:23,124 - INFO - EXPIRED
多家银行用AI面试进行招聘，AI能识别人才吗？
https://view.inews.qq.com/a/20241209Q04Q1P00

2024-12-10 05:08:23,124 - INFO - EXPIRED
征求对经济工作的意见和建议
中共中央召开党外人士座谈会
习近平主持并发表重要讲话
李强通报有关情况 王沪宁蔡奇丁薛祥出席
https://new.qq.com/rain/a/20241209A05T6100

2024-12-10 05:08:23,124 - INFO - EXPIRED
中共中央政治局召开会议 分析研究2025年经济工作 研究部署党风廉政建设和反腐败工作 中共中央总书记习近平主持会议
https://new.qq.com/rain/a/20241209A05HZJ00

2024-12-10 05:08:23,124 - INFO - EXPIRED
新华社权威快报丨二十届中央纪委四次全会将于2025年1月6日至8日召开
https://new.qq.com/rain/a/20241209A05JUT00

2024-12-10 05:08:23,124 - INFO - EXPIRED
拆华为和中兴的电信设备还缺30亿美元，美通信委员会找国会要钱
https://new.qq.com/rain/a/20241208A06RRU00

2024-12-10 05:08:23,124 - INFO - EXPIRED
因没报备遭警方反制，知名艺术家烟花秀大量无人机坠海？村委会回应
https://new.qq.com/rain/a/20241209A046SL00

2024-12-10 05:08:23,124 - INFO - EXPIRED
美籍华裔数学家丘成桐：面对美国政府的严重歧视，华裔科学家只能离开
https://new.qq.com/rain/a/20241209A01S2P00

2024-12-10 05:08:23,124 - INFO - EXPIRED
第一视角！叙利亚前总统阿萨德弟弟私人地下掩体曝光，疑似有金库被洗劫一空
https://new.qq.com/rain/a/20241209V04ZGY00

2024-12-10 05:08:23,124 - INFO - EXPIRED
斯尔教育回应知名财会老师刘阳辞职：深感遗憾，将调整近期授课安排
https://new.qq.com/rain/a/20241209A049JF00

2024-12-10 05:08:23,125 - INFO - EXPIRED
网传深圳开发商花伴里集团董事长坠楼，公司回应：病逝
https://new.qq.com/rain/a/20241209A050AU00

2024-12-10 05:08:23,125 - INFO - EXPIRED
母女列车霸座并持剪刀威胁乘警 12306：刀刃长度不超过60毫米可携带
https://new.qq.com/rain/a/20241209A049QY00

2024-12-10 05:08:23,125 - INFO - EXPIRED
这边招人、那边离职，社区工作成为部分年轻人考公考编跳板
https://new.qq.com/rain/a/20241209A0136N00

2024-12-10 05:08:23,125 - INFO - EXPIRED
叙反对派释放所有监狱囚犯，囚犯大街上狂奔：被关十年了，发生了什么
https://new.qq.com/rain/a/20241209V043F600

2024-12-10 05:08:23,125 - INFO - EXPIRED
银行密集启动“开门红”，名字还换了？
https://new.qq.com/rain/a/20241209A04UTG00

2024-12-10 05:08:23,125 - INFO - EXPIRED
央视点名“中华口腔医学会”：给钱就能当会员，目前缴费通道已关闭
https://new.qq.com/rain/a/20241209A04F9X00

2024-12-10 05:08:23,125 - INFO - EXPIRED
美股转A股后，360前高管称股份“消失”！3人涉及5000万权益
https://new.qq.com/rain/a/20241209A04XT400

2024-12-10 05:08:23,125 - INFO - EXPIRED
广州电动车新规“限速15公里”，外卖骑手来不及送餐？起草者回应
https://new.qq.com/rain/a/20241209A031NT00

2024-12-10 05:08:23,125 - INFO - EXPIRED
花70万找中介上港大，孩子刚读1年就被清退，家长：本来能上211的
https://new.qq.com/rain/a/20241209A02LS600

2024-12-10 05:08:23,125 - INFO - EXPIRED
余承东：华为Mate 70系列芯片实现100%国产
https://new.qq.com/rain/a/20241209A04GR900

2024-12-10 05:08:23,125 - INFO - EXPIRED
韩国总统尹锡悦弹劾案未在国会获得通过，尹锡悦还有机会自救吗？
https://view.inews.qq.com/a/20241207Q07IDE00

2024-12-10 05:08:23,125 - INFO - EXPIRED
抖音副总裁李亮：吴柳芳能火与算法无关，处理是按照规则进行
https://new.qq.com/rain/a/20241209A03S8D00

2024-12-10 05:08:23,125 - INFO - EXPIRED
浙江省委常委王成国撰文：纠正一些基层部门“跟风值班”“攀比加班”“没苦硬吃”的不良倾向
https://new.qq.com/rain/a/20241209A02T4000

2024-12-10 05:08:23,125 - INFO - EXPIRED
中山翠亨新区党工委书记张会洋跨市调任珠海市香洲区代区长
https://new.qq.com/rain/a/20241209A02X5T00

2024-12-10 05:08:23,125 - INFO - EXPIRED
私家车挡住救护车去路，老人看病延误后离世？警方：车主被行政拘留
https://new.qq.com/rain/a/20241209A034V400

2024-12-10 05:08:23,125 - INFO - EXPIRED
外媒：白宫正考虑赦免更多罪犯 包括被判犯有毒品类罪行人士
https://new.qq.com/rain/a/20241209A03AL200

2024-12-10 05:08:23,125 - INFO - EXPIRED
深圳楼市隐秘的角落：无孔不入的“影子中介”，与其背后的高返佣骗局
https://new.qq.com/rain/a/20241209A03BE000

2024-12-10 05:08:23,125 - INFO - EXPIRED
家暴相关电话录音、短信、视听资料……家庭暴力证据标准明确
https://new.qq.com/rain/a/20241209A02VEU00

2024-12-10 05:08:23,125 - INFO - EXPIRED
前保险业务员买了多份保险，女儿生病被拒赔，保险公司：属先天性畸形
https://new.qq.com/rain/a/20241209A01RSU00

2024-12-10 05:08:23,125 - INFO - EXPIRED
特朗普：计划在上任首日采取行动，赦免“国会山骚乱”被告
https://new.qq.com/rain/a/20241209A03DKZ00

2024-12-10 05:08:23,125 - INFO - EXPIRED
母女俩列车上霸座，拿剪子威胁自杀还用手机砸乘警，扬言“为我收尸”
https://new.qq.com/rain/a/20241208A06WQV00

2024-12-10 05:08:23,125 - INFO - EXPIRED
上海警方：“和合系”公司实控人林某被押解回国
https://new.qq.com/rain/a/20241209A03OA500

2024-12-10 05:08:24,202 - INFO - INVALID
东航一航班飞行过半有乘客发生窒息？南京机场：有发生该急救情况
https://new.qq.com/rain/a/20241210A03VWY00

2024-12-10 05:08:24,213 - INFO - INVALID
贵州一女子放火烧山，称有人上山扑火后会留下塑料瓶，可以捡来拿去卖
https://new.qq.com/rain/a/20241210A03P8900

2024-12-10 05:08:24,427 - INFO - INVALID
担心中国将管制无人机关键部件出口，美国政府急了
https://new.qq.com/rain/a/20241210A03A2Y00

2024-12-10 05:08:24,440 - INFO - INVALID
女硕士走失13年已生育一儿一女，“收留者”本人回应：没拘禁没打过她
https://new.qq.com/rain/a/20241210A0350700

2024-12-10 05:08:24,854 - INFO - INVALID
网传深圳一30多岁独居女子被发现在出租屋身亡，当地警方回应
https://new.qq.com/rain/a/20241210A03JHF00

2024-12-10 05:08:24,999 - INFO - INVALID
“碰瓷”？小米YU7目前正在进行大规模路测，YU7商标已遭抢注
https://new.qq.com/rain/a/20241210A02YAJ00

2024-12-10 05:08:25,022 - ERROR - ERROR
美军出动战机轰炸叙境内75个目标，为何此时轰炸？对美有何好处？
https://view.inews.qq.com/a/20241210Q01VU600
('list index out of range',)
======
Traceback (most recent call last):
  File "/home/runner/work/qqnews/qqnews/qq.py", line 81, in process_article
    ss = str(tmpbs.select("div.LEFT div.content.clearfix")[0])
             ~~~~~~~~~~~~~~~~~~~~~~~~~~~~~~~~~~~~~~~~~~~~~^^^
IndexError: list index out of range


2024-12-10 05:08:25,161 - INFO - INVALID
1070元的机票，第三方订票平台“航班管家”卖3357元
https://new.qq.com/rain/a/20241210A013UN00

2024-12-10 05:08:25,356 - INFO - INVALID
特朗普提名小肯尼迪为美国卫生部部长，77位诺贝尔奖得主联名抵制
https://new.qq.com/rain/a/20241210A0207700

2024-12-10 05:08:25,769 - ERROR - ERROR
马岩松、陈冲洛杉矶再出发，感叹大荧幕黄金时代已落幕
https://new.qq.com/rain/a/20241210V021RR00
('list index out of range',)
======
Traceback (most recent call last):
  File "/home/runner/work/qqnews/qqnews/qq.py", line 81, in process_article
    ss = str(tmpbs.select("div.LEFT div.content.clearfix")[0])
             ~~~~~~~~~~~~~~~~~~~~~~~~~~~~~~~~~~~~~~~~~~~~~^^^
IndexError: list index out of range


2024-12-10 05:08:25,787 - ERROR - ERROR
81岁婆婆心酸落泪感叹人老麻烦多评估师安慰老人开心最重要
https://new.qq.com/rain/a/20241210V02C6P00
('list index out of range',)
======
Traceback (most recent call last):
  File "/home/runner/work/qqnews/qqnews/qq.py", line 81, in process_article
    ss = str(tmpbs.select("div.LEFT div.content.clearfix")[0])
             ~~~~~~~~~~~~~~~~~~~~~~~~~~~~~~~~~~~~~~~~~~~~~^^^
IndexError: list index out of range


2024-12-10 05:08:25,967 - INFO - INVALID
中央决定：关志鸥任自然资源部党组书记
https://new.qq.com/rain/a/20241210A0202P00

2024-12-10 05:08:25,998 - INFO - INVALID
茅台镇产能换血：大酒企扩产，小酒企停止“下沙”，但地皮还是值钱的
https://new.qq.com/rain/a/20241210A01TR400

2024-12-10 05:08:26,522 - INFO - INVALID
美国众议院将投票表决：禁止大疆和道通两家中企在美国销售新无人机
https://new.qq.com/rain/a/20241210A01HTY00

2024-12-10 05:08:26,660 - INFO - INVALID
英伟达回应反垄断调查：凭实力取胜，乐意回答监管对业务的任何问题
https://new.qq.com/rain/a/20241210A0274O00

2024-12-10 05:08:26,855 - INFO - INVALID
美股显著回调，英伟达遭反垄断调查股价大跌，中概股重获投资者青睐
https://new.qq.com/rain/a/20241210A01LBY00

2024-12-10 05:08:26,923 - INFO - INVALID
海信回应裁员传闻：均为不实猜测
https://new.qq.com/rain/a/20241210A01EKS00

2024-12-10 05:08:26,961 - INFO - INVALID
美国联合健康保险CEO遇害案：一26岁男子被捕，身带3D打印枪支和显示“心态动机”的字条
https://new.qq.com/rain/a/20241210A01KKI00

2024-12-10 05:08:27,177 - INFO - INVALID
民进党当局紧盯解放军在台海动向，专家：不断混淆国际视听，渲染台海紧张局势
https://new.qq.com/rain/a/20241210A010YJ00

2024-12-10 05:08:27,394 - INFO - INVALID
泽连斯基：在特朗普入驻白宫前讨论入约不现实，将尽快同拜登通话
https://new.qq.com/rain/a/20241210A016QL00

