2026-07-12 01:16:09,505 - INFO - Total time taken: {'ret': 0, 'msg': 'success', 'data': None}
2026-07-12 01:16:09,505 - INFO - 'NoneType' object is not subscriptable
2026-07-12 01:16:09,505 - INFO - Traceback (most recent call last):
  File "/home/runner/work/qqnews/qqnews/qq.py", line 128, in main
    for i in qq1["data"]["list"]:
             ~~~~~~~~~~~^^^^^^^^
TypeError: 'NoneType' object is not subscriptable

2026-07-12 05:00:14,361 - INFO - Total time taken: {'ret': 0, 'msg': 'success', 'data': None}
2026-07-12 05:00:14,361 - INFO - 'NoneType' object is not subscriptable
2026-07-12 05:00:14,361 - INFO - Traceback (most recent call last):
  File "/home/runner/work/qqnews/qqnews/qq.py", line 128, in main
    for i in qq1["data"]["list"]:
             ~~~~~~~~~~~^^^^^^^^
TypeError: 'NoneType' object is not subscriptable

2026-07-12 07:27:55,162 - INFO - Total time taken: {'ret': 0, 'msg': 'success', 'data': None}
2026-07-12 07:27:55,162 - INFO - 'NoneType' object is not subscriptable
2026-07-12 07:27:55,163 - INFO - Traceback (most recent call last):
  File "/home/runner/work/qqnews/qqnews/qq.py", line 128, in main
    for i in qq1["data"]["list"]:
             ~~~~~~~~~~~^^^^^^^^
TypeError: 'NoneType' object is not subscriptable

2026-07-12 09:38:47,977 - INFO - Total time taken: {'ret': 0, 'msg': 'success', 'data': None}
2026-07-12 09:38:47,977 - INFO - 'NoneType' object is not subscriptable
2026-07-12 09:38:47,978 - INFO - Traceback (most recent call last):
  File "/home/runner/work/qqnews/qqnews/qq.py", line 128, in main
    for i in qq1["data"]["list"]:
             ~~~~~~~~~~~^^^^^^^^
TypeError: 'NoneType' object is not subscriptable

2026-07-12 11:07:04,040 - INFO - Total time taken: {'ret': 0, 'msg': 'success', 'data': None}
2026-07-12 11:07:04,041 - INFO - 'NoneType' object is not subscriptable
2026-07-12 11:07:04,041 - INFO - Traceback (most recent call last):
  File "/home/runner/work/qqnews/qqnews/qq.py", line 128, in main
    for i in qq1["data"]["list"]:
             ~~~~~~~~~~~^^^^^^^^
TypeError: 'NoneType' object is not subscriptable

2026-07-12 12:44:38,014 - INFO - Total time taken: {'ret': 0, 'msg': 'success', 'data': None}
2026-07-12 12:44:38,014 - INFO - 'NoneType' object is not subscriptable
2026-07-12 12:44:38,014 - INFO - Traceback (most recent call last):
  File "/home/runner/work/qqnews/qqnews/qq.py", line 128, in main
    for i in qq1["data"]["list"]:
             ~~~~~~~~~~~^^^^^^^^
TypeError: 'NoneType' object is not subscriptable

2026-07-12 14:19:39,837 - INFO - Total time taken: {'ret': 0, 'msg': 'success', 'data': None}
2026-07-12 14:19:39,838 - INFO - 'NoneType' object is not subscriptable
2026-07-12 14:19:39,838 - INFO - Traceback (most recent call last):
  File "/home/runner/work/qqnews/qqnews/qq.py", line 128, in main
    for i in qq1["data"]["list"]:
             ~~~~~~~~~~~^^^^^^^^
TypeError: 'NoneType' object is not subscriptable

2026-07-12 15:45:03,168 - INFO - Total time taken: {'ret': 0, 'msg': 'success', 'data': None}
2026-07-12 15:45:03,169 - INFO - 'NoneType' object is not subscriptable
2026-07-12 15:45:03,169 - INFO - Traceback (most recent call last):
  File "/home/runner/work/qqnews/qqnews/qq.py", line 128, in main
    for i in qq1["data"]["list"]:
             ~~~~~~~~~~~^^^^^^^^
TypeError: 'NoneType' object is not subscriptable

2026-07-12 16:40:25,269 - INFO - Total time taken: {'ret': 0, 'msg': 'success', 'data': None}
2026-07-12 16:40:25,269 - INFO - 'NoneType' object is not subscriptable
2026-07-12 16:40:25,270 - INFO - Traceback (most recent call last):
  File "/home/runner/work/qqnews/qqnews/qq.py", line 128, in main
    for i in qq1["data"]["list"]:
             ~~~~~~~~~~~^^^^^^^^
TypeError: 'NoneType' object is not subscriptable

2026-07-12 17:45:52,419 - INFO - Total time taken: {'ret': 0, 'msg': 'success', 'data': None}
2026-07-12 17:45:52,419 - INFO - 'NoneType' object is not subscriptable
2026-07-12 17:45:52,420 - INFO - Traceback (most recent call last):
  File "/home/runner/work/qqnews/qqnews/qq.py", line 128, in main
    for i in qq1["data"]["list"]:
             ~~~~~~~~~~~^^^^^^^^
TypeError: 'NoneType' object is not subscriptable

2026-07-12 18:43:13,751 - INFO - Total time taken: {'ret': 0, 'msg': 'success', 'data': None}
2026-07-12 18:43:13,751 - INFO - 'NoneType' object is not subscriptable
2026-07-12 18:43:13,751 - INFO - Traceback (most recent call last):
  File "/home/runner/work/qqnews/qqnews/qq.py", line 128, in main
    for i in qq1["data"]["list"]:
             ~~~~~~~~~~~^^^^^^^^
TypeError: 'NoneType' object is not subscriptable

2026-07-12 19:57:56,298 - INFO - Total time taken: {'ret': 0, 'msg': 'success', 'data': None}
2026-07-12 19:57:56,298 - INFO - 'NoneType' object is not subscriptable
2026-07-12 19:57:56,298 - INFO - Traceback (most recent call last):
  File "/home/runner/work/qqnews/qqnews/qq.py", line 128, in main
    for i in qq1["data"]["list"]:
             ~~~~~~~~~~~^^^^^^^^
TypeError: 'NoneType' object is not subscriptable

2026-07-12 20:36:48,604 - INFO - Total time taken: {'ret': 0, 'msg': 'success', 'data': None}
2026-07-12 20:36:48,604 - INFO - 'NoneType' object is not subscriptable
2026-07-12 20:36:48,604 - INFO - Traceback (most recent call last):
  File "/home/runner/work/qqnews/qqnews/qq.py", line 128, in main
    for i in qq1["data"]["list"]:
             ~~~~~~~~~~~^^^^^^^^
TypeError: 'NoneType' object is not subscriptable

