2024-10-21 00:36:07,069 - INFO - EXPIRED
因施工不达标，成都一小区开发商拆除承重柱，且并未通知业委会和物业
https://new.qq.com/rain/a/20241020A071P100

2024-10-21 00:36:07,069 - INFO - EXPIRED
男子为讹钱，将3岁女儿抛向大货车致被碾身亡，已被执行死刑
https://new.qq.com/rain/a/20241020A05EXH00

2024-10-21 00:36:07,069 - INFO - EXPIRED
“村超”所在地贵州榕江85后县长拟任新职，曾“两次煎熬考研”进清华
https://new.qq.com/rain/a/20241020A068JM00

2024-10-21 00:36:07,069 - INFO - EXPIRED
苏丹形势发生重大变化
https://new.qq.com/rain/a/20241020A06IXO00

2024-10-21 00:36:07,069 - INFO - EXPIRED
青海一家长因对孩子考试成绩不满意，酒后在班级家长群辱骂老师被行拘4天
https://new.qq.com/rain/a/20241020A073AA00

2024-10-21 00:36:07,069 - INFO - EXPIRED
女子把降压药掰开吃不到半小时就昏迷，怎么半片就降这么快？药片都不能掰开吃？
https://view.inews.qq.com/a/20241020Q04UO700

2024-10-21 00:36:07,069 - INFO - EXPIRED
对话诺奖评委：授予辛顿物理学奖引发对AI风险的关注，是好的副作用
https://new.qq.com/rain/a/20241020A077QR00

2024-10-21 00:36:07,069 - INFO - EXPIRED
3岁男童被父亲女友虐待致死 腿上疑有咬痕 生母：她称“能把我怎样”
https://new.qq.com/rain/a/20241020A053BS00

2024-10-21 00:36:07,069 - INFO - EXPIRED
海南琼海市委书记田志强被带走，曾任落马省委书记罗保铭秘书
https://new.qq.com/rain/a/20241020A06RD500

2024-10-21 00:36:07,069 - INFO - EXPIRED
网传小西天保安透露涨工资被辞退？保安公司：涨薪前工资参考同行标准
https://new.qq.com/rain/a/20241020A06B7400

2024-10-21 00:36:07,069 - INFO - EXPIRED
上海虹桥机场廊桥内起火疑似充电宝自燃 现场乘客称“感觉要窒息”
https://new.qq.com/rain/a/20241020A06FV800

2024-10-21 00:36:07,069 - INFO - EXPIRED
广东揭阳男生在篮球场飞踹女生？警方通报：男生未满十四周岁不予处罚
https://new.qq.com/rain/a/20241020A06DJM00

2024-10-21 00:36:07,069 - INFO - EXPIRED
外媒：塞尔维亚总统武契奇与俄罗斯总统普京时隔两年半首次通话
https://new.qq.com/rain/a/20241020A065UQ00

2024-10-21 00:36:07,069 - INFO - EXPIRED
青海西宁一足疗馆暗藏“特殊服务”，组织多名妇女卖淫，4人被判刑
https://new.qq.com/rain/a/20241020A06CO300

2024-10-21 00:36:07,069 - INFO - EXPIRED
空间科学规划中提到我们也要探测引力波，美国已探测到了，为何我们还要探测？
https://view.inews.qq.com/a/20241020Q00J8700

2024-10-21 00:36:07,069 - INFO - EXPIRED
算不算贿选？马斯克：6个摇摆州选民签名，每天选一人送100万美元
https://new.qq.com/rain/a/20241020A05CDN00

2024-10-21 00:36:07,069 - INFO - EXPIRED
安徽淮南火灾9名遇难者均来自河南：其中5人是同村的
https://new.qq.com/rain/a/20241020A065CM00

2024-10-21 00:36:07,069 - INFO - EXPIRED
“认罪放人，不认不放”？郑州28岁实习女店长拒不认罪后取保候审多次被拒
https://new.qq.com/rain/a/20241020A0558F00

2024-10-21 00:36:07,069 - INFO - EXPIRED
“给你转25元，不要给我差评”，骑手带着患儿送外卖？美团回应
https://new.qq.com/rain/a/20241020A05YMZ00

2024-10-21 00:36:07,069 - INFO - EXPIRED
重罚普华永道月余！公募解约潮继续，20多家公募、400多只产品改聘
https://new.qq.com/rain/a/20241020A06FPP00

2024-10-21 00:36:07,069 - INFO - EXPIRED
“14天婴儿换一袋子钞票”？江苏江阴卫健委：正配合警方调查
https://new.qq.com/rain/a/20241020A058W400

2024-10-21 00:36:07,069 - INFO - EXPIRED
村规，违建房，与一名残障未婚女的宅基地执念
https://new.qq.com/rain/a/20241019A089LU00

2024-10-21 00:36:07,069 - INFO - EXPIRED
以色列准备袭击伊朗的绝密情报遭泄露，为何会有这种漏洞？有可能是谁干的？
https://view.inews.qq.com/a/20241020Q04BCG00

2024-10-21 00:36:07,069 - INFO - EXPIRED
谁还在买黄金？首饰金价涨破800元大关，较年初累计上涨超180元
https://new.qq.com/rain/a/20241020A04MRL00

2024-10-21 00:36:07,069 - INFO - EXPIRED
七国集团举行防长会议，意大利防长放话：G7必须像牛虻，蜇醒全世界
https://new.qq.com/rain/a/20241020A04AYF00

2024-10-21 00:36:07,069 - INFO - EXPIRED
佐科的 “十年遗产”：“爪哇智慧”铺就印尼的“黄金之路”
https://new.qq.com/rain/a/20241020A051LM00

2024-10-21 00:36:07,069 - INFO - EXPIRED
我国科学家烧制出“月壤砖”，这种砖与普通砖有什么不同？何时去月球盖房子？
https://view.inews.qq.com/a/20241019Q07D4G00

2024-10-21 00:36:07,069 - INFO - EXPIRED
今年初雪来了？北京延庆等地出现降雪
https://new.qq.com/rain/a/20241020V051MP00

2024-10-21 00:36:07,069 - INFO - EXPIRED
中办、国办印发《关于加快推动博士研究生教育高质量发展的意见》
https://new.qq.com/rain/a/20241020A05GNC00

2024-10-21 00:36:07,069 - INFO - EXPIRED
江西一家三口被撞死，肇事者父亲称儿子上手不到一天半，这理由有用吗？能减轻处罚吗？
https://view.inews.qq.com/a/20241020Q01KC900

2024-10-21 00:36:07,069 - INFO - EXPIRED
两位中央纪委委员，职务对调
https://new.qq.com/rain/a/20241020A01RAK00

2024-10-21 00:36:07,069 - INFO - EXPIRED
小西天保安大叔因透露涨工资被辞退？文旅局长：调轻松岗位，他没听清
https://new.qq.com/rain/a/20241020A03SRE00

2024-10-21 00:36:07,069 - INFO - EXPIRED
夜间交易出生14天的男婴，钞票装满塑料袋！江苏无锡：已抓获部分人员
https://new.qq.com/rain/a/20241020A03FFA00

2024-10-21 00:36:07,069 - INFO - EXPIRED
证监会：统筹推动融资端和投资端改革，逐步实现IPO常态化
https://new.qq.com/rain/a/20241020A04AE600

2024-10-21 00:36:07,070 - INFO - EXPIRED
古巴陷入“三十年来最长时间停电”，国内能源短缺加重
https://new.qq.com/rain/a/20241020A03EZ200

2024-10-21 00:36:07,070 - INFO - EXPIRED
3岁男童受虐致死，生母哭诉：他爸爸曾要求撤诉，说不要尸检尽快安葬
https://new.qq.com/rain/a/20241020V033SU00

2024-10-21 00:36:07,070 - INFO - EXPIRED
中国顶尖城市，重磅定位来了！
https://new.qq.com/rain/a/20241019A072GH00

2024-10-21 00:36:07,070 - INFO - EXPIRED
G7支持乌“不可逆转”的入北约之路，乌防长再谈“胜利计划”
https://new.qq.com/rain/a/20241020A03EK500

2024-10-21 00:36:07,070 - INFO - EXPIRED
湖南宁远一纪委干部在工作地点坠楼身亡 同事：他有抑郁症 曾多次就医
https://new.qq.com/rain/a/20241020A02X0H00

2024-10-21 00:36:07,070 - INFO - EXPIRED
山西临汾古县警方：我县发生一起恶性刑事案件，犯罪嫌疑人作案后逃匿，已被抓获
https://new.qq.com/rain/a/20241020A0447C00

2024-10-21 00:36:07,070 - INFO - EXPIRED
整治违规借调进行时：湖南吉林各清退3000多人，保障基层工作力量
https://new.qq.com/rain/a/20241020A03WB300

2024-10-21 00:36:07,070 - INFO - EXPIRED
20年老经销商的商海浮沉：曾为茅台“恩人”，今成“伤心人”
https://new.qq.com/rain/a/20241019A08BKR00

2024-10-21 00:36:07,070 - INFO - EXPIRED
女友叶珂称伍佰的歌猥琐被网友吐槽，黄晓明：能让大家乐呵一下也行
https://new.qq.com/rain/a/20241020A02E3N00

2024-10-21 00:36:07,070 - INFO - EXPIRED
惨烈车祸致3人死亡，摩托车时速疑超150公里，后座女子被甩飞近百米
https://new.qq.com/rain/a/20241020A03LDK00

2024-10-21 00:36:07,070 - INFO - EXPIRED
中国汽车“十年狂飙”：以前外形时髦是先锋，如今设计超前可能成先烈
https://new.qq.com/rain/a/20241020A01KK900

2024-10-21 00:36:07,070 - INFO - EXPIRED
普拉博沃宣誓就职，成为印尼第八任总统
https://new.qq.com/rain/a/20241020A03B5800

2024-10-21 00:36:07,070 - INFO - EXPIRED
哥哥考上北大，弟弟只能辍学卖苹果？博主请男孩当演员每天给200元
https://new.qq.com/rain/a/20241018A089M500

2024-10-21 00:36:07,070 - INFO - EXPIRED
深圳市政协副主席王幼鹏任上被查，曾在73人死亡事故中负重要领导责任
https://new.qq.com/rain/a/20241020A02QW800

2024-10-21 00:36:07,070 - INFO - EXPIRED
证书挂靠陷阱：骗子说花几千办证能赚几万元，受害者多为刚毕业大学生
https://new.qq.com/rain/a/20241019V084T600

2024-10-21 00:36:07,070 - INFO - EXPIRED
马斯克宣布每日随机向美国选民发放100万美元，直到大选日
https://new.qq.com/rain/a/20241020A02D7H00

2024-10-21 00:36:07,070 - INFO - EXPIRED
江西一家三口被撞身亡，肇事司机父亲回应事故原因争议：车刚买5天
https://new.qq.com/rain/a/20241020A0197A00

2024-10-21 00:36:07,070 - INFO - EXPIRED
以色列准备袭击伊朗的绝密情报遭泄露 美国政府已展开调查
https://new.qq.com/rain/a/20241020A00SH400

2024-10-21 00:36:07,070 - INFO - EXPIRED
新一股冷空气致局地降温10℃以上，中东部将有大范围降水过程
https://new.qq.com/rain/a/20241020A01GVG00

2024-10-21 00:36:07,070 - INFO - EXPIRED
小西天景区一保安大叔疑因透露涨薪500元被辞退：我也没说错什么话
https://new.qq.com/rain/a/20241020A02AX200

2024-10-21 00:36:07,070 - INFO - EXPIRED
父亲被杀，凶手脱罪：儿子将母亲送上被告席
https://new.qq.com/rain/a/20241019A08B9R00

2024-10-21 00:36:07,070 - INFO - EXPIRED
致9死安徽淮南自建房火灾亲历者：撤离时只穿内裤 堂弟从二楼跳下逃生
https://new.qq.com/rain/a/20241019A08C3O00

2024-10-21 00:36:07,070 - INFO - EXPIRED
14岁留守女孩疑遭45岁补习班男子拍裸照性侵，已怀孕19周被迫做人流
https://new.qq.com/rain/a/20241020A0280R00

2024-10-21 00:36:07,070 - INFO - EXPIRED
哥哥读北大弟弟只能辍学卖苹果？“摆拍卖惨”营销再现，当地启动调查
https://new.qq.com/rain/a/20241020A018M400

2024-10-21 00:36:07,070 - INFO - EXPIRED
一条“呐喊”的朋友圈背后：30%的写字楼空置率怎么办？
https://new.qq.com/rain/a/20241020A00JK000

2024-10-21 00:36:07,070 - INFO - EXPIRED
投行罚单“刷屏”：11家机构被罚，2家债券承销业务被暂停半年
https://new.qq.com/rain/a/20241020A0152I00

2024-10-21 00:36:07,070 - INFO - EXPIRED
乡长下村工作时制止犯罪被刺身亡，官方通报：已按程序认定因公牺牲
https://new.qq.com/rain/a/20241020A00ZF500

2024-10-21 00:36:07,070 - INFO - EXPIRED
"消失"的大主播们，赶在双11前回归
https://new.qq.com/rain/a/20241019A07XC800

2024-10-21 00:36:07,070 - INFO - EXPIRED
生完双胞胎又怀三胞胎的95后妈妈：都是自然受孕，想要女儿
https://new.qq.com/rain/a/20241019A04Z7900

2024-10-21 00:36:07,070 - INFO - EXPIRED
中国男子在菲律宾火锅店遭枪杀，华人枪手在逃，抓到后如何处理？会到中国服刑吗？
https://view.inews.qq.com/a/20241019Q05RHG00

2024-10-21 00:36:07,070 - INFO - EXPIRED
量化巨头幻方量化舍弃对冲专注多头投资，业内表态：不跟
https://new.qq.com/rain/a/20241019A08DV200

2024-10-21 00:36:07,070 - INFO - EXPIRED
重庆一男子持刀砍伤一家具店员工，警方：在接受审问时胡言乱语
https://new.qq.com/rain/a/20241019A0828600

2024-10-21 00:36:07,070 - INFO - EXPIRED
安徽淮南自建房火灾致9死，自建房为何频频出事？自建4层小别墅符合安全规定吗？
https://view.inews.qq.com/a/20241020Q01RES00

2024-10-21 00:36:07,070 - INFO - EXPIRED
日本东京清晨惊魂，“政治中心”接连遇袭
https://new.qq.com/rain/a/20241019A0629I00

2024-10-21 00:36:07,070 - INFO - EXPIRED
地方官员“空降”酒企高管，廖俊出任泸州老窖集团总裁
https://new.qq.com/rain/a/20241019A07B6300

2024-10-21 00:36:07,070 - INFO - EXPIRED
菲律宾马尼拉发生枪击案造成一名中国公民死亡 中国驻菲使馆回应
https://new.qq.com/rain/a/20241019A07XC300

2024-10-21 00:36:07,070 - INFO - EXPIRED
四川自贡观测到恶性外来入侵物种：它们曾团灭太平洋多个岛屿原生蜗牛
https://new.qq.com/rain/a/20241019A064FD00

2024-10-21 00:36:07,070 - INFO - EXPIRED
双胞胎治腋臭进ICU，确诊肉毒素中毒，肉毒素本身有毒吗？怎么用安全？
https://view.inews.qq.com/a/20241019Q02O8U00

2024-10-21 00:36:07,070 - INFO - EXPIRED
新加坡前总理李显龙：看衰中国极不明智，中国经济尚未见顶
https://new.qq.com/rain/a/20241019A05DVL00

2024-10-21 00:36:07,070 - INFO - EXPIRED
医学生晒与大体老师头骨合影引争议，“大体老师”是什么概念？这样拍照合适吗？
https://view.inews.qq.com/a/20241018Q084VI00

2024-10-21 00:36:07,070 - INFO - EXPIRED
怕特朗普上台，美国被曝加速援乌200亿美元贷款
https://new.qq.com/rain/a/20241019A076QE00

2024-10-21 00:36:07,070 - INFO - EXPIRED
普京称将不去巴西参加G20峰会，为何不去？是在担心什么吗？
https://view.inews.qq.com/a/20241019Q03G6K00

2024-10-21 00:36:07,070 - INFO - EXPIRED
医院勾结代孕机构？河南商丘：责令医院停业，5人被采取刑事强制措施
https://new.qq.com/rain/a/20241019A06OTJ00

2024-10-21 00:36:07,070 - INFO - EXPIRED
50岁重病病人因没户口三次辗转才入院，医生：我还从没遇到这样的事
https://new.qq.com/rain/a/20241018A05J1O00

2024-10-21 00:36:07,070 - INFO - EXPIRED
受权发布|中华人民共和国两用物项出口管制条例
https://new.qq.com/rain/a/20241019A071ER00

2024-10-21 00:36:07,070 - INFO - EXPIRED
网传广东十大工厂将迁到四川，相关企业：传闻不实
https://new.qq.com/rain/a/20241018A09LTH00

2024-10-21 00:36:07,070 - INFO - EXPIRED
痛心！安徽淮南火灾9名遇难者遗体全部被找到，幸存者讲述逃生经历
https://new.qq.com/rain/a/20241019A05T5U00

2024-10-21 00:36:07,070 - INFO - EXPIRED
超20%住院率从何而来？专家：未区分住院类型，可能存在过度住院情形
https://new.qq.com/rain/a/20241018A08NTA00

2024-10-21 00:36:07,070 - INFO - EXPIRED
男童骑行遭碾身亡，家属首次发声：后悔让孩子学车
https://new.qq.com/rain/a/20241019A03FGV00

2024-10-21 00:36:07,070 - INFO - EXPIRED
现货白银大涨6%，价格创12年新高，白银与黄金哪个更保值？我该入手哪种？
https://view.inews.qq.com/a/20241019Q02PS400

2024-10-21 00:36:07,070 - INFO - EXPIRED
博士再扩招，毕业更难了
https://new.qq.com/rain/a/20241019A05MBZ00

2024-10-21 00:36:07,070 - INFO - EXPIRED
金饰价格突破800元大关，还有人继续买吗？商家能赚更多，还是亏更多？
https://view.inews.qq.com/a/20241019Q04M6600

2024-10-21 00:36:07,070 - INFO - EXPIRED
以“解债”为幌非法集资案涉超2亿元，宁夏警方呼吁投资人配合取证
https://new.qq.com/rain/a/20241019A03UOH00

2024-10-21 00:36:07,070 - INFO - EXPIRED
湖南一女子失联12天后在6米深井中找到，这真的可能吗？人12天不吃不喝会怎样？
https://view.inews.qq.com/a/20241018Q09XJO00

2024-10-21 00:36:07,070 - INFO - EXPIRED
宁波海关截获15只携带多种强致病病毒的非洲死蚊子，死蚊子还有危害吗？
https://view.inews.qq.com/a/20241018Q0AE1L00

2024-10-21 00:36:07,553 - INFO - INVALID
大疆披露起诉五角大楼细节：起诉状长达56页，详述被列为“军工企业”不合理性
https://new.qq.com/rain/a/20241021A00OG500

2024-10-21 00:36:07,562 - INFO - INVALID
东部战区新闻发言人就美、加军舰过航台湾海峡发表谈话
https://new.qq.com/rain/a/20241021A00F8000

2024-10-21 00:36:07,568 - INFO - SUCCESS
A股首批！“回购增持再贷款”火速落地 规模已超百亿元 央企引领热潮
https://new.qq.com/rain/a/20241021A001P100

2024-10-21 00:36:07,625 - INFO - INVALID
居民医保为什么不能和车险一样，不出险降点费？官方答疑
https://new.qq.com/rain/a/20241021A00UZE00

2024-10-21 00:36:07,702 - INFO - SUCCESS
特朗普麦当劳打工 哈里斯深入共和党大本营 美国大选倒计时两人都拼了
https://new.qq.com/rain/a/20241021A00VJZ00

2024-10-21 00:36:07,898 - INFO - INVALID
网红“听泉赏宝”连线cos女主播，被批“是赏宝还是擦边”后光速下播
https://new.qq.com/rain/a/20241021A00R1G00

2024-10-21 00:36:07,952 - INFO - INVALID
“连接南美和亚洲”！中企承建秘鲁钱凯港下月底试运营，美国酸了？
https://new.qq.com/rain/a/20241021A00OG600

2024-10-21 00:36:07,959 - INFO - SUCCESS
这事儿 _ 秸秆焚烧“禁改限”，背后啥原因？
https://new.qq.com/rain/a/20241021A00R5500

2024-10-21 00:36:08,077 - INFO - INVALID
第98家央企成立，“国家队”下场“收废品”
https://new.qq.com/rain/a/20241021A0081E00

2024-10-21 00:36:08,107 - INFO - INVALID
男子向自民党总部投掷燃烧瓶并开车冲撞首相官邸，日本首相石破茂回应
https://new.qq.com/rain/a/20241021A00N2S00

2024-10-21 00:36:08,278 - INFO - INVALID
今日降息，LPR或将迎来年内最大降幅
https://new.qq.com/rain/a/20241021A0040Q00

2024-10-21 02:13:02,723 - INFO - EXPIRED
千万粉丝网红被举报涉嫌组织赌博：每人收5万保证金，群流水达1900万
https://new.qq.com/rain/a/20241020A04M3100

2024-10-21 02:13:02,723 - INFO - EXPIRED
男子为讹钱，将3岁女儿抛向大货车致被碾身亡，已被执行死刑
https://new.qq.com/rain/a/20241020A05EXH00

2024-10-21 02:13:02,723 - INFO - EXPIRED
因施工不达标，成都一小区开发商拆除承重柱，且并未通知业委会和物业
https://new.qq.com/rain/a/20241020A071P100

2024-10-21 02:13:02,723 - INFO - EXPIRED
董事长插兜离席，女校长莫名发笑，媒体：臭肉查清楚，臭脸也要说明白
https://new.qq.com/rain/a/20241020A047YH00

2024-10-21 02:13:02,723 - INFO - EXPIRED
13岁孩子遭室友欺凌致死，和解就算“妥善处理”
https://new.qq.com/rain/a/20241020A079C700

2024-10-21 02:13:02,723 - INFO - EXPIRED
“村超”所在地贵州榕江85后县长拟任新职，曾“两次煎熬考研”进清华
https://new.qq.com/rain/a/20241020A068JM00

2024-10-21 02:13:02,723 - INFO - EXPIRED
男子在天府大道张开双臂站立骑电动车，已被警方传唤调查
https://new.qq.com/rain/a/20241020A0797H00

2024-10-21 02:13:02,723 - INFO - EXPIRED
3岁男童被父亲女友虐待致死 腿上疑有咬痕 生母：她称“能把我怎样”
https://new.qq.com/rain/a/20241020A053BS00

2024-10-21 02:13:02,723 - INFO - EXPIRED
苏丹形势发生重大变化
https://new.qq.com/rain/a/20241020A06IXO00

2024-10-21 02:13:02,723 - INFO - EXPIRED
青海一家长因对孩子考试成绩不满意，酒后在班级家长群辱骂老师被行拘4天
https://new.qq.com/rain/a/20241020A073AA00

2024-10-21 02:13:02,723 - INFO - EXPIRED
女子把降压药掰开吃不到半小时就昏迷，怎么半片就降这么快？药片都不能掰开吃？
https://view.inews.qq.com/a/20241020Q04UO700

2024-10-21 02:13:02,724 - INFO - EXPIRED
对话诺奖评委：授予辛顿物理学奖引发对AI风险的关注，是好的副作用
https://new.qq.com/rain/a/20241020A077QR00

2024-10-21 02:13:02,724 - INFO - EXPIRED
海南琼海市委书记田志强被带走，曾任落马省委书记罗保铭秘书
https://new.qq.com/rain/a/20241020A06RD500

2024-10-21 02:13:02,724 - INFO - EXPIRED
网传小西天保安透露涨工资被辞退？保安公司：涨薪前工资参考同行标准
https://new.qq.com/rain/a/20241020A06B7400

2024-10-21 02:13:02,724 - INFO - EXPIRED
上海虹桥机场廊桥内起火疑似充电宝自燃 现场乘客称“感觉要窒息”
https://new.qq.com/rain/a/20241020A06FV800

2024-10-21 02:13:02,724 - INFO - EXPIRED
广东揭阳男生在篮球场飞踹女生？警方通报：男生未满十四周岁不予处罚
https://new.qq.com/rain/a/20241020A06DJM00

2024-10-21 02:13:02,724 - INFO - EXPIRED
外媒：塞尔维亚总统武契奇与俄罗斯总统普京时隔两年半首次通话
https://new.qq.com/rain/a/20241020A065UQ00

2024-10-21 02:13:02,724 - INFO - EXPIRED
青海西宁一足疗馆暗藏“特殊服务”，组织多名妇女卖淫，4人被判刑
https://new.qq.com/rain/a/20241020A06CO300

2024-10-21 02:13:02,724 - INFO - EXPIRED
空间科学规划中提到我们也要探测引力波，美国已探测到了，为何我们还要探测？
https://view.inews.qq.com/a/20241020Q00J8700

2024-10-21 02:13:02,724 - INFO - EXPIRED
算不算贿选？马斯克：6个摇摆州选民签名，每天选一人送100万美元
https://new.qq.com/rain/a/20241020A05CDN00

2024-10-21 02:13:02,724 - INFO - EXPIRED
安徽淮南火灾9名遇难者均来自河南：其中5人是同村的
https://new.qq.com/rain/a/20241020A065CM00

2024-10-21 02:13:02,724 - INFO - EXPIRED
“认罪放人，不认不放”？郑州28岁实习女店长拒不认罪后取保候审多次被拒
https://new.qq.com/rain/a/20241020A0558F00

2024-10-21 02:13:02,724 - INFO - EXPIRED
“给你转25元，不要给我差评”，骑手带着患儿送外卖？美团回应
https://new.qq.com/rain/a/20241020A05YMZ00

2024-10-21 02:13:02,724 - INFO - EXPIRED
重罚普华永道月余！公募解约潮继续，20多家公募、400多只产品改聘
https://new.qq.com/rain/a/20241020A06FPP00

2024-10-21 02:13:02,724 - INFO - EXPIRED
“14天婴儿换一袋子钞票”？江苏江阴卫健委：正配合警方调查
https://new.qq.com/rain/a/20241020A058W400

2024-10-21 02:13:02,724 - INFO - EXPIRED
村规，违建房，与一名残障未婚女的宅基地执念
https://new.qq.com/rain/a/20241019A089LU00

2024-10-21 02:13:02,724 - INFO - EXPIRED
以色列准备袭击伊朗的绝密情报遭泄露，为何会有这种漏洞？有可能是谁干的？
https://view.inews.qq.com/a/20241020Q04BCG00

2024-10-21 02:13:02,724 - INFO - EXPIRED
谁还在买黄金？首饰金价涨破800元大关，较年初累计上涨超180元
https://new.qq.com/rain/a/20241020A04MRL00

2024-10-21 02:13:02,724 - INFO - EXPIRED
七国集团举行防长会议，意大利防长放话：G7必须像牛虻，蜇醒全世界
https://new.qq.com/rain/a/20241020A04AYF00

2024-10-21 02:13:02,724 - INFO - EXPIRED
佐科的 “十年遗产”：“爪哇智慧”铺就印尼的“黄金之路”
https://new.qq.com/rain/a/20241020A051LM00

2024-10-21 02:13:02,724 - INFO - EXPIRED
我国科学家烧制出“月壤砖”，这种砖与普通砖有什么不同？何时去月球盖房子？
https://view.inews.qq.com/a/20241019Q07D4G00

2024-10-21 02:13:02,724 - INFO - EXPIRED
今年初雪来了？北京延庆等地出现降雪
https://new.qq.com/rain/a/20241020V051MP00

2024-10-21 02:13:02,724 - INFO - EXPIRED
中办、国办印发《关于加快推动博士研究生教育高质量发展的意见》
https://new.qq.com/rain/a/20241020A05GNC00

2024-10-21 02:13:02,724 - INFO - EXPIRED
江西一家三口被撞死，肇事者父亲称儿子上手不到一天半，这理由有用吗？能减轻处罚吗？
https://view.inews.qq.com/a/20241020Q01KC900

2024-10-21 02:13:02,724 - INFO - EXPIRED
两位中央纪委委员，职务对调
https://new.qq.com/rain/a/20241020A01RAK00

2024-10-21 02:13:02,724 - INFO - EXPIRED
小西天保安大叔因透露涨工资被辞退？文旅局长：调轻松岗位，他没听清
https://new.qq.com/rain/a/20241020A03SRE00

2024-10-21 02:13:02,724 - INFO - EXPIRED
夜间交易出生14天的男婴，钞票装满塑料袋！江苏无锡：已抓获部分人员
https://new.qq.com/rain/a/20241020A03FFA00

2024-10-21 02:13:02,724 - INFO - EXPIRED
证监会：统筹推动融资端和投资端改革，逐步实现IPO常态化
https://new.qq.com/rain/a/20241020A04AE600

2024-10-21 02:13:02,724 - INFO - EXPIRED
古巴陷入“三十年来最长时间停电”，国内能源短缺加重
https://new.qq.com/rain/a/20241020A03EZ200

2024-10-21 02:13:02,724 - INFO - EXPIRED
3岁男童受虐致死，生母哭诉：他爸爸曾要求撤诉，说不要尸检尽快安葬
https://new.qq.com/rain/a/20241020V033SU00

2024-10-21 02:13:02,724 - INFO - EXPIRED
中国顶尖城市，重磅定位来了！
https://new.qq.com/rain/a/20241019A072GH00

2024-10-21 02:13:02,724 - INFO - EXPIRED
G7支持乌“不可逆转”的入北约之路，乌防长再谈“胜利计划”
https://new.qq.com/rain/a/20241020A03EK500

2024-10-21 02:13:02,724 - INFO - EXPIRED
湖南宁远一纪委干部在工作地点坠楼身亡 同事：他有抑郁症 曾多次就医
https://new.qq.com/rain/a/20241020A02X0H00

2024-10-21 02:13:02,724 - INFO - EXPIRED
山西临汾古县警方：我县发生一起恶性刑事案件，犯罪嫌疑人作案后逃匿，已被抓获
https://new.qq.com/rain/a/20241020A0447C00

2024-10-21 02:13:02,724 - INFO - EXPIRED
整治违规借调进行时：湖南吉林各清退3000多人，保障基层工作力量
https://new.qq.com/rain/a/20241020A03WB300

2024-10-21 02:13:02,724 - INFO - EXPIRED
20年老经销商的商海浮沉：曾为茅台“恩人”，今成“伤心人”
https://new.qq.com/rain/a/20241019A08BKR00

2024-10-21 02:13:02,724 - INFO - EXPIRED
女友叶珂称伍佰的歌猥琐被网友吐槽，黄晓明：能让大家乐呵一下也行
https://new.qq.com/rain/a/20241020A02E3N00

2024-10-21 02:13:02,724 - INFO - EXPIRED
惨烈车祸致3人死亡，摩托车时速疑超150公里，后座女子被甩飞近百米
https://new.qq.com/rain/a/20241020A03LDK00

2024-10-21 02:13:02,724 - INFO - EXPIRED
中国汽车“十年狂飙”：以前外形时髦是先锋，如今设计超前可能成先烈
https://new.qq.com/rain/a/20241020A01KK900

2024-10-21 02:13:02,724 - INFO - EXPIRED
普拉博沃宣誓就职，成为印尼第八任总统
https://new.qq.com/rain/a/20241020A03B5800

2024-10-21 02:13:02,724 - INFO - EXPIRED
哥哥考上北大，弟弟只能辍学卖苹果？博主请男孩当演员每天给200元
https://new.qq.com/rain/a/20241018A089M500

2024-10-21 02:13:02,724 - INFO - EXPIRED
深圳市政协副主席王幼鹏任上被查，曾在73人死亡事故中负重要领导责任
https://new.qq.com/rain/a/20241020A02QW800

2024-10-21 02:13:02,724 - INFO - EXPIRED
证书挂靠陷阱：骗子说花几千办证能赚几万元，受害者多为刚毕业大学生
https://new.qq.com/rain/a/20241019V084T600

2024-10-21 02:13:02,724 - INFO - EXPIRED
马斯克宣布每日随机向美国选民发放100万美元，直到大选日
https://new.qq.com/rain/a/20241020A02D7H00

2024-10-21 02:13:02,724 - INFO - EXPIRED
江西一家三口被撞身亡，肇事司机父亲回应事故原因争议：车刚买5天
https://new.qq.com/rain/a/20241020A0197A00

2024-10-21 02:13:02,724 - INFO - EXPIRED
以色列准备袭击伊朗的绝密情报遭泄露 美国政府已展开调查
https://new.qq.com/rain/a/20241020A00SH400

2024-10-21 02:13:02,724 - INFO - EXPIRED
新一股冷空气致局地降温10℃以上，中东部将有大范围降水过程
https://new.qq.com/rain/a/20241020A01GVG00

2024-10-21 02:13:02,724 - INFO - EXPIRED
小西天景区一保安大叔疑因透露涨薪500元被辞退：我也没说错什么话
https://new.qq.com/rain/a/20241020A02AX200

2024-10-21 02:13:02,724 - INFO - EXPIRED
父亲被杀，凶手脱罪：儿子将母亲送上被告席
https://new.qq.com/rain/a/20241019A08B9R00

2024-10-21 02:13:02,724 - INFO - EXPIRED
致9死安徽淮南自建房火灾亲历者：撤离时只穿内裤 堂弟从二楼跳下逃生
https://new.qq.com/rain/a/20241019A08C3O00

2024-10-21 02:13:02,724 - INFO - EXPIRED
14岁留守女孩疑遭45岁补习班男子拍裸照性侵，已怀孕19周被迫做人流
https://new.qq.com/rain/a/20241020A0280R00

2024-10-21 02:13:02,724 - INFO - EXPIRED
哥哥读北大弟弟只能辍学卖苹果？“摆拍卖惨”营销再现，当地启动调查
https://new.qq.com/rain/a/20241020A018M400

2024-10-21 02:13:02,724 - INFO - EXPIRED
一条“呐喊”的朋友圈背后：30%的写字楼空置率怎么办？
https://new.qq.com/rain/a/20241020A00JK000

2024-10-21 02:13:02,724 - INFO - EXPIRED
投行罚单“刷屏”：11家机构被罚，2家债券承销业务被暂停半年
https://new.qq.com/rain/a/20241020A0152I00

2024-10-21 02:13:02,725 - INFO - EXPIRED
乡长下村工作时制止犯罪被刺身亡，官方通报：已按程序认定因公牺牲
https://new.qq.com/rain/a/20241020A00ZF500

2024-10-21 02:13:02,725 - INFO - EXPIRED
"消失"的大主播们，赶在双11前回归
https://new.qq.com/rain/a/20241019A07XC800

2024-10-21 02:13:02,725 - INFO - EXPIRED
生完双胞胎又怀三胞胎的95后妈妈：都是自然受孕，想要女儿
https://new.qq.com/rain/a/20241019A04Z7900

2024-10-21 02:13:02,725 - INFO - EXPIRED
中国男子在菲律宾火锅店遭枪杀，华人枪手在逃，抓到后如何处理？会到中国服刑吗？
https://view.inews.qq.com/a/20241019Q05RHG00

2024-10-21 02:13:02,725 - INFO - EXPIRED
量化巨头幻方量化舍弃对冲专注多头投资，业内表态：不跟
https://new.qq.com/rain/a/20241019A08DV200

2024-10-21 02:13:02,725 - INFO - EXPIRED
重庆一男子持刀砍伤一家具店员工，警方：在接受审问时胡言乱语
https://new.qq.com/rain/a/20241019A0828600

2024-10-21 02:13:02,725 - INFO - EXPIRED
安徽淮南自建房火灾致9死，自建房为何频频出事？自建4层小别墅符合安全规定吗？
https://view.inews.qq.com/a/20241020Q01RES00

2024-10-21 02:13:02,725 - INFO - EXPIRED
日本东京清晨惊魂，“政治中心”接连遇袭
https://new.qq.com/rain/a/20241019A0629I00

2024-10-21 02:13:02,725 - INFO - EXPIRED
地方官员“空降”酒企高管，廖俊出任泸州老窖集团总裁
https://new.qq.com/rain/a/20241019A07B6300

2024-10-21 02:13:02,725 - INFO - EXPIRED
菲律宾马尼拉发生枪击案造成一名中国公民死亡 中国驻菲使馆回应
https://new.qq.com/rain/a/20241019A07XC300

2024-10-21 02:13:02,725 - INFO - EXPIRED
四川自贡观测到恶性外来入侵物种：它们曾团灭太平洋多个岛屿原生蜗牛
https://new.qq.com/rain/a/20241019A064FD00

2024-10-21 02:13:02,725 - INFO - EXPIRED
双胞胎治腋臭进ICU，确诊肉毒素中毒，肉毒素本身有毒吗？怎么用安全？
https://view.inews.qq.com/a/20241019Q02O8U00

2024-10-21 02:13:02,725 - INFO - EXPIRED
新加坡前总理李显龙：看衰中国极不明智，中国经济尚未见顶
https://new.qq.com/rain/a/20241019A05DVL00

2024-10-21 02:13:02,725 - INFO - EXPIRED
医学生晒与大体老师头骨合影引争议，“大体老师”是什么概念？这样拍照合适吗？
https://view.inews.qq.com/a/20241018Q084VI00

2024-10-21 02:13:02,725 - INFO - EXPIRED
怕特朗普上台，美国被曝加速援乌200亿美元贷款
https://new.qq.com/rain/a/20241019A076QE00

2024-10-21 02:13:02,725 - INFO - EXPIRED
普京称将不去巴西参加G20峰会，为何不去？是在担心什么吗？
https://view.inews.qq.com/a/20241019Q03G6K00

2024-10-21 02:13:02,725 - INFO - EXPIRED
医院勾结代孕机构？河南商丘：责令医院停业，5人被采取刑事强制措施
https://new.qq.com/rain/a/20241019A06OTJ00

2024-10-21 02:13:02,725 - INFO - EXPIRED
50岁重病病人因没户口三次辗转才入院，医生：我还从没遇到这样的事
https://new.qq.com/rain/a/20241018A05J1O00

2024-10-21 02:13:02,725 - INFO - EXPIRED
受权发布|中华人民共和国两用物项出口管制条例
https://new.qq.com/rain/a/20241019A071ER00

2024-10-21 02:13:02,725 - INFO - EXPIRED
网传广东十大工厂将迁到四川，相关企业：传闻不实
https://new.qq.com/rain/a/20241018A09LTH00

2024-10-21 02:13:02,725 - INFO - EXPIRED
痛心！安徽淮南火灾9名遇难者遗体全部被找到，幸存者讲述逃生经历
https://new.qq.com/rain/a/20241019A05T5U00

2024-10-21 02:13:03,184 - INFO - INVALID
10月LPR降25个基点，叠加存量房贷利率调整，能省多少钱
https://new.qq.com/rain/a/20241021A01JST00

2024-10-21 02:13:03,199 - INFO - INVALID
居民医保为什么不能和车险一样，不出险降点费？官方答疑
https://new.qq.com/rain/a/20241021A00UZE00

2024-10-21 02:13:03,247 - INFO - INVALID
高空扔8块砖2桶水3罐饮料砸死过路女子，男子被核准死刑、立即执行
https://new.qq.com/rain/a/20241021A01RSJ00

2024-10-21 02:13:03,252 - INFO - INVALID
东部战区新闻发言人就美、加军舰过航台湾海峡发表谈话
https://new.qq.com/rain/a/20241021A00F8000

2024-10-21 02:13:03,367 - INFO - EXIST
特朗普麦当劳打工 哈里斯深入共和党大本营 美国大选倒计时两人都拼了
https://new.qq.com/rain/a/20241021A00VJZ00

2024-10-21 02:13:03,526 - INFO - INVALID
5年期以上LPR下降25个基点 100万元30年房贷将少还5.1万元
https://new.qq.com/rain/a/20241021A01GW700

2024-10-21 02:13:03,536 - INFO - INVALID
第98家央企成立，“国家队”下场“收废品”
https://new.qq.com/rain/a/20241021A0081E00

2024-10-21 02:13:03,540 - INFO - EXIST
A股首批！“回购增持再贷款”火速落地 规模已超百亿元 央企引领热潮
https://new.qq.com/rain/a/20241021A001P100

2024-10-21 02:13:03,560 - INFO - INVALID
大疆披露起诉五角大楼细节：起诉状长达56页，详述被列为“军工企业”不合理性
https://new.qq.com/rain/a/20241021A00OG500

2024-10-21 02:13:03,730 - INFO - INVALID
网红“听泉赏宝”连线cos女主播，被批“是赏宝还是擦边”后光速下播
https://new.qq.com/rain/a/20241021A00R1G00

2024-10-21 02:13:03,821 - INFO - EXIST
这事儿 _ 秸秆焚烧“禁改限”，背后啥原因？
https://new.qq.com/rain/a/20241021A00R5500

2024-10-21 02:13:03,828 - INFO - INVALID
“连接南美和亚洲”！中企承建秘鲁钱凯港下月底试运营，美国酸了？
https://new.qq.com/rain/a/20241021A00OG600

2024-10-21 02:13:03,832 - INFO - INVALID
苹果内部承认：生成式AI技术落后竞品两年以上
https://new.qq.com/rain/a/20241021A019Y000

2024-10-21 02:13:03,877 - INFO - INVALID
再创历史新高 亚市开盘金价达2754.01美元_盎司
https://new.qq.com/rain/a/20241021A01BEN00

2024-10-21 02:13:04,047 - INFO - INVALID
男子向自民党总部投掷燃烧瓶并开车冲撞首相官邸，日本首相石破茂回应
https://new.qq.com/rain/a/20241021A00N2S00

2024-10-21 03:17:55,282 - INFO - EXPIRED
董事长插兜离席，女校长莫名发笑，媒体：臭肉查清楚，臭脸也要说明白
https://new.qq.com/rain/a/20241020A047YH00

2024-10-21 03:17:55,282 - INFO - EXPIRED
马斯克每天选1名摇摆州签名选民送100万美金，为何不抽100个1万？这算贿选吗？
https://view.inews.qq.com/a/20241020Q06QTJ00

2024-10-21 03:17:55,282 - INFO - EXPIRED
因施工不达标，成都一小区开发商拆除承重柱，且并未通知业委会和物业
https://new.qq.com/rain/a/20241020A071P100

2024-10-21 03:17:55,282 - INFO - EXPIRED
男子为讹钱，将3岁女儿抛向大货车致被碾身亡，已被执行死刑
https://new.qq.com/rain/a/20241020A05EXH00

2024-10-21 03:17:55,283 - INFO - EXPIRED
千万粉丝网红被举报涉嫌组织赌博：每人收5万保证金，群流水达1900万
https://new.qq.com/rain/a/20241020A04M3100

2024-10-21 03:17:55,283 - INFO - EXPIRED
13岁孩子遭学校同寝室友欺凌致死，媒体：和解就算“妥善处理”吗
https://new.qq.com/rain/a/20241020A079C700

2024-10-21 03:17:55,283 - INFO - EXPIRED
“村超”所在地贵州榕江85后县长拟任新职，曾“两次煎熬考研”进清华
https://new.qq.com/rain/a/20241020A068JM00

2024-10-21 03:17:55,283 - INFO - EXPIRED
男子在天府大道张开双臂站立骑电动车，已被警方传唤调查
https://new.qq.com/rain/a/20241020A0797H00

2024-10-21 03:17:55,283 - INFO - EXPIRED
3岁男童被父亲女友虐待致死 腿上疑有咬痕 生母：她称“能把我怎样”
https://new.qq.com/rain/a/20241020A053BS00

2024-10-21 03:17:55,283 - INFO - EXPIRED
苏丹形势发生重大变化
https://new.qq.com/rain/a/20241020A06IXO00

2024-10-21 03:17:55,283 - INFO - EXPIRED
青海一家长因对孩子考试成绩不满意，酒后在班级家长群辱骂老师被行拘4天
https://new.qq.com/rain/a/20241020A073AA00

2024-10-21 03:17:55,283 - INFO - EXPIRED
女子把降压药掰开吃不到半小时就昏迷，怎么半片就降这么快？药片都不能掰开吃？
https://view.inews.qq.com/a/20241020Q04UO700

2024-10-21 03:17:55,283 - INFO - EXPIRED
对话诺奖评委：授予辛顿物理学奖引发对AI风险的关注，是好的副作用
https://new.qq.com/rain/a/20241020A077QR00

2024-10-21 03:17:55,283 - INFO - EXPIRED
海南琼海市委书记田志强被带走，曾任落马省委书记罗保铭秘书
https://new.qq.com/rain/a/20241020A06RD500

2024-10-21 03:17:55,283 - INFO - EXPIRED
网传小西天保安透露涨工资被辞退？保安公司：涨薪前工资参考同行标准
https://new.qq.com/rain/a/20241020A06B7400

2024-10-21 03:17:55,283 - INFO - EXPIRED
上海虹桥机场廊桥内起火疑似充电宝自燃 现场乘客称“感觉要窒息”
https://new.qq.com/rain/a/20241020A06FV800

2024-10-21 03:17:55,283 - INFO - EXPIRED
广东揭阳男生在篮球场飞踹女生？警方通报：男生未满十四周岁不予处罚
https://new.qq.com/rain/a/20241020A06DJM00

2024-10-21 03:17:55,283 - INFO - EXPIRED
外媒：塞尔维亚总统武契奇与俄罗斯总统普京时隔两年半首次通话
https://new.qq.com/rain/a/20241020A065UQ00

2024-10-21 03:17:55,283 - INFO - EXPIRED
青海西宁一足疗馆暗藏“特殊服务”，组织多名妇女卖淫，4人被判刑
https://new.qq.com/rain/a/20241020A06CO300

2024-10-21 03:17:55,283 - INFO - EXPIRED
空间科学规划中提到我们也要探测引力波，美国已探测到了，为何我们还要探测？
https://view.inews.qq.com/a/20241020Q00J8700

2024-10-21 03:17:55,283 - INFO - EXPIRED
算不算贿选？马斯克：6个摇摆州选民签名，每天选一人送100万美元
https://new.qq.com/rain/a/20241020A05CDN00

2024-10-21 03:17:55,283 - INFO - EXPIRED
安徽淮南火灾9名遇难者均来自河南：其中5人是同村的
https://new.qq.com/rain/a/20241020A065CM00

2024-10-21 03:17:55,283 - INFO - EXPIRED
“认罪放人，不认不放”？郑州28岁实习女店长拒不认罪后取保候审多次被拒
https://new.qq.com/rain/a/20241020A0558F00

2024-10-21 03:17:55,283 - INFO - EXPIRED
“给你转25元，不要给我差评”，骑手带着患儿送外卖？美团回应
https://new.qq.com/rain/a/20241020A05YMZ00

2024-10-21 03:17:55,283 - INFO - EXPIRED
重罚普华永道月余！公募解约潮继续，20多家公募、400多只产品改聘
https://new.qq.com/rain/a/20241020A06FPP00

2024-10-21 03:17:55,283 - INFO - EXPIRED
“14天婴儿换一袋子钞票”？江苏江阴卫健委：正配合警方调查
https://new.qq.com/rain/a/20241020A058W400

2024-10-21 03:17:55,283 - INFO - EXPIRED
村规，违建房，与一名残障未婚女的宅基地执念
https://new.qq.com/rain/a/20241019A089LU00

2024-10-21 03:17:55,283 - INFO - EXPIRED
以色列准备袭击伊朗的绝密情报遭泄露，为何会有这种漏洞？有可能是谁干的？
https://view.inews.qq.com/a/20241020Q04BCG00

2024-10-21 03:17:55,283 - INFO - EXPIRED
谁还在买黄金？首饰金价涨破800元大关，较年初累计上涨超180元
https://new.qq.com/rain/a/20241020A04MRL00

2024-10-21 03:17:55,283 - INFO - EXPIRED
七国集团举行防长会议，意大利防长放话：G7必须像牛虻，蜇醒全世界
https://new.qq.com/rain/a/20241020A04AYF00

2024-10-21 03:17:55,283 - INFO - EXPIRED
佐科的 “十年遗产”：“爪哇智慧”铺就印尼的“黄金之路”
https://new.qq.com/rain/a/20241020A051LM00

2024-10-21 03:17:55,283 - INFO - EXPIRED
我国科学家烧制出“月壤砖”，这种砖与普通砖有什么不同？何时去月球盖房子？
https://view.inews.qq.com/a/20241019Q07D4G00

2024-10-21 03:17:55,283 - INFO - EXPIRED
今年初雪来了？北京延庆等地出现降雪
https://new.qq.com/rain/a/20241020V051MP00

2024-10-21 03:17:55,283 - INFO - EXPIRED
中办、国办印发《关于加快推动博士研究生教育高质量发展的意见》
https://new.qq.com/rain/a/20241020A05GNC00

2024-10-21 03:17:55,283 - INFO - EXPIRED
江西一家三口被撞死，肇事者父亲称儿子上手不到一天半，这理由有用吗？能减轻处罚吗？
https://view.inews.qq.com/a/20241020Q01KC900

2024-10-21 03:17:55,283 - INFO - EXPIRED
两位中央纪委委员，职务对调
https://new.qq.com/rain/a/20241020A01RAK00

2024-10-21 03:17:55,283 - INFO - EXPIRED
小西天保安大叔因透露涨工资被辞退？文旅局长：调轻松岗位，他没听清
https://new.qq.com/rain/a/20241020A03SRE00

2024-10-21 03:17:55,283 - INFO - EXPIRED
夜间交易出生14天的男婴，钞票装满塑料袋！江苏无锡：已抓获部分人员
https://new.qq.com/rain/a/20241020A03FFA00

2024-10-21 03:17:55,283 - INFO - EXPIRED
证监会：统筹推动融资端和投资端改革，逐步实现IPO常态化
https://new.qq.com/rain/a/20241020A04AE600

2024-10-21 03:17:55,283 - INFO - EXPIRED
古巴陷入“三十年来最长时间停电”，国内能源短缺加重
https://new.qq.com/rain/a/20241020A03EZ200

2024-10-21 03:17:55,283 - INFO - EXPIRED
3岁男童受虐致死，生母哭诉：他爸爸曾要求撤诉，说不要尸检尽快安葬
https://new.qq.com/rain/a/20241020V033SU00

2024-10-21 03:17:55,283 - INFO - EXPIRED
中国顶尖城市，重磅定位来了！
https://new.qq.com/rain/a/20241019A072GH00

2024-10-21 03:17:55,283 - INFO - EXPIRED
G7支持乌“不可逆转”的入北约之路，乌防长再谈“胜利计划”
https://new.qq.com/rain/a/20241020A03EK500

2024-10-21 03:17:55,283 - INFO - EXPIRED
湖南宁远一纪委干部在工作地点坠楼身亡 同事：他有抑郁症 曾多次就医
https://new.qq.com/rain/a/20241020A02X0H00

2024-10-21 03:17:55,283 - INFO - EXPIRED
山西临汾古县警方：我县发生一起恶性刑事案件，犯罪嫌疑人作案后逃匿，已被抓获
https://new.qq.com/rain/a/20241020A0447C00

2024-10-21 03:17:55,283 - INFO - EXPIRED
整治违规借调进行时：湖南吉林各清退3000多人，保障基层工作力量
https://new.qq.com/rain/a/20241020A03WB300

2024-10-21 03:17:55,283 - INFO - EXPIRED
20年老经销商的商海浮沉：曾为茅台“恩人”，今成“伤心人”
https://new.qq.com/rain/a/20241019A08BKR00

2024-10-21 03:17:55,283 - INFO - EXPIRED
女友叶珂称伍佰的歌猥琐被网友吐槽，黄晓明：能让大家乐呵一下也行
https://new.qq.com/rain/a/20241020A02E3N00

2024-10-21 03:17:55,283 - INFO - EXPIRED
惨烈车祸致3人死亡，摩托车时速疑超150公里，后座女子被甩飞近百米
https://new.qq.com/rain/a/20241020A03LDK00

2024-10-21 03:17:55,283 - INFO - EXPIRED
中国汽车“十年狂飙”：以前外形时髦是先锋，如今设计超前可能成先烈
https://new.qq.com/rain/a/20241020A01KK900

2024-10-21 03:17:55,283 - INFO - EXPIRED
普拉博沃宣誓就职，成为印尼第八任总统
https://new.qq.com/rain/a/20241020A03B5800

2024-10-21 03:17:55,283 - INFO - EXPIRED
哥哥考上北大，弟弟只能辍学卖苹果？博主请男孩当演员每天给200元
https://new.qq.com/rain/a/20241018A089M500

2024-10-21 03:17:55,283 - INFO - EXPIRED
深圳市政协副主席王幼鹏任上被查，曾在73人死亡事故中负重要领导责任
https://new.qq.com/rain/a/20241020A02QW800

2024-10-21 03:17:55,284 - INFO - EXPIRED
证书挂靠陷阱：骗子说花几千办证能赚几万元，受害者多为刚毕业大学生
https://new.qq.com/rain/a/20241019V084T600

2024-10-21 03:17:55,284 - INFO - EXPIRED
马斯克宣布每日随机向美国选民发放100万美元，直到大选日
https://new.qq.com/rain/a/20241020A02D7H00

2024-10-21 03:17:55,284 - INFO - EXPIRED
江西一家三口被撞身亡，肇事司机父亲回应事故原因争议：车刚买5天
https://new.qq.com/rain/a/20241020A0197A00

2024-10-21 03:17:55,284 - INFO - EXPIRED
以色列准备袭击伊朗的绝密情报遭泄露 美国政府已展开调查
https://new.qq.com/rain/a/20241020A00SH400

2024-10-21 03:17:55,284 - INFO - EXPIRED
新一股冷空气致局地降温10℃以上，中东部将有大范围降水过程
https://new.qq.com/rain/a/20241020A01GVG00

2024-10-21 03:17:55,284 - INFO - EXPIRED
小西天景区一保安大叔疑因透露涨薪500元被辞退：我也没说错什么话
https://new.qq.com/rain/a/20241020A02AX200

2024-10-21 03:17:55,284 - INFO - EXPIRED
父亲被杀，凶手脱罪：儿子将母亲送上被告席
https://new.qq.com/rain/a/20241019A08B9R00

2024-10-21 03:17:55,284 - INFO - EXPIRED
致9死安徽淮南自建房火灾亲历者：撤离时只穿内裤 堂弟从二楼跳下逃生
https://new.qq.com/rain/a/20241019A08C3O00

2024-10-21 03:17:55,284 - INFO - EXPIRED
14岁留守女孩疑遭45岁补习班男子拍裸照性侵，已怀孕19周被迫做人流
https://new.qq.com/rain/a/20241020A0280R00

2024-10-21 03:17:55,284 - INFO - EXPIRED
哥哥读北大弟弟只能辍学卖苹果？“摆拍卖惨”营销再现，当地启动调查
https://new.qq.com/rain/a/20241020A018M400

2024-10-21 03:17:55,284 - INFO - EXPIRED
一条“呐喊”的朋友圈背后：30%的写字楼空置率怎么办？
https://new.qq.com/rain/a/20241020A00JK000

2024-10-21 03:17:55,284 - INFO - EXPIRED
投行罚单“刷屏”：11家机构被罚，2家债券承销业务被暂停半年
https://new.qq.com/rain/a/20241020A0152I00

2024-10-21 03:17:55,284 - INFO - EXPIRED
乡长下村工作时制止犯罪被刺身亡，官方通报：已按程序认定因公牺牲
https://new.qq.com/rain/a/20241020A00ZF500

2024-10-21 03:17:55,284 - INFO - EXPIRED
"消失"的大主播们，赶在双11前回归
https://new.qq.com/rain/a/20241019A07XC800

2024-10-21 03:17:55,284 - INFO - EXPIRED
生完双胞胎又怀三胞胎的95后妈妈：都是自然受孕，想要女儿
https://new.qq.com/rain/a/20241019A04Z7900

2024-10-21 03:17:55,284 - INFO - EXPIRED
中国男子在菲律宾火锅店遭枪杀，华人枪手在逃，抓到后如何处理？会到中国服刑吗？
https://view.inews.qq.com/a/20241019Q05RHG00

2024-10-21 03:17:55,284 - INFO - EXPIRED
量化巨头幻方量化舍弃对冲专注多头投资，业内表态：不跟
https://new.qq.com/rain/a/20241019A08DV200

2024-10-21 03:17:55,284 - INFO - EXPIRED
重庆一男子持刀砍伤一家具店员工，警方：在接受审问时胡言乱语
https://new.qq.com/rain/a/20241019A0828600

2024-10-21 03:17:55,284 - INFO - EXPIRED
安徽淮南自建房火灾致9死，自建房为何频频出事？自建4层小别墅符合安全规定吗？
https://view.inews.qq.com/a/20241020Q01RES00

2024-10-21 03:17:55,284 - INFO - EXPIRED
日本东京清晨惊魂，“政治中心”接连遇袭
https://new.qq.com/rain/a/20241019A0629I00

2024-10-21 03:17:55,284 - INFO - EXPIRED
地方官员“空降”酒企高管，廖俊出任泸州老窖集团总裁
https://new.qq.com/rain/a/20241019A07B6300

2024-10-21 03:17:55,284 - INFO - EXPIRED
菲律宾马尼拉发生枪击案造成一名中国公民死亡 中国驻菲使馆回应
https://new.qq.com/rain/a/20241019A07XC300

2024-10-21 03:17:55,284 - INFO - EXPIRED
四川自贡观测到恶性外来入侵物种：它们曾团灭太平洋多个岛屿原生蜗牛
https://new.qq.com/rain/a/20241019A064FD00

2024-10-21 03:17:55,284 - INFO - EXPIRED
双胞胎治腋臭进ICU，确诊肉毒素中毒，肉毒素本身有毒吗？怎么用安全？
https://view.inews.qq.com/a/20241019Q02O8U00

2024-10-21 03:17:55,284 - INFO - EXPIRED
新加坡前总理李显龙：看衰中国极不明智，中国经济尚未见顶
https://new.qq.com/rain/a/20241019A05DVL00

2024-10-21 03:17:55,284 - INFO - EXPIRED
医学生晒与大体老师头骨合影引争议，“大体老师”是什么概念？这样拍照合适吗？
https://view.inews.qq.com/a/20241018Q084VI00

2024-10-21 03:17:55,284 - INFO - EXPIRED
怕特朗普上台，美国被曝加速援乌200亿美元贷款
https://new.qq.com/rain/a/20241019A076QE00

2024-10-21 03:17:55,284 - INFO - EXPIRED
普京称将不去巴西参加G20峰会，为何不去？是在担心什么吗？
https://view.inews.qq.com/a/20241019Q03G6K00

2024-10-21 03:17:55,284 - INFO - EXPIRED
医院勾结代孕机构？河南商丘：责令医院停业，5人被采取刑事强制措施
https://new.qq.com/rain/a/20241019A06OTJ00

2024-10-21 03:17:55,284 - INFO - EXPIRED
50岁重病病人因没户口三次辗转才入院，医生：我还从没遇到这样的事
https://new.qq.com/rain/a/20241018A05J1O00

2024-10-21 03:17:55,284 - INFO - EXPIRED
受权发布|中华人民共和国两用物项出口管制条例
https://new.qq.com/rain/a/20241019A071ER00

2024-10-21 03:17:55,284 - INFO - EXPIRED
网传广东十大工厂将迁到四川，相关企业：传闻不实
https://new.qq.com/rain/a/20241018A09LTH00

2024-10-21 03:17:55,951 - INFO - INVALID
居民医保为什么不能和车险一样，不出险降点费？官方答疑
https://new.qq.com/rain/a/20241021A00UZE00

2024-10-21 03:17:55,983 - INFO - EXIST
特朗普麦当劳打工 哈里斯深入共和党大本营 美国大选倒计时两人都拼了
https://new.qq.com/rain/a/20241021A00VJZ00

2024-10-21 03:17:56,020 - INFO - INVALID
美国一飞机在航展上坠毁，尚不清楚飞行员是否幸存
https://new.qq.com/rain/a/20241021A02I1T00

2024-10-21 03:17:56,025 - INFO - INVALID
高空扔8块砖2桶水3罐饮料砸死过路女子，男子被核准死刑、立即执行
https://new.qq.com/rain/a/20241021A01RSJ00

2024-10-21 03:17:56,052 - INFO - INVALID
第98家央企成立，“国家队”下场“收废品”
https://new.qq.com/rain/a/20241021A0081E00

2024-10-21 03:17:56,287 - INFO - INVALID
东部战区新闻发言人就美、加军舰过航台湾海峡发表谈话
https://new.qq.com/rain/a/20241021A00F8000

2024-10-21 03:17:56,317 - INFO - EXIST
A股首批！“回购增持再贷款”火速落地 规模已超百亿元 央企引领热潮
https://new.qq.com/rain/a/20241021A001P100

2024-10-21 03:17:56,446 - INFO - INVALID
网红“听泉赏宝”连线cos女主播，被批“是赏宝还是擦边”后光速下播
https://new.qq.com/rain/a/20241021A00R1G00

2024-10-21 03:17:56,450 - INFO - INVALID
5年期以上LPR下降25个基点 100万元30年房贷将少还5.1万元
https://new.qq.com/rain/a/20241021A01GW700

2024-10-21 03:17:56,456 - INFO - INVALID
大疆披露起诉五角大楼细节：起诉状长达56页，详述被列为“军工企业”不合理性
https://new.qq.com/rain/a/20241021A00OG500

2024-10-21 03:17:56,619 - INFO - INVALID
“连接南美和亚洲”！中企承建秘鲁钱凯港下月底试运营，美国酸了？
https://new.qq.com/rain/a/20241021A00OG600

2024-10-21 03:17:56,640 - INFO - EXIST
这事儿 _ 秸秆焚烧“禁改限”，背后啥原因？
https://new.qq.com/rain/a/20241021A00R5500

2024-10-21 03:17:56,848 - INFO - INVALID
男子向自民党总部投掷燃烧瓶并开车冲撞首相官邸，日本首相石破茂回应
https://new.qq.com/rain/a/20241021A00N2S00

2024-10-21 03:17:56,852 - INFO - INVALID
再创历史新高 亚市开盘金价达2754.01美元_盎司
https://new.qq.com/rain/a/20241021A01BEN00

2024-10-21 03:17:56,865 - INFO - INVALID
苹果内部承认：生成式AI技术落后竞品两年以上
https://new.qq.com/rain/a/20241021A019Y000

2024-10-21 04:09:38,931 - INFO - EXPIRED
董事长插兜离席，女校长莫名发笑，媒体：臭肉查清楚，臭脸也要说明白
https://new.qq.com/rain/a/20241020A047YH00

2024-10-21 04:09:38,931 - INFO - EXPIRED
韩方称朝1500名士兵已抵俄 乌机构：俄方发问卷 将为其发放俄军服
https://new.qq.com/rain/a/20241020A062G400

2024-10-21 04:09:38,931 - INFO - EXPIRED
政府补贴、餐费低廉，社区老人食堂究竟能不能赚钱
https://new.qq.com/rain/a/20241020A05L4500

2024-10-21 04:09:38,931 - INFO - EXPIRED
因施工不达标，成都一小区开发商拆除承重柱，且并未通知业委会和物业
https://new.qq.com/rain/a/20241020A071P100

2024-10-21 04:09:38,931 - INFO - EXPIRED
马斯克每天选1名摇摆州签名选民送100万美金，为何不抽100个1万？这算贿选吗？
https://view.inews.qq.com/a/20241020Q06QTJ00

2024-10-21 04:09:38,931 - INFO - EXPIRED
男子为讹钱，将3岁女儿抛向大货车致被碾身亡，已被执行死刑
https://new.qq.com/rain/a/20241020A05EXH00

2024-10-21 04:09:38,931 - INFO - EXPIRED
上海虹桥机场廊桥上有乘客背包起火，亲历者：我被困半小时“吸浓烟”
https://new.qq.com/rain/a/20241020A072JF00

2024-10-21 04:09:38,931 - INFO - EXPIRED
千万粉丝网红被举报涉嫌组织赌博：每人收5万保证金，群流水达1900万
https://new.qq.com/rain/a/20241020A04M3100

2024-10-21 04:09:38,931 - INFO - EXPIRED
13岁孩子遭学校同寝室友欺凌致死，媒体：和解就算“妥善处理”吗
https://new.qq.com/rain/a/20241020A079C700

2024-10-21 04:09:38,931 - INFO - EXPIRED
“村超”所在地贵州榕江85后县长拟任新职，曾“两次煎熬考研”进清华
https://new.qq.com/rain/a/20241020A068JM00

2024-10-21 04:09:38,931 - INFO - EXPIRED
陆川为拍《749局》近乎倾家荡产，庆幸自己是富二代不是创一代
https://new.qq.com/rain/a/20241020V0692B00

2024-10-21 04:09:38,931 - INFO - EXPIRED
男子在天府大道张开双臂站立骑电动车，已被警方传唤调查
https://new.qq.com/rain/a/20241020A0797H00

2024-10-21 04:09:38,931 - INFO - EXPIRED
3岁男童被父亲女友虐待致死 腿上疑有咬痕 生母：她称“能把我怎样”
https://new.qq.com/rain/a/20241020A053BS00

2024-10-21 04:09:38,931 - INFO - EXPIRED
苏丹形势发生重大变化
https://new.qq.com/rain/a/20241020A06IXO00

2024-10-21 04:09:38,931 - INFO - EXPIRED
青海一家长因对孩子考试成绩不满意，酒后在班级家长群辱骂老师被行拘4天
https://new.qq.com/rain/a/20241020A073AA00

2024-10-21 04:09:38,931 - INFO - EXPIRED
女子把降压药掰开吃不到半小时就昏迷，怎么半片就降这么快？药片都不能掰开吃？
https://view.inews.qq.com/a/20241020Q04UO700

2024-10-21 04:09:38,931 - INFO - EXPIRED
对话诺奖评委：授予辛顿物理学奖引发对AI风险的关注，是好的副作用
https://new.qq.com/rain/a/20241020A077QR00

2024-10-21 04:09:38,931 - INFO - EXPIRED
海南琼海市委书记田志强被带走，曾任落马省委书记罗保铭秘书
https://new.qq.com/rain/a/20241020A06RD500

2024-10-21 04:09:38,931 - INFO - EXPIRED
网传小西天保安透露涨工资被辞退？保安公司：涨薪前工资参考同行标准
https://new.qq.com/rain/a/20241020A06B7400

2024-10-21 04:09:38,931 - INFO - EXPIRED
广东揭阳男生在篮球场飞踹女生？警方通报：男生未满十四周岁不予处罚
https://new.qq.com/rain/a/20241020A06DJM00

2024-10-21 04:09:38,931 - INFO - EXPIRED
外媒：塞尔维亚总统武契奇与俄罗斯总统普京时隔两年半首次通话
https://new.qq.com/rain/a/20241020A065UQ00

2024-10-21 04:09:38,931 - INFO - EXPIRED
青海西宁一足疗馆暗藏“特殊服务”，组织多名妇女卖淫，4人被判刑
https://new.qq.com/rain/a/20241020A06CO300

2024-10-21 04:09:38,931 - INFO - EXPIRED
空间科学规划中提到我们也要探测引力波，美国已探测到了，为何我们还要探测？
https://view.inews.qq.com/a/20241020Q00J8700

2024-10-21 04:09:38,931 - INFO - EXPIRED
算不算贿选？马斯克：6个摇摆州选民签名，每天选一人送100万美元
https://new.qq.com/rain/a/20241020A05CDN00

2024-10-21 04:09:38,931 - INFO - EXPIRED
安徽淮南火灾9名遇难者均来自河南：其中5人是同村的
https://new.qq.com/rain/a/20241020A065CM00

2024-10-21 04:09:38,931 - INFO - EXPIRED
“认罪放人，不认不放”？郑州28岁实习女店长拒不认罪后取保候审多次被拒
https://new.qq.com/rain/a/20241020A0558F00

2024-10-21 04:09:38,931 - INFO - EXPIRED
“给你转25元，不要给我差评”，骑手带着患儿送外卖？美团回应
https://new.qq.com/rain/a/20241020A05YMZ00

2024-10-21 04:09:38,931 - INFO - EXPIRED
重罚普华永道月余！公募解约潮继续，20多家公募、400多只产品改聘
https://new.qq.com/rain/a/20241020A06FPP00

2024-10-21 04:09:38,931 - INFO - EXPIRED
“14天婴儿换一袋子钞票”？江苏江阴卫健委：正配合警方调查
https://new.qq.com/rain/a/20241020A058W400

2024-10-21 04:09:38,932 - INFO - EXPIRED
村规，违建房，与一名残障未婚女的宅基地执念
https://new.qq.com/rain/a/20241019A089LU00

2024-10-21 04:09:38,932 - INFO - EXPIRED
以色列准备袭击伊朗的绝密情报遭泄露，为何会有这种漏洞？有可能是谁干的？
https://view.inews.qq.com/a/20241020Q04BCG00

2024-10-21 04:09:38,932 - INFO - EXPIRED
谁还在买黄金？首饰金价涨破800元大关，较年初累计上涨超180元
https://new.qq.com/rain/a/20241020A04MRL00

2024-10-21 04:09:38,932 - INFO - EXPIRED
七国集团举行防长会议，意大利防长放话：G7必须像牛虻，蜇醒全世界
https://new.qq.com/rain/a/20241020A04AYF00

2024-10-21 04:09:38,932 - INFO - EXPIRED
佐科的 “十年遗产”：“爪哇智慧”铺就印尼的“黄金之路”
https://new.qq.com/rain/a/20241020A051LM00

2024-10-21 04:09:38,932 - INFO - EXPIRED
我国科学家烧制出“月壤砖”，这种砖与普通砖有什么不同？何时去月球盖房子？
https://view.inews.qq.com/a/20241019Q07D4G00

2024-10-21 04:09:38,932 - INFO - EXPIRED
今年初雪来了？北京延庆等地出现降雪
https://new.qq.com/rain/a/20241020V051MP00

2024-10-21 04:09:38,932 - INFO - EXPIRED
中办、国办印发《关于加快推动博士研究生教育高质量发展的意见》
https://new.qq.com/rain/a/20241020A05GNC00

2024-10-21 04:09:38,932 - INFO - EXPIRED
江西一家三口被撞死，肇事者父亲称儿子上手不到一天半，这理由有用吗？能减轻处罚吗？
https://view.inews.qq.com/a/20241020Q01KC900

2024-10-21 04:09:38,932 - INFO - EXPIRED
两位中央纪委委员，职务对调
https://new.qq.com/rain/a/20241020A01RAK00

2024-10-21 04:09:38,932 - INFO - EXPIRED
小西天保安大叔因透露涨工资被辞退？文旅局长：调轻松岗位，他没听清
https://new.qq.com/rain/a/20241020A03SRE00

2024-10-21 04:09:38,932 - INFO - EXPIRED
夜间交易出生14天的男婴，钞票装满塑料袋！江苏无锡：已抓获部分人员
https://new.qq.com/rain/a/20241020A03FFA00

2024-10-21 04:09:38,932 - INFO - EXPIRED
证监会：统筹推动融资端和投资端改革，逐步实现IPO常态化
https://new.qq.com/rain/a/20241020A04AE600

2024-10-21 04:09:38,932 - INFO - EXPIRED
古巴陷入“三十年来最长时间停电”，国内能源短缺加重
https://new.qq.com/rain/a/20241020A03EZ200

2024-10-21 04:09:38,932 - INFO - EXPIRED
3岁男童受虐致死，生母哭诉：他爸爸曾要求撤诉，说不要尸检尽快安葬
https://new.qq.com/rain/a/20241020V033SU00

2024-10-21 04:09:38,932 - INFO - EXPIRED
中国顶尖城市，重磅定位来了！
https://new.qq.com/rain/a/20241019A072GH00

2024-10-21 04:09:38,932 - INFO - EXPIRED
G7支持乌“不可逆转”的入北约之路，乌防长再谈“胜利计划”
https://new.qq.com/rain/a/20241020A03EK500

2024-10-21 04:09:38,932 - INFO - EXPIRED
湖南宁远一纪委干部在工作地点坠楼身亡 同事：他有抑郁症 曾多次就医
https://new.qq.com/rain/a/20241020A02X0H00

2024-10-21 04:09:38,932 - INFO - EXPIRED
山西临汾古县警方：我县发生一起恶性刑事案件，犯罪嫌疑人作案后逃匿，已被抓获
https://new.qq.com/rain/a/20241020A0447C00

2024-10-21 04:09:38,932 - INFO - EXPIRED
整治违规借调进行时：湖南吉林各清退3000多人，保障基层工作力量
https://new.qq.com/rain/a/20241020A03WB300

2024-10-21 04:09:38,932 - INFO - EXPIRED
20年老经销商的商海浮沉：曾为茅台“恩人”，今成“伤心人”
https://new.qq.com/rain/a/20241019A08BKR00

2024-10-21 04:09:38,932 - INFO - EXPIRED
女友叶珂称伍佰的歌猥琐被网友吐槽，黄晓明：能让大家乐呵一下也行
https://new.qq.com/rain/a/20241020A02E3N00

2024-10-21 04:09:38,932 - INFO - EXPIRED
惨烈车祸致3人死亡，摩托车时速疑超150公里，后座女子被甩飞近百米
https://new.qq.com/rain/a/20241020A03LDK00

2024-10-21 04:09:38,932 - INFO - EXPIRED
中国汽车“十年狂飙”：以前外形时髦是先锋，如今设计超前可能成先烈
https://new.qq.com/rain/a/20241020A01KK900

2024-10-21 04:09:38,932 - INFO - EXPIRED
普拉博沃宣誓就职，成为印尼第八任总统
https://new.qq.com/rain/a/20241020A03B5800

2024-10-21 04:09:38,932 - INFO - EXPIRED
哥哥考上北大，弟弟只能辍学卖苹果？博主请男孩当演员每天给200元
https://new.qq.com/rain/a/20241018A089M500

2024-10-21 04:09:38,932 - INFO - EXPIRED
深圳市政协副主席王幼鹏任上被查，曾在73人死亡事故中负重要领导责任
https://new.qq.com/rain/a/20241020A02QW800

2024-10-21 04:09:38,932 - INFO - EXPIRED
证书挂靠陷阱：骗子说花几千办证能赚几万元，受害者多为刚毕业大学生
https://new.qq.com/rain/a/20241019V084T600

2024-10-21 04:09:38,932 - INFO - EXPIRED
马斯克宣布每日随机向美国选民发放100万美元，直到大选日
https://new.qq.com/rain/a/20241020A02D7H00

2024-10-21 04:09:38,932 - INFO - EXPIRED
江西一家三口被撞身亡，肇事司机父亲回应事故原因争议：车刚买5天
https://new.qq.com/rain/a/20241020A0197A00

2024-10-21 04:09:38,932 - INFO - EXPIRED
以色列准备袭击伊朗的绝密情报遭泄露 美国政府已展开调查
https://new.qq.com/rain/a/20241020A00SH400

2024-10-21 04:09:38,932 - INFO - EXPIRED
新一股冷空气致局地降温10℃以上，中东部将有大范围降水过程
https://new.qq.com/rain/a/20241020A01GVG00

2024-10-21 04:09:38,932 - INFO - EXPIRED
小西天景区一保安大叔疑因透露涨薪500元被辞退：我也没说错什么话
https://new.qq.com/rain/a/20241020A02AX200

2024-10-21 04:09:38,932 - INFO - EXPIRED
父亲被杀，凶手脱罪：儿子将母亲送上被告席
https://new.qq.com/rain/a/20241019A08B9R00

2024-10-21 04:09:38,932 - INFO - EXPIRED
致9死安徽淮南自建房火灾亲历者：撤离时只穿内裤 堂弟从二楼跳下逃生
https://new.qq.com/rain/a/20241019A08C3O00

2024-10-21 04:09:38,932 - INFO - EXPIRED
14岁留守女孩疑遭45岁补习班男子拍裸照性侵，已怀孕19周被迫做人流
https://new.qq.com/rain/a/20241020A0280R00

2024-10-21 04:09:38,932 - INFO - EXPIRED
哥哥读北大弟弟只能辍学卖苹果？“摆拍卖惨”营销再现，当地启动调查
https://new.qq.com/rain/a/20241020A018M400

2024-10-21 04:09:38,932 - INFO - EXPIRED
一条“呐喊”的朋友圈背后：30%的写字楼空置率怎么办？
https://new.qq.com/rain/a/20241020A00JK000

2024-10-21 04:09:38,932 - INFO - EXPIRED
投行罚单“刷屏”：11家机构被罚，2家债券承销业务被暂停半年
https://new.qq.com/rain/a/20241020A0152I00

2024-10-21 04:09:38,932 - INFO - EXPIRED
乡长下村工作时制止犯罪被刺身亡，官方通报：已按程序认定因公牺牲
https://new.qq.com/rain/a/20241020A00ZF500

2024-10-21 04:09:38,932 - INFO - EXPIRED
"消失"的大主播们，赶在双11前回归
https://new.qq.com/rain/a/20241019A07XC800

2024-10-21 04:09:38,932 - INFO - EXPIRED
生完双胞胎又怀三胞胎的95后妈妈：都是自然受孕，想要女儿
https://new.qq.com/rain/a/20241019A04Z7900

2024-10-21 04:09:38,932 - INFO - EXPIRED
中国男子在菲律宾火锅店遭枪杀，华人枪手在逃，抓到后如何处理？会到中国服刑吗？
https://view.inews.qq.com/a/20241019Q05RHG00

2024-10-21 04:09:38,932 - INFO - EXPIRED
量化巨头幻方量化舍弃对冲专注多头投资，业内表态：不跟
https://new.qq.com/rain/a/20241019A08DV200

2024-10-21 04:09:38,932 - INFO - EXPIRED
重庆一男子持刀砍伤一家具店员工，警方：在接受审问时胡言乱语
https://new.qq.com/rain/a/20241019A0828600

2024-10-21 04:09:38,932 - INFO - EXPIRED
安徽淮南自建房火灾致9死，自建房为何频频出事？自建4层小别墅符合安全规定吗？
https://view.inews.qq.com/a/20241020Q01RES00

2024-10-21 04:09:38,932 - INFO - EXPIRED
日本东京清晨惊魂，“政治中心”接连遇袭
https://new.qq.com/rain/a/20241019A0629I00

2024-10-21 04:09:38,932 - INFO - EXPIRED
地方官员“空降”酒企高管，廖俊出任泸州老窖集团总裁
https://new.qq.com/rain/a/20241019A07B6300

2024-10-21 04:09:38,932 - INFO - EXPIRED
菲律宾马尼拉发生枪击案造成一名中国公民死亡 中国驻菲使馆回应
https://new.qq.com/rain/a/20241019A07XC300

2024-10-21 04:09:38,932 - INFO - EXPIRED
四川自贡观测到恶性外来入侵物种：它们曾团灭太平洋多个岛屿原生蜗牛
https://new.qq.com/rain/a/20241019A064FD00

2024-10-21 04:09:38,932 - INFO - EXPIRED
双胞胎治腋臭进ICU，确诊肉毒素中毒，肉毒素本身有毒吗？怎么用安全？
https://view.inews.qq.com/a/20241019Q02O8U00

2024-10-21 04:09:38,932 - INFO - EXPIRED
新加坡前总理李显龙：看衰中国极不明智，中国经济尚未见顶
https://new.qq.com/rain/a/20241019A05DVL00

2024-10-21 04:09:39,480 - INFO - INVALID
男子高空抛物致死案被核准死刑立即执行，受害者家属：他听到判决还笑
https://new.qq.com/rain/a/20241021A03DAZ00

2024-10-21 04:09:39,498 - INFO - INVALID
巴西总统取消赴俄出席金砖峰会与普京有关？克宫回应
https://new.qq.com/rain/a/20241021A02EAO00

2024-10-21 04:09:39,566 - INFO - INVALID
第98家央企成立，“国家队”下场“收废品”
https://new.qq.com/rain/a/20241021A0081E00

2024-10-21 04:09:39,655 - INFO - INVALID
居民医保为什么不能和车险一样，不出险降低点费用
https://new.qq.com/rain/a/20241021A00Q1K00

2024-10-21 04:09:39,729 - INFO - INVALID
美国一飞机在航展上坠毁，尚不清楚飞行员是否幸存
https://new.qq.com/rain/a/20241021A02I1T00

2024-10-21 04:09:39,782 - INFO - INVALID
台防务部门现重大疏失！台媒：顾立雄、台军将官及情报员财产、姓名资料泄露
https://new.qq.com/rain/a/20241021A02I6L00

2024-10-21 04:09:39,928 - INFO - INVALID
东部战区新闻发言人就美、加军舰过航台湾海峡发表谈话
https://new.qq.com/rain/a/20241021A00F8000

2024-10-21 04:09:39,977 - INFO - EXIST
A股首批！“回购增持再贷款”火速落地 规模已超百亿元 央企引领热潮
https://new.qq.com/rain/a/20241021A001P100

2024-10-21 04:09:39,982 - INFO - EXIST
特朗普麦当劳打工 哈里斯深入共和党大本营 美国大选倒计时两人都拼了
https://new.qq.com/rain/a/20241021A00VJZ00

2024-10-21 04:09:40,105 - INFO - INVALID
大疆披露起诉五角大楼细节：起诉状长达56页，详述被列为“军工企业”不合理性
https://new.qq.com/rain/a/20241021A00OG500

2024-10-21 04:09:40,166 - INFO - INVALID
5年期以上LPR下降25个基点 100万元30年房贷将少还5.1万元
https://new.qq.com/rain/a/20241021A01GW700

2024-10-21 04:09:40,221 - INFO - INVALID
网红“听泉赏宝”连线cos女主播，被批“是赏宝还是擦边”后光速下播
https://new.qq.com/rain/a/20241021A00R1G00

2024-10-21 04:09:40,290 - INFO - INVALID
“连接南美和亚洲”！中企承建秘鲁钱凯港下月底试运营，美国酸了？
https://new.qq.com/rain/a/20241021A00OG600

2024-10-21 04:09:40,355 - INFO - EXIST
这事儿 _ 秸秆焚烧“禁改限”，背后啥原因？
https://new.qq.com/rain/a/20241021A00R5500

2024-10-21 04:09:40,359 - ERROR - ERROR
机器狗在泰山练习负重爬山，负重80斤步履稳健，挑山工要失业了吗？
https://view.inews.qq.com/a/20241021Q00WQJ00
('list index out of range',)
======
Traceback (most recent call last):
  File "/home/runner/work/qqnews/qqnews/qq.py", line 81, in process_article
    ss = str(tmpbs.select("div.LEFT div.content.clearfix")[0])
             ~~~~~~~~~~~~~~~~~~~~~~~~~~~~~~~~~~~~~~~~~~~~~^^^
IndexError: list index out of range


2024-10-21 04:09:40,395 - INFO - INVALID
高空扔8块砖2桶水3罐饮料砸死过路女子，男子被核准死刑、立即执行
https://new.qq.com/rain/a/20241021A01RSJ00

2024-10-21 04:09:40,534 - INFO - INVALID
再创历史新高 亚市开盘金价达2754.01美元_盎司
https://new.qq.com/rain/a/20241021A01BEN00

2024-10-21 04:09:40,538 - INFO - INVALID
苹果内部承认：生成式AI技术落后竞品两年以上
https://new.qq.com/rain/a/20241021A019Y000

2024-10-21 04:09:40,666 - INFO - INVALID
男子向自民党总部投掷燃烧瓶并开车冲撞首相官邸，日本首相石破茂回应
https://new.qq.com/rain/a/20241021A00N2S00

2024-10-21 05:01:03,410 - INFO - EXPIRED
董事长插兜离席，女校长莫名发笑，媒体：臭肉查清楚，臭脸也要说明白
https://new.qq.com/rain/a/20241020A047YH00

2024-10-21 05:01:03,410 - INFO - EXPIRED
韩方称朝1500名士兵已抵俄 乌机构：俄方发问卷 将为其发放俄军服
https://new.qq.com/rain/a/20241020A062G400

2024-10-21 05:01:03,410 - INFO - EXPIRED
经观头条｜绝望的“榜一大嫂”
https://new.qq.com/rain/a/20241018A0AMCM00

2024-10-21 05:01:03,410 - INFO - EXPIRED
政府补贴、餐费低廉，社区老人食堂究竟能不能赚钱
https://new.qq.com/rain/a/20241020A05L4500

2024-10-21 05:01:03,410 - INFO - EXPIRED
江苏一海闸受损虾棚遭海水倒灌？闸管所：闸外滩涂养殖场因涨潮受损
https://new.qq.com/rain/a/20241020V03IFF00

2024-10-21 05:01:03,410 - INFO - EXPIRED
因施工不达标，成都一小区开发商拆除承重柱，且并未通知业委会和物业
https://new.qq.com/rain/a/20241020A071P100

2024-10-21 05:01:03,410 - INFO - EXPIRED
马斯克每天选1名摇摆州签名选民送100万美金，为何不抽100个1万？这算贿选吗？
https://view.inews.qq.com/a/20241020Q06QTJ00

2024-10-21 05:01:03,410 - INFO - EXPIRED
男子为讹钱，将3岁女儿抛向大货车致被碾身亡，已被执行死刑
https://new.qq.com/rain/a/20241020A05EXH00

2024-10-21 05:01:03,410 - INFO - EXPIRED
上海虹桥机场廊桥上有乘客背包起火，亲历者：我被困半小时“吸浓烟”
https://new.qq.com/rain/a/20241020A072JF00

2024-10-21 05:01:03,410 - INFO - EXPIRED
千万粉丝网红被举报涉嫌组织赌博：每人收5万保证金，群流水达1900万
https://new.qq.com/rain/a/20241020A04M3100

2024-10-21 05:01:03,410 - INFO - EXPIRED
13岁孩子遭学校同寝室友欺凌致死，媒体：和解就算“妥善处理”吗
https://new.qq.com/rain/a/20241020A079C700

2024-10-21 05:01:03,410 - INFO - EXPIRED
“村超”所在地贵州榕江85后县长拟任新职，曾“两次煎熬考研”进清华
https://new.qq.com/rain/a/20241020A068JM00

2024-10-21 05:01:03,410 - INFO - EXPIRED
陆川为拍《749局》近乎倾家荡产，庆幸自己是富二代不是创一代
https://new.qq.com/rain/a/20241020V0692B00

2024-10-21 05:01:03,410 - INFO - EXPIRED
男子在天府大道张开双臂站立骑电动车，已被警方传唤调查
https://new.qq.com/rain/a/20241020A0797H00

2024-10-21 05:01:03,410 - INFO - EXPIRED
3岁男童被父亲女友虐待致死 腿上疑有咬痕 生母：她称“能把我怎样”
https://new.qq.com/rain/a/20241020A053BS00

2024-10-21 05:01:03,410 - INFO - EXPIRED
苏丹形势发生重大变化
https://new.qq.com/rain/a/20241020A06IXO00

2024-10-21 05:01:03,410 - INFO - EXPIRED
青海一家长因对孩子考试成绩不满意，酒后在班级家长群辱骂老师被行拘4天
https://new.qq.com/rain/a/20241020A073AA00

2024-10-21 05:01:03,410 - INFO - EXPIRED
女子把降压药掰开吃不到半小时就昏迷，怎么半片就降这么快？药片都不能掰开吃？
https://view.inews.qq.com/a/20241020Q04UO700

2024-10-21 05:01:03,411 - INFO - EXPIRED
对话诺奖评委：授予辛顿物理学奖引发对AI风险的关注，是好的副作用
https://new.qq.com/rain/a/20241020A077QR00

2024-10-21 05:01:03,411 - INFO - EXPIRED
海南琼海市委书记田志强被带走，曾任落马省委书记罗保铭秘书
https://new.qq.com/rain/a/20241020A06RD500

2024-10-21 05:01:03,411 - INFO - EXPIRED
网传小西天保安透露涨工资被辞退？保安公司：涨薪前工资参考同行标准
https://new.qq.com/rain/a/20241020A06B7400

2024-10-21 05:01:03,411 - INFO - EXPIRED
广东揭阳男生在篮球场飞踹女生？警方通报：男生未满十四周岁不予处罚
https://new.qq.com/rain/a/20241020A06DJM00

2024-10-21 05:01:03,411 - INFO - EXPIRED
外媒：塞尔维亚总统武契奇与俄罗斯总统普京时隔两年半首次通话
https://new.qq.com/rain/a/20241020A065UQ00

2024-10-21 05:01:03,411 - INFO - EXPIRED
青海西宁一足疗馆暗藏“特殊服务”，组织多名妇女卖淫，4人被判刑
https://new.qq.com/rain/a/20241020A06CO300

2024-10-21 05:01:03,411 - INFO - EXPIRED
空间科学规划中提到我们也要探测引力波，美国已探测到了，为何我们还要探测？
https://view.inews.qq.com/a/20241020Q00J8700

2024-10-21 05:01:03,411 - INFO - EXPIRED
算不算贿选？马斯克：6个摇摆州选民签名，每天选一人送100万美元
https://new.qq.com/rain/a/20241020A05CDN00

2024-10-21 05:01:03,411 - INFO - EXPIRED
安徽淮南火灾9名遇难者均来自河南：其中5人是同村的
https://new.qq.com/rain/a/20241020A065CM00

2024-10-21 05:01:03,411 - INFO - EXPIRED
“认罪放人，不认不放”？郑州28岁实习女店长拒不认罪后取保候审多次被拒
https://new.qq.com/rain/a/20241020A0558F00

2024-10-21 05:01:03,411 - INFO - EXPIRED
“给你转25元，不要给我差评”，骑手带着患儿送外卖？美团回应
https://new.qq.com/rain/a/20241020A05YMZ00

2024-10-21 05:01:03,411 - INFO - EXPIRED
重罚普华永道月余！公募解约潮继续，20多家公募、400多只产品改聘
https://new.qq.com/rain/a/20241020A06FPP00

2024-10-21 05:01:03,411 - INFO - EXPIRED
“14天婴儿换一袋子钞票”？江苏江阴卫健委：正配合警方调查
https://new.qq.com/rain/a/20241020A058W400

2024-10-21 05:01:03,411 - INFO - EXPIRED
村规，违建房，与一名残障未婚女的宅基地执念
https://new.qq.com/rain/a/20241019A089LU00

2024-10-21 05:01:03,411 - INFO - EXPIRED
以色列准备袭击伊朗的绝密情报遭泄露，为何会有这种漏洞？有可能是谁干的？
https://view.inews.qq.com/a/20241020Q04BCG00

2024-10-21 05:01:03,411 - INFO - EXPIRED
谁还在买黄金？首饰金价涨破800元大关，较年初累计上涨超180元
https://new.qq.com/rain/a/20241020A04MRL00

2024-10-21 05:01:03,411 - INFO - EXPIRED
七国集团举行防长会议，意大利防长放话：G7必须像牛虻，蜇醒全世界
https://new.qq.com/rain/a/20241020A04AYF00

2024-10-21 05:01:03,411 - INFO - EXPIRED
佐科的 “十年遗产”：“爪哇智慧”铺就印尼的“黄金之路”
https://new.qq.com/rain/a/20241020A051LM00

2024-10-21 05:01:03,411 - INFO - EXPIRED
我国科学家烧制出“月壤砖”，这种砖与普通砖有什么不同？何时去月球盖房子？
https://view.inews.qq.com/a/20241019Q07D4G00

2024-10-21 05:01:03,411 - INFO - EXPIRED
今年初雪来了？北京延庆等地出现降雪
https://new.qq.com/rain/a/20241020V051MP00

2024-10-21 05:01:03,411 - INFO - EXPIRED
中办、国办印发《关于加快推动博士研究生教育高质量发展的意见》
https://new.qq.com/rain/a/20241020A05GNC00

2024-10-21 05:01:03,411 - INFO - EXPIRED
江西一家三口被撞死，肇事者父亲称儿子上手不到一天半，这理由有用吗？能减轻处罚吗？
https://view.inews.qq.com/a/20241020Q01KC900

2024-10-21 05:01:03,411 - INFO - EXPIRED
两位中央纪委委员，职务对调
https://new.qq.com/rain/a/20241020A01RAK00

2024-10-21 05:01:03,411 - INFO - EXPIRED
小西天保安大叔因透露涨工资被辞退？文旅局长：调轻松岗位，他没听清
https://new.qq.com/rain/a/20241020A03SRE00

2024-10-21 05:01:03,411 - INFO - EXPIRED
夜间交易出生14天的男婴，钞票装满塑料袋！江苏无锡：已抓获部分人员
https://new.qq.com/rain/a/20241020A03FFA00

2024-10-21 05:01:03,411 - INFO - EXPIRED
证监会：统筹推动融资端和投资端改革，逐步实现IPO常态化
https://new.qq.com/rain/a/20241020A04AE600

2024-10-21 05:01:03,411 - INFO - EXPIRED
古巴陷入“三十年来最长时间停电”，国内能源短缺加重
https://new.qq.com/rain/a/20241020A03EZ200

2024-10-21 05:01:03,411 - INFO - EXPIRED
3岁男童受虐致死，生母哭诉：他爸爸曾要求撤诉，说不要尸检尽快安葬
https://new.qq.com/rain/a/20241020V033SU00

2024-10-21 05:01:03,411 - INFO - EXPIRED
中国顶尖城市，重磅定位来了！
https://new.qq.com/rain/a/20241019A072GH00

2024-10-21 05:01:03,411 - INFO - EXPIRED
G7支持乌“不可逆转”的入北约之路，乌防长再谈“胜利计划”
https://new.qq.com/rain/a/20241020A03EK500

2024-10-21 05:01:03,411 - INFO - EXPIRED
湖南宁远一纪委干部在工作地点坠楼身亡 同事：他有抑郁症 曾多次就医
https://new.qq.com/rain/a/20241020A02X0H00

2024-10-21 05:01:03,411 - INFO - EXPIRED
山西临汾古县警方：我县发生一起恶性刑事案件，犯罪嫌疑人作案后逃匿，已被抓获
https://new.qq.com/rain/a/20241020A0447C00

2024-10-21 05:01:03,411 - INFO - EXPIRED
整治违规借调进行时：湖南吉林各清退3000多人，保障基层工作力量
https://new.qq.com/rain/a/20241020A03WB300

2024-10-21 05:01:03,411 - INFO - EXPIRED
20年老经销商的商海浮沉：曾为茅台“恩人”，今成“伤心人”
https://new.qq.com/rain/a/20241019A08BKR00

2024-10-21 05:01:03,411 - INFO - EXPIRED
女友叶珂称伍佰的歌猥琐被网友吐槽，黄晓明：能让大家乐呵一下也行
https://new.qq.com/rain/a/20241020A02E3N00

2024-10-21 05:01:03,411 - INFO - EXPIRED
惨烈车祸致3人死亡，摩托车时速疑超150公里，后座女子被甩飞近百米
https://new.qq.com/rain/a/20241020A03LDK00

2024-10-21 05:01:03,411 - INFO - EXPIRED
中国汽车“十年狂飙”：以前外形时髦是先锋，如今设计超前可能成先烈
https://new.qq.com/rain/a/20241020A01KK900

2024-10-21 05:01:03,411 - INFO - EXPIRED
普拉博沃宣誓就职，成为印尼第八任总统
https://new.qq.com/rain/a/20241020A03B5800

2024-10-21 05:01:03,411 - INFO - EXPIRED
哥哥考上北大，弟弟只能辍学卖苹果？博主请男孩当演员每天给200元
https://new.qq.com/rain/a/20241018A089M500

2024-10-21 05:01:03,411 - INFO - EXPIRED
深圳市政协副主席王幼鹏任上被查，曾在73人死亡事故中负重要领导责任
https://new.qq.com/rain/a/20241020A02QW800

2024-10-21 05:01:03,411 - INFO - EXPIRED
证书挂靠陷阱：骗子说花几千办证能赚几万元，受害者多为刚毕业大学生
https://new.qq.com/rain/a/20241019V084T600

2024-10-21 05:01:03,411 - INFO - EXPIRED
马斯克宣布每日随机向美国选民发放100万美元，直到大选日
https://new.qq.com/rain/a/20241020A02D7H00

2024-10-21 05:01:03,411 - INFO - EXPIRED
江西一家三口被撞身亡，肇事司机父亲回应事故原因争议：车刚买5天
https://new.qq.com/rain/a/20241020A0197A00

2024-10-21 05:01:03,411 - INFO - EXPIRED
以色列准备袭击伊朗的绝密情报遭泄露 美国政府已展开调查
https://new.qq.com/rain/a/20241020A00SH400

2024-10-21 05:01:03,411 - INFO - EXPIRED
新一股冷空气致局地降温10℃以上，中东部将有大范围降水过程
https://new.qq.com/rain/a/20241020A01GVG00

2024-10-21 05:01:03,411 - INFO - EXPIRED
小西天景区一保安大叔疑因透露涨薪500元被辞退：我也没说错什么话
https://new.qq.com/rain/a/20241020A02AX200

2024-10-21 05:01:03,411 - INFO - EXPIRED
父亲被杀，凶手脱罪：儿子将母亲送上被告席
https://new.qq.com/rain/a/20241019A08B9R00

2024-10-21 05:01:03,411 - INFO - EXPIRED
致9死安徽淮南自建房火灾亲历者：撤离时只穿内裤 堂弟从二楼跳下逃生
https://new.qq.com/rain/a/20241019A08C3O00

2024-10-21 05:01:03,411 - INFO - EXPIRED
14岁留守女孩疑遭45岁补习班男子拍裸照性侵，已怀孕19周被迫做人流
https://new.qq.com/rain/a/20241020A0280R00

2024-10-21 05:01:03,411 - INFO - EXPIRED
哥哥读北大弟弟只能辍学卖苹果？“摆拍卖惨”营销再现，当地启动调查
https://new.qq.com/rain/a/20241020A018M400

2024-10-21 05:01:03,411 - INFO - EXPIRED
一条“呐喊”的朋友圈背后：30%的写字楼空置率怎么办？
https://new.qq.com/rain/a/20241020A00JK000

2024-10-21 05:01:03,411 - INFO - EXPIRED
投行罚单“刷屏”：11家机构被罚，2家债券承销业务被暂停半年
https://new.qq.com/rain/a/20241020A0152I00

2024-10-21 05:01:03,412 - INFO - EXPIRED
乡长下村工作时制止犯罪被刺身亡，官方通报：已按程序认定因公牺牲
https://new.qq.com/rain/a/20241020A00ZF500

2024-10-21 05:01:03,412 - INFO - EXPIRED
"消失"的大主播们，赶在双11前回归
https://new.qq.com/rain/a/20241019A07XC800

2024-10-21 05:01:03,412 - INFO - EXPIRED
生完双胞胎又怀三胞胎的95后妈妈：都是自然受孕，想要女儿
https://new.qq.com/rain/a/20241019A04Z7900

2024-10-21 05:01:03,412 - INFO - EXPIRED
中国男子在菲律宾火锅店遭枪杀，华人枪手在逃，抓到后如何处理？会到中国服刑吗？
https://view.inews.qq.com/a/20241019Q05RHG00

2024-10-21 05:01:03,412 - INFO - EXPIRED
量化巨头幻方量化舍弃对冲专注多头投资，业内表态：不跟
https://new.qq.com/rain/a/20241019A08DV200

2024-10-21 05:01:03,885 - INFO - INVALID
第98家央企成立，“国家队”下场“收废品”
https://new.qq.com/rain/a/20241021A0081E00

2024-10-21 05:01:03,964 - INFO - INVALID
乌军宣称袭击俄“最大军用炸药厂”，俄官方尚无回应
https://new.qq.com/rain/a/20241021A00MEF00

2024-10-21 05:01:03,984 - INFO - INVALID
男子高空抛物致死案被核准死刑立即执行，受害者家属：他听到判决还笑
https://new.qq.com/rain/a/20241021A03DAZ00

2024-10-21 05:01:04,116 - ERROR - ERROR
机器狗在泰山练习负重爬山，负重80斤步履稳健，挑山工要失业了吗？
https://view.inews.qq.com/a/20241021Q00WQJ00
('list index out of range',)
======
Traceback (most recent call last):
  File "/home/runner/work/qqnews/qqnews/qq.py", line 81, in process_article
    ss = str(tmpbs.select("div.LEFT div.content.clearfix")[0])
             ~~~~~~~~~~~~~~~~~~~~~~~~~~~~~~~~~~~~~~~~~~~~~^^^
IndexError: list index out of range


2024-10-21 05:01:04,136 - INFO - INVALID
普京不去巴西，卢拉不去喀山：为啥？
https://new.qq.com/rain/a/20241021A03L5G00

2024-10-21 05:01:04,228 - INFO - INVALID
瑞银上调中国GDP增长预测 四季度GDP环比增速有望上行至6.5%
https://new.qq.com/rain/a/20241021A033GD00

2024-10-21 05:01:04,244 - INFO - INVALID
辉煌不再！塞尔维亚地标建筑南斯拉夫酒店可能被拆除，引民众唏嘘
https://new.qq.com/rain/a/20241021A00MRD00

2024-10-21 05:01:04,301 - INFO - INVALID
耳蜗丢失男孩就读学校赔偿7成费用，母亲辟谣价值60万：是治疗总费用 
https://new.qq.com/rain/a/20241021A028KU00

2024-10-21 05:01:04,496 - INFO - INVALID
台防务部门现重大疏失！台媒：顾立雄、台军将官及情报员财产、姓名资料泄露
https://new.qq.com/rain/a/20241021A02I6L00

2024-10-21 05:01:04,565 - INFO - INVALID
居民医保为什么不能和车险一样，不出险降低点费用
https://new.qq.com/rain/a/20241021A00Q1K00

2024-10-21 05:01:04,671 - INFO - INVALID
美国一飞机在航展上坠毁，尚不清楚飞行员是否幸存
https://new.qq.com/rain/a/20241021A02I1T00

2024-10-21 05:01:04,678 - INFO - INVALID
比亚迪智驾变阵：整合自研，冲刺量产，目标让10万级车型也搭NOA
https://new.qq.com/rain/a/20241021A02YYD00

2024-10-21 05:01:04,697 - INFO - INVALID
“50岁霸总”，围猎空心老年人
https://new.qq.com/rain/a/20241021A02EDS00

2024-10-21 05:01:04,878 - INFO - INVALID
东部战区新闻发言人就美、加军舰过航台湾海峡发表谈话
https://new.qq.com/rain/a/20241021A00F8000

2024-10-21 05:01:04,990 - INFO - INVALID
大疆披露起诉五角大楼细节：起诉状长达56页，详述被列为“军工企业”不合理性
https://new.qq.com/rain/a/20241021A00OG500

2024-10-21 05:01:05,033 - INFO - INVALID
5年期以上LPR下降25个基点 100万元30年房贷将少还5.1万元
https://new.qq.com/rain/a/20241021A01GW700

2024-10-21 05:01:05,072 - INFO - EXIST
A股首批！“回购增持再贷款”火速落地 规模已超百亿元 央企引领热潮
https://new.qq.com/rain/a/20241021A001P100

2024-10-21 05:01:05,139 - INFO - EXIST
特朗普麦当劳打工 哈里斯深入共和党大本营 美国大选倒计时两人都拼了
https://new.qq.com/rain/a/20241021A00VJZ00

2024-10-21 05:01:05,215 - INFO - INVALID
网红“听泉赏宝”连线cos女主播，被批“是赏宝还是擦边”后光速下播
https://new.qq.com/rain/a/20241021A00R1G00

2024-10-21 05:01:05,310 - INFO - INVALID
“连接南美和亚洲”！中企承建秘鲁钱凯港下月底试运营，美国酸了？
https://new.qq.com/rain/a/20241021A00OG600

2024-10-21 05:01:05,387 - INFO - INVALID
再创历史新高 亚市开盘金价达2754.01美元_盎司
https://new.qq.com/rain/a/20241021A01BEN00

2024-10-21 05:01:05,395 - INFO - INVALID
高空扔8块砖2桶水3罐饮料砸死过路女子，男子被核准死刑、立即执行
https://new.qq.com/rain/a/20241021A01RSJ00

2024-10-21 05:01:05,437 - INFO - EXIST
这事儿 _ 秸秆焚烧“禁改限”，背后啥原因？
https://new.qq.com/rain/a/20241021A00R5500

2024-10-21 05:01:05,473 - INFO - INVALID
苹果内部承认：生成式AI技术落后竞品两年以上
https://new.qq.com/rain/a/20241021A019Y000

2024-10-21 05:01:05,734 - INFO - INVALID
男子向自民党总部投掷燃烧瓶并开车冲撞首相官邸，日本首相石破茂回应
https://new.qq.com/rain/a/20241021A00N2S00

2024-10-21 06:11:17,919 - INFO - EXPIRED
韩方称朝1500名士兵已抵俄 乌机构：俄方发问卷 将为其发放俄军服
https://new.qq.com/rain/a/20241020A062G400

2024-10-21 06:11:17,919 - INFO - EXPIRED
绝望的“榜一大嫂”：1600万家产被丈夫打赏女主播，告上法庭也追不回
https://new.qq.com/rain/a/20241018A0AMCM00

2024-10-21 06:11:17,919 - INFO - EXPIRED
政府补贴、餐费低廉，社区老人食堂究竟能不能赚钱
https://new.qq.com/rain/a/20241020A05L4500

2024-10-21 06:11:17,920 - INFO - EXPIRED
董事长插兜离席，女校长莫名发笑，媒体：臭肉查清楚，臭脸也要说明白
https://new.qq.com/rain/a/20241020A047YH00

2024-10-21 06:11:17,920 - INFO - EXPIRED
江苏一海闸受损虾棚遭海水倒灌？闸管所：闸外滩涂养殖场因涨潮受损
https://new.qq.com/rain/a/20241020V03IFF00

2024-10-21 06:11:17,920 - INFO - EXPIRED
因施工不达标，成都一小区开发商拆除承重柱，且并未通知业委会和物业
https://new.qq.com/rain/a/20241020A071P100

2024-10-21 06:11:17,920 - INFO - EXPIRED
马斯克每天选1名摇摆州签名选民送100万美金，为何不抽100个1万？这算贿选吗？
https://view.inews.qq.com/a/20241020Q06QTJ00

2024-10-21 06:11:17,920 - INFO - EXPIRED
男子为讹钱，将3岁女儿抛向大货车致被碾身亡，已被执行死刑
https://new.qq.com/rain/a/20241020A05EXH00

2024-10-21 06:11:17,920 - INFO - EXPIRED
上海虹桥机场廊桥上有乘客背包起火，亲历者：我被困半小时“吸浓烟”
https://new.qq.com/rain/a/20241020A072JF00

2024-10-21 06:11:17,920 - INFO - EXPIRED
千万粉丝网红被举报涉嫌组织赌博：每人收5万保证金，群流水达1900万
https://new.qq.com/rain/a/20241020A04M3100

2024-10-21 06:11:17,920 - INFO - EXPIRED
13岁孩子遭学校同寝室友欺凌致死，媒体：和解就算“妥善处理”吗
https://new.qq.com/rain/a/20241020A079C700

2024-10-21 06:11:17,920 - INFO - EXPIRED
“村超”所在地贵州榕江85后县长拟任新职，曾“两次煎熬考研”进清华
https://new.qq.com/rain/a/20241020A068JM00

2024-10-21 06:11:17,920 - INFO - EXPIRED
陆川为拍《749局》近乎倾家荡产，庆幸自己是富二代不是创一代
https://new.qq.com/rain/a/20241020V0692B00

2024-10-21 06:11:17,920 - INFO - EXPIRED
男子在天府大道张开双臂站立骑电动车，已被警方传唤调查
https://new.qq.com/rain/a/20241020A0797H00

2024-10-21 06:11:17,920 - INFO - EXPIRED
3岁男童被父亲女友虐待致死 腿上疑有咬痕 生母：她称“能把我怎样”
https://new.qq.com/rain/a/20241020A053BS00

2024-10-21 06:11:17,920 - INFO - EXPIRED
苏丹形势发生重大变化
https://new.qq.com/rain/a/20241020A06IXO00

2024-10-21 06:11:17,920 - INFO - EXPIRED
青海一家长因对孩子考试成绩不满意，酒后在班级家长群辱骂老师被行拘4天
https://new.qq.com/rain/a/20241020A073AA00

2024-10-21 06:11:17,920 - INFO - EXPIRED
女子把降压药掰开吃不到半小时就昏迷，怎么半片就降这么快？药片都不能掰开吃？
https://view.inews.qq.com/a/20241020Q04UO700

2024-10-21 06:11:17,920 - INFO - EXPIRED
对话诺奖评委：授予辛顿物理学奖引发对AI风险的关注，是好的副作用
https://new.qq.com/rain/a/20241020A077QR00

2024-10-21 06:11:17,920 - INFO - EXPIRED
海南琼海市委书记田志强被带走，曾任落马省委书记罗保铭秘书
https://new.qq.com/rain/a/20241020A06RD500

2024-10-21 06:11:17,920 - INFO - EXPIRED
网传小西天保安透露涨工资被辞退？保安公司：涨薪前工资参考同行标准
https://new.qq.com/rain/a/20241020A06B7400

2024-10-21 06:11:17,920 - INFO - EXPIRED
广东揭阳男生在篮球场飞踹女生？警方通报：男生未满十四周岁不予处罚
https://new.qq.com/rain/a/20241020A06DJM00

2024-10-21 06:11:17,920 - INFO - EXPIRED
外媒：塞尔维亚总统武契奇与俄罗斯总统普京时隔两年半首次通话
https://new.qq.com/rain/a/20241020A065UQ00

2024-10-21 06:11:17,920 - INFO - EXPIRED
青海西宁一足疗馆暗藏“特殊服务”，组织多名妇女卖淫，4人被判刑
https://new.qq.com/rain/a/20241020A06CO300

2024-10-21 06:11:17,920 - INFO - EXPIRED
空间科学规划中提到我们也要探测引力波，美国已探测到了，为何我们还要探测？
https://view.inews.qq.com/a/20241020Q00J8700

2024-10-21 06:11:17,920 - INFO - EXPIRED
算不算贿选？马斯克：6个摇摆州选民签名，每天选一人送100万美元
https://new.qq.com/rain/a/20241020A05CDN00

2024-10-21 06:11:17,920 - INFO - EXPIRED
安徽淮南火灾9名遇难者均来自河南：其中5人是同村的
https://new.qq.com/rain/a/20241020A065CM00

2024-10-21 06:11:17,920 - INFO - EXPIRED
“认罪放人，不认不放”？郑州28岁实习女店长拒不认罪后取保候审多次被拒
https://new.qq.com/rain/a/20241020A0558F00

2024-10-21 06:11:17,920 - INFO - EXPIRED
“给你转25元，不要给我差评”，骑手带着患儿送外卖？美团回应
https://new.qq.com/rain/a/20241020A05YMZ00

2024-10-21 06:11:17,920 - INFO - EXPIRED
重罚普华永道月余！公募解约潮继续，20多家公募、400多只产品改聘
https://new.qq.com/rain/a/20241020A06FPP00

2024-10-21 06:11:17,920 - INFO - EXPIRED
“14天婴儿换一袋子钞票”？江苏江阴卫健委：正配合警方调查
https://new.qq.com/rain/a/20241020A058W400

2024-10-21 06:11:17,920 - INFO - EXPIRED
村规，违建房，与一名残障未婚女的宅基地执念
https://new.qq.com/rain/a/20241019A089LU00

2024-10-21 06:11:17,920 - INFO - EXPIRED
以色列准备袭击伊朗的绝密情报遭泄露，为何会有这种漏洞？有可能是谁干的？
https://view.inews.qq.com/a/20241020Q04BCG00

2024-10-21 06:11:17,920 - INFO - EXPIRED
谁还在买黄金？首饰金价涨破800元大关，较年初累计上涨超180元
https://new.qq.com/rain/a/20241020A04MRL00

2024-10-21 06:11:17,920 - INFO - EXPIRED
七国集团举行防长会议，意大利防长放话：G7必须像牛虻，蜇醒全世界
https://new.qq.com/rain/a/20241020A04AYF00

2024-10-21 06:11:17,920 - INFO - EXPIRED
佐科的 “十年遗产”：“爪哇智慧”铺就印尼的“黄金之路”
https://new.qq.com/rain/a/20241020A051LM00

2024-10-21 06:11:17,920 - INFO - EXPIRED
我国科学家烧制出“月壤砖”，这种砖与普通砖有什么不同？何时去月球盖房子？
https://view.inews.qq.com/a/20241019Q07D4G00

2024-10-21 06:11:17,920 - INFO - EXPIRED
今年初雪来了？北京延庆等地出现降雪
https://new.qq.com/rain/a/20241020V051MP00

2024-10-21 06:11:17,920 - INFO - EXPIRED
中办、国办印发《关于加快推动博士研究生教育高质量发展的意见》
https://new.qq.com/rain/a/20241020A05GNC00

2024-10-21 06:11:17,920 - INFO - EXPIRED
江西一家三口被撞死，肇事者父亲称儿子上手不到一天半，这理由有用吗？能减轻处罚吗？
https://view.inews.qq.com/a/20241020Q01KC900

2024-10-21 06:11:17,920 - INFO - EXPIRED
两位中央纪委委员，职务对调
https://new.qq.com/rain/a/20241020A01RAK00

2024-10-21 06:11:17,920 - INFO - EXPIRED
小西天保安大叔因透露涨工资被辞退？文旅局长：调轻松岗位，他没听清
https://new.qq.com/rain/a/20241020A03SRE00

2024-10-21 06:11:17,920 - INFO - EXPIRED
夜间交易出生14天的男婴，钞票装满塑料袋！江苏无锡：已抓获部分人员
https://new.qq.com/rain/a/20241020A03FFA00

2024-10-21 06:11:17,920 - INFO - EXPIRED
证监会：统筹推动融资端和投资端改革，逐步实现IPO常态化
https://new.qq.com/rain/a/20241020A04AE600

2024-10-21 06:11:17,920 - INFO - EXPIRED
古巴陷入“三十年来最长时间停电”，国内能源短缺加重
https://new.qq.com/rain/a/20241020A03EZ200

2024-10-21 06:11:17,920 - INFO - EXPIRED
3岁男童受虐致死，生母哭诉：他爸爸曾要求撤诉，说不要尸检尽快安葬
https://new.qq.com/rain/a/20241020V033SU00

2024-10-21 06:11:17,920 - INFO - EXPIRED
中国顶尖城市，重磅定位来了！
https://new.qq.com/rain/a/20241019A072GH00

2024-10-21 06:11:17,920 - INFO - EXPIRED
G7支持乌“不可逆转”的入北约之路，乌防长再谈“胜利计划”
https://new.qq.com/rain/a/20241020A03EK500

2024-10-21 06:11:17,920 - INFO - EXPIRED
湖南宁远一纪委干部在工作地点坠楼身亡 同事：他有抑郁症 曾多次就医
https://new.qq.com/rain/a/20241020A02X0H00

2024-10-21 06:11:17,920 - INFO - EXPIRED
山西临汾古县警方：我县发生一起恶性刑事案件，犯罪嫌疑人作案后逃匿，已被抓获
https://new.qq.com/rain/a/20241020A0447C00

2024-10-21 06:11:17,920 - INFO - EXPIRED
整治违规借调进行时：湖南吉林各清退3000多人，保障基层工作力量
https://new.qq.com/rain/a/20241020A03WB300

2024-10-21 06:11:17,921 - INFO - EXPIRED
20年老经销商的商海浮沉：曾为茅台“恩人”，今成“伤心人”
https://new.qq.com/rain/a/20241019A08BKR00

2024-10-21 06:11:17,921 - INFO - EXPIRED
女友叶珂称伍佰的歌猥琐被网友吐槽，黄晓明：能让大家乐呵一下也行
https://new.qq.com/rain/a/20241020A02E3N00

2024-10-21 06:11:17,921 - INFO - EXPIRED
惨烈车祸致3人死亡，摩托车时速疑超150公里，后座女子被甩飞近百米
https://new.qq.com/rain/a/20241020A03LDK00

2024-10-21 06:11:17,921 - INFO - EXPIRED
中国汽车“十年狂飙”：以前外形时髦是先锋，如今设计超前可能成先烈
https://new.qq.com/rain/a/20241020A01KK900

2024-10-21 06:11:17,921 - INFO - EXPIRED
普拉博沃宣誓就职，成为印尼第八任总统
https://new.qq.com/rain/a/20241020A03B5800

2024-10-21 06:11:17,921 - INFO - EXPIRED
哥哥考上北大，弟弟只能辍学卖苹果？博主请男孩当演员每天给200元
https://new.qq.com/rain/a/20241018A089M500

2024-10-21 06:11:17,921 - INFO - EXPIRED
深圳市政协副主席王幼鹏任上被查，曾在73人死亡事故中负重要领导责任
https://new.qq.com/rain/a/20241020A02QW800

2024-10-21 06:11:17,921 - INFO - EXPIRED
证书挂靠陷阱：骗子说花几千办证能赚几万元，受害者多为刚毕业大学生
https://new.qq.com/rain/a/20241019V084T600

2024-10-21 06:11:17,921 - INFO - EXPIRED
马斯克宣布每日随机向美国选民发放100万美元，直到大选日
https://new.qq.com/rain/a/20241020A02D7H00

2024-10-21 06:11:17,921 - INFO - EXPIRED
江西一家三口被撞身亡，肇事司机父亲回应事故原因争议：车刚买5天
https://new.qq.com/rain/a/20241020A0197A00

2024-10-21 06:11:17,921 - INFO - EXPIRED
以色列准备袭击伊朗的绝密情报遭泄露 美国政府已展开调查
https://new.qq.com/rain/a/20241020A00SH400

2024-10-21 06:11:17,921 - INFO - EXPIRED
新一股冷空气致局地降温10℃以上，中东部将有大范围降水过程
https://new.qq.com/rain/a/20241020A01GVG00

2024-10-21 06:11:17,921 - INFO - EXPIRED
小西天景区一保安大叔疑因透露涨薪500元被辞退：我也没说错什么话
https://new.qq.com/rain/a/20241020A02AX200

2024-10-21 06:11:17,921 - INFO - EXPIRED
父亲被杀，凶手脱罪：儿子将母亲送上被告席
https://new.qq.com/rain/a/20241019A08B9R00

2024-10-21 06:11:17,921 - INFO - EXPIRED
致9死安徽淮南自建房火灾亲历者：撤离时只穿内裤 堂弟从二楼跳下逃生
https://new.qq.com/rain/a/20241019A08C3O00

2024-10-21 06:11:18,660 - INFO - INVALID
韩国外交部召见俄罗斯驻韩大使 抗议朝鲜派兵援俄
https://new.qq.com/rain/a/20241021A04ADC00

2024-10-21 06:11:18,674 - INFO - INVALID
吉林一国企擅自离岗16年的员工已返回公司，省国资委介入调查
https://new.qq.com/rain/a/20241021A0463H00

2024-10-21 06:11:18,683 - INFO - INVALID
广东一高校公示1477名录取新生拟放弃入学？校方回应：可能他们想复读
https://new.qq.com/rain/a/20241021A03KN100

2024-10-21 06:11:18,837 - INFO - INVALID
没有人能“杀死”中芯国际
https://new.qq.com/rain/a/20241021A040BN00

2024-10-21 06:11:18,975 - INFO - INVALID
乌军宣称袭击俄“最大军用炸药厂”，俄官方尚无回应
https://new.qq.com/rain/a/20241021A00MEF00

2024-10-21 06:11:19,077 - INFO - INVALID
西安情侣夜爬秦岭冰晶顶看云海失温遇难，亲属：已运回老家安葬
https://new.qq.com/rain/a/20241021A03YD200

2024-10-21 06:11:19,116 - INFO - INVALID
普京不去巴西，卢拉不去喀山：为啥？
https://new.qq.com/rain/a/20241021A03L5G00

2024-10-21 06:11:19,128 - INFO - INVALID
郭德纲获聘中华文化促进会副主席、天津评剧院名誉院长
https://new.qq.com/rain/a/20241021A038F000

2024-10-21 06:11:19,403 - ERROR - ERROR
吉林一国企离岗16年的员工已返回公司 国资委介入调查
https://new.qq.com/rain/a/20241021V040VT00
('list index out of range',)
======
Traceback (most recent call last):
  File "/home/runner/work/qqnews/qqnews/qq.py", line 81, in process_article
    ss = str(tmpbs.select("div.LEFT div.content.clearfix")[0])
             ~~~~~~~~~~~~~~~~~~~~~~~~~~~~~~~~~~~~~~~~~~~~~^^^
IndexError: list index out of range


2024-10-21 06:11:19,426 - INFO - INVALID
手工耿个人独资工作室已注销，停更近5月，曾表示要控制自己挣钱
https://new.qq.com/rain/a/20241021A03V0V00

2024-10-21 06:11:19,466 - INFO - INVALID
第98家央企成立，“国家队”下场“收废品”
https://new.qq.com/rain/a/20241021A0081E00

2024-10-21 06:11:19,718 - INFO - INVALID
耳蜗丢失男孩就读学校赔偿7成费用，母亲辟谣价值60万：是治疗总费用 
https://new.qq.com/rain/a/20241021A028KU00

2024-10-21 06:11:19,754 - INFO - INVALID
瑞银上调中国GDP增长预测 四季度GDP环比增速有望上行至6.5%
https://new.qq.com/rain/a/20241021A033GD00

2024-10-21 06:11:19,759 - INFO - INVALID
辉煌不再！塞尔维亚地标建筑南斯拉夫酒店可能被拆除，引民众唏嘘
https://new.qq.com/rain/a/20241021A00MRD00

2024-10-21 06:11:19,932 - ERROR - ERROR
成都一小区承重柱质量不达标，钢筋弯曲明显，这问题严重吗？还能修复好吗？
https://view.inews.qq.com/a/20241021Q023QT00
('list index out of range',)
======
Traceback (most recent call last):
  File "/home/runner/work/qqnews/qqnews/qq.py", line 81, in process_article
    ss = str(tmpbs.select("div.LEFT div.content.clearfix")[0])
             ~~~~~~~~~~~~~~~~~~~~~~~~~~~~~~~~~~~~~~~~~~~~~^^^
IndexError: list index out of range


2024-10-21 06:11:19,957 - ERROR - ERROR
机器狗在泰山练习负重爬山，负重80斤步履稳健，挑山工要失业了吗？
https://view.inews.qq.com/a/20241021Q00WQJ00
('list index out of range',)
======
Traceback (most recent call last):
  File "/home/runner/work/qqnews/qqnews/qq.py", line 81, in process_article
    ss = str(tmpbs.select("div.LEFT div.content.clearfix")[0])
             ~~~~~~~~~~~~~~~~~~~~~~~~~~~~~~~~~~~~~~~~~~~~~^^^
IndexError: list index out of range


2024-10-21 06:11:20,069 - INFO - INVALID
男子高空抛物致死案被核准死刑立即执行，受害者家属：他听到判决还笑
https://new.qq.com/rain/a/20241021A03DAZ00

2024-10-21 06:11:20,234 - INFO - INVALID
比亚迪智驾变阵：整合自研，冲刺量产，目标让10万级车型也搭NOA
https://new.qq.com/rain/a/20241021A02YYD00

2024-10-21 06:11:20,260 - INFO - INVALID
台防务部门现重大疏失！台媒：顾立雄、台军将官及情报员财产、姓名资料泄露
https://new.qq.com/rain/a/20241021A02I6L00

2024-10-21 06:11:20,284 - INFO - INVALID
“50岁霸总”，围猎空心老年人
https://new.qq.com/rain/a/20241021A02EDS00

2024-10-21 06:11:20,301 - INFO - INVALID
居民医保为什么不能和车险一样，不出险降低点费用
https://new.qq.com/rain/a/20241021A00Q1K00

2024-10-21 06:11:20,357 - INFO - INVALID
美国一飞机在航展上坠毁，尚不清楚飞行员是否幸存
https://new.qq.com/rain/a/20241021A02I1T00

2024-10-21 06:11:20,577 - INFO - EXIST
A股首批！“回购增持再贷款”火速落地 规模已超百亿元 央企引领热潮
https://new.qq.com/rain/a/20241021A001P100

2024-10-21 06:11:20,588 - INFO - INVALID
大疆披露起诉五角大楼细节：起诉状长达56页，详述被列为“军工企业”不合理性
https://new.qq.com/rain/a/20241021A00OG500

2024-10-21 06:11:20,654 - INFO - INVALID
5年期以上LPR下降25个基点 100万元30年房贷将少还5.1万元
https://new.qq.com/rain/a/20241021A01GW700

2024-10-21 06:11:20,681 - INFO - INVALID
东部战区新闻发言人就美、加军舰过航台湾海峡发表谈话
https://new.qq.com/rain/a/20241021A00F8000

2024-10-21 06:11:20,721 - INFO - EXIST
特朗普麦当劳打工 哈里斯深入共和党大本营 美国大选倒计时两人都拼了
https://new.qq.com/rain/a/20241021A00VJZ00

2024-10-21 06:11:20,933 - INFO - INVALID
网红“听泉赏宝”连线cos女主播，被批“是赏宝还是擦边”后光速下播
https://new.qq.com/rain/a/20241021A00R1G00

2024-10-21 06:11:20,951 - INFO - INVALID
“连接南美和亚洲”！中企承建秘鲁钱凯港下月底试运营，美国酸了？
https://new.qq.com/rain/a/20241021A00OG600

2024-10-21 06:11:20,958 - INFO - INVALID
高空扔8块砖2桶水3罐饮料砸死过路女子，男子被核准死刑、立即执行
https://new.qq.com/rain/a/20241021A01RSJ00

2024-10-21 06:11:21,005 - INFO - INVALID
再创历史新高 亚市开盘金价达2754.01美元_盎司
https://new.qq.com/rain/a/20241021A01BEN00

2024-10-21 06:11:21,013 - INFO - EXIST
这事儿 _ 秸秆焚烧“禁改限”，背后啥原因？
https://new.qq.com/rain/a/20241021A00R5500

2024-10-21 06:11:21,247 - INFO - INVALID
男子向自民党总部投掷燃烧瓶并开车冲撞首相官邸，日本首相石破茂回应
https://new.qq.com/rain/a/20241021A00N2S00

2024-10-21 06:11:21,254 - INFO - INVALID
苹果内部承认：生成式AI技术落后竞品两年以上
https://new.qq.com/rain/a/20241021A019Y000

2024-10-21 07:08:14,279 - INFO - EXPIRED
韩方称朝1500名士兵已抵俄 乌机构：俄方发问卷 将为其发放俄军服
https://new.qq.com/rain/a/20241020A062G400

2024-10-21 07:08:14,279 - INFO - EXPIRED
绝望的“榜一大嫂”：1600万家产被丈夫打赏女主播，告上法庭也追不回
https://new.qq.com/rain/a/20241018A0AMCM00

2024-10-21 07:08:14,279 - INFO - EXPIRED
政府补贴、餐费低廉，社区老人食堂究竟能不能赚钱
https://new.qq.com/rain/a/20241020A05L4500

2024-10-21 07:08:14,279 - INFO - EXPIRED
董事长插兜离席，女校长莫名发笑，媒体：臭肉查清楚，臭脸也要说明白
https://new.qq.com/rain/a/20241020A047YH00

2024-10-21 07:08:14,279 - INFO - EXPIRED
江苏一海闸受损虾棚遭海水倒灌？闸管所：闸外滩涂养殖场因涨潮受损
https://new.qq.com/rain/a/20241020V03IFF00

2024-10-21 07:08:14,279 - INFO - EXPIRED
因施工不达标，成都一小区开发商拆除承重柱，且并未通知业委会和物业
https://new.qq.com/rain/a/20241020A071P100

2024-10-21 07:08:14,279 - INFO - EXPIRED
马斯克每天选1名摇摆州签名选民送100万美金，为何不抽100个1万？这算贿选吗？
https://view.inews.qq.com/a/20241020Q06QTJ00

2024-10-21 07:08:14,279 - INFO - EXPIRED
男子为讹钱，将3岁女儿抛向大货车致被碾身亡，已被执行死刑
https://new.qq.com/rain/a/20241020A05EXH00

2024-10-21 07:08:14,279 - INFO - EXPIRED
上海虹桥机场廊桥上有乘客背包起火，亲历者：我被困半小时“吸浓烟”
https://new.qq.com/rain/a/20241020A072JF00

2024-10-21 07:08:14,279 - INFO - EXPIRED
千万粉丝网红被举报涉嫌组织赌博：每人收5万保证金，群流水达1900万
https://new.qq.com/rain/a/20241020A04M3100

2024-10-21 07:08:14,279 - INFO - EXPIRED
13岁孩子遭学校同寝室友欺凌致死，媒体：和解就算“妥善处理”吗
https://new.qq.com/rain/a/20241020A079C700

2024-10-21 07:08:14,279 - INFO - EXPIRED
“村超”所在地贵州榕江85后县长拟任新职，曾“两次煎熬考研”进清华
https://new.qq.com/rain/a/20241020A068JM00

2024-10-21 07:08:14,279 - INFO - EXPIRED
陆川为拍《749局》近乎倾家荡产，庆幸自己是富二代不是创一代
https://new.qq.com/rain/a/20241020V0692B00

2024-10-21 07:08:14,279 - INFO - EXPIRED
男子在天府大道张开双臂站立骑电动车，已被警方传唤调查
https://new.qq.com/rain/a/20241020A0797H00

2024-10-21 07:08:14,279 - INFO - EXPIRED
3岁男童被父亲女友虐待致死 腿上疑有咬痕 生母：她称“能把我怎样”
https://new.qq.com/rain/a/20241020A053BS00

2024-10-21 07:08:14,279 - INFO - EXPIRED
苏丹形势发生重大变化
https://new.qq.com/rain/a/20241020A06IXO00

2024-10-21 07:08:14,279 - INFO - EXPIRED
青海一家长因对孩子考试成绩不满意，酒后在班级家长群辱骂老师被行拘4天
https://new.qq.com/rain/a/20241020A073AA00

2024-10-21 07:08:14,279 - INFO - EXPIRED
女子把降压药掰开吃不到半小时就昏迷，怎么半片就降这么快？药片都不能掰开吃？
https://view.inews.qq.com/a/20241020Q04UO700

2024-10-21 07:08:14,279 - INFO - EXPIRED
对话诺奖评委：授予辛顿物理学奖引发对AI风险的关注，是好的副作用
https://new.qq.com/rain/a/20241020A077QR00

2024-10-21 07:08:14,279 - INFO - EXPIRED
海南琼海市委书记田志强被带走，曾任落马省委书记罗保铭秘书
https://new.qq.com/rain/a/20241020A06RD500

2024-10-21 07:08:14,279 - INFO - EXPIRED
网传小西天保安透露涨工资被辞退？保安公司：涨薪前工资参考同行标准
https://new.qq.com/rain/a/20241020A06B7400

2024-10-21 07:08:14,279 - INFO - EXPIRED
广东揭阳男生在篮球场飞踹女生？警方通报：男生未满十四周岁不予处罚
https://new.qq.com/rain/a/20241020A06DJM00

2024-10-21 07:08:14,279 - INFO - EXPIRED
外媒：塞尔维亚总统武契奇与俄罗斯总统普京时隔两年半首次通话
https://new.qq.com/rain/a/20241020A065UQ00

2024-10-21 07:08:14,279 - INFO - EXPIRED
青海西宁一足疗馆暗藏“特殊服务”，组织多名妇女卖淫，4人被判刑
https://new.qq.com/rain/a/20241020A06CO300

2024-10-21 07:08:14,280 - INFO - EXPIRED
空间科学规划中提到我们也要探测引力波，美国已探测到了，为何我们还要探测？
https://view.inews.qq.com/a/20241020Q00J8700

2024-10-21 07:08:14,280 - INFO - EXPIRED
算不算贿选？马斯克：6个摇摆州选民签名，每天选一人送100万美元
https://new.qq.com/rain/a/20241020A05CDN00

2024-10-21 07:08:14,280 - INFO - EXPIRED
安徽淮南火灾9名遇难者均来自河南：其中5人是同村的
https://new.qq.com/rain/a/20241020A065CM00

2024-10-21 07:08:14,280 - INFO - EXPIRED
“认罪放人，不认不放”？郑州28岁实习女店长拒不认罪后取保候审多次被拒
https://new.qq.com/rain/a/20241020A0558F00

2024-10-21 07:08:14,280 - INFO - EXPIRED
“给你转25元，不要给我差评”，骑手带着患儿送外卖？美团回应
https://new.qq.com/rain/a/20241020A05YMZ00

2024-10-21 07:08:14,280 - INFO - EXPIRED
重罚普华永道月余！公募解约潮继续，20多家公募、400多只产品改聘
https://new.qq.com/rain/a/20241020A06FPP00

2024-10-21 07:08:14,280 - INFO - EXPIRED
“14天婴儿换一袋子钞票”？江苏江阴卫健委：正配合警方调查
https://new.qq.com/rain/a/20241020A058W400

2024-10-21 07:08:14,280 - INFO - EXPIRED
村规，违建房，与一名残障未婚女的宅基地执念
https://new.qq.com/rain/a/20241019A089LU00

2024-10-21 07:08:14,280 - INFO - EXPIRED
以色列准备袭击伊朗的绝密情报遭泄露，为何会有这种漏洞？有可能是谁干的？
https://view.inews.qq.com/a/20241020Q04BCG00

2024-10-21 07:08:14,280 - INFO - EXPIRED
谁还在买黄金？首饰金价涨破800元大关，较年初累计上涨超180元
https://new.qq.com/rain/a/20241020A04MRL00

2024-10-21 07:08:14,280 - INFO - EXPIRED
七国集团举行防长会议，意大利防长放话：G7必须像牛虻，蜇醒全世界
https://new.qq.com/rain/a/20241020A04AYF00

2024-10-21 07:08:14,280 - INFO - EXPIRED
佐科的 “十年遗产”：“爪哇智慧”铺就印尼的“黄金之路”
https://new.qq.com/rain/a/20241020A051LM00

2024-10-21 07:08:14,280 - INFO - EXPIRED
我国科学家烧制出“月壤砖”，这种砖与普通砖有什么不同？何时去月球盖房子？
https://view.inews.qq.com/a/20241019Q07D4G00

2024-10-21 07:08:14,280 - INFO - EXPIRED
今年初雪来了？北京延庆等地出现降雪
https://new.qq.com/rain/a/20241020V051MP00

2024-10-21 07:08:14,280 - INFO - EXPIRED
中办、国办印发《关于加快推动博士研究生教育高质量发展的意见》
https://new.qq.com/rain/a/20241020A05GNC00

2024-10-21 07:08:14,280 - INFO - EXPIRED
江西一家三口被撞死，肇事者父亲称儿子上手不到一天半，这理由有用吗？能减轻处罚吗？
https://view.inews.qq.com/a/20241020Q01KC900

2024-10-21 07:08:14,280 - INFO - EXPIRED
两位中央纪委委员，职务对调
https://new.qq.com/rain/a/20241020A01RAK00

2024-10-21 07:08:14,280 - INFO - EXPIRED
小西天保安大叔因透露涨工资被辞退？文旅局长：调轻松岗位，他没听清
https://new.qq.com/rain/a/20241020A03SRE00

2024-10-21 07:08:14,280 - INFO - EXPIRED
夜间交易出生14天的男婴，钞票装满塑料袋！江苏无锡：已抓获部分人员
https://new.qq.com/rain/a/20241020A03FFA00

2024-10-21 07:08:14,280 - INFO - EXPIRED
证监会：统筹推动融资端和投资端改革，逐步实现IPO常态化
https://new.qq.com/rain/a/20241020A04AE600

2024-10-21 07:08:14,280 - INFO - EXPIRED
古巴陷入“三十年来最长时间停电”，国内能源短缺加重
https://new.qq.com/rain/a/20241020A03EZ200

2024-10-21 07:08:14,280 - INFO - EXPIRED
3岁男童受虐致死，生母哭诉：他爸爸曾要求撤诉，说不要尸检尽快安葬
https://new.qq.com/rain/a/20241020V033SU00

2024-10-21 07:08:14,280 - INFO - EXPIRED
中国顶尖城市，重磅定位来了！
https://new.qq.com/rain/a/20241019A072GH00

2024-10-21 07:08:14,280 - INFO - EXPIRED
G7支持乌“不可逆转”的入北约之路，乌防长再谈“胜利计划”
https://new.qq.com/rain/a/20241020A03EK500

2024-10-21 07:08:14,280 - INFO - EXPIRED
湖南宁远一纪委干部在工作地点坠楼身亡 同事：他有抑郁症 曾多次就医
https://new.qq.com/rain/a/20241020A02X0H00

2024-10-21 07:08:14,280 - INFO - EXPIRED
山西临汾古县警方：我县发生一起恶性刑事案件，犯罪嫌疑人作案后逃匿，已被抓获
https://new.qq.com/rain/a/20241020A0447C00

2024-10-21 07:08:14,280 - INFO - EXPIRED
整治违规借调进行时：湖南吉林各清退3000多人，保障基层工作力量
https://new.qq.com/rain/a/20241020A03WB300

2024-10-21 07:08:14,280 - INFO - EXPIRED
20年老经销商的商海浮沉：曾为茅台“恩人”，今成“伤心人”
https://new.qq.com/rain/a/20241019A08BKR00

2024-10-21 07:08:14,280 - INFO - EXPIRED
女友叶珂称伍佰的歌猥琐被网友吐槽，黄晓明：能让大家乐呵一下也行
https://new.qq.com/rain/a/20241020A02E3N00

2024-10-21 07:08:14,280 - INFO - EXPIRED
惨烈车祸致3人死亡，摩托车时速疑超150公里，后座女子被甩飞近百米
https://new.qq.com/rain/a/20241020A03LDK00

2024-10-21 07:08:14,280 - INFO - EXPIRED
中国汽车“十年狂飙”：以前外形时髦是先锋，如今设计超前可能成先烈
https://new.qq.com/rain/a/20241020A01KK900

2024-10-21 07:08:14,280 - INFO - EXPIRED
普拉博沃宣誓就职，成为印尼第八任总统
https://new.qq.com/rain/a/20241020A03B5800

2024-10-21 07:08:14,280 - INFO - EXPIRED
哥哥考上北大，弟弟只能辍学卖苹果？博主请男孩当演员每天给200元
https://new.qq.com/rain/a/20241018A089M500

2024-10-21 07:08:14,280 - INFO - EXPIRED
深圳市政协副主席王幼鹏任上被查，曾在73人死亡事故中负重要领导责任
https://new.qq.com/rain/a/20241020A02QW800

2024-10-21 07:08:14,280 - INFO - EXPIRED
证书挂靠陷阱：骗子说花几千办证能赚几万元，受害者多为刚毕业大学生
https://new.qq.com/rain/a/20241019V084T600

2024-10-21 07:08:14,657 - INFO - INVALID
韩国外交部召见俄驻韩大使 要求中断朝鲜与俄相关合作
https://new.qq.com/rain/a/20241021A0511G00

2024-10-21 07:08:14,664 - INFO - INVALID
多架飞往福州的航班中途备降，福州机场回应
https://new.qq.com/rain/a/20241021A051FT00

2024-10-21 07:08:14,726 - INFO - INVALID
吉林一国企擅自离岗16年的员工已返回公司，省国资委介入调查
https://new.qq.com/rain/a/20241021A0463H00

2024-10-21 07:08:14,824 - INFO - INVALID
没有人能“杀死”中芯国际
https://new.qq.com/rain/a/20241021A040BN00

2024-10-21 07:08:14,901 - INFO - INVALID
广东一高校公示1477名录取新生拟放弃入学？校方回应：可能他们想复读
https://new.qq.com/rain/a/20241021A03KN100

2024-10-21 07:08:14,906 - ERROR - ERROR
第98家央企成立，“国家队”下场“收废品”有何特点？我家废品能卖给他们吗？
https://view.inews.qq.com/a/20241021Q02F2700
('list index out of range',)
======
Traceback (most recent call last):
  File "/home/runner/work/qqnews/qqnews/qq.py", line 81, in process_article
    ss = str(tmpbs.select("div.LEFT div.content.clearfix")[0])
             ~~~~~~~~~~~~~~~~~~~~~~~~~~~~~~~~~~~~~~~~~~~~~^^^
IndexError: list index out of range


2024-10-21 07:08:15,039 - INFO - INVALID
航行警告！渤海海域执行军事任务
https://new.qq.com/rain/a/20241021A051UY00

2024-10-21 07:08:15,132 - INFO - INVALID
西安情侣夜爬秦岭冰晶顶看云海失温遇难，亲属：已运回老家安葬
https://new.qq.com/rain/a/20241021A03YD200

2024-10-21 07:08:15,156 - INFO - INVALID
普京不去巴西，卢拉不去喀山：为啥？
https://new.qq.com/rain/a/20241021A03L5G00

2024-10-21 07:08:15,217 - INFO - INVALID
买车容易修车难，新能源车现维修困局：涨薪20%仍难觅“靠谱”维修人
https://new.qq.com/rain/a/20241021A046C000

2024-10-21 07:08:15,222 - INFO - INVALID
乌军宣称袭击俄“最大军用炸药厂”，俄官方尚无回应
https://new.qq.com/rain/a/20241021A00MEF00

2024-10-21 07:08:15,292 - INFO - INVALID
受害者亲属痛斥被告人“邪恶的笑容”！高空抛物致死案男子被核准死刑
https://new.qq.com/rain/a/20241021A04TYN00

2024-10-21 07:08:15,370 - INFO - INVALID
潘展乐回应“6块腹肌变1块”：腹肌消失是因为在增肌
https://new.qq.com/rain/a/20241021A03IGB00

2024-10-21 07:08:15,374 - ERROR - ERROR
网传辽宁、河北、天津、江苏等多地发生海水倒灌，现场画面曝光
https://new.qq.com/rain/a/20241021V04ULP00
('list index out of range',)
======
Traceback (most recent call last):
  File "/home/runner/work/qqnews/qqnews/qq.py", line 81, in process_article
    ss = str(tmpbs.select("div.LEFT div.content.clearfix")[0])
             ~~~~~~~~~~~~~~~~~~~~~~~~~~~~~~~~~~~~~~~~~~~~~^^^
IndexError: list index out of range


2024-10-21 07:08:15,465 - INFO - INVALID
为立案贿赂警察237万余元，政协委员尚未被追责，涉案人员家属质疑
https://new.qq.com/rain/a/20241021A0417Y00

2024-10-21 07:08:15,566 - INFO - INVALID
诺奖也得靠拼爹？研究揭示科学界的隐性门槛
https://new.qq.com/rain/a/20241021A046W400

2024-10-21 07:08:15,586 - INFO - INVALID
郭德纲获聘中华文化促进会副主席、天津评剧院名誉院长
https://new.qq.com/rain/a/20241021A038F000

2024-10-21 07:08:15,664 - ERROR - ERROR
吉林一国企离岗16年的员工已返回公司 国资委介入调查
https://new.qq.com/rain/a/20241021V040VT00
('list index out of range',)
======
Traceback (most recent call last):
  File "/home/runner/work/qqnews/qqnews/qq.py", line 81, in process_article
    ss = str(tmpbs.select("div.LEFT div.content.clearfix")[0])
             ~~~~~~~~~~~~~~~~~~~~~~~~~~~~~~~~~~~~~~~~~~~~~^^^
IndexError: list index out of range


2024-10-21 07:08:15,785 - INFO - INVALID
第98家央企成立，“国家队”下场“收废品”
https://new.qq.com/rain/a/20241021A0081E00

2024-10-21 07:08:15,876 - INFO - INVALID
手工耿个人独资工作室已注销，停更近5月，曾表示要控制自己挣钱
https://new.qq.com/rain/a/20241021A03V0V00

2024-10-21 07:08:15,892 - INFO - INVALID
瑞银上调中国GDP增长预测 四季度GDP环比增速有望上行至6.5%
https://new.qq.com/rain/a/20241021A033GD00

2024-10-21 07:08:15,951 - ERROR - ERROR
机器狗在泰山练习负重爬山，负重80斤步履稳健，挑山工要失业了吗？
https://view.inews.qq.com/a/20241021Q00WQJ00
('list index out of range',)
======
Traceback (most recent call last):
  File "/home/runner/work/qqnews/qqnews/qq.py", line 81, in process_article
    ss = str(tmpbs.select("div.LEFT div.content.clearfix")[0])
             ~~~~~~~~~~~~~~~~~~~~~~~~~~~~~~~~~~~~~~~~~~~~~^^^
IndexError: list index out of range


2024-10-21 07:08:15,974 - INFO - INVALID
耳蜗丢失男孩就读学校赔偿7成费用，母亲辟谣价值60万：是治疗总费用 
https://new.qq.com/rain/a/20241021A028KU00

2024-10-21 07:08:16,100 - INFO - INVALID
辉煌不再！塞尔维亚地标建筑南斯拉夫酒店可能被拆除，引民众唏嘘
https://new.qq.com/rain/a/20241021A00MRD00

2024-10-21 07:08:16,273 - INFO - INVALID
居民医保为什么不能和车险一样，不出险降低点费用
https://new.qq.com/rain/a/20241021A00Q1K00

2024-10-21 07:08:16,286 - INFO - INVALID
比亚迪智驾变阵：整合自研，冲刺量产，目标让10万级车型也搭NOA
https://new.qq.com/rain/a/20241021A02YYD00

2024-10-21 07:08:16,293 - INFO - INVALID
台防务部门现重大疏失！台媒：顾立雄、台军将官及情报员财产、姓名资料泄露
https://new.qq.com/rain/a/20241021A02I6L00

2024-10-21 07:08:16,344 - INFO - INVALID
美国一飞机在航展上坠毁，尚不清楚飞行员是否幸存
https://new.qq.com/rain/a/20241021A02I1T00

2024-10-21 07:08:16,355 - INFO - INVALID
“50岁霸总”，围猎空心老年人
https://new.qq.com/rain/a/20241021A02EDS00

2024-10-21 07:08:16,602 - INFO - INVALID
5年期以上LPR下降25个基点 100万元30年房贷将少还5.1万元
https://new.qq.com/rain/a/20241021A01GW700

2024-10-21 07:08:16,618 - INFO - EXIST
A股首批！“回购增持再贷款”火速落地 规模已超百亿元 央企引领热潮
https://new.qq.com/rain/a/20241021A001P100

2024-10-21 07:08:16,624 - INFO - INVALID
东部战区新闻发言人就美、加军舰过航台湾海峡发表谈话
https://new.qq.com/rain/a/20241021A00F8000

2024-10-21 07:08:16,681 - INFO - INVALID
大疆披露起诉五角大楼细节：起诉状长达56页，详述被列为“军工企业”不合理性
https://new.qq.com/rain/a/20241021A00OG500

2024-10-21 07:08:16,803 - INFO - EXIST
特朗普麦当劳打工 哈里斯深入共和党大本营 美国大选倒计时两人都拼了
https://new.qq.com/rain/a/20241021A00VJZ00

2024-10-21 07:08:16,862 - INFO - INVALID
“连接南美和亚洲”！中企承建秘鲁钱凯港下月底试运营，美国酸了？
https://new.qq.com/rain/a/20241021A00OG600

2024-10-21 07:08:16,933 - INFO - INVALID
秸秆焚烧“禁改限”，背后啥原因？官方解读
https://new.qq.com/rain/a/20241021A00R5500

2024-10-21 07:08:16,938 - INFO - INVALID
网红“听泉赏宝”连线cos女主播，被批“是赏宝还是擦边”后光速下播
https://new.qq.com/rain/a/20241021A00R1G00

2024-10-21 07:08:16,942 - INFO - INVALID
高空扔8块砖2桶水3罐饮料砸死过路女子，男子被核准死刑、立即执行
https://new.qq.com/rain/a/20241021A01RSJ00

2024-10-21 07:08:17,049 - INFO - INVALID
再创历史新高 亚市开盘金价达2754.01美元_盎司
https://new.qq.com/rain/a/20241021A01BEN00

2024-10-21 07:08:17,110 - INFO - INVALID
苹果内部承认：生成式AI技术落后竞品两年以上
https://new.qq.com/rain/a/20241021A019Y000

2024-10-21 07:08:17,181 - INFO - INVALID
男子向自民党总部投掷燃烧瓶并开车冲撞首相官邸，日本首相石破茂回应
https://new.qq.com/rain/a/20241021A00N2S00

2024-10-21 08:10:52,260 - INFO - EXPIRED
韩方称朝1500名士兵已抵俄 乌机构：俄方发问卷 将为其发放俄军服
https://new.qq.com/rain/a/20241020A062G400

2024-10-21 08:10:52,260 - INFO - EXPIRED
绝望的“榜一大嫂”：1600万家产被丈夫打赏女主播，告上法庭也追不回
https://new.qq.com/rain/a/20241018A0AMCM00

2024-10-21 08:10:52,260 - INFO - EXPIRED
政府补贴、餐费低廉，社区老人食堂究竟能不能赚钱
https://new.qq.com/rain/a/20241020A05L4500

2024-10-21 08:10:52,260 - INFO - EXPIRED
董事长插兜离席，女校长莫名发笑，媒体：臭肉查清楚，臭脸也要说明白
https://new.qq.com/rain/a/20241020A047YH00

2024-10-21 08:10:52,260 - INFO - EXPIRED
因施工不达标，成都一小区开发商拆除承重柱，且并未通知业委会和物业
https://new.qq.com/rain/a/20241020A071P100

2024-10-21 08:10:52,260 - INFO - EXPIRED
马斯克每天选1名摇摆州签名选民送100万美金，为何不抽100个1万？这算贿选吗？
https://view.inews.qq.com/a/20241020Q06QTJ00

2024-10-21 08:10:52,260 - INFO - EXPIRED
男子为讹钱，将3岁女儿抛向大货车致被碾身亡，已被执行死刑
https://new.qq.com/rain/a/20241020A05EXH00

2024-10-21 08:10:52,260 - INFO - EXPIRED
上海虹桥机场廊桥上有乘客背包起火，亲历者：我被困半小时“吸浓烟”
https://new.qq.com/rain/a/20241020A072JF00

2024-10-21 08:10:52,261 - INFO - EXPIRED
千万粉丝网红被举报涉嫌组织赌博：每人收5万保证金，群流水达1900万
https://new.qq.com/rain/a/20241020A04M3100

2024-10-21 08:10:52,261 - INFO - EXPIRED
13岁孩子遭学校同寝室友欺凌致死，媒体：和解就算“妥善处理”吗
https://new.qq.com/rain/a/20241020A079C700

2024-10-21 08:10:52,261 - INFO - EXPIRED
“村超”所在地贵州榕江85后县长拟任新职，曾“两次煎熬考研”进清华
https://new.qq.com/rain/a/20241020A068JM00

2024-10-21 08:10:52,261 - INFO - EXPIRED
陆川为拍《749局》近乎倾家荡产，庆幸自己是富二代不是创一代
https://new.qq.com/rain/a/20241020V0692B00

2024-10-21 08:10:52,261 - INFO - EXPIRED
男子在天府大道张开双臂站立骑电动车，已被警方传唤调查
https://new.qq.com/rain/a/20241020A0797H00

2024-10-21 08:10:52,261 - INFO - EXPIRED
3岁男童被父亲女友虐待致死 腿上疑有咬痕 生母：她称“能把我怎样”
https://new.qq.com/rain/a/20241020A053BS00

2024-10-21 08:10:52,261 - INFO - EXPIRED
苏丹形势发生重大变化
https://new.qq.com/rain/a/20241020A06IXO00

2024-10-21 08:10:52,261 - INFO - EXPIRED
青海一家长因对孩子考试成绩不满意，酒后在班级家长群辱骂老师被行拘4天
https://new.qq.com/rain/a/20241020A073AA00

2024-10-21 08:10:52,261 - INFO - EXPIRED
女子把降压药掰开吃不到半小时就昏迷，怎么半片就降这么快？药片都不能掰开吃？
https://view.inews.qq.com/a/20241020Q04UO700

2024-10-21 08:10:52,261 - INFO - EXPIRED
对话诺奖评委：授予辛顿物理学奖引发对AI风险的关注，是好的副作用
https://new.qq.com/rain/a/20241020A077QR00

2024-10-21 08:10:52,261 - INFO - EXPIRED
海南琼海市委书记田志强被带走，曾任落马省委书记罗保铭秘书
https://new.qq.com/rain/a/20241020A06RD500

2024-10-21 08:10:52,261 - INFO - EXPIRED
山西最低工资标准1780元，小西天保安大叔涨薪前1700元？保安公司回应
https://new.qq.com/rain/a/20241020A06B7400

2024-10-21 08:10:52,261 - INFO - EXPIRED
广东揭阳男生在篮球场飞踹女生？警方通报：男生未满十四周岁不予处罚
https://new.qq.com/rain/a/20241020A06DJM00

2024-10-21 08:10:52,261 - INFO - EXPIRED
外媒：塞尔维亚总统武契奇与俄罗斯总统普京时隔两年半首次通话
https://new.qq.com/rain/a/20241020A065UQ00

2024-10-21 08:10:52,261 - INFO - EXPIRED
青海西宁一足疗馆暗藏“特殊服务”，组织多名妇女卖淫，4人被判刑
https://new.qq.com/rain/a/20241020A06CO300

2024-10-21 08:10:52,261 - INFO - EXPIRED
空间科学规划中提到我们也要探测引力波，美国已探测到了，为何我们还要探测？
https://view.inews.qq.com/a/20241020Q00J8700

2024-10-21 08:10:52,261 - INFO - EXPIRED
算不算贿选？马斯克：6个摇摆州选民签名，每天选一人送100万美元
https://new.qq.com/rain/a/20241020A05CDN00

2024-10-21 08:10:52,261 - INFO - EXPIRED
安徽淮南火灾9名遇难者均来自河南：其中5人是同村的
https://new.qq.com/rain/a/20241020A065CM00

2024-10-21 08:10:52,261 - INFO - EXPIRED
“认罪放人，不认不放”？郑州28岁实习女店长拒不认罪后取保候审多次被拒
https://new.qq.com/rain/a/20241020A0558F00

2024-10-21 08:10:52,261 - INFO - EXPIRED
“给你转25元，不要给我差评”，骑手带着患儿送外卖？美团回应
https://new.qq.com/rain/a/20241020A05YMZ00

2024-10-21 08:10:52,261 - INFO - EXPIRED
重罚普华永道月余！公募解约潮继续，20多家公募、400多只产品改聘
https://new.qq.com/rain/a/20241020A06FPP00

2024-10-21 08:10:52,261 - INFO - EXPIRED
“14天婴儿换一袋子钞票”？江苏江阴卫健委：正配合警方调查
https://new.qq.com/rain/a/20241020A058W400

2024-10-21 08:10:52,261 - INFO - EXPIRED
村规，违建房，与一名残障未婚女的宅基地执念
https://new.qq.com/rain/a/20241019A089LU00

2024-10-21 08:10:52,261 - INFO - EXPIRED
以色列准备袭击伊朗的绝密情报遭泄露，为何会有这种漏洞？有可能是谁干的？
https://view.inews.qq.com/a/20241020Q04BCG00

2024-10-21 08:10:52,261 - INFO - EXPIRED
谁还在买黄金？首饰金价涨破800元大关，较年初累计上涨超180元
https://new.qq.com/rain/a/20241020A04MRL00

2024-10-21 08:10:52,261 - INFO - EXPIRED
七国集团举行防长会议，意大利防长放话：G7必须像牛虻，蜇醒全世界
https://new.qq.com/rain/a/20241020A04AYF00

2024-10-21 08:10:52,261 - INFO - EXPIRED
佐科的 “十年遗产”：“爪哇智慧”铺就印尼的“黄金之路”
https://new.qq.com/rain/a/20241020A051LM00

2024-10-21 08:10:52,261 - INFO - EXPIRED
我国科学家烧制出“月壤砖”，这种砖与普通砖有什么不同？何时去月球盖房子？
https://view.inews.qq.com/a/20241019Q07D4G00

2024-10-21 08:10:52,261 - INFO - EXPIRED
今年初雪来了？北京延庆等地出现降雪
https://new.qq.com/rain/a/20241020V051MP00

2024-10-21 08:10:52,261 - INFO - EXPIRED
中办、国办印发《关于加快推动博士研究生教育高质量发展的意见》
https://new.qq.com/rain/a/20241020A05GNC00

2024-10-21 08:10:52,261 - INFO - EXPIRED
江西一家三口被撞死，肇事者父亲称儿子上手不到一天半，这理由有用吗？能减轻处罚吗？
https://view.inews.qq.com/a/20241020Q01KC900

2024-10-21 08:10:52,261 - INFO - EXPIRED
两位中央纪委委员，职务对调
https://new.qq.com/rain/a/20241020A01RAK00

2024-10-21 08:10:52,261 - INFO - EXPIRED
小西天保安大叔因透露涨工资被辞退？文旅局长：调轻松岗位，他没听清
https://new.qq.com/rain/a/20241020A03SRE00

2024-10-21 08:10:52,261 - INFO - EXPIRED
夜间交易出生14天的男婴，钞票装满塑料袋！江苏无锡：已抓获部分人员
https://new.qq.com/rain/a/20241020A03FFA00

2024-10-21 08:10:52,262 - INFO - EXPIRED
证监会：统筹推动融资端和投资端改革，逐步实现IPO常态化
https://new.qq.com/rain/a/20241020A04AE600

2024-10-21 08:10:52,262 - INFO - EXPIRED
古巴陷入“三十年来最长时间停电”，国内能源短缺加重
https://new.qq.com/rain/a/20241020A03EZ200

2024-10-21 08:10:52,262 - INFO - EXPIRED
3岁男童受虐致死，生母哭诉：他爸爸曾要求撤诉，说不要尸检尽快安葬
https://new.qq.com/rain/a/20241020V033SU00

2024-10-21 08:10:52,262 - INFO - EXPIRED
中国顶尖城市，重磅定位来了！
https://new.qq.com/rain/a/20241019A072GH00

2024-10-21 08:10:52,262 - INFO - EXPIRED
G7支持乌“不可逆转”的入北约之路，乌防长再谈“胜利计划”
https://new.qq.com/rain/a/20241020A03EK500

2024-10-21 08:10:52,262 - INFO - EXPIRED
湖南宁远一纪委干部在工作地点坠楼身亡 同事：他有抑郁症 曾多次就医
https://new.qq.com/rain/a/20241020A02X0H00

2024-10-21 08:10:52,262 - INFO - EXPIRED
山西临汾古县警方：我县发生一起恶性刑事案件，犯罪嫌疑人作案后逃匿，已被抓获
https://new.qq.com/rain/a/20241020A0447C00

2024-10-21 08:10:52,262 - INFO - EXPIRED
整治违规借调进行时：湖南吉林各清退3000多人，保障基层工作力量
https://new.qq.com/rain/a/20241020A03WB300

2024-10-21 08:10:52,262 - INFO - EXPIRED
20年老经销商的商海浮沉：曾为茅台“恩人”，今成“伤心人”
https://new.qq.com/rain/a/20241019A08BKR00

2024-10-21 08:10:52,262 - INFO - EXPIRED
女友叶珂称伍佰的歌猥琐被网友吐槽，黄晓明：能让大家乐呵一下也行
https://new.qq.com/rain/a/20241020A02E3N00

2024-10-21 08:10:52,262 - INFO - EXPIRED
惨烈车祸致3人死亡，摩托车时速疑超150公里，后座女子被甩飞近百米
https://new.qq.com/rain/a/20241020A03LDK00

2024-10-21 08:10:52,262 - INFO - EXPIRED
中国汽车“十年狂飙”：以前外形时髦是先锋，如今设计超前可能成先烈
https://new.qq.com/rain/a/20241020A01KK900

2024-10-21 08:10:52,676 - INFO - INVALID
景区通报4名初中生涨潮被困：2人获救，1人死亡1人失联
https://new.qq.com/rain/a/20241021A05NHB00

2024-10-21 08:10:52,692 - INFO - INVALID
卧底催收公司30天：看到了恐吓羞辱，还有他人的信用卡消费记录
https://new.qq.com/rain/a/20241021A054XY00

2024-10-21 08:10:52,697 - INFO - INVALID
韩国外交部召见俄驻韩大使 要求中断朝鲜与俄相关合作
https://new.qq.com/rain/a/20241021A0511G00

2024-10-21 08:10:52,748 - INFO - INVALID
外交部：中国驻曼德勒总领馆临街一栋办公楼遭遇爆炸袭击，中方严厉谴责
https://new.qq.com/rain/a/20241021A05LWZ00

2024-10-21 08:10:52,752 - INFO - INVALID
福州机场大批航班备降 机场：空中交通管制，最近一趟落地航班为12时21分
https://new.qq.com/rain/a/20241021A05QTS00

2024-10-21 08:10:53,010 - INFO - INVALID
贵州省政协原副主席陈晏被决定逮捕！曾违规举债，大搞政绩工程
https://new.qq.com/rain/a/20241021A051SV00

2024-10-21 08:10:53,027 - INFO - INVALID
吉林一国企擅自离岗16年的员工已返回公司，省国资委介入调查
https://new.qq.com/rain/a/20241021A0463H00

2024-10-21 08:10:53,106 - INFO - INVALID
普京不去巴西，卢拉不去喀山：为啥？
https://new.qq.com/rain/a/20241021A03L5G00

2024-10-21 08:10:53,159 - INFO - INVALID
没有人能“杀死”中芯国际
https://new.qq.com/rain/a/20241021A040BN00

2024-10-21 08:10:53,267 - INFO - INVALID
多地出现海水倒灌，气象专家称与天文大潮有关
https://new.qq.com/rain/a/20241021A04YD800

2024-10-21 08:10:53,278 - INFO - INVALID
广东一高校公示1477名录取新生拟放弃入学？校方回应：可能他们想复读
https://new.qq.com/rain/a/20241021A03KN100

2024-10-21 08:10:53,348 - INFO - INVALID
航行警告！渤海海域执行军事任务
https://new.qq.com/rain/a/20241021A051UY00

2024-10-21 08:10:53,463 - ERROR - ERROR
6岁男童在校内被送餐面包车碾压 孩子父亲：头部缝30针 肋骨肩膀有骨折
https://new.qq.com/rain/a/20241021V05AAG00
('list index out of range',)
======
Traceback (most recent call last):
  File "/home/runner/work/qqnews/qqnews/qq.py", line 81, in process_article
    ss = str(tmpbs.select("div.LEFT div.content.clearfix")[0])
             ~~~~~~~~~~~~~~~~~~~~~~~~~~~~~~~~~~~~~~~~~~~~~^^^
IndexError: list index out of range


2024-10-21 08:10:53,500 - INFO - INVALID
西安情侣夜爬秦岭冰晶顶看云海失温遇难，亲属：已运回老家安葬
https://new.qq.com/rain/a/20241021A03YD200

2024-10-21 08:10:53,579 - INFO - INVALID
乌军宣称袭击俄“最大军用炸药厂”，俄官方尚无回应
https://new.qq.com/rain/a/20241021A00MEF00

2024-10-21 08:10:53,613 - ERROR - ERROR
23家上市公司公告贷款回购增持，对股市是大利好？未来会走“慢牛”吗？
https://view.inews.qq.com/a/20241021Q03S1800
('list index out of range',)
======
Traceback (most recent call last):
  File "/home/runner/work/qqnews/qqnews/qq.py", line 81, in process_article
    ss = str(tmpbs.select("div.LEFT div.content.clearfix")[0])
             ~~~~~~~~~~~~~~~~~~~~~~~~~~~~~~~~~~~~~~~~~~~~~^^^
IndexError: list index out of range


2024-10-21 08:10:53,663 - INFO - INVALID
买车容易修车难，新能源车现维修困局：涨薪20%仍难觅“靠谱”维修人
https://new.qq.com/rain/a/20241021A046C000

2024-10-21 08:10:53,707 - INFO - INVALID
受害者亲属痛斥被告人“邪恶的笑容”！高空抛物致死案男子被核准死刑
https://new.qq.com/rain/a/20241021A04TYN00

2024-10-21 08:10:53,790 - ERROR - ERROR
网传辽宁、河北、天津、江苏等多地发生海水倒灌，现场画面曝光
https://new.qq.com/rain/a/20241021V04ULP00
('list index out of range',)
======
Traceback (most recent call last):
  File "/home/runner/work/qqnews/qqnews/qq.py", line 81, in process_article
    ss = str(tmpbs.select("div.LEFT div.content.clearfix")[0])
             ~~~~~~~~~~~~~~~~~~~~~~~~~~~~~~~~~~~~~~~~~~~~~^^^
IndexError: list index out of range


2024-10-21 08:10:53,835 - INFO - INVALID
潘展乐回应“6块腹肌变1块”：腹肌消失是因为在增肌
https://new.qq.com/rain/a/20241021A03IGB00

2024-10-21 08:10:53,859 - INFO - INVALID
诺奖也得靠拼爹？研究揭示科学界的隐性门槛
https://new.qq.com/rain/a/20241021A046W400

2024-10-21 08:10:53,965 - INFO - INVALID
郭德纲获聘中华文化促进会副主席、天津评剧院名誉院长
https://new.qq.com/rain/a/20241021A038F000

2024-10-21 08:10:54,061 - INFO - INVALID
为立案贿赂警察237万余元，政协委员尚未被追责，涉案人员家属质疑
https://new.qq.com/rain/a/20241021A0417Y00

2024-10-21 08:10:54,071 - INFO - INVALID
第98家央企成立，“国家队”下场“收废品”
https://new.qq.com/rain/a/20241021A0081E00

2024-10-21 08:10:54,171 - INFO - INVALID
手工耿个人独资工作室已注销，停更近5月，曾表示要控制自己挣钱
https://new.qq.com/rain/a/20241021A03V0V00

2024-10-21 08:10:54,205 - INFO - INVALID
瑞银上调中国GDP增长预测 四季度GDP环比增速有望上行至6.5%
https://new.qq.com/rain/a/20241021A033GD00

2024-10-21 08:10:54,279 - ERROR - ERROR
机器狗在泰山练习负重爬山，负重80斤步履稳健，挑山工要失业了吗？
https://view.inews.qq.com/a/20241021Q00WQJ00
('list index out of range',)
======
Traceback (most recent call last):
  File "/home/runner/work/qqnews/qqnews/qq.py", line 81, in process_article
    ss = str(tmpbs.select("div.LEFT div.content.clearfix")[0])
             ~~~~~~~~~~~~~~~~~~~~~~~~~~~~~~~~~~~~~~~~~~~~~^^^
IndexError: list index out of range


2024-10-21 08:10:54,298 - INFO - INVALID
耳蜗丢失男孩就读学校赔偿7成费用，母亲辟谣价值60万：是治疗总费用 
https://new.qq.com/rain/a/20241021A028KU00

2024-10-21 08:10:54,384 - INFO - INVALID
辉煌不再！塞尔维亚地标建筑南斯拉夫酒店可能被拆除，引民众唏嘘
https://new.qq.com/rain/a/20241021A00MRD00

2024-10-21 08:10:54,529 - INFO - INVALID
居民医保为什么不能和车险一样，不出险降低点费用
https://new.qq.com/rain/a/20241021A00Q1K00

2024-10-21 08:10:54,586 - INFO - INVALID
比亚迪智驾变阵：整合自研，冲刺量产，目标让10万级车型也搭NOA
https://new.qq.com/rain/a/20241021A02YYD00

2024-10-21 08:10:54,597 - INFO - INVALID
“50岁霸总”，围猎空心老年人
https://new.qq.com/rain/a/20241021A02EDS00

2024-10-21 08:10:54,623 - INFO - INVALID
台防务部门现重大疏失！台媒：顾立雄、台军将官及情报员财产、姓名资料泄露
https://new.qq.com/rain/a/20241021A02I6L00

2024-10-21 08:10:54,703 - INFO - INVALID
美国一飞机在航展上坠毁，尚不清楚飞行员是否幸存
https://new.qq.com/rain/a/20241021A02I1T00

2024-10-21 08:10:54,830 - INFO - INVALID
东部战区新闻发言人就美、加军舰过航台湾海峡发表谈话
https://new.qq.com/rain/a/20241021A00F8000

2024-10-21 08:10:54,905 - INFO - INVALID
大疆披露起诉五角大楼细节：起诉状长达56页，详述被列为“军工企业”不合理性
https://new.qq.com/rain/a/20241021A00OG500

2024-10-21 08:10:54,917 - INFO - EXIST
A股首批！“回购增持再贷款”火速落地 规模已超百亿元 央企引领热潮
https://new.qq.com/rain/a/20241021A001P100

2024-10-21 08:10:54,958 - INFO - INVALID
5年期以上LPR下降25个基点 100万元30年房贷将少还5.1万元
https://new.qq.com/rain/a/20241021A01GW700

2024-10-21 08:10:55,029 - INFO - EXIST
特朗普麦当劳打工 哈里斯深入共和党大本营 美国大选倒计时两人都拼了
https://new.qq.com/rain/a/20241021A00VJZ00

2024-10-21 08:10:55,073 - INFO - INVALID
网红“听泉赏宝”连线cos女主播，被批“是赏宝还是擦边”后光速下播
https://new.qq.com/rain/a/20241021A00R1G00

2024-10-21 08:10:55,247 - INFO - INVALID
秸秆焚烧“禁改限”，背后啥原因？官方解读
https://new.qq.com/rain/a/20241021A00R5500

2024-10-21 08:10:55,266 - INFO - INVALID
“连接南美和亚洲”！中企承建秘鲁钱凯港下月底试运营，美国酸了？
https://new.qq.com/rain/a/20241021A00OG600

2024-10-21 08:10:55,279 - INFO - INVALID
高空扔8块砖2桶水3罐饮料砸死过路女子，男子被核准死刑、立即执行
https://new.qq.com/rain/a/20241021A01RSJ00

2024-10-21 08:10:55,317 - INFO - INVALID
苹果内部承认：生成式AI技术落后竞品两年以上
https://new.qq.com/rain/a/20241021A019Y000

2024-10-21 08:10:55,352 - INFO - INVALID
再创历史新高 亚市开盘金价达2754.01美元_盎司
https://new.qq.com/rain/a/20241021A01BEN00

2024-10-21 08:10:55,492 - INFO - INVALID
男子向自民党总部投掷燃烧瓶并开车冲撞首相官邸，日本首相石破茂回应
https://new.qq.com/rain/a/20241021A00N2S00

