2026-07-20 01:17:34,965 - INFO - Total time taken: {'ret': 0, 'msg': 'success', 'data': None}
2026-07-20 01:17:34,965 - INFO - 'NoneType' object is not subscriptable
2026-07-20 01:17:34,966 - INFO - Traceback (most recent call last):
  File "/home/runner/work/qqnews/qqnews/qq.py", line 128, in main
    for i in qq1["data"]["list"]:
             ~~~~~~~~~~~^^^^^^^^
TypeError: 'NoneType' object is not subscriptable

2026-07-20 05:24:02,881 - INFO - Total time taken: {'ret': 0, 'msg': 'success', 'data': None}
2026-07-20 05:24:02,881 - INFO - 'NoneType' object is not subscriptable
2026-07-20 05:24:02,881 - INFO - Traceback (most recent call last):
  File "/home/runner/work/qqnews/qqnews/qq.py", line 128, in main
    for i in qq1["data"]["list"]:
             ~~~~~~~~~~~^^^^^^^^
TypeError: 'NoneType' object is not subscriptable

2026-07-20 08:30:14,906 - INFO - Total time taken: {'ret': 0, 'msg': 'success', 'data': None}
2026-07-20 08:30:14,906 - INFO - 'NoneType' object is not subscriptable
2026-07-20 08:30:14,906 - INFO - Traceback (most recent call last):
  File "/home/runner/work/qqnews/qqnews/qq.py", line 128, in main
    for i in qq1["data"]["list"]:
             ~~~~~~~~~~~^^^^^^^^
TypeError: 'NoneType' object is not subscriptable

