2025-11-02 00:43:53,918 - INFO - Total time taken: {'ret': 0, 'msg': 'success', 'data': None}
2025-11-02 00:43:53,919 - INFO - 'NoneType' object is not subscriptable
2025-11-02 00:43:53,919 - INFO - Traceback (most recent call last):
  File "/home/runner/work/qqnews/qqnews/qq.py", line 128, in main
    for i in qq1["data"]["list"]:
             ~~~~~~~~~~~^^^^^^^^
TypeError: 'NoneType' object is not subscriptable

2025-11-02 02:28:39,535 - INFO - Total time taken: {'ret': 0, 'msg': 'success', 'data': None}
2025-11-02 02:28:39,535 - INFO - 'NoneType' object is not subscriptable
2025-11-02 02:28:39,536 - INFO - Traceback (most recent call last):
  File "/home/runner/work/qqnews/qqnews/qq.py", line 128, in main
    for i in qq1["data"]["list"]:
             ~~~~~~~~~~~^^^^^^^^
TypeError: 'NoneType' object is not subscriptable

2025-11-02 03:39:15,528 - INFO - Total time taken: {'ret': 0, 'msg': 'success', 'data': None}
2025-11-02 03:39:15,528 - INFO - 'NoneType' object is not subscriptable
2025-11-02 03:39:15,528 - INFO - Traceback (most recent call last):
  File "/home/runner/work/qqnews/qqnews/qq.py", line 128, in main
    for i in qq1["data"]["list"]:
             ~~~~~~~~~~~^^^^^^^^
TypeError: 'NoneType' object is not subscriptable

2025-11-02 04:12:30,624 - INFO - Total time taken: {'ret': 0, 'msg': 'success', 'data': None}
2025-11-02 04:12:30,624 - INFO - 'NoneType' object is not subscriptable
2025-11-02 04:12:30,625 - INFO - Traceback (most recent call last):
  File "/home/runner/work/qqnews/qqnews/qq.py", line 128, in main
    for i in qq1["data"]["list"]:
             ~~~~~~~~~~~^^^^^^^^
TypeError: 'NoneType' object is not subscriptable

2025-11-02 05:01:18,217 - INFO - Total time taken: {'ret': 0, 'msg': 'success', 'data': None}
2025-11-02 05:01:18,217 - INFO - 'NoneType' object is not subscriptable
2025-11-02 05:01:18,217 - INFO - Traceback (most recent call last):
  File "/home/runner/work/qqnews/qqnews/qq.py", line 128, in main
    for i in qq1["data"]["list"]:
             ~~~~~~~~~~~^^^^^^^^
TypeError: 'NoneType' object is not subscriptable

2025-11-02 06:12:20,421 - INFO - Total time taken: {'ret': 0, 'msg': 'success', 'data': None}
2025-11-02 06:12:20,422 - INFO - 'NoneType' object is not subscriptable
2025-11-02 06:12:20,422 - INFO - Traceback (most recent call last):
  File "/home/runner/work/qqnews/qqnews/qq.py", line 128, in main
    for i in qq1["data"]["list"]:
             ~~~~~~~~~~~^^^^^^^^
TypeError: 'NoneType' object is not subscriptable

