2026-02-28 00:49:27,764 - INFO - Total time taken: {'ret': 0, 'msg': 'success', 'data': None}
2026-02-28 00:49:27,764 - INFO - 'NoneType' object is not subscriptable
2026-02-28 00:49:27,764 - INFO - Traceback (most recent call last):
  File "/home/runner/work/qqnews/qqnews/qq.py", line 128, in main
    for i in qq1["data"]["list"]:
             ~~~~~~~~~~~^^^^^^^^
TypeError: 'NoneType' object is not subscriptable

2026-02-28 03:03:28,225 - INFO - Total time taken: {'ret': 0, 'msg': 'success', 'data': None}
2026-02-28 03:03:28,225 - INFO - 'NoneType' object is not subscriptable
2026-02-28 03:03:28,225 - INFO - Traceback (most recent call last):
  File "/home/runner/work/qqnews/qqnews/qq.py", line 128, in main
    for i in qq1["data"]["list"]:
             ~~~~~~~~~~~^^^^^^^^
TypeError: 'NoneType' object is not subscriptable

2026-02-28 04:44:54,290 - INFO - Total time taken: {'ret': 0, 'msg': 'success', 'data': None}
2026-02-28 04:44:54,290 - INFO - 'NoneType' object is not subscriptable
2026-02-28 04:44:54,290 - INFO - Traceback (most recent call last):
  File "/home/runner/work/qqnews/qqnews/qq.py", line 128, in main
    for i in qq1["data"]["list"]:
             ~~~~~~~~~~~^^^^^^^^
TypeError: 'NoneType' object is not subscriptable

2026-02-28 05:23:24,946 - INFO - Total time taken: {'ret': 0, 'msg': 'success', 'data': None}
2026-02-28 05:23:24,947 - INFO - 'NoneType' object is not subscriptable
2026-02-28 05:23:24,947 - INFO - Traceback (most recent call last):
  File "/home/runner/work/qqnews/qqnews/qq.py", line 128, in main
    for i in qq1["data"]["list"]:
             ~~~~~~~~~~~^^^^^^^^
TypeError: 'NoneType' object is not subscriptable

2026-02-28 06:20:00,547 - INFO - Total time taken: {'ret': 0, 'msg': 'success', 'data': None}
2026-02-28 06:20:00,547 - INFO - 'NoneType' object is not subscriptable
2026-02-28 06:20:00,547 - INFO - Traceback (most recent call last):
  File "/home/runner/work/qqnews/qqnews/qq.py", line 128, in main
    for i in qq1["data"]["list"]:
             ~~~~~~~~~~~^^^^^^^^
TypeError: 'NoneType' object is not subscriptable

2026-02-28 07:16:58,101 - INFO - Total time taken: {'ret': 0, 'msg': 'success', 'data': None}
2026-02-28 07:16:58,101 - INFO - 'NoneType' object is not subscriptable
2026-02-28 07:16:58,101 - INFO - Traceback (most recent call last):
  File "/home/runner/work/qqnews/qqnews/qq.py", line 128, in main
    for i in qq1["data"]["list"]:
             ~~~~~~~~~~~^^^^^^^^
TypeError: 'NoneType' object is not subscriptable

2026-02-28 08:13:53,323 - INFO - Total time taken: {'ret': 0, 'msg': 'success', 'data': None}
2026-02-28 08:13:53,323 - INFO - 'NoneType' object is not subscriptable
2026-02-28 08:13:53,324 - INFO - Traceback (most recent call last):
  File "/home/runner/work/qqnews/qqnews/qq.py", line 128, in main
    for i in qq1["data"]["list"]:
             ~~~~~~~~~~~^^^^^^^^
TypeError: 'NoneType' object is not subscriptable

2026-02-28 09:14:13,549 - INFO - Total time taken: {'ret': 0, 'msg': 'success', 'data': None}
2026-02-28 09:14:13,549 - INFO - 'NoneType' object is not subscriptable
2026-02-28 09:14:13,549 - INFO - Traceback (most recent call last):
  File "/home/runner/work/qqnews/qqnews/qq.py", line 128, in main
    for i in qq1["data"]["list"]:
             ~~~~~~~~~~~^^^^^^^^
TypeError: 'NoneType' object is not subscriptable

2026-02-28 10:01:11,893 - INFO - Total time taken: {'ret': 0, 'msg': 'success', 'data': None}
2026-02-28 10:01:11,893 - INFO - 'NoneType' object is not subscriptable
2026-02-28 10:01:11,893 - INFO - Traceback (most recent call last):
  File "/home/runner/work/qqnews/qqnews/qq.py", line 128, in main
    for i in qq1["data"]["list"]:
             ~~~~~~~~~~~^^^^^^^^
TypeError: 'NoneType' object is not subscriptable

2026-02-28 11:01:12,396 - INFO - Total time taken: {'ret': 0, 'msg': 'success', 'data': None}
2026-02-28 11:01:12,397 - INFO - 'NoneType' object is not subscriptable
2026-02-28 11:01:12,397 - INFO - Traceback (most recent call last):
  File "/home/runner/work/qqnews/qqnews/qq.py", line 128, in main
    for i in qq1["data"]["list"]:
             ~~~~~~~~~~~^^^^^^^^
TypeError: 'NoneType' object is not subscriptable

2026-02-28 12:18:26,902 - INFO - Total time taken: {'ret': 0, 'msg': 'success', 'data': None}
2026-02-28 12:18:26,902 - INFO - 'NoneType' object is not subscriptable
2026-02-28 12:18:26,903 - INFO - Traceback (most recent call last):
  File "/home/runner/work/qqnews/qqnews/qq.py", line 128, in main
    for i in qq1["data"]["list"]:
             ~~~~~~~~~~~^^^^^^^^
TypeError: 'NoneType' object is not subscriptable

2026-02-28 13:28:48,927 - INFO - Total time taken: {'ret': 0, 'msg': 'success', 'data': None}
2026-02-28 13:28:48,928 - INFO - 'NoneType' object is not subscriptable
2026-02-28 13:28:48,928 - INFO - Traceback (most recent call last):
  File "/home/runner/work/qqnews/qqnews/qq.py", line 128, in main
    for i in qq1["data"]["list"]:
             ~~~~~~~~~~~^^^^^^^^
TypeError: 'NoneType' object is not subscriptable

2026-02-28 14:10:29,031 - INFO - Total time taken: {'ret': 0, 'msg': 'success', 'data': None}
2026-02-28 14:10:29,031 - INFO - 'NoneType' object is not subscriptable
2026-02-28 14:10:29,031 - INFO - Traceback (most recent call last):
  File "/home/runner/work/qqnews/qqnews/qq.py", line 128, in main
    for i in qq1["data"]["list"]:
             ~~~~~~~~~~~^^^^^^^^
TypeError: 'NoneType' object is not subscriptable

2026-02-28 15:01:29,544 - INFO - Total time taken: {'ret': 0, 'msg': 'success', 'data': None}
2026-02-28 15:01:29,545 - INFO - 'NoneType' object is not subscriptable
2026-02-28 15:01:29,545 - INFO - Traceback (most recent call last):
  File "/home/runner/work/qqnews/qqnews/qq.py", line 128, in main
    for i in qq1["data"]["list"]:
             ~~~~~~~~~~~^^^^^^^^
TypeError: 'NoneType' object is not subscriptable

2026-02-28 16:12:07,476 - INFO - Total time taken: {'ret': 0, 'msg': 'success', 'data': None}
2026-02-28 16:12:07,476 - INFO - 'NoneType' object is not subscriptable
2026-02-28 16:12:07,477 - INFO - Traceback (most recent call last):
  File "/home/runner/work/qqnews/qqnews/qq.py", line 128, in main
    for i in qq1["data"]["list"]:
             ~~~~~~~~~~~^^^^^^^^
TypeError: 'NoneType' object is not subscriptable

2026-02-28 17:09:34,764 - INFO - Total time taken: {'ret': 0, 'msg': 'success', 'data': None}
2026-02-28 17:09:34,764 - INFO - 'NoneType' object is not subscriptable
2026-02-28 17:09:34,764 - INFO - Traceback (most recent call last):
  File "/home/runner/work/qqnews/qqnews/qq.py", line 128, in main
    for i in qq1["data"]["list"]:
             ~~~~~~~~~~~^^^^^^^^
TypeError: 'NoneType' object is not subscriptable

2026-02-28 18:14:51,908 - INFO - Total time taken: {'ret': 0, 'msg': 'success', 'data': None}
2026-02-28 18:14:51,908 - INFO - 'NoneType' object is not subscriptable
2026-02-28 18:14:51,908 - INFO - Traceback (most recent call last):
  File "/home/runner/work/qqnews/qqnews/qq.py", line 128, in main
    for i in qq1["data"]["list"]:
             ~~~~~~~~~~~^^^^^^^^
TypeError: 'NoneType' object is not subscriptable

2026-02-28 19:11:44,317 - INFO - Total time taken: {'ret': 0, 'msg': 'success', 'data': None}
2026-02-28 19:11:44,317 - INFO - 'NoneType' object is not subscriptable
2026-02-28 19:11:44,317 - INFO - Traceback (most recent call last):
  File "/home/runner/work/qqnews/qqnews/qq.py", line 128, in main
    for i in qq1["data"]["list"]:
             ~~~~~~~~~~~^^^^^^^^
TypeError: 'NoneType' object is not subscriptable

2026-02-28 20:01:27,507 - INFO - Total time taken: {'ret': 0, 'msg': 'success', 'data': None}
2026-02-28 20:01:27,507 - INFO - 'NoneType' object is not subscriptable
2026-02-28 20:01:27,507 - INFO - Traceback (most recent call last):
  File "/home/runner/work/qqnews/qqnews/qq.py", line 128, in main
    for i in qq1["data"]["list"]:
             ~~~~~~~~~~~^^^^^^^^
TypeError: 'NoneType' object is not subscriptable

2026-02-28 21:09:35,142 - INFO - Total time taken: {'ret': 0, 'msg': 'success', 'data': None}
2026-02-28 21:09:35,143 - INFO - 'NoneType' object is not subscriptable
2026-02-28 21:09:35,143 - INFO - Traceback (most recent call last):
  File "/home/runner/work/qqnews/qqnews/qq.py", line 128, in main
    for i in qq1["data"]["list"]:
             ~~~~~~~~~~~^^^^^^^^
TypeError: 'NoneType' object is not subscriptable

