2025-08-24 00:44:48,491 - INFO - Total time taken: {'ret': 0, 'msg': 'success', 'data': None}
2025-08-24 00:44:48,492 - INFO - 'NoneType' object is not subscriptable
2025-08-24 00:44:48,492 - INFO - Traceback (most recent call last):
  File "/home/runner/work/qqnews/qqnews/qq.py", line 128, in main
    for i in qq1["data"]["list"]:
             ~~~~~~~~~~~^^^^^^^^
TypeError: 'NoneType' object is not subscriptable

2025-08-24 02:42:43,845 - INFO - Total time taken: {'ret': 0, 'msg': 'success', 'data': None}
2025-08-24 02:42:43,846 - INFO - 'NoneType' object is not subscriptable
2025-08-24 02:42:43,846 - INFO - Traceback (most recent call last):
  File "/home/runner/work/qqnews/qqnews/qq.py", line 128, in main
    for i in qq1["data"]["list"]:
             ~~~~~~~~~~~^^^^^^^^
TypeError: 'NoneType' object is not subscriptable

2025-08-24 03:41:14,936 - INFO - Total time taken: {'ret': 0, 'msg': 'success', 'data': None}
2025-08-24 03:41:14,936 - INFO - 'NoneType' object is not subscriptable
2025-08-24 03:41:14,936 - INFO - Traceback (most recent call last):
  File "/home/runner/work/qqnews/qqnews/qq.py", line 128, in main
    for i in qq1["data"]["list"]:
             ~~~~~~~~~~~^^^^^^^^
TypeError: 'NoneType' object is not subscriptable

2025-08-24 04:15:38,262 - INFO - Total time taken: {'ret': 0, 'msg': 'success', 'data': None}
2025-08-24 04:15:38,262 - INFO - 'NoneType' object is not subscriptable
2025-08-24 04:15:38,263 - INFO - Traceback (most recent call last):
  File "/home/runner/work/qqnews/qqnews/qq.py", line 128, in main
    for i in qq1["data"]["list"]:
             ~~~~~~~~~~~^^^^^^^^
TypeError: 'NoneType' object is not subscriptable

2025-08-24 05:08:43,886 - INFO - Total time taken: {'ret': 0, 'msg': 'success', 'data': None}
2025-08-24 05:08:43,887 - INFO - 'NoneType' object is not subscriptable
2025-08-24 05:08:43,887 - INFO - Traceback (most recent call last):
  File "/home/runner/work/qqnews/qqnews/qq.py", line 128, in main
    for i in qq1["data"]["list"]:
             ~~~~~~~~~~~^^^^^^^^
TypeError: 'NoneType' object is not subscriptable

2025-08-24 06:12:01,197 - INFO - Total time taken: {'ret': 0, 'msg': 'success', 'data': None}
2025-08-24 06:12:01,198 - INFO - 'NoneType' object is not subscriptable
2025-08-24 06:12:01,198 - INFO - Traceback (most recent call last):
  File "/home/runner/work/qqnews/qqnews/qq.py", line 128, in main
    for i in qq1["data"]["list"]:
             ~~~~~~~~~~~^^^^^^^^
TypeError: 'NoneType' object is not subscriptable

2025-08-24 07:01:11,907 - INFO - Total time taken: {'ret': 0, 'msg': 'success', 'data': None}
2025-08-24 07:01:11,907 - INFO - 'NoneType' object is not subscriptable
2025-08-24 07:01:11,908 - INFO - Traceback (most recent call last):
  File "/home/runner/work/qqnews/qqnews/qq.py", line 128, in main
    for i in qq1["data"]["list"]:
             ~~~~~~~~~~~^^^^^^^^
TypeError: 'NoneType' object is not subscriptable

2025-08-24 08:01:16,996 - INFO - Total time taken: {'ret': 0, 'msg': 'success', 'data': None}
2025-08-24 08:01:16,996 - INFO - 'NoneType' object is not subscriptable
2025-08-24 08:01:16,996 - INFO - Traceback (most recent call last):
  File "/home/runner/work/qqnews/qqnews/qq.py", line 128, in main
    for i in qq1["data"]["list"]:
             ~~~~~~~~~~~^^^^^^^^
TypeError: 'NoneType' object is not subscriptable

2025-08-24 09:07:54,165 - INFO - Total time taken: {'ret': 0, 'msg': 'success', 'data': None}
2025-08-24 09:07:54,165 - INFO - 'NoneType' object is not subscriptable
2025-08-24 09:07:54,166 - INFO - Traceback (most recent call last):
  File "/home/runner/work/qqnews/qqnews/qq.py", line 128, in main
    for i in qq1["data"]["list"]:
             ~~~~~~~~~~~^^^^^^^^
TypeError: 'NoneType' object is not subscriptable

2025-08-24 10:01:24,079 - INFO - Total time taken: {'ret': 0, 'msg': 'success', 'data': None}
2025-08-24 10:01:24,079 - INFO - 'NoneType' object is not subscriptable
2025-08-24 10:01:24,079 - INFO - Traceback (most recent call last):
  File "/home/runner/work/qqnews/qqnews/qq.py", line 128, in main
    for i in qq1["data"]["list"]:
             ~~~~~~~~~~~^^^^^^^^
TypeError: 'NoneType' object is not subscriptable

2025-08-24 11:01:22,423 - INFO - Total time taken: {'ret': 0, 'msg': 'success', 'data': None}
2025-08-24 11:01:22,423 - INFO - 'NoneType' object is not subscriptable
2025-08-24 11:01:22,424 - INFO - Traceback (most recent call last):
  File "/home/runner/work/qqnews/qqnews/qq.py", line 128, in main
    for i in qq1["data"]["list"]:
             ~~~~~~~~~~~^^^^^^^^
TypeError: 'NoneType' object is not subscriptable

2025-08-24 12:14:02,434 - INFO - Total time taken: {'ret': 0, 'msg': 'success', 'data': None}
2025-08-24 12:14:02,434 - INFO - 'NoneType' object is not subscriptable
2025-08-24 12:14:02,435 - INFO - Traceback (most recent call last):
  File "/home/runner/work/qqnews/qqnews/qq.py", line 128, in main
    for i in qq1["data"]["list"]:
             ~~~~~~~~~~~^^^^^^^^
TypeError: 'NoneType' object is not subscriptable

2025-08-24 13:17:15,112 - INFO - Total time taken: {'ret': 0, 'msg': 'success', 'data': None}
2025-08-24 13:17:15,112 - INFO - 'NoneType' object is not subscriptable
2025-08-24 13:17:15,112 - INFO - Traceback (most recent call last):
  File "/home/runner/work/qqnews/qqnews/qq.py", line 128, in main
    for i in qq1["data"]["list"]:
             ~~~~~~~~~~~^^^^^^^^
TypeError: 'NoneType' object is not subscriptable

2025-08-24 14:01:21,783 - INFO - Total time taken: {'ret': 0, 'msg': 'success', 'data': None}
2025-08-24 14:01:21,783 - INFO - 'NoneType' object is not subscriptable
2025-08-24 14:01:21,784 - INFO - Traceback (most recent call last):
  File "/home/runner/work/qqnews/qqnews/qq.py", line 128, in main
    for i in qq1["data"]["list"]:
             ~~~~~~~~~~~^^^^^^^^
TypeError: 'NoneType' object is not subscriptable

2025-08-24 15:01:26,494 - INFO - Total time taken: {'ret': 0, 'msg': 'success', 'data': None}
2025-08-24 15:01:26,495 - INFO - 'NoneType' object is not subscriptable
2025-08-24 15:01:26,495 - INFO - Traceback (most recent call last):
  File "/home/runner/work/qqnews/qqnews/qq.py", line 128, in main
    for i in qq1["data"]["list"]:
             ~~~~~~~~~~~^^^^^^^^
TypeError: 'NoneType' object is not subscriptable

2025-08-24 16:01:18,258 - INFO - Total time taken: {'ret': 0, 'msg': 'success', 'data': None}
2025-08-24 16:01:18,258 - INFO - 'NoneType' object is not subscriptable
2025-08-24 16:01:18,259 - INFO - Traceback (most recent call last):
  File "/home/runner/work/qqnews/qqnews/qq.py", line 128, in main
    for i in qq1["data"]["list"]:
             ~~~~~~~~~~~^^^^^^^^
TypeError: 'NoneType' object is not subscriptable

