2024-11-26 00:36:54,924 - INFO - EXPIRED
女生在宿舍呼吸困难，120男医护被值周女同学拦住不让上楼？学校回应
https://new.qq.com/rain/a/20241125A07TGV00

2024-11-26 00:36:54,924 - INFO - EXPIRED
卖200元白粥的上海饭馆称使用高档水熬煮，真的吗？上架多年谁在点？
https://view.inews.qq.com/a/20241125Q09IHI00

2024-11-26 00:36:54,924 - INFO - EXPIRED
上海一男子在商场坠楼身亡，目击者讲述事发经过
https://new.qq.com/rain/a/20241125A09M3F00

2024-11-26 00:36:54,924 - INFO - EXPIRED
多地网友给打小学生的副所长邮寄锦旗？相关店铺回应：确实比较多
https://new.qq.com/rain/a/20241125A08KR100

2024-11-26 00:36:54,924 - INFO - EXPIRED
中建八局厦门一在建工地项目用照片虚假打卡？当地有关部门回应
https://new.qq.com/rain/a/20241125A07ZB100

2024-11-26 00:36:54,924 - INFO - EXPIRED
知名珠宝公司爆雷，门店关闭总部空无一人，有人48万本金没拿回来
https://new.qq.com/rain/a/20241125A05L5C00

2024-11-26 00:36:54,924 - INFO - EXPIRED
罕见人生｜被忽视的“胎记”：女儿确诊罕见病后，一个父亲发起病友自救
https://new.qq.com/rain/a/20241125A069HQ00

2024-11-26 00:36:54,924 - INFO - EXPIRED
巴菲特最新公开信：透露为“子女后事”布局 无意搞家族财富帝国
https://new.qq.com/rain/a/20241125A09LZP00

2024-11-26 00:36:54,924 - INFO - EXPIRED
俄免除对乌作战的新入伍士兵债务，这有多大吸引力？符合条件的人多吗？
https://view.inews.qq.com/a/20241125Q07OFE00

2024-11-26 00:36:54,925 - INFO - EXPIRED
美国对“莫迪密友”开刀后，孟加拉国、法国也出手了
https://new.qq.com/rain/a/20241125A09ER700

2024-11-26 00:36:54,925 - INFO - EXPIRED
广电总局出手整治“霸总”微短剧，防止通过拜金、炫富等制造爽点
https://new.qq.com/rain/a/20241125A093M600

2024-11-26 00:36:54,925 - INFO - EXPIRED
上海某饭馆一份白粥卖200元，店家称使用了高档水熬煮，市监部门回应
https://new.qq.com/rain/a/20241125A096JA00

2024-11-26 00:36:54,925 - INFO - EXPIRED
陕西前首富高乃则之子所持一煤矿股权将被拍卖，4.46亿元起拍
https://new.qq.com/rain/a/20241125A075OD00

2024-11-26 00:36:54,925 - INFO - EXPIRED
监管层出手！多家“不按需投递”快递公司被处罚
https://new.qq.com/rain/a/20241125A08ITT00

2024-11-26 00:36:54,925 - INFO - EXPIRED
郑州高铁征地补偿纠纷16年未决：防护绿地被拒绝征收，百亩住宅项目搁浅
https://new.qq.com/rain/a/20241125A08I2J00

2024-11-26 00:36:54,925 - INFO - EXPIRED
“9岁女生被老师砸成重伤案”将二次开庭，家属：女儿患上重度焦虑
https://new.qq.com/rain/a/20241125A08JK400

2024-11-26 00:36:54,925 - INFO - EXPIRED
处警过程中未正确履职致一名辅警死亡，贵州一派出所原所长犯玩忽职守罪被判缓刑
https://new.qq.com/rain/a/20241125A07U0900

2024-11-26 00:36:54,925 - INFO - EXPIRED
警察私带警械跨省抓人被判滥用职权罪，“远洋捕捞”为何频发
https://new.qq.com/rain/a/20241125A062CC00

2024-11-26 00:36:54,925 - INFO - EXPIRED
男子骑车撞供热管道身亡后续：家属质疑无提醒标识 多方回应
https://new.qq.com/rain/a/20241125V08V9700

2024-11-26 00:36:54,925 - INFO - EXPIRED
美媒称以色列和黎巴嫩就黎以停火协议达成一致
https://new.qq.com/rain/a/20241125A09DVF00

2024-11-26 00:36:54,925 - INFO - EXPIRED
中国驻埃及大使馆：一游船在红海海域沉没，2名中国游客获救
https://new.qq.com/rain/a/20241125A092P000

2024-11-26 00:36:54,925 - INFO - EXPIRED
欧洲汽车产业大裁员：5万员工面临失业，车企利润快速流失
https://new.qq.com/rain/a/20241125A07MTW00

2024-11-26 00:36:54,925 - INFO - EXPIRED
在红海不幸遇翻船事故，生存希望会更大吗？和其他海域有何区别？
https://view.inews.qq.com/a/20241125Q080EV00

2024-11-26 00:36:54,925 - INFO - EXPIRED
学生因亲人危重凌晨请假回家被拦 校方：宿管员处理不当，已调离
https://new.qq.com/rain/a/20241125A09BBF00

2024-11-26 00:36:54,925 - INFO - EXPIRED
《萌芽》杂志原主编曹阳逝世，享年91岁
https://new.qq.com/rain/a/20241125A0984700

2024-11-26 00:36:54,925 - INFO - EXPIRED
中国工程院院士邬贺铨：AI及智能体在金融领域的应用还处于开始阶段
https://new.qq.com/rain/a/20241125A09B6U00

2024-11-26 00:36:54,925 - INFO - EXPIRED
事发瞬间：波音货机在立陶宛坠毁砸中民宅 爆出巨大火球升起蘑菇云
https://new.qq.com/rain/a/20241125V05M6000

2024-11-26 00:36:54,925 - INFO - EXPIRED
贵州修文县委原书记管庆良被双开：公开发表与全面从严治党相悖言论
https://new.qq.com/rain/a/20241125A08C2S00

2024-11-26 00:36:54,925 - INFO - EXPIRED
马斯克批评美国军工巨头，称无人机将取代F35等载人战斗机，他说的对吗？
https://view.inews.qq.com/a/20241125Q06EYK00

2024-11-26 00:36:54,925 - INFO - EXPIRED
欧盟将中国对欧盟白兰地临时反倾销诉至世贸争端解决机制 商务部回应
https://new.qq.com/rain/a/20241125A082RA00

2024-11-26 00:36:54,925 - INFO - EXPIRED
内蒙古警察枪击案重审将开庭，辩护律师：关键证人及专家辅助人会出庭
https://new.qq.com/rain/a/20241125A0785M00

2024-11-26 00:36:54,925 - INFO - EXPIRED
中国猛砸万亿建跨海大桥，背后有何考量？还有哪些在规划当中？
https://view.inews.qq.com/a/20241125Q04H5E00

2024-11-26 00:36:54,925 - INFO - EXPIRED
“996奋斗无忧险”，熬夜猝死最高获赔60万？中国平安：官方未有售卖
https://new.qq.com/rain/a/20241125A08JZQ00

2024-11-26 00:36:54,925 - INFO - EXPIRED
整治“直播炒股”，浙江证监局出手！同花顺子公司总经理被约谈
https://new.qq.com/rain/a/20241125A08QPI00

2024-11-26 00:36:54,925 - INFO - EXPIRED
十二部门：到2027年底，全面实现5G规模化应用
https://new.qq.com/rain/a/20241125A08MZT00

2024-11-26 00:36:54,925 - INFO - EXPIRED
俄副外长：美国若在亚洲部署导弹 俄会考虑在亚洲部署中短程导弹
https://new.qq.com/rain/a/20241125A08DMC00

2024-11-26 00:36:54,925 - INFO - EXPIRED
甘肃拟调整34位县委书记、县长
https://new.qq.com/rain/a/20241125A06CE400

2024-11-26 00:36:54,925 - INFO - EXPIRED
男子带死蟑螂、脏避孕套敲诈63家酒店，为什么能频频得逞？
https://view.inews.qq.com/a/20241125Q04OHR00

2024-11-26 00:36:54,925 - INFO - EXPIRED
小区坠落菜刀砸伤居民 重庆警方通报：75岁嫌疑人被采取刑事强制措施
https://new.qq.com/rain/a/20241125A070X400

2024-11-26 00:36:54,925 - INFO - EXPIRED
苏州高新区一小房间内发现一亿现金？官方回应：不实信息
https://new.qq.com/rain/a/20241125A056SH00

2024-11-26 00:36:54,925 - INFO - EXPIRED
被副所长踢打的学生是校园霸凌者？当地教体局：同学间玩得过火了
https://new.qq.com/rain/a/20241125A07OMO00

2024-11-26 00:36:54,925 - INFO - EXPIRED
中办、国办印发《粮食节约和反食品浪费行动方案》
https://new.qq.com/rain/a/20241125A07DNO00

2024-11-26 00:36:54,925 - INFO - EXPIRED
有医院把腹部CT分成“上中下腹”收3次费，看病怎么知道是否被重复收费？
https://view.inews.qq.com/a/20241125Q059TJ00

2024-11-26 00:36:54,925 - INFO - EXPIRED
外媒：菲副总统称如被害就找马科斯算账，总统马科斯回应
https://new.qq.com/rain/a/20241125A060AL00

2024-11-26 00:36:54,925 - INFO - EXPIRED
大运汽车披露重整情况：已对接多家投资机构，各园区正准备有序复工
https://new.qq.com/rain/a/20241125A0659I00

2024-11-26 00:36:54,925 - INFO - EXPIRED
长城汽车被曝裁员！涉及人数上百人
https://new.qq.com/rain/a/20241125A05YV800

2024-11-26 00:36:54,925 - INFO - EXPIRED
现实版凡人歌：39岁失业后在菜市场重启人生
https://new.qq.com/rain/a/20241125V04GGC00

2024-11-26 00:36:54,925 - INFO - EXPIRED
内蒙古新井煤业53死6伤坍塌事故整改评估报告发布
https://new.qq.com/rain/a/20241125A066AB00

2024-11-26 00:36:54,925 - INFO - EXPIRED
千万豪宅楼内夹层却藏超万只蛆，这种情况维修难吗？能找开发商要赔偿吗？
https://view.inews.qq.com/a/20241124Q06CVW00

2024-11-26 00:36:54,925 - INFO - EXPIRED
外交部：台湾没有什么“国防部”
https://new.qq.com/rain/a/20241125A05OS800

2024-11-26 00:36:54,925 - INFO - EXPIRED
蔡希良履新中国人寿董事长
https://new.qq.com/rain/a/20241125A06RB000

2024-11-26 00:36:54,925 - INFO - EXPIRED
中国人民银行等九部门联合召开科技创新和技术改造贷款工作推进会议
https://new.qq.com/rain/a/20241125A06GVF00

2024-11-26 00:36:54,925 - INFO - EXPIRED
韩国检方：将就李在明“教唆伪证”案继续提起上诉
https://new.qq.com/rain/a/20241125A05UYY00

2024-11-26 00:36:54,925 - INFO - EXPIRED
靠烟吃烟、受贿滥权！国家烟草专卖局原局长凌成兴涉嫌二罪被公诉
https://new.qq.com/rain/a/20241125A05ADU00

2024-11-26 00:36:54,925 - INFO - EXPIRED
官方回复文件200余字现7处错字，湖南长沙县卫健局：工作失误
https://new.qq.com/rain/a/20241125A04BLH00

2024-11-26 00:36:54,925 - INFO - EXPIRED
美方将公布新的对华芯片出口限制？外交部：将采取坚决措施
https://new.qq.com/rain/a/20241125A05K3Y00

2024-11-26 00:36:54,925 - INFO - EXPIRED
发“领导全没了”短信宣传游戏，网易雷火多名员工被处理
https://new.qq.com/rain/a/20241125A05EXT00

2024-11-26 00:36:54,925 - INFO - EXPIRED
蔚来李斌发全员内部信：2026年实现公司盈利是不容有失的工作任务
https://new.qq.com/rain/a/20241125A05H4400

2024-11-26 00:36:54,925 - INFO - EXPIRED
监控曝光！2岁男童在地下车库玩耍时遭车辆碾压，经抢救无效死亡
https://new.qq.com/rain/a/20241125V04E0L00

2024-11-26 00:36:54,925 - INFO - EXPIRED
俄称首次在库尔斯克俘虏外国雇佣兵：来自英国，受审视频公布
https://new.qq.com/rain/a/20241125A04C2O00

2024-11-26 00:36:54,925 - INFO - EXPIRED
以“丝”代“绒”，成本不到2元，央视揭开羽绒服里的骗局
https://new.qq.com/rain/a/20241124A06K1S00

2024-11-26 00:36:54,925 - INFO - EXPIRED
外交部回应对日试行30天免签政策：希望日方同我们相向而行
https://new.qq.com/rain/a/20241125A05K1Z00

2024-11-26 00:36:54,925 - INFO - EXPIRED
商务部副部长王受文会见英伟达公司全球业务运营执行副总裁普瑞
https://new.qq.com/rain/a/20241125A050DI00

2024-11-26 00:36:54,925 - INFO - EXPIRED
二年级学生未完成作业被老师揪耳朵致撕裂，教育局：老师认识到错误了
https://new.qq.com/rain/a/20241125A040NU00

2024-11-26 00:36:54,925 - INFO - EXPIRED
一名“红通”逃犯落网：带头走私红酒、瑶柱、海参等销售，案值2500万
https://new.qq.com/rain/a/20241125A04HXY00

2024-11-26 00:36:54,925 - INFO - EXPIRED
无罪！韩国最大在野党党首李在明“教唆伪证”案一审宣判
https://new.qq.com/rain/a/20241125A04N4300

2024-11-26 00:36:54,926 - INFO - EXPIRED
三年前买基金的人，现在怎么样了？
https://new.qq.com/rain/a/20241125A05AKB00

2024-11-26 00:36:54,926 - INFO - EXPIRED
塞尔维亚著名钟楼遭中文涂鸦：用红色涂料写了社交账号和账号名
https://new.qq.com/rain/a/20241125A01LIG00

2024-11-26 00:36:54,926 - INFO - EXPIRED
北京市人社局印发改革任务清单！涉及落实延迟退休部署等
https://new.qq.com/rain/a/20241125A04EIZ00

2024-11-26 00:36:54,926 - INFO - EXPIRED
陕西一野猪闯入村民家中顶撞撕咬老人，医院：老人失血过多，当场死亡
https://new.qq.com/rain/a/20241125A051GV00

2024-11-26 00:36:54,926 - INFO - EXPIRED
董宇辉由执行董事改任董事意味着什么？媒体解读
https://new.qq.com/rain/a/20241125A04SEF00

2024-11-26 00:36:54,926 - INFO - EXPIRED
李政道骨灰归葬苏州，与去世28年的夫人永远相伴
https://new.qq.com/rain/a/20241125A040OO00

2024-11-26 00:36:54,926 - INFO - EXPIRED
李想或将获数亿奖励，李斌承诺2026年盈利，何小鹏预测淘汰赛
https://new.qq.com/rain/a/20241125A04DSI00

2024-11-26 00:36:54,926 - INFO - EXPIRED
俄称乌军发射多枚导弹袭击库尔斯克，消息人士：使用的是“外国导弹”
https://new.qq.com/rain/a/20241125A03Y2000

2024-11-26 00:36:54,926 - INFO - EXPIRED
中国海警舰艇编队起航赴北部湾海域开展2024年第2次中越海警北部湾联合巡逻
https://new.qq.com/rain/a/20241125A04HYU00

2024-11-26 00:36:54,926 - INFO - EXPIRED
昆明广告牌坠落致3死调查报告：去年发现锈蚀严重 城管检查“走过场”
https://new.qq.com/rain/a/20241125A04BRN00

2024-11-26 00:36:54,926 - INFO - EXPIRED
华人女子被杀害埋尸后院，71岁的美国丈夫被逮捕，两人育有4孩
https://new.qq.com/rain/a/20241125A04H8S00

2024-11-26 00:36:54,926 - INFO - EXPIRED
“幸存”于家暴后，被摧毁的与不能妥协的
https://new.qq.com/rain/a/20241125A040ZD00

2024-11-26 00:36:54,926 - INFO - EXPIRED
司机出手相救16岁被尾随女孩，若他打伤甚至打死歹徒，要承担法律责任吗？
https://view.inews.qq.com/a/20241125Q01JYQ00

2024-11-26 00:36:54,926 - INFO - EXPIRED
德媒：结束17年婚姻，德国外长贝尔伯克宣布离婚
https://new.qq.com/rain/a/20241125A00UP100

2024-11-26 00:36:54,926 - INFO - EXPIRED
四川内江一公交车司机突发疾病导致车辆失控撞上行人，造成1死4伤
https://new.qq.com/rain/a/20241125A0302C00

2024-11-26 00:36:54,926 - INFO - EXPIRED
“真是开眼了！”乘客吐槽提前半个月选座，东航大面积“锁座”不让选
https://new.qq.com/rain/a/20241124A063NI00

2024-11-26 00:36:54,926 - INFO - EXPIRED
起底“千万级”带货主播“麦琪啦”：拆分病名暗示能消瘤治癌，把保健品吹成“神药”
https://new.qq.com/rain/a/20241125A01KYW00

2024-11-26 00:36:54,926 - INFO - EXPIRED
杉杉变局
https://new.qq.com/rain/a/20241125A025I000

2024-11-26 00:36:54,926 - INFO - EXPIRED
体操冠军转型女主播引争议，媒体：曾有体操冠军退役后因盗窃入狱
https://new.qq.com/rain/a/20241124A06YO100

2024-11-26 00:36:54,926 - INFO - EXPIRED
男子不满妻子起诉离婚将其杀害，被执行死刑！最高法发布5起典型案例
https://new.qq.com/rain/a/20241125A02FH900

2024-11-26 00:36:54,926 - INFO - EXPIRED
特朗普推出新书《拯救美国》，499美元签售版“当日售罄”
https://new.qq.com/rain/a/20241125A0378E00

2024-11-26 00:36:54,926 - INFO - EXPIRED
“中国巴菲特”郭广昌再售金融资产，复星国际上半年归母净利大减47%
https://new.qq.com/rain/a/20241125A03GP800

2024-11-26 00:36:54,926 - INFO - EXPIRED
北京汽车陈德炫：销量增长，价格永远是最敏感的因素
https://new.qq.com/rain/a/20241125V043F100

2024-11-26 00:36:54,926 - INFO - EXPIRED
菲律宾副总统称已雇杀手追杀总统？菲安全委员会：将核实暗杀威胁
https://new.qq.com/rain/a/20241125A01XFM00

2024-11-26 00:36:54,926 - INFO - EXPIRED
哪吒汽车回应“10亿股权被冻结”：法院已解除公司财产保全措施
https://new.qq.com/rain/a/20241125A03N3600

2024-11-26 00:36:54,926 - INFO - EXPIRED
今年内第三次来华！库克：没中国就没现在的苹果！公司第四财季净利润下降超35%
https://new.qq.com/rain/a/20241125A03GKQ00

2024-11-26 00:36:54,926 - INFO - EXPIRED
同被国际刑事法院通缉，内塔尼亚胡与普京处境有何异同？
https://new.qq.com/rain/a/20241124A02IEM00

2024-11-26 00:36:56,119 - INFO - INVALID
加州州长公开挑战特朗普：你若取消电动车补贴，加州自己掏钱顶上
https://new.qq.com/rain/a/20241126A00I3100

2024-11-26 00:36:56,124 - INFO - INVALID
美法官驳回特朗普涉嫌干预2020年选举案 特朗普发声
https://new.qq.com/rain/a/20241126A013QY00

2024-11-26 00:36:56,136 - INFO - INVALID
京东声明：部分造谣抹黑京东者已被公安机关处罚
https://new.qq.com/rain/a/20241126A016VE00

2024-11-26 00:36:56,199 - INFO - INVALID
境外研学被关进“小黑屋”，对我赴境外学生拉拢、洗脑！国家安全机关提醒！
https://new.qq.com/rain/a/20241126A00YW800

2024-11-26 00:36:56,220 - INFO - INVALID
跨省执行13年未了局：市政府对邻省县级法院说“不”
https://new.qq.com/rain/a/20241126A0006700

2024-11-26 00:36:56,827 - INFO - INVALID
一架载有6人的小型飞机在哥斯达黎加首都坠毁
https://new.qq.com/rain/a/20241126A010PB00

2024-11-26 00:36:56,895 - INFO - INVALID
美股收盘：道指涨近1%收新高 英伟达、特斯拉逆市暴跌
https://new.qq.com/rain/a/20241126A00UT100

2024-11-26 02:16:54,577 - INFO - EXPIRED
女生在宿舍呼吸困难，120男医护被值周女同学拦住不让上楼？学校回应
https://new.qq.com/rain/a/20241125A07TGV00

2024-11-26 02:16:54,577 - INFO - EXPIRED
多地网友给打小学生的副所长邮寄锦旗？相关店铺回应：确实比较多
https://new.qq.com/rain/a/20241125A08KR100

2024-11-26 02:16:54,577 - INFO - EXPIRED
上海一男子在商场坠楼身亡，目击者讲述事发经过
https://new.qq.com/rain/a/20241125A09M3F00

2024-11-26 02:16:54,577 - INFO - EXPIRED
卖200元白粥的上海饭馆称使用高档水熬煮，真的吗？上架多年谁在点？
https://view.inews.qq.com/a/20241125Q09IHI00

2024-11-26 02:16:54,577 - INFO - EXPIRED
中建八局厦门一在建工地项目用照片虚假打卡？当地有关部门回应
https://new.qq.com/rain/a/20241125A07ZB100

2024-11-26 02:16:54,577 - INFO - EXPIRED
知名珠宝公司爆雷，门店关闭总部空无一人，有人48万本金没拿回来
https://new.qq.com/rain/a/20241125A05L5C00

2024-11-26 02:16:54,577 - INFO - EXPIRED
罕见人生｜被忽视的“胎记”：女儿确诊罕见病后，一个父亲发起病友自救
https://new.qq.com/rain/a/20241125A069HQ00

2024-11-26 02:16:54,577 - INFO - EXPIRED
巴菲特最新公开信：透露为“子女后事”布局 无意搞家族财富帝国
https://new.qq.com/rain/a/20241125A09LZP00

2024-11-26 02:16:54,577 - INFO - EXPIRED
俄免除对乌作战的新入伍士兵债务，这有多大吸引力？符合条件的人多吗？
https://view.inews.qq.com/a/20241125Q07OFE00

2024-11-26 02:16:54,577 - INFO - EXPIRED
美国对“莫迪密友”开刀后，孟加拉国、法国也出手了
https://new.qq.com/rain/a/20241125A09ER700

2024-11-26 02:16:54,577 - INFO - EXPIRED
广电总局出手整治“霸总”微短剧，防止通过拜金、炫富等制造爽点
https://new.qq.com/rain/a/20241125A093M600

2024-11-26 02:16:54,577 - INFO - EXPIRED
上海某饭馆一份白粥卖200元，店家称使用了高档水熬煮，市监部门回应
https://new.qq.com/rain/a/20241125A096JA00

2024-11-26 02:16:54,577 - INFO - EXPIRED
陕西前首富高乃则之子所持一煤矿股权将被拍卖，4.46亿元起拍
https://new.qq.com/rain/a/20241125A075OD00

2024-11-26 02:16:54,577 - INFO - EXPIRED
监管层出手！多家“不按需投递”快递公司被处罚
https://new.qq.com/rain/a/20241125A08ITT00

2024-11-26 02:16:54,577 - INFO - EXPIRED
郑州高铁征地补偿纠纷16年未决：防护绿地被拒绝征收，百亩住宅项目搁浅
https://new.qq.com/rain/a/20241125A08I2J00

2024-11-26 02:16:54,577 - INFO - EXPIRED
“9岁女生被老师砸成重伤案”将二次开庭，家属：女儿患上重度焦虑
https://new.qq.com/rain/a/20241125A08JK400

2024-11-26 02:16:54,577 - INFO - EXPIRED
处警过程中未正确履职致一名辅警死亡，贵州一派出所原所长犯玩忽职守罪被判缓刑
https://new.qq.com/rain/a/20241125A07U0900

2024-11-26 02:16:54,577 - INFO - EXPIRED
警察私带警械跨省抓人被判滥用职权罪，“远洋捕捞”为何频发
https://new.qq.com/rain/a/20241125A062CC00

2024-11-26 02:16:54,577 - INFO - EXPIRED
男子骑车撞供热管道身亡后续：家属质疑无提醒标识 多方回应
https://new.qq.com/rain/a/20241125V08V9700

2024-11-26 02:16:54,577 - INFO - EXPIRED
美媒称以色列和黎巴嫩就黎以停火协议达成一致
https://new.qq.com/rain/a/20241125A09DVF00

2024-11-26 02:16:54,578 - INFO - EXPIRED
中国驻埃及大使馆：一游船在红海海域沉没，2名中国游客获救
https://new.qq.com/rain/a/20241125A092P000

2024-11-26 02:16:54,578 - INFO - EXPIRED
欧洲汽车产业大裁员：5万员工面临失业，车企利润快速流失
https://new.qq.com/rain/a/20241125A07MTW00

2024-11-26 02:16:54,578 - INFO - EXPIRED
在红海不幸遇翻船事故，生存希望会更大吗？和其他海域有何区别？
https://view.inews.qq.com/a/20241125Q080EV00

2024-11-26 02:16:54,578 - INFO - EXPIRED
学生因亲人危重凌晨请假回家被拦 校方：宿管员处理不当，已调离
https://new.qq.com/rain/a/20241125A09BBF00

2024-11-26 02:16:54,578 - INFO - EXPIRED
《萌芽》杂志原主编曹阳逝世，享年91岁
https://new.qq.com/rain/a/20241125A0984700

2024-11-26 02:16:54,578 - INFO - EXPIRED
中国工程院院士邬贺铨：AI及智能体在金融领域的应用还处于开始阶段
https://new.qq.com/rain/a/20241125A09B6U00

2024-11-26 02:16:54,578 - INFO - EXPIRED
事发瞬间：波音货机在立陶宛坠毁砸中民宅 爆出巨大火球升起蘑菇云
https://new.qq.com/rain/a/20241125V05M6000

2024-11-26 02:16:54,578 - INFO - EXPIRED
贵州修文县委原书记管庆良被双开：公开发表与全面从严治党相悖言论
https://new.qq.com/rain/a/20241125A08C2S00

2024-11-26 02:16:54,578 - INFO - EXPIRED
马斯克批评美国军工巨头，称无人机将取代F35等载人战斗机，他说的对吗？
https://view.inews.qq.com/a/20241125Q06EYK00

2024-11-26 02:16:54,578 - INFO - EXPIRED
欧盟将中国对欧盟白兰地临时反倾销诉至世贸争端解决机制 商务部回应
https://new.qq.com/rain/a/20241125A082RA00

2024-11-26 02:16:54,578 - INFO - EXPIRED
内蒙古警察枪击案重审将开庭，辩护律师：关键证人及专家辅助人会出庭
https://new.qq.com/rain/a/20241125A0785M00

2024-11-26 02:16:54,578 - INFO - EXPIRED
中国猛砸万亿建跨海大桥，背后有何考量？还有哪些在规划当中？
https://view.inews.qq.com/a/20241125Q04H5E00

2024-11-26 02:16:54,578 - INFO - EXPIRED
“996奋斗无忧险”，熬夜猝死最高获赔60万？中国平安：官方未有售卖
https://new.qq.com/rain/a/20241125A08JZQ00

2024-11-26 02:16:54,578 - INFO - EXPIRED
整治“直播炒股”，浙江证监局出手！同花顺子公司总经理被约谈
https://new.qq.com/rain/a/20241125A08QPI00

2024-11-26 02:16:54,578 - INFO - EXPIRED
十二部门：到2027年底，全面实现5G规模化应用
https://new.qq.com/rain/a/20241125A08MZT00

2024-11-26 02:16:54,578 - INFO - EXPIRED
俄副外长：美国若在亚洲部署导弹 俄会考虑在亚洲部署中短程导弹
https://new.qq.com/rain/a/20241125A08DMC00

2024-11-26 02:16:54,578 - INFO - EXPIRED
甘肃拟调整34位县委书记、县长
https://new.qq.com/rain/a/20241125A06CE400

2024-11-26 02:16:54,578 - INFO - EXPIRED
男子带死蟑螂、脏避孕套敲诈63家酒店，为什么能频频得逞？
https://view.inews.qq.com/a/20241125Q04OHR00

2024-11-26 02:16:54,578 - INFO - EXPIRED
小区坠落菜刀砸伤居民 重庆警方通报：75岁嫌疑人被采取刑事强制措施
https://new.qq.com/rain/a/20241125A070X400

2024-11-26 02:16:54,578 - INFO - EXPIRED
苏州高新区一小房间内发现一亿现金？官方回应：不实信息
https://new.qq.com/rain/a/20241125A056SH00

2024-11-26 02:16:54,578 - INFO - EXPIRED
被副所长踢打的学生是校园霸凌者？当地教体局：同学间玩得过火了
https://new.qq.com/rain/a/20241125A07OMO00

2024-11-26 02:16:54,578 - INFO - EXPIRED
中办、国办印发《粮食节约和反食品浪费行动方案》
https://new.qq.com/rain/a/20241125A07DNO00

2024-11-26 02:16:54,578 - INFO - EXPIRED
有医院把腹部CT分成“上中下腹”收3次费，看病怎么知道是否被重复收费？
https://view.inews.qq.com/a/20241125Q059TJ00

2024-11-26 02:16:54,578 - INFO - EXPIRED
外媒：菲副总统称如被害就找马科斯算账，总统马科斯回应
https://new.qq.com/rain/a/20241125A060AL00

2024-11-26 02:16:54,578 - INFO - EXPIRED
大运汽车披露重整情况：已对接多家投资机构，各园区正准备有序复工
https://new.qq.com/rain/a/20241125A0659I00

2024-11-26 02:16:54,578 - INFO - EXPIRED
长城汽车被曝裁员！涉及人数上百人
https://new.qq.com/rain/a/20241125A05YV800

2024-11-26 02:16:54,578 - INFO - EXPIRED
现实版凡人歌：39岁失业后在菜市场重启人生
https://new.qq.com/rain/a/20241125V04GGC00

2024-11-26 02:16:54,578 - INFO - EXPIRED
内蒙古新井煤业53死6伤坍塌事故整改评估报告发布
https://new.qq.com/rain/a/20241125A066AB00

2024-11-26 02:16:54,578 - INFO - EXPIRED
千万豪宅楼内夹层却藏超万只蛆，这种情况维修难吗？能找开发商要赔偿吗？
https://view.inews.qq.com/a/20241124Q06CVW00

2024-11-26 02:16:54,578 - INFO - EXPIRED
外交部：台湾没有什么“国防部”
https://new.qq.com/rain/a/20241125A05OS800

2024-11-26 02:16:54,578 - INFO - EXPIRED
蔡希良履新中国人寿董事长
https://new.qq.com/rain/a/20241125A06RB000

2024-11-26 02:16:54,578 - INFO - EXPIRED
中国人民银行等九部门联合召开科技创新和技术改造贷款工作推进会议
https://new.qq.com/rain/a/20241125A06GVF00

2024-11-26 02:16:54,578 - INFO - EXPIRED
韩国检方：将就李在明“教唆伪证”案继续提起上诉
https://new.qq.com/rain/a/20241125A05UYY00

2024-11-26 02:16:54,578 - INFO - EXPIRED
靠烟吃烟、受贿滥权！国家烟草专卖局原局长凌成兴涉嫌二罪被公诉
https://new.qq.com/rain/a/20241125A05ADU00

2024-11-26 02:16:54,578 - INFO - EXPIRED
官方回复文件200余字现7处错字，湖南长沙县卫健局：工作失误
https://new.qq.com/rain/a/20241125A04BLH00

2024-11-26 02:16:54,578 - INFO - EXPIRED
美方将公布新的对华芯片出口限制？外交部：将采取坚决措施
https://new.qq.com/rain/a/20241125A05K3Y00

2024-11-26 02:16:54,578 - INFO - EXPIRED
发“领导全没了”短信宣传游戏，网易雷火多名员工被处理
https://new.qq.com/rain/a/20241125A05EXT00

2024-11-26 02:16:54,578 - INFO - EXPIRED
蔚来李斌发全员内部信：2026年实现公司盈利是不容有失的工作任务
https://new.qq.com/rain/a/20241125A05H4400

2024-11-26 02:16:54,578 - INFO - EXPIRED
监控曝光！2岁男童在地下车库玩耍时遭车辆碾压，经抢救无效死亡
https://new.qq.com/rain/a/20241125V04E0L00

2024-11-26 02:16:54,578 - INFO - EXPIRED
俄称首次在库尔斯克俘虏外国雇佣兵：来自英国，受审视频公布
https://new.qq.com/rain/a/20241125A04C2O00

2024-11-26 02:16:54,578 - INFO - EXPIRED
以“丝”代“绒”，成本不到2元，央视揭开羽绒服里的骗局
https://new.qq.com/rain/a/20241124A06K1S00

2024-11-26 02:16:54,578 - INFO - EXPIRED
外交部回应对日试行30天免签政策：希望日方同我们相向而行
https://new.qq.com/rain/a/20241125A05K1Z00

2024-11-26 02:16:54,578 - INFO - EXPIRED
商务部副部长王受文会见英伟达公司全球业务运营执行副总裁普瑞
https://new.qq.com/rain/a/20241125A050DI00

2024-11-26 02:16:54,578 - INFO - EXPIRED
二年级学生未完成作业被老师揪耳朵致撕裂，教育局：老师认识到错误了
https://new.qq.com/rain/a/20241125A040NU00

2024-11-26 02:16:54,578 - INFO - EXPIRED
一名“红通”逃犯落网：带头走私红酒、瑶柱、海参等销售，案值2500万
https://new.qq.com/rain/a/20241125A04HXY00

2024-11-26 02:16:54,578 - INFO - EXPIRED
无罪！韩国最大在野党党首李在明“教唆伪证”案一审宣判
https://new.qq.com/rain/a/20241125A04N4300

2024-11-26 02:16:54,578 - INFO - EXPIRED
三年前买基金的人，现在怎么样了？
https://new.qq.com/rain/a/20241125A05AKB00

2024-11-26 02:16:54,578 - INFO - EXPIRED
塞尔维亚著名钟楼遭中文涂鸦：用红色涂料写了社交账号和账号名
https://new.qq.com/rain/a/20241125A01LIG00

2024-11-26 02:16:54,578 - INFO - EXPIRED
北京市人社局印发改革任务清单！涉及落实延迟退休部署等
https://new.qq.com/rain/a/20241125A04EIZ00

2024-11-26 02:16:54,578 - INFO - EXPIRED
陕西一野猪闯入村民家中顶撞撕咬老人，医院：老人失血过多，当场死亡
https://new.qq.com/rain/a/20241125A051GV00

2024-11-26 02:16:54,578 - INFO - EXPIRED
董宇辉由执行董事改任董事意味着什么？媒体解读
https://new.qq.com/rain/a/20241125A04SEF00

2024-11-26 02:16:54,578 - INFO - EXPIRED
李政道骨灰归葬苏州，与去世28年的夫人永远相伴
https://new.qq.com/rain/a/20241125A040OO00

2024-11-26 02:16:54,578 - INFO - EXPIRED
李想或将获数亿奖励，李斌承诺2026年盈利，何小鹏预测淘汰赛
https://new.qq.com/rain/a/20241125A04DSI00

2024-11-26 02:16:54,578 - INFO - EXPIRED
俄称乌军发射多枚导弹袭击库尔斯克，消息人士：使用的是“外国导弹”
https://new.qq.com/rain/a/20241125A03Y2000

2024-11-26 02:16:54,578 - INFO - EXPIRED
中国海警舰艇编队起航赴北部湾海域开展2024年第2次中越海警北部湾联合巡逻
https://new.qq.com/rain/a/20241125A04HYU00

2024-11-26 02:16:54,578 - INFO - EXPIRED
昆明广告牌坠落致3死调查报告：去年发现锈蚀严重 城管检查“走过场”
https://new.qq.com/rain/a/20241125A04BRN00

2024-11-26 02:16:54,578 - INFO - EXPIRED
华人女子被杀害埋尸后院，71岁的美国丈夫被逮捕，两人育有4孩
https://new.qq.com/rain/a/20241125A04H8S00

2024-11-26 02:16:54,578 - INFO - EXPIRED
“幸存”于家暴后，被摧毁的与不能妥协的
https://new.qq.com/rain/a/20241125A040ZD00

2024-11-26 02:16:54,579 - INFO - EXPIRED
司机出手相救16岁被尾随女孩，若他打伤甚至打死歹徒，要承担法律责任吗？
https://view.inews.qq.com/a/20241125Q01JYQ00

2024-11-26 02:16:54,579 - INFO - EXPIRED
德媒：结束17年婚姻，德国外长贝尔伯克宣布离婚
https://new.qq.com/rain/a/20241125A00UP100

2024-11-26 02:16:54,579 - INFO - EXPIRED
四川内江一公交车司机突发疾病导致车辆失控撞上行人，造成1死4伤
https://new.qq.com/rain/a/20241125A0302C00

2024-11-26 02:16:54,579 - INFO - EXPIRED
“真是开眼了！”乘客吐槽提前半个月选座，东航大面积“锁座”不让选
https://new.qq.com/rain/a/20241124A063NI00

2024-11-26 02:16:54,579 - INFO - EXPIRED
起底“千万级”带货主播“麦琪啦”：拆分病名暗示能消瘤治癌，把保健品吹成“神药”
https://new.qq.com/rain/a/20241125A01KYW00

2024-11-26 02:16:54,579 - INFO - EXPIRED
杉杉变局
https://new.qq.com/rain/a/20241125A025I000

2024-11-26 02:16:54,579 - INFO - EXPIRED
体操冠军转型女主播引争议，媒体：曾有体操冠军退役后因盗窃入狱
https://new.qq.com/rain/a/20241124A06YO100

2024-11-26 02:16:54,579 - INFO - EXPIRED
男子不满妻子起诉离婚将其杀害，被执行死刑！最高法发布5起典型案例
https://new.qq.com/rain/a/20241125A02FH900

2024-11-26 02:16:54,579 - INFO - EXPIRED
特朗普推出新书《拯救美国》，499美元签售版“当日售罄”
https://new.qq.com/rain/a/20241125A0378E00

2024-11-26 02:16:55,879 - INFO - INVALID
大搞权钱权色钱色交易！黑龙江省原副省长王一新被公诉
https://new.qq.com/rain/a/20241126A02DUP00

2024-11-26 02:16:55,889 - INFO - INVALID
越南“反浪费斗争”，两名越共中央委员被免职
https://new.qq.com/rain/a/20241126A01MD400

2024-11-26 02:16:55,894 - INFO - INVALID
加拿大各省省长要求与总理紧急会面 讨论加美关系
https://new.qq.com/rain/a/20241126A01TY900

2024-11-26 02:16:55,907 - INFO - INVALID
寒潮继续发威！我国大部陆续迎气温低点，东北局地有特大暴雪
https://new.qq.com/rain/a/20241126A01HIQ00

2024-11-26 02:16:55,926 - INFO - INVALID
剑指电诈！公安部等四部门联合印发《惩戒办法》
https://new.qq.com/rain/a/20241126A02EY500

2024-11-26 02:16:56,444 - INFO - INVALID
加州州长公开挑战特朗普：你若取消电动车补贴，加州自己掏钱顶上
https://new.qq.com/rain/a/20241126A00I3100

2024-11-26 02:16:56,452 - INFO - INVALID
文件200余字现7处错字，官方通报：工作人员被停职，相关领导启动问责
https://new.qq.com/rain/a/20241126A019V500

2024-11-26 02:16:56,474 - INFO - INVALID
京东声明：部分造谣抹黑京东者已被公安机关处罚
https://new.qq.com/rain/a/20241126A016VE00

2024-11-26 02:16:56,524 - INFO - INVALID
跨省执行13年未了局：市政府对邻省县级法院说“不”
https://new.qq.com/rain/a/20241126A0006700

2024-11-26 02:16:56,556 - INFO - INVALID
美法官驳回特朗普涉嫌干预2020年选举案 特朗普发声
https://new.qq.com/rain/a/20241126A013QY00

2024-11-26 02:16:57,009 - INFO - INVALID
境外研学被关进“小黑屋”，对我赴境外学生拉拢、洗脑！国家安全机关提醒！
https://new.qq.com/rain/a/20241126A00YW800

2024-11-26 02:16:57,041 - INFO - INVALID
美股收盘：道指涨近1%收新高 英伟达、特斯拉逆市暴跌
https://new.qq.com/rain/a/20241126A00UT100

2024-11-26 02:16:57,133 - INFO - INVALID
一架载有6人的小型飞机在哥斯达黎加首都坠毁
https://new.qq.com/rain/a/20241126A010PB00

