2024-07-29 12:11:32,381 - INFO - EXPIRED
高考672分报“二本”：“心动的只有编制”
https://new.qq.com/rain/a/20240727A07ZT600

2024-07-29 12:11:32,381 - INFO - EXPIRED
全国首例！南京一住宅项目停工两年，官方协调集中退房退首付
https://new.qq.com/rain/a/20240728A06VZ200

2024-07-29 12:11:32,382 - INFO - EXPIRED
英国首相办公室：评估结果显示英国已“破产”，赤字200亿英镑
https://new.qq.com/rain/a/20240728A056QQ00

2024-07-29 12:11:32,382 - INFO - EXPIRED
“停发个人薪水，直到股价上涨”，股价跌破1元，A股公司董事长道歉
https://new.qq.com/rain/a/20240728A07F6J00

2024-07-29 12:11:32,382 - INFO - EXPIRED
上千人无学可上？贵阳一学校曝600个名额招3000多学生，众人讨说法
https://new.qq.com/rain/a/20240728A06KKQ00

2024-07-29 12:11:32,382 - INFO - EXPIRED
为什么气手枪比赛中很多选手会把另一只手插兜里？插兜会影响射击难度吗？
https://view.inews.qq.com/a/20240728Q05FME00

2024-07-29 12:11:32,382 - INFO - EXPIRED
禁止县域考生报读市级高中，能阻止“县中塌陷”吗
https://new.qq.com/rain/a/20240728A07BBK00

2024-07-29 12:11:32,382 - INFO - EXPIRED
花钱就能去中信建投实习？内推灰产头部券商2万起步，面试只是走流程
https://new.qq.com/rain/a/20240728A075MR00

2024-07-29 12:11:32,382 - INFO - EXPIRED
“经济形势二战以来最糟糕”，工党新政府宣布：英国没钱了
https://new.qq.com/rain/a/20240728A0701M00

2024-07-29 12:11:32,382 - INFO - EXPIRED
存款挂牌利率迈入“1时代”，机构：消费及理财或受益
https://new.qq.com/rain/a/20240728A075RB00

2024-07-29 12:11:32,382 - INFO - EXPIRED
奥运29日观战指南：体操男团期待重夺金牌，中国女排首战劲敌美国队
https://new.qq.com/rain/a/20240728V04LIV00

2024-07-29 12:11:32,382 - INFO - EXPIRED
清华高材生实名举报商务局长“4宗罪”：他说再敢告就让公安收拾我
https://new.qq.com/rain/a/20240728A06V8300

2024-07-29 12:11:32,382 - INFO - EXPIRED
女篮奥运首秀1分惜败，到手的胜利飞走，关键时刻犯了多少错误？谁该负责？
https://view.inews.qq.com/a/20240728Q076BF00

2024-07-29 12:11:32,382 - INFO - EXPIRED
女童遭父亲性侵又被奶奶要求写“谅解书”，检察院披露案件办理过程
https://new.qq.com/rain/a/20240727A03GPN00

2024-07-29 12:11:32,382 - INFO - EXPIRED
云南昭通一干部与女下属存在不正当关系？当地通报：已成立核查组调查
https://new.qq.com/rain/a/20240728A0715500

2024-07-29 12:11:32,382 - INFO - EXPIRED
未来市值将超黄金？特朗普“力挺”下比特币怎么走
https://new.qq.com/rain/a/20240728A0655R00

2024-07-29 12:11:32,382 - INFO - EXPIRED
沙县小吃集团董事长被查，副总经理两个多月前落马
https://new.qq.com/rain/a/20240728A050TY00

2024-07-29 12:11:32,382 - INFO - EXPIRED
5999元一晚的悬崖民宿里满是爬虫？民宿：赶上台风暴雨，已解释赔礼
https://new.qq.com/rain/a/20240728A04BAZ00

2024-07-29 12:11:32,382 - INFO - EXPIRED
“书记你喝多了”，云南一干部被举报与女下属存不正当关系，录音公布
https://new.qq.com/rain/a/20240728A05M5E00

2024-07-29 12:11:32,382 - INFO - EXPIRED
普京：若美在欧洲部署远程导弹 俄将采取对等措施回应
https://new.qq.com/rain/a/20240728A056X200

2024-07-29 12:11:32,382 - INFO - EXPIRED
体育生被违规引入研学背后：中信建投研学活动专招企业家子女
https://new.qq.com/rain/a/20240728A02PNN00

2024-07-29 12:11:32,382 - INFO - EXPIRED
“阿条姐”又进决赛了！女子10米气步枪资格赛 黄雨婷632.6环晋级
https://new.qq.com/rain/a/20240728A056SY00

2024-07-29 12:11:32,382 - INFO - EXPIRED
武汉金凰百亿假黄金案中的金融机构：风控人员曾多次提示风险，高管被判刑后上诉
https://new.qq.com/rain/a/20240728A00YMY00

2024-07-29 12:11:32,382 - INFO - EXPIRED
中国医科大研究生实验室猝死，医院：系突发意识丧失，送医后抢救无效
https://new.qq.com/rain/a/20240728A04H3400

2024-07-29 12:11:32,382 - INFO - EXPIRED
被控金融犯罪和剥削劳工被美国调查？福耀玻璃：并非调查目标，已复产
https://new.qq.com/rain/a/20240728A04E2200

2024-07-29 12:11:32,382 - INFO - EXPIRED
贵阳教育局：贵阳经济技术学校超计划招生，并涉嫌虚假招生、虚假承诺
https://new.qq.com/rain/a/20240728A04DMU00

2024-07-29 12:11:32,382 - INFO - EXPIRED
上海专车司机称一天赚近一千：早上4点半起床，去富人区等有钱人打车
https://new.qq.com/rain/a/20240727V06H2I00

2024-07-29 12:11:32,382 - INFO - EXPIRED
出现疑似烧焦气味 美国航司一波音飞机在日本紧急着陆
https://new.qq.com/rain/a/20240728A049XW00

2024-07-29 12:11:32,382 - INFO - EXPIRED
以军空袭黎巴嫩南部多地 有人员受伤
https://new.qq.com/rain/a/20240728A03Y2Y00

2024-07-29 12:11:32,382 - INFO - EXPIRED
“湖南一派出所所长被指敲诈当事人”追踪：涉事公安局原副局长被免职，派出所原所长一审获刑7年
https://new.qq.com/rain/a/20240728A043A400

2024-07-29 12:11:32,382 - INFO - EXPIRED
输得起！张本智和/早田希娜仍为最强对手，应对朝鲜黑马刘国梁已有对策
https://new.qq.com/rain/a/20240728A027XP00

2024-07-29 12:11:32,382 - INFO - EXPIRED
中国驻美大使谢锋：分歧并不可怕，对话才是解决问题的正确方法
https://new.qq.com/rain/a/20240728A03IBQ00

2024-07-29 12:11:32,382 - INFO - EXPIRED
一个“杀手”的羞涩：谢瑜最后时刻夺冠，才抿嘴露出笑容
https://new.qq.com/rain/a/20240728V04VLW00

2024-07-29 12:11:32,382 - INFO - EXPIRED
日本佐渡金山申遗成功 韩国一度反对
https://new.qq.com/rain/a/20240728A02JFY00

2024-07-29 12:11:32,382 - INFO - EXPIRED
汽车“倒爷”的中亚暴富生意：没那么好做，每一环都有“坑”
https://new.qq.com/rain/a/20240728A02HKH00

2024-07-29 12:11:33,092 - INFO - EXIST
贵州29岁抗癌网红大飞去世 4年前肝癌晚期 村民：去世当天被运回家乡
https://new.qq.com/rain/a/20240729A054MO00

2024-07-29 12:11:33,096 - INFO - INVALID
清华毕业生实名举报局长团伙贪腐，苏州：成立专项工作组核查调查

https://new.qq.com/rain/a/20240729A07BKB00

2024-07-29 12:11:33,241 - INFO - INVALID
毕业生称学校为“牛马”被赶下台还没收证书，官方：责令校长深刻检讨
https://new.qq.com/rain/a/20240729A087VP00

2024-07-29 12:11:33,257 - INFO - INVALID
诱奸14名女性、接受官员当众跪拜，吉林洮南涉黑假僧人二审仍判无期
https://new.qq.com/rain/a/20240729A05T4R00

2024-07-29 12:11:33,287 - ERROR - ERROR
奥运会上法国多次把韩国信息搞错，有意为之还是无心之举？有什么宿怨吗？
https://view.inews.qq.com/a/20240729Q04VYP00
('list index out of range',)
======
Traceback (most recent call last):
  File "/home/runner/work/qqnews/qqnews/qq.py", line 81, in process_article
    ss = str(tmpbs.select("div.LEFT div.content.clearfix")[0])
             ~~~~~~~~~~~~~~~~~~~~~~~~~~~~~~~~~~~~~~~~~~~~~^^^
IndexError: list index out of range


2024-07-29 12:11:33,446 - INFO - INVALID
白酒股又走低，贵州茅台跌破1400元大关，二季度退出255只基金重仓股
https://new.qq.com/rain/a/20240729A07ZZD00

2024-07-29 12:11:33,512 - INFO - INVALID
委内瑞拉总统马杜罗宣布成功连任，美国不承认选举结果
https://new.qq.com/rain/a/20240729A055JD00

2024-07-29 12:11:33,606 - INFO - INVALID
今年已有7名正部级被查：5天内罗保铭、李微微两人被查
https://new.qq.com/rain/a/20240729A05WTY00

2024-07-29 12:11:33,766 - INFO - INVALID
美国总统拜登宣布最高法院改革计划
https://new.qq.com/rain/a/20240729A06XJN00

2024-07-29 12:11:34,016 - INFO - INVALID
新任财政部副部长郭婷婷分工明确：分管科教和文化司、会计司等
https://new.qq.com/rain/a/20240729A06GO600

2024-07-29 12:11:34,084 - ERROR - ERROR
奥运射击项目都有何区别？10米气步枪十环，真比圆珠笔芯还要小吗？
https://view.inews.qq.com/a/20240729Q04MAY00
('list index out of range',)
======
Traceback (most recent call last):
  File "/home/runner/work/qqnews/qqnews/qq.py", line 81, in process_article
    ss = str(tmpbs.select("div.LEFT div.content.clearfix")[0])
             ~~~~~~~~~~~~~~~~~~~~~~~~~~~~~~~~~~~~~~~~~~~~~^^^
IndexError: list index out of range


2024-07-29 12:11:34,366 - INFO - INVALID
山东济南一座城市建18个高铁站，评论：真为地方财政捏一把汗
https://new.qq.com/rain/a/20240729A02W2H00

2024-07-29 12:11:34,399 - INFO - INVALID
重医附一院14.5亿招标疑云：70小时才能看完的文件，10小时就完成评定
https://new.qq.com/rain/a/20240729A03ABI00

2024-07-29 12:11:34,456 - ERROR - ERROR
为了编制，女生高考672分放弃名校报二本，这是最佳选择吗？这账该怎么算？
https://view.inews.qq.com/a/20240729Q03Z8000
('list index out of range',)
======
Traceback (most recent call last):
  File "/home/runner/work/qqnews/qqnews/qq.py", line 81, in process_article
    ss = str(tmpbs.select("div.LEFT div.content.clearfix")[0])
             ~~~~~~~~~~~~~~~~~~~~~~~~~~~~~~~~~~~~~~~~~~~~~^^^
IndexError: list index out of range


2024-07-29 12:11:34,620 - INFO - INVALID
全球市场迎“关键32小时”：日美英央行将先后公布利率决议
https://new.qq.com/rain/a/20240729A05V8K00

2024-07-29 12:11:34,751 - INFO - INVALID
中方是否会调停乌克兰危机？外交部回应
https://new.qq.com/rain/a/20240729A05DVU00

2024-07-29 12:11:34,785 - INFO - INVALID
港股收评：恒指涨1.28%，科网股多数上涨，阿里巴巴、东方甄选涨超4%
https://new.qq.com/rain/a/20240729A05MFH00

2024-07-29 12:11:34,865 - ERROR - ERROR
我国人造子宫让胎羊母体外存活90分钟，这是什么技术？距男性生娃有多远？
https://view.inews.qq.com/a/20240729Q024TP00
('list index out of range',)
======
Traceback (most recent call last):
  File "/home/runner/work/qqnews/qqnews/qq.py", line 81, in process_article
    ss = str(tmpbs.select("div.LEFT div.content.clearfix")[0])
             ~~~~~~~~~~~~~~~~~~~~~~~~~~~~~~~~~~~~~~~~~~~~~^^^
IndexError: list index out of range


2024-07-29 12:11:34,948 - ERROR - ERROR
现场画面：朝鲜北部发生严重洪灾 金正恩视察并指挥救灾
https://new.qq.com/rain/a/20240729V03V0O00
('list index out of range',)
======
Traceback (most recent call last):
  File "/home/runner/work/qqnews/qqnews/qq.py", line 81, in process_article
    ss = str(tmpbs.select("div.LEFT div.content.clearfix")[0])
             ~~~~~~~~~~~~~~~~~~~~~~~~~~~~~~~~~~~~~~~~~~~~~^^^
IndexError: list index out of range


2024-07-29 12:11:35,148 - INFO - INVALID
更加注重分红收益！上证收益“焕新”上线首日迎开门红，站上3200点
https://new.qq.com/rain/a/20240729A05D5800

2024-07-29 12:11:35,204 - ERROR - ERROR
中国游泳队巴黎奥运首金仍未到来，是自己发挥不佳还是外界期望太高了？
https://view.inews.qq.com/a/20240729Q0259100
('list index out of range',)
======
Traceback (most recent call last):
  File "/home/runner/work/qqnews/qqnews/qq.py", line 81, in process_article
    ss = str(tmpbs.select("div.LEFT div.content.clearfix")[0])
             ~~~~~~~~~~~~~~~~~~~~~~~~~~~~~~~~~~~~~~~~~~~~~^^^
IndexError: list index out of range


2024-07-29 12:11:35,209 - INFO - INVALID
瑞银证券：下调贵州茅台等中国白酒股评级至中性
https://new.qq.com/rain/a/20240729A0546000

2024-07-29 12:11:35,498 - ERROR - ERROR
陕西蓝田疑发现两千年前古墓群？文旅局：系考古勘探 暂未确定历史年限
https://new.qq.com/rain/a/20240729V051U300
('list index out of range',)
======
Traceback (most recent call last):
  File "/home/runner/work/qqnews/qqnews/qq.py", line 81, in process_article
    ss = str(tmpbs.select("div.LEFT div.content.clearfix")[0])
             ~~~~~~~~~~~~~~~~~~~~~~~~~~~~~~~~~~~~~~~~~~~~~^^^
IndexError: list index out of range


2024-07-29 12:11:35,565 - INFO - INVALID
十四届全国政协人口资源环境委员会副主任李微微接受审查调查
https://new.qq.com/rain/a/20240729A04WZP00

2024-07-29 12:11:35,579 - INFO - INVALID
网传员工实名爆料私生活，东证期货回应：目前当事人已就不实信息报案
https://new.qq.com/rain/a/20240729A04EP900

2024-07-29 12:11:35,616 - ERROR - ERROR
埃尔多安称土耳其可能进入以色列帮助巴勒斯坦，“进入”是什么意思？说说而已吗？
https://view.inews.qq.com/a/20240729Q03V8K00
('list index out of range',)
======
Traceback (most recent call last):
  File "/home/runner/work/qqnews/qqnews/qq.py", line 81, in process_article
    ss = str(tmpbs.select("div.LEFT div.content.clearfix")[0])
             ~~~~~~~~~~~~~~~~~~~~~~~~~~~~~~~~~~~~~~~~~~~~~^^^
IndexError: list index out of range


2024-07-29 12:11:35,673 - ERROR - ERROR
英国官方宣布已“破产”，这是什么情况？怎么把国家玩脱的？
https://view.inews.qq.com/a/20240729Q02X9300
('list index out of range',)
======
Traceback (most recent call last):
  File "/home/runner/work/qqnews/qqnews/qq.py", line 81, in process_article
    ss = str(tmpbs.select("div.LEFT div.content.clearfix")[0])
             ~~~~~~~~~~~~~~~~~~~~~~~~~~~~~~~~~~~~~~~~~~~~~^^^
IndexError: list index out of range


2024-07-29 12:11:35,947 - INFO - INVALID
被举报与女下属有不正当关系的云南昭通干部：曾授课称要树好形象
https://new.qq.com/rain/a/20240729A03J7H00

2024-07-29 12:11:35,955 - INFO - INVALID
江西一干部携款投案后获宽大处理返岗：自称寝食难安，常梦见被带走
https://new.qq.com/rain/a/20240729A048MD00

2024-07-29 12:11:36,006 - INFO - INVALID
拦截中俄轰炸机，美空军暴露自身弱点
https://new.qq.com/rain/a/20240729A00O6L00

2024-07-29 12:11:36,326 - INFO - INVALID
昆明盘龙区红十字会年度救灾备灾预算仅1.4万？财政局：后续可追加
https://new.qq.com/rain/a/20240729A04M1C00

2024-07-29 12:11:36,452 - INFO - INVALID
浙江一女教师被举报长期“吃空饷”，本人：学校这么大，没看到我正常
https://new.qq.com/rain/a/20240729A02FX100

2024-07-29 12:11:36,464 - INFO - INVALID
“仅退款”大逆转，多家电商平台调整
https://new.qq.com/rain/a/20240729A03S1B00

2024-07-29 12:11:36,599 - INFO - INVALID
湖北枝江一妇产医院被曝接待代孕者，当地称已停业，曾违规接种
https://new.qq.com/rain/a/20240729A04UOK00

2024-07-29 12:11:36,655 - INFO - INVALID
“工人总统”委内瑞拉现任总统马杜罗再次赢得大选，将开启第三个任期
https://new.qq.com/rain/a/20240729A03T3500

2024-07-29 12:11:36,694 - INFO - INVALID
江苏拟规定：各地一般不得新建100米以上住宅
https://new.qq.com/rain/a/20240729A03KJQ00

2024-07-29 12:11:36,801 - ERROR - ERROR
丈夫称妻子在KTV消费近200万，给“男模”转账60万，聊天记录辣眼睛
https://new.qq.com/rain/a/20240729V028UU00
('list index out of range',)
======
Traceback (most recent call last):
  File "/home/runner/work/qqnews/qqnews/qq.py", line 81, in process_article
    ss = str(tmpbs.select("div.LEFT div.content.clearfix")[0])
             ~~~~~~~~~~~~~~~~~~~~~~~~~~~~~~~~~~~~~~~~~~~~~^^^
IndexError: list index out of range


2024-07-29 12:11:36,832 - INFO - INVALID
外媒：埃尔多安称“土耳其可能进入以色列从而帮助巴勒斯坦”，以外长回应
https://new.qq.com/rain/a/20240729A024CM00

2024-07-29 12:11:37,029 - INFO - INVALID
波兰指责匈牙利继续与俄保持经济联系，匈外长回应：虚伪，波兰也一直在买俄石油
https://new.qq.com/rain/a/20240729A03JPY00

2024-07-29 12:11:37,132 - INFO - INVALID
男子实名举报女教导主任隐瞒已婚已育与其交往，当地教体局介入调查
https://new.qq.com/rain/a/20240729A032AM00

2024-07-29 12:11:37,186 - INFO - INVALID
马斯克宣布SpaceX星舰第五次试飞时间，预测成功捕获率50%
https://new.qq.com/rain/a/20240729A026B100

2024-07-29 12:11:37,212 - ERROR - ERROR
闲鱼宣布9月起收费：每单收取0.6%服务费，单笔最高60元
https://new.qq.com/rain/a/20240729V03H6H00
('list index out of range',)
======
Traceback (most recent call last):
  File "/home/runner/work/qqnews/qqnews/qq.py", line 81, in process_article
    ss = str(tmpbs.select("div.LEFT div.content.clearfix")[0])
             ~~~~~~~~~~~~~~~~~~~~~~~~~~~~~~~~~~~~~~~~~~~~~^^^
IndexError: list index out of range


2024-07-29 12:11:37,492 - INFO - INVALID
1.5元骑10分钟 多地共享单车上调起步价
https://new.qq.com/rain/a/20240729A00RHE00

2024-07-29 12:11:37,500 - INFO - INVALID
清华高材生实名举报商务局长，三个方面特别值得关注
https://new.qq.com/rain/a/20240729A02ZRZ00

2024-07-29 12:11:37,559 - ERROR - ERROR
5999一晚的民宿里全是虫，你有过住民宿“踩雷”的经历吗？怎么提前避雷？
https://view.inews.qq.com/a/20240729Q03LMZ00
('list index out of range',)
======
Traceback (most recent call last):
  File "/home/runner/work/qqnews/qqnews/qq.py", line 81, in process_article
    ss = str(tmpbs.select("div.LEFT div.content.clearfix")[0])
             ~~~~~~~~~~~~~~~~~~~~~~~~~~~~~~~~~~~~~~~~~~~~~^^^
IndexError: list index out of range


2024-07-29 12:11:37,647 - INFO - INVALID
国家知识产权局：2023年我国数字经济核心产业增加值占GDP比重达10%
https://new.qq.com/rain/a/20240729A02ZMF00

2024-07-29 12:11:37,683 - INFO - INVALID
上半年36.7万人被逮捕，同比上升18.5%
https://new.qq.com/rain/a/20240729A02W7F00

2024-07-29 12:11:37,860 - INFO - INVALID
台媒：台湾渔船又被日本公务船追逐、登检，船长等8人被带走调查
https://new.qq.com/rain/a/20240729A03FL300

2024-07-29 12:11:38,023 - INFO - INVALID
广州豪宅又创新纪录：备案价约56万元_平方米、验资最低2000万元
https://new.qq.com/rain/a/20240729A01AHT00

2024-07-29 12:11:38,028 - INFO - INVALID
我把地铁“色狼”送进派出所
https://new.qq.com/rain/a/20240729A01TZA00

2024-07-29 12:11:38,031 - ERROR - ERROR
俄海军节阅兵式上普京向中国舰员问好，中国舰员回应“友谊万岁”
https://new.qq.com/rain/a/20240729V0237H00
('list index out of range',)
======
Traceback (most recent call last):
  File "/home/runner/work/qqnews/qqnews/qq.py", line 81, in process_article
    ss = str(tmpbs.select("div.LEFT div.content.clearfix")[0])
             ~~~~~~~~~~~~~~~~~~~~~~~~~~~~~~~~~~~~~~~~~~~~~^^^
IndexError: list index out of range


2024-07-29 12:11:38,185 - INFO - INVALID
法拍房暴增背后：年轻人0首付上车失业后断供
https://new.qq.com/rain/a/20240729A01M5B00

2024-07-29 12:11:38,337 - INFO - INVALID
外媒：3名以色列运动员参加奥运会收“死亡威胁”，法国警方展开调查
https://new.qq.com/rain/a/20240729A01FT700

2024-07-29 12:11:38,417 - INFO - INVALID
泽连斯基称要制定和平行动计划，谈论结束战争三大因素，俄方回应：缺乏诚意
https://new.qq.com/rain/a/20240729A00N7W00

2024-07-29 12:11:38,482 - INFO - INVALID
10年3次被查的高官，“漏”了什么罪
https://new.qq.com/rain/a/20240729A01UYJ00

2024-07-29 12:11:38,499 - INFO - INVALID
又有10家股份制银行今起下调存款利率 活期存款普遍降至0.15%
https://new.qq.com/rain/a/20240729A01EBU00

2024-07-29 12:11:38,645 - INFO - INVALID
法国高铁遇袭，多条主干线被迫中断，造成周末估计80万乘客出行不便
https://new.qq.com/rain/a/20240729A00NOL00

2024-07-29 12:11:38,851 - INFO - INVALID
男子100米蛙泳决赛失常仅第7？覃海洋发声：后50米节奏乱了，特别想赢
https://new.qq.com/rain/a/20240729A00HJA00

2024-07-29 12:11:38,868 - INFO - INVALID
博物馆非馆方讲解乱象：2小时要价2680元，748元私人讲解多处受限
https://new.qq.com/rain/a/20240729A00WCI00

2024-07-29 12:11:38,876 - INFO - INVALID
恒大汽车深夜公告：附属子公司被申请破产重整 公司去年负债总额725亿
https://new.qq.com/rain/a/20240729A00UEA00

2024-07-29 12:11:39,119 - INFO - INVALID
以军战机对黎巴嫩边境地区发动空袭
https://new.qq.com/rain/a/20240729A00I0Y00

2024-07-29 12:11:39,152 - ERROR - ERROR
女子团体射箭比赛韩国两个9环被“改判”为10环，中国最终获银牌，这合理吗？
https://view.inews.qq.com/a/20240729Q00B0F00
('list index out of range',)
======
Traceback (most recent call last):
  File "/home/runner/work/qqnews/qqnews/qq.py", line 81, in process_article
    ss = str(tmpbs.select("div.LEFT div.content.clearfix")[0])
             ~~~~~~~~~~~~~~~~~~~~~~~~~~~~~~~~~~~~~~~~~~~~~^^^
IndexError: list index out of range


2024-07-29 12:11:39,254 - INFO - INVALID
德国柏林总理府附近发生持刀伤人事件 4人受伤
https://new.qq.com/rain/a/20240729A00HH100

2024-07-29 12:11:39,267 - INFO - INVALID
52秒02！徐嘉余100米仰泳轻松跻身奥运决赛 刷新今年世界最佳成绩
https://new.qq.com/rain/a/20240729A00GPV00

2024-07-29 12:11:39,308 - INFO - INVALID
以色列安全内阁授权以总理及防长对黎真主党采取军事行动
https://new.qq.com/rain/a/20240729A00GUM00

