2025-08-23 00:38:18,368 - INFO - Total time taken: {'ret': 0, 'msg': 'success', 'data': None}
2025-08-23 00:38:18,368 - INFO - 'NoneType' object is not subscriptable
2025-08-23 00:38:18,369 - INFO - Traceback (most recent call last):
  File "/home/runner/work/qqnews/qqnews/qq.py", line 128, in main
    for i in qq1["data"]["list"]:
             ~~~~~~~~~~~^^^^^^^^
TypeError: 'NoneType' object is not subscriptable

2025-08-23 02:18:23,149 - INFO - Total time taken: {'ret': 0, 'msg': 'success', 'data': None}
2025-08-23 02:18:23,149 - INFO - 'NoneType' object is not subscriptable
2025-08-23 02:18:23,149 - INFO - Traceback (most recent call last):
  File "/home/runner/work/qqnews/qqnews/qq.py", line 128, in main
    for i in qq1["data"]["list"]:
             ~~~~~~~~~~~^^^^^^^^
TypeError: 'NoneType' object is not subscriptable

2025-08-23 03:28:21,836 - INFO - Total time taken: {'ret': 0, 'msg': 'success', 'data': None}
2025-08-23 03:28:21,837 - INFO - 'NoneType' object is not subscriptable
2025-08-23 03:28:21,837 - INFO - Traceback (most recent call last):
  File "/home/runner/work/qqnews/qqnews/qq.py", line 128, in main
    for i in qq1["data"]["list"]:
             ~~~~~~~~~~~^^^^^^^^
TypeError: 'NoneType' object is not subscriptable

2025-08-23 04:09:50,578 - INFO - Total time taken: {'ret': 0, 'msg': 'success', 'data': None}
2025-08-23 04:09:50,578 - INFO - 'NoneType' object is not subscriptable
2025-08-23 04:09:50,578 - INFO - Traceback (most recent call last):
  File "/home/runner/work/qqnews/qqnews/qq.py", line 128, in main
    for i in qq1["data"]["list"]:
             ~~~~~~~~~~~^^^^^^^^
TypeError: 'NoneType' object is not subscriptable

2025-08-23 05:01:07,173 - INFO - Total time taken: {'ret': 0, 'msg': 'success', 'data': None}
2025-08-23 05:01:07,174 - INFO - 'NoneType' object is not subscriptable
2025-08-23 05:01:07,174 - INFO - Traceback (most recent call last):
  File "/home/runner/work/qqnews/qqnews/qq.py", line 128, in main
    for i in qq1["data"]["list"]:
             ~~~~~~~~~~~^^^^^^^^
TypeError: 'NoneType' object is not subscriptable

2025-08-23 06:11:05,216 - INFO - Total time taken: {'ret': 0, 'msg': 'success', 'data': None}
2025-08-23 06:11:05,217 - INFO - 'NoneType' object is not subscriptable
2025-08-23 06:11:05,217 - INFO - Traceback (most recent call last):
  File "/home/runner/work/qqnews/qqnews/qq.py", line 128, in main
    for i in qq1["data"]["list"]:
             ~~~~~~~~~~~^^^^^^^^
TypeError: 'NoneType' object is not subscriptable

2025-08-23 07:01:23,241 - INFO - Total time taken: {'ret': 0, 'msg': 'success', 'data': None}
2025-08-23 07:01:23,241 - INFO - 'NoneType' object is not subscriptable
2025-08-23 07:01:23,241 - INFO - Traceback (most recent call last):
  File "/home/runner/work/qqnews/qqnews/qq.py", line 128, in main
    for i in qq1["data"]["list"]:
             ~~~~~~~~~~~^^^^^^^^
TypeError: 'NoneType' object is not subscriptable

2025-08-23 08:10:04,382 - INFO - Total time taken: {'ret': 0, 'msg': 'success', 'data': None}
2025-08-23 08:10:04,382 - INFO - 'NoneType' object is not subscriptable
2025-08-23 08:10:04,382 - INFO - Traceback (most recent call last):
  File "/home/runner/work/qqnews/qqnews/qq.py", line 128, in main
    for i in qq1["data"]["list"]:
             ~~~~~~~~~~~^^^^^^^^
TypeError: 'NoneType' object is not subscriptable

2025-08-23 09:07:48,243 - INFO - Total time taken: {'ret': 0, 'msg': 'success', 'data': None}
2025-08-23 09:07:48,244 - INFO - 'NoneType' object is not subscriptable
2025-08-23 09:07:48,244 - INFO - Traceback (most recent call last):
  File "/home/runner/work/qqnews/qqnews/qq.py", line 128, in main
    for i in qq1["data"]["list"]:
             ~~~~~~~~~~~^^^^^^^^
TypeError: 'NoneType' object is not subscriptable

2025-08-23 10:01:40,326 - INFO - Total time taken: {'ret': 0, 'msg': 'success', 'data': None}
2025-08-23 10:01:40,326 - INFO - 'NoneType' object is not subscriptable
2025-08-23 10:01:40,326 - INFO - Traceback (most recent call last):
  File "/home/runner/work/qqnews/qqnews/qq.py", line 128, in main
    for i in qq1["data"]["list"]:
             ~~~~~~~~~~~^^^^^^^^
TypeError: 'NoneType' object is not subscriptable

2025-08-23 11:01:26,970 - INFO - Total time taken: {'ret': 0, 'msg': 'success', 'data': None}
2025-08-23 11:01:26,970 - INFO - 'NoneType' object is not subscriptable
2025-08-23 11:01:26,971 - INFO - Traceback (most recent call last):
  File "/home/runner/work/qqnews/qqnews/qq.py", line 128, in main
    for i in qq1["data"]["list"]:
             ~~~~~~~~~~~^^^^^^^^
TypeError: 'NoneType' object is not subscriptable

2025-08-23 12:13:26,228 - INFO - Total time taken: {'ret': 0, 'msg': 'success', 'data': None}
2025-08-23 12:13:26,228 - INFO - 'NoneType' object is not subscriptable
2025-08-23 12:13:26,228 - INFO - Traceback (most recent call last):
  File "/home/runner/work/qqnews/qqnews/qq.py", line 128, in main
    for i in qq1["data"]["list"]:
             ~~~~~~~~~~~^^^^^^^^
TypeError: 'NoneType' object is not subscriptable

2025-08-23 13:16:40,176 - INFO - Total time taken: {'ret': 0, 'msg': 'success', 'data': None}
2025-08-23 13:16:40,177 - INFO - 'NoneType' object is not subscriptable
2025-08-23 13:16:40,177 - INFO - Traceback (most recent call last):
  File "/home/runner/work/qqnews/qqnews/qq.py", line 128, in main
    for i in qq1["data"]["list"]:
             ~~~~~~~~~~~^^^^^^^^
TypeError: 'NoneType' object is not subscriptable

2025-08-23 14:01:17,108 - INFO - Total time taken: {'ret': 0, 'msg': 'success', 'data': None}
2025-08-23 14:01:17,109 - INFO - 'NoneType' object is not subscriptable
2025-08-23 14:01:17,109 - INFO - Traceback (most recent call last):
  File "/home/runner/work/qqnews/qqnews/qq.py", line 128, in main
    for i in qq1["data"]["list"]:
             ~~~~~~~~~~~^^^^^^^^
TypeError: 'NoneType' object is not subscriptable

2025-08-23 15:01:32,784 - INFO - Total time taken: {'ret': 0, 'msg': 'success', 'data': None}
2025-08-23 15:01:32,785 - INFO - 'NoneType' object is not subscriptable
2025-08-23 15:01:32,785 - INFO - Traceback (most recent call last):
  File "/home/runner/work/qqnews/qqnews/qq.py", line 128, in main
    for i in qq1["data"]["list"]:
             ~~~~~~~~~~~^^^^^^^^
TypeError: 'NoneType' object is not subscriptable

2025-08-23 16:01:30,507 - INFO - Total time taken: {'ret': 0, 'msg': 'success', 'data': None}
2025-08-23 16:01:30,507 - INFO - 'NoneType' object is not subscriptable
2025-08-23 16:01:30,508 - INFO - Traceback (most recent call last):
  File "/home/runner/work/qqnews/qqnews/qq.py", line 128, in main
    for i in qq1["data"]["list"]:
             ~~~~~~~~~~~^^^^^^^^
TypeError: 'NoneType' object is not subscriptable

2025-08-23 17:01:07,370 - INFO - Total time taken: {'ret': 0, 'msg': 'success', 'data': None}
2025-08-23 17:01:07,370 - INFO - 'NoneType' object is not subscriptable
2025-08-23 17:01:07,370 - INFO - Traceback (most recent call last):
  File "/home/runner/work/qqnews/qqnews/qq.py", line 128, in main
    for i in qq1["data"]["list"]:
             ~~~~~~~~~~~^^^^^^^^
TypeError: 'NoneType' object is not subscriptable

2025-08-23 18:09:58,122 - INFO - Total time taken: {'ret': 0, 'msg': 'success', 'data': None}
2025-08-23 18:09:58,122 - INFO - 'NoneType' object is not subscriptable
2025-08-23 18:09:58,123 - INFO - Traceback (most recent call last):
  File "/home/runner/work/qqnews/qqnews/qq.py", line 128, in main
    for i in qq1["data"]["list"]:
             ~~~~~~~~~~~^^^^^^^^
TypeError: 'NoneType' object is not subscriptable

2025-08-23 19:01:12,298 - INFO - Total time taken: {'ret': 0, 'msg': 'success', 'data': None}
2025-08-23 19:01:12,298 - INFO - 'NoneType' object is not subscriptable
2025-08-23 19:01:12,298 - INFO - Traceback (most recent call last):
  File "/home/runner/work/qqnews/qqnews/qq.py", line 128, in main
    for i in qq1["data"]["list"]:
             ~~~~~~~~~~~^^^^^^^^
TypeError: 'NoneType' object is not subscriptable

