2025-07-26 00:43:10,424 - INFO - Total time taken: {'ret': 0, 'msg': 'success', 'data': None}
2025-07-26 00:43:10,424 - INFO - 'NoneType' object is not subscriptable
2025-07-26 00:43:10,424 - INFO - Traceback (most recent call last):
  File "/home/runner/work/qqnews/qqnews/qq.py", line 128, in main
    for i in qq1["data"]["list"]:
             ~~~~~~~~~~~^^^^^^^^
TypeError: 'NoneType' object is not subscriptable

2025-07-26 02:45:07,661 - INFO - Total time taken: {'ret': 0, 'msg': 'success', 'data': None}
2025-07-26 02:45:07,661 - INFO - 'NoneType' object is not subscriptable
2025-07-26 02:45:07,661 - INFO - Traceback (most recent call last):
  File "/home/runner/work/qqnews/qqnews/qq.py", line 128, in main
    for i in qq1["data"]["list"]:
             ~~~~~~~~~~~^^^^^^^^
TypeError: 'NoneType' object is not subscriptable

2025-07-26 03:51:22,710 - INFO - Total time taken: {'ret': 0, 'msg': 'success', 'data': None}
2025-07-26 03:51:22,710 - INFO - 'NoneType' object is not subscriptable
2025-07-26 03:51:22,710 - INFO - Traceback (most recent call last):
  File "/home/runner/work/qqnews/qqnews/qq.py", line 128, in main
    for i in qq1["data"]["list"]:
             ~~~~~~~~~~~^^^^^^^^
TypeError: 'NoneType' object is not subscriptable

2025-07-26 04:26:14,046 - INFO - Total time taken: {'ret': 0, 'msg': 'success', 'data': None}
2025-07-26 04:26:14,046 - INFO - 'NoneType' object is not subscriptable
2025-07-26 04:26:14,046 - INFO - Traceback (most recent call last):
  File "/home/runner/work/qqnews/qqnews/qq.py", line 128, in main
    for i in qq1["data"]["list"]:
             ~~~~~~~~~~~^^^^^^^^
TypeError: 'NoneType' object is not subscriptable

2025-07-26 05:14:15,850 - INFO - Total time taken: {'ret': 0, 'msg': 'success', 'data': None}
2025-07-26 05:14:15,850 - INFO - 'NoneType' object is not subscriptable
2025-07-26 05:14:15,850 - INFO - Traceback (most recent call last):
  File "/home/runner/work/qqnews/qqnews/qq.py", line 128, in main
    for i in qq1["data"]["list"]:
             ~~~~~~~~~~~^^^^^^^^
TypeError: 'NoneType' object is not subscriptable

2025-07-26 06:12:27,792 - INFO - Total time taken: {'ret': 0, 'msg': 'success', 'data': None}
2025-07-26 06:12:27,792 - INFO - 'NoneType' object is not subscriptable
2025-07-26 06:12:27,792 - INFO - Traceback (most recent call last):
  File "/home/runner/work/qqnews/qqnews/qq.py", line 128, in main
    for i in qq1["data"]["list"]:
             ~~~~~~~~~~~^^^^^^^^
TypeError: 'NoneType' object is not subscriptable

2025-07-26 07:10:06,946 - INFO - Total time taken: {'ret': 0, 'msg': 'success', 'data': None}
2025-07-26 07:10:06,946 - INFO - 'NoneType' object is not subscriptable
2025-07-26 07:10:06,946 - INFO - Traceback (most recent call last):
  File "/home/runner/work/qqnews/qqnews/qq.py", line 128, in main
    for i in qq1["data"]["list"]:
             ~~~~~~~~~~~^^^^^^^^
TypeError: 'NoneType' object is not subscriptable

2025-07-26 08:11:20,582 - INFO - Total time taken: {'ret': 0, 'msg': 'success', 'data': None}
2025-07-26 08:11:20,582 - INFO - 'NoneType' object is not subscriptable
2025-07-26 08:11:20,583 - INFO - Traceback (most recent call last):
  File "/home/runner/work/qqnews/qqnews/qq.py", line 128, in main
    for i in qq1["data"]["list"]:
             ~~~~~~~~~~~^^^^^^^^
TypeError: 'NoneType' object is not subscriptable

2025-07-26 09:09:01,603 - INFO - Total time taken: {'ret': 0, 'msg': 'success', 'data': None}
2025-07-26 09:09:01,603 - INFO - 'NoneType' object is not subscriptable
2025-07-26 09:09:01,604 - INFO - Traceback (most recent call last):
  File "/home/runner/work/qqnews/qqnews/qq.py", line 128, in main
    for i in qq1["data"]["list"]:
             ~~~~~~~~~~~^^^^^^^^
TypeError: 'NoneType' object is not subscriptable

2025-07-26 10:08:39,269 - INFO - Total time taken: {'ret': 0, 'msg': 'success', 'data': None}
2025-07-26 10:08:39,269 - INFO - 'NoneType' object is not subscriptable
2025-07-26 10:08:39,269 - INFO - Traceback (most recent call last):
  File "/home/runner/work/qqnews/qqnews/qq.py", line 128, in main
    for i in qq1["data"]["list"]:
             ~~~~~~~~~~~^^^^^^^^
TypeError: 'NoneType' object is not subscriptable

2025-07-26 11:01:22,141 - INFO - Total time taken: {'ret': 0, 'msg': 'success', 'data': None}
2025-07-26 11:01:22,142 - INFO - 'NoneType' object is not subscriptable
2025-07-26 11:01:22,142 - INFO - Traceback (most recent call last):
  File "/home/runner/work/qqnews/qqnews/qq.py", line 128, in main
    for i in qq1["data"]["list"]:
             ~~~~~~~~~~~^^^^^^^^
TypeError: 'NoneType' object is not subscriptable

2025-07-26 12:14:55,323 - INFO - Total time taken: {'ret': 0, 'msg': 'success', 'data': None}
2025-07-26 12:14:55,323 - INFO - 'NoneType' object is not subscriptable
2025-07-26 12:14:55,323 - INFO - Traceback (most recent call last):
  File "/home/runner/work/qqnews/qqnews/qq.py", line 128, in main
    for i in qq1["data"]["list"]:
             ~~~~~~~~~~~^^^^^^^^
TypeError: 'NoneType' object is not subscriptable

2025-07-26 13:22:29,174 - INFO - Total time taken: {'ret': 0, 'msg': 'success', 'data': None}
2025-07-26 13:22:29,175 - INFO - 'NoneType' object is not subscriptable
2025-07-26 13:22:29,175 - INFO - Traceback (most recent call last):
  File "/home/runner/work/qqnews/qqnews/qq.py", line 128, in main
    for i in qq1["data"]["list"]:
             ~~~~~~~~~~~^^^^^^^^
TypeError: 'NoneType' object is not subscriptable

2025-07-26 14:07:55,806 - INFO - Total time taken: {'ret': 0, 'msg': 'success', 'data': None}
2025-07-26 14:07:55,806 - INFO - 'NoneType' object is not subscriptable
2025-07-26 14:07:55,807 - INFO - Traceback (most recent call last):
  File "/home/runner/work/qqnews/qqnews/qq.py", line 128, in main
    for i in qq1["data"]["list"]:
             ~~~~~~~~~~~^^^^^^^^
TypeError: 'NoneType' object is not subscriptable

2025-07-26 15:08:20,393 - INFO - Total time taken: {'ret': 0, 'msg': 'success', 'data': None}
2025-07-26 15:08:20,394 - INFO - 'NoneType' object is not subscriptable
2025-07-26 15:08:20,394 - INFO - Traceback (most recent call last):
  File "/home/runner/work/qqnews/qqnews/qq.py", line 128, in main
    for i in qq1["data"]["list"]:
             ~~~~~~~~~~~^^^^^^^^
TypeError: 'NoneType' object is not subscriptable

2025-07-26 16:09:31,366 - INFO - Total time taken: {'ret': 0, 'msg': 'success', 'data': None}
2025-07-26 16:09:31,366 - INFO - 'NoneType' object is not subscriptable
2025-07-26 16:09:31,367 - INFO - Traceback (most recent call last):
  File "/home/runner/work/qqnews/qqnews/qq.py", line 128, in main
    for i in qq1["data"]["list"]:
             ~~~~~~~~~~~^^^^^^^^
TypeError: 'NoneType' object is not subscriptable

2025-07-26 17:05:44,477 - INFO - Total time taken: {'ret': 0, 'msg': 'success', 'data': None}
2025-07-26 17:05:44,477 - INFO - 'NoneType' object is not subscriptable
2025-07-26 17:05:44,478 - INFO - Traceback (most recent call last):
  File "/home/runner/work/qqnews/qqnews/qq.py", line 128, in main
    for i in qq1["data"]["list"]:
             ~~~~~~~~~~~^^^^^^^^
TypeError: 'NoneType' object is not subscriptable

2025-07-26 18:11:13,445 - INFO - Total time taken: {'ret': 0, 'msg': 'success', 'data': None}
2025-07-26 18:11:13,445 - INFO - 'NoneType' object is not subscriptable
2025-07-26 18:11:13,445 - INFO - Traceback (most recent call last):
  File "/home/runner/work/qqnews/qqnews/qq.py", line 128, in main
    for i in qq1["data"]["list"]:
             ~~~~~~~~~~~^^^^^^^^
TypeError: 'NoneType' object is not subscriptable

2025-07-26 20:01:02,484 - INFO - Total time taken: {'ret': 0, 'msg': 'success', 'data': None}
2025-07-26 20:01:02,484 - INFO - 'NoneType' object is not subscriptable
2025-07-26 20:01:02,484 - INFO - Traceback (most recent call last):
  File "/home/runner/work/qqnews/qqnews/qq.py", line 128, in main
    for i in qq1["data"]["list"]:
             ~~~~~~~~~~~^^^^^^^^
TypeError: 'NoneType' object is not subscriptable

2025-07-26 21:07:38,666 - INFO - Total time taken: {'ret': 0, 'msg': 'success', 'data': None}
2025-07-26 21:07:38,666 - INFO - 'NoneType' object is not subscriptable
2025-07-26 21:07:38,667 - INFO - Traceback (most recent call last):
  File "/home/runner/work/qqnews/qqnews/qq.py", line 128, in main
    for i in qq1["data"]["list"]:
             ~~~~~~~~~~~^^^^^^^^
TypeError: 'NoneType' object is not subscriptable

2025-07-26 22:08:24,655 - INFO - Total time taken: {'ret': 0, 'msg': 'success', 'data': None}
2025-07-26 22:08:24,656 - INFO - 'NoneType' object is not subscriptable
2025-07-26 22:08:24,656 - INFO - Traceback (most recent call last):
  File "/home/runner/work/qqnews/qqnews/qq.py", line 128, in main
    for i in qq1["data"]["list"]:
             ~~~~~~~~~~~^^^^^^^^
TypeError: 'NoneType' object is not subscriptable

