2026-03-18 01:01:16,509 - INFO - Total time taken: {'ret': 0, 'msg': 'success', 'data': None}
2026-03-18 01:01:16,509 - INFO - 'NoneType' object is not subscriptable
2026-03-18 01:01:16,509 - INFO - Traceback (most recent call last):
  File "/home/runner/work/qqnews/qqnews/qq.py", line 128, in main
    for i in qq1["data"]["list"]:
             ~~~~~~~~~~~^^^^^^^^
TypeError: 'NoneType' object is not subscriptable

2026-03-18 04:10:30,162 - INFO - Total time taken: {'ret': 0, 'msg': 'success', 'data': None}
2026-03-18 04:10:30,162 - INFO - 'NoneType' object is not subscriptable
2026-03-18 04:10:30,163 - INFO - Traceback (most recent call last):
  File "/home/runner/work/qqnews/qqnews/qq.py", line 128, in main
    for i in qq1["data"]["list"]:
             ~~~~~~~~~~~^^^^^^^^
TypeError: 'NoneType' object is not subscriptable

2026-03-18 05:54:36,566 - INFO - Total time taken: {'ret': 0, 'msg': 'success', 'data': None}
2026-03-18 05:54:36,567 - INFO - 'NoneType' object is not subscriptable
2026-03-18 05:54:36,567 - INFO - Traceback (most recent call last):
  File "/home/runner/work/qqnews/qqnews/qq.py", line 128, in main
    for i in qq1["data"]["list"]:
             ~~~~~~~~~~~^^^^^^^^
TypeError: 'NoneType' object is not subscriptable

2026-03-18 06:45:18,790 - INFO - Total time taken: {'ret': 0, 'msg': 'success', 'data': None}
2026-03-18 06:45:18,791 - INFO - 'NoneType' object is not subscriptable
2026-03-18 06:45:18,791 - INFO - Traceback (most recent call last):
  File "/home/runner/work/qqnews/qqnews/qq.py", line 128, in main
    for i in qq1["data"]["list"]:
             ~~~~~~~~~~~^^^^^^^^
TypeError: 'NoneType' object is not subscriptable

2026-03-18 07:42:42,303 - INFO - Total time taken: {'ret': 0, 'msg': 'success', 'data': None}
2026-03-18 07:42:42,303 - INFO - 'NoneType' object is not subscriptable
2026-03-18 07:42:42,303 - INFO - Traceback (most recent call last):
  File "/home/runner/work/qqnews/qqnews/qq.py", line 128, in main
    for i in qq1["data"]["list"]:
             ~~~~~~~~~~~^^^^^^^^
TypeError: 'NoneType' object is not subscriptable

2026-03-18 08:33:10,094 - INFO - Total time taken: {'ret': 0, 'msg': 'success', 'data': None}
2026-03-18 08:33:10,094 - INFO - 'NoneType' object is not subscriptable
2026-03-18 08:33:10,095 - INFO - Traceback (most recent call last):
  File "/home/runner/work/qqnews/qqnews/qq.py", line 128, in main
    for i in qq1["data"]["list"]:
             ~~~~~~~~~~~^^^^^^^^
TypeError: 'NoneType' object is not subscriptable

2026-03-18 09:39:11,625 - INFO - Total time taken: {'ret': 0, 'msg': 'success', 'data': None}
2026-03-18 09:39:11,625 - INFO - 'NoneType' object is not subscriptable
2026-03-18 09:39:11,625 - INFO - Traceback (most recent call last):
  File "/home/runner/work/qqnews/qqnews/qq.py", line 128, in main
    for i in qq1["data"]["list"]:
             ~~~~~~~~~~~^^^^^^^^
TypeError: 'NoneType' object is not subscriptable

2026-03-18 10:38:21,845 - INFO - Total time taken: {'ret': 0, 'msg': 'success', 'data': None}
2026-03-18 10:38:21,846 - INFO - 'NoneType' object is not subscriptable
2026-03-18 10:38:21,846 - INFO - Traceback (most recent call last):
  File "/home/runner/work/qqnews/qqnews/qq.py", line 128, in main
    for i in qq1["data"]["list"]:
             ~~~~~~~~~~~^^^^^^^^
TypeError: 'NoneType' object is not subscriptable

2026-03-18 11:34:59,846 - INFO - Total time taken: {'ret': 0, 'msg': 'success', 'data': None}
2026-03-18 11:34:59,847 - INFO - 'NoneType' object is not subscriptable
2026-03-18 11:34:59,847 - INFO - Traceback (most recent call last):
  File "/home/runner/work/qqnews/qqnews/qq.py", line 128, in main
    for i in qq1["data"]["list"]:
             ~~~~~~~~~~~^^^^^^^^
TypeError: 'NoneType' object is not subscriptable

2026-03-18 12:37:55,801 - INFO - Total time taken: {'ret': 0, 'msg': 'success', 'data': None}
2026-03-18 12:37:55,801 - INFO - 'NoneType' object is not subscriptable
2026-03-18 12:37:55,801 - INFO - Traceback (most recent call last):
  File "/home/runner/work/qqnews/qqnews/qq.py", line 128, in main
    for i in qq1["data"]["list"]:
             ~~~~~~~~~~~^^^^^^^^
TypeError: 'NoneType' object is not subscriptable

2026-03-18 14:11:39,932 - INFO - Total time taken: {'ret': 0, 'msg': 'success', 'data': None}
2026-03-18 14:11:39,932 - INFO - 'NoneType' object is not subscriptable
2026-03-18 14:11:39,933 - INFO - Traceback (most recent call last):
  File "/home/runner/work/qqnews/qqnews/qq.py", line 128, in main
    for i in qq1["data"]["list"]:
             ~~~~~~~~~~~^^^^^^^^
TypeError: 'NoneType' object is not subscriptable

2026-03-18 15:57:10,314 - INFO - Total time taken: {'ret': 0, 'msg': 'success', 'data': None}
2026-03-18 15:57:10,315 - INFO - 'NoneType' object is not subscriptable
2026-03-18 15:57:10,315 - INFO - Traceback (most recent call last):
  File "/home/runner/work/qqnews/qqnews/qq.py", line 128, in main
    for i in qq1["data"]["list"]:
             ~~~~~~~~~~~^^^^^^^^
TypeError: 'NoneType' object is not subscriptable

2026-03-18 16:50:14,429 - INFO - Total time taken: {'ret': 0, 'msg': 'success', 'data': None}
2026-03-18 16:50:14,430 - INFO - 'NoneType' object is not subscriptable
2026-03-18 16:50:14,430 - INFO - Traceback (most recent call last):
  File "/home/runner/work/qqnews/qqnews/qq.py", line 128, in main
    for i in qq1["data"]["list"]:
             ~~~~~~~~~~~^^^^^^^^
TypeError: 'NoneType' object is not subscriptable

2026-03-18 17:50:00,079 - INFO - Total time taken: {'ret': 0, 'msg': 'success', 'data': None}
2026-03-18 17:50:00,079 - INFO - 'NoneType' object is not subscriptable
2026-03-18 17:50:00,080 - INFO - Traceback (most recent call last):
  File "/home/runner/work/qqnews/qqnews/qq.py", line 128, in main
    for i in qq1["data"]["list"]:
             ~~~~~~~~~~~^^^^^^^^
TypeError: 'NoneType' object is not subscriptable

2026-03-18 18:40:06,980 - INFO - Total time taken: {'ret': 0, 'msg': 'success', 'data': None}
2026-03-18 18:40:06,980 - INFO - 'NoneType' object is not subscriptable
2026-03-18 18:40:06,981 - INFO - Traceback (most recent call last):
  File "/home/runner/work/qqnews/qqnews/qq.py", line 128, in main
    for i in qq1["data"]["list"]:
             ~~~~~~~~~~~^^^^^^^^
TypeError: 'NoneType' object is not subscriptable

2026-03-18 19:39:42,438 - INFO - Total time taken: {'ret': 0, 'msg': 'success', 'data': None}
2026-03-18 19:39:42,439 - INFO - 'NoneType' object is not subscriptable
2026-03-18 19:39:42,439 - INFO - Traceback (most recent call last):
  File "/home/runner/work/qqnews/qqnews/qq.py", line 128, in main
    for i in qq1["data"]["list"]:
             ~~~~~~~~~~~^^^^^^^^
TypeError: 'NoneType' object is not subscriptable

2026-03-18 20:22:33,045 - INFO - Total time taken: {'ret': 0, 'msg': 'success', 'data': None}
2026-03-18 20:22:33,045 - INFO - 'NoneType' object is not subscriptable
2026-03-18 20:22:33,045 - INFO - Traceback (most recent call last):
  File "/home/runner/work/qqnews/qqnews/qq.py", line 128, in main
    for i in qq1["data"]["list"]:
             ~~~~~~~~~~~^^^^^^^^
TypeError: 'NoneType' object is not subscriptable

2026-03-18 21:23:08,493 - INFO - Total time taken: {'ret': 0, 'msg': 'success', 'data': None}
2026-03-18 21:23:08,493 - INFO - 'NoneType' object is not subscriptable
2026-03-18 21:23:08,493 - INFO - Traceback (most recent call last):
  File "/home/runner/work/qqnews/qqnews/qq.py", line 128, in main
    for i in qq1["data"]["list"]:
             ~~~~~~~~~~~^^^^^^^^
TypeError: 'NoneType' object is not subscriptable

2026-03-18 22:19:44,378 - INFO - Total time taken: {'ret': 0, 'msg': 'success', 'data': None}
2026-03-18 22:19:44,378 - INFO - 'NoneType' object is not subscriptable
2026-03-18 22:19:44,379 - INFO - Traceback (most recent call last):
  File "/home/runner/work/qqnews/qqnews/qq.py", line 128, in main
    for i in qq1["data"]["list"]:
             ~~~~~~~~~~~^^^^^^^^
TypeError: 'NoneType' object is not subscriptable

