2025-12-14 00:48:02,678 - INFO - Total time taken: {'ret': 0, 'msg': 'success', 'data': None}
2025-12-14 00:48:02,678 - INFO - 'NoneType' object is not subscriptable
2025-12-14 00:48:02,678 - INFO - Traceback (most recent call last):
  File "/home/runner/work/qqnews/qqnews/qq.py", line 128, in main
    for i in qq1["data"]["list"]:
             ~~~~~~~~~~~^^^^^^^^
TypeError: 'NoneType' object is not subscriptable

2025-12-14 02:51:35,018 - INFO - Total time taken: {'ret': 0, 'msg': 'success', 'data': None}
2025-12-14 02:51:35,018 - INFO - 'NoneType' object is not subscriptable
2025-12-14 02:51:35,019 - INFO - Traceback (most recent call last):
  File "/home/runner/work/qqnews/qqnews/qq.py", line 128, in main
    for i in qq1["data"]["list"]:
             ~~~~~~~~~~~^^^^^^^^
TypeError: 'NoneType' object is not subscriptable

2025-12-14 03:54:09,620 - INFO - Total time taken: {'ret': 0, 'msg': 'success', 'data': None}
2025-12-14 03:54:09,621 - INFO - 'NoneType' object is not subscriptable
2025-12-14 03:54:09,621 - INFO - Traceback (most recent call last):
  File "/home/runner/work/qqnews/qqnews/qq.py", line 128, in main
    for i in qq1["data"]["list"]:
             ~~~~~~~~~~~^^^^^^^^
TypeError: 'NoneType' object is not subscriptable

2025-12-14 04:26:31,600 - INFO - Total time taken: {'ret': 0, 'msg': 'success', 'data': None}
2025-12-14 04:26:31,600 - INFO - 'NoneType' object is not subscriptable
2025-12-14 04:26:31,600 - INFO - Traceback (most recent call last):
  File "/home/runner/work/qqnews/qqnews/qq.py", line 128, in main
    for i in qq1["data"]["list"]:
             ~~~~~~~~~~~^^^^^^^^
TypeError: 'NoneType' object is not subscriptable

2025-12-14 05:10:11,334 - INFO - Total time taken: {'ret': 0, 'msg': 'success', 'data': None}
2025-12-14 05:10:11,335 - INFO - 'NoneType' object is not subscriptable
2025-12-14 05:10:11,335 - INFO - Traceback (most recent call last):
  File "/home/runner/work/qqnews/qqnews/qq.py", line 128, in main
    for i in qq1["data"]["list"]:
             ~~~~~~~~~~~^^^^^^^^
TypeError: 'NoneType' object is not subscriptable

