2026-05-03 01:23:58,466 - INFO - Total time taken: {'ret': 0, 'msg': 'success', 'data': None}
2026-05-03 01:23:58,466 - INFO - 'NoneType' object is not subscriptable
2026-05-03 01:23:58,467 - INFO - Traceback (most recent call last):
  File "/home/runner/work/qqnews/qqnews/qq.py", line 128, in main
    for i in qq1["data"]["list"]:
             ~~~~~~~~~~~^^^^^^^^
TypeError: 'NoneType' object is not subscriptable

2026-05-03 05:17:42,705 - INFO - Total time taken: {'ret': 0, 'msg': 'success', 'data': None}
2026-05-03 05:17:42,706 - INFO - 'NoneType' object is not subscriptable
2026-05-03 05:17:42,706 - INFO - Traceback (most recent call last):
  File "/home/runner/work/qqnews/qqnews/qq.py", line 128, in main
    for i in qq1["data"]["list"]:
             ~~~~~~~~~~~^^^^^^^^
TypeError: 'NoneType' object is not subscriptable

2026-05-03 07:41:49,851 - INFO - Total time taken: {'ret': 0, 'msg': 'success', 'data': None}
2026-05-03 07:41:49,851 - INFO - 'NoneType' object is not subscriptable
2026-05-03 07:41:49,852 - INFO - Traceback (most recent call last):
  File "/home/runner/work/qqnews/qqnews/qq.py", line 128, in main
    for i in qq1["data"]["list"]:
             ~~~~~~~~~~~^^^^^^^^
TypeError: 'NoneType' object is not subscriptable

