2025-12-09 00:42:45,746 - INFO - Total time taken: {'ret': 0, 'msg': 'success', 'data': None}
2025-12-09 00:42:45,746 - INFO - 'NoneType' object is not subscriptable
2025-12-09 00:42:45,747 - INFO - Traceback (most recent call last):
  File "/home/runner/work/qqnews/qqnews/qq.py", line 128, in main
    for i in qq1["data"]["list"]:
             ~~~~~~~~~~~^^^^^^^^
TypeError: 'NoneType' object is not subscriptable

2025-12-09 02:29:21,995 - INFO - Total time taken: {'ret': 0, 'msg': 'success', 'data': None}
2025-12-09 02:29:21,996 - INFO - 'NoneType' object is not subscriptable
2025-12-09 02:29:21,996 - INFO - Traceback (most recent call last):
  File "/home/runner/work/qqnews/qqnews/qq.py", line 128, in main
    for i in qq1["data"]["list"]:
             ~~~~~~~~~~~^^^^^^^^
TypeError: 'NoneType' object is not subscriptable

2025-12-09 03:43:46,701 - INFO - Total time taken: {'ret': 0, 'msg': 'success', 'data': None}
2025-12-09 03:43:46,701 - INFO - 'NoneType' object is not subscriptable
2025-12-09 03:43:46,702 - INFO - Traceback (most recent call last):
  File "/home/runner/work/qqnews/qqnews/qq.py", line 128, in main
    for i in qq1["data"]["list"]:
             ~~~~~~~~~~~^^^^^^^^
TypeError: 'NoneType' object is not subscriptable

2025-12-09 04:18:24,722 - INFO - Total time taken: {'ret': 0, 'msg': 'success', 'data': None}
2025-12-09 04:18:24,722 - INFO - 'NoneType' object is not subscriptable
2025-12-09 04:18:24,723 - INFO - Traceback (most recent call last):
  File "/home/runner/work/qqnews/qqnews/qq.py", line 128, in main
    for i in qq1["data"]["list"]:
             ~~~~~~~~~~~^^^^^^^^
TypeError: 'NoneType' object is not subscriptable

2025-12-09 05:01:17,830 - INFO - Total time taken: {'ret': 0, 'msg': 'success', 'data': None}
2025-12-09 05:01:17,830 - INFO - 'NoneType' object is not subscriptable
2025-12-09 05:01:17,831 - INFO - Traceback (most recent call last):
  File "/home/runner/work/qqnews/qqnews/qq.py", line 128, in main
    for i in qq1["data"]["list"]:
             ~~~~~~~~~~~^^^^^^^^
TypeError: 'NoneType' object is not subscriptable

2025-12-09 06:15:07,210 - INFO - Total time taken: {'ret': 0, 'msg': 'success', 'data': None}
2025-12-09 06:15:07,211 - INFO - 'NoneType' object is not subscriptable
2025-12-09 06:15:07,211 - INFO - Traceback (most recent call last):
  File "/home/runner/work/qqnews/qqnews/qq.py", line 128, in main
    for i in qq1["data"]["list"]:
             ~~~~~~~~~~~^^^^^^^^
TypeError: 'NoneType' object is not subscriptable

