2024-12-03 00:38:45,056 - INFO - EXPIRED
从林肯到拜登，美国总统赦免家人屡见不鲜，最后一刻的“仁慈”成惯例？
https://new.qq.com/rain/a/20241202A08VI100

2024-12-03 00:38:45,056 - INFO - EXPIRED
某夫妻婚后一直不孕，查出两人染色体相同，这是什么病？婚检能查吗？
https://view.inews.qq.com/a/20241202Q046XG00

2024-12-03 00:38:45,056 - INFO - EXPIRED
多人工资被折换成郑州一商场购物卡？每月仅一天能用，消费金额被控制
https://new.qq.com/rain/a/20241202A08KAE00

2024-12-03 00:38:45,057 - INFO - EXPIRED
贵州从江翻船事故致8死，知情人：遇难者系同村 事发时乘船去找中药材
https://new.qq.com/rain/a/20241202A08ZRR00

2024-12-03 00:38:45,057 - INFO - EXPIRED
内蒙古一地公布61位领导手机号，当地干部：24小时可打，未接会回过去
https://new.qq.com/rain/a/20241202A085P100

2024-12-03 00:38:45,057 - INFO - EXPIRED
商务部新闻发言人就美国发布半导体出口管制措施有关问题答记者问
https://new.qq.com/rain/a/20241202A09JD900

2024-12-03 00:38:45,057 - INFO - EXPIRED
药王谷开诊1个多月15名患者死亡，湖北武当山特区：已立案，全面调查
https://new.qq.com/rain/a/20241202A0930C00

2024-12-03 00:38:45,057 - INFO - EXPIRED
组委会回应6岁女孩跑完42公里全马：其父不顾裁判多次阻拦让女儿违规蹭跑，已处罚
https://new.qq.com/rain/a/20241202A070T200

2024-12-03 00:38:45,057 - INFO - EXPIRED
特朗普威胁加征关税后，客户要求中国出口商提前发货以躲避关税
https://new.qq.com/rain/a/20241202A09R8O00

2024-12-03 00:38:45,057 - INFO - EXPIRED
赖清德与佩洛西通话讨论“中国军事威胁”，外交部回应
https://new.qq.com/rain/a/20241202A094H600

2024-12-03 00:38:45,057 - INFO - EXPIRED
浙江一男子帮老板运送800万现金见财起意，趁同伴上厕所卷款逃跑
https://new.qq.com/rain/a/20241202A08JDJ00

2024-12-03 00:38:45,057 - INFO - EXPIRED
寒武纪入选上证50为何引发争议？入选和剔除对股票影响有多大？
https://view.inews.qq.com/a/20241202Q02QBD00

2024-12-03 00:38:45,057 - INFO - EXPIRED
原安邦接管组副组长符飞一审获刑13年，被指受贿贱卖安邦资产
https://new.qq.com/rain/a/20241202A099ME00

2024-12-03 00:38:45,057 - INFO - EXPIRED
送不走的“女儿”
https://new.qq.com/rain/a/20241202A0415N00

2024-12-03 00:38:45,057 - INFO - EXPIRED
韩跃先主动投案，曾任反贪局局长
https://new.qq.com/rain/a/20241202A08G4D00

2024-12-03 00:38:45,057 - INFO - EXPIRED
浙江省委副书记、杭州市委书记刘捷为一场高中足球比赛开球
https://new.qq.com/rain/a/20241202A02YAV00

2024-12-03 00:38:45,057 - INFO - EXPIRED
关税扰动离岸人民币跌破7.28！专家：汇率大幅波动不具备可持续性
https://new.qq.com/rain/a/20241202A09M2600

2024-12-03 00:38:45,057 - INFO - EXPIRED
苹果公司股价再创纪录新高，总市值达到3.62万亿美元
https://new.qq.com/rain/a/20241202A09N9200

2024-12-03 00:38:45,057 - INFO - EXPIRED
特斯拉Cybertruck如果入华销售，将面临哪些难题？
https://new.qq.com/rain/a/20241202A08LQ900

2024-12-03 00:38:45,057 - INFO - EXPIRED
央行修订狭义货币统计口径，纳入个人活期存款、余额宝等
https://new.qq.com/rain/a/20241202A08HF000

2024-12-03 00:38:45,057 - INFO - EXPIRED
国家体育总局棋牌中心易人 曾任主任6年多的朱国平去职
https://new.qq.com/rain/a/20241202A08Z9O00

2024-12-03 00:38:45,057 - INFO - EXPIRED
调查称浙江74.6%的民营企业80后新生代有接班意愿，老板们都怎么培养接班者？
https://view.inews.qq.com/a/20241202Q082B000

2024-12-03 00:38:45,057 - INFO - EXPIRED
腾讯版Sora抢先体验！文生视频大模型懂氛围感，有追剧的感觉了
https://new.qq.com/rain/a/20241202A07L3Q00

2024-12-03 00:38:45,057 - INFO - EXPIRED
人人网停止服务，它当年有多火爆？为什么办不下去了？用户的私人资料怎么办？
https://view.inews.qq.com/a/20241202Q06SWM00

2024-12-03 00:38:45,057 - INFO - EXPIRED
省委书记和靳东面对面，有重要背景
https://new.qq.com/rain/a/20241202A08KZ900

2024-12-03 00:38:45,057 - INFO - EXPIRED
张辉接棒 中国银行迎来新行长
https://new.qq.com/rain/a/20241202A096I400

2024-12-03 00:38:45,057 - INFO - EXPIRED
先让乌控领土纳入北约保护？俄罗斯对乌克兰最新停火条件说“不”
https://new.qq.com/rain/a/20241202A079WY00

2024-12-03 00:38:45,057 - INFO - EXPIRED
考研人数10年来第二次下降，为什么大家不想考了？直接参加工作性价比更高？
https://view.inews.qq.com/a/20241202Q05EI800

2024-12-03 00:38:45,057 - INFO - EXPIRED
安徽合肥一搅拌车发生侧翻压扁小车，警方通报：致1人受伤
https://new.qq.com/rain/a/20241202A08K1K00

2024-12-03 00:38:45,057 - INFO - EXPIRED
被曝停止服务后，人人网发布服务升级公告称正在进行“换车”升级
https://new.qq.com/rain/a/20241202A08JD000

2024-12-03 00:38:45,057 - INFO - EXPIRED
西安两只大狗凌晨当街撕咬女子，警方：系烈性犬，正排查无证养狗情况
https://new.qq.com/rain/a/20241202A0616U00

2024-12-03 00:38:45,057 - INFO - EXPIRED
“杨子荣”扮演者童祥苓去世，享年89岁，他曾是改革先行者
https://new.qq.com/rain/a/20241202A08LC600

2024-12-03 00:38:45,057 - INFO - EXPIRED
湖北29名建筑工赴港，3万月薪，亲历者：电话被“打爆”，同事素质高、专业性强
https://new.qq.com/rain/a/20241202A04XJC00

2024-12-03 00:38:45,057 - INFO - EXPIRED
“欢迎黄总，生死不辱使命”，广州一教培机构20多人趴地上迎接领导视察？机构回应
https://new.qq.com/rain/a/20241202A06NFQ00

2024-12-03 00:38:45,057 - INFO - EXPIRED
网红涌向联合国“开会”，怎么辨别真假？有哪些“高大上”套路？
https://view.inews.qq.com/a/20241202Q03BEW00

2024-12-03 00:38:45,057 - INFO - EXPIRED
叙反政府武装已南下打到要地哈马，多年平衡为何被打破？是反对派太强还是政府军拉胯？
https://view.inews.qq.com/a/20241202Q0312P00

2024-12-03 00:38:45,057 - INFO - EXPIRED
菲船位鲎藤礁海域非法聚集，中国海警发声
https://new.qq.com/rain/a/20241202A07XNO00

2024-12-03 00:38:45,057 - INFO - EXPIRED
商家集体关闭运费险：有人用运费险8个月骗取100多万
https://new.qq.com/rain/a/20241202A020NT00

2024-12-03 00:38:45,057 - INFO - EXPIRED
清华大学通报学生违纪情况，其中一起疑为学生去外校为女友“出头”被严重警告
https://new.qq.com/rain/a/20241202A060DD00

2024-12-03 00:38:45,057 - INFO - EXPIRED
国资耐心资本来了！两部委：央企创投基金存续期最长15年
https://new.qq.com/rain/a/20241202A07U4I00

2024-12-03 00:38:45,057 - INFO - EXPIRED
为何胃癌年轻患者越来越多？和常吃外卖、熬夜有关吗？
https://view.inews.qq.com/a/20241202Q01JQX00

2024-12-03 00:38:45,057 - INFO - EXPIRED
外交部：立陶宛看守政府粗暴挑衅，望立新政府推动双边关系重回正轨
https://new.qq.com/rain/a/20241202A05T6L00

2024-12-03 00:38:45,057 - INFO - EXPIRED
王毅同德国外长举行第七轮中德外交与安全战略对话，德方：支持欧中继续就电动汽车反补贴问题谈判
https://new.qq.com/rain/a/20241202A078IR00

2024-12-03 00:38:45,057 - INFO - EXPIRED
10年期国债收益率跌破2%只是前菜？机构：降准降息窗口打开
https://new.qq.com/rain/a/20241202A073HJ00

2024-12-03 00:38:45,057 - INFO - EXPIRED
央行扩大M1统计口径：个人活期存款已具备转账支付功能，应将其计入M1
https://new.qq.com/rain/a/20241202A088PH00

2024-12-03 00:38:45,057 - INFO - EXPIRED
浙江瑞安一废弃信箱发现学生举报信，控诉教师体罚校园欺凌？教育局、警方介入，知情人：信箱已被拆走
https://new.qq.com/rain/a/20241202A05GMI00

2024-12-03 00:38:45,057 - INFO - EXPIRED
对债券交易员激励过度！交易商协会通报江苏四家农商行自律调查情况
https://new.qq.com/rain/a/20241202A06FI700

2024-12-03 00:38:45,057 - INFO - EXPIRED
宇宙最精确时钟“脉冲星”有时自转突然提速，厦大做了最新研究，到底是什么原因？
https://view.inews.qq.com/a/20241201Q06LDL00

2024-12-03 00:38:45,057 - INFO - EXPIRED
泰国孕妇坠崖案男方要求赔偿3000万，女方就没有办法了吗？
https://view.inews.qq.com/a/20241202Q03H1N00

2024-12-03 00:38:45,057 - INFO - EXPIRED
大病患儿再遇骗局，上千万巨款被卷走
https://new.qq.com/rain/a/20241202A04V3Q00

2024-12-03 00:38:45,057 - INFO - EXPIRED
“参战卫国成惩罚”？乌“逃兵”数量创纪录，或占现役人数近六成
https://new.qq.com/rain/a/20241201A06PMK00

2024-12-03 00:38:45,057 - INFO - EXPIRED
贵州从江翻船事故致8死，当地称系农村自用船！已成立调查组
https://new.qq.com/rain/a/20241202A06KCP00

2024-12-03 00:38:45,057 - INFO - EXPIRED
担心马斯克“挟私报复”，奥特曼、盖茨们“瑟瑟发抖”
https://new.qq.com/rain/a/20241202A05XEJ00

2024-12-03 00:38:45,058 - INFO - EXPIRED
韩国流行“周五下班去中国”，网友：是不是去张家界
https://new.qq.com/rain/a/20241202A06DVK00

2024-12-03 00:38:45,058 - INFO - EXPIRED
男子向别国提供我国家秘密换“绿卡”：高薪请律师抗辩 隐瞒关键情节
https://new.qq.com/rain/a/20241202A0532R00

2024-12-03 00:38:45,058 - INFO - EXPIRED
拜登宣布赦免其子亨特·拜登，曾多次承诺不赦免，为何突然变卦？
https://view.inews.qq.com/a/20241202Q01P0V00

2024-12-03 00:38:45,058 - INFO - EXPIRED
美批准对台军售，国防部：提出严正交涉，解放军持续加强练兵备战
https://new.qq.com/rain/a/20241202A065PI00

2024-12-03 00:38:45,058 - INFO - EXPIRED
贵州从江县发生一起翻船事故造成8人死亡
https://new.qq.com/rain/a/20241202A05Q1A00

2024-12-03 00:38:45,058 - INFO - EXPIRED
德国外长访华前称中国向俄供武，外交部：坚决反对无端指责
https://new.qq.com/rain/a/20241202A05TUV00

2024-12-03 00:38:45,058 - INFO - EXPIRED
河南监狱管理局原政委苗正钊被查，曾陷入假“中纪委领导”刑讯逼供案
https://new.qq.com/rain/a/20241202A05ZWJ00

2024-12-03 00:38:45,058 - INFO - EXPIRED
外交部发言人就立陶宛外交部要求我外交人员限期离境发表谈话
https://new.qq.com/rain/a/20241202A04W0W00

2024-12-03 00:38:45,058 - INFO - EXPIRED
中国正研发时速达1000公里的高铁，比飞机还快，未来飞机没市场了吗？
https://view.inews.qq.com/a/20241202Q02CB800

2024-12-03 00:38:45,058 - INFO - EXPIRED
拜登宣布赦免其子，是开了坏头吗？会影响民主党支持率吗？
https://view.inews.qq.com/a/20241202Q038JU00

2024-12-03 00:38:45,058 - INFO - EXPIRED
国务院副总理张国清将于12月3日至4日访问伊朗
https://new.qq.com/rain/a/20241202A05EOH00

2024-12-03 00:38:45,058 - INFO - EXPIRED
拜登给出了原因
https://new.qq.com/rain/a/20241202A034ZY00

2024-12-03 00:38:45,058 - INFO - EXPIRED
快讯！外媒：朔尔茨抵达基辅进行访问，将与泽连斯基举行会谈
https://new.qq.com/rain/a/20241202A052AY00

2024-12-03 00:38:45,058 - INFO - EXPIRED
拜登赦免儿子，马斯克回应：拜登质疑美国的公正性是不对的
https://new.qq.com/rain/a/20241202A05B2D00

2024-12-03 00:38:45,058 - INFO - EXPIRED
欧洲首富深陷间谍风波，法情报局前负责人被控为其窃听机密、监视议员
https://new.qq.com/rain/a/20241202A04A9200

2024-12-03 00:38:45,058 - INFO - EXPIRED
现场画面曝光！成都飞厦门航班客舱突然冒烟飞机备降，航司回应
https://new.qq.com/rain/a/20241202V02V2K00

2024-12-03 00:38:45,058 - INFO - EXPIRED
骑电动车在机动车道内逆行发生事故身亡 法院：机动车司机也应担责
https://new.qq.com/rain/a/20241202A03PB300

2024-12-03 00:38:45,058 - INFO - EXPIRED
航行警告 长江口一大型船舶深水航道进口交通管制
https://new.qq.com/rain/a/20241202A0339800

2024-12-03 00:38:45,058 - INFO - EXPIRED
携程梁建章建议取消中高考：将筛选压力推迟到工作或考研环节
https://new.qq.com/rain/a/20241202A03NOD00

2024-12-03 00:38:45,058 - INFO - EXPIRED
《咬文嚼字》发布年度十大流行语，“硬控”“班味”等上榜
https://new.qq.com/rain/a/20241202A04RR300

2024-12-03 00:38:45,058 - INFO - EXPIRED
四川一女子遭黑熊袭击，丈夫用斧头击杀，单枪匹马击杀黑熊有多难？
https://view.inews.qq.com/a/20241201Q06OQ900

2024-12-03 00:38:45,058 - INFO - EXPIRED
信用卡改革进入深水区：权益缩水，联名卡停发，属地化管理
https://new.qq.com/rain/a/20241201A06HVH00

2024-12-03 00:38:45,058 - INFO - EXPIRED
“更喜欢男孩还是女孩” 山东一幼儿园连发3份问卷 家长称问题太尴尬
https://new.qq.com/rain/a/20241201A04UGP00

2024-12-03 00:38:45,058 - INFO - EXPIRED
美媒：担心美国关税威胁，阿根廷寻求数十年来首次向中国出口小麦
https://new.qq.com/rain/a/20241202A00Z6R00

2024-12-03 00:38:45,058 - INFO - EXPIRED
“巳升升”送如意！总台蛇年春晚吉祥物亮相
https://new.qq.com/rain/a/20241202A04SR000

2024-12-03 00:38:45,058 - INFO - EXPIRED
返乡农民工意外死亡：夫妻进城务工十年后回村种地，妻子被卷入收割机
https://new.qq.com/rain/a/20241202A016KE00

2024-12-03 00:38:45,058 - INFO - EXPIRED
基金保险抢跑入债市扫货，10年期国债下破2%关口重回924点位
https://new.qq.com/rain/a/20241202A0401800

2024-12-03 00:38:45,058 - INFO - EXPIRED
美媒：特鲁多在海湖庄园与特朗普共进晚餐，加驻美大使披露会谈细节
https://new.qq.com/rain/a/20241202A03ARG00

2024-12-03 00:38:45,058 - INFO - EXPIRED
高速公路上，新能源车突然失去动力
https://new.qq.com/rain/a/20241202A01X6L00

2024-12-03 00:38:45,058 - INFO - EXPIRED
美拟对东南亚四国光伏产品征收最高约271%反倾销税
https://new.qq.com/rain/a/20241202A03X9Q00

2024-12-03 00:38:45,058 - INFO - EXPIRED
波司登新款9成超千元，花1000多买件羽绒服值吗？与100元的区别大吗？
https://view.inews.qq.com/a/20241201Q0682500

2024-12-03 00:38:45,058 - INFO - EXPIRED
小孩玩耍闹矛盾，女子将女孩堵电梯殴打辱骂14分钟？女孩父亲发声
https://new.qq.com/rain/a/20241202V038D900

2024-12-03 00:38:45,058 - INFO - EXPIRED
拿到退休证1个多月，佘克冰被查
https://new.qq.com/rain/a/20241202A03NCG00

2024-12-03 00:38:45,058 - INFO - EXPIRED
副镇长开套牌车还打人，评论：有些公职人员觉得犯了错也能轻松摆平
https://new.qq.com/rain/a/20241201A05AU800

2024-12-03 00:38:45,058 - INFO - EXPIRED
广州一处路面塌陷：面包车冲过去受损 有司机紧急制动绕行躲过一劫
https://new.qq.com/rain/a/20241202V03UIT00

2024-12-03 00:38:45,058 - INFO - EXPIRED
拜登宣布赦免其子亨特·拜登，特朗普回应：如此的职权滥用！
https://new.qq.com/rain/a/20241202A02NEI00

2024-12-03 00:38:45,058 - INFO - EXPIRED
在岸、离岸人民币对美元分别跌破7.26、7.27，创4个月新低
https://new.qq.com/rain/a/20241202A03YJ900

2024-12-03 00:38:46,055 - INFO - INVALID
当着德国外长的面，王毅这三句话别有深意
https://new.qq.com/rain/a/20241203A011IF00

2024-12-03 00:38:46,060 - INFO - INVALID
特朗普：如果加沙人质没有在其就职总统前获释 哈马斯将付出巨大代价
https://new.qq.com/rain/a/20241203A00VIN00

2024-12-03 00:38:46,069 - INFO - INVALID
多城上调首套房贷利率 分析：低息差已不支持大幅下调房贷利率
https://new.qq.com/rain/a/20241203A012W400

2024-12-03 00:38:46,075 - INFO - INVALID
游客花钱看熊猫被告知综艺录制优先？景区深夜道歉
https://new.qq.com/rain/a/20241203A013KN00

2024-12-03 00:38:46,087 - INFO - INVALID
无理打压！拜登政府公布最新半导体对华出口限制，会影响哪些方面
https://new.qq.com/rain/a/20241203A013EE00

2024-12-03 00:38:46,720 - INFO - INVALID
美国一法官再次驳回马斯克在特斯拉的高额薪酬计划
https://new.qq.com/rain/a/20241203A00Y7500

2024-12-03 00:38:46,738 - INFO - INVALID
菲律宾多艘船只赴鲎藤礁海域非法聚集，中国海警依法管控
https://new.qq.com/rain/a/20241203A00XXU00

2024-12-03 00:38:46,742 - INFO - INVALID
英特尔CEO突然退休 据称因业绩不佳被董事会赶下台
https://new.qq.com/rain/a/20241203A00OW200

2024-12-03 00:38:46,746 - INFO - INVALID
中国向联合国交存黄岩岛领海基线声明和海图
https://new.qq.com/rain/a/20241203A00PBU00

2024-12-03 00:38:46,785 - INFO - INVALID
法国政府进入“倒台倒计时”：反对派凑足罢免总理票数
https://new.qq.com/rain/a/20241203A00QCF00

