2026-04-21 01:12:35,086 - INFO - Total time taken: {'ret': 0, 'msg': 'success', 'data': None}
2026-04-21 01:12:35,086 - INFO - 'NoneType' object is not subscriptable
2026-04-21 01:12:35,086 - INFO - Traceback (most recent call last):
  File "/home/runner/work/qqnews/qqnews/qq.py", line 128, in main
    for i in qq1["data"]["list"]:
             ~~~~~~~~~~~^^^^^^^^
TypeError: 'NoneType' object is not subscriptable

2026-04-21 04:36:42,084 - INFO - Total time taken: {'ret': 0, 'msg': 'success', 'data': None}
2026-04-21 04:36:42,084 - INFO - 'NoneType' object is not subscriptable
2026-04-21 04:36:42,085 - INFO - Traceback (most recent call last):
  File "/home/runner/work/qqnews/qqnews/qq.py", line 128, in main
    for i in qq1["data"]["list"]:
             ~~~~~~~~~~~^^^^^^^^
TypeError: 'NoneType' object is not subscriptable

2026-04-21 06:26:31,293 - INFO - Total time taken: {'ret': 0, 'msg': 'success', 'data': None}
2026-04-21 06:26:31,293 - INFO - 'NoneType' object is not subscriptable
2026-04-21 06:26:31,293 - INFO - Traceback (most recent call last):
  File "/home/runner/work/qqnews/qqnews/qq.py", line 128, in main
    for i in qq1["data"]["list"]:
             ~~~~~~~~~~~^^^^^^^^
TypeError: 'NoneType' object is not subscriptable

2026-04-21 08:23:22,932 - INFO - Total time taken: {'ret': 0, 'msg': 'success', 'data': None}
2026-04-21 08:23:22,932 - INFO - 'NoneType' object is not subscriptable
2026-04-21 08:23:22,932 - INFO - Traceback (most recent call last):
  File "/home/runner/work/qqnews/qqnews/qq.py", line 128, in main
    for i in qq1["data"]["list"]:
             ~~~~~~~~~~~^^^^^^^^
TypeError: 'NoneType' object is not subscriptable

2026-04-21 10:06:55,519 - INFO - Total time taken: {'ret': 0, 'msg': 'success', 'data': None}
2026-04-21 10:06:55,520 - INFO - 'NoneType' object is not subscriptable
2026-04-21 10:06:55,520 - INFO - Traceback (most recent call last):
  File "/home/runner/work/qqnews/qqnews/qq.py", line 128, in main
    for i in qq1["data"]["list"]:
             ~~~~~~~~~~~^^^^^^^^
TypeError: 'NoneType' object is not subscriptable

2026-04-21 11:50:32,512 - INFO - Total time taken: {'ret': 0, 'msg': 'success', 'data': None}
2026-04-21 11:50:32,512 - INFO - 'NoneType' object is not subscriptable
2026-04-21 11:50:32,513 - INFO - Traceback (most recent call last):
  File "/home/runner/work/qqnews/qqnews/qq.py", line 128, in main
    for i in qq1["data"]["list"]:
             ~~~~~~~~~~~^^^^^^^^
TypeError: 'NoneType' object is not subscriptable

2026-04-21 12:52:21,524 - INFO - Total time taken: {'ret': 0, 'msg': 'success', 'data': None}
2026-04-21 12:52:21,524 - INFO - 'NoneType' object is not subscriptable
2026-04-21 12:52:21,525 - INFO - Traceback (most recent call last):
  File "/home/runner/work/qqnews/qqnews/qq.py", line 128, in main
    for i in qq1["data"]["list"]:
             ~~~~~~~~~~~^^^^^^^^
TypeError: 'NoneType' object is not subscriptable

2026-04-21 14:26:49,381 - INFO - Total time taken: {'ret': 0, 'msg': 'success', 'data': None}
2026-04-21 14:26:49,382 - INFO - 'NoneType' object is not subscriptable
2026-04-21 14:26:49,382 - INFO - Traceback (most recent call last):
  File "/home/runner/work/qqnews/qqnews/qq.py", line 128, in main
    for i in qq1["data"]["list"]:
             ~~~~~~~~~~~^^^^^^^^
TypeError: 'NoneType' object is not subscriptable

2026-04-21 16:00:08,737 - INFO - Total time taken: {'ret': 0, 'msg': 'success', 'data': None}
2026-04-21 16:00:08,737 - INFO - 'NoneType' object is not subscriptable
2026-04-21 16:00:08,737 - INFO - Traceback (most recent call last):
  File "/home/runner/work/qqnews/qqnews/qq.py", line 128, in main
    for i in qq1["data"]["list"]:
             ~~~~~~~~~~~^^^^^^^^
TypeError: 'NoneType' object is not subscriptable

2026-04-21 16:59:38,624 - INFO - Total time taken: {'ret': 0, 'msg': 'success', 'data': None}
2026-04-21 16:59:38,624 - INFO - 'NoneType' object is not subscriptable
2026-04-21 16:59:38,625 - INFO - Traceback (most recent call last):
  File "/home/runner/work/qqnews/qqnews/qq.py", line 128, in main
    for i in qq1["data"]["list"]:
             ~~~~~~~~~~~^^^^^^^^
TypeError: 'NoneType' object is not subscriptable

