2026-02-09 00:59:58,626 - INFO - Total time taken: {'ret': 0, 'msg': 'success', 'data': None}
2026-02-09 00:59:58,626 - INFO - 'NoneType' object is not subscriptable
2026-02-09 00:59:58,627 - INFO - Traceback (most recent call last):
  File "/home/runner/work/qqnews/qqnews/qq.py", line 128, in main
    for i in qq1["data"]["list"]:
             ~~~~~~~~~~~^^^^^^^^
TypeError: 'NoneType' object is not subscriptable

2026-02-09 03:41:30,316 - INFO - Total time taken: {'ret': 0, 'msg': 'success', 'data': None}
2026-02-09 03:41:30,316 - INFO - 'NoneType' object is not subscriptable
2026-02-09 03:41:30,316 - INFO - Traceback (most recent call last):
  File "/home/runner/work/qqnews/qqnews/qq.py", line 128, in main
    for i in qq1["data"]["list"]:
             ~~~~~~~~~~~^^^^^^^^
TypeError: 'NoneType' object is not subscriptable

2026-02-09 05:22:07,874 - INFO - Total time taken: {'ret': 0, 'msg': 'success', 'data': None}
2026-02-09 05:22:07,875 - INFO - 'NoneType' object is not subscriptable
2026-02-09 05:22:07,875 - INFO - Traceback (most recent call last):
  File "/home/runner/work/qqnews/qqnews/qq.py", line 128, in main
    for i in qq1["data"]["list"]:
             ~~~~~~~~~~~^^^^^^^^
TypeError: 'NoneType' object is not subscriptable

2026-02-09 06:50:44,600 - INFO - Total time taken: {'ret': 0, 'msg': 'success', 'data': None}
2026-02-09 06:50:44,600 - INFO - 'NoneType' object is not subscriptable
2026-02-09 06:50:44,601 - INFO - Traceback (most recent call last):
  File "/home/runner/work/qqnews/qqnews/qq.py", line 128, in main
    for i in qq1["data"]["list"]:
             ~~~~~~~~~~~^^^^^^^^
TypeError: 'NoneType' object is not subscriptable

2026-02-09 07:45:15,785 - INFO - Total time taken: {'ret': 0, 'msg': 'success', 'data': None}
2026-02-09 07:45:15,785 - INFO - 'NoneType' object is not subscriptable
2026-02-09 07:45:15,786 - INFO - Traceback (most recent call last):
  File "/home/runner/work/qqnews/qqnews/qq.py", line 128, in main
    for i in qq1["data"]["list"]:
             ~~~~~~~~~~~^^^^^^^^
TypeError: 'NoneType' object is not subscriptable

2026-02-09 08:35:20,320 - INFO - Total time taken: {'ret': 0, 'msg': 'success', 'data': None}
2026-02-09 08:35:20,321 - INFO - 'NoneType' object is not subscriptable
2026-02-09 08:35:20,321 - INFO - Traceback (most recent call last):
  File "/home/runner/work/qqnews/qqnews/qq.py", line 128, in main
    for i in qq1["data"]["list"]:
             ~~~~~~~~~~~^^^^^^^^
TypeError: 'NoneType' object is not subscriptable

2026-02-09 09:44:38,453 - INFO - Total time taken: {'ret': 0, 'msg': 'success', 'data': None}
2026-02-09 09:44:38,453 - INFO - 'NoneType' object is not subscriptable
2026-02-09 09:44:38,454 - INFO - Traceback (most recent call last):
  File "/home/runner/work/qqnews/qqnews/qq.py", line 128, in main
    for i in qq1["data"]["list"]:
             ~~~~~~~~~~~^^^^^^^^
TypeError: 'NoneType' object is not subscriptable

2026-02-09 10:43:34,934 - INFO - Total time taken: {'ret': 0, 'msg': 'success', 'data': None}
2026-02-09 10:43:34,934 - INFO - 'NoneType' object is not subscriptable
2026-02-09 10:43:34,935 - INFO - Traceback (most recent call last):
  File "/home/runner/work/qqnews/qqnews/qq.py", line 128, in main
    for i in qq1["data"]["list"]:
             ~~~~~~~~~~~^^^^^^^^
TypeError: 'NoneType' object is not subscriptable

2026-02-09 11:36:06,863 - INFO - Total time taken: {'ret': 0, 'msg': 'success', 'data': None}
2026-02-09 11:36:06,863 - INFO - 'NoneType' object is not subscriptable
2026-02-09 11:36:06,864 - INFO - Traceback (most recent call last):
  File "/home/runner/work/qqnews/qqnews/qq.py", line 128, in main
    for i in qq1["data"]["list"]:
             ~~~~~~~~~~~^^^^^^^^
TypeError: 'NoneType' object is not subscriptable

2026-02-09 12:36:21,559 - INFO - Total time taken: {'ret': 0, 'msg': 'success', 'data': None}
2026-02-09 12:36:21,559 - INFO - 'NoneType' object is not subscriptable
2026-02-09 12:36:21,559 - INFO - Traceback (most recent call last):
  File "/home/runner/work/qqnews/qqnews/qq.py", line 128, in main
    for i in qq1["data"]["list"]:
             ~~~~~~~~~~~^^^^^^^^
TypeError: 'NoneType' object is not subscriptable

2026-02-09 14:04:49,573 - INFO - Total time taken: {'ret': 0, 'msg': 'success', 'data': None}
2026-02-09 14:04:49,573 - INFO - 'NoneType' object is not subscriptable
2026-02-09 14:04:49,574 - INFO - Traceback (most recent call last):
  File "/home/runner/work/qqnews/qqnews/qq.py", line 128, in main
    for i in qq1["data"]["list"]:
             ~~~~~~~~~~~^^^^^^^^
TypeError: 'NoneType' object is not subscriptable

2026-02-09 15:41:10,414 - INFO - Total time taken: {'ret': 0, 'msg': 'success', 'data': None}
2026-02-09 15:41:10,415 - INFO - 'NoneType' object is not subscriptable
2026-02-09 15:41:10,415 - INFO - Traceback (most recent call last):
  File "/home/runner/work/qqnews/qqnews/qq.py", line 128, in main
    for i in qq1["data"]["list"]:
             ~~~~~~~~~~~^^^^^^^^
TypeError: 'NoneType' object is not subscriptable

2026-02-09 17:39:53,427 - INFO - Total time taken: {'ret': 0, 'msg': 'success', 'data': None}
2026-02-09 17:39:53,428 - INFO - 'NoneType' object is not subscriptable
2026-02-09 17:39:53,428 - INFO - Traceback (most recent call last):
  File "/home/runner/work/qqnews/qqnews/qq.py", line 128, in main
    for i in qq1["data"]["list"]:
             ~~~~~~~~~~~^^^^^^^^
TypeError: 'NoneType' object is not subscriptable

