2025-08-11 00:47:35,936 - INFO - Total time taken: {'ret': 0, 'msg': 'success', 'data': None}
2025-08-11 00:47:35,936 - INFO - 'NoneType' object is not subscriptable
2025-08-11 00:47:35,936 - INFO - Traceback (most recent call last):
  File "/home/runner/work/qqnews/qqnews/qq.py", line 128, in main
    for i in qq1["data"]["list"]:
             ~~~~~~~~~~~^^^^^^^^
TypeError: 'NoneType' object is not subscriptable

2025-08-11 02:55:16,747 - INFO - Total time taken: {'ret': 0, 'msg': 'success', 'data': None}
2025-08-11 02:55:16,747 - INFO - 'NoneType' object is not subscriptable
2025-08-11 02:55:16,748 - INFO - Traceback (most recent call last):
  File "/home/runner/work/qqnews/qqnews/qq.py", line 128, in main
    for i in qq1["data"]["list"]:
             ~~~~~~~~~~~^^^^^^^^
TypeError: 'NoneType' object is not subscriptable

2025-08-11 03:59:03,081 - INFO - Total time taken: {'ret': 0, 'msg': 'success', 'data': None}
2025-08-11 03:59:03,081 - INFO - 'NoneType' object is not subscriptable
2025-08-11 03:59:03,082 - INFO - Traceback (most recent call last):
  File "/home/runner/work/qqnews/qqnews/qq.py", line 128, in main
    for i in qq1["data"]["list"]:
             ~~~~~~~~~~~^^^^^^^^
TypeError: 'NoneType' object is not subscriptable

2025-08-11 04:39:22,477 - INFO - Total time taken: {'ret': 0, 'msg': 'success', 'data': None}
2025-08-11 04:39:22,477 - INFO - 'NoneType' object is not subscriptable
2025-08-11 04:39:22,477 - INFO - Traceback (most recent call last):
  File "/home/runner/work/qqnews/qqnews/qq.py", line 128, in main
    for i in qq1["data"]["list"]:
             ~~~~~~~~~~~^^^^^^^^
TypeError: 'NoneType' object is not subscriptable

2025-08-11 05:18:48,568 - INFO - Total time taken: {'ret': 0, 'msg': 'success', 'data': None}
2025-08-11 05:18:48,568 - INFO - 'NoneType' object is not subscriptable
2025-08-11 05:18:48,568 - INFO - Traceback (most recent call last):
  File "/home/runner/work/qqnews/qqnews/qq.py", line 128, in main
    for i in qq1["data"]["list"]:
             ~~~~~~~~~~~^^^^^^^^
TypeError: 'NoneType' object is not subscriptable

2025-08-11 06:15:49,702 - INFO - Total time taken: {'ret': 0, 'msg': 'success', 'data': None}
2025-08-11 06:15:49,702 - INFO - 'NoneType' object is not subscriptable
2025-08-11 06:15:49,702 - INFO - Traceback (most recent call last):
  File "/home/runner/work/qqnews/qqnews/qq.py", line 128, in main
    for i in qq1["data"]["list"]:
             ~~~~~~~~~~~^^^^^^^^
TypeError: 'NoneType' object is not subscriptable

2025-08-11 07:15:39,452 - INFO - Total time taken: {'ret': 0, 'msg': 'success', 'data': None}
2025-08-11 07:15:39,452 - INFO - 'NoneType' object is not subscriptable
2025-08-11 07:15:39,453 - INFO - Traceback (most recent call last):
  File "/home/runner/work/qqnews/qqnews/qq.py", line 128, in main
    for i in qq1["data"]["list"]:
             ~~~~~~~~~~~^^^^^^^^
TypeError: 'NoneType' object is not subscriptable

2025-08-11 08:14:43,673 - INFO - Total time taken: {'ret': 0, 'msg': 'success', 'data': None}
2025-08-11 08:14:43,673 - INFO - 'NoneType' object is not subscriptable
2025-08-11 08:14:43,673 - INFO - Traceback (most recent call last):
  File "/home/runner/work/qqnews/qqnews/qq.py", line 128, in main
    for i in qq1["data"]["list"]:
             ~~~~~~~~~~~^^^^^^^^
TypeError: 'NoneType' object is not subscriptable

2025-08-11 09:14:55,755 - INFO - Total time taken: {'ret': 0, 'msg': 'success', 'data': None}
2025-08-11 09:14:55,755 - INFO - 'NoneType' object is not subscriptable
2025-08-11 09:14:55,755 - INFO - Traceback (most recent call last):
  File "/home/runner/work/qqnews/qqnews/qq.py", line 128, in main
    for i in qq1["data"]["list"]:
             ~~~~~~~~~~~^^^^^^^^
TypeError: 'NoneType' object is not subscriptable

2025-08-11 10:10:53,333 - INFO - Total time taken: {'ret': 0, 'msg': 'success', 'data': None}
2025-08-11 10:10:53,333 - INFO - 'NoneType' object is not subscriptable
2025-08-11 10:10:53,333 - INFO - Traceback (most recent call last):
  File "/home/runner/work/qqnews/qqnews/qq.py", line 128, in main
    for i in qq1["data"]["list"]:
             ~~~~~~~~~~~^^^^^^^^
TypeError: 'NoneType' object is not subscriptable

2025-08-11 11:09:05,575 - INFO - Total time taken: {'ret': 0, 'msg': 'success', 'data': None}
2025-08-11 11:09:05,575 - INFO - 'NoneType' object is not subscriptable
2025-08-11 11:09:05,576 - INFO - Traceback (most recent call last):
  File "/home/runner/work/qqnews/qqnews/qq.py", line 128, in main
    for i in qq1["data"]["list"]:
             ~~~~~~~~~~~^^^^^^^^
TypeError: 'NoneType' object is not subscriptable

