2025-07-24 00:44:43,909 - INFO - Total time taken: {'ret': 0, 'msg': 'success', 'data': None}
2025-07-24 00:44:43,910 - INFO - 'NoneType' object is not subscriptable
2025-07-24 00:44:43,910 - INFO - Traceback (most recent call last):
  File "/home/runner/work/qqnews/qqnews/qq.py", line 128, in main
    for i in qq1["data"]["list"]:
             ~~~~~~~~~~~^^^^^^^^
TypeError: 'NoneType' object is not subscriptable

2025-07-24 02:50:40,782 - INFO - Total time taken: {'ret': 0, 'msg': 'success', 'data': None}
2025-07-24 02:50:40,782 - INFO - 'NoneType' object is not subscriptable
2025-07-24 02:50:40,783 - INFO - Traceback (most recent call last):
  File "/home/runner/work/qqnews/qqnews/qq.py", line 128, in main
    for i in qq1["data"]["list"]:
             ~~~~~~~~~~~^^^^^^^^
TypeError: 'NoneType' object is not subscriptable

2025-07-24 03:54:17,577 - INFO - Total time taken: {'ret': 0, 'msg': 'success', 'data': None}
2025-07-24 03:54:17,578 - INFO - 'NoneType' object is not subscriptable
2025-07-24 03:54:17,578 - INFO - Traceback (most recent call last):
  File "/home/runner/work/qqnews/qqnews/qq.py", line 128, in main
    for i in qq1["data"]["list"]:
             ~~~~~~~~~~~^^^^^^^^
TypeError: 'NoneType' object is not subscriptable

2025-07-24 04:29:37,151 - INFO - Total time taken: {'ret': 0, 'msg': 'success', 'data': None}
2025-07-24 04:29:37,151 - INFO - 'NoneType' object is not subscriptable
2025-07-24 04:29:37,152 - INFO - Traceback (most recent call last):
  File "/home/runner/work/qqnews/qqnews/qq.py", line 128, in main
    for i in qq1["data"]["list"]:
             ~~~~~~~~~~~^^^^^^^^
TypeError: 'NoneType' object is not subscriptable

