2025-10-05 00:42:17,485 - INFO - Total time taken: {'ret': 0, 'msg': 'success', 'data': None}
2025-10-05 00:42:17,485 - INFO - 'NoneType' object is not subscriptable
2025-10-05 00:42:17,486 - INFO - Traceback (most recent call last):
  File "/home/runner/work/qqnews/qqnews/qq.py", line 128, in main
    for i in qq1["data"]["list"]:
             ~~~~~~~~~~~^^^^^^^^
TypeError: 'NoneType' object is not subscriptable

2025-10-05 02:23:47,857 - INFO - Total time taken: {'ret': 0, 'msg': 'success', 'data': None}
2025-10-05 02:23:47,857 - INFO - 'NoneType' object is not subscriptable
2025-10-05 02:23:47,857 - INFO - Traceback (most recent call last):
  File "/home/runner/work/qqnews/qqnews/qq.py", line 128, in main
    for i in qq1["data"]["list"]:
             ~~~~~~~~~~~^^^^^^^^
TypeError: 'NoneType' object is not subscriptable

2025-10-05 03:29:28,741 - INFO - Total time taken: {'ret': 0, 'msg': 'success', 'data': None}
2025-10-05 03:29:28,741 - INFO - 'NoneType' object is not subscriptable
2025-10-05 03:29:28,741 - INFO - Traceback (most recent call last):
  File "/home/runner/work/qqnews/qqnews/qq.py", line 128, in main
    for i in qq1["data"]["list"]:
             ~~~~~~~~~~~^^^^^^^^
TypeError: 'NoneType' object is not subscriptable

2025-10-05 04:01:32,604 - INFO - Total time taken: {'ret': 0, 'msg': 'success', 'data': None}
2025-10-05 04:01:32,604 - INFO - 'NoneType' object is not subscriptable
2025-10-05 04:01:32,605 - INFO - Traceback (most recent call last):
  File "/home/runner/work/qqnews/qqnews/qq.py", line 128, in main
    for i in qq1["data"]["list"]:
             ~~~~~~~~~~~^^^^^^^^
TypeError: 'NoneType' object is not subscriptable

2025-10-05 05:01:30,146 - INFO - Total time taken: {'ret': 0, 'msg': 'success', 'data': None}
2025-10-05 05:01:30,146 - INFO - 'NoneType' object is not subscriptable
2025-10-05 05:01:30,146 - INFO - Traceback (most recent call last):
  File "/home/runner/work/qqnews/qqnews/qq.py", line 128, in main
    for i in qq1["data"]["list"]:
             ~~~~~~~~~~~^^^^^^^^
TypeError: 'NoneType' object is not subscriptable

2025-10-05 06:01:12,817 - INFO - Total time taken: {'ret': 0, 'msg': 'success', 'data': None}
2025-10-05 06:01:12,817 - INFO - 'NoneType' object is not subscriptable
2025-10-05 06:01:12,817 - INFO - Traceback (most recent call last):
  File "/home/runner/work/qqnews/qqnews/qq.py", line 128, in main
    for i in qq1["data"]["list"]:
             ~~~~~~~~~~~^^^^^^^^
TypeError: 'NoneType' object is not subscriptable

2025-10-05 07:01:12,166 - INFO - Total time taken: {'ret': 0, 'msg': 'success', 'data': None}
2025-10-05 07:01:12,166 - INFO - 'NoneType' object is not subscriptable
2025-10-05 07:01:12,166 - INFO - Traceback (most recent call last):
  File "/home/runner/work/qqnews/qqnews/qq.py", line 128, in main
    for i in qq1["data"]["list"]:
             ~~~~~~~~~~~^^^^^^^^
TypeError: 'NoneType' object is not subscriptable

2025-10-05 08:01:21,020 - INFO - Total time taken: {'ret': 0, 'msg': 'success', 'data': None}
2025-10-05 08:01:21,021 - INFO - 'NoneType' object is not subscriptable
2025-10-05 08:01:21,021 - INFO - Traceback (most recent call last):
  File "/home/runner/work/qqnews/qqnews/qq.py", line 128, in main
    for i in qq1["data"]["list"]:
             ~~~~~~~~~~~^^^^^^^^
TypeError: 'NoneType' object is not subscriptable

2025-10-05 09:01:13,257 - INFO - Total time taken: {'ret': 0, 'msg': 'success', 'data': None}
2025-10-05 09:01:13,257 - INFO - 'NoneType' object is not subscriptable
2025-10-05 09:01:13,258 - INFO - Traceback (most recent call last):
  File "/home/runner/work/qqnews/qqnews/qq.py", line 128, in main
    for i in qq1["data"]["list"]:
             ~~~~~~~~~~~^^^^^^^^
TypeError: 'NoneType' object is not subscriptable

2025-10-05 10:01:10,861 - INFO - Total time taken: {'ret': 0, 'msg': 'success', 'data': None}
2025-10-05 10:01:10,861 - INFO - 'NoneType' object is not subscriptable
2025-10-05 10:01:10,861 - INFO - Traceback (most recent call last):
  File "/home/runner/work/qqnews/qqnews/qq.py", line 128, in main
    for i in qq1["data"]["list"]:
             ~~~~~~~~~~~^^^^^^^^
TypeError: 'NoneType' object is not subscriptable

2025-10-05 11:01:18,883 - INFO - Total time taken: {'ret': 0, 'msg': 'success', 'data': None}
2025-10-05 11:01:18,883 - INFO - 'NoneType' object is not subscriptable
2025-10-05 11:01:18,883 - INFO - Traceback (most recent call last):
  File "/home/runner/work/qqnews/qqnews/qq.py", line 128, in main
    for i in qq1["data"]["list"]:
             ~~~~~~~~~~~^^^^^^^^
TypeError: 'NoneType' object is not subscriptable

2025-10-05 12:13:35,560 - INFO - Total time taken: {'ret': 0, 'msg': 'success', 'data': None}
2025-10-05 12:13:35,560 - INFO - 'NoneType' object is not subscriptable
2025-10-05 12:13:35,561 - INFO - Traceback (most recent call last):
  File "/home/runner/work/qqnews/qqnews/qq.py", line 128, in main
    for i in qq1["data"]["list"]:
             ~~~~~~~~~~~^^^^^^^^
TypeError: 'NoneType' object is not subscriptable

2025-10-05 13:13:34,135 - INFO - Total time taken: {'ret': 0, 'msg': 'success', 'data': None}
2025-10-05 13:13:34,135 - INFO - 'NoneType' object is not subscriptable
2025-10-05 13:13:34,135 - INFO - Traceback (most recent call last):
  File "/home/runner/work/qqnews/qqnews/qq.py", line 128, in main
    for i in qq1["data"]["list"]:
             ~~~~~~~~~~~^^^^^^^^
TypeError: 'NoneType' object is not subscriptable

2025-10-05 14:01:13,899 - INFO - Total time taken: {'ret': 0, 'msg': 'success', 'data': None}
2025-10-05 14:01:13,900 - INFO - 'NoneType' object is not subscriptable
2025-10-05 14:01:13,900 - INFO - Traceback (most recent call last):
  File "/home/runner/work/qqnews/qqnews/qq.py", line 128, in main
    for i in qq1["data"]["list"]:
             ~~~~~~~~~~~^^^^^^^^
TypeError: 'NoneType' object is not subscriptable

2025-10-05 15:01:19,700 - INFO - Total time taken: {'ret': 0, 'msg': 'success', 'data': None}
2025-10-05 15:01:19,701 - INFO - 'NoneType' object is not subscriptable
2025-10-05 15:01:19,701 - INFO - Traceback (most recent call last):
  File "/home/runner/work/qqnews/qqnews/qq.py", line 128, in main
    for i in qq1["data"]["list"]:
             ~~~~~~~~~~~^^^^^^^^
TypeError: 'NoneType' object is not subscriptable

