2025-01-10 00:36:05,347 - INFO - EXPIRED
误触辐射源面临截肢，一个需要穿防护服的行业却乱象丛生
https://new.qq.com/rain/a/20250109A0123700

2025-01-10 00:36:05,347 - INFO - EXPIRED
韩邪教教主性侵被判17年 中国香港受害女孩：压力巨大 不后悔揭露罪行
https://new.qq.com/rain/a/20250109V08XRH00

2025-01-10 00:36:05,347 - INFO - EXPIRED
金价“飙升”、金店“落冷”，2025黄金还会是牛市吗
https://new.qq.com/rain/a/20250109A09BMJ00

2025-01-10 00:36:05,347 - INFO - EXPIRED
继续拱火？特朗普发了张“新地图”：美国、加拿大和丹麦格陵兰岛均用统一颜色标记
https://new.qq.com/rain/a/20250109A0868600

2025-01-10 00:36:05,347 - INFO - EXPIRED
“追赶中国海军规模”，美国海军砸下一万亿美元
https://new.qq.com/rain/a/20250109A09UBR00

2025-01-10 00:36:05,347 - INFO - EXPIRED
河南信阳一湿地公园有孩童溺亡 家属称落水水域铺满松针 多部门介入
https://new.qq.com/rain/a/20250109A09PFJ00

2025-01-10 00:36:05,347 - INFO - EXPIRED
受贿8.22亿，敛财横跨青海内蒙古新疆三地，李鹏新认罪
https://new.qq.com/rain/a/20250109A08JT600

2025-01-10 00:36:05,347 - INFO - EXPIRED
湖南洞庭湖发现两头死亡麋鹿，当地保护区管理局回应
https://new.qq.com/rain/a/20250109A09PQQ00

2025-01-10 00:36:05,347 - INFO - EXPIRED
中疾控报告最新猴痘疫情，首次监测到新变异株，传播力如何
https://new.qq.com/rain/a/20250109A09GGC00

2025-01-10 00:36:05,347 - INFO - EXPIRED
泰国警方还原王星案始末
https://new.qq.com/rain/a/20250109A0A17700

2025-01-10 00:36:05,347 - INFO - EXPIRED
卡特国葬仪式现场：特朗普、拜登与3名前总统出席 特朗普与奥巴马交谈
https://new.qq.com/rain/a/20250109V0A5JC00

2025-01-10 00:36:05,347 - INFO - EXPIRED
离任前，美驻日大使转脸来了句：美防务公司对美构成的风险比中国大
https://new.qq.com/rain/a/20250109A08W7B00

2025-01-10 00:36:05,347 - INFO - EXPIRED
湖南益阳一民房发生爆炸，官方：致2死1伤，原因正调查
https://new.qq.com/rain/a/20250109A0A21Q00

2025-01-10 00:36:05,347 - INFO - EXPIRED
陕西省榆林市人大常委会原副主任王效力被查，曾陷“被打事件”
https://new.qq.com/rain/a/20250109A073X400

2025-01-10 00:36:05,348 - INFO - EXPIRED
男性可打HPV疫苗了，但要说服他们接种容易吗
https://new.qq.com/rain/a/20250109A06PX500

2025-01-10 00:36:05,348 - INFO - EXPIRED
“9块9首付买房，一年房贷3.5万元”，广东中山楼市促销真相
https://new.qq.com/rain/a/20250109A05K0G00

2025-01-10 00:36:05,348 - INFO - EXPIRED
开发微信鸿蒙版，需要经历什么？
https://new.qq.com/rain/a/20250109A09LEO00

2025-01-10 00:36:05,348 - INFO - EXPIRED
AI生成的西藏地震受灾男童图片被疯传，AI生成图为何总是手指出破绽？
https://view.inews.qq.com/a/20250109Q03Z2R00

2025-01-10 00:36:05,348 - INFO - EXPIRED
泽连斯基，连干“三件大事”
https://new.qq.com/rain/a/20250109A04XID00

2025-01-10 00:36:05,348 - INFO - EXPIRED
广州花地湾地铁站出入口外形引发争议后被拆除，建设方：对4人进行处罚
https://new.qq.com/rain/a/20250109A08G5W00

2025-01-10 00:36:05,348 - INFO - EXPIRED
西藏自治区党委书记眼眶泛红，搂住村民连声安慰：“放心、放心，都会好起来”
https://new.qq.com/rain/a/20250109A09S0X00

2025-01-10 00:36:05,348 - INFO - EXPIRED
从“满门寡妇”中活下来为历史存证，又一位南京大屠杀幸存者离世
https://new.qq.com/rain/a/20250109A09QRZ00

2025-01-10 00:36:05,348 - INFO - EXPIRED
央行主管媒体：业内专家提醒当前市场对于货币宽松有抢跑之嫌
https://new.qq.com/rain/a/20250109A08WXE00

2025-01-10 00:36:05,348 - INFO - EXPIRED
华科大24岁毕业生失联3个月：手机最后定位缅甸邦康
https://new.qq.com/rain/a/20250109A07AA100

2025-01-10 00:36:05,348 - INFO - EXPIRED
“星星失联”给泰国游蒙阴影，“泰国安全吗”再成热议话题
https://new.qq.com/rain/a/20250109A09FUL00

2025-01-10 00:36:05,348 - INFO - EXPIRED
“缅甸被困人员家属求助文档”发起人发声：文档一度被关停，遭疑似电诈人员留言骚扰
https://new.qq.com/rain/a/20250109A08P6800

2025-01-10 00:36:05,348 - INFO - EXPIRED
黎巴嫩军队总司令约瑟夫·奥恩在总统选举中获胜
https://new.qq.com/rain/a/20250109A098CA00

2025-01-10 00:36:05,348 - INFO - EXPIRED
北极地区未来将成为“关键战场”，特朗普真能拿下格陵兰岛吗
https://new.qq.com/rain/a/20250109A08ROY00

2025-01-10 00:36:05,348 - INFO - EXPIRED
碧桂园境外债重组目标：减债116亿美元、展期至11.5年、利率降到2%
https://new.qq.com/rain/a/20250109A098D000

2025-01-10 00:36:05,348 - INFO - EXPIRED
2024年度A股IPO融资报告：融资额和新股数齐创十年冰点
https://new.qq.com/rain/a/20250109A08PDC00

2025-01-10 00:36:05,348 - INFO - EXPIRED
派伟俊&周杰伦全新作品《Six Degrees》首发上线！
https://new.qq.com/rain/a/20250109V08KUI00

2025-01-10 00:36:05,348 - INFO - EXPIRED
县城民营企业都在为火箭造零部件，中国商业航天上演“全民参与造火箭” 有何意义？
https://view.inews.qq.com/a/20250108Q04FQ700

2025-01-10 00:36:05,348 - INFO - EXPIRED
“颜十六”至少已骗4人赴泰：其微信状态异常，名下公司显示税收违法 警方已接到报案
https://new.qq.com/rain/a/20250109A07K4900

2025-01-10 00:36:05,348 - INFO - EXPIRED
应对特朗普关税威胁，加自然资源部长：美国很难找到加拿大关键矿产资源替代品
https://new.qq.com/rain/a/20250109A074QQ00

2025-01-10 00:36:05,348 - INFO - EXPIRED
河南网友称行政中心“下午4点空无一人”，镇政府：没人他咋进去的
https://new.qq.com/rain/a/20250109A06J3W00

2025-01-10 00:36:05,348 - INFO - EXPIRED
外媒：中国航司正迅速填补西方空缺
https://new.qq.com/rain/a/20250109A0702T00

2025-01-10 00:36:05,348 - INFO - EXPIRED
被困缅甸求救文档已有400多条人员信息，发起人称想聚沙成塔
https://new.qq.com/rain/a/20250109A08BL400

2025-01-10 00:36:05,348 - INFO - EXPIRED
全无意外，“国泰君安+海通”成功过会，只待监管批文下发
https://new.qq.com/rain/a/20250109A07SE200

2025-01-10 00:36:05,348 - INFO - EXPIRED
拜登呼吁特朗普上任后不要搞“清算”
https://new.qq.com/rain/a/20250109A0629R00

2025-01-10 00:36:05,348 - INFO - EXPIRED
“她们说自己遭武装挟持了”，两名女孩被带入缅甸诈骗园区后失联
https://new.qq.com/rain/a/20250109A06HIP00

2025-01-10 00:36:05,348 - INFO - EXPIRED
首个“国字号的民间社团”，中国足协主席宋凯：中足联已获批准成立
https://new.qq.com/rain/a/20250109A06CLF00

2025-01-10 00:36:05,348 - INFO - EXPIRED
湘潭大学宿舍投毒案细节曝光：目标是另一个室友，死者误食被投毒麦片
https://new.qq.com/rain/a/20250109A065EI00

2025-01-10 00:36:05,348 - INFO - EXPIRED
核心CPI连续回升！专家：一揽子增量政策和存量政策对总需求有所提振
https://new.qq.com/rain/a/20250109A079S400

2025-01-10 00:36:05,348 - INFO - EXPIRED
股市播报｜港股收评：恒生科技指数涨0.1%，航空、黄金股涨幅居前
https://new.qq.com/rain/a/20250109A024BH00

2025-01-10 00:36:05,348 - INFO - EXPIRED
河南乒协主席被纪委带走？乒协回应：因健康原因暂由他人主持日常工作
https://new.qq.com/rain/a/20250109A06BU200

2025-01-10 00:36:05,348 - INFO - EXPIRED
哪吒汽车创始人被限消，此前出现官网异常，哪吒现状如何？会步极越后尘吗？
https://view.inews.qq.com/a/20250109Q04TED00

2025-01-10 00:36:05,348 - INFO - EXPIRED
山西两名大学生骑车穿越汾河冰面掉进冰洞，一人遇难，另一人正搜救
https://new.qq.com/rain/a/20250109A05LFQ00

2025-01-10 00:36:05,348 - INFO - EXPIRED
马斯克：特斯拉机器人产量明年或增10倍 已有3名患者植入脑机芯片
https://new.qq.com/rain/a/20250109A05ACT00

2025-01-10 00:36:05,348 - INFO - EXPIRED
美客机起落架轮舱内发现尸体，他们怎么进去的？起飞前检测不到吗？
https://view.inews.qq.com/a/20250109Q0594T00

2025-01-10 00:36:05,348 - INFO - EXPIRED
湖南吉首市委书记喊话执法部门：不是看执了多少法，而是解决多少矛盾
https://new.qq.com/rain/a/20250109A05H5W00

2025-01-10 00:36:05,348 - INFO - EXPIRED
我国发现一起猴痘聚集性疫情，传染源为外籍人员，多省市开展流调溯源
https://new.qq.com/rain/a/20250109A03YON00

2025-01-10 00:36:05,348 - INFO - EXPIRED
格林纳达总理米切尔将访华
https://new.qq.com/rain/a/20250109A05RCH00

2025-01-10 00:36:05,348 - INFO - EXPIRED
国家发改委：加快培育一批银发经济龙头企业 推动银发经济向多元业态发展
https://new.qq.com/rain/a/20250109A061CA00

2025-01-10 00:36:05,348 - INFO - EXPIRED
“她又不会怀孕 我用啥避孕套” 疾控：老年人感染艾滋病占比持续上升
https://new.qq.com/rain/a/20250108A060ME00

2025-01-10 00:36:05,348 - INFO - EXPIRED
7岁男孩因啃手指感染细菌得骨髓炎，可能是什么细菌感染？
https://view.inews.qq.com/a/20250108Q09FK300

2025-01-10 00:36:05,348 - INFO - EXPIRED
内蒙古呼和浩特市发生一起交通事故 已致4死2伤
https://new.qq.com/rain/a/20250109A04PNW00

2025-01-10 00:36:05,348 - INFO - EXPIRED
应对特朗普关税威胁 加拿大拟对美国商品征收报复性关税
https://new.qq.com/rain/a/20250109A04EW400

2025-01-10 00:36:05,348 - INFO - EXPIRED
收到刘强东的万元红包要缴个税吗？官方：个人发的不征税
https://new.qq.com/rain/a/20250109A0318E00

2025-01-10 00:36:05,348 - INFO - EXPIRED
美主持人与加省长谈“合并”：人人都想成为美国公民，你们却感到反感
https://new.qq.com/rain/a/20250108A092EL00

2025-01-10 00:36:05,348 - INFO - EXPIRED
浙江大学一女生用AI学术造假被麻省理工退学，本人发文致歉
https://new.qq.com/rain/a/20250109A03NC300

2025-01-10 00:36:05,348 - INFO - EXPIRED
据媒体报道泽连斯基已决定参与竞选连任乌克兰总统
https://new.qq.com/rain/a/20250109A04N6S00

2025-01-10 00:36:05,348 - INFO - EXPIRED
19岁女大学生离校失联9天 成都公安通报寻人
https://new.qq.com/rain/a/20250109A04IHD00

2025-01-10 00:36:05,348 - INFO - EXPIRED
哪吒汽车创始人方运舟被限制高消费，因涉劳动争议
https://new.qq.com/rain/a/20250109A03HOZ00

2025-01-10 00:36:05,348 - INFO - EXPIRED
巴拿马运河负责人：特朗普的要求只会制造混乱，对中国指控是无稽之谈
https://new.qq.com/rain/a/20250109A03T9A00

2025-01-10 00:36:05,348 - INFO - EXPIRED
比亚迪APP崩了？客服：云服务系统异常所致，现已恢复
https://new.qq.com/rain/a/20250109A046OZ00

2025-01-10 00:36:05,348 - INFO - EXPIRED
赶在“中国六代机”和076型露面之际“威慑中国”？法国航母不尴尬吗？
https://new.qq.com/rain/a/20250108A0AOAC00

2025-01-10 00:36:05,348 - INFO - EXPIRED
翻车、抽象、塌房，2024十大直播战役，赚了我们多少钱
https://new.qq.com/rain/a/20250109A03L2E00

2025-01-10 00:36:05,348 - INFO - EXPIRED
特朗普提议墨西哥湾更名，墨总统回应：提议北美洲更名“墨西哥美洲”
https://new.qq.com/rain/a/20250109A04DCB00

2025-01-10 00:36:05,349 - INFO - EXPIRED
中国锂储量惊人增长，全球排名第二
https://new.qq.com/rain/a/20250109A03Y9800

2025-01-10 00:36:05,349 - INFO - EXPIRED
美国贸易代表办公室公布2024年恶名市场名单，腾讯微信被移除名单
https://new.qq.com/rain/a/20250109A02IGH00

2025-01-10 00:36:05,349 - INFO - EXPIRED
2025年英雄联盟电竞赛事计划公布，S15落地北京、上海、成都
https://new.qq.com/rain/a/20250109A0449P00

2025-01-10 00:36:05,349 - INFO - EXPIRED
美客机起落架舱内发现两具男尸：死后可能经历多次飞行才被发现
https://new.qq.com/rain/a/20250109A02YN700

2025-01-10 00:36:05,349 - INFO - EXPIRED
剧变一个月后，叙利亚现在怎么样
https://new.qq.com/rain/a/20250108A08U3U00

2025-01-10 00:36:05,349 - INFO - EXPIRED
现场：特朗普与夫人抵达美国国会大厦 在卡特灵柩前表达敬意
https://new.qq.com/rain/a/20250109V02NZ000

2025-01-10 00:36:05,349 - INFO - EXPIRED
传上汽和华为官宣合作，知情人士称“只是工作会议”
https://new.qq.com/rain/a/20250109A02X5L00

2025-01-10 00:36:05,349 - INFO - EXPIRED
微软计划2025年继续裁员 这次瞄准业绩表现不佳的员工
https://new.qq.com/rain/a/20250109A03BNL00

2025-01-10 00:36:05,349 - INFO - EXPIRED
贵州省纪委原副书记张平被公诉，曾长期与私营企业主深度“捆绑”
https://new.qq.com/rain/a/20250109A035IV00

2025-01-10 00:36:05,349 - INFO - EXPIRED
一村主任肆意残害群众获刑25年 整治“村霸”典型案例发布
https://new.qq.com/rain/a/20250109A02QBB00

2025-01-10 00:36:05,349 - INFO - EXPIRED
头疼、眼睛疼、掉头发，去医院后她们发现自己患上“不死癌症”
https://new.qq.com/rain/a/20250109A022EL00

2025-01-10 00:36:05,349 - INFO - EXPIRED
理想、问界来势汹汹，MPV卖不动了？比亚迪夏上市再当“价格屠夫”
https://new.qq.com/rain/a/20250109A02JTS00

2025-01-10 00:36:05,349 - INFO - EXPIRED
中方呼吁叙利亚履行反恐义务
https://new.qq.com/rain/a/20250109A0152F00

2025-01-10 00:36:05,349 - INFO - EXPIRED
中国芯片的2025：洗牌、反围堵、“死磕28nm”练内功
https://new.qq.com/rain/a/20250108A095DG00

2025-01-10 00:36:05,349 - INFO - EXPIRED
2024年12月CPI同比涨0.1%，猪肉价格涨12.5%
https://new.qq.com/rain/a/20250109A02I3X00

2025-01-10 00:36:05,349 - INFO - EXPIRED
重返尔滨：价格下滑一半，商家开始焦虑
https://new.qq.com/rain/a/20250109A02OMY00

2025-01-10 00:36:05,349 - INFO - EXPIRED
张雪峰称女儿去哪，过亿存款就存哪，公司现金存银行会考虑哪些因素？
https://view.inews.qq.com/a/20250108Q0AI9L00

2025-01-10 00:36:05,349 - INFO - EXPIRED
商务部：欧盟对中国企业调查中采取的相关做法构成贸易投资壁垒
https://new.qq.com/rain/a/20250109A025TA00

2025-01-10 00:36:05,349 - INFO - EXPIRED
乌军155旅士兵大规模逃亡丑闻曝光后，乌克兰想动员海外侨民
https://new.qq.com/rain/a/20250109A01DDZ00

2025-01-10 00:36:05,349 - INFO - EXPIRED
美联储纪要显示通胀风险加剧，美股徘徊不前，中概股全面下挫
https://new.qq.com/rain/a/20250109A01C8P00

2025-01-10 00:36:05,349 - INFO - EXPIRED
演员王星失联获救，女友上网求助引关注，她的哪些操作对救援很有用？
https://view.inews.qq.com/a/20250108Q06X6Y00

2025-01-10 00:36:05,349 - INFO - EXPIRED
将于本月内生效！泰国颁布紧急法令打击网络诈骗
https://new.qq.com/rain/a/20250109A01CT500

2025-01-10 00:36:05,349 - INFO - EXPIRED
航空兵讲述惊险驱离外机：“没有其他想法，要把它赶出去！”
https://new.qq.com/rain/a/20250109V019SV00

2025-01-10 00:36:05,349 - INFO - EXPIRED
深夜官宣！周红斌主动投案
https://new.qq.com/rain/a/20250109A00RUN00

2025-01-10 00:36:05,349 - INFO - EXPIRED
云南3岁女童被狗群撕咬缝合300多针仍昏迷！父亲：已报案，网络筹款30万
https://new.qq.com/rain/a/20250108A08UVG00

2025-01-10 00:36:05,349 - INFO - EXPIRED
SpaceX星舰“七飞”计划于1月14日进行，将发射10颗模拟卫星
https://new.qq.com/rain/a/20250109A01GB400

2025-01-10 00:36:05,349 - INFO - EXPIRED
深入学习贯彻中央经济工作会议精神 凝心聚力推动经济持续回升向好
https://new.qq.com/rain/a/20250109A018MR00

2025-01-10 00:36:05,349 - INFO - EXPIRED
地震男孩被埋图是AI生成的，平台是否有提示义务？AI能审出AI图吗？
https://view.inews.qq.com/a/20250108Q09FTM00

2025-01-10 00:36:05,349 - INFO - EXPIRED
中国将迎来首个万亿消费地级市，苏州正在突破“天花板”
https://new.qq.com/rain/a/20250108A0ANM600

2025-01-10 00:36:05,349 - INFO - EXPIRED
斯洛伐克总理称将处理乌克兰停止俄天然气过境问题
https://new.qq.com/rain/a/20250109A015VT00

2025-01-10 00:36:05,349 - INFO - EXPIRED
美国务卿批评特朗普有关格陵兰岛提议不切实际
https://new.qq.com/rain/a/20250109A0118F00

2025-01-10 00:36:06,593 - ERROR - ERROR
人赃俱获！境外间谍企图窃取我沿海海岛军事秘密当场被抓
https://new.qq.com/rain/a/20250110A00Q5T00
('list index out of range',)
======
Traceback (most recent call last):
  File "/home/runner/work/qqnews/qqnews/qq.py", line 81, in process_article
    ss = str(tmpbs.select("div.LEFT div.content.clearfix")[0])
             ~~~~~~~~~~~~~~~~~~~~~~~~~~~~~~~~~~~~~~~~~~~~~^^^
IndexError: list index out of range


2025-01-10 02:12:31,566 - INFO - EXPIRED
深圳南山4年级期末试卷太难延时20分钟，中学老师：我都写不完
https://new.qq.com/rain/a/20250109A09OR500

2025-01-10 02:12:31,566 - INFO - EXPIRED
误触辐射源面临截肢，一个需要穿防护服的行业却乱象丛生
https://new.qq.com/rain/a/20250109A0123700

2025-01-10 02:12:31,566 - INFO - EXPIRED
小学期末考试结束后，深圳家长“金句”频出，原因竟是……
https://new.qq.com/rain/a/20250109A09IY100

2025-01-10 02:12:31,566 - INFO - EXPIRED
韩邪教教主性侵被判17年 中国香港受害女孩：压力巨大 不后悔揭露罪行
https://new.qq.com/rain/a/20250109V08XRH00

2025-01-10 02:12:31,566 - INFO - EXPIRED
金价“飙升”、金店“落冷”，2025黄金还会是牛市吗
https://new.qq.com/rain/a/20250109A09BMJ00

2025-01-10 02:12:31,566 - INFO - EXPIRED
继续拱火？特朗普发了张“新地图”：美国、加拿大和丹麦格陵兰岛均用统一颜色标记
https://new.qq.com/rain/a/20250109A0868600

2025-01-10 02:12:31,566 - INFO - EXPIRED
“追赶中国海军规模”，美国海军砸下一万亿美元
https://new.qq.com/rain/a/20250109A09UBR00

2025-01-10 02:12:31,566 - INFO - EXPIRED
河南信阳一湿地公园有孩童溺亡 家属称落水水域铺满松针 多部门介入
https://new.qq.com/rain/a/20250109A09PFJ00

2025-01-10 02:12:31,566 - INFO - EXPIRED
受贿8.22亿，敛财横跨青海内蒙古新疆三地，李鹏新认罪
https://new.qq.com/rain/a/20250109A08JT600

2025-01-10 02:12:31,566 - INFO - EXPIRED
湖南洞庭湖发现两头死亡麋鹿，当地保护区管理局回应
https://new.qq.com/rain/a/20250109A09PQQ00

2025-01-10 02:12:31,566 - INFO - EXPIRED
中疾控报告最新猴痘疫情，首次监测到新变异株，传播力如何
https://new.qq.com/rain/a/20250109A09GGC00

2025-01-10 02:12:31,566 - INFO - EXPIRED
泰国警方还原王星案始末
https://new.qq.com/rain/a/20250109A0A17700

2025-01-10 02:12:31,566 - INFO - EXPIRED
卡特国葬仪式现场：特朗普、拜登与3名前总统出席 特朗普与奥巴马交谈
https://new.qq.com/rain/a/20250109V0A5JC00

2025-01-10 02:12:31,566 - INFO - EXPIRED
离任前，美驻日大使转脸来了句：美防务公司对美构成的风险比中国大
https://new.qq.com/rain/a/20250109A08W7B00

2025-01-10 02:12:31,566 - INFO - EXPIRED
湖南益阳一民房发生爆炸，官方：致2死1伤，原因正调查
https://new.qq.com/rain/a/20250109A0A21Q00

2025-01-10 02:12:31,566 - INFO - EXPIRED
陕西省榆林市人大常委会原副主任王效力被查，曾陷“被打事件”
https://new.qq.com/rain/a/20250109A073X400

2025-01-10 02:12:31,566 - INFO - EXPIRED
男性可打HPV疫苗了，但要说服他们接种容易吗
https://new.qq.com/rain/a/20250109A06PX500

2025-01-10 02:12:31,566 - INFO - EXPIRED
“9块9首付买房，一年房贷3.5万元”，广东中山楼市促销真相
https://new.qq.com/rain/a/20250109A05K0G00

2025-01-10 02:12:31,566 - INFO - EXPIRED
开发微信鸿蒙版，需要经历什么？
https://new.qq.com/rain/a/20250109A09LEO00

2025-01-10 02:12:31,566 - INFO - EXPIRED
AI生成的西藏地震受灾男童图片被疯传，AI生成图为何总是手指出破绽？
https://view.inews.qq.com/a/20250109Q03Z2R00

2025-01-10 02:12:31,567 - INFO - EXPIRED
泽连斯基，连干“三件大事”
https://new.qq.com/rain/a/20250109A04XID00

2025-01-10 02:12:31,567 - INFO - EXPIRED
广州花地湾地铁站出入口外形引发争议后被拆除，建设方：对4人进行处罚
https://new.qq.com/rain/a/20250109A08G5W00

2025-01-10 02:12:31,567 - INFO - EXPIRED
西藏自治区党委书记眼眶泛红，搂住村民连声安慰：“放心、放心，都会好起来”
https://new.qq.com/rain/a/20250109A09S0X00

2025-01-10 02:12:31,567 - INFO - EXPIRED
从“满门寡妇”中活下来为历史存证，又一位南京大屠杀幸存者离世
https://new.qq.com/rain/a/20250109A09QRZ00

2025-01-10 02:12:31,567 - INFO - EXPIRED
央行主管媒体：业内专家提醒当前市场对于货币宽松有抢跑之嫌
https://new.qq.com/rain/a/20250109A08WXE00

2025-01-10 02:12:31,567 - INFO - EXPIRED
华科大24岁毕业生失联3个月：手机最后定位缅甸邦康
https://new.qq.com/rain/a/20250109A07AA100

2025-01-10 02:12:31,567 - INFO - EXPIRED
“星星失联”给泰国游蒙阴影，“泰国安全吗”再成热议话题
https://new.qq.com/rain/a/20250109A09FUL00

2025-01-10 02:12:31,567 - INFO - EXPIRED
“缅甸被困人员家属求助文档”发起人发声：文档一度被关停，遭疑似电诈人员留言骚扰
https://new.qq.com/rain/a/20250109A08P6800

2025-01-10 02:12:31,567 - INFO - EXPIRED
黎巴嫩军队总司令约瑟夫·奥恩在总统选举中获胜
https://new.qq.com/rain/a/20250109A098CA00

2025-01-10 02:12:31,567 - INFO - EXPIRED
北极地区未来将成为“关键战场”，特朗普真能拿下格陵兰岛吗
https://new.qq.com/rain/a/20250109A08ROY00

2025-01-10 02:12:31,567 - INFO - EXPIRED
碧桂园境外债重组目标：减债116亿美元、展期至11.5年、利率降到2%
https://new.qq.com/rain/a/20250109A098D000

2025-01-10 02:12:31,567 - INFO - EXPIRED
2024年度A股IPO融资报告：融资额和新股数齐创十年冰点
https://new.qq.com/rain/a/20250109A08PDC00

2025-01-10 02:12:31,567 - INFO - EXPIRED
派伟俊&周杰伦全新作品《Six Degrees》首发上线！
https://new.qq.com/rain/a/20250109V08KUI00

2025-01-10 02:12:31,567 - INFO - EXPIRED
县城民营企业都在为火箭造零部件，中国商业航天上演“全民参与造火箭” 有何意义？
https://view.inews.qq.com/a/20250108Q04FQ700

2025-01-10 02:12:31,567 - INFO - EXPIRED
“颜十六”至少已骗4人赴泰：其微信状态异常，名下公司显示税收违法 警方已接到报案
https://new.qq.com/rain/a/20250109A07K4900

2025-01-10 02:12:31,567 - INFO - EXPIRED
应对特朗普关税威胁，加自然资源部长：美国很难找到加拿大关键矿产资源替代品
https://new.qq.com/rain/a/20250109A074QQ00

2025-01-10 02:12:31,567 - INFO - EXPIRED
河南网友称行政中心“下午4点空无一人”，镇政府：没人他咋进去的
https://new.qq.com/rain/a/20250109A06J3W00

2025-01-10 02:12:31,567 - INFO - EXPIRED
外媒：中国航司正迅速填补西方空缺
https://new.qq.com/rain/a/20250109A0702T00

2025-01-10 02:12:31,567 - INFO - EXPIRED
被困缅甸求救文档已有400多条人员信息，发起人称想聚沙成塔
https://new.qq.com/rain/a/20250109A08BL400

2025-01-10 02:12:31,567 - INFO - EXPIRED
全无意外，“国泰君安+海通”成功过会，只待监管批文下发
https://new.qq.com/rain/a/20250109A07SE200

2025-01-10 02:12:31,567 - INFO - EXPIRED
拜登呼吁特朗普上任后不要搞“清算”
https://new.qq.com/rain/a/20250109A0629R00

2025-01-10 02:12:31,567 - INFO - EXPIRED
“她们说自己遭武装挟持了”，两名女孩被带入缅甸诈骗园区后失联
https://new.qq.com/rain/a/20250109A06HIP00

2025-01-10 02:12:31,567 - INFO - EXPIRED
首个“国字号的民间社团”，中国足协主席宋凯：中足联已获批准成立
https://new.qq.com/rain/a/20250109A06CLF00

2025-01-10 02:12:31,567 - INFO - EXPIRED
湘潭大学宿舍投毒案细节曝光：目标是另一个室友，死者误食被投毒麦片
https://new.qq.com/rain/a/20250109A065EI00

2025-01-10 02:12:31,567 - INFO - EXPIRED
核心CPI连续回升！专家：一揽子增量政策和存量政策对总需求有所提振
https://new.qq.com/rain/a/20250109A079S400

2025-01-10 02:12:31,567 - INFO - EXPIRED
股市播报｜港股收评：恒生科技指数涨0.1%，航空、黄金股涨幅居前
https://new.qq.com/rain/a/20250109A024BH00

2025-01-10 02:12:31,567 - INFO - EXPIRED
河南乒协主席被纪委带走？乒协回应：因健康原因暂由他人主持日常工作
https://new.qq.com/rain/a/20250109A06BU200

2025-01-10 02:12:31,567 - INFO - EXPIRED
哪吒汽车创始人被限消，此前出现官网异常，哪吒现状如何？会步极越后尘吗？
https://view.inews.qq.com/a/20250109Q04TED00

2025-01-10 02:12:31,567 - INFO - EXPIRED
山西两名大学生骑车穿越汾河冰面掉进冰洞，一人遇难，另一人正搜救
https://new.qq.com/rain/a/20250109A05LFQ00

2025-01-10 02:12:31,567 - INFO - EXPIRED
马斯克：特斯拉机器人产量明年或增10倍 已有3名患者植入脑机芯片
https://new.qq.com/rain/a/20250109A05ACT00

2025-01-10 02:12:31,567 - INFO - EXPIRED
美客机起落架轮舱内发现尸体，他们怎么进去的？起飞前检测不到吗？
https://view.inews.qq.com/a/20250109Q0594T00

2025-01-10 02:12:31,567 - INFO - EXPIRED
湖南吉首市委书记喊话执法部门：不是看执了多少法，而是解决多少矛盾
https://new.qq.com/rain/a/20250109A05H5W00

2025-01-10 02:12:31,567 - INFO - EXPIRED
我国发现一起猴痘聚集性疫情，传染源为外籍人员，多省市开展流调溯源
https://new.qq.com/rain/a/20250109A03YON00

2025-01-10 02:12:31,567 - INFO - EXPIRED
格林纳达总理米切尔将访华
https://new.qq.com/rain/a/20250109A05RCH00

2025-01-10 02:12:31,567 - INFO - EXPIRED
国家发改委：加快培育一批银发经济龙头企业 推动银发经济向多元业态发展
https://new.qq.com/rain/a/20250109A061CA00

2025-01-10 02:12:31,567 - INFO - EXPIRED
“她又不会怀孕 我用啥避孕套” 疾控：老年人感染艾滋病占比持续上升
https://new.qq.com/rain/a/20250108A060ME00

2025-01-10 02:12:31,567 - INFO - EXPIRED
7岁男孩因啃手指感染细菌得骨髓炎，可能是什么细菌感染？
https://view.inews.qq.com/a/20250108Q09FK300

2025-01-10 02:12:31,567 - INFO - EXPIRED
内蒙古呼和浩特市发生一起交通事故 已致4死2伤
https://new.qq.com/rain/a/20250109A04PNW00

2025-01-10 02:12:31,567 - INFO - EXPIRED
应对特朗普关税威胁 加拿大拟对美国商品征收报复性关税
https://new.qq.com/rain/a/20250109A04EW400

2025-01-10 02:12:31,567 - INFO - EXPIRED
收到刘强东的万元红包要缴个税吗？官方：个人发的不征税
https://new.qq.com/rain/a/20250109A0318E00

2025-01-10 02:12:31,567 - INFO - EXPIRED
美主持人与加省长谈“合并”：人人都想成为美国公民，你们却感到反感
https://new.qq.com/rain/a/20250108A092EL00

2025-01-10 02:12:31,567 - INFO - EXPIRED
浙江大学一女生用AI学术造假被麻省理工退学，本人发文致歉
https://new.qq.com/rain/a/20250109A03NC300

2025-01-10 02:12:31,567 - INFO - EXPIRED
据媒体报道泽连斯基已决定参与竞选连任乌克兰总统
https://new.qq.com/rain/a/20250109A04N6S00

2025-01-10 02:12:31,567 - INFO - EXPIRED
19岁女大学生离校失联9天 成都公安通报寻人
https://new.qq.com/rain/a/20250109A04IHD00

2025-01-10 02:12:31,567 - INFO - EXPIRED
哪吒汽车创始人方运舟被限制高消费，因涉劳动争议
https://new.qq.com/rain/a/20250109A03HOZ00

2025-01-10 02:12:31,567 - INFO - EXPIRED
巴拿马运河负责人：特朗普的要求只会制造混乱，对中国指控是无稽之谈
https://new.qq.com/rain/a/20250109A03T9A00

2025-01-10 02:12:31,567 - INFO - EXPIRED
比亚迪APP崩了？客服：云服务系统异常所致，现已恢复
https://new.qq.com/rain/a/20250109A046OZ00

2025-01-10 02:12:31,567 - INFO - EXPIRED
赶在“中国六代机”和076型露面之际“威慑中国”？法国航母不尴尬吗？
https://new.qq.com/rain/a/20250108A0AOAC00

2025-01-10 02:12:31,567 - INFO - EXPIRED
翻车、抽象、塌房，2024十大直播战役，赚了我们多少钱
https://new.qq.com/rain/a/20250109A03L2E00

2025-01-10 02:12:31,567 - INFO - EXPIRED
特朗普提议墨西哥湾更名，墨总统回应：提议北美洲更名“墨西哥美洲”
https://new.qq.com/rain/a/20250109A04DCB00

2025-01-10 02:12:31,568 - INFO - EXPIRED
中国锂储量惊人增长，全球排名第二
https://new.qq.com/rain/a/20250109A03Y9800

2025-01-10 02:12:31,568 - INFO - EXPIRED
美国贸易代表办公室公布2024年恶名市场名单，腾讯微信被移除名单
https://new.qq.com/rain/a/20250109A02IGH00

2025-01-10 02:12:31,568 - INFO - EXPIRED
2025年英雄联盟电竞赛事计划公布，S15落地北京、上海、成都
https://new.qq.com/rain/a/20250109A0449P00

2025-01-10 02:12:31,568 - INFO - EXPIRED
美客机起落架舱内发现两具男尸：死后可能经历多次飞行才被发现
https://new.qq.com/rain/a/20250109A02YN700

2025-01-10 02:12:31,568 - INFO - EXPIRED
剧变一个月后，叙利亚现在怎么样
https://new.qq.com/rain/a/20250108A08U3U00

2025-01-10 02:12:31,568 - INFO - EXPIRED
现场：特朗普与夫人抵达美国国会大厦 在卡特灵柩前表达敬意
https://new.qq.com/rain/a/20250109V02NZ000

2025-01-10 02:12:31,568 - INFO - EXPIRED
传上汽和华为官宣合作，知情人士称“只是工作会议”
https://new.qq.com/rain/a/20250109A02X5L00

2025-01-10 02:12:31,568 - INFO - EXPIRED
微软计划2025年继续裁员 这次瞄准业绩表现不佳的员工
https://new.qq.com/rain/a/20250109A03BNL00

2025-01-10 02:12:31,568 - INFO - EXPIRED
贵州省纪委原副书记张平被公诉，曾长期与私营企业主深度“捆绑”
https://new.qq.com/rain/a/20250109A035IV00

2025-01-10 02:12:31,568 - INFO - EXPIRED
一村主任肆意残害群众获刑25年 整治“村霸”典型案例发布
https://new.qq.com/rain/a/20250109A02QBB00

2025-01-10 02:12:31,568 - INFO - EXPIRED
头疼、眼睛疼、掉头发，去医院后她们发现自己患上“不死癌症”
https://new.qq.com/rain/a/20250109A022EL00

2025-01-10 02:12:31,568 - INFO - EXPIRED
理想、问界来势汹汹，MPV卖不动了？比亚迪夏上市再当“价格屠夫”
https://new.qq.com/rain/a/20250109A02JTS00

2025-01-10 02:12:31,568 - INFO - EXPIRED
中方呼吁叙利亚履行反恐义务
https://new.qq.com/rain/a/20250109A0152F00

2025-01-10 02:12:31,568 - INFO - EXPIRED
中国芯片的2025：洗牌、反围堵、“死磕28nm”练内功
https://new.qq.com/rain/a/20250108A095DG00

2025-01-10 02:12:31,568 - INFO - EXPIRED
2024年12月CPI同比涨0.1%，猪肉价格涨12.5%
https://new.qq.com/rain/a/20250109A02I3X00

2025-01-10 02:12:31,568 - INFO - EXPIRED
重返尔滨：价格下滑一半，商家开始焦虑
https://new.qq.com/rain/a/20250109A02OMY00

2025-01-10 02:12:31,568 - INFO - EXPIRED
张雪峰称女儿去哪，过亿存款就存哪，公司现金存银行会考虑哪些因素？
https://view.inews.qq.com/a/20250108Q0AI9L00

2025-01-10 02:12:31,568 - INFO - EXPIRED
商务部：欧盟对中国企业调查中采取的相关做法构成贸易投资壁垒
https://new.qq.com/rain/a/20250109A025TA00

2025-01-10 02:12:31,568 - INFO - EXPIRED
乌军155旅士兵大规模逃亡丑闻曝光后，乌克兰想动员海外侨民
https://new.qq.com/rain/a/20250109A01DDZ00

2025-01-10 02:12:31,568 - INFO - EXPIRED
美联储纪要显示通胀风险加剧，美股徘徊不前，中概股全面下挫
https://new.qq.com/rain/a/20250109A01C8P00

2025-01-10 02:12:31,568 - INFO - EXPIRED
演员王星失联获救，女友上网求助引关注，她的哪些操作对救援很有用？
https://view.inews.qq.com/a/20250108Q06X6Y00

2025-01-10 02:12:31,568 - INFO - EXPIRED
将于本月内生效！泰国颁布紧急法令打击网络诈骗
https://new.qq.com/rain/a/20250109A01CT500

2025-01-10 02:12:31,568 - INFO - EXPIRED
航空兵讲述惊险驱离外机：“没有其他想法，要把它赶出去！”
https://new.qq.com/rain/a/20250109V019SV00

2025-01-10 02:12:31,568 - INFO - EXPIRED
深夜官宣！周红斌主动投案
https://new.qq.com/rain/a/20250109A00RUN00

2025-01-10 02:12:32,994 - ERROR - ERROR
中国人民银行决定阶段性暂停在公开市场买入国债
https://new.qq.com/rain/a/20250110A025JH00
('list index out of range',)
======
Traceback (most recent call last):
  File "/home/runner/work/qqnews/qqnews/qq.py", line 81, in process_article
    ss = str(tmpbs.select("div.LEFT div.content.clearfix")[0])
             ~~~~~~~~~~~~~~~~~~~~~~~~~~~~~~~~~~~~~~~~~~~~~^^^
IndexError: list index out of range


2025-01-10 02:12:32,999 - ERROR - ERROR
广州知名月子中心一夜之间人去楼空，留下的产妇们“没饭吃没水喝”
https://new.qq.com/rain/a/20250110A00RYW00
('list index out of range',)
======
Traceback (most recent call last):
  File "/home/runner/work/qqnews/qqnews/qq.py", line 81, in process_article
    ss = str(tmpbs.select("div.LEFT div.content.clearfix")[0])
             ~~~~~~~~~~~~~~~~~~~~~~~~~~~~~~~~~~~~~~~~~~~~~^^^
IndexError: list index out of range


2025-01-10 02:12:33,006 - ERROR - ERROR
央行决定阶段性暂停在公开市场买入国债
https://new.qq.com/rain/a/20250110A02CRW00
('list index out of range',)
======
Traceback (most recent call last):
  File "/home/runner/work/qqnews/qqnews/qq.py", line 81, in process_article
    ss = str(tmpbs.select("div.LEFT div.content.clearfix")[0])
             ~~~~~~~~~~~~~~~~~~~~~~~~~~~~~~~~~~~~~~~~~~~~~^^^
IndexError: list index out of range


2025-01-10 02:12:33,061 - ERROR - ERROR
特斯拉中国推出新款Model Y，起售价26.35万元
https://new.qq.com/rain/a/20250110A02BSU00
('list index out of range',)
======
Traceback (most recent call last):
  File "/home/runner/work/qqnews/qqnews/qq.py", line 81, in process_article
    ss = str(tmpbs.select("div.LEFT div.content.clearfix")[0])
             ~~~~~~~~~~~~~~~~~~~~~~~~~~~~~~~~~~~~~~~~~~~~~^^^
IndexError: list index out of range


2025-01-10 02:12:33,086 - ERROR - ERROR
人赃俱获！境外间谍企图窃取我沿海海岛军事秘密当场被抓
https://new.qq.com/rain/a/20250110A00Q5T00
('list index out of range',)
======
Traceback (most recent call last):
  File "/home/runner/work/qqnews/qqnews/qq.py", line 81, in process_article
    ss = str(tmpbs.select("div.LEFT div.content.clearfix")[0])
             ~~~~~~~~~~~~~~~~~~~~~~~~~~~~~~~~~~~~~~~~~~~~~^^^
IndexError: list index out of range


2025-01-10 02:12:33,599 - ERROR - ERROR
央视新闻独家调查丨给钱就办？不“健康”的健康证体检暗藏隐患
https://new.qq.com/rain/a/20250110A01MJO00
('list index out of range',)
======
Traceback (most recent call last):
  File "/home/runner/work/qqnews/qqnews/qq.py", line 81, in process_article
    ss = str(tmpbs.select("div.LEFT div.content.clearfix")[0])
             ~~~~~~~~~~~~~~~~~~~~~~~~~~~~~~~~~~~~~~~~~~~~~^^^
IndexError: list index out of range


