2026-05-23 01:45:06,871 - INFO - Total time taken: {'ret': 0, 'msg': 'success', 'data': None}
2026-05-23 01:45:06,871 - INFO - 'NoneType' object is not subscriptable
2026-05-23 01:45:06,872 - INFO - Traceback (most recent call last):
  File "/home/runner/work/qqnews/qqnews/qq.py", line 128, in main
    for i in qq1["data"]["list"]:
             ~~~~~~~~~~~^^^^^^^^
TypeError: 'NoneType' object is not subscriptable

2026-05-23 05:28:34,338 - INFO - Total time taken: {'ret': 0, 'msg': 'success', 'data': None}
2026-05-23 05:28:34,338 - INFO - 'NoneType' object is not subscriptable
2026-05-23 05:28:34,339 - INFO - Traceback (most recent call last):
  File "/home/runner/work/qqnews/qqnews/qq.py", line 128, in main
    for i in qq1["data"]["list"]:
             ~~~~~~~~~~~^^^^^^^^
TypeError: 'NoneType' object is not subscriptable

2026-05-23 07:59:54,537 - INFO - Total time taken: {'ret': 0, 'msg': 'success', 'data': None}
2026-05-23 07:59:54,537 - INFO - 'NoneType' object is not subscriptable
2026-05-23 07:59:54,538 - INFO - Traceback (most recent call last):
  File "/home/runner/work/qqnews/qqnews/qq.py", line 128, in main
    for i in qq1["data"]["list"]:
             ~~~~~~~~~~~^^^^^^^^
TypeError: 'NoneType' object is not subscriptable

2026-05-23 09:50:09,733 - INFO - Total time taken: {'ret': 0, 'msg': 'success', 'data': None}
2026-05-23 09:50:09,734 - INFO - 'NoneType' object is not subscriptable
2026-05-23 09:50:09,734 - INFO - Traceback (most recent call last):
  File "/home/runner/work/qqnews/qqnews/qq.py", line 128, in main
    for i in qq1["data"]["list"]:
             ~~~~~~~~~~~^^^^^^^^
TypeError: 'NoneType' object is not subscriptable

2026-05-23 11:01:50,592 - INFO - Total time taken: {'ret': 0, 'msg': 'success', 'data': None}
2026-05-23 11:01:50,592 - INFO - 'NoneType' object is not subscriptable
2026-05-23 11:01:50,593 - INFO - Traceback (most recent call last):
  File "/home/runner/work/qqnews/qqnews/qq.py", line 128, in main
    for i in qq1["data"]["list"]:
             ~~~~~~~~~~~^^^^^^^^
TypeError: 'NoneType' object is not subscriptable

2026-05-23 12:50:59,803 - INFO - Total time taken: {'ret': 0, 'msg': 'success', 'data': None}
2026-05-23 12:50:59,803 - INFO - 'NoneType' object is not subscriptable
2026-05-23 12:50:59,803 - INFO - Traceback (most recent call last):
  File "/home/runner/work/qqnews/qqnews/qq.py", line 128, in main
    for i in qq1["data"]["list"]:
             ~~~~~~~~~~~^^^^^^^^
TypeError: 'NoneType' object is not subscriptable

2026-05-23 14:22:54,219 - INFO - Total time taken: {'ret': 0, 'msg': 'success', 'data': None}
2026-05-23 14:22:54,220 - INFO - 'NoneType' object is not subscriptable
2026-05-23 14:22:54,220 - INFO - Traceback (most recent call last):
  File "/home/runner/work/qqnews/qqnews/qq.py", line 128, in main
    for i in qq1["data"]["list"]:
             ~~~~~~~~~~~^^^^^^^^
TypeError: 'NoneType' object is not subscriptable

2026-05-23 15:51:23,037 - INFO - Total time taken: {'ret': 0, 'msg': 'success', 'data': None}
2026-05-23 15:51:23,037 - INFO - 'NoneType' object is not subscriptable
2026-05-23 15:51:23,038 - INFO - Traceback (most recent call last):
  File "/home/runner/work/qqnews/qqnews/qq.py", line 128, in main
    for i in qq1["data"]["list"]:
             ~~~~~~~~~~~^^^^^^^^
TypeError: 'NoneType' object is not subscriptable

2026-05-23 16:43:59,420 - INFO - Total time taken: {'ret': 0, 'msg': 'success', 'data': None}
2026-05-23 16:43:59,421 - INFO - 'NoneType' object is not subscriptable
2026-05-23 16:43:59,421 - INFO - Traceback (most recent call last):
  File "/home/runner/work/qqnews/qqnews/qq.py", line 128, in main
    for i in qq1["data"]["list"]:
             ~~~~~~~~~~~^^^^^^^^
TypeError: 'NoneType' object is not subscriptable

