2026-03-20 00:57:33,067 - INFO - Total time taken: {'ret': 0, 'msg': 'success', 'data': None}
2026-03-20 00:57:33,068 - INFO - 'NoneType' object is not subscriptable
2026-03-20 00:57:33,068 - INFO - Traceback (most recent call last):
  File "/home/runner/work/qqnews/qqnews/qq.py", line 128, in main
    for i in qq1["data"]["list"]:
             ~~~~~~~~~~~^^^^^^^^
TypeError: 'NoneType' object is not subscriptable

2026-03-20 03:26:17,263 - INFO - Total time taken: {'ret': 0, 'msg': 'success', 'data': None}
2026-03-20 03:26:17,263 - INFO - 'NoneType' object is not subscriptable
2026-03-20 03:26:17,264 - INFO - Traceback (most recent call last):
  File "/home/runner/work/qqnews/qqnews/qq.py", line 128, in main
    for i in qq1["data"]["list"]:
             ~~~~~~~~~~~^^^^^^^^
TypeError: 'NoneType' object is not subscriptable

2026-03-20 05:09:30,480 - INFO - Total time taken: {'ret': 0, 'msg': 'success', 'data': None}
2026-03-20 05:09:30,480 - INFO - 'NoneType' object is not subscriptable
2026-03-20 05:09:30,481 - INFO - Traceback (most recent call last):
  File "/home/runner/work/qqnews/qqnews/qq.py", line 128, in main
    for i in qq1["data"]["list"]:
             ~~~~~~~~~~~^^^^^^^^
TypeError: 'NoneType' object is not subscriptable

2026-03-20 06:37:49,426 - INFO - Total time taken: {'ret': 0, 'msg': 'success', 'data': None}
2026-03-20 06:37:49,426 - INFO - 'NoneType' object is not subscriptable
2026-03-20 06:37:49,427 - INFO - Traceback (most recent call last):
  File "/home/runner/work/qqnews/qqnews/qq.py", line 128, in main
    for i in qq1["data"]["list"]:
             ~~~~~~~~~~~^^^^^^^^
TypeError: 'NoneType' object is not subscriptable

