2025-10-16 00:39:21,808 - INFO - Total time taken: {'ret': 0, 'msg': 'success', 'data': None}
2025-10-16 00:39:21,808 - INFO - 'NoneType' object is not subscriptable
2025-10-16 00:39:21,809 - INFO - Traceback (most recent call last):
  File "/home/runner/work/qqnews/qqnews/qq.py", line 128, in main
    for i in qq1["data"]["list"]:
             ~~~~~~~~~~~^^^^^^^^
TypeError: 'NoneType' object is not subscriptable

2025-10-16 02:18:09,345 - INFO - Total time taken: {'ret': 0, 'msg': 'success', 'data': None}
2025-10-16 02:18:09,345 - INFO - 'NoneType' object is not subscriptable
2025-10-16 02:18:09,346 - INFO - Traceback (most recent call last):
  File "/home/runner/work/qqnews/qqnews/qq.py", line 128, in main
    for i in qq1["data"]["list"]:
             ~~~~~~~~~~~^^^^^^^^
TypeError: 'NoneType' object is not subscriptable

2025-10-16 03:29:52,332 - INFO - Total time taken: {'ret': 0, 'msg': 'success', 'data': None}
2025-10-16 03:29:52,333 - INFO - 'NoneType' object is not subscriptable
2025-10-16 03:29:52,333 - INFO - Traceback (most recent call last):
  File "/home/runner/work/qqnews/qqnews/qq.py", line 128, in main
    for i in qq1["data"]["list"]:
             ~~~~~~~~~~~^^^^^^^^
TypeError: 'NoneType' object is not subscriptable

2025-10-16 04:01:24,187 - INFO - Total time taken: {'ret': 0, 'msg': 'success', 'data': None}
2025-10-16 04:01:24,187 - INFO - 'NoneType' object is not subscriptable
2025-10-16 04:01:24,187 - INFO - Traceback (most recent call last):
  File "/home/runner/work/qqnews/qqnews/qq.py", line 128, in main
    for i in qq1["data"]["list"]:
             ~~~~~~~~~~~^^^^^^^^
TypeError: 'NoneType' object is not subscriptable

2025-10-16 05:01:25,770 - INFO - Total time taken: {'ret': 0, 'msg': 'success', 'data': None}
2025-10-16 05:01:25,770 - INFO - 'NoneType' object is not subscriptable
2025-10-16 05:01:25,770 - INFO - Traceback (most recent call last):
  File "/home/runner/work/qqnews/qqnews/qq.py", line 128, in main
    for i in qq1["data"]["list"]:
             ~~~~~~~~~~~^^^^^^^^
TypeError: 'NoneType' object is not subscriptable

2025-10-16 06:13:54,655 - INFO - Total time taken: {'ret': 0, 'msg': 'success', 'data': None}
2025-10-16 06:13:54,655 - INFO - 'NoneType' object is not subscriptable
2025-10-16 06:13:54,656 - INFO - Traceback (most recent call last):
  File "/home/runner/work/qqnews/qqnews/qq.py", line 128, in main
    for i in qq1["data"]["list"]:
             ~~~~~~~~~~~^^^^^^^^
TypeError: 'NoneType' object is not subscriptable

2025-10-16 07:01:12,334 - INFO - Total time taken: {'ret': 0, 'msg': 'success', 'data': None}
2025-10-16 07:01:12,334 - INFO - 'NoneType' object is not subscriptable
2025-10-16 07:01:12,334 - INFO - Traceback (most recent call last):
  File "/home/runner/work/qqnews/qqnews/qq.py", line 128, in main
    for i in qq1["data"]["list"]:
             ~~~~~~~~~~~^^^^^^^^
TypeError: 'NoneType' object is not subscriptable

2025-10-16 08:01:19,712 - INFO - Total time taken: {'ret': 0, 'msg': 'success', 'data': None}
2025-10-16 08:01:19,712 - INFO - 'NoneType' object is not subscriptable
2025-10-16 08:01:19,712 - INFO - Traceback (most recent call last):
  File "/home/runner/work/qqnews/qqnews/qq.py", line 128, in main
    for i in qq1["data"]["list"]:
             ~~~~~~~~~~~^^^^^^^^
TypeError: 'NoneType' object is not subscriptable

2025-10-16 09:01:25,621 - INFO - Total time taken: {'ret': 0, 'msg': 'success', 'data': None}
2025-10-16 09:01:25,621 - INFO - 'NoneType' object is not subscriptable
2025-10-16 09:01:25,622 - INFO - Traceback (most recent call last):
  File "/home/runner/work/qqnews/qqnews/qq.py", line 128, in main
    for i in qq1["data"]["list"]:
             ~~~~~~~~~~~^^^^^^^^
TypeError: 'NoneType' object is not subscriptable

2025-10-16 10:01:28,207 - INFO - Total time taken: {'ret': 0, 'msg': 'success', 'data': None}
2025-10-16 10:01:28,207 - INFO - 'NoneType' object is not subscriptable
2025-10-16 10:01:28,208 - INFO - Traceback (most recent call last):
  File "/home/runner/work/qqnews/qqnews/qq.py", line 128, in main
    for i in qq1["data"]["list"]:
             ~~~~~~~~~~~^^^^^^^^
TypeError: 'NoneType' object is not subscriptable

2025-10-16 11:01:09,754 - INFO - Total time taken: {'ret': 0, 'msg': 'success', 'data': None}
2025-10-16 11:01:09,755 - INFO - 'NoneType' object is not subscriptable
2025-10-16 11:01:09,755 - INFO - Traceback (most recent call last):
  File "/home/runner/work/qqnews/qqnews/qq.py", line 128, in main
    for i in qq1["data"]["list"]:
             ~~~~~~~~~~~^^^^^^^^
TypeError: 'NoneType' object is not subscriptable

2025-10-16 12:16:14,270 - INFO - Total time taken: {'ret': 0, 'msg': 'success', 'data': None}
2025-10-16 12:16:14,270 - INFO - 'NoneType' object is not subscriptable
2025-10-16 12:16:14,271 - INFO - Traceback (most recent call last):
  File "/home/runner/work/qqnews/qqnews/qq.py", line 128, in main
    for i in qq1["data"]["list"]:
             ~~~~~~~~~~~^^^^^^^^
TypeError: 'NoneType' object is not subscriptable

2025-10-16 13:23:23,899 - INFO - Total time taken: {'ret': 0, 'msg': 'success', 'data': None}
2025-10-16 13:23:23,899 - INFO - 'NoneType' object is not subscriptable
2025-10-16 13:23:23,899 - INFO - Traceback (most recent call last):
  File "/home/runner/work/qqnews/qqnews/qq.py", line 128, in main
    for i in qq1["data"]["list"]:
             ~~~~~~~~~~~^^^^^^^^
TypeError: 'NoneType' object is not subscriptable

2025-10-16 14:01:29,347 - INFO - Total time taken: {'ret': 0, 'msg': 'success', 'data': None}
2025-10-16 14:01:29,347 - INFO - 'NoneType' object is not subscriptable
2025-10-16 14:01:29,348 - INFO - Traceback (most recent call last):
  File "/home/runner/work/qqnews/qqnews/qq.py", line 128, in main
    for i in qq1["data"]["list"]:
             ~~~~~~~~~~~^^^^^^^^
TypeError: 'NoneType' object is not subscriptable

2025-10-16 15:01:52,492 - INFO - Total time taken: {'ret': 0, 'msg': 'success', 'data': None}
2025-10-16 15:01:52,493 - INFO - 'NoneType' object is not subscriptable
2025-10-16 15:01:52,493 - INFO - Traceback (most recent call last):
  File "/home/runner/work/qqnews/qqnews/qq.py", line 128, in main
    for i in qq1["data"]["list"]:
             ~~~~~~~~~~~^^^^^^^^
TypeError: 'NoneType' object is not subscriptable

2025-10-16 16:01:30,182 - INFO - Total time taken: {'ret': 0, 'msg': 'success', 'data': None}
2025-10-16 16:01:30,183 - INFO - 'NoneType' object is not subscriptable
2025-10-16 16:01:30,183 - INFO - Traceback (most recent call last):
  File "/home/runner/work/qqnews/qqnews/qq.py", line 128, in main
    for i in qq1["data"]["list"]:
             ~~~~~~~~~~~^^^^^^^^
TypeError: 'NoneType' object is not subscriptable

2025-10-16 17:01:17,737 - INFO - Total time taken: {'ret': 0, 'msg': 'success', 'data': None}
2025-10-16 17:01:17,738 - INFO - 'NoneType' object is not subscriptable
2025-10-16 17:01:17,738 - INFO - Traceback (most recent call last):
  File "/home/runner/work/qqnews/qqnews/qq.py", line 128, in main
    for i in qq1["data"]["list"]:
             ~~~~~~~~~~~^^^^^^^^
TypeError: 'NoneType' object is not subscriptable

2025-10-16 18:12:15,800 - INFO - Total time taken: {'ret': 0, 'msg': 'success', 'data': None}
2025-10-16 18:12:15,801 - INFO - 'NoneType' object is not subscriptable
2025-10-16 18:12:15,801 - INFO - Traceback (most recent call last):
  File "/home/runner/work/qqnews/qqnews/qq.py", line 128, in main
    for i in qq1["data"]["list"]:
             ~~~~~~~~~~~^^^^^^^^
TypeError: 'NoneType' object is not subscriptable

2025-10-16 19:01:20,481 - INFO - Total time taken: {'ret': 0, 'msg': 'success', 'data': None}
2025-10-16 19:01:20,481 - INFO - 'NoneType' object is not subscriptable
2025-10-16 19:01:20,481 - INFO - Traceback (most recent call last):
  File "/home/runner/work/qqnews/qqnews/qq.py", line 128, in main
    for i in qq1["data"]["list"]:
             ~~~~~~~~~~~^^^^^^^^
TypeError: 'NoneType' object is not subscriptable

2025-10-16 20:01:22,314 - INFO - Total time taken: {'ret': 0, 'msg': 'success', 'data': None}
2025-10-16 20:01:22,314 - INFO - 'NoneType' object is not subscriptable
2025-10-16 20:01:22,314 - INFO - Traceback (most recent call last):
  File "/home/runner/work/qqnews/qqnews/qq.py", line 128, in main
    for i in qq1["data"]["list"]:
             ~~~~~~~~~~~^^^^^^^^
TypeError: 'NoneType' object is not subscriptable

