2024-07-24 13:10:25,144 - INFO - EXPIRED
中国车企卷泰国：逼日本车破天荒降价，打得过铃木打不过丰田
https://new.qq.com/rain/a/20240723A07D7H00

2024-07-24 13:10:25,144 - INFO - EXPIRED
男子公司取名“海南省自然资源管理厅”获批，相关部门：系统审核出错
https://new.qq.com/rain/a/20240723A0555T00

2024-07-24 13:10:25,144 - INFO - EXPIRED
辅警抢夺外卖员手机？警方：外卖员持长刀威胁并殴打辅警 被拘留15日
https://new.qq.com/rain/a/20240723A0AHEP00

2024-07-24 13:10:25,144 - INFO - EXPIRED
240元5颗“最便宜”单品 LV中国首家巧克力店落地上海 排队堪比迪士尼
https://new.qq.com/rain/a/20240723A09RMH00

2024-07-24 13:10:25,144 - INFO - EXPIRED
二手车商陷大面积亏损：半个月卖不出一辆，新车赔钱，我们也赔钱
https://new.qq.com/rain/a/20240723A0AG0100

2024-07-24 13:10:25,144 - INFO - EXPIRED
乌克兰女子坠下悬崖被困身亡，俄罗斯男友多次收到求助但未施救
https://new.qq.com/rain/a/20240723A06DPQ00

2024-07-24 13:10:25,144 - INFO - EXPIRED
中国田径队撑竿跳高名将李玲在训练中意外受伤，退出巴黎奥运会
https://new.qq.com/rain/a/20240723A09ZDY00

2024-07-24 13:10:25,144 - INFO - EXPIRED
90后65岁退休？人口学专家：接受新常态
https://new.qq.com/rain/a/20240723A0AJAA00

2024-07-24 13:10:25,144 - INFO - EXPIRED
抓笨贼，处理高智商诈骗犯罪，一线直击电信诈骗抓捕现场
https://new.qq.com/rain/a/20240723V0ALMP00

2024-07-24 13:10:25,144 - INFO - EXPIRED
“赤水丰隆”王弘毅疯批造型火出圈，想挑战悬疑题材，在线求职
https://new.qq.com/rain/a/20240723V08PIZ00

2024-07-24 13:10:25,144 - INFO - EXPIRED
韦世豪的回应确实让人感觉处罚双标，足协需给合理解释
https://new.qq.com/rain/a/20240723A049BF00

2024-07-24 13:10:25,144 - INFO - EXPIRED
财经院校高考分数线暴跌，金融羞耻感寒气传递
https://new.qq.com/rain/a/20240723A08K5300

2024-07-24 13:10:25,144 - INFO - EXPIRED
太原一小区保安多次发布年轻女性监控视频，社区：已开除，警方介入
https://new.qq.com/rain/a/20240723A07ZHF00

2024-07-24 13:10:25,144 - INFO - EXPIRED
候车厅被吐槽热得让人直冒汗，杭州东站：空调已通宵运行、加装冷风机
https://new.qq.com/rain/a/20240723A06I9A00

2024-07-24 13:10:25,865 - INFO - INVALID
上午9点办事大厅多名人员缺岗，媒体：官方通报打脸了镇政府
https://new.qq.com/rain/a/20240724A0562N00

2024-07-24 13:10:25,877 - INFO - INVALID
辽宁庄河核电厂一期工程环评报告书公示：据计算，辐射值在标准范围内
https://new.qq.com/rain/a/20240724A0593T00

2024-07-24 13:10:25,889 - INFO - INVALID
江西樟树一男子杀人后在逃，警方提醒：疑携带刀具，市民不要贸然抓捕
https://new.qq.com/rain/a/20240724A04R5O00

2024-07-24 13:10:26,011 - INFO - INVALID
以色列总理访美引发抗议浪潮，约200人在美国国会大厦被绑手带走
https://new.qq.com/rain/a/20240724A0924900

2024-07-24 13:10:26,214 - INFO - INVALID
朝鲜回应特朗普涉朝言论：“公是公，私是私”
https://new.qq.com/rain/a/20240724A08Z0B00

2024-07-24 13:10:26,226 - INFO - INVALID
华为起诉联发科：专利战火再燃，谁来定义5G芯片行业版图
https://new.qq.com/rain/a/20240724A06XP400

2024-07-24 13:10:26,440 - ERROR - ERROR
专家建议花3万亿把股市拉到4000点，这是妙招还是昏招？
https://view.inews.qq.com/a/20240724Q051YR00
('list index out of range',)
======
Traceback (most recent call last):
  File "/home/runner/work/qqnews/qqnews/qq.py", line 81, in process_article
    ss = str(tmpbs.select("div.LEFT div.content.clearfix")[0])
             ~~~~~~~~~~~~~~~~~~~~~~~~~~~~~~~~~~~~~~~~~~~~~^^^
IndexError: list index out of range


2024-07-24 13:10:26,454 - INFO - INVALID
为什么美国游客都爱来中国玩
https://new.qq.com/rain/a/20240724A083GY00

2024-07-24 13:10:26,491 - INFO - INVALID
路政管理所干部沦为“拦路虎”，近6年收取货车“月票费”超百万元
https://new.qq.com/rain/a/20240724A0761F00

2024-07-24 13:10:26,525 - INFO - INVALID
被罚260万后，“天价”听花酒又杀回来了，股价暴涨门店复业
https://new.qq.com/rain/a/20240724A07KUD00

2024-07-24 13:10:26,849 - INFO - INVALID
全员欠薪！又一中超队悬了：球队吃喝全靠赊账，没钱打亚冠
https://new.qq.com/rain/a/20240724A0308O00

2024-07-24 13:10:26,854 - INFO - INVALID
涉嫌策划奥运期间恐袭 一男子在法国被捕
https://new.qq.com/rain/a/20240724A08SQI00

2024-07-24 13:10:26,921 - INFO - INVALID
近年还有哪些备受关注的《北京宣言》
https://new.qq.com/rain/a/20240724A08Y7H00

2024-07-24 13:10:26,926 - INFO - INVALID
尼泊尔坠机事故搜救工作正在收尾，遇难人数修正为18人
https://new.qq.com/rain/a/20240724A092CR00

2024-07-24 13:10:27,058 - ERROR - ERROR
奥运会圣火点燃方式备受关注，哪一届奥运会点火方式最震撼？
https://view.inews.qq.com/a/20240724Q04BU400
('list index out of range',)
======
Traceback (most recent call last):
  File "/home/runner/work/qqnews/qqnews/qq.py", line 81, in process_article
    ss = str(tmpbs.select("div.LEFT div.content.clearfix")[0])
             ~~~~~~~~~~~~~~~~~~~~~~~~~~~~~~~~~~~~~~~~~~~~~^^^
IndexError: list index out of range


2024-07-24 13:10:27,240 - INFO - INVALID
扎克伯格：有关“美国在AI领域领先中国数年”的想法，不现实
https://new.qq.com/rain/a/20240724A06LM200

2024-07-24 13:10:27,244 - ERROR - ERROR
实拍日本一餐厅拒绝中国、韩国客人入内：大门紧闭，有民众前来支持
https://new.qq.com/rain/a/20240724V07RWK00
('list index out of range',)
======
Traceback (most recent call last):
  File "/home/runner/work/qqnews/qqnews/qq.py", line 81, in process_article
    ss = str(tmpbs.select("div.LEFT div.content.clearfix")[0])
             ~~~~~~~~~~~~~~~~~~~~~~~~~~~~~~~~~~~~~~~~~~~~~^^^
IndexError: list index out of range


2024-07-24 13:10:27,310 - INFO - INVALID
驻港国安公署局长郑泽晖，已重返广东任职
https://new.qq.com/rain/a/20240724A08EDY00

2024-07-24 13:10:27,445 - INFO - INVALID
俄媒：莫斯科一汽车突发爆炸致一俄军官受伤，其曾在俄军事情报部门工作
https://new.qq.com/rain/a/20240724A08JHL00

2024-07-24 13:10:27,468 - INFO - INVALID
被教育要像猪一样少算计、多奉献，男子工作猝死571天未认定工伤
https://new.qq.com/rain/a/20240724A05SKW00

2024-07-24 13:10:27,576 - INFO - INVALID
已经这么热了，天气预报真的“不敢报40℃”？官方回应
https://new.qq.com/rain/a/20240724A04F3T00

2024-07-24 13:10:27,587 - INFO - INVALID
浪漫之都寻找厕所“老大难”，网友：在巴黎被中国的“厕所侠”救了
https://new.qq.com/rain/a/20240724A04R6H00

2024-07-24 13:10:27,652 - INFO - INVALID
温州杀医案凶犯因妻子手术失败而报复？官方：他无儿无女，没有婚史
https://new.qq.com/rain/a/20240724A05QRB00

2024-07-24 13:10:27,765 - INFO - INVALID
尼泊尔一客机坠毁，涉事机型停产多年、一度是国内支线主力
https://new.qq.com/rain/a/20240724A08EE500

2024-07-24 13:10:27,844 - INFO - INVALID
“投喂流浪猫判赔24万”案再审判投喂者担责20% 当事人：不太懂此判决
https://new.qq.com/rain/a/20240724A05PWJ00

2024-07-24 13:10:27,903 - ERROR - ERROR
“撒谎、可耻！”美特勤局长辞职前遭两党议员轮番炮轰 120秒看听证会高能瞬间
https://new.qq.com/rain/a/20240724V07JRV00
('list index out of range',)
======
Traceback (most recent call last):
  File "/home/runner/work/qqnews/qqnews/qq.py", line 81, in process_article
    ss = str(tmpbs.select("div.LEFT div.content.clearfix")[0])
             ~~~~~~~~~~~~~~~~~~~~~~~~~~~~~~~~~~~~~~~~~~~~~^^^
IndexError: list index out of range


2024-07-24 13:10:27,974 - INFO - INVALID
一位成年人带三个儿童坐不了飞机？多家航司回应
https://new.qq.com/rain/a/20240724A056NV00

2024-07-24 13:10:28,023 - INFO - INVALID
富士康将在郑州投建新事业总部大楼，总投资约10亿元
https://new.qq.com/rain/a/20240724A00WLM00

2024-07-24 13:10:28,162 - INFO - INVALID
华润置地：对大区总经理陈刚涉嫌殴打下属行为已给予免职处理
https://new.qq.com/rain/a/20240724A05S1800

2024-07-24 13:10:28,192 - INFO - INVALID
罕见！泽连斯基表态：应该尽快结束战争！近日还释放愿与普京谈判信号
https://new.qq.com/rain/a/20240724A04N3700

2024-07-24 13:10:28,334 - INFO - INVALID
外媒：俄罗斯禁止丰田董事长等13名日本公民入境，日方抗议称无法接受
https://new.qq.com/rain/a/20240724A063UX00

2024-07-24 13:10:28,396 - INFO - INVALID
特斯拉啃不动“老本”了：自动驾驶的故事，还能圈动投资者吗
https://new.qq.com/rain/a/20240724A078XO00

2024-07-24 13:10:28,433 - ERROR - ERROR
医院职工用生理盐水冒充疫苗进行接种，官方：案件移交法院，院长撤职
https://new.qq.com/rain/a/20240724V05YQF00
('list index out of range',)
======
Traceback (most recent call last):
  File "/home/runner/work/qqnews/qqnews/qq.py", line 81, in process_article
    ss = str(tmpbs.select("div.LEFT div.content.clearfix")[0])
             ~~~~~~~~~~~~~~~~~~~~~~~~~~~~~~~~~~~~~~~~~~~~~^^^
IndexError: list index out of range


2024-07-24 13:10:28,443 - INFO - INVALID
厦门消防讣告：袁志方同志在救火中壮烈牺牲，年仅23岁
https://new.qq.com/rain/a/20240724A06UNP00

2024-07-24 13:10:28,638 - INFO - INVALID
财政部：1-6月全国国有及国有控股企业营业总收入增长1.9%
https://new.qq.com/rain/a/20240724A06TMR00

2024-07-24 13:10:28,651 - INFO - INVALID
王毅同乌克兰外长库列巴会谈
https://new.qq.com/rain/a/20240724A05SJX00

2024-07-24 13:10:28,848 - INFO - INVALID
河北3岁女童被生父和其情妇虐打致死，生前最后10个月遭持续虐待
https://new.qq.com/rain/a/20240724A04OAQ00

2024-07-24 13:10:29,048 - INFO - INVALID
江西一家三口袭警被刑拘，拿水果刀、铁锤追打民警致腿部、手部多处受伤
https://new.qq.com/rain/a/20240724A040X200

2024-07-24 13:10:29,143 - INFO - INVALID
女子上班时间在村委会跳舞？陕西咸阳当地回应：误会，非工作人员
https://new.qq.com/rain/a/20240724A04X1600

2024-07-24 13:10:29,202 - ERROR - ERROR
特朗普团队担忧的“哈里斯蜜月期”是啥？哈里斯弱点被“隐藏”，民主党机会来了？
https://view.inews.qq.com/a/20240724Q03E2H00
('list index out of range',)
======
Traceback (most recent call last):
  File "/home/runner/work/qqnews/qqnews/qq.py", line 81, in process_article
    ss = str(tmpbs.select("div.LEFT div.content.clearfix")[0])
             ~~~~~~~~~~~~~~~~~~~~~~~~~~~~~~~~~~~~~~~~~~~~~^^^
IndexError: list index out of range


2024-07-24 13:10:29,249 - INFO - INVALID
“男子被流浪猫绊倒投喂者赔24万元”案再审宣判：投喂者赔4万
https://new.qq.com/rain/a/20240724A01MPO00

2024-07-24 13:10:29,380 - INFO - INVALID
法国阿尔卑斯山地区获得2030年冬奥会举办权
https://new.qq.com/rain/a/20240724A06GIC00

2024-07-24 13:10:29,406 - INFO - INVALID
菲律宾首都将进入灾难状态：台风来袭洪水泛滥，已致8人死亡
https://new.qq.com/rain/a/20240724A0508700

2024-07-24 13:10:29,514 - INFO - INVALID
沪指跌0.46%险守2900点，汽车产业链集体下挫，风电股逆势活跃
https://new.qq.com/rain/a/20240724A05C3500

2024-07-24 13:10:29,527 - INFO - INVALID
女子因父亲病故摆两桌酒席被罚5000元，街道办：已退还给本人
https://new.qq.com/rain/a/20240724A03GA900

2024-07-24 13:10:29,562 - INFO - INVALID
全球蓝屏风暴令保险公司“倒大霉”？业内人士：索赔额恐达数十亿美元
https://new.qq.com/rain/a/20240724A03R6W00

2024-07-24 13:10:29,703 - INFO - INVALID
筹建一年多依然难开业？河南再提“推进河南农商行组建”
https://new.qq.com/rain/a/20240724A03ZEH00

2024-07-24 13:10:29,708 - INFO - INVALID
外媒：一飞机在澳大利亚北部举行军事演习时坠毁，飞行员已经弹射跳伞
https://new.qq.com/rain/a/20240724A04O6C00

2024-07-24 13:10:29,857 - INFO - INVALID
安徽一中学政教处主任表白学生被免职，媒体：禁止师生恋没有暧昧地带
https://new.qq.com/rain/a/20240724A04OOS00

2024-07-24 13:10:30,085 - INFO - INVALID
华润置地大区经理陈刚涉暴力侵犯女下属 已被警方调查
https://new.qq.com/rain/a/20240724A03R0T00

2024-07-24 13:10:30,127 - INFO - INVALID
华谊兄弟回应股权质押：目前没出现（爆仓），具体情况会进一步了解
https://new.qq.com/rain/a/20240724A04B9300

2024-07-24 13:10:30,610 - ERROR - ERROR
患“僵人综合征”女星席琳·迪翁将参演巴黎奥运会开幕式，她的病情严重吗？还能演出吗？
https://view.inews.qq.com/a/20240724Q03YJM00
('list index out of range',)
======
Traceback (most recent call last):
  File "/home/runner/work/qqnews/qqnews/qq.py", line 81, in process_article
    ss = str(tmpbs.select("div.LEFT div.content.clearfix")[0])
             ~~~~~~~~~~~~~~~~~~~~~~~~~~~~~~~~~~~~~~~~~~~~~^^^
IndexError: list index out of range


2024-07-24 13:10:30,617 - INFO - INVALID
农业农村部党组书记韩俊：严格禁止给退休回乡干部职工分宅基地建房
https://new.qq.com/rain/a/20240724A03H3D00

2024-07-24 13:10:30,624 - INFO - INVALID
山西阳泉4名工人作业时落坑：1人被埋进2米多深坑，已身亡
https://new.qq.com/rain/a/20240724A041NI00

2024-07-24 13:10:30,673 - ERROR - ERROR
最新民调显示哈里斯领先特朗普2％，这个民调靠谱吗？换人效果这么显著？
https://view.inews.qq.com/a/20240724Q03NKY00
('list index out of range',)
======
Traceback (most recent call last):
  File "/home/runner/work/qqnews/qqnews/qq.py", line 81, in process_article
    ss = str(tmpbs.select("div.LEFT div.content.clearfix")[0])
             ~~~~~~~~~~~~~~~~~~~~~~~~~~~~~~~~~~~~~~~~~~~~~^^^
IndexError: list index out of range


2024-07-24 13:10:30,915 - INFO - INVALID
三预警齐发！北京发布暴雨橙色预警、积水内涝蓝色预警、山洪黄色预警
https://new.qq.com/rain/a/20240724A02CMK00

2024-07-24 13:10:30,946 - INFO - EXIST
西安发生一起高坠事件 警方：排除刑案 网传死者被分尸抛下楼不实
https://new.qq.com/rain/a/20240724A03KIQ00

2024-07-24 13:10:31,017 - INFO - INVALID
陕师大一副教授被指曾发不雅照骚扰女毕业生，校方正调查核实
https://new.qq.com/rain/a/20240724A03UPP00

2024-07-24 13:10:31,059 - INFO - INVALID
山西朔州发生持刀伤人案，警方：买卖西瓜发生纠纷，伤者抢救无效死亡
https://new.qq.com/rain/a/20240724A01LA900

2024-07-24 13:10:31,075 - INFO - INVALID
“第一夫人”被传讯，尹锡悦老友下黑手？
https://new.qq.com/rain/a/20240724A03B1200

2024-07-24 13:10:31,389 - INFO - INVALID
河北邯郸临漳县一民房发生爆炸，应急局：事故导致3人死亡3人受伤
https://new.qq.com/rain/a/20240724A03TJY00

2024-07-24 13:10:31,394 - INFO - INVALID
实探武汉萝卜快跑：价格上涨与网约车持平，4小时打不到一辆车
https://new.qq.com/rain/a/20240724A01IMZ00

2024-07-24 13:10:31,406 - INFO - INVALID
美媒曝：“未遂刺杀”事件后，特朗普计划停止举行大型户外竞选集会
https://new.qq.com/rain/a/20240724A03E3800

2024-07-24 13:10:31,504 - INFO - INVALID
3万3买3室1厅？河南鹤壁现多套低于5万房源 中介称有人买20套装修转售
https://new.qq.com/rain/a/20240724A02E4J00

2024-07-24 13:10:31,565 - ERROR - ERROR
深圳移动称手机停机解封需社保信息，这是什么考量？哪些原因会导致停机？
https://view.inews.qq.com/a/20240724Q02QFU00
('list index out of range',)
======
Traceback (most recent call last):
  File "/home/runner/work/qqnews/qqnews/qq.py", line 81, in process_article
    ss = str(tmpbs.select("div.LEFT div.content.clearfix")[0])
             ~~~~~~~~~~~~~~~~~~~~~~~~~~~~~~~~~~~~~~~~~~~~~^^^
IndexError: list index out of range


2024-07-24 13:10:31,807 - INFO - INVALID
台当局强化所谓“全民参战、焦土作战”，国台办回应
https://new.qq.com/rain/a/20240724A02EMH00

2024-07-24 13:10:31,875 - INFO - INVALID
外媒：意大利等八国外长发表联合声明，敦促欧盟重新修订其对叙利亚政策
https://new.qq.com/rain/a/20240724A00LEO00

2024-07-24 13:10:32,137 - ERROR - ERROR
新疆拟将地窝堡机场改名，是因为“堡”字不好认吗？还有哪些地名容易念错？
https://view.inews.qq.com/a/20240724Q0242900
('list index out of range',)
======
Traceback (most recent call last):
  File "/home/runner/work/qqnews/qqnews/qq.py", line 81, in process_article
    ss = str(tmpbs.select("div.LEFT div.content.clearfix")[0])
             ~~~~~~~~~~~~~~~~~~~~~~~~~~~~~~~~~~~~~~~~~~~~~^^^
IndexError: list index out of range


2024-07-24 13:10:32,152 - ERROR - ERROR
谁最可能成为巴黎奥运开幕式中国代表团旗手？为什么是TA？
https://view.inews.qq.com/a/20240724Q03J4300
('list index out of range',)
======
Traceback (most recent call last):
  File "/home/runner/work/qqnews/qqnews/qq.py", line 81, in process_article
    ss = str(tmpbs.select("div.LEFT div.content.clearfix")[0])
             ~~~~~~~~~~~~~~~~~~~~~~~~~~~~~~~~~~~~~~~~~~~~~^^^
IndexError: list index out of range


2024-07-24 13:10:32,163 - INFO - INVALID
唐尚珺已被华南师大信息工程专业录取，曾称接受化学、数学专业，其他专业会再考虑
https://new.qq.com/rain/a/20240724A0263700

2024-07-24 13:10:32,229 - ERROR - ERROR
女子称28岁儿子被违规宣布脑死亡，脑死亡是真正的死亡吗？一般怎么认定？
https://view.inews.qq.com/a/20240724Q02ON700
('list index out of range',)
======
Traceback (most recent call last):
  File "/home/runner/work/qqnews/qqnews/qq.py", line 81, in process_article
    ss = str(tmpbs.select("div.LEFT div.content.clearfix")[0])
             ~~~~~~~~~~~~~~~~~~~~~~~~~~~~~~~~~~~~~~~~~~~~~^^^
IndexError: list index out of range


2024-07-24 13:10:32,265 - INFO - INVALID
小学生“扫码添加明星QQ”被骗90余万，提供洗钱账户者被判1年3个月
https://new.qq.com/rain/a/20240724A023AL00

2024-07-24 13:10:32,484 - INFO - INVALID
华谊兄弟宣布：当年花10亿向冯小刚买的股权，现拟3.5亿卖了抵债
https://new.qq.com/rain/a/20240724A008RV00

2024-07-24 13:10:32,512 - INFO - INVALID
手机停机解封需社保？深圳移动：线下办理需社保连缴6个月以上
https://new.qq.com/rain/a/20240724A01VER00

2024-07-24 13:10:32,571 - INFO - INVALID
党的二十届三中全会胜利举行，民进党当局对此说三道四，国台办回应
https://new.qq.com/rain/a/20240724A029RH00

2024-07-24 13:10:32,715 - INFO - INVALID
中国成功斡旋！巴勒斯坦各派签署《北京宣言》，14个派别实现历史性和解
https://new.qq.com/rain/a/20240724A00L8L00

2024-07-24 13:10:32,828 - INFO - INVALID
中学政教处主任表白学生，安徽霍邱通报：免职，已将问题线索移交纪委
https://new.qq.com/rain/a/20240724A00N9J00

2024-07-24 13:10:32,865 - INFO - INVALID
乌克兰外长库列巴抵达中国，专家：此访目标是寻求中国助乌摆脱困局
https://new.qq.com/rain/a/20240724A00LRP00

2024-07-24 13:10:32,873 - INFO - INVALID
审议通过！首届电竞奥运会将于2025年在沙特举办
https://new.qq.com/rain/a/20240724A02FUM00

2024-07-24 13:10:32,935 - ERROR - ERROR
奥运男足比赛率先开战，为何梅西等巨星都不参赛？这真是“鸡肋”比赛吗？
https://view.inews.qq.com/a/20240724Q011FD00
('list index out of range',)
======
Traceback (most recent call last):
  File "/home/runner/work/qqnews/qqnews/qq.py", line 81, in process_article
    ss = str(tmpbs.select("div.LEFT div.content.clearfix")[0])
             ~~~~~~~~~~~~~~~~~~~~~~~~~~~~~~~~~~~~~~~~~~~~~^^^
IndexError: list index out of range


2024-07-24 13:10:33,032 - INFO - EXIST
一线 _ 特斯拉业绩“青黄不接” 马斯克寄望Robotaxi提振股价
https://new.qq.com/rain/a/20240724A01D4X00

2024-07-24 13:10:33,178 - ERROR - ERROR
美国15岁华裔女孩失踪一周后被安全找到：自称是离家出走不想回家
https://new.qq.com/rain/a/20240724V0109L00
('list index out of range',)
======
Traceback (most recent call last):
  File "/home/runner/work/qqnews/qqnews/qq.py", line 81, in process_article
    ss = str(tmpbs.select("div.LEFT div.content.clearfix")[0])
             ~~~~~~~~~~~~~~~~~~~~~~~~~~~~~~~~~~~~~~~~~~~~~^^^
IndexError: list index out of range


2024-07-24 13:10:33,193 - INFO - INVALID
奥运订单加持，国内体育用品销量大增，中国制造“征战”世界赛场
https://new.qq.com/rain/a/20240724A0149N00

2024-07-24 13:10:33,233 - INFO - INVALID
中央社会工作部简称明确：中社部
https://new.qq.com/rain/a/20240724A00NEG00

2024-07-24 13:10:33,246 - INFO - INVALID
两长同庭！农民工中暑离世，历时5年半的热射病工伤终被认定
https://new.qq.com/rain/a/20240724A00WQI00

2024-07-24 13:10:33,367 - INFO - INVALID
游客在免费景点被村民拦路收费？广西崇左：存在违规收取停车费情况
https://new.qq.com/rain/a/20240724A00RVI00

