2026-04-15 01:11:12,766 - INFO - Total time taken: {'ret': 0, 'msg': 'success', 'data': None}
2026-04-15 01:11:12,767 - INFO - 'NoneType' object is not subscriptable
2026-04-15 01:11:12,767 - INFO - Traceback (most recent call last):
  File "/home/runner/work/qqnews/qqnews/qq.py", line 128, in main
    for i in qq1["data"]["list"]:
             ~~~~~~~~~~~^^^^^^^^
TypeError: 'NoneType' object is not subscriptable

2026-04-15 04:34:00,483 - INFO - Total time taken: {'ret': 0, 'msg': 'success', 'data': None}
2026-04-15 04:34:00,483 - INFO - 'NoneType' object is not subscriptable
2026-04-15 04:34:00,483 - INFO - Traceback (most recent call last):
  File "/home/runner/work/qqnews/qqnews/qq.py", line 128, in main
    for i in qq1["data"]["list"]:
             ~~~~~~~~~~~^^^^^^^^
TypeError: 'NoneType' object is not subscriptable

2026-04-15 06:24:41,886 - INFO - Total time taken: {'ret': 0, 'msg': 'success', 'data': None}
2026-04-15 06:24:41,886 - INFO - 'NoneType' object is not subscriptable
2026-04-15 06:24:41,887 - INFO - Traceback (most recent call last):
  File "/home/runner/work/qqnews/qqnews/qq.py", line 128, in main
    for i in qq1["data"]["list"]:
             ~~~~~~~~~~~^^^^^^^^
TypeError: 'NoneType' object is not subscriptable

2026-04-15 08:19:07,766 - INFO - Total time taken: {'ret': 0, 'msg': 'success', 'data': None}
2026-04-15 08:19:07,766 - INFO - 'NoneType' object is not subscriptable
2026-04-15 08:19:07,766 - INFO - Traceback (most recent call last):
  File "/home/runner/work/qqnews/qqnews/qq.py", line 128, in main
    for i in qq1["data"]["list"]:
             ~~~~~~~~~~~^^^^^^^^
TypeError: 'NoneType' object is not subscriptable

2026-04-15 10:04:20,019 - INFO - Total time taken: {'ret': 0, 'msg': 'success', 'data': None}
2026-04-15 10:04:20,019 - INFO - 'NoneType' object is not subscriptable
2026-04-15 10:04:20,019 - INFO - Traceback (most recent call last):
  File "/home/runner/work/qqnews/qqnews/qq.py", line 128, in main
    for i in qq1["data"]["list"]:
             ~~~~~~~~~~~^^^^^^^^
TypeError: 'NoneType' object is not subscriptable

2026-04-15 11:44:01,861 - INFO - Total time taken: {'ret': 0, 'msg': 'success', 'data': None}
2026-04-15 11:44:01,861 - INFO - 'NoneType' object is not subscriptable
2026-04-15 11:44:01,862 - INFO - Traceback (most recent call last):
  File "/home/runner/work/qqnews/qqnews/qq.py", line 128, in main
    for i in qq1["data"]["list"]:
             ~~~~~~~~~~~^^^^^^^^
TypeError: 'NoneType' object is not subscriptable

2026-04-15 12:52:00,589 - INFO - Total time taken: {'ret': 0, 'msg': 'success', 'data': None}
2026-04-15 12:52:00,589 - INFO - 'NoneType' object is not subscriptable
2026-04-15 12:52:00,590 - INFO - Traceback (most recent call last):
  File "/home/runner/work/qqnews/qqnews/qq.py", line 128, in main
    for i in qq1["data"]["list"]:
             ~~~~~~~~~~~^^^^^^^^
TypeError: 'NoneType' object is not subscriptable

2026-04-15 14:23:21,983 - INFO - Total time taken: {'ret': 0, 'msg': 'success', 'data': None}
2026-04-15 14:23:21,984 - INFO - 'NoneType' object is not subscriptable
2026-04-15 14:23:21,984 - INFO - Traceback (most recent call last):
  File "/home/runner/work/qqnews/qqnews/qq.py", line 128, in main
    for i in qq1["data"]["list"]:
             ~~~~~~~~~~~^^^^^^^^
TypeError: 'NoneType' object is not subscriptable

2026-04-15 15:55:09,615 - INFO - Total time taken: {'ret': 0, 'msg': 'success', 'data': None}
2026-04-15 15:55:09,616 - INFO - 'NoneType' object is not subscriptable
2026-04-15 15:55:09,616 - INFO - Traceback (most recent call last):
  File "/home/runner/work/qqnews/qqnews/qq.py", line 128, in main
    for i in qq1["data"]["list"]:
             ~~~~~~~~~~~^^^^^^^^
TypeError: 'NoneType' object is not subscriptable

2026-04-15 16:49:29,713 - INFO - Total time taken: {'ret': 0, 'msg': 'success', 'data': None}
2026-04-15 16:49:29,713 - INFO - 'NoneType' object is not subscriptable
2026-04-15 16:49:29,713 - INFO - Traceback (most recent call last):
  File "/home/runner/work/qqnews/qqnews/qq.py", line 128, in main
    for i in qq1["data"]["list"]:
             ~~~~~~~~~~~^^^^^^^^
TypeError: 'NoneType' object is not subscriptable

2026-04-15 17:56:02,985 - INFO - Total time taken: {'ret': 0, 'msg': 'success', 'data': None}
2026-04-15 17:56:02,985 - INFO - 'NoneType' object is not subscriptable
2026-04-15 17:56:02,985 - INFO - Traceback (most recent call last):
  File "/home/runner/work/qqnews/qqnews/qq.py", line 128, in main
    for i in qq1["data"]["list"]:
             ~~~~~~~~~~~^^^^^^^^
TypeError: 'NoneType' object is not subscriptable

2026-04-15 18:56:05,636 - INFO - Total time taken: {'ret': 0, 'msg': 'success', 'data': None}
2026-04-15 18:56:05,636 - INFO - 'NoneType' object is not subscriptable
2026-04-15 18:56:05,636 - INFO - Traceback (most recent call last):
  File "/home/runner/work/qqnews/qqnews/qq.py", line 128, in main
    for i in qq1["data"]["list"]:
             ~~~~~~~~~~~^^^^^^^^
TypeError: 'NoneType' object is not subscriptable

2026-04-15 19:56:32,874 - INFO - Total time taken: {'ret': 0, 'msg': 'success', 'data': None}
2026-04-15 19:56:32,875 - INFO - 'NoneType' object is not subscriptable
2026-04-15 19:56:32,875 - INFO - Traceback (most recent call last):
  File "/home/runner/work/qqnews/qqnews/qq.py", line 128, in main
    for i in qq1["data"]["list"]:
             ~~~~~~~~~~~^^^^^^^^
TypeError: 'NoneType' object is not subscriptable

