2025-10-14 00:38:03,394 - INFO - Total time taken: {'ret': 0, 'msg': 'success', 'data': None}
2025-10-14 00:38:03,394 - INFO - 'NoneType' object is not subscriptable
2025-10-14 00:38:03,395 - INFO - Traceback (most recent call last):
  File "/home/runner/work/qqnews/qqnews/qq.py", line 128, in main
    for i in qq1["data"]["list"]:
             ~~~~~~~~~~~^^^^^^^^
TypeError: 'NoneType' object is not subscriptable

2025-10-14 02:16:20,128 - INFO - Total time taken: {'ret': 0, 'msg': 'success', 'data': None}
2025-10-14 02:16:20,128 - INFO - 'NoneType' object is not subscriptable
2025-10-14 02:16:20,129 - INFO - Traceback (most recent call last):
  File "/home/runner/work/qqnews/qqnews/qq.py", line 128, in main
    for i in qq1["data"]["list"]:
             ~~~~~~~~~~~^^^^^^^^
TypeError: 'NoneType' object is not subscriptable

2025-10-14 03:26:37,232 - INFO - Total time taken: {'ret': 0, 'msg': 'success', 'data': None}
2025-10-14 03:26:37,232 - INFO - 'NoneType' object is not subscriptable
2025-10-14 03:26:37,233 - INFO - Traceback (most recent call last):
  File "/home/runner/work/qqnews/qqnews/qq.py", line 128, in main
    for i in qq1["data"]["list"]:
             ~~~~~~~~~~~^^^^^^^^
TypeError: 'NoneType' object is not subscriptable

