2025-06-13 00:42:02,295 - INFO - Total time taken: {'ret': 0, 'msg': 'success', 'data': None}
2025-06-13 00:42:02,295 - INFO - 'NoneType' object is not subscriptable
2025-06-13 00:42:02,296 - INFO - Traceback (most recent call last):
  File "/home/runner/work/qqnews/qqnews/qq.py", line 128, in main
    for i in qq1["data"]["list"]:
             ~~~~~~~~~~~^^^^^^^^
TypeError: 'NoneType' object is not subscriptable

2025-06-13 02:39:31,760 - INFO - Total time taken: {'ret': 0, 'msg': 'success', 'data': None}
2025-06-13 02:39:31,760 - INFO - 'NoneType' object is not subscriptable
2025-06-13 02:39:31,761 - INFO - Traceback (most recent call last):
  File "/home/runner/work/qqnews/qqnews/qq.py", line 128, in main
    for i in qq1["data"]["list"]:
             ~~~~~~~~~~~^^^^^^^^
TypeError: 'NoneType' object is not subscriptable

2025-06-13 03:40:48,884 - INFO - Total time taken: {'ret': 0, 'msg': 'success', 'data': None}
2025-06-13 03:40:48,884 - INFO - 'NoneType' object is not subscriptable
2025-06-13 03:40:48,885 - INFO - Traceback (most recent call last):
  File "/home/runner/work/qqnews/qqnews/qq.py", line 128, in main
    for i in qq1["data"]["list"]:
             ~~~~~~~~~~~^^^^^^^^
TypeError: 'NoneType' object is not subscriptable

2025-06-13 04:17:23,457 - INFO - Total time taken: {'ret': 0, 'msg': 'success', 'data': None}
2025-06-13 04:17:23,457 - INFO - 'NoneType' object is not subscriptable
2025-06-13 04:17:23,458 - INFO - Traceback (most recent call last):
  File "/home/runner/work/qqnews/qqnews/qq.py", line 128, in main
    for i in qq1["data"]["list"]:
             ~~~~~~~~~~~^^^^^^^^
TypeError: 'NoneType' object is not subscriptable

2025-06-13 05:09:29,435 - INFO - Total time taken: {'ret': 0, 'msg': 'success', 'data': None}
2025-06-13 05:09:29,435 - INFO - 'NoneType' object is not subscriptable
2025-06-13 05:09:29,435 - INFO - Traceback (most recent call last):
  File "/home/runner/work/qqnews/qqnews/qq.py", line 128, in main
    for i in qq1["data"]["list"]:
             ~~~~~~~~~~~^^^^^^^^
TypeError: 'NoneType' object is not subscriptable

2025-06-13 06:13:28,988 - INFO - Total time taken: {'ret': 0, 'msg': 'success', 'data': None}
2025-06-13 06:13:28,989 - INFO - 'NoneType' object is not subscriptable
2025-06-13 06:13:28,989 - INFO - Traceback (most recent call last):
  File "/home/runner/work/qqnews/qqnews/qq.py", line 128, in main
    for i in qq1["data"]["list"]:
             ~~~~~~~~~~~^^^^^^^^
TypeError: 'NoneType' object is not subscriptable

