2024-07-18 11:00:47,919 - INFO - EXPIRED
富豪父母骗孩子说家里很穷，想磨练孩子心性，你觉得这样教育孩子有效吗？
https://view.inews.qq.com/a/20240717Q06NOE00

2024-07-18 11:00:47,920 - INFO - EXPIRED
支行行长也想转岗，农村中小金融机构兼并重组“快进”：考核周周评比
https://new.qq.com/rain/a/20240717A0A2SO00

2024-07-18 11:00:47,920 - INFO - EXPIRED
夫妇驾房车出隧道失控侧翻 两名十多岁孩子坠桥受伤 路过司机及时施救
https://new.qq.com/rain/a/20240717A09RVU00

2024-07-18 11:00:47,920 - INFO - EXPIRED
地勤人员将旅客行李箱从楼梯上扔下，香港国泰航空道歉：员工已被开除
https://new.qq.com/rain/a/20240717V099U600

2024-07-18 11:00:47,920 - INFO - EXPIRED
在读研究生从机场打车10多公里被收337元 官方：具体处罚详情不便透露
https://new.qq.com/rain/a/20240717A09R9Q00

2024-07-18 11:00:47,920 - INFO - EXPIRED
委内瑞拉击落一架进入领空的运毒飞机，这类飞机有武器吗？一般怎么拦截？
https://view.inews.qq.com/a/20240717Q0ARQ100

2024-07-18 11:00:47,920 - INFO - EXPIRED
昔日国民服装品牌宣布：愿做大牌平替，创始人曾是浙江首富
https://new.qq.com/rain/a/20240717A04CEK00

2024-07-18 11:00:47,920 - INFO - EXPIRED
房贷“返点”潜规则抬头，北京有银行“返点”金额1%以上
https://new.qq.com/rain/a/20240717A0ARUN00

2024-07-18 11:00:47,920 - INFO - EXPIRED
国内价格战打不动了？光伏企业组团转战中东，多家拿下沙特大单
https://new.qq.com/rain/a/20240717A0AE8P00

2024-07-18 11:00:47,920 - INFO - EXPIRED
俄媒称一名朝鲜高官在莫斯科一湖泊独自游泳时溺亡 其遗体隔日被寻获 
https://new.qq.com/rain/a/20240717A0B0Q300

2024-07-18 11:00:47,920 - INFO - EXPIRED
暨南大学学生反映宿舍霉菌遍布甲醛超标 称有人因此发烧过敏 校方回应
https://new.qq.com/rain/a/20240717A08Z4Y00

2024-07-18 11:00:47,920 - INFO - EXPIRED
山东小伙每天通勤6小时上班，与北上广白领每天加班6小时相比，哪个更累？
https://view.inews.qq.com/a/20240717Q07QOX00

2024-07-18 11:00:47,920 - INFO - EXPIRED
博士生薪酬150万起：kimi们偏爱哪种毕业生
https://new.qq.com/rain/a/20240717A094TA00

2024-07-18 11:00:47,920 - INFO - EXPIRED
成都4宗宅地成交总额58.28亿元 中国海外发展24.23亿元竞得青羊区地块
https://new.qq.com/rain/a/20240717A09QHI00

2024-07-18 11:00:47,920 - INFO - EXPIRED
泰国曼谷酒店6名死者疑死于氰化物中毒，普通人有可能接触到氰化物吗？
https://view.inews.qq.com/a/20240717Q08CTX00

2024-07-18 11:00:47,920 - INFO - EXPIRED
海南一沙滩出现多块带钉子木板，派出所：正调查是否人为放置
https://new.qq.com/rain/a/20240717V03ZI000

2024-07-18 11:00:47,920 - INFO - EXPIRED
凤凰记者探访位于乌克兰的战俘营丨独家
https://new.qq.com/rain/a/20240717A06LUP00

2024-07-18 11:00:47,920 - INFO - EXPIRED
福州一业委会起诉物业索要停车收益，法院判决返还340万元
https://new.qq.com/rain/a/20240717A07RMA00

2024-07-18 11:00:47,920 - INFO - EXPIRED
厦门一小饭馆给拉客司机5-20元回扣，被认定贿赂罚100万，这样罚是不是太重？
https://view.inews.qq.com/a/20240717Q098HE00

2024-07-18 11:00:47,920 - INFO - EXPIRED
重新筹建的黄河大学将花落河南还是山东？河南抢先迈出一步
https://new.qq.com/rain/a/20240717A00PKX00

2024-07-18 11:00:47,920 - INFO - EXPIRED
四川自贡起火大楼的裙楼内部呈立体燃烧状态，什么是立体燃烧？容易扑灭吗？
https://view.inews.qq.com/a/20240717Q0AZT700

2024-07-18 11:00:47,920 - INFO - EXPIRED
江西教育反腐风暴：17名中学校长书记落马，含多所省重点中学
https://new.qq.com/rain/a/20240717A09CHH00

2024-07-18 11:00:47,920 - INFO - EXPIRED
韩媒：美国指控韩裔专家为韩国政府充当间谍，韩国家情报院回应
https://new.qq.com/rain/a/20240717A0ALF400

2024-07-18 11:00:47,920 - INFO - EXPIRED
黄金已经站上自有人类交易纪录以来最高价，我现在囤一点还来得及吗？
https://view.inews.qq.com/a/20240717Q09YJJ00

2024-07-18 11:00:47,920 - INFO - EXPIRED
英国议会开幕：国王查尔斯三世盛装出席并演讲，现首相前首相同框
https://new.qq.com/rain/a/20240717V0A83S00

2024-07-18 11:00:47,920 - INFO - EXPIRED
员工一年内因为多次迟到被扣20余万元工资，合理吗？法院判了
https://new.qq.com/rain/a/20240717A02CF600

2024-07-18 11:00:47,920 - INFO - EXPIRED
郭文贵在美被判欺诈罪名成立，拿追随者资金维持奢侈生活
https://new.qq.com/rain/a/20240717A09C6R00

2024-07-18 11:00:47,920 - INFO - EXPIRED
驻港部队赴国外参演，少将副司令员出镜
https://new.qq.com/rain/a/20240717A0A8YS00

2024-07-18 11:00:47,920 - INFO - EXPIRED
16岁男生身高仅1.56米，医生称睡眠不足为重要原因，经常熬夜会不长个吗？
https://view.inews.qq.com/a/20240716Q09P8600

2024-07-18 11:00:47,920 - INFO - EXPIRED
海南通报“40元桂林低价游”调查情况：涉事旅行社已被吊销许可
https://new.qq.com/rain/a/20240717A0A95100

2024-07-18 11:00:47,920 - INFO - EXPIRED
美国土安全部将调查特朗普遭枪击集会的安保措施
https://new.qq.com/rain/a/20240717A0A5OR00

2024-07-18 11:00:47,920 - INFO - EXPIRED
外媒：印度政府官员又透露，印度将加快向中国技术人员发放签证流程
https://new.qq.com/rain/a/20240717A09TJI00

2024-07-18 11:00:47,920 - INFO - EXPIRED
金融从业者周琼：主动大幅降息可能并非目前中国经济问题的解决之道
https://new.qq.com/rain/a/20240717A09SL400

2024-07-18 11:00:47,920 - INFO - EXPIRED
小饭馆因让司机拉客被罚100万，媒体：板子已高高举起，就看如何落下
https://new.qq.com/rain/a/20240717A03DHJ00

2024-07-18 11:00:47,920 - INFO - EXPIRED
成都一辆高合电车撞断路边三棵树，燃烧起火车内有人员伤亡，客服回应
https://new.qq.com/rain/a/20240717A09E7600

2024-07-18 11:00:47,920 - INFO - EXPIRED
落马当天还见报的“老虎”，23年敛财2.25亿
https://new.qq.com/rain/a/20240717A08AI400

2024-07-18 11:00:47,920 - INFO - EXPIRED
陕西礼泉悬赏百万寻被盗14年石狮，当时怎么拉走的？警方：柴油蹦蹦车
https://new.qq.com/rain/a/20240717A07SYY00

2024-07-18 11:00:47,920 - INFO - EXPIRED
饮用水跌回“1元时代”：农夫山泉0.74元/瓶，怡宝、娃哈哈等应战
https://new.qq.com/rain/a/20240717A08S1O00

2024-07-18 11:00:47,920 - INFO - EXPIRED
电动自行车碾压摔倒的环卫工人后逃逸，内蒙包头警方发布通报
https://new.qq.com/rain/a/20240717A07H6M00

2024-07-18 11:00:47,920 - INFO - EXPIRED
中菲将建立元首直接沟通方式防止南海局面失控？外交部回应
https://new.qq.com/rain/a/20240717A05W1Y00

2024-07-18 11:00:47,920 - INFO - EXPIRED
欧尔班致信提醒欧盟：如特朗普当选，支持乌克兰战争的财政负担将转移到欧盟身上
https://new.qq.com/rain/a/20240717A08P7Q00

2024-07-18 11:00:47,920 - INFO - EXPIRED
美国将于8月出台新规限制中国汽车软件
https://new.qq.com/rain/a/20240717A08RTN00

2024-07-18 11:00:47,920 - INFO - EXPIRED
华为车BU半年收入近百亿元，超过去两年总和
https://new.qq.com/rain/a/20240717A08CT200

2024-07-18 11:00:47,920 - INFO - EXPIRED
普华永道裁掉一半中国金融审计员工？回应：调整是艰难的决定
https://new.qq.com/rain/a/20240717A08LED00

2024-07-18 11:00:47,920 - INFO - EXPIRED
网传李佳琦直播间卖假和田玉，涉事公司美腕回应
https://new.qq.com/rain/a/20240717A07JRJ00

2024-07-18 11:00:47,920 - INFO - EXPIRED
40元游桂林4天3夜还包吃包住？媒体：地接社、组团社都不能放过
https://new.qq.com/rain/a/20240717A0608000

2024-07-18 11:00:48,689 - INFO - INVALID
中国公民在菲律宾被绑架杀害 公安机关：坚决将犯罪分子绳之以法
https://new.qq.com/rain/a/20240718A078YG00

2024-07-18 11:00:48,701 - INFO - INVALID
外媒：以色列国家安全部长再次进入耶路撒冷圣殿山，威胁破坏加沙停火谈判
https://new.qq.com/rain/a/20240718A08D4900

2024-07-18 11:00:48,743 - INFO - INVALID
中共二十届三中全会公报：接受秦刚同志辞职申请，免去秦刚同志中央委员会委员职务
https://new.qq.com/rain/a/20240718A07CYG00

2024-07-18 11:00:48,800 - INFO - INVALID
越南向联合国大陆架界限委员会提交南海外大陆架划界案，外交部：中方坚决反对
https://new.qq.com/rain/a/20240718A05V8000

2024-07-18 11:00:48,858 - INFO - INVALID
巴黎奥运村就餐区一半是素食，村长：“希望中国运动员探索世界美食”
https://new.qq.com/rain/a/20240718A06VXX00

2024-07-18 11:00:49,037 - INFO - INVALID
中日韩三国领导人会议后，日本派出知华政治家访问中国
https://new.qq.com/rain/a/20240718A06QP200

2024-07-18 11:00:49,057 - INFO - INVALID
全国医疗保障标准化工作组成立 将加快推进医疗保障标准化建设
https://new.qq.com/rain/a/20240718A05U1700

2024-07-18 11:00:49,093 - INFO - INVALID
非法收受财物2351万余元 国开行原副行长王用生受贿案一审开庭
https://new.qq.com/rain/a/20240718A06XMX00

2024-07-18 11:00:49,178 - INFO - INVALID
越共总书记阮富仲接受治疗，国家主席苏林负责指导越共中央政治局工作
https://new.qq.com/rain/a/20240718A0654J00

2024-07-18 11:00:49,182 - INFO - INVALID
加拿大外长乔利将于7月18日至20日来华访问
https://new.qq.com/rain/a/20240718A05P2C00

2024-07-18 11:00:49,369 - INFO - INVALID
男子称打车7公里收237元还要100元返程费？郑州：涉事司机罚款3200元
https://new.qq.com/rain/a/20240718A05H2100

2024-07-18 11:00:49,511 - INFO - INVALID
20多座高铁站“闲置”，还有救吗
https://new.qq.com/rain/a/20240718A046PD00

2024-07-18 11:00:49,522 - INFO - INVALID
港媒：美重量级企业高管团下周将访华
https://new.qq.com/rain/a/20240718A04M6900

2024-07-18 11:00:49,546 - INFO - EXIST
山东东阿一企业投资15亿元建算力中心 回应：已备案 项目不属财政投资
https://new.qq.com/rain/a/20240718A04U8A00

2024-07-18 11:00:49,559 - INFO - INVALID
主持人朱丹自曝被好友骗光所有积蓄，最新进展：对方被恢复执行1611万
https://new.qq.com/rain/a/20240718A01TRC00

2024-07-18 11:00:49,758 - INFO - INVALID
A股收评：创业板指低开高走涨1.25% 上证50、沪深300双双录得8连阳
https://new.qq.com/rain/a/20240718A05IUH00

2024-07-18 11:00:49,845 - INFO - INVALID
连续四个月未动，7月LPR会迎来不一样的降息吗？多家券商：20基点可期
https://new.qq.com/rain/a/20240718A03W1R00

2024-07-18 11:00:49,911 - ERROR - ERROR
中俄“海上联合-2024”演习圆满结束，分航现场双方隔海挥手告别
https://new.qq.com/rain/a/20240718V05BVF00
('list index out of range',)
======
Traceback (most recent call last):
  File "/home/runner/work/qqnews/qqnews/qq.py", line 81, in process_article
    ss = str(tmpbs.select("div.LEFT div.content.clearfix")[0])
             ~~~~~~~~~~~~~~~~~~~~~~~~~~~~~~~~~~~~~~~~~~~~~^^^
IndexError: list index out of range


2024-07-18 11:00:49,968 - INFO - INVALID
大连海事局：7月19日至21日黄海北部某海域执行实弹射击 船只禁止驶入
https://new.qq.com/rain/a/20240718A04Y7V00

2024-07-18 11:00:50,219 - ERROR - ERROR
一公司HR称为解压随机抽求职者辱骂，公司：伏天压力大，原谅一下
https://new.qq.com/rain/a/20240718V04LZB00
('list index out of range',)
======
Traceback (most recent call last):
  File "/home/runner/work/qqnews/qqnews/qq.py", line 81, in process_article
    ss = str(tmpbs.select("div.LEFT div.content.clearfix")[0])
             ~~~~~~~~~~~~~~~~~~~~~~~~~~~~~~~~~~~~~~~~~~~~~^^^
IndexError: list index out of range


2024-07-18 11:00:50,236 - INFO - INVALID
台积电 2024年第二季度净利润2478.5亿新台币，同比增长36.3%
https://new.qq.com/rain/a/20240718A04Q3Q00

2024-07-18 11:00:50,323 - ERROR - ERROR
航拍：巴西一河流遭工业废水污染 超10吨鱼尸层层叠叠漂浮水面
https://new.qq.com/rain/a/20240718V043PC00
('list index out of range',)
======
Traceback (most recent call last):
  File "/home/runner/work/qqnews/qqnews/qq.py", line 81, in process_article
    ss = str(tmpbs.select("div.LEFT div.content.clearfix")[0])
             ~~~~~~~~~~~~~~~~~~~~~~~~~~~~~~~~~~~~~~~~~~~~~^^^
IndexError: list index out of range


2024-07-18 11:00:50,328 - INFO - INVALID
中央纪委国家监委：推动加大对资本市场行贿行为的综合惩戒力度
https://new.qq.com/rain/a/20240718A02UKM00

2024-07-18 11:00:50,597 - INFO - INVALID
复旦大学物理学系团队发现新型高温超导体，成果发表于《自然》
https://new.qq.com/rain/a/20240718A018YF00

2024-07-18 11:00:50,707 - INFO - INVALID
十年换了7任行长，光大银行能否成为金融“黄埔军校”
https://new.qq.com/rain/a/20240718A03H3D00

2024-07-18 11:00:50,758 - ERROR - ERROR
光刻机巨头阿斯麦股价狂跌12.74%，发生了何事？美国要对它下手了？
https://view.inews.qq.com/a/20240718Q01F3V00
('list index out of range',)
======
Traceback (most recent call last):
  File "/home/runner/work/qqnews/qqnews/qq.py", line 81, in process_article
    ss = str(tmpbs.select("div.LEFT div.content.clearfix")[0])
             ~~~~~~~~~~~~~~~~~~~~~~~~~~~~~~~~~~~~~~~~~~~~~^^^
IndexError: list index out of range


2024-07-18 11:00:50,932 - ERROR - ERROR
新西兰两辆载中国游客大巴侧翻致4伤，车窗破碎乘客逃出车外
https://new.qq.com/rain/a/20240718V035SL00
('list index out of range',)
======
Traceback (most recent call last):
  File "/home/runner/work/qqnews/qqnews/qq.py", line 81, in process_article
    ss = str(tmpbs.select("div.LEFT div.content.clearfix")[0])
             ~~~~~~~~~~~~~~~~~~~~~~~~~~~~~~~~~~~~~~~~~~~~~^^^
IndexError: list index out of range


2024-07-18 11:00:50,992 - INFO - INVALID
广西崇左一加工车间发生闪爆 致1人死亡2人受伤
https://new.qq.com/rain/a/20240718A03TGV00

2024-07-18 11:00:51,028 - INFO - INVALID
想用AI机器人颠覆传统媒体？ 马斯克的Grok在特朗普遇刺中表现一团糟
https://new.qq.com/rain/a/20240718A03SF700

2024-07-18 11:00:51,064 - INFO - INVALID
上海一轿车撞击3车后冲上绿化带，警方：司机操作不当，造成2人受伤
https://new.qq.com/rain/a/20240718A02B7500

2024-07-18 11:00:51,320 - INFO - INVALID
中国游泳队10天被查近200次兴奋剂检测 工作人员：换成美国队早投诉了
https://new.qq.com/rain/a/20240718A0116800

2024-07-18 11:00:51,324 - INFO - INVALID
一线｜宗馥莉辞任娃哈哈总经理？第一大股东：情况正在核实中
https://new.qq.com/rain/a/20240718A039NN00

2024-07-18 11:00:51,338 - ERROR - ERROR
网传宗馥莉提出离职，宗庆后去世之后娃哈哈目前的权力格局是怎样的？
https://view.inews.qq.com/a/20240718Q03J7W00
('list index out of range',)
======
Traceback (most recent call last):
  File "/home/runner/work/qqnews/qqnews/qq.py", line 81, in process_article
    ss = str(tmpbs.select("div.LEFT div.content.clearfix")[0])
             ~~~~~~~~~~~~~~~~~~~~~~~~~~~~~~~~~~~~~~~~~~~~~^^^
IndexError: list index out of range


2024-07-18 11:00:51,361 - INFO - INVALID
万斯正式接受美国共和党副总统候选人提名
https://new.qq.com/rain/a/20240718A02RXP00

2024-07-18 11:00:51,515 - INFO - INVALID
中国公民在伊拉克埃尔比勒遇交通事故身亡！总领馆发安全提醒
https://new.qq.com/rain/a/20240718A01YXW00

2024-07-18 11:00:51,660 - INFO - INVALID
香港消委会就农夫山泉事件致歉
https://new.qq.com/rain/a/20240718A01BP300

2024-07-18 11:00:51,666 - INFO - INVALID
高校录取通知书被曝错字、印刷问题，媒体：反映软实力，还是走点心吧
https://new.qq.com/rain/a/20240718A0078500

2024-07-18 11:00:51,670 - INFO - INVALID
云南楚雄绕城高速施工高坠事故致1死，官方调查：死者不具备作业技能
https://new.qq.com/rain/a/20240718A02PVD00

2024-07-18 11:00:51,708 - INFO - INVALID
“太平洋岛国峰会”在东京开幕，“大多数与会国并不希望说中国坏话”
https://new.qq.com/rain/a/20240718A00S3A00

2024-07-18 11:00:51,974 - INFO - INVALID
前国际奥委会委员庞德：若美国调查越界可能失去奥运会举办权
https://new.qq.com/rain/a/20240718A000JB00

2024-07-18 11:00:52,010 - INFO - INVALID
苏浙粤连续10人调入东北：广东中小企业局局长杨淑鹏任哈尔滨副市长
https://new.qq.com/rain/a/20240718A00QER00

2024-07-18 11:00:52,047 - INFO - INVALID
新冠阳性后，拜登“开玩笑”发帖为自己竞选筹款，称“受够了马斯克和他的富人朋友”
https://new.qq.com/rain/a/20240718A019V700

2024-07-18 11:00:52,294 - ERROR - ERROR
人生是旷野，哪怕没房没车没稳定工作，复旦学霸也要到农村创业
https://new.qq.com/rain/a/20240718V01E0Y00
('list index out of range',)
======
Traceback (most recent call last):
  File "/home/runner/work/qqnews/qqnews/qq.py", line 81, in process_article
    ss = str(tmpbs.select("div.LEFT div.content.clearfix")[0])
             ~~~~~~~~~~~~~~~~~~~~~~~~~~~~~~~~~~~~~~~~~~~~~^^^
IndexError: list index out of range


2024-07-18 11:00:52,316 - ERROR - ERROR
英国取消世袭贵族在上议院的席位和投票权，世袭贵族在英国还有多大影响力？
https://view.inews.qq.com/a/20240718Q010G800
('list index out of range',)
======
Traceback (most recent call last):
  File "/home/runner/work/qqnews/qqnews/qq.py", line 81, in process_article
    ss = str(tmpbs.select("div.LEFT div.content.clearfix")[0])
             ~~~~~~~~~~~~~~~~~~~~~~~~~~~~~~~~~~~~~~~~~~~~~^^^
IndexError: list index out of range


2024-07-18 11:00:52,325 - ERROR - ERROR
四川一百货大楼火灾致16人遇难，为何这么像居民楼？消防角度看有何问题？
https://view.inews.qq.com/a/20240718Q01BRM00
('list index out of range',)
======
Traceback (most recent call last):
  File "/home/runner/work/qqnews/qqnews/qq.py", line 81, in process_article
    ss = str(tmpbs.select("div.LEFT div.content.clearfix")[0])
             ~~~~~~~~~~~~~~~~~~~~~~~~~~~~~~~~~~~~~~~~~~~~~^^^
IndexError: list index out of range


2024-07-18 11:00:52,331 - INFO - INVALID
以军称已打死哈马斯半数军事指挥官
https://new.qq.com/rain/a/20240718A00ST400

2024-07-18 11:00:52,444 - INFO - INVALID
探访奥运村：运动员单人床由两张纸板组装而成，床垫是渔网做的 
https://new.qq.com/rain/a/20240718A00TAV00

2024-07-18 11:00:52,615 - INFO - INVALID
美国执法部门在枪手对特朗普开枪前一小时已将其视为可疑人物
https://new.qq.com/rain/a/20240718A00LT100

2024-07-18 11:00:52,656 - INFO - INVALID
美国检察官就特朗普密件案起诉被驳回提起上诉
https://new.qq.com/rain/a/20240718A00SO600

2024-07-18 11:00:52,684 - INFO - INVALID
新任驻柬埔寨大使汪文斌向柬国王西哈莫尼递交国书
https://new.qq.com/rain/a/20240718A00S7H00

2024-07-18 11:00:52,764 - INFO - INVALID
煤炭、电力企业“冰火两重天”：21家煤企利润下滑，27家电企盈利攀升
https://new.qq.com/rain/a/20240718A00TJP00

2024-07-18 11:00:52,830 - INFO - INVALID
美联储《褐皮书》揭示经济放缓逆风渐起 官员齐唱“降息鸽声”
https://new.qq.com/rain/a/20240718A00HC500

2024-07-18 11:00:52,977 - INFO - INVALID
美股收盘：“特朗普交易”进入新阶段 纳指创2022年底以来最惨跌幅
https://new.qq.com/rain/a/20240718A00M9J00

2024-07-18 11:00:53,068 - INFO - INVALID
山东建设条件最复杂、惠及人口最多的铁路项目：日兰高铁今日全线贯通
https://new.qq.com/rain/a/20240718A00TGF00

