2025-12-16 00:44:06,522 - INFO - Total time taken: {'ret': 0, 'msg': 'success', 'data': None}
2025-12-16 00:44:06,522 - INFO - 'NoneType' object is not subscriptable
2025-12-16 00:44:06,523 - INFO - Traceback (most recent call last):
  File "/home/runner/work/qqnews/qqnews/qq.py", line 128, in main
    for i in qq1["data"]["list"]:
             ~~~~~~~~~~~^^^^^^^^
TypeError: 'NoneType' object is not subscriptable

2025-12-16 02:45:49,437 - INFO - Total time taken: {'ret': 0, 'msg': 'success', 'data': None}
2025-12-16 02:45:49,437 - INFO - 'NoneType' object is not subscriptable
2025-12-16 02:45:49,437 - INFO - Traceback (most recent call last):
  File "/home/runner/work/qqnews/qqnews/qq.py", line 128, in main
    for i in qq1["data"]["list"]:
             ~~~~~~~~~~~^^^^^^^^
TypeError: 'NoneType' object is not subscriptable

2025-12-16 03:51:22,432 - INFO - Total time taken: {'ret': 0, 'msg': 'success', 'data': None}
2025-12-16 03:51:22,433 - INFO - 'NoneType' object is not subscriptable
2025-12-16 03:51:22,433 - INFO - Traceback (most recent call last):
  File "/home/runner/work/qqnews/qqnews/qq.py", line 128, in main
    for i in qq1["data"]["list"]:
             ~~~~~~~~~~~^^^^^^^^
TypeError: 'NoneType' object is not subscriptable

2025-12-16 04:24:33,488 - INFO - Total time taken: {'ret': 0, 'msg': 'success', 'data': None}
2025-12-16 04:24:33,488 - INFO - 'NoneType' object is not subscriptable
2025-12-16 04:24:33,489 - INFO - Traceback (most recent call last):
  File "/home/runner/work/qqnews/qqnews/qq.py", line 128, in main
    for i in qq1["data"]["list"]:
             ~~~~~~~~~~~^^^^^^^^
TypeError: 'NoneType' object is not subscriptable

2025-12-16 05:12:57,100 - INFO - Total time taken: {'ret': 0, 'msg': 'success', 'data': None}
2025-12-16 05:12:57,100 - INFO - 'NoneType' object is not subscriptable
2025-12-16 05:12:57,101 - INFO - Traceback (most recent call last):
  File "/home/runner/work/qqnews/qqnews/qq.py", line 128, in main
    for i in qq1["data"]["list"]:
             ~~~~~~~~~~~^^^^^^^^
TypeError: 'NoneType' object is not subscriptable

2025-12-16 06:15:35,702 - INFO - Total time taken: {'ret': 0, 'msg': 'success', 'data': None}
2025-12-16 06:15:35,703 - INFO - 'NoneType' object is not subscriptable
2025-12-16 06:15:35,703 - INFO - Traceback (most recent call last):
  File "/home/runner/work/qqnews/qqnews/qq.py", line 128, in main
    for i in qq1["data"]["list"]:
             ~~~~~~~~~~~^^^^^^^^
TypeError: 'NoneType' object is not subscriptable

