2025-08-28 00:38:38,520 - INFO - Total time taken: {'ret': 0, 'msg': 'success', 'data': None}
2025-08-28 00:38:38,520 - INFO - 'NoneType' object is not subscriptable
2025-08-28 00:38:38,520 - INFO - Traceback (most recent call last):
  File "/home/runner/work/qqnews/qqnews/qq.py", line 128, in main
    for i in qq1["data"]["list"]:
             ~~~~~~~~~~~^^^^^^^^
TypeError: 'NoneType' object is not subscriptable

2025-08-28 02:18:56,872 - INFO - Total time taken: {'ret': 0, 'msg': 'success', 'data': None}
2025-08-28 02:18:56,872 - INFO - 'NoneType' object is not subscriptable
2025-08-28 02:18:56,873 - INFO - Traceback (most recent call last):
  File "/home/runner/work/qqnews/qqnews/qq.py", line 128, in main
    for i in qq1["data"]["list"]:
             ~~~~~~~~~~~^^^^^^^^
TypeError: 'NoneType' object is not subscriptable

2025-08-28 03:28:18,591 - INFO - Total time taken: {'ret': 0, 'msg': 'success', 'data': None}
2025-08-28 03:28:18,591 - INFO - 'NoneType' object is not subscriptable
2025-08-28 03:28:18,591 - INFO - Traceback (most recent call last):
  File "/home/runner/work/qqnews/qqnews/qq.py", line 128, in main
    for i in qq1["data"]["list"]:
             ~~~~~~~~~~~^^^^^^^^
TypeError: 'NoneType' object is not subscriptable

2025-08-28 04:01:21,712 - INFO - Total time taken: {'ret': 0, 'msg': 'success', 'data': None}
2025-08-28 04:01:21,712 - INFO - 'NoneType' object is not subscriptable
2025-08-28 04:01:21,712 - INFO - Traceback (most recent call last):
  File "/home/runner/work/qqnews/qqnews/qq.py", line 128, in main
    for i in qq1["data"]["list"]:
             ~~~~~~~~~~~^^^^^^^^
TypeError: 'NoneType' object is not subscriptable

2025-08-28 05:01:10,743 - INFO - Total time taken: {'ret': 0, 'msg': 'success', 'data': None}
2025-08-28 05:01:10,743 - INFO - 'NoneType' object is not subscriptable
2025-08-28 05:01:10,743 - INFO - Traceback (most recent call last):
  File "/home/runner/work/qqnews/qqnews/qq.py", line 128, in main
    for i in qq1["data"]["list"]:
             ~~~~~~~~~~~^^^^^^^^
TypeError: 'NoneType' object is not subscriptable

2025-08-28 06:13:15,688 - INFO - Total time taken: {'ret': 0, 'msg': 'success', 'data': None}
2025-08-28 06:13:15,688 - INFO - 'NoneType' object is not subscriptable
2025-08-28 06:13:15,689 - INFO - Traceback (most recent call last):
  File "/home/runner/work/qqnews/qqnews/qq.py", line 128, in main
    for i in qq1["data"]["list"]:
             ~~~~~~~~~~~^^^^^^^^
TypeError: 'NoneType' object is not subscriptable

2025-08-28 07:01:12,304 - INFO - Total time taken: {'ret': 0, 'msg': 'success', 'data': None}
2025-08-28 07:01:12,304 - INFO - 'NoneType' object is not subscriptable
2025-08-28 07:01:12,304 - INFO - Traceback (most recent call last):
  File "/home/runner/work/qqnews/qqnews/qq.py", line 128, in main
    for i in qq1["data"]["list"]:
             ~~~~~~~~~~~^^^^^^^^
TypeError: 'NoneType' object is not subscriptable

2025-08-28 08:11:39,972 - INFO - Total time taken: {'ret': 0, 'msg': 'success', 'data': None}
2025-08-28 08:11:39,972 - INFO - 'NoneType' object is not subscriptable
2025-08-28 08:11:39,972 - INFO - Traceback (most recent call last):
  File "/home/runner/work/qqnews/qqnews/qq.py", line 128, in main
    for i in qq1["data"]["list"]:
             ~~~~~~~~~~~^^^^^^^^
TypeError: 'NoneType' object is not subscriptable

