2026-01-10 00:44:19,206 - INFO - Total time taken: {'ret': 0, 'msg': 'success', 'data': None}
2026-01-10 00:44:19,206 - INFO - 'NoneType' object is not subscriptable
2026-01-10 00:44:19,206 - INFO - Traceback (most recent call last):
  File "/home/runner/work/qqnews/qqnews/qq.py", line 128, in main
    for i in qq1["data"]["list"]:
             ~~~~~~~~~~~^^^^^^^^
TypeError: 'NoneType' object is not subscriptable

2026-01-10 02:44:54,970 - INFO - Total time taken: {'ret': 0, 'msg': 'success', 'data': None}
2026-01-10 02:44:54,971 - INFO - 'NoneType' object is not subscriptable
2026-01-10 02:44:54,971 - INFO - Traceback (most recent call last):
  File "/home/runner/work/qqnews/qqnews/qq.py", line 128, in main
    for i in qq1["data"]["list"]:
             ~~~~~~~~~~~^^^^^^^^
TypeError: 'NoneType' object is not subscriptable

2026-01-10 03:49:52,318 - INFO - Total time taken: {'ret': 0, 'msg': 'success', 'data': None}
2026-01-10 03:49:52,319 - INFO - 'NoneType' object is not subscriptable
2026-01-10 03:49:52,319 - INFO - Traceback (most recent call last):
  File "/home/runner/work/qqnews/qqnews/qq.py", line 128, in main
    for i in qq1["data"]["list"]:
             ~~~~~~~~~~~^^^^^^^^
TypeError: 'NoneType' object is not subscriptable

2026-01-10 04:23:08,084 - INFO - Total time taken: {'ret': 0, 'msg': 'success', 'data': None}
2026-01-10 04:23:08,085 - INFO - 'NoneType' object is not subscriptable
2026-01-10 04:23:08,085 - INFO - Traceback (most recent call last):
  File "/home/runner/work/qqnews/qqnews/qq.py", line 128, in main
    for i in qq1["data"]["list"]:
             ~~~~~~~~~~~^^^^^^^^
TypeError: 'NoneType' object is not subscriptable

2026-01-10 05:11:44,244 - INFO - Total time taken: {'ret': 0, 'msg': 'success', 'data': None}
2026-01-10 05:11:44,244 - INFO - 'NoneType' object is not subscriptable
2026-01-10 05:11:44,244 - INFO - Traceback (most recent call last):
  File "/home/runner/work/qqnews/qqnews/qq.py", line 128, in main
    for i in qq1["data"]["list"]:
             ~~~~~~~~~~~^^^^^^^^
TypeError: 'NoneType' object is not subscriptable

2026-01-10 06:13:48,412 - INFO - Total time taken: {'ret': 0, 'msg': 'success', 'data': None}
2026-01-10 06:13:48,412 - INFO - 'NoneType' object is not subscriptable
2026-01-10 06:13:48,413 - INFO - Traceback (most recent call last):
  File "/home/runner/work/qqnews/qqnews/qq.py", line 128, in main
    for i in qq1["data"]["list"]:
             ~~~~~~~~~~~^^^^^^^^
TypeError: 'NoneType' object is not subscriptable

