2025-08-16 00:40:15,524 - INFO - Total time taken: {'ret': 0, 'msg': 'success', 'data': None}
2025-08-16 00:40:15,525 - INFO - 'NoneType' object is not subscriptable
2025-08-16 00:40:15,525 - INFO - Traceback (most recent call last):
  File "/home/runner/work/qqnews/qqnews/qq.py", line 128, in main
    for i in qq1["data"]["list"]:
             ~~~~~~~~~~~^^^^^^^^
TypeError: 'NoneType' object is not subscriptable

2025-08-16 02:27:56,080 - INFO - Total time taken: {'ret': 0, 'msg': 'success', 'data': None}
2025-08-16 02:27:56,080 - INFO - 'NoneType' object is not subscriptable
2025-08-16 02:27:56,081 - INFO - Traceback (most recent call last):
  File "/home/runner/work/qqnews/qqnews/qq.py", line 128, in main
    for i in qq1["data"]["list"]:
             ~~~~~~~~~~~^^^^^^^^
TypeError: 'NoneType' object is not subscriptable

2025-08-16 03:38:59,521 - INFO - Total time taken: {'ret': 0, 'msg': 'success', 'data': None}
2025-08-16 03:38:59,521 - INFO - 'NoneType' object is not subscriptable
2025-08-16 03:38:59,521 - INFO - Traceback (most recent call last):
  File "/home/runner/work/qqnews/qqnews/qq.py", line 128, in main
    for i in qq1["data"]["list"]:
             ~~~~~~~~~~~^^^^^^^^
TypeError: 'NoneType' object is not subscriptable

2025-08-16 04:14:12,282 - INFO - Total time taken: {'ret': 0, 'msg': 'success', 'data': None}
2025-08-16 04:14:12,282 - INFO - 'NoneType' object is not subscriptable
2025-08-16 04:14:12,282 - INFO - Traceback (most recent call last):
  File "/home/runner/work/qqnews/qqnews/qq.py", line 128, in main
    for i in qq1["data"]["list"]:
             ~~~~~~~~~~~^^^^^^^^
TypeError: 'NoneType' object is not subscriptable

2025-08-16 05:08:59,868 - INFO - Total time taken: {'ret': 0, 'msg': 'success', 'data': None}
2025-08-16 05:08:59,868 - INFO - 'NoneType' object is not subscriptable
2025-08-16 05:08:59,868 - INFO - Traceback (most recent call last):
  File "/home/runner/work/qqnews/qqnews/qq.py", line 128, in main
    for i in qq1["data"]["list"]:
             ~~~~~~~~~~~^^^^^^^^
TypeError: 'NoneType' object is not subscriptable

2025-08-16 06:11:55,396 - INFO - Total time taken: {'ret': 0, 'msg': 'success', 'data': None}
2025-08-16 06:11:55,396 - INFO - 'NoneType' object is not subscriptable
2025-08-16 06:11:55,397 - INFO - Traceback (most recent call last):
  File "/home/runner/work/qqnews/qqnews/qq.py", line 128, in main
    for i in qq1["data"]["list"]:
             ~~~~~~~~~~~^^^^^^^^
TypeError: 'NoneType' object is not subscriptable

2025-08-16 07:01:27,828 - INFO - Total time taken: {'ret': 0, 'msg': 'success', 'data': None}
2025-08-16 07:01:27,828 - INFO - 'NoneType' object is not subscriptable
2025-08-16 07:01:27,828 - INFO - Traceback (most recent call last):
  File "/home/runner/work/qqnews/qqnews/qq.py", line 128, in main
    for i in qq1["data"]["list"]:
             ~~~~~~~~~~~^^^^^^^^
TypeError: 'NoneType' object is not subscriptable

2025-08-16 08:11:09,917 - INFO - Total time taken: {'ret': 0, 'msg': 'success', 'data': None}
2025-08-16 08:11:09,917 - INFO - 'NoneType' object is not subscriptable
2025-08-16 08:11:09,917 - INFO - Traceback (most recent call last):
  File "/home/runner/work/qqnews/qqnews/qq.py", line 128, in main
    for i in qq1["data"]["list"]:
             ~~~~~~~~~~~^^^^^^^^
TypeError: 'NoneType' object is not subscriptable

2025-08-16 09:01:07,844 - INFO - Total time taken: {'ret': 0, 'msg': 'success', 'data': None}
2025-08-16 09:01:07,844 - INFO - 'NoneType' object is not subscriptable
2025-08-16 09:01:07,845 - INFO - Traceback (most recent call last):
  File "/home/runner/work/qqnews/qqnews/qq.py", line 128, in main
    for i in qq1["data"]["list"]:
             ~~~~~~~~~~~^^^^^^^^
TypeError: 'NoneType' object is not subscriptable

2025-08-16 10:01:18,457 - INFO - Total time taken: {'ret': 0, 'msg': 'success', 'data': None}
2025-08-16 10:01:18,458 - INFO - 'NoneType' object is not subscriptable
2025-08-16 10:01:18,458 - INFO - Traceback (most recent call last):
  File "/home/runner/work/qqnews/qqnews/qq.py", line 128, in main
    for i in qq1["data"]["list"]:
             ~~~~~~~~~~~^^^^^^^^
TypeError: 'NoneType' object is not subscriptable

2025-08-16 11:01:06,873 - INFO - Total time taken: {'ret': 0, 'msg': 'success', 'data': None}
2025-08-16 11:01:06,873 - INFO - 'NoneType' object is not subscriptable
2025-08-16 11:01:06,873 - INFO - Traceback (most recent call last):
  File "/home/runner/work/qqnews/qqnews/qq.py", line 128, in main
    for i in qq1["data"]["list"]:
             ~~~~~~~~~~~^^^^^^^^
TypeError: 'NoneType' object is not subscriptable

2025-08-16 12:14:05,477 - INFO - Total time taken: {'ret': 0, 'msg': 'success', 'data': None}
2025-08-16 12:14:05,477 - INFO - 'NoneType' object is not subscriptable
2025-08-16 12:14:05,477 - INFO - Traceback (most recent call last):
  File "/home/runner/work/qqnews/qqnews/qq.py", line 128, in main
    for i in qq1["data"]["list"]:
             ~~~~~~~~~~~^^^^^^^^
TypeError: 'NoneType' object is not subscriptable

2025-08-16 13:19:23,997 - INFO - Total time taken: {'ret': 0, 'msg': 'success', 'data': None}
2025-08-16 13:19:23,997 - INFO - 'NoneType' object is not subscriptable
2025-08-16 13:19:23,997 - INFO - Traceback (most recent call last):
  File "/home/runner/work/qqnews/qqnews/qq.py", line 128, in main
    for i in qq1["data"]["list"]:
             ~~~~~~~~~~~^^^^^^^^
TypeError: 'NoneType' object is not subscriptable

2025-08-16 14:01:04,654 - INFO - Total time taken: {'ret': 0, 'msg': 'success', 'data': None}
2025-08-16 14:01:04,654 - INFO - 'NoneType' object is not subscriptable
2025-08-16 14:01:04,654 - INFO - Traceback (most recent call last):
  File "/home/runner/work/qqnews/qqnews/qq.py", line 128, in main
    for i in qq1["data"]["list"]:
             ~~~~~~~~~~~^^^^^^^^
TypeError: 'NoneType' object is not subscriptable

