2025-07-15 00:45:00,217 - INFO - Total time taken: {'ret': 0, 'msg': 'success', 'data': None}
2025-07-15 00:45:00,217 - INFO - 'NoneType' object is not subscriptable
2025-07-15 00:45:00,217 - INFO - Traceback (most recent call last):
  File "/home/runner/work/qqnews/qqnews/qq.py", line 128, in main
    for i in qq1["data"]["list"]:
             ~~~~~~~~~~~^^^^^^^^
TypeError: 'NoneType' object is not subscriptable

2025-07-15 02:51:56,986 - INFO - Total time taken: {'ret': 0, 'msg': 'success', 'data': None}
2025-07-15 02:51:56,986 - INFO - 'NoneType' object is not subscriptable
2025-07-15 02:51:56,987 - INFO - Traceback (most recent call last):
  File "/home/runner/work/qqnews/qqnews/qq.py", line 128, in main
    for i in qq1["data"]["list"]:
             ~~~~~~~~~~~^^^^^^^^
TypeError: 'NoneType' object is not subscriptable

2025-07-15 03:53:42,842 - INFO - Total time taken: {'ret': 0, 'msg': 'success', 'data': None}
2025-07-15 03:53:42,842 - INFO - 'NoneType' object is not subscriptable
2025-07-15 03:53:42,842 - INFO - Traceback (most recent call last):
  File "/home/runner/work/qqnews/qqnews/qq.py", line 128, in main
    for i in qq1["data"]["list"]:
             ~~~~~~~~~~~^^^^^^^^
TypeError: 'NoneType' object is not subscriptable

2025-07-15 04:29:30,199 - INFO - Total time taken: {'ret': 0, 'msg': 'success', 'data': None}
2025-07-15 04:29:30,199 - INFO - 'NoneType' object is not subscriptable
2025-07-15 04:29:30,200 - INFO - Traceback (most recent call last):
  File "/home/runner/work/qqnews/qqnews/qq.py", line 128, in main
    for i in qq1["data"]["list"]:
             ~~~~~~~~~~~^^^^^^^^
TypeError: 'NoneType' object is not subscriptable

2025-07-15 05:15:38,076 - INFO - Total time taken: {'ret': 0, 'msg': 'success', 'data': None}
2025-07-15 05:15:38,077 - INFO - 'NoneType' object is not subscriptable
2025-07-15 05:15:38,077 - INFO - Traceback (most recent call last):
  File "/home/runner/work/qqnews/qqnews/qq.py", line 128, in main
    for i in qq1["data"]["list"]:
             ~~~~~~~~~~~^^^^^^^^
TypeError: 'NoneType' object is not subscriptable

2025-07-15 06:14:24,897 - INFO - Total time taken: {'ret': 0, 'msg': 'success', 'data': None}
2025-07-15 06:14:24,897 - INFO - 'NoneType' object is not subscriptable
2025-07-15 06:14:24,898 - INFO - Traceback (most recent call last):
  File "/home/runner/work/qqnews/qqnews/qq.py", line 128, in main
    for i in qq1["data"]["list"]:
             ~~~~~~~~~~~^^^^^^^^
TypeError: 'NoneType' object is not subscriptable

2025-07-15 07:13:00,642 - INFO - Total time taken: {'ret': 0, 'msg': 'success', 'data': None}
2025-07-15 07:13:00,642 - INFO - 'NoneType' object is not subscriptable
2025-07-15 07:13:00,643 - INFO - Traceback (most recent call last):
  File "/home/runner/work/qqnews/qqnews/qq.py", line 128, in main
    for i in qq1["data"]["list"]:
             ~~~~~~~~~~~^^^^^^^^
TypeError: 'NoneType' object is not subscriptable

2025-07-15 08:13:37,689 - INFO - Total time taken: {'ret': 0, 'msg': 'success', 'data': None}
2025-07-15 08:13:37,689 - INFO - 'NoneType' object is not subscriptable
2025-07-15 08:13:37,690 - INFO - Traceback (most recent call last):
  File "/home/runner/work/qqnews/qqnews/qq.py", line 128, in main
    for i in qq1["data"]["list"]:
             ~~~~~~~~~~~^^^^^^^^
TypeError: 'NoneType' object is not subscriptable

2025-07-15 09:18:29,196 - INFO - Total time taken: {'ret': 0, 'msg': 'success', 'data': None}
2025-07-15 09:18:29,196 - INFO - 'NoneType' object is not subscriptable
2025-07-15 09:18:29,197 - INFO - Traceback (most recent call last):
  File "/home/runner/work/qqnews/qqnews/qq.py", line 128, in main
    for i in qq1["data"]["list"]:
             ~~~~~~~~~~~^^^^^^^^
TypeError: 'NoneType' object is not subscriptable

2025-07-15 10:10:17,266 - INFO - Total time taken: {'ret': 0, 'msg': 'success', 'data': None}
2025-07-15 10:10:17,266 - INFO - 'NoneType' object is not subscriptable
2025-07-15 10:10:17,266 - INFO - Traceback (most recent call last):
  File "/home/runner/work/qqnews/qqnews/qq.py", line 128, in main
    for i in qq1["data"]["list"]:
             ~~~~~~~~~~~^^^^^^^^
TypeError: 'NoneType' object is not subscriptable

2025-07-15 11:01:25,775 - INFO - Total time taken: {'ret': 0, 'msg': 'success', 'data': None}
2025-07-15 11:01:25,775 - INFO - 'NoneType' object is not subscriptable
2025-07-15 11:01:25,776 - INFO - Traceback (most recent call last):
  File "/home/runner/work/qqnews/qqnews/qq.py", line 128, in main
    for i in qq1["data"]["list"]:
             ~~~~~~~~~~~^^^^^^^^
TypeError: 'NoneType' object is not subscriptable

2025-07-15 12:17:24,518 - INFO - Total time taken: {'ret': 0, 'msg': 'success', 'data': None}
2025-07-15 12:17:24,518 - INFO - 'NoneType' object is not subscriptable
2025-07-15 12:17:24,518 - INFO - Traceback (most recent call last):
  File "/home/runner/work/qqnews/qqnews/qq.py", line 128, in main
    for i in qq1["data"]["list"]:
             ~~~~~~~~~~~^^^^^^^^
TypeError: 'NoneType' object is not subscriptable

2025-07-15 13:29:14,082 - INFO - Total time taken: {'ret': 0, 'msg': 'success', 'data': None}
2025-07-15 13:29:14,082 - INFO - 'NoneType' object is not subscriptable
2025-07-15 13:29:14,082 - INFO - Traceback (most recent call last):
  File "/home/runner/work/qqnews/qqnews/qq.py", line 128, in main
    for i in qq1["data"]["list"]:
             ~~~~~~~~~~~^^^^^^^^
TypeError: 'NoneType' object is not subscriptable

2025-07-15 14:10:57,934 - INFO - Total time taken: {'ret': 0, 'msg': 'success', 'data': None}
2025-07-15 14:10:57,934 - INFO - 'NoneType' object is not subscriptable
2025-07-15 14:10:57,934 - INFO - Traceback (most recent call last):
  File "/home/runner/work/qqnews/qqnews/qq.py", line 128, in main
    for i in qq1["data"]["list"]:
             ~~~~~~~~~~~^^^^^^^^
TypeError: 'NoneType' object is not subscriptable

2025-07-15 15:09:01,642 - INFO - Total time taken: {'ret': 0, 'msg': 'success', 'data': None}
2025-07-15 15:09:01,642 - INFO - 'NoneType' object is not subscriptable
2025-07-15 15:09:01,642 - INFO - Traceback (most recent call last):
  File "/home/runner/work/qqnews/qqnews/qq.py", line 128, in main
    for i in qq1["data"]["list"]:
             ~~~~~~~~~~~^^^^^^^^
TypeError: 'NoneType' object is not subscriptable

2025-07-15 16:11:22,934 - INFO - Total time taken: {'ret': 0, 'msg': 'success', 'data': None}
2025-07-15 16:11:22,934 - INFO - 'NoneType' object is not subscriptable
2025-07-15 16:11:22,935 - INFO - Traceback (most recent call last):
  File "/home/runner/work/qqnews/qqnews/qq.py", line 128, in main
    for i in qq1["data"]["list"]:
             ~~~~~~~~~~~^^^^^^^^
TypeError: 'NoneType' object is not subscriptable

2025-07-15 17:08:50,286 - INFO - Total time taken: {'ret': 0, 'msg': 'success', 'data': None}
2025-07-15 17:08:50,286 - INFO - 'NoneType' object is not subscriptable
2025-07-15 17:08:50,287 - INFO - Traceback (most recent call last):
  File "/home/runner/work/qqnews/qqnews/qq.py", line 128, in main
    for i in qq1["data"]["list"]:
             ~~~~~~~~~~~^^^^^^^^
TypeError: 'NoneType' object is not subscriptable

2025-07-15 18:13:21,733 - INFO - Total time taken: {'ret': 0, 'msg': 'success', 'data': None}
2025-07-15 18:13:21,733 - INFO - 'NoneType' object is not subscriptable
2025-07-15 18:13:21,734 - INFO - Traceback (most recent call last):
  File "/home/runner/work/qqnews/qqnews/qq.py", line 128, in main
    for i in qq1["data"]["list"]:
             ~~~~~~~~~~~^^^^^^^^
TypeError: 'NoneType' object is not subscriptable

2025-07-15 19:09:41,610 - INFO - Total time taken: {'ret': 0, 'msg': 'success', 'data': None}
2025-07-15 19:09:41,610 - INFO - 'NoneType' object is not subscriptable
2025-07-15 19:09:41,610 - INFO - Traceback (most recent call last):
  File "/home/runner/work/qqnews/qqnews/qq.py", line 128, in main
    for i in qq1["data"]["list"]:
             ~~~~~~~~~~~^^^^^^^^
TypeError: 'NoneType' object is not subscriptable

2025-07-15 20:10:27,218 - INFO - Total time taken: {'ret': 0, 'msg': 'success', 'data': None}
2025-07-15 20:10:27,218 - INFO - 'NoneType' object is not subscriptable
2025-07-15 20:10:27,219 - INFO - Traceback (most recent call last):
  File "/home/runner/work/qqnews/qqnews/qq.py", line 128, in main
    for i in qq1["data"]["list"]:
             ~~~~~~~~~~~^^^^^^^^
TypeError: 'NoneType' object is not subscriptable

2025-07-15 21:02:01,347 - INFO - Total time taken: {'ret': 0, 'msg': 'success', 'data': None}
2025-07-15 21:02:01,347 - INFO - 'NoneType' object is not subscriptable
2025-07-15 21:02:01,348 - INFO - Traceback (most recent call last):
  File "/home/runner/work/qqnews/qqnews/qq.py", line 128, in main
    for i in qq1["data"]["list"]:
             ~~~~~~~~~~~^^^^^^^^
TypeError: 'NoneType' object is not subscriptable

