2026-01-14 00:46:55,460 - INFO - Total time taken: {'ret': 0, 'msg': 'success', 'data': None}
2026-01-14 00:46:55,460 - INFO - 'NoneType' object is not subscriptable
2026-01-14 00:46:55,461 - INFO - Traceback (most recent call last):
  File "/home/runner/work/qqnews/qqnews/qq.py", line 128, in main
    for i in qq1["data"]["list"]:
             ~~~~~~~~~~~^^^^^^^^
TypeError: 'NoneType' object is not subscriptable

2026-01-14 02:57:07,576 - INFO - Total time taken: {'ret': 0, 'msg': 'success', 'data': None}
2026-01-14 02:57:07,576 - INFO - 'NoneType' object is not subscriptable
2026-01-14 02:57:07,576 - INFO - Traceback (most recent call last):
  File "/home/runner/work/qqnews/qqnews/qq.py", line 128, in main
    for i in qq1["data"]["list"]:
             ~~~~~~~~~~~^^^^^^^^
TypeError: 'NoneType' object is not subscriptable

2026-01-14 04:04:16,549 - INFO - Total time taken: {'ret': 0, 'msg': 'success', 'data': None}
2026-01-14 04:04:16,549 - INFO - 'NoneType' object is not subscriptable
2026-01-14 04:04:16,549 - INFO - Traceback (most recent call last):
  File "/home/runner/work/qqnews/qqnews/qq.py", line 128, in main
    for i in qq1["data"]["list"]:
             ~~~~~~~~~~~^^^^^^^^
TypeError: 'NoneType' object is not subscriptable

2026-01-14 05:14:31,996 - INFO - Total time taken: {'ret': 0, 'msg': 'success', 'data': None}
2026-01-14 05:14:31,996 - INFO - 'NoneType' object is not subscriptable
2026-01-14 05:14:31,996 - INFO - Traceback (most recent call last):
  File "/home/runner/work/qqnews/qqnews/qq.py", line 128, in main
    for i in qq1["data"]["list"]:
             ~~~~~~~~~~~^^^^^^^^
TypeError: 'NoneType' object is not subscriptable

2026-01-14 06:16:21,246 - INFO - Total time taken: {'ret': 0, 'msg': 'success', 'data': None}
2026-01-14 06:16:21,247 - INFO - 'NoneType' object is not subscriptable
2026-01-14 06:16:21,247 - INFO - Traceback (most recent call last):
  File "/home/runner/work/qqnews/qqnews/qq.py", line 128, in main
    for i in qq1["data"]["list"]:
             ~~~~~~~~~~~^^^^^^^^
TypeError: 'NoneType' object is not subscriptable

2026-01-14 07:15:12,993 - INFO - Total time taken: {'ret': 0, 'msg': 'success', 'data': None}
2026-01-14 07:15:12,994 - INFO - 'NoneType' object is not subscriptable
2026-01-14 07:15:12,994 - INFO - Traceback (most recent call last):
  File "/home/runner/work/qqnews/qqnews/qq.py", line 128, in main
    for i in qq1["data"]["list"]:
             ~~~~~~~~~~~^^^^^^^^
TypeError: 'NoneType' object is not subscriptable

2026-01-14 08:14:30,073 - INFO - Total time taken: {'ret': 0, 'msg': 'success', 'data': None}
2026-01-14 08:14:30,073 - INFO - 'NoneType' object is not subscriptable
2026-01-14 08:14:30,073 - INFO - Traceback (most recent call last):
  File "/home/runner/work/qqnews/qqnews/qq.py", line 128, in main
    for i in qq1["data"]["list"]:
             ~~~~~~~~~~~^^^^^^^^
TypeError: 'NoneType' object is not subscriptable

2026-01-14 09:17:22,084 - INFO - Total time taken: {'ret': 0, 'msg': 'success', 'data': None}
2026-01-14 09:17:22,085 - INFO - 'NoneType' object is not subscriptable
2026-01-14 09:17:22,085 - INFO - Traceback (most recent call last):
  File "/home/runner/work/qqnews/qqnews/qq.py", line 128, in main
    for i in qq1["data"]["list"]:
             ~~~~~~~~~~~^^^^^^^^
TypeError: 'NoneType' object is not subscriptable

2026-01-14 10:12:35,801 - INFO - Total time taken: {'ret': 0, 'msg': 'success', 'data': None}
2026-01-14 10:12:35,802 - INFO - 'NoneType' object is not subscriptable
2026-01-14 10:12:35,802 - INFO - Traceback (most recent call last):
  File "/home/runner/work/qqnews/qqnews/qq.py", line 128, in main
    for i in qq1["data"]["list"]:
             ~~~~~~~~~~~^^^^^^^^
TypeError: 'NoneType' object is not subscriptable

2026-01-14 11:11:28,001 - INFO - Total time taken: {'ret': 0, 'msg': 'success', 'data': None}
2026-01-14 11:11:28,001 - INFO - 'NoneType' object is not subscriptable
2026-01-14 11:11:28,002 - INFO - Traceback (most recent call last):
  File "/home/runner/work/qqnews/qqnews/qq.py", line 128, in main
    for i in qq1["data"]["list"]:
             ~~~~~~~~~~~^^^^^^^^
TypeError: 'NoneType' object is not subscriptable

2026-01-14 12:18:51,321 - INFO - Total time taken: {'ret': 0, 'msg': 'success', 'data': None}
2026-01-14 12:18:51,321 - INFO - 'NoneType' object is not subscriptable
2026-01-14 12:18:51,322 - INFO - Traceback (most recent call last):
  File "/home/runner/work/qqnews/qqnews/qq.py", line 128, in main
    for i in qq1["data"]["list"]:
             ~~~~~~~~~~~^^^^^^^^
TypeError: 'NoneType' object is not subscriptable

