2026-01-24 00:44:22,443 - INFO - Total time taken: {'ret': 0, 'msg': 'success', 'data': None}
2026-01-24 00:44:22,443 - INFO - 'NoneType' object is not subscriptable
2026-01-24 00:44:22,443 - INFO - Traceback (most recent call last):
  File "/home/runner/work/qqnews/qqnews/qq.py", line 128, in main
    for i in qq1["data"]["list"]:
             ~~~~~~~~~~~^^^^^^^^
TypeError: 'NoneType' object is not subscriptable

2026-01-24 02:47:14,760 - INFO - Total time taken: {'ret': 0, 'msg': 'success', 'data': None}
2026-01-24 02:47:14,760 - INFO - 'NoneType' object is not subscriptable
2026-01-24 02:47:14,760 - INFO - Traceback (most recent call last):
  File "/home/runner/work/qqnews/qqnews/qq.py", line 128, in main
    for i in qq1["data"]["list"]:
             ~~~~~~~~~~~^^^^^^^^
TypeError: 'NoneType' object is not subscriptable

2026-01-24 03:53:24,686 - INFO - Total time taken: {'ret': 0, 'msg': 'success', 'data': None}
2026-01-24 03:53:24,687 - INFO - 'NoneType' object is not subscriptable
2026-01-24 03:53:24,687 - INFO - Traceback (most recent call last):
  File "/home/runner/work/qqnews/qqnews/qq.py", line 128, in main
    for i in qq1["data"]["list"]:
             ~~~~~~~~~~~^^^^^^^^
TypeError: 'NoneType' object is not subscriptable

