2024-08-17 00:29:15,487 - INFO - EXPIRED
江苏南通一废旧航母在拆除改造时发生火灾，这艘航母从哪来的？
https://view.inews.qq.com/a/20240816Q0A2AT00

2024-08-17 00:29:15,487 - INFO - EXPIRED
出国旅游发条朋友圈流量费1.6万元？上海市通信管理局回应
https://new.qq.com/rain/a/20240816A09WLE00

2024-08-17 00:29:15,487 - INFO - EXPIRED
紧张戒备了一周，“特大地震”未发生，日本社会反思“狼来了”的背后
https://new.qq.com/rain/a/20240815A07OYC00

2024-08-17 00:29:15,487 - INFO - EXPIRED
深度 | 他信之女佩通坦当选泰国总理，“分蛋糕”会更艰难？
https://new.qq.com/rain/a/20240816A06LLI00

2024-08-17 00:29:15,487 - INFO - EXPIRED
外卖骑手在送餐过程中受伤 要求公司申请工伤认定遭拒 法院：认定双方存在劳动关系
https://new.qq.com/rain/a/20240816A09ECH00

2024-08-17 00:29:15,487 - INFO - EXPIRED
父亲逼迫三幼童跪马路中间，他这样做违法吗？会被如何处罚？
https://view.inews.qq.com/a/20240816Q08ZEK00

2024-08-17 00:29:15,488 - INFO - EXPIRED
河北唐山又一厅官落马：曾任副市长的曹全民通报被查
https://new.qq.com/rain/a/20240816A09Z2700

2024-08-17 00:29:15,488 - INFO - EXPIRED
1对1｜专访苏炳添：如果一辈子都拿不到奥运金牌，苏神为何还要坚持
https://new.qq.com/rain/a/20240816V0A6A500

2024-08-17 00:29:15,488 - INFO - EXPIRED
女实习医生被奸杀引发全国抗议，印度医师团体：至少30万医护人员走上街头
https://new.qq.com/rain/a/20240816A09FZ700

2024-08-17 00:29:15,488 - INFO - EXPIRED
阿富汗首位女省长的“漫长战争”
https://new.qq.com/rain/a/20240816A069OF00

2024-08-17 00:29:15,488 - INFO - EXPIRED
韩国前总统文在寅夫妇金融账户被扣押搜查，韩国检方认为有人试图行贿
https://new.qq.com/rain/a/20240816A088MB00

2024-08-17 00:29:15,488 - INFO - EXPIRED
网传某公职人员与女子不雅聊天记录，广西柳州：涉事人员停职配合调查
https://new.qq.com/rain/a/20240816A09LLR00

2024-08-17 00:29:15,488 - INFO - EXPIRED
台公布所谓恶性撞船事件调查结论，国台办：不能接受
https://new.qq.com/rain/a/20240816A09SF600

2024-08-17 00:29:15,488 - INFO - EXPIRED
女子称被酒店前台泄露房间密码险遭强奸，店方承认好心做错事 知情人：刑事立案复核中
https://new.qq.com/rain/a/20240816A08FSG00

2024-08-17 00:29:15,488 - INFO - EXPIRED
比高铁还快，比亚迪仰望U9飙出375公里每小时极速，冲击这种速度意义何在？
https://view.inews.qq.com/a/20240816Q09C7200

2024-08-17 00:29:15,488 - INFO - EXPIRED
河南一事业单位41人入职后遭清退？当地人社局回应
https://new.qq.com/rain/a/20240816A05RZL00

2024-08-17 00:29:15,488 - INFO - EXPIRED
杭州一超市老板娘疑因穿着清凉被围观，附近商户称被殃及骚扰
https://new.qq.com/rain/a/20240816A0A2NU00

2024-08-17 00:29:15,488 - INFO - EXPIRED
苹果上长出的菌菇后续来了 课题组给发现者寄来3斤多白参菌 发现者尝后称越吃越有味道
https://new.qq.com/rain/a/20240816A08C0K00

2024-08-17 00:29:15,488 - INFO - EXPIRED
“红袖章大爷”驱赶卖玩具小贩，双方发生冲突？青岛文旅部门：正核查
https://new.qq.com/rain/a/20240816A07SFB00

2024-08-17 00:29:15,488 - INFO - EXPIRED
运动器材还是管制器械？郯城弓箭伤人背后的“盲区”
https://new.qq.com/rain/a/20240816A09NVS00

2024-08-17 00:29:15,488 - INFO - EXPIRED
网友举报四川达州一蚁商为垄断市场在溶洞投放蟑螂药，当地：正处理
https://new.qq.com/rain/a/20240816A09CNS00

2024-08-17 00:29:15,488 - INFO - EXPIRED
离婚冷静期制度与离婚自由是否冲突？民政部解读
https://new.qq.com/rain/a/20240816A0A1FI00

2024-08-17 00:29:15,488 - INFO - EXPIRED
江苏南通一废旧航母在拆除改造时发生火灾，官方：无人员伤亡
https://new.qq.com/rain/a/20240816A09D4X00

2024-08-17 00:29:15,488 - INFO - EXPIRED
时代少年团演唱会难听火上热搜，七家粉丝互相甩锅，全开麦玩脱了
https://new.qq.com/rain/a/20240816V09Z2C00

2024-08-17 00:29:15,488 - INFO - EXPIRED
网传王自如离职 格力电器未予回应 有经销商称“确认”
https://new.qq.com/rain/a/20240816A09YVZ00

2024-08-17 00:29:15,488 - INFO - EXPIRED
美联储降息预期推动黄金升至2500美元 刷新纪录新高
https://new.qq.com/rain/a/20240816A09RUP00

2024-08-17 00:29:15,488 - INFO - EXPIRED
评论丨一年“消灭”近800万亩玉米，如何反思孙志刚的“瞎指挥”？
https://new.qq.com/rain/a/20240816A07MPZ00

2024-08-17 00:29:15,488 - INFO - EXPIRED
老人尼泊尔旅游后话费账单一万六，漫游收费无上限合理吗？是否该多次提醒？
https://view.inews.qq.com/a/20240816Q0700W00

2024-08-17 00:29:15,488 - INFO - EXPIRED
6月中国增持119亿美债，日本减持106亿，为什么两大债主会发生背离？
https://view.inews.qq.com/a/20240816Q015F800

2024-08-17 00:29:15,488 - INFO - EXPIRED
25岁女孩腹部抽脂永久丧失生育能力，为何抽脂能影响到卵巢功能？常见吗？
https://view.inews.qq.com/a/20240816Q079HT00

2024-08-17 00:29:15,488 - INFO - EXPIRED
9岁女生被老师砸成重伤案一审，被告当庭翻供称做假动作时三角尺脱手
https://new.qq.com/rain/a/20240816A08KAS00

2024-08-17 00:29:15,488 - INFO - EXPIRED
王毅：为缅甸实现稳定、和解和发展发挥建设性作用
https://new.qq.com/rain/a/20240816A08WZZ00

2024-08-17 00:29:15,488 - INFO - EXPIRED
37岁的她：泰国最年轻总理，也是他信家族第四位总理
https://new.qq.com/rain/a/20240816A06U6O00

2024-08-17 00:29:15,488 - INFO - EXPIRED
重拳出击！中纪委发文强调深化整治医药腐败
https://new.qq.com/rain/a/20240816A08DYF00

2024-08-17 00:29:15,488 - INFO - EXPIRED
菲律宾海警船擅自进入仙宾礁潟湖并长时间滞留？中方回应
https://new.qq.com/rain/a/20240816A08A3B00

2024-08-17 00:29:15,488 - INFO - EXPIRED
女生篡改同学高考志愿被刑拘，此前已有多人被判刑，教育部提醒
https://new.qq.com/rain/a/20240816A088JV00

2024-08-17 00:29:15,488 - INFO - EXPIRED
出国旅游发了条朋友圈，话费16000元？运营商回应
https://new.qq.com/rain/a/20240816A07A6L00

2024-08-17 00:29:15,488 - INFO - EXPIRED
最高法政治部主任李成林参加王佳佳法官遗体告别仪式
https://new.qq.com/rain/a/20240816A08RPD00

2024-08-17 00:29:15,488 - INFO - EXPIRED
知网“控诉”秘塔AI搜索侵权：立即断开我司网站链接
https://new.qq.com/rain/a/20240816A08WGK00

2024-08-17 00:29:15,488 - INFO - EXPIRED
王自如疑似从格力离职，5天前还出席会议
https://new.qq.com/rain/a/20240816A07DEV00

2024-08-17 00:29:15,488 - INFO - EXPIRED
医院里哪个科室属于“人少活少钱还多”的香饽饽？想进去要什么条件？
https://view.inews.qq.com/a/20240816Q04C3J00

2024-08-17 00:29:15,488 - INFO - EXPIRED
河南漯河遇害女法官王佳佳开豪车？官方：谣言，将追究造谣传谣者责任
https://new.qq.com/rain/a/20240816A08PU400

2024-08-17 00:29:15,488 - INFO - EXPIRED
网传佛山南海三幼童被罚跪马路中间，官方通报来了！
https://new.qq.com/rain/a/20240816A06ZZU00

2024-08-17 00:29:15,488 - INFO - EXPIRED
旅客进入驾驶舱还找机长签名？业内称若属实机组将面临处罚，海航回应
https://new.qq.com/rain/a/20240816A091BR00

2024-08-17 00:29:15,488 - INFO - EXPIRED
李强：要更加有力扩大内需，以提振消费为重点，针对性采取措施
https://new.qq.com/rain/a/20240816A08V7R00

2024-08-17 00:29:15,488 - INFO - EXPIRED
证监会：上半年查办证券期货违法案件489件 合计罚没款金额85亿余元
https://new.qq.com/rain/a/20240816A08BJQ00

2024-08-17 00:29:15,488 - INFO - EXPIRED
阿里不想再学拼多多了
https://new.qq.com/rain/a/20240816A07UDB00

2024-08-17 00:29:15,488 - INFO - EXPIRED
王自如疑似从格力离职，真实情况什么样？和限高令有关吗？
https://view.inews.qq.com/a/20240816Q07VGD00

2024-08-17 00:29:15,488 - INFO - EXPIRED
姐弟追讨父亲的198万元死亡赔偿金：大伯代管近八年后不还 堂姐妹对峙
https://new.qq.com/rain/a/20240816A041IH00

2024-08-17 00:29:15,488 - INFO - EXPIRED
清北网红CEO刘光耀官宣离婚：前妻为药企掌门人，事涉千万借款和代孕
https://new.qq.com/rain/a/20240816A06S0H00

2024-08-17 00:29:15,488 - INFO - EXPIRED
中国轰炸机首次从俄罗斯起飞，美媒：怀疑美国能否战胜中俄联合力量
https://new.qq.com/rain/a/20240816A061KN00

2024-08-17 00:29:15,488 - INFO - EXPIRED
杭州地铁一女子被曝多次触摸旁边大爷，构成猥亵吗？大爷该如何维权？
https://view.inews.qq.com/a/20240816Q02VO600

2024-08-17 00:29:15,488 - INFO - EXPIRED
城管为阻止非法流动摊贩摆摊，将共享单车扔在路中间挡路？南京通报
https://new.qq.com/rain/a/20240816A06QWX00

2024-08-17 00:29:15,488 - INFO - EXPIRED
中方对锑等出口管制，外媒紧盯：将给美欧军队带来真正压力
https://new.qq.com/rain/a/20240816A03WMU00

2024-08-17 00:29:15,488 - INFO - EXPIRED
海南琼海市妇幼保健院涉“孕妇冒名分娩”，6名医务人员被处罚
https://new.qq.com/rain/a/20240816A038BF00

2024-08-17 00:29:15,488 - INFO - EXPIRED
男子强奸未遂监视居住时杀害19岁堂妹：一审判处死刑，赔偿7.8万
https://new.qq.com/rain/a/20240816A033S600

2024-08-17 00:29:15,488 - INFO - EXPIRED
拟录取两名20岁以下的考生？河南监狱管理局：决定对其中一人不予录用
https://new.qq.com/rain/a/20240816A06MM700

2024-08-17 00:29:15,489 - INFO - EXPIRED
电商业务带动营收稳增至143亿元，李宁称线下经营环境仍面临挑战
https://new.qq.com/rain/a/20240816A07Q5E00

2024-08-17 00:29:15,489 - INFO - EXPIRED
2000亿资产的邯郸银行惊雷：61岁董事长遇害，本可退休超期服役
https://new.qq.com/rain/a/20240816A05V8U00

2024-08-17 00:29:15,489 - INFO - EXPIRED
现代经销商“逼宫”：提车不够会被扣款，曾经的神车伊兰特只卖7万
https://new.qq.com/rain/a/20240816A04SL300

2024-08-17 00:29:15,489 - INFO - EXPIRED
七部门：进一步做好汽车以旧换新有关工作 提高报废更新补贴标准
https://new.qq.com/rain/a/20240816A07FIC00

2024-08-17 00:29:15,489 - INFO - EXPIRED
缅北地区获救中国男子讲述死里逃生经历：目睹有人被电棍戳后颈部
https://new.qq.com/rain/a/20240816V06UMS00

2024-08-17 00:29:15,489 - INFO - EXPIRED
融资寒冬、IPO失败、并购受阻，国产芯片正在经历大浪淘沙
https://new.qq.com/rain/a/20240816A06ROC00

2024-08-17 00:29:15,489 - INFO - EXPIRED
国台办：民进党当局歪曲惩“独”措施、混淆违法行为和两岸正常交流
https://new.qq.com/rain/a/20240816A06XSN00

2024-08-17 00:29:15,489 - INFO - EXPIRED
美将对菲军援5亿美元助菲方应对中国海警，国防部：美日唯恐南海不乱
https://new.qq.com/rain/a/20240816A05XX700

2024-08-17 00:29:15,489 - INFO - EXPIRED
284名运动员出征！巴黎残奥会中国体育代表团成立
https://new.qq.com/rain/a/20240816A06E2K00

2024-08-17 00:29:15,489 - INFO - EXPIRED
港股收评：指数高开高走，恒生科技指数涨2.21%，京东物流涨近22%
https://new.qq.com/rain/a/20240816A068Q900

2024-08-17 00:29:15,489 - INFO - EXPIRED
网商银行因多项违规被罚735万，回应：诚恳接受，已基本完成整改
https://new.qq.com/rain/a/20240816A06GX100

2024-08-17 00:29:15,489 - INFO - EXPIRED
徐峥：《逆行人生》不是鸡汤，体验送外卖一天跑12单
https://new.qq.com/rain/a/20240816V062QW00

2024-08-17 00:29:15,489 - INFO - EXPIRED
特勤局为特朗普增加总统同款安保设备，是和下任老板打好关系吗？
https://view.inews.qq.com/a/20240816Q056G300

2024-08-17 00:29:15,489 - INFO - EXPIRED
商务部：进一步放宽外国投资者战略投资上市公司的限制
https://new.qq.com/rain/a/20240816A06E3600

2024-08-17 00:29:15,489 - INFO - EXPIRED
冀光恒改造平安银行：半年裁员2300人 最大压力来自零售业务
https://new.qq.com/rain/a/20240816A06DIC00

2024-08-17 00:29:15,489 - INFO - EXPIRED
“我怎么办案不用你教我”，黑龙江一市监局人员接举报后被指消极工作
https://new.qq.com/rain/a/20240816A041IL00

2024-08-17 00:29:15,489 - INFO - EXPIRED
他信之女，被选为泰国新总理
https://new.qq.com/rain/a/20240816A04NXK00

2024-08-17 00:29:15,489 - INFO - EXPIRED
网友举报成都一特训学校殴打学生还冒充民警，当地多部门介入调查
https://new.qq.com/rain/a/20240816A03NQV00

2024-08-17 00:29:15,489 - INFO - EXPIRED
绝味食品被证监会立案，问题严重吗？为何鸭脖大王3年多市值蒸发500多亿？
https://view.inews.qq.com/a/20240816Q03EUK00

2024-08-17 00:29:15,489 - INFO - EXPIRED
总统亲自带队，巴勒斯坦整个领导层将前往加沙，为何此时去？行程危险吗？
https://view.inews.qq.com/a/20240816Q02MMP00

2024-08-17 00:29:15,489 - INFO - EXPIRED
考编大省推进“事转企”，“铁饭碗”还香吗
https://new.qq.com/rain/a/20240816A042ZC00

2024-08-17 00:29:15,489 - INFO - EXPIRED
9岁女生被老师投掷三角尺嵌入头部，治疗一年后遗症严重，案件将开庭
https://new.qq.com/rain/a/20240815A0A1S300

2024-08-17 00:29:15,489 - INFO - EXPIRED
富士康暂时不走，河南松了口气
https://new.qq.com/rain/a/20240816A048R900

2024-08-17 00:29:15,489 - INFO - EXPIRED
业主因树木疯长存隐患砍伐后被罚款，处罚合理吗？门外绿化树有隐患如何正确处理？
https://view.inews.qq.com/a/20240816Q019IC00

2024-08-17 00:29:15,489 - INFO - EXPIRED
北京市石景山区回应开展不明原因肺炎疫情防控应急演练：属于常规演练
https://new.qq.com/rain/a/20240816A030DQ00

2024-08-17 00:29:15,489 - INFO - EXPIRED
江西武功山漂流涨水致1死1伤 游客：听不懂方言通知 景区也未安装广播
https://new.qq.com/rain/a/20240816A03O6W00

2024-08-17 00:29:15,489 - INFO - EXPIRED
自媒体测评小米SU7对撞极氪007引热议，这是炒作吗？暴露了哪些问题？
https://view.inews.qq.com/a/20240815Q06PZJ00

2024-08-17 00:29:15,489 - INFO - EXPIRED
拜登称自己在“找工作”，你有什么妙招？美国总统卸任后还需要找工作吗？
https://view.inews.qq.com/a/20240816Q043XL00

2024-08-17 00:29:15,489 - INFO - EXPIRED
美媒曝出“北溪”爆炸事件系乌克兰所为后，乌总统办公室顾问连忙否认
https://new.qq.com/rain/a/20240816A025JI00

2024-08-17 00:29:15,489 - INFO - EXPIRED
“智障男子抢劫案”改判无罪后续：法院决定赔偿234万余元
https://new.qq.com/rain/a/20240816A00XZR00

2024-08-17 00:29:15,489 - INFO - EXPIRED
大学生说唱歌词暗讽农民工，为了押韵就可以随便diss吗？什么样的才算好词？
https://view.inews.qq.com/a/20240815Q0505500

2024-08-17 00:29:15,489 - INFO - EXPIRED
河北唐山“工人先锋号”时隔一年突然撤销，已发证书收回？官方回应
https://new.qq.com/rain/a/20240815A09KMI00

2024-08-17 00:29:15,489 - INFO - EXPIRED
俄乌两军交战“你打你的我打我的”，主力完全无纠缠，为何会出现这种局面？
https://view.inews.qq.com/a/20240816Q028S100

2024-08-17 00:29:15,489 - INFO - EXPIRED
长荣桂冠酒店已取消区域划分，此前拒挂中国国旗、官网区分中国和台湾
https://new.qq.com/rain/a/20240816A02SA900

2024-08-17 00:29:15,975 - INFO - INVALID
婚姻登记中取消户口簿是否会导致重婚、骗婚？民政部回应
https://new.qq.com/rain/a/20240817A00SUJ00

2024-08-17 00:29:15,980 - INFO - INVALID
美国共和党副总统候选人万斯所乘飞机出现紧急情况迫降
https://new.qq.com/rain/a/20240817A00I8100

2024-08-17 00:29:15,985 - INFO - INVALID
以官员：哈马斯武装力量已几乎被消灭，以军在加沙地带作战已基本结束
https://new.qq.com/rain/a/20240817A00P2200

2024-08-17 00:29:15,990 - INFO - INVALID
近期菜价为何持续上涨
https://new.qq.com/rain/a/20240817A00MQN00

2024-08-17 00:29:16,001 - INFO - INVALID
王自如在格力的一千多个日夜
https://new.qq.com/rain/a/20240817A00CUH00

2024-08-17 00:29:16,208 - INFO - INVALID
登记结婚不再需要户口簿？背后原因其实与你想的不一样
https://new.qq.com/rain/a/20240817A0005300

2024-08-17 00:29:16,214 - INFO - INVALID
美国总统大选辩论将于9月10日在费城举行
https://new.qq.com/rain/a/20240817A00IC800

2024-08-17 00:29:16,227 - INFO - SUCCESS
美股收盘： 标普、纳指连涨7天 三大指数同创今年最大单周涨幅
https://new.qq.com/rain/a/20240817A00N7N00

2024-08-17 00:29:16,524 - INFO - INVALID
央行行长潘功胜：我国金融体系总体稳健 有序化解重点领域金融风险
https://new.qq.com/rain/a/20240817A00QPJ00

