2024-11-17 00:39:07,429 - INFO - EXPIRED
俄罗斯宣布临时限制向美出口浓缩铀
https://new.qq.com/rain/a/20241116A06TJM00

2024-11-17 00:39:07,429 - INFO - EXPIRED
5吨多黄金“蒸发”？浙江富豪出逃，有员工投了上千万，已倾家荡产
https://new.qq.com/rain/a/20241116A06HRT00

2024-11-17 00:39:07,429 - INFO - EXPIRED
活久见！28楼业主在外立面开墙搭梯，称若有火灾方便跑 城管：损坏承重结构，责令修复加固
https://new.qq.com/rain/a/20241116A07WRU00

2024-11-17 00:39:07,429 - INFO - EXPIRED
58岁泰森回归首战不敌27岁网红拳手，表现如何？拳击手的职业生涯寿命多长？
https://view.inews.qq.com/a/20241116Q07BM600

2024-11-17 00:39:07,429 - INFO - EXPIRED
男子称快递370克黄金被“代签收”损失20余万，类似案件多地曝出
https://new.qq.com/rain/a/20241116A055BW00

2024-11-17 00:39:07,429 - INFO - EXPIRED
江苏无锡一学院发生持刀伤人事件 致8死17伤
https://new.qq.com/rain/a/20241116A081J400

2024-11-17 00:39:07,429 - INFO - EXPIRED
起底猪饲养员高薪之谜：单人管理5000头猪，有人年薪70万
https://new.qq.com/rain/a/20241116A058H500

2024-11-17 00:39:07,429 - INFO - EXPIRED
泽连斯基吐槽：美国承诺向乌克兰提供的军援，我们连一半都没收到
https://new.qq.com/rain/a/20241116A07XZI00

2024-11-17 00:39:07,429 - INFO - EXPIRED
江苏盐城有村干部被曝工作日聚餐饮酒 当地：并非全是村干部 正在调查
https://new.qq.com/rain/a/20241116A06D4S00

2024-11-17 00:39:07,429 - INFO - EXPIRED
从4年缩短至4个月！马斯克超算建设速度吓坏对手
https://new.qq.com/rain/a/20241116A07PUZ00

2024-11-17 00:39:07,429 - INFO - EXPIRED
商务部部长会见日本经济产业大臣：就日方半导体出口管制等交换意见
https://new.qq.com/rain/a/20241116A07VMA00

2024-11-17 00:39:07,429 - INFO - EXPIRED
高智商、0薪酬、每周工作80小时，马斯克政府效率部在线招人，这能招到吗？
https://view.inews.qq.com/a/20241115Q069VW00

2024-11-17 00:39:07,429 - INFO - EXPIRED
男子丢失38吨稻谷，警方不作为、态度差还称想投诉就投诉？派出所回应
https://new.qq.com/rain/a/20241116A07EK700

2024-11-17 00:39:07,429 - INFO - EXPIRED
湖南桑植火灾7人遇难 目击者称听到两次爆炸声 不少人逃到楼顶被救下
https://new.qq.com/rain/a/20241116A07OPG00

2024-11-17 00:39:07,429 - INFO - EXPIRED
成都AG超玩会4比2战胜重庆狼队，斩获队史第四冠！
https://new.qq.com/rain/a/20241116A07P3100

2024-11-17 00:39:07,429 - INFO - EXPIRED
美国核动力潜艇被渔船渔网缠住，渔船的渔网这么结实吗？这有多危险？
https://view.inews.qq.com/a/20241116Q0588J00

2024-11-17 00:39:07,429 - INFO - EXPIRED
深圳计划鼓励并购重组 已经起草征求意见稿
https://new.qq.com/rain/a/20241116A07DHT00

2024-11-17 00:39:07,430 - INFO - EXPIRED
深一度｜58岁泰森不敌网红拳手？这是没有输家的金钱大戏
https://new.qq.com/rain/a/20241116A04RIP00

2024-11-17 00:39:07,430 - INFO - EXPIRED
安徽一高校男生扮女装进女浴室偷拍？同班女生怒斥“丢脸”，校方回应
https://new.qq.com/rain/a/20241116A06P4L00

2024-11-17 00:39:07,430 - INFO - EXPIRED
欧盟外长博雷利“最后一搏”：质疑以色列摧毁“西方秩序”
https://new.qq.com/rain/a/20241116A0387F00

2024-11-17 00:39:07,430 - INFO - EXPIRED
四川一名95后罪犯4年怀孕产子3次，被质疑“逃避坐牢”
https://new.qq.com/rain/a/20241116A065BE00

2024-11-17 00:39:07,430 - INFO - EXPIRED
江西一县卫健委喊话在编人员返岗背后：有人因收入问题“躺平”
https://new.qq.com/rain/a/20241116A058PE00

2024-11-17 00:39:07,430 - INFO - EXPIRED
“弗吉尼亚”号核动力攻击潜艇被渔网“捕获” 美方：赔偿得走流程
https://new.qq.com/rain/a/20241116A05OFR00

2024-11-17 00:39:07,430 - INFO - EXPIRED
波兰即将重开驻朝鲜使馆
https://new.qq.com/rain/a/20241116A06BDL00

2024-11-17 00:39:07,430 - INFO - EXPIRED
泽连斯基：努力确保明年以外交手段结束俄乌冲突
https://new.qq.com/rain/a/20241116A05ZT800

2024-11-17 00:39:07,430 - INFO - EXPIRED
湖南五层居民楼清晨起火 知情者称一家七口不幸遇难 疑似死者亲属发声
https://new.qq.com/rain/a/20241116A04FRP00

2024-11-17 00:39:07,430 - INFO - EXPIRED
对标迈巴赫和霍希！华为首款百万级行政轿车尊界S800大揭秘
https://new.qq.com/rain/a/20241116V0741S00

2024-11-17 00:39:07,430 - INFO - EXPIRED
“十四五”以来获批国产创新药市场规模达1000亿元
https://new.qq.com/rain/a/20241116A05XS500

2024-11-17 00:39:07,430 - INFO - EXPIRED
一线｜月之暗面发布推理模型，即将上线数学模型k0-math
https://new.qq.com/rain/a/20241116A0658C00

2024-11-17 00:39:07,430 - INFO - EXPIRED
大风降温都来了！全国冰冻线进程图出炉，这些地方雨雪天气持续在线
https://new.qq.com/rain/a/20241116A0587G00

2024-11-17 00:39:07,430 - INFO - EXPIRED
7.7万名村干部被立案背后
https://new.qq.com/rain/a/20241116A04VFD00

2024-11-17 00:39:07,430 - INFO - EXPIRED
出场费超2000万美元！58岁泰森重返擂台打满8回合，不敌27岁网红拳手
https://new.qq.com/rain/a/20241116A04D5T00

2024-11-17 00:39:07,430 - INFO - EXPIRED
男子被当成猎物枪杀，中枪后曾走百余米打电话求救，警方正对枪支溯源
https://new.qq.com/rain/a/20241116A03U0P00

2024-11-17 00:39:07,430 - INFO - EXPIRED
太原一小区安装玻璃工人作业时，连同吊装机从33楼坠落致死？多方回应
https://new.qq.com/rain/a/20241116A0455J00

2024-11-17 00:39:07,430 - INFO - EXPIRED
直播运营总监是高中学历？国企董事长：小县城招人太难 就他一人报名
https://new.qq.com/rain/a/20241115V0A4CT00

2024-11-17 00:39:07,430 - INFO - EXPIRED
肯德基门店回应全国下架预制类产品：收到统一下架通知
https://new.qq.com/rain/a/20241115A09E9900

2024-11-17 00:39:07,430 - INFO - EXPIRED
陕西一举报腐败问题的电话竟是空号，当地警方：将会跟进处理
https://new.qq.com/rain/a/20241115A08KV800

2024-11-17 00:39:07,430 - INFO - EXPIRED
山西男子骑车撞上供热管道身亡 官方：涉事区域非使用道路且设有警示
https://new.qq.com/rain/a/20241116A059OU00

2024-11-17 00:39:07,430 - INFO - EXPIRED
郭沫若之子、著名钢琴家郭志鸿因突发心脏病逝世，享年92岁
https://new.qq.com/rain/a/20241116A0383F00

2024-11-17 00:39:07,430 - INFO - EXPIRED
被锁黑屋、洒水车喷全身，长沙一业主称维权时遭无礼对待，开发商回应
https://new.qq.com/rain/a/20241116A01IID00

2024-11-17 00:39:07,430 - INFO - EXPIRED
学生质问学校有钱建草堂无钱修宿舍后 教体局：漏水问题已解决
https://new.qq.com/rain/a/20241116A03U1100

2024-11-17 00:39:07,430 - INFO - EXPIRED
湖南通过重磅文件，涉及高校整合优化、学科专业停招
https://new.qq.com/rain/a/20241116A029HQ00

2024-11-17 00:39:07,430 - INFO - EXPIRED
新华社两记者安徽采访遇袭，媒体：严惩凶徒后，仍需彻查工程质量问题
https://new.qq.com/rain/a/20241116A017CK00

2024-11-17 00:39:07,430 - INFO - EXPIRED
媒体：一敲就碎的井盖，是如何成为井盖的
https://new.qq.com/rain/a/20241115A0A2L000

2024-11-17 00:39:07,430 - INFO - EXPIRED
隐秘疯长，花样“收割”新股民 起底荐股“刺客”
https://new.qq.com/rain/a/20241116A01RYV00

2024-11-17 00:39:07,430 - INFO - EXPIRED
江苏一女孩坠河，母亲和哥哥为救她溺亡？殡仪馆：收到一对母子遗体
https://new.qq.com/rain/a/20241115A0AFZV00

2024-11-17 00:39:07,430 - INFO - EXPIRED
200斤野猪冲进江西一高校，学校配10只比特犬，比特犬能对付野猪吗？
https://view.inews.qq.com/a/20241113Q04CEM00

2024-11-17 00:39:07,430 - INFO - EXPIRED
马来西亚副外长：正式向菲律宾发出抗议照会，反对其签署的涉南海两法
https://new.qq.com/rain/a/20241115A09QW000

2024-11-17 00:39:07,430 - INFO - EXPIRED
Archegos世纪大爆仓案主角或被判21年监禁
https://new.qq.com/rain/a/20241116A040H200

2024-11-17 00:39:07,430 - INFO - EXPIRED
新华社记者调查合新铁路“建材以次充好”被打，被曝光的这个问题有多严重？
https://view.inews.qq.com/a/20241115Q0783K00

2024-11-17 00:39:07,430 - INFO - EXPIRED
德国连环强奸案嫌疑人为43岁中国公民 疑似车企IT经理 毕业于知名高校
https://new.qq.com/rain/a/20241116A021R800

2024-11-17 00:39:07,430 - INFO - EXPIRED
非法采矿屡禁不止，近期3吨黄金被掠夺？紫金矿业已起诉哥伦比亚政府
https://new.qq.com/rain/a/20241115A0AGLQ00

2024-11-17 00:39:07,430 - INFO - EXPIRED
孩子想入学先给慈善机构捐款数万元？当地教育局和慈善会均称不知情
https://new.qq.com/rain/a/20241115A09C2P00

2024-11-17 00:39:07,430 - INFO - EXPIRED
横店群演被曝降薪，135元/10小时，公会还抽取10%
https://new.qq.com/rain/a/20241115A07R6S00

2024-11-17 00:39:07,430 - INFO - EXPIRED
一两百元买仿真茅台？多个商家公然叫卖，承诺还能开发票
https://new.qq.com/rain/a/20241116A02WDG00

2024-11-17 00:39:07,430 - INFO - EXPIRED
湖南桑植一民房起火致7人遇难 周边居民：事发凌晨 楼上住户都在睡觉
https://new.qq.com/rain/a/20241116A03JG000

2024-11-17 00:39:07,430 - INFO - EXPIRED
北京17岁高中生发表论文引关注，分析中国城市社会学的外来理论
https://new.qq.com/rain/a/20241115A08W4E00

2024-11-17 00:39:07,430 - INFO - EXPIRED
外卖员建议尽量不要点黄焖鸡，什么原因？还有哪些食物也不宜点？
https://view.inews.qq.com/a/20241116Q0077300

2024-11-17 00:39:07,430 - INFO - EXPIRED
特朗普当选后，德国总理朔尔茨先下手为强，与普京时隔近两年首次通话
https://new.qq.com/rain/a/20241116A01E7N00

2024-11-17 00:39:07,430 - INFO - EXPIRED
“还未享受到就开始涨了”，部分城市房贷利率涨至3%以上
https://new.qq.com/rain/a/20241115A09HA600

2024-11-17 00:39:07,430 - INFO - EXPIRED
紧随美国“退群”？阿根廷突然退出气候谈判，全球气候行动蒙上阴影
https://new.qq.com/rain/a/20241116A02RZY00

2024-11-17 00:39:07,430 - INFO - EXPIRED
中欧电动汽车磋商有所进展
https://new.qq.com/rain/a/20241116A023XV00

2024-11-17 00:39:07,430 - INFO - EXPIRED
证监会发布市值管理指引：A500等主要指数成分股应制定市值管理制度
https://new.qq.com/rain/a/20241115A0ADMU00

2024-11-17 00:39:07,430 - INFO - EXPIRED
美媒爆：以色列10月底报复袭击时摧毁伊朗一处绝密核武器研究设施，伊方暂未回应
https://new.qq.com/rain/a/20241116A02JZ900

2024-11-17 00:39:07,430 - INFO - EXPIRED
学生上台称“学校有钱建草堂没钱修宿舍”遭带走？云南富宁教体局通报
https://new.qq.com/rain/a/20241116A017BU00

2024-11-17 00:39:07,430 - INFO - EXPIRED
广东东莞一未满月男婴在月子中心身亡，家属质疑看护不力，卫健局介入
https://new.qq.com/rain/a/20241115A067YI00

2024-11-17 00:39:07,430 - INFO - EXPIRED
疫苗龙头困在账期里
https://new.qq.com/rain/a/20241115A0A3GV00

2024-11-17 00:39:07,430 - INFO - EXPIRED
乌媒：泽连斯基透露乌克兰下周将提交一项“内部可持续计划”，包含10点内容
https://new.qq.com/rain/a/20241115A08YC500

2024-11-17 00:39:07,430 - INFO - EXPIRED
英伟达最新财报下周来袭，能否重振AI硬件势头
https://new.qq.com/rain/a/20241116A01OL700

2024-11-17 00:39:07,430 - INFO - EXPIRED
美股收盘：三大指数全线下跌纳指挫逾2.2% 中概股指数逆势上扬
https://new.qq.com/rain/a/20241116A0128J00

2024-11-17 00:39:07,431 - INFO - EXPIRED
新华社两记者在安徽采访遇袭 中铁七局：对项目分部经理等5人就地免职
https://new.qq.com/rain/a/20241115A0AFJL00

2024-11-17 00:39:07,431 - INFO - EXPIRED
天舟八号货运飞船发射任务取得圆满成功
https://new.qq.com/rain/a/20241115A0AFVF00

2024-11-17 00:39:07,431 - INFO - EXPIRED
107131元，山东平均工资公布
https://new.qq.com/rain/a/20241115A05RJO00

2024-11-17 00:39:07,431 - INFO - EXPIRED
理发师晓华被120车辆拉走？湖南怀化官方辟谣：她累了，回家休息一下
https://new.qq.com/rain/a/20241115A0965H00

2024-11-17 00:39:07,431 - INFO - EXPIRED
滞留太空女宇航员称变“锥子脸”是因体液转移，这是什么现象？影响健康吗？
https://view.inews.qq.com/a/20241113Q02VS100

2024-11-17 00:39:07,431 - INFO - EXPIRED
德国连环强奸案告破，嫌疑人为43岁中国公民
https://new.qq.com/rain/a/20241115A09CDN00

2024-11-17 00:39:07,431 - INFO - EXPIRED
实探“山西清徐违规花上千万建景观”：剩100多棵仿真椰树已暂停拆移
https://new.qq.com/rain/a/20241115A07LZO00

2024-11-17 00:39:07,431 - INFO - EXPIRED
高调支持哈里斯竞选后，美国亿万富翁库班删帖
https://new.qq.com/rain/a/20241115A080P200

2024-11-17 00:39:07,431 - INFO - EXPIRED
少林寺方丈释永信联合国气候大会发声：禅宗在气候问题中可发挥积极作用
https://new.qq.com/rain/a/20241115A09WW000

2024-11-17 00:39:07,431 - INFO - EXPIRED
村民不缴医保年终困难不予照顾？官方通报：撤回通知，处理涉事村干部
https://new.qq.com/rain/a/20241115A098X900

2024-11-17 00:39:07,431 - INFO - EXPIRED
中国在镍基高温超导领域获新进展引轰动，该研究对揭示高温超导机理有什么启示？
https://view.inews.qq.com/a/20241115Q0766D00

2024-11-17 00:39:07,431 - INFO - EXPIRED
学生上台称“学校有钱建草堂没钱修宿舍”遭带走？当地：已成立调查组
https://new.qq.com/rain/a/20241115A08DO800

2024-11-17 00:39:07,431 - INFO - EXPIRED
患妇科病的女童，徘徊在医院门外
https://new.qq.com/rain/a/20241115A03OAS00

2024-11-17 00:39:07,431 - INFO - EXPIRED
云大发现2亿年前的植物就会用“化学武器”对付昆虫了，科学家是怎么知道的？
https://view.inews.qq.com/a/20241115Q03R4700

2024-11-17 00:39:07,431 - INFO - EXPIRED
云南一孕妇紧急送医却遇物业停运电梯，胎儿最终流产，物业有权停水停电吗？
https://view.inews.qq.com/a/20241114Q04EBV00

2024-11-17 00:39:07,431 - INFO - EXPIRED
“宿敌”相争，李在明被判刑
https://new.qq.com/rain/a/20241115A08YCV00

2024-11-17 00:39:07,431 - INFO - EXPIRED
同花顺：子公司浙江同花顺云软件有限公司收到行政监管措施决定书
https://new.qq.com/rain/a/20241115A09RPO00

2024-11-17 00:39:07,431 - INFO - EXPIRED
“反诈老陈”称当年辞去警察职务太冲动：最看不起现在的自己
https://new.qq.com/rain/a/20241114V06BW200

2024-11-17 00:39:07,431 - INFO - EXPIRED
国台办：台湾渔船“大进满88号”船长被依法处罚后已返回
https://new.qq.com/rain/a/20241115A098ZM00

2024-11-17 00:39:07,431 - INFO - EXPIRED
“每户自掏100万元”对危旧小区改造，改造后房屋能“增寿”多少？其他地方能复制吗？
https://view.inews.qq.com/a/20241114Q06D2F00

2024-11-17 00:39:07,431 - INFO - EXPIRED
俄媒：俄罗斯“神秘隐形导弹”让乌克兰不安
https://new.qq.com/rain/a/20241115A04C0O00

2024-11-17 00:39:07,431 - INFO - EXPIRED
兰州城关区一地的新污水井盖一敲就碎？村民担心安全隐患，街道办：已更换
https://new.qq.com/rain/a/20241115A0790T00

2024-11-17 00:39:07,431 - INFO - EXPIRED
阿根廷10月通胀率降至2.7%，为3年来最低，怎么做到的？米莱真创造奇迹了吗？
https://view.inews.qq.com/a/20241114Q08R9H00

2024-11-17 00:39:07,431 - INFO - EXPIRED
江西九江一摊贩疑似遭城管扣押？官方：小贩加油站附近开灶火
https://new.qq.com/rain/a/20241115A07OXK00

2024-11-17 00:39:08,913 - INFO - INVALID
外交部发言人就中国获得2026年APEC主办权答记者问
https://new.qq.com/rain/a/20241117A0189B00

2024-11-17 00:39:08,918 - INFO - INVALID
香港南丫岛两渔船相撞，6人被救仍有1人失踪
https://new.qq.com/rain/a/20241117A01CH500

2024-11-17 00:39:08,954 - INFO - INVALID
独家视频丨习近平会见美国总统拜登
https://new.qq.com/rain/a/20241117A00Y6R00

2024-11-17 00:39:08,983 - INFO - INVALID
以安全机构：2枚照明弹落入以总理住宅院内 未造成损失
https://new.qq.com/rain/a/20241117A00ZGC00

2024-11-17 00:39:09,225 - INFO - INVALID
间谍利用视频监控漏洞伺机窃取我国家秘密，国安机关提示
https://new.qq.com/rain/a/20241117A01DXX00

2024-11-17 00:39:09,524 - INFO - INVALID
金与正谴责韩国再向朝鲜南部散发反朝宣传单
https://new.qq.com/rain/a/20241117A019LC00

2024-11-17 02:19:52,872 - INFO - EXPIRED
28楼业主在外立面开墙搭梯，称若有火灾方便跑，城管责令其修复加固
https://new.qq.com/rain/a/20241116A07WRU00

2024-11-17 02:19:52,872 - INFO - EXPIRED
俄罗斯宣布临时限制向美出口浓缩铀
https://new.qq.com/rain/a/20241116A06TJM00

2024-11-17 02:19:52,872 - INFO - EXPIRED
5吨多黄金“蒸发”？浙江富豪出逃，有员工投了上千万，已倾家荡产
https://new.qq.com/rain/a/20241116A06HRT00

2024-11-17 02:19:52,872 - INFO - EXPIRED
泽连斯基吐槽：美国承诺向乌克兰提供的军援，我们连一半都没收到
https://new.qq.com/rain/a/20241116A07XZI00

2024-11-17 02:19:52,872 - INFO - EXPIRED
APEC期间优先接触中美，日本首相石破茂有何意图？
https://new.qq.com/rain/a/20241116A07R5R00

2024-11-17 02:19:52,872 - INFO - EXPIRED
江苏盐城有村干部被曝工作日聚餐饮酒 当地：并非全是村干部 正在调查
https://new.qq.com/rain/a/20241116A06D4S00

2024-11-17 02:19:52,872 - INFO - EXPIRED
起底猪饲养员高薪之谜：单人管理5000头猪，有人年薪70万
https://new.qq.com/rain/a/20241116A058H500

2024-11-17 02:19:52,872 - INFO - EXPIRED
男子称快递370克黄金被“代签收”损失20余万，类似案件多地曝出
https://new.qq.com/rain/a/20241116A055BW00

2024-11-17 02:19:52,872 - INFO - EXPIRED
从4年缩短至4个月！马斯克超算建设速度吓坏对手
https://new.qq.com/rain/a/20241116A07PUZ00

2024-11-17 02:19:52,872 - INFO - EXPIRED
商务部部长会见日本经济产业大臣：就日方半导体出口管制等交换意见
https://new.qq.com/rain/a/20241116A07VMA00

2024-11-17 02:19:52,872 - INFO - EXPIRED
高智商、0薪酬、每周工作80小时，马斯克政府效率部在线招人，这能招到吗？
https://view.inews.qq.com/a/20241115Q069VW00

2024-11-17 02:19:52,872 - INFO - EXPIRED
男子丢失38吨稻谷，警方不作为、态度差还称想投诉就投诉？派出所回应
https://new.qq.com/rain/a/20241116A07EK700

2024-11-17 02:19:52,872 - INFO - EXPIRED
湖南桑植火灾7人遇难 目击者称听到两次爆炸声 不少人逃到楼顶被救下
https://new.qq.com/rain/a/20241116A07OPG00

2024-11-17 02:19:52,872 - INFO - EXPIRED
成都AG超玩会4比2战胜重庆狼队，斩获队史第四冠！
https://new.qq.com/rain/a/20241116A07P3100

2024-11-17 02:19:52,872 - INFO - EXPIRED
美国核动力潜艇被渔船渔网缠住，渔船的渔网这么结实吗？这有多危险？
https://view.inews.qq.com/a/20241116Q0588J00

2024-11-17 02:19:52,872 - INFO - EXPIRED
深圳计划鼓励并购重组 已经起草征求意见稿
https://new.qq.com/rain/a/20241116A07DHT00

2024-11-17 02:19:52,873 - INFO - EXPIRED
深一度｜58岁泰森不敌网红拳手？这是没有输家的金钱大戏
https://new.qq.com/rain/a/20241116A04RIP00

2024-11-17 02:19:52,873 - INFO - EXPIRED
安徽一高校男生扮女装进女浴室偷拍？同班女生怒斥“丢脸”，校方回应
https://new.qq.com/rain/a/20241116A06P4L00

2024-11-17 02:19:52,873 - INFO - EXPIRED
欧盟外长博雷利“最后一搏”：质疑以色列摧毁“西方秩序”
https://new.qq.com/rain/a/20241116A0387F00

2024-11-17 02:19:52,873 - INFO - EXPIRED
四川一名95后罪犯4年怀孕产子3次，被质疑“逃避坐牢”
https://new.qq.com/rain/a/20241116A065BE00

2024-11-17 02:19:52,873 - INFO - EXPIRED
江西一县卫健委喊话在编人员返岗背后：有人因收入问题“躺平”
https://new.qq.com/rain/a/20241116A058PE00

2024-11-17 02:19:52,873 - INFO - EXPIRED
“弗吉尼亚”号核动力攻击潜艇被渔网“捕获” 美方：赔偿得走流程
https://new.qq.com/rain/a/20241116A05OFR00

2024-11-17 02:19:52,873 - INFO - EXPIRED
波兰即将重开驻朝鲜使馆
https://new.qq.com/rain/a/20241116A06BDL00

2024-11-17 02:19:52,873 - INFO - EXPIRED
泽连斯基：努力确保明年以外交手段结束俄乌冲突
https://new.qq.com/rain/a/20241116A05ZT800

2024-11-17 02:19:52,873 - INFO - EXPIRED
湖南五层居民楼清晨起火 知情者称一家七口不幸遇难 疑似死者亲属发声
https://new.qq.com/rain/a/20241116A04FRP00

2024-11-17 02:19:52,873 - INFO - EXPIRED
对标迈巴赫和霍希！华为首款百万级行政轿车尊界S800大揭秘
https://new.qq.com/rain/a/20241116V0741S00

2024-11-17 02:19:52,873 - INFO - EXPIRED
“十四五”以来获批国产创新药市场规模达1000亿元
https://new.qq.com/rain/a/20241116A05XS500

2024-11-17 02:19:52,873 - INFO - EXPIRED
一线｜月之暗面发布推理模型，即将上线数学模型k0-math
https://new.qq.com/rain/a/20241116A0658C00

2024-11-17 02:19:52,873 - INFO - EXPIRED
大风降温都来了！全国冰冻线进程图出炉，这些地方雨雪天气持续在线
https://new.qq.com/rain/a/20241116A0587G00

2024-11-17 02:19:52,873 - INFO - EXPIRED
7.7万名村干部被立案背后
https://new.qq.com/rain/a/20241116A04VFD00

2024-11-17 02:19:52,873 - INFO - EXPIRED
出场费超2000万美元！58岁泰森重返擂台打满8回合，不敌27岁网红拳手
https://new.qq.com/rain/a/20241116A04D5T00

2024-11-17 02:19:52,873 - INFO - EXPIRED
男子被当成猎物枪杀，中枪后曾走百余米打电话求救，警方正对枪支溯源
https://new.qq.com/rain/a/20241116A03U0P00

2024-11-17 02:19:52,873 - INFO - EXPIRED
太原一小区安装玻璃工人作业时，连同吊装机从33楼坠落致死？多方回应
https://new.qq.com/rain/a/20241116A0455J00

2024-11-17 02:19:52,873 - INFO - EXPIRED
直播运营总监是高中学历？国企董事长：小县城招人太难 就他一人报名
https://new.qq.com/rain/a/20241115V0A4CT00

2024-11-17 02:19:52,873 - INFO - EXPIRED
肯德基门店回应全国下架预制类产品：收到统一下架通知
https://new.qq.com/rain/a/20241115A09E9900

2024-11-17 02:19:52,873 - INFO - EXPIRED
陕西一举报腐败问题的电话竟是空号，当地警方：将会跟进处理
https://new.qq.com/rain/a/20241115A08KV800

2024-11-17 02:19:52,873 - INFO - EXPIRED
山西男子骑车撞上供热管道身亡 官方：涉事区域非使用道路且设有警示
https://new.qq.com/rain/a/20241116A059OU00

2024-11-17 02:19:52,873 - INFO - EXPIRED
郭沫若之子、著名钢琴家郭志鸿因突发心脏病逝世，享年92岁
https://new.qq.com/rain/a/20241116A0383F00

2024-11-17 02:19:52,873 - INFO - EXPIRED
被锁黑屋、洒水车喷全身，长沙一业主称维权时遭无礼对待，开发商回应
https://new.qq.com/rain/a/20241116A01IID00

2024-11-17 02:19:52,873 - INFO - EXPIRED
学生质问学校有钱建草堂无钱修宿舍后 教体局：漏水问题已解决
https://new.qq.com/rain/a/20241116A03U1100

2024-11-17 02:19:52,873 - INFO - EXPIRED
湖南通过重磅文件，涉及高校整合优化、学科专业停招
https://new.qq.com/rain/a/20241116A029HQ00

2024-11-17 02:19:52,873 - INFO - EXPIRED
新华社两记者安徽采访遇袭，媒体：严惩凶徒后，仍需彻查工程质量问题
https://new.qq.com/rain/a/20241116A017CK00

2024-11-17 02:19:52,873 - INFO - EXPIRED
媒体：一敲就碎的井盖，是如何成为井盖的
https://new.qq.com/rain/a/20241115A0A2L000

2024-11-17 02:19:52,873 - INFO - EXPIRED
隐秘疯长，花样“收割”新股民 起底荐股“刺客”
https://new.qq.com/rain/a/20241116A01RYV00

2024-11-17 02:19:52,873 - INFO - EXPIRED
江苏一女孩坠河，母亲和哥哥为救她溺亡？殡仪馆：收到一对母子遗体
https://new.qq.com/rain/a/20241115A0AFZV00

2024-11-17 02:19:52,873 - INFO - EXPIRED
200斤野猪冲进江西一高校，学校配10只比特犬，比特犬能对付野猪吗？
https://view.inews.qq.com/a/20241113Q04CEM00

2024-11-17 02:19:52,873 - INFO - EXPIRED
马来西亚副外长：正式向菲律宾发出抗议照会，反对其签署的涉南海两法
https://new.qq.com/rain/a/20241115A09QW000

2024-11-17 02:19:52,873 - INFO - EXPIRED
Archegos世纪大爆仓案主角或被判21年监禁
https://new.qq.com/rain/a/20241116A040H200

2024-11-17 02:19:52,873 - INFO - EXPIRED
新华社记者调查合新铁路“建材以次充好”被打，被曝光的这个问题有多严重？
https://view.inews.qq.com/a/20241115Q0783K00

2024-11-17 02:19:52,873 - INFO - EXPIRED
德国连环强奸案嫌疑人为43岁中国公民 疑似车企IT经理 毕业于知名高校
https://new.qq.com/rain/a/20241116A021R800

2024-11-17 02:19:52,873 - INFO - EXPIRED
非法采矿屡禁不止，近期3吨黄金被掠夺？紫金矿业已起诉哥伦比亚政府
https://new.qq.com/rain/a/20241115A0AGLQ00

2024-11-17 02:19:52,873 - INFO - EXPIRED
孩子想入学先给慈善机构捐款数万元？当地教育局和慈善会均称不知情
https://new.qq.com/rain/a/20241115A09C2P00

2024-11-17 02:19:52,873 - INFO - EXPIRED
横店群演被曝降薪，135元/10小时，公会还抽取10%
https://new.qq.com/rain/a/20241115A07R6S00

2024-11-17 02:19:52,873 - INFO - EXPIRED
一两百元买仿真茅台？多个商家公然叫卖，承诺还能开发票
https://new.qq.com/rain/a/20241116A02WDG00

2024-11-17 02:19:52,873 - INFO - EXPIRED
湖南桑植一民房起火致7人遇难 周边居民：事发凌晨 楼上住户都在睡觉
https://new.qq.com/rain/a/20241116A03JG000

2024-11-17 02:19:52,873 - INFO - EXPIRED
外卖员建议尽量不要点黄焖鸡，什么原因？还有哪些食物也不宜点？
https://view.inews.qq.com/a/20241116Q0077300

2024-11-17 02:19:52,873 - INFO - EXPIRED
特朗普当选后，德国总理朔尔茨先下手为强，与普京时隔近两年首次通话
https://new.qq.com/rain/a/20241116A01E7N00

2024-11-17 02:19:52,873 - INFO - EXPIRED
“还未享受到就开始涨了”，部分城市房贷利率涨至3%以上
https://new.qq.com/rain/a/20241115A09HA600

2024-11-17 02:19:52,873 - INFO - EXPIRED
紧随美国“退群”？阿根廷突然退出气候谈判，全球气候行动蒙上阴影
https://new.qq.com/rain/a/20241116A02RZY00

2024-11-17 02:19:52,873 - INFO - EXPIRED
中欧电动汽车磋商有所进展
https://new.qq.com/rain/a/20241116A023XV00

2024-11-17 02:19:52,873 - INFO - EXPIRED
证监会发布市值管理指引：A500等主要指数成分股应制定市值管理制度
https://new.qq.com/rain/a/20241115A0ADMU00

2024-11-17 02:19:52,873 - INFO - EXPIRED
美媒爆：以色列10月底报复袭击时摧毁伊朗一处绝密核武器研究设施，伊方暂未回应
https://new.qq.com/rain/a/20241116A02JZ900

2024-11-17 02:19:52,873 - INFO - EXPIRED
学生上台称“学校有钱建草堂没钱修宿舍”遭带走？云南富宁教体局通报
https://new.qq.com/rain/a/20241116A017BU00

2024-11-17 02:19:52,873 - INFO - EXPIRED
广东东莞一未满月男婴在月子中心身亡，家属质疑看护不力，卫健局介入
https://new.qq.com/rain/a/20241115A067YI00

2024-11-17 02:19:52,873 - INFO - EXPIRED
疫苗龙头困在账期里
https://new.qq.com/rain/a/20241115A0A3GV00

2024-11-17 02:19:52,873 - INFO - EXPIRED
乌媒：泽连斯基透露乌克兰下周将提交一项“内部可持续计划”，包含10点内容
https://new.qq.com/rain/a/20241115A08YC500

2024-11-17 02:19:52,873 - INFO - EXPIRED
英伟达最新财报下周来袭，能否重振AI硬件势头
https://new.qq.com/rain/a/20241116A01OL700

2024-11-17 02:19:52,873 - INFO - EXPIRED
美股收盘：三大指数全线下跌纳指挫逾2.2% 中概股指数逆势上扬
https://new.qq.com/rain/a/20241116A0128J00

2024-11-17 02:19:52,873 - INFO - EXPIRED
新华社两记者在安徽采访遇袭 中铁七局：对项目分部经理等5人就地免职
https://new.qq.com/rain/a/20241115A0AFJL00

2024-11-17 02:19:52,873 - INFO - EXPIRED
天舟八号货运飞船发射任务取得圆满成功
https://new.qq.com/rain/a/20241115A0AFVF00

2024-11-17 02:19:52,873 - INFO - EXPIRED
107131元，山东平均工资公布
https://new.qq.com/rain/a/20241115A05RJO00

2024-11-17 02:19:52,873 - INFO - EXPIRED
理发师晓华被120车辆拉走？湖南怀化官方辟谣：她累了，回家休息一下
https://new.qq.com/rain/a/20241115A0965H00

2024-11-17 02:19:52,874 - INFO - EXPIRED
滞留太空女宇航员称变“锥子脸”是因体液转移，这是什么现象？影响健康吗？
https://view.inews.qq.com/a/20241113Q02VS100

2024-11-17 02:19:52,874 - INFO - EXPIRED
德国连环强奸案告破，嫌疑人为43岁中国公民
https://new.qq.com/rain/a/20241115A09CDN00

2024-11-17 02:19:52,874 - INFO - EXPIRED
实探“山西清徐违规花上千万建景观”：剩100多棵仿真椰树已暂停拆移
https://new.qq.com/rain/a/20241115A07LZO00

2024-11-17 02:19:52,874 - INFO - EXPIRED
高调支持哈里斯竞选后，美国亿万富翁库班删帖
https://new.qq.com/rain/a/20241115A080P200

2024-11-17 02:19:52,874 - INFO - EXPIRED
少林寺方丈释永信联合国气候大会发声：禅宗在气候问题中可发挥积极作用
https://new.qq.com/rain/a/20241115A09WW000

2024-11-17 02:19:52,874 - INFO - EXPIRED
村民不缴医保年终困难不予照顾？官方通报：撤回通知，处理涉事村干部
https://new.qq.com/rain/a/20241115A098X900

2024-11-17 02:19:52,874 - INFO - EXPIRED
中国在镍基高温超导领域获新进展引轰动，该研究对揭示高温超导机理有什么启示？
https://view.inews.qq.com/a/20241115Q0766D00

2024-11-17 02:19:52,874 - INFO - EXPIRED
学生上台称“学校有钱建草堂没钱修宿舍”遭带走？当地：已成立调查组
https://new.qq.com/rain/a/20241115A08DO800

2024-11-17 02:19:52,874 - INFO - EXPIRED
患妇科病的女童，徘徊在医院门外
https://new.qq.com/rain/a/20241115A03OAS00

2024-11-17 02:19:52,874 - INFO - EXPIRED
云大发现2亿年前的植物就会用“化学武器”对付昆虫了，科学家是怎么知道的？
https://view.inews.qq.com/a/20241115Q03R4700

2024-11-17 02:19:52,874 - INFO - EXPIRED
云南一孕妇紧急送医却遇物业停运电梯，胎儿最终流产，物业有权停水停电吗？
https://view.inews.qq.com/a/20241114Q04EBV00

2024-11-17 02:19:52,874 - INFO - EXPIRED
“宿敌”相争，李在明被判刑
https://new.qq.com/rain/a/20241115A08YCV00

2024-11-17 02:19:52,874 - INFO - EXPIRED
同花顺：子公司浙江同花顺云软件有限公司收到行政监管措施决定书
https://new.qq.com/rain/a/20241115A09RPO00

2024-11-17 02:19:52,874 - INFO - EXPIRED
“反诈老陈”称当年辞去警察职务太冲动：最看不起现在的自己
https://new.qq.com/rain/a/20241114V06BW200

2024-11-17 02:19:52,874 - INFO - EXPIRED
国台办：台湾渔船“大进满88号”船长被依法处罚后已返回
https://new.qq.com/rain/a/20241115A098ZM00

2024-11-17 02:19:52,874 - INFO - EXPIRED
“每户自掏100万元”对危旧小区改造，改造后房屋能“增寿”多少？其他地方能复制吗？
https://view.inews.qq.com/a/20241114Q06D2F00

2024-11-17 02:19:52,874 - INFO - EXPIRED
俄媒：俄罗斯“神秘隐形导弹”让乌克兰不安
https://new.qq.com/rain/a/20241115A04C0O00

2024-11-17 02:19:52,874 - INFO - EXPIRED
兰州城关区一地的新污水井盖一敲就碎？村民担心安全隐患，街道办：已更换
https://new.qq.com/rain/a/20241115A0790T00

2024-11-17 02:19:52,874 - INFO - EXPIRED
阿根廷10月通胀率降至2.7%，为3年来最低，怎么做到的？米莱真创造奇迹了吗？
https://view.inews.qq.com/a/20241114Q08R9H00

2024-11-17 02:19:54,015 - ERROR - ERROR
视频丨习近平会见美国总统拜登
https://new.qq.com/rain/a/20241117V0159R00
('list index out of range',)
======
Traceback (most recent call last):
  File "/home/runner/work/qqnews/qqnews/qq.py", line 81, in process_article
    ss = str(tmpbs.select("div.LEFT div.content.clearfix")[0])
             ~~~~~~~~~~~~~~~~~~~~~~~~~~~~~~~~~~~~~~~~~~~~~^^^
IndexError: list index out of range


2024-11-17 02:19:54,046 - INFO - INVALID
间谍利用视频监控漏洞伺机窃取我国家秘密，国安机关提示
https://new.qq.com/rain/a/20241117A01DXX00

2024-11-17 02:19:54,051 - INFO - INVALID
珠海：尽快查明案件真相，依法严惩凶手，还群众以公道
https://new.qq.com/rain/a/20241117A01ZDH00

2024-11-17 02:19:54,145 - INFO - INVALID
香港特区政府强烈不满和反对外国就香港事务发表偏颇及误导的言论
https://new.qq.com/rain/a/20241117A01VIN00

2024-11-17 02:19:54,182 - INFO - INVALID
商务部部长王文涛会见加拿大国贸部长伍凤仪
https://new.qq.com/rain/a/20241117A01VZ000

2024-11-17 02:19:54,636 - INFO - INVALID
外交部发言人就中国获得2026年APEC主办权答记者问
https://new.qq.com/rain/a/20241117A0189B00

2024-11-17 02:19:54,703 - INFO - INVALID
金与正谴责韩国再向朝鲜南部散发反朝宣传单
https://new.qq.com/rain/a/20241117A019LC00

2024-11-17 02:19:54,717 - INFO - INVALID
以安全机构：2枚照明弹落入以总理住宅院内 未造成损失
https://new.qq.com/rain/a/20241117A00ZGC00

2024-11-17 02:19:54,840 - INFO - INVALID
香港南丫岛两渔船相撞，6人被救仍有1人失踪
https://new.qq.com/rain/a/20241117A01CH500

