2026-03-26 01:05:01,373 - INFO - Total time taken: {'ret': 0, 'msg': 'success', 'data': None}
2026-03-26 01:05:01,374 - INFO - 'NoneType' object is not subscriptable
2026-03-26 01:05:01,374 - INFO - Traceback (most recent call last):
  File "/home/runner/work/qqnews/qqnews/qq.py", line 128, in main
    for i in qq1["data"]["list"]:
             ~~~~~~~~~~~^^^^^^^^
TypeError: 'NoneType' object is not subscriptable

2026-03-26 04:20:18,971 - INFO - Total time taken: {'ret': 0, 'msg': 'success', 'data': None}
2026-03-26 04:20:18,971 - INFO - 'NoneType' object is not subscriptable
2026-03-26 04:20:18,971 - INFO - Traceback (most recent call last):
  File "/home/runner/work/qqnews/qqnews/qq.py", line 128, in main
    for i in qq1["data"]["list"]:
             ~~~~~~~~~~~^^^^^^^^
TypeError: 'NoneType' object is not subscriptable

2026-03-26 06:03:53,614 - INFO - Total time taken: {'ret': 0, 'msg': 'success', 'data': None}
2026-03-26 06:03:53,614 - INFO - 'NoneType' object is not subscriptable
2026-03-26 06:03:53,615 - INFO - Traceback (most recent call last):
  File "/home/runner/work/qqnews/qqnews/qq.py", line 128, in main
    for i in qq1["data"]["list"]:
             ~~~~~~~~~~~^^^^^^^^
TypeError: 'NoneType' object is not subscriptable

2026-03-26 07:51:30,738 - INFO - Total time taken: {'ret': 0, 'msg': 'success', 'data': None}
2026-03-26 07:51:30,738 - INFO - 'NoneType' object is not subscriptable
2026-03-26 07:51:30,738 - INFO - Traceback (most recent call last):
  File "/home/runner/work/qqnews/qqnews/qq.py", line 128, in main
    for i in qq1["data"]["list"]:
             ~~~~~~~~~~~^^^^^^^^
TypeError: 'NoneType' object is not subscriptable

2026-03-26 08:38:52,325 - INFO - Total time taken: {'ret': 0, 'msg': 'success', 'data': None}
2026-03-26 08:38:52,325 - INFO - 'NoneType' object is not subscriptable
2026-03-26 08:38:52,326 - INFO - Traceback (most recent call last):
  File "/home/runner/work/qqnews/qqnews/qq.py", line 128, in main
    for i in qq1["data"]["list"]:
             ~~~~~~~~~~~^^^^^^^^
TypeError: 'NoneType' object is not subscriptable

2026-03-26 09:47:32,677 - INFO - Total time taken: {'ret': 0, 'msg': 'success', 'data': None}
2026-03-26 09:47:32,677 - INFO - 'NoneType' object is not subscriptable
2026-03-26 09:47:32,677 - INFO - Traceback (most recent call last):
  File "/home/runner/work/qqnews/qqnews/qq.py", line 128, in main
    for i in qq1["data"]["list"]:
             ~~~~~~~~~~~^^^^^^^^
TypeError: 'NoneType' object is not subscriptable

2026-03-26 10:39:32,494 - INFO - Total time taken: {'ret': 0, 'msg': 'success', 'data': None}
2026-03-26 10:39:32,494 - INFO - 'NoneType' object is not subscriptable
2026-03-26 10:39:32,494 - INFO - Traceback (most recent call last):
  File "/home/runner/work/qqnews/qqnews/qq.py", line 128, in main
    for i in qq1["data"]["list"]:
             ~~~~~~~~~~~^^^^^^^^
TypeError: 'NoneType' object is not subscriptable

2026-03-26 11:38:52,814 - INFO - Total time taken: {'ret': 0, 'msg': 'success', 'data': None}
2026-03-26 11:38:52,815 - INFO - 'NoneType' object is not subscriptable
2026-03-26 11:38:52,815 - INFO - Traceback (most recent call last):
  File "/home/runner/work/qqnews/qqnews/qq.py", line 128, in main
    for i in qq1["data"]["list"]:
             ~~~~~~~~~~~^^^^^^^^
TypeError: 'NoneType' object is not subscriptable

2026-03-26 12:41:54,899 - INFO - Total time taken: {'ret': 0, 'msg': 'success', 'data': None}
2026-03-26 12:41:54,899 - INFO - 'NoneType' object is not subscriptable
2026-03-26 12:41:54,900 - INFO - Traceback (most recent call last):
  File "/home/runner/work/qqnews/qqnews/qq.py", line 128, in main
    for i in qq1["data"]["list"]:
             ~~~~~~~~~~~^^^^^^^^
TypeError: 'NoneType' object is not subscriptable

2026-03-26 14:16:49,926 - INFO - Total time taken: {'ret': 0, 'msg': 'success', 'data': None}
2026-03-26 14:16:49,926 - INFO - 'NoneType' object is not subscriptable
2026-03-26 14:16:49,927 - INFO - Traceback (most recent call last):
  File "/home/runner/work/qqnews/qqnews/qq.py", line 128, in main
    for i in qq1["data"]["list"]:
             ~~~~~~~~~~~^^^^^^^^
TypeError: 'NoneType' object is not subscriptable

