2024-11-27 00:37:09,005 - INFO - EXPIRED
山东平阴县低空经济30年特许经营权转出，县财政局独资国企9.24亿中标
https://new.qq.com/rain/a/20241126A09KJS00

2024-11-27 00:37:09,005 - INFO - EXPIRED
菲律宾前总统杜特尔特呼吁军方：重新考虑是否要支持现总统小马科斯
https://new.qq.com/rain/a/20241126A05CDC00

2024-11-27 00:37:09,005 - INFO - EXPIRED
湘潭大学宿舍投毒案已移交法院，被害人亲属：希望投毒者承担刑责
https://new.qq.com/rain/a/20241126A07PSV00

2024-11-27 00:37:09,005 - INFO - EXPIRED
广东肇庆一殡仪馆被曝用炖盅当骨灰瓮，民政局：已弃用，将整改
https://new.qq.com/rain/a/20241126A086PE00

2024-11-27 00:37:09,005 - INFO - EXPIRED
国泰君安何海峰：中国经济会走出“扁U型”，增量政策注重资产价格
https://new.qq.com/rain/a/20241126A086B900

2024-11-27 00:37:09,005 - INFO - EXPIRED
“免息垫首付”暴雷：深莞10余个楼盘卷入 部分房源被住建部门锁定
https://new.qq.com/rain/a/20241126A09JQS00

2024-11-27 00:37:09,005 - INFO - EXPIRED
广东云浮一中学生被老师批评后跳楼，官方通报：仍在医院接受治疗和观察，排除刑事案件 
https://new.qq.com/rain/a/20241126A0978F00

2024-11-27 00:37:09,006 - INFO - EXPIRED
中国羽绒工业协会就近期羽绒制品造假乱象发声并发布消费提示
https://new.qq.com/rain/a/20241126A09JK100

2024-11-27 00:37:09,006 - INFO - EXPIRED
湖北黄冈一高三老师在宿舍离世，家属：学校不申报工亡说是非工作时间
https://new.qq.com/rain/a/20241126A07ZJ600

2024-11-27 00:37:09,006 - INFO - EXPIRED
研究生扫雪缺席次数超30%取消奖学金资格？辽大化学院：属实，不解释
https://new.qq.com/rain/a/20241126A062KV00

2024-11-27 00:37:09,006 - INFO - EXPIRED
富商去世将遗产留给第三者和私生女 法院：婚外情有违公序良俗，但非婚生女可继承总遗产的80%
https://new.qq.com/rain/a/20241126A050V500

2024-11-27 00:37:09,006 - INFO - EXPIRED
新华时评丨严惩危害公共安全犯罪 保障人民安全社会稳定
https://new.qq.com/rain/a/20241126A08X7B00

2024-11-27 00:37:09,006 - INFO - EXPIRED
日本本州西岸近海发生6.3级地震
https://new.qq.com/rain/a/20241126A09J1Y00

2024-11-27 00:37:09,006 - INFO - EXPIRED
武汉一地铁线疑因“钉子户”改线：花5亿元拆迁一半后复建两栋楼
https://new.qq.com/rain/a/20241126A06RTZ00

2024-11-27 00:37:09,006 - INFO - EXPIRED
美媒爆西方官员建议拜登离任前向乌提供核武器，克宫：完全不负责任
https://new.qq.com/rain/a/20241126A09H2B00

2024-11-27 00:37:09,006 - INFO - EXPIRED
董宇辉公司新增营业性演出许可，有了它能开展哪些业务？要拍短剧吗？
https://view.inews.qq.com/a/20241126Q0659M00

2024-11-27 00:37:09,006 - INFO - EXPIRED
广西钟山妇联通报“一没有妈妈的小女孩经常坐在光棍男子怀里”
https://new.qq.com/rain/a/20241126A08TZ400

2024-11-27 00:37:09,006 - INFO - EXPIRED
中国缝纫机巨头“宝石”公司破产调查：著名浙商遭“冒名”办卡，超3亿净资金转入女总裁账户
https://new.qq.com/rain/a/20241124A06R8600

2024-11-27 00:37:09,006 - INFO - EXPIRED
渐冻症新药获美国FDA孤儿药资格认定，何为孤儿药？资格认定有何用？
https://view.inews.qq.com/a/20241126Q07OVM00

2024-11-27 00:37:09,006 - INFO - EXPIRED
小伙开车遇蟒蛇，坐车内打电话求助吓到结巴，如果他压死蟒蛇算犯法吗？
https://view.inews.qq.com/a/20241122Q03UPC00

2024-11-27 00:37:09,006 - INFO - EXPIRED
美国将向土卫六派核动力直升机探寻地外生命，为何要去土卫六？
https://view.inews.qq.com/a/20241126Q09FFY00

2024-11-27 00:37:09,006 - INFO - EXPIRED
许家印最新消息！广州法院对其本人及中国恒大采取限制消费措施
https://new.qq.com/rain/a/20241126A09F8P00

2024-11-27 00:37:09,006 - INFO - EXPIRED
外媒：俄罗斯以“间谍罪”驱逐一名英国外交官，并为此召见英国驻俄大使
https://new.qq.com/rain/a/20241126A0927M00

2024-11-27 00:37:09,006 - INFO - EXPIRED
广西一男婴在月子中心被照料20天：身上2处骨折，育婴室监控无法查看
https://new.qq.com/rain/a/20241126A0999Q00

2024-11-27 00:37:09,006 - INFO - EXPIRED
新加坡前总理李显龙：不要低估中国
https://new.qq.com/rain/a/20241126A083IJ00

2024-11-27 00:37:09,006 - INFO - EXPIRED
山东拟将3天婚假延长至最多18天，还将对学生开展人口国情国策教育
https://new.qq.com/rain/a/20241126A07W4000

2024-11-27 00:37:09,006 - INFO - EXPIRED
2024年地方政府专项债务新增限额调整为9.9万亿元
https://new.qq.com/rain/a/20241126A08K4800

2024-11-27 00:37:09,006 - INFO - EXPIRED
大连一船舶翻扣致多人失联：1人被找到已遇难，船尾有疑似渔网缠绕
https://new.qq.com/rain/a/20241126V08K3P00

2024-11-27 00:37:09,006 - INFO - EXPIRED
美国将29家中国企业列入所谓涉疆法案实体清单 商务部回应
https://new.qq.com/rain/a/20241126A08NE000

2024-11-27 00:37:09,006 - INFO - EXPIRED
用带有“鸟不拉屎”等形容词的地图开展直播，两自媒体账号被成都约谈
https://new.qq.com/rain/a/20241126A06Z2L00

2024-11-27 00:37:09,006 - INFO - EXPIRED
宁夏固原一派出所副所长打学生牵出校园欺凌传闻：当地称已成立工作组
https://new.qq.com/rain/a/20241126A075ET00

2024-11-27 00:37:09,006 - INFO - EXPIRED
收钱1.21亿、违法放贷33.2亿，中国银行原董事长刘连舸被判死缓
https://new.qq.com/rain/a/20241126A06TG400

2024-11-27 00:37:09,006 - INFO - EXPIRED
武汉一小区自来水污染呈绿色，物业：已超出能力范畴，在等送检结果
https://new.qq.com/rain/a/20241126A07XUN00

2024-11-27 00:37:09,006 - INFO - EXPIRED
原银监会于学军：货币环境发生较大变化 明年外部环境有望进一步释压
https://new.qq.com/rain/a/20241126A07SI100

2024-11-27 00:37:09,006 - INFO - EXPIRED
“996奋斗无忧险”最高获赔60万？平安产险回应：目前公司没有该产品
https://new.qq.com/rain/a/20241126A07AW400

2024-11-27 00:37:09,006 - INFO - EXPIRED
外媒：乌称俄在夜间发动188架“创纪录”数量的无人机袭击，俄方暂无回应
https://new.qq.com/rain/a/20241126A079VC00

2024-11-27 00:37:09,006 - INFO - EXPIRED
金与正：韩国再次向朝鲜南部边境多地散发反朝宣传单
https://new.qq.com/rain/a/20241126A063TI00

2024-11-27 00:37:09,006 - INFO - EXPIRED
丹麦就中方船只破坏海底电缆与中方沟通？外交部：与有关各方都保持顺畅沟通
https://new.qq.com/rain/a/20241126A05X1Q00

2024-11-27 00:37:09,006 - INFO - EXPIRED
网传中国铁建投资集团副总经理马建军坠亡，简历从官网撤下，公司回应
https://new.qq.com/rain/a/20241126A07MV900

2024-11-27 00:37:09,006 - INFO - EXPIRED
甘肃兰州一男子驾车肇事后逃逸 致4人受伤
https://new.qq.com/rain/a/20241126A06PLQ00

2024-11-27 00:37:09,006 - INFO - EXPIRED
吐槽求职大学生的“北大网红”学历被质疑，网上乱写学历要担责吗？
https://view.inews.qq.com/a/20241126Q03ARE00

2024-11-27 00:37:09,006 - INFO - EXPIRED
探访儿科夜间急诊：医生一晚最多看200个号，多家三级医院已超负荷
https://new.qq.com/rain/a/20241125A09JHY00

2024-11-27 00:37:09,006 - INFO - EXPIRED
知名女歌手三度患癌，系舌癌要切一半舌头，得过癌的人更容易再得吗？
https://view.inews.qq.com/a/20241122Q05TWK00

2024-11-27 00:37:09,006 - INFO - EXPIRED
做最坏的打算，中国如何应对极端关税政策？
https://new.qq.com/rain/a/20241126A075GG00

2024-11-27 00:37:09,006 - INFO - EXPIRED
杭州一底商油烟管道起火引燃多家商铺，着火商户：管道长期积油不清理
https://new.qq.com/rain/a/20241126V061J100

2024-11-27 00:37:09,006 - INFO - EXPIRED
东部战区空军新闻发言人就美P-8A反潜巡逻机过航台湾海峡发表谈话
https://new.qq.com/rain/a/20241126A05A3L00

2024-11-27 00:37:09,006 - INFO - EXPIRED
德国连环强奸案中国籍嫌犯身份曝光，前女友：他就像一个“妈宝男”
https://new.qq.com/rain/a/20241126A050UY00

2024-11-27 00:37:09,006 - INFO - EXPIRED
金融监管总局召开保险业高质量发展座谈会听取有关意见建议
https://new.qq.com/rain/a/20241126A05DNO00

2024-11-27 00:37:09,006 - INFO - EXPIRED
财政部：1-10月全国国有企业营业总收入同比增长0.9%
https://new.qq.com/rain/a/20241126A058W600

2024-11-27 00:37:09,006 - INFO - EXPIRED
网红嘲讽00后找不到工作，女硕士回怼：我一年工资不如你一条广告费高
https://new.qq.com/rain/a/20241126A04FZQ00

2024-11-27 00:37:09,006 - INFO - EXPIRED
“学生突发疾病禁止男性医护人员进入宿舍”？淄博职业学院通报
https://new.qq.com/rain/a/20241126A04QCQ00

2024-11-27 00:37:09,006 - INFO - EXPIRED
副所长踢打小学生，宁夏一女店主因被当成该生母亲遭网暴，本人发声
https://new.qq.com/rain/a/20241126A0543C00

2024-11-27 00:37:09,006 - INFO - EXPIRED
网友反映学校校舍、食堂饮食等问题情况，苏州市体育运动学校通报
https://new.qq.com/rain/a/20241126A04WKV00

2024-11-27 00:37:09,006 - INFO - EXPIRED
蔡峥谈我国望远镜的发展现状：起步晚，设备还比较欠缺｜一起来唠科
https://new.qq.com/rain/a/20241126V036RM00

2024-11-27 00:37:09,006 - INFO - EXPIRED
特朗普威胁取消对乌军援，欧洲五国国防部长承诺加大对乌克兰的支持
https://new.qq.com/rain/a/20241126A0420U00

2024-11-27 00:37:09,006 - INFO - EXPIRED
马拉松奖品活鹅带不走，被现场卖掉？组委会：选手的自由，炖了也可以
https://new.qq.com/rain/a/20241125A07BDM00

2024-11-27 00:37:09,006 - INFO - EXPIRED
文件200余字现7处错字，官方通报：工作人员被停职，相关领导启动问责
https://new.qq.com/rain/a/20241126A019V500

2024-11-27 00:37:09,007 - INFO - EXPIRED
接英雄回家！空军运-20起飞赴韩
https://new.qq.com/rain/a/20241126A04O8Y00

2024-11-27 00:37:09,007 - INFO - EXPIRED
重磅预告！医保“灵魂谈判”本周四开箱，哪些公司有望入围
https://new.qq.com/rain/a/20241126A04W8N00

2024-11-27 00:37:09,007 - INFO - EXPIRED
黄晓明为新戏剃秃头、急速瘦身30斤，狂喝蔬菜汁喝到压抑
https://new.qq.com/rain/a/20241126V05ESA00

2024-11-27 00:37:09,007 - INFO - EXPIRED
多名涉事官员被查，号称投资150亿的重庆广阳岛，现在怎么样了
https://new.qq.com/rain/a/20241120A05GL500

2024-11-27 00:37:09,007 - INFO - EXPIRED
长征十二号遥一运载火箭成功转场 将于近期择机发射
https://new.qq.com/rain/a/20241126A04T2500

2024-11-27 00:37:09,007 - INFO - EXPIRED
钓鱼第一股冲刺上市，三年卖20多亿元，钓鱼生意这么暴利？能持续吗？
https://view.inews.qq.com/a/20241126Q01ZBZ00

2024-11-27 00:37:09,007 - INFO - EXPIRED
欧盟欲制裁所谓“助俄开发无人机”的中企，外交部：不要搞“双标”
https://new.qq.com/rain/a/20241126A05WBM00

2024-11-27 00:37:09,007 - INFO - EXPIRED
多次向犯罪分子通风报信，云南大理一辅警获刑半年
https://new.qq.com/rain/a/20241126A04G1I00

2024-11-27 00:37:09,007 - INFO - EXPIRED
越南“反浪费斗争”，两名越共中央委员被免职
https://new.qq.com/rain/a/20241126A01MD400

2024-11-27 00:37:09,007 - INFO - EXPIRED
网传男子家暴妻子，当三个孩子面说“要杀了妈妈”，年幼女儿当场报警
https://new.qq.com/rain/a/20241126A03XGN00

2024-11-27 00:37:09,007 - INFO - EXPIRED
正当防卫还是故意杀人？“内蒙古警察枪击案”今日开庭重审
https://new.qq.com/rain/a/20241125A09LWY00

2024-11-27 00:37:09,007 - INFO - EXPIRED
伊朗最高领袖哈梅内伊：逮捕令远远不够，应处死内塔尼亚胡等人
https://new.qq.com/rain/a/20241126A014JJ00

2024-11-27 00:37:09,007 - INFO - EXPIRED
贵州“天眼”抓拍到银河系外的宇宙闪烁，向我们传递了什么信息？
https://view.inews.qq.com/a/20241122Q03Q3O00

2024-11-27 00:37:09,007 - INFO - EXPIRED
59岁央行副行长张青松履新中投公司董事长，彭纯卸任
https://new.qq.com/rain/a/20241126A038AK00

2024-11-27 00:37:09,007 - INFO - EXPIRED
尼泊尔总理将访华，“打破传统，外访首站没有选在印度”
https://new.qq.com/rain/a/20241126A03M3800

2024-11-27 00:37:09,007 - INFO - EXPIRED
广东：支持深圳证券交易所建设世界一流交易所
https://new.qq.com/rain/a/20241126A0405F00

2024-11-27 00:37:09,007 - INFO - EXPIRED
建筑师马岩松与伊能静儿子恩利开启巴黎之旅 恩利敞开心扉谈父母
https://new.qq.com/rain/a/20241126V01YGI00

2024-11-27 00:37:09,007 - INFO - EXPIRED
大连一失联船舶已被找到，失联者家属：发现一具遗体，另有四人失联
https://new.qq.com/rain/a/20241126A03KQX00

2024-11-27 00:37:09,007 - INFO - EXPIRED
非法买卖互联网账号3次或被惩戒，四部门印发《惩戒办法》剑指电诈
https://new.qq.com/rain/a/20241126A02O7I00

2024-11-27 00:37:09,007 - INFO - EXPIRED
加拿大各省省长要求与总理紧急会面 讨论加美关系
https://new.qq.com/rain/a/20241126A01TY900

2024-11-27 00:37:09,007 - INFO - EXPIRED
大搞权钱权色钱色交易！黑龙江省原副省长王一新被公诉
https://new.qq.com/rain/a/20241126A02DUP00

2024-11-27 00:37:09,007 - INFO - EXPIRED
卖200元白粥的上海饭馆称使用高档水熬煮，真的吗？上架多年谁在点？
https://view.inews.qq.com/a/20241125Q09IHI00

2024-11-27 00:37:09,007 - INFO - EXPIRED
寒潮继续发威！我国大部陆续迎气温低点，东北局地有特大暴雪
https://new.qq.com/rain/a/20241126A01HIQ00

2024-11-27 00:37:09,007 - INFO - EXPIRED
上海一男子在商场坠楼身亡，目击者讲述事发经过
https://new.qq.com/rain/a/20241125A09M3F00

2024-11-27 00:37:09,007 - INFO - EXPIRED
跨省执行13年未了局：市政府对邻省县级法院说“不”
https://new.qq.com/rain/a/20241126A0006700

2024-11-27 00:37:09,007 - INFO - EXPIRED
加州州长公开挑战特朗普：你若取消电动车补贴，加州自己掏钱顶上
https://new.qq.com/rain/a/20241126A00I3100

2024-11-27 00:37:09,007 - INFO - EXPIRED
中建八局厦门一在建工地项目用照片虚假打卡？当地有关部门回应
https://new.qq.com/rain/a/20241125A07ZB100

2024-11-27 00:37:09,007 - INFO - EXPIRED
京东声明：部分造谣抹黑京东者已被公安机关处罚
https://new.qq.com/rain/a/20241126A016VE00

2024-11-27 00:37:09,007 - INFO - EXPIRED
美法官驳回特朗普涉嫌干预2020年选举案 特朗普发声
https://new.qq.com/rain/a/20241126A013QY00

2024-11-27 00:37:09,007 - INFO - EXPIRED
境外研学被关进“小黑屋”，对我赴境外学生拉拢、洗脑！国家安全机关提醒！
https://new.qq.com/rain/a/20241126A00YW800

2024-11-27 00:37:09,007 - INFO - EXPIRED
美股收盘：道指涨近1%收新高 英伟达、特斯拉逆市暴跌
https://new.qq.com/rain/a/20241126A00UT100

2024-11-27 00:37:09,007 - INFO - EXPIRED
知名珠宝公司爆雷，门店关闭总部空无一人，有人48万本金没拿回来
https://new.qq.com/rain/a/20241125A05L5C00

2024-11-27 00:37:09,007 - INFO - EXPIRED
一架载有6人的小型飞机在哥斯达黎加首都坠毁
https://new.qq.com/rain/a/20241126A010PB00

2024-11-27 00:37:09,007 - INFO - EXPIRED
罕见人生｜被忽视的“胎记”：女儿确诊罕见病后，一个父亲发起病友自救
https://new.qq.com/rain/a/20241125A069HQ00

2024-11-27 00:37:09,007 - INFO - EXPIRED
巴菲特最新公开信：透露为“子女后事”布局 无意搞家族财富帝国
https://new.qq.com/rain/a/20241125A09LZP00

2024-11-27 00:37:09,007 - INFO - EXPIRED
俄免除对乌作战的新入伍士兵债务，这有多大吸引力？符合条件的人多吗？
https://view.inews.qq.com/a/20241125Q07OFE00

2024-11-27 00:37:09,007 - INFO - EXPIRED
美国对“莫迪密友”开刀后，孟加拉国、法国也出手了
https://new.qq.com/rain/a/20241125A09ER700

2024-11-27 00:37:09,007 - INFO - EXPIRED
广电总局出手整治“霸总”微短剧，防止通过拜金、炫富等制造爽点
https://new.qq.com/rain/a/20241125A093M600

2024-11-27 00:37:10,185 - INFO - INVALID
对菲律宾打入“楔子”，起底美军“仁爱礁特遣队”
https://new.qq.com/rain/a/20241127A011GF00

2024-11-27 00:37:10,189 - INFO - INVALID
美联储会议纪要：“渐进降息”处于进行时，12月将进一步降息25个基点
https://new.qq.com/rain/a/20241127A00WE000

2024-11-27 00:37:10,250 - INFO - INVALID
巴西前总统博索纳罗被警方正式指控策划并参与政变
https://new.qq.com/rain/a/20241127A00TC700

2024-11-27 00:37:10,253 - INFO - INVALID
特朗普团队据悉准备宣布Jamieson Greer出任美国贸易代表
https://new.qq.com/rain/a/20241127A014W500

2024-11-27 00:37:10,264 - INFO - INVALID
贵州思南县通报“一13岁学生离家失联”：发现一无生命体征人员，家属确认为失联学生，已排除他杀
https://new.qq.com/rain/a/20241127A011DR00

2024-11-27 02:19:13,207 - INFO - EXPIRED
山东平阴县低空经济30年特许经营权转出，县财政局独资国企9.24亿中标
https://new.qq.com/rain/a/20241126A09KJS00

2024-11-27 02:19:13,208 - INFO - EXPIRED
科学家通过基因改造让蚊子为人类“打疫苗”，这技术真能推广吗？
https://view.inews.qq.com/a/20241126Q09JP500

2024-11-27 02:19:13,208 - INFO - EXPIRED
国泰君安何海峰：中国经济会走出“扁U型”，增量政策注重资产价格
https://new.qq.com/rain/a/20241126A086B900

2024-11-27 02:19:13,208 - INFO - EXPIRED
湘潭大学宿舍投毒案已移交法院，被害人亲属：希望投毒者承担刑责
https://new.qq.com/rain/a/20241126A07PSV00

2024-11-27 02:19:13,208 - INFO - EXPIRED
广东云浮一中学生被老师批评后跳楼，官方通报：仍在医院接受治疗和观察，排除刑事案件 
https://new.qq.com/rain/a/20241126A0978F00

2024-11-27 02:19:13,208 - INFO - EXPIRED
“免息垫首付”暴雷：深莞10余个楼盘卷入 部分房源被住建部门锁定
https://new.qq.com/rain/a/20241126A09JQS00

2024-11-27 02:19:13,208 - INFO - EXPIRED
菲律宾前总统杜特尔特呼吁军方：重新考虑是否要支持现总统小马科斯
https://new.qq.com/rain/a/20241126A05CDC00

2024-11-27 02:19:13,208 - INFO - EXPIRED
广东肇庆一殡仪馆被曝用炖盅当骨灰瓮，民政局：已弃用，将整改
https://new.qq.com/rain/a/20241126A086PE00

2024-11-27 02:19:13,208 - INFO - EXPIRED
中国羽绒工业协会就近期羽绒制品造假乱象发声并发布消费提示
https://new.qq.com/rain/a/20241126A09JK100

2024-11-27 02:19:13,208 - INFO - EXPIRED
湖北黄冈一高三老师在宿舍离世，家属：学校不申报工亡说是非工作时间
https://new.qq.com/rain/a/20241126A07ZJ600

2024-11-27 02:19:13,208 - INFO - EXPIRED
研究生扫雪缺席次数超30%取消奖学金资格？辽大化学院：属实，不解释
https://new.qq.com/rain/a/20241126A062KV00

2024-11-27 02:19:13,208 - INFO - EXPIRED
富商去世将遗产留给第三者和私生女 法院：婚外情有违公序良俗，但非婚生女可继承总遗产的80%
https://new.qq.com/rain/a/20241126A050V500

2024-11-27 02:19:13,208 - INFO - EXPIRED
新华时评丨严惩危害公共安全犯罪 保障人民安全社会稳定
https://new.qq.com/rain/a/20241126A08X7B00

2024-11-27 02:19:13,208 - INFO - EXPIRED
日本本州西岸近海发生6.3级地震
https://new.qq.com/rain/a/20241126A09J1Y00

2024-11-27 02:19:13,208 - INFO - EXPIRED
武汉一地铁线疑因“钉子户”改线：花5亿元拆迁一半后复建两栋楼
https://new.qq.com/rain/a/20241126A06RTZ00

2024-11-27 02:19:13,208 - INFO - EXPIRED
美媒爆西方官员建议拜登离任前向乌提供核武器，克宫：完全不负责任
https://new.qq.com/rain/a/20241126A09H2B00

2024-11-27 02:19:13,208 - INFO - EXPIRED
董宇辉公司新增营业性演出许可，有了它能开展哪些业务？要拍短剧吗？
https://view.inews.qq.com/a/20241126Q0659M00

2024-11-27 02:19:13,208 - INFO - EXPIRED
广西钟山妇联通报“一没有妈妈的小女孩经常坐在光棍男子怀里”
https://new.qq.com/rain/a/20241126A08TZ400

2024-11-27 02:19:13,208 - INFO - EXPIRED
中国缝纫机巨头“宝石”公司破产调查：著名浙商遭“冒名”办卡，超3亿净资金转入女总裁账户
https://new.qq.com/rain/a/20241124A06R8600

2024-11-27 02:19:13,208 - INFO - EXPIRED
渐冻症新药获美国FDA孤儿药资格认定，何为孤儿药？资格认定有何用？
https://view.inews.qq.com/a/20241126Q07OVM00

2024-11-27 02:19:13,208 - INFO - EXPIRED
小伙开车遇蟒蛇，坐车内打电话求助吓到结巴，如果他压死蟒蛇算犯法吗？
https://view.inews.qq.com/a/20241122Q03UPC00

2024-11-27 02:19:13,208 - INFO - EXPIRED
美国将向土卫六派核动力直升机探寻地外生命，为何要去土卫六？
https://view.inews.qq.com/a/20241126Q09FFY00

2024-11-27 02:19:13,208 - INFO - EXPIRED
许家印最新消息！广州法院对其本人及中国恒大采取限制消费措施
https://new.qq.com/rain/a/20241126A09F8P00

2024-11-27 02:19:13,208 - INFO - EXPIRED
外媒：俄罗斯以“间谍罪”驱逐一名英国外交官，并为此召见英国驻俄大使
https://new.qq.com/rain/a/20241126A0927M00

2024-11-27 02:19:13,208 - INFO - EXPIRED
广西一男婴在月子中心被照料20天：身上2处骨折，育婴室监控无法查看
https://new.qq.com/rain/a/20241126A0999Q00

2024-11-27 02:19:13,208 - INFO - EXPIRED
新加坡前总理李显龙：不要低估中国
https://new.qq.com/rain/a/20241126A083IJ00

2024-11-27 02:19:13,208 - INFO - EXPIRED
山东拟将3天婚假延长至最多18天，还将对学生开展人口国情国策教育
https://new.qq.com/rain/a/20241126A07W4000

2024-11-27 02:19:13,208 - INFO - EXPIRED
2024年地方政府专项债务新增限额调整为9.9万亿元
https://new.qq.com/rain/a/20241126A08K4800

2024-11-27 02:19:13,208 - INFO - EXPIRED
大连一船舶翻扣致多人失联：1人被找到已遇难，船尾有疑似渔网缠绕
https://new.qq.com/rain/a/20241126V08K3P00

2024-11-27 02:19:13,208 - INFO - EXPIRED
美国将29家中国企业列入所谓涉疆法案实体清单 商务部回应
https://new.qq.com/rain/a/20241126A08NE000

2024-11-27 02:19:13,208 - INFO - EXPIRED
用带有“鸟不拉屎”等形容词的地图开展直播，两自媒体账号被成都约谈
https://new.qq.com/rain/a/20241126A06Z2L00

2024-11-27 02:19:13,208 - INFO - EXPIRED
宁夏固原一派出所副所长打学生牵出校园欺凌传闻：当地称已成立工作组
https://new.qq.com/rain/a/20241126A075ET00

2024-11-27 02:19:13,208 - INFO - EXPIRED
收钱1.21亿、违法放贷33.2亿，中国银行原董事长刘连舸被判死缓
https://new.qq.com/rain/a/20241126A06TG400

2024-11-27 02:19:13,208 - INFO - EXPIRED
武汉一小区自来水污染呈绿色，物业：已超出能力范畴，在等送检结果
https://new.qq.com/rain/a/20241126A07XUN00

2024-11-27 02:19:13,208 - INFO - EXPIRED
原银监会于学军：货币环境发生较大变化 明年外部环境有望进一步释压
https://new.qq.com/rain/a/20241126A07SI100

2024-11-27 02:19:13,208 - INFO - EXPIRED
“996奋斗无忧险”最高获赔60万？平安产险回应：目前公司没有该产品
https://new.qq.com/rain/a/20241126A07AW400

2024-11-27 02:19:13,208 - INFO - EXPIRED
外媒：乌称俄在夜间发动188架“创纪录”数量的无人机袭击，俄方暂无回应
https://new.qq.com/rain/a/20241126A079VC00

2024-11-27 02:19:13,208 - INFO - EXPIRED
金与正：韩国再次向朝鲜南部边境多地散发反朝宣传单
https://new.qq.com/rain/a/20241126A063TI00

2024-11-27 02:19:13,208 - INFO - EXPIRED
丹麦就中方船只破坏海底电缆与中方沟通？外交部：与有关各方都保持顺畅沟通
https://new.qq.com/rain/a/20241126A05X1Q00

2024-11-27 02:19:13,208 - INFO - EXPIRED
网传中国铁建投资集团副总经理马建军坠亡，简历从官网撤下，公司回应
https://new.qq.com/rain/a/20241126A07MV900

2024-11-27 02:19:13,208 - INFO - EXPIRED
甘肃兰州一男子驾车肇事后逃逸 致4人受伤
https://new.qq.com/rain/a/20241126A06PLQ00

2024-11-27 02:19:13,208 - INFO - EXPIRED
吐槽求职大学生的“北大网红”学历被质疑，网上乱写学历要担责吗？
https://view.inews.qq.com/a/20241126Q03ARE00

2024-11-27 02:19:13,208 - INFO - EXPIRED
华为Mate 70系列售价公布：5499元起，首发卫星寻呼功能
https://new.qq.com/rain/a/20241126V06CRB00

2024-11-27 02:19:13,208 - INFO - EXPIRED
探访儿科夜间急诊：医生一晚最多看200个号，多家三级医院已超负荷
https://new.qq.com/rain/a/20241125A09JHY00

2024-11-27 02:19:13,209 - INFO - EXPIRED
知名女歌手三度患癌，系舌癌要切一半舌头，得过癌的人更容易再得吗？
https://view.inews.qq.com/a/20241122Q05TWK00

2024-11-27 02:19:13,209 - INFO - EXPIRED
做最坏的打算，中国如何应对极端关税政策？
https://new.qq.com/rain/a/20241126A075GG00

2024-11-27 02:19:13,209 - INFO - EXPIRED
杭州一底商油烟管道起火引燃多家商铺，着火商户：管道长期积油不清理
https://new.qq.com/rain/a/20241126V061J100

2024-11-27 02:19:13,209 - INFO - EXPIRED
东部战区空军新闻发言人就美P-8A反潜巡逻机过航台湾海峡发表谈话
https://new.qq.com/rain/a/20241126A05A3L00

2024-11-27 02:19:13,209 - INFO - EXPIRED
德国连环强奸案中国籍嫌犯身份曝光，前女友：他就像一个“妈宝男”
https://new.qq.com/rain/a/20241126A050UY00

2024-11-27 02:19:13,209 - INFO - EXPIRED
金融监管总局召开保险业高质量发展座谈会听取有关意见建议
https://new.qq.com/rain/a/20241126A05DNO00

2024-11-27 02:19:13,209 - INFO - EXPIRED
财政部：1-10月全国国有企业营业总收入同比增长0.9%
https://new.qq.com/rain/a/20241126A058W600

2024-11-27 02:19:13,209 - INFO - EXPIRED
网红嘲讽00后找不到工作，女硕士回怼：我一年工资不如你一条广告费高
https://new.qq.com/rain/a/20241126A04FZQ00

2024-11-27 02:19:13,209 - INFO - EXPIRED
“学生突发疾病禁止男性医护人员进入宿舍”？淄博职业学院通报
https://new.qq.com/rain/a/20241126A04QCQ00

2024-11-27 02:19:13,209 - INFO - EXPIRED
副所长踢打小学生，宁夏一女店主因被当成该生母亲遭网暴，本人发声
https://new.qq.com/rain/a/20241126A0543C00

2024-11-27 02:19:13,209 - INFO - EXPIRED
网友反映学校校舍、食堂饮食等问题情况，苏州市体育运动学校通报
https://new.qq.com/rain/a/20241126A04WKV00

2024-11-27 02:19:13,209 - INFO - EXPIRED
蔡峥谈我国望远镜的发展现状：起步晚，设备还比较欠缺｜一起来唠科
https://new.qq.com/rain/a/20241126V036RM00

2024-11-27 02:19:13,209 - INFO - EXPIRED
特朗普威胁取消对乌军援，欧洲五国国防部长承诺加大对乌克兰的支持
https://new.qq.com/rain/a/20241126A0420U00

2024-11-27 02:19:13,209 - INFO - EXPIRED
马拉松奖品活鹅带不走，被现场卖掉？组委会：选手的自由，炖了也可以
https://new.qq.com/rain/a/20241125A07BDM00

2024-11-27 02:19:13,209 - INFO - EXPIRED
文件200余字现7处错字，官方通报：工作人员被停职，相关领导启动问责
https://new.qq.com/rain/a/20241126A019V500

2024-11-27 02:19:13,209 - INFO - EXPIRED
接英雄回家！空军运-20起飞赴韩
https://new.qq.com/rain/a/20241126A04O8Y00

2024-11-27 02:19:13,209 - INFO - EXPIRED
重磅预告！医保“灵魂谈判”本周四开箱，哪些公司有望入围
https://new.qq.com/rain/a/20241126A04W8N00

2024-11-27 02:19:13,209 - INFO - EXPIRED
黄晓明为新戏剃秃头、急速瘦身30斤，狂喝蔬菜汁喝到压抑
https://new.qq.com/rain/a/20241126V05ESA00

2024-11-27 02:19:13,209 - INFO - EXPIRED
多名涉事官员被查，号称投资150亿的重庆广阳岛，现在怎么样了
https://new.qq.com/rain/a/20241120A05GL500

2024-11-27 02:19:13,209 - INFO - EXPIRED
长征十二号遥一运载火箭成功转场 将于近期择机发射
https://new.qq.com/rain/a/20241126A04T2500

2024-11-27 02:19:13,209 - INFO - EXPIRED
钓鱼第一股冲刺上市，三年卖20多亿元，钓鱼生意这么暴利？能持续吗？
https://view.inews.qq.com/a/20241126Q01ZBZ00

2024-11-27 02:19:13,209 - INFO - EXPIRED
欧盟欲制裁所谓“助俄开发无人机”的中企，外交部：不要搞“双标”
https://new.qq.com/rain/a/20241126A05WBM00

2024-11-27 02:19:13,209 - INFO - EXPIRED
多次向犯罪分子通风报信，云南大理一辅警获刑半年
https://new.qq.com/rain/a/20241126A04G1I00

2024-11-27 02:19:13,209 - INFO - EXPIRED
越南“反浪费斗争”，两名越共中央委员被免职
https://new.qq.com/rain/a/20241126A01MD400

2024-11-27 02:19:13,209 - INFO - EXPIRED
网传男子家暴妻子，当三个孩子面说“要杀了妈妈”，年幼女儿当场报警
https://new.qq.com/rain/a/20241126A03XGN00

2024-11-27 02:19:13,209 - INFO - EXPIRED
正当防卫还是故意杀人？“内蒙古警察枪击案”今日开庭重审
https://new.qq.com/rain/a/20241125A09LWY00

2024-11-27 02:19:13,209 - INFO - EXPIRED
伊朗最高领袖哈梅内伊：逮捕令远远不够，应处死内塔尼亚胡等人
https://new.qq.com/rain/a/20241126A014JJ00

2024-11-27 02:19:13,209 - INFO - EXPIRED
贵州“天眼”抓拍到银河系外的宇宙闪烁，向我们传递了什么信息？
https://view.inews.qq.com/a/20241122Q03Q3O00

2024-11-27 02:19:13,209 - INFO - EXPIRED
59岁央行副行长张青松履新中投公司董事长，彭纯卸任
https://new.qq.com/rain/a/20241126A038AK00

2024-11-27 02:19:13,209 - INFO - EXPIRED
尼泊尔总理将访华，“打破传统，外访首站没有选在印度”
https://new.qq.com/rain/a/20241126A03M3800

2024-11-27 02:19:13,209 - INFO - EXPIRED
广东：支持深圳证券交易所建设世界一流交易所
https://new.qq.com/rain/a/20241126A0405F00

2024-11-27 02:19:13,209 - INFO - EXPIRED
建筑师马岩松与伊能静儿子恩利开启巴黎之旅 恩利敞开心扉谈父母
https://new.qq.com/rain/a/20241126V01YGI00

2024-11-27 02:19:13,209 - INFO - EXPIRED
大连一失联船舶已被找到，失联者家属：发现一具遗体，另有四人失联
https://new.qq.com/rain/a/20241126A03KQX00

2024-11-27 02:19:13,209 - INFO - EXPIRED
非法买卖互联网账号3次或被惩戒，四部门印发《惩戒办法》剑指电诈
https://new.qq.com/rain/a/20241126A02O7I00

2024-11-27 02:19:13,209 - INFO - EXPIRED
加拿大各省省长要求与总理紧急会面 讨论加美关系
https://new.qq.com/rain/a/20241126A01TY900

2024-11-27 02:19:13,209 - INFO - EXPIRED
大搞权钱权色钱色交易！黑龙江省原副省长王一新被公诉
https://new.qq.com/rain/a/20241126A02DUP00

2024-11-27 02:19:13,209 - INFO - EXPIRED
卖200元白粥的上海饭馆称使用高档水熬煮，真的吗？上架多年谁在点？
https://view.inews.qq.com/a/20241125Q09IHI00

2024-11-27 02:19:13,209 - INFO - EXPIRED
寒潮继续发威！我国大部陆续迎气温低点，东北局地有特大暴雪
https://new.qq.com/rain/a/20241126A01HIQ00

2024-11-27 02:19:13,209 - INFO - EXPIRED
上海一男子在商场坠楼身亡，目击者讲述事发经过
https://new.qq.com/rain/a/20241125A09M3F00

2024-11-27 02:19:13,209 - INFO - EXPIRED
跨省执行13年未了局：市政府对邻省县级法院说“不”
https://new.qq.com/rain/a/20241126A0006700

2024-11-27 02:19:13,209 - INFO - EXPIRED
加州州长公开挑战特朗普：你若取消电动车补贴，加州自己掏钱顶上
https://new.qq.com/rain/a/20241126A00I3100

2024-11-27 02:19:13,209 - INFO - EXPIRED
中建八局厦门一在建工地项目用照片虚假打卡？当地有关部门回应
https://new.qq.com/rain/a/20241125A07ZB100

2024-11-27 02:19:13,209 - INFO - EXPIRED
京东声明：部分造谣抹黑京东者已被公安机关处罚
https://new.qq.com/rain/a/20241126A016VE00

2024-11-27 02:19:13,209 - INFO - EXPIRED
美法官驳回特朗普涉嫌干预2020年选举案 特朗普发声
https://new.qq.com/rain/a/20241126A013QY00

2024-11-27 02:19:13,209 - INFO - EXPIRED
境外研学被关进“小黑屋”，对我赴境外学生拉拢、洗脑！国家安全机关提醒！
https://new.qq.com/rain/a/20241126A00YW800

2024-11-27 02:19:14,020 - INFO - INVALID
上海市委常委、浦东新区区委书记朱芝松接受审查调查
https://new.qq.com/rain/a/20241127A02G0T00

2024-11-27 02:19:14,027 - INFO - INVALID
被家暴16次女子至今未收到抚养费：就算前夫再杀一次，也不会写谅解书
https://new.qq.com/rain/a/20241127A014SU00

2024-11-27 02:19:14,037 - INFO - INVALID
从仰望到尊界，国产品牌“整顿”百万豪车市场：多品牌战略考验华为
https://new.qq.com/rain/a/20241127A026HN00

2024-11-27 02:19:14,046 - INFO - INVALID
家长称15岁女儿遭多次霸凌并在孕期被持刀砍伤，校方和警方回应
https://new.qq.com/rain/a/20241127A01XN300

2024-11-27 02:19:14,093 - INFO - INVALID
比亚迪要求供应商降价10%？官方回应：正在核实
https://new.qq.com/rain/a/20241127A028GN00

2024-11-27 02:19:14,566 - INFO - INVALID
国家统计局：10月规模以上工业企业利润同比下降10%，降幅明显收窄
https://new.qq.com/rain/a/20241127A0225F00

2024-11-27 02:19:14,595 - INFO - INVALID
贵州思南县通报“一13岁学生离家失联”：发现一无生命体征人员，家属确认为失联学生，已排除他杀
https://new.qq.com/rain/a/20241127A011DR00

2024-11-27 02:19:14,601 - INFO - INVALID
对菲律宾打入“楔子”，起底美军“仁爱礁特遣队”
https://new.qq.com/rain/a/20241127A011GF00

2024-11-27 02:19:14,645 - INFO - INVALID
特朗普提名格里尔出任美国贸易代表
https://new.qq.com/rain/a/20241127A024M800

2024-11-27 02:19:14,743 - INFO - INVALID
巴西前总统博索纳罗被警方正式指控策划并参与政变
https://new.qq.com/rain/a/20241127A00TC700

2024-11-27 02:19:15,119 - INFO - INVALID
美联储会议纪要：“渐进降息”处于进行时，12月将进一步降息25个基点
https://new.qq.com/rain/a/20241127A00WE000

2024-11-27 03:24:32,963 - INFO - EXPIRED
科学家通过基因改造让蚊子为人类“打疫苗”，这技术真能推广吗？
https://view.inews.qq.com/a/20241126Q09JP500

2024-11-27 03:24:32,963 - INFO - EXPIRED
山东平阴县低空经济30年特许经营权转出，县财政局独资国企9.24亿中标
https://new.qq.com/rain/a/20241126A09KJS00

2024-11-27 03:24:32,963 - INFO - EXPIRED
国泰君安何海峰：A股已形成趋势性反转，期待“价值牛”
https://new.qq.com/rain/a/20241126A086B900

2024-11-27 03:24:32,963 - INFO - EXPIRED
湘潭大学宿舍投毒案已移交法院，被害人亲属：希望投毒者承担刑责
https://new.qq.com/rain/a/20241126A07PSV00

2024-11-27 03:24:32,963 - INFO - EXPIRED
广东云浮一中学生被老师批评后跳楼，官方通报：仍在医院接受治疗和观察，排除刑事案件 
https://new.qq.com/rain/a/20241126A0978F00

2024-11-27 03:24:32,963 - INFO - EXPIRED
“免息垫首付”暴雷：深莞10余个楼盘卷入 部分房源被住建部门锁定
https://new.qq.com/rain/a/20241126A09JQS00

2024-11-27 03:24:32,963 - INFO - EXPIRED
菲律宾前总统杜特尔特呼吁军方：重新考虑是否要支持现总统小马科斯
https://new.qq.com/rain/a/20241126A05CDC00

2024-11-27 03:24:32,963 - INFO - EXPIRED
广东肇庆一殡仪馆被曝用炖盅当骨灰瓮，民政局：已弃用，将整改
https://new.qq.com/rain/a/20241126A086PE00

2024-11-27 03:24:32,963 - INFO - EXPIRED
中国羽绒工业协会就近期羽绒制品造假乱象发声并发布消费提示
https://new.qq.com/rain/a/20241126A09JK100

2024-11-27 03:24:32,963 - INFO - EXPIRED
湖北黄冈一高三老师在宿舍离世，家属：学校不申报工亡说是非工作时间
https://new.qq.com/rain/a/20241126A07ZJ600

2024-11-27 03:24:32,963 - INFO - EXPIRED
研究生扫雪缺席次数超30%取消奖学金资格？辽大化学院：属实，不解释
https://new.qq.com/rain/a/20241126A062KV00

2024-11-27 03:24:32,963 - INFO - EXPIRED
富商去世将遗产留给第三者和私生女 法院：婚外情有违公序良俗，但非婚生女可继承总遗产的80%
https://new.qq.com/rain/a/20241126A050V500

2024-11-27 03:24:32,963 - INFO - EXPIRED
新华时评丨严惩危害公共安全犯罪 保障人民安全社会稳定
https://new.qq.com/rain/a/20241126A08X7B00

2024-11-27 03:24:32,963 - INFO - EXPIRED
日本本州西岸近海发生6.3级地震
https://new.qq.com/rain/a/20241126A09J1Y00

2024-11-27 03:24:32,963 - INFO - EXPIRED
武汉一地铁线疑因“钉子户”改线：花5亿元拆迁一半后复建两栋楼
https://new.qq.com/rain/a/20241126A06RTZ00

2024-11-27 03:24:32,963 - INFO - EXPIRED
美媒爆西方官员建议拜登离任前向乌提供核武器，克宫：完全不负责任
https://new.qq.com/rain/a/20241126A09H2B00

2024-11-27 03:24:32,963 - INFO - EXPIRED
董宇辉公司新增营业性演出许可，有了它能开展哪些业务？要拍短剧吗？
https://view.inews.qq.com/a/20241126Q0659M00

2024-11-27 03:24:32,963 - INFO - EXPIRED
广西钟山妇联通报“一没有妈妈的小女孩经常坐在光棍男子怀里”
https://new.qq.com/rain/a/20241126A08TZ400

2024-11-27 03:24:32,963 - INFO - EXPIRED
中国缝纫机巨头“宝石”公司破产调查：著名浙商遭“冒名”办卡，超3亿净资金转入女总裁账户
https://new.qq.com/rain/a/20241124A06R8600

2024-11-27 03:24:32,963 - INFO - EXPIRED
渐冻症新药获美国FDA孤儿药资格认定，何为孤儿药？资格认定有何用？
https://view.inews.qq.com/a/20241126Q07OVM00

2024-11-27 03:24:32,963 - INFO - EXPIRED
小伙开车遇蟒蛇，坐车内打电话求助吓到结巴，如果他压死蟒蛇算犯法吗？
https://view.inews.qq.com/a/20241122Q03UPC00

2024-11-27 03:24:32,963 - INFO - EXPIRED
美国将向土卫六派核动力直升机探寻地外生命，为何要去土卫六？
https://view.inews.qq.com/a/20241126Q09FFY00

2024-11-27 03:24:32,963 - INFO - EXPIRED
许家印最新消息！广州法院对其本人及中国恒大采取限制消费措施
https://new.qq.com/rain/a/20241126A09F8P00

2024-11-27 03:24:32,963 - INFO - EXPIRED
外媒：俄罗斯以“间谍罪”驱逐一名英国外交官，并为此召见英国驻俄大使
https://new.qq.com/rain/a/20241126A0927M00

2024-11-27 03:24:32,963 - INFO - EXPIRED
广西一男婴在月子中心被照料20天：身上2处骨折，育婴室监控无法查看
https://new.qq.com/rain/a/20241126A0999Q00

2024-11-27 03:24:32,963 - INFO - EXPIRED
新加坡前总理李显龙：不要低估中国
https://new.qq.com/rain/a/20241126A083IJ00

2024-11-27 03:24:32,963 - INFO - EXPIRED
山东拟将3天婚假延长至最多18天，还将对学生开展人口国情国策教育
https://new.qq.com/rain/a/20241126A07W4000

2024-11-27 03:24:32,963 - INFO - EXPIRED
2024年地方政府专项债务新增限额调整为9.9万亿元
https://new.qq.com/rain/a/20241126A08K4800

2024-11-27 03:24:32,963 - INFO - EXPIRED
大连一船舶翻扣致多人失联：1人被找到已遇难，船尾有疑似渔网缠绕
https://new.qq.com/rain/a/20241126V08K3P00

2024-11-27 03:24:32,963 - INFO - EXPIRED
美国将29家中国企业列入所谓涉疆法案实体清单 商务部回应
https://new.qq.com/rain/a/20241126A08NE000

2024-11-27 03:24:32,963 - INFO - EXPIRED
用带有“鸟不拉屎”等形容词的地图开展直播，两自媒体账号被成都约谈
https://new.qq.com/rain/a/20241126A06Z2L00

2024-11-27 03:24:32,963 - INFO - EXPIRED
宁夏固原一派出所副所长打学生牵出校园欺凌传闻：当地称已成立工作组
https://new.qq.com/rain/a/20241126A075ET00

2024-11-27 03:24:32,963 - INFO - EXPIRED
收钱1.21亿、违法放贷33.2亿，中国银行原董事长刘连舸被判死缓
https://new.qq.com/rain/a/20241126A06TG400

2024-11-27 03:24:32,963 - INFO - EXPIRED
武汉一小区自来水污染呈绿色，物业：已超出能力范畴，在等送检结果
https://new.qq.com/rain/a/20241126A07XUN00

2024-11-27 03:24:32,963 - INFO - EXPIRED
原银监会于学军：货币环境发生较大变化 明年外部环境有望进一步释压
https://new.qq.com/rain/a/20241126A07SI100

2024-11-27 03:24:32,963 - INFO - EXPIRED
“996奋斗无忧险”最高获赔60万？平安产险回应：目前公司没有该产品
https://new.qq.com/rain/a/20241126A07AW400

2024-11-27 03:24:32,963 - INFO - EXPIRED
外媒：乌称俄在夜间发动188架“创纪录”数量的无人机袭击，俄方暂无回应
https://new.qq.com/rain/a/20241126A079VC00

2024-11-27 03:24:32,963 - INFO - EXPIRED
金与正：韩国再次向朝鲜南部边境多地散发反朝宣传单
https://new.qq.com/rain/a/20241126A063TI00

2024-11-27 03:24:32,963 - INFO - EXPIRED
丹麦就中方船只破坏海底电缆与中方沟通？外交部：与有关各方都保持顺畅沟通
https://new.qq.com/rain/a/20241126A05X1Q00

2024-11-27 03:24:32,963 - INFO - EXPIRED
网传中国铁建投资集团副总经理马建军坠亡，简历从官网撤下，公司回应
https://new.qq.com/rain/a/20241126A07MV900

2024-11-27 03:24:32,963 - INFO - EXPIRED
甘肃兰州一男子驾车肇事后逃逸 致4人受伤
https://new.qq.com/rain/a/20241126A06PLQ00

2024-11-27 03:24:32,963 - INFO - EXPIRED
吐槽求职大学生的“北大网红”学历被质疑，网上乱写学历要担责吗？
https://view.inews.qq.com/a/20241126Q03ARE00

2024-11-27 03:24:32,963 - INFO - EXPIRED
华为Mate 70系列售价公布：5499元起，首发卫星寻呼功能
https://new.qq.com/rain/a/20241126V06CRB00

2024-11-27 03:24:32,964 - INFO - EXPIRED
探访儿科夜间急诊：医生一晚最多看200个号，多家三级医院已超负荷
https://new.qq.com/rain/a/20241125A09JHY00

2024-11-27 03:24:32,964 - INFO - EXPIRED
知名女歌手三度患癌，系舌癌要切一半舌头，得过癌的人更容易再得吗？
https://view.inews.qq.com/a/20241122Q05TWK00

2024-11-27 03:24:32,964 - INFO - EXPIRED
做最坏的打算，中国如何应对极端关税政策？
https://new.qq.com/rain/a/20241126A075GG00

2024-11-27 03:24:32,964 - INFO - EXPIRED
杭州一底商油烟管道起火引燃多家商铺，着火商户：管道长期积油不清理
https://new.qq.com/rain/a/20241126V061J100

2024-11-27 03:24:32,964 - INFO - EXPIRED
东部战区空军新闻发言人就美P-8A反潜巡逻机过航台湾海峡发表谈话
https://new.qq.com/rain/a/20241126A05A3L00

2024-11-27 03:24:32,964 - INFO - EXPIRED
德国连环强奸案中国籍嫌犯身份曝光，前女友：他就像一个“妈宝男”
https://new.qq.com/rain/a/20241126A050UY00

2024-11-27 03:24:32,964 - INFO - EXPIRED
金融监管总局召开保险业高质量发展座谈会听取有关意见建议
https://new.qq.com/rain/a/20241126A05DNO00

2024-11-27 03:24:32,964 - INFO - EXPIRED
财政部：1-10月全国国有企业营业总收入同比增长0.9%
https://new.qq.com/rain/a/20241126A058W600

2024-11-27 03:24:32,964 - INFO - EXPIRED
网红嘲讽00后找不到工作，女硕士回怼：我一年工资不如你一条广告费高
https://new.qq.com/rain/a/20241126A04FZQ00

2024-11-27 03:24:32,964 - INFO - EXPIRED
“学生突发疾病禁止男性医护人员进入宿舍”？淄博职业学院通报
https://new.qq.com/rain/a/20241126A04QCQ00

2024-11-27 03:24:32,964 - INFO - EXPIRED
副所长踢打小学生，宁夏一女店主因被当成该生母亲遭网暴，本人发声
https://new.qq.com/rain/a/20241126A0543C00

2024-11-27 03:24:32,964 - INFO - EXPIRED
网友反映学校校舍、食堂饮食等问题情况，苏州市体育运动学校通报
https://new.qq.com/rain/a/20241126A04WKV00

2024-11-27 03:24:32,964 - INFO - EXPIRED
蔡峥谈我国望远镜的发展现状：起步晚，设备还比较欠缺｜一起来唠科
https://new.qq.com/rain/a/20241126V036RM00

2024-11-27 03:24:32,964 - INFO - EXPIRED
特朗普威胁取消对乌军援，欧洲五国国防部长承诺加大对乌克兰的支持
https://new.qq.com/rain/a/20241126A0420U00

2024-11-27 03:24:32,964 - INFO - EXPIRED
马拉松奖品活鹅带不走，被现场卖掉？组委会：选手的自由，炖了也可以
https://new.qq.com/rain/a/20241125A07BDM00

2024-11-27 03:24:32,964 - INFO - EXPIRED
文件200余字现7处错字，官方通报：工作人员被停职，相关领导启动问责
https://new.qq.com/rain/a/20241126A019V500

2024-11-27 03:24:32,964 - INFO - EXPIRED
接英雄回家！空军运-20起飞赴韩
https://new.qq.com/rain/a/20241126A04O8Y00

2024-11-27 03:24:32,964 - INFO - EXPIRED
重磅预告！医保“灵魂谈判”本周四开箱，哪些公司有望入围
https://new.qq.com/rain/a/20241126A04W8N00

2024-11-27 03:24:32,964 - INFO - EXPIRED
黄晓明为新戏剃秃头、急速瘦身30斤，狂喝蔬菜汁喝到压抑
https://new.qq.com/rain/a/20241126V05ESA00

2024-11-27 03:24:32,964 - INFO - EXPIRED
多名涉事官员被查，号称投资150亿的重庆广阳岛，现在怎么样了
https://new.qq.com/rain/a/20241120A05GL500

2024-11-27 03:24:32,964 - INFO - EXPIRED
长征十二号遥一运载火箭成功转场 将于近期择机发射
https://new.qq.com/rain/a/20241126A04T2500

2024-11-27 03:24:32,964 - INFO - EXPIRED
钓鱼第一股冲刺上市，三年卖20多亿元，钓鱼生意这么暴利？能持续吗？
https://view.inews.qq.com/a/20241126Q01ZBZ00

2024-11-27 03:24:32,964 - INFO - EXPIRED
欧盟欲制裁所谓“助俄开发无人机”的中企，外交部：不要搞“双标”
https://new.qq.com/rain/a/20241126A05WBM00

2024-11-27 03:24:32,964 - INFO - EXPIRED
多次向犯罪分子通风报信，云南大理一辅警获刑半年
https://new.qq.com/rain/a/20241126A04G1I00

2024-11-27 03:24:32,964 - INFO - EXPIRED
越南“反浪费斗争”，两名越共中央委员被免职
https://new.qq.com/rain/a/20241126A01MD400

2024-11-27 03:24:32,964 - INFO - EXPIRED
网传男子家暴妻子，当三个孩子面说“要杀了妈妈”，年幼女儿当场报警
https://new.qq.com/rain/a/20241126A03XGN00

2024-11-27 03:24:32,964 - INFO - EXPIRED
正当防卫还是故意杀人？“内蒙古警察枪击案”今日开庭重审
https://new.qq.com/rain/a/20241125A09LWY00

2024-11-27 03:24:32,964 - INFO - EXPIRED
伊朗最高领袖哈梅内伊：逮捕令远远不够，应处死内塔尼亚胡等人
https://new.qq.com/rain/a/20241126A014JJ00

2024-11-27 03:24:32,964 - INFO - EXPIRED
贵州“天眼”抓拍到银河系外的宇宙闪烁，向我们传递了什么信息？
https://view.inews.qq.com/a/20241122Q03Q3O00

2024-11-27 03:24:32,964 - INFO - EXPIRED
59岁央行副行长张青松履新中投公司董事长，彭纯卸任
https://new.qq.com/rain/a/20241126A038AK00

2024-11-27 03:24:32,964 - INFO - EXPIRED
尼泊尔总理将访华，“打破传统，外访首站没有选在印度”
https://new.qq.com/rain/a/20241126A03M3800

2024-11-27 03:24:32,964 - INFO - EXPIRED
广东：支持深圳证券交易所建设世界一流交易所
https://new.qq.com/rain/a/20241126A0405F00

2024-11-27 03:24:32,964 - INFO - EXPIRED
建筑师马岩松与伊能静儿子恩利开启巴黎之旅 恩利敞开心扉谈父母
https://new.qq.com/rain/a/20241126V01YGI00

2024-11-27 03:24:32,964 - INFO - EXPIRED
大连一失联船舶已被找到，失联者家属：发现一具遗体，另有四人失联
https://new.qq.com/rain/a/20241126A03KQX00

2024-11-27 03:24:32,964 - INFO - EXPIRED
非法买卖互联网账号3次或被惩戒，四部门印发《惩戒办法》剑指电诈
https://new.qq.com/rain/a/20241126A02O7I00

2024-11-27 03:24:32,964 - INFO - EXPIRED
加拿大各省省长要求与总理紧急会面 讨论加美关系
https://new.qq.com/rain/a/20241126A01TY900

2024-11-27 03:24:32,964 - INFO - EXPIRED
大搞权钱权色钱色交易！黑龙江省原副省长王一新被公诉
https://new.qq.com/rain/a/20241126A02DUP00

2024-11-27 03:24:32,964 - INFO - EXPIRED
卖200元白粥的上海饭馆称使用高档水熬煮，真的吗？上架多年谁在点？
https://view.inews.qq.com/a/20241125Q09IHI00

2024-11-27 03:24:34,046 - INFO - INVALID
上海市委常委、浦东新区区委书记朱芝松任上落马！前天仍有公开活动
https://new.qq.com/rain/a/20241127A02ZU100

2024-11-27 03:24:34,052 - INFO - INVALID
山西一村委会发通知，不缴医保70岁以上老人不发重阳节福利，当地回应
https://new.qq.com/rain/a/20241127A03HF600

2024-11-27 03:24:34,122 - INFO - INVALID
国台办回应赖清德所谓和平三选项：其行可耻，其心可诛
https://new.qq.com/rain/a/20241127A033I300

2024-11-27 03:24:34,127 - INFO - INVALID
家长称15岁女儿遭多次霸凌并在孕期被持刀砍伤，校方和警方回应
https://new.qq.com/rain/a/20241127A01XN300

2024-11-27 03:24:34,132 - INFO - INVALID
河南一杂技演员表演时绳子断裂坠落，知情人：妻子去年发生意外去世
https://new.qq.com/rain/a/20241127A03B5A00

2024-11-27 03:24:34,677 - ERROR - ERROR
“真香”王境泽10年后回访：我和导演是“互殴”，靠版权每年躺赚百万
https://new.qq.com/rain/a/20241127V024AU00
('list index out of range',)
======
Traceback (most recent call last):
  File "/home/runner/work/qqnews/qqnews/qq.py", line 81, in process_article
    ss = str(tmpbs.select("div.LEFT div.content.clearfix")[0])
             ~~~~~~~~~~~~~~~~~~~~~~~~~~~~~~~~~~~~~~~~~~~~~^^^
IndexError: list index out of range


2024-11-27 03:24:34,724 - ERROR - ERROR
震撼！朱雀二号改进型火箭首飞成功 直击火箭发射现场
https://new.qq.com/rain/a/20241127V0391Y00
('list index out of range',)
======
Traceback (most recent call last):
  File "/home/runner/work/qqnews/qqnews/qq.py", line 81, in process_article
    ss = str(tmpbs.select("div.LEFT div.content.clearfix")[0])
             ~~~~~~~~~~~~~~~~~~~~~~~~~~~~~~~~~~~~~~~~~~~~~^^^
IndexError: list index out of range


2024-11-27 03:24:34,783 - INFO - INVALID
再造一“界”或投资引望？上汽被传与华为密切接触，官方回应并不知情
https://new.qq.com/rain/a/20241127A032LY00

2024-11-27 03:24:34,827 - INFO - INVALID
比亚迪要求供应商降价10%？官方回应：正在核实
https://new.qq.com/rain/a/20241127A028GN00

2024-11-27 03:24:35,047 - INFO - INVALID
为骗1200万保金，辽宁一男子推妻坠海致其身亡，妻子死后不久就招嫖
https://new.qq.com/rain/a/20241127A018W900

2024-11-27 03:24:35,319 - INFO - INVALID
被家暴16次女子至今未收到抚养费：就算前夫再杀一次，也不会写谅解书
https://new.qq.com/rain/a/20241127A014SU00

2024-11-27 03:24:35,379 - INFO - INVALID
“国产迈巴赫”亮相，华为“整顿”百万豪车！业内：拿下50岁老板才行
https://new.qq.com/rain/a/20241127A026HN00

2024-11-27 03:24:35,429 - INFO - INVALID
国家统计局：10月规模以上工业企业利润同比下降10%，降幅明显收窄
https://new.qq.com/rain/a/20241127A0225F00

2024-11-27 03:24:35,557 - INFO - INVALID
特朗普提名格里尔出任美国贸易代表
https://new.qq.com/rain/a/20241127A024M800

2024-11-27 03:24:35,692 - INFO - INVALID
黑龙江双阳煤矿发生事故致11人遇难，调查结果公布，46人被处理
https://new.qq.com/rain/a/20241127A02S2Z00

2024-11-27 03:24:36,036 - INFO - INVALID
对菲律宾打入“楔子”，起底美军“仁爱礁特遣队”
https://new.qq.com/rain/a/20241127A011GF00

2024-11-27 03:24:36,046 - INFO - INVALID
贵州思南县通报“一13岁学生离家失联”：发现一无生命体征人员，家属确认为失联学生，已排除他杀
https://new.qq.com/rain/a/20241127A011DR00

2024-11-27 03:24:36,291 - INFO - INVALID
美联储会议纪要：“渐进降息”处于进行时，12月将进一步降息25个基点
https://new.qq.com/rain/a/20241127A00WE000

2024-11-27 03:24:36,298 - INFO - INVALID
巴西前总统博索纳罗被警方正式指控策划并参与政变
https://new.qq.com/rain/a/20241127A00TC700

2024-11-27 04:10:05,727 - INFO - EXPIRED
科学家通过基因改造让蚊子为人类“打疫苗”，这技术真能推广吗？
https://view.inews.qq.com/a/20241126Q09JP500

2024-11-27 04:10:05,727 - INFO - EXPIRED
山东平阴县低空经济30年特许经营权转出，县财政局独资国企9.24亿中标
https://new.qq.com/rain/a/20241126A09KJS00

2024-11-27 04:10:05,727 - INFO - EXPIRED
国泰君安何海峰：A股已形成趋势性反转，期待“价值牛”
https://new.qq.com/rain/a/20241126A086B900

2024-11-27 04:10:05,727 - INFO - EXPIRED
湘潭大学宿舍投毒案已移交法院，被害人亲属：希望投毒者承担刑责
https://new.qq.com/rain/a/20241126A07PSV00

2024-11-27 04:10:05,727 - INFO - EXPIRED
广东云浮一中学生被老师批评后跳楼，官方通报：仍在医院接受治疗和观察，排除刑事案件 
https://new.qq.com/rain/a/20241126A0978F00

2024-11-27 04:10:05,727 - INFO - EXPIRED
“免息垫首付”暴雷：深莞10余个楼盘卷入 部分房源被住建部门锁定
https://new.qq.com/rain/a/20241126A09JQS00

2024-11-27 04:10:05,727 - INFO - EXPIRED
菲律宾前总统杜特尔特呼吁军方：重新考虑是否要支持现总统小马科斯
https://new.qq.com/rain/a/20241126A05CDC00

2024-11-27 04:10:05,727 - INFO - EXPIRED
广东肇庆一殡仪馆被曝用炖盅当骨灰瓮，民政局：已弃用，将整改
https://new.qq.com/rain/a/20241126A086PE00

2024-11-27 04:10:05,727 - INFO - EXPIRED
中国羽绒工业协会就近期羽绒制品造假乱象发声并发布消费提示
https://new.qq.com/rain/a/20241126A09JK100

2024-11-27 04:10:05,727 - INFO - EXPIRED
湖北黄冈一高三老师在宿舍离世，家属：学校不申报工亡说是非工作时间
https://new.qq.com/rain/a/20241126A07ZJ600

2024-11-27 04:10:05,727 - INFO - EXPIRED
研究生扫雪缺席次数超30%取消奖学金资格？辽大化学院：属实，不解释
https://new.qq.com/rain/a/20241126A062KV00

2024-11-27 04:10:05,727 - INFO - EXPIRED
富商去世将遗产留给第三者和私生女 法院：婚外情有违公序良俗，但非婚生女可继承总遗产的80%
https://new.qq.com/rain/a/20241126A050V500

2024-11-27 04:10:05,727 - INFO - EXPIRED
新华时评丨严惩危害公共安全犯罪 保障人民安全社会稳定
https://new.qq.com/rain/a/20241126A08X7B00

2024-11-27 04:10:05,727 - INFO - EXPIRED
日本本州西岸近海发生6.3级地震
https://new.qq.com/rain/a/20241126A09J1Y00

2024-11-27 04:10:05,727 - INFO - EXPIRED
武汉一地铁线疑因“钉子户”改线：花5亿元拆迁一半后复建两栋楼
https://new.qq.com/rain/a/20241126A06RTZ00

2024-11-27 04:10:05,727 - INFO - EXPIRED
美媒爆西方官员建议拜登离任前向乌提供核武器，克宫：完全不负责任
https://new.qq.com/rain/a/20241126A09H2B00

2024-11-27 04:10:05,727 - INFO - EXPIRED
董宇辉公司新增营业性演出许可，有了它能开展哪些业务？要拍短剧吗？
https://view.inews.qq.com/a/20241126Q0659M00

2024-11-27 04:10:05,727 - INFO - EXPIRED
广西钟山妇联通报“一没有妈妈的小女孩经常坐在光棍男子怀里”
https://new.qq.com/rain/a/20241126A08TZ400

2024-11-27 04:10:05,727 - INFO - EXPIRED
渐冻症新药获美国FDA孤儿药资格认定，何为孤儿药？资格认定有何用？
https://view.inews.qq.com/a/20241126Q07OVM00

2024-11-27 04:10:05,727 - INFO - EXPIRED
小伙开车遇蟒蛇，坐车内打电话求助吓到结巴，如果他压死蟒蛇算犯法吗？
https://view.inews.qq.com/a/20241122Q03UPC00

2024-11-27 04:10:05,727 - INFO - EXPIRED
美国将向土卫六派核动力直升机探寻地外生命，为何要去土卫六？
https://view.inews.qq.com/a/20241126Q09FFY00

2024-11-27 04:10:05,727 - INFO - EXPIRED
许家印最新消息！广州法院对其本人及中国恒大采取限制消费措施
https://new.qq.com/rain/a/20241126A09F8P00

2024-11-27 04:10:05,727 - INFO - EXPIRED
外媒：俄罗斯以“间谍罪”驱逐一名英国外交官，并为此召见英国驻俄大使
https://new.qq.com/rain/a/20241126A0927M00

2024-11-27 04:10:05,727 - INFO - EXPIRED
广西一男婴在月子中心被照料20天：身上2处骨折，育婴室监控无法查看
https://new.qq.com/rain/a/20241126A0999Q00

2024-11-27 04:10:05,727 - INFO - EXPIRED
新加坡前总理李显龙：不要低估中国
https://new.qq.com/rain/a/20241126A083IJ00

2024-11-27 04:10:05,727 - INFO - EXPIRED
山东拟将3天婚假延长至最多18天，还将对学生开展人口国情国策教育
https://new.qq.com/rain/a/20241126A07W4000

2024-11-27 04:10:05,728 - INFO - EXPIRED
2024年地方政府专项债务新增限额调整为9.9万亿元
https://new.qq.com/rain/a/20241126A08K4800

2024-11-27 04:10:05,728 - INFO - EXPIRED
大连一船舶翻扣致多人失联：1人被找到已遇难，船尾有疑似渔网缠绕
https://new.qq.com/rain/a/20241126V08K3P00

2024-11-27 04:10:05,728 - INFO - EXPIRED
美国将29家中国企业列入所谓涉疆法案实体清单 商务部回应
https://new.qq.com/rain/a/20241126A08NE000

2024-11-27 04:10:05,728 - INFO - EXPIRED
用带有“鸟不拉屎”等形容词的地图开展直播，两自媒体账号被成都约谈
https://new.qq.com/rain/a/20241126A06Z2L00

2024-11-27 04:10:05,728 - INFO - EXPIRED
宁夏固原一派出所副所长打学生牵出校园欺凌传闻：当地称已成立工作组
https://new.qq.com/rain/a/20241126A075ET00

2024-11-27 04:10:05,728 - INFO - EXPIRED
收钱1.21亿、违法放贷33.2亿，中国银行原董事长刘连舸被判死缓
https://new.qq.com/rain/a/20241126A06TG400

2024-11-27 04:10:05,728 - INFO - EXPIRED
武汉一小区自来水污染呈绿色，物业：已超出能力范畴，在等送检结果
https://new.qq.com/rain/a/20241126A07XUN00

2024-11-27 04:10:05,728 - INFO - EXPIRED
原银监会于学军：货币环境发生较大变化 明年外部环境有望进一步释压
https://new.qq.com/rain/a/20241126A07SI100

2024-11-27 04:10:05,728 - INFO - EXPIRED
“996奋斗无忧险”最高获赔60万？平安产险回应：目前公司没有该产品
https://new.qq.com/rain/a/20241126A07AW400

2024-11-27 04:10:05,728 - INFO - EXPIRED
外媒：乌称俄在夜间发动188架“创纪录”数量的无人机袭击，俄方暂无回应
https://new.qq.com/rain/a/20241126A079VC00

2024-11-27 04:10:05,728 - INFO - EXPIRED
金与正：韩国再次向朝鲜南部边境多地散发反朝宣传单
https://new.qq.com/rain/a/20241126A063TI00

2024-11-27 04:10:05,728 - INFO - EXPIRED
丹麦就中方船只破坏海底电缆与中方沟通？外交部：与有关各方都保持顺畅沟通
https://new.qq.com/rain/a/20241126A05X1Q00

2024-11-27 04:10:05,728 - INFO - EXPIRED
网传中国铁建投资集团副总经理马建军坠亡，简历从官网撤下，公司回应
https://new.qq.com/rain/a/20241126A07MV900

2024-11-27 04:10:05,728 - INFO - EXPIRED
甘肃兰州一男子驾车肇事后逃逸 致4人受伤
https://new.qq.com/rain/a/20241126A06PLQ00

2024-11-27 04:10:05,728 - INFO - EXPIRED
吐槽求职大学生的“北大网红”学历被质疑，网上乱写学历要担责吗？
https://view.inews.qq.com/a/20241126Q03ARE00

2024-11-27 04:10:05,728 - INFO - EXPIRED
华为Mate 70系列售价公布：5499元起，配备卫星寻呼功能
https://new.qq.com/rain/a/20241126V06CRB00

2024-11-27 04:10:05,728 - INFO - EXPIRED
探访儿科夜间急诊：医生一晚最多看200个号，多家三级医院已超负荷
https://new.qq.com/rain/a/20241125A09JHY00

2024-11-27 04:10:05,728 - INFO - EXPIRED
知名女歌手三度患癌，系舌癌要切一半舌头，得过癌的人更容易再得吗？
https://view.inews.qq.com/a/20241122Q05TWK00

2024-11-27 04:10:05,728 - INFO - EXPIRED
做最坏的打算，中国如何应对极端关税政策？
https://new.qq.com/rain/a/20241126A075GG00

2024-11-27 04:10:05,728 - INFO - EXPIRED
杭州一底商油烟管道起火引燃多家商铺，着火商户：管道长期积油不清理
https://new.qq.com/rain/a/20241126V061J100

2024-11-27 04:10:05,728 - INFO - EXPIRED
东部战区空军新闻发言人就美P-8A反潜巡逻机过航台湾海峡发表谈话
https://new.qq.com/rain/a/20241126A05A3L00

2024-11-27 04:10:05,728 - INFO - EXPIRED
德国连环强奸案中国籍嫌犯身份曝光，前女友：他就像一个“妈宝男”
https://new.qq.com/rain/a/20241126A050UY00

2024-11-27 04:10:05,728 - INFO - EXPIRED
金融监管总局召开保险业高质量发展座谈会听取有关意见建议
https://new.qq.com/rain/a/20241126A05DNO00

2024-11-27 04:10:05,728 - INFO - EXPIRED
财政部：1-10月全国国有企业营业总收入同比增长0.9%
https://new.qq.com/rain/a/20241126A058W600

2024-11-27 04:10:05,728 - INFO - EXPIRED
网红嘲讽00后找不到工作，女硕士回怼：我一年工资不如你一条广告费高
https://new.qq.com/rain/a/20241126A04FZQ00

2024-11-27 04:10:05,728 - INFO - EXPIRED
“学生突发疾病禁止男性医护人员进入宿舍”？淄博职业学院通报
https://new.qq.com/rain/a/20241126A04QCQ00

2024-11-27 04:10:05,728 - INFO - EXPIRED
副所长踢打小学生，宁夏一女店主因被当成该生母亲遭网暴，本人发声
https://new.qq.com/rain/a/20241126A0543C00

2024-11-27 04:10:05,728 - INFO - EXPIRED
网友反映学校校舍、食堂饮食等问题情况，苏州市体育运动学校通报
https://new.qq.com/rain/a/20241126A04WKV00

2024-11-27 04:10:05,728 - INFO - EXPIRED
蔡峥谈我国望远镜的发展现状：起步晚，设备还比较欠缺｜一起来唠科
https://new.qq.com/rain/a/20241126V036RM00

2024-11-27 04:10:05,728 - INFO - EXPIRED
特朗普威胁取消对乌军援，欧洲五国国防部长承诺加大对乌克兰的支持
https://new.qq.com/rain/a/20241126A0420U00

2024-11-27 04:10:05,728 - INFO - EXPIRED
马拉松奖品活鹅带不走，被现场卖掉？组委会：选手的自由，炖了也可以
https://new.qq.com/rain/a/20241125A07BDM00

2024-11-27 04:10:05,728 - INFO - EXPIRED
文件200余字现7处错字，官方通报：工作人员被停职，相关领导启动问责
https://new.qq.com/rain/a/20241126A019V500

2024-11-27 04:10:05,728 - INFO - EXPIRED
接英雄回家！空军运-20起飞赴韩
https://new.qq.com/rain/a/20241126A04O8Y00

2024-11-27 04:10:05,728 - INFO - EXPIRED
重磅预告！医保“灵魂谈判”本周四开箱，哪些公司有望入围
https://new.qq.com/rain/a/20241126A04W8N00

2024-11-27 04:10:05,728 - INFO - EXPIRED
黄晓明为新戏剃秃头、急速瘦身30斤，狂喝蔬菜汁喝到压抑
https://new.qq.com/rain/a/20241126V05ESA00

2024-11-27 04:10:05,728 - INFO - EXPIRED
多名涉事官员被查，号称投资150亿的重庆广阳岛，现在怎么样了
https://new.qq.com/rain/a/20241120A05GL500

2024-11-27 04:10:05,728 - INFO - EXPIRED
长征十二号遥一运载火箭成功转场 将于近期择机发射
https://new.qq.com/rain/a/20241126A04T2500

2024-11-27 04:10:05,728 - INFO - EXPIRED
钓鱼第一股冲刺上市，三年卖20多亿元，钓鱼生意这么暴利？能持续吗？
https://view.inews.qq.com/a/20241126Q01ZBZ00

2024-11-27 04:10:05,728 - INFO - EXPIRED
欧盟欲制裁所谓“助俄开发无人机”的中企，外交部：不要搞“双标”
https://new.qq.com/rain/a/20241126A05WBM00

2024-11-27 04:10:05,728 - INFO - EXPIRED
多次向犯罪分子通风报信，云南大理一辅警获刑半年
https://new.qq.com/rain/a/20241126A04G1I00

2024-11-27 04:10:05,728 - INFO - EXPIRED
越南“反浪费斗争”，两名越共中央委员被免职
https://new.qq.com/rain/a/20241126A01MD400

2024-11-27 04:10:05,728 - INFO - EXPIRED
网传男子家暴妻子，当三个孩子面说“要杀了妈妈”，年幼女儿当场报警
https://new.qq.com/rain/a/20241126A03XGN00

2024-11-27 04:10:05,728 - INFO - EXPIRED
正当防卫还是故意杀人？“内蒙古警察枪击案”今日开庭重审
https://new.qq.com/rain/a/20241125A09LWY00

2024-11-27 04:10:05,728 - INFO - EXPIRED
伊朗最高领袖哈梅内伊：逮捕令远远不够，应处死内塔尼亚胡等人
https://new.qq.com/rain/a/20241126A014JJ00

2024-11-27 04:10:05,728 - INFO - EXPIRED
贵州“天眼”抓拍到银河系外的宇宙闪烁，向我们传递了什么信息？
https://view.inews.qq.com/a/20241122Q03Q3O00

2024-11-27 04:10:05,728 - INFO - EXPIRED
59岁央行副行长张青松履新中投公司董事长，彭纯卸任
https://new.qq.com/rain/a/20241126A038AK00

2024-11-27 04:10:05,728 - INFO - EXPIRED
尼泊尔总理将访华，“打破传统，外访首站没有选在印度”
https://new.qq.com/rain/a/20241126A03M3800

2024-11-27 04:10:05,728 - INFO - EXPIRED
广东：支持深圳证券交易所建设世界一流交易所
https://new.qq.com/rain/a/20241126A0405F00

2024-11-27 04:10:05,728 - INFO - EXPIRED
建筑师马岩松与伊能静儿子恩利开启巴黎之旅 恩利敞开心扉谈父母
https://new.qq.com/rain/a/20241126V01YGI00

2024-11-27 04:10:05,728 - INFO - EXPIRED
大连一失联船舶已被找到，失联者家属：发现一具遗体，另有四人失联
https://new.qq.com/rain/a/20241126A03KQX00

2024-11-27 04:10:05,728 - INFO - EXPIRED
非法买卖互联网账号3次或被惩戒，四部门印发《惩戒办法》剑指电诈
https://new.qq.com/rain/a/20241126A02O7I00

2024-11-27 04:10:05,728 - INFO - EXPIRED
加拿大各省省长要求与总理紧急会面 讨论加美关系
https://new.qq.com/rain/a/20241126A01TY900

2024-11-27 04:10:05,728 - INFO - EXPIRED
大搞权钱权色钱色交易！黑龙江省原副省长王一新被公诉
https://new.qq.com/rain/a/20241126A02DUP00

2024-11-27 04:10:07,006 - INFO - INVALID
要求供应商降价10%？比亚迪回应来了！知情人称这在行业是普遍现象
https://new.qq.com/rain/a/20241127A041JU00

2024-11-27 04:10:07,043 - INFO - INVALID
对菲律宾打入“楔子”，起底美军“仁爱礁特遣队”
https://new.qq.com/rain/a/20241127A011GF00

2024-11-27 04:10:07,076 - INFO - INVALID
上海市委常委、浦东新区区委书记朱芝松任上落马！前天仍有公开活动
https://new.qq.com/rain/a/20241127A02ZU100

2024-11-27 04:10:07,208 - INFO - INVALID
为骗1200万保金，辽宁一男子推妻坠海致其身亡，妻子死后不久就招嫖
https://new.qq.com/rain/a/20241127A018W900

2024-11-27 04:10:07,348 - INFO - INVALID
河南一杂技演员表演时绳子断裂坠落 知情人：其妻去年表演中意外去世
https://new.qq.com/rain/a/20241127A03B5A00

2024-11-27 04:10:07,668 - INFO - INVALID
山西一村委会发通知，不缴医保70岁以上老人不发重阳节福利，当地回应
https://new.qq.com/rain/a/20241127A03HF600

2024-11-27 04:10:07,731 - INFO - INVALID
家长称15岁女儿遭多次霸凌并在孕期被持刀砍伤，校方和警方回应
https://new.qq.com/rain/a/20241127A01XN300

2024-11-27 04:10:07,903 - INFO - INVALID
国台办回应赖清德所谓和平三选项：其行可耻，其心可诛
https://new.qq.com/rain/a/20241127A033I300

2024-11-27 04:10:07,912 - INFO - INVALID
亚洲第一锂矿抢夺战，宁王“隐身”
https://new.qq.com/rain/a/20241127A03O8D00

2024-11-27 04:10:08,048 - ERROR - ERROR
震撼！朱雀二号改进型火箭首飞成功 直击火箭发射现场
https://new.qq.com/rain/a/20241127V0391Y00
('list index out of range',)
======
Traceback (most recent call last):
  File "/home/runner/work/qqnews/qqnews/qq.py", line 81, in process_article
    ss = str(tmpbs.select("div.LEFT div.content.clearfix")[0])
             ~~~~~~~~~~~~~~~~~~~~~~~~~~~~~~~~~~~~~~~~~~~~~^^^
IndexError: list index out of range


2024-11-27 04:10:08,309 - ERROR - ERROR
“真香”王境泽10年后回访：我和导演是“互殴”，靠版权每年躺赚百万
https://new.qq.com/rain/a/20241127V024AU00
('list index out of range',)
======
Traceback (most recent call last):
  File "/home/runner/work/qqnews/qqnews/qq.py", line 81, in process_article
    ss = str(tmpbs.select("div.LEFT div.content.clearfix")[0])
             ~~~~~~~~~~~~~~~~~~~~~~~~~~~~~~~~~~~~~~~~~~~~~^^^
IndexError: list index out of range


2024-11-27 04:10:08,396 - INFO - INVALID
再造一“界”或投资引望？上汽被传与华为密切接触，官方回应并不知情
https://new.qq.com/rain/a/20241127A032LY00

2024-11-27 04:10:08,547 - INFO - INVALID
被家暴16次女子至今未收到抚养费：就算前夫再杀一次，也不会写谅解书
https://new.qq.com/rain/a/20241127A014SU00

2024-11-27 04:10:08,641 - INFO - INVALID
“国产迈巴赫”亮相，华为“整顿”百万豪车！业内：拿下50岁老板才行
https://new.qq.com/rain/a/20241127A026HN00

2024-11-27 04:10:08,701 - INFO - INVALID
国家统计局：10月规模以上工业企业利润同比下降10%，降幅明显收窄
https://new.qq.com/rain/a/20241127A0225F00

2024-11-27 04:10:08,988 - INFO - INVALID
特朗普提名格里尔出任美国贸易代表
https://new.qq.com/rain/a/20241127A024M800

2024-11-27 04:10:09,173 - INFO - INVALID
黑龙江双阳煤矿发生事故致11人遇难，调查结果公布，46人被处理
https://new.qq.com/rain/a/20241127A02S2Z00

2024-11-27 04:10:09,227 - INFO - INVALID
贵州思南县通报“一13岁学生离家失联”：发现一无生命体征人员，家属确认为失联学生，已排除他杀
https://new.qq.com/rain/a/20241127A011DR00

2024-11-27 04:10:09,297 - INFO - INVALID
巴西前总统博索纳罗被警方正式指控策划并参与政变
https://new.qq.com/rain/a/20241127A00TC700

2024-11-27 04:10:09,397 - INFO - INVALID
美联储会议纪要：“渐进降息”处于进行时，12月将进一步降息25个基点
https://new.qq.com/rain/a/20241127A00WE000

