2025-01-03 00:34:51,533 - INFO - EXPIRED
湖南一滑翔伞坠落致2死 官方人士：女性死者29岁 死亡教练系公司法人
https://new.qq.com/rain/a/20250102V08KL600

2025-01-03 00:34:51,534 - INFO - EXPIRED
工艺品店卖春联后被判“违规”遭断电？管理方：店方听不懂好赖话
https://new.qq.com/rain/a/20250102A08XKL00

2025-01-03 00:34:51,534 - INFO - EXPIRED
马斯克称猛禽发动机未来推力将达到300吨，这个水平如何？
https://view.inews.qq.com/a/20250102Q08ZZ300

2025-01-03 00:34:51,534 - INFO - EXPIRED
春节加班、团队整合，车企们急了：给低价车标配智驾是今年关键之战
https://new.qq.com/rain/a/20250102A07WPJ00

2025-01-03 00:34:51,534 - INFO - EXPIRED
县城里的数据标注员：“有多少智能，就有多少人工”
https://new.qq.com/rain/a/20250102A09TUP00

2025-01-03 00:34:51,534 - INFO - EXPIRED
离开英伟达，融资超3亿美元，他闯入一条地狱级赛道
https://new.qq.com/rain/a/20250102A05H2T00

2025-01-03 00:34:51,534 - INFO - EXPIRED
40年后，美国公司遗留的377吨毒垃圾离开印度博帕尔
https://new.qq.com/rain/a/20250102A09ZNC00

2025-01-03 00:34:51,534 - INFO - EXPIRED
对话AI科学家刘威：“Ilya预训练终结论”对中国大模型公司影响不大
https://new.qq.com/rain/a/20250102A068OS00

2025-01-03 00:34:51,534 - INFO - EXPIRED
宁夏银川地震为何震感强烈？专家：盆地土层放大地震震动
https://new.qq.com/rain/a/20250102A09QOV00

2025-01-03 00:34:51,534 - INFO - EXPIRED
马上走人了，美商务部还要继续打击中国无人机
https://new.qq.com/rain/a/20250102A09CSA00

2025-01-03 00:34:51,534 - INFO - EXPIRED
乌兹别克斯坦一饲养员遭3头狮子撕咬身亡 疑与女友视频炫耀驯狮时遭袭
https://new.qq.com/rain/a/20250102V09V4Z00

2025-01-03 00:34:51,534 - INFO - EXPIRED
贵州茅台预计2024年归母净利润约857亿，如何评价这份业绩预告？
https://view.inews.qq.com/a/20250102Q08KI800

2025-01-03 00:34:51,534 - INFO - EXPIRED
又要进去了，台湾检方抗告成功后法院重审，柯文哲4人全羁押禁见
https://new.qq.com/rain/a/20250102A09VSS00

2025-01-03 00:34:51,534 - INFO - EXPIRED
周涛、董卿再度同框！网友：请你们今晚直接上春晚好吗
https://new.qq.com/rain/a/20250102A060KG00

2025-01-03 00:34:51,534 - INFO - EXPIRED
广东一老人买药材煲汤中毒身亡 当地：店铺误售断肠草，老板被拘留
https://new.qq.com/rain/a/20250102A09GP800

2025-01-03 00:34:51,534 - INFO - EXPIRED
90后父亲杀害智力残疾儿子案判决结果公布，父亲一审被判13年
https://new.qq.com/rain/a/20250102A08GM400

2025-01-03 00:34:51,534 - INFO - EXPIRED
江西南昌梅岭发生山火 消防车已到场救援
https://new.qq.com/rain/a/20250102A09YM300

2025-01-03 00:34:51,534 - INFO - EXPIRED
特斯拉年销量10多年来首现下滑，周四股价收跌超6%
https://new.qq.com/rain/a/20250102A09YLD00

2025-01-03 00:34:51,534 - INFO - EXPIRED
俞敏洪：若知道有这么多让我心烦意乱的事情，绝不开启东方甄选
https://new.qq.com/rain/a/20250102A04WYF00

2025-01-03 00:34:51,534 - INFO - EXPIRED
香港再遇千亿级财政赤字
https://new.qq.com/rain/a/20250102A07X0R00

2025-01-03 00:34:51,534 - INFO - EXPIRED
上海出台《意见》：进一步加强培训机构管理，引导培训市场健康发展
https://new.qq.com/rain/a/20250102A09NQ500

2025-01-03 00:34:51,534 - INFO - EXPIRED
福建最年长老人去世，享年123岁，如何确定超高龄老人的年龄？
https://view.inews.qq.com/a/20250102Q09R9E00

2025-01-03 00:34:51,535 - INFO - EXPIRED
首条中越标准轨铁路2025年开工，越南铁路建设大提速
https://new.qq.com/rain/a/20250102A09OXK00

2025-01-03 00:34:51,535 - INFO - EXPIRED
“女子被前男友泼汽油致残毁容”案一审，男方犯故意杀人罪被判12年
https://new.qq.com/rain/a/20250102A08VJ300

2025-01-03 00:34:51,535 - INFO - EXPIRED
辞旧迎新，被中国军工这波操作硬控了
https://new.qq.com/rain/a/20250102A099OX00

2025-01-03 00:34:51,535 - INFO - EXPIRED
各地2025年首个工作日上演集中开工潮，按下“拼经济”快进键
https://new.qq.com/rain/a/20250102A09E7500

2025-01-03 00:34:51,535 - INFO - EXPIRED
特朗普就职仪式前，刚涨薪62%的美国港口工人又要罢工？
https://new.qq.com/rain/a/20250102A08BWW00

2025-01-03 00:34:51,535 - INFO - EXPIRED
“留下来的都是精英”：金融从业者五年少580万 保险代理人流失最严重
https://new.qq.com/rain/a/20241231A07MPB00

2025-01-03 00:34:51,535 - INFO - EXPIRED
长效HIV疗法国内获批上市，会成为艾滋病“终结者”吗
https://new.qq.com/rain/a/20250102A09BS000

2025-01-03 00:34:51,535 - INFO - EXPIRED
韩国空难机长遇难前伸手细节被拍 最小遇难者一家在泰国最后视频曝光
https://new.qq.com/rain/a/20250102V08LI700

2025-01-03 00:34:51,535 - INFO - EXPIRED
洪都拉斯总统警告特朗普：美军基地可能不保
https://new.qq.com/rain/a/20250102A090M600

2025-01-03 00:34:51,535 - INFO - EXPIRED
中国船舶集团“换帅”  前董事长已两个月未公开露面
https://new.qq.com/rain/a/20241231A090D700

2025-01-03 00:34:51,535 - INFO - EXPIRED
中日，一出好戏即将上演
https://new.qq.com/rain/a/20250102A01NIY00

2025-01-03 00:34:51,535 - INFO - EXPIRED
阿里拟131.38亿港元卖出高鑫零售全部股权，这桩买卖收益如何？
https://view.inews.qq.com/a/20250102Q01ETE00

2025-01-03 00:34:51,535 - INFO - EXPIRED
云南元谋“隔空劫杀案”当事人被误判近22年：被抓时曾被刑讯逼供
https://new.qq.com/rain/a/20250102A096OY00

2025-01-03 00:34:51,535 - INFO - EXPIRED
刘强东又要给老家村民发钱了！60岁以上每人10000元
https://new.qq.com/rain/a/20250102A05YBH00

2025-01-03 00:34:51,535 - INFO - EXPIRED
监管部门指导上市公司1月15号之前释放全部利空？证监会：谣言
https://new.qq.com/rain/a/20250102A08VMS00

2025-01-03 00:34:51,535 - INFO - EXPIRED
辽宁营口一装载易燃金属粉末的重型半挂车发生自燃起火，致2死2伤
https://new.qq.com/rain/a/20250102A090DD00

2025-01-03 00:34:51,535 - INFO - EXPIRED
李强在山东调研
https://new.qq.com/rain/a/20250102A08SF800

2025-01-03 00:34:51,535 - INFO - EXPIRED
贵州省市场监管局局长丁雄军被查：曾任茅台董事长，上周还在主持会议
https://new.qq.com/rain/a/20250102A08GWL00

2025-01-03 00:34:51,535 - INFO - EXPIRED
完成既定目标！贵州茅台预计2024年营收1738亿元，净利润857亿元
https://new.qq.com/rain/a/20250102A08KXE00

2025-01-03 00:34:51,535 - INFO - EXPIRED
长沙八旬老人因合同经济纠纷睡学校食堂被泼冷水惊醒 多方回应
https://new.qq.com/rain/a/20250102V07JIF00

2025-01-03 00:34:51,535 - INFO - EXPIRED
26岁小伙突发脑梗，医生称和背包有关，为何负重会引发脑梗？
https://view.inews.qq.com/a/20250102Q03N1W00

2025-01-03 00:34:51,535 - INFO - EXPIRED
“军方也干了”，韩在野党称韩军放飞气球企图诱使“朝鲜挑衅”
https://new.qq.com/rain/a/20250102A08J4I00

2025-01-03 00:34:51,535 - INFO - EXPIRED
女游客玩滑翔伞疑掉水帘洞，和教练双双遇难，暴露什么安全问题？
https://view.inews.qq.com/a/20250102Q07SWB00

2025-01-03 00:34:51,535 - INFO - EXPIRED
“堕胎斩断男方祖宗血脉”，医院展板宣传语被指“雷人”；广东河源卫健局：已连夜处理
https://new.qq.com/rain/a/20250102A08E3O00

2025-01-03 00:34:51,535 - INFO - EXPIRED
除了受贿还伪造部队证件，上海公安学院原副院长李锦明获刑11年半
https://new.qq.com/rain/a/20250102A08CV100

2025-01-03 00:34:51,536 - INFO - EXPIRED
赵露思公布病情，病例诊断为“分离(转换)性障碍”，这是什么病？
https://view.inews.qq.com/a/20250102Q065Q200

2025-01-03 00:34:51,536 - INFO - EXPIRED
一片药降到几分钱，我们该担心吗？
https://new.qq.com/rain/a/20250102A08CRM00

2025-01-03 00:34:51,536 - INFO - EXPIRED
山西大同，产科保洁牵出地下贩婴链条
https://new.qq.com/rain/a/20250102A04KR000

2025-01-03 00:34:51,536 - INFO - EXPIRED
杭州跨年夜后西湖树上挂满气球，当地：清理一棵树要半小时
https://new.qq.com/rain/a/20250102A06T6M00

2025-01-03 00:34:51,536 - INFO - EXPIRED
四川一老人过124岁生日，最喜欢吃猪油拌饭，这和长寿有关吗？
https://view.inews.qq.com/a/20250101Q06VCQ00

2025-01-03 00:34:51,536 - INFO - EXPIRED
李殿勋任湖北省代省长
https://new.qq.com/rain/a/20250102A083T000

2025-01-03 00:34:51,536 - INFO - EXPIRED
上天入海 热血集结！60秒看2025全军超燃开训
https://new.qq.com/rain/a/20250102A0527000

2025-01-03 00:34:51,536 - INFO - EXPIRED
跨年夜江苏徐州2人爬公交站顶棚放烟花，警方：治安拘留
https://new.qq.com/rain/a/20250102A089F700

2025-01-03 00:34:51,536 - INFO - EXPIRED
A股增量资金来了！央行启动了第二次互换便利操作 操作金额为550亿元
https://new.qq.com/rain/a/20250102A07BFP00

2025-01-03 00:34:51,536 - INFO - EXPIRED
超百位宝骏悦也车主遭遇“刹车失灵”，官方未正式回应
https://new.qq.com/rain/a/20250102A0676I00

2025-01-03 00:34:51,536 - INFO - EXPIRED
4.6级！宁夏银川再次发生地震，网友：一天两次，震感更厉害了
https://new.qq.com/rain/a/20250102A078EF00

2025-01-03 00:34:51,536 - INFO - EXPIRED
商务部：将通用动力公司等28家美国实体列入出口管制管控名单
https://new.qq.com/rain/a/20250102A06EJT00

2025-01-03 00:34:51,536 - INFO - EXPIRED
男子进山捕鱼疑被当猎物枪杀案将开庭：一嫌疑人多次担任打猎向导
https://new.qq.com/rain/a/20250102A06RO300

2025-01-03 00:34:51,536 - INFO - EXPIRED
成品油价迎新年“第一涨”，加满一箱油多花2.5元
https://new.qq.com/rain/a/20250102A06ZXH00

2025-01-03 00:34:51,536 - INFO - EXPIRED
网传贵州毕节一村干部强行霸占土地还拖拽村民，现场视频曝光
https://new.qq.com/rain/a/20250102V05WNA00

2025-01-03 00:34:51,536 - INFO - EXPIRED
宁夏地震局：近几日银川永宁地震原震区及附近可能发生4至5级地震
https://new.qq.com/rain/a/20250102A05GC700

2025-01-03 00:34:51,536 - INFO - EXPIRED
“坐一次800元”，湖南衡山一滑翔伞突然坠伞，女大学生和驾驶员身亡
https://new.qq.com/rain/a/20250102A05ITV00

2025-01-03 00:34:51,536 - INFO - EXPIRED
俄终止过境乌向欧洲输送天然气，欧洲怎么保证能源供应？
https://view.inews.qq.com/a/20250102Q03YAI00

2025-01-03 00:34:51,536 - INFO - EXPIRED
15岁女孩生下男婴，被医院产科主任介绍卖了6.8万元？山西大同回应
https://new.qq.com/rain/a/20250102A04MR100

2025-01-03 00:34:51,536 - INFO - EXPIRED
乌议员披露：泽连斯基办公室差点被击中
https://new.qq.com/rain/a/20250102A053M000

2025-01-03 00:34:51,536 - INFO - EXPIRED
中央候补委员、副镇长施金通，递补省委委员
https://new.qq.com/rain/a/20250102A04IOA00

2025-01-03 00:34:51,536 - INFO - EXPIRED
韩国坠毁客机飞行数据记录器将交由美国分析，自己不能做分析吗？
https://view.inews.qq.com/a/20250102Q044HK00

2025-01-03 00:34:51,536 - INFO - EXPIRED
日本首相石破茂称访问中国极为重要，外交部回应
https://new.qq.com/rain/a/20250102A066HJ00

2025-01-03 00:34:51,536 - INFO - EXPIRED
乌克兰打出的“断气牌”正式生效，欧洲俄气时代终结！
https://new.qq.com/rain/a/20250102A025F900

2025-01-03 00:34:51,536 - INFO - EXPIRED
以军空袭加沙一难民营致11死 哈马斯警察部门负责人被传身亡
https://new.qq.com/rain/a/20250102A05EBK00

2025-01-03 00:34:51,537 - INFO - EXPIRED
叙利亚新当局宣布晋升约50名军官，部分非叙利亚人，也无服役经历
https://new.qq.com/rain/a/20250102V05BLJ00

2025-01-03 00:34:51,537 - INFO - EXPIRED
杭州西湖跨年放飞气球时男子点燃烟花，有多危险？他会被怎么罚？
https://view.inews.qq.com/a/20250102Q04JSI00

2025-01-03 00:34:51,537 - INFO - EXPIRED
42岁男子潜水身亡！被游艇螺旋绞中，驾驶员是其朋友…调查报告披露
https://new.qq.com/rain/a/20250102A04ZYL00

2025-01-03 00:34:51,537 - INFO - EXPIRED
视频曝光！辽宁一大车起火引燃附近多辆汽车，当地：伤亡情况正在核实
https://new.qq.com/rain/a/20250102V05D5J00

2025-01-03 00:34:51,537 - INFO - EXPIRED
俄罗斯一客机降落滑行时冲出跑道 暂无伤亡报道
https://new.qq.com/rain/a/20250102A05TV300

2025-01-03 00:34:51,537 - INFO - EXPIRED
昆明再推28条楼市新政：取消住房分类标准，妥善处置闲置存量土地
https://new.qq.com/rain/a/20250102A05Q0700

2025-01-03 00:34:51,537 - INFO - EXPIRED
“中国量子技术赶上来了”，《经济学人》“勉强”承认：中国模式“也许”更好
https://new.qq.com/rain/a/20250102A05GRK00

2025-01-03 00:34:51,537 - INFO - EXPIRED
宁夏银川发生4.8级地震，近日发生三次地震，为何这里地震频繁？
https://view.inews.qq.com/a/20250102Q043F900

2025-01-03 00:34:51,537 - INFO - EXPIRED
视频丨纽约一夜总会外发生枪击事件 至少10人受伤
https://new.qq.com/rain/a/20250102A05OYD00

2025-01-03 00:34:51,537 - INFO - EXPIRED
增值税法释放贷款利息抵税想象空间，怎么看？
https://new.qq.com/rain/a/20250102A04LOD00

2025-01-03 00:34:51,537 - INFO - EXPIRED
网红货轮“海南布鲁威斯号”要拆掉？回应：已经在拆了，有安全隐患
https://new.qq.com/rain/a/20250102A04RZD00

2025-01-03 00:34:51,537 - INFO - EXPIRED
俄发动“跨年夜空袭”，罕见瞄准乌总统府区域
https://new.qq.com/rain/a/20250101A06SKB00

2025-01-03 00:34:51,537 - INFO - EXPIRED
马斯克“改名”引爆泼天富贵 神秘交易员两天狂赚上千万
https://new.qq.com/rain/a/20250102A00VY700

2025-01-03 00:34:51,537 - INFO - EXPIRED
春运机票价格下跌，部分票价降幅超七成
https://new.qq.com/rain/a/20250102A05FLO00

2025-01-03 00:34:51,537 - INFO - EXPIRED
台媒：柯文哲正式请辞民众党主席后发声，向支持者喊话“千万不要有什么退党潮”
https://new.qq.com/rain/a/20250102A02XNZ00

2025-01-03 00:34:51,537 - INFO - EXPIRED
80岁投资者豪掷5000万元参与定增，这家公司股价已累计涨超200%
https://new.qq.com/rain/a/20250102A04GTN00

2025-01-03 00:34:51,537 - INFO - EXPIRED
交付仅7年的新房墙壁裂缝能伸进手指，开发商：过保不维修
https://new.qq.com/rain/a/20250101A04YRC00

2025-01-03 00:34:51,537 - INFO - EXPIRED
连续5年造假虚增收入40亿！东莞前首富被罚1000万，85后儿子也被罚
https://new.qq.com/rain/a/20250101A0580N00

2025-01-03 00:34:51,537 - INFO - EXPIRED
“农民给收割机打柴油被罚3万元”引争议，最新进展：已收到全部退款
https://new.qq.com/rain/a/20250102A048UP00

2025-01-03 00:34:51,537 - INFO - EXPIRED
福建一医院急诊药房医护人员离岗睡觉，凌晨多名患者焦急等待约40分钟！医院回应
https://new.qq.com/rain/a/20250102A036WX00

2025-01-03 00:34:51,537 - INFO - EXPIRED
“感觉回到了火热年代”！哈尔滨楼市“逆袭”之路
https://new.qq.com/rain/a/20250102A02VMB00

2025-01-03 00:34:51,537 - INFO - EXPIRED
苹果官网突然降价，客服回应“能否退差价”
https://new.qq.com/rain/a/20250102A04IGP00

2025-01-03 00:34:52,369 - ERROR - ERROR
美股开年不利标普4连跌，特斯拉大跌进入技术性熊市，中概股涨跌互现
https://new.qq.com/rain/a/20250103A01DM600
('list index out of range',)
======
Traceback (most recent call last):
  File "/home/runner/work/qqnews/qqnews/qq.py", line 81, in process_article
    ss = str(tmpbs.select("div.LEFT div.content.clearfix")[0])
             ~~~~~~~~~~~~~~~~~~~~~~~~~~~~~~~~~~~~~~~~~~~~~^^^
IndexError: list index out of range


2025-01-03 00:34:52,374 - ERROR - ERROR
长沙一高中工作人员半夜向老人泼冷水？教育局：责令学校向当事人道歉
https://new.qq.com/rain/a/20250103A01HZW00
('list index out of range',)
======
Traceback (most recent call last):
  File "/home/runner/work/qqnews/qqnews/qq.py", line 81, in process_article
    ss = str(tmpbs.select("div.LEFT div.content.clearfix")[0])
             ~~~~~~~~~~~~~~~~~~~~~~~~~~~~~~~~~~~~~~~~~~~~~^^^
IndexError: list index out of range


2025-01-03 00:34:52,412 - ERROR - ERROR
泽连斯基：支持在乌克兰部署欧洲部队 乌不放弃加入北约
https://new.qq.com/rain/a/20250103A014RJ00
('list index out of range',)
======
Traceback (most recent call last):
  File "/home/runner/work/qqnews/qqnews/qq.py", line 81, in process_article
    ss = str(tmpbs.select("div.LEFT div.content.clearfix")[0])
             ~~~~~~~~~~~~~~~~~~~~~~~~~~~~~~~~~~~~~~~~~~~~~^^^
IndexError: list index out of range


2025-01-03 00:34:52,415 - ERROR - ERROR
马斯克在2024年最后几天神秘捐赠1.12亿美元特斯拉股票
https://new.qq.com/rain/a/20250103A01HFJ00
('list index out of range',)
======
Traceback (most recent call last):
  File "/home/runner/work/qqnews/qqnews/qq.py", line 81, in process_article
    ss = str(tmpbs.select("div.LEFT div.content.clearfix")[0])
             ~~~~~~~~~~~~~~~~~~~~~~~~~~~~~~~~~~~~~~~~~~~~~^^^
IndexError: list index out of range


2025-01-03 00:34:52,419 - ERROR - ERROR
量贩零食卷向2025：喊出“春节1月抵3月”，加盟商却减少囤货
https://new.qq.com/rain/a/20250103A01KT300
('list index out of range',)
======
Traceback (most recent call last):
  File "/home/runner/work/qqnews/qqnews/qq.py", line 81, in process_article
    ss = str(tmpbs.select("div.LEFT div.content.clearfix")[0])
             ~~~~~~~~~~~~~~~~~~~~~~~~~~~~~~~~~~~~~~~~~~~~~^^^
IndexError: list index out of range


2025-01-03 00:34:53,060 - ERROR - ERROR
电影“失宠”，票房回到十年前，2025年大家的消费KPI又转向哪里
https://new.qq.com/rain/a/20250103A01EFW00
('list index out of range',)
======
Traceback (most recent call last):
  File "/home/runner/work/qqnews/qqnews/qq.py", line 81, in process_article
    ss = str(tmpbs.select("div.LEFT div.content.clearfix")[0])
             ~~~~~~~~~~~~~~~~~~~~~~~~~~~~~~~~~~~~~~~~~~~~~^^^
IndexError: list index out of range


2025-01-03 02:09:48,132 - INFO - EXPIRED
贵州茅台预计2024年归母净利润约857亿，如何评价这份业绩预告？
https://view.inews.qq.com/a/20250102Q08KI800

2025-01-03 02:09:48,132 - INFO - EXPIRED
工艺品店卖春联后被判“违规”遭断电？管理方：店方听不懂好赖话
https://new.qq.com/rain/a/20250102A08XKL00

2025-01-03 02:09:48,133 - INFO - EXPIRED
马斯克称猛禽发动机未来推力将达到300吨，这个水平如何？
https://view.inews.qq.com/a/20250102Q08ZZ300

2025-01-03 02:09:48,133 - INFO - EXPIRED
春节加班、团队整合，车企们急了：给低价车标配智驾是今年关键之战
https://new.qq.com/rain/a/20250102A07WPJ00

2025-01-03 02:09:48,133 - INFO - EXPIRED
县城里的数据标注员：“有多少智能，就有多少人工”
https://new.qq.com/rain/a/20250102A09TUP00

2025-01-03 02:09:48,133 - INFO - EXPIRED
离开英伟达，融资超3亿美元，他闯入一条地狱级赛道
https://new.qq.com/rain/a/20250102A05H2T00

2025-01-03 02:09:48,133 - INFO - EXPIRED
40年后，美国公司遗留的377吨毒垃圾离开印度博帕尔
https://new.qq.com/rain/a/20250102A09ZNC00

2025-01-03 02:09:48,133 - INFO - EXPIRED
对话AI科学家刘威：“Ilya预训练终结论”对中国大模型公司影响不大
https://new.qq.com/rain/a/20250102A068OS00

2025-01-03 02:09:48,133 - INFO - EXPIRED
宁夏银川地震为何震感强烈？专家：盆地土层放大地震震动
https://new.qq.com/rain/a/20250102A09QOV00

2025-01-03 02:09:48,133 - INFO - EXPIRED
马上走人了，美商务部还要继续打击中国无人机
https://new.qq.com/rain/a/20250102A09CSA00

2025-01-03 02:09:48,133 - INFO - EXPIRED
乌兹别克斯坦一饲养员遭3头狮子撕咬身亡 疑与女友视频炫耀驯狮时遭袭
https://new.qq.com/rain/a/20250102V09V4Z00

2025-01-03 02:09:48,133 - INFO - EXPIRED
又要进去了，台湾检方抗告成功后法院重审，柯文哲4人全羁押禁见
https://new.qq.com/rain/a/20250102A09VSS00

2025-01-03 02:09:48,133 - INFO - EXPIRED
周涛、董卿再度同框！网友：请你们今晚直接上春晚好吗
https://new.qq.com/rain/a/20250102A060KG00

2025-01-03 02:09:48,133 - INFO - EXPIRED
广东一老人买药材煲汤中毒身亡 当地：店铺误售断肠草，老板被拘留
https://new.qq.com/rain/a/20250102A09GP800

2025-01-03 02:09:48,133 - INFO - EXPIRED
90后父亲杀害智力残疾儿子案判决结果公布，父亲一审被判13年
https://new.qq.com/rain/a/20250102A08GM400

2025-01-03 02:09:48,133 - INFO - EXPIRED
江西南昌梅岭发生山火 消防车已到场救援
https://new.qq.com/rain/a/20250102A09YM300

2025-01-03 02:09:48,133 - INFO - EXPIRED
特斯拉年销量10多年来首现下滑，周四股价收跌超6%
https://new.qq.com/rain/a/20250102A09YLD00

2025-01-03 02:09:48,133 - INFO - EXPIRED
俞敏洪：若知道有这么多让我心烦意乱的事情，绝不开启东方甄选
https://new.qq.com/rain/a/20250102A04WYF00

2025-01-03 02:09:48,133 - INFO - EXPIRED
香港再遇千亿级财政赤字
https://new.qq.com/rain/a/20250102A07X0R00

2025-01-03 02:09:48,133 - INFO - EXPIRED
上海出台《意见》：进一步加强培训机构管理，引导培训市场健康发展
https://new.qq.com/rain/a/20250102A09NQ500

2025-01-03 02:09:48,133 - INFO - EXPIRED
福建最年长老人去世，享年123岁，如何确定超高龄老人的年龄？
https://view.inews.qq.com/a/20250102Q09R9E00

2025-01-03 02:09:48,133 - INFO - EXPIRED
首条中越标准轨铁路2025年开工，越南铁路建设大提速
https://new.qq.com/rain/a/20250102A09OXK00

2025-01-03 02:09:48,133 - INFO - EXPIRED
“女子被前男友泼汽油致残毁容”案一审，男方犯故意杀人罪被判12年
https://new.qq.com/rain/a/20250102A08VJ300

2025-01-03 02:09:48,133 - INFO - EXPIRED
辞旧迎新，被中国军工这波操作硬控了
https://new.qq.com/rain/a/20250102A099OX00

2025-01-03 02:09:48,133 - INFO - EXPIRED
各地2025年首个工作日上演集中开工潮，按下“拼经济”快进键
https://new.qq.com/rain/a/20250102A09E7500

2025-01-03 02:09:48,133 - INFO - EXPIRED
特朗普就职仪式前，刚涨薪62%的美国港口工人又要罢工？
https://new.qq.com/rain/a/20250102A08BWW00

2025-01-03 02:09:48,133 - INFO - EXPIRED
“留下来的都是精英”：金融从业者五年少580万 保险代理人流失最严重
https://new.qq.com/rain/a/20241231A07MPB00

2025-01-03 02:09:48,133 - INFO - EXPIRED
长效HIV疗法国内获批上市，会成为艾滋病“终结者”吗
https://new.qq.com/rain/a/20250102A09BS000

2025-01-03 02:09:48,133 - INFO - EXPIRED
韩国空难机长遇难前伸手细节被拍 最小遇难者一家在泰国最后视频曝光
https://new.qq.com/rain/a/20250102V08LI700

2025-01-03 02:09:48,133 - INFO - EXPIRED
洪都拉斯总统警告特朗普：美军基地可能不保
https://new.qq.com/rain/a/20250102A090M600

2025-01-03 02:09:48,133 - INFO - EXPIRED
中国船舶集团“换帅”  前董事长已两个月未公开露面
https://new.qq.com/rain/a/20241231A090D700

2025-01-03 02:09:48,133 - INFO - EXPIRED
中日，一出好戏即将上演
https://new.qq.com/rain/a/20250102A01NIY00

2025-01-03 02:09:48,133 - INFO - EXPIRED
阿里拟131.38亿港元卖出高鑫零售全部股权，这桩买卖收益如何？
https://view.inews.qq.com/a/20250102Q01ETE00

2025-01-03 02:09:48,133 - INFO - EXPIRED
云南元谋“隔空劫杀案”当事人被误判近22年：被抓时曾被刑讯逼供
https://new.qq.com/rain/a/20250102A096OY00

2025-01-03 02:09:48,133 - INFO - EXPIRED
刘强东又要给老家村民发钱了！60岁以上每人10000元
https://new.qq.com/rain/a/20250102A05YBH00

2025-01-03 02:09:48,133 - INFO - EXPIRED
监管部门指导上市公司1月15号之前释放全部利空？证监会：谣言
https://new.qq.com/rain/a/20250102A08VMS00

2025-01-03 02:09:48,133 - INFO - EXPIRED
辽宁营口一装载易燃金属粉末的重型半挂车发生自燃起火，致2死2伤
https://new.qq.com/rain/a/20250102A090DD00

2025-01-03 02:09:48,133 - INFO - EXPIRED
李强在山东调研
https://new.qq.com/rain/a/20250102A08SF800

2025-01-03 02:09:48,133 - INFO - EXPIRED
贵州省市场监管局局长丁雄军被查：曾任茅台董事长，上周还在主持会议
https://new.qq.com/rain/a/20250102A08GWL00

2025-01-03 02:09:48,133 - INFO - EXPIRED
完成既定目标！贵州茅台预计2024年营收1738亿元，净利润857亿元
https://new.qq.com/rain/a/20250102A08KXE00

2025-01-03 02:09:48,133 - INFO - EXPIRED
长沙八旬老人因合同经济纠纷睡学校食堂被泼冷水惊醒 多方回应
https://new.qq.com/rain/a/20250102V07JIF00

2025-01-03 02:09:48,133 - INFO - EXPIRED
26岁小伙突发脑梗，医生称和背包有关，为何负重会引发脑梗？
https://view.inews.qq.com/a/20250102Q03N1W00

2025-01-03 02:09:48,133 - INFO - EXPIRED
“军方也干了”，韩在野党称韩军放飞气球企图诱使“朝鲜挑衅”
https://new.qq.com/rain/a/20250102A08J4I00

2025-01-03 02:09:48,133 - INFO - EXPIRED
女游客玩滑翔伞疑掉水帘洞，和教练双双遇难，暴露什么安全问题？
https://view.inews.qq.com/a/20250102Q07SWB00

2025-01-03 02:09:48,133 - INFO - EXPIRED
除了受贿还伪造部队证件，上海公安学院原副院长李锦明获刑11年半
https://new.qq.com/rain/a/20250102A08CV100

2025-01-03 02:09:48,133 - INFO - EXPIRED
赵露思公布病情，病例诊断为“分离(转换)性障碍”，这是什么病？
https://view.inews.qq.com/a/20250102Q065Q200

2025-01-03 02:09:48,134 - INFO - EXPIRED
一片药降到几分钱，我们该担心吗？
https://new.qq.com/rain/a/20250102A08CRM00

2025-01-03 02:09:48,134 - INFO - EXPIRED
山西大同，产科保洁牵出地下贩婴链条
https://new.qq.com/rain/a/20250102A04KR000

2025-01-03 02:09:48,134 - INFO - EXPIRED
杭州跨年夜后西湖树上挂满气球，当地：清理一棵树要半小时
https://new.qq.com/rain/a/20250102A06T6M00

2025-01-03 02:09:48,134 - INFO - EXPIRED
四川一老人过124岁生日，最喜欢吃猪油拌饭，这和长寿有关吗？
https://view.inews.qq.com/a/20250101Q06VCQ00

2025-01-03 02:09:48,134 - INFO - EXPIRED
李殿勋任湖北省代省长
https://new.qq.com/rain/a/20250102A083T000

2025-01-03 02:09:48,134 - INFO - EXPIRED
上天入海 热血集结！60秒看2025全军超燃开训
https://new.qq.com/rain/a/20250102A0527000

2025-01-03 02:09:48,134 - INFO - EXPIRED
跨年夜江苏徐州2人爬公交站顶棚放烟花，警方：治安拘留
https://new.qq.com/rain/a/20250102A089F700

2025-01-03 02:09:48,134 - INFO - EXPIRED
A股增量资金来了！央行启动了第二次互换便利操作 操作金额为550亿元
https://new.qq.com/rain/a/20250102A07BFP00

2025-01-03 02:09:48,134 - INFO - EXPIRED
超百位宝骏悦也车主遭遇“刹车失灵”，官方未正式回应
https://new.qq.com/rain/a/20250102A0676I00

2025-01-03 02:09:48,134 - INFO - EXPIRED
4.6级！宁夏银川再次发生地震，网友：一天两次，震感更厉害了
https://new.qq.com/rain/a/20250102A078EF00

2025-01-03 02:09:48,134 - INFO - EXPIRED
商务部：将通用动力公司等28家美国实体列入出口管制管控名单
https://new.qq.com/rain/a/20250102A06EJT00

2025-01-03 02:09:48,134 - INFO - EXPIRED
男子进山捕鱼疑被当猎物枪杀案将开庭：一嫌疑人多次担任打猎向导
https://new.qq.com/rain/a/20250102A06RO300

2025-01-03 02:09:48,134 - INFO - EXPIRED
成品油价迎新年“第一涨”，加满一箱油多花2.5元
https://new.qq.com/rain/a/20250102A06ZXH00

2025-01-03 02:09:48,134 - INFO - EXPIRED
网传贵州毕节一村干部强行霸占土地还拖拽村民，现场视频曝光
https://new.qq.com/rain/a/20250102V05WNA00

2025-01-03 02:09:48,134 - INFO - EXPIRED
宁夏地震局：近几日银川永宁地震原震区及附近可能发生4至5级地震
https://new.qq.com/rain/a/20250102A05GC700

2025-01-03 02:09:48,134 - INFO - EXPIRED
“坐一次800元”，湖南衡山一滑翔伞突然坠伞，女大学生和驾驶员身亡
https://new.qq.com/rain/a/20250102A05ITV00

2025-01-03 02:09:48,134 - INFO - EXPIRED
俄终止过境乌向欧洲输送天然气，欧洲怎么保证能源供应？
https://view.inews.qq.com/a/20250102Q03YAI00

2025-01-03 02:09:48,134 - INFO - EXPIRED
15岁女孩生下男婴，被医院产科主任介绍卖了6.8万元？山西大同回应
https://new.qq.com/rain/a/20250102A04MR100

2025-01-03 02:09:48,134 - INFO - EXPIRED
乌议员披露：泽连斯基办公室差点被击中
https://new.qq.com/rain/a/20250102A053M000

2025-01-03 02:09:48,134 - INFO - EXPIRED
中央候补委员、副镇长施金通，递补省委委员
https://new.qq.com/rain/a/20250102A04IOA00

2025-01-03 02:09:48,134 - INFO - EXPIRED
韩国坠毁客机飞行数据记录器将交由美国分析，自己不能做分析吗？
https://view.inews.qq.com/a/20250102Q044HK00

2025-01-03 02:09:48,134 - INFO - EXPIRED
日本首相石破茂称访问中国极为重要，外交部回应
https://new.qq.com/rain/a/20250102A066HJ00

2025-01-03 02:09:48,134 - INFO - EXPIRED
乌克兰打出的“断气牌”正式生效，欧洲俄气时代终结！
https://new.qq.com/rain/a/20250102A025F900

2025-01-03 02:09:48,134 - INFO - EXPIRED
以军空袭加沙一难民营致11死 哈马斯警察部门负责人被传身亡
https://new.qq.com/rain/a/20250102A05EBK00

2025-01-03 02:09:48,134 - INFO - EXPIRED
叙利亚新当局宣布晋升约50名军官，部分非叙利亚人，也无服役经历
https://new.qq.com/rain/a/20250102V05BLJ00

2025-01-03 02:09:48,134 - INFO - EXPIRED
杭州西湖跨年放飞气球时男子点燃烟花，有多危险？他会被怎么罚？
https://view.inews.qq.com/a/20250102Q04JSI00

2025-01-03 02:09:48,134 - INFO - EXPIRED
42岁男子潜水身亡！被游艇螺旋绞中，驾驶员是其朋友…调查报告披露
https://new.qq.com/rain/a/20250102A04ZYL00

2025-01-03 02:09:48,134 - INFO - EXPIRED
视频曝光！辽宁一大车起火引燃附近多辆汽车，当地：伤亡情况正在核实
https://new.qq.com/rain/a/20250102V05D5J00

2025-01-03 02:09:48,134 - INFO - EXPIRED
俄罗斯一客机降落滑行时冲出跑道 暂无伤亡报道
https://new.qq.com/rain/a/20250102A05TV300

2025-01-03 02:09:48,134 - INFO - EXPIRED
昆明再推28条楼市新政：取消住房分类标准，妥善处置闲置存量土地
https://new.qq.com/rain/a/20250102A05Q0700

2025-01-03 02:09:48,134 - INFO - EXPIRED
“中国量子技术赶上来了”，《经济学人》“勉强”承认：中国模式“也许”更好
https://new.qq.com/rain/a/20250102A05GRK00

2025-01-03 02:09:48,134 - INFO - EXPIRED
宁夏银川发生4.8级地震，近日发生三次地震，为何这里地震频繁？
https://view.inews.qq.com/a/20250102Q043F900

2025-01-03 02:09:48,134 - INFO - EXPIRED
视频丨纽约一夜总会外发生枪击事件 至少10人受伤
https://new.qq.com/rain/a/20250102A05OYD00

2025-01-03 02:09:48,134 - INFO - EXPIRED
增值税法释放贷款利息抵税想象空间，怎么看？
https://new.qq.com/rain/a/20250102A04LOD00

2025-01-03 02:09:48,134 - INFO - EXPIRED
网红货轮“海南布鲁威斯号”要拆掉？回应：已经在拆了，有安全隐患
https://new.qq.com/rain/a/20250102A04RZD00

2025-01-03 02:09:48,134 - INFO - EXPIRED
俄发动“跨年夜空袭”，罕见瞄准乌总统府区域
https://new.qq.com/rain/a/20250101A06SKB00

2025-01-03 02:09:48,134 - INFO - EXPIRED
马斯克“改名”引爆泼天富贵 神秘交易员两天狂赚上千万
https://new.qq.com/rain/a/20250102A00VY700

2025-01-03 02:09:48,134 - INFO - EXPIRED
春运机票价格下跌，部分票价降幅超七成
https://new.qq.com/rain/a/20250102A05FLO00

2025-01-03 02:09:48,134 - INFO - EXPIRED
台媒：柯文哲正式请辞民众党主席后发声，向支持者喊话“千万不要有什么退党潮”
https://new.qq.com/rain/a/20250102A02XNZ00

2025-01-03 02:09:48,134 - INFO - EXPIRED
80岁投资者豪掷5000万元参与定增，这家公司股价已累计涨超200%
https://new.qq.com/rain/a/20250102A04GTN00

2025-01-03 02:09:48,134 - INFO - EXPIRED
交付仅7年的新房墙壁裂缝能伸进手指，开发商：过保不维修
https://new.qq.com/rain/a/20250101A04YRC00

2025-01-03 02:09:48,134 - INFO - EXPIRED
连续5年造假虚增收入40亿！东莞前首富被罚1000万，85后儿子也被罚
https://new.qq.com/rain/a/20250101A0580N00

2025-01-03 02:09:48,134 - INFO - EXPIRED
“农民给收割机打柴油被罚3万元”引争议，最新进展：已收到全部退款
https://new.qq.com/rain/a/20250102A048UP00

2025-01-03 02:09:49,237 - ERROR - ERROR
德国柏林一警局外发生爆炸2名警员受伤
https://new.qq.com/rain/a/20250103A01TUA00
('list index out of range',)
======
Traceback (most recent call last):
  File "/home/runner/work/qqnews/qqnews/qq.py", line 81, in process_article
    ss = str(tmpbs.select("div.LEFT div.content.clearfix")[0])
             ~~~~~~~~~~~~~~~~~~~~~~~~~~~~~~~~~~~~~~~~~~~~~^^^
IndexError: list index out of range


2025-01-03 02:09:49,241 - ERROR - ERROR
湖南一滑翔伞坠落致2死 官方人士：女性死者29岁 死亡教练系公司法人
https://new.qq.com/rain/a/20250103A01WWY00
('list index out of range',)
======
Traceback (most recent call last):
  File "/home/runner/work/qqnews/qqnews/qq.py", line 81, in process_article
    ss = str(tmpbs.select("div.LEFT div.content.clearfix")[0])
             ~~~~~~~~~~~~~~~~~~~~~~~~~~~~~~~~~~~~~~~~~~~~~^^^
IndexError: list index out of range


2025-01-03 02:09:49,248 - ERROR - ERROR
美国加州一小飞机坠毁已致2死18伤
https://new.qq.com/rain/a/20250103A020DA00
('list index out of range',)
======
Traceback (most recent call last):
  File "/home/runner/work/qqnews/qqnews/qq.py", line 81, in process_article
    ss = str(tmpbs.select("div.LEFT div.content.clearfix")[0])
             ~~~~~~~~~~~~~~~~~~~~~~~~~~~~~~~~~~~~~~~~~~~~~^^^
IndexError: list index out of range


2025-01-03 02:09:49,255 - ERROR - ERROR
割舍大润发，阿里回血123亿元
https://new.qq.com/rain/a/20250103A02CFR00
('list index out of range',)
======
Traceback (most recent call last):
  File "/home/runner/work/qqnews/qqnews/qq.py", line 81, in process_article
    ss = str(tmpbs.select("div.LEFT div.content.clearfix")[0])
             ~~~~~~~~~~~~~~~~~~~~~~~~~~~~~~~~~~~~~~~~~~~~~^^^
IndexError: list index out of range


2025-01-03 02:09:49,534 - ERROR - ERROR
电影“失宠”，票房回到十年前，2025年大家的消费KPI又转向哪里
https://new.qq.com/rain/a/20250103A01EFW00
('list index out of range',)
======
Traceback (most recent call last):
  File "/home/runner/work/qqnews/qqnews/qq.py", line 81, in process_article
    ss = str(tmpbs.select("div.LEFT div.content.clearfix")[0])
             ~~~~~~~~~~~~~~~~~~~~~~~~~~~~~~~~~~~~~~~~~~~~~^^^
IndexError: list index out of range


2025-01-03 02:09:49,840 - ERROR - ERROR
马斯克在2024年最后几天神秘捐赠1.12亿美元特斯拉股票
https://new.qq.com/rain/a/20250103A01HFJ00
('list index out of range',)
======
Traceback (most recent call last):
  File "/home/runner/work/qqnews/qqnews/qq.py", line 81, in process_article
    ss = str(tmpbs.select("div.LEFT div.content.clearfix")[0])
             ~~~~~~~~~~~~~~~~~~~~~~~~~~~~~~~~~~~~~~~~~~~~~^^^
IndexError: list index out of range


2025-01-03 02:09:49,868 - ERROR - ERROR
美股开年不利标普4连跌，特斯拉大跌进入技术性熊市，中概股涨跌互现
https://new.qq.com/rain/a/20250103A01DM600
('list index out of range',)
======
Traceback (most recent call last):
  File "/home/runner/work/qqnews/qqnews/qq.py", line 81, in process_article
    ss = str(tmpbs.select("div.LEFT div.content.clearfix")[0])
             ~~~~~~~~~~~~~~~~~~~~~~~~~~~~~~~~~~~~~~~~~~~~~^^^
IndexError: list index out of range


2025-01-03 02:09:49,871 - ERROR - ERROR
长沙一高中工作人员半夜向老人泼冷水？教育局：责令学校向当事人道歉
https://new.qq.com/rain/a/20250103A01HZW00
('list index out of range',)
======
Traceback (most recent call last):
  File "/home/runner/work/qqnews/qqnews/qq.py", line 81, in process_article
    ss = str(tmpbs.select("div.LEFT div.content.clearfix")[0])
             ~~~~~~~~~~~~~~~~~~~~~~~~~~~~~~~~~~~~~~~~~~~~~^^^
IndexError: list index out of range


2025-01-03 02:09:50,178 - ERROR - ERROR
上海地铁回应“5元卖座”：坚决反对，有类似事件可及时反映或拨打服务热线
https://new.qq.com/rain/a/20250103A00EW500
('list index out of range',)
======
Traceback (most recent call last):
  File "/home/runner/work/qqnews/qqnews/qq.py", line 81, in process_article
    ss = str(tmpbs.select("div.LEFT div.content.clearfix")[0])
             ~~~~~~~~~~~~~~~~~~~~~~~~~~~~~~~~~~~~~~~~~~~~~^^^
IndexError: list index out of range


2025-01-03 02:09:50,233 - ERROR - ERROR
泽连斯基：支持在乌克兰部署欧洲部队 乌不放弃加入北约
https://new.qq.com/rain/a/20250103A014RJ00
('list index out of range',)
======
Traceback (most recent call last):
  File "/home/runner/work/qqnews/qqnews/qq.py", line 81, in process_article
    ss = str(tmpbs.select("div.LEFT div.content.clearfix")[0])
             ~~~~~~~~~~~~~~~~~~~~~~~~~~~~~~~~~~~~~~~~~~~~~^^^
IndexError: list index out of range


2025-01-03 02:09:50,563 - ERROR - ERROR
量贩零食卷向2025：喊出“春节1月抵3月”，加盟商却减少囤货
https://new.qq.com/rain/a/20250103A01KT300
('list index out of range',)
======
Traceback (most recent call last):
  File "/home/runner/work/qqnews/qqnews/qq.py", line 81, in process_article
    ss = str(tmpbs.select("div.LEFT div.content.clearfix")[0])
             ~~~~~~~~~~~~~~~~~~~~~~~~~~~~~~~~~~~~~~~~~~~~~^^^
IndexError: list index out of range


2025-01-03 03:12:59,521 - INFO - EXPIRED
“上四休三”能全面铺开吗？专家：不太现实 有条件的可设灵活办公日
https://new.qq.com/rain/a/20250102A09VRN00

2025-01-03 03:12:59,521 - INFO - EXPIRED
工艺品店卖春联后被判“违规”遭断电？管理方：店方听不懂好赖话
https://new.qq.com/rain/a/20250102A08XKL00

2025-01-03 03:12:59,521 - INFO - EXPIRED
马斯克称猛禽发动机未来推力将达到300吨，这个水平如何？
https://view.inews.qq.com/a/20250102Q08ZZ300

2025-01-03 03:12:59,521 - INFO - EXPIRED
春节加班、团队整合，车企们急了：给低价车标配智驾是今年关键之战
https://new.qq.com/rain/a/20250102A07WPJ00

2025-01-03 03:12:59,521 - INFO - EXPIRED
县城里的数据标注员：“有多少智能，就有多少人工”
https://new.qq.com/rain/a/20250102A09TUP00

2025-01-03 03:12:59,521 - INFO - EXPIRED
离开英伟达，融资超3亿美元，他闯入一条地狱级赛道
https://new.qq.com/rain/a/20250102A05H2T00

2025-01-03 03:12:59,521 - INFO - EXPIRED
40年后，美国公司遗留的377吨毒垃圾离开印度博帕尔
https://new.qq.com/rain/a/20250102A09ZNC00

2025-01-03 03:12:59,521 - INFO - EXPIRED
对话AI科学家刘威：“Ilya预训练终结论”对中国大模型公司影响不大
https://new.qq.com/rain/a/20250102A068OS00

2025-01-03 03:12:59,521 - INFO - EXPIRED
宁夏银川地震为何震感强烈？专家：盆地土层放大地震震动
https://new.qq.com/rain/a/20250102A09QOV00

2025-01-03 03:12:59,521 - INFO - EXPIRED
马上走人了，美商务部还要继续打击中国无人机
https://new.qq.com/rain/a/20250102A09CSA00

2025-01-03 03:12:59,521 - INFO - EXPIRED
乌兹别克斯坦一饲养员遭3头狮子撕咬身亡 疑与女友视频炫耀驯狮时遭袭
https://new.qq.com/rain/a/20250102V09V4Z00

2025-01-03 03:12:59,521 - INFO - EXPIRED
又要进去了，台湾检方抗告成功后法院重审，柯文哲4人全羁押禁见
https://new.qq.com/rain/a/20250102A09VSS00

2025-01-03 03:12:59,521 - INFO - EXPIRED
周涛、董卿再度同框！网友：请你们今晚直接上春晚好吗
https://new.qq.com/rain/a/20250102A060KG00

2025-01-03 03:12:59,521 - INFO - EXPIRED
广东一老人买药材煲汤中毒身亡 当地：店铺误售断肠草，老板被拘留
https://new.qq.com/rain/a/20250102A09GP800

2025-01-03 03:12:59,521 - INFO - EXPIRED
90后父亲杀害智力残疾儿子案判决结果公布，父亲一审被判13年
https://new.qq.com/rain/a/20250102A08GM400

2025-01-03 03:12:59,521 - INFO - EXPIRED
江西南昌梅岭发生山火 消防车已到场救援
https://new.qq.com/rain/a/20250102A09YM300

2025-01-03 03:12:59,521 - INFO - EXPIRED
特斯拉年销量10多年来首现下滑，周四股价收跌超6%
https://new.qq.com/rain/a/20250102A09YLD00

2025-01-03 03:12:59,521 - INFO - EXPIRED
俞敏洪：若知道有这么多让我心烦意乱的事情，绝不开启东方甄选
https://new.qq.com/rain/a/20250102A04WYF00

2025-01-03 03:12:59,521 - INFO - EXPIRED
香港再遇千亿级财政赤字
https://new.qq.com/rain/a/20250102A07X0R00

2025-01-03 03:12:59,521 - INFO - EXPIRED
上海出台《意见》：进一步加强培训机构管理，引导培训市场健康发展
https://new.qq.com/rain/a/20250102A09NQ500

2025-01-03 03:12:59,521 - INFO - EXPIRED
福建最年长老人去世，享年123岁，如何确定超高龄老人的年龄？
https://view.inews.qq.com/a/20250102Q09R9E00

2025-01-03 03:12:59,521 - INFO - EXPIRED
首条中越标准轨铁路2025年开工，越南铁路建设大提速
https://new.qq.com/rain/a/20250102A09OXK00

2025-01-03 03:12:59,521 - INFO - EXPIRED
“女子被前男友泼汽油致残毁容”案一审，男方犯故意杀人罪被判12年
https://new.qq.com/rain/a/20250102A08VJ300

2025-01-03 03:12:59,521 - INFO - EXPIRED
辞旧迎新，被中国军工这波操作硬控了
https://new.qq.com/rain/a/20250102A099OX00

2025-01-03 03:12:59,521 - INFO - EXPIRED
各地2025年首个工作日上演集中开工潮，按下“拼经济”快进键
https://new.qq.com/rain/a/20250102A09E7500

2025-01-03 03:12:59,521 - INFO - EXPIRED
特朗普就职仪式前，刚涨薪62%的美国港口工人又要罢工？
https://new.qq.com/rain/a/20250102A08BWW00

2025-01-03 03:12:59,522 - INFO - EXPIRED
“留下来的都是精英”：金融从业者五年少580万 保险代理人流失最严重
https://new.qq.com/rain/a/20241231A07MPB00

2025-01-03 03:12:59,522 - INFO - EXPIRED
长效HIV疗法国内获批上市，会成为艾滋病“终结者”吗
https://new.qq.com/rain/a/20250102A09BS000

2025-01-03 03:12:59,522 - INFO - EXPIRED
韩国空难机长遇难前伸手细节被拍 最小遇难者一家在泰国最后视频曝光
https://new.qq.com/rain/a/20250102V08LI700

2025-01-03 03:12:59,522 - INFO - EXPIRED
洪都拉斯总统警告特朗普：美军基地可能不保
https://new.qq.com/rain/a/20250102A090M600

2025-01-03 03:12:59,522 - INFO - EXPIRED
中国船舶集团“换帅”  前董事长已两个月未公开露面
https://new.qq.com/rain/a/20241231A090D700

2025-01-03 03:12:59,522 - INFO - EXPIRED
中日，一出好戏即将上演
https://new.qq.com/rain/a/20250102A01NIY00

2025-01-03 03:12:59,522 - INFO - EXPIRED
阿里拟131.38亿港元卖出高鑫零售全部股权，这桩买卖收益如何？
https://view.inews.qq.com/a/20250102Q01ETE00

2025-01-03 03:12:59,522 - INFO - EXPIRED
云南元谋“隔空劫杀案”当事人被误判近22年：被抓时曾被刑讯逼供
https://new.qq.com/rain/a/20250102A096OY00

2025-01-03 03:12:59,522 - INFO - EXPIRED
刘强东又要给老家村民发钱了！60岁以上每人10000元
https://new.qq.com/rain/a/20250102A05YBH00

2025-01-03 03:12:59,522 - INFO - EXPIRED
监管部门指导上市公司1月15号之前释放全部利空？证监会：谣言
https://new.qq.com/rain/a/20250102A08VMS00

2025-01-03 03:12:59,522 - INFO - EXPIRED
辽宁营口一装载易燃金属粉末的重型半挂车发生自燃起火，致2死2伤
https://new.qq.com/rain/a/20250102A090DD00

2025-01-03 03:12:59,522 - INFO - EXPIRED
李强在山东调研
https://new.qq.com/rain/a/20250102A08SF800

2025-01-03 03:12:59,522 - INFO - EXPIRED
贵州省市场监管局局长丁雄军被查：曾任茅台董事长，上周还在主持会议
https://new.qq.com/rain/a/20250102A08GWL00

2025-01-03 03:12:59,522 - INFO - EXPIRED
完成既定目标！贵州茅台预计2024年营收1738亿元，净利润857亿元
https://new.qq.com/rain/a/20250102A08KXE00

2025-01-03 03:12:59,522 - INFO - EXPIRED
长沙八旬老人因合同经济纠纷睡学校食堂被泼冷水惊醒 多方回应
https://new.qq.com/rain/a/20250102V07JIF00

2025-01-03 03:12:59,522 - INFO - EXPIRED
26岁小伙突发脑梗，医生称和背包有关，为何负重会引发脑梗？
https://view.inews.qq.com/a/20250102Q03N1W00

2025-01-03 03:12:59,522 - INFO - EXPIRED
“军方也干了”，韩在野党称韩军放飞气球企图诱使“朝鲜挑衅”
https://new.qq.com/rain/a/20250102A08J4I00

2025-01-03 03:12:59,522 - INFO - EXPIRED
女游客玩滑翔伞疑掉水帘洞，和教练双双遇难，暴露什么安全问题？
https://view.inews.qq.com/a/20250102Q07SWB00

2025-01-03 03:12:59,522 - INFO - EXPIRED
除了受贿还伪造部队证件，上海公安学院原副院长李锦明获刑11年半
https://new.qq.com/rain/a/20250102A08CV100

2025-01-03 03:12:59,522 - INFO - EXPIRED
赵露思公布病情，病例诊断为“分离(转换)性障碍”，这是什么病？
https://view.inews.qq.com/a/20250102Q065Q200

2025-01-03 03:12:59,522 - INFO - EXPIRED
一片药降到几分钱，我们该担心吗？
https://new.qq.com/rain/a/20250102A08CRM00

2025-01-03 03:12:59,522 - INFO - EXPIRED
山西大同，产科保洁牵出地下贩婴链条
https://new.qq.com/rain/a/20250102A04KR000

2025-01-03 03:12:59,522 - INFO - EXPIRED
杭州跨年夜后西湖树上挂满气球，当地：清理一棵树要半小时
https://new.qq.com/rain/a/20250102A06T6M00

2025-01-03 03:12:59,522 - INFO - EXPIRED
四川一老人过124岁生日，最喜欢吃猪油拌饭，这和长寿有关吗？
https://view.inews.qq.com/a/20250101Q06VCQ00

2025-01-03 03:12:59,522 - INFO - EXPIRED
李殿勋任湖北省代省长
https://new.qq.com/rain/a/20250102A083T000

2025-01-03 03:12:59,522 - INFO - EXPIRED
上天入海 热血集结！60秒看2025全军超燃开训
https://new.qq.com/rain/a/20250102A0527000

2025-01-03 03:12:59,522 - INFO - EXPIRED
跨年夜江苏徐州2人爬公交站顶棚放烟花，警方：治安拘留
https://new.qq.com/rain/a/20250102A089F700

2025-01-03 03:12:59,522 - INFO - EXPIRED
A股增量资金来了！央行启动了第二次互换便利操作 操作金额为550亿元
https://new.qq.com/rain/a/20250102A07BFP00

2025-01-03 03:12:59,522 - INFO - EXPIRED
超百位宝骏悦也车主遭遇“刹车失灵”，官方未正式回应
https://new.qq.com/rain/a/20250102A0676I00

2025-01-03 03:12:59,522 - INFO - EXPIRED
4.6级！宁夏银川再次发生地震，网友：一天两次，震感更厉害了
https://new.qq.com/rain/a/20250102A078EF00

2025-01-03 03:12:59,522 - INFO - EXPIRED
商务部：将通用动力公司等28家美国实体列入出口管制管控名单
https://new.qq.com/rain/a/20250102A06EJT00

2025-01-03 03:12:59,522 - INFO - EXPIRED
男子进山捕鱼疑被当猎物枪杀案将开庭：一嫌疑人多次担任打猎向导
https://new.qq.com/rain/a/20250102A06RO300

2025-01-03 03:12:59,522 - INFO - EXPIRED
成品油价迎新年“第一涨”，加满一箱油多花2.5元
https://new.qq.com/rain/a/20250102A06ZXH00

2025-01-03 03:12:59,522 - INFO - EXPIRED
网传贵州毕节一村干部强行霸占土地还拖拽村民，现场视频曝光
https://new.qq.com/rain/a/20250102V05WNA00

2025-01-03 03:12:59,522 - INFO - EXPIRED
宁夏地震局：近几日银川永宁地震原震区及附近可能发生4至5级地震
https://new.qq.com/rain/a/20250102A05GC700

2025-01-03 03:12:59,522 - INFO - EXPIRED
“坐一次800元”，湖南衡山一滑翔伞突然坠伞，女大学生和驾驶员身亡
https://new.qq.com/rain/a/20250102A05ITV00

2025-01-03 03:12:59,522 - INFO - EXPIRED
俄终止过境乌向欧洲输送天然气，欧洲怎么保证能源供应？
https://view.inews.qq.com/a/20250102Q03YAI00

2025-01-03 03:12:59,522 - INFO - EXPIRED
15岁女孩生下男婴，被医院产科主任介绍卖了6.8万元？山西大同回应
https://new.qq.com/rain/a/20250102A04MR100

2025-01-03 03:12:59,522 - INFO - EXPIRED
乌议员披露：泽连斯基办公室差点被击中
https://new.qq.com/rain/a/20250102A053M000

2025-01-03 03:12:59,522 - INFO - EXPIRED
中央候补委员、副镇长施金通，递补省委委员
https://new.qq.com/rain/a/20250102A04IOA00

2025-01-03 03:12:59,522 - INFO - EXPIRED
韩国坠毁客机飞行数据记录器将交由美国分析，自己不能做分析吗？
https://view.inews.qq.com/a/20250102Q044HK00

2025-01-03 03:12:59,522 - INFO - EXPIRED
日本首相石破茂称访问中国极为重要，外交部回应
https://new.qq.com/rain/a/20250102A066HJ00

2025-01-03 03:12:59,522 - INFO - EXPIRED
乌克兰打出的“断气牌”正式生效，欧洲俄气时代终结！
https://new.qq.com/rain/a/20250102A025F900

2025-01-03 03:12:59,522 - INFO - EXPIRED
以军空袭加沙一难民营致11死 哈马斯警察部门负责人被传身亡
https://new.qq.com/rain/a/20250102A05EBK00

2025-01-03 03:12:59,522 - INFO - EXPIRED
叙利亚新当局宣布晋升约50名军官，部分非叙利亚人，也无服役经历
https://new.qq.com/rain/a/20250102V05BLJ00

2025-01-03 03:12:59,522 - INFO - EXPIRED
杭州西湖跨年放飞气球时男子点燃烟花，有多危险？他会被怎么罚？
https://view.inews.qq.com/a/20250102Q04JSI00

2025-01-03 03:12:59,522 - INFO - EXPIRED
42岁男子潜水身亡！被游艇螺旋绞中，驾驶员是其朋友…调查报告披露
https://new.qq.com/rain/a/20250102A04ZYL00

2025-01-03 03:12:59,522 - INFO - EXPIRED
视频曝光！辽宁一大车起火引燃附近多辆汽车，当地：伤亡情况正在核实
https://new.qq.com/rain/a/20250102V05D5J00

2025-01-03 03:12:59,522 - INFO - EXPIRED
俄罗斯一客机降落滑行时冲出跑道 暂无伤亡报道
https://new.qq.com/rain/a/20250102A05TV300

2025-01-03 03:12:59,522 - INFO - EXPIRED
昆明再推28条楼市新政：取消住房分类标准，妥善处置闲置存量土地
https://new.qq.com/rain/a/20250102A05Q0700

2025-01-03 03:12:59,522 - INFO - EXPIRED
“中国量子技术赶上来了”，《经济学人》“勉强”承认：中国模式“也许”更好
https://new.qq.com/rain/a/20250102A05GRK00

2025-01-03 03:12:59,522 - INFO - EXPIRED
宁夏银川发生4.8级地震，近日发生三次地震，为何这里地震频繁？
https://view.inews.qq.com/a/20250102Q043F900

2025-01-03 03:12:59,522 - INFO - EXPIRED
视频丨纽约一夜总会外发生枪击事件 至少10人受伤
https://new.qq.com/rain/a/20250102A05OYD00

2025-01-03 03:12:59,522 - INFO - EXPIRED
增值税法释放贷款利息抵税想象空间，怎么看？
https://new.qq.com/rain/a/20250102A04LOD00

2025-01-03 03:12:59,522 - INFO - EXPIRED
网红货轮“海南布鲁威斯号”要拆掉？回应：已经在拆了，有安全隐患
https://new.qq.com/rain/a/20250102A04RZD00

2025-01-03 03:12:59,522 - INFO - EXPIRED
俄发动“跨年夜空袭”，罕见瞄准乌总统府区域
https://new.qq.com/rain/a/20250101A06SKB00

2025-01-03 03:12:59,523 - INFO - EXPIRED
马斯克“改名”引爆泼天富贵 神秘交易员两天狂赚上千万
https://new.qq.com/rain/a/20250102A00VY700

2025-01-03 03:12:59,523 - INFO - EXPIRED
春运机票价格下跌，部分票价降幅超七成
https://new.qq.com/rain/a/20250102A05FLO00

2025-01-03 03:13:00,510 - ERROR - ERROR
上海宝山消防：一装修建筑发生局部坍塌，2人已送医，1人正在搜救中
https://new.qq.com/rain/a/20250103A032F600
('list index out of range',)
======
Traceback (most recent call last):
  File "/home/runner/work/qqnews/qqnews/qq.py", line 81, in process_article
    ss = str(tmpbs.select("div.LEFT div.content.clearfix")[0])
             ~~~~~~~~~~~~~~~~~~~~~~~~~~~~~~~~~~~~~~~~~~~~~^^^
IndexError: list index out of range


2025-01-03 03:13:00,523 - ERROR - ERROR
湖南滑翔伞坠落身亡教练家属发声：他有多年经验 不知为何突发意外
https://new.qq.com/rain/a/20250103A02T4200
('list index out of range',)
======
Traceback (most recent call last):
  File "/home/runner/work/qqnews/qqnews/qq.py", line 81, in process_article
    ss = str(tmpbs.select("div.LEFT div.content.clearfix")[0])
             ~~~~~~~~~~~~~~~~~~~~~~~~~~~~~~~~~~~~~~~~~~~~~^^^
IndexError: list index out of range


2025-01-03 03:13:00,531 - ERROR - ERROR
电影“失宠”，票房回到十年前，2025年大家的消费KPI又转向哪里
https://new.qq.com/rain/a/20250103A01EFW00
('list index out of range',)
======
Traceback (most recent call last):
  File "/home/runner/work/qqnews/qqnews/qq.py", line 81, in process_article
    ss = str(tmpbs.select("div.LEFT div.content.clearfix")[0])
             ~~~~~~~~~~~~~~~~~~~~~~~~~~~~~~~~~~~~~~~~~~~~~^^^
IndexError: list index out of range


2025-01-03 03:13:00,552 - ERROR - ERROR
国家发改委：适当提高退休人员基本养老金和城乡居民基础养老金
https://new.qq.com/rain/a/20250103A0326S00
('list index out of range',)
======
Traceback (most recent call last):
  File "/home/runner/work/qqnews/qqnews/qq.py", line 81, in process_article
    ss = str(tmpbs.select("div.LEFT div.content.clearfix")[0])
             ~~~~~~~~~~~~~~~~~~~~~~~~~~~~~~~~~~~~~~~~~~~~~^^^
IndexError: list index out of range


2025-01-03 03:13:00,600 - ERROR - ERROR
要么恢复俄气过境，要么赔钱！斯洛伐克威胁将报复乌克兰
https://new.qq.com/rain/a/20250103A01NZE00
('list index out of range',)
======
Traceback (most recent call last):
  File "/home/runner/work/qqnews/qqnews/qq.py", line 81, in process_article
    ss = str(tmpbs.select("div.LEFT div.content.clearfix")[0])
             ~~~~~~~~~~~~~~~~~~~~~~~~~~~~~~~~~~~~~~~~~~~~~^^^
IndexError: list index out of range


2025-01-03 03:13:00,990 - ERROR - ERROR
曾批评特朗普的前共和党众议员切尼，获颁总统勋章
https://new.qq.com/rain/a/20250103A01VUW00
('list index out of range',)
======
Traceback (most recent call last):
  File "/home/runner/work/qqnews/qqnews/qq.py", line 81, in process_article
    ss = str(tmpbs.select("div.LEFT div.content.clearfix")[0])
             ~~~~~~~~~~~~~~~~~~~~~~~~~~~~~~~~~~~~~~~~~~~~~^^^
IndexError: list index out of range


2025-01-03 03:13:01,046 - ERROR - ERROR
美国加州一小飞机坠毁已致2死18伤
https://new.qq.com/rain/a/20250103A020DA00
('list index out of range',)
======
Traceback (most recent call last):
  File "/home/runner/work/qqnews/qqnews/qq.py", line 81, in process_article
    ss = str(tmpbs.select("div.LEFT div.content.clearfix")[0])
             ~~~~~~~~~~~~~~~~~~~~~~~~~~~~~~~~~~~~~~~~~~~~~^^^
IndexError: list index out of range


2025-01-03 03:13:01,049 - ERROR - ERROR
马斯克新年前夕大手笔捐赠特斯拉股票，价值1.12亿美元
https://new.qq.com/rain/a/20250103A01ZHT00
('list index out of range',)
======
Traceback (most recent call last):
  File "/home/runner/work/qqnews/qqnews/qq.py", line 81, in process_article
    ss = str(tmpbs.select("div.LEFT div.content.clearfix")[0])
             ~~~~~~~~~~~~~~~~~~~~~~~~~~~~~~~~~~~~~~~~~~~~~^^^
IndexError: list index out of range


2025-01-03 03:13:01,076 - ERROR - ERROR
割舍大润发，阿里回血123亿元
https://new.qq.com/rain/a/20250103A02CFR00
('list index out of range',)
======
Traceback (most recent call last):
  File "/home/runner/work/qqnews/qqnews/qq.py", line 81, in process_article
    ss = str(tmpbs.select("div.LEFT div.content.clearfix")[0])
             ~~~~~~~~~~~~~~~~~~~~~~~~~~~~~~~~~~~~~~~~~~~~~^^^
IndexError: list index out of range


2025-01-03 03:13:01,358 - ERROR - ERROR
德国柏林一警局外发生爆炸2名警员受伤
https://new.qq.com/rain/a/20250103A01TUA00
('list index out of range',)
======
Traceback (most recent call last):
  File "/home/runner/work/qqnews/qqnews/qq.py", line 81, in process_article
    ss = str(tmpbs.select("div.LEFT div.content.clearfix")[0])
             ~~~~~~~~~~~~~~~~~~~~~~~~~~~~~~~~~~~~~~~~~~~~~^^^
IndexError: list index out of range


2025-01-03 03:13:01,503 - ERROR - ERROR
上海地铁回应“5元卖座”：坚决反对，有类似事件可及时反映或拨打服务热线
https://new.qq.com/rain/a/20250103A00EW500
('list index out of range',)
======
Traceback (most recent call last):
  File "/home/runner/work/qqnews/qqnews/qq.py", line 81, in process_article
    ss = str(tmpbs.select("div.LEFT div.content.clearfix")[0])
             ~~~~~~~~~~~~~~~~~~~~~~~~~~~~~~~~~~~~~~~~~~~~~^^^
IndexError: list index out of range


2025-01-03 03:13:01,521 - ERROR - ERROR
美股开年不利标普4连跌，特斯拉大跌进入技术性熊市，中概股涨跌互现
https://new.qq.com/rain/a/20250103A01DM600
('list index out of range',)
======
Traceback (most recent call last):
  File "/home/runner/work/qqnews/qqnews/qq.py", line 81, in process_article
    ss = str(tmpbs.select("div.LEFT div.content.clearfix")[0])
             ~~~~~~~~~~~~~~~~~~~~~~~~~~~~~~~~~~~~~~~~~~~~~^^^
IndexError: list index out of range


2025-01-03 03:13:01,524 - ERROR - ERROR
泽连斯基：支持在乌克兰部署欧洲部队 乌不放弃加入北约
https://new.qq.com/rain/a/20250103A014RJ00
('list index out of range',)
======
Traceback (most recent call last):
  File "/home/runner/work/qqnews/qqnews/qq.py", line 81, in process_article
    ss = str(tmpbs.select("div.LEFT div.content.clearfix")[0])
             ~~~~~~~~~~~~~~~~~~~~~~~~~~~~~~~~~~~~~~~~~~~~~^^^
IndexError: list index out of range


2025-01-03 03:13:01,572 - ERROR - ERROR
长沙一高中工作人员半夜向老人泼冷水？教育局：责令学校向当事人道歉
https://new.qq.com/rain/a/20250103A01HZW00
('list index out of range',)
======
Traceback (most recent call last):
  File "/home/runner/work/qqnews/qqnews/qq.py", line 81, in process_article
    ss = str(tmpbs.select("div.LEFT div.content.clearfix")[0])
             ~~~~~~~~~~~~~~~~~~~~~~~~~~~~~~~~~~~~~~~~~~~~~^^^
IndexError: list index out of range


2025-01-03 03:13:01,885 - ERROR - ERROR
量贩零食卷向2025：喊出“春节1月抵3月”，加盟商却减少囤货
https://new.qq.com/rain/a/20250103A01KT300
('list index out of range',)
======
Traceback (most recent call last):
  File "/home/runner/work/qqnews/qqnews/qq.py", line 81, in process_article
    ss = str(tmpbs.select("div.LEFT div.content.clearfix")[0])
             ~~~~~~~~~~~~~~~~~~~~~~~~~~~~~~~~~~~~~~~~~~~~~^^^
IndexError: list index out of range


2025-01-03 03:13:02,055 - ERROR - ERROR
湖南一滑翔伞坠落致2死 官方人士：女性死者29岁 死亡教练系公司法人
https://new.qq.com/rain/a/20250103A01WWY00
('list index out of range',)
======
Traceback (most recent call last):
  File "/home/runner/work/qqnews/qqnews/qq.py", line 81, in process_article
    ss = str(tmpbs.select("div.LEFT div.content.clearfix")[0])
             ~~~~~~~~~~~~~~~~~~~~~~~~~~~~~~~~~~~~~~~~~~~~~^^^
IndexError: list index out of range


2025-01-03 04:09:25,192 - INFO - EXPIRED
调查追踪｜银行开通储户个人养老金账户被诉，法院：银行存在一定过错
https://new.qq.com/rain/a/20250102A085F500

2025-01-03 04:09:25,192 - INFO - EXPIRED
“上四休三”能全面铺开吗？专家：不太现实 有条件的可设灵活办公日
https://new.qq.com/rain/a/20250102A09VRN00

2025-01-03 04:09:25,192 - INFO - EXPIRED
工艺品店卖春联后被判“违规”遭断电？管理方：店方听不懂好赖话
https://new.qq.com/rain/a/20250102A08XKL00

2025-01-03 04:09:25,192 - INFO - EXPIRED
马斯克称猛禽发动机未来推力将达到300吨，这个水平如何？
https://view.inews.qq.com/a/20250102Q08ZZ300

2025-01-03 04:09:25,192 - INFO - EXPIRED
春节加班、团队整合，车企们急了：给低价车标配智驾是今年关键之战
https://new.qq.com/rain/a/20250102A07WPJ00

2025-01-03 04:09:25,192 - INFO - EXPIRED
县城里的数据标注员：“有多少智能，就有多少人工”
https://new.qq.com/rain/a/20250102A09TUP00

2025-01-03 04:09:25,192 - INFO - EXPIRED
离开英伟达，融资超3亿美元，他闯入一条地狱级赛道
https://new.qq.com/rain/a/20250102A05H2T00

2025-01-03 04:09:25,192 - INFO - EXPIRED
40年后，美国公司遗留的377吨毒垃圾离开印度博帕尔
https://new.qq.com/rain/a/20250102A09ZNC00

2025-01-03 04:09:25,192 - INFO - EXPIRED
对话AI科学家刘威：“Ilya预训练终结论”对中国大模型公司影响不大
https://new.qq.com/rain/a/20250102A068OS00

2025-01-03 04:09:25,192 - INFO - EXPIRED
宁夏银川地震为何震感强烈？专家：盆地土层放大地震震动
https://new.qq.com/rain/a/20250102A09QOV00

2025-01-03 04:09:25,192 - INFO - EXPIRED
马上走人了，美商务部还要继续打击中国无人机
https://new.qq.com/rain/a/20250102A09CSA00

2025-01-03 04:09:25,192 - INFO - EXPIRED
乌兹别克斯坦一饲养员遭3头狮子撕咬身亡 疑与女友视频炫耀驯狮时遭袭
https://new.qq.com/rain/a/20250102V09V4Z00

2025-01-03 04:09:25,192 - INFO - EXPIRED
又要进去了，台湾检方抗告成功后法院重审，柯文哲4人全羁押禁见
https://new.qq.com/rain/a/20250102A09VSS00

2025-01-03 04:09:25,192 - INFO - EXPIRED
周涛、董卿再度同框！网友：请你们今晚直接上春晚好吗
https://new.qq.com/rain/a/20250102A060KG00

2025-01-03 04:09:25,192 - INFO - EXPIRED
广东一老人买药材煲汤中毒身亡 当地：店铺误售断肠草，老板被拘留
https://new.qq.com/rain/a/20250102A09GP800

2025-01-03 04:09:25,192 - INFO - EXPIRED
90后父亲杀害智力残疾儿子案判决结果公布，父亲一审被判13年
https://new.qq.com/rain/a/20250102A08GM400

2025-01-03 04:09:25,192 - INFO - EXPIRED
江西南昌梅岭发生山火 消防车已到场救援
https://new.qq.com/rain/a/20250102A09YM300

2025-01-03 04:09:25,192 - INFO - EXPIRED
特斯拉年销量10多年来首现下滑，周四股价收跌超6%
https://new.qq.com/rain/a/20250102A09YLD00

2025-01-03 04:09:25,192 - INFO - EXPIRED
俞敏洪：若知道有这么多让我心烦意乱的事情，绝不开启东方甄选
https://new.qq.com/rain/a/20250102A04WYF00

2025-01-03 04:09:25,192 - INFO - EXPIRED
香港再遇千亿级财政赤字
https://new.qq.com/rain/a/20250102A07X0R00

2025-01-03 04:09:25,192 - INFO - EXPIRED
上海出台《意见》：进一步加强培训机构管理，引导培训市场健康发展
https://new.qq.com/rain/a/20250102A09NQ500

2025-01-03 04:09:25,192 - INFO - EXPIRED
福建最年长老人去世，享年123岁，如何确定超高龄老人的年龄？
https://view.inews.qq.com/a/20250102Q09R9E00

2025-01-03 04:09:25,192 - INFO - EXPIRED
首条中越标准轨铁路2025年开工，越南铁路建设大提速
https://new.qq.com/rain/a/20250102A09OXK00

2025-01-03 04:09:25,192 - INFO - EXPIRED
“女子被前男友泼汽油致残毁容”案一审，男方犯故意杀人罪被判12年
https://new.qq.com/rain/a/20250102A08VJ300

2025-01-03 04:09:25,192 - INFO - EXPIRED
辞旧迎新，被中国军工这波操作硬控了
https://new.qq.com/rain/a/20250102A099OX00

2025-01-03 04:09:25,192 - INFO - EXPIRED
各地2025年首个工作日上演集中开工潮，按下“拼经济”快进键
https://new.qq.com/rain/a/20250102A09E7500

2025-01-03 04:09:25,192 - INFO - EXPIRED
特朗普就职仪式前，刚涨薪62%的美国港口工人又要罢工？
https://new.qq.com/rain/a/20250102A08BWW00

2025-01-03 04:09:25,192 - INFO - EXPIRED
“留下来的都是精英”：金融从业者五年少580万 保险代理人流失最严重
https://new.qq.com/rain/a/20241231A07MPB00

2025-01-03 04:09:25,192 - INFO - EXPIRED
长效HIV疗法国内获批上市，会成为艾滋病“终结者”吗
https://new.qq.com/rain/a/20250102A09BS000

2025-01-03 04:09:25,192 - INFO - EXPIRED
韩国空难机长遇难前伸手细节被拍 最小遇难者一家在泰国最后视频曝光
https://new.qq.com/rain/a/20250102V08LI700

2025-01-03 04:09:25,192 - INFO - EXPIRED
洪都拉斯总统警告特朗普：美军基地可能不保
https://new.qq.com/rain/a/20250102A090M600

2025-01-03 04:09:25,192 - INFO - EXPIRED
中国船舶集团“换帅”  前董事长已两个月未公开露面
https://new.qq.com/rain/a/20241231A090D700

2025-01-03 04:09:25,193 - INFO - EXPIRED
中日，一出好戏即将上演
https://new.qq.com/rain/a/20250102A01NIY00

2025-01-03 04:09:25,193 - INFO - EXPIRED
阿里拟131.38亿港元卖出高鑫零售全部股权，这桩买卖收益如何？
https://view.inews.qq.com/a/20250102Q01ETE00

2025-01-03 04:09:25,193 - INFO - EXPIRED
云南元谋“隔空劫杀案”当事人被误判近22年：被抓时曾被刑讯逼供
https://new.qq.com/rain/a/20250102A096OY00

2025-01-03 04:09:25,193 - INFO - EXPIRED
刘强东又要给老家村民发钱了！60岁以上每人10000元
https://new.qq.com/rain/a/20250102A05YBH00

2025-01-03 04:09:25,193 - INFO - EXPIRED
监管部门指导上市公司1月15号之前释放全部利空？证监会：谣言
https://new.qq.com/rain/a/20250102A08VMS00

2025-01-03 04:09:25,193 - INFO - EXPIRED
辽宁营口一装载易燃金属粉末的重型半挂车发生自燃起火，致2死2伤
https://new.qq.com/rain/a/20250102A090DD00

2025-01-03 04:09:25,193 - INFO - EXPIRED
李强在山东调研
https://new.qq.com/rain/a/20250102A08SF800

2025-01-03 04:09:25,193 - INFO - EXPIRED
贵州省市场监管局局长丁雄军被查：曾任茅台董事长，上周还在主持会议
https://new.qq.com/rain/a/20250102A08GWL00

2025-01-03 04:09:25,193 - INFO - EXPIRED
完成既定目标！贵州茅台预计2024年营收1738亿元，净利润857亿元
https://new.qq.com/rain/a/20250102A08KXE00

2025-01-03 04:09:25,193 - INFO - EXPIRED
长沙八旬老人因合同经济纠纷睡学校食堂被泼冷水惊醒 多方回应
https://new.qq.com/rain/a/20250102V07JIF00

2025-01-03 04:09:25,193 - INFO - EXPIRED
26岁小伙突发脑梗，医生称和背包有关，为何负重会引发脑梗？
https://view.inews.qq.com/a/20250102Q03N1W00

2025-01-03 04:09:25,193 - INFO - EXPIRED
“军方也干了”，韩在野党称韩军放飞气球企图诱使“朝鲜挑衅”
https://new.qq.com/rain/a/20250102A08J4I00

2025-01-03 04:09:25,193 - INFO - EXPIRED
女游客玩滑翔伞疑掉水帘洞，和教练双双遇难，暴露什么安全问题？
https://view.inews.qq.com/a/20250102Q07SWB00

2025-01-03 04:09:25,193 - INFO - EXPIRED
除了受贿还伪造部队证件，上海公安学院原副院长李锦明获刑11年半
https://new.qq.com/rain/a/20250102A08CV100

2025-01-03 04:09:25,193 - INFO - EXPIRED
赵露思公布病情，病例诊断为“分离(转换)性障碍”，这是什么病？
https://view.inews.qq.com/a/20250102Q065Q200

2025-01-03 04:09:25,193 - INFO - EXPIRED
一片药降到几分钱，我们该担心吗？
https://new.qq.com/rain/a/20250102A08CRM00

2025-01-03 04:09:25,193 - INFO - EXPIRED
山西大同，产科保洁牵出地下贩婴链条
https://new.qq.com/rain/a/20250102A04KR000

2025-01-03 04:09:25,193 - INFO - EXPIRED
杭州跨年夜后西湖树上挂满气球，当地：清理一棵树要半小时
https://new.qq.com/rain/a/20250102A06T6M00

2025-01-03 04:09:25,193 - INFO - EXPIRED
四川一老人过124岁生日，最喜欢吃猪油拌饭，这和长寿有关吗？
https://view.inews.qq.com/a/20250101Q06VCQ00

2025-01-03 04:09:25,193 - INFO - EXPIRED
李殿勋任湖北省代省长
https://new.qq.com/rain/a/20250102A083T000

2025-01-03 04:09:25,193 - INFO - EXPIRED
上天入海 热血集结！60秒看2025全军超燃开训
https://new.qq.com/rain/a/20250102A0527000

2025-01-03 04:09:25,193 - INFO - EXPIRED
跨年夜江苏徐州2人爬公交站顶棚放烟花，警方：治安拘留
https://new.qq.com/rain/a/20250102A089F700

2025-01-03 04:09:25,193 - INFO - EXPIRED
A股增量资金来了！央行启动了第二次互换便利操作 操作金额为550亿元
https://new.qq.com/rain/a/20250102A07BFP00

2025-01-03 04:09:25,193 - INFO - EXPIRED
超百位宝骏悦也车主遭遇“刹车失灵”，官方未正式回应
https://new.qq.com/rain/a/20250102A0676I00

2025-01-03 04:09:25,193 - INFO - EXPIRED
4.6级！宁夏银川再次发生地震，网友：一天两次，震感更厉害了
https://new.qq.com/rain/a/20250102A078EF00

2025-01-03 04:09:25,193 - INFO - EXPIRED
商务部：将通用动力公司等28家美国实体列入出口管制管控名单
https://new.qq.com/rain/a/20250102A06EJT00

2025-01-03 04:09:25,193 - INFO - EXPIRED
男子进山捕鱼疑被当猎物枪杀案将开庭：一嫌疑人多次担任打猎向导
https://new.qq.com/rain/a/20250102A06RO300

2025-01-03 04:09:25,193 - INFO - EXPIRED
成品油价迎新年“第一涨”，加满一箱油多花2.5元
https://new.qq.com/rain/a/20250102A06ZXH00

2025-01-03 04:09:25,193 - INFO - EXPIRED
网传贵州毕节一村干部强行霸占土地还拖拽村民，现场视频曝光
https://new.qq.com/rain/a/20250102V05WNA00

2025-01-03 04:09:25,193 - INFO - EXPIRED
宁夏地震局：近几日银川永宁地震原震区及附近可能发生4至5级地震
https://new.qq.com/rain/a/20250102A05GC700

2025-01-03 04:09:25,193 - INFO - EXPIRED
“坐一次800元”，湖南衡山一滑翔伞突然坠伞，女大学生和驾驶员身亡
https://new.qq.com/rain/a/20250102A05ITV00

2025-01-03 04:09:25,193 - INFO - EXPIRED
俄终止过境乌向欧洲输送天然气，欧洲怎么保证能源供应？
https://view.inews.qq.com/a/20250102Q03YAI00

2025-01-03 04:09:25,193 - INFO - EXPIRED
15岁女孩生下男婴，被医院产科主任介绍卖了6.8万元？山西大同回应
https://new.qq.com/rain/a/20250102A04MR100

2025-01-03 04:09:25,193 - INFO - EXPIRED
乌议员披露：泽连斯基办公室差点被击中
https://new.qq.com/rain/a/20250102A053M000

2025-01-03 04:09:25,193 - INFO - EXPIRED
中央候补委员、副镇长施金通，递补省委委员
https://new.qq.com/rain/a/20250102A04IOA00

2025-01-03 04:09:25,193 - INFO - EXPIRED
韩国坠毁客机飞行数据记录器将交由美国分析，自己不能做分析吗？
https://view.inews.qq.com/a/20250102Q044HK00

2025-01-03 04:09:25,193 - INFO - EXPIRED
日本首相石破茂称访问中国极为重要，外交部回应
https://new.qq.com/rain/a/20250102A066HJ00

2025-01-03 04:09:25,193 - INFO - EXPIRED
乌克兰打出的“断气牌”正式生效，欧洲俄气时代终结！
https://new.qq.com/rain/a/20250102A025F900

2025-01-03 04:09:29,992 - ERROR - ERROR
上海汉庭酒店局部坍塌？工作人员：隔壁楼装修倒塌受牵连 有住客送医
https://new.qq.com/rain/a/20250103V03DQ600
('list index out of range',)
======
Traceback (most recent call last):
  File "/home/runner/work/qqnews/qqnews/qq.py", line 81, in process_article
    ss = str(tmpbs.select("div.LEFT div.content.clearfix")[0])
             ~~~~~~~~~~~~~~~~~~~~~~~~~~~~~~~~~~~~~~~~~~~~~^^^
IndexError: list index out of range


2025-01-03 04:09:29,997 - ERROR - ERROR
要么恢复俄气过境，要么赔钱！斯洛伐克威胁将报复乌克兰
https://new.qq.com/rain/a/20250103A01NZE00
('list index out of range',)
======
Traceback (most recent call last):
  File "/home/runner/work/qqnews/qqnews/qq.py", line 81, in process_article
    ss = str(tmpbs.select("div.LEFT div.content.clearfix")[0])
             ~~~~~~~~~~~~~~~~~~~~~~~~~~~~~~~~~~~~~~~~~~~~~^^^
IndexError: list index out of range


2025-01-03 04:09:30,002 - ERROR - ERROR
国家发改委：适当提高退休人员基本养老金和城乡居民基础养老金
https://new.qq.com/rain/a/20250103A0326S00
('list index out of range',)
======
Traceback (most recent call last):
  File "/home/runner/work/qqnews/qqnews/qq.py", line 81, in process_article
    ss = str(tmpbs.select("div.LEFT div.content.clearfix")[0])
             ~~~~~~~~~~~~~~~~~~~~~~~~~~~~~~~~~~~~~~~~~~~~~^^^
IndexError: list index out of range


2025-01-03 04:09:30,014 - ERROR - ERROR
石嘴山市蓝天救援队回应“志愿者发布地震假消息”：公安已介入，当事人是新队员
https://new.qq.com/rain/a/20250103A03TR800
('list index out of range',)
======
Traceback (most recent call last):
  File "/home/runner/work/qqnews/qqnews/qq.py", line 81, in process_article
    ss = str(tmpbs.select("div.LEFT div.content.clearfix")[0])
             ~~~~~~~~~~~~~~~~~~~~~~~~~~~~~~~~~~~~~~~~~~~~~^^^
IndexError: list index out of range


2025-01-03 04:09:30,076 - ERROR - ERROR
福建最长寿老人今日出殡 膝下子孙100多人 村干部：老人100岁还能自理
https://new.qq.com/rain/a/20250103A03D6G00
('list index out of range',)
======
Traceback (most recent call last):
  File "/home/runner/work/qqnews/qqnews/qq.py", line 81, in process_article
    ss = str(tmpbs.select("div.LEFT div.content.clearfix")[0])
             ~~~~~~~~~~~~~~~~~~~~~~~~~~~~~~~~~~~~~~~~~~~~~^^^
IndexError: list index out of range


2025-01-03 04:09:30,449 - ERROR - ERROR
微信语音消息能倍速播放了！腾讯客服：微信版本升级后，可在语音气泡旁选择倍速播放
https://new.qq.com/rain/a/20250103A038SI00
('list index out of range',)
======
Traceback (most recent call last):
  File "/home/runner/work/qqnews/qqnews/qq.py", line 81, in process_article
    ss = str(tmpbs.select("div.LEFT div.content.clearfix")[0])
             ~~~~~~~~~~~~~~~~~~~~~~~~~~~~~~~~~~~~~~~~~~~~~^^^
IndexError: list index out of range


2025-01-03 04:09:30,454 - ERROR - ERROR
日本人多次被美国拒绝入境，知名人士也未幸免
https://new.qq.com/rain/a/20250103A01DT400
('list index out of range',)
======
Traceback (most recent call last):
  File "/home/runner/work/qqnews/qqnews/qq.py", line 81, in process_article
    ss = str(tmpbs.select("div.LEFT div.content.clearfix")[0])
             ~~~~~~~~~~~~~~~~~~~~~~~~~~~~~~~~~~~~~~~~~~~~~^^^
IndexError: list index out of range


2025-01-03 04:09:30,582 - ERROR - ERROR
是否会再竞选总统？泽连斯基回应 
https://new.qq.com/rain/a/20250103A02WPV00
('list index out of range',)
======
Traceback (most recent call last):
  File "/home/runner/work/qqnews/qqnews/qq.py", line 81, in process_article
    ss = str(tmpbs.select("div.LEFT div.content.clearfix")[0])
             ~~~~~~~~~~~~~~~~~~~~~~~~~~~~~~~~~~~~~~~~~~~~~^^^
IndexError: list index out of range


2025-01-03 04:09:30,612 - ERROR - ERROR
电影“失宠”，票房回到十年前，2025年大家的消费KPI又转向哪里
https://new.qq.com/rain/a/20250103A01EFW00
('list index out of range',)
======
Traceback (most recent call last):
  File "/home/runner/work/qqnews/qqnews/qq.py", line 81, in process_article
    ss = str(tmpbs.select("div.LEFT div.content.clearfix")[0])
             ~~~~~~~~~~~~~~~~~~~~~~~~~~~~~~~~~~~~~~~~~~~~~^^^
IndexError: list index out of range


2025-01-03 04:09:30,681 - ERROR - ERROR
再曝非正常死亡，“指居”制度何去何从？
https://new.qq.com/rain/a/20250103A03HPK00
('list index out of range',)
======
Traceback (most recent call last):
  File "/home/runner/work/qqnews/qqnews/qq.py", line 81, in process_article
    ss = str(tmpbs.select("div.LEFT div.content.clearfix")[0])
             ~~~~~~~~~~~~~~~~~~~~~~~~~~~~~~~~~~~~~~~~~~~~~^^^
IndexError: list index out of range


2025-01-03 04:09:30,907 - ERROR - ERROR
湖南滑翔伞坠落身亡教练家属发声：他有多年经验 不知为何突发意外
https://new.qq.com/rain/a/20250103A02T4200
('list index out of range',)
======
Traceback (most recent call last):
  File "/home/runner/work/qqnews/qqnews/qq.py", line 81, in process_article
    ss = str(tmpbs.select("div.LEFT div.content.clearfix")[0])
             ~~~~~~~~~~~~~~~~~~~~~~~~~~~~~~~~~~~~~~~~~~~~~^^^
IndexError: list index out of range


2025-01-03 04:09:30,973 - ERROR - ERROR
民航局回应近期外航安全事故：强化鸟击风险防范，排查跑道安全隐患
https://new.qq.com/rain/a/20250103A03K2X00
('list index out of range',)
======
Traceback (most recent call last):
  File "/home/runner/work/qqnews/qqnews/qq.py", line 81, in process_article
    ss = str(tmpbs.select("div.LEFT div.content.clearfix")[0])
             ~~~~~~~~~~~~~~~~~~~~~~~~~~~~~~~~~~~~~~~~~~~~~^^^
IndexError: list index out of range


2025-01-03 04:09:31,018 - ERROR - ERROR
官方：樊振东成为凯迪拉克品牌代言人
https://new.qq.com/rain/a/20250103A03TQD00
('list index out of range',)
======
Traceback (most recent call last):
  File "/home/runner/work/qqnews/qqnews/qq.py", line 81, in process_article
    ss = str(tmpbs.select("div.LEFT div.content.clearfix")[0])
             ~~~~~~~~~~~~~~~~~~~~~~~~~~~~~~~~~~~~~~~~~~~~~^^^
IndexError: list index out of range


2025-01-03 04:09:31,189 - ERROR - ERROR
港股公司2024年累计回购2657亿港元，腾讯居首
https://new.qq.com/rain/a/20250103A03OO300
('list index out of range',)
======
Traceback (most recent call last):
  File "/home/runner/work/qqnews/qqnews/qq.py", line 81, in process_article
    ss = str(tmpbs.select("div.LEFT div.content.clearfix")[0])
             ~~~~~~~~~~~~~~~~~~~~~~~~~~~~~~~~~~~~~~~~~~~~~^^^
IndexError: list index out of range


2025-01-03 04:09:31,359 - ERROR - ERROR
体育仲裁中心揭牌成立：强化仲裁保障，对解决足球纠纷有益
https://new.qq.com/rain/a/20250103A03D4N00
('list index out of range',)
======
Traceback (most recent call last):
  File "/home/runner/work/qqnews/qqnews/qq.py", line 81, in process_article
    ss = str(tmpbs.select("div.LEFT div.content.clearfix")[0])
             ~~~~~~~~~~~~~~~~~~~~~~~~~~~~~~~~~~~~~~~~~~~~~^^^
IndexError: list index out of range


2025-01-03 04:09:31,420 - ERROR - ERROR
周亚辉投资笔记：机器人时代的社会结构模型与十年后中国首富预测
https://new.qq.com/rain/a/20250103A0360T00
('list index out of range',)
======
Traceback (most recent call last):
  File "/home/runner/work/qqnews/qqnews/qq.py", line 81, in process_article
    ss = str(tmpbs.select("div.LEFT div.content.clearfix")[0])
             ~~~~~~~~~~~~~~~~~~~~~~~~~~~~~~~~~~~~~~~~~~~~~^^^
IndexError: list index out of range


2025-01-03 04:09:31,457 - ERROR - ERROR
马斯克新年前夕大手笔捐赠特斯拉股票，价值1.12亿美元
https://new.qq.com/rain/a/20250103A01ZHT00
('list index out of range',)
======
Traceback (most recent call last):
  File "/home/runner/work/qqnews/qqnews/qq.py", line 81, in process_article
    ss = str(tmpbs.select("div.LEFT div.content.clearfix")[0])
             ~~~~~~~~~~~~~~~~~~~~~~~~~~~~~~~~~~~~~~~~~~~~~^^^
IndexError: list index out of range


2025-01-03 04:09:31,545 - ERROR - ERROR
显卡可能没那么重要了？中国公司给硅谷好好上了一课
https://new.qq.com/rain/a/20250103A030V100
('list index out of range',)
======
Traceback (most recent call last):
  File "/home/runner/work/qqnews/qqnews/qq.py", line 81, in process_article
    ss = str(tmpbs.select("div.LEFT div.content.clearfix")[0])
             ~~~~~~~~~~~~~~~~~~~~~~~~~~~~~~~~~~~~~~~~~~~~~^^^
IndexError: list index out of range


2025-01-03 04:09:31,771 - ERROR - ERROR
硅谷CEO这一年：有人忙着树立新人设，有人成为AI浪潮里的宠儿
https://new.qq.com/rain/a/20250103A0356B00
('list index out of range',)
======
Traceback (most recent call last):
  File "/home/runner/work/qqnews/qqnews/qq.py", line 81, in process_article
    ss = str(tmpbs.select("div.LEFT div.content.clearfix")[0])
             ~~~~~~~~~~~~~~~~~~~~~~~~~~~~~~~~~~~~~~~~~~~~~^^^
IndexError: list index out of range


2025-01-03 04:09:31,797 - ERROR - ERROR
网友把小红书当百度用后，小红书正内测新搜索功能“问点点”
https://new.qq.com/rain/a/20250103A03F1P00
('list index out of range',)
======
Traceback (most recent call last):
  File "/home/runner/work/qqnews/qqnews/qq.py", line 81, in process_article
    ss = str(tmpbs.select("div.LEFT div.content.clearfix")[0])
             ~~~~~~~~~~~~~~~~~~~~~~~~~~~~~~~~~~~~~~~~~~~~~^^^
IndexError: list index out of range


2025-01-03 04:09:31,943 - ERROR - ERROR
曾批评特朗普的前共和党众议员切尼，获颁总统勋章
https://new.qq.com/rain/a/20250103A01VUW00
('list index out of range',)
======
Traceback (most recent call last):
  File "/home/runner/work/qqnews/qqnews/qq.py", line 81, in process_article
    ss = str(tmpbs.select("div.LEFT div.content.clearfix")[0])
             ~~~~~~~~~~~~~~~~~~~~~~~~~~~~~~~~~~~~~~~~~~~~~^^^
IndexError: list index out of range


2025-01-03 04:09:31,972 - ERROR - ERROR
上海一装修建筑局部坍塌2人送医1人被困，亲历者：以为地震了
https://new.qq.com/rain/a/20250103A03G9I00
('list index out of range',)
======
Traceback (most recent call last):
  File "/home/runner/work/qqnews/qqnews/qq.py", line 81, in process_article
    ss = str(tmpbs.select("div.LEFT div.content.clearfix")[0])
             ~~~~~~~~~~~~~~~~~~~~~~~~~~~~~~~~~~~~~~~~~~~~~^^^
IndexError: list index out of range


2025-01-03 04:09:31,985 - ERROR - ERROR
美国加州一小飞机坠毁已致2死18伤
https://new.qq.com/rain/a/20250103A020DA00
('list index out of range',)
======
Traceback (most recent call last):
  File "/home/runner/work/qqnews/qqnews/qq.py", line 81, in process_article
    ss = str(tmpbs.select("div.LEFT div.content.clearfix")[0])
             ~~~~~~~~~~~~~~~~~~~~~~~~~~~~~~~~~~~~~~~~~~~~~^^^
IndexError: list index out of range


2025-01-03 04:09:32,223 - ERROR - ERROR
德国柏林一警局外发生爆炸2名警员受伤
https://new.qq.com/rain/a/20250103A01TUA00
('list index out of range',)
======
Traceback (most recent call last):
  File "/home/runner/work/qqnews/qqnews/qq.py", line 81, in process_article
    ss = str(tmpbs.select("div.LEFT div.content.clearfix")[0])
             ~~~~~~~~~~~~~~~~~~~~~~~~~~~~~~~~~~~~~~~~~~~~~^^^
IndexError: list index out of range


2025-01-03 04:09:32,228 - ERROR - ERROR
割舍大润发，阿里回血123亿元
https://new.qq.com/rain/a/20250103A02CFR00
('list index out of range',)
======
Traceback (most recent call last):
  File "/home/runner/work/qqnews/qqnews/qq.py", line 81, in process_article
    ss = str(tmpbs.select("div.LEFT div.content.clearfix")[0])
             ~~~~~~~~~~~~~~~~~~~~~~~~~~~~~~~~~~~~~~~~~~~~~^^^
IndexError: list index out of range


2025-01-03 04:09:32,410 - ERROR - ERROR
美股开年不利标普4连跌，特斯拉大跌进入技术性熊市，中概股涨跌互现
https://new.qq.com/rain/a/20250103A01DM600
('list index out of range',)
======
Traceback (most recent call last):
  File "/home/runner/work/qqnews/qqnews/qq.py", line 81, in process_article
    ss = str(tmpbs.select("div.LEFT div.content.clearfix")[0])
             ~~~~~~~~~~~~~~~~~~~~~~~~~~~~~~~~~~~~~~~~~~~~~^^^
IndexError: list index out of range


2025-01-03 04:09:32,419 - ERROR - ERROR
长沙一高中工作人员半夜向老人泼冷水？教育局：责令学校向当事人道歉
https://new.qq.com/rain/a/20250103A01HZW00
('list index out of range',)
======
Traceback (most recent call last):
  File "/home/runner/work/qqnews/qqnews/qq.py", line 81, in process_article
    ss = str(tmpbs.select("div.LEFT div.content.clearfix")[0])
             ~~~~~~~~~~~~~~~~~~~~~~~~~~~~~~~~~~~~~~~~~~~~~^^^
IndexError: list index out of range


2025-01-03 04:09:32,461 - ERROR - ERROR
上海地铁回应“5元卖座”：坚决反对，有类似事件可及时反映或拨打服务热线
https://new.qq.com/rain/a/20250103A00EW500
('list index out of range',)
======
Traceback (most recent call last):
  File "/home/runner/work/qqnews/qqnews/qq.py", line 81, in process_article
    ss = str(tmpbs.select("div.LEFT div.content.clearfix")[0])
             ~~~~~~~~~~~~~~~~~~~~~~~~~~~~~~~~~~~~~~~~~~~~~^^^
IndexError: list index out of range


2025-01-03 04:09:32,666 - ERROR - ERROR
湖南一滑翔伞坠落致2死 官方人士：女性死者29岁 死亡教练系公司法人
https://new.qq.com/rain/a/20250103A01WWY00
('list index out of range',)
======
Traceback (most recent call last):
  File "/home/runner/work/qqnews/qqnews/qq.py", line 81, in process_article
    ss = str(tmpbs.select("div.LEFT div.content.clearfix")[0])
             ~~~~~~~~~~~~~~~~~~~~~~~~~~~~~~~~~~~~~~~~~~~~~^^^
IndexError: list index out of range


2025-01-03 04:09:32,720 - ERROR - ERROR
量贩零食卷向2025：喊出“春节1月抵3月”，加盟商却减少囤货
https://new.qq.com/rain/a/20250103A01KT300
('list index out of range',)
======
Traceback (most recent call last):
  File "/home/runner/work/qqnews/qqnews/qq.py", line 81, in process_article
    ss = str(tmpbs.select("div.LEFT div.content.clearfix")[0])
             ~~~~~~~~~~~~~~~~~~~~~~~~~~~~~~~~~~~~~~~~~~~~~^^^
IndexError: list index out of range


2025-01-03 05:00:49,798 - INFO - EXPIRED
调查追踪｜银行开通储户个人养老金账户被诉，法院：银行存在一定过错
https://new.qq.com/rain/a/20250102A085F500

2025-01-03 05:00:49,799 - INFO - EXPIRED
“上四休三”能全面铺开吗？专家：不太现实 有条件的可设灵活办公日
https://new.qq.com/rain/a/20250102A09VRN00

2025-01-03 05:00:49,799 - INFO - EXPIRED
工艺品店卖春联后被判“违规”遭断电？管理方：店方听不懂好赖话
https://new.qq.com/rain/a/20250102A08XKL00

2025-01-03 05:00:49,799 - INFO - EXPIRED
马斯克称猛禽发动机未来推力将达到300吨，这个水平如何？
https://view.inews.qq.com/a/20250102Q08ZZ300

2025-01-03 05:00:49,799 - INFO - EXPIRED
新势力杀入15万元区间，燃油车急了：今年要给低价车标配智驾
https://new.qq.com/rain/a/20250102A07WPJ00

2025-01-03 05:00:49,799 - INFO - EXPIRED
县城里的数据标注员：“有多少智能，就有多少人工”
https://new.qq.com/rain/a/20250102A09TUP00

2025-01-03 05:00:49,799 - INFO - EXPIRED
离开英伟达，融资超3亿美元，他闯入一条地狱级赛道
https://new.qq.com/rain/a/20250102A05H2T00

2025-01-03 05:00:49,799 - INFO - EXPIRED
40年后，美国公司遗留的377吨毒垃圾离开印度博帕尔
https://new.qq.com/rain/a/20250102A09ZNC00

2025-01-03 05:00:49,799 - INFO - EXPIRED
对话AI科学家刘威：“Ilya预训练终结论”对中国大模型公司影响不大
https://new.qq.com/rain/a/20250102A068OS00

2025-01-03 05:00:49,799 - INFO - EXPIRED
宁夏银川地震为何震感强烈？专家：盆地土层放大地震震动
https://new.qq.com/rain/a/20250102A09QOV00

2025-01-03 05:00:49,799 - INFO - EXPIRED
马上走人了，美商务部还要继续打击中国无人机
https://new.qq.com/rain/a/20250102A09CSA00

2025-01-03 05:00:49,799 - INFO - EXPIRED
乌兹别克斯坦一饲养员遭3头狮子撕咬身亡 疑与女友视频炫耀驯狮时遭袭
https://new.qq.com/rain/a/20250102V09V4Z00

2025-01-03 05:00:49,799 - INFO - EXPIRED
又要进去了，台湾检方抗告成功后法院重审，柯文哲4人全羁押禁见
https://new.qq.com/rain/a/20250102A09VSS00

2025-01-03 05:00:49,799 - INFO - EXPIRED
周涛、董卿再度同框！网友：请你们今晚直接上春晚好吗
https://new.qq.com/rain/a/20250102A060KG00

2025-01-03 05:00:49,799 - INFO - EXPIRED
广东一老人买药材煲汤中毒身亡 当地：店铺误售断肠草，老板被拘留
https://new.qq.com/rain/a/20250102A09GP800

2025-01-03 05:00:49,799 - INFO - EXPIRED
90后父亲杀害智力残疾儿子案判决结果公布，父亲一审被判13年
https://new.qq.com/rain/a/20250102A08GM400

2025-01-03 05:00:49,799 - INFO - EXPIRED
江西南昌梅岭发生山火 消防车已到场救援
https://new.qq.com/rain/a/20250102A09YM300

2025-01-03 05:00:49,799 - INFO - EXPIRED
特斯拉年销量10多年来首现下滑，周四股价收跌超6%
https://new.qq.com/rain/a/20250102A09YLD00

2025-01-03 05:00:49,799 - INFO - EXPIRED
俞敏洪：若知道有这么多让我心烦意乱的事情，绝不开启东方甄选
https://new.qq.com/rain/a/20250102A04WYF00

2025-01-03 05:00:49,799 - INFO - EXPIRED
香港再遇千亿级财政赤字
https://new.qq.com/rain/a/20250102A07X0R00

2025-01-03 05:00:49,799 - INFO - EXPIRED
上海出台《意见》：进一步加强培训机构管理，引导培训市场健康发展
https://new.qq.com/rain/a/20250102A09NQ500

2025-01-03 05:00:49,799 - INFO - EXPIRED
福建最年长老人去世，享年123岁，如何确定超高龄老人的年龄？
https://view.inews.qq.com/a/20250102Q09R9E00

2025-01-03 05:00:49,799 - INFO - EXPIRED
首条中越标准轨铁路2025年开工，越南铁路建设大提速
https://new.qq.com/rain/a/20250102A09OXK00

2025-01-03 05:00:49,799 - INFO - EXPIRED
“女子被前男友泼汽油致残毁容”案一审，男方犯故意杀人罪被判12年
https://new.qq.com/rain/a/20250102A08VJ300

2025-01-03 05:00:49,799 - INFO - EXPIRED
辞旧迎新，被中国军工这波操作硬控了
https://new.qq.com/rain/a/20250102A099OX00

2025-01-03 05:00:49,799 - INFO - EXPIRED
各地2025年首个工作日上演集中开工潮，按下“拼经济”快进键
https://new.qq.com/rain/a/20250102A09E7500

2025-01-03 05:00:49,799 - INFO - EXPIRED
特朗普就职仪式前，刚涨薪62%的美国港口工人又要罢工？
https://new.qq.com/rain/a/20250102A08BWW00

2025-01-03 05:00:49,799 - INFO - EXPIRED
“留下来的都是精英”：金融从业者五年少580万 保险代理人流失最严重
https://new.qq.com/rain/a/20241231A07MPB00

2025-01-03 05:00:49,799 - INFO - EXPIRED
长效HIV疗法国内获批上市，会成为艾滋病“终结者”吗
https://new.qq.com/rain/a/20250102A09BS000

2025-01-03 05:00:49,799 - INFO - EXPIRED
韩国空难机长遇难前伸手细节被拍 最小遇难者一家在泰国最后视频曝光
https://new.qq.com/rain/a/20250102V08LI700

2025-01-03 05:00:49,799 - INFO - EXPIRED
洪都拉斯总统警告特朗普：美军基地可能不保
https://new.qq.com/rain/a/20250102A090M600

2025-01-03 05:00:49,799 - INFO - EXPIRED
中国船舶集团“换帅”  前董事长已两个月未公开露面
https://new.qq.com/rain/a/20241231A090D700

2025-01-03 05:00:49,799 - INFO - EXPIRED
中日，一出好戏即将上演
https://new.qq.com/rain/a/20250102A01NIY00

2025-01-03 05:00:49,799 - INFO - EXPIRED
阿里拟131.38亿港元卖出高鑫零售全部股权，这桩买卖收益如何？
https://view.inews.qq.com/a/20250102Q01ETE00

2025-01-03 05:00:49,799 - INFO - EXPIRED
云南元谋“隔空劫杀案”当事人被误判近22年：被抓时曾被刑讯逼供
https://new.qq.com/rain/a/20250102A096OY00

2025-01-03 05:00:49,799 - INFO - EXPIRED
刘强东又要给老家村民发钱了！60岁以上每人10000元
https://new.qq.com/rain/a/20250102A05YBH00

2025-01-03 05:00:49,799 - INFO - EXPIRED
监管部门指导上市公司1月15号之前释放全部利空？证监会：谣言
https://new.qq.com/rain/a/20250102A08VMS00

2025-01-03 05:00:49,799 - INFO - EXPIRED
辽宁营口一装载易燃金属粉末的重型半挂车发生自燃起火，致2死2伤
https://new.qq.com/rain/a/20250102A090DD00

2025-01-03 05:00:49,799 - INFO - EXPIRED
李强在山东调研
https://new.qq.com/rain/a/20250102A08SF800

2025-01-03 05:00:49,799 - INFO - EXPIRED
贵州省市场监管局局长丁雄军被查：曾任茅台董事长，上周还在主持会议
https://new.qq.com/rain/a/20250102A08GWL00

2025-01-03 05:00:49,799 - INFO - EXPIRED
完成既定目标！贵州茅台预计2024年营收1738亿元，净利润857亿元
https://new.qq.com/rain/a/20250102A08KXE00

2025-01-03 05:00:49,799 - INFO - EXPIRED
长沙八旬老人因合同经济纠纷睡学校食堂被泼冷水惊醒 多方回应
https://new.qq.com/rain/a/20250102V07JIF00

2025-01-03 05:00:49,799 - INFO - EXPIRED
26岁小伙突发脑梗，医生称和背包有关，为何负重会引发脑梗？
https://view.inews.qq.com/a/20250102Q03N1W00

2025-01-03 05:00:49,800 - INFO - EXPIRED
“军方也干了”，韩在野党称韩军放飞气球企图诱使“朝鲜挑衅”
https://new.qq.com/rain/a/20250102A08J4I00

2025-01-03 05:00:49,800 - INFO - EXPIRED
女游客玩滑翔伞疑掉水帘洞，和教练双双遇难，暴露什么安全问题？
https://view.inews.qq.com/a/20250102Q07SWB00

2025-01-03 05:00:49,800 - INFO - EXPIRED
除了受贿还伪造部队证件，上海公安学院原副院长李锦明获刑11年半
https://new.qq.com/rain/a/20250102A08CV100

2025-01-03 05:00:49,800 - INFO - EXPIRED
赵露思公布病情，病例诊断为“分离(转换)性障碍”，这是什么病？
https://view.inews.qq.com/a/20250102Q065Q200

2025-01-03 05:00:49,800 - INFO - EXPIRED
一片药降到几分钱，我们该担心吗？
https://new.qq.com/rain/a/20250102A08CRM00

2025-01-03 05:00:49,800 - INFO - EXPIRED
山西大同，产科保洁牵出地下贩婴链条
https://new.qq.com/rain/a/20250102A04KR000

2025-01-03 05:00:49,800 - INFO - EXPIRED
杭州跨年夜后西湖树上挂满气球，当地：清理一棵树要半小时
https://new.qq.com/rain/a/20250102A06T6M00

2025-01-03 05:00:49,800 - INFO - EXPIRED
四川一老人过124岁生日，最喜欢吃猪油拌饭，这和长寿有关吗？
https://view.inews.qq.com/a/20250101Q06VCQ00

2025-01-03 05:00:49,800 - INFO - EXPIRED
李殿勋任湖北省代省长
https://new.qq.com/rain/a/20250102A083T000

2025-01-03 05:00:49,800 - INFO - EXPIRED
上天入海 热血集结！60秒看2025全军超燃开训
https://new.qq.com/rain/a/20250102A0527000

2025-01-03 05:00:49,800 - INFO - EXPIRED
跨年夜江苏徐州2人爬公交站顶棚放烟花，警方：治安拘留
https://new.qq.com/rain/a/20250102A089F700

2025-01-03 05:00:49,800 - INFO - EXPIRED
A股增量资金来了！央行启动了第二次互换便利操作 操作金额为550亿元
https://new.qq.com/rain/a/20250102A07BFP00

2025-01-03 05:00:49,800 - INFO - EXPIRED
超百位宝骏悦也车主遭遇“刹车失灵”，官方未正式回应
https://new.qq.com/rain/a/20250102A0676I00

2025-01-03 05:00:49,800 - INFO - EXPIRED
4.6级！宁夏银川再次发生地震，网友：一天两次，震感更厉害了
https://new.qq.com/rain/a/20250102A078EF00

2025-01-03 05:00:49,800 - INFO - EXPIRED
商务部：将通用动力公司等28家美国实体列入出口管制管控名单
https://new.qq.com/rain/a/20250102A06EJT00

2025-01-03 05:00:49,800 - INFO - EXPIRED
男子进山捕鱼疑被当猎物枪杀案将开庭：一嫌疑人多次担任打猎向导
https://new.qq.com/rain/a/20250102A06RO300

2025-01-03 05:00:49,800 - INFO - EXPIRED
成品油价迎新年“第一涨”，加满一箱油多花2.5元
https://new.qq.com/rain/a/20250102A06ZXH00

2025-01-03 05:00:49,800 - INFO - EXPIRED
网传贵州毕节一村干部强行霸占土地还拖拽村民，现场视频曝光
https://new.qq.com/rain/a/20250102V05WNA00

2025-01-03 05:00:49,800 - INFO - EXPIRED
宁夏地震局：近几日银川永宁地震原震区及附近可能发生4至5级地震
https://new.qq.com/rain/a/20250102A05GC700

2025-01-03 05:00:49,800 - INFO - EXPIRED
“坐一次800元”，湖南衡山一滑翔伞突然坠伞，女大学生和驾驶员身亡
https://new.qq.com/rain/a/20250102A05ITV00

2025-01-03 05:00:49,800 - INFO - EXPIRED
俄终止过境乌向欧洲输送天然气，欧洲怎么保证能源供应？
https://view.inews.qq.com/a/20250102Q03YAI00

2025-01-03 05:00:49,800 - INFO - EXPIRED
15岁女孩生下男婴，被医院产科主任介绍卖了6.8万元？山西大同回应
https://new.qq.com/rain/a/20250102A04MR100

2025-01-03 05:00:49,800 - INFO - EXPIRED
乌议员披露：泽连斯基办公室差点被击中
https://new.qq.com/rain/a/20250102A053M000

2025-01-03 05:00:51,050 - ERROR - ERROR
马斯克指控拜登“100%叛国”
https://new.qq.com/rain/a/20250103A03O9U00
('list index out of range',)
======
Traceback (most recent call last):
  File "/home/runner/work/qqnews/qqnews/qq.py", line 81, in process_article
    ss = str(tmpbs.select("div.LEFT div.content.clearfix")[0])
             ~~~~~~~~~~~~~~~~~~~~~~~~~~~~~~~~~~~~~~~~~~~~~^^^
IndexError: list index out of range


2025-01-03 05:00:51,054 - ERROR - ERROR
福建最长寿老人今日出殡 膝下子孙100多人 村干部：老人100岁还能自理
https://new.qq.com/rain/a/20250103A03D6G00
('list index out of range',)
======
Traceback (most recent call last):
  File "/home/runner/work/qqnews/qqnews/qq.py", line 81, in process_article
    ss = str(tmpbs.select("div.LEFT div.content.clearfix")[0])
             ~~~~~~~~~~~~~~~~~~~~~~~~~~~~~~~~~~~~~~~~~~~~~^^^
IndexError: list index out of range


2025-01-03 05:00:51,065 - ERROR - ERROR
要么恢复俄气过境，要么赔钱！斯洛伐克威胁将报复乌克兰
https://new.qq.com/rain/a/20250103A01NZE00
('list index out of range',)
======
Traceback (most recent call last):
  File "/home/runner/work/qqnews/qqnews/qq.py", line 81, in process_article
    ss = str(tmpbs.select("div.LEFT div.content.clearfix")[0])
             ~~~~~~~~~~~~~~~~~~~~~~~~~~~~~~~~~~~~~~~~~~~~~^^^
IndexError: list index out of range


2025-01-03 05:00:51,073 - ERROR - ERROR
国家发改委：适当提高退休人员基本养老金和城乡居民基础养老金
https://new.qq.com/rain/a/20250103A0326S00
('list index out of range',)
======
Traceback (most recent call last):
  File "/home/runner/work/qqnews/qqnews/qq.py", line 81, in process_article
    ss = str(tmpbs.select("div.LEFT div.content.clearfix")[0])
             ~~~~~~~~~~~~~~~~~~~~~~~~~~~~~~~~~~~~~~~~~~~~~^^^
IndexError: list index out of range


2025-01-03 05:00:51,157 - ERROR - ERROR
韩调查人员尝试逮捕尹锡悦，与总统警卫对峙数小时，为何不硬闯？
https://view.inews.qq.com/a/20250103Q0386300
('list index out of range',)
======
Traceback (most recent call last):
  File "/home/runner/work/qqnews/qqnews/qq.py", line 81, in process_article
    ss = str(tmpbs.select("div.LEFT div.content.clearfix")[0])
             ~~~~~~~~~~~~~~~~~~~~~~~~~~~~~~~~~~~~~~~~~~~~~^^^
IndexError: list index out of range


2025-01-03 05:00:51,637 - ERROR - ERROR
双色球2025年首期开奖，广州一站点开出超5亿大奖，广州福彩回应
https://new.qq.com/rain/a/20250103A04DX900
('list index out of range',)
======
Traceback (most recent call last):
  File "/home/runner/work/qqnews/qqnews/qq.py", line 81, in process_article
    ss = str(tmpbs.select("div.LEFT div.content.clearfix")[0])
             ~~~~~~~~~~~~~~~~~~~~~~~~~~~~~~~~~~~~~~~~~~~~~^^^
IndexError: list index out of range


2025-01-03 05:00:51,735 - ERROR - ERROR
男子认亲16年发现“亲爹”是假的：当时说我是他私生子 先后被收养7次
https://new.qq.com/rain/a/20250103A04B4S00
('list index out of range',)
======
Traceback (most recent call last):
  File "/home/runner/work/qqnews/qqnews/qq.py", line 81, in process_article
    ss = str(tmpbs.select("div.LEFT div.content.clearfix")[0])
             ~~~~~~~~~~~~~~~~~~~~~~~~~~~~~~~~~~~~~~~~~~~~~^^^
IndexError: list index out of range


2025-01-03 05:00:51,795 - ERROR - ERROR
上海汉庭酒店局部坍塌？工作人员：隔壁楼装修倒塌受牵连 有住客送医
https://new.qq.com/rain/a/20250103V03DQ600
('list index out of range',)
======
Traceback (most recent call last):
  File "/home/runner/work/qqnews/qqnews/qq.py", line 81, in process_article
    ss = str(tmpbs.select("div.LEFT div.content.clearfix")[0])
             ~~~~~~~~~~~~~~~~~~~~~~~~~~~~~~~~~~~~~~~~~~~~~^^^
IndexError: list index out of range


2025-01-03 05:00:51,909 - ERROR - ERROR
日本人多次被美国拒绝入境，知名人士也未幸免
https://new.qq.com/rain/a/20250103A01DT400
('list index out of range',)
======
Traceback (most recent call last):
  File "/home/runner/work/qqnews/qqnews/qq.py", line 81, in process_article
    ss = str(tmpbs.select("div.LEFT div.content.clearfix")[0])
             ~~~~~~~~~~~~~~~~~~~~~~~~~~~~~~~~~~~~~~~~~~~~~^^^
IndexError: list index out of range


2025-01-03 05:00:51,986 - ERROR - ERROR
石嘴山市蓝天救援队回应“志愿者发布地震假消息”：公安已介入，当事人是新队员
https://new.qq.com/rain/a/20250103A03TR800
('list index out of range',)
======
Traceback (most recent call last):
  File "/home/runner/work/qqnews/qqnews/qq.py", line 81, in process_article
    ss = str(tmpbs.select("div.LEFT div.content.clearfix")[0])
             ~~~~~~~~~~~~~~~~~~~~~~~~~~~~~~~~~~~~~~~~~~~~~^^^
IndexError: list index out of range


2025-01-03 05:00:52,372 - ERROR - ERROR
是否会再竞选总统？泽连斯基回应 
https://new.qq.com/rain/a/20250103A02WPV00
('list index out of range',)
======
Traceback (most recent call last):
  File "/home/runner/work/qqnews/qqnews/qq.py", line 81, in process_article
    ss = str(tmpbs.select("div.LEFT div.content.clearfix")[0])
             ~~~~~~~~~~~~~~~~~~~~~~~~~~~~~~~~~~~~~~~~~~~~~^^^
IndexError: list index out of range


2025-01-03 05:00:52,457 - ERROR - ERROR
微信语音消息能倍速播放了！腾讯客服：微信版本升级后，可在语音气泡旁选择倍速播放
https://new.qq.com/rain/a/20250103A038SI00
('list index out of range',)
======
Traceback (most recent call last):
  File "/home/runner/work/qqnews/qqnews/qq.py", line 81, in process_article
    ss = str(tmpbs.select("div.LEFT div.content.clearfix")[0])
             ~~~~~~~~~~~~~~~~~~~~~~~~~~~~~~~~~~~~~~~~~~~~~^^^
IndexError: list index out of range


2025-01-03 05:00:52,587 - ERROR - ERROR
民航局回应近期外航安全事故：强化鸟击风险防范，排查跑道安全隐患
https://new.qq.com/rain/a/20250103A03K2X00
('list index out of range',)
======
Traceback (most recent call last):
  File "/home/runner/work/qqnews/qqnews/qq.py", line 81, in process_article
    ss = str(tmpbs.select("div.LEFT div.content.clearfix")[0])
             ~~~~~~~~~~~~~~~~~~~~~~~~~~~~~~~~~~~~~~~~~~~~~^^^
IndexError: list index out of range


2025-01-03 05:00:52,726 - ERROR - ERROR
电影“失宠”，票房回到十年前，2025年大家的消费KPI又转向哪里
https://new.qq.com/rain/a/20250103A01EFW00
('list index out of range',)
======
Traceback (most recent call last):
  File "/home/runner/work/qqnews/qqnews/qq.py", line 81, in process_article
    ss = str(tmpbs.select("div.LEFT div.content.clearfix")[0])
             ~~~~~~~~~~~~~~~~~~~~~~~~~~~~~~~~~~~~~~~~~~~~~^^^
IndexError: list index out of range


2025-01-03 05:00:53,097 - ERROR - ERROR
湖南滑翔伞坠落身亡教练家属发声：他有多年经验 不知为何突发意外
https://new.qq.com/rain/a/20250103A02T4200
('list index out of range',)
======
Traceback (most recent call last):
  File "/home/runner/work/qqnews/qqnews/qq.py", line 81, in process_article
    ss = str(tmpbs.select("div.LEFT div.content.clearfix")[0])
             ~~~~~~~~~~~~~~~~~~~~~~~~~~~~~~~~~~~~~~~~~~~~~^^^
IndexError: list index out of range


2025-01-03 05:00:53,225 - ERROR - ERROR
体育仲裁中心揭牌成立：强化仲裁保障，对解决足球纠纷有益
https://new.qq.com/rain/a/20250103A03D4N00
('list index out of range',)
======
Traceback (most recent call last):
  File "/home/runner/work/qqnews/qqnews/qq.py", line 81, in process_article
    ss = str(tmpbs.select("div.LEFT div.content.clearfix")[0])
             ~~~~~~~~~~~~~~~~~~~~~~~~~~~~~~~~~~~~~~~~~~~~~^^^
IndexError: list index out of range


2025-01-03 05:00:53,241 - ERROR - ERROR
官方：樊振东成为凯迪拉克品牌代言人
https://new.qq.com/rain/a/20250103A03TQD00
('list index out of range',)
======
Traceback (most recent call last):
  File "/home/runner/work/qqnews/qqnews/qq.py", line 81, in process_article
    ss = str(tmpbs.select("div.LEFT div.content.clearfix")[0])
             ~~~~~~~~~~~~~~~~~~~~~~~~~~~~~~~~~~~~~~~~~~~~~^^^
IndexError: list index out of range


2025-01-03 05:00:53,419 - ERROR - ERROR
港股公司2024年累计回购2657亿港元，腾讯居首
https://new.qq.com/rain/a/20250103A03OO300
('list index out of range',)
======
Traceback (most recent call last):
  File "/home/runner/work/qqnews/qqnews/qq.py", line 81, in process_article
    ss = str(tmpbs.select("div.LEFT div.content.clearfix")[0])
             ~~~~~~~~~~~~~~~~~~~~~~~~~~~~~~~~~~~~~~~~~~~~~^^^
IndexError: list index out of range


2025-01-03 05:00:53,425 - ERROR - ERROR
再曝非正常死亡，“指居”制度何去何从？
https://new.qq.com/rain/a/20250103A03HPK00
('list index out of range',)
======
Traceback (most recent call last):
  File "/home/runner/work/qqnews/qqnews/qq.py", line 81, in process_article
    ss = str(tmpbs.select("div.LEFT div.content.clearfix")[0])
             ~~~~~~~~~~~~~~~~~~~~~~~~~~~~~~~~~~~~~~~~~~~~~^^^
IndexError: list index out of range


2025-01-03 05:00:53,936 - ERROR - ERROR
周亚辉投资笔记：机器人时代的社会结构模型与十年后中国首富预测
https://new.qq.com/rain/a/20250103A0360T00
('list index out of range',)
======
Traceback (most recent call last):
  File "/home/runner/work/qqnews/qqnews/qq.py", line 81, in process_article
    ss = str(tmpbs.select("div.LEFT div.content.clearfix")[0])
             ~~~~~~~~~~~~~~~~~~~~~~~~~~~~~~~~~~~~~~~~~~~~~^^^
IndexError: list index out of range


2025-01-03 05:00:53,997 - ERROR - ERROR
马斯克新年前夕大手笔捐赠特斯拉股票，价值1.12亿美元
https://new.qq.com/rain/a/20250103A01ZHT00
('list index out of range',)
======
Traceback (most recent call last):
  File "/home/runner/work/qqnews/qqnews/qq.py", line 81, in process_article
    ss = str(tmpbs.select("div.LEFT div.content.clearfix")[0])
             ~~~~~~~~~~~~~~~~~~~~~~~~~~~~~~~~~~~~~~~~~~~~~^^^
IndexError: list index out of range


2025-01-03 05:00:54,149 - ERROR - ERROR
显卡可能没那么重要了？中国公司给硅谷好好上了一课
https://new.qq.com/rain/a/20250103A030V100
('list index out of range',)
======
Traceback (most recent call last):
  File "/home/runner/work/qqnews/qqnews/qq.py", line 81, in process_article
    ss = str(tmpbs.select("div.LEFT div.content.clearfix")[0])
             ~~~~~~~~~~~~~~~~~~~~~~~~~~~~~~~~~~~~~~~~~~~~~^^^
IndexError: list index out of range


2025-01-03 05:00:54,163 - ERROR - ERROR
网友把小红书当百度用后，小红书正内测新搜索功能“问点点”
https://new.qq.com/rain/a/20250103A03F1P00
('list index out of range',)
======
Traceback (most recent call last):
  File "/home/runner/work/qqnews/qqnews/qq.py", line 81, in process_article
    ss = str(tmpbs.select("div.LEFT div.content.clearfix")[0])
             ~~~~~~~~~~~~~~~~~~~~~~~~~~~~~~~~~~~~~~~~~~~~~^^^
IndexError: list index out of range


2025-01-03 05:00:54,468 - ERROR - ERROR
硅谷CEO这一年：有人忙着树立新人设，有人成为AI浪潮里的宠儿
https://new.qq.com/rain/a/20250103A0356B00
('list index out of range',)
======
Traceback (most recent call last):
  File "/home/runner/work/qqnews/qqnews/qq.py", line 81, in process_article
    ss = str(tmpbs.select("div.LEFT div.content.clearfix")[0])
             ~~~~~~~~~~~~~~~~~~~~~~~~~~~~~~~~~~~~~~~~~~~~~^^^
IndexError: list index out of range


2025-01-03 05:00:54,610 - ERROR - ERROR
曾批评特朗普的前共和党众议员切尼，获颁总统勋章
https://new.qq.com/rain/a/20250103A01VUW00
('list index out of range',)
======
Traceback (most recent call last):
  File "/home/runner/work/qqnews/qqnews/qq.py", line 81, in process_article
    ss = str(tmpbs.select("div.LEFT div.content.clearfix")[0])
             ~~~~~~~~~~~~~~~~~~~~~~~~~~~~~~~~~~~~~~~~~~~~~^^^
IndexError: list index out of range


2025-01-03 05:00:54,745 - ERROR - ERROR
上海一装修建筑局部坍塌2人送医1人被困，亲历者：以为地震了
https://new.qq.com/rain/a/20250103A03G9I00
('list index out of range',)
======
Traceback (most recent call last):
  File "/home/runner/work/qqnews/qqnews/qq.py", line 81, in process_article
    ss = str(tmpbs.select("div.LEFT div.content.clearfix")[0])
             ~~~~~~~~~~~~~~~~~~~~~~~~~~~~~~~~~~~~~~~~~~~~~^^^
IndexError: list index out of range


2025-01-03 05:00:54,754 - ERROR - ERROR
美国加州一小飞机坠毁已致2死18伤
https://new.qq.com/rain/a/20250103A020DA00
('list index out of range',)
======
Traceback (most recent call last):
  File "/home/runner/work/qqnews/qqnews/qq.py", line 81, in process_article
    ss = str(tmpbs.select("div.LEFT div.content.clearfix")[0])
             ~~~~~~~~~~~~~~~~~~~~~~~~~~~~~~~~~~~~~~~~~~~~~^^^
IndexError: list index out of range


2025-01-03 05:00:54,882 - ERROR - ERROR
割舍大润发，阿里回血123亿元
https://new.qq.com/rain/a/20250103A02CFR00
('list index out of range',)
======
Traceback (most recent call last):
  File "/home/runner/work/qqnews/qqnews/qq.py", line 81, in process_article
    ss = str(tmpbs.select("div.LEFT div.content.clearfix")[0])
             ~~~~~~~~~~~~~~~~~~~~~~~~~~~~~~~~~~~~~~~~~~~~~^^^
IndexError: list index out of range


2025-01-03 05:00:55,270 - ERROR - ERROR
德国柏林一警局外发生爆炸2名警员受伤
https://new.qq.com/rain/a/20250103A01TUA00
('list index out of range',)
======
Traceback (most recent call last):
  File "/home/runner/work/qqnews/qqnews/qq.py", line 81, in process_article
    ss = str(tmpbs.select("div.LEFT div.content.clearfix")[0])
             ~~~~~~~~~~~~~~~~~~~~~~~~~~~~~~~~~~~~~~~~~~~~~^^^
IndexError: list index out of range


2025-01-03 05:00:55,366 - ERROR - ERROR
上海地铁回应“5元卖座”：坚决反对，有类似事件可及时反映或拨打服务热线
https://new.qq.com/rain/a/20250103A00EW500
('list index out of range',)
======
Traceback (most recent call last):
  File "/home/runner/work/qqnews/qqnews/qq.py", line 81, in process_article
    ss = str(tmpbs.select("div.LEFT div.content.clearfix")[0])
             ~~~~~~~~~~~~~~~~~~~~~~~~~~~~~~~~~~~~~~~~~~~~~^^^
IndexError: list index out of range


2025-01-03 05:00:55,415 - ERROR - ERROR
长沙一高中工作人员半夜向老人泼冷水？教育局：责令学校向当事人道歉
https://new.qq.com/rain/a/20250103A01HZW00
('list index out of range',)
======
Traceback (most recent call last):
  File "/home/runner/work/qqnews/qqnews/qq.py", line 81, in process_article
    ss = str(tmpbs.select("div.LEFT div.content.clearfix")[0])
             ~~~~~~~~~~~~~~~~~~~~~~~~~~~~~~~~~~~~~~~~~~~~~^^^
IndexError: list index out of range


2025-01-03 05:00:55,492 - ERROR - ERROR
美股开年不利标普4连跌，特斯拉大跌进入技术性熊市，中概股涨跌互现
https://new.qq.com/rain/a/20250103A01DM600
('list index out of range',)
======
Traceback (most recent call last):
  File "/home/runner/work/qqnews/qqnews/qq.py", line 81, in process_article
    ss = str(tmpbs.select("div.LEFT div.content.clearfix")[0])
             ~~~~~~~~~~~~~~~~~~~~~~~~~~~~~~~~~~~~~~~~~~~~~^^^
IndexError: list index out of range


2025-01-03 05:00:55,604 - ERROR - ERROR
量贩零食卷向2025：喊出“春节1月抵3月”，加盟商却减少囤货
https://new.qq.com/rain/a/20250103A01KT300
('list index out of range',)
======
Traceback (most recent call last):
  File "/home/runner/work/qqnews/qqnews/qq.py", line 81, in process_article
    ss = str(tmpbs.select("div.LEFT div.content.clearfix")[0])
             ~~~~~~~~~~~~~~~~~~~~~~~~~~~~~~~~~~~~~~~~~~~~~^^^
IndexError: list index out of range


2025-01-03 05:00:56,058 - ERROR - ERROR
湖南一滑翔伞坠落致2死 官方人士：女性死者29岁 死亡教练系公司法人
https://new.qq.com/rain/a/20250103A01WWY00
('list index out of range',)
======
Traceback (most recent call last):
  File "/home/runner/work/qqnews/qqnews/qq.py", line 81, in process_article
    ss = str(tmpbs.select("div.LEFT div.content.clearfix")[0])
             ~~~~~~~~~~~~~~~~~~~~~~~~~~~~~~~~~~~~~~~~~~~~~^^^
IndexError: list index out of range


