2026-04-06 01:08:11,017 - INFO - Total time taken: {'ret': 0, 'msg': 'success', 'data': None}
2026-04-06 01:08:11,017 - INFO - 'NoneType' object is not subscriptable
2026-04-06 01:08:11,018 - INFO - Traceback (most recent call last):
  File "/home/runner/work/qqnews/qqnews/qq.py", line 128, in main
    for i in qq1["data"]["list"]:
             ~~~~~~~~~~~^^^^^^^^
TypeError: 'NoneType' object is not subscriptable

2026-04-06 04:31:57,622 - INFO - Total time taken: {'ret': 0, 'msg': 'success', 'data': None}
2026-04-06 04:31:57,622 - INFO - 'NoneType' object is not subscriptable
2026-04-06 04:31:57,622 - INFO - Traceback (most recent call last):
  File "/home/runner/work/qqnews/qqnews/qq.py", line 128, in main
    for i in qq1["data"]["list"]:
             ~~~~~~~~~~~^^^^^^^^
TypeError: 'NoneType' object is not subscriptable

2026-04-06 06:22:30,970 - INFO - Total time taken: {'ret': 0, 'msg': 'success', 'data': None}
2026-04-06 06:22:30,970 - INFO - 'NoneType' object is not subscriptable
2026-04-06 06:22:30,971 - INFO - Traceback (most recent call last):
  File "/home/runner/work/qqnews/qqnews/qq.py", line 128, in main
    for i in qq1["data"]["list"]:
             ~~~~~~~~~~~^^^^^^^^
TypeError: 'NoneType' object is not subscriptable

