2026-06-14 02:06:29,101 - INFO - Total time taken: {'ret': 0, 'msg': 'success', 'data': None}
2026-06-14 02:06:29,102 - INFO - 'NoneType' object is not subscriptable
2026-06-14 02:06:29,102 - INFO - Traceback (most recent call last):
  File "/home/runner/work/qqnews/qqnews/qq.py", line 128, in main
    for i in qq1["data"]["list"]:
             ~~~~~~~~~~~^^^^^^^^
TypeError: 'NoneType' object is not subscriptable

2026-06-14 07:10:49,769 - INFO - Total time taken: {'ret': 0, 'msg': 'success', 'data': None}
2026-06-14 07:10:49,769 - INFO - 'NoneType' object is not subscriptable
2026-06-14 07:10:49,769 - INFO - Traceback (most recent call last):
  File "/home/runner/work/qqnews/qqnews/qq.py", line 128, in main
    for i in qq1["data"]["list"]:
             ~~~~~~~~~~~^^^^^^^^
TypeError: 'NoneType' object is not subscriptable

2026-06-14 10:41:01,690 - INFO - Total time taken: {'ret': 0, 'msg': 'success', 'data': None}
2026-06-14 10:41:01,691 - INFO - 'NoneType' object is not subscriptable
2026-06-14 10:41:01,691 - INFO - Traceback (most recent call last):
  File "/home/runner/work/qqnews/qqnews/qq.py", line 128, in main
    for i in qq1["data"]["list"]:
             ~~~~~~~~~~~^^^^^^^^
TypeError: 'NoneType' object is not subscriptable

2026-06-14 12:30:10,928 - INFO - Total time taken: {'ret': 0, 'msg': 'success', 'data': None}
2026-06-14 12:30:10,929 - INFO - 'NoneType' object is not subscriptable
2026-06-14 12:30:10,929 - INFO - Traceback (most recent call last):
  File "/home/runner/work/qqnews/qqnews/qq.py", line 128, in main
    for i in qq1["data"]["list"]:
             ~~~~~~~~~~~^^^^^^^^
TypeError: 'NoneType' object is not subscriptable

2026-06-14 15:01:16,976 - INFO - Total time taken: {'ret': 0, 'msg': 'success', 'data': None}
2026-06-14 15:01:16,976 - INFO - 'NoneType' object is not subscriptable
2026-06-14 15:01:16,977 - INFO - Traceback (most recent call last):
  File "/home/runner/work/qqnews/qqnews/qq.py", line 128, in main
    for i in qq1["data"]["list"]:
             ~~~~~~~~~~~^^^^^^^^
TypeError: 'NoneType' object is not subscriptable

2026-06-14 17:04:30,252 - INFO - Total time taken: {'ret': 0, 'msg': 'success', 'data': None}
2026-06-14 17:04:30,252 - INFO - 'NoneType' object is not subscriptable
2026-06-14 17:04:30,253 - INFO - Traceback (most recent call last):
  File "/home/runner/work/qqnews/qqnews/qq.py", line 128, in main
    for i in qq1["data"]["list"]:
             ~~~~~~~~~~~^^^^^^^^
TypeError: 'NoneType' object is not subscriptable

2026-06-14 19:01:58,998 - INFO - Total time taken: {'ret': 0, 'msg': 'success', 'data': None}
2026-06-14 19:01:58,998 - INFO - 'NoneType' object is not subscriptable
2026-06-14 19:01:58,998 - INFO - Traceback (most recent call last):
  File "/home/runner/work/qqnews/qqnews/qq.py", line 128, in main
    for i in qq1["data"]["list"]:
             ~~~~~~~~~~~^^^^^^^^
TypeError: 'NoneType' object is not subscriptable

2026-06-14 20:55:25,282 - INFO - Total time taken: {'ret': 0, 'msg': 'success', 'data': None}
2026-06-14 20:55:25,282 - INFO - 'NoneType' object is not subscriptable
2026-06-14 20:55:25,283 - INFO - Traceback (most recent call last):
  File "/home/runner/work/qqnews/qqnews/qq.py", line 128, in main
    for i in qq1["data"]["list"]:
             ~~~~~~~~~~~^^^^^^^^
TypeError: 'NoneType' object is not subscriptable

