2026-02-12 00:58:38,692 - INFO - Total time taken: {'ret': 0, 'msg': 'success', 'data': None}
2026-02-12 00:58:38,693 - INFO - 'NoneType' object is not subscriptable
2026-02-12 00:58:38,693 - INFO - Traceback (most recent call last):
  File "/home/runner/work/qqnews/qqnews/qq.py", line 128, in main
    for i in qq1["data"]["list"]:
             ~~~~~~~~~~~^^^^^^^^
TypeError: 'NoneType' object is not subscriptable

2026-02-12 03:39:35,514 - INFO - Total time taken: {'ret': 0, 'msg': 'success', 'data': None}
2026-02-12 03:39:35,514 - INFO - 'NoneType' object is not subscriptable
2026-02-12 03:39:35,515 - INFO - Traceback (most recent call last):
  File "/home/runner/work/qqnews/qqnews/qq.py", line 128, in main
    for i in qq1["data"]["list"]:
             ~~~~~~~~~~~^^^^^^^^
TypeError: 'NoneType' object is not subscriptable

2026-02-12 05:19:10,041 - INFO - Total time taken: {'ret': 0, 'msg': 'success', 'data': None}
2026-02-12 05:19:10,041 - INFO - 'NoneType' object is not subscriptable
2026-02-12 05:19:10,041 - INFO - Traceback (most recent call last):
  File "/home/runner/work/qqnews/qqnews/qq.py", line 128, in main
    for i in qq1["data"]["list"]:
             ~~~~~~~~~~~^^^^^^^^
TypeError: 'NoneType' object is not subscriptable

2026-02-12 06:44:59,878 - INFO - Total time taken: {'ret': 0, 'msg': 'success', 'data': None}
2026-02-12 06:44:59,878 - INFO - 'NoneType' object is not subscriptable
2026-02-12 06:44:59,879 - INFO - Traceback (most recent call last):
  File "/home/runner/work/qqnews/qqnews/qq.py", line 128, in main
    for i in qq1["data"]["list"]:
             ~~~~~~~~~~~^^^^^^^^
TypeError: 'NoneType' object is not subscriptable

2026-02-12 07:42:13,723 - INFO - Total time taken: {'ret': 0, 'msg': 'success', 'data': None}
2026-02-12 07:42:13,723 - INFO - 'NoneType' object is not subscriptable
2026-02-12 07:42:13,723 - INFO - Traceback (most recent call last):
  File "/home/runner/work/qqnews/qqnews/qq.py", line 128, in main
    for i in qq1["data"]["list"]:
             ~~~~~~~~~~~^^^^^^^^
TypeError: 'NoneType' object is not subscriptable

2026-02-12 08:30:33,480 - INFO - Total time taken: {'ret': 0, 'msg': 'success', 'data': None}
2026-02-12 08:30:33,480 - INFO - 'NoneType' object is not subscriptable
2026-02-12 08:30:33,481 - INFO - Traceback (most recent call last):
  File "/home/runner/work/qqnews/qqnews/qq.py", line 128, in main
    for i in qq1["data"]["list"]:
             ~~~~~~~~~~~^^^^^^^^
TypeError: 'NoneType' object is not subscriptable

