2025-09-24 00:38:43,051 - INFO - Total time taken: {'ret': 0, 'msg': 'success', 'data': None}
2025-09-24 00:38:43,051 - INFO - 'NoneType' object is not subscriptable
2025-09-24 00:38:43,051 - INFO - Traceback (most recent call last):
  File "/home/runner/work/qqnews/qqnews/qq.py", line 128, in main
    for i in qq1["data"]["list"]:
             ~~~~~~~~~~~^^^^^^^^
TypeError: 'NoneType' object is not subscriptable

2025-09-24 02:15:04,507 - INFO - Total time taken: {'ret': 0, 'msg': 'success', 'data': None}
2025-09-24 02:15:04,507 - INFO - 'NoneType' object is not subscriptable
2025-09-24 02:15:04,508 - INFO - Traceback (most recent call last):
  File "/home/runner/work/qqnews/qqnews/qq.py", line 128, in main
    for i in qq1["data"]["list"]:
             ~~~~~~~~~~~^^^^^^^^
TypeError: 'NoneType' object is not subscriptable

2025-09-24 03:23:55,215 - INFO - Total time taken: {'ret': 0, 'msg': 'success', 'data': None}
2025-09-24 03:23:55,215 - INFO - 'NoneType' object is not subscriptable
2025-09-24 03:23:55,215 - INFO - Traceback (most recent call last):
  File "/home/runner/work/qqnews/qqnews/qq.py", line 128, in main
    for i in qq1["data"]["list"]:
             ~~~~~~~~~~~^^^^^^^^
TypeError: 'NoneType' object is not subscriptable

2025-09-24 04:01:16,454 - INFO - Total time taken: {'ret': 0, 'msg': 'success', 'data': None}
2025-09-24 04:01:16,455 - INFO - 'NoneType' object is not subscriptable
2025-09-24 04:01:16,455 - INFO - Traceback (most recent call last):
  File "/home/runner/work/qqnews/qqnews/qq.py", line 128, in main
    for i in qq1["data"]["list"]:
             ~~~~~~~~~~~^^^^^^^^
TypeError: 'NoneType' object is not subscriptable

2025-09-24 05:01:15,950 - INFO - Total time taken: {'ret': 0, 'msg': 'success', 'data': None}
2025-09-24 05:01:15,950 - INFO - 'NoneType' object is not subscriptable
2025-09-24 05:01:15,951 - INFO - Traceback (most recent call last):
  File "/home/runner/work/qqnews/qqnews/qq.py", line 128, in main
    for i in qq1["data"]["list"]:
             ~~~~~~~~~~~^^^^^^^^
TypeError: 'NoneType' object is not subscriptable

2025-09-24 06:01:17,569 - INFO - Total time taken: {'ret': 0, 'msg': 'success', 'data': None}
2025-09-24 06:01:17,569 - INFO - 'NoneType' object is not subscriptable
2025-09-24 06:01:17,569 - INFO - Traceback (most recent call last):
  File "/home/runner/work/qqnews/qqnews/qq.py", line 128, in main
    for i in qq1["data"]["list"]:
             ~~~~~~~~~~~^^^^^^^^
TypeError: 'NoneType' object is not subscriptable

2025-09-24 07:01:35,581 - INFO - Total time taken: {'ret': 0, 'msg': 'success', 'data': None}
2025-09-24 07:01:35,581 - INFO - 'NoneType' object is not subscriptable
2025-09-24 07:01:35,582 - INFO - Traceback (most recent call last):
  File "/home/runner/work/qqnews/qqnews/qq.py", line 128, in main
    for i in qq1["data"]["list"]:
             ~~~~~~~~~~~^^^^^^^^
TypeError: 'NoneType' object is not subscriptable

2025-09-24 08:01:15,063 - INFO - Total time taken: {'ret': 0, 'msg': 'success', 'data': None}
2025-09-24 08:01:15,063 - INFO - 'NoneType' object is not subscriptable
2025-09-24 08:01:15,064 - INFO - Traceback (most recent call last):
  File "/home/runner/work/qqnews/qqnews/qq.py", line 128, in main
    for i in qq1["data"]["list"]:
             ~~~~~~~~~~~^^^^^^^^
TypeError: 'NoneType' object is not subscriptable

2025-09-24 09:01:32,873 - INFO - Total time taken: {'ret': 0, 'msg': 'success', 'data': None}
2025-09-24 09:01:32,873 - INFO - 'NoneType' object is not subscriptable
2025-09-24 09:01:32,873 - INFO - Traceback (most recent call last):
  File "/home/runner/work/qqnews/qqnews/qq.py", line 128, in main
    for i in qq1["data"]["list"]:
             ~~~~~~~~~~~^^^^^^^^
TypeError: 'NoneType' object is not subscriptable

2025-09-24 10:01:38,755 - INFO - Total time taken: {'ret': 0, 'msg': 'success', 'data': None}
2025-09-24 10:01:38,756 - INFO - 'NoneType' object is not subscriptable
2025-09-24 10:01:38,756 - INFO - Traceback (most recent call last):
  File "/home/runner/work/qqnews/qqnews/qq.py", line 128, in main
    for i in qq1["data"]["list"]:
             ~~~~~~~~~~~^^^^^^^^
TypeError: 'NoneType' object is not subscriptable

2025-09-24 11:01:15,131 - INFO - Total time taken: {'ret': 0, 'msg': 'success', 'data': None}
2025-09-24 11:01:15,132 - INFO - 'NoneType' object is not subscriptable
2025-09-24 11:01:15,132 - INFO - Traceback (most recent call last):
  File "/home/runner/work/qqnews/qqnews/qq.py", line 128, in main
    for i in qq1["data"]["list"]:
             ~~~~~~~~~~~^^^^^^^^
TypeError: 'NoneType' object is not subscriptable

