2025-07-09 00:43:28,799 - INFO - Total time taken: {'ret': 0, 'msg': 'success', 'data': None}
2025-07-09 00:43:28,800 - INFO - 'NoneType' object is not subscriptable
2025-07-09 00:43:28,800 - INFO - Traceback (most recent call last):
  File "/home/runner/work/qqnews/qqnews/qq.py", line 128, in main
    for i in qq1["data"]["list"]:
             ~~~~~~~~~~~^^^^^^^^
TypeError: 'NoneType' object is not subscriptable

2025-07-09 02:44:15,179 - INFO - Total time taken: {'ret': 0, 'msg': 'success', 'data': None}
2025-07-09 02:44:15,179 - INFO - 'NoneType' object is not subscriptable
2025-07-09 02:44:15,180 - INFO - Traceback (most recent call last):
  File "/home/runner/work/qqnews/qqnews/qq.py", line 128, in main
    for i in qq1["data"]["list"]:
             ~~~~~~~~~~~^^^^^^^^
TypeError: 'NoneType' object is not subscriptable

2025-07-09 03:46:25,624 - INFO - Total time taken: {'ret': 0, 'msg': 'success', 'data': None}
2025-07-09 03:46:25,624 - INFO - 'NoneType' object is not subscriptable
2025-07-09 03:46:25,624 - INFO - Traceback (most recent call last):
  File "/home/runner/work/qqnews/qqnews/qq.py", line 128, in main
    for i in qq1["data"]["list"]:
             ~~~~~~~~~~~^^^^^^^^
TypeError: 'NoneType' object is not subscriptable

2025-07-09 04:23:49,494 - INFO - Total time taken: {'ret': 0, 'msg': 'success', 'data': None}
2025-07-09 04:23:49,494 - INFO - 'NoneType' object is not subscriptable
2025-07-09 04:23:49,494 - INFO - Traceback (most recent call last):
  File "/home/runner/work/qqnews/qqnews/qq.py", line 128, in main
    for i in qq1["data"]["list"]:
             ~~~~~~~~~~~^^^^^^^^
TypeError: 'NoneType' object is not subscriptable

