2025-11-22 00:39:29,661 - INFO - Total time taken: {'ret': 0, 'msg': 'success', 'data': None}
2025-11-22 00:39:29,661 - INFO - 'NoneType' object is not subscriptable
2025-11-22 00:39:29,661 - INFO - Traceback (most recent call last):
  File "/home/runner/work/qqnews/qqnews/qq.py", line 128, in main
    for i in qq1["data"]["list"]:
             ~~~~~~~~~~~^^^^^^^^
TypeError: 'NoneType' object is not subscriptable

2025-11-22 02:18:47,288 - INFO - Total time taken: {'ret': 0, 'msg': 'success', 'data': None}
2025-11-22 02:18:47,288 - INFO - 'NoneType' object is not subscriptable
2025-11-22 02:18:47,289 - INFO - Traceback (most recent call last):
  File "/home/runner/work/qqnews/qqnews/qq.py", line 128, in main
    for i in qq1["data"]["list"]:
             ~~~~~~~~~~~^^^^^^^^
TypeError: 'NoneType' object is not subscriptable

2025-11-22 03:30:50,733 - INFO - Total time taken: {'ret': 0, 'msg': 'success', 'data': None}
2025-11-22 03:30:50,733 - INFO - 'NoneType' object is not subscriptable
2025-11-22 03:30:50,733 - INFO - Traceback (most recent call last):
  File "/home/runner/work/qqnews/qqnews/qq.py", line 128, in main
    for i in qq1["data"]["list"]:
             ~~~~~~~~~~~^^^^^^^^
TypeError: 'NoneType' object is not subscriptable

2025-11-22 04:01:24,128 - INFO - Total time taken: {'ret': 0, 'msg': 'success', 'data': None}
2025-11-22 04:01:24,128 - INFO - 'NoneType' object is not subscriptable
2025-11-22 04:01:24,129 - INFO - Traceback (most recent call last):
  File "/home/runner/work/qqnews/qqnews/qq.py", line 128, in main
    for i in qq1["data"]["list"]:
             ~~~~~~~~~~~^^^^^^^^
TypeError: 'NoneType' object is not subscriptable

2025-11-22 05:01:11,185 - INFO - Total time taken: {'ret': 0, 'msg': 'success', 'data': None}
2025-11-22 05:01:11,185 - INFO - 'NoneType' object is not subscriptable
2025-11-22 05:01:11,185 - INFO - Traceback (most recent call last):
  File "/home/runner/work/qqnews/qqnews/qq.py", line 128, in main
    for i in qq1["data"]["list"]:
             ~~~~~~~~~~~^^^^^^^^
TypeError: 'NoneType' object is not subscriptable

2025-11-22 06:12:07,612 - INFO - Total time taken: {'ret': 0, 'msg': 'success', 'data': None}
2025-11-22 06:12:07,612 - INFO - 'NoneType' object is not subscriptable
2025-11-22 06:12:07,613 - INFO - Traceback (most recent call last):
  File "/home/runner/work/qqnews/qqnews/qq.py", line 128, in main
    for i in qq1["data"]["list"]:
             ~~~~~~~~~~~^^^^^^^^
TypeError: 'NoneType' object is not subscriptable

2025-11-22 07:01:12,631 - INFO - Total time taken: {'ret': 0, 'msg': 'success', 'data': None}
2025-11-22 07:01:12,631 - INFO - 'NoneType' object is not subscriptable
2025-11-22 07:01:12,632 - INFO - Traceback (most recent call last):
  File "/home/runner/work/qqnews/qqnews/qq.py", line 128, in main
    for i in qq1["data"]["list"]:
             ~~~~~~~~~~~^^^^^^^^
TypeError: 'NoneType' object is not subscriptable

2025-11-22 08:01:12,746 - INFO - Total time taken: {'ret': 0, 'msg': 'success', 'data': None}
2025-11-22 08:01:12,746 - INFO - 'NoneType' object is not subscriptable
2025-11-22 08:01:12,746 - INFO - Traceback (most recent call last):
  File "/home/runner/work/qqnews/qqnews/qq.py", line 128, in main
    for i in qq1["data"]["list"]:
             ~~~~~~~~~~~^^^^^^^^
TypeError: 'NoneType' object is not subscriptable

