2025-09-17 00:37:49,330 - INFO - Total time taken: {'ret': 0, 'msg': 'success', 'data': None}
2025-09-17 00:37:49,330 - INFO - 'NoneType' object is not subscriptable
2025-09-17 00:37:49,330 - INFO - Traceback (most recent call last):
  File "/home/runner/work/qqnews/qqnews/qq.py", line 128, in main
    for i in qq1["data"]["list"]:
             ~~~~~~~~~~~^^^^^^^^
TypeError: 'NoneType' object is not subscriptable

2025-09-17 02:13:00,239 - INFO - Total time taken: {'ret': 0, 'msg': 'success', 'data': None}
2025-09-17 02:13:00,240 - INFO - 'NoneType' object is not subscriptable
2025-09-17 02:13:00,240 - INFO - Traceback (most recent call last):
  File "/home/runner/work/qqnews/qqnews/qq.py", line 128, in main
    for i in qq1["data"]["list"]:
             ~~~~~~~~~~~^^^^^^^^
TypeError: 'NoneType' object is not subscriptable

2025-09-17 03:20:04,673 - INFO - Total time taken: {'ret': 0, 'msg': 'success', 'data': None}
2025-09-17 03:20:04,673 - INFO - 'NoneType' object is not subscriptable
2025-09-17 03:20:04,673 - INFO - Traceback (most recent call last):
  File "/home/runner/work/qqnews/qqnews/qq.py", line 128, in main
    for i in qq1["data"]["list"]:
             ~~~~~~~~~~~^^^^^^^^
TypeError: 'NoneType' object is not subscriptable

2025-09-17 04:01:23,380 - INFO - Total time taken: {'ret': 0, 'msg': 'success', 'data': None}
2025-09-17 04:01:23,381 - INFO - 'NoneType' object is not subscriptable
2025-09-17 04:01:23,381 - INFO - Traceback (most recent call last):
  File "/home/runner/work/qqnews/qqnews/qq.py", line 128, in main
    for i in qq1["data"]["list"]:
             ~~~~~~~~~~~^^^^^^^^
TypeError: 'NoneType' object is not subscriptable

2025-09-17 05:01:25,413 - INFO - Total time taken: {'ret': 0, 'msg': 'success', 'data': None}
2025-09-17 05:01:25,413 - INFO - 'NoneType' object is not subscriptable
2025-09-17 05:01:25,414 - INFO - Traceback (most recent call last):
  File "/home/runner/work/qqnews/qqnews/qq.py", line 128, in main
    for i in qq1["data"]["list"]:
             ~~~~~~~~~~~^^^^^^^^
TypeError: 'NoneType' object is not subscriptable

2025-09-17 06:01:25,239 - INFO - Total time taken: {'ret': 0, 'msg': 'success', 'data': None}
2025-09-17 06:01:25,239 - INFO - 'NoneType' object is not subscriptable
2025-09-17 06:01:25,239 - INFO - Traceback (most recent call last):
  File "/home/runner/work/qqnews/qqnews/qq.py", line 128, in main
    for i in qq1["data"]["list"]:
             ~~~~~~~~~~~^^^^^^^^
TypeError: 'NoneType' object is not subscriptable

2025-09-17 07:01:13,433 - INFO - Total time taken: {'ret': 0, 'msg': 'success', 'data': None}
2025-09-17 07:01:13,433 - INFO - 'NoneType' object is not subscriptable
2025-09-17 07:01:13,433 - INFO - Traceback (most recent call last):
  File "/home/runner/work/qqnews/qqnews/qq.py", line 128, in main
    for i in qq1["data"]["list"]:
             ~~~~~~~~~~~^^^^^^^^
TypeError: 'NoneType' object is not subscriptable

2025-09-17 08:01:30,078 - INFO - Total time taken: {'ret': 0, 'msg': 'success', 'data': None}
2025-09-17 08:01:30,078 - INFO - 'NoneType' object is not subscriptable
2025-09-17 08:01:30,079 - INFO - Traceback (most recent call last):
  File "/home/runner/work/qqnews/qqnews/qq.py", line 128, in main
    for i in qq1["data"]["list"]:
             ~~~~~~~~~~~^^^^^^^^
TypeError: 'NoneType' object is not subscriptable

2025-09-17 09:01:18,499 - INFO - Total time taken: {'ret': 0, 'msg': 'success', 'data': None}
2025-09-17 09:01:18,500 - INFO - 'NoneType' object is not subscriptable
2025-09-17 09:01:18,500 - INFO - Traceback (most recent call last):
  File "/home/runner/work/qqnews/qqnews/qq.py", line 128, in main
    for i in qq1["data"]["list"]:
             ~~~~~~~~~~~^^^^^^^^
TypeError: 'NoneType' object is not subscriptable

2025-09-17 10:01:29,971 - INFO - Total time taken: {'ret': 0, 'msg': 'success', 'data': None}
2025-09-17 10:01:29,971 - INFO - 'NoneType' object is not subscriptable
2025-09-17 10:01:29,971 - INFO - Traceback (most recent call last):
  File "/home/runner/work/qqnews/qqnews/qq.py", line 128, in main
    for i in qq1["data"]["list"]:
             ~~~~~~~~~~~^^^^^^^^
TypeError: 'NoneType' object is not subscriptable

2025-09-17 11:01:13,091 - INFO - Total time taken: {'ret': 0, 'msg': 'success', 'data': None}
2025-09-17 11:01:13,091 - INFO - 'NoneType' object is not subscriptable
2025-09-17 11:01:13,092 - INFO - Traceback (most recent call last):
  File "/home/runner/work/qqnews/qqnews/qq.py", line 128, in main
    for i in qq1["data"]["list"]:
             ~~~~~~~~~~~^^^^^^^^
TypeError: 'NoneType' object is not subscriptable

