2026-03-16 01:04:38,924 - INFO - Total time taken: {'ret': 0, 'msg': 'success', 'data': None}
2026-03-16 01:04:38,924 - INFO - 'NoneType' object is not subscriptable
2026-03-16 01:04:38,924 - INFO - Traceback (most recent call last):
  File "/home/runner/work/qqnews/qqnews/qq.py", line 128, in main
    for i in qq1["data"]["list"]:
             ~~~~~~~~~~~^^^^^^^^
TypeError: 'NoneType' object is not subscriptable

2026-03-16 04:27:38,911 - INFO - Total time taken: {'ret': 0, 'msg': 'success', 'data': None}
2026-03-16 04:27:38,912 - INFO - 'NoneType' object is not subscriptable
2026-03-16 04:27:38,912 - INFO - Traceback (most recent call last):
  File "/home/runner/work/qqnews/qqnews/qq.py", line 128, in main
    for i in qq1["data"]["list"]:
             ~~~~~~~~~~~^^^^^^^^
TypeError: 'NoneType' object is not subscriptable

2026-03-16 06:12:00,605 - INFO - Total time taken: {'ret': 0, 'msg': 'success', 'data': None}
2026-03-16 06:12:00,605 - INFO - 'NoneType' object is not subscriptable
2026-03-16 06:12:00,605 - INFO - Traceback (most recent call last):
  File "/home/runner/work/qqnews/qqnews/qq.py", line 128, in main
    for i in qq1["data"]["list"]:
             ~~~~~~~~~~~^^^^^^^^
TypeError: 'NoneType' object is not subscriptable

2026-03-16 07:59:22,013 - INFO - Total time taken: {'ret': 0, 'msg': 'success', 'data': None}
2026-03-16 07:59:22,014 - INFO - 'NoneType' object is not subscriptable
2026-03-16 07:59:22,014 - INFO - Traceback (most recent call last):
  File "/home/runner/work/qqnews/qqnews/qq.py", line 128, in main
    for i in qq1["data"]["list"]:
             ~~~~~~~~~~~^^^^^^^^
TypeError: 'NoneType' object is not subscriptable

