2025-10-20 00:42:47,624 - INFO - Total time taken: {'ret': 0, 'msg': 'success', 'data': None}
2025-10-20 00:42:47,624 - INFO - 'NoneType' object is not subscriptable
2025-10-20 00:42:47,624 - INFO - Traceback (most recent call last):
  File "/home/runner/work/qqnews/qqnews/qq.py", line 128, in main
    for i in qq1["data"]["list"]:
             ~~~~~~~~~~~^^^^^^^^
TypeError: 'NoneType' object is not subscriptable

2025-10-20 02:27:03,214 - INFO - Total time taken: {'ret': 0, 'msg': 'success', 'data': None}
2025-10-20 02:27:03,215 - INFO - 'NoneType' object is not subscriptable
2025-10-20 02:27:03,215 - INFO - Traceback (most recent call last):
  File "/home/runner/work/qqnews/qqnews/qq.py", line 128, in main
    for i in qq1["data"]["list"]:
             ~~~~~~~~~~~^^^^^^^^
TypeError: 'NoneType' object is not subscriptable

2025-10-20 03:40:43,205 - INFO - Total time taken: {'ret': 0, 'msg': 'success', 'data': None}
2025-10-20 03:40:43,206 - INFO - 'NoneType' object is not subscriptable
2025-10-20 03:40:43,206 - INFO - Traceback (most recent call last):
  File "/home/runner/work/qqnews/qqnews/qq.py", line 128, in main
    for i in qq1["data"]["list"]:
             ~~~~~~~~~~~^^^^^^^^
TypeError: 'NoneType' object is not subscriptable

2025-10-20 04:15:11,997 - INFO - Total time taken: {'ret': 0, 'msg': 'success', 'data': None}
2025-10-20 04:15:11,997 - INFO - 'NoneType' object is not subscriptable
2025-10-20 04:15:11,998 - INFO - Traceback (most recent call last):
  File "/home/runner/work/qqnews/qqnews/qq.py", line 128, in main
    for i in qq1["data"]["list"]:
             ~~~~~~~~~~~^^^^^^^^
TypeError: 'NoneType' object is not subscriptable

2025-10-20 06:14:10,002 - INFO - Total time taken: {'ret': 0, 'msg': 'success', 'data': None}
2025-10-20 06:14:10,003 - INFO - 'NoneType' object is not subscriptable
2025-10-20 06:14:10,003 - INFO - Traceback (most recent call last):
  File "/home/runner/work/qqnews/qqnews/qq.py", line 128, in main
    for i in qq1["data"]["list"]:
             ~~~~~~~~~~~^^^^^^^^
TypeError: 'NoneType' object is not subscriptable

2025-10-20 07:01:32,749 - INFO - Total time taken: {'ret': 0, 'msg': 'success', 'data': None}
2025-10-20 07:01:32,749 - INFO - 'NoneType' object is not subscriptable
2025-10-20 07:01:32,750 - INFO - Traceback (most recent call last):
  File "/home/runner/work/qqnews/qqnews/qq.py", line 128, in main
    for i in qq1["data"]["list"]:
             ~~~~~~~~~~~^^^^^^^^
TypeError: 'NoneType' object is not subscriptable

2025-10-20 08:12:42,146 - INFO - Total time taken: {'ret': 0, 'msg': 'success', 'data': None}
2025-10-20 08:12:42,146 - INFO - 'NoneType' object is not subscriptable
2025-10-20 08:12:42,146 - INFO - Traceback (most recent call last):
  File "/home/runner/work/qqnews/qqnews/qq.py", line 128, in main
    for i in qq1["data"]["list"]:
             ~~~~~~~~~~~^^^^^^^^
TypeError: 'NoneType' object is not subscriptable

2025-10-20 09:01:11,311 - INFO - Total time taken: {'ret': 0, 'msg': 'success', 'data': None}
2025-10-20 09:01:11,311 - INFO - 'NoneType' object is not subscriptable
2025-10-20 09:01:11,312 - INFO - Traceback (most recent call last):
  File "/home/runner/work/qqnews/qqnews/qq.py", line 128, in main
    for i in qq1["data"]["list"]:
             ~~~~~~~~~~~^^^^^^^^
TypeError: 'NoneType' object is not subscriptable

2025-10-20 10:01:19,931 - INFO - Total time taken: {'ret': 0, 'msg': 'success', 'data': None}
2025-10-20 10:01:19,931 - INFO - 'NoneType' object is not subscriptable
2025-10-20 10:01:19,932 - INFO - Traceback (most recent call last):
  File "/home/runner/work/qqnews/qqnews/qq.py", line 128, in main
    for i in qq1["data"]["list"]:
             ~~~~~~~~~~~^^^^^^^^
TypeError: 'NoneType' object is not subscriptable

2025-10-20 11:01:32,347 - INFO - Total time taken: {'ret': 0, 'msg': 'success', 'data': None}
2025-10-20 11:01:32,347 - INFO - 'NoneType' object is not subscriptable
2025-10-20 11:01:32,348 - INFO - Traceback (most recent call last):
  File "/home/runner/work/qqnews/qqnews/qq.py", line 128, in main
    for i in qq1["data"]["list"]:
             ~~~~~~~~~~~^^^^^^^^
TypeError: 'NoneType' object is not subscriptable

2025-10-20 12:16:09,975 - INFO - Total time taken: {'ret': 0, 'msg': 'success', 'data': None}
2025-10-20 12:16:09,975 - INFO - 'NoneType' object is not subscriptable
2025-10-20 12:16:09,975 - INFO - Traceback (most recent call last):
  File "/home/runner/work/qqnews/qqnews/qq.py", line 128, in main
    for i in qq1["data"]["list"]:
             ~~~~~~~~~~~^^^^^^^^
TypeError: 'NoneType' object is not subscriptable

2025-10-20 13:21:52,240 - INFO - Total time taken: {'ret': 0, 'msg': 'success', 'data': None}
2025-10-20 13:21:52,241 - INFO - 'NoneType' object is not subscriptable
2025-10-20 13:21:52,241 - INFO - Traceback (most recent call last):
  File "/home/runner/work/qqnews/qqnews/qq.py", line 128, in main
    for i in qq1["data"]["list"]:
             ~~~~~~~~~~~^^^^^^^^
TypeError: 'NoneType' object is not subscriptable

2025-10-20 14:01:19,661 - INFO - Total time taken: {'ret': 0, 'msg': 'success', 'data': None}
2025-10-20 14:01:19,662 - INFO - 'NoneType' object is not subscriptable
2025-10-20 14:01:19,662 - INFO - Traceback (most recent call last):
  File "/home/runner/work/qqnews/qqnews/qq.py", line 128, in main
    for i in qq1["data"]["list"]:
             ~~~~~~~~~~~^^^^^^^^
TypeError: 'NoneType' object is not subscriptable

2025-10-20 15:01:26,597 - INFO - Total time taken: {'ret': 0, 'msg': 'success', 'data': None}
2025-10-20 15:01:26,598 - INFO - 'NoneType' object is not subscriptable
2025-10-20 15:01:26,598 - INFO - Traceback (most recent call last):
  File "/home/runner/work/qqnews/qqnews/qq.py", line 128, in main
    for i in qq1["data"]["list"]:
             ~~~~~~~~~~~^^^^^^^^
TypeError: 'NoneType' object is not subscriptable

2025-10-20 16:01:33,174 - INFO - Total time taken: {'ret': 0, 'msg': 'success', 'data': None}
2025-10-20 16:01:33,174 - INFO - 'NoneType' object is not subscriptable
2025-10-20 16:01:33,175 - INFO - Traceback (most recent call last):
  File "/home/runner/work/qqnews/qqnews/qq.py", line 128, in main
    for i in qq1["data"]["list"]:
             ~~~~~~~~~~~^^^^^^^^
TypeError: 'NoneType' object is not subscriptable

2025-10-20 17:01:25,808 - INFO - Total time taken: {'ret': 0, 'msg': 'success', 'data': None}
2025-10-20 17:01:25,809 - INFO - 'NoneType' object is not subscriptable
2025-10-20 17:01:25,809 - INFO - Traceback (most recent call last):
  File "/home/runner/work/qqnews/qqnews/qq.py", line 128, in main
    for i in qq1["data"]["list"]:
             ~~~~~~~~~~~^^^^^^^^
TypeError: 'NoneType' object is not subscriptable

2025-10-20 18:01:30,669 - INFO - Total time taken: {'ret': 0, 'msg': 'success', 'data': None}
2025-10-20 18:01:30,669 - INFO - 'NoneType' object is not subscriptable
2025-10-20 18:01:30,670 - INFO - Traceback (most recent call last):
  File "/home/runner/work/qqnews/qqnews/qq.py", line 128, in main
    for i in qq1["data"]["list"]:
             ~~~~~~~~~~~^^^^^^^^
TypeError: 'NoneType' object is not subscriptable

2025-10-20 19:01:24,029 - INFO - Total time taken: {'ret': 0, 'msg': 'success', 'data': None}
2025-10-20 19:01:24,029 - INFO - 'NoneType' object is not subscriptable
2025-10-20 19:01:24,029 - INFO - Traceback (most recent call last):
  File "/home/runner/work/qqnews/qqnews/qq.py", line 128, in main
    for i in qq1["data"]["list"]:
             ~~~~~~~~~~~^^^^^^^^
TypeError: 'NoneType' object is not subscriptable

2025-10-20 20:01:22,266 - INFO - Total time taken: {'ret': 0, 'msg': 'success', 'data': None}
2025-10-20 20:01:22,266 - INFO - 'NoneType' object is not subscriptable
2025-10-20 20:01:22,267 - INFO - Traceback (most recent call last):
  File "/home/runner/work/qqnews/qqnews/qq.py", line 128, in main
    for i in qq1["data"]["list"]:
             ~~~~~~~~~~~^^^^^^^^
TypeError: 'NoneType' object is not subscriptable

2025-10-20 21:01:27,106 - INFO - Total time taken: {'ret': 0, 'msg': 'success', 'data': None}
2025-10-20 21:01:27,106 - INFO - 'NoneType' object is not subscriptable
2025-10-20 21:01:27,107 - INFO - Traceback (most recent call last):
  File "/home/runner/work/qqnews/qqnews/qq.py", line 128, in main
    for i in qq1["data"]["list"]:
             ~~~~~~~~~~~^^^^^^^^
TypeError: 'NoneType' object is not subscriptable

