2025-09-22 00:42:10,146 - INFO - Total time taken: {'ret': 0, 'msg': 'success', 'data': None}
2025-09-22 00:42:10,147 - INFO - 'NoneType' object is not subscriptable
2025-09-22 00:42:10,147 - INFO - Traceback (most recent call last):
  File "/home/runner/work/qqnews/qqnews/qq.py", line 128, in main
    for i in qq1["data"]["list"]:
             ~~~~~~~~~~~^^^^^^^^
TypeError: 'NoneType' object is not subscriptable

2025-09-22 02:23:32,491 - INFO - Total time taken: {'ret': 0, 'msg': 'success', 'data': None}
2025-09-22 02:23:32,492 - INFO - 'NoneType' object is not subscriptable
2025-09-22 02:23:32,492 - INFO - Traceback (most recent call last):
  File "/home/runner/work/qqnews/qqnews/qq.py", line 128, in main
    for i in qq1["data"]["list"]:
             ~~~~~~~~~~~^^^^^^^^
TypeError: 'NoneType' object is not subscriptable

2025-09-22 03:31:47,589 - INFO - Total time taken: {'ret': 0, 'msg': 'success', 'data': None}
2025-09-22 03:31:47,589 - INFO - 'NoneType' object is not subscriptable
2025-09-22 03:31:47,590 - INFO - Traceback (most recent call last):
  File "/home/runner/work/qqnews/qqnews/qq.py", line 128, in main
    for i in qq1["data"]["list"]:
             ~~~~~~~~~~~^^^^^^^^
TypeError: 'NoneType' object is not subscriptable

2025-09-22 04:01:25,085 - INFO - Total time taken: {'ret': 0, 'msg': 'success', 'data': None}
2025-09-22 04:01:25,085 - INFO - 'NoneType' object is not subscriptable
2025-09-22 04:01:25,086 - INFO - Traceback (most recent call last):
  File "/home/runner/work/qqnews/qqnews/qq.py", line 128, in main
    for i in qq1["data"]["list"]:
             ~~~~~~~~~~~^^^^^^^^
TypeError: 'NoneType' object is not subscriptable

2025-09-22 05:01:49,422 - INFO - Total time taken: {'ret': 0, 'msg': 'success', 'data': None}
2025-09-22 05:01:49,422 - INFO - 'NoneType' object is not subscriptable
2025-09-22 05:01:49,422 - INFO - Traceback (most recent call last):
  File "/home/runner/work/qqnews/qqnews/qq.py", line 128, in main
    for i in qq1["data"]["list"]:
             ~~~~~~~~~~~^^^^^^^^
TypeError: 'NoneType' object is not subscriptable

2025-09-22 06:14:02,600 - INFO - Total time taken: {'ret': 0, 'msg': 'success', 'data': None}
2025-09-22 06:14:02,600 - INFO - 'NoneType' object is not subscriptable
2025-09-22 06:14:02,600 - INFO - Traceback (most recent call last):
  File "/home/runner/work/qqnews/qqnews/qq.py", line 128, in main
    for i in qq1["data"]["list"]:
             ~~~~~~~~~~~^^^^^^^^
TypeError: 'NoneType' object is not subscriptable

2025-09-22 07:01:18,370 - INFO - Total time taken: {'ret': 0, 'msg': 'success', 'data': None}
2025-09-22 07:01:18,370 - INFO - 'NoneType' object is not subscriptable
2025-09-22 07:01:18,370 - INFO - Traceback (most recent call last):
  File "/home/runner/work/qqnews/qqnews/qq.py", line 128, in main
    for i in qq1["data"]["list"]:
             ~~~~~~~~~~~^^^^^^^^
TypeError: 'NoneType' object is not subscriptable

2025-09-22 08:01:30,982 - INFO - Total time taken: {'ret': 0, 'msg': 'success', 'data': None}
2025-09-22 08:01:30,982 - INFO - 'NoneType' object is not subscriptable
2025-09-22 08:01:30,983 - INFO - Traceback (most recent call last):
  File "/home/runner/work/qqnews/qqnews/qq.py", line 128, in main
    for i in qq1["data"]["list"]:
             ~~~~~~~~~~~^^^^^^^^
TypeError: 'NoneType' object is not subscriptable

2025-09-22 09:01:29,719 - INFO - Total time taken: {'ret': 0, 'msg': 'success', 'data': None}
2025-09-22 09:01:29,719 - INFO - 'NoneType' object is not subscriptable
2025-09-22 09:01:29,720 - INFO - Traceback (most recent call last):
  File "/home/runner/work/qqnews/qqnews/qq.py", line 128, in main
    for i in qq1["data"]["list"]:
             ~~~~~~~~~~~^^^^^^^^
TypeError: 'NoneType' object is not subscriptable

