2025-10-13 00:41:33,323 - INFO - Total time taken: {'ret': 0, 'msg': 'success', 'data': None}
2025-10-13 00:41:33,323 - INFO - 'NoneType' object is not subscriptable
2025-10-13 00:41:33,323 - INFO - Traceback (most recent call last):
  File "/home/runner/work/qqnews/qqnews/qq.py", line 128, in main
    for i in qq1["data"]["list"]:
             ~~~~~~~~~~~^^^^^^^^
TypeError: 'NoneType' object is not subscriptable

2025-10-13 02:23:35,543 - INFO - Total time taken: {'ret': 0, 'msg': 'success', 'data': None}
2025-10-13 02:23:35,543 - INFO - 'NoneType' object is not subscriptable
2025-10-13 02:23:35,544 - INFO - Traceback (most recent call last):
  File "/home/runner/work/qqnews/qqnews/qq.py", line 128, in main
    for i in qq1["data"]["list"]:
             ~~~~~~~~~~~^^^^^^^^
TypeError: 'NoneType' object is not subscriptable

2025-10-13 03:35:49,681 - INFO - Total time taken: {'ret': 0, 'msg': 'success', 'data': None}
2025-10-13 03:35:49,682 - INFO - 'NoneType' object is not subscriptable
2025-10-13 03:35:49,682 - INFO - Traceback (most recent call last):
  File "/home/runner/work/qqnews/qqnews/qq.py", line 128, in main
    for i in qq1["data"]["list"]:
             ~~~~~~~~~~~^^^^^^^^
TypeError: 'NoneType' object is not subscriptable

2025-10-13 04:11:18,237 - INFO - Total time taken: {'ret': 0, 'msg': 'success', 'data': None}
2025-10-13 04:11:18,238 - INFO - 'NoneType' object is not subscriptable
2025-10-13 04:11:18,238 - INFO - Traceback (most recent call last):
  File "/home/runner/work/qqnews/qqnews/qq.py", line 128, in main
    for i in qq1["data"]["list"]:
             ~~~~~~~~~~~^^^^^^^^
TypeError: 'NoneType' object is not subscriptable

2025-10-13 05:01:22,337 - INFO - Total time taken: {'ret': 0, 'msg': 'success', 'data': None}
2025-10-13 05:01:22,337 - INFO - 'NoneType' object is not subscriptable
2025-10-13 05:01:22,337 - INFO - Traceback (most recent call last):
  File "/home/runner/work/qqnews/qqnews/qq.py", line 128, in main
    for i in qq1["data"]["list"]:
             ~~~~~~~~~~~^^^^^^^^
TypeError: 'NoneType' object is not subscriptable

2025-10-13 06:14:25,508 - INFO - Total time taken: {'ret': 0, 'msg': 'success', 'data': None}
2025-10-13 06:14:25,509 - INFO - 'NoneType' object is not subscriptable
2025-10-13 06:14:25,509 - INFO - Traceback (most recent call last):
  File "/home/runner/work/qqnews/qqnews/qq.py", line 128, in main
    for i in qq1["data"]["list"]:
             ~~~~~~~~~~~^^^^^^^^
TypeError: 'NoneType' object is not subscriptable

2025-10-13 08:01:34,704 - INFO - Total time taken: {'ret': 0, 'msg': 'success', 'data': None}
2025-10-13 08:01:34,706 - INFO - 'NoneType' object is not subscriptable
2025-10-13 08:01:34,707 - INFO - Traceback (most recent call last):
  File "/home/runner/work/qqnews/qqnews/qq.py", line 128, in main
    for i in qq1["data"]["list"]:
             ~~~~~~~~~~~^^^^^^^^
TypeError: 'NoneType' object is not subscriptable

2025-10-13 09:01:16,828 - INFO - Total time taken: {'ret': 0, 'msg': 'success', 'data': None}
2025-10-13 09:01:16,828 - INFO - 'NoneType' object is not subscriptable
2025-10-13 09:01:16,828 - INFO - Traceback (most recent call last):
  File "/home/runner/work/qqnews/qqnews/qq.py", line 128, in main
    for i in qq1["data"]["list"]:
             ~~~~~~~~~~~^^^^^^^^
TypeError: 'NoneType' object is not subscriptable

2025-10-13 10:01:20,353 - INFO - Total time taken: {'ret': 0, 'msg': 'success', 'data': None}
2025-10-13 10:01:20,353 - INFO - 'NoneType' object is not subscriptable
2025-10-13 10:01:20,353 - INFO - Traceback (most recent call last):
  File "/home/runner/work/qqnews/qqnews/qq.py", line 128, in main
    for i in qq1["data"]["list"]:
             ~~~~~~~~~~~^^^^^^^^
TypeError: 'NoneType' object is not subscriptable

2025-10-13 11:01:21,058 - INFO - Total time taken: {'ret': 0, 'msg': 'success', 'data': None}
2025-10-13 11:01:21,059 - INFO - 'NoneType' object is not subscriptable
2025-10-13 11:01:21,059 - INFO - Traceback (most recent call last):
  File "/home/runner/work/qqnews/qqnews/qq.py", line 128, in main
    for i in qq1["data"]["list"]:
             ~~~~~~~~~~~^^^^^^^^
TypeError: 'NoneType' object is not subscriptable

2025-10-13 12:15:58,110 - INFO - Total time taken: {'ret': 0, 'msg': 'success', 'data': None}
2025-10-13 12:15:58,111 - INFO - 'NoneType' object is not subscriptable
2025-10-13 12:15:58,111 - INFO - Traceback (most recent call last):
  File "/home/runner/work/qqnews/qqnews/qq.py", line 128, in main
    for i in qq1["data"]["list"]:
             ~~~~~~~~~~~^^^^^^^^
TypeError: 'NoneType' object is not subscriptable

2025-10-13 13:22:38,393 - INFO - Total time taken: {'ret': 0, 'msg': 'success', 'data': None}
2025-10-13 13:22:38,393 - INFO - 'NoneType' object is not subscriptable
2025-10-13 13:22:38,394 - INFO - Traceback (most recent call last):
  File "/home/runner/work/qqnews/qqnews/qq.py", line 128, in main
    for i in qq1["data"]["list"]:
             ~~~~~~~~~~~^^^^^^^^
TypeError: 'NoneType' object is not subscriptable

2025-10-13 14:01:39,199 - INFO - Total time taken: {'ret': 0, 'msg': 'success', 'data': None}
2025-10-13 14:01:39,199 - INFO - 'NoneType' object is not subscriptable
2025-10-13 14:01:39,200 - INFO - Traceback (most recent call last):
  File "/home/runner/work/qqnews/qqnews/qq.py", line 128, in main
    for i in qq1["data"]["list"]:
             ~~~~~~~~~~~^^^^^^^^
TypeError: 'NoneType' object is not subscriptable

2025-10-13 15:01:25,179 - INFO - Total time taken: {'ret': 0, 'msg': 'success', 'data': None}
2025-10-13 15:01:25,179 - INFO - 'NoneType' object is not subscriptable
2025-10-13 15:01:25,180 - INFO - Traceback (most recent call last):
  File "/home/runner/work/qqnews/qqnews/qq.py", line 128, in main
    for i in qq1["data"]["list"]:
             ~~~~~~~~~~~^^^^^^^^
TypeError: 'NoneType' object is not subscriptable

2025-10-13 16:01:20,508 - INFO - Total time taken: {'ret': 0, 'msg': 'success', 'data': None}
2025-10-13 16:01:20,508 - INFO - 'NoneType' object is not subscriptable
2025-10-13 16:01:20,509 - INFO - Traceback (most recent call last):
  File "/home/runner/work/qqnews/qqnews/qq.py", line 128, in main
    for i in qq1["data"]["list"]:
             ~~~~~~~~~~~^^^^^^^^
TypeError: 'NoneType' object is not subscriptable

2025-10-13 17:01:27,138 - INFO - Total time taken: {'ret': 0, 'msg': 'success', 'data': None}
2025-10-13 17:01:27,138 - INFO - 'NoneType' object is not subscriptable
2025-10-13 17:01:27,139 - INFO - Traceback (most recent call last):
  File "/home/runner/work/qqnews/qqnews/qq.py", line 128, in main
    for i in qq1["data"]["list"]:
             ~~~~~~~~~~~^^^^^^^^
TypeError: 'NoneType' object is not subscriptable

2025-10-13 18:12:11,376 - INFO - Total time taken: {'ret': 0, 'msg': 'success', 'data': None}
2025-10-13 18:12:11,376 - INFO - 'NoneType' object is not subscriptable
2025-10-13 18:12:11,376 - INFO - Traceback (most recent call last):
  File "/home/runner/work/qqnews/qqnews/qq.py", line 128, in main
    for i in qq1["data"]["list"]:
             ~~~~~~~~~~~^^^^^^^^
TypeError: 'NoneType' object is not subscriptable

2025-10-13 19:01:17,283 - INFO - Total time taken: {'ret': 0, 'msg': 'success', 'data': None}
2025-10-13 19:01:17,283 - INFO - 'NoneType' object is not subscriptable
2025-10-13 19:01:17,283 - INFO - Traceback (most recent call last):
  File "/home/runner/work/qqnews/qqnews/qq.py", line 128, in main
    for i in qq1["data"]["list"]:
             ~~~~~~~~~~~^^^^^^^^
TypeError: 'NoneType' object is not subscriptable

2025-10-13 20:01:25,947 - INFO - Total time taken: {'ret': 0, 'msg': 'success', 'data': None}
2025-10-13 20:01:25,947 - INFO - 'NoneType' object is not subscriptable
2025-10-13 20:01:25,948 - INFO - Traceback (most recent call last):
  File "/home/runner/work/qqnews/qqnews/qq.py", line 128, in main
    for i in qq1["data"]["list"]:
             ~~~~~~~~~~~^^^^^^^^
TypeError: 'NoneType' object is not subscriptable

2025-10-13 21:01:21,437 - INFO - Total time taken: {'ret': 0, 'msg': 'success', 'data': None}
2025-10-13 21:01:21,437 - INFO - 'NoneType' object is not subscriptable
2025-10-13 21:01:21,438 - INFO - Traceback (most recent call last):
  File "/home/runner/work/qqnews/qqnews/qq.py", line 128, in main
    for i in qq1["data"]["list"]:
             ~~~~~~~~~~~^^^^^^^^
TypeError: 'NoneType' object is not subscriptable

