2026-05-12 01:27:56,558 - INFO - Total time taken: {'ret': 0, 'msg': 'success', 'data': None}
2026-05-12 01:27:56,558 - INFO - 'NoneType' object is not subscriptable
2026-05-12 01:27:56,559 - INFO - Traceback (most recent call last):
  File "/home/runner/work/qqnews/qqnews/qq.py", line 128, in main
    for i in qq1["data"]["list"]:
             ~~~~~~~~~~~^^^^^^^^
TypeError: 'NoneType' object is not subscriptable

2026-05-12 05:26:43,840 - INFO - Total time taken: {'ret': 0, 'msg': 'success', 'data': None}
2026-05-12 05:26:43,840 - INFO - 'NoneType' object is not subscriptable
2026-05-12 05:26:43,841 - INFO - Traceback (most recent call last):
  File "/home/runner/work/qqnews/qqnews/qq.py", line 128, in main
    for i in qq1["data"]["list"]:
             ~~~~~~~~~~~^^^^^^^^
TypeError: 'NoneType' object is not subscriptable

2026-05-12 08:15:28,037 - INFO - Total time taken: {'ret': 0, 'msg': 'success', 'data': None}
2026-05-12 08:15:28,038 - INFO - 'NoneType' object is not subscriptable
2026-05-12 08:15:28,038 - INFO - Traceback (most recent call last):
  File "/home/runner/work/qqnews/qqnews/qq.py", line 128, in main
    for i in qq1["data"]["list"]:
             ~~~~~~~~~~~^^^^^^^^
TypeError: 'NoneType' object is not subscriptable

2026-05-12 11:10:15,763 - INFO - Total time taken: {'ret': 0, 'msg': 'success', 'data': None}
2026-05-12 11:10:15,764 - INFO - 'NoneType' object is not subscriptable
2026-05-12 11:10:15,764 - INFO - Traceback (most recent call last):
  File "/home/runner/work/qqnews/qqnews/qq.py", line 128, in main
    for i in qq1["data"]["list"]:
             ~~~~~~~~~~~^^^^^^^^
TypeError: 'NoneType' object is not subscriptable

2026-05-12 13:28:26,136 - INFO - Total time taken: {'ret': 0, 'msg': 'success', 'data': None}
2026-05-12 13:28:26,137 - INFO - 'NoneType' object is not subscriptable
2026-05-12 13:28:26,137 - INFO - Traceback (most recent call last):
  File "/home/runner/work/qqnews/qqnews/qq.py", line 128, in main
    for i in qq1["data"]["list"]:
             ~~~~~~~~~~~^^^^^^^^
TypeError: 'NoneType' object is not subscriptable

