2026-01-26 00:50:57,209 - INFO - Total time taken: {'ret': 0, 'msg': 'success', 'data': None}
2026-01-26 00:50:57,209 - INFO - 'NoneType' object is not subscriptable
2026-01-26 00:50:57,210 - INFO - Traceback (most recent call last):
  File "/home/runner/work/qqnews/qqnews/qq.py", line 128, in main
    for i in qq1["data"]["list"]:
             ~~~~~~~~~~~^^^^^^^^
TypeError: 'NoneType' object is not subscriptable

2026-01-26 03:06:13,515 - INFO - Total time taken: {'ret': 0, 'msg': 'success', 'data': None}
2026-01-26 03:06:13,515 - INFO - 'NoneType' object is not subscriptable
2026-01-26 03:06:13,515 - INFO - Traceback (most recent call last):
  File "/home/runner/work/qqnews/qqnews/qq.py", line 128, in main
    for i in qq1["data"]["list"]:
             ~~~~~~~~~~~^^^^^^^^
TypeError: 'NoneType' object is not subscriptable

2026-01-26 04:45:27,530 - INFO - Total time taken: {'ret': 0, 'msg': 'success', 'data': None}
2026-01-26 04:45:27,530 - INFO - 'NoneType' object is not subscriptable
2026-01-26 04:45:27,531 - INFO - Traceback (most recent call last):
  File "/home/runner/work/qqnews/qqnews/qq.py", line 128, in main
    for i in qq1["data"]["list"]:
             ~~~~~~~~~~~^^^^^^^^
TypeError: 'NoneType' object is not subscriptable

2026-01-26 05:24:30,327 - INFO - Total time taken: {'ret': 0, 'msg': 'success', 'data': None}
2026-01-26 05:24:30,328 - INFO - 'NoneType' object is not subscriptable
2026-01-26 05:24:30,328 - INFO - Traceback (most recent call last):
  File "/home/runner/work/qqnews/qqnews/qq.py", line 128, in main
    for i in qq1["data"]["list"]:
             ~~~~~~~~~~~^^^^^^^^
TypeError: 'NoneType' object is not subscriptable

2026-01-26 06:19:41,990 - INFO - Total time taken: {'ret': 0, 'msg': 'success', 'data': None}
2026-01-26 06:19:41,990 - INFO - 'NoneType' object is not subscriptable
2026-01-26 06:19:41,990 - INFO - Traceback (most recent call last):
  File "/home/runner/work/qqnews/qqnews/qq.py", line 128, in main
    for i in qq1["data"]["list"]:
             ~~~~~~~~~~~^^^^^^^^
TypeError: 'NoneType' object is not subscriptable

2026-01-26 07:18:50,444 - INFO - Total time taken: {'ret': 0, 'msg': 'success', 'data': None}
2026-01-26 07:18:50,445 - INFO - 'NoneType' object is not subscriptable
2026-01-26 07:18:50,445 - INFO - Traceback (most recent call last):
  File "/home/runner/work/qqnews/qqnews/qq.py", line 128, in main
    for i in qq1["data"]["list"]:
             ~~~~~~~~~~~^^^^^^^^
TypeError: 'NoneType' object is not subscriptable

