2024-10-15 00:34:43,305 - INFO - EXPIRED
安排5人用5个拉杆箱“空运”现金，外逃原副市长转移赃款细节曝光
https://new.qq.com/rain/a/20241014A06TID00

2024-10-15 00:34:43,305 - INFO - EXPIRED
全行业大面积亏损，有企业半年亏52亿元，光伏行业达成“反内卷”共识
https://new.qq.com/rain/a/20241014A08VAN00

2024-10-15 00:34:43,305 - INFO - EXPIRED
70年产权房住30年就成“老破小”，以前的老房子都有哪些建筑问题？
https://view.inews.qq.com/a/20241012Q07MX800

2024-10-15 00:34:43,305 - INFO - EXPIRED
受贿超5.5亿的王大伟一审被判死缓 用来拉钱的商务车曾被压得上不了坡
https://new.qq.com/rain/a/20241014A07YSX00

2024-10-15 00:34:43,305 - INFO - EXPIRED
王毅分别同以色列外长、伊朗外长通电话
https://new.qq.com/rain/a/20241014A09SL400

2024-10-15 00:34:43,305 - INFO - EXPIRED
特朗普建议在大选日用军队对付“内部敌人”，哈里斯：他在对付同胞
https://new.qq.com/rain/a/20241014A06AV500

2024-10-15 00:34:43,305 - INFO - EXPIRED
河北一村干部以银行代办员身份非法吸储上千万元 数百人受害 当地回应
https://new.qq.com/rain/a/20241014A06YWU00

2024-10-15 00:34:43,305 - INFO - EXPIRED
男孩骑行遭碾轧道路：设有“禁止驶入”标识，仍有机动车和骑友通行
https://new.qq.com/rain/a/20241014A099D900

2024-10-15 00:34:43,305 - INFO - EXPIRED
赴菲工作涉开设赌场案宣判：4名职校生3人免于刑事处罚，1人缓刑
https://new.qq.com/rain/a/20241014A09LCO00

2024-10-15 00:34:43,305 - INFO - EXPIRED
中华人民共和国和越南社会主义共和国联合声明（全文）
https://new.qq.com/rain/a/20241014A0943R00

2024-10-15 00:34:43,305 - INFO - EXPIRED
举债2亿建造的“天下第一水司楼”，花3亿改成度假酒店，这次项目能盘活吗？
https://view.inews.qq.com/a/20241014Q06DXK00

2024-10-15 00:34:43,305 - INFO - EXPIRED
“老头乐”在高速快车道逆行致2人死亡，怎么上高速的？事故责任怎么算？
https://view.inews.qq.com/a/20241014Q04TRT00

2024-10-15 00:34:43,305 - INFO - EXPIRED
起底贪腐超31亿元的外逃副市长：曾说“没鸡西人民，我什么也不是”
https://new.qq.com/rain/a/20241014A083UI00

2024-10-15 00:34:43,305 - INFO - EXPIRED
A50直线拉升！人民币也突然大涨，发生了什么
https://new.qq.com/rain/a/20241014A09JG400

2024-10-15 00:34:43,306 - INFO - EXPIRED
警方通报“老头乐冲卡进成雅高速逆行出车祸”：两人死亡，正进一步调查
https://new.qq.com/rain/a/20241014A0947W00

2024-10-15 00:34:43,306 - INFO - EXPIRED
成都一河道发现无名男尸，警方：死者20岁，系溺亡
https://new.qq.com/rain/a/20241014A0982L00

2024-10-15 00:34:43,306 - INFO - EXPIRED
吴邦国同志生平照片
https://new.qq.com/rain/a/20241014A0880G00

2024-10-15 00:34:43,306 - INFO - EXPIRED
朝鲜做好全面射击准备，半岛局势何以陡然升级
https://new.qq.com/rain/a/20241014A03FMY00

2024-10-15 00:34:43,306 - INFO - EXPIRED
西安一幼儿园超40名幼儿上吐下泻，当地疾控：有孩子感染诺如病毒
https://new.qq.com/rain/a/20241014A09TT900

2024-10-15 00:34:43,306 - INFO - EXPIRED
台湾花莲县海域发生4.1级地震，震源深度28千米
https://new.qq.com/rain/a/20241014A095VH00

2024-10-15 00:34:43,306 - INFO - EXPIRED
中国驻韩大使空缺三个多月何时会任命继任者？外交部回应
https://new.qq.com/rain/a/20241014A080TV00

2024-10-15 00:34:43,306 - INFO - EXPIRED
重庆一中学班主任在班级群发飙“都给老子滚”？校方和辖区教委回应
https://new.qq.com/rain/a/20241014A07RJO00

2024-10-15 00:34:43,306 - INFO - EXPIRED
濮阳警方再回应民警异地办案收差旅费被停职：纪委已介入调查
https://new.qq.com/rain/a/20241014A08D5M00

2024-10-15 00:34:43,306 - INFO - EXPIRED
四维图新发布全新智驾产品，再次炮轰“假无图”： 无图就是无安全底线
https://new.qq.com/rain/a/20241014A0893100

2024-10-15 00:34:43,306 - INFO - EXPIRED
贪腐超31亿元外逃原副市长：有曾举报过他的人说“他这个人会伪装”
https://new.qq.com/rain/a/20241014A05SX100

2024-10-15 00:34:43,306 - INFO - EXPIRED
国防部长董军同俄罗斯国防部长举行会谈 ​​​
https://new.qq.com/rain/a/20241014A087CV00

2024-10-15 00:34:43,306 - INFO - EXPIRED
光伏行业协会组织“反内卷”座谈会，各位企业家及代表达成共识
https://new.qq.com/rain/a/20241014A07Z8V00

2024-10-15 00:34:43,306 - INFO - EXPIRED
现在的房子动辄建二三十层，变成老房子后该怎么处理呢？推倒重建现实吗？
https://view.inews.qq.com/a/20241013Q03J0M00

2024-10-15 00:34:43,306 - INFO - EXPIRED
山西运城一医院大厅晚上变“练歌房”？当地卫体局：已介入处理
https://new.qq.com/rain/a/20241014A06RU700

2024-10-15 00:34:43,306 - INFO - EXPIRED
1334套！上海二手房单日网签量创一年新高：跳价的多了，砍价更难了
https://new.qq.com/rain/a/20241014A071NT00

2024-10-15 00:34:43,306 - INFO - EXPIRED
小米SU7疑为躲电动车冲向公交站致伤亡 家属：姐姐遇难，妈妈急需输血
https://new.qq.com/rain/a/20241014A06ADU00

2024-10-15 00:34:43,306 - INFO - EXPIRED
四川南充市南部县一中学生在校自缢身亡，警方发布通报
https://new.qq.com/rain/a/20241014A07P5L00

2024-10-15 00:34:43,306 - INFO - EXPIRED
山西静乐县回应多人恶意讨薪事件：发布视频与事实不符，3人被拘留
https://new.qq.com/rain/a/20241014V07HLL00

2024-10-15 00:34:43,306 - INFO - EXPIRED
受贿5.55亿余元！辽宁省原副省长、省公安厅原厅长王大伟一审被判死缓
https://new.qq.com/rain/a/20241014A06I4S00

2024-10-15 00:34:43,306 - INFO - EXPIRED
新华社权威快报|9月新发放个人住房贷款利率处于历史低位
https://new.qq.com/rain/a/20241014A06SX800

2024-10-15 00:34:43,306 - INFO - EXPIRED
朝鲜：无人机渗透至平壤事件由韩国军方主导
https://new.qq.com/rain/a/20241014A06QQ200

2024-10-15 00:34:43,306 - INFO - EXPIRED
为直达地铁站，武汉一小区业主集资修路，这能行得通吗？需要办哪些手续？
https://view.inews.qq.com/a/20241014Q041MT00

2024-10-15 00:34:43,306 - INFO - EXPIRED
吴邦国同志生平
https://new.qq.com/rain/a/20241014A0646000

2024-10-15 00:34:43,306 - INFO - EXPIRED
黄天佑出任香港证监会主席
https://new.qq.com/rain/a/20241014A06A8T00

2024-10-15 00:34:43,306 - INFO - EXPIRED
联合国部队连遭以色列袭击，可以出手还击吗？联合国都有哪些办法反制？
https://view.inews.qq.com/a/20241014Q02Z0000

2024-10-15 00:34:43,306 - INFO - EXPIRED
青海省委常委、政法委书记杨发森，主动投案
https://new.qq.com/rain/a/20241014A05C0E00

2024-10-15 00:34:43,306 - INFO - EXPIRED
荣耀CEO赵明：三折手机对我们没什么技术难度，我们已有四折手机专利
https://new.qq.com/rain/a/20241014A05IYP00

2024-10-15 00:34:43,306 - INFO - EXPIRED
ETF市场迎来资金热潮，千亿级ETF规模迅速增长
https://new.qq.com/rain/a/20241014A05L5T00

2024-10-15 00:34:43,306 - INFO - EXPIRED
国台办宣布依法对沈伯洋、曹兴诚和“黑熊学院”实施惩戒
https://new.qq.com/rain/a/20241014A043RL00

2024-10-15 00:34:43,306 - INFO - EXPIRED
湖南张家界：农村户口居民进城购房可办户口迁移，原村集体权益不变 
https://new.qq.com/rain/a/20241014A03X7Y00

2024-10-15 00:34:43,306 - INFO - EXPIRED
美国给目标国植入超5万个间谍程序 我国主要城市成秘密入侵目标
https://new.qq.com/rain/a/20241014V03F7900

2024-10-15 00:34:43,306 - INFO - EXPIRED
河北邯郸一村庄多名村民被杀害？警方通报：因个人矛盾所致，3人死亡
https://new.qq.com/rain/a/20241014A044XG00

2024-10-15 00:34:43,306 - INFO - EXPIRED
海警实现台湾靠大陆侧外岛全控 央媒披露三个突破
https://new.qq.com/rain/a/20241014A024GX00

2024-10-15 00:34:43,306 - INFO - EXPIRED
案涉万达商业股权，好兄弟被催收36亿，考验王健林情义的时候到了
https://new.qq.com/rain/a/20241014A03BYH00

2024-10-15 00:34:43,306 - INFO - EXPIRED
中标河北省重点项目，一年多不开工不退费，公司负责人怀疑入骗局
https://new.qq.com/rain/a/20241014A01DMX00

2024-10-15 00:34:43,306 - INFO - EXPIRED
外逃原副市长涉案金额超31亿，相当于鸡西2017年地方财政收入三分之二
https://new.qq.com/rain/a/20241014A059FL00

2024-10-15 00:34:43,306 - INFO - EXPIRED
百万粉丝网红脑溢血昏迷8天后离世，团队：才32岁，留下4个孩子
https://new.qq.com/rain/a/20241014A03XQY00

2024-10-15 00:34:43,306 - INFO - EXPIRED
医保基金流失调查：哈尔滨4家药店现上万张假处方，金额过亿
https://new.qq.com/rain/a/20241014A04UIB00

2024-10-15 00:34:43,306 - INFO - EXPIRED
外逃贪官李传良涉案超31亿，专家分析：很可能判死刑
https://new.qq.com/rain/a/20241014A03WI500

2024-10-15 00:34:43,306 - INFO - EXPIRED
迈巴赫漏水事件车主再发声：新车回收价抵不上跑了8000公里的老款车
https://new.qq.com/rain/a/20241014A03W6900

2024-10-15 00:34:43,306 - INFO - EXPIRED
粮食公司把过期大米重新包装卖给乡村学校？重庆市监局：罚款690万元
https://new.qq.com/rain/a/20241014A02TI400

2024-10-15 00:34:43,306 - INFO - EXPIRED
深圳一女子称沾染“化骨水”手指严重受伤，相关医院：未收治该病例
https://new.qq.com/rain/a/20241014A04JKL00

2024-10-15 00:34:43,306 - INFO - EXPIRED
部分券商新开户投资者交易率2-3成 交易风格趋向审慎
https://new.qq.com/rain/a/20241014A04XHQ00

2024-10-15 00:34:43,306 - INFO - EXPIRED
违法所得写满整张报纸的原副市长：54岁辞职后外逃、曾举报市委书记
https://new.qq.com/rain/a/20241014A041GP00

2024-10-15 00:34:43,306 - INFO - EXPIRED
2万字专访：黄仁勋深度解读AI时代的机遇与挑战
https://new.qq.com/rain/a/20241014A043LM00

2024-10-15 00:34:43,306 - INFO - EXPIRED
一家难觅地址的深圳企业，多次造假跃升成“中国数码零售巨头”
https://new.qq.com/rain/a/20241014A0398D00

2024-10-15 00:34:43,306 - INFO - EXPIRED
武汉一小区业主集资修路：离地铁站只有600米，却要走40分钟
https://new.qq.com/rain/a/20241013A03F9T00

2024-10-15 00:34:43,306 - INFO - EXPIRED
上海一养护院被曝用小房间“囚禁”多名残障人士，当地镇政府称在核实
https://new.qq.com/rain/a/20241014A03J9L00

2024-10-15 00:34:43,306 - INFO - EXPIRED
亿万富翁被控用矿泉水瓶将前妻鼻子砸成轻伤二级，被判一年两个月
https://new.qq.com/rain/a/20241013A045C800

2024-10-15 00:34:43,306 - INFO - EXPIRED
华储网：1.96万吨冻猪肉将出库
https://new.qq.com/rain/a/20241014A02IW300

2024-10-15 00:34:43,306 - INFO - EXPIRED
俄媒：部分乌克兰武装部队已开始从托列茨克撤离
https://new.qq.com/rain/a/20241014A02VZU00

2024-10-15 00:34:43,306 - INFO - EXPIRED
华尔街热议美股牛市两周年：翻过了山、路还没走完
https://new.qq.com/rain/a/20241014A02UAJ00

2024-10-15 00:34:43,306 - INFO - EXPIRED
光伏行业协会于今天9点在上海召开防止行业内卷式恶性竞争座谈会
https://new.qq.com/rain/a/20241014A03C4I00

2024-10-15 00:34:43,306 - INFO - EXPIRED
注册20多家公司有何用？三问揭开“东北雨姐”直播背后的真相
https://new.qq.com/rain/a/20241013A060Y000

2024-10-15 00:34:43,306 - INFO - EXPIRED
酒仙集团郝鸿峰：茅台镇一半酒厂不下沙，明年或是中小酒企生死存亡年
https://new.qq.com/rain/a/20241014A02AB800

2024-10-15 00:34:43,307 - INFO - EXPIRED
东部战区为什么于凌晨夜间发起演习
https://new.qq.com/rain/a/20241014V00WV900

2024-10-15 00:34:43,307 - INFO - EXPIRED
挑衅越甚，勒得越紧！看三次台岛周边军演示意图
https://new.qq.com/rain/a/20241014A00O8A00

2024-10-15 00:34:43,307 - INFO - EXPIRED
4支海警舰艇编队开展环台岛巡航管控
https://new.qq.com/rain/a/20241014A010QS00

2024-10-15 00:34:43,307 - INFO - EXPIRED
“天下第一水司楼”烂尾，有人接盘了
https://new.qq.com/rain/a/20241014A01AZL00

2024-10-15 00:34:43,307 - INFO - EXPIRED
2025年国考公告发布：计划招录3.97万人，12月1日笔试
https://new.qq.com/rain/a/20241014A02T1T00

2024-10-15 00:34:43,307 - INFO - EXPIRED
天安门下半旗悼念吴邦国同志
https://new.qq.com/rain/a/20241014A0135500

2024-10-15 00:34:43,307 - INFO - EXPIRED
朝鲜人民军总参下达作战预备指示
https://new.qq.com/rain/a/20241013A06KT300

2024-10-15 00:34:43,307 - INFO - EXPIRED
财经调查丨曝光！蓝牌摩托车“狂飙” 背后竟有惊人秘密
https://new.qq.com/rain/a/20241013A072C500

2024-10-15 00:34:43,307 - INFO - EXPIRED
河北秦皇岛游船侧翻致12人死亡，调查报告发布：6人被批准逮捕
https://new.qq.com/rain/a/20241013A06ZX900

2024-10-15 00:34:43,307 - INFO - EXPIRED
东北雨姐带货油污净产品再遭知名博主打假，从爆火到塌房“仅需”20天
https://new.qq.com/rain/a/20241013A04ITM00

2024-10-15 00:34:43,307 - INFO - EXPIRED
独自养娃的单亲妈妈们，最需要的不是男人
https://new.qq.com/rain/a/20241014A01VTI00

2024-10-15 00:34:43,307 - INFO - EXPIRED
哀牢山是“中国的百慕大”？迷雾来临向导也不敢轻易开车
https://new.qq.com/rain/a/20241014A0101L00

2024-10-15 00:34:43,307 - INFO - EXPIRED
北约14日开启年度核演习，以多种方式威慑对手，主要是俄罗斯
https://new.qq.com/rain/a/20241014A00T0G00

2024-10-15 00:34:43,307 - INFO - EXPIRED
河南濮阳警方通报“民警跨省办案索取差旅费”，当事人称银行卡已解冻
https://new.qq.com/rain/a/20241013A06KBK00

2024-10-15 00:34:43,307 - INFO - EXPIRED
计划暗杀？一持枪男子在特朗普竞选集会地附近被捕
https://new.qq.com/rain/a/20241014A00GKY00

2024-10-15 00:34:43,307 - INFO - EXPIRED
村主任撞死邻村村官赔650万改判15年，遇害者女儿：我不想要钱
https://new.qq.com/rain/a/20241013A06B4P00

2024-10-15 00:34:43,307 - INFO - EXPIRED
湖南8个县因焚烧秸秆被约谈
https://new.qq.com/rain/a/20241013A02ZI100

2024-10-15 00:34:43,307 - INFO - EXPIRED
26年老员工举报董事长 IBM大中华区回应“高度重视并彻底调查”
https://new.qq.com/rain/a/20241013A076LD00

2024-10-15 00:34:43,307 - INFO - EXPIRED
警惕！美海军“最安静”核潜艇抵达日本
https://new.qq.com/rain/a/20241013A04QSR00

2024-10-15 00:34:43,307 - INFO - EXPIRED
监管重拳挥向违规减持！有股东套现超三千万，被责令购回并上缴价差
https://new.qq.com/rain/a/20241013A05LX400

2024-10-15 00:34:43,307 - INFO - EXPIRED
但斌回应任泽平：“交流”到此为止，东方港湾依然是百亿私募冠军
https://new.qq.com/rain/a/20241014A00T0U00

2024-10-15 00:34:44,035 - INFO - INVALID
华中农大原教授黄飞若再被通报：撤销国家自然科学基金项目，追回资金
https://new.qq.com/rain/a/20241015A00ZTK00

2024-10-15 00:34:44,043 - INFO - INVALID
金正恩主持召开国防和安全会议 阐明军事政治立场
https://new.qq.com/rain/a/20241015A00KOY00

2024-10-15 00:34:44,105 - INFO - INVALID
山西一学校附近工地水坑发现2名走失小学生遗体 家属：涉事工地已停工
https://new.qq.com/rain/a/20241015A00WIX00

2024-10-15 00:34:44,206 - INFO - INVALID
河南司法厅原厅长王文海突发疾病身亡，此前涉文物大案，二审尚未判决
https://new.qq.com/rain/a/20241015A00YV100

2024-10-15 00:34:44,220 - INFO - INVALID
印度和加拿大相互驱逐外交官
https://new.qq.com/rain/a/20241015A00HRQ00

2024-10-15 00:34:44,396 - INFO - INVALID
2025国考今起报名：拟招3.97万人，近七成专招应届生
https://new.qq.com/rain/a/20241015A007KL00

2024-10-15 00:34:44,418 - INFO - INVALID
经济学家余永定：加大财政政策的扩张力度，实现经济的稳定增长
https://new.qq.com/rain/a/20241015A00Q7S00

2024-10-15 00:34:44,421 - INFO - INVALID
美股收盘：标普、道指再创历史新高 中概股指数跌超2%
https://new.qq.com/rain/a/20241015A00KB000

2024-10-15 00:34:44,492 - INFO - INVALID
经济日报：“零首付”不等于“零代价”
https://new.qq.com/rain/a/20241015A00PJW00

2024-10-15 02:11:39,859 - INFO - EXPIRED
金与正再发声：无人机渗透至平壤事件由韩国军方主导，美国应负责
https://new.qq.com/rain/a/20241014A07JGH00

2024-10-15 02:11:39,859 - INFO - EXPIRED
安排5人用5个拉杆箱“空运”现金，外逃原副市长转移赃款细节曝光
https://new.qq.com/rain/a/20241014A06TID00

2024-10-15 02:11:39,859 - INFO - EXPIRED
“在竹山我说了算！”湖北一干部大闹酒店辱骂他人，本人：我准备戒酒
https://new.qq.com/rain/a/20241014A08OF800

2024-10-15 02:11:39,859 - INFO - EXPIRED
举债2亿建造的“天下第一水司楼”，花3亿改成度假酒店，这次项目能盘活吗？
https://view.inews.qq.com/a/20241014Q09EA100

2024-10-15 02:11:39,859 - INFO - EXPIRED
一人两年买药超过100万！哈尔滨爆出涉医保大案
https://new.qq.com/rain/a/20241014A04UIB00

2024-10-15 02:11:39,859 - INFO - EXPIRED
每平米不到4万！上海豫园商圈一商厦流拍，已荒废10余年
https://new.qq.com/rain/a/20241014A09HKQ00

2024-10-15 02:11:39,859 - INFO - EXPIRED
中方反制后，“欧盟出此下策被农产品商打爆电话”
https://new.qq.com/rain/a/20241014A07TI500

2024-10-15 02:11:39,859 - INFO - EXPIRED
山东一6岁孩子被送去武校仅两月，被17岁助教殴打 警方鉴定：轻伤一级
https://new.qq.com/rain/a/20241014A06APK00

2024-10-15 02:11:39,859 - INFO - EXPIRED
受贿超5.5亿的王大伟一审被判死缓 用来拉钱的商务车曾被压得上不了坡
https://new.qq.com/rain/a/20241014A07YSX00

2024-10-15 02:11:39,859 - INFO - EXPIRED
全行业大面积亏损，有企业半年亏52亿元，光伏行业达成“反内卷”共识
https://new.qq.com/rain/a/20241014A08VAN00

2024-10-15 02:11:39,859 - INFO - EXPIRED
河北老人拾玉米被殴打致1死1伤？当地派出所：案件已移交刑警队
https://new.qq.com/rain/a/20241014V09I6700

2024-10-15 02:11:39,859 - INFO - EXPIRED
被冒名顶替的25年：“我只想要个正常的人生”
https://new.qq.com/rain/a/20241014A09WDW00

2024-10-15 02:11:39,859 - INFO - EXPIRED
王毅分别同以色列外长、伊朗外长通电话
https://new.qq.com/rain/a/20241014A09SL400

2024-10-15 02:11:39,859 - INFO - EXPIRED
特朗普建议在大选日用军队对付“内部敌人”，哈里斯：他在对付同胞
https://new.qq.com/rain/a/20241014A06AV500

2024-10-15 02:11:39,859 - INFO - EXPIRED
河北一村干部以银行代办员身份非法吸储上千万元 数百人受害 当地回应
https://new.qq.com/rain/a/20241014A06YWU00

2024-10-15 02:11:39,859 - INFO - EXPIRED
男孩骑行遭碾轧道路：设有“禁止驶入”标识，仍有机动车和骑友通行
https://new.qq.com/rain/a/20241014A099D900

2024-10-15 02:11:39,859 - INFO - EXPIRED
赴菲工作涉开设赌场案宣判：4名职校生3人免于刑事处罚，1人缓刑
https://new.qq.com/rain/a/20241014A09LCO00

2024-10-15 02:11:39,859 - INFO - EXPIRED
楼市热度持续：改善盘再现“日光”，多城二手房成交量攀新高
https://new.qq.com/rain/a/20241014A09IMU00

2024-10-15 02:11:39,859 - INFO - EXPIRED
中华人民共和国和越南社会主义共和国联合声明（全文）
https://new.qq.com/rain/a/20241014A0943R00

2024-10-15 02:11:39,859 - INFO - EXPIRED
“老头乐”在高速快车道逆行致2人死亡，怎么上高速的？事故责任怎么算？
https://view.inews.qq.com/a/20241014Q04TRT00

2024-10-15 02:11:39,859 - INFO - EXPIRED
起底贪腐超31亿元的外逃副市长：曾说“没鸡西人民，我什么也不是”
https://new.qq.com/rain/a/20241014A083UI00

2024-10-15 02:11:39,859 - INFO - EXPIRED
A50直线拉升！人民币也突然大涨，发生了什么
https://new.qq.com/rain/a/20241014A09JG400

2024-10-15 02:11:39,859 - INFO - EXPIRED
警方通报“老头乐冲卡进成雅高速逆行出车祸”：两人死亡，正进一步调查
https://new.qq.com/rain/a/20241014A0947W00

2024-10-15 02:11:39,859 - INFO - EXPIRED
成都一河道发现无名男尸，警方：死者20岁，系溺亡
https://new.qq.com/rain/a/20241014A0982L00

2024-10-15 02:11:39,859 - INFO - EXPIRED
吴邦国同志生平照片
https://new.qq.com/rain/a/20241014A0880G00

2024-10-15 02:11:39,859 - INFO - EXPIRED
朝鲜做好全面射击准备，半岛局势何以陡然升级
https://new.qq.com/rain/a/20241014A03FMY00

2024-10-15 02:11:39,860 - INFO - EXPIRED
西安一幼儿园超40名幼儿上吐下泻，当地疾控：有孩子感染诺如病毒
https://new.qq.com/rain/a/20241014A09TT900

2024-10-15 02:11:39,860 - INFO - EXPIRED
台湾花莲县海域发生4.1级地震，震源深度28千米
https://new.qq.com/rain/a/20241014A095VH00

2024-10-15 02:11:39,860 - INFO - EXPIRED
中国驻韩大使空缺三个多月何时会任命继任者？外交部回应
https://new.qq.com/rain/a/20241014A080TV00

2024-10-15 02:11:39,860 - INFO - EXPIRED
重庆一中学班主任在班级群发飙“都给老子滚”？校方和辖区教委回应
https://new.qq.com/rain/a/20241014A07RJO00

2024-10-15 02:11:39,860 - INFO - EXPIRED
濮阳警方再回应民警异地办案收差旅费被停职：纪委已介入调查
https://new.qq.com/rain/a/20241014A08D5M00

2024-10-15 02:11:39,860 - INFO - EXPIRED
四维图新发布全新智驾产品，再次炮轰“假无图”： 无图就是无安全底线
https://new.qq.com/rain/a/20241014A0893100

2024-10-15 02:11:39,860 - INFO - EXPIRED
贪腐超31亿元外逃原副市长：有曾举报过他的人说“他这个人会伪装”
https://new.qq.com/rain/a/20241014A05SX100

2024-10-15 02:11:39,860 - INFO - EXPIRED
国防部长董军同俄罗斯国防部长举行会谈 ​​​
https://new.qq.com/rain/a/20241014A087CV00

2024-10-15 02:11:39,860 - INFO - EXPIRED
光伏行业协会组织“反内卷”座谈会，各位企业家及代表达成共识
https://new.qq.com/rain/a/20241014A07Z8V00

2024-10-15 02:11:39,860 - INFO - EXPIRED
现在的房子动辄建二三十层，变成老房子后该怎么处理呢？推倒重建现实吗？
https://view.inews.qq.com/a/20241013Q03J0M00

2024-10-15 02:11:39,860 - INFO - EXPIRED
山西运城一医院大厅晚上变“练歌房”？当地卫体局：已介入处理
https://new.qq.com/rain/a/20241014A06RU700

2024-10-15 02:11:39,860 - INFO - EXPIRED
1334套！上海二手房单日网签量创一年新高：跳价的多了，砍价更难了
https://new.qq.com/rain/a/20241014A071NT00

2024-10-15 02:11:39,860 - INFO - EXPIRED
小米SU7疑为躲电动车冲向公交站致伤亡 家属：姐姐遇难，妈妈急需输血
https://new.qq.com/rain/a/20241014A06ADU00

2024-10-15 02:11:39,860 - INFO - EXPIRED
四川南充市南部县一中学生在校自缢身亡，警方发布通报
https://new.qq.com/rain/a/20241014A07P5L00

2024-10-15 02:11:39,860 - INFO - EXPIRED
山西静乐县回应多人恶意讨薪事件：发布视频与事实不符，3人被拘留
https://new.qq.com/rain/a/20241014V07HLL00

2024-10-15 02:11:39,860 - INFO - EXPIRED
受贿5.55亿余元！辽宁省原副省长、省公安厅原厅长王大伟一审被判死缓
https://new.qq.com/rain/a/20241014A06I4S00

2024-10-15 02:11:39,860 - INFO - EXPIRED
新华社权威快报|9月新发放个人住房贷款利率处于历史低位
https://new.qq.com/rain/a/20241014A06SX800

2024-10-15 02:11:39,860 - INFO - EXPIRED
朝鲜：无人机渗透至平壤事件由韩国军方主导
https://new.qq.com/rain/a/20241014A06QQ200

2024-10-15 02:11:39,860 - INFO - EXPIRED
为直达地铁站，武汉一小区业主集资修路，这能行得通吗？需要办哪些手续？
https://view.inews.qq.com/a/20241014Q041MT00

2024-10-15 02:11:39,860 - INFO - EXPIRED
吴邦国同志生平
https://new.qq.com/rain/a/20241014A0646000

2024-10-15 02:11:39,860 - INFO - EXPIRED
黄天佑出任香港证监会主席
https://new.qq.com/rain/a/20241014A06A8T00

2024-10-15 02:11:39,860 - INFO - EXPIRED
联合国部队连遭以色列袭击，可以出手还击吗？联合国都有哪些办法反制？
https://view.inews.qq.com/a/20241014Q02Z0000

2024-10-15 02:11:39,860 - INFO - EXPIRED
青海省委常委、政法委书记杨发森，主动投案
https://new.qq.com/rain/a/20241014A05C0E00

2024-10-15 02:11:39,860 - INFO - EXPIRED
荣耀CEO赵明：三折手机对我们没什么技术难度，我们已有四折手机专利
https://new.qq.com/rain/a/20241014A05IYP00

2024-10-15 02:11:39,860 - INFO - EXPIRED
ETF市场迎来资金热潮，千亿级ETF规模迅速增长
https://new.qq.com/rain/a/20241014A05L5T00

2024-10-15 02:11:39,860 - INFO - EXPIRED
国台办宣布依法对沈伯洋、曹兴诚和“黑熊学院”实施惩戒
https://new.qq.com/rain/a/20241014A043RL00

2024-10-15 02:11:39,860 - INFO - EXPIRED
湖南张家界：农村户口居民进城购房可办户口迁移，原村集体权益不变 
https://new.qq.com/rain/a/20241014A03X7Y00

2024-10-15 02:11:39,860 - INFO - EXPIRED
美国给目标国植入超5万个间谍程序 我国主要城市成秘密入侵目标
https://new.qq.com/rain/a/20241014V03F7900

2024-10-15 02:11:39,860 - INFO - EXPIRED
河北邯郸一村庄多名村民被杀害？警方通报：因个人矛盾所致，3人死亡
https://new.qq.com/rain/a/20241014A044XG00

2024-10-15 02:11:39,860 - INFO - EXPIRED
海警实现台湾靠大陆侧外岛全控 央媒披露三个突破
https://new.qq.com/rain/a/20241014A024GX00

2024-10-15 02:11:39,860 - INFO - EXPIRED
案涉万达商业股权，好兄弟被催收36亿，考验王健林情义的时候到了
https://new.qq.com/rain/a/20241014A03BYH00

2024-10-15 02:11:39,860 - INFO - EXPIRED
中标河北省重点项目，一年多不开工不退费，公司负责人怀疑入骗局
https://new.qq.com/rain/a/20241014A01DMX00

2024-10-15 02:11:39,860 - INFO - EXPIRED
外逃原副市长涉案金额超31亿，相当于鸡西2017年地方财政收入三分之二
https://new.qq.com/rain/a/20241014A059FL00

2024-10-15 02:11:39,860 - INFO - EXPIRED
百万粉丝网红脑溢血昏迷8天后离世，团队：才32岁，留下4个孩子
https://new.qq.com/rain/a/20241014A03XQY00

2024-10-15 02:11:39,860 - INFO - EXPIRED
外逃贪官李传良涉案超31亿，专家分析：很可能判死刑
https://new.qq.com/rain/a/20241014A03WI500

2024-10-15 02:11:39,860 - INFO - EXPIRED
迈巴赫漏水事件车主再发声：新车回收价抵不上跑了8000公里的老款车
https://new.qq.com/rain/a/20241014A03W6900

2024-10-15 02:11:39,860 - INFO - EXPIRED
粮食公司把过期大米重新包装卖给乡村学校？重庆市监局：罚款690万元
https://new.qq.com/rain/a/20241014A02TI400

2024-10-15 02:11:39,860 - INFO - EXPIRED
深圳一女子称沾染“化骨水”手指严重受伤，相关医院：未收治该病例
https://new.qq.com/rain/a/20241014A04JKL00

2024-10-15 02:11:39,860 - INFO - EXPIRED
部分券商新开户投资者交易率2-3成 交易风格趋向审慎
https://new.qq.com/rain/a/20241014A04XHQ00

2024-10-15 02:11:39,860 - INFO - EXPIRED
违法所得写满整张报纸的原副市长：54岁辞职后外逃、曾举报市委书记
https://new.qq.com/rain/a/20241014A041GP00

2024-10-15 02:11:39,860 - INFO - EXPIRED
2万字专访：黄仁勋深度解读AI时代的机遇与挑战
https://new.qq.com/rain/a/20241014A043LM00

2024-10-15 02:11:39,860 - INFO - EXPIRED
一家难觅地址的深圳企业，多次造假跃升成“中国数码零售巨头”
https://new.qq.com/rain/a/20241014A0398D00

2024-10-15 02:11:39,860 - INFO - EXPIRED
武汉一小区业主集资修路：离地铁站只有600米，却要走40分钟
https://new.qq.com/rain/a/20241013A03F9T00

2024-10-15 02:11:39,860 - INFO - EXPIRED
上海一养护院被曝用小房间“囚禁”多名残障人士，当地镇政府称在核实
https://new.qq.com/rain/a/20241014A03J9L00

2024-10-15 02:11:39,860 - INFO - EXPIRED
亿万富翁被控用矿泉水瓶将前妻鼻子砸成轻伤二级，被判一年两个月
https://new.qq.com/rain/a/20241013A045C800

2024-10-15 02:11:39,860 - INFO - EXPIRED
华储网：1.96万吨冻猪肉将出库
https://new.qq.com/rain/a/20241014A02IW300

2024-10-15 02:11:39,860 - INFO - EXPIRED
俄媒：部分乌克兰武装部队已开始从托列茨克撤离
https://new.qq.com/rain/a/20241014A02VZU00

2024-10-15 02:11:39,860 - INFO - EXPIRED
华尔街热议美股牛市两周年：翻过了山、路还没走完
https://new.qq.com/rain/a/20241014A02UAJ00

2024-10-15 02:11:39,860 - INFO - EXPIRED
光伏行业协会于今天9点在上海召开防止行业内卷式恶性竞争座谈会
https://new.qq.com/rain/a/20241014A03C4I00

2024-10-15 02:11:39,860 - INFO - EXPIRED
注册20多家公司有何用？三问揭开“东北雨姐”直播背后的真相
https://new.qq.com/rain/a/20241013A060Y000

2024-10-15 02:11:39,860 - INFO - EXPIRED
酒仙集团郝鸿峰：茅台镇一半酒厂不下沙，明年或是中小酒企生死存亡年
https://new.qq.com/rain/a/20241014A02AB800

2024-10-15 02:11:39,860 - INFO - EXPIRED
东部战区为什么于凌晨夜间发起演习
https://new.qq.com/rain/a/20241014V00WV900

2024-10-15 02:11:39,860 - INFO - EXPIRED
挑衅越甚，勒得越紧！看三次台岛周边军演示意图
https://new.qq.com/rain/a/20241014A00O8A00

2024-10-15 02:11:39,860 - INFO - EXPIRED
4支海警舰艇编队开展环台岛巡航管控
https://new.qq.com/rain/a/20241014A010QS00

2024-10-15 02:11:39,860 - INFO - EXPIRED
“天下第一水司楼”烂尾，有人接盘了
https://new.qq.com/rain/a/20241014A01AZL00

2024-10-15 02:11:39,860 - INFO - EXPIRED
2025年国考公告发布：计划招录3.97万人，12月1日笔试
https://new.qq.com/rain/a/20241014A02T1T00

2024-10-15 02:11:39,860 - INFO - EXPIRED
天安门下半旗悼念吴邦国同志
https://new.qq.com/rain/a/20241014A0135500

2024-10-15 02:11:39,860 - INFO - EXPIRED
朝鲜人民军总参下达作战预备指示
https://new.qq.com/rain/a/20241013A06KT300

2024-10-15 02:11:39,861 - INFO - EXPIRED
财经调查丨曝光！蓝牌摩托车“狂飙” 背后竟有惊人秘密
https://new.qq.com/rain/a/20241013A072C500

2024-10-15 02:11:39,861 - INFO - EXPIRED
河北秦皇岛游船侧翻致12人死亡，调查报告发布：6人被批准逮捕
https://new.qq.com/rain/a/20241013A06ZX900

2024-10-15 02:11:39,861 - INFO - EXPIRED
东北雨姐带货油污净产品再遭知名博主打假，从爆火到塌房“仅需”20天
https://new.qq.com/rain/a/20241013A04ITM00

2024-10-15 02:11:39,861 - INFO - EXPIRED
独自养娃的单亲妈妈们，最需要的不是男人
https://new.qq.com/rain/a/20241014A01VTI00

2024-10-15 02:11:40,331 - INFO - INVALID
《国家空间科学中长期发展规划（2024—2050年）》发布
https://new.qq.com/rain/a/20241015A01UKR00

2024-10-15 02:11:40,340 - INFO - INVALID
印度和加拿大相互驱逐外交官
https://new.qq.com/rain/a/20241015A00HRQ00

2024-10-15 02:11:40,404 - INFO - INVALID
2023年度个税汇算清缴数据发布 无需缴纳个税人员占比超过七成
https://new.qq.com/rain/a/20241015A01H5U00

2024-10-15 02:11:40,489 - INFO - INVALID
湖南一教师校内驾车撞倒3名学生，致1死2伤，公安机关：刑拘
https://new.qq.com/rain/a/20241015A0190500

2024-10-15 02:11:40,496 - INFO - INVALID
河南司法厅原厅长王文海突发疾病身亡，此前涉文物大案，二审尚未判决
https://new.qq.com/rain/a/20241015A00YV100

2024-10-15 02:11:40,616 - INFO - INVALID
山西一学校附近工地水坑发现2名走失小学生遗体 家属：涉事工地已停工
https://new.qq.com/rain/a/20241015A00WIX00

2024-10-15 02:11:40,621 - INFO - INVALID
金正恩主持召开国防和安全会议 阐明军事政治立场
https://new.qq.com/rain/a/20241015A00KOY00

2024-10-15 02:11:40,702 - INFO - INVALID
华中农大原教授黄飞若再被通报：撤销国家自然科学基金项目，追回资金
https://new.qq.com/rain/a/20241015A00ZTK00

2024-10-15 02:11:40,792 - INFO - INVALID
美股收盘：标普、道指再创历史新高 中概股指数跌超2%
https://new.qq.com/rain/a/20241015A00KB000

2024-10-15 02:11:40,845 - INFO - INVALID
2025国考今起报名：拟招3.97万人，近七成专招应届生
https://new.qq.com/rain/a/20241015A007KL00

2024-10-15 02:11:40,916 - INFO - INVALID
经济日报：“零首付”不等于“零代价”
https://new.qq.com/rain/a/20241015A00PJW00

2024-10-15 02:11:40,975 - INFO - INVALID
经济学家余永定：加大财政政策的扩张力度，实现经济的稳定增长
https://new.qq.com/rain/a/20241015A00Q7S00

2024-10-15 03:15:03,211 - INFO - EXPIRED
涉案超31亿的原副市长卷钱外逃，真就拿他没辙了吗？媒体解读
https://new.qq.com/rain/a/20241014A041GP00

2024-10-15 03:15:03,211 - INFO - EXPIRED
每平米不到4万，上海豫园商圈一商厦流拍，已荒废10余年
https://new.qq.com/rain/a/20241014A09HKQ00

2024-10-15 03:15:03,211 - INFO - EXPIRED
“在竹山我说了算！”湖北一干部大闹酒店辱骂他人，本人：我准备戒酒
https://new.qq.com/rain/a/20241014A08OF800

2024-10-15 03:15:03,211 - INFO - EXPIRED
拆迁贵、回迁远、居住体验差，市中心的老小区最后的结局会是什么？
https://view.inews.qq.com/a/20241014Q068SQ00

2024-10-15 03:15:03,211 - INFO - EXPIRED
网红涌入上海一三甲医院打卡拍照，市民吐槽：占用长椅，影响正常就医
https://new.qq.com/rain/a/20241014A09AX600

2024-10-15 03:15:03,211 - INFO - EXPIRED
江苏一初中副校长出轨已婚女被举报，女方丈夫：这事还是别人告诉我的
https://new.qq.com/rain/a/20241014A08GU700

2024-10-15 03:15:03,211 - INFO - EXPIRED
受贿超5.5亿的王大伟一审被判死缓 用来拉钱的商务车曾被压得上不了坡
https://new.qq.com/rain/a/20241014A07YSX00

2024-10-15 03:15:03,211 - INFO - EXPIRED
山东一6岁男孩被送去武校仅两月 被17岁助教殴打成轻伤一级 校方回应
https://new.qq.com/rain/a/20241014A06APK00

2024-10-15 03:15:03,211 - INFO - EXPIRED
河北老人拾玉米被殴打致1死1伤？当地派出所：案件已移交刑警队
https://new.qq.com/rain/a/20241014V09I6700

2024-10-15 03:15:03,211 - INFO - EXPIRED
被冒名顶替的25年：“我只想要个正常的人生”
https://new.qq.com/rain/a/20241014A09WDW00

2024-10-15 03:15:03,211 - INFO - EXPIRED
中方反制后，“欧盟出此下策被农产品商打爆电话”
https://new.qq.com/rain/a/20241014A07TI500

2024-10-15 03:15:03,211 - INFO - EXPIRED
举债2亿建造的“天下第一水司楼”，花3亿改成度假酒店，这次项目能盘活吗？
https://view.inews.qq.com/a/20241014Q09EA100

2024-10-15 03:15:03,211 - INFO - EXPIRED
安排5人用5个拉杆箱“空运”现金，外逃原副市长转移赃款细节曝光
https://new.qq.com/rain/a/20241014A06TID00

2024-10-15 03:15:03,211 - INFO - EXPIRED
一人两年买药超过100万！哈尔滨爆出涉医保大案
https://new.qq.com/rain/a/20241014A04UIB00

2024-10-15 03:15:03,211 - INFO - EXPIRED
全行业大面积亏损，有企业半年亏52亿元，光伏行业达成“反内卷”共识
https://new.qq.com/rain/a/20241014A08VAN00

2024-10-15 03:15:03,211 - INFO - EXPIRED
金与正再发声：无人机渗透至平壤事件由韩国军方主导，美国应负责
https://new.qq.com/rain/a/20241014A07JGH00

2024-10-15 03:15:03,211 - INFO - EXPIRED
王毅分别同以色列外长、伊朗外长通电话
https://new.qq.com/rain/a/20241014A09SL400

2024-10-15 03:15:03,211 - INFO - EXPIRED
特朗普建议在大选日用军队对付“内部敌人”，哈里斯：他在对付同胞
https://new.qq.com/rain/a/20241014A06AV500

2024-10-15 03:15:03,211 - INFO - EXPIRED
河北一村干部以银行代办员身份非法吸储上千万元 数百人受害 当地回应
https://new.qq.com/rain/a/20241014A06YWU00

2024-10-15 03:15:03,211 - INFO - EXPIRED
男孩骑行遭碾轧道路：设有“禁止驶入”标识，仍有机动车和骑友通行
https://new.qq.com/rain/a/20241014A099D900

2024-10-15 03:15:03,211 - INFO - EXPIRED
赴菲工作涉开设赌场案宣判：4名职校生3人免于刑事处罚，1人缓刑
https://new.qq.com/rain/a/20241014A09LCO00

2024-10-15 03:15:03,211 - INFO - EXPIRED
楼市热度持续：改善盘再现“日光”，多城二手房成交量攀新高
https://new.qq.com/rain/a/20241014A09IMU00

2024-10-15 03:15:03,211 - INFO - EXPIRED
中华人民共和国和越南社会主义共和国联合声明（全文）
https://new.qq.com/rain/a/20241014A0943R00

2024-10-15 03:15:03,211 - INFO - EXPIRED
“老头乐”在高速快车道逆行致2人死亡，怎么上高速的？事故责任怎么算？
https://view.inews.qq.com/a/20241014Q04TRT00

2024-10-15 03:15:03,211 - INFO - EXPIRED
起底贪腐超31亿元的外逃副市长：曾说“没鸡西人民，我什么也不是”
https://new.qq.com/rain/a/20241014A083UI00

2024-10-15 03:15:03,211 - INFO - EXPIRED
A50直线拉升！人民币也突然大涨，发生了什么
https://new.qq.com/rain/a/20241014A09JG400

2024-10-15 03:15:03,211 - INFO - EXPIRED
警方通报“老头乐冲卡进成雅高速逆行出车祸”：两人死亡，正进一步调查
https://new.qq.com/rain/a/20241014A0947W00

2024-10-15 03:15:03,211 - INFO - EXPIRED
成都一河道发现无名男尸，警方：死者20岁，系溺亡
https://new.qq.com/rain/a/20241014A0982L00

2024-10-15 03:15:03,211 - INFO - EXPIRED
吴邦国同志生平照片
https://new.qq.com/rain/a/20241014A0880G00

2024-10-15 03:15:03,211 - INFO - EXPIRED
朝鲜做好全面射击准备，半岛局势何以陡然升级
https://new.qq.com/rain/a/20241014A03FMY00

2024-10-15 03:15:03,211 - INFO - EXPIRED
西安一幼儿园超40名幼儿上吐下泻，当地疾控：有孩子感染诺如病毒
https://new.qq.com/rain/a/20241014A09TT900

2024-10-15 03:15:03,211 - INFO - EXPIRED
台湾花莲县海域发生4.1级地震，震源深度28千米
https://new.qq.com/rain/a/20241014A095VH00

2024-10-15 03:15:03,211 - INFO - EXPIRED
中国驻韩大使空缺三个多月何时会任命继任者？外交部回应
https://new.qq.com/rain/a/20241014A080TV00

2024-10-15 03:15:03,211 - INFO - EXPIRED
重庆一中学班主任在班级群发飙“都给老子滚”？校方和辖区教委回应
https://new.qq.com/rain/a/20241014A07RJO00

2024-10-15 03:15:03,211 - INFO - EXPIRED
濮阳警方再回应民警异地办案收差旅费被停职：纪委已介入调查
https://new.qq.com/rain/a/20241014A08D5M00

2024-10-15 03:15:03,211 - INFO - EXPIRED
四维图新发布全新智驾产品，再次炮轰“假无图”： 无图就是无安全底线
https://new.qq.com/rain/a/20241014A0893100

2024-10-15 03:15:03,211 - INFO - EXPIRED
贪腐超31亿元外逃原副市长：有曾举报过他的人说“他这个人会伪装”
https://new.qq.com/rain/a/20241014A05SX100

2024-10-15 03:15:03,211 - INFO - EXPIRED
国防部长董军同俄罗斯国防部长举行会谈 ​​​
https://new.qq.com/rain/a/20241014A087CV00

2024-10-15 03:15:03,211 - INFO - EXPIRED
光伏行业协会组织“反内卷”座谈会，各位企业家及代表达成共识
https://new.qq.com/rain/a/20241014A07Z8V00

2024-10-15 03:15:03,211 - INFO - EXPIRED
现在的房子动辄建二三十层，变成老房子后该怎么处理呢？推倒重建现实吗？
https://view.inews.qq.com/a/20241013Q03J0M00

2024-10-15 03:15:03,212 - INFO - EXPIRED
山西运城一医院大厅晚上变“练歌房”？当地卫体局：已介入处理
https://new.qq.com/rain/a/20241014A06RU700

2024-10-15 03:15:03,212 - INFO - EXPIRED
1334套！上海二手房单日网签量创一年新高：跳价的多了，砍价更难了
https://new.qq.com/rain/a/20241014A071NT00

2024-10-15 03:15:03,212 - INFO - EXPIRED
小米SU7疑为躲电动车冲向公交站致伤亡 家属：姐姐遇难，妈妈急需输血
https://new.qq.com/rain/a/20241014A06ADU00

2024-10-15 03:15:03,212 - INFO - EXPIRED
四川南充市南部县一中学生在校自缢身亡，警方发布通报
https://new.qq.com/rain/a/20241014A07P5L00

2024-10-15 03:15:03,212 - INFO - EXPIRED
山西静乐县回应多人恶意讨薪事件：发布视频与事实不符，3人被拘留
https://new.qq.com/rain/a/20241014V07HLL00

2024-10-15 03:15:03,212 - INFO - EXPIRED
受贿5.55亿余元！辽宁省原副省长、省公安厅原厅长王大伟一审被判死缓
https://new.qq.com/rain/a/20241014A06I4S00

2024-10-15 03:15:03,212 - INFO - EXPIRED
新华社权威快报|9月新发放个人住房贷款利率处于历史低位
https://new.qq.com/rain/a/20241014A06SX800

2024-10-15 03:15:03,212 - INFO - EXPIRED
朝鲜：无人机渗透至平壤事件由韩国军方主导
https://new.qq.com/rain/a/20241014A06QQ200

2024-10-15 03:15:03,212 - INFO - EXPIRED
为直达地铁站，武汉一小区业主集资修路，这能行得通吗？需要办哪些手续？
https://view.inews.qq.com/a/20241014Q041MT00

2024-10-15 03:15:03,212 - INFO - EXPIRED
吴邦国同志生平
https://new.qq.com/rain/a/20241014A0646000

2024-10-15 03:15:03,212 - INFO - EXPIRED
黄天佑出任香港证监会主席
https://new.qq.com/rain/a/20241014A06A8T00

2024-10-15 03:15:03,212 - INFO - EXPIRED
联合国部队连遭以色列袭击，可以出手还击吗？联合国都有哪些办法反制？
https://view.inews.qq.com/a/20241014Q02Z0000

2024-10-15 03:15:03,212 - INFO - EXPIRED
青海省委常委、政法委书记杨发森，主动投案
https://new.qq.com/rain/a/20241014A05C0E00

2024-10-15 03:15:03,212 - INFO - EXPIRED
荣耀CEO赵明：三折手机对我们没什么技术难度，我们已有四折手机专利
https://new.qq.com/rain/a/20241014A05IYP00

2024-10-15 03:15:03,212 - INFO - EXPIRED
ETF市场迎来资金热潮，千亿级ETF规模迅速增长
https://new.qq.com/rain/a/20241014A05L5T00

2024-10-15 03:15:03,212 - INFO - EXPIRED
国台办宣布依法对沈伯洋、曹兴诚和“黑熊学院”实施惩戒
https://new.qq.com/rain/a/20241014A043RL00

2024-10-15 03:15:03,212 - INFO - EXPIRED
湖南张家界：农村户口居民进城购房可办户口迁移，原村集体权益不变 
https://new.qq.com/rain/a/20241014A03X7Y00

2024-10-15 03:15:03,212 - INFO - EXPIRED
美国给目标国植入超5万个间谍程序 我国主要城市成秘密入侵目标
https://new.qq.com/rain/a/20241014V03F7900

2024-10-15 03:15:03,212 - INFO - EXPIRED
河北邯郸一村庄多名村民被杀害？警方通报：因个人矛盾所致，3人死亡
https://new.qq.com/rain/a/20241014A044XG00

2024-10-15 03:15:03,212 - INFO - EXPIRED
海警实现台湾靠大陆侧外岛全控 央媒披露三个突破
https://new.qq.com/rain/a/20241014A024GX00

2024-10-15 03:15:03,212 - INFO - EXPIRED
案涉万达商业股权，好兄弟被催收36亿，考验王健林情义的时候到了
https://new.qq.com/rain/a/20241014A03BYH00

2024-10-15 03:15:03,212 - INFO - EXPIRED
中标河北省重点项目，一年多不开工不退费，公司负责人怀疑入骗局
https://new.qq.com/rain/a/20241014A01DMX00

2024-10-15 03:15:03,212 - INFO - EXPIRED
外逃原副市长涉案金额超31亿，相当于鸡西2017年地方财政收入三分之二
https://new.qq.com/rain/a/20241014A059FL00

2024-10-15 03:15:03,212 - INFO - EXPIRED
百万粉丝网红脑溢血昏迷8天后离世，团队：才32岁，留下4个孩子
https://new.qq.com/rain/a/20241014A03XQY00

2024-10-15 03:15:03,212 - INFO - EXPIRED
外逃贪官李传良涉案超31亿，专家分析：很可能判死刑
https://new.qq.com/rain/a/20241014A03WI500

2024-10-15 03:15:03,212 - INFO - EXPIRED
迈巴赫漏水事件车主再发声：新车回收价抵不上跑了8000公里的老款车
https://new.qq.com/rain/a/20241014A03W6900

2024-10-15 03:15:03,212 - INFO - EXPIRED
粮食公司把过期大米重新包装卖给乡村学校？重庆市监局：罚款690万元
https://new.qq.com/rain/a/20241014A02TI400

2024-10-15 03:15:03,212 - INFO - EXPIRED
深圳一女子称沾染“化骨水”手指严重受伤，相关医院：未收治该病例
https://new.qq.com/rain/a/20241014A04JKL00

2024-10-15 03:15:03,212 - INFO - EXPIRED
部分券商新开户投资者交易率2-3成 交易风格趋向审慎
https://new.qq.com/rain/a/20241014A04XHQ00

2024-10-15 03:15:03,212 - INFO - EXPIRED
2万字专访：黄仁勋深度解读AI时代的机遇与挑战
https://new.qq.com/rain/a/20241014A043LM00

2024-10-15 03:15:03,212 - INFO - EXPIRED
一家难觅地址的深圳企业，多次造假跃升成“中国数码零售巨头”
https://new.qq.com/rain/a/20241014A0398D00

2024-10-15 03:15:03,212 - INFO - EXPIRED
武汉一小区业主集资修路：离地铁站只有600米，却要走40分钟
https://new.qq.com/rain/a/20241013A03F9T00

2024-10-15 03:15:03,212 - INFO - EXPIRED
上海一养护院被曝用小房间“囚禁”多名残障人士，当地镇政府称在核实
https://new.qq.com/rain/a/20241014A03J9L00

2024-10-15 03:15:03,212 - INFO - EXPIRED
亿万富翁被控用矿泉水瓶将前妻鼻子砸成轻伤二级，被判一年两个月
https://new.qq.com/rain/a/20241013A045C800

2024-10-15 03:15:03,212 - INFO - EXPIRED
华储网：1.96万吨冻猪肉将出库
https://new.qq.com/rain/a/20241014A02IW300

2024-10-15 03:15:03,212 - INFO - EXPIRED
俄媒：部分乌克兰武装部队已开始从托列茨克撤离
https://new.qq.com/rain/a/20241014A02VZU00

2024-10-15 03:15:03,212 - INFO - EXPIRED
华尔街热议美股牛市两周年：翻过了山、路还没走完
https://new.qq.com/rain/a/20241014A02UAJ00

2024-10-15 03:15:03,212 - INFO - EXPIRED
光伏行业协会于今天9点在上海召开防止行业内卷式恶性竞争座谈会
https://new.qq.com/rain/a/20241014A03C4I00

2024-10-15 03:15:03,212 - INFO - EXPIRED
注册20多家公司有何用？三问揭开“东北雨姐”直播背后的真相
https://new.qq.com/rain/a/20241013A060Y000

2024-10-15 03:15:03,212 - INFO - EXPIRED
酒仙集团郝鸿峰：茅台镇一半酒厂不下沙，明年或是中小酒企生死存亡年
https://new.qq.com/rain/a/20241014A02AB800

2024-10-15 03:15:03,212 - INFO - EXPIRED
东部战区为什么于凌晨夜间发起演习
https://new.qq.com/rain/a/20241014V00WV900

2024-10-15 03:15:03,212 - INFO - EXPIRED
挑衅越甚，勒得越紧！看三次台岛周边军演示意图
https://new.qq.com/rain/a/20241014A00O8A00

2024-10-15 03:15:03,939 - INFO - INVALID
湖南一教师校内驾车撞倒3名学生，致1死2伤，公安机关：刑拘
https://new.qq.com/rain/a/20241015A0190500

2024-10-15 03:15:03,945 - INFO - INVALID
嫦娥六号月壤首次向全球展出，样品重75毫克
https://new.qq.com/rain/a/20241015A02ONJ00

2024-10-15 03:15:03,950 - INFO - INVALID
最高检对新疆维吾尔自治区政协原副主席窦万贵决定逮捕
https://new.qq.com/rain/a/20241015A024CL00

2024-10-15 03:15:03,959 - INFO - INVALID
又一波贷款入市“吃亏者”出现！已有投资者被银行提前收回资金
https://new.qq.com/rain/a/20241015A02HL200

2024-10-15 03:15:04,018 - INFO - INVALID
欧委会主席冯德莱恩：即使对华电动汽车加征关税生效，仍将与中国谈判
https://new.qq.com/rain/a/20241015A01E9500

2024-10-15 03:15:04,186 - INFO - INVALID
华中农大原教授黄飞若再被通报：撤销国家自然科学基金项目，追回资金
https://new.qq.com/rain/a/20241015A00ZTK00

2024-10-15 03:15:04,202 - INFO - INVALID
小米SU7冲上公交站台致一死一伤 警方通报：司机避让电动车时操作不当
https://new.qq.com/rain/a/20241015A0256R00

2024-10-15 03:15:04,271 - INFO - INVALID
山西一学校附近工地水坑发现2名小学生遗体，家属：涉事工地已停工
https://new.qq.com/rain/a/20241015A00WIX00

2024-10-15 03:15:04,301 - INFO - INVALID
年入数千万的时代一去不返！汽车经销商大面积亏损，协会紧急上书求援
https://new.qq.com/rain/a/20241015A01XMZ00

2024-10-15 03:15:04,333 - INFO - INVALID
《国家空间科学中长期发展规划（2024—2050年）》发布
https://new.qq.com/rain/a/20241015A01UKR00

2024-10-15 03:15:04,412 - INFO - INVALID
2023年度个税汇算清缴数据发布 无需缴纳个税人员占比超过七成
https://new.qq.com/rain/a/20241015A01H5U00

2024-10-15 03:15:04,506 - INFO - INVALID
印度和加拿大相互驱逐外交官
https://new.qq.com/rain/a/20241015A00HRQ00

2024-10-15 03:15:04,544 - INFO - INVALID
金正恩主持召开国防和安全会议 阐明军事政治立场
https://new.qq.com/rain/a/20241015A00KOY00

2024-10-15 03:15:04,633 - INFO - INVALID
2025国考今起报名：拟招3.97万人，近七成专招应届生
https://new.qq.com/rain/a/20241015A007KL00

2024-10-15 03:15:04,682 - INFO - INVALID
河南司法厅原厅长王文海突发疾病身亡，此前涉文物大案，二审尚未判决
https://new.qq.com/rain/a/20241015A00YV100

2024-10-15 03:15:04,733 - INFO - INVALID
经济学家余永定：中央政府要“出血”，该替地方政府还的债要还
https://new.qq.com/rain/a/20241015A00Q7S00

2024-10-15 03:15:04,796 - INFO - INVALID
经济日报：“零首付”不等于“零代价”
https://new.qq.com/rain/a/20241015A00PJW00

2024-10-15 03:15:05,037 - INFO - INVALID
美股收盘：标普、道指再创历史新高 中概股指数跌超2%
https://new.qq.com/rain/a/20241015A00KB000

2024-10-15 04:09:10,347 - INFO - EXPIRED
涉案超31亿的原副市长卷钱外逃，真就拿他没辙了吗？媒体解读
https://new.qq.com/rain/a/20241014A041GP00

2024-10-15 04:09:10,347 - INFO - EXPIRED
“在竹山我说了算！”湖北一干部大闹酒店辱骂他人，本人：我准备戒酒
https://new.qq.com/rain/a/20241014A08OF800

2024-10-15 04:09:10,347 - INFO - EXPIRED
“70后”候补中央委员主动投案，曾被“东突”组织公布照片扬言报复
https://new.qq.com/rain/a/20241014A07LNH00

2024-10-15 04:09:10,347 - INFO - EXPIRED
网红涌入上海一三甲医院打卡拍照，市民吐槽：占用长椅，影响正常就医
https://new.qq.com/rain/a/20241014A09AX600

2024-10-15 04:09:10,347 - INFO - EXPIRED
江苏一初中副校长出轨已婚女被举报，女方丈夫：这事还是别人告诉我的
https://new.qq.com/rain/a/20241014A08GU700

2024-10-15 04:09:10,347 - INFO - EXPIRED
受贿超5.5亿的王大伟一审被判死缓 用来拉钱的商务车曾被压得上不了坡
https://new.qq.com/rain/a/20241014A07YSX00

2024-10-15 04:09:10,347 - INFO - EXPIRED
每平米不到4万，上海豫园商圈一商厦流拍，已荒废10余年
https://new.qq.com/rain/a/20241014A09HKQ00

2024-10-15 04:09:10,347 - INFO - EXPIRED
山东一6岁男孩被送去武校仅两月 被17岁助教殴打成轻伤一级 校方回应
https://new.qq.com/rain/a/20241014A06APK00

2024-10-15 04:09:10,347 - INFO - EXPIRED
被冒名顶替的25年：“我只想要个正常的人生”
https://new.qq.com/rain/a/20241014A09WDW00

2024-10-15 04:09:10,347 - INFO - EXPIRED
中方反制后，“欧盟出此下策被农产品商打爆电话”
https://new.qq.com/rain/a/20241014A07TI500

2024-10-15 04:09:10,347 - INFO - EXPIRED
举债2亿建造的“天下第一水司楼”，花3亿改成度假酒店，这次项目能盘活吗？
https://view.inews.qq.com/a/20241014Q09EA100

2024-10-15 04:09:10,347 - INFO - EXPIRED
安排5人用5个拉杆箱“空运”现金，外逃原副市长转移赃款细节曝光
https://new.qq.com/rain/a/20241014A06TID00

2024-10-15 04:09:10,347 - INFO - EXPIRED
一人两年买药超过100万！哈尔滨爆出涉医保大案
https://new.qq.com/rain/a/20241014A04UIB00

2024-10-15 04:09:10,347 - INFO - EXPIRED
全行业大面积亏损，有企业半年亏52亿元，光伏行业达成“反内卷”共识
https://new.qq.com/rain/a/20241014A08VAN00

2024-10-15 04:09:10,347 - INFO - EXPIRED
金与正再发声：无人机渗透至平壤事件由韩国军方主导，美国应负责
https://new.qq.com/rain/a/20241014A07JGH00

2024-10-15 04:09:10,347 - INFO - EXPIRED
王毅分别同以色列外长、伊朗外长通电话
https://new.qq.com/rain/a/20241014A09SL400

2024-10-15 04:09:10,347 - INFO - EXPIRED
特朗普建议在大选日用军队对付“内部敌人”，哈里斯：他在对付同胞
https://new.qq.com/rain/a/20241014A06AV500

2024-10-15 04:09:10,347 - INFO - EXPIRED
河北一村干部以银行代办员身份非法吸储上千万元 数百人受害 当地回应
https://new.qq.com/rain/a/20241014A06YWU00

2024-10-15 04:09:10,347 - INFO - EXPIRED
男孩骑行遭碾轧道路：设有“禁止驶入”标识，仍有机动车和骑友通行
https://new.qq.com/rain/a/20241014A099D900

2024-10-15 04:09:10,347 - INFO - EXPIRED
赴菲工作涉开设赌场案宣判：4名职校生3人免于刑事处罚，1人缓刑
https://new.qq.com/rain/a/20241014A09LCO00

2024-10-15 04:09:10,347 - INFO - EXPIRED
楼市热度持续：改善盘再现“日光”，多城二手房成交量攀新高
https://new.qq.com/rain/a/20241014A09IMU00

2024-10-15 04:09:10,347 - INFO - EXPIRED
中华人民共和国和越南社会主义共和国联合声明（全文）
https://new.qq.com/rain/a/20241014A0943R00

2024-10-15 04:09:10,348 - INFO - EXPIRED
“老头乐”在高速快车道逆行致2人死亡，怎么上高速的？事故责任怎么算？
https://view.inews.qq.com/a/20241014Q04TRT00

2024-10-15 04:09:10,348 - INFO - EXPIRED
起底贪腐超31亿元的外逃副市长：曾说“没鸡西人民，我什么也不是”
https://new.qq.com/rain/a/20241014A083UI00

2024-10-15 04:09:10,348 - INFO - EXPIRED
A50直线拉升！人民币也突然大涨，发生了什么
https://new.qq.com/rain/a/20241014A09JG400

2024-10-15 04:09:10,348 - INFO - EXPIRED
警方通报“老头乐冲卡进成雅高速逆行出车祸”：两人死亡，正进一步调查
https://new.qq.com/rain/a/20241014A0947W00

2024-10-15 04:09:10,348 - INFO - EXPIRED
成都一河道发现无名男尸，警方：死者20岁，系溺亡
https://new.qq.com/rain/a/20241014A0982L00

2024-10-15 04:09:10,348 - INFO - EXPIRED
吴邦国同志生平照片
https://new.qq.com/rain/a/20241014A0880G00

2024-10-15 04:09:10,348 - INFO - EXPIRED
朝鲜做好全面射击准备，半岛局势何以陡然升级
https://new.qq.com/rain/a/20241014A03FMY00

2024-10-15 04:09:10,348 - INFO - EXPIRED
西安一幼儿园超40名幼儿上吐下泻，当地疾控：有孩子感染诺如病毒
https://new.qq.com/rain/a/20241014A09TT900

2024-10-15 04:09:10,348 - INFO - EXPIRED
台湾花莲县海域发生4.1级地震，震源深度28千米
https://new.qq.com/rain/a/20241014A095VH00

2024-10-15 04:09:10,348 - INFO - EXPIRED
中国驻韩大使空缺三个多月何时会任命继任者？外交部回应
https://new.qq.com/rain/a/20241014A080TV00

2024-10-15 04:09:10,348 - INFO - EXPIRED
重庆一中学班主任在班级群发飙“都给老子滚”？校方和辖区教委回应
https://new.qq.com/rain/a/20241014A07RJO00

2024-10-15 04:09:10,348 - INFO - EXPIRED
濮阳警方再回应民警异地办案收差旅费被停职：纪委已介入调查
https://new.qq.com/rain/a/20241014A08D5M00

2024-10-15 04:09:10,348 - INFO - EXPIRED
四维图新发布全新智驾产品，再次炮轰“假无图”： 无图就是无安全底线
https://new.qq.com/rain/a/20241014A0893100

2024-10-15 04:09:10,348 - INFO - EXPIRED
贪腐超31亿元外逃原副市长：有曾举报过他的人说“他这个人会伪装”
https://new.qq.com/rain/a/20241014A05SX100

2024-10-15 04:09:10,348 - INFO - EXPIRED
国防部长董军同俄罗斯国防部长举行会谈 ​​​
https://new.qq.com/rain/a/20241014A087CV00

2024-10-15 04:09:10,348 - INFO - EXPIRED
光伏行业协会组织“反内卷”座谈会，各位企业家及代表达成共识
https://new.qq.com/rain/a/20241014A07Z8V00

2024-10-15 04:09:10,348 - INFO - EXPIRED
现在的房子动辄建二三十层，变成老房子后该怎么处理呢？推倒重建现实吗？
https://view.inews.qq.com/a/20241013Q03J0M00

2024-10-15 04:09:10,348 - INFO - EXPIRED
山西运城一医院大厅晚上变“练歌房”？当地卫体局：已介入处理
https://new.qq.com/rain/a/20241014A06RU700

2024-10-15 04:09:10,348 - INFO - EXPIRED
1334套！上海二手房单日网签量创一年新高：跳价的多了，砍价更难了
https://new.qq.com/rain/a/20241014A071NT00

2024-10-15 04:09:10,348 - INFO - EXPIRED
小米SU7疑为躲电动车冲向公交站致伤亡 家属：姐姐遇难，妈妈急需输血
https://new.qq.com/rain/a/20241014A06ADU00

2024-10-15 04:09:10,348 - INFO - EXPIRED
四川南充市南部县一中学生在校自缢身亡，警方发布通报
https://new.qq.com/rain/a/20241014A07P5L00

2024-10-15 04:09:10,348 - INFO - EXPIRED
山西静乐县回应多人恶意讨薪事件：发布视频与事实不符，3人被拘留
https://new.qq.com/rain/a/20241014V07HLL00

2024-10-15 04:09:10,348 - INFO - EXPIRED
受贿5.55亿余元！辽宁省原副省长、省公安厅原厅长王大伟一审被判死缓
https://new.qq.com/rain/a/20241014A06I4S00

2024-10-15 04:09:10,348 - INFO - EXPIRED
新华社权威快报|9月新发放个人住房贷款利率处于历史低位
https://new.qq.com/rain/a/20241014A06SX800

2024-10-15 04:09:10,348 - INFO - EXPIRED
朝鲜：无人机渗透至平壤事件由韩国军方主导
https://new.qq.com/rain/a/20241014A06QQ200

2024-10-15 04:09:10,348 - INFO - EXPIRED
为直达地铁站，武汉一小区业主集资修路，这能行得通吗？需要办哪些手续？
https://view.inews.qq.com/a/20241014Q041MT00

2024-10-15 04:09:10,348 - INFO - EXPIRED
吴邦国同志生平
https://new.qq.com/rain/a/20241014A0646000

2024-10-15 04:09:10,348 - INFO - EXPIRED
黄天佑出任香港证监会主席
https://new.qq.com/rain/a/20241014A06A8T00

2024-10-15 04:09:10,348 - INFO - EXPIRED
联合国部队连遭以色列袭击，可以出手还击吗？联合国都有哪些办法反制？
https://view.inews.qq.com/a/20241014Q02Z0000

2024-10-15 04:09:10,348 - INFO - EXPIRED
青海省委常委、政法委书记杨发森，主动投案
https://new.qq.com/rain/a/20241014A05C0E00

2024-10-15 04:09:10,348 - INFO - EXPIRED
荣耀CEO赵明：三折手机对我们没什么技术难度，我们已有四折手机专利
https://new.qq.com/rain/a/20241014A05IYP00

2024-10-15 04:09:10,348 - INFO - EXPIRED
ETF市场迎来资金热潮，千亿级ETF规模迅速增长
https://new.qq.com/rain/a/20241014A05L5T00

2024-10-15 04:09:10,348 - INFO - EXPIRED
国台办宣布依法对沈伯洋、曹兴诚和“黑熊学院”实施惩戒
https://new.qq.com/rain/a/20241014A043RL00

2024-10-15 04:09:10,348 - INFO - EXPIRED
湖南张家界：农村户口居民进城购房可办户口迁移，原村集体权益不变 
https://new.qq.com/rain/a/20241014A03X7Y00

2024-10-15 04:09:10,348 - INFO - EXPIRED
美国给目标国植入超5万个间谍程序 我国主要城市成秘密入侵目标
https://new.qq.com/rain/a/20241014V03F7900

2024-10-15 04:09:10,348 - INFO - EXPIRED
河北邯郸一村庄多名村民被杀害？警方通报：因个人矛盾所致，3人死亡
https://new.qq.com/rain/a/20241014A044XG00

2024-10-15 04:09:10,348 - INFO - EXPIRED
海警实现台湾靠大陆侧外岛全控 央媒披露三个突破
https://new.qq.com/rain/a/20241014A024GX00

2024-10-15 04:09:10,348 - INFO - EXPIRED
案涉万达商业股权，好兄弟被催收36亿，考验王健林情义的时候到了
https://new.qq.com/rain/a/20241014A03BYH00

2024-10-15 04:09:10,348 - INFO - EXPIRED
中标河北省重点项目，一年多不开工不退费，公司负责人怀疑入骗局
https://new.qq.com/rain/a/20241014A01DMX00

2024-10-15 04:09:10,348 - INFO - EXPIRED
外逃原副市长涉案金额超31亿，相当于鸡西2017年地方财政收入三分之二
https://new.qq.com/rain/a/20241014A059FL00

2024-10-15 04:09:10,348 - INFO - EXPIRED
百万粉丝网红脑溢血昏迷8天后离世，团队：才32岁，留下4个孩子
https://new.qq.com/rain/a/20241014A03XQY00

2024-10-15 04:09:10,348 - INFO - EXPIRED
外逃贪官李传良涉案超31亿，专家分析：很可能判死刑
https://new.qq.com/rain/a/20241014A03WI500

2024-10-15 04:09:10,348 - INFO - EXPIRED
迈巴赫漏水事件车主再发声：新车回收价抵不上跑了8000公里的老款车
https://new.qq.com/rain/a/20241014A03W6900

2024-10-15 04:09:10,348 - INFO - EXPIRED
粮食公司把过期大米重新包装卖给乡村学校？重庆市监局：罚款690万元
https://new.qq.com/rain/a/20241014A02TI400

2024-10-15 04:09:10,348 - INFO - EXPIRED
深圳一女子称沾染“化骨水”手指严重受伤，相关医院：未收治该病例
https://new.qq.com/rain/a/20241014A04JKL00

2024-10-15 04:09:10,348 - INFO - EXPIRED
部分券商新开户投资者交易率2-3成 交易风格趋向审慎
https://new.qq.com/rain/a/20241014A04XHQ00

2024-10-15 04:09:10,348 - INFO - EXPIRED
2万字专访：黄仁勋深度解读AI时代的机遇与挑战
https://new.qq.com/rain/a/20241014A043LM00

2024-10-15 04:09:10,348 - INFO - EXPIRED
一家难觅地址的深圳企业，多次造假跃升成“中国数码零售巨头”
https://new.qq.com/rain/a/20241014A0398D00

2024-10-15 04:09:10,348 - INFO - EXPIRED
武汉一小区业主集资修路：离地铁站只有600米，却要走40分钟
https://new.qq.com/rain/a/20241013A03F9T00

2024-10-15 04:09:10,348 - INFO - EXPIRED
上海一养护院被曝用小房间“囚禁”多名残障人士，当地镇政府称在核实
https://new.qq.com/rain/a/20241014A03J9L00

2024-10-15 04:09:10,348 - INFO - EXPIRED
亿万富翁被控用矿泉水瓶将前妻鼻子砸成轻伤二级，被判一年两个月
https://new.qq.com/rain/a/20241013A045C800

2024-10-15 04:09:10,348 - INFO - EXPIRED
华储网：1.96万吨冻猪肉将出库
https://new.qq.com/rain/a/20241014A02IW300

2024-10-15 04:09:10,348 - INFO - EXPIRED
俄媒：部分乌克兰武装部队已开始从托列茨克撤离
https://new.qq.com/rain/a/20241014A02VZU00

2024-10-15 04:09:10,348 - INFO - EXPIRED
华尔街热议美股牛市两周年：翻过了山、路还没走完
https://new.qq.com/rain/a/20241014A02UAJ00

2024-10-15 04:09:10,348 - INFO - EXPIRED
光伏行业协会于今天9点在上海召开防止行业内卷式恶性竞争座谈会
https://new.qq.com/rain/a/20241014A03C4I00

2024-10-15 04:09:10,970 - INFO - INVALID
日本众议院选举竞选活动正式开始
https://new.qq.com/rain/a/20241015A03C8100

2024-10-15 04:09:11,051 - INFO - INVALID
欧委会主席冯德莱恩：即使对华电动汽车加征关税生效，仍将与中国谈判
https://new.qq.com/rain/a/20241015A01E9500

2024-10-15 04:09:11,056 - INFO - INVALID
青年数学家陈景润获批国家杰出青年基金，网友：以为穿越了
https://new.qq.com/rain/a/20241015A02V0M00

2024-10-15 04:09:11,079 - INFO - INVALID
韩国军方称朝鲜炸毁部分朝韩间连接通路 朝方暂无回应
https://new.qq.com/rain/a/20241015A03AAD00

2024-10-15 04:09:11,238 - INFO - INVALID
又一波贷款入市“吃亏者”出现！已有投资者被银行提前收回资金
https://new.qq.com/rain/a/20241015A02HL200

2024-10-15 04:09:11,335 - INFO - INVALID
嫦娥六号月壤首次向全球展出，样品重75毫克
https://new.qq.com/rain/a/20241015A02ONJ00

2024-10-15 04:09:11,347 - INFO - INVALID
最高检对新疆维吾尔自治区政协原副主席窦万贵决定逮捕
https://new.qq.com/rain/a/20241015A024CL00

2024-10-15 04:09:11,351 - INFO - INVALID
上海一养护院被曝用小房间关残障人士，院方：发病期间强行临时关一下
https://new.qq.com/rain/a/20241015A02YND00

2024-10-15 04:09:11,381 - ERROR - ERROR
中学班主任在班级群崩溃发“给我滚”，作为家长你会表示理解还是站出来反对？
https://view.inews.qq.com/a/20241015Q0234M00
('list index out of range',)
======
Traceback (most recent call last):
  File "/home/runner/work/qqnews/qqnews/qq.py", line 81, in process_article
    ss = str(tmpbs.select("div.LEFT div.content.clearfix")[0])
             ~~~~~~~~~~~~~~~~~~~~~~~~~~~~~~~~~~~~~~~~~~~~~^^^
IndexError: list index out of range


2024-10-15 04:09:11,606 - INFO - INVALID
湖南一教师校内驾车撞倒3名学生，致1死2伤，公安机关：刑拘
https://new.qq.com/rain/a/20241015A0190500

2024-10-15 04:09:11,631 - INFO - INVALID
小米SU7冲上公交站台致一死一伤 警方通报：司机避让电动车时操作不当
https://new.qq.com/rain/a/20241015A0256R00

2024-10-15 04:09:11,642 - INFO - INVALID
华中农大原教授黄飞若再被通报：撤销国家自然科学基金项目，追回资金
https://new.qq.com/rain/a/20241015A00ZTK00

2024-10-15 04:09:11,688 - INFO - INVALID
山西一学校附近工地水坑发现2名小学生遗体，家属：涉事工地已停工
https://new.qq.com/rain/a/20241015A00WIX00

2024-10-15 04:09:11,833 - INFO - INVALID
年入数千万的时代一去不返！汽车经销商大面积亏损，协会紧急上书求援
https://new.qq.com/rain/a/20241015A01XMZ00

2024-10-15 04:09:11,888 - INFO - INVALID
《国家空间科学中长期发展规划（2024—2050年）》发布
https://new.qq.com/rain/a/20241015A01UKR00

2024-10-15 04:09:11,910 - INFO - INVALID
2023年度个税汇算清缴数据发布 无需缴纳个税人员占比超过七成
https://new.qq.com/rain/a/20241015A01H5U00

2024-10-15 04:09:12,052 - INFO - INVALID
印度和加拿大相互驱逐外交官
https://new.qq.com/rain/a/20241015A00HRQ00

2024-10-15 04:09:12,105 - INFO - INVALID
河南司法厅原厅长王文海突发疾病身亡，此前涉文物大案，二审尚未判决
https://new.qq.com/rain/a/20241015A00YV100

2024-10-15 04:09:12,193 - INFO - INVALID
金正恩主持召开国防和安全会议 阐明军事政治立场
https://new.qq.com/rain/a/20241015A00KOY00

2024-10-15 04:09:12,208 - INFO - INVALID
美股收盘：标普、道指再创历史新高 中概股指数跌超2%
https://new.qq.com/rain/a/20241015A00KB000

2024-10-15 04:09:12,240 - INFO - INVALID
2025国考今起报名：拟招3.97万人，近七成专招应届生
https://new.qq.com/rain/a/20241015A007KL00

2024-10-15 04:09:12,365 - INFO - INVALID
经济学家余永定：中央政府要“出血”，该替地方政府还的债要还
https://new.qq.com/rain/a/20241015A00Q7S00

2024-10-15 04:09:12,599 - INFO - INVALID
经济日报：“零首付”不等于“零代价”
https://new.qq.com/rain/a/20241015A00PJW00

