2025-08-29 00:39:04,292 - INFO - Total time taken: {'ret': 0, 'msg': 'success', 'data': None}
2025-08-29 00:39:04,293 - INFO - 'NoneType' object is not subscriptable
2025-08-29 00:39:04,293 - INFO - Traceback (most recent call last):
  File "/home/runner/work/qqnews/qqnews/qq.py", line 128, in main
    for i in qq1["data"]["list"]:
             ~~~~~~~~~~~^^^^^^^^
TypeError: 'NoneType' object is not subscriptable

2025-08-29 02:19:18,835 - INFO - Total time taken: {'ret': 0, 'msg': 'success', 'data': None}
2025-08-29 02:19:18,835 - INFO - 'NoneType' object is not subscriptable
2025-08-29 02:19:18,836 - INFO - Traceback (most recent call last):
  File "/home/runner/work/qqnews/qqnews/qq.py", line 128, in main
    for i in qq1["data"]["list"]:
             ~~~~~~~~~~~^^^^^^^^
TypeError: 'NoneType' object is not subscriptable

2025-08-29 03:27:43,826 - INFO - Total time taken: {'ret': 0, 'msg': 'success', 'data': None}
2025-08-29 03:27:43,826 - INFO - 'NoneType' object is not subscriptable
2025-08-29 03:27:43,826 - INFO - Traceback (most recent call last):
  File "/home/runner/work/qqnews/qqnews/qq.py", line 128, in main
    for i in qq1["data"]["list"]:
             ~~~~~~~~~~~^^^^^^^^
TypeError: 'NoneType' object is not subscriptable

2025-08-29 04:10:37,214 - INFO - Total time taken: {'ret': 0, 'msg': 'success', 'data': None}
2025-08-29 04:10:37,214 - INFO - 'NoneType' object is not subscriptable
2025-08-29 04:10:37,214 - INFO - Traceback (most recent call last):
  File "/home/runner/work/qqnews/qqnews/qq.py", line 128, in main
    for i in qq1["data"]["list"]:
             ~~~~~~~~~~~^^^^^^^^
TypeError: 'NoneType' object is not subscriptable

2025-08-29 05:01:17,405 - INFO - Total time taken: {'ret': 0, 'msg': 'success', 'data': None}
2025-08-29 05:01:17,405 - INFO - 'NoneType' object is not subscriptable
2025-08-29 05:01:17,405 - INFO - Traceback (most recent call last):
  File "/home/runner/work/qqnews/qqnews/qq.py", line 128, in main
    for i in qq1["data"]["list"]:
             ~~~~~~~~~~~^^^^^^^^
TypeError: 'NoneType' object is not subscriptable

2025-08-29 06:13:15,890 - INFO - Total time taken: {'ret': 0, 'msg': 'success', 'data': None}
2025-08-29 06:13:15,890 - INFO - 'NoneType' object is not subscriptable
2025-08-29 06:13:15,891 - INFO - Traceback (most recent call last):
  File "/home/runner/work/qqnews/qqnews/qq.py", line 128, in main
    for i in qq1["data"]["list"]:
             ~~~~~~~~~~~^^^^^^^^
TypeError: 'NoneType' object is not subscriptable

2025-08-29 07:01:14,494 - INFO - Total time taken: {'ret': 0, 'msg': 'success', 'data': None}
2025-08-29 07:01:14,494 - INFO - 'NoneType' object is not subscriptable
2025-08-29 07:01:14,495 - INFO - Traceback (most recent call last):
  File "/home/runner/work/qqnews/qqnews/qq.py", line 128, in main
    for i in qq1["data"]["list"]:
             ~~~~~~~~~~~^^^^^^^^
TypeError: 'NoneType' object is not subscriptable

2025-08-29 08:11:34,976 - INFO - Total time taken: {'ret': 0, 'msg': 'success', 'data': None}
2025-08-29 08:11:34,976 - INFO - 'NoneType' object is not subscriptable
2025-08-29 08:11:34,976 - INFO - Traceback (most recent call last):
  File "/home/runner/work/qqnews/qqnews/qq.py", line 128, in main
    for i in qq1["data"]["list"]:
             ~~~~~~~~~~~^^^^^^^^
TypeError: 'NoneType' object is not subscriptable

