2025-09-08 00:40:43,647 - INFO - Total time taken: {'ret': 0, 'msg': 'success', 'data': None}
2025-09-08 00:40:43,647 - INFO - 'NoneType' object is not subscriptable
2025-09-08 00:40:43,647 - INFO - Traceback (most recent call last):
  File "/home/runner/work/qqnews/qqnews/qq.py", line 128, in main
    for i in qq1["data"]["list"]:
             ~~~~~~~~~~~^^^^^^^^
TypeError: 'NoneType' object is not subscriptable

2025-09-08 02:21:45,827 - INFO - Total time taken: {'ret': 0, 'msg': 'success', 'data': None}
2025-09-08 02:21:45,827 - INFO - 'NoneType' object is not subscriptable
2025-09-08 02:21:45,828 - INFO - Traceback (most recent call last):
  File "/home/runner/work/qqnews/qqnews/qq.py", line 128, in main
    for i in qq1["data"]["list"]:
             ~~~~~~~~~~~^^^^^^^^
TypeError: 'NoneType' object is not subscriptable

2025-09-08 03:31:48,111 - INFO - Total time taken: {'ret': 0, 'msg': 'success', 'data': None}
2025-09-08 03:31:48,111 - INFO - 'NoneType' object is not subscriptable
2025-09-08 03:31:48,112 - INFO - Traceback (most recent call last):
  File "/home/runner/work/qqnews/qqnews/qq.py", line 128, in main
    for i in qq1["data"]["list"]:
             ~~~~~~~~~~~^^^^^^^^
TypeError: 'NoneType' object is not subscriptable

2025-09-08 04:01:34,924 - INFO - Total time taken: {'ret': 0, 'msg': 'success', 'data': None}
2025-09-08 04:01:34,924 - INFO - 'NoneType' object is not subscriptable
2025-09-08 04:01:34,925 - INFO - Traceback (most recent call last):
  File "/home/runner/work/qqnews/qqnews/qq.py", line 128, in main
    for i in qq1["data"]["list"]:
             ~~~~~~~~~~~^^^^^^^^
TypeError: 'NoneType' object is not subscriptable

2025-09-08 05:01:16,082 - INFO - Total time taken: {'ret': 0, 'msg': 'success', 'data': None}
2025-09-08 05:01:16,082 - INFO - 'NoneType' object is not subscriptable
2025-09-08 05:01:16,082 - INFO - Traceback (most recent call last):
  File "/home/runner/work/qqnews/qqnews/qq.py", line 128, in main
    for i in qq1["data"]["list"]:
             ~~~~~~~~~~~^^^^^^^^
TypeError: 'NoneType' object is not subscriptable

2025-09-08 06:13:52,151 - INFO - Total time taken: {'ret': 0, 'msg': 'success', 'data': None}
2025-09-08 06:13:52,151 - INFO - 'NoneType' object is not subscriptable
2025-09-08 06:13:52,152 - INFO - Traceback (most recent call last):
  File "/home/runner/work/qqnews/qqnews/qq.py", line 128, in main
    for i in qq1["data"]["list"]:
             ~~~~~~~~~~~^^^^^^^^
TypeError: 'NoneType' object is not subscriptable

2025-09-08 07:01:14,981 - INFO - Total time taken: {'ret': 0, 'msg': 'success', 'data': None}
2025-09-08 07:01:14,982 - INFO - 'NoneType' object is not subscriptable
2025-09-08 07:01:14,982 - INFO - Traceback (most recent call last):
  File "/home/runner/work/qqnews/qqnews/qq.py", line 128, in main
    for i in qq1["data"]["list"]:
             ~~~~~~~~~~~^^^^^^^^
TypeError: 'NoneType' object is not subscriptable

