2026-05-20 01:53:00,439 - INFO - Total time taken: {'ret': 0, 'msg': 'success', 'data': None}
2026-05-20 01:53:00,439 - INFO - 'NoneType' object is not subscriptable
2026-05-20 01:53:00,440 - INFO - Traceback (most recent call last):
  File "/home/runner/work/qqnews/qqnews/qq.py", line 128, in main
    for i in qq1["data"]["list"]:
             ~~~~~~~~~~~^^^^^^^^
TypeError: 'NoneType' object is not subscriptable

2026-05-20 05:53:49,799 - INFO - Total time taken: {'ret': 0, 'msg': 'success', 'data': None}
2026-05-20 05:53:49,799 - INFO - 'NoneType' object is not subscriptable
2026-05-20 05:53:49,800 - INFO - Traceback (most recent call last):
  File "/home/runner/work/qqnews/qqnews/qq.py", line 128, in main
    for i in qq1["data"]["list"]:
             ~~~~~~~~~~~^^^^^^^^
TypeError: 'NoneType' object is not subscriptable

2026-05-20 08:47:30,172 - INFO - Total time taken: {'ret': 0, 'msg': 'success', 'data': None}
2026-05-20 08:47:30,173 - INFO - 'NoneType' object is not subscriptable
2026-05-20 08:47:30,173 - INFO - Traceback (most recent call last):
  File "/home/runner/work/qqnews/qqnews/qq.py", line 128, in main
    for i in qq1["data"]["list"]:
             ~~~~~~~~~~~^^^^^^^^
TypeError: 'NoneType' object is not subscriptable

2026-05-20 11:39:03,365 - INFO - Total time taken: {'ret': 0, 'msg': 'success', 'data': None}
2026-05-20 11:39:03,365 - INFO - 'NoneType' object is not subscriptable
2026-05-20 11:39:03,365 - INFO - Traceback (most recent call last):
  File "/home/runner/work/qqnews/qqnews/qq.py", line 128, in main
    for i in qq1["data"]["list"]:
             ~~~~~~~~~~~^^^^^^^^
TypeError: 'NoneType' object is not subscriptable

2026-05-20 14:24:28,972 - INFO - Total time taken: {'ret': 0, 'msg': 'success', 'data': None}
2026-05-20 14:24:28,972 - INFO - 'NoneType' object is not subscriptable
2026-05-20 14:24:28,973 - INFO - Traceback (most recent call last):
  File "/home/runner/work/qqnews/qqnews/qq.py", line 128, in main
    for i in qq1["data"]["list"]:
             ~~~~~~~~~~~^^^^^^^^
TypeError: 'NoneType' object is not subscriptable

2026-05-20 17:46:46,082 - INFO - Total time taken: {'ret': 0, 'msg': 'success', 'data': None}
2026-05-20 17:46:46,082 - INFO - 'NoneType' object is not subscriptable
2026-05-20 17:46:46,083 - INFO - Traceback (most recent call last):
  File "/home/runner/work/qqnews/qqnews/qq.py", line 128, in main
    for i in qq1["data"]["list"]:
             ~~~~~~~~~~~^^^^^^^^
TypeError: 'NoneType' object is not subscriptable

2026-05-20 19:56:59,796 - INFO - Total time taken: {'ret': 0, 'msg': 'success', 'data': None}
2026-05-20 19:56:59,797 - INFO - 'NoneType' object is not subscriptable
2026-05-20 19:56:59,797 - INFO - Traceback (most recent call last):
  File "/home/runner/work/qqnews/qqnews/qq.py", line 128, in main
    for i in qq1["data"]["list"]:
             ~~~~~~~~~~~^^^^^^^^
TypeError: 'NoneType' object is not subscriptable

2026-05-20 21:41:14,411 - INFO - Total time taken: {'ret': 0, 'msg': 'success', 'data': None}
2026-05-20 21:41:14,411 - INFO - 'NoneType' object is not subscriptable
2026-05-20 21:41:14,411 - INFO - Traceback (most recent call last):
  File "/home/runner/work/qqnews/qqnews/qq.py", line 128, in main
    for i in qq1["data"]["list"]:
             ~~~~~~~~~~~^^^^^^^^
TypeError: 'NoneType' object is not subscriptable

