2026-04-24 01:15:48,312 - INFO - Total time taken: {'ret': 0, 'msg': 'success', 'data': None}
2026-04-24 01:15:48,312 - INFO - 'NoneType' object is not subscriptable
2026-04-24 01:15:48,312 - INFO - Traceback (most recent call last):
  File "/home/runner/work/qqnews/qqnews/qq.py", line 128, in main
    for i in qq1["data"]["list"]:
             ~~~~~~~~~~~^^^^^^^^
TypeError: 'NoneType' object is not subscriptable

2026-04-24 04:43:03,813 - INFO - Total time taken: {'ret': 0, 'msg': 'success', 'data': None}
2026-04-24 04:43:03,813 - INFO - 'NoneType' object is not subscriptable
2026-04-24 04:43:03,814 - INFO - Traceback (most recent call last):
  File "/home/runner/work/qqnews/qqnews/qq.py", line 128, in main
    for i in qq1["data"]["list"]:
             ~~~~~~~~~~~^^^^^^^^
TypeError: 'NoneType' object is not subscriptable

2026-04-24 06:55:26,899 - INFO - Total time taken: {'ret': 0, 'msg': 'success', 'data': None}
2026-04-24 06:55:26,900 - INFO - 'NoneType' object is not subscriptable
2026-04-24 06:55:26,900 - INFO - Traceback (most recent call last):
  File "/home/runner/work/qqnews/qqnews/qq.py", line 128, in main
    for i in qq1["data"]["list"]:
             ~~~~~~~~~~~^^^^^^^^
TypeError: 'NoneType' object is not subscriptable

2026-04-24 08:53:41,669 - INFO - Total time taken: {'ret': 0, 'msg': 'success', 'data': None}
2026-04-24 08:53:41,669 - INFO - 'NoneType' object is not subscriptable
2026-04-24 08:53:41,670 - INFO - Traceback (most recent call last):
  File "/home/runner/work/qqnews/qqnews/qq.py", line 128, in main
    for i in qq1["data"]["list"]:
             ~~~~~~~~~~~^^^^^^^^
TypeError: 'NoneType' object is not subscriptable

2026-04-24 10:12:46,666 - INFO - Total time taken: {'ret': 0, 'msg': 'success', 'data': None}
2026-04-24 10:12:46,667 - INFO - 'NoneType' object is not subscriptable
2026-04-24 10:12:46,667 - INFO - Traceback (most recent call last):
  File "/home/runner/work/qqnews/qqnews/qq.py", line 128, in main
    for i in qq1["data"]["list"]:
             ~~~~~~~~~~~^^^^^^^^
TypeError: 'NoneType' object is not subscriptable

2026-04-24 11:49:35,848 - INFO - Total time taken: {'ret': 0, 'msg': 'success', 'data': None}
2026-04-24 11:49:35,848 - INFO - 'NoneType' object is not subscriptable
2026-04-24 11:49:35,848 - INFO - Traceback (most recent call last):
  File "/home/runner/work/qqnews/qqnews/qq.py", line 128, in main
    for i in qq1["data"]["list"]:
             ~~~~~~~~~~~^^^^^^^^
TypeError: 'NoneType' object is not subscriptable

