2025-09-16 00:36:47,991 - INFO - Total time taken: {'ret': 0, 'msg': 'success', 'data': None}
2025-09-16 00:36:47,991 - INFO - 'NoneType' object is not subscriptable
2025-09-16 00:36:47,991 - INFO - Traceback (most recent call last):
  File "/home/runner/work/qqnews/qqnews/qq.py", line 128, in main
    for i in qq1["data"]["list"]:
             ~~~~~~~~~~~^^^^^^^^
TypeError: 'NoneType' object is not subscriptable

2025-09-16 02:13:32,671 - INFO - Total time taken: {'ret': 0, 'msg': 'success', 'data': None}
2025-09-16 02:13:32,671 - INFO - 'NoneType' object is not subscriptable
2025-09-16 02:13:32,671 - INFO - Traceback (most recent call last):
  File "/home/runner/work/qqnews/qqnews/qq.py", line 128, in main
    for i in qq1["data"]["list"]:
             ~~~~~~~~~~~^^^^^^^^
TypeError: 'NoneType' object is not subscriptable

2025-09-16 03:21:08,159 - INFO - Total time taken: {'ret': 0, 'msg': 'success', 'data': None}
2025-09-16 03:21:08,159 - INFO - 'NoneType' object is not subscriptable
2025-09-16 03:21:08,160 - INFO - Traceback (most recent call last):
  File "/home/runner/work/qqnews/qqnews/qq.py", line 128, in main
    for i in qq1["data"]["list"]:
             ~~~~~~~~~~~^^^^^^^^
TypeError: 'NoneType' object is not subscriptable

2025-09-16 04:01:35,440 - INFO - Total time taken: {'ret': 0, 'msg': 'success', 'data': None}
2025-09-16 04:01:35,441 - INFO - 'NoneType' object is not subscriptable
2025-09-16 04:01:35,441 - INFO - Traceback (most recent call last):
  File "/home/runner/work/qqnews/qqnews/qq.py", line 128, in main
    for i in qq1["data"]["list"]:
             ~~~~~~~~~~~^^^^^^^^
TypeError: 'NoneType' object is not subscriptable

2025-09-16 05:01:16,049 - INFO - Total time taken: {'ret': 0, 'msg': 'success', 'data': None}
2025-09-16 05:01:16,050 - INFO - 'NoneType' object is not subscriptable
2025-09-16 05:01:16,050 - INFO - Traceback (most recent call last):
  File "/home/runner/work/qqnews/qqnews/qq.py", line 128, in main
    for i in qq1["data"]["list"]:
             ~~~~~~~~~~~^^^^^^^^
TypeError: 'NoneType' object is not subscriptable

2025-09-16 06:12:58,688 - INFO - Total time taken: {'ret': 0, 'msg': 'success', 'data': None}
2025-09-16 06:12:58,688 - INFO - 'NoneType' object is not subscriptable
2025-09-16 06:12:58,689 - INFO - Traceback (most recent call last):
  File "/home/runner/work/qqnews/qqnews/qq.py", line 128, in main
    for i in qq1["data"]["list"]:
             ~~~~~~~~~~~^^^^^^^^
TypeError: 'NoneType' object is not subscriptable

2025-09-16 07:01:27,477 - INFO - Total time taken: {'ret': 0, 'msg': 'success', 'data': None}
2025-09-16 07:01:27,477 - INFO - 'NoneType' object is not subscriptable
2025-09-16 07:01:27,478 - INFO - Traceback (most recent call last):
  File "/home/runner/work/qqnews/qqnews/qq.py", line 128, in main
    for i in qq1["data"]["list"]:
             ~~~~~~~~~~~^^^^^^^^
TypeError: 'NoneType' object is not subscriptable

2025-09-16 08:01:33,517 - INFO - Total time taken: {'ret': 0, 'msg': 'success', 'data': None}
2025-09-16 08:01:33,517 - INFO - 'NoneType' object is not subscriptable
2025-09-16 08:01:33,517 - INFO - Traceback (most recent call last):
  File "/home/runner/work/qqnews/qqnews/qq.py", line 128, in main
    for i in qq1["data"]["list"]:
             ~~~~~~~~~~~^^^^^^^^
TypeError: 'NoneType' object is not subscriptable

2025-09-16 09:01:28,969 - INFO - Total time taken: {'ret': 0, 'msg': 'success', 'data': None}
2025-09-16 09:01:28,969 - INFO - 'NoneType' object is not subscriptable
2025-09-16 09:01:28,970 - INFO - Traceback (most recent call last):
  File "/home/runner/work/qqnews/qqnews/qq.py", line 128, in main
    for i in qq1["data"]["list"]:
             ~~~~~~~~~~~^^^^^^^^
TypeError: 'NoneType' object is not subscriptable

2025-09-16 10:01:19,585 - INFO - Total time taken: {'ret': 0, 'msg': 'success', 'data': None}
2025-09-16 10:01:19,585 - INFO - 'NoneType' object is not subscriptable
2025-09-16 10:01:19,586 - INFO - Traceback (most recent call last):
  File "/home/runner/work/qqnews/qqnews/qq.py", line 128, in main
    for i in qq1["data"]["list"]:
             ~~~~~~~~~~~^^^^^^^^
TypeError: 'NoneType' object is not subscriptable

2025-09-16 11:01:09,748 - INFO - Total time taken: {'ret': 0, 'msg': 'success', 'data': None}
2025-09-16 11:01:09,748 - INFO - 'NoneType' object is not subscriptable
2025-09-16 11:01:09,748 - INFO - Traceback (most recent call last):
  File "/home/runner/work/qqnews/qqnews/qq.py", line 128, in main
    for i in qq1["data"]["list"]:
             ~~~~~~~~~~~^^^^^^^^
TypeError: 'NoneType' object is not subscriptable

2025-09-16 12:15:22,725 - INFO - Total time taken: {'ret': 0, 'msg': 'success', 'data': None}
2025-09-16 12:15:22,725 - INFO - 'NoneType' object is not subscriptable
2025-09-16 12:15:22,726 - INFO - Traceback (most recent call last):
  File "/home/runner/work/qqnews/qqnews/qq.py", line 128, in main
    for i in qq1["data"]["list"]:
             ~~~~~~~~~~~^^^^^^^^
TypeError: 'NoneType' object is not subscriptable

2025-09-16 13:20:22,584 - INFO - Total time taken: {'ret': 0, 'msg': 'success', 'data': None}
2025-09-16 13:20:22,585 - INFO - 'NoneType' object is not subscriptable
2025-09-16 13:20:22,585 - INFO - Traceback (most recent call last):
  File "/home/runner/work/qqnews/qqnews/qq.py", line 128, in main
    for i in qq1["data"]["list"]:
             ~~~~~~~~~~~^^^^^^^^
TypeError: 'NoneType' object is not subscriptable

2025-09-16 14:01:25,744 - INFO - Total time taken: {'ret': 0, 'msg': 'success', 'data': None}
2025-09-16 14:01:25,744 - INFO - 'NoneType' object is not subscriptable
2025-09-16 14:01:25,745 - INFO - Traceback (most recent call last):
  File "/home/runner/work/qqnews/qqnews/qq.py", line 128, in main
    for i in qq1["data"]["list"]:
             ~~~~~~~~~~~^^^^^^^^
TypeError: 'NoneType' object is not subscriptable

2025-09-16 15:01:30,145 - INFO - Total time taken: {'ret': 0, 'msg': 'success', 'data': None}
2025-09-16 15:01:30,145 - INFO - 'NoneType' object is not subscriptable
2025-09-16 15:01:30,146 - INFO - Traceback (most recent call last):
  File "/home/runner/work/qqnews/qqnews/qq.py", line 128, in main
    for i in qq1["data"]["list"]:
             ~~~~~~~~~~~^^^^^^^^
TypeError: 'NoneType' object is not subscriptable

2025-09-16 16:01:23,205 - INFO - Total time taken: {'ret': 0, 'msg': 'success', 'data': None}
2025-09-16 16:01:23,205 - INFO - 'NoneType' object is not subscriptable
2025-09-16 16:01:23,205 - INFO - Traceback (most recent call last):
  File "/home/runner/work/qqnews/qqnews/qq.py", line 128, in main
    for i in qq1["data"]["list"]:
             ~~~~~~~~~~~^^^^^^^^
TypeError: 'NoneType' object is not subscriptable

2025-09-16 17:01:41,479 - INFO - Total time taken: {'ret': 0, 'msg': 'success', 'data': None}
2025-09-16 17:01:41,479 - INFO - 'NoneType' object is not subscriptable
2025-09-16 17:01:41,479 - INFO - Traceback (most recent call last):
  File "/home/runner/work/qqnews/qqnews/qq.py", line 128, in main
    for i in qq1["data"]["list"]:
             ~~~~~~~~~~~^^^^^^^^
TypeError: 'NoneType' object is not subscriptable

2025-09-16 18:01:18,362 - INFO - Total time taken: {'ret': 0, 'msg': 'success', 'data': None}
2025-09-16 18:01:18,363 - INFO - 'NoneType' object is not subscriptable
2025-09-16 18:01:18,363 - INFO - Traceback (most recent call last):
  File "/home/runner/work/qqnews/qqnews/qq.py", line 128, in main
    for i in qq1["data"]["list"]:
             ~~~~~~~~~~~^^^^^^^^
TypeError: 'NoneType' object is not subscriptable

