2026-02-17 00:57:52,878 - INFO - Total time taken: {'ret': 0, 'msg': 'success', 'data': None}
2026-02-17 00:57:52,878 - INFO - 'NoneType' object is not subscriptable
2026-02-17 00:57:52,878 - INFO - Traceback (most recent call last):
  File "/home/runner/work/qqnews/qqnews/qq.py", line 128, in main
    for i in qq1["data"]["list"]:
             ~~~~~~~~~~~^^^^^^^^
TypeError: 'NoneType' object is not subscriptable

2026-02-17 03:31:18,902 - INFO - Total time taken: {'ret': 0, 'msg': 'success', 'data': None}
2026-02-17 03:31:18,903 - INFO - 'NoneType' object is not subscriptable
2026-02-17 03:31:18,903 - INFO - Traceback (most recent call last):
  File "/home/runner/work/qqnews/qqnews/qq.py", line 128, in main
    for i in qq1["data"]["list"]:
             ~~~~~~~~~~~^^^^^^^^
TypeError: 'NoneType' object is not subscriptable

2026-02-17 05:15:51,405 - INFO - Total time taken: {'ret': 0, 'msg': 'success', 'data': None}
2026-02-17 05:15:51,406 - INFO - 'NoneType' object is not subscriptable
2026-02-17 05:15:51,406 - INFO - Traceback (most recent call last):
  File "/home/runner/work/qqnews/qqnews/qq.py", line 128, in main
    for i in qq1["data"]["list"]:
             ~~~~~~~~~~~^^^^^^^^
TypeError: 'NoneType' object is not subscriptable

2026-02-17 06:41:08,088 - INFO - Total time taken: {'ret': 0, 'msg': 'success', 'data': None}
2026-02-17 06:41:08,089 - INFO - 'NoneType' object is not subscriptable
2026-02-17 06:41:08,089 - INFO - Traceback (most recent call last):
  File "/home/runner/work/qqnews/qqnews/qq.py", line 128, in main
    for i in qq1["data"]["list"]:
             ~~~~~~~~~~~^^^^^^^^
TypeError: 'NoneType' object is not subscriptable

2026-02-17 07:40:45,976 - INFO - Total time taken: {'ret': 0, 'msg': 'success', 'data': None}
2026-02-17 07:40:45,976 - INFO - 'NoneType' object is not subscriptable
2026-02-17 07:40:45,977 - INFO - Traceback (most recent call last):
  File "/home/runner/work/qqnews/qqnews/qq.py", line 128, in main
    for i in qq1["data"]["list"]:
             ~~~~~~~~~~~^^^^^^^^
TypeError: 'NoneType' object is not subscriptable

