2025-11-17 00:43:05,193 - INFO - Total time taken: {'ret': 0, 'msg': 'success', 'data': None}
2025-11-17 00:43:05,193 - INFO - 'NoneType' object is not subscriptable
2025-11-17 00:43:05,193 - INFO - Traceback (most recent call last):
  File "/home/runner/work/qqnews/qqnews/qq.py", line 128, in main
    for i in qq1["data"]["list"]:
             ~~~~~~~~~~~^^^^^^^^
TypeError: 'NoneType' object is not subscriptable

2025-11-17 02:26:32,433 - INFO - Total time taken: {'ret': 0, 'msg': 'success', 'data': None}
2025-11-17 02:26:32,433 - INFO - 'NoneType' object is not subscriptable
2025-11-17 02:26:32,433 - INFO - Traceback (most recent call last):
  File "/home/runner/work/qqnews/qqnews/qq.py", line 128, in main
    for i in qq1["data"]["list"]:
             ~~~~~~~~~~~^^^^^^^^
TypeError: 'NoneType' object is not subscriptable

2025-11-17 03:41:58,971 - INFO - Total time taken: {'ret': 0, 'msg': 'success', 'data': None}
2025-11-17 03:41:58,971 - INFO - 'NoneType' object is not subscriptable
2025-11-17 03:41:58,972 - INFO - Traceback (most recent call last):
  File "/home/runner/work/qqnews/qqnews/qq.py", line 128, in main
    for i in qq1["data"]["list"]:
             ~~~~~~~~~~~^^^^^^^^
TypeError: 'NoneType' object is not subscriptable

2025-11-17 05:01:19,751 - INFO - Total time taken: {'ret': 0, 'msg': 'success', 'data': None}
2025-11-17 05:01:19,751 - INFO - 'NoneType' object is not subscriptable
2025-11-17 05:01:19,752 - INFO - Traceback (most recent call last):
  File "/home/runner/work/qqnews/qqnews/qq.py", line 128, in main
    for i in qq1["data"]["list"]:
             ~~~~~~~~~~~^^^^^^^^
TypeError: 'NoneType' object is not subscriptable

2025-11-17 06:15:00,947 - INFO - Total time taken: {'ret': 0, 'msg': 'success', 'data': None}
2025-11-17 06:15:00,947 - INFO - 'NoneType' object is not subscriptable
2025-11-17 06:15:00,947 - INFO - Traceback (most recent call last):
  File "/home/runner/work/qqnews/qqnews/qq.py", line 128, in main
    for i in qq1["data"]["list"]:
             ~~~~~~~~~~~^^^^^^^^
TypeError: 'NoneType' object is not subscriptable

2025-11-17 07:01:23,528 - INFO - Total time taken: {'ret': 0, 'msg': 'success', 'data': None}
2025-11-17 07:01:23,528 - INFO - 'NoneType' object is not subscriptable
2025-11-17 07:01:23,528 - INFO - Traceback (most recent call last):
  File "/home/runner/work/qqnews/qqnews/qq.py", line 128, in main
    for i in qq1["data"]["list"]:
             ~~~~~~~~~~~^^^^^^^^
TypeError: 'NoneType' object is not subscriptable

2025-11-17 09:13:19,803 - INFO - Total time taken: {'ret': 0, 'msg': 'success', 'data': None}
2025-11-17 09:13:19,804 - INFO - 'NoneType' object is not subscriptable
2025-11-17 09:13:19,804 - INFO - Traceback (most recent call last):
  File "/home/runner/work/qqnews/qqnews/qq.py", line 128, in main
    for i in qq1["data"]["list"]:
             ~~~~~~~~~~~^^^^^^^^
TypeError: 'NoneType' object is not subscriptable

2025-11-17 10:01:36,603 - INFO - Total time taken: {'ret': 0, 'msg': 'success', 'data': None}
2025-11-17 10:01:36,603 - INFO - 'NoneType' object is not subscriptable
2025-11-17 10:01:36,603 - INFO - Traceback (most recent call last):
  File "/home/runner/work/qqnews/qqnews/qq.py", line 128, in main
    for i in qq1["data"]["list"]:
             ~~~~~~~~~~~^^^^^^^^
TypeError: 'NoneType' object is not subscriptable

2025-11-17 11:01:14,633 - INFO - Total time taken: {'ret': 0, 'msg': 'success', 'data': None}
2025-11-17 11:01:14,633 - INFO - 'NoneType' object is not subscriptable
2025-11-17 11:01:14,633 - INFO - Traceback (most recent call last):
  File "/home/runner/work/qqnews/qqnews/qq.py", line 128, in main
    for i in qq1["data"]["list"]:
             ~~~~~~~~~~~^^^^^^^^
TypeError: 'NoneType' object is not subscriptable

2025-11-17 12:16:37,418 - INFO - Total time taken: {'ret': 0, 'msg': 'success', 'data': None}
2025-11-17 12:16:37,418 - INFO - 'NoneType' object is not subscriptable
2025-11-17 12:16:37,418 - INFO - Traceback (most recent call last):
  File "/home/runner/work/qqnews/qqnews/qq.py", line 128, in main
    for i in qq1["data"]["list"]:
             ~~~~~~~~~~~^^^^^^^^
TypeError: 'NoneType' object is not subscriptable

2025-11-17 13:24:25,425 - INFO - Total time taken: {'ret': 0, 'msg': 'success', 'data': None}
2025-11-17 13:24:25,425 - INFO - 'NoneType' object is not subscriptable
2025-11-17 13:24:25,425 - INFO - Traceback (most recent call last):
  File "/home/runner/work/qqnews/qqnews/qq.py", line 128, in main
    for i in qq1["data"]["list"]:
             ~~~~~~~~~~~^^^^^^^^
TypeError: 'NoneType' object is not subscriptable

2025-11-17 14:01:16,592 - INFO - Total time taken: {'ret': 0, 'msg': 'success', 'data': None}
2025-11-17 14:01:16,593 - INFO - 'NoneType' object is not subscriptable
2025-11-17 14:01:16,593 - INFO - Traceback (most recent call last):
  File "/home/runner/work/qqnews/qqnews/qq.py", line 128, in main
    for i in qq1["data"]["list"]:
             ~~~~~~~~~~~^^^^^^^^
TypeError: 'NoneType' object is not subscriptable

2025-11-17 15:01:44,845 - INFO - Total time taken: {'ret': 0, 'msg': 'success', 'data': None}
2025-11-17 15:01:44,846 - INFO - 'NoneType' object is not subscriptable
2025-11-17 15:01:44,846 - INFO - Traceback (most recent call last):
  File "/home/runner/work/qqnews/qqnews/qq.py", line 128, in main
    for i in qq1["data"]["list"]:
             ~~~~~~~~~~~^^^^^^^^
TypeError: 'NoneType' object is not subscriptable

2025-11-17 16:01:34,436 - INFO - Total time taken: {'ret': 0, 'msg': 'success', 'data': None}
2025-11-17 16:01:34,437 - INFO - 'NoneType' object is not subscriptable
2025-11-17 16:01:34,437 - INFO - Traceback (most recent call last):
  File "/home/runner/work/qqnews/qqnews/qq.py", line 128, in main
    for i in qq1["data"]["list"]:
             ~~~~~~~~~~~^^^^^^^^
TypeError: 'NoneType' object is not subscriptable

2025-11-17 17:09:30,396 - INFO - Total time taken: {'ret': 0, 'msg': 'success', 'data': None}
2025-11-17 17:09:30,396 - INFO - 'NoneType' object is not subscriptable
2025-11-17 17:09:30,397 - INFO - Traceback (most recent call last):
  File "/home/runner/work/qqnews/qqnews/qq.py", line 128, in main
    for i in qq1["data"]["list"]:
             ~~~~~~~~~~~^^^^^^^^
TypeError: 'NoneType' object is not subscriptable

2025-11-17 18:01:22,937 - INFO - Total time taken: {'ret': 0, 'msg': 'success', 'data': None}
2025-11-17 18:01:22,937 - INFO - 'NoneType' object is not subscriptable
2025-11-17 18:01:22,938 - INFO - Traceback (most recent call last):
  File "/home/runner/work/qqnews/qqnews/qq.py", line 128, in main
    for i in qq1["data"]["list"]:
             ~~~~~~~~~~~^^^^^^^^
TypeError: 'NoneType' object is not subscriptable

2025-11-17 19:01:18,129 - INFO - Total time taken: {'ret': 0, 'msg': 'success', 'data': None}
2025-11-17 19:01:18,129 - INFO - 'NoneType' object is not subscriptable
2025-11-17 19:01:18,130 - INFO - Traceback (most recent call last):
  File "/home/runner/work/qqnews/qqnews/qq.py", line 128, in main
    for i in qq1["data"]["list"]:
             ~~~~~~~~~~~^^^^^^^^
TypeError: 'NoneType' object is not subscriptable

2025-11-17 20:01:29,601 - INFO - Total time taken: {'ret': 0, 'msg': 'success', 'data': None}
2025-11-17 20:01:29,601 - INFO - 'NoneType' object is not subscriptable
2025-11-17 20:01:29,601 - INFO - Traceback (most recent call last):
  File "/home/runner/work/qqnews/qqnews/qq.py", line 128, in main
    for i in qq1["data"]["list"]:
             ~~~~~~~~~~~^^^^^^^^
TypeError: 'NoneType' object is not subscriptable

2025-11-17 21:01:30,397 - INFO - Total time taken: {'ret': 0, 'msg': 'success', 'data': None}
2025-11-17 21:01:30,398 - INFO - 'NoneType' object is not subscriptable
2025-11-17 21:01:30,398 - INFO - Traceback (most recent call last):
  File "/home/runner/work/qqnews/qqnews/qq.py", line 128, in main
    for i in qq1["data"]["list"]:
             ~~~~~~~~~~~^^^^^^^^
TypeError: 'NoneType' object is not subscriptable

2025-11-17 22:01:20,325 - INFO - Total time taken: {'ret': 0, 'msg': 'success', 'data': None}
2025-11-17 22:01:20,325 - INFO - 'NoneType' object is not subscriptable
2025-11-17 22:01:20,325 - INFO - Traceback (most recent call last):
  File "/home/runner/work/qqnews/qqnews/qq.py", line 128, in main
    for i in qq1["data"]["list"]:
             ~~~~~~~~~~~^^^^^^^^
TypeError: 'NoneType' object is not subscriptable

