2026-02-03 00:58:16,851 - INFO - Total time taken: {'ret': 0, 'msg': 'success', 'data': None}
2026-02-03 00:58:16,852 - INFO - 'NoneType' object is not subscriptable
2026-02-03 00:58:16,852 - INFO - Traceback (most recent call last):
  File "/home/runner/work/qqnews/qqnews/qq.py", line 128, in main
    for i in qq1["data"]["list"]:
             ~~~~~~~~~~~^^^^^^^^
TypeError: 'NoneType' object is not subscriptable

2026-02-03 03:30:35,728 - INFO - Total time taken: {'ret': 0, 'msg': 'success', 'data': None}
2026-02-03 03:30:35,728 - INFO - 'NoneType' object is not subscriptable
2026-02-03 03:30:35,729 - INFO - Traceback (most recent call last):
  File "/home/runner/work/qqnews/qqnews/qq.py", line 128, in main
    for i in qq1["data"]["list"]:
             ~~~~~~~~~~~^^^^^^^^
TypeError: 'NoneType' object is not subscriptable

2026-02-03 05:09:06,413 - INFO - Total time taken: {'ret': 0, 'msg': 'success', 'data': None}
2026-02-03 05:09:06,414 - INFO - 'NoneType' object is not subscriptable
2026-02-03 05:09:06,414 - INFO - Traceback (most recent call last):
  File "/home/runner/work/qqnews/qqnews/qq.py", line 128, in main
    for i in qq1["data"]["list"]:
             ~~~~~~~~~~~^^^^^^^^
TypeError: 'NoneType' object is not subscriptable

2026-02-03 06:34:06,802 - INFO - Total time taken: {'ret': 0, 'msg': 'success', 'data': None}
2026-02-03 06:34:06,802 - INFO - 'NoneType' object is not subscriptable
2026-02-03 06:34:06,802 - INFO - Traceback (most recent call last):
  File "/home/runner/work/qqnews/qqnews/qq.py", line 128, in main
    for i in qq1["data"]["list"]:
             ~~~~~~~~~~~^^^^^^^^
TypeError: 'NoneType' object is not subscriptable

2026-02-03 07:33:33,606 - INFO - Total time taken: {'ret': 0, 'msg': 'success', 'data': None}
2026-02-03 07:33:33,607 - INFO - 'NoneType' object is not subscriptable
2026-02-03 07:33:33,607 - INFO - Traceback (most recent call last):
  File "/home/runner/work/qqnews/qqnews/qq.py", line 128, in main
    for i in qq1["data"]["list"]:
             ~~~~~~~~~~~^^^^^^^^
TypeError: 'NoneType' object is not subscriptable

2026-02-03 08:23:16,803 - INFO - Total time taken: {'ret': 0, 'msg': 'success', 'data': None}
2026-02-03 08:23:16,803 - INFO - 'NoneType' object is not subscriptable
2026-02-03 08:23:16,803 - INFO - Traceback (most recent call last):
  File "/home/runner/work/qqnews/qqnews/qq.py", line 128, in main
    for i in qq1["data"]["list"]:
             ~~~~~~~~~~~^^^^^^^^
TypeError: 'NoneType' object is not subscriptable

2026-02-03 09:26:53,756 - INFO - Total time taken: {'ret': 0, 'msg': 'success', 'data': None}
2026-02-03 09:26:53,757 - INFO - 'NoneType' object is not subscriptable
2026-02-03 09:26:53,757 - INFO - Traceback (most recent call last):
  File "/home/runner/work/qqnews/qqnews/qq.py", line 128, in main
    for i in qq1["data"]["list"]:
             ~~~~~~~~~~~^^^^^^^^
TypeError: 'NoneType' object is not subscriptable

2026-02-03 10:26:38,934 - INFO - Total time taken: {'ret': 0, 'msg': 'success', 'data': None}
2026-02-03 10:26:38,934 - INFO - 'NoneType' object is not subscriptable
2026-02-03 10:26:38,934 - INFO - Traceback (most recent call last):
  File "/home/runner/work/qqnews/qqnews/qq.py", line 128, in main
    for i in qq1["data"]["list"]:
             ~~~~~~~~~~~^^^^^^^^
TypeError: 'NoneType' object is not subscriptable

2026-02-03 11:24:20,159 - INFO - Total time taken: {'ret': 0, 'msg': 'success', 'data': None}
2026-02-03 11:24:20,160 - INFO - 'NoneType' object is not subscriptable
2026-02-03 11:24:20,160 - INFO - Traceback (most recent call last):
  File "/home/runner/work/qqnews/qqnews/qq.py", line 128, in main
    for i in qq1["data"]["list"]:
             ~~~~~~~~~~~^^^^^^^^
TypeError: 'NoneType' object is not subscriptable

2026-02-03 12:27:55,558 - INFO - Total time taken: {'ret': 0, 'msg': 'success', 'data': None}
2026-02-03 12:27:55,558 - INFO - 'NoneType' object is not subscriptable
2026-02-03 12:27:55,558 - INFO - Traceback (most recent call last):
  File "/home/runner/work/qqnews/qqnews/qq.py", line 128, in main
    for i in qq1["data"]["list"]:
             ~~~~~~~~~~~^^^^^^^^
TypeError: 'NoneType' object is not subscriptable

2026-02-03 13:54:19,101 - INFO - Total time taken: {'ret': 0, 'msg': 'success', 'data': None}
2026-02-03 13:54:19,101 - INFO - 'NoneType' object is not subscriptable
2026-02-03 13:54:19,101 - INFO - Traceback (most recent call last):
  File "/home/runner/work/qqnews/qqnews/qq.py", line 128, in main
    for i in qq1["data"]["list"]:
             ~~~~~~~~~~~^^^^^^^^
TypeError: 'NoneType' object is not subscriptable

2026-02-03 14:35:09,910 - INFO - Total time taken: {'ret': 0, 'msg': 'success', 'data': None}
2026-02-03 14:35:09,910 - INFO - 'NoneType' object is not subscriptable
2026-02-03 14:35:09,910 - INFO - Traceback (most recent call last):
  File "/home/runner/work/qqnews/qqnews/qq.py", line 128, in main
    for i in qq1["data"]["list"]:
             ~~~~~~~~~~~^^^^^^^^
TypeError: 'NoneType' object is not subscriptable

2026-02-03 15:36:04,467 - INFO - Total time taken: {'ret': 0, 'msg': 'success', 'data': None}
2026-02-03 15:36:04,468 - INFO - 'NoneType' object is not subscriptable
2026-02-03 15:36:04,468 - INFO - Traceback (most recent call last):
  File "/home/runner/work/qqnews/qqnews/qq.py", line 128, in main
    for i in qq1["data"]["list"]:
             ~~~~~~~~~~~^^^^^^^^
TypeError: 'NoneType' object is not subscriptable

2026-02-03 16:36:53,377 - INFO - Total time taken: {'ret': 0, 'msg': 'success', 'data': None}
2026-02-03 16:36:53,377 - INFO - 'NoneType' object is not subscriptable
2026-02-03 16:36:53,378 - INFO - Traceback (most recent call last):
  File "/home/runner/work/qqnews/qqnews/qq.py", line 128, in main
    for i in qq1["data"]["list"]:
             ~~~~~~~~~~~^^^^^^^^
TypeError: 'NoneType' object is not subscriptable

2026-02-03 17:41:40,913 - INFO - Total time taken: {'ret': 0, 'msg': 'success', 'data': None}
2026-02-03 17:41:40,913 - INFO - 'NoneType' object is not subscriptable
2026-02-03 17:41:40,914 - INFO - Traceback (most recent call last):
  File "/home/runner/work/qqnews/qqnews/qq.py", line 128, in main
    for i in qq1["data"]["list"]:
             ~~~~~~~~~~~^^^^^^^^
TypeError: 'NoneType' object is not subscriptable

2026-02-03 18:37:48,007 - INFO - Total time taken: {'ret': 0, 'msg': 'success', 'data': None}
2026-02-03 18:37:48,007 - INFO - 'NoneType' object is not subscriptable
2026-02-03 18:37:48,008 - INFO - Traceback (most recent call last):
  File "/home/runner/work/qqnews/qqnews/qq.py", line 128, in main
    for i in qq1["data"]["list"]:
             ~~~~~~~~~~~^^^^^^^^
TypeError: 'NoneType' object is not subscriptable

2026-02-03 19:36:45,520 - INFO - Total time taken: {'ret': 0, 'msg': 'success', 'data': None}
2026-02-03 19:36:45,520 - INFO - 'NoneType' object is not subscriptable
2026-02-03 19:36:45,520 - INFO - Traceback (most recent call last):
  File "/home/runner/work/qqnews/qqnews/qq.py", line 128, in main
    for i in qq1["data"]["list"]:
             ~~~~~~~~~~~^^^^^^^^
TypeError: 'NoneType' object is not subscriptable

2026-02-03 20:21:28,794 - INFO - Total time taken: {'ret': 0, 'msg': 'success', 'data': None}
2026-02-03 20:21:28,794 - INFO - 'NoneType' object is not subscriptable
2026-02-03 20:21:28,795 - INFO - Traceback (most recent call last):
  File "/home/runner/work/qqnews/qqnews/qq.py", line 128, in main
    for i in qq1["data"]["list"]:
             ~~~~~~~~~~~^^^^^^^^
TypeError: 'NoneType' object is not subscriptable

