2025-07-23 00:44:52,145 - INFO - Total time taken: {'ret': 0, 'msg': 'success', 'data': None}
2025-07-23 00:44:52,145 - INFO - 'NoneType' object is not subscriptable
2025-07-23 00:44:52,145 - INFO - Traceback (most recent call last):
  File "/home/runner/work/qqnews/qqnews/qq.py", line 128, in main
    for i in qq1["data"]["list"]:
             ~~~~~~~~~~~^^^^^^^^
TypeError: 'NoneType' object is not subscriptable

2025-07-23 02:51:47,569 - INFO - Total time taken: {'ret': 0, 'msg': 'success', 'data': None}
2025-07-23 02:51:47,569 - INFO - 'NoneType' object is not subscriptable
2025-07-23 02:51:47,569 - INFO - Traceback (most recent call last):
  File "/home/runner/work/qqnews/qqnews/qq.py", line 128, in main
    for i in qq1["data"]["list"]:
             ~~~~~~~~~~~^^^^^^^^
TypeError: 'NoneType' object is not subscriptable

2025-07-23 03:55:14,966 - INFO - Total time taken: {'ret': 0, 'msg': 'success', 'data': None}
2025-07-23 03:55:14,966 - INFO - 'NoneType' object is not subscriptable
2025-07-23 03:55:14,966 - INFO - Traceback (most recent call last):
  File "/home/runner/work/qqnews/qqnews/qq.py", line 128, in main
    for i in qq1["data"]["list"]:
             ~~~~~~~~~~~^^^^^^^^
TypeError: 'NoneType' object is not subscriptable

2025-07-23 04:31:05,980 - INFO - Total time taken: {'ret': 0, 'msg': 'success', 'data': None}
2025-07-23 04:31:05,980 - INFO - 'NoneType' object is not subscriptable
2025-07-23 04:31:05,980 - INFO - Traceback (most recent call last):
  File "/home/runner/work/qqnews/qqnews/qq.py", line 128, in main
    for i in qq1["data"]["list"]:
             ~~~~~~~~~~~^^^^^^^^
TypeError: 'NoneType' object is not subscriptable

2025-07-23 05:18:30,205 - INFO - Total time taken: {'ret': 0, 'msg': 'success', 'data': None}
2025-07-23 05:18:30,205 - INFO - 'NoneType' object is not subscriptable
2025-07-23 05:18:30,206 - INFO - Traceback (most recent call last):
  File "/home/runner/work/qqnews/qqnews/qq.py", line 128, in main
    for i in qq1["data"]["list"]:
             ~~~~~~~~~~~^^^^^^^^
TypeError: 'NoneType' object is not subscriptable

