2026-02-05 00:56:54,759 - INFO - Total time taken: {'ret': 0, 'msg': 'success', 'data': None}
2026-02-05 00:56:54,759 - INFO - 'NoneType' object is not subscriptable
2026-02-05 00:56:54,760 - INFO - Traceback (most recent call last):
  File "/home/runner/work/qqnews/qqnews/qq.py", line 128, in main
    for i in qq1["data"]["list"]:
             ~~~~~~~~~~~^^^^^^^^
TypeError: 'NoneType' object is not subscriptable

2026-02-05 03:27:04,995 - INFO - Total time taken: {'ret': 0, 'msg': 'success', 'data': None}
2026-02-05 03:27:04,995 - INFO - 'NoneType' object is not subscriptable
2026-02-05 03:27:04,995 - INFO - Traceback (most recent call last):
  File "/home/runner/work/qqnews/qqnews/qq.py", line 128, in main
    for i in qq1["data"]["list"]:
             ~~~~~~~~~~~^^^^^^^^
TypeError: 'NoneType' object is not subscriptable

2026-02-05 05:10:30,384 - INFO - Total time taken: {'ret': 0, 'msg': 'success', 'data': None}
2026-02-05 05:10:30,385 - INFO - 'NoneType' object is not subscriptable
2026-02-05 05:10:30,385 - INFO - Traceback (most recent call last):
  File "/home/runner/work/qqnews/qqnews/qq.py", line 128, in main
    for i in qq1["data"]["list"]:
             ~~~~~~~~~~~^^^^^^^^
TypeError: 'NoneType' object is not subscriptable

