2025-08-14 00:42:28,846 - INFO - Total time taken: {'ret': 0, 'msg': 'success', 'data': None}
2025-08-14 00:42:28,846 - INFO - 'NoneType' object is not subscriptable
2025-08-14 00:42:28,846 - INFO - Traceback (most recent call last):
  File "/home/runner/work/qqnews/qqnews/qq.py", line 128, in main
    for i in qq1["data"]["list"]:
             ~~~~~~~~~~~^^^^^^^^
TypeError: 'NoneType' object is not subscriptable

2025-08-14 02:43:13,917 - INFO - Total time taken: {'ret': 0, 'msg': 'success', 'data': None}
2025-08-14 02:43:13,917 - INFO - 'NoneType' object is not subscriptable
2025-08-14 02:43:13,918 - INFO - Traceback (most recent call last):
  File "/home/runner/work/qqnews/qqnews/qq.py", line 128, in main
    for i in qq1["data"]["list"]:
             ~~~~~~~~~~~^^^^^^^^
TypeError: 'NoneType' object is not subscriptable

2025-08-14 03:44:45,127 - INFO - Total time taken: {'ret': 0, 'msg': 'success', 'data': None}
2025-08-14 03:44:45,127 - INFO - 'NoneType' object is not subscriptable
2025-08-14 03:44:45,127 - INFO - Traceback (most recent call last):
  File "/home/runner/work/qqnews/qqnews/qq.py", line 128, in main
    for i in qq1["data"]["list"]:
             ~~~~~~~~~~~^^^^^^^^
TypeError: 'NoneType' object is not subscriptable

2025-08-14 04:19:53,394 - INFO - Total time taken: {'ret': 0, 'msg': 'success', 'data': None}
2025-08-14 04:19:53,394 - INFO - 'NoneType' object is not subscriptable
2025-08-14 04:19:53,394 - INFO - Traceback (most recent call last):
  File "/home/runner/work/qqnews/qqnews/qq.py", line 128, in main
    for i in qq1["data"]["list"]:
             ~~~~~~~~~~~^^^^^^^^
TypeError: 'NoneType' object is not subscriptable

2025-08-14 05:11:10,314 - INFO - Total time taken: {'ret': 0, 'msg': 'success', 'data': None}
2025-08-14 05:11:10,314 - INFO - 'NoneType' object is not subscriptable
2025-08-14 05:11:10,314 - INFO - Traceback (most recent call last):
  File "/home/runner/work/qqnews/qqnews/qq.py", line 128, in main
    for i in qq1["data"]["list"]:
             ~~~~~~~~~~~^^^^^^^^
TypeError: 'NoneType' object is not subscriptable

2025-08-14 06:14:06,032 - INFO - Total time taken: {'ret': 0, 'msg': 'success', 'data': None}
2025-08-14 06:14:06,032 - INFO - 'NoneType' object is not subscriptable
2025-08-14 06:14:06,032 - INFO - Traceback (most recent call last):
  File "/home/runner/work/qqnews/qqnews/qq.py", line 128, in main
    for i in qq1["data"]["list"]:
             ~~~~~~~~~~~^^^^^^^^
TypeError: 'NoneType' object is not subscriptable

2025-08-14 07:12:00,360 - INFO - Total time taken: {'ret': 0, 'msg': 'success', 'data': None}
2025-08-14 07:12:00,360 - INFO - 'NoneType' object is not subscriptable
2025-08-14 07:12:00,360 - INFO - Traceback (most recent call last):
  File "/home/runner/work/qqnews/qqnews/qq.py", line 128, in main
    for i in qq1["data"]["list"]:
             ~~~~~~~~~~~^^^^^^^^
TypeError: 'NoneType' object is not subscriptable

2025-08-14 08:13:12,835 - INFO - Total time taken: {'ret': 0, 'msg': 'success', 'data': None}
2025-08-14 08:13:12,835 - INFO - 'NoneType' object is not subscriptable
2025-08-14 08:13:12,836 - INFO - Traceback (most recent call last):
  File "/home/runner/work/qqnews/qqnews/qq.py", line 128, in main
    for i in qq1["data"]["list"]:
             ~~~~~~~~~~~^^^^^^^^
TypeError: 'NoneType' object is not subscriptable

2025-08-14 09:12:43,712 - INFO - Total time taken: {'ret': 0, 'msg': 'success', 'data': None}
2025-08-14 09:12:43,712 - INFO - 'NoneType' object is not subscriptable
2025-08-14 09:12:43,712 - INFO - Traceback (most recent call last):
  File "/home/runner/work/qqnews/qqnews/qq.py", line 128, in main
    for i in qq1["data"]["list"]:
             ~~~~~~~~~~~^^^^^^^^
TypeError: 'NoneType' object is not subscriptable

2025-08-14 10:09:56,763 - INFO - Total time taken: {'ret': 0, 'msg': 'success', 'data': None}
2025-08-14 10:09:56,763 - INFO - 'NoneType' object is not subscriptable
2025-08-14 10:09:56,763 - INFO - Traceback (most recent call last):
  File "/home/runner/work/qqnews/qqnews/qq.py", line 128, in main
    for i in qq1["data"]["list"]:
             ~~~~~~~~~~~^^^^^^^^
TypeError: 'NoneType' object is not subscriptable

2025-08-14 11:01:26,843 - INFO - Total time taken: {'ret': 0, 'msg': 'success', 'data': None}
2025-08-14 11:01:26,844 - INFO - 'NoneType' object is not subscriptable
2025-08-14 11:01:26,844 - INFO - Traceback (most recent call last):
  File "/home/runner/work/qqnews/qqnews/qq.py", line 128, in main
    for i in qq1["data"]["list"]:
             ~~~~~~~~~~~^^^^^^^^
TypeError: 'NoneType' object is not subscriptable

2025-08-14 12:17:09,862 - INFO - Total time taken: {'ret': 0, 'msg': 'success', 'data': None}
2025-08-14 12:17:09,862 - INFO - 'NoneType' object is not subscriptable
2025-08-14 12:17:09,863 - INFO - Traceback (most recent call last):
  File "/home/runner/work/qqnews/qqnews/qq.py", line 128, in main
    for i in qq1["data"]["list"]:
             ~~~~~~~~~~~^^^^^^^^
TypeError: 'NoneType' object is not subscriptable

2025-08-14 13:28:14,108 - INFO - Total time taken: {'ret': 0, 'msg': 'success', 'data': None}
2025-08-14 13:28:14,108 - INFO - 'NoneType' object is not subscriptable
2025-08-14 13:28:14,108 - INFO - Traceback (most recent call last):
  File "/home/runner/work/qqnews/qqnews/qq.py", line 128, in main
    for i in qq1["data"]["list"]:
             ~~~~~~~~~~~^^^^^^^^
TypeError: 'NoneType' object is not subscriptable

2025-08-14 14:09:08,522 - INFO - Total time taken: {'ret': 0, 'msg': 'success', 'data': None}
2025-08-14 14:09:08,522 - INFO - 'NoneType' object is not subscriptable
2025-08-14 14:09:08,522 - INFO - Traceback (most recent call last):
  File "/home/runner/work/qqnews/qqnews/qq.py", line 128, in main
    for i in qq1["data"]["list"]:
             ~~~~~~~~~~~^^^^^^^^
TypeError: 'NoneType' object is not subscriptable

2025-08-14 15:01:28,557 - INFO - Total time taken: {'ret': 0, 'msg': 'success', 'data': None}
2025-08-14 15:01:28,557 - INFO - 'NoneType' object is not subscriptable
2025-08-14 15:01:28,558 - INFO - Traceback (most recent call last):
  File "/home/runner/work/qqnews/qqnews/qq.py", line 128, in main
    for i in qq1["data"]["list"]:
             ~~~~~~~~~~~^^^^^^^^
TypeError: 'NoneType' object is not subscriptable

2025-08-14 16:11:15,501 - INFO - Total time taken: {'ret': 0, 'msg': 'success', 'data': None}
2025-08-14 16:11:15,501 - INFO - 'NoneType' object is not subscriptable
2025-08-14 16:11:15,501 - INFO - Traceback (most recent call last):
  File "/home/runner/work/qqnews/qqnews/qq.py", line 128, in main
    for i in qq1["data"]["list"]:
             ~~~~~~~~~~~^^^^^^^^
TypeError: 'NoneType' object is not subscriptable

2025-08-14 17:08:39,159 - INFO - Total time taken: {'ret': 0, 'msg': 'success', 'data': None}
2025-08-14 17:08:39,159 - INFO - 'NoneType' object is not subscriptable
2025-08-14 17:08:39,159 - INFO - Traceback (most recent call last):
  File "/home/runner/work/qqnews/qqnews/qq.py", line 128, in main
    for i in qq1["data"]["list"]:
             ~~~~~~~~~~~^^^^^^^^
TypeError: 'NoneType' object is not subscriptable

2025-08-14 18:12:48,435 - INFO - Total time taken: {'ret': 0, 'msg': 'success', 'data': None}
2025-08-14 18:12:48,436 - INFO - 'NoneType' object is not subscriptable
2025-08-14 18:12:48,436 - INFO - Traceback (most recent call last):
  File "/home/runner/work/qqnews/qqnews/qq.py", line 128, in main
    for i in qq1["data"]["list"]:
             ~~~~~~~~~~~^^^^^^^^
TypeError: 'NoneType' object is not subscriptable

2025-08-14 19:08:25,606 - INFO - Total time taken: {'ret': 0, 'msg': 'success', 'data': None}
2025-08-14 19:08:25,606 - INFO - 'NoneType' object is not subscriptable
2025-08-14 19:08:25,607 - INFO - Traceback (most recent call last):
  File "/home/runner/work/qqnews/qqnews/qq.py", line 128, in main
    for i in qq1["data"]["list"]:
             ~~~~~~~~~~~^^^^^^^^
TypeError: 'NoneType' object is not subscriptable

2025-08-14 20:10:20,075 - INFO - Total time taken: {'ret': 0, 'msg': 'success', 'data': None}
2025-08-14 20:10:20,075 - INFO - 'NoneType' object is not subscriptable
2025-08-14 20:10:20,075 - INFO - Traceback (most recent call last):
  File "/home/runner/work/qqnews/qqnews/qq.py", line 128, in main
    for i in qq1["data"]["list"]:
             ~~~~~~~~~~~^^^^^^^^
TypeError: 'NoneType' object is not subscriptable

2025-08-14 21:01:26,616 - INFO - Total time taken: {'ret': 0, 'msg': 'success', 'data': None}
2025-08-14 21:01:26,616 - INFO - 'NoneType' object is not subscriptable
2025-08-14 21:01:26,616 - INFO - Traceback (most recent call last):
  File "/home/runner/work/qqnews/qqnews/qq.py", line 128, in main
    for i in qq1["data"]["list"]:
             ~~~~~~~~~~~^^^^^^^^
TypeError: 'NoneType' object is not subscriptable

