2026-07-07 01:30:44,230 - INFO - Total time taken: {'ret': 0, 'msg': 'success', 'data': None}
2026-07-07 01:30:44,230 - INFO - 'NoneType' object is not subscriptable
2026-07-07 01:30:44,231 - INFO - Traceback (most recent call last):
  File "/home/runner/work/qqnews/qqnews/qq.py", line 128, in main
    for i in qq1["data"]["list"]:
             ~~~~~~~~~~~^^^^^^^^
TypeError: 'NoneType' object is not subscriptable

2026-07-07 05:54:01,270 - INFO - Total time taken: {'ret': 0, 'msg': 'success', 'data': None}
2026-07-07 05:54:01,270 - INFO - 'NoneType' object is not subscriptable
2026-07-07 05:54:01,270 - INFO - Traceback (most recent call last):
  File "/home/runner/work/qqnews/qqnews/qq.py", line 128, in main
    for i in qq1["data"]["list"]:
             ~~~~~~~~~~~^^^^^^^^
TypeError: 'NoneType' object is not subscriptable

2026-07-07 08:58:45,827 - INFO - Total time taken: {'ret': 0, 'msg': 'success', 'data': None}
2026-07-07 08:58:45,828 - INFO - 'NoneType' object is not subscriptable
2026-07-07 08:58:45,828 - INFO - Traceback (most recent call last):
  File "/home/runner/work/qqnews/qqnews/qq.py", line 128, in main
    for i in qq1["data"]["list"]:
             ~~~~~~~~~~~^^^^^^^^
TypeError: 'NoneType' object is not subscriptable

2026-07-07 11:42:52,493 - INFO - Total time taken: {'ret': 0, 'msg': 'success', 'data': None}
2026-07-07 11:42:52,493 - INFO - 'NoneType' object is not subscriptable
2026-07-07 11:42:52,494 - INFO - Traceback (most recent call last):
  File "/home/runner/work/qqnews/qqnews/qq.py", line 128, in main
    for i in qq1["data"]["list"]:
             ~~~~~~~~~~~^^^^^^^^
TypeError: 'NoneType' object is not subscriptable

2026-07-07 13:57:47,646 - INFO - Total time taken: {'ret': 0, 'msg': 'success', 'data': None}
2026-07-07 13:57:47,647 - INFO - 'NoneType' object is not subscriptable
2026-07-07 13:57:47,647 - INFO - Traceback (most recent call last):
  File "/home/runner/work/qqnews/qqnews/qq.py", line 128, in main
    for i in qq1["data"]["list"]:
             ~~~~~~~~~~~^^^^^^^^
TypeError: 'NoneType' object is not subscriptable

2026-07-07 16:19:55,909 - INFO - Total time taken: {'ret': 0, 'msg': 'success', 'data': None}
2026-07-07 16:19:55,909 - INFO - 'NoneType' object is not subscriptable
2026-07-07 16:19:55,910 - INFO - Traceback (most recent call last):
  File "/home/runner/work/qqnews/qqnews/qq.py", line 128, in main
    for i in qq1["data"]["list"]:
             ~~~~~~~~~~~^^^^^^^^
TypeError: 'NoneType' object is not subscriptable

2026-07-07 18:51:58,878 - INFO - Total time taken: {'ret': 0, 'msg': 'success', 'data': None}
2026-07-07 18:51:58,878 - INFO - 'NoneType' object is not subscriptable
2026-07-07 18:51:58,878 - INFO - Traceback (most recent call last):
  File "/home/runner/work/qqnews/qqnews/qq.py", line 128, in main
    for i in qq1["data"]["list"]:
             ~~~~~~~~~~~^^^^^^^^
TypeError: 'NoneType' object is not subscriptable

2026-07-07 20:42:02,680 - INFO - Total time taken: {'ret': 0, 'msg': 'success', 'data': None}
2026-07-07 20:42:02,680 - INFO - 'NoneType' object is not subscriptable
2026-07-07 20:42:02,680 - INFO - Traceback (most recent call last):
  File "/home/runner/work/qqnews/qqnews/qq.py", line 128, in main
    for i in qq1["data"]["list"]:
             ~~~~~~~~~~~^^^^^^^^
TypeError: 'NoneType' object is not subscriptable

2026-07-07 22:02:12,698 - INFO - Total time taken: {'ret': 0, 'msg': 'success', 'data': None}
2026-07-07 22:02:12,699 - INFO - 'NoneType' object is not subscriptable
2026-07-07 22:02:12,699 - INFO - Traceback (most recent call last):
  File "/home/runner/work/qqnews/qqnews/qq.py", line 128, in main
    for i in qq1["data"]["list"]:
             ~~~~~~~~~~~^^^^^^^^
TypeError: 'NoneType' object is not subscriptable

2026-07-07 23:42:11,491 - INFO - Total time taken: {'ret': 0, 'msg': 'success', 'data': None}
2026-07-07 23:42:11,492 - INFO - 'NoneType' object is not subscriptable
2026-07-07 23:42:11,492 - INFO - Traceback (most recent call last):
  File "/home/runner/work/qqnews/qqnews/qq.py", line 128, in main
    for i in qq1["data"]["list"]:
             ~~~~~~~~~~~^^^^^^^^
TypeError: 'NoneType' object is not subscriptable

