2025-12-02 00:43:03,056 - INFO - Total time taken: {'ret': 0, 'msg': 'success', 'data': None}
2025-12-02 00:43:03,057 - INFO - 'NoneType' object is not subscriptable
2025-12-02 00:43:03,057 - INFO - Traceback (most recent call last):
  File "/home/runner/work/qqnews/qqnews/qq.py", line 128, in main
    for i in qq1["data"]["list"]:
             ~~~~~~~~~~~^^^^^^^^
TypeError: 'NoneType' object is not subscriptable

2025-12-02 02:28:40,542 - INFO - Total time taken: {'ret': 0, 'msg': 'success', 'data': None}
2025-12-02 02:28:40,543 - INFO - 'NoneType' object is not subscriptable
2025-12-02 02:28:40,543 - INFO - Traceback (most recent call last):
  File "/home/runner/work/qqnews/qqnews/qq.py", line 128, in main
    for i in qq1["data"]["list"]:
             ~~~~~~~~~~~^^^^^^^^
TypeError: 'NoneType' object is not subscriptable

2025-12-02 03:44:36,614 - INFO - Total time taken: {'ret': 0, 'msg': 'success', 'data': None}
2025-12-02 03:44:36,614 - INFO - 'NoneType' object is not subscriptable
2025-12-02 03:44:36,614 - INFO - Traceback (most recent call last):
  File "/home/runner/work/qqnews/qqnews/qq.py", line 128, in main
    for i in qq1["data"]["list"]:
             ~~~~~~~~~~~^^^^^^^^
TypeError: 'NoneType' object is not subscriptable

