2024-11-23 00:36:20,706 - INFO - EXPIRED
男子投诉环保问题被打断肋骨获赔300万，后被判寻衅滋事追缴违法所得
https://new.qq.com/rain/a/20241122A09VQ200

2024-11-23 00:36:20,706 - INFO - EXPIRED
浙大贫困生晒国内外多地旅游照 当地民政局回应：贫困证明没问题
https://new.qq.com/rain/a/20241122A07J7P00

2024-11-23 00:36:20,706 - INFO - EXPIRED
河南打响化债第一枪
https://new.qq.com/rain/a/20241122A06AE700

2024-11-23 00:36:20,706 - INFO - EXPIRED
多重政策叠加，楼市回暖明显，专家：当下是买房最友好的时期
https://new.qq.com/rain/a/20241122A0AATA00

2024-11-23 00:36:20,706 - INFO - EXPIRED
男子在江苏一公园内发现被盗元代“玉泉宫碑”，枣庄文物部门：正协调归还，警方已介入
https://new.qq.com/rain/a/20241122A05RQ700

2024-11-23 00:36:20,706 - INFO - EXPIRED
买到一台“烂尾车”，我快被逼疯了
https://new.qq.com/rain/a/20241122A0A3UZ00

2024-11-23 00:36:20,706 - INFO - EXPIRED
话费“慢充”能打折？当心陷入洗钱陷阱
https://new.qq.com/rain/a/20241122A05PUU00

2024-11-23 00:36:20,706 - INFO - EXPIRED
上万户村民停气数月背后：燃气公司野蛮发展，官方称力争春节前全恢复
https://new.qq.com/rain/a/20241122A09X4S00

2024-11-23 00:36:20,706 - INFO - EXPIRED
释新闻 | 三孩时代，落马县委书记为何被点名超计划生育二胎
https://new.qq.com/rain/a/20241122A09HGR00

2024-11-23 00:36:20,706 - INFO - EXPIRED
带高龄母亲酒店养老遭集体拉黑，当事人：母亲已离世，将起诉酒店维权
https://new.qq.com/rain/a/20241122A0A5I800

2024-11-23 00:36:20,706 - INFO - EXPIRED
抢购医用卫生巾？业内人士：医疗注册没有医用卫生巾说法，这是蹭流量
https://new.qq.com/rain/a/20241122A0A7LE00

2024-11-23 00:36:20,706 - INFO - EXPIRED
被旁边货车坠落重物砸中 网红丐中丐夫妇车祸去世 直播间网友目睹过程
https://new.qq.com/rain/a/20241122A08GPZ00

2024-11-23 00:36:20,706 - INFO - EXPIRED
湖南平江藏着价值6000亿元的黄金？村民：小时候去山上捡石头里都有金
https://new.qq.com/rain/a/20241122A0A9VK00

2024-11-23 00:36:20,706 - INFO - EXPIRED
特朗普组阁遇挫，“二号关键职位”人选“翻车”
https://new.qq.com/rain/a/20241122A096HS00

2024-11-23 00:36:20,706 - INFO - EXPIRED
旺仔牛奶中喝出老鼠？旺旺高管回应：封闭管道，没有汤姆更没有杰瑞
https://new.qq.com/rain/a/20241122A09A6X00

2024-11-23 00:36:20,706 - INFO - EXPIRED
乌外长：对俄罗斯不能采取绥靖政策
https://new.qq.com/rain/a/20241122A08WL500

2024-11-23 00:36:20,706 - INFO - EXPIRED
“无法击落”的“榛树” 传递了什么信息？
https://new.qq.com/rain/a/20241122A08JL600

2024-11-23 00:36:20,706 - INFO - EXPIRED
美国松绑远程导弹禁令，俄乌战局突变，核战阴影逼近？｜凤凰聚焦
https://new.qq.com/rain/a/20241122A09AB100

2024-11-23 00:36:20,706 - INFO - EXPIRED
中国政法大学商学院原院长刘纪鹏：中国股市不缺钱，缺的是信心
https://new.qq.com/rain/a/20241122A08HO700

2024-11-23 00:36:20,706 - INFO - EXPIRED
70多辆小米SU7自动泊车撞墙！有车主维修费超1.2万元，客服：系统BUG
https://new.qq.com/rain/a/20241122A09AN300

2024-11-23 00:36:20,706 - INFO - EXPIRED
普京证实俄军发射新型中程高超音速导弹，克宫：华盛顿“毫无疑问”已获悉俄方警告
https://new.qq.com/rain/a/20241122A08O1R00

2024-11-23 00:36:20,706 - INFO - EXPIRED
一位北漂35万首付抄底只有4年产权的超级老破小，70年产权到期后房子还能住吗？
https://view.inews.qq.com/a/20241122Q02SDM00

2024-11-23 00:36:20,706 - INFO - EXPIRED
克宫：若俄方关切未被考虑 将采取进一步回应行动
https://new.qq.com/rain/a/20241122A08P2A00

2024-11-23 00:36:20,706 - INFO - EXPIRED
多次立功的中将履新海军副司令员，曾任潜艇艇长
https://new.qq.com/rain/a/20241122A09OY800

2024-11-23 00:36:20,707 - INFO - EXPIRED
波兰高官催欧盟成员国打钱：我们军费已达GDP的4%
https://new.qq.com/rain/a/20241122A08OZ700

2024-11-23 00:36:20,707 - INFO - EXPIRED
人民币汇率跌至7.25 央行再发稳汇率信号
https://new.qq.com/rain/a/20241122A09ZC100

2024-11-23 00:36:20,707 - INFO - EXPIRED
突发！165亿元，比亚迪收购蔚来？双方已回应
https://new.qq.com/rain/a/20241122A08LJ900

2024-11-23 00:36:20,707 - INFO - EXPIRED
一线｜滴滴张博卸任CTO，未来将专注自动驾驶业务
https://new.qq.com/rain/a/20241122A093SK00

2024-11-23 00:36:20,707 - INFO - EXPIRED
广东东莞市委原书记徐建华被查：退休已超七年半，此前多名下属落马
https://new.qq.com/rain/a/20241122A095C400

2024-11-23 00:36:20,707 - INFO - EXPIRED
受资助的浙大贫困男生晒国内外旅游照片，并已保研清华？清华回应
https://new.qq.com/rain/a/20241122A07KOG00

2024-11-23 00:36:20,707 - INFO - EXPIRED
俄罗斯使用新型中程导弹攻击第聂伯罗 乌克兰披露相关细节
https://new.qq.com/rain/a/20241122A08KGW00

2024-11-23 00:36:20,707 - INFO - EXPIRED
2024年上半年全国多地出生率反弹，连续两年的人口负增长，或出现逆转
https://new.qq.com/rain/a/20241122A02R5X00

2024-11-23 00:36:20,707 - INFO - EXPIRED
房地产重整第一股：金科股份投资人揭晓 品器联合体中标
https://new.qq.com/rain/a/20241122A084HT00

2024-11-23 00:36:20,707 - INFO - EXPIRED
台湾台南市连续发生3次地震 最高震级5.4级
https://new.qq.com/rain/a/20241122A09JBX00

2024-11-23 00:36:20,707 - INFO - EXPIRED
从15天到30天！中国恢复对日免签，中日经贸再迎利好
https://new.qq.com/rain/a/20241122A08IM600

2024-11-23 00:36:20,707 - INFO - EXPIRED
国家发改委、国家林草局：在“三北”工程中实施以工代赈
https://new.qq.com/rain/a/20241122A090JX00

2024-11-23 00:36:20,707 - INFO - EXPIRED
胖东来创始人“不许员工结婚要彩礼”言论引热议，其员工：理解支持
https://new.qq.com/rain/a/20241122A08R1000

2024-11-23 00:36:20,707 - INFO - EXPIRED
五部委解读稳外贸新政：加大金融支持 培育外贸新动能
https://new.qq.com/rain/a/20241122A04LCM00

2024-11-23 00:36:20,707 - INFO - EXPIRED
月销5000单外卖店门头是P图？平台：将核实处理
https://new.qq.com/rain/a/20241122A06OXW00

2024-11-23 00:36:20,707 - INFO - EXPIRED
美联储官员“鹰声嘹亮”，降息前景的不确定性增强
https://new.qq.com/rain/a/20241122A09AFI00

2024-11-23 00:36:20,707 - INFO - EXPIRED
贵州一男子失踪18年疑被骗至10余个砖厂打工，不干活会被打？官方回应
https://new.qq.com/rain/a/20241122A05HKD00

2024-11-23 00:36:20,707 - INFO - EXPIRED
前亚洲首富被美国指控行贿，旗下公司股价暴跌，此事对其商业帝国影响多大？
https://view.inews.qq.com/a/20241122Q05YNF00

2024-11-23 00:36:20,707 - INFO - EXPIRED
国常会：进一步加强对平台经济健康发展的统筹指导 加大政策支持力度
https://new.qq.com/rain/a/20241122A08JRI00

2024-11-23 00:36:20,707 - INFO - EXPIRED
因短视频中存在违法信息等问题，公安机关依法处罚快手公司
https://new.qq.com/rain/a/20241122A07UT000

2024-11-23 00:36:20,707 - INFO - EXPIRED
明年精彩了，或有两个美联储主席 ，市场听谁的？
https://new.qq.com/rain/a/20241122A0952X00

2024-11-23 00:36:20,707 - INFO - EXPIRED
川航成都飞加拿大温哥华航班下降时遇“炸弹气旋”，航司：已安全抵达
https://new.qq.com/rain/a/20241122A088FX00

2024-11-23 00:36:20,707 - INFO - EXPIRED
江西9岁男孩在学校门外玩耍被保安打落4颗牙，涉事者已刑拘
https://new.qq.com/rain/a/20241122A06CCU00

2024-11-23 00:36:20,707 - INFO - EXPIRED
外交部：如果美方一意孤行，对香港特区政府官员实施签证限制，中方将坚决反制
https://new.qq.com/rain/a/20241122A062A900

2024-11-23 00:36:20,707 - INFO - EXPIRED
国际刑事法院发布内塔尼亚胡逮捕令：美国反对，欧洲国家意见不一
https://new.qq.com/rain/a/20241122A05W9V00

2024-11-23 00:36:20,707 - INFO - EXPIRED
河南一女游客徒步时坠崖身亡 救援队：踩空后坠落 事发地系未开发景区
https://new.qq.com/rain/a/20241122V06W7G00

2024-11-23 00:36:20,707 - INFO - EXPIRED
跌宕起伏一年后，阿里重归阿里
https://new.qq.com/rain/a/20241122A07JFE00

2024-11-23 00:36:20,707 - INFO - EXPIRED
西安公安侦破拐卖儿童积案：两姐妹17年前半年内连拐3名儿童 今日孩子与家人团聚
https://new.qq.com/rain/a/20241122A06BLB00

2024-11-23 00:36:20,707 - INFO - EXPIRED
享界汽车起诉自媒体“袁启聪”：不严谨的测试结论严重误导了消费者
https://new.qq.com/rain/a/20241122A07PZS00

2024-11-23 00:36:20,707 - INFO - EXPIRED
男子求助如何打开亡父遗留14年手机：上千人留言，华强北网友正在帮忙
https://new.qq.com/rain/a/20241122A04L4D00

2024-11-23 00:36:20,707 - INFO - EXPIRED
酒店偷拍借合规APP直播，涉事公司回应：停售付费分享服务
https://new.qq.com/rain/a/20241122A06U8400

2024-11-23 00:36:20,707 - INFO - EXPIRED
15年，谷歌的“隐瞒文化”已炉火纯青
https://new.qq.com/rain/a/20241122A0855900

2024-11-23 00:36:20,707 - INFO - EXPIRED
美国六次独家否决加沙停火决议草案，外交部：站在了全人类道德良知的对立面
https://new.qq.com/rain/a/20241122A0644L00

2024-11-23 00:36:20,707 - INFO - EXPIRED
俄防长称已消灭乌军精锐力量 从实质上破坏其2025年部署
https://new.qq.com/rain/a/20241122A061QB00

2024-11-23 00:36:20,707 - INFO - EXPIRED
梅德韦杰夫发布俄新型中程高超音速导弹袭击视频：那就是你们想要的吗
https://new.qq.com/rain/a/20241122A02YQP00

2024-11-23 00:36:20,707 - INFO - EXPIRED
00、11、22……A股代码后两位数字相同个股掀涨停潮，怎么解释这种“玄学”现象？
https://view.inews.qq.com/a/20241122Q05CJN00

2024-11-23 00:36:20,707 - INFO - EXPIRED
巴基斯坦开伯尔-普什图省一车队遭袭 已致42人死亡
https://new.qq.com/rain/a/20241122A05L6900

2024-11-23 00:36:20,707 - INFO - EXPIRED
外交部：扩大免签国家范围，对保加利亚、罗马尼亚、日本等国试行免签
https://new.qq.com/rain/a/20241122A05ZO900

2024-11-23 00:36:20,707 - INFO - EXPIRED
再迎43位英雄回家 第十一批在韩中国人民志愿军烈士遗骸11月28日回国
https://new.qq.com/rain/a/20241122A05MR900

2024-11-23 00:36:20,707 - INFO - EXPIRED
事关农民工城镇落户、社保、随迁子女入学！多部门联合发布
https://new.qq.com/rain/a/20241122A06DJ200

2024-11-23 00:36:20,707 - INFO - EXPIRED
巴西警方：前总统博索纳罗涉嫌策划政变，且知晓刺杀卢拉的计划
https://new.qq.com/rain/a/20241122A01JK200

2024-11-23 00:36:20,707 - INFO - EXPIRED
俄称向乌工业区发射新型中程导弹、多方回应，紧张局势再升级？
https://new.qq.com/rain/a/20241122A03SC800

2024-11-23 00:36:20,707 - INFO - EXPIRED
小学女生因吃零食被老师打脸，老师还自己录视频发布？学校教育局回应
https://new.qq.com/rain/a/20241122A04GVF00

2024-11-23 00:36:20,707 - INFO - EXPIRED
上汽大众回应对国利欠款传闻
https://new.qq.com/rain/a/20241122A05QMB00

2024-11-23 00:36:20,707 - INFO - EXPIRED
拜登接见NBA总冠军凯尔特人队：开玩笑向球员确认球队，当众表演运球
https://new.qq.com/rain/a/20241122V063WQ00

2024-11-23 00:36:20,707 - INFO - EXPIRED
新加坡国务资政李显龙将访华
https://new.qq.com/rain/a/20241122A05SL600

2024-11-23 00:36:20,707 - INFO - EXPIRED
富豪花624万美金买下一根香蕉，什么香蕉比黄金还贵？这是真爱艺术还是洗钱？
https://view.inews.qq.com/a/20241122Q04NN500

2024-11-23 00:36:20,707 - INFO - EXPIRED
王宝强被举报涉嫌欺诈，受其资助孩子父亲发声：已资助2年，每学期都会转账
https://new.qq.com/rain/a/20241122A04SG700

2024-11-23 00:36:20,707 - INFO - EXPIRED
ABC品牌创始人致歉：12月份会有优化后的产品推出
https://new.qq.com/rain/a/20241122A04T8500

2024-11-23 00:36:20,707 - INFO - EXPIRED
宁夏银川“6·21”燃气爆炸事故细节披露：液化石油气泄漏达1分钟无有效处置
https://new.qq.com/rain/a/20241122A04NIK00

2024-11-23 00:36:20,707 - INFO - EXPIRED
江西新余“1·24”火灾细节披露：施工人员无知无畏 建筑长期带病运行
https://new.qq.com/rain/a/20241122A04NLI00

2024-11-23 00:36:20,707 - INFO - EXPIRED
女生骑行比赛被风筝线“割喉”，承办单位：签了《免责协议》已尽义务
https://new.qq.com/rain/a/20241122A03M5T00

2024-11-23 00:36:20,707 - INFO - EXPIRED
昔日“抗疫英雄”，被控受贿2167万余元
https://new.qq.com/rain/a/20241122A03EXL00

2024-11-23 00:36:20,707 - INFO - EXPIRED
黑龙江村民被虎咬伤，当地再发防范东北豹提醒！勿用手机拍照
https://new.qq.com/rain/a/20241122A04JGC00

2024-11-23 00:36:20,707 - INFO - EXPIRED
陕西一污水处理厂突发事故致4死，居民称事故伴随很大响声，官方回应
https://new.qq.com/rain/a/20241122A03RGJ00

2024-11-23 00:36:20,707 - INFO - EXPIRED
不藏了？美防长自爆有“美国仁爱礁特遣队”，专家：南海局势可能进一步升温
https://new.qq.com/rain/a/20241122A00ZCZ00

2024-11-23 00:36:20,707 - INFO - EXPIRED
特朗普曾说计划征60%关税 中方回应
https://new.qq.com/rain/a/20241122A03GVC00

2024-11-23 00:36:20,708 - INFO - EXPIRED
真没反导系统能拦截吗？技术上美国对付得了吗？
https://view.inews.qq.com/a/20241122Q016R800

2024-11-23 00:36:20,708 - INFO - EXPIRED
中国已同25个国家实现全面免签，对29个国家实行单方面免签
https://new.qq.com/rain/a/20241122A03HEV00

2024-11-23 00:36:20,708 - INFO - EXPIRED
金正恩：朝鲜半岛尖锐对峙 战争一触即发
https://new.qq.com/rain/a/20241122A012PZ00

2024-11-23 00:36:20,708 - INFO - EXPIRED
普京证实：对乌实战测试新型中程高超音速导弹
https://new.qq.com/rain/a/20241122A00V8C00

2024-11-23 00:36:20,708 - INFO - EXPIRED
俄版和平方案：乌克兰放弃加入北约，但可获联合国“五常”的安全保障
https://new.qq.com/rain/a/20241122A00OJY00

2024-11-23 00:36:20,708 - INFO - EXPIRED
学生质疑学校“有钱建草堂无钱修宿舍”后被送去做精神鉴定？官方回应
https://new.qq.com/rain/a/20241121A09V6600

2024-11-23 00:36:20,708 - INFO - EXPIRED
派出所民警将报警人关留置室逼和解？西安警方：给予民警党内严重警告
https://new.qq.com/rain/a/20241122A012WJ00

2024-11-23 00:36:20,708 - INFO - EXPIRED
58岁中将马立新，任海军副司令员
https://new.qq.com/rain/a/20241122A01YSZ00

2024-11-23 00:36:20,708 - INFO - EXPIRED
国家数据局：到2029年基本建成国家数据基础设施主体结构
https://new.qq.com/rain/a/20241122A0288400

2024-11-23 00:36:20,708 - INFO - EXPIRED
上海一女子住进精神卫生中心8年，父亲去世母亲失联，无监护人签字难出院
https://new.qq.com/rain/a/20241121A0A3N900

2024-11-23 00:36:20,708 - INFO - EXPIRED
房贷利率下调月供反增加？银行人士：调整当月有可能，次月会减少
https://new.qq.com/rain/a/20241122A01Z6K00

2024-11-23 00:36:20,708 - INFO - EXPIRED
污染政治生态、大搞钱色交易，国家开发银行原副行长李吉平被公诉
https://new.qq.com/rain/a/20241122A02K6400

2024-11-23 00:36:20,708 - INFO - EXPIRED
设计师称面试后作品被面试官盗用：面试被拒，作品被发表在面试官担任法人的公司 
https://new.qq.com/rain/a/20241121A09NMX00

2024-11-23 00:36:21,738 - INFO - INVALID
旺旺集团回应“牛奶中疑现异物”：公司已对留样产品封存备查
https://new.qq.com/rain/a/20241123A01CZA00

2024-11-23 00:36:21,747 - INFO - INVALID
美股收盘：三大指数集体收涨 道指创历史新高 特斯拉涨近4%
https://new.qq.com/rain/a/20241123A00VP700

2024-11-23 00:36:21,750 - INFO - INVALID
报复乌军对俄远程袭击、警告西方勿推冲突升级，俄用“榛树”导弹发出威慑信息
https://new.qq.com/rain/a/20241123A0111E00

2024-11-23 00:36:21,754 - INFO - INVALID
美联储明年开启框架审查，2%通胀目标不是焦点，鲍威尔欢迎新看法
https://new.qq.com/rain/a/20241123A00SHE00

2024-11-23 00:36:21,758 - INFO - INVALID
格力地产披露重大资产重组草案：逐步退出房地产，注入优质免税业务
https://new.qq.com/rain/a/20241123A012LA00

2024-11-23 00:36:22,835 - INFO - INVALID
网红CEO“大败局”
https://new.qq.com/rain/a/20241123A00V1M00

2024-11-23 02:12:18,204 - INFO - EXPIRED
网传广东潮州现“关门潮”，大量商铺闭门停业、工厂放假，一社区回应
https://new.qq.com/rain/a/20241122V09LOZ00

2024-11-23 02:12:18,204 - INFO - EXPIRED
河南打响化债第一枪
https://new.qq.com/rain/a/20241122A06AE700

2024-11-23 02:12:18,204 - INFO - EXPIRED
男子投诉环保问题被打断肋骨获赔300万，后被判寻衅滋事追缴违法所得
https://new.qq.com/rain/a/20241122A09VQ200

2024-11-23 02:12:18,204 - INFO - EXPIRED
浙大贫困生晒国内外多地旅游照，当地民政局回应：贫困证明没问题
https://new.qq.com/rain/a/20241122A07J7P00

2024-11-23 02:12:18,204 - INFO - EXPIRED
上万户村民停气数月背后：燃气公司野蛮发展，官方称力争春节前全恢复
https://new.qq.com/rain/a/20241122A09X4S00

2024-11-23 02:12:18,204 - INFO - EXPIRED
多重政策叠加，楼市回暖明显，专家：当下是买房最友好的时期
https://new.qq.com/rain/a/20241122A0AATA00

2024-11-23 02:12:18,204 - INFO - EXPIRED
带高龄母亲酒店养老遭集体拉黑，当事人：母亲已离世，将起诉酒店维权
https://new.qq.com/rain/a/20241122A0A5I800

2024-11-23 02:12:18,204 - INFO - EXPIRED
男子在江苏一公园内发现被盗元代“玉泉宫碑”，枣庄文物部门：正协调归还，警方已介入
https://new.qq.com/rain/a/20241122A05RQ700

2024-11-23 02:12:18,204 - INFO - EXPIRED
被旁边货车坠落重物砸中 网红丐中丐夫妇车祸去世 直播间网友目睹过程
https://new.qq.com/rain/a/20241122A08GPZ00

2024-11-23 02:12:18,204 - INFO - EXPIRED
湖南平江藏着价值6000亿元的黄金？村民：小时候去山上捡石头里都有金
https://new.qq.com/rain/a/20241122A0A9VK00

2024-11-23 02:12:18,204 - INFO - EXPIRED
买到一台“烂尾车”，我快被逼疯了
https://new.qq.com/rain/a/20241122A0A3UZ00

2024-11-23 02:12:18,204 - INFO - EXPIRED
话费“慢充”能打折？当心陷入洗钱陷阱
https://new.qq.com/rain/a/20241122A05PUU00

2024-11-23 02:12:18,204 - INFO - EXPIRED
抢购医用卫生巾？业内人士：医疗注册没有医用卫生巾说法，这是蹭流量
https://new.qq.com/rain/a/20241122A0A7LE00

2024-11-23 02:12:18,204 - INFO - EXPIRED
释新闻 | 三孩时代，落马县委书记为何被点名超计划生育二胎
https://new.qq.com/rain/a/20241122A09HGR00

2024-11-23 02:12:18,204 - INFO - EXPIRED
特朗普组阁遇挫，“二号关键职位”人选“翻车”
https://new.qq.com/rain/a/20241122A096HS00

2024-11-23 02:12:18,204 - INFO - EXPIRED
旺仔牛奶中喝出老鼠？旺旺高管回应：封闭管道，没有汤姆更没有杰瑞
https://new.qq.com/rain/a/20241122A09A6X00

2024-11-23 02:12:18,204 - INFO - EXPIRED
乌外长：对俄罗斯不能采取绥靖政策
https://new.qq.com/rain/a/20241122A08WL500

2024-11-23 02:12:18,204 - INFO - EXPIRED
“无法击落”的“榛树” 传递了什么信息？
https://new.qq.com/rain/a/20241122A08JL600

2024-11-23 02:12:18,204 - INFO - EXPIRED
美国松绑远程导弹禁令，俄乌战局突变，核战阴影逼近？｜凤凰聚焦
https://new.qq.com/rain/a/20241122A09AB100

2024-11-23 02:12:18,204 - INFO - EXPIRED
中国政法大学商学院原院长刘纪鹏：中国股市不缺钱，缺的是信心
https://new.qq.com/rain/a/20241122A08HO700

2024-11-23 02:12:18,204 - INFO - EXPIRED
70多辆小米SU7自动泊车撞墙！有车主维修费超1.2万元，客服：系统BUG
https://new.qq.com/rain/a/20241122A09AN300

2024-11-23 02:12:18,204 - INFO - EXPIRED
普京证实俄军发射新型中程高超音速导弹，克宫：华盛顿“毫无疑问”已获悉俄方警告
https://new.qq.com/rain/a/20241122A08O1R00

2024-11-23 02:12:18,204 - INFO - EXPIRED
一位北漂35万首付抄底只有4年产权的超级老破小，70年产权到期后房子还能住吗？
https://view.inews.qq.com/a/20241122Q02SDM00

2024-11-23 02:12:18,204 - INFO - EXPIRED
克宫：若俄方关切未被考虑 将采取进一步回应行动
https://new.qq.com/rain/a/20241122A08P2A00

2024-11-23 02:12:18,204 - INFO - EXPIRED
多次立功的中将履新海军副司令员，曾任潜艇艇长
https://new.qq.com/rain/a/20241122A09OY800

2024-11-23 02:12:18,205 - INFO - EXPIRED
波兰高官催欧盟成员国打钱：我们军费已达GDP的4%
https://new.qq.com/rain/a/20241122A08OZ700

2024-11-23 02:12:18,205 - INFO - EXPIRED
人民币汇率跌至7.25 央行再发稳汇率信号
https://new.qq.com/rain/a/20241122A09ZC100

2024-11-23 02:12:18,205 - INFO - EXPIRED
突发！165亿元，比亚迪收购蔚来？双方已回应
https://new.qq.com/rain/a/20241122A08LJ900

2024-11-23 02:12:18,205 - INFO - EXPIRED
一线｜滴滴张博卸任CTO，未来将专注自动驾驶业务
https://new.qq.com/rain/a/20241122A093SK00

2024-11-23 02:12:18,205 - INFO - EXPIRED
广东东莞市委原书记徐建华被查：退休已超七年半，此前多名下属落马
https://new.qq.com/rain/a/20241122A095C400

2024-11-23 02:12:18,205 - INFO - EXPIRED
受资助的浙大贫困男生晒国内外旅游照片，并已保研清华？清华回应
https://new.qq.com/rain/a/20241122A07KOG00

2024-11-23 02:12:18,205 - INFO - EXPIRED
俄罗斯使用新型中程导弹攻击第聂伯罗 乌克兰披露相关细节
https://new.qq.com/rain/a/20241122A08KGW00

2024-11-23 02:12:18,205 - INFO - EXPIRED
2024年上半年全国多地出生率反弹，连续两年的人口负增长，或出现逆转
https://new.qq.com/rain/a/20241122A02R5X00

2024-11-23 02:12:18,205 - INFO - EXPIRED
房地产重整第一股：金科股份投资人揭晓 品器联合体中标
https://new.qq.com/rain/a/20241122A084HT00

2024-11-23 02:12:18,205 - INFO - EXPIRED
台湾台南市连续发生3次地震 最高震级5.4级
https://new.qq.com/rain/a/20241122A09JBX00

2024-11-23 02:12:18,205 - INFO - EXPIRED
从15天到30天！中国恢复对日免签，中日经贸再迎利好
https://new.qq.com/rain/a/20241122A08IM600

2024-11-23 02:12:18,205 - INFO - EXPIRED
国家发改委、国家林草局：在“三北”工程中实施以工代赈
https://new.qq.com/rain/a/20241122A090JX00

2024-11-23 02:12:18,205 - INFO - EXPIRED
胖东来创始人“不许员工结婚要彩礼”言论引热议，其员工：理解支持
https://new.qq.com/rain/a/20241122A08R1000

2024-11-23 02:12:18,205 - INFO - EXPIRED
五部委解读稳外贸新政：加大金融支持 培育外贸新动能
https://new.qq.com/rain/a/20241122A04LCM00

2024-11-23 02:12:18,205 - INFO - EXPIRED
月销5000单外卖店门头是P图？平台：将核实处理
https://new.qq.com/rain/a/20241122A06OXW00

2024-11-23 02:12:18,205 - INFO - EXPIRED
美联储官员“鹰声嘹亮”，降息前景的不确定性增强
https://new.qq.com/rain/a/20241122A09AFI00

2024-11-23 02:12:18,205 - INFO - EXPIRED
贵州一男子失踪18年疑被骗至10余个砖厂打工，不干活会被打？官方回应
https://new.qq.com/rain/a/20241122A05HKD00

2024-11-23 02:12:18,205 - INFO - EXPIRED
前亚洲首富被美国指控行贿，旗下公司股价暴跌，此事对其商业帝国影响多大？
https://view.inews.qq.com/a/20241122Q05YNF00

2024-11-23 02:12:18,205 - INFO - EXPIRED
国常会：进一步加强对平台经济健康发展的统筹指导 加大政策支持力度
https://new.qq.com/rain/a/20241122A08JRI00

2024-11-23 02:12:18,205 - INFO - EXPIRED
因短视频中存在违法信息等问题，公安机关依法处罚快手公司
https://new.qq.com/rain/a/20241122A07UT000

2024-11-23 02:12:18,205 - INFO - EXPIRED
明年精彩了，或有两个美联储主席 ，市场听谁的？
https://new.qq.com/rain/a/20241122A0952X00

2024-11-23 02:12:18,205 - INFO - EXPIRED
川航成都飞加拿大温哥华航班下降时遇“炸弹气旋”，航司：已安全抵达
https://new.qq.com/rain/a/20241122A088FX00

2024-11-23 02:12:18,205 - INFO - EXPIRED
江西9岁男孩在学校门外玩耍被保安打落4颗牙，涉事者已刑拘
https://new.qq.com/rain/a/20241122A06CCU00

2024-11-23 02:12:18,205 - INFO - EXPIRED
外交部：如果美方一意孤行，对香港特区政府官员实施签证限制，中方将坚决反制
https://new.qq.com/rain/a/20241122A062A900

2024-11-23 02:12:18,205 - INFO - EXPIRED
国际刑事法院发布内塔尼亚胡逮捕令：美国反对，欧洲国家意见不一
https://new.qq.com/rain/a/20241122A05W9V00

2024-11-23 02:12:18,205 - INFO - EXPIRED
河南一女游客徒步时坠崖身亡 救援队：踩空后坠落 事发地系未开发景区
https://new.qq.com/rain/a/20241122V06W7G00

2024-11-23 02:12:18,205 - INFO - EXPIRED
跌宕起伏一年后，阿里重归阿里
https://new.qq.com/rain/a/20241122A07JFE00

2024-11-23 02:12:18,205 - INFO - EXPIRED
西安公安侦破拐卖儿童积案：两姐妹17年前半年内连拐3名儿童 今日孩子与家人团聚
https://new.qq.com/rain/a/20241122A06BLB00

2024-11-23 02:12:18,205 - INFO - EXPIRED
享界汽车起诉自媒体“袁启聪”：不严谨的测试结论严重误导了消费者
https://new.qq.com/rain/a/20241122A07PZS00

2024-11-23 02:12:18,205 - INFO - EXPIRED
男子求助如何打开亡父遗留14年手机：上千人留言，华强北网友正在帮忙
https://new.qq.com/rain/a/20241122A04L4D00

2024-11-23 02:12:18,205 - INFO - EXPIRED
酒店偷拍借合规APP直播，涉事公司回应：停售付费分享服务
https://new.qq.com/rain/a/20241122A06U8400

2024-11-23 02:12:18,205 - INFO - EXPIRED
15年，谷歌的“隐瞒文化”已炉火纯青
https://new.qq.com/rain/a/20241122A0855900

2024-11-23 02:12:18,205 - INFO - EXPIRED
美国六次独家否决加沙停火决议草案，外交部：站在了全人类道德良知的对立面
https://new.qq.com/rain/a/20241122A0644L00

2024-11-23 02:12:18,205 - INFO - EXPIRED
俄防长称已消灭乌军精锐力量 从实质上破坏其2025年部署
https://new.qq.com/rain/a/20241122A061QB00

2024-11-23 02:12:18,205 - INFO - EXPIRED
梅德韦杰夫发布俄新型中程高超音速导弹袭击视频：那就是你们想要的吗
https://new.qq.com/rain/a/20241122A02YQP00

2024-11-23 02:12:18,205 - INFO - EXPIRED
00、11、22……A股代码后两位数字相同个股掀涨停潮，怎么解释这种“玄学”现象？
https://view.inews.qq.com/a/20241122Q05CJN00

2024-11-23 02:12:18,205 - INFO - EXPIRED
巴基斯坦开伯尔-普什图省一车队遭袭 已致42人死亡
https://new.qq.com/rain/a/20241122A05L6900

2024-11-23 02:12:18,205 - INFO - EXPIRED
外交部：扩大免签国家范围，对保加利亚、罗马尼亚、日本等国试行免签
https://new.qq.com/rain/a/20241122A05ZO900

2024-11-23 02:12:18,205 - INFO - EXPIRED
再迎43位英雄回家 第十一批在韩中国人民志愿军烈士遗骸11月28日回国
https://new.qq.com/rain/a/20241122A05MR900

2024-11-23 02:12:18,205 - INFO - EXPIRED
事关农民工城镇落户、社保、随迁子女入学！多部门联合发布
https://new.qq.com/rain/a/20241122A06DJ200

2024-11-23 02:12:18,205 - INFO - EXPIRED
巴西警方：前总统博索纳罗涉嫌策划政变，且知晓刺杀卢拉的计划
https://new.qq.com/rain/a/20241122A01JK200

2024-11-23 02:12:18,205 - INFO - EXPIRED
俄称向乌工业区发射新型中程导弹、多方回应，紧张局势再升级？
https://new.qq.com/rain/a/20241122A03SC800

2024-11-23 02:12:18,205 - INFO - EXPIRED
小学女生因吃零食被老师打脸，老师还自己录视频发布？学校教育局回应
https://new.qq.com/rain/a/20241122A04GVF00

2024-11-23 02:12:18,205 - INFO - EXPIRED
上汽大众回应对国利欠款传闻
https://new.qq.com/rain/a/20241122A05QMB00

2024-11-23 02:12:18,205 - INFO - EXPIRED
拜登接见NBA总冠军凯尔特人队：开玩笑向球员确认球队，当众表演运球
https://new.qq.com/rain/a/20241122V063WQ00

2024-11-23 02:12:18,205 - INFO - EXPIRED
新加坡国务资政李显龙将访华
https://new.qq.com/rain/a/20241122A05SL600

2024-11-23 02:12:18,205 - INFO - EXPIRED
富豪花624万美金买下一根香蕉，什么香蕉比黄金还贵？这是真爱艺术还是洗钱？
https://view.inews.qq.com/a/20241122Q04NN500

2024-11-23 02:12:18,205 - INFO - EXPIRED
王宝强被举报涉嫌欺诈，受其资助孩子父亲发声：已资助2年，每学期都会转账
https://new.qq.com/rain/a/20241122A04SG700

2024-11-23 02:12:18,205 - INFO - EXPIRED
ABC品牌创始人致歉：12月份会有优化后的产品推出
https://new.qq.com/rain/a/20241122A04T8500

2024-11-23 02:12:18,205 - INFO - EXPIRED
宁夏银川“6·21”燃气爆炸事故细节披露：液化石油气泄漏达1分钟无有效处置
https://new.qq.com/rain/a/20241122A04NIK00

2024-11-23 02:12:18,205 - INFO - EXPIRED
江西新余“1·24”火灾细节披露：施工人员无知无畏 建筑长期带病运行
https://new.qq.com/rain/a/20241122A04NLI00

2024-11-23 02:12:18,205 - INFO - EXPIRED
女生骑行比赛被风筝线“割喉”，承办单位：签了《免责协议》已尽义务
https://new.qq.com/rain/a/20241122A03M5T00

2024-11-23 02:12:18,205 - INFO - EXPIRED
昔日“抗疫英雄”，被控受贿2167万余元
https://new.qq.com/rain/a/20241122A03EXL00

2024-11-23 02:12:18,205 - INFO - EXPIRED
黑龙江村民被虎咬伤，当地再发防范东北豹提醒！勿用手机拍照
https://new.qq.com/rain/a/20241122A04JGC00

2024-11-23 02:12:18,205 - INFO - EXPIRED
陕西一污水处理厂突发事故致4死，居民称事故伴随很大响声，官方回应
https://new.qq.com/rain/a/20241122A03RGJ00

2024-11-23 02:12:18,205 - INFO - EXPIRED
不藏了？美防长自爆有“美国仁爱礁特遣队”，专家：南海局势可能进一步升温
https://new.qq.com/rain/a/20241122A00ZCZ00

2024-11-23 02:12:18,205 - INFO - EXPIRED
特朗普曾说计划征60%关税 中方回应
https://new.qq.com/rain/a/20241122A03GVC00

2024-11-23 02:12:18,205 - INFO - EXPIRED
真没反导系统能拦截吗？技术上美国对付得了吗？
https://view.inews.qq.com/a/20241122Q016R800

2024-11-23 02:12:18,205 - INFO - EXPIRED
中国已同25个国家实现全面免签，对29个国家实行单方面免签
https://new.qq.com/rain/a/20241122A03HEV00

2024-11-23 02:12:18,206 - INFO - EXPIRED
金正恩：朝鲜半岛尖锐对峙 战争一触即发
https://new.qq.com/rain/a/20241122A012PZ00

2024-11-23 02:12:18,206 - INFO - EXPIRED
普京证实：对乌实战测试新型中程高超音速导弹
https://new.qq.com/rain/a/20241122A00V8C00

2024-11-23 02:12:18,206 - INFO - EXPIRED
俄版和平方案：乌克兰放弃加入北约，但可获联合国“五常”的安全保障
https://new.qq.com/rain/a/20241122A00OJY00

2024-11-23 02:12:18,206 - INFO - EXPIRED
学生质疑学校“有钱建草堂无钱修宿舍”后被送去做精神鉴定？官方回应
https://new.qq.com/rain/a/20241121A09V6600

2024-11-23 02:12:18,206 - INFO - EXPIRED
派出所民警将报警人关留置室逼和解？西安警方：给予民警党内严重警告
https://new.qq.com/rain/a/20241122A012WJ00

2024-11-23 02:12:18,206 - INFO - EXPIRED
58岁中将马立新，任海军副司令员
https://new.qq.com/rain/a/20241122A01YSZ00

2024-11-23 02:12:18,206 - INFO - EXPIRED
国家数据局：到2029年基本建成国家数据基础设施主体结构
https://new.qq.com/rain/a/20241122A0288400

2024-11-23 02:12:18,932 - INFO - INVALID
报复乌军对俄远程袭击、警告西方勿推冲突升级，俄用“榛树”导弹发出威慑信息
https://new.qq.com/rain/a/20241123A0111E00

2024-11-23 02:12:18,977 - INFO - INVALID
格力地产披露重大资产重组草案：逐步退出房地产，注入优质免税业务
https://new.qq.com/rain/a/20241123A012LA00

2024-11-23 02:12:18,982 - INFO - INVALID
军队提升至战备状态 朝鲜警告美国及其追随国家停止挑衅和敌对行动
https://new.qq.com/rain/a/20241123A01H8F00

2024-11-23 02:12:19,065 - INFO - INVALID
爱马仕扩建，深圳奢侈品购买力爆发：拆迁户爱劳力士，富二代中学买LV
https://new.qq.com/rain/a/20241123A01S4L00

2024-11-23 02:12:19,205 - ERROR - ERROR
对冲基金老板贝森特被提名为美国新财长，他什么来头？属于什么风格的官僚？
https://view.inews.qq.com/a/20241123Q01FEB00
('list index out of range',)
======
Traceback (most recent call last):
  File "/home/runner/work/qqnews/qqnews/qq.py", line 81, in process_article
    ss = str(tmpbs.select("div.LEFT div.content.clearfix")[0])
             ~~~~~~~~~~~~~~~~~~~~~~~~~~~~~~~~~~~~~~~~~~~~~^^^
IndexError: list index out of range


2024-11-23 02:12:19,480 - INFO - INVALID
旺旺集团回应“牛奶中疑现异物”：公司已对留样产品封存备查
https://new.qq.com/rain/a/20241123A01CZA00

2024-11-23 02:12:19,524 - INFO - INVALID
美股收盘：三大指数集体收涨 道指创历史新高 特斯拉涨近4%
https://new.qq.com/rain/a/20241123A00VP700

2024-11-23 02:12:19,601 - INFO - INVALID
美联储明年开启框架审查，2%通胀目标不是焦点，鲍威尔欢迎新看法
https://new.qq.com/rain/a/20241123A00SHE00

2024-11-23 02:12:19,804 - INFO - INVALID
网红CEO“大败局”
https://new.qq.com/rain/a/20241123A00V1M00

2024-11-23 03:18:33,969 - INFO - EXPIRED
网传广东潮州现“关门潮”，大量商铺闭门停业、工厂放假，一社区回应
https://new.qq.com/rain/a/20241122V09LOZ00

2024-11-23 03:18:33,969 - INFO - EXPIRED
河南打响化债第一枪
https://new.qq.com/rain/a/20241122A06AE700

2024-11-23 03:18:33,969 - INFO - EXPIRED
男子投诉环保问题被打断肋骨获赔300万，后被判寻衅滋事追缴违法所得
https://new.qq.com/rain/a/20241122A09VQ200

2024-11-23 03:18:33,969 - INFO - EXPIRED
浙大贫困生晒国内外多地旅游照，当地民政局回应：贫困证明没问题
https://new.qq.com/rain/a/20241122A07J7P00

2024-11-23 03:18:33,969 - INFO - EXPIRED
上万户村民停气数月背后：燃气公司野蛮发展，官方称力争春节前全恢复
https://new.qq.com/rain/a/20241122A09X4S00

2024-11-23 03:18:33,969 - INFO - EXPIRED
多重政策叠加，楼市回暖明显，专家：当下是买房最友好的时期
https://new.qq.com/rain/a/20241122A0AATA00

2024-11-23 03:18:33,969 - INFO - EXPIRED
带高龄母亲酒店养老遭集体拉黑，当事人：母亲已离世，将起诉酒店维权
https://new.qq.com/rain/a/20241122A0A5I800

2024-11-23 03:18:33,969 - INFO - EXPIRED
男子在江苏一公园内发现被盗元代“玉泉宫碑”，枣庄文物部门：正协调归还，警方已介入
https://new.qq.com/rain/a/20241122A05RQ700

2024-11-23 03:18:33,969 - INFO - EXPIRED
被旁边货车坠落重物砸中 网红丐中丐夫妇车祸去世 直播间网友目睹过程
https://new.qq.com/rain/a/20241122A08GPZ00

2024-11-23 03:18:33,969 - INFO - EXPIRED
湖南平江藏着价值6000亿元的黄金？村民：小时候去山上捡石头里都有金
https://new.qq.com/rain/a/20241122A0A9VK00

2024-11-23 03:18:33,969 - INFO - EXPIRED
买到一台“烂尾车”，我快被逼疯了
https://new.qq.com/rain/a/20241122A0A3UZ00

2024-11-23 03:18:33,969 - INFO - EXPIRED
话费“慢充”能打折？当心陷入洗钱陷阱
https://new.qq.com/rain/a/20241122A05PUU00

2024-11-23 03:18:33,969 - INFO - EXPIRED
抢购医用卫生巾？业内人士：医疗注册没有医用卫生巾说法，这是蹭流量
https://new.qq.com/rain/a/20241122A0A7LE00

2024-11-23 03:18:33,969 - INFO - EXPIRED
释新闻 | 三孩时代，落马县委书记为何被点名超计划生育二胎
https://new.qq.com/rain/a/20241122A09HGR00

2024-11-23 03:18:33,969 - INFO - EXPIRED
特朗普组阁遇挫，“二号关键职位”人选“翻车”
https://new.qq.com/rain/a/20241122A096HS00

2024-11-23 03:18:33,969 - INFO - EXPIRED
旺仔牛奶中喝出老鼠？旺旺高管回应：封闭管道，没有汤姆更没有杰瑞
https://new.qq.com/rain/a/20241122A09A6X00

2024-11-23 03:18:33,969 - INFO - EXPIRED
乌外长：对俄罗斯不能采取绥靖政策
https://new.qq.com/rain/a/20241122A08WL500

2024-11-23 03:18:33,970 - INFO - EXPIRED
美国松绑远程导弹禁令，俄乌战局突变，核战阴影逼近？｜凤凰聚焦
https://new.qq.com/rain/a/20241122A09AB100

2024-11-23 03:18:33,970 - INFO - EXPIRED
中国政法大学商学院原院长刘纪鹏：中国股市不缺钱，缺的是信心
https://new.qq.com/rain/a/20241122A08HO700

2024-11-23 03:18:33,970 - INFO - EXPIRED
70多辆小米SU7自动泊车撞墙！有车主维修费超1.2万元，客服：系统BUG
https://new.qq.com/rain/a/20241122A09AN300

2024-11-23 03:18:33,970 - INFO - EXPIRED
普京证实俄军发射新型中程高超音速导弹，克宫：华盛顿“毫无疑问”已获悉俄方警告
https://new.qq.com/rain/a/20241122A08O1R00

2024-11-23 03:18:33,970 - INFO - EXPIRED
一位北漂35万首付抄底只有4年产权的超级老破小，70年产权到期后房子还能住吗？
https://view.inews.qq.com/a/20241122Q02SDM00

2024-11-23 03:18:33,970 - INFO - EXPIRED
克宫：若俄方关切未被考虑 将采取进一步回应行动
https://new.qq.com/rain/a/20241122A08P2A00

2024-11-23 03:18:33,970 - INFO - EXPIRED
多次立功的中将履新海军副司令员，曾任潜艇艇长
https://new.qq.com/rain/a/20241122A09OY800

2024-11-23 03:18:33,970 - INFO - EXPIRED
波兰高官催欧盟成员国打钱：我们军费已达GDP的4%
https://new.qq.com/rain/a/20241122A08OZ700

2024-11-23 03:18:33,970 - INFO - EXPIRED
人民币汇率跌至7.25 央行再发稳汇率信号
https://new.qq.com/rain/a/20241122A09ZC100

2024-11-23 03:18:33,970 - INFO - EXPIRED
突发！165亿元，比亚迪收购蔚来？双方已回应
https://new.qq.com/rain/a/20241122A08LJ900

2024-11-23 03:18:33,970 - INFO - EXPIRED
一线｜滴滴张博卸任CTO，未来将专注自动驾驶业务
https://new.qq.com/rain/a/20241122A093SK00

2024-11-23 03:18:33,970 - INFO - EXPIRED
广东东莞市委原书记徐建华被查：退休已超七年半，此前多名下属落马
https://new.qq.com/rain/a/20241122A095C400

2024-11-23 03:18:33,970 - INFO - EXPIRED
受资助的浙大贫困男生晒国内外旅游照片，并已保研清华？清华回应
https://new.qq.com/rain/a/20241122A07KOG00

2024-11-23 03:18:33,970 - INFO - EXPIRED
俄罗斯使用新型中程导弹攻击第聂伯罗 乌克兰披露相关细节
https://new.qq.com/rain/a/20241122A08KGW00

2024-11-23 03:18:33,970 - INFO - EXPIRED
2024年上半年全国多地出生率反弹，连续两年的人口负增长，或出现逆转
https://new.qq.com/rain/a/20241122A02R5X00

2024-11-23 03:18:33,970 - INFO - EXPIRED
房地产重整第一股：金科股份投资人揭晓 品器联合体中标
https://new.qq.com/rain/a/20241122A084HT00

2024-11-23 03:18:33,970 - INFO - EXPIRED
台湾台南市连续发生3次地震 最高震级5.4级
https://new.qq.com/rain/a/20241122A09JBX00

2024-11-23 03:18:33,970 - INFO - EXPIRED
从15天到30天！中国恢复对日免签，中日经贸再迎利好
https://new.qq.com/rain/a/20241122A08IM600

2024-11-23 03:18:33,970 - INFO - EXPIRED
国家发改委、国家林草局：在“三北”工程中实施以工代赈
https://new.qq.com/rain/a/20241122A090JX00

2024-11-23 03:18:33,970 - INFO - EXPIRED
胖东来创始人“不许员工结婚要彩礼”言论引热议，其员工：理解支持
https://new.qq.com/rain/a/20241122A08R1000

2024-11-23 03:18:33,970 - INFO - EXPIRED
五部委解读稳外贸新政：加大金融支持 培育外贸新动能
https://new.qq.com/rain/a/20241122A04LCM00

2024-11-23 03:18:33,970 - INFO - EXPIRED
月销5000单外卖店门头是P图？平台：将核实处理
https://new.qq.com/rain/a/20241122A06OXW00

2024-11-23 03:18:33,970 - INFO - EXPIRED
美联储官员“鹰声嘹亮”，降息前景的不确定性增强
https://new.qq.com/rain/a/20241122A09AFI00

2024-11-23 03:18:33,970 - INFO - EXPIRED
贵州一男子失踪18年疑被骗至10余个砖厂打工，不干活会被打？官方回应
https://new.qq.com/rain/a/20241122A05HKD00

2024-11-23 03:18:33,970 - INFO - EXPIRED
旗下公司股价暴跌，此事对其商业帝国影响多大？
https://view.inews.qq.com/a/20241122Q05YNF00

2024-11-23 03:18:33,970 - INFO - EXPIRED
国常会：进一步加强对平台经济健康发展的统筹指导 加大政策支持力度
https://new.qq.com/rain/a/20241122A08JRI00

2024-11-23 03:18:33,970 - INFO - EXPIRED
因短视频中存在违法信息等问题，公安机关依法处罚快手公司
https://new.qq.com/rain/a/20241122A07UT000

2024-11-23 03:18:33,970 - INFO - EXPIRED
明年精彩了，或有两个美联储主席 ，市场听谁的？
https://new.qq.com/rain/a/20241122A0952X00

2024-11-23 03:18:33,970 - INFO - EXPIRED
川航成都飞加拿大温哥华航班下降时遇“炸弹气旋”，航司：已安全抵达
https://new.qq.com/rain/a/20241122A088FX00

2024-11-23 03:18:33,970 - INFO - EXPIRED
江西9岁男孩在学校门外玩耍被保安打落4颗牙，涉事者已刑拘
https://new.qq.com/rain/a/20241122A06CCU00

2024-11-23 03:18:33,970 - INFO - EXPIRED
外交部：如果美方一意孤行，对香港特区政府官员实施签证限制，中方将坚决反制
https://new.qq.com/rain/a/20241122A062A900

2024-11-23 03:18:33,970 - INFO - EXPIRED
国际刑事法院发布内塔尼亚胡逮捕令：美国反对，欧洲国家意见不一
https://new.qq.com/rain/a/20241122A05W9V00

2024-11-23 03:18:33,970 - INFO - EXPIRED
河南一女游客徒步时坠崖身亡 救援队：踩空后坠落 事发地系未开发景区
https://new.qq.com/rain/a/20241122V06W7G00

2024-11-23 03:18:33,970 - INFO - EXPIRED
跌宕起伏一年后，阿里重归阿里
https://new.qq.com/rain/a/20241122A07JFE00

2024-11-23 03:18:33,970 - INFO - EXPIRED
西安公安侦破拐卖儿童积案：两姐妹17年前半年内连拐3名儿童 今日孩子与家人团聚
https://new.qq.com/rain/a/20241122A06BLB00

2024-11-23 03:18:33,970 - INFO - EXPIRED
享界汽车起诉自媒体“袁启聪”：不严谨的测试结论严重误导了消费者
https://new.qq.com/rain/a/20241122A07PZS00

2024-11-23 03:18:33,970 - INFO - EXPIRED
男子求助如何打开亡父遗留14年手机：上千人留言，华强北网友正在帮忙
https://new.qq.com/rain/a/20241122A04L4D00

2024-11-23 03:18:33,970 - INFO - EXPIRED
酒店偷拍借合规APP直播，涉事公司回应：停售付费分享服务
https://new.qq.com/rain/a/20241122A06U8400

2024-11-23 03:18:33,970 - INFO - EXPIRED
15年，谷歌的“隐瞒文化”已炉火纯青
https://new.qq.com/rain/a/20241122A0855900

2024-11-23 03:18:33,970 - INFO - EXPIRED
美国六次独家否决加沙停火决议草案，外交部：站在了全人类道德良知的对立面
https://new.qq.com/rain/a/20241122A0644L00

2024-11-23 03:18:33,970 - INFO - EXPIRED
俄防长称已消灭乌军精锐力量 从实质上破坏其2025年部署
https://new.qq.com/rain/a/20241122A061QB00

2024-11-23 03:18:33,970 - INFO - EXPIRED
梅德韦杰夫发布俄新型中程高超音速导弹袭击视频：那就是你们想要的吗
https://new.qq.com/rain/a/20241122A02YQP00

2024-11-23 03:18:33,970 - INFO - EXPIRED
A股代码后两位数字相同个股涨停潮，怎么解释这种“玄学”现象？
https://view.inews.qq.com/a/20241122Q05CJN00

2024-11-23 03:18:33,970 - INFO - EXPIRED
巴基斯坦开伯尔-普什图省一车队遭袭 已致42人死亡
https://new.qq.com/rain/a/20241122A05L6900

2024-11-23 03:18:33,970 - INFO - EXPIRED
外交部：扩大免签国家范围，对保加利亚、罗马尼亚、日本等国试行免签
https://new.qq.com/rain/a/20241122A05ZO900

2024-11-23 03:18:33,970 - INFO - EXPIRED
再迎43位英雄回家 第十一批在韩中国人民志愿军烈士遗骸11月28日回国
https://new.qq.com/rain/a/20241122A05MR900

2024-11-23 03:18:33,970 - INFO - EXPIRED
事关农民工城镇落户、社保、随迁子女入学！多部门联合发布
https://new.qq.com/rain/a/20241122A06DJ200

2024-11-23 03:18:33,970 - INFO - EXPIRED
巴西警方：前总统博索纳罗涉嫌策划政变，且知晓刺杀卢拉的计划
https://new.qq.com/rain/a/20241122A01JK200

2024-11-23 03:18:33,970 - INFO - EXPIRED
俄称向乌工业区发射新型中程导弹、多方回应，紧张局势再升级？
https://new.qq.com/rain/a/20241122A03SC800

2024-11-23 03:18:33,970 - INFO - EXPIRED
小学女生因吃零食被老师打脸，老师还自己录视频发布？学校教育局回应
https://new.qq.com/rain/a/20241122A04GVF00

2024-11-23 03:18:33,970 - INFO - EXPIRED
上汽大众回应对国利欠款传闻
https://new.qq.com/rain/a/20241122A05QMB00

2024-11-23 03:18:33,970 - INFO - EXPIRED
拜登接见NBA总冠军凯尔特人队：开玩笑向球员确认球队，当众表演运球
https://new.qq.com/rain/a/20241122V063WQ00

2024-11-23 03:18:33,970 - INFO - EXPIRED
新加坡国务资政李显龙将访华
https://new.qq.com/rain/a/20241122A05SL600

2024-11-23 03:18:33,970 - INFO - EXPIRED
富豪花624万美金买下一根香蕉，什么香蕉比黄金还贵？这是真爱艺术还是洗钱？
https://view.inews.qq.com/a/20241122Q04NN500

2024-11-23 03:18:33,970 - INFO - EXPIRED
王宝强被举报涉嫌欺诈，受其资助孩子父亲发声：已资助2年，每学期都会转账
https://new.qq.com/rain/a/20241122A04SG700

2024-11-23 03:18:33,970 - INFO - EXPIRED
ABC品牌创始人致歉：12月份会有优化后的产品推出
https://new.qq.com/rain/a/20241122A04T8500

2024-11-23 03:18:33,971 - INFO - EXPIRED
宁夏银川“6·21”燃气爆炸事故细节披露：液化石油气泄漏达1分钟无有效处置
https://new.qq.com/rain/a/20241122A04NIK00

2024-11-23 03:18:33,971 - INFO - EXPIRED
江西新余“1·24”火灾细节披露：施工人员无知无畏 建筑长期带病运行
https://new.qq.com/rain/a/20241122A04NLI00

2024-11-23 03:18:33,971 - INFO - EXPIRED
女生骑行比赛被风筝线“割喉”，承办单位：签了《免责协议》已尽义务
https://new.qq.com/rain/a/20241122A03M5T00

2024-11-23 03:18:33,971 - INFO - EXPIRED
昔日“抗疫英雄”，被控受贿2167万余元
https://new.qq.com/rain/a/20241122A03EXL00

2024-11-23 03:18:33,971 - INFO - EXPIRED
黑龙江村民被虎咬伤，当地再发防范东北豹提醒！勿用手机拍照
https://new.qq.com/rain/a/20241122A04JGC00

2024-11-23 03:18:33,971 - INFO - EXPIRED
陕西一污水处理厂突发事故致4死，居民称事故伴随很大响声，官方回应
https://new.qq.com/rain/a/20241122A03RGJ00

2024-11-23 03:18:33,971 - INFO - EXPIRED
不藏了？美防长自爆有“美国仁爱礁特遣队”，专家：南海局势可能进一步升温
https://new.qq.com/rain/a/20241122A00ZCZ00

2024-11-23 03:18:33,971 - INFO - EXPIRED
特朗普曾说计划征60%关税 中方回应
https://new.qq.com/rain/a/20241122A03GVC00

2024-11-23 03:18:33,971 - INFO - EXPIRED
真没反导系统能拦截吗？技术上美国对付得了吗？
https://view.inews.qq.com/a/20241122Q016R800

2024-11-23 03:18:33,971 - INFO - EXPIRED
中国已同25个国家实现全面免签，对29个国家实行单方面免签
https://new.qq.com/rain/a/20241122A03HEV00

2024-11-23 03:18:35,578 - INFO - INVALID
军队提升至战备状态 朝鲜警告美国及其追随国家停止挑衅和敌对行动
https://new.qq.com/rain/a/20241123A01H8F00

2024-11-23 03:18:35,626 - ERROR - ERROR
他什么来头？属于什么风格的官僚？
https://view.inews.qq.com/a/20241123Q01FEB00
('list index out of range',)
======
Traceback (most recent call last):
  File "/home/runner/work/qqnews/qqnews/qq.py", line 81, in process_article
    ss = str(tmpbs.select("div.LEFT div.content.clearfix")[0])
             ~~~~~~~~~~~~~~~~~~~~~~~~~~~~~~~~~~~~~~~~~~~~~^^^
IndexError: list index out of range


2024-11-23 03:18:35,660 - INFO - INVALID
7家医院被国家医保局点名，有医院把腹部CT分成“上中下腹”收3次费用
https://new.qq.com/rain/a/20241123A02F8A00

2024-11-23 03:18:35,671 - INFO - INVALID
普京：“榛树”导弹将量产并列装战略导弹部队
https://new.qq.com/rain/a/20241123A01GVI00

2024-11-23 03:18:35,796 - INFO - INVALID
深圳奢侈品购买力爆发：拆迁户爱劳力士，富二代中学生买LV
https://new.qq.com/rain/a/20241123A01S4L00

2024-11-23 03:18:36,222 - INFO - INVALID
江苏无锡市委常委会会议专题研究安全稳定工作
https://new.qq.com/rain/a/20241123A02TWP00

2024-11-23 03:18:36,243 - INFO - INVALID
美媒爆：以色列对叙空袭打死黎真主党一高级指挥官，后者曾帮助策划袭击驻伊拉克美军
https://new.qq.com/rain/a/20241123A02YL000

2024-11-23 03:18:36,270 - INFO - INVALID
发射“无法击落”的“榛树”导弹，俄罗斯传递了什么信号
https://new.qq.com/rain/a/20241123A01P1J00

2024-11-23 03:18:36,330 - INFO - INVALID
消费者称旺仔牛奶喝出异物否认“摆拍”，旺旺集团凌晨公告回应
https://new.qq.com/rain/a/20241123A02FNM00

2024-11-23 03:18:36,704 - INFO - INVALID
黄仁勋现身香港，演讲大秀中文，称AI可能是人类历史上最重要的技术
https://new.qq.com/rain/a/20241123A02WJ100

2024-11-23 03:18:36,796 - INFO - INVALID
“有人抱三个孩子坐在大桥护栏上！”当地：小孩撤离，男子跳桥被救起
https://new.qq.com/rain/a/20241123A008Q500

2024-11-23 03:18:36,827 - INFO - INVALID
报复乌军对俄远程袭击、警告西方勿推冲突升级，俄用“榛树”导弹发出威慑信息
https://new.qq.com/rain/a/20241123A0111E00

2024-11-23 03:18:36,985 - INFO - INVALID
格力地产披露重大资产重组草案：逐步退出房地产，注入优质免税业务
https://new.qq.com/rain/a/20241123A012LA00

2024-11-23 03:18:37,023 - INFO - INVALID
靠代写回忆录赚钱的年轻人，被AI卷哭了
https://new.qq.com/rain/a/20241123A02AEI00

2024-11-23 03:18:37,281 - INFO - INVALID
美联储明年开启框架审查，2%通胀目标不是焦点，鲍威尔欢迎新看法
https://new.qq.com/rain/a/20241123A00SHE00

2024-11-23 03:18:37,390 - INFO - INVALID
美股收盘：三大指数集体收涨 道指创历史新高 特斯拉涨近4%
https://new.qq.com/rain/a/20241123A00VP700

2024-11-23 03:18:37,569 - INFO - INVALID
网红CEO“大败局”
https://new.qq.com/rain/a/20241123A00V1M00

2024-11-23 04:09:04,612 - INFO - EXPIRED
多重政策叠加，楼市回暖明显，专家：当下是买房最友好的时期
https://new.qq.com/rain/a/20241122A0AATA00

2024-11-23 04:09:04,612 - INFO - EXPIRED
河南打响化债第一枪
https://new.qq.com/rain/a/20241122A06AE700

2024-11-23 04:09:04,612 - INFO - EXPIRED
男子投诉环保问题被打断肋骨获赔300万，后被判寻衅滋事追缴违法所得
https://new.qq.com/rain/a/20241122A09VQ200

2024-11-23 04:09:04,612 - INFO - EXPIRED
浙大贫困生晒国内外多地旅游照，当地民政局回应：贫困证明没问题
https://new.qq.com/rain/a/20241122A07J7P00

2024-11-23 04:09:04,612 - INFO - EXPIRED
上万户村民停气数月背后：燃气公司野蛮发展，官方称力争春节前全恢复
https://new.qq.com/rain/a/20241122A09X4S00

2024-11-23 04:09:04,612 - INFO - EXPIRED
带高龄母亲酒店养老遭集体拉黑，当事人：母亲已离世，将起诉酒店维权
https://new.qq.com/rain/a/20241122A0A5I800

2024-11-23 04:09:04,612 - INFO - EXPIRED
男子在江苏一公园内发现被盗元代“玉泉宫碑”，枣庄文物部门：正协调归还，警方已介入
https://new.qq.com/rain/a/20241122A05RQ700

2024-11-23 04:09:04,613 - INFO - EXPIRED
被旁边货车坠落重物砸中 网红丐中丐夫妇车祸去世 直播间网友目睹过程
https://new.qq.com/rain/a/20241122A08GPZ00

2024-11-23 04:09:04,613 - INFO - EXPIRED
湖南平江藏着价值6000亿元的黄金？村民：小时候去山上捡石头里都有金
https://new.qq.com/rain/a/20241122A0A9VK00

2024-11-23 04:09:04,613 - INFO - EXPIRED
买到一台“烂尾车”，我快被逼疯了
https://new.qq.com/rain/a/20241122A0A3UZ00

2024-11-23 04:09:04,613 - INFO - EXPIRED
话费“慢充”能打折？当心陷入洗钱陷阱
https://new.qq.com/rain/a/20241122A05PUU00

2024-11-23 04:09:04,613 - INFO - EXPIRED
抢购医用卫生巾？业内人士：医疗注册没有医用卫生巾说法，这是蹭流量
https://new.qq.com/rain/a/20241122A0A7LE00

2024-11-23 04:09:04,613 - INFO - EXPIRED
释新闻 | 三孩时代，落马县委书记为何被点名超计划生育二胎
https://new.qq.com/rain/a/20241122A09HGR00

2024-11-23 04:09:04,613 - INFO - EXPIRED
特朗普组阁遇挫，“二号关键职位”人选“翻车”
https://new.qq.com/rain/a/20241122A096HS00

2024-11-23 04:09:04,613 - INFO - EXPIRED
旺仔牛奶中喝出老鼠？旺旺高管回应：封闭管道，没有汤姆更没有杰瑞
https://new.qq.com/rain/a/20241122A09A6X00

2024-11-23 04:09:04,613 - INFO - EXPIRED
乌外长：对俄罗斯不能采取绥靖政策
https://new.qq.com/rain/a/20241122A08WL500

2024-11-23 04:09:04,613 - INFO - EXPIRED
美国松绑远程导弹禁令，俄乌战局突变，核战阴影逼近？｜凤凰聚焦
https://new.qq.com/rain/a/20241122A09AB100

2024-11-23 04:09:04,613 - INFO - EXPIRED
中国政法大学商学院原院长刘纪鹏：中国股市不缺钱，缺的是信心
https://new.qq.com/rain/a/20241122A08HO700

2024-11-23 04:09:04,613 - INFO - EXPIRED
70多辆小米SU7自动泊车撞墙！有车主维修费超1.2万元，客服：系统BUG
https://new.qq.com/rain/a/20241122A09AN300

2024-11-23 04:09:04,613 - INFO - EXPIRED
普京证实俄军发射新型中程高超音速导弹，克宫：华盛顿“毫无疑问”已获悉俄方警告
https://new.qq.com/rain/a/20241122A08O1R00

2024-11-23 04:09:04,613 - INFO - EXPIRED
一位北漂35万首付抄底只有4年产权的超级老破小，70年产权到期后房子还能住吗？
https://view.inews.qq.com/a/20241122Q02SDM00

2024-11-23 04:09:04,613 - INFO - EXPIRED
克宫：若俄方关切未被考虑 将采取进一步回应行动
https://new.qq.com/rain/a/20241122A08P2A00

2024-11-23 04:09:04,613 - INFO - EXPIRED
多次立功的中将履新海军副司令员，曾任潜艇艇长
https://new.qq.com/rain/a/20241122A09OY800

2024-11-23 04:09:04,613 - INFO - EXPIRED
波兰高官催欧盟成员国打钱：我们军费已达GDP的4%
https://new.qq.com/rain/a/20241122A08OZ700

2024-11-23 04:09:04,613 - INFO - EXPIRED
人民币汇率跌至7.25 央行再发稳汇率信号
https://new.qq.com/rain/a/20241122A09ZC100

2024-11-23 04:09:04,613 - INFO - EXPIRED
突发！165亿元，比亚迪收购蔚来？双方已回应
https://new.qq.com/rain/a/20241122A08LJ900

2024-11-23 04:09:04,613 - INFO - EXPIRED
一线｜滴滴张博卸任CTO，未来将专注自动驾驶业务
https://new.qq.com/rain/a/20241122A093SK00

2024-11-23 04:09:04,613 - INFO - EXPIRED
广东东莞市委原书记徐建华被查：退休已超七年半，此前多名下属落马
https://new.qq.com/rain/a/20241122A095C400

2024-11-23 04:09:04,613 - INFO - EXPIRED
受资助的浙大贫困男生晒国内外旅游照片，并已保研清华？清华回应
https://new.qq.com/rain/a/20241122A07KOG00

2024-11-23 04:09:04,613 - INFO - EXPIRED
俄罗斯使用新型中程导弹攻击第聂伯罗 乌克兰披露相关细节
https://new.qq.com/rain/a/20241122A08KGW00

2024-11-23 04:09:04,613 - INFO - EXPIRED
2024年上半年全国多地出生率反弹，连续两年的人口负增长，或出现逆转
https://new.qq.com/rain/a/20241122A02R5X00

2024-11-23 04:09:04,613 - INFO - EXPIRED
房地产重整第一股：金科股份投资人揭晓 品器联合体中标
https://new.qq.com/rain/a/20241122A084HT00

2024-11-23 04:09:04,613 - INFO - EXPIRED
台湾台南市连续发生3次地震 最高震级5.4级
https://new.qq.com/rain/a/20241122A09JBX00

2024-11-23 04:09:04,613 - INFO - EXPIRED
从15天到30天！中国恢复对日免签，中日经贸再迎利好
https://new.qq.com/rain/a/20241122A08IM600

2024-11-23 04:09:04,613 - INFO - EXPIRED
国家发改委、国家林草局：在“三北”工程中实施以工代赈
https://new.qq.com/rain/a/20241122A090JX00

2024-11-23 04:09:04,613 - INFO - EXPIRED
胖东来创始人“不许员工结婚要彩礼”言论引热议，其员工：理解支持
https://new.qq.com/rain/a/20241122A08R1000

2024-11-23 04:09:04,613 - INFO - EXPIRED
五部委解读稳外贸新政：加大金融支持 培育外贸新动能
https://new.qq.com/rain/a/20241122A04LCM00

2024-11-23 04:09:04,613 - INFO - EXPIRED
月销5000单外卖店门头是P图？平台：将核实处理
https://new.qq.com/rain/a/20241122A06OXW00

2024-11-23 04:09:04,613 - INFO - EXPIRED
美联储官员“鹰声嘹亮”，降息前景的不确定性增强
https://new.qq.com/rain/a/20241122A09AFI00

2024-11-23 04:09:04,613 - INFO - EXPIRED
贵州一男子失踪18年疑被骗至10余个砖厂打工，不干活会被打？官方回应
https://new.qq.com/rain/a/20241122A05HKD00

2024-11-23 04:09:04,613 - INFO - EXPIRED
旗下公司股价暴跌，此事对其商业帝国影响多大？
https://view.inews.qq.com/a/20241122Q05YNF00

2024-11-23 04:09:04,613 - INFO - EXPIRED
国常会：进一步加强对平台经济健康发展的统筹指导 加大政策支持力度
https://new.qq.com/rain/a/20241122A08JRI00

2024-11-23 04:09:04,613 - INFO - EXPIRED
因短视频中存在违法信息等问题，公安机关依法处罚快手公司
https://new.qq.com/rain/a/20241122A07UT000

2024-11-23 04:09:04,613 - INFO - EXPIRED
明年精彩了，或有两个美联储主席 ，市场听谁的？
https://new.qq.com/rain/a/20241122A0952X00

2024-11-23 04:09:04,613 - INFO - EXPIRED
川航成都飞加拿大温哥华航班下降时遇“炸弹气旋”，航司：已安全抵达
https://new.qq.com/rain/a/20241122A088FX00

2024-11-23 04:09:04,613 - INFO - EXPIRED
江西9岁男孩在学校门外玩耍被保安打落4颗牙，涉事者已刑拘
https://new.qq.com/rain/a/20241122A06CCU00

2024-11-23 04:09:04,613 - INFO - EXPIRED
外交部：如果美方一意孤行，对香港特区政府官员实施签证限制，中方将坚决反制
https://new.qq.com/rain/a/20241122A062A900

2024-11-23 04:09:04,613 - INFO - EXPIRED
国际刑事法院发布内塔尼亚胡逮捕令：美国反对，欧洲国家意见不一
https://new.qq.com/rain/a/20241122A05W9V00

2024-11-23 04:09:04,613 - INFO - EXPIRED
河南一女游客徒步时坠崖身亡 救援队：踩空后坠落 事发地系未开发景区
https://new.qq.com/rain/a/20241122V06W7G00

2024-11-23 04:09:04,613 - INFO - EXPIRED
跌宕起伏一年后，阿里重归阿里
https://new.qq.com/rain/a/20241122A07JFE00

2024-11-23 04:09:04,613 - INFO - EXPIRED
西安公安侦破拐卖儿童积案：两姐妹17年前半年内连拐3名儿童 今日孩子与家人团聚
https://new.qq.com/rain/a/20241122A06BLB00

2024-11-23 04:09:04,613 - INFO - EXPIRED
享界汽车起诉自媒体“袁启聪”：不严谨的测试结论严重误导了消费者
https://new.qq.com/rain/a/20241122A07PZS00

2024-11-23 04:09:04,613 - INFO - EXPIRED
男子求助如何打开亡父遗留14年手机：上千人留言，华强北网友正在帮忙
https://new.qq.com/rain/a/20241122A04L4D00

2024-11-23 04:09:04,613 - INFO - EXPIRED
酒店偷拍借合规APP直播，涉事公司回应：停售付费分享服务
https://new.qq.com/rain/a/20241122A06U8400

2024-11-23 04:09:04,613 - INFO - EXPIRED
15年，谷歌的“隐瞒文化”已炉火纯青
https://new.qq.com/rain/a/20241122A0855900

2024-11-23 04:09:04,613 - INFO - EXPIRED
美国六次独家否决加沙停火决议草案，外交部：站在了全人类道德良知的对立面
https://new.qq.com/rain/a/20241122A0644L00

2024-11-23 04:09:04,613 - INFO - EXPIRED
俄防长称已消灭乌军精锐力量 从实质上破坏其2025年部署
https://new.qq.com/rain/a/20241122A061QB00

2024-11-23 04:09:04,613 - INFO - EXPIRED
梅德韦杰夫发布俄新型中程高超音速导弹袭击视频：那就是你们想要的吗
https://new.qq.com/rain/a/20241122A02YQP00

2024-11-23 04:09:04,613 - INFO - EXPIRED
A股代码后两位数字相同个股涨停潮，怎么解释这种“玄学”现象？
https://view.inews.qq.com/a/20241122Q05CJN00

2024-11-23 04:09:04,613 - INFO - EXPIRED
巴基斯坦开伯尔-普什图省一车队遭袭 已致42人死亡
https://new.qq.com/rain/a/20241122A05L6900

2024-11-23 04:09:04,613 - INFO - EXPIRED
外交部：扩大免签国家范围，对保加利亚、罗马尼亚、日本等国试行免签
https://new.qq.com/rain/a/20241122A05ZO900

2024-11-23 04:09:04,613 - INFO - EXPIRED
再迎43位英雄回家 第十一批在韩中国人民志愿军烈士遗骸11月28日回国
https://new.qq.com/rain/a/20241122A05MR900

2024-11-23 04:09:04,614 - INFO - EXPIRED
事关农民工城镇落户、社保、随迁子女入学！多部门联合发布
https://new.qq.com/rain/a/20241122A06DJ200

2024-11-23 04:09:04,614 - INFO - EXPIRED
巴西警方：前总统博索纳罗涉嫌策划政变，且知晓刺杀卢拉的计划
https://new.qq.com/rain/a/20241122A01JK200

2024-11-23 04:09:04,614 - INFO - EXPIRED
俄称向乌工业区发射新型中程导弹、多方回应，紧张局势再升级？
https://new.qq.com/rain/a/20241122A03SC800

2024-11-23 04:09:04,614 - INFO - EXPIRED
小学女生因吃零食被老师打脸，老师还自己录视频发布？学校教育局回应
https://new.qq.com/rain/a/20241122A04GVF00

2024-11-23 04:09:04,614 - INFO - EXPIRED
上汽大众回应对国利欠款传闻
https://new.qq.com/rain/a/20241122A05QMB00

2024-11-23 04:09:04,614 - INFO - EXPIRED
拜登接见NBA总冠军凯尔特人队：开玩笑向球员确认球队，当众表演运球
https://new.qq.com/rain/a/20241122V063WQ00

2024-11-23 04:09:04,614 - INFO - EXPIRED
新加坡国务资政李显龙将访华
https://new.qq.com/rain/a/20241122A05SL600

2024-11-23 04:09:04,614 - INFO - EXPIRED
富豪花624万美金买下一根香蕉，什么香蕉比黄金还贵？这是真爱艺术还是洗钱？
https://view.inews.qq.com/a/20241122Q04NN500

2024-11-23 04:09:04,614 - INFO - EXPIRED
王宝强被举报涉嫌欺诈，受其资助孩子父亲发声：已资助2年，每学期都会转账
https://new.qq.com/rain/a/20241122A04SG700

2024-11-23 04:09:04,614 - INFO - EXPIRED
ABC品牌创始人致歉：12月份会有优化后的产品推出
https://new.qq.com/rain/a/20241122A04T8500

2024-11-23 04:09:04,614 - INFO - EXPIRED
宁夏银川“6·21”燃气爆炸事故细节披露：液化石油气泄漏达1分钟无有效处置
https://new.qq.com/rain/a/20241122A04NIK00

2024-11-23 04:09:04,614 - INFO - EXPIRED
江西新余“1·24”火灾细节披露：施工人员无知无畏 建筑长期带病运行
https://new.qq.com/rain/a/20241122A04NLI00

2024-11-23 04:09:04,614 - INFO - EXPIRED
女生骑行比赛被风筝线“割喉”，承办单位：签了《免责协议》已尽义务
https://new.qq.com/rain/a/20241122A03M5T00

2024-11-23 04:09:04,614 - INFO - EXPIRED
昔日“抗疫英雄”，被控受贿2167万余元
https://new.qq.com/rain/a/20241122A03EXL00

2024-11-23 04:09:04,614 - INFO - EXPIRED
黑龙江村民被虎咬伤，当地再发防范东北豹提醒！勿用手机拍照
https://new.qq.com/rain/a/20241122A04JGC00

2024-11-23 04:09:04,614 - INFO - EXPIRED
陕西一污水处理厂突发事故致4死，居民称事故伴随很大响声，官方回应
https://new.qq.com/rain/a/20241122A03RGJ00

2024-11-23 04:09:06,141 - ERROR - ERROR
网传山东一小区发生煤气爆炸，街道办：领导和同事已去处理
https://new.qq.com/rain/a/20241123V03FG500
('list index out of range',)
======
Traceback (most recent call last):
  File "/home/runner/work/qqnews/qqnews/qq.py", line 81, in process_article
    ss = str(tmpbs.select("div.LEFT div.content.clearfix")[0])
             ~~~~~~~~~~~~~~~~~~~~~~~~~~~~~~~~~~~~~~~~~~~~~^^^
IndexError: list index out of range


2024-11-23 04:09:06,157 - INFO - INVALID
军队提升至战备状态 朝鲜警告美国及其追随国家停止挑衅和敌对行动
https://new.qq.com/rain/a/20241123A01H8F00

2024-11-23 04:09:06,162 - INFO - INVALID
7家医院被国家医保局点名，有医院把腹部CT分成“上中下腹”收3次费用
https://new.qq.com/rain/a/20241123A02F8A00

2024-11-23 04:09:06,192 - INFO - INVALID
发射“无法击落”的“榛树”导弹，俄罗斯传递了什么信号
https://new.qq.com/rain/a/20241123A01P1J00

2024-11-23 04:09:06,221 - INFO - INVALID
为逃避检查，广东潮州大量商户关门停业、工厂放假？官方：个别商户
https://new.qq.com/rain/a/20241123A038VB00

2024-11-23 04:09:06,836 - INFO - INVALID
河北一医院因病历记录患者1天吸氧28小时遭家属举报 官方：违法并罚款
https://new.qq.com/rain/a/20241123A03BX400

2024-11-23 04:09:06,857 - ERROR - ERROR
对话｜王伟妻子阮国琴：孩子确是海军军官，但不是“81192”
https://new.qq.com/rain/a/20241123V017V300
('list index out of range',)
======
Traceback (most recent call last):
  File "/home/runner/work/qqnews/qqnews/qq.py", line 81, in process_article
    ss = str(tmpbs.select("div.LEFT div.content.clearfix")[0])
             ~~~~~~~~~~~~~~~~~~~~~~~~~~~~~~~~~~~~~~~~~~~~~^^^
IndexError: list index out of range


2024-11-23 04:09:06,864 - INFO - INVALID
对话人大教授刘向东：中国式低价的两种叙事，“好低价、坏低价”
https://new.qq.com/rain/a/20241123A03II000

2024-11-23 04:09:06,916 - INFO - INVALID
美媒爆：以色列对叙空袭打死黎真主党一高级指挥官，后者曾帮助策划袭击驻伊拉克美军
https://new.qq.com/rain/a/20241123A02YL000

2024-11-23 04:09:07,132 - ERROR - ERROR
他什么来头？属于什么风格的官僚？
https://view.inews.qq.com/a/20241123Q01FEB00
('list index out of range',)
======
Traceback (most recent call last):
  File "/home/runner/work/qqnews/qqnews/qq.py", line 81, in process_article
    ss = str(tmpbs.select("div.LEFT div.content.clearfix")[0])
             ~~~~~~~~~~~~~~~~~~~~~~~~~~~~~~~~~~~~~~~~~~~~~^^^
IndexError: list index out of range


2024-11-23 04:09:07,521 - INFO - INVALID
深圳奢侈品购买力爆发：拆迁户爱劳力士，富二代中学生买LV
https://new.qq.com/rain/a/20241123A01S4L00

2024-11-23 04:09:07,527 - INFO - INVALID
江苏无锡市委常委会会议专题研究安全稳定工作
https://new.qq.com/rain/a/20241123A02TWP00

2024-11-23 04:09:07,596 - INFO - INVALID
消费者称旺仔牛奶喝出异物否认“摆拍”，旺旺集团凌晨公告回应
https://new.qq.com/rain/a/20241123A02FNM00

2024-11-23 04:09:07,751 - INFO - INVALID
黄仁勋现身香港，演讲大秀中文，称AI可能是人类历史上最重要的技术
https://new.qq.com/rain/a/20241123A02WJ100

2024-11-23 04:09:07,798 - INFO - INVALID
普京：“榛树”导弹将量产并列装战略导弹部队
https://new.qq.com/rain/a/20241123A01GVI00

2024-11-23 04:09:08,113 - INFO - INVALID
报复乌军对俄远程袭击、警告西方勿推冲突升级，俄用“榛树”导弹发出威慑信息
https://new.qq.com/rain/a/20241123A0111E00

2024-11-23 04:09:08,172 - INFO - INVALID
“有人抱三个孩子坐在大桥护栏上！”当地：小孩撤离，男子跳桥被救起
https://new.qq.com/rain/a/20241123A008Q500

2024-11-23 04:09:08,353 - INFO - INVALID
靠代写回忆录赚钱的年轻人，被AI卷哭了
https://new.qq.com/rain/a/20241123A02AEI00

2024-11-23 04:09:08,428 - INFO - INVALID
格力地产披露重大资产重组草案：逐步退出房地产，注入优质免税业务
https://new.qq.com/rain/a/20241123A012LA00

2024-11-23 04:09:08,744 - INFO - INVALID
美股收盘：三大指数集体收涨 道指创历史新高 特斯拉涨近4%
https://new.qq.com/rain/a/20241123A00VP700

2024-11-23 04:09:08,754 - INFO - INVALID
美联储明年开启框架审查，2%通胀目标不是焦点，鲍威尔欢迎新看法
https://new.qq.com/rain/a/20241123A00SHE00

2024-11-23 04:09:08,908 - INFO - INVALID
网红CEO“大败局”
https://new.qq.com/rain/a/20241123A00V1M00

2024-11-23 05:07:23,497 - INFO - EXPIRED
上万户村民停气数月背后：燃气公司野蛮发展，官方称力争春节前全恢复
https://new.qq.com/rain/a/20241122A09X4S00

2024-11-23 05:07:23,497 - INFO - EXPIRED
带高龄母亲酒店养老遭集体拉黑，当事人：母亲已离世，将起诉酒店维权
https://new.qq.com/rain/a/20241122A0A5I800

2024-11-23 05:07:23,497 - INFO - EXPIRED
生母服刑生父患精神类疾病，监护人提交送养申请，民政部门发送养公告
https://new.qq.com/rain/a/20241122A09YWN00

2024-11-23 05:07:23,497 - INFO - EXPIRED
河南打响化债第一枪
https://new.qq.com/rain/a/20241122A06AE700

2024-11-23 05:07:23,497 - INFO - EXPIRED
男子投诉环保问题被打断肋骨获赔300万，后被判寻衅滋事追缴违法所得
https://new.qq.com/rain/a/20241122A09VQ200

2024-11-23 05:07:23,497 - INFO - EXPIRED
浙大贫困生晒国内外多地旅游照，当地民政局回应：贫困证明没问题
https://new.qq.com/rain/a/20241122A07J7P00

2024-11-23 05:07:23,497 - INFO - EXPIRED
男子在江苏一公园内发现被盗元代“玉泉宫碑”，枣庄文物部门：正协调归还，警方已介入
https://new.qq.com/rain/a/20241122A05RQ700

2024-11-23 05:07:23,497 - INFO - EXPIRED
被旁边货车坠落重物砸中 网红丐中丐夫妇车祸去世 直播间网友目睹过程
https://new.qq.com/rain/a/20241122A08GPZ00

2024-11-23 05:07:23,497 - INFO - EXPIRED
湖南平江藏着价值6000亿元的黄金？村民：小时候去山上捡石头里都有金
https://new.qq.com/rain/a/20241122A0A9VK00

2024-11-23 05:07:23,497 - INFO - EXPIRED
买到一台“烂尾车”，我快被逼疯了
https://new.qq.com/rain/a/20241122A0A3UZ00

2024-11-23 05:07:23,497 - INFO - EXPIRED
话费“慢充”能打折？当心陷入洗钱陷阱
https://new.qq.com/rain/a/20241122A05PUU00

2024-11-23 05:07:23,497 - INFO - EXPIRED
抢购医用卫生巾？业内人士：医疗注册没有医用卫生巾说法，这是蹭流量
https://new.qq.com/rain/a/20241122A0A7LE00

2024-11-23 05:07:23,497 - INFO - EXPIRED
释新闻 | 三孩时代，落马县委书记为何被点名超计划生育二胎
https://new.qq.com/rain/a/20241122A09HGR00

2024-11-23 05:07:23,497 - INFO - EXPIRED
特朗普组阁遇挫，“二号关键职位”人选“翻车”
https://new.qq.com/rain/a/20241122A096HS00

2024-11-23 05:07:23,497 - INFO - EXPIRED
旺仔牛奶中喝出老鼠？旺旺高管回应：封闭管道，没有汤姆更没有杰瑞
https://new.qq.com/rain/a/20241122A09A6X00

2024-11-23 05:07:23,497 - INFO - EXPIRED
乌外长：对俄罗斯不能采取绥靖政策
https://new.qq.com/rain/a/20241122A08WL500

2024-11-23 05:07:23,497 - INFO - EXPIRED
美国松绑远程导弹禁令，俄乌战局突变，核战阴影逼近？｜凤凰聚焦
https://new.qq.com/rain/a/20241122A09AB100

2024-11-23 05:07:23,498 - INFO - EXPIRED
中国政法大学商学院原院长刘纪鹏：中国股市不缺钱，缺的是信心
https://new.qq.com/rain/a/20241122A08HO700

2024-11-23 05:07:23,498 - INFO - EXPIRED
70多辆小米SU7自动泊车撞墙！有车主维修费超1.2万元，客服：系统BUG
https://new.qq.com/rain/a/20241122A09AN300

2024-11-23 05:07:23,498 - INFO - EXPIRED
普京证实俄军发射新型中程高超音速导弹，克宫：华盛顿“毫无疑问”已获悉俄方警告
https://new.qq.com/rain/a/20241122A08O1R00

2024-11-23 05:07:23,498 - INFO - EXPIRED
一位北漂35万首付抄底只有4年产权的超级老破小，70年产权到期后房子还能住吗？
https://view.inews.qq.com/a/20241122Q02SDM00

2024-11-23 05:07:23,498 - INFO - EXPIRED
克宫：若俄方关切未被考虑 将采取进一步回应行动
https://new.qq.com/rain/a/20241122A08P2A00

2024-11-23 05:07:23,498 - INFO - EXPIRED
多次立功的中将履新海军副司令员，曾任潜艇艇长
https://new.qq.com/rain/a/20241122A09OY800

2024-11-23 05:07:23,498 - INFO - EXPIRED
波兰高官催欧盟成员国打钱：我们军费已达GDP的4%
https://new.qq.com/rain/a/20241122A08OZ700

2024-11-23 05:07:23,498 - INFO - EXPIRED
人民币汇率跌至7.25 央行再发稳汇率信号
https://new.qq.com/rain/a/20241122A09ZC100

2024-11-23 05:07:23,498 - INFO - EXPIRED
突发！165亿元，比亚迪收购蔚来？双方已回应
https://new.qq.com/rain/a/20241122A08LJ900

2024-11-23 05:07:23,498 - INFO - EXPIRED
一线｜滴滴张博卸任CTO，未来将专注自动驾驶业务
https://new.qq.com/rain/a/20241122A093SK00

2024-11-23 05:07:23,498 - INFO - EXPIRED
广东东莞市委原书记徐建华被查：退休已超七年半，此前多名下属落马
https://new.qq.com/rain/a/20241122A095C400

2024-11-23 05:07:23,498 - INFO - EXPIRED
受资助的浙大贫困男生晒国内外旅游照片，并已保研清华？清华回应
https://new.qq.com/rain/a/20241122A07KOG00

2024-11-23 05:07:23,498 - INFO - EXPIRED
俄罗斯使用新型中程导弹攻击第聂伯罗 乌克兰披露相关细节
https://new.qq.com/rain/a/20241122A08KGW00

2024-11-23 05:07:23,498 - INFO - EXPIRED
2024年上半年全国多地出生率反弹，连续两年的人口负增长，或出现逆转
https://new.qq.com/rain/a/20241122A02R5X00

2024-11-23 05:07:23,498 - INFO - EXPIRED
房地产重整第一股：金科股份投资人揭晓 品器联合体中标
https://new.qq.com/rain/a/20241122A084HT00

2024-11-23 05:07:23,498 - INFO - EXPIRED
台湾台南市连续发生3次地震 最高震级5.4级
https://new.qq.com/rain/a/20241122A09JBX00

2024-11-23 05:07:23,498 - INFO - EXPIRED
从15天到30天！中国恢复对日免签，中日经贸再迎利好
https://new.qq.com/rain/a/20241122A08IM600

2024-11-23 05:07:23,498 - INFO - EXPIRED
国家发改委、国家林草局：在“三北”工程中实施以工代赈
https://new.qq.com/rain/a/20241122A090JX00

2024-11-23 05:07:23,498 - INFO - EXPIRED
胖东来创始人“不许员工结婚要彩礼”言论引热议，其员工：理解支持
https://new.qq.com/rain/a/20241122A08R1000

2024-11-23 05:07:23,498 - INFO - EXPIRED
五部委解读稳外贸新政：加大金融支持 培育外贸新动能
https://new.qq.com/rain/a/20241122A04LCM00

2024-11-23 05:07:23,498 - INFO - EXPIRED
月销5000单外卖店门头是P图？平台：将核实处理
https://new.qq.com/rain/a/20241122A06OXW00

2024-11-23 05:07:23,498 - INFO - EXPIRED
美联储官员“鹰声嘹亮”，降息前景的不确定性增强
https://new.qq.com/rain/a/20241122A09AFI00

2024-11-23 05:07:23,498 - INFO - EXPIRED
贵州一男子失踪18年疑被骗至10余个砖厂打工，不干活会被打？官方回应
https://new.qq.com/rain/a/20241122A05HKD00

2024-11-23 05:07:23,498 - INFO - EXPIRED
旗下公司股价暴跌，此事对其商业帝国影响多大？
https://view.inews.qq.com/a/20241122Q05YNF00

2024-11-23 05:07:23,498 - INFO - EXPIRED
国常会：进一步加强对平台经济健康发展的统筹指导 加大政策支持力度
https://new.qq.com/rain/a/20241122A08JRI00

2024-11-23 05:07:23,498 - INFO - EXPIRED
因短视频中存在违法信息等问题，公安机关依法处罚快手公司
https://new.qq.com/rain/a/20241122A07UT000

2024-11-23 05:07:23,498 - INFO - EXPIRED
明年精彩了，或有两个美联储主席 ，市场听谁的？
https://new.qq.com/rain/a/20241122A0952X00

2024-11-23 05:07:23,498 - INFO - EXPIRED
川航成都飞加拿大温哥华航班下降时遇“炸弹气旋”，航司：已安全抵达
https://new.qq.com/rain/a/20241122A088FX00

2024-11-23 05:07:23,498 - INFO - EXPIRED
江西9岁男孩在学校门外玩耍被保安打落4颗牙，涉事者已刑拘
https://new.qq.com/rain/a/20241122A06CCU00

2024-11-23 05:07:23,498 - INFO - EXPIRED
外交部：如果美方一意孤行，对香港特区政府官员实施签证限制，中方将坚决反制
https://new.qq.com/rain/a/20241122A062A900

2024-11-23 05:07:23,498 - INFO - EXPIRED
国际刑事法院发布内塔尼亚胡逮捕令：美国反对，欧洲国家意见不一
https://new.qq.com/rain/a/20241122A05W9V00

2024-11-23 05:07:23,498 - INFO - EXPIRED
河南一女游客徒步时坠崖身亡 救援队：踩空后坠落 事发地系未开发景区
https://new.qq.com/rain/a/20241122V06W7G00

2024-11-23 05:07:23,498 - INFO - EXPIRED
跌宕起伏一年后，阿里重归阿里
https://new.qq.com/rain/a/20241122A07JFE00

2024-11-23 05:07:23,498 - INFO - EXPIRED
西安公安侦破拐卖儿童积案：两姐妹17年前半年内连拐3名儿童 今日孩子与家人团聚
https://new.qq.com/rain/a/20241122A06BLB00

2024-11-23 05:07:23,498 - INFO - EXPIRED
享界汽车起诉自媒体“袁启聪”：不严谨的测试结论严重误导了消费者
https://new.qq.com/rain/a/20241122A07PZS00

2024-11-23 05:07:23,498 - INFO - EXPIRED
男子求助如何打开亡父遗留14年手机：上千人留言，华强北网友正在帮忙
https://new.qq.com/rain/a/20241122A04L4D00

2024-11-23 05:07:23,498 - INFO - EXPIRED
酒店偷拍借合规APP直播，涉事公司回应：停售付费分享服务
https://new.qq.com/rain/a/20241122A06U8400

2024-11-23 05:07:23,498 - INFO - EXPIRED
15年，谷歌的“隐瞒文化”已炉火纯青
https://new.qq.com/rain/a/20241122A0855900

2024-11-23 05:07:23,498 - INFO - EXPIRED
美国六次独家否决加沙停火决议草案，外交部：站在了全人类道德良知的对立面
https://new.qq.com/rain/a/20241122A0644L00

2024-11-23 05:07:23,498 - INFO - EXPIRED
俄防长称已消灭乌军精锐力量 从实质上破坏其2025年部署
https://new.qq.com/rain/a/20241122A061QB00

2024-11-23 05:07:23,498 - INFO - EXPIRED
梅德韦杰夫发布俄新型中程高超音速导弹袭击视频：那就是你们想要的吗
https://new.qq.com/rain/a/20241122A02YQP00

2024-11-23 05:07:23,498 - INFO - EXPIRED
A股代码后两位数字相同个股涨停潮，怎么解释这种“玄学”现象？
https://view.inews.qq.com/a/20241122Q05CJN00

2024-11-23 05:07:23,498 - INFO - EXPIRED
巴基斯坦开伯尔-普什图省一车队遭袭 已致42人死亡
https://new.qq.com/rain/a/20241122A05L6900

2024-11-23 05:07:23,498 - INFO - EXPIRED
外交部：扩大免签国家范围，对保加利亚、罗马尼亚、日本等国试行免签
https://new.qq.com/rain/a/20241122A05ZO900

2024-11-23 05:07:23,498 - INFO - EXPIRED
再迎43位英雄回家 第十一批在韩中国人民志愿军烈士遗骸11月28日回国
https://new.qq.com/rain/a/20241122A05MR900

2024-11-23 05:07:23,498 - INFO - EXPIRED
事关农民工城镇落户、社保、随迁子女入学！多部门联合发布
https://new.qq.com/rain/a/20241122A06DJ200

2024-11-23 05:07:23,498 - INFO - EXPIRED
巴西警方：前总统博索纳罗涉嫌策划政变，且知晓刺杀卢拉的计划
https://new.qq.com/rain/a/20241122A01JK200

2024-11-23 05:07:23,498 - INFO - EXPIRED
俄称向乌工业区发射新型中程导弹、多方回应，紧张局势再升级？
https://new.qq.com/rain/a/20241122A03SC800

2024-11-23 05:07:23,498 - INFO - EXPIRED
小学女生因吃零食被老师打脸，老师还自己录视频发布？学校教育局回应
https://new.qq.com/rain/a/20241122A04GVF00

2024-11-23 05:07:23,498 - INFO - EXPIRED
上汽大众回应对国利欠款传闻
https://new.qq.com/rain/a/20241122A05QMB00

2024-11-23 05:07:23,498 - INFO - EXPIRED
拜登接见NBA总冠军凯尔特人队：开玩笑向球员确认球队，当众表演运球
https://new.qq.com/rain/a/20241122V063WQ00

2024-11-23 05:07:23,498 - INFO - EXPIRED
新加坡国务资政李显龙将访华
https://new.qq.com/rain/a/20241122A05SL600

2024-11-23 05:07:23,498 - INFO - EXPIRED
富豪花624万美金买下一根香蕉，什么香蕉比黄金还贵？这是真爱艺术还是洗钱？
https://view.inews.qq.com/a/20241122Q04NN500

2024-11-23 05:07:23,498 - INFO - EXPIRED
王宝强被举报涉嫌欺诈，受其资助孩子父亲发声：已资助2年，每学期都会转账
https://new.qq.com/rain/a/20241122A04SG700

2024-11-23 05:07:23,498 - INFO - EXPIRED
ABC品牌创始人致歉：12月份会有优化后的产品推出
https://new.qq.com/rain/a/20241122A04T8500

2024-11-23 05:07:23,498 - INFO - EXPIRED
宁夏银川“6·21”燃气爆炸事故细节披露：液化石油气泄漏达1分钟无有效处置
https://new.qq.com/rain/a/20241122A04NIK00

2024-11-23 05:07:23,498 - INFO - EXPIRED
江西新余“1·24”火灾细节披露：施工人员无知无畏 建筑长期带病运行
https://new.qq.com/rain/a/20241122A04NLI00

2024-11-23 05:07:23,498 - INFO - EXPIRED
女生骑行比赛被风筝线“割喉”，承办单位：签了《免责协议》已尽义务
https://new.qq.com/rain/a/20241122A03M5T00

2024-11-23 05:07:24,332 - INFO - INVALID
山东一小区突发爆炸？附近商家称响得厉害但无火光，当地：伤者已就医
https://new.qq.com/rain/a/20241123A043HU00

2024-11-23 05:07:24,337 - INFO - INVALID
为逃避检查，广东潮州大量商户关门停业、工厂放假？官方：个别商户
https://new.qq.com/rain/a/20241123A038VB00

2024-11-23 05:07:24,343 - INFO - INVALID
发射“无法击落”的“榛树”导弹，俄罗斯传递了什么信号
https://new.qq.com/rain/a/20241123A01P1J00

2024-11-23 05:07:24,416 - INFO - INVALID
“若内塔尼亚胡入境英国是否会被捕”？英首相发言人回应
https://new.qq.com/rain/a/20241123A01YPF00

2024-11-23 05:07:24,488 - ERROR - ERROR
钟南山建议给肺“年检”，这是什么病？为什么这么普遍？
https://view.inews.qq.com/a/20241123Q017J300
('list index out of range',)
======
Traceback (most recent call last):
  File "/home/runner/work/qqnews/qqnews/qq.py", line 81, in process_article
    ss = str(tmpbs.select("div.LEFT div.content.clearfix")[0])
             ~~~~~~~~~~~~~~~~~~~~~~~~~~~~~~~~~~~~~~~~~~~~~^^^
IndexError: list index out of range


2024-11-23 05:07:24,793 - INFO - INVALID
7家医院被国家医保局点名，有医院把腹部CT分成“上中下腹”收3次费用
https://new.qq.com/rain/a/20241123A02F8A00

2024-11-23 05:07:24,801 - INFO - INVALID
墨西哥总统：我们不是中国产品进入美国和加拿大的“后门”
https://new.qq.com/rain/a/20241123A01C9R00

2024-11-23 05:07:24,843 - INFO - INVALID
患心脏病老人凑热闹领喜糖后跌倒死亡，家属向新人索赔14万，法院驳回
https://new.qq.com/rain/a/20241123A03HYX00

2024-11-23 05:07:24,852 - INFO - INVALID
军队提升至战备状态 朝鲜警告美国及其追随国家停止挑衅和敌对行动
https://new.qq.com/rain/a/20241123A01H8F00

2024-11-23 05:07:25,096 - INFO - INVALID
对话人大教授刘向东：中国式低价的两种叙事，“好低价、坏低价”
https://new.qq.com/rain/a/20241123A03II000

2024-11-23 05:07:25,216 - INFO - INVALID
河北一医院因病历记录患者1天吸氧28小时遭家属举报 官方：违法并罚款
https://new.qq.com/rain/a/20241123A03BX400

2024-11-23 05:07:25,248 - ERROR - ERROR
对话｜王伟妻子阮国琴：孩子确是海军军官，但不是“81192”
https://new.qq.com/rain/a/20241123V017V300
('list index out of range',)
======
Traceback (most recent call last):
  File "/home/runner/work/qqnews/qqnews/qq.py", line 81, in process_article
    ss = str(tmpbs.select("div.LEFT div.content.clearfix")[0])
             ~~~~~~~~~~~~~~~~~~~~~~~~~~~~~~~~~~~~~~~~~~~~~^^^
IndexError: list index out of range


2024-11-23 05:07:25,308 - INFO - INVALID
美媒爆：以色列对叙空袭打死黎真主党一高级指挥官，后者曾帮助策划袭击驻伊拉克美军
https://new.qq.com/rain/a/20241123A02YL000

2024-11-23 05:07:25,522 - INFO - INVALID
深圳奢侈品购买力爆发：拆迁户爱劳力士，富二代中学生买LV
https://new.qq.com/rain/a/20241123A01S4L00

2024-11-23 05:07:25,550 - INFO - INVALID
江苏无锡市委常委会会议专题研究安全稳定工作
https://new.qq.com/rain/a/20241123A02TWP00

2024-11-23 05:07:25,675 - INFO - INVALID
消费者称旺仔牛奶喝出异物否认“摆拍”，旺旺集团凌晨公告回应
https://new.qq.com/rain/a/20241123A02FNM00

2024-11-23 05:07:25,845 - INFO - INVALID
普京：“榛树”导弹将量产并列装战略导弹部队
https://new.qq.com/rain/a/20241123A01GVI00

2024-11-23 05:07:25,911 - INFO - INVALID
黄仁勋现身香港，演讲大秀中文，称AI可能是人类历史上最重要的技术
https://new.qq.com/rain/a/20241123A02WJ100

2024-11-23 05:07:25,964 - INFO - INVALID
“有人抱三个孩子坐在大桥护栏上！”当地：小孩撤离，男子跳桥被救起
https://new.qq.com/rain/a/20241123A008Q500

2024-11-23 05:07:26,096 - INFO - INVALID
报复乌军对俄远程袭击、警告西方勿推冲突升级，俄用“榛树”导弹发出威慑信息
https://new.qq.com/rain/a/20241123A0111E00

2024-11-23 05:07:26,271 - INFO - INVALID
靠代写回忆录赚钱的年轻人，被AI卷哭了
https://new.qq.com/rain/a/20241123A02AEI00

2024-11-23 05:07:26,293 - INFO - INVALID
格力地产披露重大资产重组草案：逐步退出房地产，注入优质免税业务
https://new.qq.com/rain/a/20241123A012LA00

2024-11-23 05:07:26,379 - INFO - INVALID
美联储明年开启框架审查，2%通胀目标不是焦点，鲍威尔欢迎新看法
https://new.qq.com/rain/a/20241123A00SHE00

2024-11-23 05:07:26,518 - INFO - INVALID
美股收盘：三大指数集体收涨 道指创历史新高 特斯拉涨近4%
https://new.qq.com/rain/a/20241123A00VP700

2024-11-23 05:07:26,548 - INFO - INVALID
网红CEO“大败局”
https://new.qq.com/rain/a/20241123A00V1M00

