2024-08-05 06:09:30,050 - INFO - EXPIRED
美科技股巨震背后，七巨头一年烧光1000亿美金
https://new.qq.com/rain/a/20240804A045NI00

2024-08-05 06:09:30,050 - INFO - EXPIRED
山东发现罕见炭疽病例，张文宏详解局部暴发后如何应对
https://new.qq.com/rain/a/20240804A079QJ00

2024-08-05 06:09:30,050 - INFO - EXPIRED
河北医生过度用呼吸机致患者死亡被吊销执业证，呼吸机什么情况非用不可？
https://view.inews.qq.com/a/20240804Q03FXG00

2024-08-05 06:09:30,050 - INFO - EXPIRED
以色列总理内塔尼亚胡：希望美国不要干涉以内政
https://new.qq.com/rain/a/20240804A06KCP00

2024-08-05 06:09:30,050 - INFO - EXPIRED
中国海警新闻发言人就菲律宾船只在我仙宾礁附近海域聚集活动发表谈话
https://new.qq.com/rain/a/20240804A07CAN00

2024-08-05 06:09:30,050 - INFO - EXPIRED
江西一辆百万玛莎拉蒂撞上400年古樟树：豪车烧成车架 古树烧了一半
https://new.qq.com/rain/a/20240804A051AO00

2024-08-05 06:09:30,050 - INFO - EXPIRED
游泳历史第一人菲尔普斯才39岁，为何如此瘦削老态？他退役后都做了什么？
https://view.inews.qq.com/a/20240804Q03MYB00

2024-08-05 06:09:30,050 - INFO - EXPIRED
奥运会男单决赛中樊振东摘得金牌，为何女乒一直很稳，男乒赢得相对艰难？
https://view.inews.qq.com/a/20240804Q06VXI00

2024-08-05 06:09:30,050 - INFO - EXPIRED
上海崇明：一公交司机突发疾病致车辆驶入河道，驾驶员抢救无效死亡
https://new.qq.com/rain/a/20240804V0659100

2024-08-05 06:09:30,050 - INFO - EXPIRED
杭州热到“车内ETC都变形了”，近一周高温将持续在40度左右
https://new.qq.com/rain/a/20240804A028GF00

2024-08-05 06:09:30,050 - INFO - EXPIRED
郑钦文每年仅欧洲训练费就要300万，普通人家能培养出一个“郑钦文”吗？
https://view.inews.qq.com/a/20240804Q04BFH00

2024-08-05 06:09:30,051 - INFO - EXPIRED
四川康定特大山洪泥石流灾害，已造成8人遇难19人失联
https://new.qq.com/rain/a/20240804A0610300

2024-08-05 06:09:30,051 - INFO - EXPIRED
美国经济进入衰退期了吗？
https://new.qq.com/rain/a/20240804A05QMH00

2024-08-05 06:09:30,051 - INFO - EXPIRED
男子网上偶遇多年前婚礼后消失新娘 讨还钱款不成将其杀害 一审判死刑
https://new.qq.com/rain/a/20240804A04GDR00

2024-08-05 06:09:30,051 - INFO - EXPIRED
英国多地爆发13年来最大规模骚乱
https://new.qq.com/rain/a/20240804A05ID700

2024-08-05 06:09:30,051 - INFO - EXPIRED
何冰娇晋级后哭了：最不愿看到对手重伤！马林祝我决赛好好打
https://new.qq.com/rain/a/20240804A05IPU00

2024-08-05 06:09:30,051 - INFO - EXPIRED
西班牙老将马林膝部重伤退赛，跪地大哭情绪崩溃，拒绝坐轮椅
https://new.qq.com/rain/a/20240804V052E800

2024-08-05 06:09:30,051 - INFO - EXPIRED
中国经济第一大省将易主？下结论前值得了解这些事
https://new.qq.com/rain/a/20240804A04WTI00

2024-08-05 06:09:30,051 - INFO - EXPIRED
游客称公园“晒背族”裸露后背“辣眼睛”，园方：两边都投诉，很为难
https://new.qq.com/rain/a/20240803A061M200

2024-08-05 06:09:30,051 - INFO - EXPIRED
网球比赛捡球人员为什么一定要跪着？站着跑过去不行吗？
https://view.inews.qq.com/a/20240804Q037UN00

2024-08-05 06:09:30,051 - INFO - EXPIRED
半月前，特朗普威胁将扎克伯格关进监狱，半月后，扎克伯格深得信任
https://new.qq.com/rain/a/20240804A00XW200

2024-08-05 06:09:30,051 - INFO - EXPIRED
辽宁抚顺红河峡谷漂流景区大量游客滞留 游客徒步数小时离开 当地回应
https://new.qq.com/rain/a/20240804A03VEC00

2024-08-05 06:09:30,051 - INFO - EXPIRED
以媒曝：内塔尼亚胡称正推进停火谈判被拜登回呛是“胡说八道”，以总理办公室回应
https://new.qq.com/rain/a/20240804A02XTS00

2024-08-05 06:09:30,051 - INFO - EXPIRED
因为郑钦文，第一次看网球比赛，感觉规则很复杂，怎么能快速看懂？
https://view.inews.qq.com/a/20240804Q037E500

2024-08-05 06:09:30,051 - INFO - EXPIRED
今年上半年结婚登记数再创新低，较去年同期减少49.8万对
https://new.qq.com/rain/a/20240804A044IN00

2024-08-05 06:09:30,051 - INFO - EXPIRED
黑龙江东宁一河道现火车车厢，系洪水冲坏废弃线路致老旧车体落水
https://new.qq.com/rain/a/20240804A03PTK00

2024-08-05 06:09:30,051 - INFO - EXPIRED
陪睡才捐款？网传儿慈会河南负责人“要挟”患儿母亲，官方：正在核实
https://new.qq.com/rain/a/20240804A01V5200

2024-08-05 06:09:30,051 - INFO - EXPIRED
乌称袭击俄S-400系统、击沉黑海舰队潜艇，俄方暂未回应
https://new.qq.com/rain/a/20240804A01Z7A00

2024-08-05 06:09:30,051 - INFO - EXPIRED
郑钦文启蒙教练：她一年360天吃鸡胸肉西蓝花，凌晨4点半起床训练
https://new.qq.com/rain/a/20240804A02Y2G00

2024-08-05 06:09:30,051 - INFO - EXPIRED
新AI芯片推迟发布？英伟达：Blackwell样品广泛试用 下半年增加量产
https://new.qq.com/rain/a/20240804A03NIX00

2024-08-05 06:09:30,051 - INFO - EXPIRED
外媒关注：特朗普同意9月4日在福克斯新闻与哈里斯辩论，哈里斯拒绝
https://new.qq.com/rain/a/20240804A0227Q00

2024-08-05 06:09:30,051 - INFO - EXPIRED
世界首例！AI机器人做牙科手术，8倍速诊疗比人类医生更精准
https://new.qq.com/rain/a/20240804A03BAI00

2024-08-05 06:09:30,051 - INFO - EXPIRED
邓亚萍曾谈国乒“饭圈文化”：都是中国队 只讲喜欢谁 不用攻击谁
https://new.qq.com/rain/a/20240804A02Q3800

2024-08-05 06:09:30,051 - INFO - EXPIRED
互联网大厂新人，现金为王
https://new.qq.com/rain/a/20240804A02V6400

2024-08-05 06:09:30,051 - INFO - EXPIRED
陕西西安交警通报“一车辆失控致5车相撞1死4伤”：驾驶员突发疾病
https://new.qq.com/rain/a/20240804A03M3G00

2024-08-05 06:09:30,051 - INFO - EXPIRED
上海发布高温红色预警：预计中心城区今天最高气温将达40℃
https://new.qq.com/rain/a/20240804A03E3H00

2024-08-05 06:09:30,051 - INFO - EXPIRED
广东东莞一家具厂起火还有爆炸声？消防：主要是木材燃烧，原因调查中
https://new.qq.com/rain/a/20240804A03N4M00

2024-08-05 06:09:30,051 - INFO - EXPIRED
郑钦文奥运夺金创历史，这枚金牌意义有多大？能为她带来什么？
https://view.inews.qq.com/a/20240804Q029EN00

2024-08-05 06:09:30,051 - INFO - EXPIRED
四大满贯齐贺，郑钦文夺冠含金量十足，商业价值提升或闭幕式扛旗
https://new.qq.com/rain/a/20240804A00DGY00

2024-08-05 06:09:30,051 - INFO - EXPIRED
河北邯郸两医生过度用呼吸机致患者感染后死亡，被吊销执业证
https://new.qq.com/rain/a/20240804A01P7600

2024-08-05 06:09:30,051 - INFO - EXPIRED
内塔尼亚胡与支持停火协议的以军方高官发生争吵，计划解除两人职务
https://new.qq.com/rain/a/20240804A031UV00

2024-08-05 06:09:30,051 - INFO - EXPIRED
胖东来最新声明：除许昌、新乡外，目前暂无其他区域发展规划
https://new.qq.com/rain/a/20240804A02KAZ00

2024-08-05 06:09:30,051 - INFO - EXPIRED
专家：房价收入比显著回落 居民购房压力大幅缓解 房地产投资价值渐显
https://new.qq.com/rain/a/20240804A00ZHV00

2024-08-05 06:09:30,051 - INFO - EXPIRED
但斌回应巴菲特减持近半苹果股份：有点吃惊 我们没有跟随减持的想法
https://new.qq.com/rain/a/20240804A0285800

2024-08-05 06:09:30,051 - INFO - EXPIRED
陈梦战胜孙颖莎夺奥运女单金牌，现场粉丝的行为会不会影响选手的发挥？
https://view.inews.qq.com/a/20240804Q01UG500

2024-08-05 06:09:30,051 - INFO - EXPIRED
覃海洋接力游出该棒第一，单项决赛仅第七，为何短短几天起伏这么大？
https://view.inews.qq.com/a/20240804Q01NUO00

2024-08-05 06:09:30,051 - INFO - EXPIRED
四川康定发生特大型山洪泥石流灾害，专家：持续降雨叠加冰雪融化引发
https://new.qq.com/rain/a/20240804A027LO00

2024-08-05 06:09:30,051 - INFO - EXPIRED
浙江网红咖啡店推出“女性穿比基尼免门票”活动？当地回应
https://new.qq.com/rain/a/20240804A012T700

2024-08-05 06:09:30,051 - INFO - EXPIRED
浙江杭州11岁女孩玩密室逃脱被绊倒，眼皮缝8针
https://new.qq.com/rain/a/20240804A01GNJ00

2024-08-05 06:09:30,051 - INFO - EXPIRED
伊利提前祝贺“孙颖莎夺金、郑钦文摘银”，真是失误吗？哪个环节出错了？
https://view.inews.qq.com/a/20240804Q02CPC00

2024-08-05 06:09:30,051 - INFO - EXPIRED
巴西上空拍到“史上最清晰UFO”？巴西空军：暂无法核实
https://new.qq.com/rain/a/20240803A074RL00

2024-08-05 06:09:30,051 - INFO - EXPIRED
霸气夺金！郑钦文改写历史创造五大纪录，对手被打崩气到摔球拍
https://new.qq.com/rain/a/20240804A007HU00

2024-08-05 06:09:30,051 - INFO - EXPIRED
马斯克：已为第二位人类患者成功植入脑机芯片
https://new.qq.com/rain/a/20240804A01Y7X00

2024-08-05 06:09:30,051 - INFO - EXPIRED
北京门头沟现华北最早的四足动物足迹，这些三亿年前的足迹揭示了哪些奥秘？
https://view.inews.qq.com/a/20240803Q06YXS00

2024-08-05 06:09:30,051 - INFO - EXPIRED
四川康定发生山洪泥石流灾害 致4人遇难23人失联
https://new.qq.com/rain/a/20240804A00EEL00

2024-08-05 06:09:30,051 - INFO - EXPIRED
英特尔二季度业绩带“崩”股价：代工狂花钱，AI难赚钱
https://new.qq.com/rain/a/20240804A00FJI00

2024-08-05 06:09:30,051 - INFO - EXPIRED
郑钦文：我是Queen Wen，实至名归
https://new.qq.com/rain/a/20240804A00IEF00

2024-08-05 06:09:30,051 - INFO - EXPIRED
换5万美元立省6000元！人民币汇率千点大反弹，离岸升破7.15关口
https://new.qq.com/rain/a/20240804A0047G00

2024-08-05 06:09:30,051 - INFO - EXPIRED
地区局势高度紧张 多国敦促本国公民尽快撤离黎巴嫩
https://new.qq.com/rain/a/20240804A00SA300

2024-08-05 06:09:30,051 - INFO - EXPIRED
陈梦夺冠后拥抱孙颖莎：这场比赛我和莎莎没有失败者，我这个年龄能卫冕很意外很惊喜
https://new.qq.com/rain/a/20240803A0849500

2024-08-05 06:09:30,051 - INFO - EXPIRED
郑钦文夺金，王欣瑜/张之臻摘银，中国网球为何能在巴黎奥运大爆发？
https://view.inews.qq.com/a/20240804Q00B4200

2024-08-05 06:09:30,051 - INFO - EXPIRED
内蒙古鄂尔多斯市一煤矿发生人员窒息事故，致4人死亡
https://new.qq.com/rain/a/20240804A00UYA00

2024-08-05 06:09:30,051 - INFO - EXPIRED
郑钦文夺金后发声：奥运会一直比大满贯重要，国家荣誉永远超过个人
https://new.qq.com/rain/a/20240804A00E1Q00

2024-08-05 06:09:30,051 - INFO - EXPIRED
多枚火箭弹从黎巴嫩射向以色列北部地区
https://new.qq.com/rain/a/20240804A00L0W00

2024-08-05 06:09:30,051 - INFO - EXPIRED
哈马斯称将重新选择其领导人
https://new.qq.com/rain/a/20240804A00GOR00

2024-08-05 06:09:30,051 - INFO - EXPIRED
索马里首都一酒店遭袭 已致37死247伤
https://new.qq.com/rain/a/20240804A00GJW00

2024-08-05 06:09:30,051 - INFO - EXPIRED
苏丹北达尔富尔州首府遭袭致23死60伤
https://new.qq.com/rain/a/20240804A00O6Q00

2024-08-05 06:09:30,051 - INFO - EXPIRED
高度警觉、严阵以待！国务院副总理率有关部门赶赴灾区
https://new.qq.com/rain/a/20240803A07W1900

2024-08-05 06:09:30,052 - INFO - EXPIRED
陈梦4-2孙颖莎摘金，为什么时隔三年孙颖莎还是没能赢陈梦？
https://view.inews.qq.com/a/20240803Q086GR00

2024-08-05 06:09:30,052 - INFO - EXPIRED
昆明一小区外立面装饰层脱落，外卖员不幸被砸中身亡，死者系暑假兼职大学生
https://new.qq.com/rain/a/20240803A07YSQ00

2024-08-05 06:09:30,052 - INFO - EXPIRED
颁奖典礼！陈梦收获金牌孙颖莎摘银 全场一起高唱国歌
https://new.qq.com/rain/a/20240803V0857Q00

2024-08-05 06:09:30,052 - INFO - EXPIRED
蔡奇看望慰问北戴河暑期休假专家
https://new.qq.com/rain/a/20240803A07JUJ00

2024-08-05 06:09:30,052 - INFO - EXPIRED
泪目！郑钦文夺金后身披国旗受访，致敬刘翔：我们都在21岁创造历史
https://new.qq.com/rain/a/20240804A00CPS00

2024-08-05 06:09:30,052 - INFO - EXPIRED
陈梦夺冠之路回顾：决赛逆转孙颖莎 卫冕比肩邓亚萍张怡宁
https://new.qq.com/rain/a/20240803V07YM600

2024-08-05 06:09:30,052 - INFO - EXPIRED
世界反兴奋剂机构：九成美国选手未遵守反兴奋剂条例
https://new.qq.com/rain/a/20240803A06HE900

2024-08-05 06:09:30,052 - INFO - EXPIRED
董宇辉回应质疑：若批评不自由，则赞美无意义
https://new.qq.com/rain/a/20240803A07VRY00

2024-08-05 06:09:31,766 - INFO - INVALID
这个考编大省，史无前例砍掉了十万编制
https://new.qq.com/rain/a/20240805A02HR700

2024-08-05 06:09:32,018 - INFO - INVALID
三大指数午后均跌逾1% 下跌个股近4200只
https://new.qq.com/rain/a/20240805A047Q500

2024-08-05 06:09:32,200 - INFO - INVALID
美商务部被曝将发布拟议规则，禁止在自动驾驶和联网汽车中用中国软件
https://new.qq.com/rain/a/20240805A0430000

2024-08-05 06:09:32,693 - INFO - INVALID
港媒：因工人素质、基础设施问题，富士康从印度越南“回归”中国内地
https://new.qq.com/rain/a/20240805A01YF600

2024-08-05 06:09:32,767 - ERROR - ERROR
“梁王”组合羽毛球男双摘银，一球被判界外引争议，为何不全程使用鹰眼？
https://view.inews.qq.com/a/20240805Q02OFU00
('list index out of range',)
======
Traceback (most recent call last):
  File "/home/runner/work/qqnews/qqnews/qq.py", line 81, in process_article
    ss = str(tmpbs.select("div.LEFT div.content.clearfix")[0])
             ~~~~~~~~~~~~~~~~~~~~~~~~~~~~~~~~~~~~~~~~~~~~~^^^
IndexError: list index out of range


2024-08-05 06:09:33,581 - ERROR - ERROR
美国紧急增派兵力，伊朗和黎真主党将袭击以色列，中东会爆发地区战争吗？
https://view.inews.qq.com/a/20240805Q0242100
('list index out of range',)
======
Traceback (most recent call last):
  File "/home/runner/work/qqnews/qqnews/qq.py", line 81, in process_article
    ss = str(tmpbs.select("div.LEFT div.content.clearfix")[0])
             ~~~~~~~~~~~~~~~~~~~~~~~~~~~~~~~~~~~~~~~~~~~~~^^^
IndexError: list index out of range


2024-08-05 06:09:33,743 - INFO - INVALID
中证金融：“转融通数据全是虚拟、融券卖出的量实际上没有上限”属造谣
https://new.qq.com/rain/a/20240805A03VD000

2024-08-05 06:09:33,782 - INFO - INVALID
“特斯拉上海车展维权事件”终审：李某判赔增至7万，车辆鉴定无故障
https://new.qq.com/rain/a/20240805A02NK500

2024-08-05 06:09:34,799 - INFO - INVALID
衣着暴露“辣眼睛”？有人在上海公共场所晒背直接解开内衣，网友吵翻
https://new.qq.com/rain/a/20240805A02A6T00

2024-08-05 06:09:34,909 - ERROR - ERROR
潘展乐混合接力游出45秒92，为什么接力比单项游得快？算打破世界纪录吗？
https://view.inews.qq.com/a/20240805Q01FL500
('list index out of range',)
======
Traceback (most recent call last):
  File "/home/runner/work/qqnews/qqnews/qq.py", line 81, in process_article
    ss = str(tmpbs.select("div.LEFT div.content.clearfix")[0])
             ~~~~~~~~~~~~~~~~~~~~~~~~~~~~~~~~~~~~~~~~~~~~~^^^
IndexError: list index out of range


2024-08-05 06:09:35,023 - INFO - INVALID
英国，乱了
https://new.qq.com/rain/a/20240805A00W4L00

2024-08-05 06:09:35,850 - INFO - INVALID
2024年财富世界500强排行榜：沃尔玛第一，国家电网第三，中石化第五
https://new.qq.com/rain/a/20240805A039K400

2024-08-05 06:09:35,961 - ERROR - ERROR
日股被抛售指数大跌，市场在恐慌什么？此前抄底日本股市的巴菲特还好吗？
https://view.inews.qq.com/a/20240805Q01SJE00
('list index out of range',)
======
Traceback (most recent call last):
  File "/home/runner/work/qqnews/qqnews/qq.py", line 81, in process_article
    ss = str(tmpbs.select("div.LEFT div.content.clearfix")[0])
             ~~~~~~~~~~~~~~~~~~~~~~~~~~~~~~~~~~~~~~~~~~~~~^^^
IndexError: list index out of range


2024-08-05 06:09:36,142 - INFO - INVALID
朝鲜新型战术弹道导弹武器系统交接典礼：250个发射架移交一线部队
https://new.qq.com/rain/a/20240805A00R7I00

2024-08-05 06:09:36,206 - INFO - INVALID
地表最强人形机器人？Figure预告二代新品：人味儿更浓、硬件更强
https://new.qq.com/rain/a/20240805A01OVR00

2024-08-05 06:09:37,495 - INFO - INVALID
7月财新中国服务业PMI升至52.1 就业重回扩张
https://new.qq.com/rain/a/20240805A01VSO00

2024-08-05 06:09:37,521 - INFO - INVALID
乌克兰宣布接收首批F-16战斗机，泽连斯基：为乌军自豪
https://new.qq.com/rain/a/20240805A022DJ00

2024-08-05 06:09:37,700 - INFO - INVALID
德国820万辆柴油车要停驶？德官员致信欧盟委员会主席，要求澄清争议
https://new.qq.com/rain/a/20240805A00POS00

2024-08-05 06:09:38,147 - INFO - INVALID
美国紧急向中东增派兵力，外媒：伊朗和黎真主党预计多线袭击以色列
https://new.qq.com/rain/a/20240805A00INU00

2024-08-05 06:09:38,953 - INFO - INVALID
马里宣布立即断绝与乌克兰的外交关系
https://new.qq.com/rain/a/20240805A00R3Z00

2024-08-05 06:09:39,227 - ERROR - ERROR
中国4x100混接力逆天翻盘破美国40年垄断，这成就有多牛？美国为何能垄断这么多年？ 
https://view.inews.qq.com/a/20240805Q00C4F00
('list index out of range',)
======
Traceback (most recent call last):
  File "/home/runner/work/qqnews/qqnews/qq.py", line 81, in process_article
    ss = str(tmpbs.select("div.LEFT div.content.clearfix")[0])
             ~~~~~~~~~~~~~~~~~~~~~~~~~~~~~~~~~~~~~~~~~~~~~^^^
IndexError: list index out of range


2024-08-05 06:09:39,275 - INFO - INVALID
恒大汽车：相关附属公司进入破产重整程序
https://new.qq.com/rain/a/20240805A011Z700

2024-08-05 06:09:39,899 - INFO - INVALID
举报教师性骚扰九年后
https://new.qq.com/rain/a/20240805A005LV00

2024-08-05 06:09:40,336 - ERROR - ERROR
37岁小德奥运夺金成就金满贯，这块金牌价值多大？他网球第一人的地位毫无争议了？
https://view.inews.qq.com/a/20240805Q00B1M00
('list index out of range',)
======
Traceback (most recent call last):
  File "/home/runner/work/qqnews/qqnews/qq.py", line 81, in process_article
    ss = str(tmpbs.select("div.LEFT div.content.clearfix")[0])
             ~~~~~~~~~~~~~~~~~~~~~~~~~~~~~~~~~~~~~~~~~~~~~^^^
IndexError: list index out of range


