2025-09-15 00:41:18,157 - INFO - Total time taken: {'ret': 0, 'msg': 'success', 'data': None}
2025-09-15 00:41:18,157 - INFO - 'NoneType' object is not subscriptable
2025-09-15 00:41:18,157 - INFO - Traceback (most recent call last):
  File "/home/runner/work/qqnews/qqnews/qq.py", line 128, in main
    for i in qq1["data"]["list"]:
             ~~~~~~~~~~~^^^^^^^^
TypeError: 'NoneType' object is not subscriptable

2025-09-15 02:22:36,590 - INFO - Total time taken: {'ret': 0, 'msg': 'success', 'data': None}
2025-09-15 02:22:36,590 - INFO - 'NoneType' object is not subscriptable
2025-09-15 02:22:36,590 - INFO - Traceback (most recent call last):
  File "/home/runner/work/qqnews/qqnews/qq.py", line 128, in main
    for i in qq1["data"]["list"]:
             ~~~~~~~~~~~^^^^^^^^
TypeError: 'NoneType' object is not subscriptable

2025-09-15 03:32:48,480 - INFO - Total time taken: {'ret': 0, 'msg': 'success', 'data': None}
2025-09-15 03:32:48,481 - INFO - 'NoneType' object is not subscriptable
2025-09-15 03:32:48,481 - INFO - Traceback (most recent call last):
  File "/home/runner/work/qqnews/qqnews/qq.py", line 128, in main
    for i in qq1["data"]["list"]:
             ~~~~~~~~~~~^^^^^^^^
TypeError: 'NoneType' object is not subscriptable

2025-09-15 04:01:33,826 - INFO - Total time taken: {'ret': 0, 'msg': 'success', 'data': None}
2025-09-15 04:01:33,826 - INFO - 'NoneType' object is not subscriptable
2025-09-15 04:01:33,826 - INFO - Traceback (most recent call last):
  File "/home/runner/work/qqnews/qqnews/qq.py", line 128, in main
    for i in qq1["data"]["list"]:
             ~~~~~~~~~~~^^^^^^^^
TypeError: 'NoneType' object is not subscriptable

2025-09-15 05:01:17,435 - INFO - Total time taken: {'ret': 0, 'msg': 'success', 'data': None}
2025-09-15 05:01:17,435 - INFO - 'NoneType' object is not subscriptable
2025-09-15 05:01:17,435 - INFO - Traceback (most recent call last):
  File "/home/runner/work/qqnews/qqnews/qq.py", line 128, in main
    for i in qq1["data"]["list"]:
             ~~~~~~~~~~~^^^^^^^^
TypeError: 'NoneType' object is not subscriptable

2025-09-15 06:14:06,127 - INFO - Total time taken: {'ret': 0, 'msg': 'success', 'data': None}
2025-09-15 06:14:06,127 - INFO - 'NoneType' object is not subscriptable
2025-09-15 06:14:06,128 - INFO - Traceback (most recent call last):
  File "/home/runner/work/qqnews/qqnews/qq.py", line 128, in main
    for i in qq1["data"]["list"]:
             ~~~~~~~~~~~^^^^^^^^
TypeError: 'NoneType' object is not subscriptable

2025-09-15 07:01:24,821 - INFO - Total time taken: {'ret': 0, 'msg': 'success', 'data': None}
2025-09-15 07:01:24,821 - INFO - 'NoneType' object is not subscriptable
2025-09-15 07:01:24,822 - INFO - Traceback (most recent call last):
  File "/home/runner/work/qqnews/qqnews/qq.py", line 128, in main
    for i in qq1["data"]["list"]:
             ~~~~~~~~~~~^^^^^^^^
TypeError: 'NoneType' object is not subscriptable

2025-09-15 08:01:30,350 - INFO - Total time taken: {'ret': 0, 'msg': 'success', 'data': None}
2025-09-15 08:01:30,350 - INFO - 'NoneType' object is not subscriptable
2025-09-15 08:01:30,350 - INFO - Traceback (most recent call last):
  File "/home/runner/work/qqnews/qqnews/qq.py", line 128, in main
    for i in qq1["data"]["list"]:
             ~~~~~~~~~~~^^^^^^^^
TypeError: 'NoneType' object is not subscriptable

2025-09-15 09:01:15,058 - INFO - Total time taken: {'ret': 0, 'msg': 'success', 'data': None}
2025-09-15 09:01:15,058 - INFO - 'NoneType' object is not subscriptable
2025-09-15 09:01:15,058 - INFO - Traceback (most recent call last):
  File "/home/runner/work/qqnews/qqnews/qq.py", line 128, in main
    for i in qq1["data"]["list"]:
             ~~~~~~~~~~~^^^^^^^^
TypeError: 'NoneType' object is not subscriptable

2025-09-15 10:01:21,767 - INFO - Total time taken: {'ret': 0, 'msg': 'success', 'data': None}
2025-09-15 10:01:21,768 - INFO - 'NoneType' object is not subscriptable
2025-09-15 10:01:21,768 - INFO - Traceback (most recent call last):
  File "/home/runner/work/qqnews/qqnews/qq.py", line 128, in main
    for i in qq1["data"]["list"]:
             ~~~~~~~~~~~^^^^^^^^
TypeError: 'NoneType' object is not subscriptable

2025-09-15 11:01:19,194 - INFO - Total time taken: {'ret': 0, 'msg': 'success', 'data': None}
2025-09-15 11:01:19,195 - INFO - 'NoneType' object is not subscriptable
2025-09-15 11:01:19,195 - INFO - Traceback (most recent call last):
  File "/home/runner/work/qqnews/qqnews/qq.py", line 128, in main
    for i in qq1["data"]["list"]:
             ~~~~~~~~~~~^^^^^^^^
TypeError: 'NoneType' object is not subscriptable

2025-09-15 12:15:45,153 - INFO - Total time taken: {'ret': 0, 'msg': 'success', 'data': None}
2025-09-15 12:15:45,153 - INFO - 'NoneType' object is not subscriptable
2025-09-15 12:15:45,153 - INFO - Traceback (most recent call last):
  File "/home/runner/work/qqnews/qqnews/qq.py", line 128, in main
    for i in qq1["data"]["list"]:
             ~~~~~~~~~~~^^^^^^^^
TypeError: 'NoneType' object is not subscriptable

2025-09-15 13:19:50,194 - INFO - Total time taken: {'ret': 0, 'msg': 'success', 'data': None}
2025-09-15 13:19:50,194 - INFO - 'NoneType' object is not subscriptable
2025-09-15 13:19:50,194 - INFO - Traceback (most recent call last):
  File "/home/runner/work/qqnews/qqnews/qq.py", line 128, in main
    for i in qq1["data"]["list"]:
             ~~~~~~~~~~~^^^^^^^^
TypeError: 'NoneType' object is not subscriptable

2025-09-15 14:01:52,812 - INFO - Total time taken: {'ret': 0, 'msg': 'success', 'data': None}
2025-09-15 14:01:52,813 - INFO - 'NoneType' object is not subscriptable
2025-09-15 14:01:52,813 - INFO - Traceback (most recent call last):
  File "/home/runner/work/qqnews/qqnews/qq.py", line 128, in main
    for i in qq1["data"]["list"]:
             ~~~~~~~~~~~^^^^^^^^
TypeError: 'NoneType' object is not subscriptable

2025-09-15 15:01:32,122 - INFO - Total time taken: {'ret': 0, 'msg': 'success', 'data': None}
2025-09-15 15:01:32,122 - INFO - 'NoneType' object is not subscriptable
2025-09-15 15:01:32,122 - INFO - Traceback (most recent call last):
  File "/home/runner/work/qqnews/qqnews/qq.py", line 128, in main
    for i in qq1["data"]["list"]:
             ~~~~~~~~~~~^^^^^^^^
TypeError: 'NoneType' object is not subscriptable

2025-09-15 16:01:31,420 - INFO - Total time taken: {'ret': 0, 'msg': 'success', 'data': None}
2025-09-15 16:01:31,420 - INFO - 'NoneType' object is not subscriptable
2025-09-15 16:01:31,421 - INFO - Traceback (most recent call last):
  File "/home/runner/work/qqnews/qqnews/qq.py", line 128, in main
    for i in qq1["data"]["list"]:
             ~~~~~~~~~~~^^^^^^^^
TypeError: 'NoneType' object is not subscriptable

2025-09-15 17:01:17,999 - INFO - Total time taken: {'ret': 0, 'msg': 'success', 'data': None}
2025-09-15 17:01:17,999 - INFO - 'NoneType' object is not subscriptable
2025-09-15 17:01:17,999 - INFO - Traceback (most recent call last):
  File "/home/runner/work/qqnews/qqnews/qq.py", line 128, in main
    for i in qq1["data"]["list"]:
             ~~~~~~~~~~~^^^^^^^^
TypeError: 'NoneType' object is not subscriptable

