2025-09-20 00:36:00,184 - INFO - Total time taken: {'ret': 0, 'msg': 'success', 'data': None}
2025-09-20 00:36:00,184 - INFO - 'NoneType' object is not subscriptable
2025-09-20 00:36:00,185 - INFO - Traceback (most recent call last):
  File "/home/runner/work/qqnews/qqnews/qq.py", line 128, in main
    for i in qq1["data"]["list"]:
             ~~~~~~~~~~~^^^^^^^^
TypeError: 'NoneType' object is not subscriptable

2025-09-20 02:10:56,126 - INFO - Total time taken: {'ret': 0, 'msg': 'success', 'data': None}
2025-09-20 02:10:56,127 - INFO - 'NoneType' object is not subscriptable
2025-09-20 02:10:56,127 - INFO - Traceback (most recent call last):
  File "/home/runner/work/qqnews/qqnews/qq.py", line 128, in main
    for i in qq1["data"]["list"]:
             ~~~~~~~~~~~^^^^^^^^
TypeError: 'NoneType' object is not subscriptable

2025-09-20 03:19:48,999 - INFO - Total time taken: {'ret': 0, 'msg': 'success', 'data': None}
2025-09-20 03:19:48,999 - INFO - 'NoneType' object is not subscriptable
2025-09-20 03:19:49,000 - INFO - Traceback (most recent call last):
  File "/home/runner/work/qqnews/qqnews/qq.py", line 128, in main
    for i in qq1["data"]["list"]:
             ~~~~~~~~~~~^^^^^^^^
TypeError: 'NoneType' object is not subscriptable

2025-09-20 04:01:32,188 - INFO - Total time taken: {'ret': 0, 'msg': 'success', 'data': None}
2025-09-20 04:01:32,188 - INFO - 'NoneType' object is not subscriptable
2025-09-20 04:01:32,188 - INFO - Traceback (most recent call last):
  File "/home/runner/work/qqnews/qqnews/qq.py", line 128, in main
    for i in qq1["data"]["list"]:
             ~~~~~~~~~~~^^^^^^^^
TypeError: 'NoneType' object is not subscriptable

2025-09-20 05:01:23,725 - INFO - Total time taken: {'ret': 0, 'msg': 'success', 'data': None}
2025-09-20 05:01:23,725 - INFO - 'NoneType' object is not subscriptable
2025-09-20 05:01:23,725 - INFO - Traceback (most recent call last):
  File "/home/runner/work/qqnews/qqnews/qq.py", line 128, in main
    for i in qq1["data"]["list"]:
             ~~~~~~~~~~~^^^^^^^^
TypeError: 'NoneType' object is not subscriptable

2025-09-20 06:01:18,164 - INFO - Total time taken: {'ret': 0, 'msg': 'success', 'data': None}
2025-09-20 06:01:18,164 - INFO - 'NoneType' object is not subscriptable
2025-09-20 06:01:18,164 - INFO - Traceback (most recent call last):
  File "/home/runner/work/qqnews/qqnews/qq.py", line 128, in main
    for i in qq1["data"]["list"]:
             ~~~~~~~~~~~^^^^^^^^
TypeError: 'NoneType' object is not subscriptable

2025-09-20 07:01:13,519 - INFO - Total time taken: {'ret': 0, 'msg': 'success', 'data': None}
2025-09-20 07:01:13,519 - INFO - 'NoneType' object is not subscriptable
2025-09-20 07:01:13,520 - INFO - Traceback (most recent call last):
  File "/home/runner/work/qqnews/qqnews/qq.py", line 128, in main
    for i in qq1["data"]["list"]:
             ~~~~~~~~~~~^^^^^^^^
TypeError: 'NoneType' object is not subscriptable

2025-09-20 08:01:23,795 - INFO - Total time taken: {'ret': 0, 'msg': 'success', 'data': None}
2025-09-20 08:01:23,795 - INFO - 'NoneType' object is not subscriptable
2025-09-20 08:01:23,795 - INFO - Traceback (most recent call last):
  File "/home/runner/work/qqnews/qqnews/qq.py", line 128, in main
    for i in qq1["data"]["list"]:
             ~~~~~~~~~~~^^^^^^^^
TypeError: 'NoneType' object is not subscriptable

2025-09-20 09:01:15,495 - INFO - Total time taken: {'ret': 0, 'msg': 'success', 'data': None}
2025-09-20 09:01:15,496 - INFO - 'NoneType' object is not subscriptable
2025-09-20 09:01:15,496 - INFO - Traceback (most recent call last):
  File "/home/runner/work/qqnews/qqnews/qq.py", line 128, in main
    for i in qq1["data"]["list"]:
             ~~~~~~~~~~~^^^^^^^^
TypeError: 'NoneType' object is not subscriptable

2025-09-20 10:01:31,033 - INFO - Total time taken: {'ret': 0, 'msg': 'success', 'data': None}
2025-09-20 10:01:31,033 - INFO - 'NoneType' object is not subscriptable
2025-09-20 10:01:31,033 - INFO - Traceback (most recent call last):
  File "/home/runner/work/qqnews/qqnews/qq.py", line 128, in main
    for i in qq1["data"]["list"]:
             ~~~~~~~~~~~^^^^^^^^
TypeError: 'NoneType' object is not subscriptable

2025-09-20 11:01:25,840 - INFO - Total time taken: {'ret': 0, 'msg': 'success', 'data': None}
2025-09-20 11:01:25,840 - INFO - 'NoneType' object is not subscriptable
2025-09-20 11:01:25,840 - INFO - Traceback (most recent call last):
  File "/home/runner/work/qqnews/qqnews/qq.py", line 128, in main
    for i in qq1["data"]["list"]:
             ~~~~~~~~~~~^^^^^^^^
TypeError: 'NoneType' object is not subscriptable

2025-09-20 12:13:26,664 - INFO - Total time taken: {'ret': 0, 'msg': 'success', 'data': None}
2025-09-20 12:13:26,665 - INFO - 'NoneType' object is not subscriptable
2025-09-20 12:13:26,665 - INFO - Traceback (most recent call last):
  File "/home/runner/work/qqnews/qqnews/qq.py", line 128, in main
    for i in qq1["data"]["list"]:
             ~~~~~~~~~~~^^^^^^^^
TypeError: 'NoneType' object is not subscriptable

2025-09-20 13:14:19,254 - INFO - Total time taken: {'ret': 0, 'msg': 'success', 'data': None}
2025-09-20 13:14:19,255 - INFO - 'NoneType' object is not subscriptable
2025-09-20 13:14:19,255 - INFO - Traceback (most recent call last):
  File "/home/runner/work/qqnews/qqnews/qq.py", line 128, in main
    for i in qq1["data"]["list"]:
             ~~~~~~~~~~~^^^^^^^^
TypeError: 'NoneType' object is not subscriptable

2025-09-20 14:01:21,438 - INFO - Total time taken: {'ret': 0, 'msg': 'success', 'data': None}
2025-09-20 14:01:21,438 - INFO - 'NoneType' object is not subscriptable
2025-09-20 14:01:21,439 - INFO - Traceback (most recent call last):
  File "/home/runner/work/qqnews/qqnews/qq.py", line 128, in main
    for i in qq1["data"]["list"]:
             ~~~~~~~~~~~^^^^^^^^
TypeError: 'NoneType' object is not subscriptable

2025-09-20 15:01:26,628 - INFO - Total time taken: {'ret': 0, 'msg': 'success', 'data': None}
2025-09-20 15:01:26,628 - INFO - 'NoneType' object is not subscriptable
2025-09-20 15:01:26,629 - INFO - Traceback (most recent call last):
  File "/home/runner/work/qqnews/qqnews/qq.py", line 128, in main
    for i in qq1["data"]["list"]:
             ~~~~~~~~~~~^^^^^^^^
TypeError: 'NoneType' object is not subscriptable

2025-09-20 16:01:12,536 - INFO - Total time taken: {'ret': 0, 'msg': 'success', 'data': None}
2025-09-20 16:01:12,536 - INFO - 'NoneType' object is not subscriptable
2025-09-20 16:01:12,536 - INFO - Traceback (most recent call last):
  File "/home/runner/work/qqnews/qqnews/qq.py", line 128, in main
    for i in qq1["data"]["list"]:
             ~~~~~~~~~~~^^^^^^^^
TypeError: 'NoneType' object is not subscriptable

2025-09-20 17:00:57,955 - INFO - Total time taken: {'ret': 0, 'msg': 'success', 'data': None}
2025-09-20 17:00:57,955 - INFO - 'NoneType' object is not subscriptable
2025-09-20 17:00:57,955 - INFO - Traceback (most recent call last):
  File "/home/runner/work/qqnews/qqnews/qq.py", line 128, in main
    for i in qq1["data"]["list"]:
             ~~~~~~~~~~~^^^^^^^^
TypeError: 'NoneType' object is not subscriptable

