2025-09-10 00:38:03,023 - INFO - Total time taken: {'ret': 0, 'msg': 'success', 'data': None}
2025-09-10 00:38:03,023 - INFO - 'NoneType' object is not subscriptable
2025-09-10 00:38:03,023 - INFO - Traceback (most recent call last):
  File "/home/runner/work/qqnews/qqnews/qq.py", line 128, in main
    for i in qq1["data"]["list"]:
             ~~~~~~~~~~~^^^^^^^^
TypeError: 'NoneType' object is not subscriptable

2025-09-10 02:12:44,849 - INFO - Total time taken: {'ret': 0, 'msg': 'success', 'data': None}
2025-09-10 02:12:44,850 - INFO - 'NoneType' object is not subscriptable
2025-09-10 02:12:44,850 - INFO - Traceback (most recent call last):
  File "/home/runner/work/qqnews/qqnews/qq.py", line 128, in main
    for i in qq1["data"]["list"]:
             ~~~~~~~~~~~^^^^^^^^
TypeError: 'NoneType' object is not subscriptable

2025-09-10 03:19:24,653 - INFO - Total time taken: {'ret': 0, 'msg': 'success', 'data': None}
2025-09-10 03:19:24,653 - INFO - 'NoneType' object is not subscriptable
2025-09-10 03:19:24,654 - INFO - Traceback (most recent call last):
  File "/home/runner/work/qqnews/qqnews/qq.py", line 128, in main
    for i in qq1["data"]["list"]:
             ~~~~~~~~~~~^^^^^^^^
TypeError: 'NoneType' object is not subscriptable

2025-09-10 04:01:35,825 - INFO - Total time taken: {'ret': 0, 'msg': 'success', 'data': None}
2025-09-10 04:01:35,826 - INFO - 'NoneType' object is not subscriptable
2025-09-10 04:01:35,826 - INFO - Traceback (most recent call last):
  File "/home/runner/work/qqnews/qqnews/qq.py", line 128, in main
    for i in qq1["data"]["list"]:
             ~~~~~~~~~~~^^^^^^^^
TypeError: 'NoneType' object is not subscriptable

2025-09-10 05:01:30,346 - INFO - Total time taken: {'ret': 0, 'msg': 'success', 'data': None}
2025-09-10 05:01:30,346 - INFO - 'NoneType' object is not subscriptable
2025-09-10 05:01:30,347 - INFO - Traceback (most recent call last):
  File "/home/runner/work/qqnews/qqnews/qq.py", line 128, in main
    for i in qq1["data"]["list"]:
             ~~~~~~~~~~~^^^^^^^^
TypeError: 'NoneType' object is not subscriptable

2025-09-10 06:01:21,411 - INFO - Total time taken: {'ret': 0, 'msg': 'success', 'data': None}
2025-09-10 06:01:21,411 - INFO - 'NoneType' object is not subscriptable
2025-09-10 06:01:21,412 - INFO - Traceback (most recent call last):
  File "/home/runner/work/qqnews/qqnews/qq.py", line 128, in main
    for i in qq1["data"]["list"]:
             ~~~~~~~~~~~^^^^^^^^
TypeError: 'NoneType' object is not subscriptable

2025-09-10 07:01:22,056 - INFO - Total time taken: {'ret': 0, 'msg': 'success', 'data': None}
2025-09-10 07:01:22,057 - INFO - 'NoneType' object is not subscriptable
2025-09-10 07:01:22,057 - INFO - Traceback (most recent call last):
  File "/home/runner/work/qqnews/qqnews/qq.py", line 128, in main
    for i in qq1["data"]["list"]:
             ~~~~~~~~~~~^^^^^^^^
TypeError: 'NoneType' object is not subscriptable

2025-09-10 08:01:37,718 - INFO - Total time taken: {'ret': 0, 'msg': 'success', 'data': None}
2025-09-10 08:01:37,718 - INFO - 'NoneType' object is not subscriptable
2025-09-10 08:01:37,719 - INFO - Traceback (most recent call last):
  File "/home/runner/work/qqnews/qqnews/qq.py", line 128, in main
    for i in qq1["data"]["list"]:
             ~~~~~~~~~~~^^^^^^^^
TypeError: 'NoneType' object is not subscriptable

2025-09-10 09:01:26,740 - INFO - Total time taken: {'ret': 0, 'msg': 'success', 'data': None}
2025-09-10 09:01:26,740 - INFO - 'NoneType' object is not subscriptable
2025-09-10 09:01:26,740 - INFO - Traceback (most recent call last):
  File "/home/runner/work/qqnews/qqnews/qq.py", line 128, in main
    for i in qq1["data"]["list"]:
             ~~~~~~~~~~~^^^^^^^^
TypeError: 'NoneType' object is not subscriptable

2025-09-10 10:01:15,124 - INFO - Total time taken: {'ret': 0, 'msg': 'success', 'data': None}
2025-09-10 10:01:15,124 - INFO - 'NoneType' object is not subscriptable
2025-09-10 10:01:15,125 - INFO - Traceback (most recent call last):
  File "/home/runner/work/qqnews/qqnews/qq.py", line 128, in main
    for i in qq1["data"]["list"]:
             ~~~~~~~~~~~^^^^^^^^
TypeError: 'NoneType' object is not subscriptable

2025-09-10 11:01:19,996 - INFO - Total time taken: {'ret': 0, 'msg': 'success', 'data': None}
2025-09-10 11:01:19,996 - INFO - 'NoneType' object is not subscriptable
2025-09-10 11:01:19,996 - INFO - Traceback (most recent call last):
  File "/home/runner/work/qqnews/qqnews/qq.py", line 128, in main
    for i in qq1["data"]["list"]:
             ~~~~~~~~~~~^^^^^^^^
TypeError: 'NoneType' object is not subscriptable

2025-09-10 12:14:52,864 - INFO - Total time taken: {'ret': 0, 'msg': 'success', 'data': None}
2025-09-10 12:14:52,864 - INFO - 'NoneType' object is not subscriptable
2025-09-10 12:14:52,865 - INFO - Traceback (most recent call last):
  File "/home/runner/work/qqnews/qqnews/qq.py", line 128, in main
    for i in qq1["data"]["list"]:
             ~~~~~~~~~~~^^^^^^^^
TypeError: 'NoneType' object is not subscriptable

2025-09-10 13:18:15,892 - INFO - Total time taken: {'ret': 0, 'msg': 'success', 'data': None}
2025-09-10 13:18:15,892 - INFO - 'NoneType' object is not subscriptable
2025-09-10 13:18:15,893 - INFO - Traceback (most recent call last):
  File "/home/runner/work/qqnews/qqnews/qq.py", line 128, in main
    for i in qq1["data"]["list"]:
             ~~~~~~~~~~~^^^^^^^^
TypeError: 'NoneType' object is not subscriptable

2025-09-10 14:01:27,511 - INFO - Total time taken: {'ret': 0, 'msg': 'success', 'data': None}
2025-09-10 14:01:27,511 - INFO - 'NoneType' object is not subscriptable
2025-09-10 14:01:27,512 - INFO - Traceback (most recent call last):
  File "/home/runner/work/qqnews/qqnews/qq.py", line 128, in main
    for i in qq1["data"]["list"]:
             ~~~~~~~~~~~^^^^^^^^
TypeError: 'NoneType' object is not subscriptable

2025-09-10 15:01:34,747 - INFO - Total time taken: {'ret': 0, 'msg': 'success', 'data': None}
2025-09-10 15:01:34,747 - INFO - 'NoneType' object is not subscriptable
2025-09-10 15:01:34,747 - INFO - Traceback (most recent call last):
  File "/home/runner/work/qqnews/qqnews/qq.py", line 128, in main
    for i in qq1["data"]["list"]:
             ~~~~~~~~~~~^^^^^^^^
TypeError: 'NoneType' object is not subscriptable

2025-09-10 16:01:30,613 - INFO - Total time taken: {'ret': 0, 'msg': 'success', 'data': None}
2025-09-10 16:01:30,613 - INFO - 'NoneType' object is not subscriptable
2025-09-10 16:01:30,614 - INFO - Traceback (most recent call last):
  File "/home/runner/work/qqnews/qqnews/qq.py", line 128, in main
    for i in qq1["data"]["list"]:
             ~~~~~~~~~~~^^^^^^^^
TypeError: 'NoneType' object is not subscriptable

2025-09-10 17:01:24,533 - INFO - Total time taken: {'ret': 0, 'msg': 'success', 'data': None}
2025-09-10 17:01:24,534 - INFO - 'NoneType' object is not subscriptable
2025-09-10 17:01:24,534 - INFO - Traceback (most recent call last):
  File "/home/runner/work/qqnews/qqnews/qq.py", line 128, in main
    for i in qq1["data"]["list"]:
             ~~~~~~~~~~~^^^^^^^^
TypeError: 'NoneType' object is not subscriptable

2025-09-10 18:01:31,126 - INFO - Total time taken: {'ret': 0, 'msg': 'success', 'data': None}
2025-09-10 18:01:31,126 - INFO - 'NoneType' object is not subscriptable
2025-09-10 18:01:31,126 - INFO - Traceback (most recent call last):
  File "/home/runner/work/qqnews/qqnews/qq.py", line 128, in main
    for i in qq1["data"]["list"]:
             ~~~~~~~~~~~^^^^^^^^
TypeError: 'NoneType' object is not subscriptable

2025-09-10 19:01:28,669 - INFO - Total time taken: {'ret': 0, 'msg': 'success', 'data': None}
2025-09-10 19:01:28,669 - INFO - 'NoneType' object is not subscriptable
2025-09-10 19:01:28,670 - INFO - Traceback (most recent call last):
  File "/home/runner/work/qqnews/qqnews/qq.py", line 128, in main
    for i in qq1["data"]["list"]:
             ~~~~~~~~~~~^^^^^^^^
TypeError: 'NoneType' object is not subscriptable

2025-09-10 20:01:27,385 - INFO - Total time taken: {'ret': 0, 'msg': 'success', 'data': None}
2025-09-10 20:01:27,386 - INFO - 'NoneType' object is not subscriptable
2025-09-10 20:01:27,386 - INFO - Traceback (most recent call last):
  File "/home/runner/work/qqnews/qqnews/qq.py", line 128, in main
    for i in qq1["data"]["list"]:
             ~~~~~~~~~~~^^^^^^^^
TypeError: 'NoneType' object is not subscriptable

2025-09-10 21:01:29,716 - INFO - Total time taken: {'ret': 0, 'msg': 'success', 'data': None}
2025-09-10 21:01:29,716 - INFO - 'NoneType' object is not subscriptable
2025-09-10 21:01:29,717 - INFO - Traceback (most recent call last):
  File "/home/runner/work/qqnews/qqnews/qq.py", line 128, in main
    for i in qq1["data"]["list"]:
             ~~~~~~~~~~~^^^^^^^^
TypeError: 'NoneType' object is not subscriptable

