2026-02-04 00:53:26,740 - INFO - Total time taken: {'ret': 0, 'msg': 'success', 'data': None}
2026-02-04 00:53:26,740 - INFO - 'NoneType' object is not subscriptable
2026-02-04 00:53:26,740 - INFO - Traceback (most recent call last):
  File "/home/runner/work/qqnews/qqnews/qq.py", line 128, in main
    for i in qq1["data"]["list"]:
             ~~~~~~~~~~~^^^^^^^^
TypeError: 'NoneType' object is not subscriptable

2026-02-04 03:24:26,755 - INFO - Total time taken: {'ret': 0, 'msg': 'success', 'data': None}
2026-02-04 03:24:26,755 - INFO - 'NoneType' object is not subscriptable
2026-02-04 03:24:26,755 - INFO - Traceback (most recent call last):
  File "/home/runner/work/qqnews/qqnews/qq.py", line 128, in main
    for i in qq1["data"]["list"]:
             ~~~~~~~~~~~^^^^^^^^
TypeError: 'NoneType' object is not subscriptable

2026-02-04 05:02:42,390 - INFO - Total time taken: {'ret': 0, 'msg': 'success', 'data': None}
2026-02-04 05:02:42,390 - INFO - 'NoneType' object is not subscriptable
2026-02-04 05:02:42,391 - INFO - Traceback (most recent call last):
  File "/home/runner/work/qqnews/qqnews/qq.py", line 128, in main
    for i in qq1["data"]["list"]:
             ~~~~~~~~~~~^^^^^^^^
TypeError: 'NoneType' object is not subscriptable

