2024-11-04 00:36:33,802 - INFO - EXPIRED
西班牙国王视察洪灾，遭民众包围怒骂、掷泥巴
https://new.qq.com/rain/a/20241103A06VPW00

2024-11-04 00:36:33,802 - INFO - EXPIRED
杭州马拉松选手跑错路线，冠军变亚军痛失21万奖金，没提前熟悉路线吗？
https://view.inews.qq.com/a/20241103Q050G100

2024-11-04 00:36:33,802 - INFO - EXPIRED
重庆市气象局一拟录人员被质疑“水硕”和“萝卜招录”，官方回应
https://new.qq.com/rain/a/20241103A03O7V00

2024-11-04 00:36:33,802 - INFO - EXPIRED
西班牙洪灾中国公民2死2失联，家属：洪水裹挟着大货车把妈妈撞倒冲走
https://new.qq.com/rain/a/20241103V06DR500

2024-11-04 00:36:33,802 - INFO - EXPIRED
山东一烈士墓碑被绑在电线杆上？乡政府：系亲属移动，已移至烈士陵园
https://new.qq.com/rain/a/20241103A06XCZ00

2024-11-04 00:36:33,802 - INFO - EXPIRED
数千郑州大学生骑单车“夜奔”开封：车队绵延数十公里 多景点免票
https://new.qq.com/rain/a/20241103A05VTP00

2024-11-04 00:36:33,802 - INFO - EXPIRED
三国重臣张昭墓在南京找到了
https://new.qq.com/rain/a/20241103A069YS00

2024-11-04 00:36:33,803 - INFO - EXPIRED
广西南宁宾阳县房屋倒塌搜救工作结束，共5人遇难
https://new.qq.com/rain/a/20241103A06ZFM00

2024-11-04 00:36:33,803 - INFO - EXPIRED
四川16岁少年疑被骗往缅北，父亲称网友让他去“背货赚钱”，警方介入
https://new.qq.com/rain/a/20241103A05XAT00

2024-11-04 00:36:33,803 - INFO - EXPIRED
网友反映秋季蒿草花粉浓度高致过敏、影响健康，兰州：已开展排查清理
https://new.qq.com/rain/a/20241103A0616500

2024-11-04 00:36:33,803 - INFO - EXPIRED
民企老板向国企追讨1600万补偿款期间，被以涉嫌非法采矿罪提起公诉
https://new.qq.com/rain/a/20241103A063Y900

2024-11-04 00:36:33,803 - INFO - EXPIRED
湖南湘潭实业女老板，身家飚上600亿
https://new.qq.com/rain/a/20241103A06EJ100

2024-11-04 00:36:33,803 - INFO - EXPIRED
无需开颅手术！贝索斯与比尔·盖茨押注的脑机接口公司要挑战马斯克
https://new.qq.com/rain/a/20241103A06YUV00

2024-11-04 00:36:33,803 - INFO - EXPIRED
“像老鼠一样被围困”，西班牙遭遇世纪洪灾背后：天灾还是人祸
https://new.qq.com/rain/a/20241103A03LNK00

2024-11-04 00:36:33,803 - INFO - EXPIRED
香港一珠宝店价值百万港元首饰遭窃，窃贼逃走！警方称在追捕
https://new.qq.com/rain/a/20241103A05QPE00

2024-11-04 00:36:33,803 - INFO - EXPIRED
“烧伤妈妈”能够动手指，哭着说想回家，丈夫：不想利用亲人伤痛牟利，暂时不卖货
https://new.qq.com/rain/a/20241103A04JZ400

2024-11-04 00:36:33,803 - INFO - EXPIRED
太阳物理教科书恐要改写，云南天文台发现太阳内冕竟存在暗冷物质，如何理解？
https://view.inews.qq.com/a/20241103Q04ECE00

2024-11-04 00:36:33,803 - INFO - EXPIRED
成都育龄女性调查：一孩母亲对生育支持政策的作用缺乏认可
https://new.qq.com/rain/a/20241103A069SW00

2024-11-04 00:36:33,803 - INFO - EXPIRED
首次！隐形战机苏-57到中国了
https://new.qq.com/rain/a/20241103A0500V00

2024-11-04 00:36:33,803 - INFO - EXPIRED
19岁女中专生拿下世界大赛冠军，这冠军含金量有多高？找工作会更容易吗？
https://view.inews.qq.com/a/20241102Q07AZH00

2024-11-04 00:36:33,803 - INFO - EXPIRED
第二批12只中证A500ETF齐齐官宣，11月5日正式发行
https://new.qq.com/rain/a/20241103A06F6300

2024-11-04 00:36:33,803 - INFO - EXPIRED
老人反映村干部“有问题”多年，被控诬告获缓刑，二审法院发回重审
https://new.qq.com/rain/a/20241103A064Z800

2024-11-04 00:36:33,803 - INFO - EXPIRED
3252亿美元！伯克希尔现金储备创纪录，巴菲特为何狂抛苹果、美银
https://new.qq.com/rain/a/20241103A05OEC00

2024-11-04 00:36:33,803 - INFO - EXPIRED
增速倒数，这座一线城市怎么了
https://new.qq.com/rain/a/20241103A03PGD00

2024-11-04 00:36:33,803 - INFO - EXPIRED
已进驻7家单位 二十届中央第四轮巡视陆续进驻
https://new.qq.com/rain/a/20241103A05NM900

2024-11-04 00:36:33,803 - INFO - EXPIRED
台媒：刘德华台北演唱的《中国人》，词曲作者都来自台湾
https://new.qq.com/rain/a/20241103A03QGD00

2024-11-04 00:36:33,803 - INFO - EXPIRED
王心凌工作室回应“王心凌提前退场、没有唱满四首歌”：均按合约签订演唱数量，且演出时确保按照合约内容执行
https://new.qq.com/rain/a/20241103A05PBD00

2024-11-04 00:36:33,803 - INFO - EXPIRED
长沙一辆SUV突然冲向行人致多人受伤 亲历者：有儿童被撞倒
https://new.qq.com/rain/a/20241103A0528F00

2024-11-04 00:36:33,803 - INFO - EXPIRED
“南宁凌晨按摩场所实名登记”施行第二日：有门店未被通知，警方回应
https://new.qq.com/rain/a/20241102A07RQT00

2024-11-04 00:36:33,803 - INFO - EXPIRED
武汉一中学外商铺老板将家长捅伤？区政府人员：家长已脱离生命危险
https://new.qq.com/rain/a/20241103A05MUT00

2024-11-04 00:36:33,803 - INFO - EXPIRED
最新AI年度报告发布：预测人形机器人热度将下降，英伟达维持霸主地位
https://new.qq.com/rain/a/20241103A03FRS00

2024-11-04 00:36:33,803 - INFO - EXPIRED
食堂疑售过期食品，广州大学回应：初查属实，将追责
https://new.qq.com/rain/a/20241103A054L000

2024-11-04 00:36:33,803 - INFO - EXPIRED
冲刺阶段误解工作人员引导：杭州马拉松冠军变亚军 痛失21万奖金 
https://new.qq.com/rain/a/20241103A03NFH00

2024-11-04 00:36:33,803 - INFO - EXPIRED
男子拘禁女子5年强奸生女，知情人：他曾用迷信看病致人死亡被判1年半
https://new.qq.com/rain/a/20241103A03NP800

2024-11-04 00:36:33,803 - INFO - EXPIRED
骑手称送餐时坐电梯被收费，上下1元顾客出，这合理吗？顾客会愿意吗？
https://view.inews.qq.com/a/20241102Q07P9G00

2024-11-04 00:36:33,803 - INFO - EXPIRED
私人影院肢体接触明码标价？成都警方通报：经营者张某某被抓
https://new.qq.com/rain/a/20241103A03XNW00

2024-11-04 00:36:33,803 - INFO - EXPIRED
内蒙古扎赉特旗辖区发生一起重大刑案，犯罪嫌疑人已到案
https://new.qq.com/rain/a/20241103A04JSL00

2024-11-04 00:36:33,803 - INFO - EXPIRED
重庆18岁少年“蝉联”阿里巴巴全球数学竞赛金奖
https://new.qq.com/rain/a/20241103A03E1000

2024-11-04 00:36:33,803 - INFO - EXPIRED
私营单位工资大透视：青海和西藏增速最快，海南增速最慢
https://new.qq.com/rain/a/20241103A045MD00

2024-11-04 00:36:33,803 - INFO - EXPIRED
女子称卖一块40万手表后银行卡被冻结，丈夫也因涉诈被定为网逃
https://new.qq.com/rain/a/20241102V04VS200

2024-11-04 00:36:33,803 - INFO - EXPIRED
野猪居民区内狂奔冲撞，女子为保护邻居小孩被撞倒，监控曝光
https://new.qq.com/rain/a/20241103V03HEF00

2024-11-04 00:36:33,803 - INFO - EXPIRED
“带货之王”贾乃亮团队被美邦老板点名：花了几百万，效果非常一般
https://new.qq.com/rain/a/20241103A034S100

2024-11-04 00:36:33,803 - INFO - EXPIRED
冷冷冷！强冷空气今天到货，局地降温12摄氏度
https://new.qq.com/rain/a/20241103A01WFG00

2024-11-04 00:36:33,803 - INFO - EXPIRED
飞天茅台电商价格跌破2000元
https://new.qq.com/rain/a/20241103A03N6800

2024-11-04 00:36:33,803 - INFO - EXPIRED
中科院武汉病毒研究所研究员石正丽已于今年5月加盟广州实验室
https://new.qq.com/rain/a/20241103A02OCS00

2024-11-04 00:36:33,803 - INFO - EXPIRED
误会还是真有其事？国内百亿私募被指偷窃策略，已遭跨洋起诉
https://new.qq.com/rain/a/20241103A01WMG00

2024-11-04 00:36:33,803 - INFO - EXPIRED
今年前三季度全国结婚登记474.7万对，同比减少94.3万对
https://new.qq.com/rain/a/20241103A0246F00

2024-11-04 00:36:33,803 - INFO - EXPIRED
张惠建，被开除党籍
https://new.qq.com/rain/a/20241103A02URQ00

2024-11-04 00:36:33,803 - INFO - EXPIRED
哈里斯为何要冒风险参加国民综艺节目《周六夜现场》？这时候上直播算是“赌博”吗？
https://view.inews.qq.com/a/20241103Q02D8200

2024-11-04 00:36:33,803 - INFO - EXPIRED
阿里巴巴全球数学竞赛组委会发布2024阿里巴巴全球数学竞赛有关情况说明
https://new.qq.com/rain/a/20241103A02DWV00

2024-11-04 00:36:33,803 - INFO - EXPIRED
乌军总司令称乌军正抵御俄军最强大一轮攻势，有多强？顶得住吗？
https://view.inews.qq.com/a/20241103Q01GLD00

2024-11-04 00:36:33,803 - INFO - EXPIRED
公安部：机动车行驶证电子化11月4日起分三批推广应用
https://new.qq.com/rain/a/20241103A034AA00

2024-11-04 00:36:33,803 - INFO - EXPIRED
台媒：柯文哲被裁定延长羁押，有人发现其“收贿罪”罪名“消失”
https://new.qq.com/rain/a/20241103A031N600

2024-11-04 00:36:33,803 - INFO - EXPIRED
四川蓬安一中学多名学生呕吐腹泻？专家分析：可能是群体性癔症
https://new.qq.com/rain/a/20241103A02RFG00

2024-11-04 00:36:33,803 - INFO - EXPIRED
馊面条霉豆皮，员工曝广州大学食堂用过期食材：我跟领导反映后被开除
https://new.qq.com/rain/a/20241103V021XZ00

2024-11-04 00:36:33,803 - INFO - EXPIRED
寻亲走红的外卖小哥与家人决裂，称带货分钱不均，谁问题更大？亲人为钱争斗有多狠？
https://view.inews.qq.com/a/20241102Q06S8V00

2024-11-04 00:36:33,803 - INFO - EXPIRED
江苏省涟水中等专业学校：给予王某某诫勉谈话处理，取消本年度评先评优资格
https://new.qq.com/rain/a/20241103A02FN400

2024-11-04 00:36:33,803 - INFO - EXPIRED
西班牙4名业界大佬在洪灾中失联，或将影响该国多个行业
https://new.qq.com/rain/a/20241102A05TUU00

2024-11-04 00:36:33,803 - INFO - EXPIRED
郑钦文年终总决赛输球对萨巴伦卡5连败，她何时能翻过这座大山？小组出线前景如何？
https://view.inews.qq.com/a/20241103Q00FB500

2024-11-04 00:36:33,803 - INFO - EXPIRED
​时隔36年患病女子坐轮椅回重庆认亲 当地：以说媒为由被拐卖至湖南
https://new.qq.com/rain/a/20241102A07SQH00

2024-11-04 00:36:33,804 - INFO - EXPIRED
大雾黄色预警！8省区市有大雾 北京河北等局地能见度不足200米
https://new.qq.com/rain/a/20241103A019WW00

2024-11-04 00:36:33,804 - INFO - EXPIRED
2.32万亿元，伯克希尔现金储备创历史新高，巴菲特减持股票有什么信号
https://new.qq.com/rain/a/20241102A07CW200

2024-11-04 00:36:33,804 - INFO - EXPIRED
三季度中东主权基金大笔买入中国资产，沙特交易所迎来中国资产ETF
https://new.qq.com/rain/a/20241102A049KV00

2024-11-04 00:36:33,804 - INFO - EXPIRED
湖北一女社区书记遭摊贩刺死：小吃街提档升级，固定摊位“一摊难求”
https://new.qq.com/rain/a/20241103A01JV800

2024-11-04 00:36:33,804 - INFO - EXPIRED
我国发现巨型锰矿，储量有望超2亿吨，锰有哪些用途？这些能使用多少年？
https://view.inews.qq.com/a/20241102Q07R1100

2024-11-04 00:36:33,804 - INFO - EXPIRED
履新浙江省委书记后的首次调研，王浩前往嘉兴南湖红船等地学习
https://new.qq.com/rain/a/20241102A07P9S00

2024-11-04 00:36:33,804 - INFO - EXPIRED
甘肃定西一驻村干部“挪用”低保户4.8万贷款：双方发生冲突，村民称被打骨折
https://new.qq.com/rain/a/20241102A07QGF00

2024-11-04 00:36:33,804 - INFO - EXPIRED
中科院专家回应“美方申请研究月壤未获批准”：由于众所周知的原因
https://new.qq.com/rain/a/20241102A04SDT00

2024-11-04 00:36:33,804 - INFO - EXPIRED
不到20元，国贸打工人，挤满写字楼B1吃午饭
https://new.qq.com/rain/a/20241101A05XMH00

2024-11-04 00:36:33,804 - INFO - EXPIRED
搜出51公斤黄金，印尼抓捕万亿巨贪
https://new.qq.com/rain/a/20241102A05SNK00

2024-11-04 00:36:33,804 - INFO - EXPIRED
西班牙洪灾致2名中国公民遇难2人失联
https://new.qq.com/rain/a/20241103A00QDG00

2024-11-04 00:36:33,804 - INFO - EXPIRED
福建4名干部被评定为烈士
https://new.qq.com/rain/a/20241102A074WF00

2024-11-04 00:36:33,804 - INFO - EXPIRED
很多学生在学校食堂吃饭后呕吐腹泻？四川蓬安县教体局通报
https://new.qq.com/rain/a/20241102A07EYK00

2024-11-04 00:36:33,804 - INFO - EXPIRED
山东兰陵县一铁矿发生事故 已造成3人死亡4人被困
https://new.qq.com/rain/a/20241102A07O7Q00

2024-11-04 00:36:33,804 - INFO - EXPIRED
湖南“村民违建2000平房屋”处理情况被披露：镇长等十多名干部受处分
https://new.qq.com/rain/a/20241102A06XGS00

2024-11-04 00:36:33,804 - INFO - EXPIRED
杭州数十名登山者闯私人别墅泳池洗鞋，房主：主办方仍未公开道歉
https://new.qq.com/rain/a/20241102A05C0U00

2024-11-04 00:36:33,804 - INFO - EXPIRED
伯克希尔三季度总营收929.95亿美元，巴菲特狂卖苹果1亿股
https://new.qq.com/rain/a/20241102A07E4B00

2024-11-04 00:36:33,804 - INFO - EXPIRED
二十届中央第四轮巡视开始进驻
https://new.qq.com/rain/a/20241102A06IHV00

2024-11-04 00:36:33,804 - INFO - EXPIRED
杭州一男子花30元理发结果消费2万多？官方：涉事门店被立案调查
https://new.qq.com/rain/a/20241102A062E400

2024-11-04 00:36:33,804 - INFO - EXPIRED
任弼时二女儿任远征逝世，享年89岁
https://new.qq.com/rain/a/20241102A0645R00

2024-11-04 00:36:33,804 - INFO - EXPIRED
上海海港蝉联中超冠军，武磊本赛季进34球，在中超比在国足进球更容易吗？
https://view.inews.qq.com/a/20241102Q06EUL00

2024-11-04 00:36:33,804 - INFO - EXPIRED
刘德华在台演唱《中国人》，绿营政客称“没听过”，被讽酸葡萄心理
https://new.qq.com/rain/a/20241102A03PYN00

2024-11-04 00:36:33,804 - INFO - EXPIRED
“死亡游戏”流行校园，医生提醒严重可窒息致死，多地发出通知提醒
https://new.qq.com/rain/a/20241102A04W5I00

2024-11-04 00:36:33,804 - INFO - EXPIRED
俄朝外长莫斯科会谈，朝鲜外务相：“毫不怀疑俄会取得胜利”
https://new.qq.com/rain/a/20241102A0647Q00

2024-11-04 00:36:33,804 - INFO - EXPIRED
时隔70年！日本东京证券交易所宣布：把股票交易时间延长至5.5小时
https://new.qq.com/rain/a/20241102A04FA400

2024-11-04 00:36:33,804 - INFO - EXPIRED
江苏无锡一岁男童走失，遗体在河道被发现 警方：系意外，排除刑案
https://new.qq.com/rain/a/20241102A05ZEE00

2024-11-04 00:36:33,804 - INFO - EXPIRED
8小时内下完1年的雨 西班牙遭遇世纪洪灾 已致205人遇难
https://new.qq.com/rain/a/20241102A05RL700

2024-11-04 00:36:33,804 - INFO - EXPIRED
成都男子持刀行凶后自残，警方再通报：原因初步查明，不存在克扣工资
https://new.qq.com/rain/a/20241102A054E000

2024-11-04 00:36:33,804 - INFO - EXPIRED
玉渊谭天丨除了型号还能看什么？揭秘双航母同框背后的三重信息
https://new.qq.com/rain/a/20241102A05L7W00

2024-11-04 00:36:33,804 - INFO - EXPIRED
被拐卖34年、曾感动全网的外卖小哥，寻亲成功一年后与家人反目成仇
https://new.qq.com/rain/a/20241101A08BRR00

2024-11-04 00:36:33,804 - INFO - EXPIRED
19岁女中专生拿下世界冠军，曾因迷茫想退学，上一届冠军是她母校学姐
https://new.qq.com/rain/a/20241102A019FA00

2024-11-04 00:36:33,804 - INFO - EXPIRED
美特斯邦威老板称花几百万找贾乃亮带货效果差，为何请大主播也救不了销量？
https://view.inews.qq.com/a/20241102Q01G7W00

2024-11-04 00:36:35,003 - INFO - INVALID
K7034次列车脱轨无伤亡，事发路段刚完成改造
https://new.qq.com/rain/a/20241104A00KV900

2024-11-04 00:36:35,027 - ERROR - ERROR
中央气象台：强冷空气来袭多地气温创立秋以来新低 东北迎雨雪天气
https://new.qq.com/rain/a/20241104V010RQ00
('list index out of range',)
======
Traceback (most recent call last):
  File "/home/runner/work/qqnews/qqnews/qq.py", line 81, in process_article
    ss = str(tmpbs.select("div.LEFT div.content.clearfix")[0])
             ~~~~~~~~~~~~~~~~~~~~~~~~~~~~~~~~~~~~~~~~~~~~~^^^
IndexError: list index out of range


2024-11-04 00:36:35,054 - INFO - INVALID
苹果MacBook Pro将大改：采用OLED显示屏，更薄
https://new.qq.com/rain/a/20241104A00XDJ00

2024-11-04 00:36:35,063 - INFO - INVALID
主要产油国宣布延长自愿减产措施至12月底
https://new.qq.com/rain/a/20241104A00NW400

2024-11-04 00:36:35,067 - INFO - INVALID
初步结果显示第二轮投票得票率领先 摩尔多瓦现任总统桑杜宣布胜选
https://new.qq.com/rain/a/20241104A00XQG00

2024-11-04 00:36:35,698 - INFO - INVALID
西班牙洪灾已致216人死亡
https://new.qq.com/rain/a/20241104A00SFE00

2024-11-04 00:36:35,702 - INFO - INVALID
商务部部长王文涛会见法国外交部外贸部长级代表普里马
https://new.qq.com/rain/a/20241104A00XFT00

2024-11-04 00:36:35,768 - ERROR - ERROR
神舟十八号为何不在白天，而在凌晨1点24分返回？黑天不影响搜救吗？
https://view.inews.qq.com/a/20241104Q00I0W00
('list index out of range',)
======
Traceback (most recent call last):
  File "/home/runner/work/qqnews/qqnews/qq.py", line 81, in process_article
    ss = str(tmpbs.select("div.LEFT div.content.clearfix")[0])
             ~~~~~~~~~~~~~~~~~~~~~~~~~~~~~~~~~~~~~~~~~~~~~^^^
IndexError: list index out of range


