2025-06-10 12:17:27,483 - INFO - Total time taken: {'ret': 0, 'msg': 'success', 'data': None}
2025-06-10 12:17:27,483 - INFO - 'NoneType' object is not subscriptable
2025-06-10 12:17:27,484 - INFO - Traceback (most recent call last):
  File "/home/runner/work/qqnews/qqnews/qq.py", line 128, in main
    for i in qq1["data"]["list"]:
             ~~~~~~~~~~~^^^^^^^^
TypeError: 'NoneType' object is not subscriptable

2025-06-10 13:26:15,727 - INFO - Total time taken: {'ret': 0, 'msg': 'success', 'data': None}
2025-06-10 13:26:15,727 - INFO - 'NoneType' object is not subscriptable
2025-06-10 13:26:15,728 - INFO - Traceback (most recent call last):
  File "/home/runner/work/qqnews/qqnews/qq.py", line 128, in main
    for i in qq1["data"]["list"]:
             ~~~~~~~~~~~^^^^^^^^
TypeError: 'NoneType' object is not subscriptable

2025-06-10 14:09:03,010 - INFO - Total time taken: {'ret': 0, 'msg': 'success', 'data': None}
2025-06-10 14:09:03,010 - INFO - 'NoneType' object is not subscriptable
2025-06-10 14:09:03,010 - INFO - Traceback (most recent call last):
  File "/home/runner/work/qqnews/qqnews/qq.py", line 128, in main
    for i in qq1["data"]["list"]:
             ~~~~~~~~~~~^^^^^^^^
TypeError: 'NoneType' object is not subscriptable

2025-06-10 15:09:15,945 - INFO - Total time taken: {'ret': 0, 'msg': 'success', 'data': None}
2025-06-10 15:09:15,945 - INFO - 'NoneType' object is not subscriptable
2025-06-10 15:09:15,945 - INFO - Traceback (most recent call last):
  File "/home/runner/work/qqnews/qqnews/qq.py", line 128, in main
    for i in qq1["data"]["list"]:
             ~~~~~~~~~~~^^^^^^^^
TypeError: 'NoneType' object is not subscriptable

2025-06-10 16:10:56,418 - INFO - Total time taken: {'ret': 0, 'msg': 'success', 'data': None}
2025-06-10 16:10:56,418 - INFO - 'NoneType' object is not subscriptable
2025-06-10 16:10:56,419 - INFO - Traceback (most recent call last):
  File "/home/runner/work/qqnews/qqnews/qq.py", line 128, in main
    for i in qq1["data"]["list"]:
             ~~~~~~~~~~~^^^^^^^^
TypeError: 'NoneType' object is not subscriptable

2025-06-10 17:08:19,608 - INFO - Total time taken: {'ret': 0, 'msg': 'success', 'data': None}
2025-06-10 17:08:19,608 - INFO - 'NoneType' object is not subscriptable
2025-06-10 17:08:19,609 - INFO - Traceback (most recent call last):
  File "/home/runner/work/qqnews/qqnews/qq.py", line 128, in main
    for i in qq1["data"]["list"]:
             ~~~~~~~~~~~^^^^^^^^
TypeError: 'NoneType' object is not subscriptable

2025-06-10 18:12:03,516 - INFO - Total time taken: {'ret': 0, 'msg': 'success', 'data': None}
2025-06-10 18:12:03,516 - INFO - 'NoneType' object is not subscriptable
2025-06-10 18:12:03,517 - INFO - Traceback (most recent call last):
  File "/home/runner/work/qqnews/qqnews/qq.py", line 128, in main
    for i in qq1["data"]["list"]:
             ~~~~~~~~~~~^^^^^^^^
TypeError: 'NoneType' object is not subscriptable

2025-06-10 19:01:07,394 - INFO - Total time taken: {'ret': 0, 'msg': 'success', 'data': None}
2025-06-10 19:01:07,394 - INFO - 'NoneType' object is not subscriptable
2025-06-10 19:01:07,395 - INFO - Traceback (most recent call last):
  File "/home/runner/work/qqnews/qqnews/qq.py", line 128, in main
    for i in qq1["data"]["list"]:
             ~~~~~~~~~~~^^^^^^^^
TypeError: 'NoneType' object is not subscriptable

2025-06-10 20:01:16,212 - INFO - Total time taken: {'ret': 0, 'msg': 'success', 'data': None}
2025-06-10 20:01:16,212 - INFO - 'NoneType' object is not subscriptable
2025-06-10 20:01:16,212 - INFO - Traceback (most recent call last):
  File "/home/runner/work/qqnews/qqnews/qq.py", line 128, in main
    for i in qq1["data"]["list"]:
             ~~~~~~~~~~~^^^^^^^^
TypeError: 'NoneType' object is not subscriptable

2025-06-10 21:08:26,669 - INFO - Total time taken: {'ret': 0, 'msg': 'success', 'data': None}
2025-06-10 21:08:26,669 - INFO - 'NoneType' object is not subscriptable
2025-06-10 21:08:26,669 - INFO - Traceback (most recent call last):
  File "/home/runner/work/qqnews/qqnews/qq.py", line 128, in main
    for i in qq1["data"]["list"]:
             ~~~~~~~~~~~^^^^^^^^
TypeError: 'NoneType' object is not subscriptable

2025-06-10 22:01:09,778 - INFO - Total time taken: {'ret': 0, 'msg': 'success', 'data': None}
2025-06-10 22:01:09,778 - INFO - 'NoneType' object is not subscriptable
2025-06-10 22:01:09,778 - INFO - Traceback (most recent call last):
  File "/home/runner/work/qqnews/qqnews/qq.py", line 128, in main
    for i in qq1["data"]["list"]:
             ~~~~~~~~~~~^^^^^^^^
TypeError: 'NoneType' object is not subscriptable

