2025-09-06 00:36:38,301 - INFO - Total time taken: {'ret': 0, 'msg': 'success', 'data': None}
2025-09-06 00:36:38,301 - INFO - 'NoneType' object is not subscriptable
2025-09-06 00:36:38,301 - INFO - Traceback (most recent call last):
  File "/home/runner/work/qqnews/qqnews/qq.py", line 128, in main
    for i in qq1["data"]["list"]:
             ~~~~~~~~~~~^^^^^^^^
TypeError: 'NoneType' object is not subscriptable

2025-09-06 02:11:34,315 - INFO - Total time taken: {'ret': 0, 'msg': 'success', 'data': None}
2025-09-06 02:11:34,315 - INFO - 'NoneType' object is not subscriptable
2025-09-06 02:11:34,316 - INFO - Traceback (most recent call last):
  File "/home/runner/work/qqnews/qqnews/qq.py", line 128, in main
    for i in qq1["data"]["list"]:
             ~~~~~~~~~~~^^^^^^^^
TypeError: 'NoneType' object is not subscriptable

2025-09-06 03:19:01,925 - INFO - Total time taken: {'ret': 0, 'msg': 'success', 'data': None}
2025-09-06 03:19:01,925 - INFO - 'NoneType' object is not subscriptable
2025-09-06 03:19:01,926 - INFO - Traceback (most recent call last):
  File "/home/runner/work/qqnews/qqnews/qq.py", line 128, in main
    for i in qq1["data"]["list"]:
             ~~~~~~~~~~~^^^^^^^^
TypeError: 'NoneType' object is not subscriptable

2025-09-06 04:01:20,361 - INFO - Total time taken: {'ret': 0, 'msg': 'success', 'data': None}
2025-09-06 04:01:20,361 - INFO - 'NoneType' object is not subscriptable
2025-09-06 04:01:20,362 - INFO - Traceback (most recent call last):
  File "/home/runner/work/qqnews/qqnews/qq.py", line 128, in main
    for i in qq1["data"]["list"]:
             ~~~~~~~~~~~^^^^^^^^
TypeError: 'NoneType' object is not subscriptable

2025-09-06 05:01:14,115 - INFO - Total time taken: {'ret': 0, 'msg': 'success', 'data': None}
2025-09-06 05:01:14,116 - INFO - 'NoneType' object is not subscriptable
2025-09-06 05:01:14,116 - INFO - Traceback (most recent call last):
  File "/home/runner/work/qqnews/qqnews/qq.py", line 128, in main
    for i in qq1["data"]["list"]:
             ~~~~~~~~~~~^^^^^^^^
TypeError: 'NoneType' object is not subscriptable

2025-09-06 06:01:31,466 - INFO - Total time taken: {'ret': 0, 'msg': 'success', 'data': None}
2025-09-06 06:01:31,466 - INFO - 'NoneType' object is not subscriptable
2025-09-06 06:01:31,466 - INFO - Traceback (most recent call last):
  File "/home/runner/work/qqnews/qqnews/qq.py", line 128, in main
    for i in qq1["data"]["list"]:
             ~~~~~~~~~~~^^^^^^^^
TypeError: 'NoneType' object is not subscriptable

2025-09-06 07:01:17,428 - INFO - Total time taken: {'ret': 0, 'msg': 'success', 'data': None}
2025-09-06 07:01:17,429 - INFO - 'NoneType' object is not subscriptable
2025-09-06 07:01:17,429 - INFO - Traceback (most recent call last):
  File "/home/runner/work/qqnews/qqnews/qq.py", line 128, in main
    for i in qq1["data"]["list"]:
             ~~~~~~~~~~~^^^^^^^^
TypeError: 'NoneType' object is not subscriptable

