2025-12-13 00:40:55,681 - INFO - Total time taken: {'ret': 0, 'msg': 'success', 'data': None}
2025-12-13 00:40:55,682 - INFO - 'NoneType' object is not subscriptable
2025-12-13 00:40:55,682 - INFO - Traceback (most recent call last):
  File "/home/runner/work/qqnews/qqnews/qq.py", line 128, in main
    for i in qq1["data"]["list"]:
             ~~~~~~~~~~~^^^^^^^^
TypeError: 'NoneType' object is not subscriptable

2025-12-13 02:25:49,051 - INFO - Total time taken: {'ret': 0, 'msg': 'success', 'data': None}
2025-12-13 02:25:49,051 - INFO - 'NoneType' object is not subscriptable
2025-12-13 02:25:49,051 - INFO - Traceback (most recent call last):
  File "/home/runner/work/qqnews/qqnews/qq.py", line 128, in main
    for i in qq1["data"]["list"]:
             ~~~~~~~~~~~^^^^^^^^
TypeError: 'NoneType' object is not subscriptable

2025-12-13 03:41:45,985 - INFO - Total time taken: {'ret': 0, 'msg': 'success', 'data': None}
2025-12-13 03:41:45,985 - INFO - 'NoneType' object is not subscriptable
2025-12-13 03:41:45,986 - INFO - Traceback (most recent call last):
  File "/home/runner/work/qqnews/qqnews/qq.py", line 128, in main
    for i in qq1["data"]["list"]:
             ~~~~~~~~~~~^^^^^^^^
TypeError: 'NoneType' object is not subscriptable

2025-12-13 04:15:20,320 - INFO - Total time taken: {'ret': 0, 'msg': 'success', 'data': None}
2025-12-13 04:15:20,320 - INFO - 'NoneType' object is not subscriptable
2025-12-13 04:15:20,321 - INFO - Traceback (most recent call last):
  File "/home/runner/work/qqnews/qqnews/qq.py", line 128, in main
    for i in qq1["data"]["list"]:
             ~~~~~~~~~~~^^^^^^^^
TypeError: 'NoneType' object is not subscriptable

