2026-06-16 02:14:43,010 - INFO - Total time taken: {'ret': 0, 'msg': 'success', 'data': None}
2026-06-16 02:14:43,011 - INFO - 'NoneType' object is not subscriptable
2026-06-16 02:14:43,011 - INFO - Traceback (most recent call last):
  File "/home/runner/work/qqnews/qqnews/qq.py", line 128, in main
    for i in qq1["data"]["list"]:
             ~~~~~~~~~~~^^^^^^^^
TypeError: 'NoneType' object is not subscriptable

2026-06-16 08:34:51,303 - INFO - Total time taken: {'ret': 0, 'msg': 'success', 'data': None}
2026-06-16 08:34:51,303 - INFO - 'NoneType' object is not subscriptable
2026-06-16 08:34:51,304 - INFO - Traceback (most recent call last):
  File "/home/runner/work/qqnews/qqnews/qq.py", line 128, in main
    for i in qq1["data"]["list"]:
             ~~~~~~~~~~~^^^^^^^^
TypeError: 'NoneType' object is not subscriptable

2026-06-16 13:19:17,019 - INFO - Total time taken: {'ret': 0, 'msg': 'success', 'data': None}
2026-06-16 13:19:17,019 - INFO - 'NoneType' object is not subscriptable
2026-06-16 13:19:17,019 - INFO - Traceback (most recent call last):
  File "/home/runner/work/qqnews/qqnews/qq.py", line 128, in main
    for i in qq1["data"]["list"]:
             ~~~~~~~~~~~^^^^^^^^
TypeError: 'NoneType' object is not subscriptable

2026-06-16 18:22:45,612 - INFO - Total time taken: {'ret': 0, 'msg': 'success', 'data': None}
2026-06-16 18:22:45,612 - INFO - 'NoneType' object is not subscriptable
2026-06-16 18:22:45,612 - INFO - Traceback (most recent call last):
  File "/home/runner/work/qqnews/qqnews/qq.py", line 128, in main
    for i in qq1["data"]["list"]:
             ~~~~~~~~~~~^^^^^^^^
TypeError: 'NoneType' object is not subscriptable

2026-06-16 21:36:52,998 - INFO - Total time taken: {'ret': 0, 'msg': 'success', 'data': None}
2026-06-16 21:36:52,999 - INFO - 'NoneType' object is not subscriptable
2026-06-16 21:36:52,999 - INFO - Traceback (most recent call last):
  File "/home/runner/work/qqnews/qqnews/qq.py", line 128, in main
    for i in qq1["data"]["list"]:
             ~~~~~~~~~~~^^^^^^^^
TypeError: 'NoneType' object is not subscriptable

2026-06-16 23:15:30,526 - INFO - Total time taken: {'ret': 0, 'msg': 'success', 'data': None}
2026-06-16 23:15:30,526 - INFO - 'NoneType' object is not subscriptable
2026-06-16 23:15:30,527 - INFO - Traceback (most recent call last):
  File "/home/runner/work/qqnews/qqnews/qq.py", line 128, in main
    for i in qq1["data"]["list"]:
             ~~~~~~~~~~~^^^^^^^^
TypeError: 'NoneType' object is not subscriptable

