2026-07-24 01:16:05,595 - INFO - Total time taken: {'ret': 0, 'msg': 'success', 'data': None}
2026-07-24 01:16:05,595 - INFO - 'NoneType' object is not subscriptable
2026-07-24 01:16:05,595 - INFO - Traceback (most recent call last):
  File "/home/runner/work/qqnews/qqnews/qq.py", line 128, in main
    for i in qq1["data"]["list"]:
             ~~~~~~~~~~~^^^^^^^^
TypeError: 'NoneType' object is not subscriptable

2026-07-24 04:55:14,325 - INFO - Total time taken: {'ret': 0, 'msg': 'success', 'data': None}
2026-07-24 04:55:14,326 - INFO - 'NoneType' object is not subscriptable
2026-07-24 04:55:14,326 - INFO - Traceback (most recent call last):
  File "/home/runner/work/qqnews/qqnews/qq.py", line 128, in main
    for i in qq1["data"]["list"]:
             ~~~~~~~~~~~^^^^^^^^
TypeError: 'NoneType' object is not subscriptable

2026-07-24 07:23:04,238 - INFO - Total time taken: {'ret': 0, 'msg': 'success', 'data': None}
2026-07-24 07:23:04,238 - INFO - 'NoneType' object is not subscriptable
2026-07-24 07:23:04,238 - INFO - Traceback (most recent call last):
  File "/home/runner/work/qqnews/qqnews/qq.py", line 128, in main
    for i in qq1["data"]["list"]:
             ~~~~~~~~~~~^^^^^^^^
TypeError: 'NoneType' object is not subscriptable

