2026-07-04 01:24:14,995 - INFO - Total time taken: {'ret': 0, 'msg': 'success', 'data': None}
2026-07-04 01:24:14,995 - INFO - 'NoneType' object is not subscriptable
2026-07-04 01:24:14,995 - INFO - Traceback (most recent call last):
  File "/home/runner/work/qqnews/qqnews/qq.py", line 128, in main
    for i in qq1["data"]["list"]:
             ~~~~~~~~~~~^^^^^^^^
TypeError: 'NoneType' object is not subscriptable

2026-07-04 05:31:40,714 - INFO - Total time taken: {'ret': 0, 'msg': 'success', 'data': None}
2026-07-04 05:31:40,715 - INFO - 'NoneType' object is not subscriptable
2026-07-04 05:31:40,715 - INFO - Traceback (most recent call last):
  File "/home/runner/work/qqnews/qqnews/qq.py", line 128, in main
    for i in qq1["data"]["list"]:
             ~~~~~~~~~~~^^^^^^^^
TypeError: 'NoneType' object is not subscriptable

2026-07-04 08:15:38,710 - INFO - Total time taken: {'ret': 0, 'msg': 'success', 'data': None}
2026-07-04 08:15:38,710 - INFO - 'NoneType' object is not subscriptable
2026-07-04 08:15:38,711 - INFO - Traceback (most recent call last):
  File "/home/runner/work/qqnews/qqnews/qq.py", line 128, in main
    for i in qq1["data"]["list"]:
             ~~~~~~~~~~~^^^^^^^^
TypeError: 'NoneType' object is not subscriptable

2026-07-04 10:45:12,490 - INFO - Total time taken: {'ret': 0, 'msg': 'success', 'data': None}
2026-07-04 10:45:12,490 - INFO - 'NoneType' object is not subscriptable
2026-07-04 10:45:12,490 - INFO - Traceback (most recent call last):
  File "/home/runner/work/qqnews/qqnews/qq.py", line 128, in main
    for i in qq1["data"]["list"]:
             ~~~~~~~~~~~^^^^^^^^
TypeError: 'NoneType' object is not subscriptable

2026-07-04 11:58:53,834 - INFO - Total time taken: {'ret': 0, 'msg': 'success', 'data': None}
2026-07-04 11:58:53,835 - INFO - 'NoneType' object is not subscriptable
2026-07-04 11:58:53,835 - INFO - Traceback (most recent call last):
  File "/home/runner/work/qqnews/qqnews/qq.py", line 128, in main
    for i in qq1["data"]["list"]:
             ~~~~~~~~~~~^^^^^^^^
TypeError: 'NoneType' object is not subscriptable

2026-07-04 13:13:20,289 - INFO - Total time taken: {'ret': 0, 'msg': 'success', 'data': None}
2026-07-04 13:13:20,289 - INFO - 'NoneType' object is not subscriptable
2026-07-04 13:13:20,290 - INFO - Traceback (most recent call last):
  File "/home/runner/work/qqnews/qqnews/qq.py", line 128, in main
    for i in qq1["data"]["list"]:
             ~~~~~~~~~~~^^^^^^^^
TypeError: 'NoneType' object is not subscriptable

