2025-11-04 00:40:17,782 - INFO - Total time taken: {'ret': 0, 'msg': 'success', 'data': None}
2025-11-04 00:40:17,782 - INFO - 'NoneType' object is not subscriptable
2025-11-04 00:40:17,783 - INFO - Traceback (most recent call last):
  File "/home/runner/work/qqnews/qqnews/qq.py", line 128, in main
    for i in qq1["data"]["list"]:
             ~~~~~~~~~~~^^^^^^^^
TypeError: 'NoneType' object is not subscriptable

2025-11-04 02:23:44,314 - INFO - Total time taken: {'ret': 0, 'msg': 'success', 'data': None}
2025-11-04 02:23:44,314 - INFO - 'NoneType' object is not subscriptable
2025-11-04 02:23:44,314 - INFO - Traceback (most recent call last):
  File "/home/runner/work/qqnews/qqnews/qq.py", line 128, in main
    for i in qq1["data"]["list"]:
             ~~~~~~~~~~~^^^^^^^^
TypeError: 'NoneType' object is not subscriptable

2025-11-04 03:36:00,629 - INFO - Total time taken: {'ret': 0, 'msg': 'success', 'data': None}
2025-11-04 03:36:00,629 - INFO - 'NoneType' object is not subscriptable
2025-11-04 03:36:00,630 - INFO - Traceback (most recent call last):
  File "/home/runner/work/qqnews/qqnews/qq.py", line 128, in main
    for i in qq1["data"]["list"]:
             ~~~~~~~~~~~^^^^^^^^
TypeError: 'NoneType' object is not subscriptable

2025-11-04 04:11:02,443 - INFO - Total time taken: {'ret': 0, 'msg': 'success', 'data': None}
2025-11-04 04:11:02,444 - INFO - 'NoneType' object is not subscriptable
2025-11-04 04:11:02,444 - INFO - Traceback (most recent call last):
  File "/home/runner/work/qqnews/qqnews/qq.py", line 128, in main
    for i in qq1["data"]["list"]:
             ~~~~~~~~~~~^^^^^^^^
TypeError: 'NoneType' object is not subscriptable

2025-11-04 05:01:19,229 - INFO - Total time taken: {'ret': 0, 'msg': 'success', 'data': None}
2025-11-04 05:01:19,230 - INFO - 'NoneType' object is not subscriptable
2025-11-04 05:01:19,230 - INFO - Traceback (most recent call last):
  File "/home/runner/work/qqnews/qqnews/qq.py", line 128, in main
    for i in qq1["data"]["list"]:
             ~~~~~~~~~~~^^^^^^^^
TypeError: 'NoneType' object is not subscriptable

2025-11-04 06:14:08,289 - INFO - Total time taken: {'ret': 0, 'msg': 'success', 'data': None}
2025-11-04 06:14:08,289 - INFO - 'NoneType' object is not subscriptable
2025-11-04 06:14:08,290 - INFO - Traceback (most recent call last):
  File "/home/runner/work/qqnews/qqnews/qq.py", line 128, in main
    for i in qq1["data"]["list"]:
             ~~~~~~~~~~~^^^^^^^^
TypeError: 'NoneType' object is not subscriptable

2025-11-04 07:01:31,639 - INFO - Total time taken: {'ret': 0, 'msg': 'success', 'data': None}
2025-11-04 07:01:31,639 - INFO - 'NoneType' object is not subscriptable
2025-11-04 07:01:31,639 - INFO - Traceback (most recent call last):
  File "/home/runner/work/qqnews/qqnews/qq.py", line 128, in main
    for i in qq1["data"]["list"]:
             ~~~~~~~~~~~^^^^^^^^
TypeError: 'NoneType' object is not subscriptable

2025-11-04 08:01:25,559 - INFO - Total time taken: {'ret': 0, 'msg': 'success', 'data': None}
2025-11-04 08:01:25,560 - INFO - 'NoneType' object is not subscriptable
2025-11-04 08:01:25,560 - INFO - Traceback (most recent call last):
  File "/home/runner/work/qqnews/qqnews/qq.py", line 128, in main
    for i in qq1["data"]["list"]:
             ~~~~~~~~~~~^^^^^^^^
TypeError: 'NoneType' object is not subscriptable

2025-11-04 09:11:13,622 - INFO - Total time taken: {'ret': 0, 'msg': 'success', 'data': None}
2025-11-04 09:11:13,623 - INFO - 'NoneType' object is not subscriptable
2025-11-04 09:11:13,623 - INFO - Traceback (most recent call last):
  File "/home/runner/work/qqnews/qqnews/qq.py", line 128, in main
    for i in qq1["data"]["list"]:
             ~~~~~~~~~~~^^^^^^^^
TypeError: 'NoneType' object is not subscriptable

2025-11-04 10:01:32,524 - INFO - Total time taken: {'ret': 0, 'msg': 'success', 'data': None}
2025-11-04 10:01:32,524 - INFO - 'NoneType' object is not subscriptable
2025-11-04 10:01:32,525 - INFO - Traceback (most recent call last):
  File "/home/runner/work/qqnews/qqnews/qq.py", line 128, in main
    for i in qq1["data"]["list"]:
             ~~~~~~~~~~~^^^^^^^^
TypeError: 'NoneType' object is not subscriptable

2025-11-04 11:01:22,336 - INFO - Total time taken: {'ret': 0, 'msg': 'success', 'data': None}
2025-11-04 11:01:22,337 - INFO - 'NoneType' object is not subscriptable
2025-11-04 11:01:22,337 - INFO - Traceback (most recent call last):
  File "/home/runner/work/qqnews/qqnews/qq.py", line 128, in main
    for i in qq1["data"]["list"]:
             ~~~~~~~~~~~^^^^^^^^
TypeError: 'NoneType' object is not subscriptable

2025-11-04 12:17:24,971 - INFO - Total time taken: {'ret': 0, 'msg': 'success', 'data': None}
2025-11-04 12:17:24,972 - INFO - 'NoneType' object is not subscriptable
2025-11-04 12:17:24,972 - INFO - Traceback (most recent call last):
  File "/home/runner/work/qqnews/qqnews/qq.py", line 128, in main
    for i in qq1["data"]["list"]:
             ~~~~~~~~~~~^^^^^^^^
TypeError: 'NoneType' object is not subscriptable

2025-11-04 13:26:33,148 - INFO - Total time taken: {'ret': 0, 'msg': 'success', 'data': None}
2025-11-04 13:26:33,148 - INFO - 'NoneType' object is not subscriptable
2025-11-04 13:26:33,149 - INFO - Traceback (most recent call last):
  File "/home/runner/work/qqnews/qqnews/qq.py", line 128, in main
    for i in qq1["data"]["list"]:
             ~~~~~~~~~~~^^^^^^^^
TypeError: 'NoneType' object is not subscriptable

2025-11-04 14:01:17,925 - INFO - Total time taken: {'ret': 0, 'msg': 'success', 'data': None}
2025-11-04 14:01:17,925 - INFO - 'NoneType' object is not subscriptable
2025-11-04 14:01:17,925 - INFO - Traceback (most recent call last):
  File "/home/runner/work/qqnews/qqnews/qq.py", line 128, in main
    for i in qq1["data"]["list"]:
             ~~~~~~~~~~~^^^^^^^^
TypeError: 'NoneType' object is not subscriptable

2025-11-04 15:01:30,197 - INFO - Total time taken: {'ret': 0, 'msg': 'success', 'data': None}
2025-11-04 15:01:30,198 - INFO - 'NoneType' object is not subscriptable
2025-11-04 15:01:30,198 - INFO - Traceback (most recent call last):
  File "/home/runner/work/qqnews/qqnews/qq.py", line 128, in main
    for i in qq1["data"]["list"]:
             ~~~~~~~~~~~^^^^^^^^
TypeError: 'NoneType' object is not subscriptable

2025-11-04 16:01:37,584 - INFO - Total time taken: {'ret': 0, 'msg': 'success', 'data': None}
2025-11-04 16:01:37,584 - INFO - 'NoneType' object is not subscriptable
2025-11-04 16:01:37,585 - INFO - Traceback (most recent call last):
  File "/home/runner/work/qqnews/qqnews/qq.py", line 128, in main
    for i in qq1["data"]["list"]:
             ~~~~~~~~~~~^^^^^^^^
TypeError: 'NoneType' object is not subscriptable

2025-11-04 17:01:25,079 - INFO - Total time taken: {'ret': 0, 'msg': 'success', 'data': None}
2025-11-04 17:01:25,079 - INFO - 'NoneType' object is not subscriptable
2025-11-04 17:01:25,080 - INFO - Traceback (most recent call last):
  File "/home/runner/work/qqnews/qqnews/qq.py", line 128, in main
    for i in qq1["data"]["list"]:
             ~~~~~~~~~~~^^^^^^^^
TypeError: 'NoneType' object is not subscriptable

2025-11-04 18:01:28,487 - INFO - Total time taken: {'ret': 0, 'msg': 'success', 'data': None}
2025-11-04 18:01:28,488 - INFO - 'NoneType' object is not subscriptable
2025-11-04 18:01:28,488 - INFO - Traceback (most recent call last):
  File "/home/runner/work/qqnews/qqnews/qq.py", line 128, in main
    for i in qq1["data"]["list"]:
             ~~~~~~~~~~~^^^^^^^^
TypeError: 'NoneType' object is not subscriptable

