2025-11-27 00:40:55,459 - INFO - Total time taken: {'ret': 0, 'msg': 'success', 'data': None}
2025-11-27 00:40:55,460 - INFO - 'NoneType' object is not subscriptable
2025-11-27 00:40:55,460 - INFO - Traceback (most recent call last):
  File "/home/runner/work/qqnews/qqnews/qq.py", line 128, in main
    for i in qq1["data"]["list"]:
             ~~~~~~~~~~~^^^^^^^^
TypeError: 'NoneType' object is not subscriptable

2025-11-27 02:23:52,580 - INFO - Total time taken: {'ret': 0, 'msg': 'success', 'data': None}
2025-11-27 02:23:52,581 - INFO - 'NoneType' object is not subscriptable
2025-11-27 02:23:52,581 - INFO - Traceback (most recent call last):
  File "/home/runner/work/qqnews/qqnews/qq.py", line 128, in main
    for i in qq1["data"]["list"]:
             ~~~~~~~~~~~^^^^^^^^
TypeError: 'NoneType' object is not subscriptable

2025-11-27 03:38:19,629 - INFO - Total time taken: {'ret': 0, 'msg': 'success', 'data': None}
2025-11-27 03:38:19,629 - INFO - 'NoneType' object is not subscriptable
2025-11-27 03:38:19,629 - INFO - Traceback (most recent call last):
  File "/home/runner/work/qqnews/qqnews/qq.py", line 128, in main
    for i in qq1["data"]["list"]:
             ~~~~~~~~~~~^^^^^^^^
TypeError: 'NoneType' object is not subscriptable

2025-11-27 04:12:38,456 - INFO - Total time taken: {'ret': 0, 'msg': 'success', 'data': None}
2025-11-27 04:12:38,456 - INFO - 'NoneType' object is not subscriptable
2025-11-27 04:12:38,457 - INFO - Traceback (most recent call last):
  File "/home/runner/work/qqnews/qqnews/qq.py", line 128, in main
    for i in qq1["data"]["list"]:
             ~~~~~~~~~~~^^^^^^^^
TypeError: 'NoneType' object is not subscriptable

2025-11-27 05:01:12,944 - INFO - Total time taken: {'ret': 0, 'msg': 'success', 'data': None}
2025-11-27 05:01:12,944 - INFO - 'NoneType' object is not subscriptable
2025-11-27 05:01:12,945 - INFO - Traceback (most recent call last):
  File "/home/runner/work/qqnews/qqnews/qq.py", line 128, in main
    for i in qq1["data"]["list"]:
             ~~~~~~~~~~~^^^^^^^^
TypeError: 'NoneType' object is not subscriptable

2025-11-27 06:14:44,128 - INFO - Total time taken: {'ret': 0, 'msg': 'success', 'data': None}
2025-11-27 06:14:44,128 - INFO - 'NoneType' object is not subscriptable
2025-11-27 06:14:44,129 - INFO - Traceback (most recent call last):
  File "/home/runner/work/qqnews/qqnews/qq.py", line 128, in main
    for i in qq1["data"]["list"]:
             ~~~~~~~~~~~^^^^^^^^
TypeError: 'NoneType' object is not subscriptable

2025-11-27 07:11:29,717 - INFO - Total time taken: {'ret': 0, 'msg': 'success', 'data': None}
2025-11-27 07:11:29,718 - INFO - 'NoneType' object is not subscriptable
2025-11-27 07:11:29,718 - INFO - Traceback (most recent call last):
  File "/home/runner/work/qqnews/qqnews/qq.py", line 128, in main
    for i in qq1["data"]["list"]:
             ~~~~~~~~~~~^^^^^^^^
TypeError: 'NoneType' object is not subscriptable

2025-11-27 08:13:53,606 - INFO - Total time taken: {'ret': 0, 'msg': 'success', 'data': None}
2025-11-27 08:13:53,606 - INFO - 'NoneType' object is not subscriptable
2025-11-27 08:13:53,606 - INFO - Traceback (most recent call last):
  File "/home/runner/work/qqnews/qqnews/qq.py", line 128, in main
    for i in qq1["data"]["list"]:
             ~~~~~~~~~~~^^^^^^^^
TypeError: 'NoneType' object is not subscriptable

