2024-09-24 00:33:59,001 - INFO - EXPIRED
宝马i7在中国市场狂降55万，为何又加入价格战？还有作用吗？
https://view.inews.qq.com/a/20240923Q02A0200

2024-09-24 00:33:59,001 - INFO - EXPIRED
华为三折叠黄牛价雪崩：从加近十万到仅加四千，黄牛气懵了
https://new.qq.com/rain/a/20240923A08VGJ00

2024-09-24 00:33:59,001 - INFO - EXPIRED
学校禁止学生自行带牛奶，入校前挨个查包，校方：学校的奶是加热过的
https://new.qq.com/rain/a/20240923A07UE100

2024-09-24 00:33:59,001 - INFO - EXPIRED
大货车雨中顶着奔驰车疾驰，顶行时间超90秒，奔驰女司机撞绿化带自救
https://new.qq.com/rain/a/20240923A0886E00

2024-09-24 00:33:59,001 - INFO - EXPIRED
华东多地推得房率120%新房，带露台、空中庭院，专家：或影响二手房
https://new.qq.com/rain/a/20240923A08HC000

2024-09-24 00:33:59,001 - INFO - EXPIRED
特朗普遇刺调查新进展：嫌疑人作案信曝光
https://new.qq.com/rain/a/20240923A09I4F00

2024-09-24 00:33:59,001 - INFO - EXPIRED
实探湖南株洲芦淞大桥6死7伤事故现场：机动车非机动车在桥上混行
https://new.qq.com/rain/a/20240923A085WL00

2024-09-24 00:33:59,002 - INFO - EXPIRED
全球供应链又有大麻烦？美国港口大罢工迫在眉睫
https://new.qq.com/rain/a/20240923A045DF00

2024-09-24 00:33:59,002 - INFO - EXPIRED
致中国公民遇难的意大利华商店铺火灾系纵火！嫌疑人多次勒索
https://new.qq.com/rain/a/20240923A09C4M00

2024-09-24 00:33:59,002 - INFO - EXPIRED
谁逼死了华裔女科学家
https://new.qq.com/rain/a/20240923A04LUH00

2024-09-24 00:33:59,002 - INFO - EXPIRED
高通“强买”英特尔，全球都要掀桌子
https://new.qq.com/rain/a/20240923A09DUL00

2024-09-24 00:33:59,002 - INFO - EXPIRED
湖北21岁女保安被保安队长杀害，受害者家属：凶手行凶后在江边失踪
https://new.qq.com/rain/a/20240923A08QL400

2024-09-24 00:33:59,002 - INFO - EXPIRED
在十八大、十九大甚至二十大后毫不收敛！“饕餮巨贪”被开除党籍
https://new.qq.com/rain/a/20240923A04FA400

2024-09-24 00:33:59,002 - INFO - EXPIRED
北大辟谣“拟聘为勤杂工的物理硕士曾被保送北大”：非同一人
https://new.qq.com/rain/a/20240923A090DG00

2024-09-24 00:33:59,002 - INFO - EXPIRED
哈里斯后来居上？民调支持率持续攀升，已全面领先特朗普
https://new.qq.com/rain/a/20240923A02H1B00

2024-09-24 00:33:59,002 - INFO - EXPIRED
2名中企高管在菲律宾遭绑架撕票，嫌疑人“李娜”在韩国落网，她会被判死刑吗？
https://view.inews.qq.com/a/20240923Q08O3M00

2024-09-24 00:33:59,002 - INFO - EXPIRED
12306新增车内换座功能，多花钱吗？平台回应
https://new.qq.com/rain/a/20240923A05X6700

2024-09-24 00:33:59,002 - INFO - EXPIRED
江西新余高新区一企业发生火灾，官方通报：未发现人员伤亡
https://new.qq.com/rain/a/20240923A09RR900

2024-09-24 00:33:59,002 - INFO - EXPIRED
七旬老人在电梯排便，被物业无码曝光后自杀，这种情况物业该怎么做更合理？
https://view.inews.qq.com/a/20240923Q05CRJ00

2024-09-24 00:33:59,002 - INFO - EXPIRED
深圳日本人学校收到逾千花束悼念遇害男童，外交部回应
https://new.qq.com/rain/a/20240923A08TX500

2024-09-24 00:33:59,002 - INFO - EXPIRED
2名中企高管在菲律宾遭绑架撕票，嫌疑人“李娜”已在韩国落网
https://new.qq.com/rain/a/20240923A07W8300

2024-09-24 00:33:59,002 - INFO - EXPIRED
交通局女员工着便装在快下车时亮证执法，她是钓鱼执法吗？无执法权亮证该如何处理？
https://view.inews.qq.com/a/20240923Q04T2800

2024-09-24 00:33:59,002 - INFO - EXPIRED
斯里兰卡左翼新总统上台，印媒担忧：给印度带来巨大挑战
https://new.qq.com/rain/a/20240923A06FI500

2024-09-24 00:33:59,002 - INFO - EXPIRED
河南一大妈将空农药瓶挂树枝上，4岁幼女误食残留农药丧命
https://new.qq.com/rain/a/20240923A052YW00

2024-09-24 00:33:59,002 - INFO - EXPIRED
辽宁岫岩回应“万元保健床垫功能纯属噱头”：2家涉事企业已停业整顿
https://new.qq.com/rain/a/20240923A04PGZ00

2024-09-24 00:33:59,002 - INFO - EXPIRED
历史首次！张之臻2-0布云朝克特将战前美网冠军 携商竣程同进决赛
https://new.qq.com/rain/a/20240923A093VB00

2024-09-24 00:33:59,002 - INFO - EXPIRED
长沙一消防救援站指导员被指盗用单位燃油，消防大队：上级部门已介入
https://new.qq.com/rain/a/20240923A04MVC00

2024-09-24 00:33:59,002 - INFO - EXPIRED
新央企组建中！中国资源循环利用集团来了
https://new.qq.com/rain/a/20240923A06LUW00

2024-09-24 00:33:59,002 - INFO - EXPIRED
七旬老人小树林割腕自杀，此前电梯排便被物业曝光
https://new.qq.com/rain/a/20240923A04P0S00

2024-09-24 00:33:59,002 - INFO - EXPIRED
外交部副部长孙卫东会见日本外务副大臣柘植芳文
https://new.qq.com/rain/a/20240923A08Y7400

2024-09-24 00:33:59,002 - INFO - EXPIRED
两名美籍人员辞去中微半导体公司核心技术人员职务
https://new.qq.com/rain/a/20240923A065ZE00

2024-09-24 00:33:59,002 - INFO - EXPIRED
陕西延安8岁男孩在化粪池溺亡 亲属：物业施工无防护措施 警方已介入
https://new.qq.com/rain/a/20240923V07PO200

2024-09-24 00:33:59,002 - INFO - EXPIRED
云南一女子举报原宁蒗县副县长婚内出轨并强迫自己打胎
https://new.qq.com/rain/a/20240923A0611M00

2024-09-24 00:33:59,002 - INFO - EXPIRED
泽连斯基访美批万斯“过于激进”，抨击特朗普团队只会喊口号
https://new.qq.com/rain/a/20240923A06N7800

2024-09-24 00:33:59,002 - INFO - EXPIRED
特朗普称若大选失败将不再参选，4年后共和党会不会还是只有他能打？谁能接棒？
https://view.inews.qq.com/a/20240923Q02QUG00

2024-09-24 00:33:59,002 - INFO - EXPIRED
中国与瑞士正式启动自贸协定升级谈判
https://new.qq.com/rain/a/20240923A08GW000

2024-09-24 00:33:59,002 - INFO - EXPIRED
中网抽签郑钦文与萨巴伦卡同一半区，这签运如何？主场作战能走多远？
https://view.inews.qq.com/a/20240923Q05CM700

2024-09-24 00:33:59,002 - INFO - EXPIRED
南部战区司令员吴亚男率团参加印太国防军司令会议
https://new.qq.com/rain/a/20240923A07I5V00

2024-09-24 00:33:59,002 - INFO - EXPIRED
江歌妈妈刑事自诉作家陈岚造谣诽谤一审被驳回，双方回应
https://new.qq.com/rain/a/20240923A0768N00

2024-09-24 00:33:59,002 - INFO - EXPIRED
中日外长纽约会谈将谈及哪些议题？外交部：双方正保持沟通
https://new.qq.com/rain/a/20240923A05NBQ00

2024-09-24 00:33:59,002 - INFO - EXPIRED
甘肃武威通报小车冲进菜市场致3死7伤：肇事司机突发疾病致车辆失控
https://new.qq.com/rain/a/20240923A0657I00

2024-09-24 00:33:59,002 - INFO - EXPIRED
大众集团裁员“大刀”挥向中国
https://new.qq.com/rain/a/20240923A04K6I00

2024-09-24 00:33:59,002 - INFO - EXPIRED
湖南株洲多车相撞已致6死7伤，多角度还原现场，司机狂喊“完了完了”
https://new.qq.com/rain/a/20240923V04JJK00

2024-09-24 00:33:59,002 - INFO - EXPIRED
拜登“四方安全对话”闭门会议上渲染“中国考验”，被曝是忘了关话筒
https://new.qq.com/rain/a/20240923A04AJX00

2024-09-24 00:33:59,002 - INFO - EXPIRED
网红“小英”名下有4家公司 村民：不明白赚了很多钱还在过这样的生活
https://new.qq.com/rain/a/20240923A01VGH00

2024-09-24 00:33:59,002 - INFO - EXPIRED
身价268亿美元，前华人首富即将出狱，曾向美国交史上最高和解金
https://new.qq.com/rain/a/20240923A05LUM00

2024-09-24 00:33:59,002 - INFO - EXPIRED
重庆网红“烈阳”在嘉陵江驾驶摩托艇落水身亡，知情人：他玩得比较野
https://new.qq.com/rain/a/20240923A058BE00

2024-09-24 00:33:59,002 - INFO - EXPIRED
乌总统再赴美寻求解除武器限制，俄媒：泽连斯基试图向世界表明，美国还支持他
https://new.qq.com/rain/a/20240923A00QA000

2024-09-24 00:33:59,002 - INFO - EXPIRED
美商务部拟议禁止美智能联网汽车等使用中国软硬件，外交部回应
https://new.qq.com/rain/a/20240923A05OJB00

2024-09-24 00:33:59,002 - INFO - EXPIRED
山姆屡陷食品安全风波仍年卖800亿，它靠什么凶猛扩张？它真的是“中产收割机”吗？
https://view.inews.qq.com/a/20240923Q02BXU00

2024-09-24 00:33:59,002 - INFO - EXPIRED
联合国会议关注阿富汗妇女权益，外交部：望阿方重视国际社会合理关切
https://new.qq.com/rain/a/20240923A05QSF00

2024-09-24 00:33:59,002 - INFO - EXPIRED
潮州警方通报：已对涉事民警停职
https://new.qq.com/rain/a/20240923A04TZU00

2024-09-24 00:33:59,002 - INFO - EXPIRED
降薪传闻再起，民生银行北京分行回应：谣言，已报案
https://new.qq.com/rain/a/20240923A05LHN00

2024-09-24 00:33:59,002 - INFO - EXPIRED
播报“钓鱼岛是中国领土”震惊日本，中国籍播音员谈这22秒发生了什么
https://new.qq.com/rain/a/20240923A00U3500

2024-09-24 00:33:59,002 - INFO - EXPIRED
立誓不贪的“老虎”，云南省原副省长张祖林被决定逮捕
https://new.qq.com/rain/a/20240923A051SE00

2024-09-24 00:33:59,002 - INFO - EXPIRED
中网正赛签表出炉：郑钦文萨巴伦卡同半区，次轮或战前美网冠军
https://new.qq.com/rain/a/20240923A055H200

2024-09-24 00:33:59,002 - INFO - EXPIRED
千万身价老板破产，法院4元拍卖雪碧限自提
https://new.qq.com/rain/a/20240923A00WT200

2024-09-24 00:33:59,002 - INFO - EXPIRED
云南普洱市发通告禁止携带苹果手机进办公室？当地：不可能发这种通告
https://new.qq.com/rain/a/20240923A04MHM00

2024-09-24 00:33:59,002 - INFO - EXPIRED
吉林一喜来登酒店按摩商提供色情服务？酒店：不知情，已让按摩商整改
https://new.qq.com/rain/a/20240923A04FS000

2024-09-24 00:33:59,002 - INFO - EXPIRED
川航一航班挂7700紧急代码备降宁波，乘客：落地时有较大噪音
https://new.qq.com/rain/a/20240923A03SJ900

2024-09-24 00:33:59,002 - INFO - EXPIRED
擅闯我领海后，日本海自“凉月”号驱逐舰舰长被撤职
https://new.qq.com/rain/a/20240923A03NCO00

2024-09-24 00:33:59,002 - INFO - EXPIRED
台积电和三星被曝考虑在阿联酋建厂，美方瞎操心：先进人工智能芯片会运往中国
https://new.qq.com/rain/a/20240923A02ANZ00

2024-09-24 00:33:59,002 - INFO - EXPIRED
梅德韦杰夫的新职务，印证着什么
https://new.qq.com/rain/a/20240923A01IDL00

2024-09-24 00:33:59,002 - INFO - EXPIRED
我国水冷磁体实现42.02万高斯稳态磁场，刷新世界纪录，有多强？能用在哪？
https://view.inews.qq.com/a/20240922Q077OT00

2024-09-24 00:33:59,002 - INFO - EXPIRED
财政部：要求“两新”工作相关资金不得用于偿还政府债务等
https://new.qq.com/rain/a/20240923A03T0L00

2024-09-24 00:33:59,002 - INFO - EXPIRED
潘功胜：中国经济稳定增长，央行将继续坚持支持性的货币政策立场
https://new.qq.com/rain/a/20240923A03SF600

2024-09-24 00:33:59,002 - INFO - EXPIRED
大杨嫂回应“录音风波”：三人成虎，五人成章，众口铄金，积毁销骨
https://new.qq.com/rain/a/20240923A03NRO00

2024-09-24 00:33:59,002 - INFO - EXPIRED
离婚冷静期杀妻案二审宣判，广东高院维持死刑判决
https://new.qq.com/rain/a/20240923A02QNM00

2024-09-24 00:33:59,002 - INFO - EXPIRED
中产正在逃离国际学校？问题没那么简单
https://new.qq.com/rain/a/20240923A03AUD00

2024-09-24 00:33:59,002 - INFO - EXPIRED
三个人CT片几乎一样，国家医保局进驻江苏无锡虹桥医院开展飞行检查
https://new.qq.com/rain/a/20240923A02ALX00

2024-09-24 00:33:59,002 - INFO - EXPIRED
多地反映农村大龄青年婚恋难：有何影响？各地都有啥招？
https://new.qq.com/rain/a/20240923A00UZM00

2024-09-24 00:33:59,002 - INFO - EXPIRED
港媒：中科院院士卢煜明获推荐为香港中文大学校长候选人
https://new.qq.com/rain/a/20240923A02TFH00

2024-09-24 00:33:59,003 - INFO - EXPIRED
臭名昭著 虚张声势！起底“台独”网军“匿名者64”
https://new.qq.com/rain/a/20240923A00PGA00

2024-09-24 00:33:59,003 - INFO - EXPIRED
妻子失联20年，丈夫起诉离婚被驳回，找不到妻子就没办法离婚吗？
https://view.inews.qq.com/a/20240923Q02RBG00

2024-09-24 00:33:59,003 - INFO - EXPIRED
法国“萨科齐时代以来最右政府”诞生，90后任财长
https://new.qq.com/rain/a/20240922A079I300

2024-09-24 00:33:59,003 - INFO - EXPIRED
潘功胜、李云泽、吴清出席，24日9点将举行金融支持经济主题发布会
https://new.qq.com/rain/a/20240923A01HV200

2024-09-24 00:33:59,003 - INFO - EXPIRED
外媒称美国将“升级”打压中国汽车，专家：破坏全球汽车产业链条安全
https://new.qq.com/rain/a/20240923A00QHE00

2024-09-24 00:33:59,003 - INFO - EXPIRED
“下个是谁？”拜登忘记他名字，莫迪尴尬死了
https://new.qq.com/rain/a/20240923A00YRA00

2024-09-24 00:33:59,003 - INFO - EXPIRED
河南和广州均发生雨后疑似路灯漏电致人身亡事故，为什么都首先怀疑是路灯漏电？
https://view.inews.qq.com/a/20240922Q06N1D00

2024-09-24 00:33:59,003 - INFO - EXPIRED
李大霄入职广州越声理财咨询公司，曾提出“婴儿底”“地球顶”
https://new.qq.com/rain/a/20240923A003AD00

2024-09-24 00:33:59,003 - INFO - EXPIRED
“历史性变革”！港交所恶劣天气交易，9月23日生效
https://new.qq.com/rain/a/20240922A06PBV00

2024-09-24 00:33:59,003 - INFO - EXPIRED
特朗普称若在2024年美国总统大选中失败将不再参选
https://new.qq.com/rain/a/20240923A008V600

2024-09-24 00:33:59,003 - INFO - EXPIRED
如果不是中国渔民，这场船难死亡人数会超过泰坦尼克号
https://new.qq.com/rain/a/20240917A0626N00

2024-09-24 00:33:59,003 - INFO - EXPIRED
首个议题就针对中国，美日印澳“四方峰会”挑动对抗
https://new.qq.com/rain/a/20240923A00QTE00

2024-09-24 00:33:59,003 - INFO - EXPIRED
央视献唱，王力宏在大陆电视荧屏上正式复出
https://new.qq.com/rain/a/20240922A0716F00

2024-09-24 00:33:59,003 - INFO - EXPIRED
60岁女子发现丈夫出轨后藏刀枕下半夜杀夫，一审被判无期徒刑
https://new.qq.com/rain/a/20240922A04KOP00

2024-09-24 00:33:59,003 - INFO - EXPIRED
8月份在华销量几近“腰斩”，宝马正式重返“价格战”
https://new.qq.com/rain/a/20240923A01CM700

2024-09-24 00:33:59,003 - INFO - EXPIRED
36人失去本届全国人大代表资格，其中28人系被罢免
https://new.qq.com/rain/a/20240922A00AYF00

2024-09-24 00:33:59,003 - INFO - EXPIRED
科学家透露人类可能已探测到迄今最高能量中微子，能量多高？来自哪里？
https://view.inews.qq.com/a/20240922Q06XP200

2024-09-24 00:33:59,003 - INFO - EXPIRED
哪吒V失控撞花坛后自燃，司机称“踩刹车没用”！车企报告
https://new.qq.com/rain/a/20240922A077AE00

2024-09-24 00:33:59,003 - INFO - EXPIRED
赖清德新一轮“台独”动作 将致台湾地区失去非洲最后一个“邦交”？
https://new.qq.com/rain/a/20240922A06HDN00

2024-09-24 00:33:59,003 - INFO - EXPIRED
迪萨纳亚克发表声明表示已在斯里兰卡总统选举中胜出
https://new.qq.com/rain/a/20240923A00SQC00

2024-09-24 00:33:59,003 - INFO - EXPIRED
青海大通县多个单位长期借调教师：最长超8年，原单位只能评“合格”
https://new.qq.com/rain/a/20240922A06AB600

2024-09-24 00:33:59,003 - INFO - EXPIRED
英伟达中国特供芯片H20订单疑云：有经销商称已无法下单，或将遭停售
https://new.qq.com/rain/a/20240922A0571F00

2024-09-24 00:33:59,865 - INFO - INVALID
云南华坪警方通报宁蒗原副县长出轨并殴打女方：行拘，移交线索
https://new.qq.com/rain/a/20240924A010J500

2024-09-24 00:33:59,867 - INFO - SUCCESS
名创优品入股永辉成第一大股东 股价大跌 创始人叶国富：看不懂就对了
https://new.qq.com/rain/a/20240924A004Q400

2024-09-24 00:33:59,911 - INFO - INVALID
委内瑞拉最高法院批准对阿根廷总统米莱的逮捕令
https://new.qq.com/rain/a/20240924A000V700

2024-09-24 00:33:59,915 - INFO - INVALID
博主称上门打假“东北雨姐”反遭殴打：她卖的红薯粉条里是木薯淀粉
https://new.qq.com/rain/a/20240924A00R4R00

2024-09-24 00:33:59,918 - INFO - INVALID
王毅会见日本外相上川阳子：中方将依法调查处理深圳日本学生遇袭个案
https://new.qq.com/rain/a/20240924A00ORD00

2024-09-24 00:34:00,255 - INFO - SUCCESS
美股收盘：标普、道指创新高 特斯拉大涨约5% 名创优品跌超16%
https://new.qq.com/rain/a/20240924A00JIY00

