2025-08-20 00:39:34,145 - INFO - Total time taken: {'ret': 0, 'msg': 'success', 'data': None}
2025-08-20 00:39:34,145 - INFO - 'NoneType' object is not subscriptable
2025-08-20 00:39:34,145 - INFO - Traceback (most recent call last):
  File "/home/runner/work/qqnews/qqnews/qq.py", line 128, in main
    for i in qq1["data"]["list"]:
             ~~~~~~~~~~~^^^^^^^^
TypeError: 'NoneType' object is not subscriptable

2025-08-20 02:23:46,155 - INFO - Total time taken: {'ret': 0, 'msg': 'success', 'data': None}
2025-08-20 02:23:46,155 - INFO - 'NoneType' object is not subscriptable
2025-08-20 02:23:46,155 - INFO - Traceback (most recent call last):
  File "/home/runner/work/qqnews/qqnews/qq.py", line 128, in main
    for i in qq1["data"]["list"]:
             ~~~~~~~~~~~^^^^^^^^
TypeError: 'NoneType' object is not subscriptable

2025-08-20 03:34:04,398 - INFO - Total time taken: {'ret': 0, 'msg': 'success', 'data': None}
2025-08-20 03:34:04,398 - INFO - 'NoneType' object is not subscriptable
2025-08-20 03:34:04,398 - INFO - Traceback (most recent call last):
  File "/home/runner/work/qqnews/qqnews/qq.py", line 128, in main
    for i in qq1["data"]["list"]:
             ~~~~~~~~~~~^^^^^^^^
TypeError: 'NoneType' object is not subscriptable

2025-08-20 04:11:25,722 - INFO - Total time taken: {'ret': 0, 'msg': 'success', 'data': None}
2025-08-20 04:11:25,722 - INFO - 'NoneType' object is not subscriptable
2025-08-20 04:11:25,722 - INFO - Traceback (most recent call last):
  File "/home/runner/work/qqnews/qqnews/qq.py", line 128, in main
    for i in qq1["data"]["list"]:
             ~~~~~~~~~~~^^^^^^^^
TypeError: 'NoneType' object is not subscriptable

2025-08-20 05:09:08,079 - INFO - Total time taken: {'ret': 0, 'msg': 'success', 'data': None}
2025-08-20 05:09:08,079 - INFO - 'NoneType' object is not subscriptable
2025-08-20 05:09:08,079 - INFO - Traceback (most recent call last):
  File "/home/runner/work/qqnews/qqnews/qq.py", line 128, in main
    for i in qq1["data"]["list"]:
             ~~~~~~~~~~~^^^^^^^^
TypeError: 'NoneType' object is not subscriptable

2025-08-20 06:13:37,701 - INFO - Total time taken: {'ret': 0, 'msg': 'success', 'data': None}
2025-08-20 06:13:37,701 - INFO - 'NoneType' object is not subscriptable
2025-08-20 06:13:37,702 - INFO - Traceback (most recent call last):
  File "/home/runner/work/qqnews/qqnews/qq.py", line 128, in main
    for i in qq1["data"]["list"]:
             ~~~~~~~~~~~^^^^^^^^
TypeError: 'NoneType' object is not subscriptable

2025-08-20 07:01:31,540 - INFO - Total time taken: {'ret': 0, 'msg': 'success', 'data': None}
2025-08-20 07:01:31,540 - INFO - 'NoneType' object is not subscriptable
2025-08-20 07:01:31,541 - INFO - Traceback (most recent call last):
  File "/home/runner/work/qqnews/qqnews/qq.py", line 128, in main
    for i in qq1["data"]["list"]:
             ~~~~~~~~~~~^^^^^^^^
TypeError: 'NoneType' object is not subscriptable

2025-08-20 08:12:17,026 - INFO - Total time taken: {'ret': 0, 'msg': 'success', 'data': None}
2025-08-20 08:12:17,026 - INFO - 'NoneType' object is not subscriptable
2025-08-20 08:12:17,027 - INFO - Traceback (most recent call last):
  File "/home/runner/work/qqnews/qqnews/qq.py", line 128, in main
    for i in qq1["data"]["list"]:
             ~~~~~~~~~~~^^^^^^^^
TypeError: 'NoneType' object is not subscriptable

2025-08-20 09:10:00,289 - INFO - Total time taken: {'ret': 0, 'msg': 'success', 'data': None}
2025-08-20 09:10:00,290 - INFO - 'NoneType' object is not subscriptable
2025-08-20 09:10:00,290 - INFO - Traceback (most recent call last):
  File "/home/runner/work/qqnews/qqnews/qq.py", line 128, in main
    for i in qq1["data"]["list"]:
             ~~~~~~~~~~~^^^^^^^^
TypeError: 'NoneType' object is not subscriptable

2025-08-20 10:09:26,522 - INFO - Total time taken: {'ret': 0, 'msg': 'success', 'data': None}
2025-08-20 10:09:26,522 - INFO - 'NoneType' object is not subscriptable
2025-08-20 10:09:26,522 - INFO - Traceback (most recent call last):
  File "/home/runner/work/qqnews/qqnews/qq.py", line 128, in main
    for i in qq1["data"]["list"]:
             ~~~~~~~~~~~^^^^^^^^
TypeError: 'NoneType' object is not subscriptable

2025-08-20 11:01:31,282 - INFO - Total time taken: {'ret': 0, 'msg': 'success', 'data': None}
2025-08-20 11:01:31,283 - INFO - 'NoneType' object is not subscriptable
2025-08-20 11:01:31,283 - INFO - Traceback (most recent call last):
  File "/home/runner/work/qqnews/qqnews/qq.py", line 128, in main
    for i in qq1["data"]["list"]:
             ~~~~~~~~~~~^^^^^^^^
TypeError: 'NoneType' object is not subscriptable

2025-08-20 12:15:42,714 - INFO - Total time taken: {'ret': 0, 'msg': 'success', 'data': None}
2025-08-20 12:15:42,714 - INFO - 'NoneType' object is not subscriptable
2025-08-20 12:15:42,715 - INFO - Traceback (most recent call last):
  File "/home/runner/work/qqnews/qqnews/qq.py", line 128, in main
    for i in qq1["data"]["list"]:
             ~~~~~~~~~~~^^^^^^^^
TypeError: 'NoneType' object is not subscriptable

2025-08-20 13:23:14,341 - INFO - Total time taken: {'ret': 0, 'msg': 'success', 'data': None}
2025-08-20 13:23:14,341 - INFO - 'NoneType' object is not subscriptable
2025-08-20 13:23:14,341 - INFO - Traceback (most recent call last):
  File "/home/runner/work/qqnews/qqnews/qq.py", line 128, in main
    for i in qq1["data"]["list"]:
             ~~~~~~~~~~~^^^^^^^^
TypeError: 'NoneType' object is not subscriptable

2025-08-20 14:09:06,973 - INFO - Total time taken: {'ret': 0, 'msg': 'success', 'data': None}
2025-08-20 14:09:06,973 - INFO - 'NoneType' object is not subscriptable
2025-08-20 14:09:06,974 - INFO - Traceback (most recent call last):
  File "/home/runner/work/qqnews/qqnews/qq.py", line 128, in main
    for i in qq1["data"]["list"]:
             ~~~~~~~~~~~^^^^^^^^
TypeError: 'NoneType' object is not subscriptable

2025-08-20 15:09:01,627 - INFO - Total time taken: {'ret': 0, 'msg': 'success', 'data': None}
2025-08-20 15:09:01,627 - INFO - 'NoneType' object is not subscriptable
2025-08-20 15:09:01,627 - INFO - Traceback (most recent call last):
  File "/home/runner/work/qqnews/qqnews/qq.py", line 128, in main
    for i in qq1["data"]["list"]:
             ~~~~~~~~~~~^^^^^^^^
TypeError: 'NoneType' object is not subscriptable

2025-08-20 16:10:38,079 - INFO - Total time taken: {'ret': 0, 'msg': 'success', 'data': None}
2025-08-20 16:10:38,079 - INFO - 'NoneType' object is not subscriptable
2025-08-20 16:10:38,080 - INFO - Traceback (most recent call last):
  File "/home/runner/work/qqnews/qqnews/qq.py", line 128, in main
    for i in qq1["data"]["list"]:
             ~~~~~~~~~~~^^^^^^^^
TypeError: 'NoneType' object is not subscriptable

