2024-08-19 00:31:05,638 - INFO - EXPIRED
沪昆高速服务区一货车司机被发现车内去世，警方：确有，不便透露详情
https://new.qq.com/rain/a/20240818A02PJY00

2024-08-19 00:31:05,639 - INFO - EXPIRED
女子入住千万精装房后每天抓虫子，精装房坑很多吗？为何很多人直接打掉重装？
https://view.inews.qq.com/a/20240818Q03PHT00

2024-08-19 00:31:05,639 - INFO - EXPIRED
95后女交警史杰执行勤务过程中被车辆撞伤 抢救无效因公牺牲，年仅29岁
https://new.qq.com/rain/a/20240818A072O600

2024-08-19 00:31:05,639 - INFO - EXPIRED
百果园预计利润暴跌，股价跌超70%，曾被曝“用烂水果做果切”
https://new.qq.com/rain/a/20240818A071SR00

2024-08-19 00:31:05,639 - INFO - EXPIRED
山东成武要求“丧事严禁私办喜事只请亲人”，央媒：脱离实际不近人情
https://new.qq.com/rain/a/20240815A04Q2000

2024-08-19 00:31:05,639 - INFO - EXPIRED
长春杂技演员走钢丝坠落，马戏嘉年华表演暂停，回应：演员私自换细绳
https://new.qq.com/rain/a/20240818A0673H00

2024-08-19 00:31:05,639 - INFO - EXPIRED
“土豪”超1亿元拍下股票拒付尾款，1014万元保证金被没收
https://new.qq.com/rain/a/20240818A06KUJ00

2024-08-19 00:31:05,639 - INFO - EXPIRED
以私人影院为幌子进行卖淫嫖娼违法活动，江西8名涉案人员当场被抓
https://new.qq.com/rain/a/20240818A03NST00

2024-08-19 00:31:05,639 - INFO - EXPIRED
33岁保安值夜班猝死，家属：对弟弟妹妹十分关照，还在还房贷
https://new.qq.com/rain/a/20240818A06PN200

2024-08-19 00:31:05,639 - INFO - EXPIRED
国内首辆上牌特斯拉Cyber​​truck在天津上路，上牌流程和普通车一样吗？
https://view.inews.qq.com/a/20240818Q04OHX00

2024-08-19 00:31:05,639 - INFO - EXPIRED
被丈夫推下悬崖，马来西亚女子用9小时爬出深谷获救：不想让孩子失去妈
https://new.qq.com/rain/a/20240818A05SZU00

2024-08-19 00:31:05,639 - INFO - EXPIRED
3万亿银行行长因个人原因辞职，影响几何
https://new.qq.com/rain/a/20240818A063SM00

2024-08-19 00:31:05,639 - INFO - EXPIRED
越共中央总书记、国家主席苏林访问广州 强调中国始终是越南对外政策头等优先
https://new.qq.com/rain/a/20240818A0714T00

2024-08-19 00:31:05,639 - INFO - EXPIRED
这个人，以色列悬赏40万美元追杀
https://new.qq.com/rain/a/20240818A05K0L00

2024-08-19 00:31:05,639 - INFO - EXPIRED
现场：越共中央总书记、国家主席苏林抵达北京
https://new.qq.com/rain/a/20240818V06H9U00

2024-08-19 00:31:05,639 - INFO - EXPIRED
“大难不死”后，李在明成功连任
https://new.qq.com/rain/a/20240818A05RSH00

2024-08-19 00:31:05,639 - INFO - EXPIRED
四川南充一男子偷村里水泥公路卖钱，这么容易就能挖走吗？能卖多少钱？
https://view.inews.qq.com/a/20240818Q03CIE00

2024-08-19 00:31:05,639 - INFO - EXPIRED
樊振东谈畸形饭圈文化：好像输球不行，赢球也没那么行
https://new.qq.com/rain/a/20240818A06VZW00

2024-08-19 00:31:05,639 - INFO - EXPIRED
外媒：卡德罗夫晒驾驶装有机枪的特斯拉赛博皮卡视频，邀请马斯克访问车臣
https://new.qq.com/rain/a/20240818A01TCN00

2024-08-19 00:31:05,639 - INFO - EXPIRED
邓亚萍儿子获乒乓球全国冠军，这什么水平？冠军的孩子会比父母发展更好吗？
https://view.inews.qq.com/a/20240818Q04HLI00

2024-08-19 00:31:05,639 - INFO - EXPIRED
店里没人，城管以“出店经营”为由搬走多筐水果？广东一镇政府回应
https://new.qq.com/rain/a/20240818A01PW400

2024-08-19 00:31:05,639 - INFO - EXPIRED
山西司机送货途中发病离世，4名陌生“卡友”接力完成送货还车
https://new.qq.com/rain/a/20240818A06K7M00

2024-08-19 00:31:05,639 - INFO - EXPIRED
国家疾控局：多省份针对突发急性传染病开展应急演练
https://new.qq.com/rain/a/20240818A05GMB00

2024-08-19 00:31:05,639 - INFO - EXPIRED
因父母赶不回来，14岁男孩骑摩托飞驰送弟弟妹妹上兴趣班，被交警拦下
https://new.qq.com/rain/a/20240818V040QA00

2024-08-19 00:31:05,639 - INFO - EXPIRED
越共中央总书记苏林已抵达北京，随行9名高级官员都有谁
https://new.qq.com/rain/a/20240818A06LQI00

2024-08-19 00:31:05,639 - INFO - EXPIRED
12岁“小孩哥”韩信百米跑出11秒49破赛会纪录，比肩同龄时期苏炳添
https://new.qq.com/rain/a/20240818A02W1000

2024-08-19 00:31:05,639 - INFO - EXPIRED
和平杯：中国U16国少1-2日本，国少两度失误送礼，艾比布拉吊射破门
https://new.qq.com/rain/a/20240818A06OCD00

2024-08-19 00:31:05,639 - INFO - EXPIRED
你所害怕的正是别人所思念的，为什么说人到中年最怕中元，也最盼中元？
https://view.inews.qq.com/a/20240818Q016V900

2024-08-19 00:31:05,639 - INFO - EXPIRED
日本自民党超10人有意竞选新总裁，日媒：参选者这么多很罕见
https://new.qq.com/rain/a/20240818A06IOP00

2024-08-19 00:31:05,639 - INFO - EXPIRED
来电科技创始人失联？袁冰松发声：凭心做事，天必佑之
https://new.qq.com/rain/a/20240818A06HX000

2024-08-19 00:31:05,639 - INFO - EXPIRED
山西孝义一满载演出人员的城乡巴士发生事故，当地：两名女士现场身亡
https://new.qq.com/rain/a/20240818A05NSU00

2024-08-19 00:31:05,639 - INFO - EXPIRED
原派出所所长实名举报界首市官商勾结，安徽省纪委监委：已关注
https://new.qq.com/rain/a/20240818A062JV00

2024-08-19 00:31:05,639 - INFO - EXPIRED
山东一男子带两孩子落水，派出所：三人溺亡，孩子滑落，父亲跳水救人
https://new.qq.com/rain/a/20240818A04M6K00

2024-08-19 00:31:05,639 - INFO - EXPIRED
台湾海峡管控能力，正在发生变化
https://new.qq.com/rain/a/20240818A05FUA00

2024-08-19 00:31:05,639 - INFO - EXPIRED
3岁女童被生父及女友虐待致死案将开庭 生母：放弃民事赔偿盼顶格处罚
https://new.qq.com/rain/a/20240818A04TF300

2024-08-19 00:31:05,639 - INFO - EXPIRED
富人演穷人遭炮轰，徐峥坦言：希望大家能给外卖员一个好评、加个鸡腿
https://new.qq.com/rain/a/20240817V07ZF800

2024-08-19 00:31:05,639 - INFO - EXPIRED
游客踩兵马俑坑送发烧抽搐孩子就医 文旅局：确实人多 已沟通有关单位
https://new.qq.com/rain/a/20240818A02YJB00

2024-08-19 00:31:05,639 - INFO - EXPIRED
价格集体跳水！多家茶饮重回10元以下，网友：卷起来，喜闻乐见 
https://new.qq.com/rain/a/20240815A064IZ00

2024-08-19 00:31:05,639 - INFO - EXPIRED
天才少年“稚晖君”推“0元”机器人，供应链国产化率约90%
https://new.qq.com/rain/a/20240818A05OYV00

2024-08-19 00:31:05,639 - INFO - EXPIRED
李在明再次当选韩国最大在野党共同民主党党首
https://new.qq.com/rain/a/20240818A05KJB00

2024-08-19 00:31:05,639 - INFO - EXPIRED
吉林东北虎园一杂技演员从空中坠落倒地不起，景区：表演将暂停
https://new.qq.com/rain/a/20240818A05FDX00

2024-08-19 00:31:05,639 - INFO - EXPIRED
江西崇仁县一餐厅包厢吊顶坠落致1人死亡，官方：已责令饭店停业整顿
https://new.qq.com/rain/a/20240818A05F2I00

2024-08-19 00:31:05,639 - INFO - EXPIRED
170多只A股宣布中期分红 中国移动预计分红金额最高超500亿
https://new.qq.com/rain/a/20240818A0432X00

2024-08-19 00:31:05,639 - INFO - EXPIRED
张学良将军之子张闾琳逝世，享年94岁
https://new.qq.com/rain/a/20240818A035OT00

2024-08-19 00:31:05,640 - INFO - EXPIRED
泰国新任总理：希望与中国展开更多合作
https://new.qq.com/rain/a/20240818A04AJE00

2024-08-19 00:31:05,640 - INFO - EXPIRED
金城医药董事长被立案调查，其父刚套现超4000万，公司股价上演过山车
https://new.qq.com/rain/a/20240818A04J2K00

2024-08-19 00:31:05,640 - INFO - EXPIRED
原派出所所长举报安徽界首市首富和官员同流合污？称蒙冤被关押2年
https://new.qq.com/rain/a/20240818V028MK00

2024-08-19 00:31:05,640 - INFO - EXPIRED
俄核电站城市上空发出巨大爆炸声，泽连斯基敢炸核电站吗？会引发什么后果？
https://view.inews.qq.com/a/20240818Q02FD800

2024-08-19 00:31:05,640 - INFO - EXPIRED
徐峥在线惊呼乱七八糟！为体验生活送外卖，一天仅送12单，未被人认出
https://new.qq.com/rain/a/20240817V07Y2H00

2024-08-19 00:31:05,640 - INFO - EXPIRED
外媒：泰国国王正式批准佩通坦出任新总理，佩通坦在仪式现场与父亲他信拥抱
https://new.qq.com/rain/a/20240818A033D700

2024-08-19 00:31:05,640 - INFO - EXPIRED
中美在“紧张贸易局势”下展开金融对话，能谈什么
https://new.qq.com/rain/a/20240817A07JXR00

2024-08-19 00:31:05,640 - INFO - EXPIRED
湖北红安一桥梁景观亮化悬索脱落，官方：不影响桥梁结构安全
https://new.qq.com/rain/a/20240818A041GL00

2024-08-19 00:31:05,640 - INFO - EXPIRED
以军轰炸加沙一处帐篷营地已致17人死亡 其中8名儿童来自同一家庭
https://new.qq.com/rain/a/20240818V0405900

2024-08-19 00:31:05,640 - INFO - EXPIRED
奥运冠军陈芋汐同济大学报到，“眼镜飞人”徐卓一将成同班同学
https://new.qq.com/rain/a/20240818A03SK400

2024-08-19 00:31:05,640 - INFO - EXPIRED
男子凌晨蒙面持美工刀割伤熟睡同事喉部，嫌疑人行拘10天后已被刑拘
https://new.qq.com/rain/a/20240818A03STO00

2024-08-19 00:31:05,640 - INFO - EXPIRED
英国伦敦地标建筑萨默塞特宫发生火灾，馆内藏有画家梵高知名画作
https://new.qq.com/rain/a/20240818A00TQT00

2024-08-19 00:31:05,640 - INFO - EXPIRED
将中国男足送进18强赛！40岁新加坡门将哈桑·桑尼宣布从国家队退役
https://new.qq.com/rain/a/20240818A03LDW00

2024-08-19 00:31:05,640 - INFO - EXPIRED
来电科技创始人袁冰松与合作伙伴同时失联，或涉国有资产流失
https://new.qq.com/rain/a/20240818A02N3400

2024-08-19 00:31:05,640 - INFO - EXPIRED
超级牛散章建平借用岳父证券账户被罚50万，如何界定是资金打理还是违规借用？
https://view.inews.qq.com/a/20240818Q01N9R00

2024-08-19 00:31:05,640 - INFO - EXPIRED
台湾长荣桂冠酒店剪中国国旗惹众怒，主厨再发声：明摆是故意的
https://new.qq.com/rain/a/20240818V02JOL00

2024-08-19 00:31:05,640 - INFO - EXPIRED
多地优化调整批量撤销议事协调机构：有乡镇清理出上百个
https://new.qq.com/rain/a/20240818A00VKQ00

2024-08-19 00:31:05,640 - INFO - EXPIRED
云南威信疑似发生煤与瓦斯突出事故，已致3人遇难3人失联
https://new.qq.com/rain/a/20240818A02Y8C00

2024-08-19 00:31:05,640 - INFO - EXPIRED
“两弹一星功勋奖章”获得者周光召逝世，享年95岁
https://new.qq.com/rain/a/20240818A032CA00

2024-08-19 00:31:05,640 - INFO - EXPIRED
何立峰将与俄方共同主持召开中俄总理定期会晤委员会第二十八次会议
https://new.qq.com/rain/a/20240818A02VC800

2024-08-19 00:31:05,640 - INFO - EXPIRED
“中国高校第一股”连续10年财务造假后立案，律师：股民索赔可期
https://new.qq.com/rain/a/20240818A01XTG00

2024-08-19 00:31:05,640 - INFO - EXPIRED
河南汝州遭清退事业编制人员讲述招聘经过，平顶山人社局回应
https://new.qq.com/rain/a/20240818A027DW00

2024-08-19 00:31:05,640 - INFO - EXPIRED
江苏泰州市兴化市发生3.0级地震，震源深度8千米
https://new.qq.com/rain/a/20240818A02YJP00

2024-08-19 00:31:05,640 - INFO - EXPIRED
揭秘SpaceX首次太空行走任务：前往人类50多年从未达到过的高度
https://new.qq.com/rain/a/20240818A02MRT00

2024-08-19 00:31:05,640 - INFO - EXPIRED
乌克兰首都基辅拉响防空警报
https://new.qq.com/rain/a/20240818A02SRH00

2024-08-19 00:31:05,640 - INFO - EXPIRED
昆明警方在危险水域投放了2222根防溺水竹竿，这有效吗？何不投放救生圈？
https://view.inews.qq.com/a/20240818Q00OF600

2024-08-19 00:31:05,640 - INFO - EXPIRED
境外间谍利用风塔进行非法活动，国家安全部发布防范提示
https://new.qq.com/rain/a/20240818A00WH900

2024-08-19 00:31:05,640 - INFO - EXPIRED
网传“女生在泳池内被男生轮流抱摔霸凌”，西安警方通报
https://new.qq.com/rain/a/20240817A06NP000

2024-08-19 00:31:05,640 - INFO - EXPIRED
被举报穿着清凉的老板娘晒病历单回应受伤质疑：右小指甲床部分淤血
https://new.qq.com/rain/a/20240818V0211G00

2024-08-19 00:31:05,640 - INFO - EXPIRED
男子倚长城拍照差点推掉一块砖，这算破坏文物吗？会被罚款吗？
https://view.inews.qq.com/a/20240817Q07JNI00

2024-08-19 00:31:05,640 - INFO - EXPIRED
越共中央总书记、国家主席苏林抵达广州开启访华行程
https://new.qq.com/rain/a/20240818A01R1O00

2024-08-19 00:31:05,640 - INFO - EXPIRED
太吓人遭投诉？8岁孩子看《异形》吓到不适，家长要求影院退票并赔偿
https://new.qq.com/rain/a/20240818A019PX00

2024-08-19 00:31:05,640 - INFO - EXPIRED
实拍：俄罗斯堪察加东岸远海发生7.0级地震 震前当地一火山喷发
https://new.qq.com/rain/a/20240818V01TJ500

2024-08-19 00:31:05,640 - INFO - EXPIRED
西安金地物业被指撬门占用业主空置别墅，业主：协商赔十万只收到五万
https://new.qq.com/rain/a/20240818A01SEV00

2024-08-19 00:31:05,640 - INFO - EXPIRED
全红婵“疯疯癫癫”、李发彬妻子是“菜贩子”？嘲讽者的傲慢与偏见
https://new.qq.com/rain/a/20240817A0503100

2024-08-19 00:31:05,640 - INFO - EXPIRED
谷歌又一次陷入麻烦 这回捅了“互联网评测博主”的职业底线
https://new.qq.com/rain/a/20240818A00L2700

2024-08-19 00:31:05,640 - INFO - EXPIRED
“神童上岸”失败，反常公职招录必须查问明白
https://new.qq.com/rain/a/20240817A07YKT00

2024-08-19 00:31:05,640 - INFO - EXPIRED
伊朗总统：美国是当前面临的最大威胁
https://new.qq.com/rain/a/20240818A01OK800

2024-08-19 00:31:05,640 - INFO - EXPIRED
女子入住千万精装房后每天都在抓虫子：电视柜下方摆放了几十块粘虫板
https://new.qq.com/rain/a/20240817A06W7000

2024-08-19 00:31:05,640 - INFO - EXPIRED
21世纪，中国又挖起了运河
https://new.qq.com/rain/a/20240817A047X000

2024-08-19 00:31:05,640 - INFO - EXPIRED
​哈马斯回应拜登：这是“幻想”
https://new.qq.com/rain/a/20240817A07JY400

2024-08-19 00:31:05,640 - INFO - EXPIRED
捡的小姑娘这么像我女儿？女子称6年前做过试管婴儿，只想找对方确认
https://new.qq.com/rain/a/20240817A05G1P00

2024-08-19 00:31:05,640 - INFO - EXPIRED
多地宣布对氢能车免高速费，哪类群体更适合使用氢能汽车？
https://view.inews.qq.com/a/20240817Q06FZJ00

2024-08-19 00:31:05,640 - INFO - EXPIRED
多地菜价走高：农户收入未明显提升，摊贩感叹部分蔬菜剩一斤亏十块
https://new.qq.com/rain/a/20240817A06Y8T00

2024-08-19 00:31:05,640 - INFO - EXPIRED
中国体操协会：“饭圈”恶意行为造成极负面影响，坚决支持依法整治
https://new.qq.com/rain/a/20240818A00ZS200

2024-08-19 00:31:05,640 - INFO - EXPIRED
波兰总理回应“波兰参与破坏北溪管道”指责
https://new.qq.com/rain/a/20240818A008LA00

2024-08-19 00:31:05,640 - INFO - EXPIRED
俄罗斯堪察加东岸远海发生7.0级地震，希韦卢奇火山喷发
https://new.qq.com/rain/a/20240818A00UIO00

2024-08-19 00:31:05,640 - INFO - EXPIRED
雷军直播突发“事故”：“炸麦”超20分钟，网友调侃：Are you OK
https://new.qq.com/rain/a/20240817A074R200

2024-08-19 00:31:06,424 - INFO - INVALID
来电科技创始人失联风波背后：“充电宝” 困在租赁模式里
https://new.qq.com/rain/a/20240819A00PKB00

2024-08-19 00:31:06,433 - INFO - INVALID
全红婵：冠军也没有特别好，不知为什么拿了冠军也不是特开心
https://new.qq.com/rain/a/20240819A0098600

2024-08-19 00:31:06,440 - INFO - INVALID
菲海警船故意冲撞中方海警舰艇 中国海警：正告菲方停止侵权挑衅
https://new.qq.com/rain/a/20240819A00BG300

2024-08-19 00:31:06,621 - INFO - INVALID
国家安全部披露案例：境外间谍诱骗学生拍摄涉密科研基地照片
https://new.qq.com/rain/a/20240819A00MOZ00

2024-08-19 00:31:06,714 - INFO - INVALID
白俄罗斯军方：白方将对边界沿线局势变化做出适当反应
https://new.qq.com/rain/a/20240819A008ZN00

2024-08-19 00:31:06,717 - INFO - INVALID
社保基金：加大对关系国民经济命脉和国计民生的战略性、基础性领域的长期股权投资力度
https://new.qq.com/rain/a/20240819A00K4W00

2024-08-19 00:31:06,843 - INFO - INVALID
涌入辽宁阜新抢4万元低价房的年轻人：有人成网红，有人做中介云卖房
https://new.qq.com/rain/a/20240819A00FDN00

2024-08-19 00:31:06,950 - INFO - INVALID
“泡沫恐慌”蔓延，AI热潮是否会重演互联网泡沫
https://new.qq.com/rain/a/20240819A0021U00

2024-08-19 02:00:12,104 - INFO - EXPIRED
“土豪”超1亿元拍下股票拒付尾款，1014万元保证金被没收
https://new.qq.com/rain/a/20240818A06KUJ00

2024-08-19 02:00:12,104 - INFO - EXPIRED
中国一年癌症死亡人数300万，与死神赛跑的肿瘤科医生是不是心理压力最大的？
https://view.inews.qq.com/a/20240818Q06SA900

2024-08-19 02:00:12,104 - INFO - EXPIRED
人均1580元的外滩十八号停业？高端餐饮遇冷，米其林也开始卖穷鬼套餐
https://new.qq.com/rain/a/20240818A071ES00

2024-08-19 02:00:12,104 - INFO - EXPIRED
被忽视的防溺水课：交1700元学游泳不懂自救，湖南对防溺水立法
https://new.qq.com/rain/a/20240818A06RQO00

2024-08-19 02:00:12,104 - INFO - EXPIRED
95后女交警史杰执行勤务过程中被车辆撞伤 抢救无效因公牺牲，年仅29岁
https://new.qq.com/rain/a/20240818A072O600

2024-08-19 02:00:12,104 - INFO - EXPIRED
百果园预计利润暴跌，股价跌超70%，曾被曝“用烂水果做果切”
https://new.qq.com/rain/a/20240818A071SR00

2024-08-19 02:00:12,104 - INFO - EXPIRED
山东成武要求“丧事严禁私办喜事只请亲人”，央媒：脱离实际不近人情
https://new.qq.com/rain/a/20240815A04Q2000

2024-08-19 02:00:12,104 - INFO - EXPIRED
长春杂技演员走钢丝坠落，马戏嘉年华表演暂停，回应：演员私自换细绳
https://new.qq.com/rain/a/20240818A0673H00

2024-08-19 02:00:12,104 - INFO - EXPIRED
浙江嘉兴一火锅店多名顾客晕倒，警方：都无生命危险，原因待查
https://new.qq.com/rain/a/20240818A02TSC00

2024-08-19 02:00:12,104 - INFO - EXPIRED
以私人影院为幌子进行卖淫嫖娼违法活动，江西8名涉案人员当场被抓
https://new.qq.com/rain/a/20240818A03NST00

2024-08-19 02:00:12,104 - INFO - EXPIRED
33岁保安值夜班猝死，家属：对弟弟妹妹十分关照，还在还房贷
https://new.qq.com/rain/a/20240818A06PN200

2024-08-19 02:00:12,104 - INFO - EXPIRED
沪昆高速服务区一货车司机被发现车内去世，警方：确有，不便透露详情
https://new.qq.com/rain/a/20240818A02PJY00

2024-08-19 02:00:12,104 - INFO - EXPIRED
国内首辆上牌特斯拉Cyber​​truck在天津上路，上牌流程和普通车一样吗？
https://view.inews.qq.com/a/20240818Q04OHX00

2024-08-19 02:00:12,104 - INFO - EXPIRED
女子入住千万精装房后每天抓虫子，精装房坑很多吗？为何很多人直接打掉重装？
https://view.inews.qq.com/a/20240818Q03PHT00

2024-08-19 02:00:12,104 - INFO - EXPIRED
被丈夫推下悬崖，马来西亚女子用9小时爬出深谷获救：不想让孩子失去妈
https://new.qq.com/rain/a/20240818A05SZU00

2024-08-19 02:00:12,104 - INFO - EXPIRED
3万亿银行行长因个人原因辞职，影响几何
https://new.qq.com/rain/a/20240818A063SM00

2024-08-19 02:00:12,104 - INFO - EXPIRED
越共中央总书记、国家主席苏林访问广州 强调中国始终是越南对外政策头等优先
https://new.qq.com/rain/a/20240818A0714T00

2024-08-19 02:00:12,104 - INFO - EXPIRED
这个人，以色列悬赏40万美元追杀
https://new.qq.com/rain/a/20240818A05K0L00

2024-08-19 02:00:12,104 - INFO - EXPIRED
现场：越共中央总书记、国家主席苏林抵达北京
https://new.qq.com/rain/a/20240818V06H9U00

2024-08-19 02:00:12,104 - INFO - EXPIRED
“大难不死”后，李在明成功连任
https://new.qq.com/rain/a/20240818A05RSH00

2024-08-19 02:00:12,104 - INFO - EXPIRED
四川南充一男子偷村里水泥公路卖钱，这么容易就能挖走吗？能卖多少钱？
https://view.inews.qq.com/a/20240818Q03CIE00

2024-08-19 02:00:12,104 - INFO - EXPIRED
樊振东谈畸形饭圈文化：好像输球不行，赢球也没那么行
https://new.qq.com/rain/a/20240818A06VZW00

2024-08-19 02:00:12,105 - INFO - EXPIRED
外媒：卡德罗夫晒驾驶装有机枪的特斯拉赛博皮卡视频，邀请马斯克访问车臣
https://new.qq.com/rain/a/20240818A01TCN00

2024-08-19 02:00:12,105 - INFO - EXPIRED
邓亚萍儿子获乒乓球全国冠军，这什么水平？冠军的孩子会比父母发展更好吗？
https://view.inews.qq.com/a/20240818Q04HLI00

2024-08-19 02:00:12,105 - INFO - EXPIRED
店里没人，城管以“出店经营”为由搬走多筐水果？广东一镇政府回应
https://new.qq.com/rain/a/20240818A01PW400

2024-08-19 02:00:12,105 - INFO - EXPIRED
山西司机送货途中发病离世，4名陌生“卡友”接力完成送货还车
https://new.qq.com/rain/a/20240818A06K7M00

2024-08-19 02:00:12,105 - INFO - EXPIRED
国家疾控局：多省份针对突发急性传染病开展应急演练
https://new.qq.com/rain/a/20240818A05GMB00

2024-08-19 02:00:12,105 - INFO - EXPIRED
因父母赶不回来，14岁男孩骑摩托飞驰送弟弟妹妹上兴趣班，被交警拦下
https://new.qq.com/rain/a/20240818V040QA00

2024-08-19 02:00:12,105 - INFO - EXPIRED
越共中央总书记苏林已抵达北京，随行9名高级官员都有谁
https://new.qq.com/rain/a/20240818A06LQI00

2024-08-19 02:00:12,105 - INFO - EXPIRED
12岁“小孩哥”韩信百米跑出11秒49破赛会纪录，比肩同龄时期苏炳添
https://new.qq.com/rain/a/20240818A02W1000

2024-08-19 02:00:12,105 - INFO - EXPIRED
和平杯：中国U16国少1-2日本，国少两度失误送礼，艾比布拉吊射破门
https://new.qq.com/rain/a/20240818A06OCD00

2024-08-19 02:00:12,105 - INFO - EXPIRED
你所害怕的正是别人所思念的，为什么说人到中年最怕中元，也最盼中元？
https://view.inews.qq.com/a/20240818Q016V900

2024-08-19 02:00:12,105 - INFO - EXPIRED
日本自民党超10人有意竞选新总裁，日媒：参选者这么多很罕见
https://new.qq.com/rain/a/20240818A06IOP00

2024-08-19 02:00:12,105 - INFO - EXPIRED
来电科技创始人失联？袁冰松发声：凭心做事，天必佑之
https://new.qq.com/rain/a/20240818A06HX000

2024-08-19 02:00:12,105 - INFO - EXPIRED
山西孝义一满载演出人员的城乡巴士发生事故，当地：两名女士现场身亡
https://new.qq.com/rain/a/20240818A05NSU00

2024-08-19 02:00:12,105 - INFO - EXPIRED
原派出所所长实名举报界首市官商勾结，安徽省纪委监委：已关注
https://new.qq.com/rain/a/20240818A062JV00

2024-08-19 02:00:12,105 - INFO - EXPIRED
山东一男子带两孩子落水，派出所：三人溺亡，孩子滑落，父亲跳水救人
https://new.qq.com/rain/a/20240818A04M6K00

2024-08-19 02:00:12,105 - INFO - EXPIRED
台湾海峡管控能力，正在发生变化
https://new.qq.com/rain/a/20240818A05FUA00

2024-08-19 02:00:12,105 - INFO - EXPIRED
3岁女童被生父及女友虐待致死案将开庭 生母：放弃民事赔偿盼顶格处罚
https://new.qq.com/rain/a/20240818A04TF300

2024-08-19 02:00:12,105 - INFO - EXPIRED
富人演穷人遭炮轰，徐峥坦言：希望大家能给外卖员一个好评、加个鸡腿
https://new.qq.com/rain/a/20240817V07ZF800

2024-08-19 02:00:12,105 - INFO - EXPIRED
游客踩兵马俑坑送发烧抽搐孩子就医 文旅局：确实人多 已沟通有关单位
https://new.qq.com/rain/a/20240818A02YJB00

2024-08-19 02:00:12,105 - INFO - EXPIRED
价格集体跳水！多家茶饮重回10元以下，网友：卷起来，喜闻乐见 
https://new.qq.com/rain/a/20240815A064IZ00

2024-08-19 02:00:12,105 - INFO - EXPIRED
天才少年“稚晖君”推“0元”机器人，供应链国产化率约90%
https://new.qq.com/rain/a/20240818A05OYV00

2024-08-19 02:00:12,105 - INFO - EXPIRED
李在明再次当选韩国最大在野党共同民主党党首
https://new.qq.com/rain/a/20240818A05KJB00

2024-08-19 02:00:12,105 - INFO - EXPIRED
吉林东北虎园一杂技演员从空中坠落倒地不起，景区：表演将暂停
https://new.qq.com/rain/a/20240818A05FDX00

2024-08-19 02:00:12,105 - INFO - EXPIRED
江西崇仁县一餐厅包厢吊顶坠落致1人死亡，官方：已责令饭店停业整顿
https://new.qq.com/rain/a/20240818A05F2I00

2024-08-19 02:00:12,105 - INFO - EXPIRED
170多只A股宣布中期分红 中国移动预计分红金额最高超500亿
https://new.qq.com/rain/a/20240818A0432X00

2024-08-19 02:00:12,105 - INFO - EXPIRED
张学良将军之子张闾琳逝世，享年94岁
https://new.qq.com/rain/a/20240818A035OT00

2024-08-19 02:00:12,105 - INFO - EXPIRED
泰国新任总理：希望与中国展开更多合作
https://new.qq.com/rain/a/20240818A04AJE00

2024-08-19 02:00:12,105 - INFO - EXPIRED
金城医药董事长被立案调查，其父刚套现超4000万，公司股价上演过山车
https://new.qq.com/rain/a/20240818A04J2K00

2024-08-19 02:00:12,105 - INFO - EXPIRED
原派出所所长举报安徽界首市首富和官员同流合污？称蒙冤被关押2年
https://new.qq.com/rain/a/20240818V028MK00

2024-08-19 02:00:12,105 - INFO - EXPIRED
俄核电站城市上空发出巨大爆炸声，泽连斯基敢炸核电站吗？会引发什么后果？
https://view.inews.qq.com/a/20240818Q02FD800

2024-08-19 02:00:12,105 - INFO - EXPIRED
徐峥在线惊呼乱七八糟！为体验生活送外卖，一天仅送12单，未被人认出
https://new.qq.com/rain/a/20240817V07Y2H00

2024-08-19 02:00:12,105 - INFO - EXPIRED
外媒：泰国国王正式批准佩通坦出任新总理，佩通坦在仪式现场与父亲他信拥抱
https://new.qq.com/rain/a/20240818A033D700

2024-08-19 02:00:12,105 - INFO - EXPIRED
中美在“紧张贸易局势”下展开金融对话，能谈什么
https://new.qq.com/rain/a/20240817A07JXR00

2024-08-19 02:00:12,105 - INFO - EXPIRED
湖北红安一桥梁景观亮化悬索脱落，官方：不影响桥梁结构安全
https://new.qq.com/rain/a/20240818A041GL00

2024-08-19 02:00:12,105 - INFO - EXPIRED
以军轰炸加沙一处帐篷营地已致17人死亡 其中8名儿童来自同一家庭
https://new.qq.com/rain/a/20240818V0405900

2024-08-19 02:00:12,105 - INFO - EXPIRED
奥运冠军陈芋汐同济大学报到，“眼镜飞人”徐卓一将成同班同学
https://new.qq.com/rain/a/20240818A03SK400

2024-08-19 02:00:12,105 - INFO - EXPIRED
男子凌晨蒙面持美工刀割伤熟睡同事喉部，嫌疑人行拘10天后已被刑拘
https://new.qq.com/rain/a/20240818A03STO00

2024-08-19 02:00:12,105 - INFO - EXPIRED
英国伦敦地标建筑萨默塞特宫发生火灾，馆内藏有画家梵高知名画作
https://new.qq.com/rain/a/20240818A00TQT00

2024-08-19 02:00:12,105 - INFO - EXPIRED
将中国男足送进18强赛！40岁新加坡门将哈桑·桑尼宣布从国家队退役
https://new.qq.com/rain/a/20240818A03LDW00

2024-08-19 02:00:12,105 - INFO - EXPIRED
来电科技创始人袁冰松与合作伙伴同时失联，或涉国有资产流失
https://new.qq.com/rain/a/20240818A02N3400

2024-08-19 02:00:12,105 - INFO - EXPIRED
超级牛散章建平借用岳父证券账户被罚50万，如何界定是资金打理还是违规借用？
https://view.inews.qq.com/a/20240818Q01N9R00

2024-08-19 02:00:12,105 - INFO - EXPIRED
台湾长荣桂冠酒店剪中国国旗惹众怒，主厨再发声：明摆是故意的
https://new.qq.com/rain/a/20240818V02JOL00

2024-08-19 02:00:12,105 - INFO - EXPIRED
多地优化调整批量撤销议事协调机构：有乡镇清理出上百个
https://new.qq.com/rain/a/20240818A00VKQ00

2024-08-19 02:00:12,105 - INFO - EXPIRED
“两弹一星功勋奖章”获得者周光召逝世，享年95岁
https://new.qq.com/rain/a/20240818A032CA00

2024-08-19 02:00:12,105 - INFO - EXPIRED
何立峰将与俄方共同主持召开中俄总理定期会晤委员会第二十八次会议
https://new.qq.com/rain/a/20240818A02VC800

2024-08-19 02:00:12,105 - INFO - EXPIRED
“中国高校第一股”连续10年财务造假后立案，律师：股民索赔可期
https://new.qq.com/rain/a/20240818A01XTG00

2024-08-19 02:00:12,105 - INFO - EXPIRED
河南汝州遭清退事业编制人员讲述招聘经过，平顶山人社局回应
https://new.qq.com/rain/a/20240818A027DW00

2024-08-19 02:00:12,105 - INFO - EXPIRED
江苏泰州市兴化市发生3.0级地震，震源深度8千米
https://new.qq.com/rain/a/20240818A02YJP00

2024-08-19 02:00:12,105 - INFO - EXPIRED
揭秘SpaceX首次太空行走任务：前往人类50多年从未达到过的高度
https://new.qq.com/rain/a/20240818A02MRT00

2024-08-19 02:00:12,105 - INFO - EXPIRED
乌克兰首都基辅拉响防空警报
https://new.qq.com/rain/a/20240818A02SRH00

2024-08-19 02:00:12,105 - INFO - EXPIRED
昆明警方在危险水域投放了2222根防溺水竹竿，这有效吗？何不投放救生圈？
https://view.inews.qq.com/a/20240818Q00OF600

2024-08-19 02:00:12,105 - INFO - EXPIRED
境外间谍利用风塔进行非法活动，国家安全部发布防范提示
https://new.qq.com/rain/a/20240818A00WH900

2024-08-19 02:00:12,105 - INFO - EXPIRED
网传“女生在泳池内被男生轮流抱摔霸凌”，西安警方通报
https://new.qq.com/rain/a/20240817A06NP000

2024-08-19 02:00:12,105 - INFO - EXPIRED
被举报穿着清凉的老板娘晒病历单回应受伤质疑：右小指甲床部分淤血
https://new.qq.com/rain/a/20240818V0211G00

2024-08-19 02:00:12,105 - INFO - EXPIRED
男子倚长城拍照差点推掉一块砖，这算破坏文物吗？会被罚款吗？
https://view.inews.qq.com/a/20240817Q07JNI00

2024-08-19 02:00:12,105 - INFO - EXPIRED
越共中央总书记、国家主席苏林抵达广州开启访华行程
https://new.qq.com/rain/a/20240818A01R1O00

2024-08-19 02:00:12,106 - INFO - EXPIRED
太吓人遭投诉？8岁孩子看《异形》吓到不适，家长要求影院退票并赔偿
https://new.qq.com/rain/a/20240818A019PX00

2024-08-19 02:00:12,106 - INFO - EXPIRED
实拍：俄罗斯堪察加东岸远海发生7.0级地震 震前当地一火山喷发
https://new.qq.com/rain/a/20240818V01TJ500

2024-08-19 02:00:12,106 - INFO - EXPIRED
西安金地物业被指撬门占用业主空置别墅，业主：协商赔十万只收到五万
https://new.qq.com/rain/a/20240818A01SEV00

2024-08-19 02:00:12,106 - INFO - EXPIRED
全红婵“疯疯癫癫”、李发彬妻子是“菜贩子”？嘲讽者的傲慢与偏见
https://new.qq.com/rain/a/20240817A0503100

2024-08-19 02:00:12,106 - INFO - EXPIRED
谷歌又一次陷入麻烦 这回捅了“互联网评测博主”的职业底线
https://new.qq.com/rain/a/20240818A00L2700

2024-08-19 02:00:12,628 - INFO - INVALID
足协原副主席李毓毅一审宣判：判处有期徒刑十一年，并处罚金100万元
https://new.qq.com/rain/a/20240819A011X600

2024-08-19 02:00:12,632 - INFO - INVALID
涌入辽宁阜新抢4万元低价房的年轻人：有人成网红，有人做中介云卖房
https://new.qq.com/rain/a/20240819A00FDN00

2024-08-19 02:00:12,644 - INFO - INVALID
被派出所原所长实名举报的纪委副书记：曾督导不正之风整治
https://new.qq.com/rain/a/20240819A0044N00

2024-08-19 02:00:12,690 - INFO - INVALID
拒绝已婚女性从事iPhone组装？富士康董事长在印度回应：招聘不分性别
https://new.qq.com/rain/a/20240819A00ZM100

2024-08-19 02:00:12,714 - INFO - INVALID
菲海警船故意冲撞中方海警舰艇 中国海警：正告菲方停止侵权挑衅
https://new.qq.com/rain/a/20240819A00BG300

2024-08-19 02:00:12,949 - INFO - INVALID
巴以和谈已至关键时刻？布林肯抵达以色列 斡旋加沙停火
https://new.qq.com/rain/a/20240819A013QR00

2024-08-19 02:00:12,973 - INFO - INVALID
A股三大指数翻红，沪指一度站上2900点，跨境支付等涨幅居前
https://new.qq.com/rain/a/20240819A01FB000

2024-08-19 02:00:12,997 - ERROR - ERROR
现场直击：越南国家主席一下飞机就同中方热聊
https://new.qq.com/rain/a/20240819V012X700
('list index out of range',)
======
Traceback (most recent call last):
  File "/home/runner/work/qqnews/qqnews/qq.py", line 81, in process_article
    ss = str(tmpbs.select("div.LEFT div.content.clearfix")[0])
             ~~~~~~~~~~~~~~~~~~~~~~~~~~~~~~~~~~~~~~~~~~~~~^^^
IndexError: list index out of range


2024-08-19 02:00:13,120 - INFO - INVALID
云南威信县沟头煤矿事故：3名失联者已有1人遇难，仍在搜救
https://new.qq.com/rain/a/20240819A01KTH00

2024-08-19 02:00:13,282 - INFO - INVALID
港股开盘：两大指数高开，恒生科技指数涨1.66%，京东集团涨超5%
https://new.qq.com/rain/a/20240819A01CSI00

2024-08-19 02:00:13,326 - INFO - INVALID
来电科技创始人失联风波背后：“充电宝” 困在租赁模式里
https://new.qq.com/rain/a/20240819A00PKB00

2024-08-19 02:00:13,370 - INFO - INVALID
国家安全部披露案例：境外间谍诱骗学生拍摄涉密科研基地照片
https://new.qq.com/rain/a/20240819A00MOZ00

2024-08-19 02:00:13,447 - INFO - INVALID
全红婵：冠军也没有特别好，不知为什么拿了冠军也不是特开心
https://new.qq.com/rain/a/20240819A0098600

2024-08-19 02:00:13,470 - INFO - INVALID
我在加沙当医生，救助流产的妇女和被性侵的孩子
https://new.qq.com/rain/a/20240819A00QMI00

2024-08-19 02:00:13,631 - INFO - INVALID
白俄罗斯军方：白方将对边界沿线局势变化做出适当反应
https://new.qq.com/rain/a/20240819A008ZN00

2024-08-19 02:00:13,670 - INFO - INVALID
社保基金：加大对关系国民经济命脉和国计民生的战略性、基础性领域的长期股权投资力度
https://new.qq.com/rain/a/20240819A00K4W00

2024-08-19 02:00:13,901 - INFO - INVALID
“泡沫恐慌”蔓延，AI热潮是否会重演互联网泡沫
https://new.qq.com/rain/a/20240819A0021U00

