2025-10-10 00:38:13,892 - INFO - Total time taken: {'ret': 0, 'msg': 'success', 'data': None}
2025-10-10 00:38:13,892 - INFO - 'NoneType' object is not subscriptable
2025-10-10 00:38:13,892 - INFO - Traceback (most recent call last):
  File "/home/runner/work/qqnews/qqnews/qq.py", line 128, in main
    for i in qq1["data"]["list"]:
             ~~~~~~~~~~~^^^^^^^^
TypeError: 'NoneType' object is not subscriptable

2025-10-10 02:15:57,641 - INFO - Total time taken: {'ret': 0, 'msg': 'success', 'data': None}
2025-10-10 02:15:57,641 - INFO - 'NoneType' object is not subscriptable
2025-10-10 02:15:57,642 - INFO - Traceback (most recent call last):
  File "/home/runner/work/qqnews/qqnews/qq.py", line 128, in main
    for i in qq1["data"]["list"]:
             ~~~~~~~~~~~^^^^^^^^
TypeError: 'NoneType' object is not subscriptable

2025-10-10 03:25:36,001 - INFO - Total time taken: {'ret': 0, 'msg': 'success', 'data': None}
2025-10-10 03:25:36,001 - INFO - 'NoneType' object is not subscriptable
2025-10-10 03:25:36,002 - INFO - Traceback (most recent call last):
  File "/home/runner/work/qqnews/qqnews/qq.py", line 128, in main
    for i in qq1["data"]["list"]:
             ~~~~~~~~~~~^^^^^^^^
TypeError: 'NoneType' object is not subscriptable

2025-10-10 04:01:29,383 - INFO - Total time taken: {'ret': 0, 'msg': 'success', 'data': None}
2025-10-10 04:01:29,383 - INFO - 'NoneType' object is not subscriptable
2025-10-10 04:01:29,384 - INFO - Traceback (most recent call last):
  File "/home/runner/work/qqnews/qqnews/qq.py", line 128, in main
    for i in qq1["data"]["list"]:
             ~~~~~~~~~~~^^^^^^^^
TypeError: 'NoneType' object is not subscriptable

2025-10-10 05:01:27,384 - INFO - Total time taken: {'ret': 0, 'msg': 'success', 'data': None}
2025-10-10 05:01:27,384 - INFO - 'NoneType' object is not subscriptable
2025-10-10 05:01:27,385 - INFO - Traceback (most recent call last):
  File "/home/runner/work/qqnews/qqnews/qq.py", line 128, in main
    for i in qq1["data"]["list"]:
             ~~~~~~~~~~~^^^^^^^^
TypeError: 'NoneType' object is not subscriptable

2025-10-10 06:01:23,521 - INFO - Total time taken: {'ret': 0, 'msg': 'success', 'data': None}
2025-10-10 06:01:23,521 - INFO - 'NoneType' object is not subscriptable
2025-10-10 06:01:23,522 - INFO - Traceback (most recent call last):
  File "/home/runner/work/qqnews/qqnews/qq.py", line 128, in main
    for i in qq1["data"]["list"]:
             ~~~~~~~~~~~^^^^^^^^
TypeError: 'NoneType' object is not subscriptable

2025-10-10 07:01:29,342 - INFO - Total time taken: {'ret': 0, 'msg': 'success', 'data': None}
2025-10-10 07:01:29,342 - INFO - 'NoneType' object is not subscriptable
2025-10-10 07:01:29,343 - INFO - Traceback (most recent call last):
  File "/home/runner/work/qqnews/qqnews/qq.py", line 128, in main
    for i in qq1["data"]["list"]:
             ~~~~~~~~~~~^^^^^^^^
TypeError: 'NoneType' object is not subscriptable

2025-10-10 08:01:22,476 - INFO - Total time taken: {'ret': 0, 'msg': 'success', 'data': None}
2025-10-10 08:01:22,476 - INFO - 'NoneType' object is not subscriptable
2025-10-10 08:01:22,477 - INFO - Traceback (most recent call last):
  File "/home/runner/work/qqnews/qqnews/qq.py", line 128, in main
    for i in qq1["data"]["list"]:
             ~~~~~~~~~~~^^^^^^^^
TypeError: 'NoneType' object is not subscriptable

2025-10-10 09:01:17,344 - INFO - Total time taken: {'ret': 0, 'msg': 'success', 'data': None}
2025-10-10 09:01:17,345 - INFO - 'NoneType' object is not subscriptable
2025-10-10 09:01:17,345 - INFO - Traceback (most recent call last):
  File "/home/runner/work/qqnews/qqnews/qq.py", line 128, in main
    for i in qq1["data"]["list"]:
             ~~~~~~~~~~~^^^^^^^^
TypeError: 'NoneType' object is not subscriptable

2025-10-10 10:01:35,328 - INFO - Total time taken: {'ret': 0, 'msg': 'success', 'data': None}
2025-10-10 10:01:35,329 - INFO - 'NoneType' object is not subscriptable
2025-10-10 10:01:35,329 - INFO - Traceback (most recent call last):
  File "/home/runner/work/qqnews/qqnews/qq.py", line 128, in main
    for i in qq1["data"]["list"]:
             ~~~~~~~~~~~^^^^^^^^
TypeError: 'NoneType' object is not subscriptable

2025-10-10 11:01:18,678 - INFO - Total time taken: {'ret': 0, 'msg': 'success', 'data': None}
2025-10-10 11:01:18,678 - INFO - 'NoneType' object is not subscriptable
2025-10-10 11:01:18,679 - INFO - Traceback (most recent call last):
  File "/home/runner/work/qqnews/qqnews/qq.py", line 128, in main
    for i in qq1["data"]["list"]:
             ~~~~~~~~~~~^^^^^^^^
TypeError: 'NoneType' object is not subscriptable

2025-10-10 12:16:11,314 - INFO - Total time taken: {'ret': 0, 'msg': 'success', 'data': None}
2025-10-10 12:16:11,315 - INFO - 'NoneType' object is not subscriptable
2025-10-10 12:16:11,315 - INFO - Traceback (most recent call last):
  File "/home/runner/work/qqnews/qqnews/qq.py", line 128, in main
    for i in qq1["data"]["list"]:
             ~~~~~~~~~~~^^^^^^^^
TypeError: 'NoneType' object is not subscriptable

2025-10-10 13:19:52,482 - INFO - Total time taken: {'ret': 0, 'msg': 'success', 'data': None}
2025-10-10 13:19:52,482 - INFO - 'NoneType' object is not subscriptable
2025-10-10 13:19:52,482 - INFO - Traceback (most recent call last):
  File "/home/runner/work/qqnews/qqnews/qq.py", line 128, in main
    for i in qq1["data"]["list"]:
             ~~~~~~~~~~~^^^^^^^^
TypeError: 'NoneType' object is not subscriptable

2025-10-10 14:01:12,396 - INFO - Total time taken: {'ret': 0, 'msg': 'success', 'data': None}
2025-10-10 14:01:12,396 - INFO - 'NoneType' object is not subscriptable
2025-10-10 14:01:12,397 - INFO - Traceback (most recent call last):
  File "/home/runner/work/qqnews/qqnews/qq.py", line 128, in main
    for i in qq1["data"]["list"]:
             ~~~~~~~~~~~^^^^^^^^
TypeError: 'NoneType' object is not subscriptable

2025-10-10 15:01:20,314 - INFO - Total time taken: {'ret': 0, 'msg': 'success', 'data': None}
2025-10-10 15:01:20,314 - INFO - 'NoneType' object is not subscriptable
2025-10-10 15:01:20,314 - INFO - Traceback (most recent call last):
  File "/home/runner/work/qqnews/qqnews/qq.py", line 128, in main
    for i in qq1["data"]["list"]:
             ~~~~~~~~~~~^^^^^^^^
TypeError: 'NoneType' object is not subscriptable

