2025-10-19 00:44:09,070 - INFO - Total time taken: {'ret': 0, 'msg': 'success', 'data': None}
2025-10-19 00:44:09,070 - INFO - 'NoneType' object is not subscriptable
2025-10-19 00:44:09,071 - INFO - Traceback (most recent call last):
  File "/home/runner/work/qqnews/qqnews/qq.py", line 128, in main
    for i in qq1["data"]["list"]:
             ~~~~~~~~~~~^^^^^^^^
TypeError: 'NoneType' object is not subscriptable

2025-10-19 02:29:27,666 - INFO - Total time taken: {'ret': 0, 'msg': 'success', 'data': None}
2025-10-19 02:29:27,666 - INFO - 'NoneType' object is not subscriptable
2025-10-19 02:29:27,667 - INFO - Traceback (most recent call last):
  File "/home/runner/work/qqnews/qqnews/qq.py", line 128, in main
    for i in qq1["data"]["list"]:
             ~~~~~~~~~~~^^^^^^^^
TypeError: 'NoneType' object is not subscriptable

2025-10-19 03:38:49,321 - INFO - Total time taken: {'ret': 0, 'msg': 'success', 'data': None}
2025-10-19 03:38:49,321 - INFO - 'NoneType' object is not subscriptable
2025-10-19 03:38:49,321 - INFO - Traceback (most recent call last):
  File "/home/runner/work/qqnews/qqnews/qq.py", line 128, in main
    for i in qq1["data"]["list"]:
             ~~~~~~~~~~~^^^^^^^^
TypeError: 'NoneType' object is not subscriptable

2025-10-19 04:12:17,391 - INFO - Total time taken: {'ret': 0, 'msg': 'success', 'data': None}
2025-10-19 04:12:17,391 - INFO - 'NoneType' object is not subscriptable
2025-10-19 04:12:17,391 - INFO - Traceback (most recent call last):
  File "/home/runner/work/qqnews/qqnews/qq.py", line 128, in main
    for i in qq1["data"]["list"]:
             ~~~~~~~~~~~^^^^^^^^
TypeError: 'NoneType' object is not subscriptable

2025-10-19 05:01:10,597 - INFO - Total time taken: {'ret': 0, 'msg': 'success', 'data': None}
2025-10-19 05:01:10,597 - INFO - 'NoneType' object is not subscriptable
2025-10-19 05:01:10,598 - INFO - Traceback (most recent call last):
  File "/home/runner/work/qqnews/qqnews/qq.py", line 128, in main
    for i in qq1["data"]["list"]:
             ~~~~~~~~~~~^^^^^^^^
TypeError: 'NoneType' object is not subscriptable

2025-10-19 06:12:19,857 - INFO - Total time taken: {'ret': 0, 'msg': 'success', 'data': None}
2025-10-19 06:12:19,857 - INFO - 'NoneType' object is not subscriptable
2025-10-19 06:12:19,858 - INFO - Traceback (most recent call last):
  File "/home/runner/work/qqnews/qqnews/qq.py", line 128, in main
    for i in qq1["data"]["list"]:
             ~~~~~~~~~~~^^^^^^^^
TypeError: 'NoneType' object is not subscriptable

2025-10-19 07:01:17,006 - INFO - Total time taken: {'ret': 0, 'msg': 'success', 'data': None}
2025-10-19 07:01:17,007 - INFO - 'NoneType' object is not subscriptable
2025-10-19 07:01:17,007 - INFO - Traceback (most recent call last):
  File "/home/runner/work/qqnews/qqnews/qq.py", line 128, in main
    for i in qq1["data"]["list"]:
             ~~~~~~~~~~~^^^^^^^^
TypeError: 'NoneType' object is not subscriptable

