2024-07-28 04:07:22,834 - INFO - EXPIRED
博士生花7万5找人代写毕业论文，论文不达标将其告上法庭要求退钱，法院这样判
https://new.qq.com/rain/a/20240727A04A8U00

2024-07-28 04:07:22,834 - INFO - EXPIRED
河南安阳城郊公交停运，影响出行？官方：平均每趟载1-2人，亏损增加
https://new.qq.com/rain/a/20240727A069Z800

2024-07-28 04:07:22,834 - INFO - EXPIRED
又美又飒！郭晶晶担任跳水裁判长，现场给​“文雅组合”夺冠点赞
https://new.qq.com/rain/a/20240727A07TJT00

2024-07-28 04:07:22,834 - INFO - EXPIRED
“干饭哥”盛李豪启蒙恩师：他13岁曾60枪打出满分600环 当时就震惊了
https://new.qq.com/rain/a/20240727A06CW000

2024-07-28 04:07:22,834 - INFO - EXPIRED
奥运冠军style！陈艺文“公主抱”昌雅妮 英美对手纷纷效仿
https://new.qq.com/rain/a/20240727V075B000

2024-07-28 04:07:22,834 - INFO - EXPIRED
河南三门峡一男子连踢7次行驶中公交驾驶室，涉事男子尚未被找到
https://new.qq.com/rain/a/20240727A05BKD00

2024-07-28 04:07:22,834 - INFO - EXPIRED
高薪兼职套路多，小心成为诈骗分子的洗钱工具人
https://new.qq.com/rain/a/20240726V09AMH00

2024-07-28 04:07:22,834 - INFO - EXPIRED
北京中轴线申遗成功，这条“线”特别在哪里？申遗要满足什么条件？
https://view.inews.qq.com/a/20240727Q07J5X00

2024-07-28 04:07:22,834 - INFO - EXPIRED
奥运紫色跑道和薄荷粉攀岩墙，观赛体验会更好吗？运动员比赛时会眼花吗？
https://view.inews.qq.com/a/20240727Q07BW100

2024-07-28 04:07:22,834 - INFO - EXPIRED
华中科技大学学生谈中信建投实习生：他性格张扬，通过武术队进校就读
https://new.qq.com/rain/a/20240727A082H800

2024-07-28 04:07:22,834 - INFO - EXPIRED
王毅阐明中方在南海问题上的严正立场
https://new.qq.com/rain/a/20240727A0887F00

2024-07-28 04:07:22,834 - INFO - EXPIRED
令人窒息！卧室被安装摄像头，大二女生拉黑父母后向警察“备案”
https://new.qq.com/rain/a/20240726A07XJY00

2024-07-28 04:07:22,834 - INFO - EXPIRED
4起民事案件三胜一败！江歌妈妈获赔27万元：待判决生效赔偿款将捐给社会
https://new.qq.com/rain/a/20240727A050KM00

2024-07-28 04:07:22,834 - INFO - EXPIRED
河南永城一公司铝棒结晶器爆炸致5死14伤，业内：会产生超700℃高温
https://new.qq.com/rain/a/20240727A0753Y00

2024-07-28 04:07:22,834 - INFO - EXPIRED
王毅会见美国国务卿布林肯
https://new.qq.com/rain/a/20240727A07O4V00

2024-07-28 04:07:22,834 - INFO - EXPIRED
长沙警方通报机动车撞人案：致8死5伤，犯罪嫌疑人已被控制
https://new.qq.com/rain/a/20240727A06ISP00

2024-07-28 04:07:22,834 - INFO - EXPIRED
泽连斯基承认乌军前线形势困难，已要求指挥部门强化阵地
https://new.qq.com/rain/a/20240727A06JGX00

2024-07-28 04:07:22,834 - INFO - EXPIRED
变相四次降息？耶伦坚决否认， 华尔街热议：美国财政部有没有“变相QE”
https://new.qq.com/rain/a/20240727A07PNY00

2024-07-28 04:07:22,834 - INFO - EXPIRED
美媒：美国土安全部等执法机构调查俄亥俄州28个地点，包括福耀玻璃代顿工厂，福耀美国公司回应
https://new.qq.com/rain/a/20240727A076DU00

2024-07-28 04:07:22,834 - INFO - EXPIRED
事涉实习生 中信建投证券再发重要声明
https://new.qq.com/rain/a/20240727A07G0Z00

2024-07-28 04:07:22,834 - INFO - EXPIRED
击剑选手孙一文疑遭误判被淘汰，没被刺中也会亮红灯吗？为何申诉被驳回？
https://view.inews.qq.com/a/20240727Q0890I00

2024-07-28 04:07:22,834 - INFO - EXPIRED
2008年因亡妻走红的奥运冠军，转身娶了美女主持，近照大变样
https://new.qq.com/rain/a/20240727A07WVU00

2024-07-28 04:07:22,834 - INFO - EXPIRED
10米气步枪靶纸10环直径仅0.5毫米，打中有多难？运动员能转行当狙击手吗？
https://view.inews.qq.com/a/20240727Q06YNY00

2024-07-28 04:07:22,834 - INFO - EXPIRED
“山东19万文科生滑档”为谣言 警方：系为招揽生意发布 已被拘留5天
https://new.qq.com/rain/a/20240727A076NB00

2024-07-28 04:07:22,834 - INFO - EXPIRED
美国共和党内部动摇：要是特朗普输了，就怪他选的搭档万斯
https://new.qq.com/rain/a/20240727A04A2I00

2024-07-28 04:07:22,834 - INFO - EXPIRED
美股七巨头的“至暗时刻”：2万亿美元市值蒸发，生成式AI业务难赚钱
https://new.qq.com/rain/a/20240727A05IT000

2024-07-28 04:07:22,834 - INFO - EXPIRED
巴黎奥运会开幕式上哪些元素令人费解？如何向普通中国人解释其中含义？
https://view.inews.qq.com/a/20240727Q06Y8Q00

2024-07-28 04:07:22,834 - INFO - EXPIRED
台湾屏东县海域发生4.5级地震，震源深度28千米
https://new.qq.com/rain/a/20240727A07ASH00

2024-07-28 04:07:22,834 - INFO - EXPIRED
复旦教授严锋批董宇辉告别信华而不实，写得真这么差吗？你读懂了吗？
https://view.inews.qq.com/a/20240727Q02TM300

2024-07-28 04:07:22,834 - INFO - EXPIRED
首金颁奖仪式！盛李豪和黄雨婷获得金牌 五星红旗高高升起
https://new.qq.com/rain/a/20240727V06PGJ00

2024-07-28 04:07:22,834 - INFO - EXPIRED
中信建投研习生自称“亚锦赛冠军”，学校官网称王某楚“获拳术金牌”
https://new.qq.com/rain/a/20240727A05WGV00

2024-07-28 04:07:22,834 - INFO - EXPIRED
菲对仁爱礁“坐滩”军舰进行运补，中国外交部发言人发声
https://new.qq.com/rain/a/20240727A05RAB00

2024-07-28 04:07:22,834 - INFO - EXPIRED
金正恩参谒中朝友谊塔
https://new.qq.com/rain/a/20240727A05KLW00

2024-07-28 04:07:22,834 - INFO - EXPIRED
申遗成功，“北京中轴线”被列入《世界遗产名录》
https://new.qq.com/rain/a/20240727A04KTN00

2024-07-28 04:07:22,834 - INFO - EXPIRED
蔚来官宣全球首颗5nm车规级芯片流片成功，李斌称“性能超出预期”
https://new.qq.com/rain/a/20240727A05OL500

2024-07-28 04:07:22,834 - INFO - EXPIRED
农村大龄男青年婚配困境：“光棍”群体污名化易催生负面情绪
https://new.qq.com/rain/a/20240727A00R8Z00

2024-07-28 04:07:22,834 - INFO - EXPIRED
巴黎奥运会开幕，如何评价这次开幕式？有哪些亮点和槽点？
https://view.inews.qq.com/a/20240727Q03OWU00

2024-07-28 04:07:22,834 - INFO - EXPIRED
为等外籍人士登机造成航班延误？上海航空回应
https://new.qq.com/rain/a/20240727A02KC400

2024-07-28 04:07:22,834 - INFO - EXPIRED
何忠友任新疆生产建设兵团党委书记
https://new.qq.com/rain/a/20240727A03Q5200

2024-07-28 04:07:22,834 - INFO - EXPIRED
美国联邦调查局：特朗普在“未遂刺杀”中被子弹击中
https://new.qq.com/rain/a/20240727A014GA00

2024-07-28 04:07:22,834 - INFO - EXPIRED
伪造身份成为菲律宾市长的华人女生，和她的黑产帝国兴亡史
https://new.qq.com/rain/a/20240726A08SU400

2024-07-28 04:07:22,834 - INFO - EXPIRED
巴黎奥运开幕式是太好看还是太抽象？我看不懂是他们的问题还是我的问题？
https://view.inews.qq.com/a/20240727Q01ZDR00

2024-07-28 04:07:22,834 - INFO - EXPIRED
广西玉林通报一起持刀伤人案件：犯罪嫌疑人被当场控制，伤者已送医无生命危险
https://new.qq.com/rain/a/20240727A011V600

2024-07-28 04:07:22,834 - INFO - EXPIRED
中国海警局新闻发言人就菲向“坐滩”仁爱礁军舰运补发表谈话
https://new.qq.com/rain/a/20240727A03XW900

2024-07-28 04:07:22,834 - INFO - EXPIRED
武汉大学：“雷军班”首次招生，受到众多绝对高分考生青睐
https://new.qq.com/rain/a/20240727A040JC00

2024-07-28 04:07:22,835 - INFO - EXPIRED
疯狂的烟卡游戏：6名儿童为获烟卡盗窃6万元高档香烟，专家称堵不如疏
https://new.qq.com/rain/a/20240726A05GWF00

2024-07-28 04:07:22,835 - INFO - EXPIRED
小作文事件时，董宇辉没走，为什么现在还是走了？
https://view.inews.qq.com/a/20240726Q08RC500

2024-07-28 04:07:22,835 - INFO - EXPIRED
乌克兰：首批7名女囚已在乌军服役，以换取假释
https://new.qq.com/rain/a/20240726A0AJ3T00

2024-07-28 04:07:22,835 - INFO - EXPIRED
统计局：工业企业效益平稳恢复，积极扩大国内需求，畅通国民经济循环
https://new.qq.com/rain/a/20240727A01SOP00

2024-07-28 04:07:22,835 - INFO - EXPIRED
特朗普离开白宫后首次与内塔尼亚胡会面：我们关系好得很
https://new.qq.com/rain/a/20240727A00ERP00

2024-07-28 04:07:22,835 - INFO - EXPIRED
河南永城一工业园区发生爆炸致5死14伤 企业负责人已被控制
https://new.qq.com/rain/a/20240727A027HY00

2024-07-28 04:07:22,835 - INFO - EXPIRED
“我又不是你奴隶”，女子提前3分钟敲门办业务惹怒交警，交警队回应
https://new.qq.com/rain/a/20240726A08ST200

2024-07-28 04:07:22,835 - INFO - EXPIRED
奥巴马宣布支持哈里斯，为什么过了好几天才宣布？这期间可能考虑了什么？
https://view.inews.qq.com/a/20240727Q00VY200

2024-07-28 04:07:22,835 - INFO - EXPIRED
浙江衢州17岁少年打水漂突破403下将近100米，此前曾拿下全国水漂冠军
https://new.qq.com/rain/a/20240726A0AGV600

2024-07-28 04:07:22,835 - INFO - EXPIRED
15亿欧元资产收益被欧盟移交乌克兰，俄罗斯回应：不会置之不理！
https://new.qq.com/rain/a/20240727A00IHN00

2024-07-28 04:07:22,835 - INFO - EXPIRED
“80后”邴浩履新北京市西城区副区长，著有《清华少年说》
https://new.qq.com/rain/a/20240726A0A7VP00

2024-07-28 04:07:22,835 - INFO - EXPIRED
新疆西藏跟团游多人被甩半路，旅行社称资金链断裂业务暂停
https://new.qq.com/rain/a/20240726A0A3FF00

2024-07-28 04:07:22,835 - INFO - EXPIRED
湖北、黑龙江、云南为数百名受举报干部澄清正名，多人因诬告被查处
https://new.qq.com/rain/a/20240726A09XQZ00

2024-07-28 04:07:22,835 - INFO - EXPIRED
被控受贿超1亿元，广西玉林市委原常委、秘书长邹宇鹏受审
https://new.qq.com/rain/a/20240726A09NJS00

2024-07-28 04:07:22,835 - INFO - EXPIRED
一个月内，解放军多支力量分赴欧、亚、非多国参加活动
https://new.qq.com/rain/a/20240726A09M8L00

2024-07-28 04:07:22,835 - INFO - EXPIRED
王毅会见菲律宾外长：菲如引入美国中导系统，将引发军备竞赛
https://new.qq.com/rain/a/20240727A00DUB00

2024-07-28 04:07:22,835 - INFO - EXPIRED
重庆物业费新规实施，部分小区业主提降费诉求，有物业主动降了20%
https://new.qq.com/rain/a/20240726A08KB400

2024-07-28 04:07:22,835 - INFO - EXPIRED
不办卡，不囤课，“穷鬼健身”火了
https://new.qq.com/rain/a/20240726A03MGC00

2024-07-28 04:07:22,835 - INFO - EXPIRED
李佩霞父亲接受新黄河采访：在外省与上饶市委联合调查组会面，被举报县委书记当晚落马
https://new.qq.com/rain/a/20240726A0AK8Q00

2024-07-28 04:07:22,835 - INFO - EXPIRED
中日汇率飙涨，正让美元资产非常难受
https://new.qq.com/rain/a/20240726A08R6Z00

2024-07-28 04:07:22,835 - INFO - EXPIRED
巴黎奥运开幕式各代表团礼服变顶奢秀场，里边有什么门道儿？你最喜欢哪套？
https://view.inews.qq.com/a/20240726Q0922900

2024-07-28 04:07:22,835 - INFO - EXPIRED
被举报性侵女下属的江西万年县委书记毛奇被查，主动向组织交代问题
https://new.qq.com/rain/a/20240726A0ABP200

2024-07-28 04:07:22,835 - INFO - EXPIRED
对话举报县委书记的老教师：担心女儿生命安全，被逼躲外省实名举报
https://new.qq.com/rain/a/20240726A09G9W00

2024-07-28 04:07:22,835 - INFO - EXPIRED
宁德时代仍未摆脱业绩颓势，上半年营收首次同比下滑近12%
https://new.qq.com/rain/a/20240726A09WLK00

2024-07-28 04:07:22,835 - INFO - EXPIRED
连线中信建投实习生：对造成不良影响深表道歉 网上身份信息均不实
https://new.qq.com/rain/a/20240726A08R3200

2024-07-28 04:07:22,835 - INFO - EXPIRED
中信建投开保时捷炫富实习生疑是体育学院学生，非金融专业去券商实习难吗？
https://view.inews.qq.com/a/20240726Q09BVN00

2024-07-28 04:07:22,835 - INFO - EXPIRED
银行集体降息24小时：有储户冒雨咨询，部分银行实际利率高于挂牌利率
https://new.qq.com/rain/a/20240726A08IPD00

2024-07-28 04:07:22,835 - INFO - EXPIRED
无法毕业的博士生
https://new.qq.com/rain/a/20240726A05L6F00

2024-07-28 04:07:22,835 - INFO - EXPIRED
外媒曝：哈里斯表态让内塔尼亚胡“措手不及”，后者认为她比拜登语气“更严厉”
https://new.qq.com/rain/a/20240726A09BH400

2024-07-28 04:07:22,835 - INFO - EXPIRED
招商银行一员工申请13天婚假遭行长辱骂？银行：有处理结果会对外公布
https://new.qq.com/rain/a/20240726A07SE100

2024-07-28 04:07:22,835 - INFO - EXPIRED
“最强地级市”强势回归！上半年苏州GDP劲增6.2%
https://new.qq.com/rain/a/20240726A086LE00

2024-07-28 04:07:22,835 - INFO - EXPIRED
多个高校学院召开师德师风会议，部分通报了人民大学王贵元案
https://new.qq.com/rain/a/20240726A098VZ00

2024-07-28 04:07:22,835 - INFO - EXPIRED
据预测奥运会期间巴黎或将达到26.7摄氏度，这会影响运动员正常发挥吗？
https://view.inews.qq.com/a/20240726Q03H9K00

2024-07-28 04:07:22,835 - INFO - EXPIRED
证监会：研究谋划进一步全面深化资本市场改革开放的一揽子举措
https://new.qq.com/rain/a/20240726A08CLV00

2024-07-28 04:07:22,835 - INFO - EXPIRED
东方甄选股东电话会1小时全程音频，俞敏洪回应剥离与辉同行
https://new.qq.com/rain/a/20240726V0855500

2024-07-28 04:07:22,835 - INFO - EXPIRED
3岁女童被父亲和同居女友殴打致死，生母曝光作案情节：发现孩子尿床，她用数据线抽打……
https://new.qq.com/rain/a/20240726A07NPE00

2024-07-28 04:07:23,339 - ERROR - ERROR
中国选手孙一文止步首轮 称“最后一剑没被刺中” 美国队教练拥抱安慰
https://new.qq.com/rain/a/20240728V02OC400
('list index out of range',)
======
Traceback (most recent call last):
  File "/home/runner/work/qqnews/qqnews/qq.py", line 81, in process_article
    ss = str(tmpbs.select("div.LEFT div.content.clearfix")[0])
             ~~~~~~~~~~~~~~~~~~~~~~~~~~~~~~~~~~~~~~~~~~~~~^^^
IndexError: list index out of range


2024-07-28 04:07:23,370 - INFO - INVALID
特朗普“遇刺”后计划恢复集会：拆掉绷带，说“我很好”
https://new.qq.com/rain/a/20240728A01W0X00

2024-07-28 04:07:23,428 - INFO - INVALID
57岁河南阿姨首次站上巴黎奥运赛场，她跟对手的年龄加起来超过100岁
https://new.qq.com/rain/a/20240728A00O4N00

2024-07-28 04:07:23,434 - INFO - INVALID
张雨霏：奥运场馆不适合“中国宝宝”体质，赛后想找个深山、关掉手机
https://new.qq.com/rain/a/20240728A0165K00

2024-07-28 04:07:23,585 - INFO - INVALID
萨摩亚一名拳击教练因“心脏骤停”在巴黎奥运村不幸离世
https://new.qq.com/rain/a/20240728A00J9400

2024-07-28 04:07:23,614 - INFO - INVALID
对话宁高宁：曾执掌四家世界500强央企，最难的是换掉自己提拔的人
https://new.qq.com/rain/a/20240728A01WVF00

2024-07-28 04:07:23,640 - INFO - INVALID
明天，“加强版”上证指数来了！开盘或在3200点附近
https://new.qq.com/rain/a/20240728A01S0R00

2024-07-28 04:07:23,688 - INFO - INVALID
最新中美外长会，这些话很是意味深长
https://new.qq.com/rain/a/20240728A0131I00

2024-07-28 04:07:23,857 - INFO - INVALID
武汉金凰百亿假黄金案中的金融机构：风控人员曾多次提示风险，高管被判刑后上诉
https://new.qq.com/rain/a/20240728A00YMY00

2024-07-28 04:07:23,907 - INFO - INVALID
以军方称黎真主党袭击戈兰高地一足球场致多人死亡，以媒：正在访美的内塔尼亚胡将提前回国
https://new.qq.com/rain/a/20240728A00ZF400

2024-07-28 04:07:23,913 - ERROR - ERROR
美国网红情侣生吃生蚝一死一重病 这种恶菌可致命
https://new.qq.com/rain/a/20240728V01LK500
('list index out of range',)
======
Traceback (most recent call last):
  File "/home/runner/work/qqnews/qqnews/qq.py", line 81, in process_article
    ss = str(tmpbs.select("div.LEFT div.content.clearfix")[0])
             ~~~~~~~~~~~~~~~~~~~~~~~~~~~~~~~~~~~~~~~~~~~~~^^^
IndexError: list index out of range


2024-07-28 04:07:23,997 - INFO - INVALID
巴黎奥运会：流动的狂欢和空瘪的钱包
https://new.qq.com/rain/a/20240728A003LA00

2024-07-28 04:07:24,004 - INFO - INVALID
特朗普承诺将比特币列为战略储备资产，投资者嫌弃不够激进
https://new.qq.com/rain/a/20240728A00SO100

2024-07-28 04:07:24,168 - INFO - INVALID
美国司法部指控TikTok收集用户敏感问题数据
https://new.qq.com/rain/a/20240728A0106000

2024-07-28 04:07:24,262 - INFO - INVALID
以色列官员：以方已向美国提交加沙停火协议最新提案
https://new.qq.com/rain/a/20240728A00XRU00

2024-07-28 04:07:24,266 - INFO - INVALID
以色列说黎巴嫩真主党袭击戈兰高地至少10人死亡
https://new.qq.com/rain/a/20240728A00J8300

2024-07-28 04:07:24,269 - INFO - INVALID
广西南宁回应“首套住房0首付”建议：风险多，房产价值可能缩水
https://new.qq.com/rain/a/20240728A012XQ00

2024-07-28 04:07:24,889 - ERROR - ERROR
张本智和_早田希娜负朝鲜组合，奥运乒乓球混双一轮游，为何会崩盘？对手什么来头？
https://view.inews.qq.com/a/20240728Q00DGF00
('list index out of range',)
======
Traceback (most recent call last):
  File "/home/runner/work/qqnews/qqnews/qq.py", line 81, in process_article
    ss = str(tmpbs.select("div.LEFT div.content.clearfix")[0])
             ~~~~~~~~~~~~~~~~~~~~~~~~~~~~~~~~~~~~~~~~~~~~~^^^
IndexError: list index out of range


2024-07-28 04:07:26,300 - INFO - EXIST
日月谭天 _ 戳穿“汉光40号”：演习做假、谋“独”坐实
https://new.qq.com/rain/a/20240728A004C100

