2025-12-01 00:52:47,950 - INFO - Total time taken: {'ret': 0, 'msg': 'success', 'data': None}
2025-12-01 00:52:47,950 - INFO - 'NoneType' object is not subscriptable
2025-12-01 00:52:47,951 - INFO - Traceback (most recent call last):
  File "/home/runner/work/qqnews/qqnews/qq.py", line 128, in main
    for i in qq1["data"]["list"]:
             ~~~~~~~~~~~^^^^^^^^
TypeError: 'NoneType' object is not subscriptable

2025-12-01 03:01:00,448 - INFO - Total time taken: {'ret': 0, 'msg': 'success', 'data': None}
2025-12-01 03:01:00,448 - INFO - 'NoneType' object is not subscriptable
2025-12-01 03:01:00,449 - INFO - Traceback (most recent call last):
  File "/home/runner/work/qqnews/qqnews/qq.py", line 128, in main
    for i in qq1["data"]["list"]:
             ~~~~~~~~~~~^^^^^^^^
TypeError: 'NoneType' object is not subscriptable

2025-12-01 04:39:41,570 - INFO - Total time taken: {'ret': 0, 'msg': 'success', 'data': None}
2025-12-01 04:39:41,570 - INFO - 'NoneType' object is not subscriptable
2025-12-01 04:39:41,570 - INFO - Traceback (most recent call last):
  File "/home/runner/work/qqnews/qqnews/qq.py", line 128, in main
    for i in qq1["data"]["list"]:
             ~~~~~~~~~~~^^^^^^^^
TypeError: 'NoneType' object is not subscriptable

2025-12-01 05:19:05,475 - INFO - Total time taken: {'ret': 0, 'msg': 'success', 'data': None}
2025-12-01 05:19:05,475 - INFO - 'NoneType' object is not subscriptable
2025-12-01 05:19:05,475 - INFO - Traceback (most recent call last):
  File "/home/runner/work/qqnews/qqnews/qq.py", line 128, in main
    for i in qq1["data"]["list"]:
             ~~~~~~~~~~~^^^^^^^^
TypeError: 'NoneType' object is not subscriptable

2025-12-01 06:15:57,576 - INFO - Total time taken: {'ret': 0, 'msg': 'success', 'data': None}
2025-12-01 06:15:57,576 - INFO - 'NoneType' object is not subscriptable
2025-12-01 06:15:57,576 - INFO - Traceback (most recent call last):
  File "/home/runner/work/qqnews/qqnews/qq.py", line 128, in main
    for i in qq1["data"]["list"]:
             ~~~~~~~~~~~^^^^^^^^
TypeError: 'NoneType' object is not subscriptable

2025-12-01 07:13:30,558 - INFO - Total time taken: {'ret': 0, 'msg': 'success', 'data': None}
2025-12-01 07:13:30,560 - INFO - 'NoneType' object is not subscriptable
2025-12-01 07:13:30,560 - INFO - Traceback (most recent call last):
  File "/home/runner/work/qqnews/qqnews/qq.py", line 128, in main
    for i in qq1["data"]["list"]:
             ~~~~~~~~~~~^^^^^^^^
TypeError: 'NoneType' object is not subscriptable

2025-12-01 08:15:10,009 - INFO - Total time taken: {'ret': 0, 'msg': 'success', 'data': None}
2025-12-01 08:15:10,010 - INFO - 'NoneType' object is not subscriptable
2025-12-01 08:15:10,010 - INFO - Traceback (most recent call last):
  File "/home/runner/work/qqnews/qqnews/qq.py", line 128, in main
    for i in qq1["data"]["list"]:
             ~~~~~~~~~~~^^^^^^^^
TypeError: 'NoneType' object is not subscriptable

2025-12-01 09:15:43,521 - INFO - Total time taken: {'ret': 0, 'msg': 'success', 'data': None}
2025-12-01 09:15:43,521 - INFO - 'NoneType' object is not subscriptable
2025-12-01 09:15:43,522 - INFO - Traceback (most recent call last):
  File "/home/runner/work/qqnews/qqnews/qq.py", line 128, in main
    for i in qq1["data"]["list"]:
             ~~~~~~~~~~~^^^^^^^^
TypeError: 'NoneType' object is not subscriptable

2025-12-01 10:01:27,809 - INFO - Total time taken: {'ret': 0, 'msg': 'success', 'data': None}
2025-12-01 10:01:27,810 - INFO - 'NoneType' object is not subscriptable
2025-12-01 10:01:27,810 - INFO - Traceback (most recent call last):
  File "/home/runner/work/qqnews/qqnews/qq.py", line 128, in main
    for i in qq1["data"]["list"]:
             ~~~~~~~~~~~^^^^^^^^
TypeError: 'NoneType' object is not subscriptable

2025-12-01 11:01:12,729 - INFO - Total time taken: {'ret': 0, 'msg': 'success', 'data': None}
2025-12-01 11:01:12,729 - INFO - 'NoneType' object is not subscriptable
2025-12-01 11:01:12,730 - INFO - Traceback (most recent call last):
  File "/home/runner/work/qqnews/qqnews/qq.py", line 128, in main
    for i in qq1["data"]["list"]:
             ~~~~~~~~~~~^^^^^^^^
TypeError: 'NoneType' object is not subscriptable

2025-12-01 12:17:25,247 - INFO - Total time taken: {'ret': 0, 'msg': 'success', 'data': None}
2025-12-01 12:17:25,247 - INFO - 'NoneType' object is not subscriptable
2025-12-01 12:17:25,248 - INFO - Traceback (most recent call last):
  File "/home/runner/work/qqnews/qqnews/qq.py", line 128, in main
    for i in qq1["data"]["list"]:
             ~~~~~~~~~~~^^^^^^^^
TypeError: 'NoneType' object is not subscriptable

2025-12-01 13:28:04,798 - INFO - Total time taken: {'ret': 0, 'msg': 'success', 'data': None}
2025-12-01 13:28:04,799 - INFO - 'NoneType' object is not subscriptable
2025-12-01 13:28:04,799 - INFO - Traceback (most recent call last):
  File "/home/runner/work/qqnews/qqnews/qq.py", line 128, in main
    for i in qq1["data"]["list"]:
             ~~~~~~~~~~~^^^^^^^^
TypeError: 'NoneType' object is not subscriptable

2025-12-01 14:01:14,514 - INFO - Total time taken: {'ret': 0, 'msg': 'success', 'data': None}
2025-12-01 14:01:14,515 - INFO - 'NoneType' object is not subscriptable
2025-12-01 14:01:14,515 - INFO - Traceback (most recent call last):
  File "/home/runner/work/qqnews/qqnews/qq.py", line 128, in main
    for i in qq1["data"]["list"]:
             ~~~~~~~~~~~^^^^^^^^
TypeError: 'NoneType' object is not subscriptable

2025-12-01 15:01:15,979 - INFO - Total time taken: {'ret': 0, 'msg': 'success', 'data': None}
2025-12-01 15:01:15,979 - INFO - 'NoneType' object is not subscriptable
2025-12-01 15:01:15,979 - INFO - Traceback (most recent call last):
  File "/home/runner/work/qqnews/qqnews/qq.py", line 128, in main
    for i in qq1["data"]["list"]:
             ~~~~~~~~~~~^^^^^^^^
TypeError: 'NoneType' object is not subscriptable

2025-12-01 16:12:48,477 - INFO - Total time taken: {'ret': 0, 'msg': 'success', 'data': None}
2025-12-01 16:12:48,478 - INFO - 'NoneType' object is not subscriptable
2025-12-01 16:12:48,478 - INFO - Traceback (most recent call last):
  File "/home/runner/work/qqnews/qqnews/qq.py", line 128, in main
    for i in qq1["data"]["list"]:
             ~~~~~~~~~~~^^^^^^^^
TypeError: 'NoneType' object is not subscriptable

2025-12-01 17:11:25,646 - INFO - Total time taken: {'ret': 0, 'msg': 'success', 'data': None}
2025-12-01 17:11:25,646 - INFO - 'NoneType' object is not subscriptable
2025-12-01 17:11:25,647 - INFO - Traceback (most recent call last):
  File "/home/runner/work/qqnews/qqnews/qq.py", line 128, in main
    for i in qq1["data"]["list"]:
             ~~~~~~~~~~~^^^^^^^^
TypeError: 'NoneType' object is not subscriptable

2025-12-01 18:14:27,739 - INFO - Total time taken: {'ret': 0, 'msg': 'success', 'data': None}
2025-12-01 18:14:27,739 - INFO - 'NoneType' object is not subscriptable
2025-12-01 18:14:27,740 - INFO - Traceback (most recent call last):
  File "/home/runner/work/qqnews/qqnews/qq.py", line 128, in main
    for i in qq1["data"]["list"]:
             ~~~~~~~~~~~^^^^^^^^
TypeError: 'NoneType' object is not subscriptable

2025-12-01 19:12:13,943 - INFO - Total time taken: {'ret': 0, 'msg': 'success', 'data': None}
2025-12-01 19:12:13,944 - INFO - 'NoneType' object is not subscriptable
2025-12-01 19:12:13,944 - INFO - Traceback (most recent call last):
  File "/home/runner/work/qqnews/qqnews/qq.py", line 128, in main
    for i in qq1["data"]["list"]:
             ~~~~~~~~~~~^^^^^^^^
TypeError: 'NoneType' object is not subscriptable

