2024-10-31 00:35:18,509 - INFO - EXPIRED
深交所召开重要会议！事关创业板改革
https://new.qq.com/rain/a/20241030A0ACM100

2024-10-31 00:35:18,509 - INFO - EXPIRED
小西天保安大爷辞职：我说涨薪了遭约谈和辞退，舆情爆发后又被叫回去
https://new.qq.com/rain/a/20241030A079MG00

2024-10-31 00:35:18,509 - INFO - EXPIRED
平台高管曾牵头制定骑手处罚制度，如今失业送外卖？知情人：只是基层
https://new.qq.com/rain/a/20241030A08IJX00

2024-10-31 00:35:18,509 - INFO - EXPIRED
上海出租车从业者反映新能源车遭拒保，有人每天要损失400元，问题出在哪？
https://view.inews.qq.com/a/20241030Q05CJ400

2024-10-31 00:35:18,509 - INFO - EXPIRED
日媒：日本反对党拒绝加入执政联盟，石破茂或寻求组建少数党政府
https://new.qq.com/rain/a/20241030A0AH9W00

2024-10-31 00:35:18,509 - INFO - EXPIRED
一骑绝尘，合肥要上位了吗
https://new.qq.com/rain/a/20241030A0AERP00

2024-10-31 00:35:18,509 - INFO - EXPIRED
骗保风波愈演愈烈，阿斯利康中国总裁王磊正在配合调查
https://new.qq.com/rain/a/20241030A0AD7R00

2024-10-31 00:35:18,509 - INFO - EXPIRED
结核超越新冠重回传染病“头号杀手”，感染全球上千万人，张文宏发声
https://new.qq.com/rain/a/20241030A0A9CO00

2024-10-31 00:35:18,509 - INFO - EXPIRED
河南一男子投资千万建厂遭遇办证难 状告市监局胜诉后仍未拿到证
https://new.qq.com/rain/a/20241030A0AI2F00

2024-10-31 00:35:18,509 - INFO - EXPIRED
扎堆IPO，暴露了自动驾驶公司的窘境
https://new.qq.com/rain/a/20241030A09B6H00

2024-10-31 00:35:18,509 - INFO - EXPIRED
西安一局长为躲避群众提问从厕所跳窗离开？官方：将依法依规处置
https://new.qq.com/rain/a/20241030A09LNX00

2024-10-31 00:35:18,510 - INFO - EXPIRED
“租下县人民医院”事件后续：原董事长一审被判16年
https://new.qq.com/rain/a/20241030A09M0F00

2024-10-31 00:35:18,510 - INFO - EXPIRED
长实集团回应李嘉诚出售邮储银行H股股份：与邮储银行的经营发展无关
https://new.qq.com/rain/a/20241030A0ACMV00

2024-10-31 00:35:18,510 - INFO - EXPIRED
视评线丨美国对华“卡脖子” 却把自家芯片巨头砸倒了
https://new.qq.com/rain/a/20241030A05JMC00

2024-10-31 00:35:18,510 - INFO - EXPIRED
对话知乎周源：计划1亿美元投资大模型，被某大佬嫌弃格局小
https://new.qq.com/rain/a/20241030A0AKRH00

2024-10-31 00:35:18,510 - INFO - EXPIRED
俄在中国采集的月壤中发现不寻常晶体，这个发现有何意义？为何是俄罗斯发现的？
https://view.inews.qq.com/a/20241030Q01RSB00

2024-10-31 00:35:18,510 - INFO - EXPIRED
狂妄的“8亿书记”，被查当月还在贪
https://new.qq.com/rain/a/20241030A0A8AG00

2024-10-31 00:35:18,510 - INFO - EXPIRED
辽宁葫芦岛一铁路道口发生交通事故致2死4伤，警方：肇事者已被抓获
https://new.qq.com/rain/a/20241030A0AHWP00

2024-10-31 00:35:18,510 - INFO - EXPIRED
李希动员部署，透露中央巡视新任务
https://new.qq.com/rain/a/20241030A0AH1C00

2024-10-31 00:35:18,510 - INFO - EXPIRED
明查｜这是解放军从中印争议边界撤防的视频吗？假
https://new.qq.com/rain/a/20241030A09WUW00

2024-10-31 00:35:18,510 - INFO - EXPIRED
闪婚闪离多地频发：相亲到领证多在三天内完成，男方最高支出四五十万
https://new.qq.com/rain/a/20241030A087AE00

2024-10-31 00:35:18,510 - INFO - EXPIRED
小米公布新车SU7 Ultra，预售价81.49万元，这个价格值吗？目标用户是谁？
https://view.inews.qq.com/a/20241030Q04AJX00

2024-10-31 00:35:18,510 - INFO - EXPIRED
“专家指导带你飞”、“稳赚不赔”……打着牛市旗号诈骗的套路有哪些？怎样防止家人被坑？
https://view.inews.qq.com/a/20241030Q06OAH00

2024-10-31 00:35:18,510 - INFO - EXPIRED
女子被丈夫碾压死亡案一审再延期 其父：外孙女进妈妈房间 和照片说话
https://new.qq.com/rain/a/20241030A08IEF00

2024-10-31 00:35:18,510 - INFO - EXPIRED
澳门特区候任行政长官岑浩辉将赴北京接受中央任命
https://new.qq.com/rain/a/20241030A0A2SG00

2024-10-31 00:35:18,510 - INFO - EXPIRED
央行：沪指9月涨幅17.4% 深证成指9月涨幅26.1%
https://new.qq.com/rain/a/20241030A09B3400

2024-10-31 00:35:18,510 - INFO - EXPIRED
实探“成都男子持械行凶”事发地：死者为人力公司员工，但不负责招人
https://new.qq.com/rain/a/20241030A07RUC00

2024-10-31 00:35:18,510 - INFO - EXPIRED
“替父追债被判寻衅滋事案”两兄弟获国家赔偿，法院登门道歉
https://new.qq.com/rain/a/20241030A06SEP00

2024-10-31 00:35:18,510 - INFO - EXPIRED
中国对芬兰单方面免签 芬兰总统“三连谢”
https://new.qq.com/rain/a/20241030A090GQ00

2024-10-31 00:35:18,510 - INFO - EXPIRED
《反间谍法》通过后首个被捕的韩国人：曾在多家中国芯片大厂工作
https://new.qq.com/rain/a/20241030A07AY500

2024-10-31 00:35:18,510 - INFO - EXPIRED
俄罗斯发射3枚洲际弹道导弹，此时发射有何深意？发射地点有何讲究？
https://view.inews.qq.com/a/20241030Q02C6500

2024-10-31 00:35:18,510 - INFO - EXPIRED
16岁男孩被游戏网友骗失联，最后的位置是缅北的小勐拉
https://new.qq.com/rain/a/20241030V066PV00

2024-10-31 00:35:18,510 - INFO - EXPIRED
内蒙古呼和浩特市托克托县发生4.1级地震 震源深度18千米
https://new.qq.com/rain/a/20241030A08TVM00

2024-10-31 00:35:18,510 - INFO - EXPIRED
青岛某生物公司开展代孕？官方通报：1人被逮捕，5人被处分
https://new.qq.com/rain/a/20241030A08UN400

2024-10-31 00:35:18,510 - INFO - EXPIRED
男子醉驾致1死1伤，混在人群围观让妻子“顶包”，一审被判二年
https://new.qq.com/rain/a/20241030A07XQA00

2024-10-31 00:35:18,510 - INFO - EXPIRED
任上被拿下的公安厅副厅长获刑，首次披露这一情节，酌情从重处罚
https://new.qq.com/rain/a/20241030A085QZ00

2024-10-31 00:35:18,510 - INFO - EXPIRED
中国工程院院士彭金辉已任中国社科院副院长（正部长级）、党组副书记
https://new.qq.com/rain/a/20241030A091V000

2024-10-31 00:35:18,510 - INFO - EXPIRED
河北秦皇岛“辣椒面进气管”刺激性气味呛市民，当地环保部门：正调查
https://new.qq.com/rain/a/20241030A0865Q00

2024-10-31 00:35:18,510 - INFO - EXPIRED
男子编造“某企业申请注销测绘资质” 被杭州警方采取刑事强制措施
https://new.qq.com/rain/a/20241030A08E3800

2024-10-31 00:35:18,510 - INFO - EXPIRED
“东北人没窝囊人！”纽约中餐馆员工暴打劫匪，律师讲述事发经过
https://new.qq.com/rain/a/20241030A05XMZ00

2024-10-31 00:35:18,510 - INFO - EXPIRED
山西灵石一村民称父亲坟墓疑被一煤企挖煤时破坏，警方已介入调查
https://new.qq.com/rain/a/20241030V08GTE00

2024-10-31 00:35:18,510 - INFO - EXPIRED
渲染“中国威胁”，澳大利亚计划提高导弹产量
https://new.qq.com/rain/a/20241030A081HH00

2024-10-31 00:35:18,510 - INFO - EXPIRED
海南琼中发生山体滑坡致3人遇难、4人受伤
https://new.qq.com/rain/a/20241030A07SHQ00

2024-10-31 00:35:18,510 - INFO - EXPIRED
郑州一镇卫生院8个月未发工资？多部门到场处理！回应：很快会解决
https://new.qq.com/rain/a/20241030A06ST200

2024-10-31 00:35:18,510 - INFO - EXPIRED
美媒炒作美国陆军为与中国开战做准备，“都是生意”
https://new.qq.com/rain/a/20241030A07LMZ00

2024-10-31 00:35:18,510 - INFO - EXPIRED
六部门：引导工业向可再生能源富集、资源环境可承载地区转移
https://new.qq.com/rain/a/20241030A068M600

2024-10-31 00:35:18,510 - INFO - EXPIRED
朝鲜军队去哪儿了？
https://new.qq.com/rain/a/20241030A03VEM00

2024-10-31 00:35:18,510 - INFO - EXPIRED
被曝降薪裁员，远航汽车回应：正在进行战略调整和重组
https://new.qq.com/rain/a/20241030A08CY600

2024-10-31 00:35:18,510 - INFO - EXPIRED
中印军队脱离接触进展如何？外交部回应
https://new.qq.com/rain/a/20241030A062VB00

2024-10-31 00:35:18,510 - INFO - EXPIRED
韩媒：“首尔大学N号房”事件主犯一审被判有期徒刑十年
https://new.qq.com/rain/a/20241030A06FBX00

2024-10-31 00:35:18,510 - INFO - EXPIRED
不招“疫情班”应届生，一种新的就业歧视出现
https://new.qq.com/rain/a/20241030A04KLO00

2024-10-31 00:35:18,510 - INFO - EXPIRED
云南一女子驾车遇到6头野猪从山上掉落：有人问是我撞的吗？拿回家没
https://new.qq.com/rain/a/20241030A05XTD00

2024-10-31 00:35:18,510 - INFO - EXPIRED
王毅会见俄罗斯副外长鲁登科
https://new.qq.com/rain/a/20241030A072YT00

2024-10-31 00:35:18,510 - INFO - EXPIRED
退休医生举报福建中医药大学副校长报奖涉嫌学术造假 教育厅：学校已申请撤回奖项提名，移送纪委 
https://new.qq.com/rain/a/20241030A05DHI00

2024-10-31 00:35:18,510 - INFO - EXPIRED
台“驻美代表”称“台民众已准备好作战、不需美军帮忙”，国台办回应
https://new.qq.com/rain/a/20241030A03GQO00

2024-10-31 00:35:18,510 - INFO - EXPIRED
台风“康妮”加强为超强台风 上海或将迎1981年以来11月最大降雨
https://new.qq.com/rain/a/20241030A04X7A00

2024-10-31 00:35:18,510 - INFO - EXPIRED
电影《失孤》原型案二审宣判：两名人贩子分别被判死缓和无期徒刑
https://new.qq.com/rain/a/20241030A05EFT00

2024-10-31 00:35:18,510 - INFO - EXPIRED
朱为民已任中国民用航空局总工程师
https://new.qq.com/rain/a/20241030A05UWN00

2024-10-31 00:35:18,510 - INFO - EXPIRED
工信部、财政部、国家数据局联合部署建设新材料大数据中心
https://new.qq.com/rain/a/20241030A05JGZ00

2024-10-31 00:35:18,510 - INFO - EXPIRED
机构：10月一线城市二手房成交量环比增速结束3个月为负，首次转正
https://new.qq.com/rain/a/20241030A04O1V00

2024-10-31 00:35:18,510 - INFO - EXPIRED
加拿大撤销中加航线限制！航班量可翻两番，中美航线怎样了
https://new.qq.com/rain/a/20241030A03VLS00

2024-10-31 00:35:18,510 - INFO - EXPIRED
伊朗称将果断严肃回应以色列袭击，会再度反击吗？回合制战斗什么时候能结束？
https://view.inews.qq.com/a/20241030Q03IAC00

2024-10-31 00:35:18,510 - INFO - EXPIRED
航行警告！广东湛江海事局：南海海域将进行实弹射击，禁止驶入
https://new.qq.com/rain/a/20241030A05GRE00

2024-10-31 00:35:18,510 - INFO - EXPIRED
判决书写错时间4年刑期变3年，男子出狱近9个月后重新被羁押
https://new.qq.com/rain/a/20241030A02XSQ00

2024-10-31 00:35:18,510 - INFO - EXPIRED
法国部长被曝即将访华，就关税问题向中方“直接维权”
https://new.qq.com/rain/a/20241030A02W6Z00

2024-10-31 00:35:18,511 - INFO - EXPIRED
乌媒：乌军少将称乌顿巴斯战线已崩溃，原因包括缺乏弹药、兵力不足等
https://new.qq.com/rain/a/20241030A0454F00

2024-10-31 00:35:18,511 - INFO - EXPIRED
特朗普罕见祭出“夫人牌”，这张牌好使吗？能给他竞选总统加分吗？
https://view.inews.qq.com/a/20241030Q00XHT00

2024-10-31 00:35:18,511 - INFO - EXPIRED
公积金，越来越鸡肋了吗
https://new.qq.com/rain/a/20241030A04UIC00

2024-10-31 00:35:18,511 - INFO - EXPIRED
小米最新限定版手机镶一颗培育钻石，培育钻石是什么概念？和天然钻石区别在哪？
https://view.inews.qq.com/a/20241030Q00ASN00

2024-10-31 00:35:18,511 - INFO - EXPIRED
江苏“农民副县长”落马，村民：他带人上门强迫盖房，借钱也得盖
https://new.qq.com/rain/a/20241030A04WW000

2024-10-31 00:35:18,511 - INFO - EXPIRED
重庆男子钓到野生胭脂鱼立马取钩放生，不放生会坐牢吗？还有什么鱼钓了要赶快放？
https://view.inews.qq.com/a/20241029Q0A0PN00

2024-10-31 00:35:18,511 - INFO - EXPIRED
特朗普称大陆若对台动武将向大陆征收200%关税，国台办回应
https://new.qq.com/rain/a/20241030A03A2K00

2024-10-31 00:35:18,511 - INFO - EXPIRED
美国发布对华投资限制最终规则，商务部回应
https://new.qq.com/rain/a/20241030A04FPV00

2024-10-31 00:35:18,511 - INFO - EXPIRED
辽宁葫芦岛一轿车与火车相撞，当地应急部门：造成2人死亡6人受伤
https://new.qq.com/rain/a/20241030A04MAV00

2024-10-31 00:35:18,511 - INFO - EXPIRED
韩方称朝鲜洲际弹道导弹移动式发射架已部署
https://new.qq.com/rain/a/20241030A04I4100

2024-10-31 00:35:18,511 - INFO - EXPIRED
房子墙上出现15厘米宽裂缝，一个村庄长达19年的“放炮采石”之痛
https://new.qq.com/rain/a/20241030A03M9400

2024-10-31 00:35:18,511 - INFO - EXPIRED
患者用仿制药代替原研药后副作用持续1周，仿制药到底难在哪？真比进口原研药差？
https://view.inews.qq.com/a/20241029Q09MXE00

2024-10-31 00:35:18,511 - INFO - EXPIRED
美国一家东北菜馆员工暴揍劫匪后被控犯罪 辩护律师：已将4名华人保释
https://new.qq.com/rain/a/20241030A050P900

2024-10-31 00:35:18,511 - INFO - EXPIRED
特朗普“前师爷”班农刑满出狱，他能给特朗普多大帮助？还会重用他吗？
https://view.inews.qq.com/a/20241030Q02J5W00

2024-10-31 00:35:18,511 - INFO - EXPIRED
﻿规划局副局长从厕所跳窗逃离？当地：他从9点多一直接访到下午1点多
https://new.qq.com/rain/a/20241029A06O6400

2024-10-31 00:35:18,511 - INFO - EXPIRED
几十元纸棺材卖数百元，几块钱鲜花卖几十元，副馆长靠殡仪馆“致富”
https://new.qq.com/rain/a/20241029A07X5400

2024-10-31 00:35:18,511 - INFO - EXPIRED
他被抓当晚有老百姓放鞭庆祝，探访江苏知名农民副县长“三蟒”的豪宅
https://new.qq.com/rain/a/20241030A0030500

2024-10-31 00:35:18,511 - INFO - EXPIRED
小西天景区保安大叔辞职，67岁的他哽咽解释原因，此前曾透露涨薪500
https://new.qq.com/rain/a/20241030A02PZ600

2024-10-31 00:35:18,511 - INFO - EXPIRED
欧盟外长：中东正发生的事表明，我们已经失去人性
https://new.qq.com/rain/a/20241029A09JOX00

2024-10-31 00:35:18,511 - INFO - EXPIRED
“健康中国”公号文章辟谣“一孕傻三年”说法：孕育会使女性更聪明
https://new.qq.com/rain/a/20241030A04GVP00

2024-10-31 00:35:18,511 - INFO - EXPIRED
美国载人发射日期推迟是家常便饭，我国是如何做到每次都准时发射的？
https://view.inews.qq.com/a/20241030Q00TM800

2024-10-31 00:35:18,511 - INFO - EXPIRED
大乐透头奖连续3期落入广东，深圳得主又揽1注1000万元基本投注一等奖
https://new.qq.com/rain/a/20241030A01PG500

2024-10-31 00:35:19,816 - INFO - INVALID
美股收盘：三大指数集体收低，“AI妖股”崩跌超30%，中概股多数走低
https://new.qq.com/rain/a/20241031A00YBX00

2024-10-31 00:35:19,821 - INFO - INVALID
决战包装水！钟睒睒要求农夫山泉内部立下军令状
https://new.qq.com/rain/a/20241031A01F8B00

2024-10-31 00:35:19,873 - INFO - INVALID
在联大投票支持解除美国对古巴封锁 阿根廷外长遭总统解职
https://new.qq.com/rain/a/20241031A00WRZ00

2024-10-31 00:35:19,893 - INFO - INVALID
Meta第三季度业绩超华尔街预期 但用户增长乏力不及预期
https://new.qq.com/rain/a/20241031A019HT00

2024-10-31 00:35:20,068 - INFO - INVALID
大暴雨，特大暴雨！超强台风“康妮”将登陆！
https://new.qq.com/rain/a/20241031A01C5E00

2024-10-31 00:35:20,473 - INFO - SUCCESS
女子驾车遇“天降”野猪群 林草局：事发时正围猎 野猪从百米悬崖跌落
https://new.qq.com/rain/a/20241031A00GSM00

2024-10-31 00:35:20,520 - INFO - INVALID
一桩举报背后的情与法：拿到200万“分手补偿款”后，90后女孩因敲诈勒索被判十年
https://new.qq.com/rain/a/20241031A00GSE00

2024-10-31 00:35:20,545 - INFO - INVALID
俄外交部：朝鲜外务相将与俄外长在莫斯科举行战略磋商
https://new.qq.com/rain/a/20241031A013ES00

2024-10-31 00:35:20,622 - INFO - INVALID
微软三季度营收657亿美元 净利247亿美元同比增长11%
https://new.qq.com/rain/a/20241031A019PA00

2024-10-31 00:35:20,720 - INFO - INVALID
日方称朝鲜发射疑似弹道导弹的物体
https://new.qq.com/rain/a/20241031A012LH00

2024-10-31 00:35:21,122 - INFO - INVALID
马斯克因“百万美元抽奖”被要求出席听证会
https://new.qq.com/rain/a/20241031A015P300

2024-10-31 00:35:21,176 - INFO - INVALID
一路狂飙！现货黄金续刷历史新高，离2800大关只差不到十美元
https://new.qq.com/rain/a/20241031A00VO300

2024-10-31 00:35:21,200 - INFO - INVALID
国家安全部：不法分子可能借助人工智能技术进行数据窃取、网络攻击等违法犯罪活动
https://new.qq.com/rain/a/20241031A016PM00

2024-10-31 02:12:28,041 - INFO - EXPIRED
“跨省闪婚”调查：有女子领证9个月生孩子 男方做鉴定发现不是自己的
https://new.qq.com/rain/a/20241030A087AE00

2024-10-31 02:12:28,041 - INFO - EXPIRED
平台高管曾牵头制定骑手处罚制度，如今失业送外卖？知情人：只是基层
https://new.qq.com/rain/a/20241030A08IJX00

2024-10-31 02:12:28,041 - INFO - EXPIRED
南京野猪与列车相撞，机械师下车处置被撞身亡，操作流程有问题吗？如何避免这种悲剧？
https://view.inews.qq.com/a/20241030Q08KLY00

2024-10-31 02:12:28,041 - INFO - EXPIRED
小西天保安大爷辞职：我说涨薪了遭约谈和辞退，舆情爆发后又被叫回去
https://new.qq.com/rain/a/20241030A079MG00

2024-10-31 02:12:28,041 - INFO - EXPIRED
上海出租车从业者反映新能源车遭拒保，有人每天要损失400元，问题出在哪？
https://view.inews.qq.com/a/20241030Q05CJ400

2024-10-31 02:12:28,041 - INFO - EXPIRED
居民谈落马副县长：有人得罪他遭一夜夷平祖坟，一高中校长被他逼上吊
https://new.qq.com/rain/a/20241030A0522F00

2024-10-31 02:12:28,041 - INFO - EXPIRED
深交所召开重要会议！事关创业板改革
https://new.qq.com/rain/a/20241030A0ACM100

2024-10-31 02:12:28,041 - INFO - EXPIRED
波兰总统感慨乌克兰态度变化：我们当初全力相助，现实残酷
https://new.qq.com/rain/a/20241030A09SB600

2024-10-31 02:12:28,041 - INFO - EXPIRED
伊朗处决“恐怖组织”头目，德国宣布召回大使抗议
https://new.qq.com/rain/a/20241030A07GCL00

2024-10-31 02:12:28,041 - INFO - EXPIRED
一骑绝尘，合肥要上位了吗
https://new.qq.com/rain/a/20241030A0AERP00

2024-10-31 02:12:28,041 - INFO - EXPIRED
结核超越新冠重回传染病“头号杀手”，感染全球上千万人，张文宏发声
https://new.qq.com/rain/a/20241030A0A9CO00

2024-10-31 02:12:28,041 - INFO - EXPIRED
日媒：日本反对党拒绝加入执政联盟，石破茂或寻求组建少数党政府
https://new.qq.com/rain/a/20241030A0AH9W00

2024-10-31 02:12:28,041 - INFO - EXPIRED
河南一男子投资千万建厂遭遇办证难 状告市监局胜诉后仍未拿到证
https://new.qq.com/rain/a/20241030A0AI2F00

2024-10-31 02:12:28,041 - INFO - EXPIRED
西安一局长为躲避群众提问从厕所跳窗离开？官方：将依法依规处置
https://new.qq.com/rain/a/20241030A09LNX00

2024-10-31 02:12:28,041 - INFO - EXPIRED
骗保风波愈演愈烈，阿斯利康中国总裁王磊正在配合调查
https://new.qq.com/rain/a/20241030A0AD7R00

2024-10-31 02:12:28,041 - INFO - EXPIRED
扎堆IPO，暴露了自动驾驶公司的窘境
https://new.qq.com/rain/a/20241030A09B6H00

2024-10-31 02:12:28,041 - INFO - EXPIRED
“租下县人民医院”事件后续：原董事长一审被判16年
https://new.qq.com/rain/a/20241030A09M0F00

2024-10-31 02:12:28,041 - INFO - EXPIRED
股市像坐跳楼机？知乎周源：前几个月不太能和解
https://new.qq.com/rain/a/20241030A0AKRH00

2024-10-31 02:12:28,041 - INFO - EXPIRED
长实集团回应李嘉诚出售邮储银行H股股份：与邮储银行的经营发展无关
https://new.qq.com/rain/a/20241030A0ACMV00

2024-10-31 02:12:28,041 - INFO - EXPIRED
视评线丨美国对华“卡脖子” 却把自家芯片巨头砸倒了
https://new.qq.com/rain/a/20241030A05JMC00

2024-10-31 02:12:28,041 - INFO - EXPIRED
俄在中国采集的月壤中发现不寻常晶体，这个发现有何意义？为何是俄罗斯发现的？
https://view.inews.qq.com/a/20241030Q01RSB00

2024-10-31 02:12:28,041 - INFO - EXPIRED
狂妄的“8亿书记”，被查当月还在贪
https://new.qq.com/rain/a/20241030A0A8AG00

2024-10-31 02:12:28,041 - INFO - EXPIRED
辽宁葫芦岛一铁路道口发生交通事故致2死4伤，警方：肇事者已被抓获
https://new.qq.com/rain/a/20241030A0AHWP00

2024-10-31 02:12:28,041 - INFO - EXPIRED
李希动员部署，透露中央巡视新任务
https://new.qq.com/rain/a/20241030A0AH1C00

2024-10-31 02:12:28,041 - INFO - EXPIRED
明查｜这是解放军从中印争议边界撤防的视频吗？假
https://new.qq.com/rain/a/20241030A09WUW00

2024-10-31 02:12:28,041 - INFO - EXPIRED
小米公布新车SU7 Ultra，预售价81.49万元，这个价格值吗？目标用户是谁？
https://view.inews.qq.com/a/20241030Q04AJX00

2024-10-31 02:12:28,041 - INFO - EXPIRED
“专家指导带你飞”、“稳赚不赔”……打着牛市旗号诈骗的套路有哪些？怎样防止家人被坑？
https://view.inews.qq.com/a/20241030Q06OAH00

2024-10-31 02:12:28,041 - INFO - EXPIRED
女子被丈夫碾压死亡案一审再延期 其父：外孙女进妈妈房间 和照片说话
https://new.qq.com/rain/a/20241030A08IEF00

2024-10-31 02:12:28,041 - INFO - EXPIRED
澳门特区候任行政长官岑浩辉将赴北京接受中央任命
https://new.qq.com/rain/a/20241030A0A2SG00

2024-10-31 02:12:28,041 - INFO - EXPIRED
央行：沪指9月涨幅17.4% 深证成指9月涨幅26.1%
https://new.qq.com/rain/a/20241030A09B3400

2024-10-31 02:12:28,041 - INFO - EXPIRED
实探“成都男子持械行凶”事发地：死者为人力公司员工，但不负责招人
https://new.qq.com/rain/a/20241030A07RUC00

2024-10-31 02:12:28,041 - INFO - EXPIRED
“替父追债被判寻衅滋事案”两兄弟获国家赔偿，法院登门道歉
https://new.qq.com/rain/a/20241030A06SEP00

2024-10-31 02:12:28,041 - INFO - EXPIRED
中国对芬兰单方面免签 芬兰总统“三连谢”
https://new.qq.com/rain/a/20241030A090GQ00

2024-10-31 02:12:28,041 - INFO - EXPIRED
《反间谍法》通过后首个被捕的韩国人：曾在多家中国芯片大厂工作
https://new.qq.com/rain/a/20241030A07AY500

2024-10-31 02:12:28,042 - INFO - EXPIRED
俄罗斯发射3枚洲际弹道导弹，此时发射有何深意？发射地点有何讲究？
https://view.inews.qq.com/a/20241030Q02C6500

2024-10-31 02:12:28,042 - INFO - EXPIRED
16岁男孩被游戏网友骗失联，最后的位置是缅北的小勐拉
https://new.qq.com/rain/a/20241030V066PV00

2024-10-31 02:12:28,042 - INFO - EXPIRED
内蒙古呼和浩特市托克托县发生4.1级地震 震源深度18千米
https://new.qq.com/rain/a/20241030A08TVM00

2024-10-31 02:12:28,042 - INFO - EXPIRED
青岛某生物公司开展代孕？官方通报：1人被逮捕，5人被处分
https://new.qq.com/rain/a/20241030A08UN400

2024-10-31 02:12:28,042 - INFO - EXPIRED
男子醉驾致1死1伤，混在人群围观让妻子“顶包”，一审被判二年
https://new.qq.com/rain/a/20241030A07XQA00

2024-10-31 02:12:28,042 - INFO - EXPIRED
任上被拿下的公安厅副厅长获刑，首次披露这一情节，酌情从重处罚
https://new.qq.com/rain/a/20241030A085QZ00

2024-10-31 02:12:28,042 - INFO - EXPIRED
中国工程院院士彭金辉已任中国社科院副院长（正部长级）、党组副书记
https://new.qq.com/rain/a/20241030A091V000

2024-10-31 02:12:28,042 - INFO - EXPIRED
河北秦皇岛“辣椒面进气管”刺激性气味呛市民，当地环保部门：正调查
https://new.qq.com/rain/a/20241030A0865Q00

2024-10-31 02:12:28,042 - INFO - EXPIRED
男子编造“某企业申请注销测绘资质” 被杭州警方采取刑事强制措施
https://new.qq.com/rain/a/20241030A08E3800

2024-10-31 02:12:28,042 - INFO - EXPIRED
“东北人没窝囊人！”纽约中餐馆员工暴打劫匪，律师讲述事发经过
https://new.qq.com/rain/a/20241030A05XMZ00

2024-10-31 02:12:28,042 - INFO - EXPIRED
山西灵石一村民称父亲坟墓疑被一煤企挖煤时破坏，警方已介入调查
https://new.qq.com/rain/a/20241030V08GTE00

2024-10-31 02:12:28,042 - INFO - EXPIRED
渲染“中国威胁”，澳大利亚计划提高导弹产量
https://new.qq.com/rain/a/20241030A081HH00

2024-10-31 02:12:28,042 - INFO - EXPIRED
海南琼中发生山体滑坡致3人遇难、4人受伤
https://new.qq.com/rain/a/20241030A07SHQ00

2024-10-31 02:12:28,042 - INFO - EXPIRED
郑州一镇卫生院8个月未发工资？多部门到场处理！回应：很快会解决
https://new.qq.com/rain/a/20241030A06ST200

2024-10-31 02:12:28,042 - INFO - EXPIRED
美媒炒作美国陆军为与中国开战做准备，“都是生意”
https://new.qq.com/rain/a/20241030A07LMZ00

2024-10-31 02:12:28,042 - INFO - EXPIRED
六部门：引导工业向可再生能源富集、资源环境可承载地区转移
https://new.qq.com/rain/a/20241030A068M600

2024-10-31 02:12:28,042 - INFO - EXPIRED
朝鲜军队去哪儿了？
https://new.qq.com/rain/a/20241030A03VEM00

2024-10-31 02:12:28,042 - INFO - EXPIRED
被曝降薪裁员，远航汽车回应：正在进行战略调整和重组
https://new.qq.com/rain/a/20241030A08CY600

2024-10-31 02:12:28,042 - INFO - EXPIRED
中印军队脱离接触进展如何？外交部回应
https://new.qq.com/rain/a/20241030A062VB00

2024-10-31 02:12:28,042 - INFO - EXPIRED
韩媒：“首尔大学N号房”事件主犯一审被判有期徒刑十年
https://new.qq.com/rain/a/20241030A06FBX00

2024-10-31 02:12:28,042 - INFO - EXPIRED
不招“疫情班”应届生，一种新的就业歧视出现
https://new.qq.com/rain/a/20241030A04KLO00

2024-10-31 02:12:28,042 - INFO - EXPIRED
云南一女子驾车遇到6头野猪从山上掉落：有人问是我撞的吗？拿回家没
https://new.qq.com/rain/a/20241030A05XTD00

2024-10-31 02:12:28,042 - INFO - EXPIRED
王毅会见俄罗斯副外长鲁登科
https://new.qq.com/rain/a/20241030A072YT00

2024-10-31 02:12:28,042 - INFO - EXPIRED
退休医生举报福建中医药大学副校长报奖涉嫌学术造假 教育厅：学校已申请撤回奖项提名，移送纪委 
https://new.qq.com/rain/a/20241030A05DHI00

2024-10-31 02:12:28,042 - INFO - EXPIRED
台“驻美代表”称“台民众已准备好作战、不需美军帮忙”，国台办回应
https://new.qq.com/rain/a/20241030A03GQO00

2024-10-31 02:12:28,042 - INFO - EXPIRED
台风“康妮”加强为超强台风 上海或将迎1981年以来11月最大降雨
https://new.qq.com/rain/a/20241030A04X7A00

2024-10-31 02:12:28,042 - INFO - EXPIRED
电影《失孤》原型案二审宣判：两名人贩子分别被判死缓和无期徒刑
https://new.qq.com/rain/a/20241030A05EFT00

2024-10-31 02:12:28,042 - INFO - EXPIRED
朱为民已任中国民用航空局总工程师
https://new.qq.com/rain/a/20241030A05UWN00

2024-10-31 02:12:28,042 - INFO - EXPIRED
工信部、财政部、国家数据局联合部署建设新材料大数据中心
https://new.qq.com/rain/a/20241030A05JGZ00

2024-10-31 02:12:28,042 - INFO - EXPIRED
机构：10月一线城市二手房成交量环比增速结束3个月为负，首次转正
https://new.qq.com/rain/a/20241030A04O1V00

2024-10-31 02:12:28,042 - INFO - EXPIRED
加拿大撤销中加航线限制！航班量可翻两番，中美航线怎样了
https://new.qq.com/rain/a/20241030A03VLS00

2024-10-31 02:12:28,042 - INFO - EXPIRED
伊朗称将果断严肃回应以色列袭击，会再度反击吗？回合制战斗什么时候能结束？
https://view.inews.qq.com/a/20241030Q03IAC00

2024-10-31 02:12:28,042 - INFO - EXPIRED
航行警告！广东湛江海事局：南海海域将进行实弹射击，禁止驶入
https://new.qq.com/rain/a/20241030A05GRE00

2024-10-31 02:12:28,042 - INFO - EXPIRED
判决书写错时间4年刑期变3年，男子出狱近9个月后重新被羁押
https://new.qq.com/rain/a/20241030A02XSQ00

2024-10-31 02:12:28,042 - INFO - EXPIRED
法国部长被曝即将访华，就关税问题向中方“直接维权”
https://new.qq.com/rain/a/20241030A02W6Z00

2024-10-31 02:12:28,042 - INFO - EXPIRED
乌媒：乌军少将称乌顿巴斯战线已崩溃，原因包括缺乏弹药、兵力不足等
https://new.qq.com/rain/a/20241030A0454F00

2024-10-31 02:12:28,042 - INFO - EXPIRED
特朗普罕见祭出“夫人牌”，这张牌好使吗？能给他竞选总统加分吗？
https://view.inews.qq.com/a/20241030Q00XHT00

2024-10-31 02:12:28,042 - INFO - EXPIRED
公积金，越来越鸡肋了吗
https://new.qq.com/rain/a/20241030A04UIC00

2024-10-31 02:12:28,042 - INFO - EXPIRED
小米最新限定版手机镶一颗培育钻石，培育钻石是什么概念？和天然钻石区别在哪？
https://view.inews.qq.com/a/20241030Q00ASN00

2024-10-31 02:12:28,042 - INFO - EXPIRED
江苏“农民副县长”落马，村民：他带人上门强迫盖房，借钱也得盖
https://new.qq.com/rain/a/20241030A04WW000

2024-10-31 02:12:28,042 - INFO - EXPIRED
重庆男子钓到野生胭脂鱼立马取钩放生，不放生会坐牢吗？还有什么鱼钓了要赶快放？
https://view.inews.qq.com/a/20241029Q0A0PN00

2024-10-31 02:12:28,042 - INFO - EXPIRED
特朗普称大陆若对台动武将向大陆征收200%关税，国台办回应
https://new.qq.com/rain/a/20241030A03A2K00

2024-10-31 02:12:28,042 - INFO - EXPIRED
美国发布对华投资限制最终规则，商务部回应
https://new.qq.com/rain/a/20241030A04FPV00

2024-10-31 02:12:28,042 - INFO - EXPIRED
辽宁葫芦岛一轿车与火车相撞，当地应急部门：造成2人死亡6人受伤
https://new.qq.com/rain/a/20241030A04MAV00

2024-10-31 02:12:28,042 - INFO - EXPIRED
韩方称朝鲜洲际弹道导弹移动式发射架已部署
https://new.qq.com/rain/a/20241030A04I4100

2024-10-31 02:12:28,042 - INFO - EXPIRED
房子墙上出现15厘米宽裂缝，一个村庄长达19年的“放炮采石”之痛
https://new.qq.com/rain/a/20241030A03M9400

2024-10-31 02:12:28,042 - INFO - EXPIRED
患者用仿制药代替原研药后副作用持续1周，仿制药到底难在哪？真比进口原研药差？
https://view.inews.qq.com/a/20241029Q09MXE00

2024-10-31 02:12:28,042 - INFO - EXPIRED
美国一家东北菜馆员工暴揍劫匪后被控犯罪 辩护律师：已将4名华人保释
https://new.qq.com/rain/a/20241030A050P900

2024-10-31 02:12:28,042 - INFO - EXPIRED
特朗普“前师爷”班农刑满出狱，他能给特朗普多大帮助？还会重用他吗？
https://view.inews.qq.com/a/20241030Q02J5W00

2024-10-31 02:12:28,042 - INFO - EXPIRED
﻿规划局副局长从厕所跳窗逃离？当地：他从9点多一直接访到下午1点多
https://new.qq.com/rain/a/20241029A06O6400

2024-10-31 02:12:28,042 - INFO - EXPIRED
几十元纸棺材卖数百元，几块钱鲜花卖几十元，副馆长靠殡仪馆“致富”
https://new.qq.com/rain/a/20241029A07X5400

2024-10-31 02:12:28,744 - INFO - INVALID
美股收盘：三大指数集体收低，“AI妖股”崩跌超30%，中概股多数走低
https://new.qq.com/rain/a/20241031A00YBX00

2024-10-31 02:12:28,755 - INFO - INVALID
见证历史！最快千亿指数诞生 中证A500指数基金规模1035亿
https://new.qq.com/rain/a/20241031A020I300

2024-10-31 02:12:28,759 - INFO - INVALID
在联大投票支持解除美国对古巴封锁 阿根廷外长遭总统解职
https://new.qq.com/rain/a/20241031A00WRZ00

2024-10-31 02:12:28,804 - INFO - INVALID
一桩举报背后的情与法：拿到200万“分手补偿款”后，90后女孩因敲诈勒索被判十年
https://new.qq.com/rain/a/20241031A00GSE00

2024-10-31 02:12:28,809 - INFO - INVALID
10月我国制造业采购经理指数为50.1% 重回扩张区间
https://new.qq.com/rain/a/20241031A025GE00

2024-10-31 02:12:29,309 - ERROR - ERROR
视频清晰度不如4年前了？4K_8K难达标背后有何秘密
https://new.qq.com/rain/a/20241031V0179W00
('list index out of range',)
======
Traceback (most recent call last):
  File "/home/runner/work/qqnews/qqnews/qq.py", line 81, in process_article
    ss = str(tmpbs.select("div.LEFT div.content.clearfix")[0])
             ~~~~~~~~~~~~~~~~~~~~~~~~~~~~~~~~~~~~~~~~~~~~~^^^
IndexError: list index out of range


2024-10-31 02:12:29,333 - INFO - EXIST
女子驾车遇“天降”野猪群 林草局：事发时正围猎 野猪从百米悬崖跌落
https://new.qq.com/rain/a/20241031A00GSM00

2024-10-31 02:12:29,388 - INFO - INVALID
俄外交部：朝鲜外务相将与俄外长在莫斯科举行战略磋商
https://new.qq.com/rain/a/20241031A013ES00

2024-10-31 02:12:29,397 - INFO - INVALID
Meta第三季度业绩超华尔街预期 但用户增长乏力不及预期
https://new.qq.com/rain/a/20241031A019HT00

2024-10-31 02:12:29,408 - INFO - INVALID
决战包装水！钟睒睒要求农夫山泉内部立下军令状
https://new.qq.com/rain/a/20241031A01F8B00

2024-10-31 02:12:29,892 - INFO - INVALID
一路狂飙！现货黄金续刷历史新高，离2800大关只差不到十美元
https://new.qq.com/rain/a/20241031A00VO300

2024-10-31 02:12:29,900 - INFO - INVALID
国家安全部：不法分子可能借助人工智能技术进行数据窃取、网络攻击等违法犯罪活动
https://new.qq.com/rain/a/20241031A016PM00

2024-10-31 02:12:30,036 - INFO - INVALID
微软三季度营收657亿美元 净利247亿美元同比增长11%
https://new.qq.com/rain/a/20241031A019PA00

2024-10-31 02:12:30,040 - INFO - INVALID
日方称朝鲜发射疑似弹道导弹的物体
https://new.qq.com/rain/a/20241031A012LH00

2024-10-31 02:12:30,246 - INFO - INVALID
马斯克因“百万美元抽奖”被要求出席听证会
https://new.qq.com/rain/a/20241031A015P300

