2026-06-06 01:49:25,854 - INFO - Total time taken: {'ret': 0, 'msg': 'success', 'data': None}
2026-06-06 01:49:25,854 - INFO - 'NoneType' object is not subscriptable
2026-06-06 01:49:25,854 - INFO - Traceback (most recent call last):
  File "/home/runner/work/qqnews/qqnews/qq.py", line 128, in main
    for i in qq1["data"]["list"]:
             ~~~~~~~~~~~^^^^^^^^
TypeError: 'NoneType' object is not subscriptable

2026-06-06 05:43:22,713 - INFO - Total time taken: {'ret': 0, 'msg': 'success', 'data': None}
2026-06-06 05:43:22,713 - INFO - 'NoneType' object is not subscriptable
2026-06-06 05:43:22,713 - INFO - Traceback (most recent call last):
  File "/home/runner/work/qqnews/qqnews/qq.py", line 128, in main
    for i in qq1["data"]["list"]:
             ~~~~~~~~~~~^^^^^^^^
TypeError: 'NoneType' object is not subscriptable

2026-06-06 08:18:39,578 - INFO - Total time taken: {'ret': 0, 'msg': 'success', 'data': None}
2026-06-06 08:18:39,578 - INFO - 'NoneType' object is not subscriptable
2026-06-06 08:18:39,578 - INFO - Traceback (most recent call last):
  File "/home/runner/work/qqnews/qqnews/qq.py", line 128, in main
    for i in qq1["data"]["list"]:
             ~~~~~~~~~~~^^^^^^^^
TypeError: 'NoneType' object is not subscriptable

2026-06-06 10:47:11,339 - INFO - Total time taken: {'ret': 0, 'msg': 'success', 'data': None}
2026-06-06 10:47:11,339 - INFO - 'NoneType' object is not subscriptable
2026-06-06 10:47:11,339 - INFO - Traceback (most recent call last):
  File "/home/runner/work/qqnews/qqnews/qq.py", line 128, in main
    for i in qq1["data"]["list"]:
             ~~~~~~~~~~~^^^^^^^^
TypeError: 'NoneType' object is not subscriptable

2026-06-06 12:02:27,859 - INFO - Total time taken: {'ret': 0, 'msg': 'success', 'data': None}
2026-06-06 12:02:27,860 - INFO - 'NoneType' object is not subscriptable
2026-06-06 12:02:27,860 - INFO - Traceback (most recent call last):
  File "/home/runner/work/qqnews/qqnews/qq.py", line 128, in main
    for i in qq1["data"]["list"]:
             ~~~~~~~~~~~^^^^^^^^
TypeError: 'NoneType' object is not subscriptable

2026-06-06 14:21:51,942 - INFO - Total time taken: {'ret': 0, 'msg': 'success', 'data': None}
2026-06-06 14:21:51,942 - INFO - 'NoneType' object is not subscriptable
2026-06-06 14:21:51,942 - INFO - Traceback (most recent call last):
  File "/home/runner/work/qqnews/qqnews/qq.py", line 128, in main
    for i in qq1["data"]["list"]:
             ~~~~~~~~~~~^^^^^^^^
TypeError: 'NoneType' object is not subscriptable

2026-06-06 15:59:43,169 - INFO - Total time taken: {'ret': 0, 'msg': 'success', 'data': None}
2026-06-06 15:59:43,169 - INFO - 'NoneType' object is not subscriptable
2026-06-06 15:59:43,170 - INFO - Traceback (most recent call last):
  File "/home/runner/work/qqnews/qqnews/qq.py", line 128, in main
    for i in qq1["data"]["list"]:
             ~~~~~~~~~~~^^^^^^^^
TypeError: 'NoneType' object is not subscriptable

2026-06-06 17:10:08,442 - INFO - Total time taken: {'ret': 0, 'msg': 'success', 'data': None}
2026-06-06 17:10:08,442 - INFO - 'NoneType' object is not subscriptable
2026-06-06 17:10:08,443 - INFO - Traceback (most recent call last):
  File "/home/runner/work/qqnews/qqnews/qq.py", line 128, in main
    for i in qq1["data"]["list"]:
             ~~~~~~~~~~~^^^^^^^^
TypeError: 'NoneType' object is not subscriptable

2026-06-06 18:59:28,208 - INFO - Total time taken: {'ret': 0, 'msg': 'success', 'data': None}
2026-06-06 18:59:28,208 - INFO - 'NoneType' object is not subscriptable
2026-06-06 18:59:28,208 - INFO - Traceback (most recent call last):
  File "/home/runner/work/qqnews/qqnews/qq.py", line 128, in main
    for i in qq1["data"]["list"]:
             ~~~~~~~~~~~^^^^^^^^
TypeError: 'NoneType' object is not subscriptable

2026-06-06 20:07:06,599 - INFO - Total time taken: {'ret': 0, 'msg': 'success', 'data': None}
2026-06-06 20:07:06,599 - INFO - 'NoneType' object is not subscriptable
2026-06-06 20:07:06,600 - INFO - Traceback (most recent call last):
  File "/home/runner/work/qqnews/qqnews/qq.py", line 128, in main
    for i in qq1["data"]["list"]:
             ~~~~~~~~~~~^^^^^^^^
TypeError: 'NoneType' object is not subscriptable

2026-06-06 21:52:07,574 - INFO - Total time taken: {'ret': 0, 'msg': 'success', 'data': None}
2026-06-06 21:52:07,574 - INFO - 'NoneType' object is not subscriptable
2026-06-06 21:52:07,574 - INFO - Traceback (most recent call last):
  File "/home/runner/work/qqnews/qqnews/qq.py", line 128, in main
    for i in qq1["data"]["list"]:
             ~~~~~~~~~~~^^^^^^^^
TypeError: 'NoneType' object is not subscriptable

2026-06-06 22:50:51,671 - INFO - Total time taken: {'ret': 0, 'msg': 'success', 'data': None}
2026-06-06 22:50:51,671 - INFO - 'NoneType' object is not subscriptable
2026-06-06 22:50:51,672 - INFO - Traceback (most recent call last):
  File "/home/runner/work/qqnews/qqnews/qq.py", line 128, in main
    for i in qq1["data"]["list"]:
             ~~~~~~~~~~~^^^^^^^^
TypeError: 'NoneType' object is not subscriptable

2026-06-06 23:52:56,213 - INFO - Total time taken: {'ret': 0, 'msg': 'success', 'data': None}
2026-06-06 23:52:56,213 - INFO - 'NoneType' object is not subscriptable
2026-06-06 23:52:56,213 - INFO - Traceback (most recent call last):
  File "/home/runner/work/qqnews/qqnews/qq.py", line 128, in main
    for i in qq1["data"]["list"]:
             ~~~~~~~~~~~^^^^^^^^
TypeError: 'NoneType' object is not subscriptable

