2025-12-21 00:47:48,517 - INFO - Total time taken: {'ret': 0, 'msg': 'success', 'data': None}
2025-12-21 00:47:48,517 - INFO - 'NoneType' object is not subscriptable
2025-12-21 00:47:48,518 - INFO - Traceback (most recent call last):
  File "/home/runner/work/qqnews/qqnews/qq.py", line 128, in main
    for i in qq1["data"]["list"]:
             ~~~~~~~~~~~^^^^^^^^
TypeError: 'NoneType' object is not subscriptable

2025-12-21 02:51:32,022 - INFO - Total time taken: {'ret': 0, 'msg': 'success', 'data': None}
2025-12-21 02:51:32,022 - INFO - 'NoneType' object is not subscriptable
2025-12-21 02:51:32,022 - INFO - Traceback (most recent call last):
  File "/home/runner/work/qqnews/qqnews/qq.py", line 128, in main
    for i in qq1["data"]["list"]:
             ~~~~~~~~~~~^^^^^^^^
TypeError: 'NoneType' object is not subscriptable

2025-12-21 03:54:29,645 - INFO - Total time taken: {'ret': 0, 'msg': 'success', 'data': None}
2025-12-21 03:54:29,645 - INFO - 'NoneType' object is not subscriptable
2025-12-21 03:54:29,646 - INFO - Traceback (most recent call last):
  File "/home/runner/work/qqnews/qqnews/qq.py", line 128, in main
    for i in qq1["data"]["list"]:
             ~~~~~~~~~~~^^^^^^^^
TypeError: 'NoneType' object is not subscriptable

2025-12-21 04:27:16,605 - INFO - Total time taken: {'ret': 0, 'msg': 'success', 'data': None}
2025-12-21 04:27:16,606 - INFO - 'NoneType' object is not subscriptable
2025-12-21 04:27:16,606 - INFO - Traceback (most recent call last):
  File "/home/runner/work/qqnews/qqnews/qq.py", line 128, in main
    for i in qq1["data"]["list"]:
             ~~~~~~~~~~~^^^^^^^^
TypeError: 'NoneType' object is not subscriptable

2025-12-21 05:11:32,429 - INFO - Total time taken: {'ret': 0, 'msg': 'success', 'data': None}
2025-12-21 05:11:32,429 - INFO - 'NoneType' object is not subscriptable
2025-12-21 05:11:32,429 - INFO - Traceback (most recent call last):
  File "/home/runner/work/qqnews/qqnews/qq.py", line 128, in main
    for i in qq1["data"]["list"]:
             ~~~~~~~~~~~^^^^^^^^
TypeError: 'NoneType' object is not subscriptable

2025-12-21 06:13:51,589 - INFO - Total time taken: {'ret': 0, 'msg': 'success', 'data': None}
2025-12-21 06:13:51,590 - INFO - 'NoneType' object is not subscriptable
2025-12-21 06:13:51,590 - INFO - Traceback (most recent call last):
  File "/home/runner/work/qqnews/qqnews/qq.py", line 128, in main
    for i in qq1["data"]["list"]:
             ~~~~~~~~~~~^^^^^^^^
TypeError: 'NoneType' object is not subscriptable

