2025-07-08 00:42:29,604 - INFO - Total time taken: {'ret': 0, 'msg': 'success', 'data': None}
2025-07-08 00:42:29,604 - INFO - 'NoneType' object is not subscriptable
2025-07-08 00:42:29,605 - INFO - Traceback (most recent call last):
  File "/home/runner/work/qqnews/qqnews/qq.py", line 128, in main
    for i in qq1["data"]["list"]:
             ~~~~~~~~~~~^^^^^^^^
TypeError: 'NoneType' object is not subscriptable

2025-07-08 02:42:32,018 - INFO - Total time taken: {'ret': 0, 'msg': 'success', 'data': None}
2025-07-08 02:42:32,018 - INFO - 'NoneType' object is not subscriptable
2025-07-08 02:42:32,018 - INFO - Traceback (most recent call last):
  File "/home/runner/work/qqnews/qqnews/qq.py", line 128, in main
    for i in qq1["data"]["list"]:
             ~~~~~~~~~~~^^^^^^^^
TypeError: 'NoneType' object is not subscriptable

2025-07-08 03:43:46,256 - INFO - Total time taken: {'ret': 0, 'msg': 'success', 'data': None}
2025-07-08 03:43:46,256 - INFO - 'NoneType' object is not subscriptable
2025-07-08 03:43:46,256 - INFO - Traceback (most recent call last):
  File "/home/runner/work/qqnews/qqnews/qq.py", line 128, in main
    for i in qq1["data"]["list"]:
             ~~~~~~~~~~~^^^^^^^^
TypeError: 'NoneType' object is not subscriptable

2025-07-08 04:20:10,001 - INFO - Total time taken: {'ret': 0, 'msg': 'success', 'data': None}
2025-07-08 04:20:10,002 - INFO - 'NoneType' object is not subscriptable
2025-07-08 04:20:10,002 - INFO - Traceback (most recent call last):
  File "/home/runner/work/qqnews/qqnews/qq.py", line 128, in main
    for i in qq1["data"]["list"]:
             ~~~~~~~~~~~^^^^^^^^
TypeError: 'NoneType' object is not subscriptable

2025-07-08 05:11:24,047 - INFO - Total time taken: {'ret': 0, 'msg': 'success', 'data': None}
2025-07-08 05:11:24,048 - INFO - 'NoneType' object is not subscriptable
2025-07-08 05:11:24,048 - INFO - Traceback (most recent call last):
  File "/home/runner/work/qqnews/qqnews/qq.py", line 128, in main
    for i in qq1["data"]["list"]:
             ~~~~~~~~~~~^^^^^^^^
TypeError: 'NoneType' object is not subscriptable

2025-07-08 06:13:40,062 - INFO - Total time taken: {'ret': 0, 'msg': 'success', 'data': None}
2025-07-08 06:13:40,062 - INFO - 'NoneType' object is not subscriptable
2025-07-08 06:13:40,063 - INFO - Traceback (most recent call last):
  File "/home/runner/work/qqnews/qqnews/qq.py", line 128, in main
    for i in qq1["data"]["list"]:
             ~~~~~~~~~~~^^^^^^^^
TypeError: 'NoneType' object is not subscriptable

2025-07-08 07:10:52,564 - INFO - Total time taken: {'ret': 0, 'msg': 'success', 'data': None}
2025-07-08 07:10:52,564 - INFO - 'NoneType' object is not subscriptable
2025-07-08 07:10:52,564 - INFO - Traceback (most recent call last):
  File "/home/runner/work/qqnews/qqnews/qq.py", line 128, in main
    for i in qq1["data"]["list"]:
             ~~~~~~~~~~~^^^^^^^^
TypeError: 'NoneType' object is not subscriptable

2025-07-08 08:13:15,705 - INFO - Total time taken: {'ret': 0, 'msg': 'success', 'data': None}
2025-07-08 08:13:15,705 - INFO - 'NoneType' object is not subscriptable
2025-07-08 08:13:15,705 - INFO - Traceback (most recent call last):
  File "/home/runner/work/qqnews/qqnews/qq.py", line 128, in main
    for i in qq1["data"]["list"]:
             ~~~~~~~~~~~^^^^^^^^
TypeError: 'NoneType' object is not subscriptable

2025-07-08 09:11:53,261 - INFO - Total time taken: {'ret': 0, 'msg': 'success', 'data': None}
2025-07-08 09:11:53,261 - INFO - 'NoneType' object is not subscriptable
2025-07-08 09:11:53,262 - INFO - Traceback (most recent call last):
  File "/home/runner/work/qqnews/qqnews/qq.py", line 128, in main
    for i in qq1["data"]["list"]:
             ~~~~~~~~~~~^^^^^^^^
TypeError: 'NoneType' object is not subscriptable

