2026-06-26 00:01:06,241 - INFO - Total time taken: {'ret': 0, 'msg': 'success', 'data': None}
2026-06-26 00:01:06,241 - INFO - 'NoneType' object is not subscriptable
2026-06-26 00:01:06,242 - INFO - Traceback (most recent call last):
  File "/home/runner/work/qqnews/qqnews/qq.py", line 128, in main
    for i in qq1["data"]["list"]:
             ~~~~~~~~~~~^^^^^^^^
TypeError: 'NoneType' object is not subscriptable

2026-06-26 04:59:47,094 - INFO - Total time taken: {'ret': 0, 'msg': 'success', 'data': None}
2026-06-26 04:59:47,094 - INFO - 'NoneType' object is not subscriptable
2026-06-26 04:59:47,095 - INFO - Traceback (most recent call last):
  File "/home/runner/work/qqnews/qqnews/qq.py", line 128, in main
    for i in qq1["data"]["list"]:
             ~~~~~~~~~~~^^^^^^^^
TypeError: 'NoneType' object is not subscriptable

2026-06-26 08:28:41,327 - INFO - Total time taken: {'ret': 0, 'msg': 'success', 'data': None}
2026-06-26 08:28:41,328 - INFO - 'NoneType' object is not subscriptable
2026-06-26 08:28:41,328 - INFO - Traceback (most recent call last):
  File "/home/runner/work/qqnews/qqnews/qq.py", line 128, in main
    for i in qq1["data"]["list"]:
             ~~~~~~~~~~~^^^^^^^^
TypeError: 'NoneType' object is not subscriptable

2026-06-26 11:35:23,958 - INFO - Total time taken: {'ret': 0, 'msg': 'success', 'data': None}
2026-06-26 11:35:23,959 - INFO - 'NoneType' object is not subscriptable
2026-06-26 11:35:23,959 - INFO - Traceback (most recent call last):
  File "/home/runner/work/qqnews/qqnews/qq.py", line 128, in main
    for i in qq1["data"]["list"]:
             ~~~~~~~~~~~^^^^^^^^
TypeError: 'NoneType' object is not subscriptable

