2026-07-01 00:04:21,703 - INFO - Total time taken: {'ret': 0, 'msg': 'success', 'data': None}
2026-07-01 00:04:21,704 - INFO - 'NoneType' object is not subscriptable
2026-07-01 00:04:21,704 - INFO - Traceback (most recent call last):
  File "/home/runner/work/qqnews/qqnews/qq.py", line 128, in main
    for i in qq1["data"]["list"]:
             ~~~~~~~~~~~^^^^^^^^
TypeError: 'NoneType' object is not subscriptable

2026-07-01 05:12:47,557 - INFO - Total time taken: {'ret': 0, 'msg': 'success', 'data': None}
2026-07-01 05:12:47,558 - INFO - 'NoneType' object is not subscriptable
2026-07-01 05:12:47,558 - INFO - Traceback (most recent call last):
  File "/home/runner/work/qqnews/qqnews/qq.py", line 128, in main
    for i in qq1["data"]["list"]:
             ~~~~~~~~~~~^^^^^^^^
TypeError: 'NoneType' object is not subscriptable

2026-07-01 09:22:55,899 - INFO - Total time taken: {'ret': 0, 'msg': 'success', 'data': None}
2026-07-01 09:22:55,899 - INFO - 'NoneType' object is not subscriptable
2026-07-01 09:22:55,900 - INFO - Traceback (most recent call last):
  File "/home/runner/work/qqnews/qqnews/qq.py", line 128, in main
    for i in qq1["data"]["list"]:
             ~~~~~~~~~~~^^^^^^^^
TypeError: 'NoneType' object is not subscriptable

2026-07-01 12:25:29,313 - INFO - Total time taken: {'ret': 0, 'msg': 'success', 'data': None}
2026-07-01 12:25:29,314 - INFO - 'NoneType' object is not subscriptable
2026-07-01 12:25:29,314 - INFO - Traceback (most recent call last):
  File "/home/runner/work/qqnews/qqnews/qq.py", line 128, in main
    for i in qq1["data"]["list"]:
             ~~~~~~~~~~~^^^^^^^^
TypeError: 'NoneType' object is not subscriptable

2026-07-01 15:33:00,544 - INFO - Total time taken: {'ret': 0, 'msg': 'success', 'data': None}
2026-07-01 15:33:00,545 - INFO - 'NoneType' object is not subscriptable
2026-07-01 15:33:00,545 - INFO - Traceback (most recent call last):
  File "/home/runner/work/qqnews/qqnews/qq.py", line 128, in main
    for i in qq1["data"]["list"]:
             ~~~~~~~~~~~^^^^^^^^
TypeError: 'NoneType' object is not subscriptable

2026-07-01 17:44:12,017 - INFO - Total time taken: {'ret': 0, 'msg': 'success', 'data': None}
2026-07-01 17:44:12,017 - INFO - 'NoneType' object is not subscriptable
2026-07-01 17:44:12,017 - INFO - Traceback (most recent call last):
  File "/home/runner/work/qqnews/qqnews/qq.py", line 128, in main
    for i in qq1["data"]["list"]:
             ~~~~~~~~~~~^^^^^^^^
TypeError: 'NoneType' object is not subscriptable

