2025-07-14 00:46:50,436 - INFO - Total time taken: {'ret': 0, 'msg': 'success', 'data': None}
2025-07-14 00:46:50,436 - INFO - 'NoneType' object is not subscriptable
2025-07-14 00:46:50,436 - INFO - Traceback (most recent call last):
  File "/home/runner/work/qqnews/qqnews/qq.py", line 128, in main
    for i in qq1["data"]["list"]:
             ~~~~~~~~~~~^^^^^^^^
TypeError: 'NoneType' object is not subscriptable

2025-07-14 02:53:34,150 - INFO - Total time taken: {'ret': 0, 'msg': 'success', 'data': None}
2025-07-14 02:53:34,151 - INFO - 'NoneType' object is not subscriptable
2025-07-14 02:53:34,151 - INFO - Traceback (most recent call last):
  File "/home/runner/work/qqnews/qqnews/qq.py", line 128, in main
    for i in qq1["data"]["list"]:
             ~~~~~~~~~~~^^^^^^^^
TypeError: 'NoneType' object is not subscriptable

2025-07-14 03:56:50,692 - INFO - Total time taken: {'ret': 0, 'msg': 'success', 'data': None}
2025-07-14 03:56:50,692 - INFO - 'NoneType' object is not subscriptable
2025-07-14 03:56:50,692 - INFO - Traceback (most recent call last):
  File "/home/runner/work/qqnews/qqnews/qq.py", line 128, in main
    for i in qq1["data"]["list"]:
             ~~~~~~~~~~~^^^^^^^^
TypeError: 'NoneType' object is not subscriptable

