2026-05-21 01:51:57,758 - INFO - Total time taken: {'ret': 0, 'msg': 'success', 'data': None}
2026-05-21 01:51:57,759 - INFO - 'NoneType' object is not subscriptable
2026-05-21 01:51:57,759 - INFO - Traceback (most recent call last):
  File "/home/runner/work/qqnews/qqnews/qq.py", line 128, in main
    for i in qq1["data"]["list"]:
             ~~~~~~~~~~~^^^^^^^^
TypeError: 'NoneType' object is not subscriptable

2026-05-21 05:57:34,064 - INFO - Total time taken: {'ret': 0, 'msg': 'success', 'data': None}
2026-05-21 05:57:34,064 - INFO - 'NoneType' object is not subscriptable
2026-05-21 05:57:34,064 - INFO - Traceback (most recent call last):
  File "/home/runner/work/qqnews/qqnews/qq.py", line 128, in main
    for i in qq1["data"]["list"]:
             ~~~~~~~~~~~^^^^^^^^
TypeError: 'NoneType' object is not subscriptable

2026-05-21 08:57:40,689 - INFO - Total time taken: {'ret': 0, 'msg': 'success', 'data': None}
2026-05-21 08:57:40,690 - INFO - 'NoneType' object is not subscriptable
2026-05-21 08:57:40,690 - INFO - Traceback (most recent call last):
  File "/home/runner/work/qqnews/qqnews/qq.py", line 128, in main
    for i in qq1["data"]["list"]:
             ~~~~~~~~~~~^^^^^^^^
TypeError: 'NoneType' object is not subscriptable

2026-05-21 12:08:44,613 - INFO - Total time taken: {'ret': 0, 'msg': 'success', 'data': None}
2026-05-21 12:08:44,613 - INFO - 'NoneType' object is not subscriptable
2026-05-21 12:08:44,613 - INFO - Traceback (most recent call last):
  File "/home/runner/work/qqnews/qqnews/qq.py", line 128, in main
    for i in qq1["data"]["list"]:
             ~~~~~~~~~~~^^^^^^^^
TypeError: 'NoneType' object is not subscriptable

2026-05-21 16:09:22,938 - INFO - Total time taken: {'ret': 0, 'msg': 'success', 'data': None}
2026-05-21 16:09:22,938 - INFO - 'NoneType' object is not subscriptable
2026-05-21 16:09:22,939 - INFO - Traceback (most recent call last):
  File "/home/runner/work/qqnews/qqnews/qq.py", line 128, in main
    for i in qq1["data"]["list"]:
             ~~~~~~~~~~~^^^^^^^^
TypeError: 'NoneType' object is not subscriptable

2026-05-21 18:30:38,695 - INFO - Total time taken: {'ret': 0, 'msg': 'success', 'data': None}
2026-05-21 18:30:38,696 - INFO - 'NoneType' object is not subscriptable
2026-05-21 18:30:38,696 - INFO - Traceback (most recent call last):
  File "/home/runner/work/qqnews/qqnews/qq.py", line 128, in main
    for i in qq1["data"]["list"]:
             ~~~~~~~~~~~^^^^^^^^
TypeError: 'NoneType' object is not subscriptable

2026-05-21 20:27:06,006 - INFO - Total time taken: {'ret': 0, 'msg': 'success', 'data': None}
2026-05-21 20:27:06,006 - INFO - 'NoneType' object is not subscriptable
2026-05-21 20:27:06,006 - INFO - Traceback (most recent call last):
  File "/home/runner/work/qqnews/qqnews/qq.py", line 128, in main
    for i in qq1["data"]["list"]:
             ~~~~~~~~~~~^^^^^^^^
TypeError: 'NoneType' object is not subscriptable

