2024-10-02 00:34:01,445 - INFO - EXPIRED
世界第一王楚钦再次爆冷输球，已连输3个单打赛事，问题出在哪？他该怎么调整？
https://view.inews.qq.com/a/20241001Q07HZP00

2024-10-02 00:34:01,446 - INFO - EXPIRED
这条长三角重要高铁来了
https://new.qq.com/rain/a/20241001A05MM100

2024-10-02 00:34:01,446 - INFO - EXPIRED
经常听到身边人许愿“早日退休”，退休生活真的如想象般美好吗？真实情况怎样？
https://view.inews.qq.com/a/20240911Q02LEC00

2024-10-02 00:34:01,446 - INFO - EXPIRED
“十一”前夕，中管干部李刚在内的一批“内鬼”被揪出查办
https://new.qq.com/rain/a/20241001A06O5700

2024-10-02 00:34:01,446 - INFO - EXPIRED
湖南湘阴17岁男生因吃零食被班主任批评不服，坠楼身亡，官方通报
https://new.qq.com/rain/a/20241001A076FO00

2024-10-02 00:34:01,446 - INFO - EXPIRED
全美一半海运中断！美国港口爆发大罢工 大选临近拜登陷两难
https://new.qq.com/rain/a/20241001A05KUU00

2024-10-02 00:34:01,446 - INFO - EXPIRED
美国总统拜登批准佐治亚州重大灾难声明
https://new.qq.com/rain/a/20241001A07A0600

2024-10-02 00:34:01,446 - INFO - EXPIRED
长龙航空广州起飞航班乘客登机后被通知下机，机组称轮胎破了
https://new.qq.com/rain/a/20241001A06G5D00

2024-10-02 00:34:01,446 - INFO - EXPIRED
1对1｜独家专访布云朝克特：希望10年后 中国网球能有三四十个TOP100
https://new.qq.com/rain/a/20241001V06ZG300

2024-10-02 00:34:01,446 - INFO - EXPIRED
市场监管总局、国家数据局：选取8个试点城市开放信用监管数据
https://new.qq.com/rain/a/20241001A066YD00

2024-10-02 00:34:01,446 - INFO - EXPIRED
男孩被体罚做200个深蹲致横纹肌溶解，终身不能运动，为何这么严重？和身体素质有关吗？
https://view.inews.qq.com/a/20240930Q0877A00

2024-10-02 00:34:01,446 - INFO - EXPIRED
美国国家运输安全委员会：超40家外航使用的波音737可能存在安全风险
https://new.qq.com/rain/a/20241001A04NTE00

2024-10-02 00:34:01,446 - INFO - EXPIRED
曼谷校车起火致25死：车辆火光冲天被烧剩骨架，泰国总理哽咽落泪回应
https://new.qq.com/rain/a/20241001V05LFN00

2024-10-02 00:34:01,446 - INFO - EXPIRED
安徽合肥市肥东县发生3.3级地震
https://new.qq.com/rain/a/20241001A0597E00

2024-10-02 00:34:01,446 - INFO - EXPIRED
吕特正式出任北约新一任秘书长
https://new.qq.com/rain/a/20241001A053DM00

2024-10-02 00:34:01,446 - INFO - EXPIRED
刘涛称和华哥演夫妻像一场美梦，张子枫为演盲女深入生活体验
https://new.qq.com/rain/a/20241001V0629F00

2024-10-02 00:34:01,446 - INFO - EXPIRED
网红女骑士遭遇车祸身亡 其父：女儿当时坐摩托车后面 交警仍在调查
https://new.qq.com/rain/a/20241001A046RS00

2024-10-02 00:34:01,446 - INFO - EXPIRED
NBA名宿穆托姆博因脑癌去世，哪类人群容易得脑癌？这种癌很难治吗？
https://view.inews.qq.com/a/20241001Q0096P00

2024-10-02 00:34:01,446 - INFO - EXPIRED
旅客携带180万美元入境被海关查获，为什么不正常汇款？钱会被没收吗？
https://view.inews.qq.com/a/20240930Q0AB3M00

2024-10-02 00:34:01,446 - INFO - EXPIRED
哥哥离世后，老太变更名下股票账户信息并转走200多万，一家三口被抓
https://new.qq.com/rain/a/20240930A0ACXJ00

2024-10-02 00:34:01,446 - INFO - EXPIRED
我月薪3000舍不得国庆出去旅游，有哪些花钱很少但也能快乐度假的玩法？
https://view.inews.qq.com/a/20240930Q04DC800

2024-10-02 00:34:01,446 - INFO - EXPIRED
中美商务部长即将通话，将对电动汽车限制等深入交换意见
https://new.qq.com/rain/a/20241001A03TYH00

2024-10-02 00:34:01,446 - INFO - EXPIRED
美国东岸和墨西哥湾港口因罢工47年来首次关闭，处理全美一半贸易量
https://new.qq.com/rain/a/20241001A042SW00

2024-10-02 00:34:01,446 - INFO - EXPIRED
9月30日至10月1日，南部战区组织舰艇编队位南海有关海域进行战备巡航
https://new.qq.com/rain/a/20241001A03S7400

2024-10-02 00:34:01,446 - INFO - EXPIRED
豪华游轮靠低价收买想“躺平式旅游”的年轻人，国庆去豪华游轮旅游是个好选择吗？
https://view.inews.qq.com/a/20240925Q07IO500

2024-10-02 00:34:01,446 - INFO - EXPIRED
台媒：台北检方原定今日第五次提讯柯文哲，因柯拒绝应讯突然取消
https://new.qq.com/rain/a/20241001A03QNM00

2024-10-02 00:34:01,446 - INFO - EXPIRED
美公布美俄战机空中交锋画面：苏-35加速掠过美军F-16机头
https://new.qq.com/rain/a/20241001A00VKT00

2024-10-02 00:34:01,446 - INFO - EXPIRED
网红女骑士“石膏”发生车祸身亡：四年前就骑摩托摔断过腿
https://new.qq.com/rain/a/20240930A0A7FK00

2024-10-02 00:34:01,446 - INFO - EXPIRED
哪里最火？天气如何？国庆期间的数据带你精准enjoy假期！
https://new.qq.com/rain/a/20240930A06LKM00

2024-10-02 00:34:01,446 - INFO - EXPIRED
内蒙古高速公路交警通报“致12辆车受损”交通事故：无人员伤亡
https://new.qq.com/rain/a/20241001A03UAI00

2024-10-02 00:34:01,446 - INFO - EXPIRED
超强台风“山陀儿”逼近 浙江多地启动应急响应
https://new.qq.com/rain/a/20241001A03NGC00

2024-10-02 00:34:01,446 - INFO - EXPIRED
21岁大学生在快递网点工作20余天后跳江身亡，生前称担心拿不到工资不敢离职
https://new.qq.com/rain/a/20241001A03ONZ00

2024-10-02 00:34:01,446 - INFO - EXPIRED
长假刚出门就被人追尾，司机最讨厌的驾驶行为是什么？你见过最奇葩的司机是怎样的？
https://view.inews.qq.com/a/20241001Q022Z800

2024-10-02 00:34:01,446 - INFO - EXPIRED
河南一女子称一丝不挂被维修工人2次刷开酒店房门：做不到息事宁人
https://new.qq.com/rain/a/20240930A0858C00

2024-10-02 00:34:01,446 - INFO - EXPIRED
券商开户需核查投资者诚信档案 监管强化行业失信约束机制
https://new.qq.com/rain/a/20241001A026KQ00

2024-10-02 00:34:01,446 - INFO - EXPIRED
湖南一中学家委会要求家长筹资金补贴英语代课老师，学校：费用已退还
https://new.qq.com/rain/a/20240930A07BYE00

2024-10-02 00:34:01,446 - INFO - EXPIRED
广东小伙连吃七只螃蟹把自己“炫”进ICU，专业人士提醒
https://new.qq.com/rain/a/20240930A019YZ00

2024-10-02 00:34:01,446 - INFO - EXPIRED
上海松江警方：一男子超市内持刀伤人被当场抓获，3人抢救无效死亡
https://new.qq.com/rain/a/20241001A00DSZ00

2024-10-02 00:34:01,446 - INFO - EXPIRED
25岁女孩环游世界42城路费仅2万，假期出去玩能怎么省钱？
https://view.inews.qq.com/a/20240927Q0655400

2024-10-02 00:34:01,446 - INFO - EXPIRED
中国载人航天工程办公室：10月下旬将发射神舟十九号载人飞船
https://new.qq.com/rain/a/20241001A02C6G00

2024-10-02 00:34:01,446 - INFO - EXPIRED
飓风“海伦妮”已致美国超百人死亡，哈里斯暂停总统竞选活动
https://new.qq.com/rain/a/20240930A097QJ00

2024-10-02 00:34:01,446 - INFO - EXPIRED
10亿人民币补贴香港地区，淘宝出海国庆、双十一之前“开卷”
https://new.qq.com/rain/a/20241001A0039300

2024-10-02 00:34:01,446 - INFO - EXPIRED
贵阳一美容“医院”开业高喊先赚一个亿，美容机构可以自称“医院”吗？
https://view.inews.qq.com/a/20240930Q04DWZ00

2024-10-02 00:34:01,446 - INFO - EXPIRED
女子拔插头被电伤截肢，当事人：大拇指现在都没知觉，要5年才能恢复
https://new.qq.com/rain/a/20241001V01TM000

2024-10-02 00:34:01,446 - INFO - EXPIRED
东北雨姐回应“红薯粉条事件”：产品检测报告暂未出，可先行全额退款
https://new.qq.com/rain/a/20241001A01KCB00

2024-10-02 00:34:01,446 - INFO - EXPIRED
岸田文雄三年执政落幕：妥协政治和“新时代现实主义外交”
https://new.qq.com/rain/a/20241001A017I100

2024-10-02 00:34:01,446 - INFO - EXPIRED
NBA名宿穆托姆博因脑癌去世，他当年的防守有多强？对姚明帮助有多大？
https://view.inews.qq.com/a/20240930Q0AAPU00

2024-10-02 00:34:01,446 - INFO - EXPIRED
孟晚舟将接任华为轮值董事长
https://new.qq.com/rain/a/20241001A00DUL00

2024-10-02 00:34:01,446 - INFO - EXPIRED
中纪委再查副部级“内鬼”，连续两名落马中管干部都曾任职中组部
https://new.qq.com/rain/a/20240930A09M9Y00

2024-10-02 00:34:01,446 - INFO - EXPIRED
2岁女童长期被奶奶喂“符水”导致铅中毒，医生：这种偏方千万别信
https://new.qq.com/rain/a/20241001A031H000

2024-10-02 00:34:01,446 - INFO - EXPIRED
“00后”涌入国宾馆
https://new.qq.com/rain/a/20241001A012XP00

2024-10-02 00:34:01,446 - INFO - EXPIRED
朝鲜谴责美国向朝鲜半岛及其周边派遣核潜艇等核战略资产
https://new.qq.com/rain/a/20241001A00N2U00

2024-10-02 00:34:01,446 - INFO - EXPIRED
布云朝克特晋级中网四强创历史，他会成为中国男网一哥吗？未来天花板有多高？
https://view.inews.qq.com/a/20240930Q0AAXO00

2024-10-02 00:34:01,446 - INFO - EXPIRED
深交所出手 恒大地产和许家印等被纪律处分
https://new.qq.com/rain/a/20240930A0A0RS00

2024-10-02 00:34:01,446 - INFO - EXPIRED
鲍威尔打压市场大幅降息的预期：会进一步降息，但无预设的利率路线
https://new.qq.com/rain/a/20241001A00MZ200

2024-10-02 00:34:01,447 - INFO - EXPIRED
香港终审法院英国非常任法官因个人原因不续任，系年内第五位
https://new.qq.com/rain/a/20240930A09A9T00

2024-10-02 00:34:01,447 - INFO - EXPIRED
美股收盘：道指标普收于新高 中概股金龙指数月涨近30%
https://new.qq.com/rain/a/20241001A00MXV00

2024-10-02 00:34:01,447 - INFO - EXPIRED
余华英拐卖儿童案将于10月重审开庭，被拐儿童增至17人
https://new.qq.com/rain/a/20240930A068GI00

2024-10-02 00:34:01,447 - INFO - EXPIRED
17岁男孩突然“变”女孩：罕见的性发育异常和艰难的性别选择
https://new.qq.com/rain/a/20240930A073LU00

2024-10-02 00:34:01,447 - INFO - EXPIRED
特斯拉德国工厂病假率17%，马斯克：太疯狂了
https://new.qq.com/rain/a/20240930A08XPU00

2024-10-02 00:34:01,447 - INFO - EXPIRED
湖南一高三男生在教师办公室坠亡，当地：警方已排除刑事案件的可能
https://new.qq.com/rain/a/20240930A0ABWI00

2024-10-02 00:34:01,447 - INFO - EXPIRED
台湾校园“割颈案”行凶者分别获刑9年、8年，检方：量刑过轻将上诉
https://new.qq.com/rain/a/20240930A09M9H00

2024-10-02 00:34:01,447 - INFO - EXPIRED
首次披露！“失联”的新华保险原董事长李全，落马了
https://new.qq.com/rain/a/20240930A0694N00

2024-10-02 00:34:01,447 - INFO - EXPIRED
科学家找到宇宙中的“炼金炉”，合成黄金需要哪些条件？在实验室能合成吗？
https://view.inews.qq.com/a/20240930Q087JU00

2024-10-02 00:34:01,447 - INFO - EXPIRED
普京签署秋季征兵法令：在经认可的IT公司工作的公民可推迟服兵役
https://new.qq.com/rain/a/20240930A09BT400

2024-10-02 00:34:01,447 - INFO - EXPIRED
这些地方的农村，光棍一窝一窝
https://new.qq.com/rain/a/20240930A07SD900

2024-10-02 00:34:01,447 - INFO - EXPIRED
中介机构选定 国泰君安、海通吸收合并时间表临近
https://new.qq.com/rain/a/20240930A09BZL00

2024-10-02 00:34:01,447 - INFO - EXPIRED
“毒枸杞”事件调查一个月进展如何？甘肃和青海两地最新回应
https://new.qq.com/rain/a/20240930A05WSQ00

2024-10-02 00:34:01,447 - INFO - EXPIRED
西安“看桥爷爷”受邀抵达武汉：这次一定要看到“万里长江第一桥”
https://new.qq.com/rain/a/20240930A07ALB00

2024-10-02 00:34:01,447 - INFO - EXPIRED
俄媒：俄军拿下乌克兰东部关键村庄
https://new.qq.com/rain/a/20240930A04IXO00

2024-10-02 00:34:01,447 - INFO - EXPIRED
韩检方请求判处李在明3年有期徒刑 李在明：韩检方歪曲法律是犯罪行为
https://new.qq.com/rain/a/20240930V081Q200

2024-10-02 00:34:01,447 - INFO - EXPIRED
行李箱内塞满成捆现金，旅客携带180万美元入境被广州海关查获
https://new.qq.com/rain/a/20240930A06HT600

2024-10-02 00:34:01,447 - INFO - EXPIRED
伸缩机倒塌致1名员工死亡 申通快递被约谈
https://new.qq.com/rain/a/20240930A070MA00

2024-10-02 00:34:01,447 - INFO - EXPIRED
提前一天开车出发，结果十几个小时没出城，假期出行有哪些“大聪明”行为？
https://view.inews.qq.com/a/20240930Q03GPA00

2024-10-02 00:34:01,447 - INFO - EXPIRED
伍斌当选厦门市市长，曾获“全国优秀县委书记”称号
https://new.qq.com/rain/a/20240930A073P200

2024-10-02 00:34:01,447 - INFO - EXPIRED
男孩被困电梯徒手扒开门逃生，这样做安全吗？被困电梯该如何自救？
https://view.inews.qq.com/a/20240929Q09K5C00

2024-10-02 00:34:01,447 - INFO - EXPIRED
俄媒：俄总理米舒斯京抵达伊朗开始访问
https://new.qq.com/rain/a/20240930A07MRR00

2024-10-02 00:34:01,447 - INFO - EXPIRED
IPO前夕，荣耀副董事长万飚离职，否认将加入新凯来
https://new.qq.com/rain/a/20240930A06QHA00

2024-10-02 00:34:01,447 - INFO - EXPIRED
打虎！中央纪委国家监委驻中央组织部纪检监察组组长李刚被查
https://new.qq.com/rain/a/20240930A095Q600

2024-10-02 00:34:01,447 - INFO - EXPIRED
乘客高铁上演遮阳帘“拉扯战”：僵持了20分钟左右，全程没吵架
https://new.qq.com/rain/a/20240930V05X4900

2024-10-02 00:34:01,447 - INFO - EXPIRED
中信建投：后台审核140万人排队开户事实严重不符
https://new.qq.com/rain/a/20240930A066BO00

2024-10-02 00:34:01,447 - INFO - EXPIRED
李强签署国务院令 公布《网络数据安全管理条例》
https://new.qq.com/rain/a/20240930A06A9A00

2024-10-02 00:34:01,447 - INFO - EXPIRED
财政部副部长郭婷婷会见普华永道全球主席
https://new.qq.com/rain/a/20240930A05FGN00

2024-10-02 00:34:01,447 - INFO - EXPIRED
文旅部：希望大陆居民能够早日赴台湾本岛旅游
https://new.qq.com/rain/a/20240930A05YLM00

2024-10-02 00:34:01,447 - INFO - EXPIRED
国内航线燃油附加费10月5日起大幅下调
https://new.qq.com/rain/a/20240930A064LR00

2024-10-02 00:34:01,447 - INFO - EXPIRED
33岁格列兹曼自宣从法国国家队退役，结束10年国家队生涯
https://new.qq.com/rain/a/20240930A0681800

2024-10-02 00:34:01,447 - INFO - EXPIRED
“整个山东威海都是臭的” 多人称闻到异味 环保局：查了一宿原因不明
https://new.qq.com/rain/a/20240930A03PC300

2024-10-02 00:34:01,447 - INFO - EXPIRED
成都发生一起多车连环追尾事故，警方：致8人受伤，司机排除酒驾嫌疑
https://new.qq.com/rain/a/20240930A05JOV00

2024-10-02 00:34:01,447 - INFO - EXPIRED
上海、广州、深圳连夜发楼市新政，专家说房地产牛市启动，我该信吗？现在是买房好时机吗？
https://view.inews.qq.com/a/20240930Q01AL600

2024-10-02 00:34:01,447 - INFO - EXPIRED
外交部：中方决定将对葡萄牙、希腊、塞浦路斯、斯洛文尼亚持普通护照人员试行免签政策
https://new.qq.com/rain/a/20240930A05EMR00

2024-10-02 00:34:01,447 - INFO - EXPIRED
以媒：以国防军发布照片显示，哈马斯领导人辛瓦尔图像被打上“问号”
https://new.qq.com/rain/a/20240930A04P4B00

2024-10-02 00:34:01,447 - INFO - EXPIRED
美向台湾地区提供5.67亿美元军援，外交部：以武助“独”必将引火烧身
https://new.qq.com/rain/a/20240930A05E7E00

2024-10-02 00:34:01,447 - INFO - EXPIRED
穿越时空的对话：75年科技变迁之旅
https://new.qq.com/rain/a/20240930V05DHE00

2024-10-02 00:34:01,447 - INFO - EXPIRED
河北省纪委原副书记陈玉祥被公诉，热衷吃喝玩乐被“围猎”
https://new.qq.com/rain/a/20240930A04OGC00

2024-10-02 00:34:01,780 - ERROR - ERROR
伊朗袭击以色列现场画面：约两百枚导弹升空 火球般密集砸向以境内
https://new.qq.com/rain/a/20241002V00ZQ000
('list index out of range',)
======
Traceback (most recent call last):
  File "/home/runner/work/qqnews/qqnews/qq.py", line 81, in process_article
    ss = str(tmpbs.select("div.LEFT div.content.clearfix")[0])
             ~~~~~~~~~~~~~~~~~~~~~~~~~~~~~~~~~~~~~~~~~~~~~^^^
IndexError: list index out of range


2024-10-02 00:34:01,790 - INFO - INVALID
加拿大对自华进口电动汽车加征100%附加税，商务部回应
https://new.qq.com/rain/a/20241002A01BLW00

2024-10-02 00:34:01,816 - INFO - INVALID
美股收盘：纳指跌1.5%，Meta创新高，中概逆市涨超5%
https://new.qq.com/rain/a/20241002A00YRN00

2024-10-02 00:34:01,827 - INFO - INVALID
伊朗对以色列发动大规模导弹袭击，内塔尼亚胡表态：伊将付出代价
https://new.qq.com/rain/a/20241002A015H200

2024-10-02 00:34:01,850 - INFO - INVALID
以色列特拉维夫发生枪击和刀刺袭击，6人死亡9人受伤
https://new.qq.com/rain/a/20241002A00N0700

2024-10-02 00:34:02,073 - INFO - INVALID
146名中国公民自黎巴嫩安全撤离
https://new.qq.com/rain/a/20241002A015BC00

2024-10-02 02:09:34,104 - INFO - EXPIRED
这条长三角重要高铁来了
https://new.qq.com/rain/a/20241001A05MM100

2024-10-02 02:09:34,104 - INFO - EXPIRED
经常听到身边人许愿“早日退休”，退休生活真的如想象般美好吗？真实情况怎样？
https://view.inews.qq.com/a/20240911Q02LEC00

2024-10-02 02:09:34,104 - INFO - EXPIRED
“十一”前夕，中管干部李刚在内的一批“内鬼”被揪出查办
https://new.qq.com/rain/a/20241001A06O5700

2024-10-02 02:09:34,104 - INFO - EXPIRED
湖南湘阴17岁男生因吃零食被班主任批评不服，坠楼身亡，官方通报
https://new.qq.com/rain/a/20241001A076FO00

2024-10-02 02:09:34,104 - INFO - EXPIRED
全美一半海运中断！美国港口爆发大罢工 大选临近拜登陷两难
https://new.qq.com/rain/a/20241001A05KUU00

2024-10-02 02:09:34,104 - INFO - EXPIRED
美国总统拜登批准佐治亚州重大灾难声明
https://new.qq.com/rain/a/20241001A07A0600

2024-10-02 02:09:34,104 - INFO - EXPIRED
长龙航空广州起飞航班乘客登机后被通知下机，机组称轮胎破了
https://new.qq.com/rain/a/20241001A06G5D00

2024-10-02 02:09:34,104 - INFO - EXPIRED
1对1｜独家专访布云朝克特：我的目标是未来进入男子网球世界排名前50
https://new.qq.com/rain/a/20241001V06ZG300

2024-10-02 02:09:34,105 - INFO - EXPIRED
市场监管总局、国家数据局：选取8个试点城市开放信用监管数据
https://new.qq.com/rain/a/20241001A066YD00

2024-10-02 02:09:34,105 - INFO - EXPIRED
男孩被体罚做200个深蹲致横纹肌溶解，终身不能运动，为何这么严重？和身体素质有关吗？
https://view.inews.qq.com/a/20240930Q0877A00

2024-10-02 02:09:34,105 - INFO - EXPIRED
美国国家运输安全委员会：超40家外航使用的波音737可能存在安全风险
https://new.qq.com/rain/a/20241001A04NTE00

2024-10-02 02:09:34,105 - INFO - EXPIRED
曼谷校车起火致25死：车辆火光冲天被烧剩骨架，泰国总理哽咽落泪回应
https://new.qq.com/rain/a/20241001V05LFN00

2024-10-02 02:09:34,105 - INFO - EXPIRED
安徽合肥市肥东县发生3.3级地震
https://new.qq.com/rain/a/20241001A0597E00

2024-10-02 02:09:34,105 - INFO - EXPIRED
吕特正式出任北约新一任秘书长
https://new.qq.com/rain/a/20241001A053DM00

2024-10-02 02:09:34,105 - INFO - EXPIRED
刘涛称和华哥演夫妻像一场美梦，张子枫为演盲女深入生活体验
https://new.qq.com/rain/a/20241001V0629F00

2024-10-02 02:09:34,105 - INFO - EXPIRED
网红女骑士遭遇车祸身亡 其父：女儿当时坐摩托车后面 交警仍在调查
https://new.qq.com/rain/a/20241001A046RS00

2024-10-02 02:09:34,105 - INFO - EXPIRED
NBA名宿穆托姆博因脑癌去世，哪类人群容易得脑癌？这种癌很难治吗？
https://view.inews.qq.com/a/20241001Q0096P00

2024-10-02 02:09:34,105 - INFO - EXPIRED
旅客携带180万美元入境被海关查获，为什么不正常汇款？钱会被没收吗？
https://view.inews.qq.com/a/20240930Q0AB3M00

2024-10-02 02:09:34,105 - INFO - EXPIRED
哥哥离世后，老太变更名下股票账户信息并转走200多万，一家三口被抓
https://new.qq.com/rain/a/20240930A0ACXJ00

2024-10-02 02:09:34,105 - INFO - EXPIRED
我月薪3000舍不得国庆出去旅游，有哪些花钱很少但也能快乐度假的玩法？
https://view.inews.qq.com/a/20240930Q04DC800

2024-10-02 02:09:34,105 - INFO - EXPIRED
中美商务部长即将通话，将对电动汽车限制等深入交换意见
https://new.qq.com/rain/a/20241001A03TYH00

2024-10-02 02:09:34,105 - INFO - EXPIRED
美国东岸和墨西哥湾港口因罢工47年来首次关闭，处理全美一半贸易量
https://new.qq.com/rain/a/20241001A042SW00

2024-10-02 02:09:34,105 - INFO - EXPIRED
9月30日至10月1日，南部战区组织舰艇编队位南海有关海域进行战备巡航
https://new.qq.com/rain/a/20241001A03S7400

2024-10-02 02:09:34,105 - INFO - EXPIRED
豪华游轮靠低价收买想“躺平式旅游”的年轻人，国庆去豪华游轮旅游是个好选择吗？
https://view.inews.qq.com/a/20240925Q07IO500

2024-10-02 02:09:34,105 - INFO - EXPIRED
台媒：台北检方原定今日第五次提讯柯文哲，因柯拒绝应讯突然取消
https://new.qq.com/rain/a/20241001A03QNM00

2024-10-02 02:09:34,105 - INFO - EXPIRED
美公布美俄战机空中交锋画面：苏-35加速掠过美军F-16机头
https://new.qq.com/rain/a/20241001A00VKT00

2024-10-02 02:09:34,105 - INFO - EXPIRED
网红女骑士“石膏”发生车祸身亡：四年前就骑摩托摔断过腿
https://new.qq.com/rain/a/20240930A0A7FK00

2024-10-02 02:09:34,105 - INFO - EXPIRED
哪里最火？天气如何？国庆期间的数据带你精准enjoy假期！
https://new.qq.com/rain/a/20240930A06LKM00

2024-10-02 02:09:34,105 - INFO - EXPIRED
内蒙古高速公路交警通报“致12辆车受损”交通事故：无人员伤亡
https://new.qq.com/rain/a/20241001A03UAI00

2024-10-02 02:09:34,105 - INFO - EXPIRED
超强台风“山陀儿”逼近 浙江多地启动应急响应
https://new.qq.com/rain/a/20241001A03NGC00

2024-10-02 02:09:34,105 - INFO - EXPIRED
21岁大学生在快递网点工作20余天后跳江身亡，生前称担心拿不到工资不敢离职
https://new.qq.com/rain/a/20241001A03ONZ00

2024-10-02 02:09:34,105 - INFO - EXPIRED
长假刚出门就被人追尾，司机最讨厌的驾驶行为是什么？你见过最奇葩的司机是怎样的？
https://view.inews.qq.com/a/20241001Q022Z800

2024-10-02 02:09:34,105 - INFO - EXPIRED
河南一女子称一丝不挂被维修工人2次刷开酒店房门：做不到息事宁人
https://new.qq.com/rain/a/20240930A0858C00

2024-10-02 02:09:34,105 - INFO - EXPIRED
券商开户需核查投资者诚信档案 监管强化行业失信约束机制
https://new.qq.com/rain/a/20241001A026KQ00

2024-10-02 02:09:34,105 - INFO - EXPIRED
湖南一中学家委会要求家长筹资金补贴英语代课老师，学校：费用已退还
https://new.qq.com/rain/a/20240930A07BYE00

2024-10-02 02:09:34,105 - INFO - EXPIRED
广东小伙连吃七只螃蟹把自己“炫”进ICU，专业人士提醒
https://new.qq.com/rain/a/20240930A019YZ00

2024-10-02 02:09:34,105 - INFO - EXPIRED
上海松江警方：一男子超市内持刀伤人被当场抓获，3人抢救无效死亡
https://new.qq.com/rain/a/20241001A00DSZ00

2024-10-02 02:09:34,105 - INFO - EXPIRED
25岁女孩环游世界42城路费仅2万，假期出去玩能怎么省钱？
https://view.inews.qq.com/a/20240927Q0655400

2024-10-02 02:09:34,105 - INFO - EXPIRED
中国载人航天工程办公室：10月下旬将发射神舟十九号载人飞船
https://new.qq.com/rain/a/20241001A02C6G00

2024-10-02 02:09:34,105 - INFO - EXPIRED
飓风“海伦妮”已致美国超百人死亡，哈里斯暂停总统竞选活动
https://new.qq.com/rain/a/20240930A097QJ00

2024-10-02 02:09:34,105 - INFO - EXPIRED
10亿人民币补贴香港地区，淘宝出海国庆、双十一之前“开卷”
https://new.qq.com/rain/a/20241001A0039300

2024-10-02 02:09:34,105 - INFO - EXPIRED
贵阳一美容“医院”开业高喊先赚一个亿，美容机构可以自称“医院”吗？
https://view.inews.qq.com/a/20240930Q04DWZ00

2024-10-02 02:09:34,105 - INFO - EXPIRED
女子拔插头被电伤截肢，当事人：大拇指现在都没知觉，要5年才能恢复
https://new.qq.com/rain/a/20241001V01TM000

2024-10-02 02:09:34,105 - INFO - EXPIRED
东北雨姐回应“红薯粉条事件”：产品检测报告暂未出，可先行全额退款
https://new.qq.com/rain/a/20241001A01KCB00

2024-10-02 02:09:34,105 - INFO - EXPIRED
岸田文雄三年执政落幕：妥协政治和“新时代现实主义外交”
https://new.qq.com/rain/a/20241001A017I100

2024-10-02 02:09:34,105 - INFO - EXPIRED
NBA名宿穆托姆博因脑癌去世，他当年的防守有多强？对姚明帮助有多大？
https://view.inews.qq.com/a/20240930Q0AAPU00

2024-10-02 02:09:34,105 - INFO - EXPIRED
孟晚舟将接任华为轮值董事长
https://new.qq.com/rain/a/20241001A00DUL00

2024-10-02 02:09:34,105 - INFO - EXPIRED
中纪委再查副部级“内鬼”，连续两名落马中管干部都曾任职中组部
https://new.qq.com/rain/a/20240930A09M9Y00

2024-10-02 02:09:34,105 - INFO - EXPIRED
2岁女童长期被奶奶喂“符水”导致铅中毒，医生：这种偏方千万别信
https://new.qq.com/rain/a/20241001A031H000

2024-10-02 02:09:34,105 - INFO - EXPIRED
“00后”涌入国宾馆
https://new.qq.com/rain/a/20241001A012XP00

2024-10-02 02:09:34,105 - INFO - EXPIRED
朝鲜谴责美国向朝鲜半岛及其周边派遣核潜艇等核战略资产
https://new.qq.com/rain/a/20241001A00N2U00

2024-10-02 02:09:34,105 - INFO - EXPIRED
布云朝克特晋级中网四强创历史，他会成为中国男网一哥吗？未来天花板有多高？
https://view.inews.qq.com/a/20240930Q0AAXO00

2024-10-02 02:09:34,105 - INFO - EXPIRED
深交所出手 恒大地产和许家印等被纪律处分
https://new.qq.com/rain/a/20240930A0A0RS00

2024-10-02 02:09:34,105 - INFO - EXPIRED
鲍威尔打压市场大幅降息的预期：会进一步降息，但无预设的利率路线
https://new.qq.com/rain/a/20241001A00MZ200

2024-10-02 02:09:34,105 - INFO - EXPIRED
香港终审法院英国非常任法官因个人原因不续任，系年内第五位
https://new.qq.com/rain/a/20240930A09A9T00

2024-10-02 02:09:34,105 - INFO - EXPIRED
美股收盘：道指标普收于新高 中概股金龙指数月涨近30%
https://new.qq.com/rain/a/20241001A00MXV00

2024-10-02 02:09:34,105 - INFO - EXPIRED
余华英拐卖儿童案将于10月重审开庭，被拐儿童增至17人
https://new.qq.com/rain/a/20240930A068GI00

2024-10-02 02:09:34,105 - INFO - EXPIRED
17岁男孩突然“变”女孩：罕见的性发育异常和艰难的性别选择
https://new.qq.com/rain/a/20240930A073LU00

2024-10-02 02:09:34,105 - INFO - EXPIRED
特斯拉德国工厂病假率17%，马斯克：太疯狂了
https://new.qq.com/rain/a/20240930A08XPU00

2024-10-02 02:09:34,105 - INFO - EXPIRED
湖南一高三男生在教师办公室坠亡，当地：警方已排除刑事案件的可能
https://new.qq.com/rain/a/20240930A0ABWI00

2024-10-02 02:09:34,105 - INFO - EXPIRED
台湾校园“割颈案”行凶者分别获刑9年、8年，检方：量刑过轻将上诉
https://new.qq.com/rain/a/20240930A09M9H00

2024-10-02 02:09:34,105 - INFO - EXPIRED
首次披露！“失联”的新华保险原董事长李全，落马了
https://new.qq.com/rain/a/20240930A0694N00

2024-10-02 02:09:34,105 - INFO - EXPIRED
科学家找到宇宙中的“炼金炉”，合成黄金需要哪些条件？在实验室能合成吗？
https://view.inews.qq.com/a/20240930Q087JU00

2024-10-02 02:09:34,105 - INFO - EXPIRED
普京签署秋季征兵法令：在经认可的IT公司工作的公民可推迟服兵役
https://new.qq.com/rain/a/20240930A09BT400

2024-10-02 02:09:34,105 - INFO - EXPIRED
这些地方的农村，光棍一窝一窝
https://new.qq.com/rain/a/20240930A07SD900

2024-10-02 02:09:34,105 - INFO - EXPIRED
中介机构选定 国泰君安、海通吸收合并时间表临近
https://new.qq.com/rain/a/20240930A09BZL00

2024-10-02 02:09:34,105 - INFO - EXPIRED
“毒枸杞”事件调查一个月进展如何？甘肃和青海两地最新回应
https://new.qq.com/rain/a/20240930A05WSQ00

2024-10-02 02:09:34,105 - INFO - EXPIRED
西安“看桥爷爷”受邀抵达武汉：这次一定要看到“万里长江第一桥”
https://new.qq.com/rain/a/20240930A07ALB00

2024-10-02 02:09:34,105 - INFO - EXPIRED
俄媒：俄军拿下乌克兰东部关键村庄
https://new.qq.com/rain/a/20240930A04IXO00

2024-10-02 02:09:34,106 - INFO - EXPIRED
韩检方请求判处李在明3年有期徒刑 李在明：韩检方歪曲法律是犯罪行为
https://new.qq.com/rain/a/20240930V081Q200

2024-10-02 02:09:34,106 - INFO - EXPIRED
行李箱内塞满成捆现金，旅客携带180万美元入境被广州海关查获
https://new.qq.com/rain/a/20240930A06HT600

2024-10-02 02:09:34,106 - INFO - EXPIRED
伸缩机倒塌致1名员工死亡 申通快递被约谈
https://new.qq.com/rain/a/20240930A070MA00

2024-10-02 02:09:34,106 - INFO - EXPIRED
提前一天开车出发，结果十几个小时没出城，假期出行有哪些“大聪明”行为？
https://view.inews.qq.com/a/20240930Q03GPA00

2024-10-02 02:09:34,106 - INFO - EXPIRED
伍斌当选厦门市市长，曾获“全国优秀县委书记”称号
https://new.qq.com/rain/a/20240930A073P200

2024-10-02 02:09:34,106 - INFO - EXPIRED
男孩被困电梯徒手扒开门逃生，这样做安全吗？被困电梯该如何自救？
https://view.inews.qq.com/a/20240929Q09K5C00

2024-10-02 02:09:34,106 - INFO - EXPIRED
俄媒：俄总理米舒斯京抵达伊朗开始访问
https://new.qq.com/rain/a/20240930A07MRR00

2024-10-02 02:09:34,106 - INFO - EXPIRED
IPO前夕，荣耀副董事长万飚离职，否认将加入新凯来
https://new.qq.com/rain/a/20240930A06QHA00

2024-10-02 02:09:34,106 - INFO - EXPIRED
打虎！中央纪委国家监委驻中央组织部纪检监察组组长李刚被查
https://new.qq.com/rain/a/20240930A095Q600

2024-10-02 02:09:34,106 - INFO - EXPIRED
乘客高铁上演遮阳帘“拉扯战”：僵持了20分钟左右，全程没吵架
https://new.qq.com/rain/a/20240930V05X4900

2024-10-02 02:09:34,106 - INFO - EXPIRED
中信建投：后台审核140万人排队开户事实严重不符
https://new.qq.com/rain/a/20240930A066BO00

2024-10-02 02:09:34,106 - INFO - EXPIRED
李强签署国务院令 公布《网络数据安全管理条例》
https://new.qq.com/rain/a/20240930A06A9A00

2024-10-02 02:09:34,106 - INFO - EXPIRED
财政部副部长郭婷婷会见普华永道全球主席
https://new.qq.com/rain/a/20240930A05FGN00

2024-10-02 02:09:34,106 - INFO - EXPIRED
文旅部：希望大陆居民能够早日赴台湾本岛旅游
https://new.qq.com/rain/a/20240930A05YLM00

2024-10-02 02:09:34,106 - INFO - EXPIRED
国内航线燃油附加费10月5日起大幅下调
https://new.qq.com/rain/a/20240930A064LR00

2024-10-02 02:09:34,106 - INFO - EXPIRED
33岁格列兹曼自宣从法国国家队退役，结束10年国家队生涯
https://new.qq.com/rain/a/20240930A0681800

2024-10-02 02:09:34,106 - INFO - EXPIRED
“整个山东威海都是臭的” 多人称闻到异味 环保局：查了一宿原因不明
https://new.qq.com/rain/a/20240930A03PC300

2024-10-02 02:09:34,106 - INFO - EXPIRED
成都发生一起多车连环追尾事故，警方：致8人受伤，司机排除酒驾嫌疑
https://new.qq.com/rain/a/20240930A05JOV00

2024-10-02 02:09:34,106 - INFO - EXPIRED
上海、广州、深圳连夜发楼市新政，专家说房地产牛市启动，我该信吗？现在是买房好时机吗？
https://view.inews.qq.com/a/20240930Q01AL600

2024-10-02 02:09:34,106 - INFO - EXPIRED
外交部：中方决定将对葡萄牙、希腊、塞浦路斯、斯洛文尼亚持普通护照人员试行免签政策
https://new.qq.com/rain/a/20240930A05EMR00

2024-10-02 02:09:34,106 - INFO - EXPIRED
以媒：以国防军发布照片显示，哈马斯领导人辛瓦尔图像被打上“问号”
https://new.qq.com/rain/a/20240930A04P4B00

2024-10-02 02:09:34,106 - INFO - EXPIRED
美向台湾地区提供5.67亿美元军援，外交部：以武助“独”必将引火烧身
https://new.qq.com/rain/a/20240930A05E7E00

2024-10-02 02:09:34,368 - ERROR - ERROR
伊朗袭击以色列现场画面：约两百枚导弹升空 火球般密集砸向以境内
https://new.qq.com/rain/a/20241002V01AYU00
('list index out of range',)
======
Traceback (most recent call last):
  File "/home/runner/work/qqnews/qqnews/qq.py", line 81, in process_article
    ss = str(tmpbs.select("div.LEFT div.content.clearfix")[0])
             ~~~~~~~~~~~~~~~~~~~~~~~~~~~~~~~~~~~~~~~~~~~~~^^^
IndexError: list index out of range


2024-10-02 02:09:34,372 - ERROR - ERROR
伊朗公布下令向以色列发射导弹视频 背景墙贴着哈尼亚和纳斯鲁拉照片
https://new.qq.com/rain/a/20241002V01NB500
('list index out of range',)
======
Traceback (most recent call last):
  File "/home/runner/work/qqnews/qqnews/qq.py", line 81, in process_article
    ss = str(tmpbs.select("div.LEFT div.content.clearfix")[0])
             ~~~~~~~~~~~~~~~~~~~~~~~~~~~~~~~~~~~~~~~~~~~~~^^^
IndexError: list index out of range


2024-10-02 02:09:34,398 - INFO - INVALID
美国务院对以色列两名个人及一个实体实施制裁
https://new.qq.com/rain/a/20241002A01YZJ00

2024-10-02 02:09:34,405 - INFO - INVALID
加拿大对自华进口电动汽车加征100%附加税，商务部回应
https://new.qq.com/rain/a/20241002A01BLW00

2024-10-02 02:09:34,480 - INFO - INVALID
以色列特拉维夫发生枪击和刀刺袭击，6人死亡9人受伤
https://new.qq.com/rain/a/20241002A00N0700

2024-10-02 02:09:34,649 - INFO - INVALID
146名中国公民自黎巴嫩安全撤离
https://new.qq.com/rain/a/20241002A015BC00

2024-10-02 02:09:34,683 - INFO - INVALID
近半世纪后，美国码头再现大规模罢工，每周或造成45亿至75亿美元损失
https://new.qq.com/rain/a/20241002A00C0P00

2024-10-02 02:09:34,695 - INFO - INVALID
国家统计局：2023年全国共投入研究与试验发展经费33357.1亿元，增长8.4%
https://new.qq.com/rain/a/20241002A01UN000

2024-10-02 02:09:34,866 - INFO - INVALID
美股收盘：纳指跌1.5%，Meta创新高，中概逆市涨超5%
https://new.qq.com/rain/a/20241002A00YRN00

2024-10-02 03:12:57,256 - INFO - EXPIRED
这条长三角重要高铁来了
https://new.qq.com/rain/a/20241001A05MM100

2024-10-02 03:12:57,256 - INFO - EXPIRED
经常听到身边人许愿“早日退休”，退休生活真的如想象般美好吗？真实情况怎样？
https://view.inews.qq.com/a/20240911Q02LEC00

2024-10-02 03:12:57,256 - INFO - EXPIRED
“十一”前夕，中管干部李刚在内的一批“内鬼”被揪出查办
https://new.qq.com/rain/a/20241001A06O5700

2024-10-02 03:12:57,256 - INFO - EXPIRED
湖南湘阴17岁男生因吃零食被班主任批评不服，坠楼身亡，官方通报
https://new.qq.com/rain/a/20241001A076FO00

2024-10-02 03:12:57,256 - INFO - EXPIRED
全美一半海运中断！美国港口爆发大罢工 大选临近拜登陷两难
https://new.qq.com/rain/a/20241001A05KUU00

2024-10-02 03:12:57,256 - INFO - EXPIRED
美国总统拜登批准佐治亚州重大灾难声明
https://new.qq.com/rain/a/20241001A07A0600

2024-10-02 03:12:57,256 - INFO - EXPIRED
长龙航空广州起飞航班乘客登机后被通知下机，机组称轮胎破了
https://new.qq.com/rain/a/20241001A06G5D00

2024-10-02 03:12:57,256 - INFO - EXPIRED
1对1｜独家专访布云朝克特：我的目标是未来进入男子网球世界排名前50
https://new.qq.com/rain/a/20241001V06ZG300

2024-10-02 03:12:57,256 - INFO - EXPIRED
市场监管总局、国家数据局：选取8个试点城市开放信用监管数据
https://new.qq.com/rain/a/20241001A066YD00

2024-10-02 03:12:57,256 - INFO - EXPIRED
男孩被体罚做200个深蹲致横纹肌溶解，终身不能运动，为何这么严重？和身体素质有关吗？
https://view.inews.qq.com/a/20240930Q0877A00

2024-10-02 03:12:57,256 - INFO - EXPIRED
美国国家运输安全委员会：超40家外航使用的波音737可能存在安全风险
https://new.qq.com/rain/a/20241001A04NTE00

2024-10-02 03:12:57,256 - INFO - EXPIRED
曼谷校车起火致25死：车辆火光冲天被烧剩骨架，泰国总理哽咽落泪回应
https://new.qq.com/rain/a/20241001V05LFN00

2024-10-02 03:12:57,256 - INFO - EXPIRED
安徽合肥市肥东县发生3.3级地震
https://new.qq.com/rain/a/20241001A0597E00

2024-10-02 03:12:57,256 - INFO - EXPIRED
吕特正式出任北约新一任秘书长
https://new.qq.com/rain/a/20241001A053DM00

2024-10-02 03:12:57,256 - INFO - EXPIRED
刘涛称和刘德华演夫妻像一场美梦，张子枫为演盲女深入生活体验
https://new.qq.com/rain/a/20241001V0629F00

2024-10-02 03:12:57,256 - INFO - EXPIRED
网红女骑士遭遇车祸身亡 其父：女儿当时坐摩托车后面 交警仍在调查
https://new.qq.com/rain/a/20241001A046RS00

2024-10-02 03:12:57,256 - INFO - EXPIRED
NBA名宿穆托姆博因脑癌去世，哪类人群容易得脑癌？这种癌很难治吗？
https://view.inews.qq.com/a/20241001Q0096P00

2024-10-02 03:12:57,256 - INFO - EXPIRED
旅客携带180万美元入境被海关查获，为什么不正常汇款？钱会被没收吗？
https://view.inews.qq.com/a/20240930Q0AB3M00

2024-10-02 03:12:57,256 - INFO - EXPIRED
哥哥离世后，老太变更名下股票账户信息并转走200多万，一家三口被抓
https://new.qq.com/rain/a/20240930A0ACXJ00

2024-10-02 03:12:57,256 - INFO - EXPIRED
我月薪3000舍不得国庆出去旅游，有哪些花钱很少但也能快乐度假的玩法？
https://view.inews.qq.com/a/20240930Q04DC800

2024-10-02 03:12:57,256 - INFO - EXPIRED
中美商务部长即将通话，将对电动汽车限制等深入交换意见
https://new.qq.com/rain/a/20241001A03TYH00

2024-10-02 03:12:57,256 - INFO - EXPIRED
美国东岸和墨西哥湾港口因罢工47年来首次关闭，处理全美一半贸易量
https://new.qq.com/rain/a/20241001A042SW00

2024-10-02 03:12:57,256 - INFO - EXPIRED
9月30日至10月1日，南部战区组织舰艇编队位南海有关海域进行战备巡航
https://new.qq.com/rain/a/20241001A03S7400

2024-10-02 03:12:57,256 - INFO - EXPIRED
豪华游轮靠低价收买想“躺平式旅游”的年轻人，国庆去豪华游轮旅游是个好选择吗？
https://view.inews.qq.com/a/20240925Q07IO500

2024-10-02 03:12:57,256 - INFO - EXPIRED
台媒：台北检方原定今日第五次提讯柯文哲，因柯拒绝应讯突然取消
https://new.qq.com/rain/a/20241001A03QNM00

2024-10-02 03:12:57,256 - INFO - EXPIRED
美公布美俄战机空中交锋画面：苏-35加速掠过美军F-16机头
https://new.qq.com/rain/a/20241001A00VKT00

2024-10-02 03:12:57,256 - INFO - EXPIRED
网红女骑士“石膏”发生车祸身亡：四年前就骑摩托摔断过腿
https://new.qq.com/rain/a/20240930A0A7FK00

2024-10-02 03:12:57,256 - INFO - EXPIRED
哪里最火？天气如何？国庆期间的数据带你精准enjoy假期！
https://new.qq.com/rain/a/20240930A06LKM00

2024-10-02 03:12:57,256 - INFO - EXPIRED
内蒙古高速公路交警通报“致12辆车受损”交通事故：无人员伤亡
https://new.qq.com/rain/a/20241001A03UAI00

2024-10-02 03:12:57,256 - INFO - EXPIRED
超强台风“山陀儿”逼近 浙江多地启动应急响应
https://new.qq.com/rain/a/20241001A03NGC00

2024-10-02 03:12:57,256 - INFO - EXPIRED
21岁大学生在快递网点工作20余天后跳江身亡，生前称担心拿不到工资不敢离职
https://new.qq.com/rain/a/20241001A03ONZ00

2024-10-02 03:12:57,256 - INFO - EXPIRED
长假刚出门就被人追尾，司机最讨厌的驾驶行为是什么？你见过最奇葩的司机是怎样的？
https://view.inews.qq.com/a/20241001Q022Z800

2024-10-02 03:12:57,256 - INFO - EXPIRED
河南一女子称一丝不挂被维修工人2次刷开酒店房门：做不到息事宁人
https://new.qq.com/rain/a/20240930A0858C00

2024-10-02 03:12:57,256 - INFO - EXPIRED
券商开户需核查投资者诚信档案 监管强化行业失信约束机制
https://new.qq.com/rain/a/20241001A026KQ00

2024-10-02 03:12:57,256 - INFO - EXPIRED
湖南一中学家委会要求家长筹资金补贴英语代课老师，学校：费用已退还
https://new.qq.com/rain/a/20240930A07BYE00

2024-10-02 03:12:57,256 - INFO - EXPIRED
广东小伙连吃七只螃蟹把自己“炫”进ICU，专业人士提醒
https://new.qq.com/rain/a/20240930A019YZ00

2024-10-02 03:12:57,256 - INFO - EXPIRED
上海松江警方：一男子超市内持刀伤人被当场抓获，3人抢救无效死亡
https://new.qq.com/rain/a/20241001A00DSZ00

2024-10-02 03:12:57,256 - INFO - EXPIRED
25岁女孩环游世界42城路费仅2万，假期出去玩能怎么省钱？
https://view.inews.qq.com/a/20240927Q0655400

2024-10-02 03:12:57,256 - INFO - EXPIRED
中国载人航天工程办公室：10月下旬将发射神舟十九号载人飞船
https://new.qq.com/rain/a/20241001A02C6G00

2024-10-02 03:12:57,256 - INFO - EXPIRED
飓风“海伦妮”已致美国超百人死亡，哈里斯暂停总统竞选活动
https://new.qq.com/rain/a/20240930A097QJ00

2024-10-02 03:12:57,256 - INFO - EXPIRED
10亿人民币补贴香港地区，淘宝出海国庆、双十一之前“开卷”
https://new.qq.com/rain/a/20241001A0039300

2024-10-02 03:12:57,257 - INFO - EXPIRED
贵阳一美容“医院”开业高喊先赚一个亿，美容机构可以自称“医院”吗？
https://view.inews.qq.com/a/20240930Q04DWZ00

2024-10-02 03:12:57,257 - INFO - EXPIRED
女子拔插头被电伤截肢，当事人：大拇指现在都没知觉，要5年才能恢复
https://new.qq.com/rain/a/20241001V01TM000

2024-10-02 03:12:57,257 - INFO - EXPIRED
东北雨姐回应“红薯粉条事件”：产品检测报告暂未出，可先行全额退款
https://new.qq.com/rain/a/20241001A01KCB00

2024-10-02 03:12:57,257 - INFO - EXPIRED
岸田文雄三年执政落幕：妥协政治和“新时代现实主义外交”
https://new.qq.com/rain/a/20241001A017I100

2024-10-02 03:12:57,257 - INFO - EXPIRED
NBA名宿穆托姆博因脑癌去世，他当年的防守有多强？对姚明帮助有多大？
https://view.inews.qq.com/a/20240930Q0AAPU00

2024-10-02 03:12:57,257 - INFO - EXPIRED
孟晚舟将接任华为轮值董事长
https://new.qq.com/rain/a/20241001A00DUL00

2024-10-02 03:12:57,257 - INFO - EXPIRED
中纪委再查副部级“内鬼”，连续两名落马中管干部都曾任职中组部
https://new.qq.com/rain/a/20240930A09M9Y00

2024-10-02 03:12:57,257 - INFO - EXPIRED
2岁女童长期被奶奶喂“符水”导致铅中毒，医生：这种偏方千万别信
https://new.qq.com/rain/a/20241001A031H000

2024-10-02 03:12:57,257 - INFO - EXPIRED
“00后”涌入国宾馆
https://new.qq.com/rain/a/20241001A012XP00

2024-10-02 03:12:57,257 - INFO - EXPIRED
朝鲜谴责美国向朝鲜半岛及其周边派遣核潜艇等核战略资产
https://new.qq.com/rain/a/20241001A00N2U00

2024-10-02 03:12:57,257 - INFO - EXPIRED
布云朝克特晋级中网四强创历史，他会成为中国男网一哥吗？未来天花板有多高？
https://view.inews.qq.com/a/20240930Q0AAXO00

2024-10-02 03:12:57,257 - INFO - EXPIRED
深交所出手 恒大地产和许家印等被纪律处分
https://new.qq.com/rain/a/20240930A0A0RS00

2024-10-02 03:12:57,257 - INFO - EXPIRED
鲍威尔打压市场大幅降息的预期：会进一步降息，但无预设的利率路线
https://new.qq.com/rain/a/20241001A00MZ200

2024-10-02 03:12:57,257 - INFO - EXPIRED
香港终审法院英国非常任法官因个人原因不续任，系年内第五位
https://new.qq.com/rain/a/20240930A09A9T00

2024-10-02 03:12:57,257 - INFO - EXPIRED
美股收盘：道指标普收于新高 中概股金龙指数月涨近30%
https://new.qq.com/rain/a/20241001A00MXV00

2024-10-02 03:12:57,257 - INFO - EXPIRED
余华英拐卖儿童案将于10月重审开庭，被拐儿童增至17人
https://new.qq.com/rain/a/20240930A068GI00

2024-10-02 03:12:57,257 - INFO - EXPIRED
17岁男孩突然“变”女孩：罕见的性发育异常和艰难的性别选择
https://new.qq.com/rain/a/20240930A073LU00

2024-10-02 03:12:57,257 - INFO - EXPIRED
特斯拉德国工厂病假率17%，马斯克：太疯狂了
https://new.qq.com/rain/a/20240930A08XPU00

2024-10-02 03:12:57,257 - INFO - EXPIRED
湖南一高三男生在教师办公室坠亡，当地：警方已排除刑事案件的可能
https://new.qq.com/rain/a/20240930A0ABWI00

2024-10-02 03:12:57,257 - INFO - EXPIRED
台湾校园“割颈案”行凶者分别获刑9年、8年，检方：量刑过轻将上诉
https://new.qq.com/rain/a/20240930A09M9H00

2024-10-02 03:12:57,257 - INFO - EXPIRED
首次披露！“失联”的新华保险原董事长李全，落马了
https://new.qq.com/rain/a/20240930A0694N00

2024-10-02 03:12:57,257 - INFO - EXPIRED
科学家找到宇宙中的“炼金炉”，合成黄金需要哪些条件？在实验室能合成吗？
https://view.inews.qq.com/a/20240930Q087JU00

2024-10-02 03:12:57,257 - INFO - EXPIRED
普京签署秋季征兵法令：在经认可的IT公司工作的公民可推迟服兵役
https://new.qq.com/rain/a/20240930A09BT400

2024-10-02 03:12:57,257 - INFO - EXPIRED
这些地方的农村，光棍一窝一窝
https://new.qq.com/rain/a/20240930A07SD900

2024-10-02 03:12:57,257 - INFO - EXPIRED
中介机构选定 国泰君安、海通吸收合并时间表临近
https://new.qq.com/rain/a/20240930A09BZL00

2024-10-02 03:12:57,257 - INFO - EXPIRED
“毒枸杞”事件调查一个月进展如何？甘肃和青海两地最新回应
https://new.qq.com/rain/a/20240930A05WSQ00

2024-10-02 03:12:57,257 - INFO - EXPIRED
西安“看桥爷爷”受邀抵达武汉：这次一定要看到“万里长江第一桥”
https://new.qq.com/rain/a/20240930A07ALB00

2024-10-02 03:12:57,257 - INFO - EXPIRED
俄媒：俄军拿下乌克兰东部关键村庄
https://new.qq.com/rain/a/20240930A04IXO00

2024-10-02 03:12:57,257 - INFO - EXPIRED
韩检方请求判处李在明3年有期徒刑 李在明：韩检方歪曲法律是犯罪行为
https://new.qq.com/rain/a/20240930V081Q200

2024-10-02 03:12:57,257 - INFO - EXPIRED
行李箱内塞满成捆现金，旅客携带180万美元入境被广州海关查获
https://new.qq.com/rain/a/20240930A06HT600

2024-10-02 03:12:57,257 - INFO - EXPIRED
伸缩机倒塌致1名员工死亡 申通快递被约谈
https://new.qq.com/rain/a/20240930A070MA00

2024-10-02 03:12:57,257 - INFO - EXPIRED
提前一天开车出发，结果十几个小时没出城，假期出行有哪些“大聪明”行为？
https://view.inews.qq.com/a/20240930Q03GPA00

2024-10-02 03:12:57,257 - INFO - EXPIRED
伍斌当选厦门市市长，曾获“全国优秀县委书记”称号
https://new.qq.com/rain/a/20240930A073P200

2024-10-02 03:12:57,257 - INFO - EXPIRED
男孩被困电梯徒手扒开门逃生，这样做安全吗？被困电梯该如何自救？
https://view.inews.qq.com/a/20240929Q09K5C00

2024-10-02 03:12:57,257 - INFO - EXPIRED
俄媒：俄总理米舒斯京抵达伊朗开始访问
https://new.qq.com/rain/a/20240930A07MRR00

2024-10-02 03:12:57,257 - INFO - EXPIRED
IPO前夕，荣耀副董事长万飚离职，否认将加入新凯来
https://new.qq.com/rain/a/20240930A06QHA00

2024-10-02 03:12:57,257 - INFO - EXPIRED
打虎！中央纪委国家监委驻中央组织部纪检监察组组长李刚被查
https://new.qq.com/rain/a/20240930A095Q600

2024-10-02 03:12:57,257 - INFO - EXPIRED
乘客高铁上演遮阳帘“拉扯战”：僵持了20分钟左右，全程没吵架
https://new.qq.com/rain/a/20240930V05X4900

2024-10-02 03:12:57,257 - INFO - EXPIRED
中信建投：后台审核140万人排队开户事实严重不符
https://new.qq.com/rain/a/20240930A066BO00

2024-10-02 03:12:57,257 - INFO - EXPIRED
李强签署国务院令 公布《网络数据安全管理条例》
https://new.qq.com/rain/a/20240930A06A9A00

2024-10-02 03:12:57,257 - INFO - EXPIRED
财政部副部长郭婷婷会见普华永道全球主席
https://new.qq.com/rain/a/20240930A05FGN00

2024-10-02 03:12:57,257 - INFO - EXPIRED
文旅部：希望大陆居民能够早日赴台湾本岛旅游
https://new.qq.com/rain/a/20240930A05YLM00

2024-10-02 03:12:57,257 - INFO - EXPIRED
国内航线燃油附加费10月5日起大幅下调
https://new.qq.com/rain/a/20240930A064LR00

2024-10-02 03:12:57,257 - INFO - EXPIRED
33岁格列兹曼自宣从法国国家队退役，结束10年国家队生涯
https://new.qq.com/rain/a/20240930A0681800

2024-10-02 03:12:57,257 - INFO - EXPIRED
“整个山东威海都是臭的” 多人称闻到异味 环保局：查了一宿原因不明
https://new.qq.com/rain/a/20240930A03PC300

2024-10-02 03:12:57,257 - INFO - EXPIRED
成都发生一起多车连环追尾事故，警方：致8人受伤，司机排除酒驾嫌疑
https://new.qq.com/rain/a/20240930A05JOV00

2024-10-02 03:12:57,257 - INFO - EXPIRED
上海、广州、深圳连夜发楼市新政，专家说房地产牛市启动，我该信吗？现在是买房好时机吗？
https://view.inews.qq.com/a/20240930Q01AL600

2024-10-02 03:12:57,257 - INFO - EXPIRED
外交部：中方决定将对葡萄牙、希腊、塞浦路斯、斯洛文尼亚持普通护照人员试行免签政策
https://new.qq.com/rain/a/20240930A05EMR00

2024-10-02 03:12:57,257 - INFO - EXPIRED
以媒：以国防军发布照片显示，哈马斯领导人辛瓦尔图像被打上“问号”
https://new.qq.com/rain/a/20240930A04P4B00

2024-10-02 03:12:57,845 - ERROR - ERROR
伊朗称向以色列发射200枚导弹 民航客机乘客拍下导弹空中飞行画面
https://new.qq.com/rain/a/20241002V02MZD00
('list index out of range',)
======
Traceback (most recent call last):
  File "/home/runner/work/qqnews/qqnews/qq.py", line 81, in process_article
    ss = str(tmpbs.select("div.LEFT div.content.clearfix")[0])
             ~~~~~~~~~~~~~~~~~~~~~~~~~~~~~~~~~~~~~~~~~~~~~^^^
IndexError: list index out of range


2024-10-02 03:12:57,870 - INFO - INVALID
美国务院对以色列两名个人及一个实体实施制裁
https://new.qq.com/rain/a/20241002A01YZJ00

2024-10-02 03:12:57,889 - INFO - INVALID
外媒：巴西总统卢拉所乘飞机发生技术故障，盘旋数小时后安全着陆
https://new.qq.com/rain/a/20241002A02WY900

2024-10-02 03:12:57,905 - ERROR - ERROR
伊朗袭击以色列现场画面：约两百枚导弹升空 火球般密集砸向以境内
https://new.qq.com/rain/a/20241002V01AYU00
('list index out of range',)
======
Traceback (most recent call last):
  File "/home/runner/work/qqnews/qqnews/qq.py", line 81, in process_article
    ss = str(tmpbs.select("div.LEFT div.content.clearfix")[0])
             ~~~~~~~~~~~~~~~~~~~~~~~~~~~~~~~~~~~~~~~~~~~~~^^^
IndexError: list index out of range


2024-10-02 03:12:57,924 - INFO - INVALID
加拿大对自华进口电动汽车加征100%附加税，商务部回应
https://new.qq.com/rain/a/20241002A01BLW00

2024-10-02 03:12:58,204 - INFO - INVALID
近半世纪后，美国码头再现大规模罢工，每周或造成45亿至75亿美元损失
https://new.qq.com/rain/a/20241002A00C0P00

2024-10-02 03:12:58,261 - INFO - INVALID
以色列特拉维夫发生枪击和刀刺袭击，6人死亡9人受伤
https://new.qq.com/rain/a/20241002A00N0700

2024-10-02 03:12:58,300 - INFO - INVALID
国家统计局：2023年全国共投入研究与试验发展经费33357.1亿元，增长8.4%
https://new.qq.com/rain/a/20241002A01UN000

2024-10-02 03:12:58,332 - INFO - INVALID
146名中国公民自黎巴嫩安全撤离
https://new.qq.com/rain/a/20241002A015BC00

2024-10-02 03:12:58,384 - INFO - INVALID
美股收盘：纳指跌1.5%，Meta创新高，中概逆市涨超5%
https://new.qq.com/rain/a/20241002A00YRN00

2024-10-02 04:09:04,687 - INFO - EXPIRED
这条长三角重要高铁来了
https://new.qq.com/rain/a/20241001A05MM100

2024-10-02 04:09:04,687 - INFO - EXPIRED
经常听到身边人许愿“早日退休”，退休生活真的如想象般美好吗？真实情况怎样？
https://view.inews.qq.com/a/20240911Q02LEC00

2024-10-02 04:09:04,687 - INFO - EXPIRED
“十一”前夕，中管干部李刚在内的一批“内鬼”被揪出查办
https://new.qq.com/rain/a/20241001A06O5700

2024-10-02 04:09:04,687 - INFO - EXPIRED
湖南湘阴17岁男生因吃零食被班主任批评不服，坠楼身亡，官方通报
https://new.qq.com/rain/a/20241001A076FO00

2024-10-02 04:09:04,687 - INFO - EXPIRED
全美一半海运中断！美国港口爆发大罢工 大选临近拜登陷两难
https://new.qq.com/rain/a/20241001A05KUU00

2024-10-02 04:09:04,687 - INFO - EXPIRED
美国总统拜登批准佐治亚州重大灾难声明
https://new.qq.com/rain/a/20241001A07A0600

2024-10-02 04:09:04,687 - INFO - EXPIRED
长龙航空广州起飞航班乘客登机后被通知下机，机组称轮胎破了
https://new.qq.com/rain/a/20241001A06G5D00

2024-10-02 04:09:04,687 - INFO - EXPIRED
1对1｜独家专访布云朝克特：我的目标是未来进入男子网球世界排名前50
https://new.qq.com/rain/a/20241001V06ZG300

2024-10-02 04:09:04,687 - INFO - EXPIRED
市场监管总局、国家数据局：选取8个试点城市开放信用监管数据
https://new.qq.com/rain/a/20241001A066YD00

2024-10-02 04:09:04,687 - INFO - EXPIRED
男孩被体罚做200个深蹲致横纹肌溶解，终身不能运动，为何这么严重？和身体素质有关吗？
https://view.inews.qq.com/a/20240930Q0877A00

2024-10-02 04:09:04,687 - INFO - EXPIRED
美国国家运输安全委员会：超40家外航使用的波音737可能存在安全风险
https://new.qq.com/rain/a/20241001A04NTE00

2024-10-02 04:09:04,687 - INFO - EXPIRED
曼谷校车起火致25死：车辆火光冲天被烧剩骨架，泰国总理哽咽落泪回应
https://new.qq.com/rain/a/20241001V05LFN00

2024-10-02 04:09:04,687 - INFO - EXPIRED
安徽合肥市肥东县发生3.3级地震
https://new.qq.com/rain/a/20241001A0597E00

2024-10-02 04:09:04,687 - INFO - EXPIRED
吕特正式出任北约新一任秘书长
https://new.qq.com/rain/a/20241001A053DM00

2024-10-02 04:09:04,687 - INFO - EXPIRED
刘涛称和刘德华演夫妻像一场美梦，张子枫为演盲女深入生活体验
https://new.qq.com/rain/a/20241001V0629F00

2024-10-02 04:09:04,687 - INFO - EXPIRED
网红女骑士遭遇车祸身亡 其父：女儿当时坐摩托车后面 交警仍在调查
https://new.qq.com/rain/a/20241001A046RS00

2024-10-02 04:09:04,687 - INFO - EXPIRED
NBA名宿穆托姆博因脑癌去世，哪类人群容易得脑癌？这种癌很难治吗？
https://view.inews.qq.com/a/20241001Q0096P00

2024-10-02 04:09:04,687 - INFO - EXPIRED
旅客携带180万美元入境被海关查获，为什么不正常汇款？钱会被没收吗？
https://view.inews.qq.com/a/20240930Q0AB3M00

2024-10-02 04:09:04,687 - INFO - EXPIRED
哥哥离世后，老太变更名下股票账户信息并转走200多万，一家三口被抓
https://new.qq.com/rain/a/20240930A0ACXJ00

2024-10-02 04:09:04,687 - INFO - EXPIRED
我月薪3000舍不得国庆出去旅游，有哪些花钱很少但也能快乐度假的玩法？
https://view.inews.qq.com/a/20240930Q04DC800

2024-10-02 04:09:04,687 - INFO - EXPIRED
中美商务部长即将通话，将对电动汽车限制等深入交换意见
https://new.qq.com/rain/a/20241001A03TYH00

2024-10-02 04:09:04,687 - INFO - EXPIRED
美国东岸和墨西哥湾港口因罢工47年来首次关闭，处理全美一半贸易量
https://new.qq.com/rain/a/20241001A042SW00

2024-10-02 04:09:04,687 - INFO - EXPIRED
9月30日至10月1日，南部战区组织舰艇编队位南海有关海域进行战备巡航
https://new.qq.com/rain/a/20241001A03S7400

2024-10-02 04:09:04,687 - INFO - EXPIRED
豪华游轮靠低价收买想“躺平式旅游”的年轻人，国庆去豪华游轮旅游是个好选择吗？
https://view.inews.qq.com/a/20240925Q07IO500

2024-10-02 04:09:04,687 - INFO - EXPIRED
台媒：台北检方原定今日第五次提讯柯文哲，因柯拒绝应讯突然取消
https://new.qq.com/rain/a/20241001A03QNM00

2024-10-02 04:09:04,687 - INFO - EXPIRED
美公布美俄战机空中交锋画面：苏-35加速掠过美军F-16机头
https://new.qq.com/rain/a/20241001A00VKT00

2024-10-02 04:09:04,687 - INFO - EXPIRED
网红女骑士“石膏”发生车祸身亡：四年前就骑摩托摔断过腿
https://new.qq.com/rain/a/20240930A0A7FK00

2024-10-02 04:09:04,687 - INFO - EXPIRED
哪里最火？天气如何？国庆期间的数据带你精准enjoy假期！
https://new.qq.com/rain/a/20240930A06LKM00

2024-10-02 04:09:04,687 - INFO - EXPIRED
内蒙古高速公路交警通报“致12辆车受损”交通事故：无人员伤亡
https://new.qq.com/rain/a/20241001A03UAI00

2024-10-02 04:09:04,687 - INFO - EXPIRED
超强台风“山陀儿”逼近 浙江多地启动应急响应
https://new.qq.com/rain/a/20241001A03NGC00

2024-10-02 04:09:04,687 - INFO - EXPIRED
21岁大学生在快递网点工作20余天后跳江身亡，生前称担心拿不到工资不敢离职
https://new.qq.com/rain/a/20241001A03ONZ00

2024-10-02 04:09:04,687 - INFO - EXPIRED
长假刚出门就被人追尾，司机最讨厌的驾驶行为是什么？你见过最奇葩的司机是怎样的？
https://view.inews.qq.com/a/20241001Q022Z800

2024-10-02 04:09:04,687 - INFO - EXPIRED
河南一女子称一丝不挂被维修工人2次刷开酒店房门：做不到息事宁人
https://new.qq.com/rain/a/20240930A0858C00

2024-10-02 04:09:04,687 - INFO - EXPIRED
券商开户需核查投资者诚信档案 监管强化行业失信约束机制
https://new.qq.com/rain/a/20241001A026KQ00

2024-10-02 04:09:04,688 - INFO - EXPIRED
湖南一中学家委会要求家长筹资金补贴英语代课老师，学校：费用已退还
https://new.qq.com/rain/a/20240930A07BYE00

2024-10-02 04:09:04,688 - INFO - EXPIRED
广东小伙连吃七只螃蟹把自己“炫”进ICU，专业人士提醒
https://new.qq.com/rain/a/20240930A019YZ00

2024-10-02 04:09:04,688 - INFO - EXPIRED
上海松江警方：一男子超市内持刀伤人被当场抓获，3人抢救无效死亡
https://new.qq.com/rain/a/20241001A00DSZ00

2024-10-02 04:09:04,688 - INFO - EXPIRED
25岁女孩环游世界42城路费仅2万，假期出去玩能怎么省钱？
https://view.inews.qq.com/a/20240927Q0655400

2024-10-02 04:09:04,688 - INFO - EXPIRED
中国载人航天工程办公室：10月下旬将发射神舟十九号载人飞船
https://new.qq.com/rain/a/20241001A02C6G00

2024-10-02 04:09:04,688 - INFO - EXPIRED
飓风“海伦妮”已致美国超百人死亡，哈里斯暂停总统竞选活动
https://new.qq.com/rain/a/20240930A097QJ00

2024-10-02 04:09:04,688 - INFO - EXPIRED
10亿人民币补贴香港地区，淘宝出海国庆、双十一之前“开卷”
https://new.qq.com/rain/a/20241001A0039300

2024-10-02 04:09:04,688 - INFO - EXPIRED
贵阳一美容“医院”开业高喊先赚一个亿，美容机构可以自称“医院”吗？
https://view.inews.qq.com/a/20240930Q04DWZ00

2024-10-02 04:09:04,688 - INFO - EXPIRED
女子拔插头被电伤截肢，当事人：大拇指现在都没知觉，要5年才能恢复
https://new.qq.com/rain/a/20241001V01TM000

2024-10-02 04:09:04,688 - INFO - EXPIRED
东北雨姐回应“红薯粉条事件”：产品检测报告暂未出，可先行全额退款
https://new.qq.com/rain/a/20241001A01KCB00

2024-10-02 04:09:04,688 - INFO - EXPIRED
岸田文雄三年执政落幕：妥协政治和“新时代现实主义外交”
https://new.qq.com/rain/a/20241001A017I100

2024-10-02 04:09:04,688 - INFO - EXPIRED
NBA名宿穆托姆博因脑癌去世，他当年的防守有多强？对姚明帮助有多大？
https://view.inews.qq.com/a/20240930Q0AAPU00

2024-10-02 04:09:04,688 - INFO - EXPIRED
孟晚舟将接任华为轮值董事长
https://new.qq.com/rain/a/20241001A00DUL00

2024-10-02 04:09:04,688 - INFO - EXPIRED
中纪委再查副部级“内鬼”，连续两名落马中管干部都曾任职中组部
https://new.qq.com/rain/a/20240930A09M9Y00

2024-10-02 04:09:04,688 - INFO - EXPIRED
2岁女童长期被奶奶喂“符水”导致铅中毒，医生：这种偏方千万别信
https://new.qq.com/rain/a/20241001A031H000

2024-10-02 04:09:04,688 - INFO - EXPIRED
“00后”涌入国宾馆
https://new.qq.com/rain/a/20241001A012XP00

2024-10-02 04:09:04,688 - INFO - EXPIRED
朝鲜谴责美国向朝鲜半岛及其周边派遣核潜艇等核战略资产
https://new.qq.com/rain/a/20241001A00N2U00

2024-10-02 04:09:04,688 - INFO - EXPIRED
布云朝克特晋级中网四强创历史，他会成为中国男网一哥吗？未来天花板有多高？
https://view.inews.qq.com/a/20240930Q0AAXO00

2024-10-02 04:09:04,688 - INFO - EXPIRED
深交所出手 恒大地产和许家印等被纪律处分
https://new.qq.com/rain/a/20240930A0A0RS00

2024-10-02 04:09:04,688 - INFO - EXPIRED
鲍威尔打压市场大幅降息的预期：会进一步降息，但无预设的利率路线
https://new.qq.com/rain/a/20241001A00MZ200

2024-10-02 04:09:04,688 - INFO - EXPIRED
香港终审法院英国非常任法官因个人原因不续任，系年内第五位
https://new.qq.com/rain/a/20240930A09A9T00

2024-10-02 04:09:04,688 - INFO - EXPIRED
美股收盘：道指标普收于新高 中概股金龙指数月涨近30%
https://new.qq.com/rain/a/20241001A00MXV00

2024-10-02 04:09:04,688 - INFO - EXPIRED
余华英拐卖儿童案将于10月重审开庭，被拐儿童增至17人
https://new.qq.com/rain/a/20240930A068GI00

2024-10-02 04:09:04,688 - INFO - EXPIRED
17岁男孩突然“变”女孩：罕见的性发育异常和艰难的性别选择
https://new.qq.com/rain/a/20240930A073LU00

2024-10-02 04:09:04,688 - INFO - EXPIRED
特斯拉德国工厂病假率17%，马斯克：太疯狂了
https://new.qq.com/rain/a/20240930A08XPU00

2024-10-02 04:09:04,688 - INFO - EXPIRED
湖南一高三男生在教师办公室坠亡，当地：警方已排除刑事案件的可能
https://new.qq.com/rain/a/20240930A0ABWI00

2024-10-02 04:09:04,688 - INFO - EXPIRED
台湾校园“割颈案”行凶者分别获刑9年、8年，检方：量刑过轻将上诉
https://new.qq.com/rain/a/20240930A09M9H00

2024-10-02 04:09:04,688 - INFO - EXPIRED
首次披露！“失联”的新华保险原董事长李全，落马了
https://new.qq.com/rain/a/20240930A0694N00

2024-10-02 04:09:04,688 - INFO - EXPIRED
科学家找到宇宙中的“炼金炉”，合成黄金需要哪些条件？在实验室能合成吗？
https://view.inews.qq.com/a/20240930Q087JU00

2024-10-02 04:09:04,688 - INFO - EXPIRED
普京签署秋季征兵法令：在经认可的IT公司工作的公民可推迟服兵役
https://new.qq.com/rain/a/20240930A09BT400

2024-10-02 04:09:04,688 - INFO - EXPIRED
这些地方的农村，光棍一窝一窝
https://new.qq.com/rain/a/20240930A07SD900

2024-10-02 04:09:04,688 - INFO - EXPIRED
中介机构选定 国泰君安、海通吸收合并时间表临近
https://new.qq.com/rain/a/20240930A09BZL00

2024-10-02 04:09:04,688 - INFO - EXPIRED
“毒枸杞”事件调查一个月进展如何？甘肃和青海两地最新回应
https://new.qq.com/rain/a/20240930A05WSQ00

2024-10-02 04:09:04,688 - INFO - EXPIRED
西安“看桥爷爷”受邀抵达武汉：这次一定要看到“万里长江第一桥”
https://new.qq.com/rain/a/20240930A07ALB00

2024-10-02 04:09:04,688 - INFO - EXPIRED
俄媒：俄军拿下乌克兰东部关键村庄
https://new.qq.com/rain/a/20240930A04IXO00

2024-10-02 04:09:04,688 - INFO - EXPIRED
韩检方请求判处李在明3年有期徒刑 李在明：韩检方歪曲法律是犯罪行为
https://new.qq.com/rain/a/20240930V081Q200

2024-10-02 04:09:04,688 - INFO - EXPIRED
行李箱内塞满成捆现金，旅客携带180万美元入境被广州海关查获
https://new.qq.com/rain/a/20240930A06HT600

2024-10-02 04:09:04,688 - INFO - EXPIRED
伸缩机倒塌致1名员工死亡 申通快递被约谈
https://new.qq.com/rain/a/20240930A070MA00

2024-10-02 04:09:04,688 - INFO - EXPIRED
提前一天开车出发，结果十几个小时没出城，假期出行有哪些“大聪明”行为？
https://view.inews.qq.com/a/20240930Q03GPA00

2024-10-02 04:09:04,688 - INFO - EXPIRED
伍斌当选厦门市市长，曾获“全国优秀县委书记”称号
https://new.qq.com/rain/a/20240930A073P200

2024-10-02 04:09:04,688 - INFO - EXPIRED
男孩被困电梯徒手扒开门逃生，这样做安全吗？被困电梯该如何自救？
https://view.inews.qq.com/a/20240929Q09K5C00

2024-10-02 04:09:04,688 - INFO - EXPIRED
俄媒：俄总理米舒斯京抵达伊朗开始访问
https://new.qq.com/rain/a/20240930A07MRR00

2024-10-02 04:09:04,688 - INFO - EXPIRED
IPO前夕，荣耀副董事长万飚离职，否认将加入新凯来
https://new.qq.com/rain/a/20240930A06QHA00

2024-10-02 04:09:04,688 - INFO - EXPIRED
打虎！中央纪委国家监委驻中央组织部纪检监察组组长李刚被查
https://new.qq.com/rain/a/20240930A095Q600

2024-10-02 04:09:04,688 - INFO - EXPIRED
乘客高铁上演遮阳帘“拉扯战”：僵持了20分钟左右，全程没吵架
https://new.qq.com/rain/a/20240930V05X4900

2024-10-02 04:09:04,688 - INFO - EXPIRED
中信建投：后台审核140万人排队开户事实严重不符
https://new.qq.com/rain/a/20240930A066BO00

2024-10-02 04:09:04,688 - INFO - EXPIRED
李强签署国务院令 公布《网络数据安全管理条例》
https://new.qq.com/rain/a/20240930A06A9A00

2024-10-02 04:09:04,688 - INFO - EXPIRED
财政部副部长郭婷婷会见普华永道全球主席
https://new.qq.com/rain/a/20240930A05FGN00

2024-10-02 04:09:04,688 - INFO - EXPIRED
文旅部：希望大陆居民能够早日赴台湾本岛旅游
https://new.qq.com/rain/a/20240930A05YLM00

2024-10-02 04:09:04,688 - INFO - EXPIRED
国内航线燃油附加费10月5日起大幅下调
https://new.qq.com/rain/a/20240930A064LR00

2024-10-02 04:09:04,688 - INFO - EXPIRED
33岁格列兹曼自宣从法国国家队退役，结束10年国家队生涯
https://new.qq.com/rain/a/20240930A0681800

2024-10-02 04:09:04,688 - INFO - EXPIRED
“整个山东威海都是臭的” 多人称闻到异味 环保局：查了一宿原因不明
https://new.qq.com/rain/a/20240930A03PC300

2024-10-02 04:09:04,688 - INFO - EXPIRED
成都发生一起多车连环追尾事故，警方：致8人受伤，司机排除酒驾嫌疑
https://new.qq.com/rain/a/20240930A05JOV00

2024-10-02 04:09:04,688 - INFO - EXPIRED
上海、广州、深圳连夜发楼市新政，专家说房地产牛市启动，我该信吗？现在是买房好时机吗？
https://view.inews.qq.com/a/20240930Q01AL600

2024-10-02 04:09:05,401 - ERROR - ERROR
伊朗向以色列发射导弹袭击 37岁巴勒斯坦男子被导弹残骸砸中身亡
https://new.qq.com/rain/a/20241002V030T700
('list index out of range',)
======
Traceback (most recent call last):
  File "/home/runner/work/qqnews/qqnews/qq.py", line 81, in process_article
    ss = str(tmpbs.select("div.LEFT div.content.clearfix")[0])
             ~~~~~~~~~~~~~~~~~~~~~~~~~~~~~~~~~~~~~~~~~~~~~^^^
IndexError: list index out of range


2024-10-02 04:09:05,404 - ERROR - ERROR
伊朗称向以色列发射200枚导弹 民航客机乘客拍下导弹空中飞行画面
https://new.qq.com/rain/a/20241002V02MZD00
('list index out of range',)
======
Traceback (most recent call last):
  File "/home/runner/work/qqnews/qqnews/qq.py", line 81, in process_article
    ss = str(tmpbs.select("div.LEFT div.content.clearfix")[0])
             ~~~~~~~~~~~~~~~~~~~~~~~~~~~~~~~~~~~~~~~~~~~~~^^^
IndexError: list index out of range


2024-10-02 04:09:05,418 - INFO - INVALID
美国务院对以色列两名个人及一个实体实施制裁
https://new.qq.com/rain/a/20241002A01YZJ00

2024-10-02 04:09:05,426 - INFO - INVALID
外媒：巴西总统卢拉所乘飞机发生技术故障，盘旋数小时后安全着陆
https://new.qq.com/rain/a/20241002A02WY900

2024-10-02 04:09:05,480 - INFO - INVALID
弃奖！河南福彩双色球1000万元大奖最终无人领取
https://new.qq.com/rain/a/20241002A02KE100

2024-10-02 04:09:05,680 - ERROR - ERROR
伊朗袭击以色列现场画面：约两百枚导弹升空 火球般密集砸向以境内
https://new.qq.com/rain/a/20241002V01AYU00
('list index out of range',)
======
Traceback (most recent call last):
  File "/home/runner/work/qqnews/qqnews/qq.py", line 81, in process_article
    ss = str(tmpbs.select("div.LEFT div.content.clearfix")[0])
             ~~~~~~~~~~~~~~~~~~~~~~~~~~~~~~~~~~~~~~~~~~~~~^^^
IndexError: list index out of range


2024-10-02 04:09:05,694 - INFO - INVALID
加拿大对自华进口电动汽车加征100%附加税，商务部回应
https://new.qq.com/rain/a/20241002A01BLW00

2024-10-02 04:09:05,724 - INFO - INVALID
以色列特拉维夫发生枪击和刀刺袭击，6人死亡9人受伤
https://new.qq.com/rain/a/20241002A00N0700

2024-10-02 04:09:05,822 - INFO - INVALID
近半世纪后，美国码头再现大规模罢工，每周或造成45亿至75亿美元损失
https://new.qq.com/rain/a/20241002A00C0P00

2024-10-02 04:09:05,833 - INFO - INVALID
美股收盘：纳指跌1.5%，Meta创新高，中概逆市涨超5%
https://new.qq.com/rain/a/20241002A00YRN00

2024-10-02 04:09:06,045 - INFO - INVALID
“踏上国土这一刻，我们安全了！”146名自黎巴嫩撤离中国公民抵达北京
https://new.qq.com/rain/a/20241002A02XVC00

2024-10-02 04:09:06,064 - INFO - INVALID
国家统计局：2023年全国共投入研究与试验发展经费33357.1亿元，增长8.4%
https://new.qq.com/rain/a/20241002A01UN000

2024-10-02 05:00:51,550 - INFO - EXPIRED
从牛顿万有引力到黑洞，科学家们如何转向实现突破？｜一齐TALK
https://new.qq.com/rain/a/20241001V03B7J00

2024-10-02 05:00:51,550 - INFO - EXPIRED
这条长三角重要高铁来了
https://new.qq.com/rain/a/20241001A05MM100

2024-10-02 05:00:51,550 - INFO - EXPIRED
经常听到身边人许愿“早日退休”，退休生活真的如想象般美好吗？真实情况怎样？
https://view.inews.qq.com/a/20240911Q02LEC00

2024-10-02 05:00:51,550 - INFO - EXPIRED
“十一”前夕，中管干部李刚在内的一批“内鬼”被揪出查办
https://new.qq.com/rain/a/20241001A06O5700

2024-10-02 05:00:51,550 - INFO - EXPIRED
湖南湘阴17岁男生因吃零食被班主任批评不服，坠楼身亡，官方通报
https://new.qq.com/rain/a/20241001A076FO00

2024-10-02 05:00:51,550 - INFO - EXPIRED
全美一半海运中断！美国港口爆发大罢工 大选临近拜登陷两难
https://new.qq.com/rain/a/20241001A05KUU00

2024-10-02 05:00:51,550 - INFO - EXPIRED
美国总统拜登批准佐治亚州重大灾难声明
https://new.qq.com/rain/a/20241001A07A0600

2024-10-02 05:00:51,550 - INFO - EXPIRED
长龙航空广州起飞航班乘客登机后被通知下机，机组称轮胎破了
https://new.qq.com/rain/a/20241001A06G5D00

2024-10-02 05:00:51,550 - INFO - EXPIRED
1对1｜独家专访布云朝克特：我的目标是未来进入男子网球世界排名前50
https://new.qq.com/rain/a/20241001V06ZG300

2024-10-02 05:00:51,550 - INFO - EXPIRED
市场监管总局、国家数据局：选取8个试点城市开放信用监管数据
https://new.qq.com/rain/a/20241001A066YD00

2024-10-02 05:00:51,550 - INFO - EXPIRED
男孩被体罚做200个深蹲致横纹肌溶解，终身不能运动，为何这么严重？和身体素质有关吗？
https://view.inews.qq.com/a/20240930Q0877A00

2024-10-02 05:00:51,550 - INFO - EXPIRED
美国国家运输安全委员会：超40家外航使用的波音737可能存在安全风险
https://new.qq.com/rain/a/20241001A04NTE00

2024-10-02 05:00:51,550 - INFO - EXPIRED
曼谷校车起火致25死：车辆火光冲天被烧剩骨架，泰国总理哽咽落泪回应
https://new.qq.com/rain/a/20241001V05LFN00

2024-10-02 05:00:51,550 - INFO - EXPIRED
安徽合肥市肥东县发生3.3级地震
https://new.qq.com/rain/a/20241001A0597E00

2024-10-02 05:00:51,551 - INFO - EXPIRED
吕特正式出任北约新一任秘书长
https://new.qq.com/rain/a/20241001A053DM00

2024-10-02 05:00:51,551 - INFO - EXPIRED
刘涛称和刘德华演夫妻像一场美梦，张子枫为演盲女深入生活体验
https://new.qq.com/rain/a/20241001V0629F00

2024-10-02 05:00:51,551 - INFO - EXPIRED
网红女骑士遭遇车祸身亡 其父：女儿当时坐摩托车后面 交警仍在调查
https://new.qq.com/rain/a/20241001A046RS00

2024-10-02 05:00:51,551 - INFO - EXPIRED
NBA名宿穆托姆博因脑癌去世，哪类人群容易得脑癌？这种癌很难治吗？
https://view.inews.qq.com/a/20241001Q0096P00

2024-10-02 05:00:51,551 - INFO - EXPIRED
旅客携带180万美元入境被海关查获，为什么不正常汇款？钱会被没收吗？
https://view.inews.qq.com/a/20240930Q0AB3M00

2024-10-02 05:00:51,551 - INFO - EXPIRED
哥哥离世后，老太变更名下股票账户信息并转走200多万，一家三口被抓
https://new.qq.com/rain/a/20240930A0ACXJ00

2024-10-02 05:00:51,551 - INFO - EXPIRED
我月薪3000舍不得国庆出去旅游，有哪些花钱很少但也能快乐度假的玩法？
https://view.inews.qq.com/a/20240930Q04DC800

2024-10-02 05:00:51,551 - INFO - EXPIRED
中美商务部长即将通话，将对电动汽车限制等深入交换意见
https://new.qq.com/rain/a/20241001A03TYH00

2024-10-02 05:00:51,551 - INFO - EXPIRED
美国东岸和墨西哥湾港口因罢工47年来首次关闭，处理全美一半贸易量
https://new.qq.com/rain/a/20241001A042SW00

2024-10-02 05:00:51,551 - INFO - EXPIRED
9月30日至10月1日，南部战区组织舰艇编队位南海有关海域进行战备巡航
https://new.qq.com/rain/a/20241001A03S7400

2024-10-02 05:00:51,551 - INFO - EXPIRED
豪华游轮靠低价收买想“躺平式旅游”的年轻人，国庆去豪华游轮旅游是个好选择吗？
https://view.inews.qq.com/a/20240925Q07IO500

2024-10-02 05:00:51,551 - INFO - EXPIRED
台媒：台北检方原定今日第五次提讯柯文哲，因柯拒绝应讯突然取消
https://new.qq.com/rain/a/20241001A03QNM00

2024-10-02 05:00:51,551 - INFO - EXPIRED
美公布美俄战机空中交锋画面：苏-35加速掠过美军F-16机头
https://new.qq.com/rain/a/20241001A00VKT00

2024-10-02 05:00:51,551 - INFO - EXPIRED
网红女骑士“石膏”发生车祸身亡：四年前就骑摩托摔断过腿
https://new.qq.com/rain/a/20240930A0A7FK00

2024-10-02 05:00:51,551 - INFO - EXPIRED
哪里最火？天气如何？国庆期间的数据带你精准enjoy假期！
https://new.qq.com/rain/a/20240930A06LKM00

2024-10-02 05:00:51,551 - INFO - EXPIRED
内蒙古高速公路交警通报“致12辆车受损”交通事故：无人员伤亡
https://new.qq.com/rain/a/20241001A03UAI00

2024-10-02 05:00:51,551 - INFO - EXPIRED
超强台风“山陀儿”逼近 浙江多地启动应急响应
https://new.qq.com/rain/a/20241001A03NGC00

2024-10-02 05:00:51,551 - INFO - EXPIRED
21岁大学生在快递网点工作20余天后跳江身亡，生前称担心拿不到工资不敢离职
https://new.qq.com/rain/a/20241001A03ONZ00

2024-10-02 05:00:51,551 - INFO - EXPIRED
长假刚出门就被人追尾，司机最讨厌的驾驶行为是什么？你见过最奇葩的司机是怎样的？
https://view.inews.qq.com/a/20241001Q022Z800

2024-10-02 05:00:51,551 - INFO - EXPIRED
河南一女子称一丝不挂被维修工人2次刷开酒店房门：做不到息事宁人
https://new.qq.com/rain/a/20240930A0858C00

2024-10-02 05:00:51,551 - INFO - EXPIRED
券商开户需核查投资者诚信档案 监管强化行业失信约束机制
https://new.qq.com/rain/a/20241001A026KQ00

2024-10-02 05:00:51,551 - INFO - EXPIRED
湖南一中学家委会要求家长筹资金补贴英语代课老师，学校：费用已退还
https://new.qq.com/rain/a/20240930A07BYE00

2024-10-02 05:00:51,551 - INFO - EXPIRED
广东小伙连吃七只螃蟹把自己“炫”进ICU，专业人士提醒
https://new.qq.com/rain/a/20240930A019YZ00

2024-10-02 05:00:51,551 - INFO - EXPIRED
上海松江警方：一男子超市内持刀伤人被当场抓获，3人抢救无效死亡
https://new.qq.com/rain/a/20241001A00DSZ00

2024-10-02 05:00:51,551 - INFO - EXPIRED
25岁女孩环游世界42城路费仅2万，假期出去玩能怎么省钱？
https://view.inews.qq.com/a/20240927Q0655400

2024-10-02 05:00:51,551 - INFO - EXPIRED
中国载人航天工程办公室：10月下旬将发射神舟十九号载人飞船
https://new.qq.com/rain/a/20241001A02C6G00

2024-10-02 05:00:51,551 - INFO - EXPIRED
飓风“海伦妮”已致美国超百人死亡，哈里斯暂停总统竞选活动
https://new.qq.com/rain/a/20240930A097QJ00

2024-10-02 05:00:51,551 - INFO - EXPIRED
10亿人民币补贴香港地区，淘宝出海国庆、双十一之前“开卷”
https://new.qq.com/rain/a/20241001A0039300

2024-10-02 05:00:51,551 - INFO - EXPIRED
贵阳一美容“医院”开业高喊先赚一个亿，美容机构可以自称“医院”吗？
https://view.inews.qq.com/a/20240930Q04DWZ00

2024-10-02 05:00:51,551 - INFO - EXPIRED
女子拔插头被电伤截肢，当事人：大拇指现在都没知觉，要5年才能恢复
https://new.qq.com/rain/a/20241001V01TM000

2024-10-02 05:00:51,551 - INFO - EXPIRED
东北雨姐回应“红薯粉条事件”：产品检测报告暂未出，可先行全额退款
https://new.qq.com/rain/a/20241001A01KCB00

2024-10-02 05:00:51,551 - INFO - EXPIRED
岸田文雄三年执政落幕：妥协政治和“新时代现实主义外交”
https://new.qq.com/rain/a/20241001A017I100

2024-10-02 05:00:51,551 - INFO - EXPIRED
NBA名宿穆托姆博因脑癌去世，他当年的防守有多强？对姚明帮助有多大？
https://view.inews.qq.com/a/20240930Q0AAPU00

2024-10-02 05:00:51,551 - INFO - EXPIRED
孟晚舟将接任华为轮值董事长
https://new.qq.com/rain/a/20241001A00DUL00

2024-10-02 05:00:51,551 - INFO - EXPIRED
中纪委再查副部级“内鬼”，连续两名落马中管干部都曾任职中组部
https://new.qq.com/rain/a/20240930A09M9Y00

2024-10-02 05:00:51,551 - INFO - EXPIRED
2岁女童长期被奶奶喂“符水”导致铅中毒，医生：这种偏方千万别信
https://new.qq.com/rain/a/20241001A031H000

2024-10-02 05:00:51,551 - INFO - EXPIRED
“00后”涌入国宾馆
https://new.qq.com/rain/a/20241001A012XP00

2024-10-02 05:00:51,551 - INFO - EXPIRED
朝鲜谴责美国向朝鲜半岛及其周边派遣核潜艇等核战略资产
https://new.qq.com/rain/a/20241001A00N2U00

2024-10-02 05:00:51,551 - INFO - EXPIRED
布云朝克特晋级中网四强创历史，他会成为中国男网一哥吗？未来天花板有多高？
https://view.inews.qq.com/a/20240930Q0AAXO00

2024-10-02 05:00:51,551 - INFO - EXPIRED
深交所出手 恒大地产和许家印等被纪律处分
https://new.qq.com/rain/a/20240930A0A0RS00

2024-10-02 05:00:51,551 - INFO - EXPIRED
鲍威尔打压市场大幅降息的预期：会进一步降息，但无预设的利率路线
https://new.qq.com/rain/a/20241001A00MZ200

2024-10-02 05:00:51,551 - INFO - EXPIRED
香港终审法院英国非常任法官因个人原因不续任，系年内第五位
https://new.qq.com/rain/a/20240930A09A9T00

2024-10-02 05:00:51,551 - INFO - EXPIRED
美股收盘：道指标普收于新高 中概股金龙指数月涨近30%
https://new.qq.com/rain/a/20241001A00MXV00

2024-10-02 05:00:51,551 - INFO - EXPIRED
余华英拐卖儿童案将于10月重审开庭，被拐儿童增至17人
https://new.qq.com/rain/a/20240930A068GI00

2024-10-02 05:00:51,551 - INFO - EXPIRED
17岁男孩突然“变”女孩：罕见的性发育异常和艰难的性别选择
https://new.qq.com/rain/a/20240930A073LU00

2024-10-02 05:00:51,551 - INFO - EXPIRED
特斯拉德国工厂病假率17%，马斯克：太疯狂了
https://new.qq.com/rain/a/20240930A08XPU00

2024-10-02 05:00:51,551 - INFO - EXPIRED
湖南一高三男生在教师办公室坠亡，当地：警方已排除刑事案件的可能
https://new.qq.com/rain/a/20240930A0ABWI00

2024-10-02 05:00:51,551 - INFO - EXPIRED
台湾校园“割颈案”行凶者分别获刑9年、8年，检方：量刑过轻将上诉
https://new.qq.com/rain/a/20240930A09M9H00

2024-10-02 05:00:51,551 - INFO - EXPIRED
首次披露！“失联”的新华保险原董事长李全，落马了
https://new.qq.com/rain/a/20240930A0694N00

2024-10-02 05:00:51,551 - INFO - EXPIRED
科学家找到宇宙中的“炼金炉”，合成黄金需要哪些条件？在实验室能合成吗？
https://view.inews.qq.com/a/20240930Q087JU00

2024-10-02 05:00:51,551 - INFO - EXPIRED
普京签署秋季征兵法令：在经认可的IT公司工作的公民可推迟服兵役
https://new.qq.com/rain/a/20240930A09BT400

2024-10-02 05:00:51,551 - INFO - EXPIRED
这些地方的农村，光棍一窝一窝
https://new.qq.com/rain/a/20240930A07SD900

2024-10-02 05:00:51,551 - INFO - EXPIRED
中介机构选定 国泰君安、海通吸收合并时间表临近
https://new.qq.com/rain/a/20240930A09BZL00

2024-10-02 05:00:51,551 - INFO - EXPIRED
“毒枸杞”事件调查一个月进展如何？甘肃和青海两地最新回应
https://new.qq.com/rain/a/20240930A05WSQ00

2024-10-02 05:00:51,551 - INFO - EXPIRED
西安“看桥爷爷”受邀抵达武汉：这次一定要看到“万里长江第一桥”
https://new.qq.com/rain/a/20240930A07ALB00

2024-10-02 05:00:51,551 - INFO - EXPIRED
俄媒：俄军拿下乌克兰东部关键村庄
https://new.qq.com/rain/a/20240930A04IXO00

2024-10-02 05:00:51,551 - INFO - EXPIRED
韩检方请求判处李在明3年有期徒刑 李在明：韩检方歪曲法律是犯罪行为
https://new.qq.com/rain/a/20240930V081Q200

2024-10-02 05:00:51,551 - INFO - EXPIRED
行李箱内塞满成捆现金，旅客携带180万美元入境被广州海关查获
https://new.qq.com/rain/a/20240930A06HT600

2024-10-02 05:00:51,551 - INFO - EXPIRED
伸缩机倒塌致1名员工死亡 申通快递被约谈
https://new.qq.com/rain/a/20240930A070MA00

2024-10-02 05:00:51,551 - INFO - EXPIRED
提前一天开车出发，结果十几个小时没出城，假期出行有哪些“大聪明”行为？
https://view.inews.qq.com/a/20240930Q03GPA00

2024-10-02 05:00:51,551 - INFO - EXPIRED
伍斌当选厦门市市长，曾获“全国优秀县委书记”称号
https://new.qq.com/rain/a/20240930A073P200

2024-10-02 05:00:51,551 - INFO - EXPIRED
男孩被困电梯徒手扒开门逃生，这样做安全吗？被困电梯该如何自救？
https://view.inews.qq.com/a/20240929Q09K5C00

2024-10-02 05:00:51,551 - INFO - EXPIRED
俄媒：俄总理米舒斯京抵达伊朗开始访问
https://new.qq.com/rain/a/20240930A07MRR00

2024-10-02 05:00:51,551 - INFO - EXPIRED
IPO前夕，荣耀副董事长万飚离职，否认将加入新凯来
https://new.qq.com/rain/a/20240930A06QHA00

2024-10-02 05:00:51,551 - INFO - EXPIRED
打虎！中央纪委国家监委驻中央组织部纪检监察组组长李刚被查
https://new.qq.com/rain/a/20240930A095Q600

2024-10-02 05:00:51,552 - INFO - EXPIRED
乘客高铁上演遮阳帘“拉扯战”：僵持了20分钟左右，全程没吵架
https://new.qq.com/rain/a/20240930V05X4900

2024-10-02 05:00:51,552 - INFO - EXPIRED
中信建投：后台审核140万人排队开户事实严重不符
https://new.qq.com/rain/a/20240930A066BO00

2024-10-02 05:00:51,552 - INFO - EXPIRED
李强签署国务院令 公布《网络数据安全管理条例》
https://new.qq.com/rain/a/20240930A06A9A00

2024-10-02 05:00:51,552 - INFO - EXPIRED
财政部副部长郭婷婷会见普华永道全球主席
https://new.qq.com/rain/a/20240930A05FGN00

2024-10-02 05:00:51,552 - INFO - EXPIRED
文旅部：希望大陆居民能够早日赴台湾本岛旅游
https://new.qq.com/rain/a/20240930A05YLM00

2024-10-02 05:00:51,552 - INFO - EXPIRED
国内航线燃油附加费10月5日起大幅下调
https://new.qq.com/rain/a/20240930A064LR00

2024-10-02 05:00:51,552 - INFO - EXPIRED
33岁格列兹曼自宣从法国国家队退役，结束10年国家队生涯
https://new.qq.com/rain/a/20240930A0681800

2024-10-02 05:00:51,552 - INFO - EXPIRED
“整个山东威海都是臭的” 多人称闻到异味 环保局：查了一宿原因不明
https://new.qq.com/rain/a/20240930A03PC300

2024-10-02 05:00:51,552 - INFO - EXPIRED
成都发生一起多车连环追尾事故，警方：致8人受伤，司机排除酒驾嫌疑
https://new.qq.com/rain/a/20240930A05JOV00

2024-10-02 05:00:51,552 - INFO - EXPIRED
上海、广州、深圳连夜发楼市新政，专家说房地产牛市启动，我该信吗？现在是买房好时机吗？
https://view.inews.qq.com/a/20240930Q01AL600

2024-10-02 05:00:52,419 - ERROR - ERROR
伊朗称向以色列发射200枚导弹 民航客机乘客拍下导弹空中飞行画面
https://new.qq.com/rain/a/20241002V02MZD00
('list index out of range',)
======
Traceback (most recent call last):
  File "/home/runner/work/qqnews/qqnews/qq.py", line 81, in process_article
    ss = str(tmpbs.select("div.LEFT div.content.clearfix")[0])
             ~~~~~~~~~~~~~~~~~~~~~~~~~~~~~~~~~~~~~~~~~~~~~^^^
IndexError: list index out of range


2024-10-02 05:00:52,452 - INFO - INVALID
弃奖！河南福彩双色球1000万元大奖最终无人领取
https://new.qq.com/rain/a/20241002A02KE100

2024-10-02 05:00:52,457 - INFO - INVALID
外媒：巴西总统卢拉所乘飞机发生技术故障，盘旋数小时后安全着陆
https://new.qq.com/rain/a/20241002A02WY900

2024-10-02 05:00:52,462 - INFO - INVALID
美国务院对以色列两名个人及一个实体实施制裁
https://new.qq.com/rain/a/20241002A01YZJ00

2024-10-02 05:00:52,503 - INFO - INVALID
加拿大对自华进口电动汽车加征100%附加税，商务部回应
https://new.qq.com/rain/a/20241002A01BLW00

2024-10-02 05:00:52,735 - INFO - INVALID
“踏上国土这一刻，我们安全了！”146名自黎巴嫩撤离中国公民抵达北京
https://new.qq.com/rain/a/20241002A02XVC00

2024-10-02 05:00:52,757 - INFO - INVALID
以色列特拉维夫发生枪击和刀刺袭击，6人死亡9人受伤
https://new.qq.com/rain/a/20241002A00N0700

2024-10-02 05:00:52,764 - INFO - INVALID
近半世纪后，美国码头再现大规模罢工，每周或造成45亿至75亿美元损失
https://new.qq.com/rain/a/20241002A00C0P00

2024-10-02 05:00:52,784 - INFO - INVALID
国家统计局：2023年全国共投入研究与试验发展经费33357.1亿元，增长8.4%
https://new.qq.com/rain/a/20241002A01UN000

2024-10-02 05:00:52,793 - ERROR - ERROR
伊朗袭击以色列现场画面：约两百枚导弹升空 火球般密集砸向以境内
https://new.qq.com/rain/a/20241002V01AYU00
('list index out of range',)
======
Traceback (most recent call last):
  File "/home/runner/work/qqnews/qqnews/qq.py", line 81, in process_article
    ss = str(tmpbs.select("div.LEFT div.content.clearfix")[0])
             ~~~~~~~~~~~~~~~~~~~~~~~~~~~~~~~~~~~~~~~~~~~~~^^^
IndexError: list index out of range


2024-10-02 05:00:53,052 - INFO - INVALID
美股收盘：纳指跌1.5%，Meta创新高，中概逆市涨超5%
https://new.qq.com/rain/a/20241002A00YRN00

