2026-04-27 01:18:41,985 - INFO - Total time taken: {'ret': 0, 'msg': 'success', 'data': None}
2026-04-27 01:18:41,986 - INFO - 'NoneType' object is not subscriptable
2026-04-27 01:18:41,986 - INFO - Traceback (most recent call last):
  File "/home/runner/work/qqnews/qqnews/qq.py", line 128, in main
    for i in qq1["data"]["list"]:
             ~~~~~~~~~~~^^^^^^^^
TypeError: 'NoneType' object is not subscriptable

2026-04-27 04:55:44,506 - INFO - Total time taken: {'ret': 0, 'msg': 'success', 'data': None}
2026-04-27 04:55:44,506 - INFO - 'NoneType' object is not subscriptable
2026-04-27 04:55:44,506 - INFO - Traceback (most recent call last):
  File "/home/runner/work/qqnews/qqnews/qq.py", line 128, in main
    for i in qq1["data"]["list"]:
             ~~~~~~~~~~~^^^^^^^^
TypeError: 'NoneType' object is not subscriptable

2026-04-27 07:27:58,654 - INFO - Total time taken: {'ret': 0, 'msg': 'success', 'data': None}
2026-04-27 07:27:58,654 - INFO - 'NoneType' object is not subscriptable
2026-04-27 07:27:58,654 - INFO - Traceback (most recent call last):
  File "/home/runner/work/qqnews/qqnews/qq.py", line 128, in main
    for i in qq1["data"]["list"]:
             ~~~~~~~~~~~^^^^^^^^
TypeError: 'NoneType' object is not subscriptable

2026-04-27 10:01:17,396 - INFO - Total time taken: {'ret': 0, 'msg': 'success', 'data': None}
2026-04-27 10:01:17,396 - INFO - 'NoneType' object is not subscriptable
2026-04-27 10:01:17,396 - INFO - Traceback (most recent call last):
  File "/home/runner/work/qqnews/qqnews/qq.py", line 128, in main
    for i in qq1["data"]["list"]:
             ~~~~~~~~~~~^^^^^^^^
TypeError: 'NoneType' object is not subscriptable

2026-04-27 12:12:58,527 - INFO - Total time taken: {'ret': 0, 'msg': 'success', 'data': None}
2026-04-27 12:12:58,527 - INFO - 'NoneType' object is not subscriptable
2026-04-27 12:12:58,527 - INFO - Traceback (most recent call last):
  File "/home/runner/work/qqnews/qqnews/qq.py", line 128, in main
    for i in qq1["data"]["list"]:
             ~~~~~~~~~~~^^^^^^^^
TypeError: 'NoneType' object is not subscriptable

2026-04-27 14:52:54,520 - INFO - Total time taken: {'ret': 0, 'msg': 'success', 'data': None}
2026-04-27 14:52:54,520 - INFO - 'NoneType' object is not subscriptable
2026-04-27 14:52:54,520 - INFO - Traceback (most recent call last):
  File "/home/runner/work/qqnews/qqnews/qq.py", line 128, in main
    for i in qq1["data"]["list"]:
             ~~~~~~~~~~~^^^^^^^^
TypeError: 'NoneType' object is not subscriptable

2026-04-27 16:15:17,134 - INFO - Total time taken: {'ret': 0, 'msg': 'success', 'data': None}
2026-04-27 16:15:17,135 - INFO - 'NoneType' object is not subscriptable
2026-04-27 16:15:17,135 - INFO - Traceback (most recent call last):
  File "/home/runner/work/qqnews/qqnews/qq.py", line 128, in main
    for i in qq1["data"]["list"]:
             ~~~~~~~~~~~^^^^^^^^
TypeError: 'NoneType' object is not subscriptable

2026-04-27 17:57:16,885 - INFO - Total time taken: {'ret': 0, 'msg': 'success', 'data': None}
2026-04-27 17:57:16,886 - INFO - 'NoneType' object is not subscriptable
2026-04-27 17:57:16,886 - INFO - Traceback (most recent call last):
  File "/home/runner/work/qqnews/qqnews/qq.py", line 128, in main
    for i in qq1["data"]["list"]:
             ~~~~~~~~~~~^^^^^^^^
TypeError: 'NoneType' object is not subscriptable

2026-04-27 19:04:17,620 - INFO - Total time taken: {'ret': 0, 'msg': 'success', 'data': None}
2026-04-27 19:04:17,620 - INFO - 'NoneType' object is not subscriptable
2026-04-27 19:04:17,621 - INFO - Traceback (most recent call last):
  File "/home/runner/work/qqnews/qqnews/qq.py", line 128, in main
    for i in qq1["data"]["list"]:
             ~~~~~~~~~~~^^^^^^^^
TypeError: 'NoneType' object is not subscriptable

2026-04-27 20:45:57,139 - INFO - Total time taken: {'ret': 0, 'msg': 'success', 'data': None}
2026-04-27 20:45:57,139 - INFO - 'NoneType' object is not subscriptable
2026-04-27 20:45:57,139 - INFO - Traceback (most recent call last):
  File "/home/runner/work/qqnews/qqnews/qq.py", line 128, in main
    for i in qq1["data"]["list"]:
             ~~~~~~~~~~~^^^^^^^^
TypeError: 'NoneType' object is not subscriptable

2026-04-27 21:42:28,602 - INFO - Total time taken: {'ret': 0, 'msg': 'success', 'data': None}
2026-04-27 21:42:28,602 - INFO - 'NoneType' object is not subscriptable
2026-04-27 21:42:28,602 - INFO - Traceback (most recent call last):
  File "/home/runner/work/qqnews/qqnews/qq.py", line 128, in main
    for i in qq1["data"]["list"]:
             ~~~~~~~~~~~^^^^^^^^
TypeError: 'NoneType' object is not subscriptable

2026-04-27 22:36:40,360 - INFO - Total time taken: {'ret': 0, 'msg': 'success', 'data': None}
2026-04-27 22:36:40,360 - INFO - 'NoneType' object is not subscriptable
2026-04-27 22:36:40,360 - INFO - Traceback (most recent call last):
  File "/home/runner/work/qqnews/qqnews/qq.py", line 128, in main
    for i in qq1["data"]["list"]:
             ~~~~~~~~~~~^^^^^^^^
TypeError: 'NoneType' object is not subscriptable

