2025-07-06 00:47:25,503 - INFO - Total time taken: {'ret': 0, 'msg': 'success', 'data': None}
2025-07-06 00:47:25,503 - INFO - 'NoneType' object is not subscriptable
2025-07-06 00:47:25,504 - INFO - Traceback (most recent call last):
  File "/home/runner/work/qqnews/qqnews/qq.py", line 128, in main
    for i in qq1["data"]["list"]:
             ~~~~~~~~~~~^^^^^^^^
TypeError: 'NoneType' object is not subscriptable

2025-07-06 02:50:04,729 - INFO - Total time taken: {'ret': 0, 'msg': 'success', 'data': None}
2025-07-06 02:50:04,729 - INFO - 'NoneType' object is not subscriptable
2025-07-06 02:50:04,729 - INFO - Traceback (most recent call last):
  File "/home/runner/work/qqnews/qqnews/qq.py", line 128, in main
    for i in qq1["data"]["list"]:
             ~~~~~~~~~~~^^^^^^^^
TypeError: 'NoneType' object is not subscriptable

2025-07-06 03:49:01,032 - INFO - Total time taken: {'ret': 0, 'msg': 'success', 'data': None}
2025-07-06 03:49:01,033 - INFO - 'NoneType' object is not subscriptable
2025-07-06 03:49:01,033 - INFO - Traceback (most recent call last):
  File "/home/runner/work/qqnews/qqnews/qq.py", line 128, in main
    for i in qq1["data"]["list"]:
             ~~~~~~~~~~~^^^^^^^^
TypeError: 'NoneType' object is not subscriptable

2025-07-06 04:23:29,140 - INFO - Total time taken: {'ret': 0, 'msg': 'success', 'data': None}
2025-07-06 04:23:29,140 - INFO - 'NoneType' object is not subscriptable
2025-07-06 04:23:29,140 - INFO - Traceback (most recent call last):
  File "/home/runner/work/qqnews/qqnews/qq.py", line 128, in main
    for i in qq1["data"]["list"]:
             ~~~~~~~~~~~^^^^^^^^
TypeError: 'NoneType' object is not subscriptable

2025-07-06 05:10:15,138 - INFO - Total time taken: {'ret': 0, 'msg': 'success', 'data': None}
2025-07-06 05:10:15,138 - INFO - 'NoneType' object is not subscriptable
2025-07-06 05:10:15,138 - INFO - Traceback (most recent call last):
  File "/home/runner/work/qqnews/qqnews/qq.py", line 128, in main
    for i in qq1["data"]["list"]:
             ~~~~~~~~~~~^^^^^^^^
TypeError: 'NoneType' object is not subscriptable

2025-07-06 06:12:11,493 - INFO - Total time taken: {'ret': 0, 'msg': 'success', 'data': None}
2025-07-06 06:12:11,493 - INFO - 'NoneType' object is not subscriptable
2025-07-06 06:12:11,493 - INFO - Traceback (most recent call last):
  File "/home/runner/work/qqnews/qqnews/qq.py", line 128, in main
    for i in qq1["data"]["list"]:
             ~~~~~~~~~~~^^^^^^^^
TypeError: 'NoneType' object is not subscriptable

2025-07-06 07:01:14,887 - INFO - Total time taken: {'ret': 0, 'msg': 'success', 'data': None}
2025-07-06 07:01:14,887 - INFO - 'NoneType' object is not subscriptable
2025-07-06 07:01:14,888 - INFO - Traceback (most recent call last):
  File "/home/runner/work/qqnews/qqnews/qq.py", line 128, in main
    for i in qq1["data"]["list"]:
             ~~~~~~~~~~~^^^^^^^^
TypeError: 'NoneType' object is not subscriptable

2025-07-06 08:10:41,484 - INFO - Total time taken: {'ret': 0, 'msg': 'success', 'data': None}
2025-07-06 08:10:41,484 - INFO - 'NoneType' object is not subscriptable
2025-07-06 08:10:41,484 - INFO - Traceback (most recent call last):
  File "/home/runner/work/qqnews/qqnews/qq.py", line 128, in main
    for i in qq1["data"]["list"]:
             ~~~~~~~~~~~^^^^^^^^
TypeError: 'NoneType' object is not subscriptable

2025-07-06 09:08:18,878 - INFO - Total time taken: {'ret': 0, 'msg': 'success', 'data': None}
2025-07-06 09:08:18,878 - INFO - 'NoneType' object is not subscriptable
2025-07-06 09:08:18,878 - INFO - Traceback (most recent call last):
  File "/home/runner/work/qqnews/qqnews/qq.py", line 128, in main
    for i in qq1["data"]["list"]:
             ~~~~~~~~~~~^^^^^^^^
TypeError: 'NoneType' object is not subscriptable

2025-07-06 10:08:40,018 - INFO - Total time taken: {'ret': 0, 'msg': 'success', 'data': None}
2025-07-06 10:08:40,018 - INFO - 'NoneType' object is not subscriptable
2025-07-06 10:08:40,018 - INFO - Traceback (most recent call last):
  File "/home/runner/work/qqnews/qqnews/qq.py", line 128, in main
    for i in qq1["data"]["list"]:
             ~~~~~~~~~~~^^^^^^^^
TypeError: 'NoneType' object is not subscriptable

2025-07-06 11:01:14,377 - INFO - Total time taken: {'ret': 0, 'msg': 'success', 'data': None}
2025-07-06 11:01:14,377 - INFO - 'NoneType' object is not subscriptable
2025-07-06 11:01:14,378 - INFO - Traceback (most recent call last):
  File "/home/runner/work/qqnews/qqnews/qq.py", line 128, in main
    for i in qq1["data"]["list"]:
             ~~~~~~~~~~~^^^^^^^^
TypeError: 'NoneType' object is not subscriptable

2025-07-06 12:14:16,509 - INFO - Total time taken: {'ret': 0, 'msg': 'success', 'data': None}
2025-07-06 12:14:16,509 - INFO - 'NoneType' object is not subscriptable
2025-07-06 12:14:16,510 - INFO - Traceback (most recent call last):
  File "/home/runner/work/qqnews/qqnews/qq.py", line 128, in main
    for i in qq1["data"]["list"]:
             ~~~~~~~~~~~^^^^^^^^
TypeError: 'NoneType' object is not subscriptable

2025-07-06 13:19:55,722 - INFO - Total time taken: {'ret': 0, 'msg': 'success', 'data': None}
2025-07-06 13:19:55,722 - INFO - 'NoneType' object is not subscriptable
2025-07-06 13:19:55,723 - INFO - Traceback (most recent call last):
  File "/home/runner/work/qqnews/qqnews/qq.py", line 128, in main
    for i in qq1["data"]["list"]:
             ~~~~~~~~~~~^^^^^^^^
TypeError: 'NoneType' object is not subscriptable

2025-07-06 14:01:21,681 - INFO - Total time taken: {'ret': 0, 'msg': 'success', 'data': None}
2025-07-06 14:01:21,681 - INFO - 'NoneType' object is not subscriptable
2025-07-06 14:01:21,682 - INFO - Traceback (most recent call last):
  File "/home/runner/work/qqnews/qqnews/qq.py", line 128, in main
    for i in qq1["data"]["list"]:
             ~~~~~~~~~~~^^^^^^^^
TypeError: 'NoneType' object is not subscriptable

2025-07-06 15:01:25,140 - INFO - Total time taken: {'ret': 0, 'msg': 'success', 'data': None}
2025-07-06 15:01:25,140 - INFO - 'NoneType' object is not subscriptable
2025-07-06 15:01:25,141 - INFO - Traceback (most recent call last):
  File "/home/runner/work/qqnews/qqnews/qq.py", line 128, in main
    for i in qq1["data"]["list"]:
             ~~~~~~~~~~~^^^^^^^^
TypeError: 'NoneType' object is not subscriptable

2025-07-06 16:09:02,480 - INFO - Total time taken: {'ret': 0, 'msg': 'success', 'data': None}
2025-07-06 16:09:02,480 - INFO - 'NoneType' object is not subscriptable
2025-07-06 16:09:02,481 - INFO - Traceback (most recent call last):
  File "/home/runner/work/qqnews/qqnews/qq.py", line 128, in main
    for i in qq1["data"]["list"]:
             ~~~~~~~~~~~^^^^^^^^
TypeError: 'NoneType' object is not subscriptable

2025-07-06 17:01:20,508 - INFO - Total time taken: {'ret': 0, 'msg': 'success', 'data': None}
2025-07-06 17:01:20,508 - INFO - 'NoneType' object is not subscriptable
2025-07-06 17:01:20,508 - INFO - Traceback (most recent call last):
  File "/home/runner/work/qqnews/qqnews/qq.py", line 128, in main
    for i in qq1["data"]["list"]:
             ~~~~~~~~~~~^^^^^^^^
TypeError: 'NoneType' object is not subscriptable

2025-07-06 18:10:46,988 - INFO - Total time taken: {'ret': 0, 'msg': 'success', 'data': None}
2025-07-06 18:10:46,988 - INFO - 'NoneType' object is not subscriptable
2025-07-06 18:10:46,989 - INFO - Traceback (most recent call last):
  File "/home/runner/work/qqnews/qqnews/qq.py", line 128, in main
    for i in qq1["data"]["list"]:
             ~~~~~~~~~~~^^^^^^^^
TypeError: 'NoneType' object is not subscriptable

2025-07-06 19:01:19,177 - INFO - Total time taken: {'ret': 0, 'msg': 'success', 'data': None}
2025-07-06 19:01:19,177 - INFO - 'NoneType' object is not subscriptable
2025-07-06 19:01:19,178 - INFO - Traceback (most recent call last):
  File "/home/runner/work/qqnews/qqnews/qq.py", line 128, in main
    for i in qq1["data"]["list"]:
             ~~~~~~~~~~~^^^^^^^^
TypeError: 'NoneType' object is not subscriptable

2025-07-06 20:09:11,421 - INFO - Total time taken: {'ret': 0, 'msg': 'success', 'data': None}
2025-07-06 20:09:11,421 - INFO - 'NoneType' object is not subscriptable
2025-07-06 20:09:11,422 - INFO - Traceback (most recent call last):
  File "/home/runner/work/qqnews/qqnews/qq.py", line 128, in main
    for i in qq1["data"]["list"]:
             ~~~~~~~~~~~^^^^^^^^
TypeError: 'NoneType' object is not subscriptable

2025-07-06 21:07:35,198 - INFO - Total time taken: {'ret': 0, 'msg': 'success', 'data': None}
2025-07-06 21:07:35,198 - INFO - 'NoneType' object is not subscriptable
2025-07-06 21:07:35,199 - INFO - Traceback (most recent call last):
  File "/home/runner/work/qqnews/qqnews/qq.py", line 128, in main
    for i in qq1["data"]["list"]:
             ~~~~~~~~~~~^^^^^^^^
TypeError: 'NoneType' object is not subscriptable

2025-07-06 22:08:19,061 - INFO - Total time taken: {'ret': 0, 'msg': 'success', 'data': None}
2025-07-06 22:08:19,061 - INFO - 'NoneType' object is not subscriptable
2025-07-06 22:08:19,062 - INFO - Traceback (most recent call last):
  File "/home/runner/work/qqnews/qqnews/qq.py", line 128, in main
    for i in qq1["data"]["list"]:
             ~~~~~~~~~~~^^^^^^^^
TypeError: 'NoneType' object is not subscriptable

