2025-11-24 00:44:33,697 - INFO - Total time taken: {'ret': 0, 'msg': 'success', 'data': None}
2025-11-24 00:44:33,697 - INFO - 'NoneType' object is not subscriptable
2025-11-24 00:44:33,698 - INFO - Traceback (most recent call last):
  File "/home/runner/work/qqnews/qqnews/qq.py", line 128, in main
    for i in qq1["data"]["list"]:
             ~~~~~~~~~~~^^^^^^^^
TypeError: 'NoneType' object is not subscriptable

2025-11-24 02:45:44,427 - INFO - Total time taken: {'ret': 0, 'msg': 'success', 'data': None}
2025-11-24 02:45:44,427 - INFO - 'NoneType' object is not subscriptable
2025-11-24 02:45:44,428 - INFO - Traceback (most recent call last):
  File "/home/runner/work/qqnews/qqnews/qq.py", line 128, in main
    for i in qq1["data"]["list"]:
             ~~~~~~~~~~~^^^^^^^^
TypeError: 'NoneType' object is not subscriptable

2025-11-24 03:49:56,589 - INFO - Total time taken: {'ret': 0, 'msg': 'success', 'data': None}
2025-11-24 03:49:56,589 - INFO - 'NoneType' object is not subscriptable
2025-11-24 03:49:56,590 - INFO - Traceback (most recent call last):
  File "/home/runner/work/qqnews/qqnews/qq.py", line 128, in main
    for i in qq1["data"]["list"]:
             ~~~~~~~~~~~^^^^^^^^
TypeError: 'NoneType' object is not subscriptable

2025-11-24 04:23:36,506 - INFO - Total time taken: {'ret': 0, 'msg': 'success', 'data': None}
2025-11-24 04:23:36,507 - INFO - 'NoneType' object is not subscriptable
2025-11-24 04:23:36,507 - INFO - Traceback (most recent call last):
  File "/home/runner/work/qqnews/qqnews/qq.py", line 128, in main
    for i in qq1["data"]["list"]:
             ~~~~~~~~~~~^^^^^^^^
TypeError: 'NoneType' object is not subscriptable

2025-11-24 05:11:32,420 - INFO - Total time taken: {'ret': 0, 'msg': 'success', 'data': None}
2025-11-24 05:11:32,420 - INFO - 'NoneType' object is not subscriptable
2025-11-24 05:11:32,420 - INFO - Traceback (most recent call last):
  File "/home/runner/work/qqnews/qqnews/qq.py", line 128, in main
    for i in qq1["data"]["list"]:
             ~~~~~~~~~~~^^^^^^^^
TypeError: 'NoneType' object is not subscriptable

2025-11-24 06:14:54,012 - INFO - Total time taken: {'ret': 0, 'msg': 'success', 'data': None}
2025-11-24 06:14:54,012 - INFO - 'NoneType' object is not subscriptable
2025-11-24 06:14:54,013 - INFO - Traceback (most recent call last):
  File "/home/runner/work/qqnews/qqnews/qq.py", line 128, in main
    for i in qq1["data"]["list"]:
             ~~~~~~~~~~~^^^^^^^^
TypeError: 'NoneType' object is not subscriptable

2025-11-24 07:01:25,948 - INFO - Total time taken: {'ret': 0, 'msg': 'success', 'data': None}
2025-11-24 07:01:25,948 - INFO - 'NoneType' object is not subscriptable
2025-11-24 07:01:25,948 - INFO - Traceback (most recent call last):
  File "/home/runner/work/qqnews/qqnews/qq.py", line 128, in main
    for i in qq1["data"]["list"]:
             ~~~~~~~~~~~^^^^^^^^
TypeError: 'NoneType' object is not subscriptable

2025-11-24 08:14:08,419 - INFO - Total time taken: {'ret': 0, 'msg': 'success', 'data': None}
2025-11-24 08:14:08,420 - INFO - 'NoneType' object is not subscriptable
2025-11-24 08:14:08,420 - INFO - Traceback (most recent call last):
  File "/home/runner/work/qqnews/qqnews/qq.py", line 128, in main
    for i in qq1["data"]["list"]:
             ~~~~~~~~~~~^^^^^^^^
TypeError: 'NoneType' object is not subscriptable

2025-11-24 09:13:04,744 - INFO - Total time taken: {'ret': 0, 'msg': 'success', 'data': None}
2025-11-24 09:13:04,744 - INFO - 'NoneType' object is not subscriptable
2025-11-24 09:13:04,745 - INFO - Traceback (most recent call last):
  File "/home/runner/work/qqnews/qqnews/qq.py", line 128, in main
    for i in qq1["data"]["list"]:
             ~~~~~~~~~~~^^^^^^^^
TypeError: 'NoneType' object is not subscriptable

2025-11-24 10:01:17,908 - INFO - Total time taken: {'ret': 0, 'msg': 'success', 'data': None}
2025-11-24 10:01:17,908 - INFO - 'NoneType' object is not subscriptable
2025-11-24 10:01:17,909 - INFO - Traceback (most recent call last):
  File "/home/runner/work/qqnews/qqnews/qq.py", line 128, in main
    for i in qq1["data"]["list"]:
             ~~~~~~~~~~~^^^^^^^^
TypeError: 'NoneType' object is not subscriptable

2025-11-24 11:01:22,714 - INFO - Total time taken: {'ret': 0, 'msg': 'success', 'data': None}
2025-11-24 11:01:22,714 - INFO - 'NoneType' object is not subscriptable
2025-11-24 11:01:22,714 - INFO - Traceback (most recent call last):
  File "/home/runner/work/qqnews/qqnews/qq.py", line 128, in main
    for i in qq1["data"]["list"]:
             ~~~~~~~~~~~^^^^^^^^
TypeError: 'NoneType' object is not subscriptable

2025-11-24 12:16:53,507 - INFO - Total time taken: {'ret': 0, 'msg': 'success', 'data': None}
2025-11-24 12:16:53,507 - INFO - 'NoneType' object is not subscriptable
2025-11-24 12:16:53,507 - INFO - Traceback (most recent call last):
  File "/home/runner/work/qqnews/qqnews/qq.py", line 128, in main
    for i in qq1["data"]["list"]:
             ~~~~~~~~~~~^^^^^^^^
TypeError: 'NoneType' object is not subscriptable

2025-11-24 13:25:55,294 - INFO - Total time taken: {'ret': 0, 'msg': 'success', 'data': None}
2025-11-24 13:25:55,295 - INFO - 'NoneType' object is not subscriptable
2025-11-24 13:25:55,295 - INFO - Traceback (most recent call last):
  File "/home/runner/work/qqnews/qqnews/qq.py", line 128, in main
    for i in qq1["data"]["list"]:
             ~~~~~~~~~~~^^^^^^^^
TypeError: 'NoneType' object is not subscriptable

2025-11-24 14:01:35,629 - INFO - Total time taken: {'ret': 0, 'msg': 'success', 'data': None}
2025-11-24 14:01:35,630 - INFO - 'NoneType' object is not subscriptable
2025-11-24 14:01:35,630 - INFO - Traceback (most recent call last):
  File "/home/runner/work/qqnews/qqnews/qq.py", line 128, in main
    for i in qq1["data"]["list"]:
             ~~~~~~~~~~~^^^^^^^^
TypeError: 'NoneType' object is not subscriptable

2025-11-24 15:01:36,528 - INFO - Total time taken: {'ret': 0, 'msg': 'success', 'data': None}
2025-11-24 15:01:36,528 - INFO - 'NoneType' object is not subscriptable
2025-11-24 15:01:36,528 - INFO - Traceback (most recent call last):
  File "/home/runner/work/qqnews/qqnews/qq.py", line 128, in main
    for i in qq1["data"]["list"]:
             ~~~~~~~~~~~^^^^^^^^
TypeError: 'NoneType' object is not subscriptable

2025-11-24 16:01:35,102 - INFO - Total time taken: {'ret': 0, 'msg': 'success', 'data': None}
2025-11-24 16:01:35,103 - INFO - 'NoneType' object is not subscriptable
2025-11-24 16:01:35,103 - INFO - Traceback (most recent call last):
  File "/home/runner/work/qqnews/qqnews/qq.py", line 128, in main
    for i in qq1["data"]["list"]:
             ~~~~~~~~~~~^^^^^^^^
TypeError: 'NoneType' object is not subscriptable

2025-11-24 17:01:26,108 - INFO - Total time taken: {'ret': 0, 'msg': 'success', 'data': None}
2025-11-24 17:01:26,108 - INFO - 'NoneType' object is not subscriptable
2025-11-24 17:01:26,108 - INFO - Traceback (most recent call last):
  File "/home/runner/work/qqnews/qqnews/qq.py", line 128, in main
    for i in qq1["data"]["list"]:
             ~~~~~~~~~~~^^^^^^^^
TypeError: 'NoneType' object is not subscriptable

