2026-04-05 01:08:08,560 - INFO - Total time taken: {'ret': 0, 'msg': 'success', 'data': None}
2026-04-05 01:08:08,560 - INFO - 'NoneType' object is not subscriptable
2026-04-05 01:08:08,560 - INFO - Traceback (most recent call last):
  File "/home/runner/work/qqnews/qqnews/qq.py", line 128, in main
    for i in qq1["data"]["list"]:
             ~~~~~~~~~~~^^^^^^^^
TypeError: 'NoneType' object is not subscriptable

2026-04-05 04:24:58,774 - INFO - Total time taken: {'ret': 0, 'msg': 'success', 'data': None}
2026-04-05 04:24:58,774 - INFO - 'NoneType' object is not subscriptable
2026-04-05 04:24:58,775 - INFO - Traceback (most recent call last):
  File "/home/runner/work/qqnews/qqnews/qq.py", line 128, in main
    for i in qq1["data"]["list"]:
             ~~~~~~~~~~~^^^^^^^^
TypeError: 'NoneType' object is not subscriptable

2026-04-05 06:06:37,519 - INFO - Total time taken: {'ret': 0, 'msg': 'success', 'data': None}
2026-04-05 06:06:37,520 - INFO - 'NoneType' object is not subscriptable
2026-04-05 06:06:37,520 - INFO - Traceback (most recent call last):
  File "/home/runner/work/qqnews/qqnews/qq.py", line 128, in main
    for i in qq1["data"]["list"]:
             ~~~~~~~~~~~^^^^^^^^
TypeError: 'NoneType' object is not subscriptable

2026-04-05 07:45:09,634 - INFO - Total time taken: {'ret': 0, 'msg': 'success', 'data': None}
2026-04-05 07:45:09,634 - INFO - 'NoneType' object is not subscriptable
2026-04-05 07:45:09,634 - INFO - Traceback (most recent call last):
  File "/home/runner/work/qqnews/qqnews/qq.py", line 128, in main
    for i in qq1["data"]["list"]:
             ~~~~~~~~~~~^^^^^^^^
TypeError: 'NoneType' object is not subscriptable

2026-04-05 08:29:10,899 - INFO - Total time taken: {'ret': 0, 'msg': 'success', 'data': None}
2026-04-05 08:29:10,899 - INFO - 'NoneType' object is not subscriptable
2026-04-05 08:29:10,900 - INFO - Traceback (most recent call last):
  File "/home/runner/work/qqnews/qqnews/qq.py", line 128, in main
    for i in qq1["data"]["list"]:
             ~~~~~~~~~~~^^^^^^^^
TypeError: 'NoneType' object is not subscriptable

