2024-10-08 00:33:52,367 - INFO - EXPIRED
俄三防部队司令：乌军使用化学武器攻击俄军 西方提供支持
https://new.qq.com/rain/a/20241007A05X3F00

2024-10-08 00:33:52,367 - INFO - EXPIRED
济南街头多名摩托车手深夜“炸街”飙车放烟花，警方：现场实施了抓捕行动
https://new.qq.com/rain/a/20241007A0601U00

2024-10-08 00:33:52,367 - INFO - EXPIRED
数十辆车轮胎在高速被扎成“刺猬”，高速开车怎么发现车胎被扎？发现后怎么办？
https://view.inews.qq.com/a/20241007Q06J5F00

2024-10-08 00:33:52,367 - INFO - EXPIRED
“专挑软柿子捏，只知道指责中国”，美国贸易代表戴琪挨批
https://new.qq.com/rain/a/20241007A076LY00

2024-10-08 00:33:52,367 - INFO - EXPIRED
拐走12个家庭的17个孩子，人贩子余华英本周将再次受审
https://new.qq.com/rain/a/20241007A05EWF00

2024-10-08 00:33:52,367 - INFO - EXPIRED
女子孕期被要求调岗、月薪缩水3000元，拒绝后被辞退，公司回应
https://new.qq.com/rain/a/20241007A07EBZ00

2024-10-08 00:33:52,367 - INFO - EXPIRED
撬门锁拔监控，为躲清山藏树林，多名游客被终身禁入四川稻城亚丁景区
https://new.qq.com/rain/a/20241007A074UU00

2024-10-08 00:33:52,367 - INFO - EXPIRED
冰岛“都是自己人”、埃菲尔铁塔前站满中国游客，熟悉的感觉回来了
https://new.qq.com/rain/a/20241007A05U7R00

2024-10-08 00:33:52,367 - INFO - EXPIRED
神秘的哀牢山里究竟有什么？监控记录16小时拍到山里的“居民们”
https://new.qq.com/rain/a/20241007V04PXW00

2024-10-08 00:33:52,367 - INFO - EXPIRED
股价大涨，上市公司股东“扎堆”减持，这些A股突发减持公告
https://new.qq.com/rain/a/20241007A07DMG00

2024-10-08 00:33:52,367 - INFO - EXPIRED
司法部原部长、原候补中央委员唐一军，国庆长假最后一天被“双开”
https://new.qq.com/rain/a/20241007A06NWM00

2024-10-08 00:33:52,367 - INFO - EXPIRED
事发两个月后，印度女实习医生遭奸杀案唯一嫌疑人被正式提控
https://new.qq.com/rain/a/20241007A07LXE00

2024-10-08 00:33:52,367 - INFO - EXPIRED
新一轮巴以冲突一周年，会像俄乌一样陷入漫长对峙吗？谁会先倒下？
https://view.inews.qq.com/a/20241007Q03KKQ00

2024-10-08 00:33:52,367 - INFO - EXPIRED
东北雨姐删除道歉视频，账号七天未更新，网友称拍摄基地已人去房空
https://new.qq.com/rain/a/20241007A05FS700

2024-10-08 00:33:52,367 - INFO - EXPIRED
韩国总统时隔13年访菲谈及南海，菲学者炒作“对抗中国”
https://new.qq.com/rain/a/20241007A073GM00

2024-10-08 00:33:52,367 - INFO - EXPIRED
旅客称在昆明长水机场海关被一“民警”私下索要100元，警方回应
https://new.qq.com/rain/a/20241007V05WEG00

2024-10-08 00:33:52,367 - INFO - EXPIRED
两人因发现微RNA分享诺贝尔生理学或医学奖，这成果有多牛？对普通人有什么影响？
https://view.inews.qq.com/a/20241007Q05Q9200

2024-10-08 00:33:52,367 - INFO - EXPIRED
专家：10月份的全国人大常委会会议将是观察财政增量政策的时间窗口
https://new.qq.com/rain/a/20241007A06OWK00

2024-10-08 00:33:52,367 - INFO - EXPIRED
覃海洋工作室发声：嫖娼等相关不实言论恶意中伤诋毁，必要时将报案
https://new.qq.com/rain/a/20241007A05XES00

2024-10-08 00:33:52,367 - INFO - EXPIRED
中资企业车队在巴基斯坦遭恐怖袭击，致中方人员2死1伤，外交部回应
https://new.qq.com/rain/a/20241007A068RC00

2024-10-08 00:33:52,367 - INFO - EXPIRED
假期有同学办完婚礼累到不想说话，还有人干脆不办酒席，现在年轻人还流行办婚礼吗？
https://view.inews.qq.com/a/20240926Q06PHM00

2024-10-08 00:33:52,367 - INFO - EXPIRED
又一世界级超级工程，来了
https://new.qq.com/rain/a/20241007A04F1900

2024-10-08 00:33:52,367 - INFO - EXPIRED
安徽阜阳颍州区：环卫工人、快递员、外卖员等购买新房，全额补助契税
https://new.qq.com/rain/a/20241007A04RJB00

2024-10-08 00:33:52,367 - INFO - EXPIRED
以防长警告伊朗若伤害以色列，可能变成加沙，以色列这么牛？伊朗会怕他吗？
https://view.inews.qq.com/a/20241007Q02U1W00

2024-10-08 00:33:52,367 - INFO - EXPIRED
中企车队在巴基斯坦遭恐袭，致中方人员2死1伤，巴基斯坦总理强烈谴责
https://new.qq.com/rain/a/20241007A03QCE00

2024-10-08 00:33:52,367 - INFO - EXPIRED
男子花20万买二手小米SU7，回家后遭原车主远程锁车
https://new.qq.com/rain/a/20241007A03L1J00

2024-10-08 00:33:52,367 - INFO - EXPIRED
郭广昌：股票上涨财富效应带来的消费意愿提升会逐渐反应到经济中去
https://new.qq.com/rain/a/20241007A04ELE00

2024-10-08 00:33:52,367 - INFO - EXPIRED
新郎将18万彩礼转到新娘账户，娘家人阻拦婚车被报警，问题出在哪？彩礼应该打给谁？
https://view.inews.qq.com/a/20241007Q02FX500

2024-10-08 00:33:52,367 - INFO - EXPIRED
以色列发生恐袭案，19岁女警身亡，凶手亲戚9年前在同一地点制造血案
https://new.qq.com/rain/a/20241007A01E4100

2024-10-08 00:33:52,367 - INFO - EXPIRED
浙江宁波一电动汽车冲进医院急诊大厅？医院：司机操作失误，无伤亡
https://new.qq.com/rain/a/20241007A0417M00

2024-10-08 00:33:52,367 - INFO - EXPIRED
印尼媒体警告石破茂：不要自取其辱，东盟不感兴趣
https://new.qq.com/rain/a/20241006A06FFB00

2024-10-08 00:33:52,367 - INFO - EXPIRED
分歧加深？外媒：美副总统哈里斯拒绝回答“内塔尼亚胡是否是真正的亲密盟友”
https://new.qq.com/rain/a/20241007A01RTU00

2024-10-08 00:33:52,367 - INFO - EXPIRED
山东两女幼师出租屋遇害案将开庭，死者父亲：上次因嫌犯情绪问题休庭
https://new.qq.com/rain/a/20241007A01UZJ00

2024-10-08 00:33:52,367 - INFO - EXPIRED
印媒：印拟向全球推广“印度制造”
https://new.qq.com/rain/a/20241006A062TH00

2024-10-08 00:33:52,367 - INFO - EXPIRED
俄国防部公布视频！俄军用“柳叶刀”巡飞弹摧毁乌军自行火炮
https://new.qq.com/rain/a/20241007A01PR300

2024-10-08 00:33:52,367 - INFO - EXPIRED
新一轮巴以冲突一周年，以色列、哈马斯各自赞许己方“战果”
https://new.qq.com/rain/a/20241007A02XQ700

2024-10-08 00:33:52,367 - INFO - EXPIRED
青海西宁某商务宾馆辱骂游客？官方：辞退涉事员工，出具书面道歉信
https://new.qq.com/rain/a/20241007A00ZEX00

2024-10-08 00:33:52,367 - INFO - EXPIRED
3名未成年人被控涉嫌谋划在德国恐袭，检方：3人受“伊斯兰国”影响
https://new.qq.com/rain/a/20241006A06NHS00

2024-10-08 00:33:52,367 - INFO - EXPIRED
河南淮滨一​新郎接亲被加要18万彩礼，新娘家人阻拦婚车？官方通报
https://new.qq.com/rain/a/20241007A0185700

2024-10-08 00:33:52,367 - INFO - EXPIRED
亏损裁员、订单流失，欧洲动力电池“全村的希望”深陷困境
https://new.qq.com/rain/a/20241007A00ZQS00

2024-10-08 00:33:52,367 - INFO - EXPIRED
工作多年，我在好几个城市打工，等我退休后我在哪里领养老金？这事儿需要规划下吗？
https://view.inews.qq.com/a/20240930Q02DKP00

2024-10-08 00:33:52,367 - INFO - EXPIRED
河南一医院有老鼠在病房“飞檐走壁”？医院：已堵住老鼠洞并加强消杀
https://new.qq.com/rain/a/20241007A01QOV00

2024-10-08 00:33:52,368 - INFO - EXPIRED
中国驻巴基斯坦使馆关于卡西姆港发电有限公司车队遭遇恐怖袭击的声明
https://new.qq.com/rain/a/20241007A00U3Q00

2024-10-08 00:33:52,368 - INFO - EXPIRED
9月末我国外汇储备规模为33164亿美元 环比上升282亿美元
https://new.qq.com/rain/a/20241007A023CE00

2024-10-08 00:33:52,368 - INFO - EXPIRED
巴以冲突爆发一周年，是时候算算经济账了
https://new.qq.com/rain/a/20241007A025MA00

2024-10-08 00:33:52,368 - INFO - EXPIRED
巴以冲突一年致4.2万巴勒斯坦人丧生，全球多地爆发反战游行
https://new.qq.com/rain/a/20241007A007Y200

2024-10-08 00:33:52,368 - INFO - EXPIRED
奥运金牌和诺奖金牌都是金牌，哪个黄金的含量更高？
https://view.inews.qq.com/a/20241005Q06L5O00

2024-10-08 00:33:52,368 - INFO - EXPIRED
“我都这把年纪了，要我死？”菲律宾前总统杜特尔特否认竞选参议员
https://new.qq.com/rain/a/20241006A04YSV00

2024-10-08 00:33:52,368 - INFO - EXPIRED
新一轮巴以冲突一周年：冲突前后加沙城对比画面，街道变为废墟
https://new.qq.com/rain/a/20241007V00WR200

2024-10-08 00:33:52,368 - INFO - EXPIRED
中国游客亲历泰国清迈洪灾：坐军用皮卡从酒店撤离，洪水没到大腿根
https://new.qq.com/rain/a/20241006A06ZI100

2024-10-08 00:33:52,368 - INFO - EXPIRED
美国要退役国际空间站？几年内太空中或将再没有NASA宇航员
https://new.qq.com/rain/a/20241007A00XF900

2024-10-08 00:33:52,368 - INFO - EXPIRED
“轰一声山垮了” 贵州桐梓山体塌方一女孩失联 目击者：土石覆盖公路
https://new.qq.com/rain/a/20241006V06LJI00

2024-10-08 00:33:52,368 - INFO - EXPIRED
擅自进入未开发区域并毁坏物资，四川稻城亚丁景区通报：8人终身禁入
https://new.qq.com/rain/a/20241006A0703600

2024-10-08 00:33:52,368 - INFO - EXPIRED
庐山景区泡面开水收费5元？景区：游客未支付，将增加免费热水供应点
https://new.qq.com/rain/a/20241006A077AU00

2024-10-08 00:33:52,368 - INFO - EXPIRED
欠债400万，中国“淘金客”在非洲“翻盘”
https://new.qq.com/rain/a/20241006A06CJF00

2024-10-08 00:33:52,368 - INFO - EXPIRED
印度与美国签协议加强电池关键矿物供应链，还将拉第三国入伙
https://new.qq.com/rain/a/20241006A06HB800

2024-10-08 00:33:52,368 - INFO - EXPIRED
知名歌手将沔阳读成丐阳，自嘲没文化，你还知道哪些生僻地名？背后有什么故事？
https://view.inews.qq.com/a/20241006Q05RD600

2024-10-08 00:33:52,368 - INFO - EXPIRED
以色列贝尔谢巴中央汽车站疑似发生恐怖袭击 已致一人死亡
https://new.qq.com/rain/a/20241006A06EZC00

2024-10-08 00:33:52,368 - INFO - EXPIRED
新一轮巴以冲突爆发一周年，内塔尼亚胡：以色列正在7条战线上作战
https://new.qq.com/rain/a/20241006A05G3600

2024-10-08 00:33:52,368 - INFO - EXPIRED
河南一新郎接亲被加要18万彩礼婚车被拦，乡政府：有人冒名发布情况说明，已报警
https://new.qq.com/rain/a/20241006A063P800

2024-10-08 00:33:52,368 - INFO - EXPIRED
向松祚：不要错误解读人民银行的货币政策工具
https://new.qq.com/rain/a/20241006A066PL00

2024-10-08 00:33:52,368 - INFO - EXPIRED
马龙赛后采访：恭喜林诗栋夺冠 输掉决赛对我来说不是失败 
https://new.qq.com/rain/a/20241006V06MK700

2024-10-08 00:33:52,368 - INFO - EXPIRED
印度空军参谋长：空军要“遵守时间表”追赶中国
https://new.qq.com/rain/a/20241006A049IZ00

2024-10-08 00:33:52,368 - INFO - EXPIRED
日媒：日方将归还中国16只朱鹮
https://new.qq.com/rain/a/20241006A04GH800

2024-10-08 00:33:52,368 - INFO - EXPIRED
云南哀牢山突然爆火，这种原始森林深处有多凶险？如果迷路了怎么办？
https://view.inews.qq.com/a/20241006Q03HEJ00

2024-10-08 00:33:52,368 - INFO - EXPIRED
特朗普被曝曾询问普京“美国是否应向乌供武”，普京：这是个“错误”
https://new.qq.com/rain/a/20241006A04J7K00

2024-10-08 00:33:52,368 - INFO - EXPIRED
卡塔尔官员：哈马斯领导人辛瓦尔依然活着，只用笔纸交流
https://new.qq.com/rain/a/20241006A04HST00

2024-10-08 00:33:52,368 - INFO - EXPIRED
台湾海峡中部发生3.7级地震
https://new.qq.com/rain/a/20241006A04YKV00

2024-10-08 00:33:52,368 - INFO - EXPIRED
孩子从行李箱上滑落摔伤已发生多起，千万别这样“遛娃”
https://new.qq.com/rain/a/20241006A04QUP00

2024-10-08 00:33:52,368 - INFO - EXPIRED
山东菏泽鄄城警方通报：重大刑事案件69岁犯罪嫌疑人已被抓获归案
https://new.qq.com/rain/a/20241006A04HI500

2024-10-08 00:33:52,368 - INFO - EXPIRED
甘肃走失2岁女童确认遇难，警方：系溺水身亡，遗体在60公里外被发现
https://new.qq.com/rain/a/20241006A05N8L00

2024-10-08 00:33:52,368 - INFO - EXPIRED
韩最大在野党称将再次提交《金建希独检法案》，有可能通过吗？
https://view.inews.qq.com/a/20241005Q02F0C00

2024-10-08 00:33:52,368 - INFO - EXPIRED
国新办10月8日将举行新闻发布会，发改委主任及4位副主任一同出席
https://new.qq.com/rain/a/20241006A03WXD00

2024-10-08 00:33:52,368 - INFO - EXPIRED
河南一男子被困商场电梯30分钟无人管？工作人员：正确认紧急按钮问题
https://new.qq.com/rain/a/20241006A03BNJ00

2024-10-08 00:33:52,368 - INFO - EXPIRED
小车司机因错过高速出口，急刹倒车致后方三车追尾，又迅速驶离
https://new.qq.com/rain/a/20241006V01IDL00

2024-10-08 00:33:52,368 - INFO - EXPIRED
出口和工业生产强劲，越南第三季度GDP增速意外加速至7.4%
https://new.qq.com/rain/a/20241006A03VNY00

2024-10-08 00:33:52,368 - INFO - EXPIRED
飞18小时去非洲看动物大迁徙、花几十万去南极和企鹅握手……现在年轻人旅行有多会玩？
https://view.inews.qq.com/a/20240928Q08DJ500

2024-10-08 00:33:52,368 - INFO - EXPIRED
男子遗失手机向警方求助，意外找到失联6年的亲人
https://new.qq.com/rain/a/20241006A02S8500

2024-10-08 00:33:52,368 - INFO - EXPIRED
小渔村被赵丽颖带火，一年银行存款增加2.43亿，旅游对地方和个人的改变能有多大？
https://view.inews.qq.com/a/20240925Q09Z9000

2024-10-08 00:33:52,368 - INFO - EXPIRED
湖南浏阳一烟花厂库房发生爆炸 居民称震动波致自家房屋受损 当地回应
https://new.qq.com/rain/a/20241006V03GIO00

2024-10-08 00:33:52,368 - INFO - EXPIRED
突发！新西兰一艘5700吨军舰沉没
https://new.qq.com/rain/a/20241006A01LPI00

2024-10-08 00:33:52,368 - INFO - EXPIRED
美国白宫附近举行支持巴勒斯坦示威活动 一男子在现场自焚
https://new.qq.com/rain/a/20241006A01RRC00

2024-10-08 00:33:52,368 - INFO - EXPIRED
“没停车就要收费吗”，男子驾车路过小区被收穿行费，当地：闻所未闻
https://new.qq.com/rain/a/20241006A01JAO00

2024-10-08 00:33:52,368 - INFO - EXPIRED
借用及出借证券期货账户，超级牛散王孝安、方士雄遭证监会顶格处罚
https://new.qq.com/rain/a/20241006A025NY00

2024-10-08 00:33:52,368 - INFO - EXPIRED
有员工卡里突然多了十余万，比亚迪：发放利润奖
https://new.qq.com/rain/a/20241006A01LN500

2024-10-08 00:33:52,368 - INFO - EXPIRED
韩媒：韩国前总统文在寅女儿因涉酒驾被立案
https://new.qq.com/rain/a/20241006A038X400

2024-10-08 00:33:52,368 - INFO - EXPIRED
我的养老保险怎么缴，退休能领更多钱？
https://view.inews.qq.com/a/20240927Q02UC000

2024-10-08 00:33:52,368 - INFO - EXPIRED
新郎接亲被索要18.8万彩礼，强行带走新娘被女方亲戚堵车，警方介入
https://new.qq.com/rain/a/20241005V05BKU00

2024-10-08 00:33:52,368 - INFO - EXPIRED
特朗普重回遭枪击地办集会：防弹玻璃环绕演讲台，马斯克登场为其站台
https://new.qq.com/rain/a/20241006V01GMT00

2024-10-08 00:33:52,368 - INFO - EXPIRED
行李托运费比机票还贵？男子起诉购票平台和航司，法院判了
https://new.qq.com/rain/a/20241005A06BGC00

2024-10-08 00:33:52,368 - INFO - EXPIRED
台媒：台风“山陀儿”造成台湾地区4死1失踪719伤
https://new.qq.com/rain/a/20241006A01HYF00

2024-10-08 00:33:52,368 - INFO - EXPIRED
中国母女斯里兰卡旅游在酒店遇入室抢劫，当地警方已展开调查 涉事酒店仍在跟团游行程安排内
https://new.qq.com/rain/a/20241005A060E600

2024-10-08 00:33:52,368 - INFO - EXPIRED
外交部发言人就美国总统拜登向习近平主席致国庆贺电答记者问
https://new.qq.com/rain/a/20241005A066G700

2024-10-08 00:33:52,368 - INFO - EXPIRED
阳台外面建阳台，贵阳一户人家装修惹怒其他业主：简直不可理喻
https://new.qq.com/rain/a/20241005A06PNE00

2024-10-08 00:33:52,368 - INFO - EXPIRED
山西爆火后，网友称去云冈石窟排队一小时看佛一分钟，这一分钟到底值不值？
https://view.inews.qq.com/a/20240925Q02YGD00

2024-10-08 00:33:52,368 - INFO - EXPIRED
德云社秦霄贤粉丝涉嫌伪造人民网文章？北京通州警方：已立案侦查
https://new.qq.com/rain/a/20241005A072T700

2024-10-08 00:33:52,368 - INFO - EXPIRED
俄军突击库拉霍沃，切断乌军一地区补给线，俄专家：乌军作战条件严峻
https://new.qq.com/rain/a/20241005A033KR00

2024-10-08 00:33:52,368 - INFO - EXPIRED
“钱塘江同志”又立功：民警从几万观潮游客中，一眼瞅到在逃嫌犯
https://new.qq.com/rain/a/20241005A05JTS00

2024-10-08 00:33:53,196 - INFO - INVALID
女子转卖父母生前处方药被判贩毒罪：发回重审后检方撤诉
https://new.qq.com/rain/a/20241008A00WWD00

2024-10-08 00:33:53,211 - INFO - INVALID
美股齐跌约1%，中概指数V型反弹，美债收益率升破4%，油价涨近4%
https://new.qq.com/rain/a/20241008A00QAG00

2024-10-08 02:12:29,761 - INFO - EXPIRED
出境未报备，给买烟钱可通融？昆明边检：外省公安在机场工作组的行为
https://new.qq.com/rain/a/20241007A05VZA00

2024-10-08 02:12:29,761 - INFO - EXPIRED
“专挑软柿子捏，只知道指责中国”，美国贸易代表戴琪挨批
https://new.qq.com/rain/a/20241007A076LY00

2024-10-08 02:12:29,761 - INFO - EXPIRED
神秘的哀牢山里究竟有什么？监控记录16小时拍到山里的“居民们”
https://new.qq.com/rain/a/20241007V04PXW00

2024-10-08 02:12:29,761 - INFO - EXPIRED
中纪委通报：前司法部长违规干预司法，纪检“内鬼”大肆敛财
https://new.qq.com/rain/a/20241007A072QQ00

2024-10-08 02:12:29,761 - INFO - EXPIRED
救护车拉警笛运送病重婴儿，轿车占应急车道不让路，交警：扣9分罚300
https://new.qq.com/rain/a/20241007V06Y5X00

2024-10-08 02:12:29,761 - INFO - EXPIRED
拐走12个家庭的17个孩子，人贩子余华英本周将再次受审
https://new.qq.com/rain/a/20241007A05EWF00

2024-10-08 02:12:29,761 - INFO - EXPIRED
女子孕期被要求调岗、月薪缩水3000元，拒绝后被辞退，公司回应
https://new.qq.com/rain/a/20241007A07EBZ00

2024-10-08 02:12:29,761 - INFO - EXPIRED
撬门锁拔监控，为躲清山藏树林，多名游客被终身禁入四川稻城亚丁景区
https://new.qq.com/rain/a/20241007A074UU00

2024-10-08 02:12:29,761 - INFO - EXPIRED
冰岛“都是自己人”、埃菲尔铁塔前站满中国游客，熟悉的感觉回来了
https://new.qq.com/rain/a/20241007A05U7R00

2024-10-08 02:12:29,761 - INFO - EXPIRED
数十辆车轮胎在高速被扎成“刺猬”，高速开车怎么发现车胎被扎？发现后怎么办？
https://view.inews.qq.com/a/20241007Q06J5F00

2024-10-08 02:12:29,761 - INFO - EXPIRED
俄三防部队司令：乌军使用化学武器攻击俄军 西方提供支持
https://new.qq.com/rain/a/20241007A05X3F00

2024-10-08 02:12:29,761 - INFO - EXPIRED
股价大涨，上市公司股东“扎堆”减持，这些A股突发减持公告
https://new.qq.com/rain/a/20241007A07DMG00

2024-10-08 02:12:29,761 - INFO - EXPIRED
济南街头多名摩托车手深夜“炸街”飙车放烟花，警方：现场实施了抓捕行动
https://new.qq.com/rain/a/20241007A0601U00

2024-10-08 02:12:29,761 - INFO - EXPIRED
司法部原部长、原候补中央委员唐一军，国庆长假最后一天被“双开”
https://new.qq.com/rain/a/20241007A06NWM00

2024-10-08 02:12:29,761 - INFO - EXPIRED
事发两个月后，印度女实习医生遭奸杀案唯一嫌疑人被正式提控
https://new.qq.com/rain/a/20241007A07LXE00

2024-10-08 02:12:29,761 - INFO - EXPIRED
新一轮巴以冲突一周年，会像俄乌一样陷入漫长对峙吗？谁会先倒下？
https://view.inews.qq.com/a/20241007Q03KKQ00

2024-10-08 02:12:29,761 - INFO - EXPIRED
东北雨姐删除道歉视频，账号七天未更新，网友称拍摄基地已人去房空
https://new.qq.com/rain/a/20241007A05FS700

2024-10-08 02:12:29,761 - INFO - EXPIRED
韩国总统时隔13年访菲谈及南海，菲学者炒作“对抗中国”
https://new.qq.com/rain/a/20241007A073GM00

2024-10-08 02:12:29,761 - INFO - EXPIRED
旅客称在昆明长水机场海关被一“民警”私下索要100元，警方回应
https://new.qq.com/rain/a/20241007V05WEG00

2024-10-08 02:12:29,761 - INFO - EXPIRED
两人因发现微RNA分享诺贝尔生理学或医学奖，这成果有多牛？对普通人有什么影响？
https://view.inews.qq.com/a/20241007Q05Q9200

2024-10-08 02:12:29,762 - INFO - EXPIRED
专家：10月份的全国人大常委会会议将是观察财政增量政策的时间窗口
https://new.qq.com/rain/a/20241007A06OWK00

2024-10-08 02:12:29,762 - INFO - EXPIRED
覃海洋工作室发声：嫖娼等相关不实言论恶意中伤诋毁，必要时将报案
https://new.qq.com/rain/a/20241007A05XES00

2024-10-08 02:12:29,762 - INFO - EXPIRED
中资企业车队在巴基斯坦遭恐怖袭击，致中方人员2死1伤，外交部回应
https://new.qq.com/rain/a/20241007A068RC00

2024-10-08 02:12:29,762 - INFO - EXPIRED
假期有同学办完婚礼累到不想说话，还有人干脆不办酒席，现在年轻人还流行办婚礼吗？
https://view.inews.qq.com/a/20240926Q06PHM00

2024-10-08 02:12:29,762 - INFO - EXPIRED
又一世界级超级工程，来了
https://new.qq.com/rain/a/20241007A04F1900

2024-10-08 02:12:29,762 - INFO - EXPIRED
安徽阜阳颍州区：环卫工人、快递员、外卖员等购买新房，全额补助契税
https://new.qq.com/rain/a/20241007A04RJB00

2024-10-08 02:12:29,762 - INFO - EXPIRED
以防长警告伊朗若伤害以色列，可能变成加沙，以色列这么牛？伊朗会怕他吗？
https://view.inews.qq.com/a/20241007Q02U1W00

2024-10-08 02:12:29,762 - INFO - EXPIRED
中企车队在巴基斯坦遭恐袭，致中方人员2死1伤，巴基斯坦总理强烈谴责
https://new.qq.com/rain/a/20241007A03QCE00

2024-10-08 02:12:29,762 - INFO - EXPIRED
男子花20万买二手小米SU7，回家后遭原车主远程锁车
https://new.qq.com/rain/a/20241007A03L1J00

2024-10-08 02:12:29,762 - INFO - EXPIRED
郭广昌：股票上涨财富效应带来的消费意愿提升会逐渐反应到经济中去
https://new.qq.com/rain/a/20241007A04ELE00

2024-10-08 02:12:29,762 - INFO - EXPIRED
新郎将18万彩礼转到新娘账户，娘家人阻拦婚车被报警，问题出在哪？彩礼应该打给谁？
https://view.inews.qq.com/a/20241007Q02FX500

2024-10-08 02:12:29,762 - INFO - EXPIRED
以色列发生恐袭案，19岁女警身亡，凶手亲戚9年前在同一地点制造血案
https://new.qq.com/rain/a/20241007A01E4100

2024-10-08 02:12:29,762 - INFO - EXPIRED
浙江宁波一电动汽车冲进医院急诊大厅？医院：司机操作失误，无伤亡
https://new.qq.com/rain/a/20241007A0417M00

2024-10-08 02:12:29,762 - INFO - EXPIRED
印尼媒体警告石破茂：不要自取其辱，东盟不感兴趣
https://new.qq.com/rain/a/20241006A06FFB00

2024-10-08 02:12:29,762 - INFO - EXPIRED
分歧加深？外媒：美副总统哈里斯拒绝回答“内塔尼亚胡是否是真正的亲密盟友”
https://new.qq.com/rain/a/20241007A01RTU00

2024-10-08 02:12:29,762 - INFO - EXPIRED
山东两女幼师出租屋遇害案将开庭，死者父亲：上次因嫌犯情绪问题休庭
https://new.qq.com/rain/a/20241007A01UZJ00

2024-10-08 02:12:29,762 - INFO - EXPIRED
印媒：印拟向全球推广“印度制造”
https://new.qq.com/rain/a/20241006A062TH00

2024-10-08 02:12:29,762 - INFO - EXPIRED
俄国防部公布视频！俄军用“柳叶刀”巡飞弹摧毁乌军自行火炮
https://new.qq.com/rain/a/20241007A01PR300

2024-10-08 02:12:29,762 - INFO - EXPIRED
新一轮巴以冲突一周年，以色列、哈马斯各自赞许己方“战果”
https://new.qq.com/rain/a/20241007A02XQ700

2024-10-08 02:12:29,762 - INFO - EXPIRED
青海西宁某商务宾馆辱骂游客？官方：辞退涉事员工，出具书面道歉信
https://new.qq.com/rain/a/20241007A00ZEX00

2024-10-08 02:12:29,762 - INFO - EXPIRED
3名未成年人被控涉嫌谋划在德国恐袭，检方：3人受“伊斯兰国”影响
https://new.qq.com/rain/a/20241006A06NHS00

2024-10-08 02:12:29,762 - INFO - EXPIRED
河南淮滨一​新郎接亲被加要18万彩礼，新娘家人阻拦婚车？官方通报
https://new.qq.com/rain/a/20241007A0185700

2024-10-08 02:12:29,762 - INFO - EXPIRED
亏损裁员、订单流失，欧洲动力电池“全村的希望”深陷困境
https://new.qq.com/rain/a/20241007A00ZQS00

2024-10-08 02:12:29,762 - INFO - EXPIRED
工作多年，我在好几个城市打工，等我退休后我在哪里领养老金？这事儿需要规划下吗？
https://view.inews.qq.com/a/20240930Q02DKP00

2024-10-08 02:12:29,762 - INFO - EXPIRED
河南一医院有老鼠在病房“飞檐走壁”？医院：已堵住老鼠洞并加强消杀
https://new.qq.com/rain/a/20241007A01QOV00

2024-10-08 02:12:29,762 - INFO - EXPIRED
中国驻巴基斯坦使馆关于卡西姆港发电有限公司车队遭遇恐怖袭击的声明
https://new.qq.com/rain/a/20241007A00U3Q00

2024-10-08 02:12:29,762 - INFO - EXPIRED
9月末我国外汇储备规模为33164亿美元 环比上升282亿美元
https://new.qq.com/rain/a/20241007A023CE00

2024-10-08 02:12:29,762 - INFO - EXPIRED
巴以冲突爆发一周年，是时候算算经济账了
https://new.qq.com/rain/a/20241007A025MA00

2024-10-08 02:12:29,762 - INFO - EXPIRED
巴以冲突一年致4.2万巴勒斯坦人丧生，全球多地爆发反战游行
https://new.qq.com/rain/a/20241007A007Y200

2024-10-08 02:12:29,762 - INFO - EXPIRED
奥运金牌和诺奖金牌都是金牌，哪个黄金的含量更高？
https://view.inews.qq.com/a/20241005Q06L5O00

2024-10-08 02:12:29,762 - INFO - EXPIRED
“我都这把年纪了，要我死？”菲律宾前总统杜特尔特否认竞选参议员
https://new.qq.com/rain/a/20241006A04YSV00

2024-10-08 02:12:29,762 - INFO - EXPIRED
新一轮巴以冲突一周年：冲突前后加沙城对比画面，街道变为废墟
https://new.qq.com/rain/a/20241007V00WR200

2024-10-08 02:12:29,762 - INFO - EXPIRED
中国游客亲历泰国清迈洪灾：坐军用皮卡从酒店撤离，洪水没到大腿根
https://new.qq.com/rain/a/20241006A06ZI100

2024-10-08 02:12:29,762 - INFO - EXPIRED
美国要退役国际空间站？几年内太空中或将再没有NASA宇航员
https://new.qq.com/rain/a/20241007A00XF900

2024-10-08 02:12:29,762 - INFO - EXPIRED
“轰一声山垮了” 贵州桐梓山体塌方一女孩失联 目击者：土石覆盖公路
https://new.qq.com/rain/a/20241006V06LJI00

2024-10-08 02:12:29,762 - INFO - EXPIRED
擅自进入未开发区域并毁坏物资，四川稻城亚丁景区通报：8人终身禁入
https://new.qq.com/rain/a/20241006A0703600

2024-10-08 02:12:29,762 - INFO - EXPIRED
庐山景区泡面开水收费5元？景区：游客未支付，将增加免费热水供应点
https://new.qq.com/rain/a/20241006A077AU00

2024-10-08 02:12:29,762 - INFO - EXPIRED
欠债400万，中国“淘金客”在非洲“翻盘”
https://new.qq.com/rain/a/20241006A06CJF00

2024-10-08 02:12:29,762 - INFO - EXPIRED
印度与美国签协议加强电池关键矿物供应链，还将拉第三国入伙
https://new.qq.com/rain/a/20241006A06HB800

2024-10-08 02:12:29,762 - INFO - EXPIRED
知名歌手将沔阳读成丐阳，自嘲没文化，你还知道哪些生僻地名？背后有什么故事？
https://view.inews.qq.com/a/20241006Q05RD600

2024-10-08 02:12:29,762 - INFO - EXPIRED
以色列贝尔谢巴中央汽车站疑似发生恐怖袭击 已致一人死亡
https://new.qq.com/rain/a/20241006A06EZC00

2024-10-08 02:12:29,762 - INFO - EXPIRED
新一轮巴以冲突爆发一周年，内塔尼亚胡：以色列正在7条战线上作战
https://new.qq.com/rain/a/20241006A05G3600

2024-10-08 02:12:29,762 - INFO - EXPIRED
河南一新郎接亲被加要18万彩礼婚车被拦，乡政府：有人冒名发布情况说明，已报警
https://new.qq.com/rain/a/20241006A063P800

2024-10-08 02:12:29,762 - INFO - EXPIRED
向松祚：不要错误解读人民银行的货币政策工具
https://new.qq.com/rain/a/20241006A066PL00

2024-10-08 02:12:29,762 - INFO - EXPIRED
马龙赛后采访：恭喜林诗栋夺冠 输掉决赛对我来说不是失败 
https://new.qq.com/rain/a/20241006V06MK700

2024-10-08 02:12:29,762 - INFO - EXPIRED
印度空军参谋长：空军要“遵守时间表”追赶中国
https://new.qq.com/rain/a/20241006A049IZ00

2024-10-08 02:12:29,762 - INFO - EXPIRED
日媒：日方将归还中国16只朱鹮
https://new.qq.com/rain/a/20241006A04GH800

2024-10-08 02:12:29,762 - INFO - EXPIRED
云南哀牢山突然爆火，这种原始森林深处有多凶险？如果迷路了怎么办？
https://view.inews.qq.com/a/20241006Q03HEJ00

2024-10-08 02:12:29,762 - INFO - EXPIRED
特朗普被曝曾询问普京“美国是否应向乌供武”，普京：这是个“错误”
https://new.qq.com/rain/a/20241006A04J7K00

2024-10-08 02:12:29,762 - INFO - EXPIRED
卡塔尔官员：哈马斯领导人辛瓦尔依然活着，只用笔纸交流
https://new.qq.com/rain/a/20241006A04HST00

2024-10-08 02:12:29,762 - INFO - EXPIRED
台湾海峡中部发生3.7级地震
https://new.qq.com/rain/a/20241006A04YKV00

2024-10-08 02:12:29,762 - INFO - EXPIRED
孩子从行李箱上滑落摔伤已发生多起，千万别这样“遛娃”
https://new.qq.com/rain/a/20241006A04QUP00

2024-10-08 02:12:29,762 - INFO - EXPIRED
山东菏泽鄄城警方通报：重大刑事案件69岁犯罪嫌疑人已被抓获归案
https://new.qq.com/rain/a/20241006A04HI500

2024-10-08 02:12:29,762 - INFO - EXPIRED
甘肃走失2岁女童确认遇难，警方：系溺水身亡，遗体在60公里外被发现
https://new.qq.com/rain/a/20241006A05N8L00

2024-10-08 02:12:29,762 - INFO - EXPIRED
韩最大在野党称将再次提交《金建希独检法案》，有可能通过吗？
https://view.inews.qq.com/a/20241005Q02F0C00

2024-10-08 02:12:29,762 - INFO - EXPIRED
国新办10月8日将举行新闻发布会，发改委主任及4位副主任一同出席
https://new.qq.com/rain/a/20241006A03WXD00

2024-10-08 02:12:29,762 - INFO - EXPIRED
河南一男子被困商场电梯30分钟无人管？工作人员：正确认紧急按钮问题
https://new.qq.com/rain/a/20241006A03BNJ00

2024-10-08 02:12:29,762 - INFO - EXPIRED
小车司机因错过高速出口，急刹倒车致后方三车追尾，又迅速驶离
https://new.qq.com/rain/a/20241006V01IDL00

2024-10-08 02:12:29,762 - INFO - EXPIRED
出口和工业生产强劲，越南第三季度GDP增速意外加速至7.4%
https://new.qq.com/rain/a/20241006A03VNY00

2024-10-08 02:12:29,763 - INFO - EXPIRED
飞18小时去非洲看动物大迁徙、花几十万去南极和企鹅握手……现在年轻人旅行有多会玩？
https://view.inews.qq.com/a/20240928Q08DJ500

2024-10-08 02:12:29,763 - INFO - EXPIRED
男子遗失手机向警方求助，意外找到失联6年的亲人
https://new.qq.com/rain/a/20241006A02S8500

2024-10-08 02:12:29,763 - INFO - EXPIRED
小渔村被赵丽颖带火，一年银行存款增加2.43亿，旅游对地方和个人的改变能有多大？
https://view.inews.qq.com/a/20240925Q09Z9000

2024-10-08 02:12:29,763 - INFO - EXPIRED
湖南浏阳一烟花厂库房发生爆炸 居民称震动波致自家房屋受损 当地回应
https://new.qq.com/rain/a/20241006V03GIO00

2024-10-08 02:12:29,763 - INFO - EXPIRED
突发！新西兰一艘5700吨军舰沉没
https://new.qq.com/rain/a/20241006A01LPI00

2024-10-08 02:12:29,763 - INFO - EXPIRED
美国白宫附近举行支持巴勒斯坦示威活动 一男子在现场自焚
https://new.qq.com/rain/a/20241006A01RRC00

2024-10-08 02:12:29,763 - INFO - EXPIRED
“没停车就要收费吗”，男子驾车路过小区被收穿行费，当地：闻所未闻
https://new.qq.com/rain/a/20241006A01JAO00

2024-10-08 02:12:29,763 - INFO - EXPIRED
借用及出借证券期货账户，超级牛散王孝安、方士雄遭证监会顶格处罚
https://new.qq.com/rain/a/20241006A025NY00

2024-10-08 02:12:29,763 - INFO - EXPIRED
有员工卡里突然多了十余万，比亚迪：发放利润奖
https://new.qq.com/rain/a/20241006A01LN500

2024-10-08 02:12:29,763 - INFO - EXPIRED
韩媒：韩国前总统文在寅女儿因涉酒驾被立案
https://new.qq.com/rain/a/20241006A038X400

2024-10-08 02:12:29,763 - INFO - EXPIRED
我的养老保险怎么缴，退休能领更多钱？
https://view.inews.qq.com/a/20240927Q02UC000

2024-10-08 02:12:29,763 - INFO - EXPIRED
新郎接亲被索要18.8万彩礼，强行带走新娘被女方亲戚堵车，警方介入
https://new.qq.com/rain/a/20241005V05BKU00

2024-10-08 02:12:29,763 - INFO - EXPIRED
特朗普重回遭枪击地办集会：防弹玻璃环绕演讲台，马斯克登场为其站台
https://new.qq.com/rain/a/20241006V01GMT00

2024-10-08 02:12:29,763 - INFO - EXPIRED
行李托运费比机票还贵？男子起诉购票平台和航司，法院判了
https://new.qq.com/rain/a/20241005A06BGC00

2024-10-08 02:12:29,763 - INFO - EXPIRED
台媒：台风“山陀儿”造成台湾地区4死1失踪719伤
https://new.qq.com/rain/a/20241006A01HYF00

2024-10-08 02:12:29,763 - INFO - EXPIRED
中国母女斯里兰卡旅游在酒店遇入室抢劫，当地警方已展开调查 涉事酒店仍在跟团游行程安排内
https://new.qq.com/rain/a/20241005A060E600

2024-10-08 02:12:29,763 - INFO - EXPIRED
外交部发言人就美国总统拜登向习近平主席致国庆贺电答记者问
https://new.qq.com/rain/a/20241005A066G700

2024-10-08 02:12:29,763 - INFO - EXPIRED
阳台外面建阳台，贵阳一户人家装修惹怒其他业主：简直不可理喻
https://new.qq.com/rain/a/20241005A06PNE00

2024-10-08 02:12:30,227 - INFO - INVALID
广东阳春血案背后，一场地界“模糊”的土地纠纷
https://new.qq.com/rain/a/20241008A019EA00

2024-10-08 02:12:30,306 - INFO - INVALID
女子转卖父母生前处方药被判贩毒罪：发回重审后检方撤诉
https://new.qq.com/rain/a/20241008A00WWD00

2024-10-08 02:12:30,328 - INFO - INVALID
美股齐跌约1%，中概指数V型反弹，美债收益率升破4%，油价涨近4%
https://new.qq.com/rain/a/20241008A00QAG00

2024-10-08 03:16:14,106 - INFO - EXPIRED
“专挑软柿子捏，只知道指责中国”，美国贸易代表戴琪挨批
https://new.qq.com/rain/a/20241007A076LY00

2024-10-08 03:16:14,106 - INFO - EXPIRED
出境未报备，给买烟钱可通融？昆明边检：外省公安在机场工作组的行为
https://new.qq.com/rain/a/20241007A05VZA00

2024-10-08 03:16:14,106 - INFO - EXPIRED
神秘的哀牢山里究竟有什么？监控记录16小时拍到山里的“居民们”
https://new.qq.com/rain/a/20241007V04PXW00

2024-10-08 03:16:14,106 - INFO - EXPIRED
中纪委通报：前司法部长违规干预司法，纪检“内鬼”大肆敛财
https://new.qq.com/rain/a/20241007A072QQ00

2024-10-08 03:16:14,106 - INFO - EXPIRED
救护车拉警笛运送病重婴儿，轿车占应急车道不让路，交警：扣9分罚300
https://new.qq.com/rain/a/20241007V06Y5X00

2024-10-08 03:16:14,106 - INFO - EXPIRED
拐走12个家庭的17个孩子，人贩子余华英本周将再次受审
https://new.qq.com/rain/a/20241007A05EWF00

2024-10-08 03:16:14,106 - INFO - EXPIRED
女子孕期被要求调岗、月薪缩水3000元，拒绝后被辞退，公司回应
https://new.qq.com/rain/a/20241007A07EBZ00

2024-10-08 03:16:14,106 - INFO - EXPIRED
撬门锁拔监控，为躲清山藏树林，多名游客被终身禁入四川稻城亚丁景区
https://new.qq.com/rain/a/20241007A074UU00

2024-10-08 03:16:14,106 - INFO - EXPIRED
冰岛“都是自己人”、埃菲尔铁塔前站满中国游客，熟悉的感觉回来了
https://new.qq.com/rain/a/20241007A05U7R00

2024-10-08 03:16:14,106 - INFO - EXPIRED
数十辆车轮胎在高速被扎成“刺猬”，高速开车怎么发现车胎被扎？发现后怎么办？
https://view.inews.qq.com/a/20241007Q06J5F00

2024-10-08 03:16:14,106 - INFO - EXPIRED
俄三防部队司令：乌军使用化学武器攻击俄军 西方提供支持
https://new.qq.com/rain/a/20241007A05X3F00

2024-10-08 03:16:14,106 - INFO - EXPIRED
股价大涨，上市公司股东“扎堆”减持，这些A股突发减持公告
https://new.qq.com/rain/a/20241007A07DMG00

2024-10-08 03:16:14,106 - INFO - EXPIRED
济南街头多名摩托车手深夜“炸街”飙车放烟花，警方：现场实施了抓捕行动
https://new.qq.com/rain/a/20241007A0601U00

2024-10-08 03:16:14,106 - INFO - EXPIRED
司法部原部长、原候补中央委员唐一军，国庆长假最后一天被“双开”
https://new.qq.com/rain/a/20241007A06NWM00

2024-10-08 03:16:14,106 - INFO - EXPIRED
事发两个月后，印度女实习医生遭奸杀案唯一嫌疑人被正式提控
https://new.qq.com/rain/a/20241007A07LXE00

2024-10-08 03:16:14,106 - INFO - EXPIRED
新一轮巴以冲突一周年，会像俄乌一样陷入漫长对峙吗？谁会先倒下？
https://view.inews.qq.com/a/20241007Q03KKQ00

2024-10-08 03:16:14,106 - INFO - EXPIRED
东北雨姐删除道歉视频，账号七天未更新，网友称拍摄基地已人去房空
https://new.qq.com/rain/a/20241007A05FS700

2024-10-08 03:16:14,106 - INFO - EXPIRED
韩国总统时隔13年访菲谈及南海，菲学者炒作“对抗中国”
https://new.qq.com/rain/a/20241007A073GM00

2024-10-08 03:16:14,106 - INFO - EXPIRED
旅客称在昆明长水机场海关被一“民警”私下索要100元，警方回应
https://new.qq.com/rain/a/20241007V05WEG00

2024-10-08 03:16:14,106 - INFO - EXPIRED
两人因发现微RNA分享诺贝尔生理学或医学奖，这成果有多牛？对普通人有什么影响？
https://view.inews.qq.com/a/20241007Q05Q9200

2024-10-08 03:16:14,106 - INFO - EXPIRED
专家：10月份的全国人大常委会会议将是观察财政增量政策的时间窗口
https://new.qq.com/rain/a/20241007A06OWK00

2024-10-08 03:16:14,106 - INFO - EXPIRED
覃海洋工作室发声：嫖娼等相关不实言论恶意中伤诋毁，必要时将报案
https://new.qq.com/rain/a/20241007A05XES00

2024-10-08 03:16:14,106 - INFO - EXPIRED
中资企业车队在巴基斯坦遭恐怖袭击，致中方人员2死1伤，外交部回应
https://new.qq.com/rain/a/20241007A068RC00

2024-10-08 03:16:14,106 - INFO - EXPIRED
假期有同学办完婚礼累到不想说话，还有人干脆不办酒席，现在年轻人还流行办婚礼吗？
https://view.inews.qq.com/a/20240926Q06PHM00

2024-10-08 03:16:14,106 - INFO - EXPIRED
又一世界级超级工程，来了
https://new.qq.com/rain/a/20241007A04F1900

2024-10-08 03:16:14,106 - INFO - EXPIRED
安徽阜阳颍州区：环卫工人、快递员、外卖员等购买新房，全额补助契税
https://new.qq.com/rain/a/20241007A04RJB00

2024-10-08 03:16:14,106 - INFO - EXPIRED
以防长警告伊朗若伤害以色列，可能变成加沙，以色列这么牛？伊朗会怕他吗？
https://view.inews.qq.com/a/20241007Q02U1W00

2024-10-08 03:16:14,106 - INFO - EXPIRED
中企车队在巴基斯坦遭恐袭，致中方人员2死1伤，巴基斯坦总理强烈谴责
https://new.qq.com/rain/a/20241007A03QCE00

2024-10-08 03:16:14,106 - INFO - EXPIRED
男子花20万买二手小米SU7，回家后遭原车主远程锁车
https://new.qq.com/rain/a/20241007A03L1J00

2024-10-08 03:16:14,107 - INFO - EXPIRED
郭广昌：股票上涨财富效应带来的消费意愿提升会逐渐反应到经济中去
https://new.qq.com/rain/a/20241007A04ELE00

2024-10-08 03:16:14,107 - INFO - EXPIRED
新郎将18万彩礼转到新娘账户，娘家人阻拦婚车被报警，问题出在哪？彩礼应该打给谁？
https://view.inews.qq.com/a/20241007Q02FX500

2024-10-08 03:16:14,107 - INFO - EXPIRED
以色列发生恐袭案，19岁女警身亡，凶手亲戚9年前在同一地点制造血案
https://new.qq.com/rain/a/20241007A01E4100

2024-10-08 03:16:14,107 - INFO - EXPIRED
浙江宁波一电动汽车冲进医院急诊大厅？医院：司机操作失误，无伤亡
https://new.qq.com/rain/a/20241007A0417M00

2024-10-08 03:16:14,107 - INFO - EXPIRED
印尼媒体警告石破茂：不要自取其辱，东盟不感兴趣
https://new.qq.com/rain/a/20241006A06FFB00

2024-10-08 03:16:14,107 - INFO - EXPIRED
分歧加深？外媒：美副总统哈里斯拒绝回答“内塔尼亚胡是否是真正的亲密盟友”
https://new.qq.com/rain/a/20241007A01RTU00

2024-10-08 03:16:14,107 - INFO - EXPIRED
山东两女幼师出租屋遇害案将开庭，死者父亲：上次因嫌犯情绪问题休庭
https://new.qq.com/rain/a/20241007A01UZJ00

2024-10-08 03:16:14,107 - INFO - EXPIRED
印媒：印拟向全球推广“印度制造”
https://new.qq.com/rain/a/20241006A062TH00

2024-10-08 03:16:14,107 - INFO - EXPIRED
俄国防部公布视频！俄军用“柳叶刀”巡飞弹摧毁乌军自行火炮
https://new.qq.com/rain/a/20241007A01PR300

2024-10-08 03:16:14,107 - INFO - EXPIRED
新一轮巴以冲突一周年，以色列、哈马斯各自赞许己方“战果”
https://new.qq.com/rain/a/20241007A02XQ700

2024-10-08 03:16:14,107 - INFO - EXPIRED
青海西宁某商务宾馆辱骂游客？官方：辞退涉事员工，出具书面道歉信
https://new.qq.com/rain/a/20241007A00ZEX00

2024-10-08 03:16:14,107 - INFO - EXPIRED
3名未成年人被控涉嫌谋划在德国恐袭，检方：3人受“伊斯兰国”影响
https://new.qq.com/rain/a/20241006A06NHS00

2024-10-08 03:16:14,107 - INFO - EXPIRED
河南淮滨一​新郎接亲被加要18万彩礼，新娘家人阻拦婚车？官方通报
https://new.qq.com/rain/a/20241007A0185700

2024-10-08 03:16:14,107 - INFO - EXPIRED
亏损裁员、订单流失，欧洲动力电池“全村的希望”深陷困境
https://new.qq.com/rain/a/20241007A00ZQS00

2024-10-08 03:16:14,107 - INFO - EXPIRED
工作多年，我在好几个城市打工，等我退休后我在哪里领养老金？这事儿需要规划下吗？
https://view.inews.qq.com/a/20240930Q02DKP00

2024-10-08 03:16:14,107 - INFO - EXPIRED
河南一医院有老鼠在病房“飞檐走壁”？医院：已堵住老鼠洞并加强消杀
https://new.qq.com/rain/a/20241007A01QOV00

2024-10-08 03:16:14,107 - INFO - EXPIRED
中国驻巴基斯坦使馆关于卡西姆港发电有限公司车队遭遇恐怖袭击的声明
https://new.qq.com/rain/a/20241007A00U3Q00

2024-10-08 03:16:14,107 - INFO - EXPIRED
9月末我国外汇储备规模为33164亿美元 环比上升282亿美元
https://new.qq.com/rain/a/20241007A023CE00

2024-10-08 03:16:14,107 - INFO - EXPIRED
巴以冲突爆发一周年，是时候算算经济账了
https://new.qq.com/rain/a/20241007A025MA00

2024-10-08 03:16:14,107 - INFO - EXPIRED
巴以冲突一年致4.2万巴勒斯坦人丧生，全球多地爆发反战游行
https://new.qq.com/rain/a/20241007A007Y200

2024-10-08 03:16:14,107 - INFO - EXPIRED
奥运金牌和诺奖金牌都是金牌，哪个黄金的含量更高？
https://view.inews.qq.com/a/20241005Q06L5O00

2024-10-08 03:16:14,107 - INFO - EXPIRED
“我都这把年纪了，要我死？”菲律宾前总统杜特尔特否认竞选参议员
https://new.qq.com/rain/a/20241006A04YSV00

2024-10-08 03:16:14,107 - INFO - EXPIRED
新一轮巴以冲突一周年：冲突前后加沙城对比画面，街道变为废墟
https://new.qq.com/rain/a/20241007V00WR200

2024-10-08 03:16:14,107 - INFO - EXPIRED
中国游客亲历泰国清迈洪灾：坐军用皮卡从酒店撤离，洪水没到大腿根
https://new.qq.com/rain/a/20241006A06ZI100

2024-10-08 03:16:14,107 - INFO - EXPIRED
美国要退役国际空间站？几年内太空中或将再没有NASA宇航员
https://new.qq.com/rain/a/20241007A00XF900

2024-10-08 03:16:14,107 - INFO - EXPIRED
“轰一声山垮了” 贵州桐梓山体塌方一女孩失联 目击者：土石覆盖公路
https://new.qq.com/rain/a/20241006V06LJI00

2024-10-08 03:16:14,107 - INFO - EXPIRED
擅自进入未开发区域并毁坏物资，四川稻城亚丁景区通报：8人终身禁入
https://new.qq.com/rain/a/20241006A0703600

2024-10-08 03:16:14,107 - INFO - EXPIRED
庐山景区泡面开水收费5元？景区：游客未支付，将增加免费热水供应点
https://new.qq.com/rain/a/20241006A077AU00

2024-10-08 03:16:14,107 - INFO - EXPIRED
欠债400万，中国“淘金客”在非洲“翻盘”
https://new.qq.com/rain/a/20241006A06CJF00

2024-10-08 03:16:14,107 - INFO - EXPIRED
印度与美国签协议加强电池关键矿物供应链，还将拉第三国入伙
https://new.qq.com/rain/a/20241006A06HB800

2024-10-08 03:16:14,107 - INFO - EXPIRED
知名歌手将沔阳读成丐阳，自嘲没文化，你还知道哪些生僻地名？背后有什么故事？
https://view.inews.qq.com/a/20241006Q05RD600

2024-10-08 03:16:14,107 - INFO - EXPIRED
以色列贝尔谢巴中央汽车站疑似发生恐怖袭击 已致一人死亡
https://new.qq.com/rain/a/20241006A06EZC00

2024-10-08 03:16:14,107 - INFO - EXPIRED
新一轮巴以冲突爆发一周年，内塔尼亚胡：以色列正在7条战线上作战
https://new.qq.com/rain/a/20241006A05G3600

2024-10-08 03:16:14,107 - INFO - EXPIRED
河南一新郎接亲被加要18万彩礼婚车被拦，乡政府：有人冒名发布情况说明，已报警
https://new.qq.com/rain/a/20241006A063P800

2024-10-08 03:16:14,107 - INFO - EXPIRED
向松祚：不要错误解读人民银行的货币政策工具
https://new.qq.com/rain/a/20241006A066PL00

2024-10-08 03:16:14,107 - INFO - EXPIRED
马龙赛后采访：恭喜林诗栋夺冠 输掉决赛对我来说不是失败 
https://new.qq.com/rain/a/20241006V06MK700

2024-10-08 03:16:14,107 - INFO - EXPIRED
印度空军参谋长：空军要“遵守时间表”追赶中国
https://new.qq.com/rain/a/20241006A049IZ00

2024-10-08 03:16:14,107 - INFO - EXPIRED
日媒：日方将归还中国16只朱鹮
https://new.qq.com/rain/a/20241006A04GH800

2024-10-08 03:16:14,107 - INFO - EXPIRED
云南哀牢山突然爆火，这种原始森林深处有多凶险？如果迷路了怎么办？
https://view.inews.qq.com/a/20241006Q03HEJ00

2024-10-08 03:16:14,107 - INFO - EXPIRED
特朗普被曝曾询问普京“美国是否应向乌供武”，普京：这是个“错误”
https://new.qq.com/rain/a/20241006A04J7K00

2024-10-08 03:16:14,107 - INFO - EXPIRED
卡塔尔官员：哈马斯领导人辛瓦尔依然活着，只用笔纸交流
https://new.qq.com/rain/a/20241006A04HST00

2024-10-08 03:16:14,107 - INFO - EXPIRED
台湾海峡中部发生3.7级地震
https://new.qq.com/rain/a/20241006A04YKV00

2024-10-08 03:16:14,107 - INFO - EXPIRED
孩子从行李箱上滑落摔伤已发生多起，千万别这样“遛娃”
https://new.qq.com/rain/a/20241006A04QUP00

2024-10-08 03:16:14,107 - INFO - EXPIRED
山东菏泽鄄城警方通报：重大刑事案件69岁犯罪嫌疑人已被抓获归案
https://new.qq.com/rain/a/20241006A04HI500

2024-10-08 03:16:14,107 - INFO - EXPIRED
甘肃走失2岁女童确认遇难，警方：系溺水身亡，遗体在60公里外被发现
https://new.qq.com/rain/a/20241006A05N8L00

2024-10-08 03:16:14,107 - INFO - EXPIRED
韩最大在野党称将再次提交《金建希独检法案》，有可能通过吗？
https://view.inews.qq.com/a/20241005Q02F0C00

2024-10-08 03:16:14,107 - INFO - EXPIRED
国新办10月8日将举行新闻发布会，发改委主任及4位副主任一同出席
https://new.qq.com/rain/a/20241006A03WXD00

2024-10-08 03:16:14,107 - INFO - EXPIRED
河南一男子被困商场电梯30分钟无人管？工作人员：正确认紧急按钮问题
https://new.qq.com/rain/a/20241006A03BNJ00

2024-10-08 03:16:14,107 - INFO - EXPIRED
小车司机因错过高速出口，急刹倒车致后方三车追尾，又迅速驶离
https://new.qq.com/rain/a/20241006V01IDL00

2024-10-08 03:16:14,107 - INFO - EXPIRED
出口和工业生产强劲，越南第三季度GDP增速意外加速至7.4%
https://new.qq.com/rain/a/20241006A03VNY00

2024-10-08 03:16:14,107 - INFO - EXPIRED
飞18小时去非洲看动物大迁徙、花几十万去南极和企鹅握手……现在年轻人旅行有多会玩？
https://view.inews.qq.com/a/20240928Q08DJ500

2024-10-08 03:16:14,107 - INFO - EXPIRED
男子遗失手机向警方求助，意外找到失联6年的亲人
https://new.qq.com/rain/a/20241006A02S8500

2024-10-08 03:16:14,107 - INFO - EXPIRED
小渔村被赵丽颖带火，一年银行存款增加2.43亿，旅游对地方和个人的改变能有多大？
https://view.inews.qq.com/a/20240925Q09Z9000

2024-10-08 03:16:14,107 - INFO - EXPIRED
湖南浏阳一烟花厂库房发生爆炸 居民称震动波致自家房屋受损 当地回应
https://new.qq.com/rain/a/20241006V03GIO00

2024-10-08 03:16:14,107 - INFO - EXPIRED
突发！新西兰一艘5700吨军舰沉没
https://new.qq.com/rain/a/20241006A01LPI00

2024-10-08 03:16:14,107 - INFO - EXPIRED
美国白宫附近举行支持巴勒斯坦示威活动 一男子在现场自焚
https://new.qq.com/rain/a/20241006A01RRC00

2024-10-08 03:16:14,107 - INFO - EXPIRED
“没停车就要收费吗”，男子驾车路过小区被收穿行费，当地：闻所未闻
https://new.qq.com/rain/a/20241006A01JAO00

2024-10-08 03:16:14,107 - INFO - EXPIRED
借用及出借证券期货账户，超级牛散王孝安、方士雄遭证监会顶格处罚
https://new.qq.com/rain/a/20241006A025NY00

2024-10-08 03:16:14,108 - INFO - EXPIRED
有员工卡里突然多了十余万，比亚迪：发放利润奖
https://new.qq.com/rain/a/20241006A01LN500

2024-10-08 03:16:14,108 - INFO - EXPIRED
韩媒：韩国前总统文在寅女儿因涉酒驾被立案
https://new.qq.com/rain/a/20241006A038X400

2024-10-08 03:16:14,108 - INFO - EXPIRED
我的养老保险怎么缴，退休能领更多钱？
https://view.inews.qq.com/a/20240927Q02UC000

2024-10-08 03:16:14,108 - INFO - EXPIRED
新郎接亲被索要18.8万彩礼，强行带走新娘被女方亲戚堵车，警方介入
https://new.qq.com/rain/a/20241005V05BKU00

2024-10-08 03:16:14,800 - INFO - INVALID
中方：不能让安理会成为地缘对抗、集团政治的角斗场
https://new.qq.com/rain/a/20241008A01IIS00

2024-10-08 03:16:14,806 - INFO - INVALID
微信鸿蒙原生版开始内测邀请！超20款腾讯App陆续适配中
https://new.qq.com/rain/a/20241008A02XV200

2024-10-08 03:16:14,865 - INFO - INVALID
金融管理部门已进行窗口指导：银行信贷资金严禁违规进入股市
https://new.qq.com/rain/a/20241008A02HAD00

2024-10-08 03:16:14,877 - INFO - INVALID
日媒：内阁合影时石破茂被指“露肚子”引日本网民嘲讽，日本政府悄悄“P图”
https://new.qq.com/rain/a/20241008A01UDH00

2024-10-08 03:16:14,937 - INFO - INVALID
上海地铁两条线路接连故障，蓝色预警启动，网友：上班第一天就掉链子
https://new.qq.com/rain/a/20241008A028M600

2024-10-08 03:16:15,106 - INFO - INVALID
美股齐跌约1%，中概指数V型反弹，美债收益率升破4%，油价涨近4%
https://new.qq.com/rain/a/20241008A00QAG00

2024-10-08 03:16:15,161 - INFO - INVALID
女子转卖父母生前处方药被判贩毒罪：发回重审后检方撤诉
https://new.qq.com/rain/a/20241008A00WWD00

2024-10-08 03:16:15,172 - INFO - INVALID
广东阳春血案背后，一场地界“模糊”的土地纠纷
https://new.qq.com/rain/a/20241008A019EA00

2024-10-08 03:16:15,235 - INFO - INVALID
男子抱娃坐公交，孩子上身棉服下身光裸，山东女司机报警后借车追踪
https://new.qq.com/rain/a/20241008A02IOE00

2024-10-08 04:09:08,028 - INFO - EXPIRED
神秘的哀牢山里究竟有什么？监控记录16小时拍到山里的“居民们”
https://new.qq.com/rain/a/20241007V04PXW00

2024-10-08 04:09:08,028 - INFO - EXPIRED
“专挑软柿子捏，只知道指责中国”，美国贸易代表戴琪挨批
https://new.qq.com/rain/a/20241007A076LY00

2024-10-08 04:09:08,028 - INFO - EXPIRED
出境未报备，给买烟钱可通融？昆明边检：外省公安在机场工作组的行为
https://new.qq.com/rain/a/20241007A05VZA00

2024-10-08 04:09:08,028 - INFO - EXPIRED
中纪委通报：前司法部长违规干预司法，纪检“内鬼”大肆敛财
https://new.qq.com/rain/a/20241007A072QQ00

2024-10-08 04:09:08,028 - INFO - EXPIRED
救护车拉警笛运送病重婴儿，轿车占应急车道不让路，交警：扣9分罚300
https://new.qq.com/rain/a/20241007V06Y5X00

2024-10-08 04:09:08,028 - INFO - EXPIRED
拐走12个家庭的17个孩子，人贩子余华英本周将再次受审
https://new.qq.com/rain/a/20241007A05EWF00

2024-10-08 04:09:08,028 - INFO - EXPIRED
女子孕期被要求调岗、月薪缩水3000元，拒绝后被辞退，公司回应
https://new.qq.com/rain/a/20241007A07EBZ00

2024-10-08 04:09:08,028 - INFO - EXPIRED
撬门锁拔监控，为躲清山藏树林，多名游客被终身禁入四川稻城亚丁景区
https://new.qq.com/rain/a/20241007A074UU00

2024-10-08 04:09:08,028 - INFO - EXPIRED
冰岛“都是自己人”、埃菲尔铁塔前站满中国游客，熟悉的感觉回来了
https://new.qq.com/rain/a/20241007A05U7R00

2024-10-08 04:09:08,028 - INFO - EXPIRED
数十辆车轮胎在高速被扎成“刺猬”，高速开车怎么发现车胎被扎？发现后怎么办？
https://view.inews.qq.com/a/20241007Q06J5F00

2024-10-08 04:09:08,028 - INFO - EXPIRED
俄三防部队司令：乌军使用化学武器攻击俄军 西方提供支持
https://new.qq.com/rain/a/20241007A05X3F00

2024-10-08 04:09:08,028 - INFO - EXPIRED
股价大涨，上市公司股东“扎堆”减持，这些A股突发减持公告
https://new.qq.com/rain/a/20241007A07DMG00

2024-10-08 04:09:08,028 - INFO - EXPIRED
济南街头多名摩托车手深夜“炸街”飙车放烟花，警方：现场实施了抓捕行动
https://new.qq.com/rain/a/20241007A0601U00

2024-10-08 04:09:08,028 - INFO - EXPIRED
司法部原部长、原候补中央委员唐一军，国庆长假最后一天被“双开”
https://new.qq.com/rain/a/20241007A06NWM00

2024-10-08 04:09:08,028 - INFO - EXPIRED
事发两个月后，印度女实习医生遭奸杀案唯一嫌疑人被正式提控
https://new.qq.com/rain/a/20241007A07LXE00

2024-10-08 04:09:08,028 - INFO - EXPIRED
新一轮巴以冲突一周年，会像俄乌一样陷入漫长对峙吗？谁会先倒下？
https://view.inews.qq.com/a/20241007Q03KKQ00

2024-10-08 04:09:08,028 - INFO - EXPIRED
东北雨姐删除道歉视频，账号七天未更新，网友称拍摄基地已人去房空
https://new.qq.com/rain/a/20241007A05FS700

2024-10-08 04:09:08,028 - INFO - EXPIRED
韩国总统时隔13年访菲谈及南海，菲学者炒作“对抗中国”
https://new.qq.com/rain/a/20241007A073GM00

2024-10-08 04:09:08,028 - INFO - EXPIRED
旅客称在昆明长水机场海关被一“民警”私下索要100元，警方回应
https://new.qq.com/rain/a/20241007V05WEG00

2024-10-08 04:09:08,028 - INFO - EXPIRED
两人因发现微RNA分享诺贝尔生理学或医学奖，这成果有多牛？对普通人有什么影响？
https://view.inews.qq.com/a/20241007Q05Q9200

2024-10-08 04:09:08,028 - INFO - EXPIRED
专家：10月份的全国人大常委会会议将是观察财政增量政策的时间窗口
https://new.qq.com/rain/a/20241007A06OWK00

2024-10-08 04:09:08,028 - INFO - EXPIRED
覃海洋工作室发声：嫖娼等相关不实言论恶意中伤诋毁，必要时将报案
https://new.qq.com/rain/a/20241007A05XES00

2024-10-08 04:09:08,028 - INFO - EXPIRED
中资企业车队在巴基斯坦遭恐怖袭击，致中方人员2死1伤，外交部回应
https://new.qq.com/rain/a/20241007A068RC00

2024-10-08 04:09:08,028 - INFO - EXPIRED
假期有同学办完婚礼累到不想说话，还有人干脆不办酒席，现在年轻人还流行办婚礼吗？
https://view.inews.qq.com/a/20240926Q06PHM00

2024-10-08 04:09:08,028 - INFO - EXPIRED
又一世界级超级工程，来了
https://new.qq.com/rain/a/20241007A04F1900

2024-10-08 04:09:08,028 - INFO - EXPIRED
安徽阜阳颍州区：环卫工人、快递员、外卖员等购买新房，全额补助契税
https://new.qq.com/rain/a/20241007A04RJB00

2024-10-08 04:09:08,028 - INFO - EXPIRED
以防长警告伊朗若伤害以色列，可能变成加沙，以色列这么牛？伊朗会怕他吗？
https://view.inews.qq.com/a/20241007Q02U1W00

2024-10-08 04:09:08,028 - INFO - EXPIRED
中企车队在巴基斯坦遭恐袭，致中方人员2死1伤，巴基斯坦总理强烈谴责
https://new.qq.com/rain/a/20241007A03QCE00

2024-10-08 04:09:08,028 - INFO - EXPIRED
男子花20万买二手小米SU7，回家后遭原车主远程锁车
https://new.qq.com/rain/a/20241007A03L1J00

2024-10-08 04:09:08,029 - INFO - EXPIRED
郭广昌：股票上涨财富效应带来的消费意愿提升会逐渐反应到经济中去
https://new.qq.com/rain/a/20241007A04ELE00

2024-10-08 04:09:08,029 - INFO - EXPIRED
新郎将18万彩礼转到新娘账户，娘家人阻拦婚车被报警，问题出在哪？彩礼应该打给谁？
https://view.inews.qq.com/a/20241007Q02FX500

2024-10-08 04:09:08,029 - INFO - EXPIRED
以色列发生恐袭案，19岁女警身亡，凶手亲戚9年前在同一地点制造血案
https://new.qq.com/rain/a/20241007A01E4100

2024-10-08 04:09:08,029 - INFO - EXPIRED
浙江宁波一电动汽车冲进医院急诊大厅？医院：司机操作失误，无伤亡
https://new.qq.com/rain/a/20241007A0417M00

2024-10-08 04:09:08,029 - INFO - EXPIRED
印尼媒体警告石破茂：不要自取其辱，东盟不感兴趣
https://new.qq.com/rain/a/20241006A06FFB00

2024-10-08 04:09:08,029 - INFO - EXPIRED
分歧加深？外媒：美副总统哈里斯拒绝回答“内塔尼亚胡是否是真正的亲密盟友”
https://new.qq.com/rain/a/20241007A01RTU00

2024-10-08 04:09:08,029 - INFO - EXPIRED
山东两女幼师出租屋遇害案将开庭，死者父亲：上次因嫌犯情绪问题休庭
https://new.qq.com/rain/a/20241007A01UZJ00

2024-10-08 04:09:08,029 - INFO - EXPIRED
印媒：印拟向全球推广“印度制造”
https://new.qq.com/rain/a/20241006A062TH00

2024-10-08 04:09:08,029 - INFO - EXPIRED
俄国防部公布视频！俄军用“柳叶刀”巡飞弹摧毁乌军自行火炮
https://new.qq.com/rain/a/20241007A01PR300

2024-10-08 04:09:08,029 - INFO - EXPIRED
新一轮巴以冲突一周年，以色列、哈马斯各自赞许己方“战果”
https://new.qq.com/rain/a/20241007A02XQ700

2024-10-08 04:09:08,029 - INFO - EXPIRED
青海西宁某商务宾馆辱骂游客？官方：辞退涉事员工，出具书面道歉信
https://new.qq.com/rain/a/20241007A00ZEX00

2024-10-08 04:09:08,029 - INFO - EXPIRED
3名未成年人被控涉嫌谋划在德国恐袭，检方：3人受“伊斯兰国”影响
https://new.qq.com/rain/a/20241006A06NHS00

2024-10-08 04:09:08,029 - INFO - EXPIRED
河南淮滨一​新郎接亲被加要18万彩礼，新娘家人阻拦婚车？官方通报
https://new.qq.com/rain/a/20241007A0185700

2024-10-08 04:09:08,029 - INFO - EXPIRED
亏损裁员、订单流失，欧洲动力电池“全村的希望”深陷困境
https://new.qq.com/rain/a/20241007A00ZQS00

2024-10-08 04:09:08,029 - INFO - EXPIRED
工作多年，我在好几个城市打工，等我退休后我在哪里领养老金？这事儿需要规划下吗？
https://view.inews.qq.com/a/20240930Q02DKP00

2024-10-08 04:09:08,029 - INFO - EXPIRED
河南一医院有老鼠在病房“飞檐走壁”？医院：已堵住老鼠洞并加强消杀
https://new.qq.com/rain/a/20241007A01QOV00

2024-10-08 04:09:08,029 - INFO - EXPIRED
中国驻巴基斯坦使馆关于卡西姆港发电有限公司车队遭遇恐怖袭击的声明
https://new.qq.com/rain/a/20241007A00U3Q00

2024-10-08 04:09:08,029 - INFO - EXPIRED
9月末我国外汇储备规模为33164亿美元 环比上升282亿美元
https://new.qq.com/rain/a/20241007A023CE00

2024-10-08 04:09:08,029 - INFO - EXPIRED
巴以冲突爆发一周年，是时候算算经济账了
https://new.qq.com/rain/a/20241007A025MA00

2024-10-08 04:09:08,029 - INFO - EXPIRED
巴以冲突一年致4.2万巴勒斯坦人丧生，全球多地爆发反战游行
https://new.qq.com/rain/a/20241007A007Y200

2024-10-08 04:09:08,029 - INFO - EXPIRED
奥运金牌和诺奖金牌都是金牌，哪个黄金的含量更高？
https://view.inews.qq.com/a/20241005Q06L5O00

2024-10-08 04:09:08,029 - INFO - EXPIRED
“我都这把年纪了，要我死？”菲律宾前总统杜特尔特否认竞选参议员
https://new.qq.com/rain/a/20241006A04YSV00

2024-10-08 04:09:08,029 - INFO - EXPIRED
新一轮巴以冲突一周年：冲突前后加沙城对比画面，街道变为废墟
https://new.qq.com/rain/a/20241007V00WR200

2024-10-08 04:09:08,029 - INFO - EXPIRED
中国游客亲历泰国清迈洪灾：坐军用皮卡从酒店撤离，洪水没到大腿根
https://new.qq.com/rain/a/20241006A06ZI100

2024-10-08 04:09:08,029 - INFO - EXPIRED
美国要退役国际空间站？几年内太空中或将再没有NASA宇航员
https://new.qq.com/rain/a/20241007A00XF900

2024-10-08 04:09:08,029 - INFO - EXPIRED
“轰一声山垮了” 贵州桐梓山体塌方一女孩失联 目击者：土石覆盖公路
https://new.qq.com/rain/a/20241006V06LJI00

2024-10-08 04:09:08,029 - INFO - EXPIRED
擅自进入未开发区域并毁坏物资，四川稻城亚丁景区通报：8人终身禁入
https://new.qq.com/rain/a/20241006A0703600

2024-10-08 04:09:08,029 - INFO - EXPIRED
庐山景区泡面开水收费5元？景区：游客未支付，将增加免费热水供应点
https://new.qq.com/rain/a/20241006A077AU00

2024-10-08 04:09:08,029 - INFO - EXPIRED
欠债400万，中国“淘金客”在非洲“翻盘”
https://new.qq.com/rain/a/20241006A06CJF00

2024-10-08 04:09:08,029 - INFO - EXPIRED
印度与美国签协议加强电池关键矿物供应链，还将拉第三国入伙
https://new.qq.com/rain/a/20241006A06HB800

2024-10-08 04:09:08,029 - INFO - EXPIRED
知名歌手将沔阳读成丐阳，自嘲没文化，你还知道哪些生僻地名？背后有什么故事？
https://view.inews.qq.com/a/20241006Q05RD600

2024-10-08 04:09:08,029 - INFO - EXPIRED
以色列贝尔谢巴中央汽车站疑似发生恐怖袭击 已致一人死亡
https://new.qq.com/rain/a/20241006A06EZC00

2024-10-08 04:09:08,029 - INFO - EXPIRED
新一轮巴以冲突爆发一周年，内塔尼亚胡：以色列正在7条战线上作战
https://new.qq.com/rain/a/20241006A05G3600

2024-10-08 04:09:08,029 - INFO - EXPIRED
河南一新郎接亲被加要18万彩礼婚车被拦，乡政府：有人冒名发布情况说明，已报警
https://new.qq.com/rain/a/20241006A063P800

2024-10-08 04:09:08,029 - INFO - EXPIRED
向松祚：不要错误解读人民银行的货币政策工具
https://new.qq.com/rain/a/20241006A066PL00

2024-10-08 04:09:08,029 - INFO - EXPIRED
马龙赛后采访：恭喜林诗栋夺冠 输掉决赛对我来说不是失败 
https://new.qq.com/rain/a/20241006V06MK700

2024-10-08 04:09:08,029 - INFO - EXPIRED
印度空军参谋长：空军要“遵守时间表”追赶中国
https://new.qq.com/rain/a/20241006A049IZ00

2024-10-08 04:09:08,029 - INFO - EXPIRED
日媒：日方将归还中国16只朱鹮
https://new.qq.com/rain/a/20241006A04GH800

2024-10-08 04:09:08,029 - INFO - EXPIRED
云南哀牢山突然爆火，这种原始森林深处有多凶险？如果迷路了怎么办？
https://view.inews.qq.com/a/20241006Q03HEJ00

2024-10-08 04:09:08,029 - INFO - EXPIRED
特朗普被曝曾询问普京“美国是否应向乌供武”，普京：这是个“错误”
https://new.qq.com/rain/a/20241006A04J7K00

2024-10-08 04:09:08,029 - INFO - EXPIRED
卡塔尔官员：哈马斯领导人辛瓦尔依然活着，只用笔纸交流
https://new.qq.com/rain/a/20241006A04HST00

2024-10-08 04:09:08,029 - INFO - EXPIRED
台湾海峡中部发生3.7级地震
https://new.qq.com/rain/a/20241006A04YKV00

2024-10-08 04:09:08,029 - INFO - EXPIRED
孩子从行李箱上滑落摔伤已发生多起，千万别这样“遛娃”
https://new.qq.com/rain/a/20241006A04QUP00

2024-10-08 04:09:08,029 - INFO - EXPIRED
山东菏泽鄄城警方通报：重大刑事案件69岁犯罪嫌疑人已被抓获归案
https://new.qq.com/rain/a/20241006A04HI500

2024-10-08 04:09:08,029 - INFO - EXPIRED
甘肃走失2岁女童确认遇难，警方：系溺水身亡，遗体在60公里外被发现
https://new.qq.com/rain/a/20241006A05N8L00

2024-10-08 04:09:08,029 - INFO - EXPIRED
韩最大在野党称将再次提交《金建希独检法案》，有可能通过吗？
https://view.inews.qq.com/a/20241005Q02F0C00

2024-10-08 04:09:08,029 - INFO - EXPIRED
国新办10月8日将举行新闻发布会，发改委主任及4位副主任一同出席
https://new.qq.com/rain/a/20241006A03WXD00

2024-10-08 04:09:08,029 - INFO - EXPIRED
河南一男子被困商场电梯30分钟无人管？工作人员：正确认紧急按钮问题
https://new.qq.com/rain/a/20241006A03BNJ00

2024-10-08 04:09:08,029 - INFO - EXPIRED
小车司机因错过高速出口，急刹倒车致后方三车追尾，又迅速驶离
https://new.qq.com/rain/a/20241006V01IDL00

2024-10-08 04:09:08,029 - INFO - EXPIRED
出口和工业生产强劲，越南第三季度GDP增速意外加速至7.4%
https://new.qq.com/rain/a/20241006A03VNY00

2024-10-08 04:09:08,029 - INFO - EXPIRED
飞18小时去非洲看动物大迁徙、花几十万去南极和企鹅握手……现在年轻人旅行有多会玩？
https://view.inews.qq.com/a/20240928Q08DJ500

2024-10-08 04:09:08,029 - INFO - EXPIRED
男子遗失手机向警方求助，意外找到失联6年的亲人
https://new.qq.com/rain/a/20241006A02S8500

2024-10-08 04:09:08,029 - INFO - EXPIRED
小渔村被赵丽颖带火，一年银行存款增加2.43亿，旅游对地方和个人的改变能有多大？
https://view.inews.qq.com/a/20240925Q09Z9000

2024-10-08 04:09:08,029 - INFO - EXPIRED
湖南浏阳一烟花厂库房发生爆炸 居民称震动波致自家房屋受损 当地回应
https://new.qq.com/rain/a/20241006V03GIO00

2024-10-08 04:09:08,029 - INFO - EXPIRED
突发！新西兰一艘5700吨军舰沉没
https://new.qq.com/rain/a/20241006A01LPI00

2024-10-08 04:09:08,029 - INFO - EXPIRED
美国白宫附近举行支持巴勒斯坦示威活动 一男子在现场自焚
https://new.qq.com/rain/a/20241006A01RRC00

2024-10-08 04:09:08,029 - INFO - EXPIRED
“没停车就要收费吗”，男子驾车路过小区被收穿行费，当地：闻所未闻
https://new.qq.com/rain/a/20241006A01JAO00

2024-10-08 04:09:08,029 - INFO - EXPIRED
借用及出借证券期货账户，超级牛散王孝安、方士雄遭证监会顶格处罚
https://new.qq.com/rain/a/20241006A025NY00

2024-10-08 04:09:08,029 - INFO - EXPIRED
有员工卡里突然多了十余万，比亚迪：发放利润奖
https://new.qq.com/rain/a/20241006A01LN500

2024-10-08 04:09:08,029 - INFO - EXPIRED
韩媒：韩国前总统文在寅女儿因涉酒驾被立案
https://new.qq.com/rain/a/20241006A038X400

2024-10-08 04:09:08,497 - INFO - INVALID
中方：不能让安理会成为地缘对抗、集团政治的角斗场
https://new.qq.com/rain/a/20241008A01IIS00

2024-10-08 04:09:08,524 - INFO - INVALID
上海地铁两条线路接连故障，蓝色预警启动，网友：上班第一天就掉链子
https://new.qq.com/rain/a/20241008A028M600

2024-10-08 04:09:08,583 - INFO - INVALID
金融管理部门已进行窗口指导：银行信贷资金严禁违规进入股市
https://new.qq.com/rain/a/20241008A02HAD00

2024-10-08 04:09:08,694 - INFO - INVALID
日媒：内阁合影时石破茂被指“露肚子”引日本网民嘲讽，日本政府悄悄“P图”
https://new.qq.com/rain/a/20241008A01UDH00

2024-10-08 04:09:08,844 - INFO - INVALID
微信鸿蒙原生版开始内测邀请！超20款腾讯App陆续适配中
https://new.qq.com/rain/a/20241008A02XV200

2024-10-08 04:09:08,861 - INFO - INVALID
广东阳春血案背后，一场地界“模糊”的土地纠纷
https://new.qq.com/rain/a/20241008A019EA00

2024-10-08 04:09:08,881 - ERROR - ERROR
商家推出肠道菌群移植项目，供体来自大学生，菌群能移植吗？真有用吗？
https://view.inews.qq.com/a/20241008Q011HU00
('list index out of range',)
======
Traceback (most recent call last):
  File "/home/runner/work/qqnews/qqnews/qq.py", line 81, in process_article
    ss = str(tmpbs.select("div.LEFT div.content.clearfix")[0])
             ~~~~~~~~~~~~~~~~~~~~~~~~~~~~~~~~~~~~~~~~~~~~~^^^
IndexError: list index out of range


2024-10-08 04:09:08,916 - INFO - INVALID
美股齐跌约1%，中概指数V型反弹，美债收益率升破4%，油价涨近4%
https://new.qq.com/rain/a/20241008A00QAG00

2024-10-08 04:09:09,029 - INFO - INVALID
无罪！男子捉奸收情夫2.5万“赔偿”被判敲诈勒索，获刑半年再审改判
https://new.qq.com/rain/a/20241008A03ED200

2024-10-08 04:09:09,184 - INFO - INVALID
男子抱娃坐公交，孩子上身棉服下身光裸，山东女司机报警后借车追踪
https://new.qq.com/rain/a/20241008A02IOE00

2024-10-08 04:09:09,197 - INFO - INVALID
女子转卖父母生前处方药被判贩毒罪：发回重审后检方撤诉
https://new.qq.com/rain/a/20241008A00WWD00

2024-10-08 05:00:46,057 - INFO - EXPIRED
中纪委通报：前司法部长违规干预司法，纪检“内鬼”大肆敛财
https://new.qq.com/rain/a/20241007A072QQ00

2024-10-08 05:00:46,057 - INFO - EXPIRED
救护车拉警笛运送病重婴儿，轿车占应急车道不让路，交警：扣9分罚300
https://new.qq.com/rain/a/20241007V06Y5X00

2024-10-08 05:00:46,057 - INFO - EXPIRED
“专挑软柿子捏，只知道指责中国”，美国贸易代表戴琪挨批
https://new.qq.com/rain/a/20241007A076LY00

2024-10-08 05:00:46,057 - INFO - EXPIRED
神秘的哀牢山里究竟有什么？监控记录16小时拍到山里的“居民们”
https://new.qq.com/rain/a/20241007V04PXW00

2024-10-08 05:00:46,057 - INFO - EXPIRED
出境未报备，给买烟钱可通融？昆明边检：外省公安在机场工作组的行为
https://new.qq.com/rain/a/20241007A05VZA00

2024-10-08 05:00:46,057 - INFO - EXPIRED
拐走12个家庭的17个孩子，人贩子余华英本周将再次受审
https://new.qq.com/rain/a/20241007A05EWF00

2024-10-08 05:00:46,057 - INFO - EXPIRED
女子孕期被要求调岗、月薪缩水3000元，拒绝后被辞退，公司回应
https://new.qq.com/rain/a/20241007A07EBZ00

2024-10-08 05:00:46,057 - INFO - EXPIRED
撬门锁拔监控，为躲清山藏树林，多名游客被终身禁入四川稻城亚丁景区
https://new.qq.com/rain/a/20241007A074UU00

2024-10-08 05:00:46,057 - INFO - EXPIRED
冰岛“都是自己人”、埃菲尔铁塔前站满中国游客，熟悉的感觉回来了
https://new.qq.com/rain/a/20241007A05U7R00

2024-10-08 05:00:46,057 - INFO - EXPIRED
数十辆车轮胎在高速被扎成“刺猬”，高速开车怎么发现车胎被扎？发现后怎么办？
https://view.inews.qq.com/a/20241007Q06J5F00

2024-10-08 05:00:46,057 - INFO - EXPIRED
俄三防部队司令：乌军使用化学武器攻击俄军 西方提供支持
https://new.qq.com/rain/a/20241007A05X3F00

2024-10-08 05:00:46,057 - INFO - EXPIRED
股价大涨，上市公司股东“扎堆”减持，这些A股突发减持公告
https://new.qq.com/rain/a/20241007A07DMG00

2024-10-08 05:00:46,057 - INFO - EXPIRED
济南街头多名摩托车手深夜“炸街”飙车放烟花，警方：现场实施了抓捕行动
https://new.qq.com/rain/a/20241007A0601U00

2024-10-08 05:00:46,057 - INFO - EXPIRED
司法部原部长、原候补中央委员唐一军，国庆长假最后一天被“双开”
https://new.qq.com/rain/a/20241007A06NWM00

2024-10-08 05:00:46,057 - INFO - EXPIRED
事发两个月后，印度女实习医生遭奸杀案唯一嫌疑人被正式提控
https://new.qq.com/rain/a/20241007A07LXE00

2024-10-08 05:00:46,057 - INFO - EXPIRED
新一轮巴以冲突一周年，会像俄乌一样陷入漫长对峙吗？谁会先倒下？
https://view.inews.qq.com/a/20241007Q03KKQ00

2024-10-08 05:00:46,057 - INFO - EXPIRED
东北雨姐删除道歉视频，账号七天未更新，网友称拍摄基地已人去房空
https://new.qq.com/rain/a/20241007A05FS700

2024-10-08 05:00:46,057 - INFO - EXPIRED
韩国总统时隔13年访菲谈及南海，菲学者炒作“对抗中国”
https://new.qq.com/rain/a/20241007A073GM00

2024-10-08 05:00:46,057 - INFO - EXPIRED
旅客称在昆明长水机场海关被一“民警”私下索要100元，警方回应
https://new.qq.com/rain/a/20241007V05WEG00

2024-10-08 05:00:46,057 - INFO - EXPIRED
两人因发现微RNA分享诺贝尔生理学或医学奖，这成果有多牛？对普通人有什么影响？
https://view.inews.qq.com/a/20241007Q05Q9200

2024-10-08 05:00:46,057 - INFO - EXPIRED
专家：10月份的全国人大常委会会议将是观察财政增量政策的时间窗口
https://new.qq.com/rain/a/20241007A06OWK00

2024-10-08 05:00:46,057 - INFO - EXPIRED
覃海洋工作室发声：嫖娼等相关不实言论恶意中伤诋毁，必要时将报案
https://new.qq.com/rain/a/20241007A05XES00

2024-10-08 05:00:46,057 - INFO - EXPIRED
中资企业车队在巴基斯坦遭恐怖袭击，致中方人员2死1伤，外交部回应
https://new.qq.com/rain/a/20241007A068RC00

2024-10-08 05:00:46,057 - INFO - EXPIRED
假期有同学办完婚礼累到不想说话，还有人干脆不办酒席，现在年轻人还流行办婚礼吗？
https://view.inews.qq.com/a/20240926Q06PHM00

2024-10-08 05:00:46,057 - INFO - EXPIRED
又一世界级超级工程，来了
https://new.qq.com/rain/a/20241007A04F1900

2024-10-08 05:00:46,057 - INFO - EXPIRED
安徽阜阳颍州区：环卫工人、快递员、外卖员等购买新房，全额补助契税
https://new.qq.com/rain/a/20241007A04RJB00

2024-10-08 05:00:46,057 - INFO - EXPIRED
以防长警告伊朗若伤害以色列，可能变成加沙，以色列这么牛？伊朗会怕他吗？
https://view.inews.qq.com/a/20241007Q02U1W00

2024-10-08 05:00:46,057 - INFO - EXPIRED
中企车队在巴基斯坦遭恐袭，致中方人员2死1伤，巴基斯坦总理强烈谴责
https://new.qq.com/rain/a/20241007A03QCE00

2024-10-08 05:00:46,057 - INFO - EXPIRED
男子花20万买二手小米SU7，回家后遭原车主远程锁车
https://new.qq.com/rain/a/20241007A03L1J00

2024-10-08 05:00:46,057 - INFO - EXPIRED
郭广昌：股票上涨财富效应带来的消费意愿提升会逐渐反应到经济中去
https://new.qq.com/rain/a/20241007A04ELE00

2024-10-08 05:00:46,057 - INFO - EXPIRED
新郎将18万彩礼转到新娘账户，娘家人阻拦婚车被报警，问题出在哪？彩礼应该打给谁？
https://view.inews.qq.com/a/20241007Q02FX500

2024-10-08 05:00:46,057 - INFO - EXPIRED
以色列发生恐袭案，19岁女警身亡，凶手亲戚9年前在同一地点制造血案
https://new.qq.com/rain/a/20241007A01E4100

2024-10-08 05:00:46,057 - INFO - EXPIRED
浙江宁波一电动汽车冲进医院急诊大厅？医院：司机操作失误，无伤亡
https://new.qq.com/rain/a/20241007A0417M00

2024-10-08 05:00:46,057 - INFO - EXPIRED
印尼媒体警告石破茂：不要自取其辱，东盟不感兴趣
https://new.qq.com/rain/a/20241006A06FFB00

2024-10-08 05:00:46,057 - INFO - EXPIRED
分歧加深？外媒：美副总统哈里斯拒绝回答“内塔尼亚胡是否是真正的亲密盟友”
https://new.qq.com/rain/a/20241007A01RTU00

2024-10-08 05:00:46,057 - INFO - EXPIRED
山东两女幼师出租屋遇害案将开庭，死者父亲：上次因嫌犯情绪问题休庭
https://new.qq.com/rain/a/20241007A01UZJ00

2024-10-08 05:00:46,057 - INFO - EXPIRED
印媒：印拟向全球推广“印度制造”
https://new.qq.com/rain/a/20241006A062TH00

2024-10-08 05:00:46,057 - INFO - EXPIRED
俄国防部公布视频！俄军用“柳叶刀”巡飞弹摧毁乌军自行火炮
https://new.qq.com/rain/a/20241007A01PR300

2024-10-08 05:00:46,057 - INFO - EXPIRED
新一轮巴以冲突一周年，以色列、哈马斯各自赞许己方“战果”
https://new.qq.com/rain/a/20241007A02XQ700

2024-10-08 05:00:46,057 - INFO - EXPIRED
青海西宁某商务宾馆辱骂游客？官方：辞退涉事员工，出具书面道歉信
https://new.qq.com/rain/a/20241007A00ZEX00

2024-10-08 05:00:46,057 - INFO - EXPIRED
3名未成年人被控涉嫌谋划在德国恐袭，检方：3人受“伊斯兰国”影响
https://new.qq.com/rain/a/20241006A06NHS00

2024-10-08 05:00:46,057 - INFO - EXPIRED
河南淮滨一​新郎接亲被加要18万彩礼，新娘家人阻拦婚车？官方通报
https://new.qq.com/rain/a/20241007A0185700

2024-10-08 05:00:46,057 - INFO - EXPIRED
亏损裁员、订单流失，欧洲动力电池“全村的希望”深陷困境
https://new.qq.com/rain/a/20241007A00ZQS00

2024-10-08 05:00:46,057 - INFO - EXPIRED
工作多年，我在好几个城市打工，等我退休后我在哪里领养老金？这事儿需要规划下吗？
https://view.inews.qq.com/a/20240930Q02DKP00

2024-10-08 05:00:46,058 - INFO - EXPIRED
河南一医院有老鼠在病房“飞檐走壁”？医院：已堵住老鼠洞并加强消杀
https://new.qq.com/rain/a/20241007A01QOV00

2024-10-08 05:00:46,058 - INFO - EXPIRED
中国驻巴基斯坦使馆关于卡西姆港发电有限公司车队遭遇恐怖袭击的声明
https://new.qq.com/rain/a/20241007A00U3Q00

2024-10-08 05:00:46,058 - INFO - EXPIRED
9月末我国外汇储备规模为33164亿美元 环比上升282亿美元
https://new.qq.com/rain/a/20241007A023CE00

2024-10-08 05:00:46,058 - INFO - EXPIRED
巴以冲突爆发一周年，是时候算算经济账了
https://new.qq.com/rain/a/20241007A025MA00

2024-10-08 05:00:46,058 - INFO - EXPIRED
巴以冲突一年致4.2万巴勒斯坦人丧生，全球多地爆发反战游行
https://new.qq.com/rain/a/20241007A007Y200

2024-10-08 05:00:46,058 - INFO - EXPIRED
奥运金牌和诺奖金牌都是金牌，哪个黄金的含量更高？
https://view.inews.qq.com/a/20241005Q06L5O00

2024-10-08 05:00:46,058 - INFO - EXPIRED
“我都这把年纪了，要我死？”菲律宾前总统杜特尔特否认竞选参议员
https://new.qq.com/rain/a/20241006A04YSV00

2024-10-08 05:00:46,058 - INFO - EXPIRED
新一轮巴以冲突一周年：冲突前后加沙城对比画面，街道变为废墟
https://new.qq.com/rain/a/20241007V00WR200

2024-10-08 05:00:46,058 - INFO - EXPIRED
中国游客亲历泰国清迈洪灾：坐军用皮卡从酒店撤离，洪水没到大腿根
https://new.qq.com/rain/a/20241006A06ZI100

2024-10-08 05:00:46,058 - INFO - EXPIRED
美国要退役国际空间站？几年内太空中或将再没有NASA宇航员
https://new.qq.com/rain/a/20241007A00XF900

2024-10-08 05:00:46,058 - INFO - EXPIRED
“轰一声山垮了” 贵州桐梓山体塌方一女孩失联 目击者：土石覆盖公路
https://new.qq.com/rain/a/20241006V06LJI00

2024-10-08 05:00:46,058 - INFO - EXPIRED
擅自进入未开发区域并毁坏物资，四川稻城亚丁景区通报：8人终身禁入
https://new.qq.com/rain/a/20241006A0703600

2024-10-08 05:00:46,058 - INFO - EXPIRED
庐山景区泡面开水收费5元？景区：游客未支付，将增加免费热水供应点
https://new.qq.com/rain/a/20241006A077AU00

2024-10-08 05:00:46,058 - INFO - EXPIRED
欠债400万，中国“淘金客”在非洲“翻盘”
https://new.qq.com/rain/a/20241006A06CJF00

2024-10-08 05:00:46,058 - INFO - EXPIRED
印度与美国签协议加强电池关键矿物供应链，还将拉第三国入伙
https://new.qq.com/rain/a/20241006A06HB800

2024-10-08 05:00:46,058 - INFO - EXPIRED
知名歌手将沔阳读成丐阳，自嘲没文化，你还知道哪些生僻地名？背后有什么故事？
https://view.inews.qq.com/a/20241006Q05RD600

2024-10-08 05:00:46,058 - INFO - EXPIRED
以色列贝尔谢巴中央汽车站疑似发生恐怖袭击 已致一人死亡
https://new.qq.com/rain/a/20241006A06EZC00

2024-10-08 05:00:46,058 - INFO - EXPIRED
新一轮巴以冲突爆发一周年，内塔尼亚胡：以色列正在7条战线上作战
https://new.qq.com/rain/a/20241006A05G3600

2024-10-08 05:00:46,058 - INFO - EXPIRED
河南一新郎接亲被加要18万彩礼婚车被拦，乡政府：有人冒名发布情况说明，已报警
https://new.qq.com/rain/a/20241006A063P800

2024-10-08 05:00:46,058 - INFO - EXPIRED
向松祚：不要错误解读人民银行的货币政策工具
https://new.qq.com/rain/a/20241006A066PL00

2024-10-08 05:00:46,058 - INFO - EXPIRED
马龙赛后采访：恭喜林诗栋夺冠 输掉决赛对我来说不是失败 
https://new.qq.com/rain/a/20241006V06MK700

2024-10-08 05:00:46,058 - INFO - EXPIRED
印度空军参谋长：空军要“遵守时间表”追赶中国
https://new.qq.com/rain/a/20241006A049IZ00

2024-10-08 05:00:46,058 - INFO - EXPIRED
日媒：日方将归还中国16只朱鹮
https://new.qq.com/rain/a/20241006A04GH800

2024-10-08 05:00:46,058 - INFO - EXPIRED
云南哀牢山突然爆火，这种原始森林深处有多凶险？如果迷路了怎么办？
https://view.inews.qq.com/a/20241006Q03HEJ00

2024-10-08 05:00:46,058 - INFO - EXPIRED
特朗普被曝曾询问普京“美国是否应向乌供武”，普京：这是个“错误”
https://new.qq.com/rain/a/20241006A04J7K00

2024-10-08 05:00:46,058 - INFO - EXPIRED
卡塔尔官员：哈马斯领导人辛瓦尔依然活着，只用笔纸交流
https://new.qq.com/rain/a/20241006A04HST00

2024-10-08 05:00:46,058 - INFO - EXPIRED
台湾海峡中部发生3.7级地震
https://new.qq.com/rain/a/20241006A04YKV00

2024-10-08 05:00:46,058 - INFO - EXPIRED
孩子从行李箱上滑落摔伤已发生多起，千万别这样“遛娃”
https://new.qq.com/rain/a/20241006A04QUP00

2024-10-08 05:00:46,058 - INFO - EXPIRED
山东菏泽鄄城警方通报：重大刑事案件69岁犯罪嫌疑人已被抓获归案
https://new.qq.com/rain/a/20241006A04HI500

2024-10-08 05:00:46,058 - INFO - EXPIRED
甘肃走失2岁女童确认遇难，警方：系溺水身亡，遗体在60公里外被发现
https://new.qq.com/rain/a/20241006A05N8L00

2024-10-08 05:00:46,058 - INFO - EXPIRED
韩最大在野党称将再次提交《金建希独检法案》，有可能通过吗？
https://view.inews.qq.com/a/20241005Q02F0C00

2024-10-08 05:00:46,058 - INFO - EXPIRED
国新办10月8日将举行新闻发布会，发改委主任及4位副主任一同出席
https://new.qq.com/rain/a/20241006A03WXD00

2024-10-08 05:00:46,058 - INFO - EXPIRED
河南一男子被困商场电梯30分钟无人管？工作人员：正确认紧急按钮问题
https://new.qq.com/rain/a/20241006A03BNJ00

2024-10-08 05:00:46,058 - INFO - EXPIRED
小车司机因错过高速出口，急刹倒车致后方三车追尾，又迅速驶离
https://new.qq.com/rain/a/20241006V01IDL00

2024-10-08 05:00:46,058 - INFO - EXPIRED
出口和工业生产强劲，越南第三季度GDP增速意外加速至7.4%
https://new.qq.com/rain/a/20241006A03VNY00

2024-10-08 05:00:46,058 - INFO - EXPIRED
飞18小时去非洲看动物大迁徙、花几十万去南极和企鹅握手……现在年轻人旅行有多会玩？
https://view.inews.qq.com/a/20240928Q08DJ500

2024-10-08 05:00:46,058 - INFO - EXPIRED
男子遗失手机向警方求助，意外找到失联6年的亲人
https://new.qq.com/rain/a/20241006A02S8500

2024-10-08 05:00:46,058 - INFO - EXPIRED
小渔村被赵丽颖带火，一年银行存款增加2.43亿，旅游对地方和个人的改变能有多大？
https://view.inews.qq.com/a/20240925Q09Z9000

2024-10-08 05:00:46,058 - INFO - EXPIRED
湖南浏阳一烟花厂库房发生爆炸 居民称震动波致自家房屋受损 当地回应
https://new.qq.com/rain/a/20241006V03GIO00

2024-10-08 05:00:46,058 - INFO - EXPIRED
突发！新西兰一艘5700吨军舰沉没
https://new.qq.com/rain/a/20241006A01LPI00

2024-10-08 05:00:46,058 - INFO - EXPIRED
美国白宫附近举行支持巴勒斯坦示威活动 一男子在现场自焚
https://new.qq.com/rain/a/20241006A01RRC00

2024-10-08 05:00:46,058 - INFO - EXPIRED
“没停车就要收费吗”，男子驾车路过小区被收穿行费，当地：闻所未闻
https://new.qq.com/rain/a/20241006A01JAO00

2024-10-08 05:00:46,058 - INFO - EXPIRED
借用及出借证券期货账户，超级牛散王孝安、方士雄遭证监会顶格处罚
https://new.qq.com/rain/a/20241006A025NY00

2024-10-08 05:00:46,058 - INFO - EXPIRED
有员工卡里突然多了十余万，比亚迪：发放利润奖
https://new.qq.com/rain/a/20241006A01LN500

2024-10-08 05:00:46,422 - INFO - INVALID
女子转卖父母生前处方药被判贩毒罪：发回重审后检方撤诉
https://new.qq.com/rain/a/20241008A00WWD00

2024-10-08 05:00:46,427 - INFO - INVALID
女子实名举报被四川巴中中学纪委书记强暴 当地纪委：正在调查核实
https://new.qq.com/rain/a/20241008A03ZGX00

2024-10-08 05:00:46,432 - INFO - INVALID
日媒：内阁合影时石破茂被指“露肚子”引日本网民嘲讽，日本政府悄悄“P图”
https://new.qq.com/rain/a/20241008A01UDH00

2024-10-08 05:00:46,501 - INFO - INVALID
中方：不能让安理会成为地缘对抗、集团政治的角斗场
https://new.qq.com/rain/a/20241008A01IIS00

2024-10-08 05:00:46,508 - INFO - INVALID
金融管理部门已进行窗口指导：银行信贷资金严禁违规进入股市
https://new.qq.com/rain/a/20241008A02HAD00

2024-10-08 05:00:46,671 - INFO - INVALID
词曲作家付林去世，享年78岁，《小螺号》温暖多少人的童年
https://new.qq.com/rain/a/20241008A03XD100

2024-10-08 05:00:46,746 - INFO - INVALID
广东阳春血案背后，一场地界“模糊”的土地纠纷
https://new.qq.com/rain/a/20241008A019EA00

2024-10-08 05:00:46,771 - INFO - INVALID
上海地铁两条线路接连故障，蓝色预警启动，网友：上班第一天就掉链子
https://new.qq.com/rain/a/20241008A028M600

2024-10-08 05:00:46,805 - INFO - INVALID
微信鸿蒙原生版开始内测邀请！超20款腾讯App陆续适配中
https://new.qq.com/rain/a/20241008A02XV200

2024-10-08 05:00:46,912 - INFO - INVALID
无罪！男子捉奸收情夫2.5万“赔偿”被判敲诈勒索，获刑半年再审改判
https://new.qq.com/rain/a/20241008A03ED200

2024-10-08 05:00:46,987 - INFO - INVALID
美股齐跌约1%，中概指数V型反弹，美债收益率升破4%，油价涨近4%
https://new.qq.com/rain/a/20241008A00QAG00

2024-10-08 05:00:47,005 - INFO - INVALID
男子抱娃坐公交，孩子上身棉服下身光裸，山东女司机报警后借车追踪
https://new.qq.com/rain/a/20241008A02IOE00

