2025-11-07 00:40:58,030 - INFO - Total time taken: {'ret': 0, 'msg': 'success', 'data': None}
2025-11-07 00:40:58,030 - INFO - 'NoneType' object is not subscriptable
2025-11-07 00:40:58,030 - INFO - Traceback (most recent call last):
  File "/home/runner/work/qqnews/qqnews/qq.py", line 128, in main
    for i in qq1["data"]["list"]:
             ~~~~~~~~~~~^^^^^^^^
TypeError: 'NoneType' object is not subscriptable

2025-11-07 02:23:46,284 - INFO - Total time taken: {'ret': 0, 'msg': 'success', 'data': None}
2025-11-07 02:23:46,284 - INFO - 'NoneType' object is not subscriptable
2025-11-07 02:23:46,284 - INFO - Traceback (most recent call last):
  File "/home/runner/work/qqnews/qqnews/qq.py", line 128, in main
    for i in qq1["data"]["list"]:
             ~~~~~~~~~~~^^^^^^^^
TypeError: 'NoneType' object is not subscriptable

2025-11-07 03:36:53,968 - INFO - Total time taken: {'ret': 0, 'msg': 'success', 'data': None}
2025-11-07 03:36:53,969 - INFO - 'NoneType' object is not subscriptable
2025-11-07 03:36:53,969 - INFO - Traceback (most recent call last):
  File "/home/runner/work/qqnews/qqnews/qq.py", line 128, in main
    for i in qq1["data"]["list"]:
             ~~~~~~~~~~~^^^^^^^^
TypeError: 'NoneType' object is not subscriptable

