2026-07-22 01:13:05,091 - INFO - Total time taken: {'ret': 0, 'msg': 'success', 'data': None}
2026-07-22 01:13:05,092 - INFO - 'NoneType' object is not subscriptable
2026-07-22 01:13:05,092 - INFO - Traceback (most recent call last):
  File "/home/runner/work/qqnews/qqnews/qq.py", line 128, in main
    for i in qq1["data"]["list"]:
             ~~~~~~~~~~~^^^^^^^^
TypeError: 'NoneType' object is not subscriptable

2026-07-22 04:53:20,238 - INFO - Total time taken: {'ret': 0, 'msg': 'success', 'data': None}
2026-07-22 04:53:20,238 - INFO - 'NoneType' object is not subscriptable
2026-07-22 04:53:20,239 - INFO - Traceback (most recent call last):
  File "/home/runner/work/qqnews/qqnews/qq.py", line 128, in main
    for i in qq1["data"]["list"]:
             ~~~~~~~~~~~^^^^^^^^
TypeError: 'NoneType' object is not subscriptable

2026-07-22 07:26:49,391 - INFO - Total time taken: {'ret': 0, 'msg': 'success', 'data': None}
2026-07-22 07:26:49,391 - INFO - 'NoneType' object is not subscriptable
2026-07-22 07:26:49,392 - INFO - Traceback (most recent call last):
  File "/home/runner/work/qqnews/qqnews/qq.py", line 128, in main
    for i in qq1["data"]["list"]:
             ~~~~~~~~~~~^^^^^^^^
TypeError: 'NoneType' object is not subscriptable

2026-07-22 10:09:26,441 - INFO - Total time taken: {'ret': 0, 'msg': 'success', 'data': None}
2026-07-22 10:09:26,441 - INFO - 'NoneType' object is not subscriptable
2026-07-22 10:09:26,442 - INFO - Traceback (most recent call last):
  File "/home/runner/work/qqnews/qqnews/qq.py", line 128, in main
    for i in qq1["data"]["list"]:
             ~~~~~~~~~~~^^^^^^^^
TypeError: 'NoneType' object is not subscriptable

2026-07-22 12:18:17,950 - INFO - Total time taken: {'ret': 0, 'msg': 'success', 'data': None}
2026-07-22 12:18:17,950 - INFO - 'NoneType' object is not subscriptable
2026-07-22 12:18:17,950 - INFO - Traceback (most recent call last):
  File "/home/runner/work/qqnews/qqnews/qq.py", line 128, in main
    for i in qq1["data"]["list"]:
             ~~~~~~~~~~~^^^^^^^^
TypeError: 'NoneType' object is not subscriptable

2026-07-22 14:50:32,241 - INFO - Total time taken: {'ret': 0, 'msg': 'success', 'data': None}
2026-07-22 14:50:32,242 - INFO - 'NoneType' object is not subscriptable
2026-07-22 14:50:32,242 - INFO - Traceback (most recent call last):
  File "/home/runner/work/qqnews/qqnews/qq.py", line 128, in main
    for i in qq1["data"]["list"]:
             ~~~~~~~~~~~^^^^^^^^
TypeError: 'NoneType' object is not subscriptable

