2026-07-19 01:13:47,292 - INFO - Total time taken: {'ret': 0, 'msg': 'success', 'data': None}
2026-07-19 01:13:47,292 - INFO - 'NoneType' object is not subscriptable
2026-07-19 01:13:47,292 - INFO - Traceback (most recent call last):
  File "/home/runner/work/qqnews/qqnews/qq.py", line 128, in main
    for i in qq1["data"]["list"]:
             ~~~~~~~~~~~^^^^^^^^
TypeError: 'NoneType' object is not subscriptable

2026-07-19 04:56:00,493 - INFO - Total time taken: {'ret': 0, 'msg': 'success', 'data': None}
2026-07-19 04:56:00,493 - INFO - 'NoneType' object is not subscriptable
2026-07-19 04:56:00,493 - INFO - Traceback (most recent call last):
  File "/home/runner/work/qqnews/qqnews/qq.py", line 128, in main
    for i in qq1["data"]["list"]:
             ~~~~~~~~~~~^^^^^^^^
TypeError: 'NoneType' object is not subscriptable

2026-07-19 07:18:54,425 - INFO - Total time taken: {'ret': 0, 'msg': 'success', 'data': None}
2026-07-19 07:18:54,426 - INFO - 'NoneType' object is not subscriptable
2026-07-19 07:18:54,426 - INFO - Traceback (most recent call last):
  File "/home/runner/work/qqnews/qqnews/qq.py", line 128, in main
    for i in qq1["data"]["list"]:
             ~~~~~~~~~~~^^^^^^^^
TypeError: 'NoneType' object is not subscriptable

2026-07-19 09:39:53,666 - INFO - Total time taken: {'ret': 0, 'msg': 'success', 'data': None}
2026-07-19 09:39:53,666 - INFO - 'NoneType' object is not subscriptable
2026-07-19 09:39:53,667 - INFO - Traceback (most recent call last):
  File "/home/runner/work/qqnews/qqnews/qq.py", line 128, in main
    for i in qq1["data"]["list"]:
             ~~~~~~~~~~~^^^^^^^^
TypeError: 'NoneType' object is not subscriptable

2026-07-19 11:00:49,554 - INFO - Total time taken: {'ret': 0, 'msg': 'success', 'data': None}
2026-07-19 11:00:49,554 - INFO - 'NoneType' object is not subscriptable
2026-07-19 11:00:49,555 - INFO - Traceback (most recent call last):
  File "/home/runner/work/qqnews/qqnews/qq.py", line 128, in main
    for i in qq1["data"]["list"]:
             ~~~~~~~~~~~^^^^^^^^
TypeError: 'NoneType' object is not subscriptable

2026-07-19 11:58:14,727 - INFO - Total time taken: {'ret': 0, 'msg': 'success', 'data': None}
2026-07-19 11:58:14,728 - INFO - 'NoneType' object is not subscriptable
2026-07-19 11:58:14,728 - INFO - Traceback (most recent call last):
  File "/home/runner/work/qqnews/qqnews/qq.py", line 128, in main
    for i in qq1["data"]["list"]:
             ~~~~~~~~~~~^^^^^^^^
TypeError: 'NoneType' object is not subscriptable

2026-07-19 13:00:57,169 - INFO - Total time taken: {'ret': 0, 'msg': 'success', 'data': None}
2026-07-19 13:00:57,169 - INFO - 'NoneType' object is not subscriptable
2026-07-19 13:00:57,170 - INFO - Traceback (most recent call last):
  File "/home/runner/work/qqnews/qqnews/qq.py", line 128, in main
    for i in qq1["data"]["list"]:
             ~~~~~~~~~~~^^^^^^^^
TypeError: 'NoneType' object is not subscriptable

2026-07-19 14:44:22,812 - INFO - Total time taken: {'ret': 0, 'msg': 'success', 'data': None}
2026-07-19 14:44:22,812 - INFO - 'NoneType' object is not subscriptable
2026-07-19 14:44:22,812 - INFO - Traceback (most recent call last):
  File "/home/runner/work/qqnews/qqnews/qq.py", line 128, in main
    for i in qq1["data"]["list"]:
             ~~~~~~~~~~~^^^^^^^^
TypeError: 'NoneType' object is not subscriptable

