2024-09-10 00:32:28,130 - INFO - EXPIRED
央企国企也不愿拿地了
https://new.qq.com/rain/a/20240909A09XJY00

2024-09-10 00:32:28,130 - INFO - EXPIRED
出席峰会后，多国总统的“其他行程”，有一个关键信息
https://new.qq.com/rain/a/20240909A09CCB00

2024-09-10 00:32:28,130 - INFO - EXPIRED
广西一青年飙车在医院门口摔车后身亡？当地殡仪馆：暂无家属来认尸
https://new.qq.com/rain/a/20240909A074J000

2024-09-10 00:32:28,130 - INFO - EXPIRED
开学家长会，老师强调教师节中秋千万别送礼：充话费我还得折本还
https://new.qq.com/rain/a/20240909V031FO00

2024-09-10 00:32:28,130 - INFO - EXPIRED
张杰演唱会编假手机号称是自己的，素人被骚扰到关机，机主可以告他吗？
https://view.inews.qq.com/a/20240909Q03QH600

2024-09-10 00:32:28,130 - INFO - EXPIRED
27岁网红健身博主溺亡：事发重庆南川“野”景点，当地已禁止游客进入
https://new.qq.com/rain/a/20240909A09WQC00

2024-09-10 00:32:28,130 - INFO - EXPIRED
村干部被举报20万倒卖500年古碑 村会计：村委发现有人想偷 干脆卖掉
https://new.qq.com/rain/a/20240909A097XG00

2024-09-10 00:32:28,130 - INFO - EXPIRED
“政治蜜月期”结束？最新民调：哈里斯支持率陷入停滞，被特朗普反超
https://new.qq.com/rain/a/20240909A09S5O00

2024-09-10 00:32:28,130 - INFO - EXPIRED
离奇的“黑吃黑”案：男子取走自己卡上20万，结果被采取刑事强制措施
https://new.qq.com/rain/a/20240909A08JON00

2024-09-10 00:32:28,130 - INFO - EXPIRED
宜宾原纪委书记向辉礼受贿被判12年：送1200万给情妇，被其检举家中藏匿赃款1500万
https://new.qq.com/rain/a/20240909A099Y300

2024-09-10 00:32:28,130 - INFO - EXPIRED
身上只剩400元，夫妻负债928万被宣告破产，债没还完三年后可申请免除
https://new.qq.com/rain/a/20240909A071J200

2024-09-10 00:32:28,130 - INFO - EXPIRED
你学生时代有遇到过能改变你一生的老师吗？经历了什么？
https://view.inews.qq.com/a/20240909Q02XYM00

2024-09-10 00:32:28,130 - INFO - EXPIRED
世卫组织总干事谭德塞：国际社会不能再视而不见，必须帮苏丹摆脱冲突
https://new.qq.com/rain/a/20240909A07UML00

2024-09-10 00:32:28,130 - INFO - EXPIRED
女格斗运动员遭强制猥亵后，因未反抗遭网暴，当事人发声
https://new.qq.com/rain/a/20240909A09UA100

2024-09-10 00:32:28,130 - INFO - EXPIRED
坚守在合资车企的中年人：最大的挑战是一边减员一边战斗
https://new.qq.com/rain/a/20240909A097TC00

2024-09-10 00:32:28,130 - INFO - EXPIRED
英国凯特王妃称已结束化疗疗程
https://new.qq.com/rain/a/20240909A0A0N900

2024-09-10 00:32:28,130 - INFO - EXPIRED
张杰演唱会公开他人手机号 工作室道歉
https://new.qq.com/rain/a/20240909A09KX600

2024-09-10 00:32:28,130 - INFO - EXPIRED
国足主场迎战沙特，你对国足最深刻的记忆是什么？
https://view.inews.qq.com/a/20240908Q037BP00

2024-09-10 00:32:28,130 - INFO - EXPIRED
一视频博主发布疑似“日本游客圆明园拍照被制止”视频引争议 其部分平台账号已不可见 
https://new.qq.com/rain/a/20240909A09C8N00

2024-09-10 00:32:28,130 - INFO - EXPIRED
刘德华演唱会突发意外！失足踏空流血不止，简单包扎继续表演
https://new.qq.com/rain/a/20240909A09QSB00

2024-09-10 00:32:28,130 - INFO - EXPIRED
法国为何爆发大规模抗议？
https://new.qq.com/rain/a/20240909A07P9M00

2024-09-10 00:32:28,130 - INFO - EXPIRED
蚂蚁集团将向全体股东分红，前两次分红超438亿元
https://new.qq.com/rain/a/20240909A094KL00

2024-09-10 00:32:28,131 - INFO - EXPIRED
以军总参谋长称该国北部地区处于高度戒备状态
https://new.qq.com/rain/a/20240909A09TDE00

2024-09-10 00:32:28,131 - INFO - EXPIRED
马斯克放言，4年内载人登火星，20年内殖民火星，你觉得他会放鸽子吗？
https://view.inews.qq.com/a/20240909Q09LGI00

2024-09-10 00:32:28,131 - INFO - EXPIRED
乌克兰用美国武器打击俄罗斯也不会扭转战局？媒体：美防长这话有意思
https://new.qq.com/rain/a/20240909A01D2V00

2024-09-10 00:32:28,131 - INFO - EXPIRED
包养情人生私生子、财产来源不明？广州白云区人社局一公务人员被举报
https://new.qq.com/rain/a/20240909A06K8L00

2024-09-10 00:32:28,131 - INFO - EXPIRED
贵州思南县通报一9岁男童在校离世：排除他杀，系意外导致
https://new.qq.com/rain/a/20240909A09IRC00

2024-09-10 00:32:28,131 - INFO - EXPIRED
女格斗运动员遭猥亵后报警处理，如果反击是否承担刑责？律师解读
https://new.qq.com/rain/a/20240909A04Z7X00

2024-09-10 00:32:28,131 - INFO - EXPIRED
超燃金句混剪！180秒带你回顾星空演讲高能输出
https://new.qq.com/rain/a/20240909V09DSM00

2024-09-10 00:32:28,131 - INFO - EXPIRED
年薪30万招聘女司机、提供空乘式服务？“天鹅驾到”再陷涉黄争议
https://new.qq.com/rain/a/20240909A05BEX00

2024-09-10 00:32:28,131 - INFO - EXPIRED
加快再造一个青岛港！青岛港总体规划获交通运输部、山东省政府联合批复
https://new.qq.com/rain/a/20240909A086FF00

2024-09-10 00:32:28,131 - INFO - EXPIRED
郑钦文等6人，拟记大功
https://new.qq.com/rain/a/20240909A05SE200

2024-09-10 00:32:28,131 - INFO - EXPIRED
杭州外卖“单王”猝死，知情人：他每天能挣五六百，只睡三四个小时
https://new.qq.com/rain/a/20240909A07QGJ00

2024-09-10 00:32:28,131 - INFO - EXPIRED
王海曝小杨哥卖假牛肉卷被罚50万？市监局：不清楚三只羊是否被罚
https://new.qq.com/rain/a/20240909A08PM600

2024-09-10 00:32:28,131 - INFO - EXPIRED
A股2700点保卫战近了！多只高位股天地板，但“老百姓”守住了涨停
https://new.qq.com/rain/a/20240909A058B000

2024-09-10 00:32:28,131 - INFO - EXPIRED
伊拉克防长：以美国为首联军将在两年内撤出，美方提议三年被否
https://new.qq.com/rain/a/20240909A07OZ200

2024-09-10 00:32:28,131 - INFO - EXPIRED
把单间换给政府官员？知名企业家“吐槽”在贵州一景区开会被“针对”
https://new.qq.com/rain/a/20240909A05FK700

2024-09-10 00:32:28,131 - INFO - EXPIRED
武汉一大桥有车辆撞断护栏落水 知情人：一人被打捞上岸 已无生命体征
https://new.qq.com/rain/a/20240909V08HUU00

2024-09-10 00:32:28,131 - INFO - EXPIRED
贵州茅台：将确保年度营收15%的增长目标如期完成 年底前推进中期分红
https://new.qq.com/rain/a/20240909A07VGZ00

2024-09-10 00:32:28,131 - INFO - EXPIRED
阿里巴巴等33只股票正式纳入港股通 9月10日起生效
https://new.qq.com/rain/a/20240909A08DSF00

2024-09-10 00:32:28,131 - INFO - EXPIRED
SpaceX重启“北极星黎明”任务 人类首次商业太空行走即将开启
https://new.qq.com/rain/a/20240909A08B3O00

2024-09-10 00:32:28,131 - INFO - EXPIRED
吉林长春一前任村支书被刺身亡，派出所：嫌犯已被抓获
https://new.qq.com/rain/a/20240909A06OT400

2024-09-10 00:32:28,131 - INFO - EXPIRED
外商独资医院设立、制造业外资准入有新规！商务部最新解读来了
https://new.qq.com/rain/a/20240909A07HDC00

2024-09-10 00:32:28,131 - INFO - EXPIRED
包凡辞任7个月，华兴资本控股复牌跌超66%！2年半亏损近10亿
https://new.qq.com/rain/a/20240909A06V6V00

2024-09-10 00:32:28,131 - INFO - EXPIRED
苹果新机首次在印度生产，他们能把苹果手机做好吗？你放心买吗？
https://view.inews.qq.com/a/20240909Q0548V00

2024-09-10 00:32:28,131 - INFO - EXPIRED
近5年全国彩票弃奖金额83.77亿元，为何这么多人放弃？不能线上兑奖吗？
https://view.inews.qq.com/a/20240909Q03VBP00

2024-09-10 00:32:28,131 - INFO - EXPIRED
广州一男子酒后当街调戏殴打女子，警方通报：行政拘留
https://new.qq.com/rain/a/20240909A0621V00

2024-09-10 00:32:28,131 - INFO - EXPIRED
水利部：珠江流域20条河流发生超警洪水
https://new.qq.com/rain/a/20240909A06V2P00

2024-09-10 00:32:28,131 - INFO - EXPIRED
我国首款猴痘疫苗获批临床
https://new.qq.com/rain/a/20240909A074HQ00

2024-09-10 00:32:28,131 - INFO - EXPIRED
外交部：对菲律宾媒体发布有关消息感到十分震惊，这种做法居心叵测
https://new.qq.com/rain/a/20240909A05AWA00

2024-09-10 00:32:28,131 - INFO - EXPIRED
舒惠好，已任财政部部长助理
https://new.qq.com/rain/a/20240909A06YWS00

2024-09-10 00:32:28,131 - INFO - EXPIRED
特斯拉数据标注员自曝工作状态：时薪仅20美元，上厕所都被追踪
https://new.qq.com/rain/a/20240909A058ZZ00

2024-09-10 00:32:28,131 - INFO - EXPIRED
贵州一小学4年级学生住校期间死亡，脖子上有勒痕？警方已介入调查
https://new.qq.com/rain/a/20240909V0698600

2024-09-10 00:32:28,131 - INFO - EXPIRED
社会公众对“统计造假”反映强烈，如何惩治？人大法工委回应
https://new.qq.com/rain/a/20240909A0399O00

2024-09-10 00:32:28,131 - INFO - EXPIRED
《人工智能安全治理框架》1.0版发布
https://new.qq.com/rain/a/20240909A06JSU00

2024-09-10 00:32:28,131 - INFO - EXPIRED
伊朗伊斯兰革命卫队司令誓言报复以色列
https://new.qq.com/rain/a/20240909A06DUV00

2024-09-10 00:32:28,131 - INFO - EXPIRED
韩酒店员工性侵中国女游客 检方求刑10年：受害人对韩国非常失望
https://new.qq.com/rain/a/20240909A053KH00

2024-09-10 00:32:28,131 - INFO - EXPIRED
财政部将在法国巴黎发行欧元主权债券 规模不超过20亿欧元
https://new.qq.com/rain/a/20240909A068E400

2024-09-10 00:32:28,131 - INFO - EXPIRED
武汉一小区楼房发出巨响后多处开裂：附近挖排污沉井导致，正修复加固
https://new.qq.com/rain/a/20240909V05ZB400

2024-09-10 00:32:28,131 - INFO - EXPIRED
“新”富士康回来了
https://new.qq.com/rain/a/20240909A04R8T00

2024-09-10 00:32:28,131 - INFO - EXPIRED
山东一女生被男同桌用铁锥扎数百下？官方：事发半年前，未达霸凌标准
https://new.qq.com/rain/a/20240909A03USV00

2024-09-10 00:32:28,131 - INFO - EXPIRED
历时45天！我国海警首次带直升机随舰公海飞行执法圆满完成
https://new.qq.com/rain/a/20240909A05O4O00

2024-09-10 00:32:28,131 - INFO - EXPIRED
柯文哲放弃上诉，将先羁押禁见2个月
https://new.qq.com/rain/a/20240909A04AYF00

2024-09-10 00:32:28,131 - INFO - EXPIRED
日本游客在圆明园拍照被制止 外交部：不会对任何国家采取歧视性做法
https://new.qq.com/rain/a/20240909V05ETH00

2024-09-10 00:32:28,131 - INFO - EXPIRED
罗永浩回应交个朋友卖燕窝：本人没卖过，管不了他们卖“智商税”产品
https://new.qq.com/rain/a/20240909A052KY00

2024-09-10 00:32:28,131 - INFO - EXPIRED
网传国航一航班因“单发失效”挂7700紧急代码返航，机场：系飞机故障
https://new.qq.com/rain/a/20240909A04JIF00

2024-09-10 00:32:28,131 - INFO - EXPIRED
愧疚没能给儿子一个健康身体，妈妈借钱也要创办心智障碍康复机构
https://new.qq.com/rain/a/20240909V05DB500

2024-09-10 00:32:28,131 - INFO - EXPIRED
足球有料 | 足协9月10日召开“假赌黑”专项整治会议，行业处罚将公布
https://new.qq.com/rain/a/20240909A04YU600

2024-09-10 00:32:28,131 - INFO - EXPIRED
A股三大股指涨跌互现：创业板指尾盘再度飘红，三桶油跌超2%
https://new.qq.com/rain/a/20240909A052NF00

2024-09-10 00:32:28,131 - INFO - EXPIRED
德国总理：为结束俄乌冲突，我和乌总统都认为俄方应出席下次和平峰会
https://new.qq.com/rain/a/20240909A048A500

2024-09-10 00:32:28,131 - INFO - EXPIRED
年均财富增长110% 马斯克有望成史上第一个万亿富翁 第二个或是印度人
https://new.qq.com/rain/a/20240909A02WVQ00

2024-09-10 00:32:28,131 - INFO - EXPIRED
A股收盘：沪指跌1.06%，互联网医疗板块走强
https://new.qq.com/rain/a/20240909A01RXT00

2024-09-10 00:32:28,131 - INFO - EXPIRED
越“规范”越严重？上海苏州河现大量无序放生，最多1天捞1吨死鱼
https://new.qq.com/rain/a/20240909A0111G00

2024-09-10 00:32:28,131 - INFO - EXPIRED
男子疑因“护士妻子出轨医生”自杀，其父：儿媳没来葬礼，家里换了锁
https://new.qq.com/rain/a/20240909A03UTQ00

2024-09-10 00:32:28,131 - INFO - EXPIRED
博主揭秘“中药打粉”骗局：打粉机器无刀片，假粉末掉包真药材
https://new.qq.com/rain/a/20240909A03OC200

2024-09-10 00:32:28,131 - INFO - EXPIRED
银行步入微利时代？住房贷款下降超3000亿，存款大增令行长们头疼
https://new.qq.com/rain/a/20240909A04LJJ00

2024-09-10 00:32:28,132 - INFO - EXPIRED
商务部：对原产于加拿大的进口油菜籽进行反倾销立案调查
https://new.qq.com/rain/a/20240909A04AEY00

2024-09-10 00:32:28,132 - INFO - EXPIRED
一年脱发胖30斤、患上焦虑症，老师究竟有多累？
https://view.inews.qq.com/a/20240909Q02OTC00

2024-09-10 00:32:28,132 - INFO - EXPIRED
泰国新总理佩通坦召开首次内阁会议：我不想再回答有关他信的问题
https://new.qq.com/rain/a/20240908A02NPD00

2024-09-10 00:32:28,132 - INFO - EXPIRED
特朗普“放话”对不用美元的国家征100%关税，这是在说谁？他敢来真的吗？
https://view.inews.qq.com/a/20240909Q022TX00

2024-09-10 00:32:28,132 - INFO - EXPIRED
8月CPI同比涨幅扩大、PPI下降，下阶段走势如何
https://new.qq.com/rain/a/20240909A02R0600

2024-09-10 00:32:28,132 - INFO - EXPIRED
现场：挪威首相抵京开启访华之旅
https://new.qq.com/rain/a/20240909V04BNE00

2024-09-10 00:32:28,132 - INFO - EXPIRED
杭州一外卖员疑猝死在路边电动车上，官方通报：死者55岁，已排除刑案
https://new.qq.com/rain/a/20240909A042YN00

2024-09-10 00:32:28,132 - INFO - EXPIRED
朝鲜国庆76周年，庆祝晚会在平壤举行
https://new.qq.com/rain/a/20240909V04CQ200

2024-09-10 00:32:28,132 - INFO - EXPIRED
俄罗斯军队将参加中方“北部·联合-2024”演习
https://new.qq.com/rain/a/20240909A036EN00

2024-09-10 00:32:28,132 - INFO - EXPIRED
女子因感情纠葛与男方母亲发生口角将其捅伤，警方：伤者抢救无效死亡
https://new.qq.com/rain/a/20240909A03NXJ00

2024-09-10 00:32:28,132 - INFO - EXPIRED
河南一女孩称家暴父亲出狱后不愿离婚，不断恐吓扬言“杀母亲全家”，妇联发声
https://new.qq.com/rain/a/20240909V03UFS00

2024-09-10 00:32:28,132 - INFO - EXPIRED
美国国会“中国周”将表决多项涉华法案，涉及香港、台湾
https://new.qq.com/rain/a/20240909A030TB00

2024-09-10 00:32:28,132 - INFO - EXPIRED
三部委拟允许多地设外商独资医院，“狼”来了是好事吗？国内医院慌不慌？
https://view.inews.qq.com/a/20240909Q0273N00

2024-09-10 00:32:28,132 - INFO - EXPIRED
传染病防治法拟完善疫情控制措施：严格限定适用条件
https://new.qq.com/rain/a/20240909A0352F00

2024-09-10 00:32:28,132 - INFO - EXPIRED
越南富寿省一大桥垮塌 多人落水
https://new.qq.com/rain/a/20240909A03SGZ00

2024-09-10 00:32:28,132 - INFO - EXPIRED
网红健身博主刘灿意外溺水身亡，友人：可能拍摄素材时发生意外
https://new.qq.com/rain/a/20240909A00Y6D00

2024-09-10 00:32:28,132 - INFO - EXPIRED
废弃房内发现高度腐败女尸，凶手被抓后坦言杀人后拿走20元现金逃离
https://new.qq.com/rain/a/20240909A01NA400

2024-09-10 00:32:28,132 - INFO - EXPIRED
9岁女孩外出“和同学玩”失联近一天后被发现溺亡 同学曾否认在一起
https://new.qq.com/rain/a/20240908A06HN800

2024-09-10 00:32:28,132 - INFO - EXPIRED
摁倒在地扇耳光、踹脸、拳击后脑勺，光头男子疑酒后当街调戏暴打女子
https://new.qq.com/rain/a/20240909A023SG00

2024-09-10 00:32:28,132 - INFO - EXPIRED
半年202亿砸研发！比亚迪一掷千金换回了什么?
https://new.qq.com/rain/a/20240909A02LHE00

2024-09-10 00:32:28,132 - INFO - EXPIRED
去年17.78亿元彩票弃奖，为何有这么多弃奖
https://new.qq.com/rain/a/20240908A012MJ00

2024-09-10 00:32:28,132 - INFO - EXPIRED
台首位外籍“政务顾问”是个日本拉面店老板？台媒：与赖清德渊源很深
https://new.qq.com/rain/a/20240908A05NKI00

2024-09-10 00:32:28,435 - INFO - INVALID
药明康德：现在和未来都不会对任何国家构成国家安全风险
https://new.qq.com/rain/a/20240910A00XGP00

2024-09-10 00:32:28,439 - INFO - INVALID
美股收盘：三大指数涨超1%，苹果首款AI手机亮相，股价勉强收涨
https://new.qq.com/rain/a/20240910A00SQ400

2024-09-10 02:05:16,709 - INFO - EXPIRED
广西一青年飙车在医院门口摔车后身亡？当地殡仪馆：暂无家属来认尸
https://new.qq.com/rain/a/20240909A074J000

2024-09-10 02:05:16,709 - INFO - EXPIRED
出席峰会后，多国总统的“其他行程”，有一个关键信息
https://new.qq.com/rain/a/20240909A09CCB00

2024-09-10 02:05:16,709 - INFO - EXPIRED
央企国企也不愿拿地了
https://new.qq.com/rain/a/20240909A09XJY00

2024-09-10 02:05:16,709 - INFO - EXPIRED
张杰演唱会编假手机号称是自己的，素人被骚扰到关机，机主可以告他吗？
https://view.inews.qq.com/a/20240909Q03QH600

2024-09-10 02:05:16,709 - INFO - EXPIRED
长三角“烧烤天”持续，市民：我和烤肉之间就差一撮孜然了
https://new.qq.com/rain/a/20240909A08QZP00

2024-09-10 02:05:16,709 - INFO - EXPIRED
27岁网红健身博主溺亡：事发重庆南川“野”景点，当地已禁止游客进入
https://new.qq.com/rain/a/20240909A09WQC00

2024-09-10 02:05:16,709 - INFO - EXPIRED
村干部被举报20万倒卖500年古碑 村会计：村委发现有人想偷 干脆卖掉
https://new.qq.com/rain/a/20240909A097XG00

2024-09-10 02:05:16,709 - INFO - EXPIRED
“政治蜜月期”结束？最新民调：哈里斯支持率陷入停滞，被特朗普反超
https://new.qq.com/rain/a/20240909A09S5O00

2024-09-10 02:05:16,709 - INFO - EXPIRED
离奇的“黑吃黑”案：男子取走自己卡上20万，结果被采取刑事强制措施
https://new.qq.com/rain/a/20240909A08JON00

2024-09-10 02:05:16,709 - INFO - EXPIRED
宜宾原纪委书记向辉礼受贿被判12年：送1200万给情妇，被其检举家中藏匿赃款1500万
https://new.qq.com/rain/a/20240909A099Y300

2024-09-10 02:05:16,709 - INFO - EXPIRED
身上只剩400元，夫妻负债928万被宣告破产，债没还完三年后可申请免除
https://new.qq.com/rain/a/20240909A071J200

2024-09-10 02:05:16,709 - INFO - EXPIRED
世卫组织总干事谭德塞：国际社会不能再视而不见，必须帮苏丹摆脱冲突
https://new.qq.com/rain/a/20240909A07UML00

2024-09-10 02:05:16,709 - INFO - EXPIRED
开学家长会，老师强调教师节中秋千万别送礼：充话费我还得折本还
https://new.qq.com/rain/a/20240909V031FO00

2024-09-10 02:05:16,709 - INFO - EXPIRED
女格斗运动员遭强制猥亵后，因未反抗遭网暴，当事人发声
https://new.qq.com/rain/a/20240909A09UA100

2024-09-10 02:05:16,709 - INFO - EXPIRED
坚守在合资车企的中年人：最大的挑战是一边减员一边战斗
https://new.qq.com/rain/a/20240909A097TC00

2024-09-10 02:05:16,709 - INFO - EXPIRED
英国凯特王妃称已结束化疗疗程
https://new.qq.com/rain/a/20240909A0A0N900

2024-09-10 02:05:16,709 - INFO - EXPIRED
张杰演唱会公开他人手机号 工作室道歉
https://new.qq.com/rain/a/20240909A09KX600

2024-09-10 02:05:16,709 - INFO - EXPIRED
国足主场迎战沙特，你对国足最深刻的记忆是什么？
https://view.inews.qq.com/a/20240908Q037BP00

2024-09-10 02:05:16,709 - INFO - EXPIRED
一视频博主发布疑似“日本游客圆明园拍照被制止”视频引争议 其部分平台账号已不可见 
https://new.qq.com/rain/a/20240909A09C8N00

2024-09-10 02:05:16,709 - INFO - EXPIRED
刘德华演唱会突发意外！失足踏空流血不止，简单包扎继续表演
https://new.qq.com/rain/a/20240909A09QSB00

2024-09-10 02:05:16,709 - INFO - EXPIRED
法国为何爆发大规模抗议？
https://new.qq.com/rain/a/20240909A07P9M00

2024-09-10 02:05:16,709 - INFO - EXPIRED
蚂蚁集团将向全体股东分红，前两次分红超438亿元
https://new.qq.com/rain/a/20240909A094KL00

2024-09-10 02:05:16,709 - INFO - EXPIRED
以军总参谋长称该国北部地区处于高度戒备状态
https://new.qq.com/rain/a/20240909A09TDE00

2024-09-10 02:05:16,709 - INFO - EXPIRED
马斯克放言，4年内载人登火星，20年内殖民火星，你觉得他会放鸽子吗？
https://view.inews.qq.com/a/20240909Q09LGI00

2024-09-10 02:05:16,709 - INFO - EXPIRED
乌克兰用美国武器打击俄罗斯也不会扭转战局？媒体：美防长这话有意思
https://new.qq.com/rain/a/20240909A01D2V00

2024-09-10 02:05:16,709 - INFO - EXPIRED
包养情人生私生子、财产来源不明？广州白云区人社局一公务人员被举报
https://new.qq.com/rain/a/20240909A06K8L00

2024-09-10 02:05:16,709 - INFO - EXPIRED
贵州思南县通报一9岁男童在校离世：排除他杀，系意外导致
https://new.qq.com/rain/a/20240909A09IRC00

2024-09-10 02:05:16,709 - INFO - EXPIRED
女格斗运动员遭猥亵后报警处理，如果反击是否承担刑责？律师解读
https://new.qq.com/rain/a/20240909A04Z7X00

2024-09-10 02:05:16,709 - INFO - EXPIRED
超燃金句混剪！180秒带你回顾星空演讲高能输出
https://new.qq.com/rain/a/20240909V09DSM00

2024-09-10 02:05:16,709 - INFO - EXPIRED
年薪30万招聘女司机、提供空乘式服务？“天鹅驾到”再陷涉黄争议
https://new.qq.com/rain/a/20240909A05BEX00

2024-09-10 02:05:16,709 - INFO - EXPIRED
加快再造一个青岛港！青岛港总体规划获交通运输部、山东省政府联合批复
https://new.qq.com/rain/a/20240909A086FF00

2024-09-10 02:05:16,709 - INFO - EXPIRED
郑钦文等6人，拟记大功
https://new.qq.com/rain/a/20240909A05SE200

2024-09-10 02:05:16,709 - INFO - EXPIRED
杭州外卖“单王”猝死，知情人：他每天能挣五六百，只睡三四个小时
https://new.qq.com/rain/a/20240909A07QGJ00

2024-09-10 02:05:16,709 - INFO - EXPIRED
王海曝小杨哥卖假牛肉卷被罚50万？市监局：不清楚三只羊是否被罚
https://new.qq.com/rain/a/20240909A08PM600

2024-09-10 02:05:16,709 - INFO - EXPIRED
A股2700点保卫战近了！多只高位股天地板，但“老百姓”守住了涨停
https://new.qq.com/rain/a/20240909A058B000

2024-09-10 02:05:16,709 - INFO - EXPIRED
伊拉克防长：以美国为首联军将在两年内撤出，美方提议三年被否
https://new.qq.com/rain/a/20240909A07OZ200

2024-09-10 02:05:16,709 - INFO - EXPIRED
把单间换给政府官员？知名企业家“吐槽”在贵州一景区开会被“针对”
https://new.qq.com/rain/a/20240909A05FK700

2024-09-10 02:05:16,709 - INFO - EXPIRED
武汉一大桥有车辆撞断护栏落水 知情人：一人被打捞上岸 已无生命体征
https://new.qq.com/rain/a/20240909V08HUU00

2024-09-10 02:05:16,710 - INFO - EXPIRED
贵州茅台：将确保年度营收15%的增长目标如期完成 年底前推进中期分红
https://new.qq.com/rain/a/20240909A07VGZ00

2024-09-10 02:05:16,710 - INFO - EXPIRED
阿里巴巴等33只股票正式纳入港股通 9月10日起生效
https://new.qq.com/rain/a/20240909A08DSF00

2024-09-10 02:05:16,710 - INFO - EXPIRED
SpaceX重启“北极星黎明”任务 人类首次商业太空行走即将开启
https://new.qq.com/rain/a/20240909A08B3O00

2024-09-10 02:05:16,710 - INFO - EXPIRED
吉林长春一前任村支书被刺身亡，派出所：嫌犯已被抓获
https://new.qq.com/rain/a/20240909A06OT400

2024-09-10 02:05:16,710 - INFO - EXPIRED
外商独资医院设立、制造业外资准入有新规！商务部最新解读来了
https://new.qq.com/rain/a/20240909A07HDC00

2024-09-10 02:05:16,710 - INFO - EXPIRED
包凡辞任7个月，华兴资本控股复牌跌超66%！2年半亏损近10亿
https://new.qq.com/rain/a/20240909A06V6V00

2024-09-10 02:05:16,710 - INFO - EXPIRED
苹果新机首次在印度生产，他们能把苹果手机做好吗？你放心买吗？
https://view.inews.qq.com/a/20240909Q0548V00

2024-09-10 02:05:16,710 - INFO - EXPIRED
近5年全国彩票弃奖金额83.77亿元，为何这么多人放弃？不能线上兑奖吗？
https://view.inews.qq.com/a/20240909Q03VBP00

2024-09-10 02:05:16,710 - INFO - EXPIRED
广州一男子酒后当街调戏殴打女子，警方通报：行政拘留
https://new.qq.com/rain/a/20240909A0621V00

2024-09-10 02:05:16,710 - INFO - EXPIRED
水利部：珠江流域20条河流发生超警洪水
https://new.qq.com/rain/a/20240909A06V2P00

2024-09-10 02:05:16,710 - INFO - EXPIRED
我国首款猴痘疫苗获批临床
https://new.qq.com/rain/a/20240909A074HQ00

2024-09-10 02:05:16,710 - INFO - EXPIRED
外交部：对菲律宾媒体发布有关消息感到十分震惊，这种做法居心叵测
https://new.qq.com/rain/a/20240909A05AWA00

2024-09-10 02:05:16,710 - INFO - EXPIRED
舒惠好，已任财政部部长助理
https://new.qq.com/rain/a/20240909A06YWS00

2024-09-10 02:05:16,710 - INFO - EXPIRED
特斯拉数据标注员自曝工作状态：时薪仅20美元，上厕所都被追踪
https://new.qq.com/rain/a/20240909A058ZZ00

2024-09-10 02:05:16,710 - INFO - EXPIRED
贵州一小学4年级学生住校期间死亡，脖子上有勒痕？警方已介入调查
https://new.qq.com/rain/a/20240909V0698600

2024-09-10 02:05:16,710 - INFO - EXPIRED
社会公众对“统计造假”反映强烈，如何惩治？人大法工委回应
https://new.qq.com/rain/a/20240909A0399O00

2024-09-10 02:05:16,710 - INFO - EXPIRED
《人工智能安全治理框架》1.0版发布
https://new.qq.com/rain/a/20240909A06JSU00

2024-09-10 02:05:16,710 - INFO - EXPIRED
伊朗伊斯兰革命卫队司令誓言报复以色列
https://new.qq.com/rain/a/20240909A06DUV00

2024-09-10 02:05:16,710 - INFO - EXPIRED
韩酒店员工性侵中国女游客 检方求刑10年：受害人对韩国非常失望
https://new.qq.com/rain/a/20240909A053KH00

2024-09-10 02:05:16,710 - INFO - EXPIRED
财政部将在法国巴黎发行欧元主权债券 规模不超过20亿欧元
https://new.qq.com/rain/a/20240909A068E400

2024-09-10 02:05:16,710 - INFO - EXPIRED
武汉一小区楼房发出巨响后多处开裂：附近挖排污沉井导致，正修复加固
https://new.qq.com/rain/a/20240909V05ZB400

2024-09-10 02:05:16,710 - INFO - EXPIRED
“新”富士康回来了
https://new.qq.com/rain/a/20240909A04R8T00

2024-09-10 02:05:16,710 - INFO - EXPIRED
山东一女生被男同桌用铁锥扎数百下？官方：事发半年前，未达霸凌标准
https://new.qq.com/rain/a/20240909A03USV00

2024-09-10 02:05:16,710 - INFO - EXPIRED
历时45天！我国海警首次带直升机随舰公海飞行执法圆满完成
https://new.qq.com/rain/a/20240909A05O4O00

2024-09-10 02:05:16,710 - INFO - EXPIRED
柯文哲放弃上诉，将先羁押禁见2个月
https://new.qq.com/rain/a/20240909A04AYF00

2024-09-10 02:05:16,710 - INFO - EXPIRED
日本游客在圆明园拍照被制止 外交部：不会对任何国家采取歧视性做法
https://new.qq.com/rain/a/20240909V05ETH00

2024-09-10 02:05:16,710 - INFO - EXPIRED
罗永浩回应交个朋友卖燕窝：本人没卖过，管不了他们卖“智商税”产品
https://new.qq.com/rain/a/20240909A052KY00

2024-09-10 02:05:16,710 - INFO - EXPIRED
网传国航一航班因“单发失效”挂7700紧急代码返航，机场：系飞机故障
https://new.qq.com/rain/a/20240909A04JIF00

2024-09-10 02:05:16,710 - INFO - EXPIRED
愧疚没能给儿子一个健康身体，妈妈借钱也要创办心智障碍康复机构
https://new.qq.com/rain/a/20240909V05DB500

2024-09-10 02:05:16,710 - INFO - EXPIRED
足球有料 | 足协9月10日召开“假赌黑”专项整治会议，行业处罚将公布
https://new.qq.com/rain/a/20240909A04YU600

2024-09-10 02:05:16,710 - INFO - EXPIRED
A股三大股指涨跌互现：创业板指尾盘再度飘红，三桶油跌超2%
https://new.qq.com/rain/a/20240909A052NF00

2024-09-10 02:05:16,710 - INFO - EXPIRED
德国总理：为结束俄乌冲突，我和乌总统都认为俄方应出席下次和平峰会
https://new.qq.com/rain/a/20240909A048A500

2024-09-10 02:05:16,710 - INFO - EXPIRED
年均财富增长110% 马斯克有望成史上第一个万亿富翁 第二个或是印度人
https://new.qq.com/rain/a/20240909A02WVQ00

2024-09-10 02:05:16,710 - INFO - EXPIRED
A股收盘：沪指跌1.06%，互联网医疗板块走强
https://new.qq.com/rain/a/20240909A01RXT00

2024-09-10 02:05:16,710 - INFO - EXPIRED
越“规范”越严重？上海苏州河现大量无序放生，最多1天捞1吨死鱼
https://new.qq.com/rain/a/20240909A0111G00

2024-09-10 02:05:16,710 - INFO - EXPIRED
男子疑因“护士妻子出轨医生”自杀，其父：儿媳没来葬礼，家里换了锁
https://new.qq.com/rain/a/20240909A03UTQ00

2024-09-10 02:05:16,710 - INFO - EXPIRED
博主揭秘“中药打粉”骗局：打粉机器无刀片，假粉末掉包真药材
https://new.qq.com/rain/a/20240909A03OC200

2024-09-10 02:05:16,710 - INFO - EXPIRED
银行步入微利时代？住房贷款下降超3000亿，存款大增令行长们头疼
https://new.qq.com/rain/a/20240909A04LJJ00

2024-09-10 02:05:16,710 - INFO - EXPIRED
商务部：对原产于加拿大的进口油菜籽进行反倾销立案调查
https://new.qq.com/rain/a/20240909A04AEY00

2024-09-10 02:05:16,710 - INFO - EXPIRED
一年脱发胖30斤、患上焦虑症，老师究竟有多累？
https://view.inews.qq.com/a/20240909Q02OTC00

2024-09-10 02:05:16,710 - INFO - EXPIRED
泰国新总理佩通坦召开首次内阁会议：我不想再回答有关他信的问题
https://new.qq.com/rain/a/20240908A02NPD00

2024-09-10 02:05:16,710 - INFO - EXPIRED
特朗普“放话”对不用美元的国家征100%关税，这是在说谁？他敢来真的吗？
https://view.inews.qq.com/a/20240909Q022TX00

2024-09-10 02:05:16,710 - INFO - EXPIRED
8月CPI同比涨幅扩大、PPI下降，下阶段走势如何
https://new.qq.com/rain/a/20240909A02R0600

2024-09-10 02:05:16,710 - INFO - EXPIRED
现场：挪威首相抵京开启访华之旅
https://new.qq.com/rain/a/20240909V04BNE00

2024-09-10 02:05:16,710 - INFO - EXPIRED
杭州一外卖员疑猝死在路边电动车上，官方通报：死者55岁，已排除刑案
https://new.qq.com/rain/a/20240909A042YN00

2024-09-10 02:05:16,710 - INFO - EXPIRED
朝鲜国庆76周年，庆祝晚会在平壤举行
https://new.qq.com/rain/a/20240909V04CQ200

2024-09-10 02:05:16,710 - INFO - EXPIRED
俄罗斯军队将参加中方“北部·联合-2024”演习
https://new.qq.com/rain/a/20240909A036EN00

2024-09-10 02:05:16,710 - INFO - EXPIRED
女子因感情纠葛与男方母亲发生口角将其捅伤，警方：伤者抢救无效死亡
https://new.qq.com/rain/a/20240909A03NXJ00

2024-09-10 02:05:16,710 - INFO - EXPIRED
河南一女孩称家暴父亲出狱后不愿离婚，不断恐吓扬言“杀母亲全家”，妇联发声
https://new.qq.com/rain/a/20240909V03UFS00

2024-09-10 02:05:16,710 - INFO - EXPIRED
美国国会“中国周”将表决多项涉华法案，涉及香港、台湾
https://new.qq.com/rain/a/20240909A030TB00

2024-09-10 02:05:16,710 - INFO - EXPIRED
三部委拟允许多地设外商独资医院，“狼”来了是好事吗？国内医院慌不慌？
https://view.inews.qq.com/a/20240909Q0273N00

2024-09-10 02:05:16,710 - INFO - EXPIRED
传染病防治法拟完善疫情控制措施：严格限定适用条件
https://new.qq.com/rain/a/20240909A0352F00

2024-09-10 02:05:16,710 - INFO - EXPIRED
越南富寿省一大桥垮塌 多人落水
https://new.qq.com/rain/a/20240909A03SGZ00

2024-09-10 02:05:17,809 - INFO - INVALID
美国众议院通过《生物安全法案》 该法案点名了药明康德等5家中国公司
https://new.qq.com/rain/a/20240910A014YX00

2024-09-10 02:05:18,412 - ERROR - ERROR
大爷在高速上“徒手拖卡车”？ 云南交警：系用身体遮挡车牌
https://new.qq.com/rain/a/20240910V01WGH00
('list index out of range',)
======
Traceback (most recent call last):
  File "/home/runner/work/qqnews/qqnews/qq.py", line 81, in process_article
    ss = str(tmpbs.select("div.LEFT div.content.clearfix")[0])
             ~~~~~~~~~~~~~~~~~~~~~~~~~~~~~~~~~~~~~~~~~~~~~^^^
IndexError: list index out of range


2024-09-10 02:05:19,035 - INFO - INVALID
港股开盘：恒指涨0.05%，恒生科技指数涨0.35%，蔚来涨超10%
https://new.qq.com/rain/a/20240910A01PGA00

2024-09-10 02:05:19,404 - INFO - INVALID
A股开盘：三大指数集体高开沪指涨0.05% 干细胞等板块涨幅居前
https://new.qq.com/rain/a/20240910A01QTV00

2024-09-10 02:05:19,557 - INFO - INVALID
军事预算缺口大，前线人员装备少，泽连斯基将赴美见拜登争取援助
https://new.qq.com/rain/a/20240910A00O0S00

2024-09-10 02:05:19,631 - INFO - INVALID
俄罗斯莫斯科主要机场均出现航班延误
https://new.qq.com/rain/a/20240910A01IG800

2024-09-10 02:05:20,076 - INFO - INVALID
药明康德：现在和未来都不会对任何国家构成国家安全风险
https://new.qq.com/rain/a/20240910A00XGP00

2024-09-10 02:05:20,875 - INFO - INVALID
美股收盘：三大指数涨超1%，苹果首款AI手机亮相，股价勉强收涨
https://new.qq.com/rain/a/20240910A00SQ400

2024-09-10 02:05:25,800 - INFO - SUCCESS
上午公布禁足名单 晚上国足战沙特 媒体人：今日必将载入中国足球史册
https://new.qq.com/rain/a/20240910A00M8D00

2024-09-10 03:08:43,606 - INFO - EXPIRED
身上只剩400元，夫妻负债928万被宣告破产，债没还完三年后可申请免除
https://new.qq.com/rain/a/20240909A071J200

2024-09-10 03:08:43,607 - INFO - EXPIRED
比市场价便宜400多万，“黑老大”南京豪宅603万元拍卖成交
https://new.qq.com/rain/a/20240909A08GCB00

2024-09-10 03:08:43,607 - INFO - EXPIRED
“政治蜜月期”结束？最新民调：哈里斯支持率陷入停滞，被特朗普反超
https://new.qq.com/rain/a/20240909A09S5O00

2024-09-10 03:08:43,607 - INFO - EXPIRED
出席峰会后，多国总统的“其他行程”，有一个关键信息
https://new.qq.com/rain/a/20240909A09CCB00

2024-09-10 03:08:43,607 - INFO - EXPIRED
央企国企也不愿拿地了
https://new.qq.com/rain/a/20240909A09XJY00

2024-09-10 03:08:43,607 - INFO - EXPIRED
张杰演唱会编假手机号称是自己的，素人被骚扰到关机，机主可以告他吗？
https://view.inews.qq.com/a/20240909Q03QH600

2024-09-10 03:08:43,607 - INFO - EXPIRED
长三角“烧烤天”持续，市民：我和烤肉之间就差一撮孜然了
https://new.qq.com/rain/a/20240909A08QZP00

2024-09-10 03:08:43,607 - INFO - EXPIRED
27岁网红健身博主溺亡：事发重庆南川“野”景点，当地已禁止游客进入
https://new.qq.com/rain/a/20240909A09WQC00

2024-09-10 03:08:43,607 - INFO - EXPIRED
村干部被举报20万倒卖500年古碑 村会计：村委发现有人想偷 干脆卖掉
https://new.qq.com/rain/a/20240909A097XG00

2024-09-10 03:08:43,607 - INFO - EXPIRED
离奇的“黑吃黑”案：男子取走自己卡上20万，结果被采取刑事强制措施
https://new.qq.com/rain/a/20240909A08JON00

2024-09-10 03:08:43,607 - INFO - EXPIRED
宜宾原纪委书记向辉礼受贿被判12年：送1200万给情妇，被其检举家中藏匿赃款1500万
https://new.qq.com/rain/a/20240909A099Y300

2024-09-10 03:08:43,607 - INFO - EXPIRED
广西一青年飙车在医院门口摔车后身亡？当地殡仪馆：暂无家属来认尸
https://new.qq.com/rain/a/20240909A074J000

2024-09-10 03:08:43,607 - INFO - EXPIRED
世卫组织总干事谭德塞：国际社会不能再视而不见，必须帮苏丹摆脱冲突
https://new.qq.com/rain/a/20240909A07UML00

2024-09-10 03:08:43,607 - INFO - EXPIRED
开学家长会，老师强调教师节中秋千万别送礼：充话费我还得折本还
https://new.qq.com/rain/a/20240909V031FO00

2024-09-10 03:08:43,607 - INFO - EXPIRED
女格斗运动员遭强制猥亵后，因未反抗遭网暴，当事人发声
https://new.qq.com/rain/a/20240909A09UA100

2024-09-10 03:08:43,607 - INFO - EXPIRED
坚守在合资车企的中年人：最大的挑战是一边减员一边战斗
https://new.qq.com/rain/a/20240909A097TC00

2024-09-10 03:08:43,607 - INFO - EXPIRED
英国凯特王妃称已结束化疗疗程
https://new.qq.com/rain/a/20240909A0A0N900

2024-09-10 03:08:43,607 - INFO - EXPIRED
张杰演唱会公开他人手机号 工作室道歉
https://new.qq.com/rain/a/20240909A09KX600

2024-09-10 03:08:43,607 - INFO - EXPIRED
国足主场迎战沙特，你对国足最深刻的记忆是什么？
https://view.inews.qq.com/a/20240908Q037BP00

2024-09-10 03:08:43,607 - INFO - EXPIRED
一视频博主发布疑似“日本游客圆明园拍照被制止”视频引争议 其部分平台账号已不可见 
https://new.qq.com/rain/a/20240909A09C8N00

2024-09-10 03:08:43,607 - INFO - EXPIRED
刘德华演唱会突发意外！失足踏空流血不止，简单包扎继续表演
https://new.qq.com/rain/a/20240909A09QSB00

2024-09-10 03:08:43,607 - INFO - EXPIRED
法国为何爆发大规模抗议？
https://new.qq.com/rain/a/20240909A07P9M00

2024-09-10 03:08:43,607 - INFO - EXPIRED
蚂蚁集团将向全体股东分红，前两次分红超438亿元
https://new.qq.com/rain/a/20240909A094KL00

2024-09-10 03:08:43,607 - INFO - EXPIRED
以军总参谋长称该国北部地区处于高度戒备状态
https://new.qq.com/rain/a/20240909A09TDE00

2024-09-10 03:08:43,607 - INFO - EXPIRED
马斯克放言，4年内载人登火星，20年内殖民火星，你觉得他会放鸽子吗？
https://view.inews.qq.com/a/20240909Q09LGI00

2024-09-10 03:08:43,607 - INFO - EXPIRED
乌克兰用美国武器打击俄罗斯也不会扭转战局？媒体：美防长这话有意思
https://new.qq.com/rain/a/20240909A01D2V00

2024-09-10 03:08:43,607 - INFO - EXPIRED
包养情人生私生子、财产来源不明？广州白云区人社局一公务人员被举报
https://new.qq.com/rain/a/20240909A06K8L00

2024-09-10 03:08:43,607 - INFO - EXPIRED
贵州思南县通报一9岁男童在校离世：排除他杀，系意外导致
https://new.qq.com/rain/a/20240909A09IRC00

2024-09-10 03:08:43,607 - INFO - EXPIRED
女格斗运动员遭猥亵后报警处理，如果反击是否承担刑责？律师解读
https://new.qq.com/rain/a/20240909A04Z7X00

2024-09-10 03:08:43,607 - INFO - EXPIRED
超燃金句混剪！180秒带你回顾星空演讲高能输出
https://new.qq.com/rain/a/20240909V09DSM00

2024-09-10 03:08:43,607 - INFO - EXPIRED
年薪30万招聘女司机、提供空乘式服务？“天鹅驾到”再陷涉黄争议
https://new.qq.com/rain/a/20240909A05BEX00

2024-09-10 03:08:43,607 - INFO - EXPIRED
加快再造一个青岛港！青岛港总体规划获交通运输部、山东省政府联合批复
https://new.qq.com/rain/a/20240909A086FF00

2024-09-10 03:08:43,607 - INFO - EXPIRED
郑钦文等6人，拟记大功
https://new.qq.com/rain/a/20240909A05SE200

2024-09-10 03:08:43,607 - INFO - EXPIRED
杭州外卖“单王”猝死，知情人：他每天能挣五六百，只睡三四个小时
https://new.qq.com/rain/a/20240909A07QGJ00

2024-09-10 03:08:43,607 - INFO - EXPIRED
王海曝小杨哥卖假牛肉卷被罚50万？市监局：不清楚三只羊是否被罚
https://new.qq.com/rain/a/20240909A08PM600

2024-09-10 03:08:43,607 - INFO - EXPIRED
A股2700点保卫战近了！多只高位股天地板，但“老百姓”守住了涨停
https://new.qq.com/rain/a/20240909A058B000

2024-09-10 03:08:43,607 - INFO - EXPIRED
伊拉克防长：以美国为首联军将在两年内撤出，美方提议三年被否
https://new.qq.com/rain/a/20240909A07OZ200

2024-09-10 03:08:43,607 - INFO - EXPIRED
把单间换给政府官员？知名企业家“吐槽”在贵州一景区开会被“针对”
https://new.qq.com/rain/a/20240909A05FK700

2024-09-10 03:08:43,607 - INFO - EXPIRED
武汉一大桥有车辆撞断护栏落水 知情人：一人被打捞上岸 已无生命体征
https://new.qq.com/rain/a/20240909V08HUU00

2024-09-10 03:08:43,607 - INFO - EXPIRED
贵州茅台：将确保年度营收15%的增长目标如期完成 年底前推进中期分红
https://new.qq.com/rain/a/20240909A07VGZ00

2024-09-10 03:08:43,607 - INFO - EXPIRED
阿里巴巴等33只股票正式纳入港股通 9月10日起生效
https://new.qq.com/rain/a/20240909A08DSF00

2024-09-10 03:08:43,607 - INFO - EXPIRED
SpaceX重启“北极星黎明”任务 人类首次商业太空行走即将开启
https://new.qq.com/rain/a/20240909A08B3O00

2024-09-10 03:08:43,607 - INFO - EXPIRED
吉林长春一前任村支书被刺身亡，派出所：嫌犯已被抓获
https://new.qq.com/rain/a/20240909A06OT400

2024-09-10 03:08:43,607 - INFO - EXPIRED
外商独资医院设立、制造业外资准入有新规！商务部最新解读来了
https://new.qq.com/rain/a/20240909A07HDC00

2024-09-10 03:08:43,607 - INFO - EXPIRED
包凡辞任7个月，华兴资本控股复牌跌超66%！2年半亏损近10亿
https://new.qq.com/rain/a/20240909A06V6V00

2024-09-10 03:08:43,607 - INFO - EXPIRED
苹果新机首次在印度生产，他们能把苹果手机做好吗？你放心买吗？
https://view.inews.qq.com/a/20240909Q0548V00

2024-09-10 03:08:43,608 - INFO - EXPIRED
近5年全国彩票弃奖金额83.77亿元，为何这么多人放弃？不能线上兑奖吗？
https://view.inews.qq.com/a/20240909Q03VBP00

2024-09-10 03:08:43,608 - INFO - EXPIRED
广州一男子酒后当街调戏殴打女子，警方通报：行政拘留
https://new.qq.com/rain/a/20240909A0621V00

2024-09-10 03:08:43,608 - INFO - EXPIRED
水利部：珠江流域20条河流发生超警洪水
https://new.qq.com/rain/a/20240909A06V2P00

2024-09-10 03:08:43,608 - INFO - EXPIRED
我国首款猴痘疫苗获批临床
https://new.qq.com/rain/a/20240909A074HQ00

2024-09-10 03:08:43,608 - INFO - EXPIRED
外交部：对菲律宾媒体发布有关消息感到十分震惊，这种做法居心叵测
https://new.qq.com/rain/a/20240909A05AWA00

2024-09-10 03:08:43,608 - INFO - EXPIRED
舒惠好，已任财政部部长助理
https://new.qq.com/rain/a/20240909A06YWS00

2024-09-10 03:08:43,608 - INFO - EXPIRED
特斯拉数据标注员自曝工作状态：时薪仅20美元，上厕所都被追踪
https://new.qq.com/rain/a/20240909A058ZZ00

2024-09-10 03:08:43,608 - INFO - EXPIRED
贵州一小学4年级学生住校期间死亡，脖子上有勒痕？警方已介入调查
https://new.qq.com/rain/a/20240909V0698600

2024-09-10 03:08:43,608 - INFO - EXPIRED
社会公众对“统计造假”反映强烈，如何惩治？人大法工委回应
https://new.qq.com/rain/a/20240909A0399O00

2024-09-10 03:08:43,608 - INFO - EXPIRED
《人工智能安全治理框架》1.0版发布
https://new.qq.com/rain/a/20240909A06JSU00

2024-09-10 03:08:43,608 - INFO - EXPIRED
伊朗伊斯兰革命卫队司令誓言报复以色列
https://new.qq.com/rain/a/20240909A06DUV00

2024-09-10 03:08:43,608 - INFO - EXPIRED
韩酒店员工性侵中国女游客 检方求刑10年：受害人对韩国非常失望
https://new.qq.com/rain/a/20240909A053KH00

2024-09-10 03:08:43,608 - INFO - EXPIRED
财政部将在法国巴黎发行欧元主权债券 规模不超过20亿欧元
https://new.qq.com/rain/a/20240909A068E400

2024-09-10 03:08:43,608 - INFO - EXPIRED
武汉一小区楼房发出巨响后多处开裂：附近挖排污沉井导致，正修复加固
https://new.qq.com/rain/a/20240909V05ZB400

2024-09-10 03:08:43,608 - INFO - EXPIRED
“新”富士康回来了
https://new.qq.com/rain/a/20240909A04R8T00

2024-09-10 03:08:43,608 - INFO - EXPIRED
山东一女生被男同桌用铁锥扎数百下？官方：事发半年前，未达霸凌标准
https://new.qq.com/rain/a/20240909A03USV00

2024-09-10 03:08:43,608 - INFO - EXPIRED
历时45天！我国海警首次带直升机随舰公海飞行执法圆满完成
https://new.qq.com/rain/a/20240909A05O4O00

2024-09-10 03:08:43,608 - INFO - EXPIRED
柯文哲放弃上诉，将先羁押禁见2个月
https://new.qq.com/rain/a/20240909A04AYF00

2024-09-10 03:08:43,608 - INFO - EXPIRED
日本游客在圆明园拍照被制止 外交部：不会对任何国家采取歧视性做法
https://new.qq.com/rain/a/20240909V05ETH00

2024-09-10 03:08:43,608 - INFO - EXPIRED
罗永浩回应交个朋友卖燕窝：本人没卖过，管不了他们卖“智商税”产品
https://new.qq.com/rain/a/20240909A052KY00

2024-09-10 03:08:43,608 - INFO - EXPIRED
网传国航一航班因“单发失效”挂7700紧急代码返航，机场：系飞机故障
https://new.qq.com/rain/a/20240909A04JIF00

2024-09-10 03:08:43,608 - INFO - EXPIRED
愧疚没能给儿子一个健康身体，妈妈借钱也要创办心智障碍康复机构
https://new.qq.com/rain/a/20240909V05DB500

2024-09-10 03:08:43,608 - INFO - EXPIRED
足球有料 | 足协9月10日召开“假赌黑”专项整治会议，行业处罚将公布
https://new.qq.com/rain/a/20240909A04YU600

2024-09-10 03:08:43,608 - INFO - EXPIRED
A股三大股指涨跌互现：创业板指尾盘再度飘红，三桶油跌超2%
https://new.qq.com/rain/a/20240909A052NF00

2024-09-10 03:08:43,608 - INFO - EXPIRED
德国总理：为结束俄乌冲突，我和乌总统都认为俄方应出席下次和平峰会
https://new.qq.com/rain/a/20240909A048A500

2024-09-10 03:08:43,608 - INFO - EXPIRED
年均财富增长110% 马斯克有望成史上第一个万亿富翁 第二个或是印度人
https://new.qq.com/rain/a/20240909A02WVQ00

2024-09-10 03:08:43,608 - INFO - EXPIRED
A股收盘：沪指跌1.06%，互联网医疗板块走强
https://new.qq.com/rain/a/20240909A01RXT00

2024-09-10 03:08:43,608 - INFO - EXPIRED
越“规范”越严重？上海苏州河现大量无序放生，最多1天捞1吨死鱼
https://new.qq.com/rain/a/20240909A0111G00

2024-09-10 03:08:43,608 - INFO - EXPIRED
男子疑因“护士妻子出轨医生”自杀，其父：儿媳没来葬礼，家里换了锁
https://new.qq.com/rain/a/20240909A03UTQ00

2024-09-10 03:08:43,608 - INFO - EXPIRED
博主揭秘“中药打粉”骗局：打粉机器无刀片，假粉末掉包真药材
https://new.qq.com/rain/a/20240909A03OC200

2024-09-10 03:08:43,608 - INFO - EXPIRED
银行步入微利时代？住房贷款下降超3000亿，存款大增令行长们头疼
https://new.qq.com/rain/a/20240909A04LJJ00

2024-09-10 03:08:43,608 - INFO - EXPIRED
商务部：对原产于加拿大的进口油菜籽进行反倾销立案调查
https://new.qq.com/rain/a/20240909A04AEY00

2024-09-10 03:08:43,608 - INFO - EXPIRED
一年脱发胖30斤、患上焦虑症，老师究竟有多累？
https://view.inews.qq.com/a/20240909Q02OTC00

2024-09-10 03:08:43,608 - INFO - EXPIRED
泰国新总理佩通坦召开首次内阁会议：我不想再回答有关他信的问题
https://new.qq.com/rain/a/20240908A02NPD00

2024-09-10 03:08:43,608 - INFO - EXPIRED
特朗普“放话”对不用美元的国家征100%关税，这是在说谁？他敢来真的吗？
https://view.inews.qq.com/a/20240909Q022TX00

2024-09-10 03:08:43,608 - INFO - EXPIRED
8月CPI同比涨幅扩大、PPI下降，下阶段走势如何
https://new.qq.com/rain/a/20240909A02R0600

2024-09-10 03:08:43,608 - INFO - EXPIRED
现场：挪威首相抵京开启访华之旅
https://new.qq.com/rain/a/20240909V04BNE00

2024-09-10 03:08:43,608 - INFO - EXPIRED
杭州一外卖员疑猝死在路边电动车上，官方通报：死者55岁，已排除刑案
https://new.qq.com/rain/a/20240909A042YN00

2024-09-10 03:08:43,608 - INFO - EXPIRED
朝鲜国庆76周年，庆祝晚会在平壤举行
https://new.qq.com/rain/a/20240909V04CQ200

2024-09-10 03:08:43,608 - INFO - EXPIRED
俄罗斯军队将参加中方“北部·联合-2024”演习
https://new.qq.com/rain/a/20240909A036EN00

2024-09-10 03:08:43,608 - INFO - EXPIRED
女子因感情纠葛与男方母亲发生口角将其捅伤，警方：伤者抢救无效死亡
https://new.qq.com/rain/a/20240909A03NXJ00

2024-09-10 03:08:43,608 - INFO - EXPIRED
河南一女孩称家暴父亲出狱后不愿离婚，不断恐吓扬言“杀母亲全家”，妇联发声
https://new.qq.com/rain/a/20240909V03UFS00

2024-09-10 03:08:43,608 - INFO - EXPIRED
美国国会“中国周”将表决多项涉华法案，涉及香港、台湾
https://new.qq.com/rain/a/20240909A030TB00

2024-09-10 03:08:44,329 - INFO - INVALID
央视今晚还是不转播国足比赛
https://new.qq.com/rain/a/20240910A02IFV00

2024-09-10 03:08:44,339 - INFO - INVALID
金正恩：朝鲜正以几何级数增加核武器数量
https://new.qq.com/rain/a/20240910A01FS600

2024-09-10 03:08:44,342 - ERROR - ERROR
大爷在高速上“徒手拖卡车”？ 云南交警：系用身体遮挡车牌
https://new.qq.com/rain/a/20240910V01WGH00
('list index out of range',)
======
Traceback (most recent call last):
  File "/home/runner/work/qqnews/qqnews/qq.py", line 81, in process_article
    ss = str(tmpbs.select("div.LEFT div.content.clearfix")[0])
             ~~~~~~~~~~~~~~~~~~~~~~~~~~~~~~~~~~~~~~~~~~~~~^^^
IndexError: list index out of range


2024-09-10 03:08:44,362 - INFO - INVALID
俄罗斯莫斯科主要机场均出现航班延误
https://new.qq.com/rain/a/20240910A01IG800

2024-09-10 03:08:44,409 - INFO - INVALID
中美两军举行战区领导通话
https://new.qq.com/rain/a/20240910A02U8900

2024-09-10 03:08:44,752 - INFO - EXIST
上午公布禁足名单 晚上国足战沙特 媒体人：今日必将载入中国足球史册
https://new.qq.com/rain/a/20240910A00M8D00

2024-09-10 03:08:44,755 - INFO - INVALID
A股开盘：三大指数集体高开沪指涨0.05% 干细胞等板块涨幅居前
https://new.qq.com/rain/a/20240910A01QTV00

2024-09-10 03:08:44,765 - INFO - INVALID
港股开盘：恒指涨0.05%，恒生科技指数涨0.35%，蔚来涨超10%
https://new.qq.com/rain/a/20240910A01PGA00

2024-09-10 03:08:44,784 - INFO - INVALID
军事预算缺口大，前线人员装备少，泽连斯基将赴美见拜登争取援助
https://new.qq.com/rain/a/20240910A00O0S00

2024-09-10 03:08:44,795 - INFO - INVALID
美国众议院通过《生物安全法案》 该法案点名了药明康德等5家中国公司
https://new.qq.com/rain/a/20240910A014YX00

2024-09-10 03:08:45,191 - INFO - INVALID
药明康德：现在和未来都不会对任何国家构成国家安全风险
https://new.qq.com/rain/a/20240910A00XGP00

2024-09-10 04:08:46,076 - INFO - EXPIRED
身上只剩400元，夫妻负债928万被宣告破产，债没还完三年后可申请免除
https://new.qq.com/rain/a/20240909A071J200

2024-09-10 04:08:46,076 - INFO - EXPIRED
比市场价便宜400多万，“黑老大”南京豪宅603万元拍卖成交
https://new.qq.com/rain/a/20240909A08GCB00

2024-09-10 04:08:46,076 - INFO - EXPIRED
“没去开会就罚一千”，男子称承包快递点8年，前后被各种处罚20多万
https://new.qq.com/rain/a/20240909A083V200

2024-09-10 04:08:46,076 - INFO - EXPIRED
“政治蜜月期”结束？最新民调：哈里斯支持率陷入停滞，被特朗普反超
https://new.qq.com/rain/a/20240909A09S5O00

2024-09-10 04:08:46,076 - INFO - EXPIRED
出席峰会后，多国总统的“其他行程”，有一个关键信息
https://new.qq.com/rain/a/20240909A09CCB00

2024-09-10 04:08:46,076 - INFO - EXPIRED
央企国企也不愿拿地了
https://new.qq.com/rain/a/20240909A09XJY00

2024-09-10 04:08:46,076 - INFO - EXPIRED
张杰演唱会编假手机号称是自己的，素人被骚扰到关机，机主可以告他吗？
https://view.inews.qq.com/a/20240909Q03QH600

2024-09-10 04:08:46,076 - INFO - EXPIRED
长三角“烧烤天”持续，市民：我和烤肉之间就差一撮孜然了
https://new.qq.com/rain/a/20240909A08QZP00

2024-09-10 04:08:46,076 - INFO - EXPIRED
27岁网红健身博主溺亡：事发重庆南川“野”景点，当地已禁止游客进入
https://new.qq.com/rain/a/20240909A09WQC00

2024-09-10 04:08:46,076 - INFO - EXPIRED
村干部被举报20万倒卖500年古碑 村会计：村委发现有人想偷 干脆卖掉
https://new.qq.com/rain/a/20240909A097XG00

2024-09-10 04:08:46,076 - INFO - EXPIRED
离奇的“黑吃黑”案：男子取走自己卡上20万，结果被采取刑事强制措施
https://new.qq.com/rain/a/20240909A08JON00

2024-09-10 04:08:46,076 - INFO - EXPIRED
宜宾原纪委书记向辉礼受贿被判12年：送1200万给情妇，被其检举家中藏匿赃款1500万
https://new.qq.com/rain/a/20240909A099Y300

2024-09-10 04:08:46,076 - INFO - EXPIRED
广西一青年飙车在医院门口摔车后身亡？当地殡仪馆：暂无家属来认尸
https://new.qq.com/rain/a/20240909A074J000

2024-09-10 04:08:46,076 - INFO - EXPIRED
世卫组织总干事谭德塞：国际社会不能再视而不见，必须帮苏丹摆脱冲突
https://new.qq.com/rain/a/20240909A07UML00

2024-09-10 04:08:46,076 - INFO - EXPIRED
开学家长会，老师强调教师节中秋千万别送礼：充话费我还得折本还
https://new.qq.com/rain/a/20240909V031FO00

2024-09-10 04:08:46,076 - INFO - EXPIRED
女格斗运动员遭强制猥亵后，因未反抗遭网暴，当事人发声
https://new.qq.com/rain/a/20240909A09UA100

2024-09-10 04:08:46,076 - INFO - EXPIRED
坚守在合资车企的中年人：最大的挑战是一边减员一边战斗
https://new.qq.com/rain/a/20240909A097TC00

2024-09-10 04:08:46,076 - INFO - EXPIRED
英国凯特王妃称已结束化疗疗程
https://new.qq.com/rain/a/20240909A0A0N900

2024-09-10 04:08:46,076 - INFO - EXPIRED
张杰演唱会公开他人手机号 工作室道歉
https://new.qq.com/rain/a/20240909A09KX600

2024-09-10 04:08:46,076 - INFO - EXPIRED
国足主场迎战沙特，你对国足最深刻的记忆是什么？
https://view.inews.qq.com/a/20240908Q037BP00

2024-09-10 04:08:46,076 - INFO - EXPIRED
一视频博主发布疑似“日本游客圆明园拍照被制止”视频引争议 其部分平台账号已不可见 
https://new.qq.com/rain/a/20240909A09C8N00

2024-09-10 04:08:46,076 - INFO - EXPIRED
刘德华演唱会突发意外！失足踏空流血不止，简单包扎继续表演
https://new.qq.com/rain/a/20240909A09QSB00

2024-09-10 04:08:46,076 - INFO - EXPIRED
法国为何爆发大规模抗议？
https://new.qq.com/rain/a/20240909A07P9M00

2024-09-10 04:08:46,076 - INFO - EXPIRED
蚂蚁集团将向全体股东分红，前两次分红超438亿元
https://new.qq.com/rain/a/20240909A094KL00

2024-09-10 04:08:46,076 - INFO - EXPIRED
以军总参谋长称该国北部地区处于高度戒备状态
https://new.qq.com/rain/a/20240909A09TDE00

2024-09-10 04:08:46,076 - INFO - EXPIRED
马斯克放言，4年内载人登火星，20年内殖民火星，你觉得他会放鸽子吗？
https://view.inews.qq.com/a/20240909Q09LGI00

2024-09-10 04:08:46,076 - INFO - EXPIRED
乌克兰用美国武器打击俄罗斯也不会扭转战局？媒体：美防长这话有意思
https://new.qq.com/rain/a/20240909A01D2V00

2024-09-10 04:08:46,076 - INFO - EXPIRED
包养情人生私生子、财产来源不明？广州白云区人社局一公务人员被举报
https://new.qq.com/rain/a/20240909A06K8L00

2024-09-10 04:08:46,076 - INFO - EXPIRED
贵州思南县通报一9岁男童在校离世：排除他杀，系意外导致
https://new.qq.com/rain/a/20240909A09IRC00

2024-09-10 04:08:46,076 - INFO - EXPIRED
女格斗运动员遭猥亵后报警处理，如果反击是否承担刑责？律师解读
https://new.qq.com/rain/a/20240909A04Z7X00

2024-09-10 04:08:46,076 - INFO - EXPIRED
超燃金句混剪！180秒带你回顾星空演讲高能输出
https://new.qq.com/rain/a/20240909V09DSM00

2024-09-10 04:08:46,076 - INFO - EXPIRED
年薪30万招聘女司机、提供空乘式服务？“天鹅驾到”再陷涉黄争议
https://new.qq.com/rain/a/20240909A05BEX00

2024-09-10 04:08:46,076 - INFO - EXPIRED
加快再造一个青岛港！青岛港总体规划获交通运输部、山东省政府联合批复
https://new.qq.com/rain/a/20240909A086FF00

2024-09-10 04:08:46,076 - INFO - EXPIRED
郑钦文等6人，拟记大功
https://new.qq.com/rain/a/20240909A05SE200

2024-09-10 04:08:46,076 - INFO - EXPIRED
杭州外卖“单王”猝死，知情人：他每天能挣五六百，只睡三四个小时
https://new.qq.com/rain/a/20240909A07QGJ00

2024-09-10 04:08:46,076 - INFO - EXPIRED
王海曝小杨哥卖假牛肉卷被罚50万？市监局：不清楚三只羊是否被罚
https://new.qq.com/rain/a/20240909A08PM600

2024-09-10 04:08:46,076 - INFO - EXPIRED
A股2700点保卫战近了！多只高位股天地板，但“老百姓”守住了涨停
https://new.qq.com/rain/a/20240909A058B000

2024-09-10 04:08:46,076 - INFO - EXPIRED
伊拉克防长：以美国为首联军将在两年内撤出，美方提议三年被否
https://new.qq.com/rain/a/20240909A07OZ200

2024-09-10 04:08:46,076 - INFO - EXPIRED
把单间换给政府官员？知名企业家“吐槽”在贵州一景区开会被“针对”
https://new.qq.com/rain/a/20240909A05FK700

2024-09-10 04:08:46,077 - INFO - EXPIRED
武汉一大桥有车辆撞断护栏落水 知情人：一人被打捞上岸 已无生命体征
https://new.qq.com/rain/a/20240909V08HUU00

2024-09-10 04:08:46,077 - INFO - EXPIRED
贵州茅台：将确保年度营收15%的增长目标如期完成 年底前推进中期分红
https://new.qq.com/rain/a/20240909A07VGZ00

2024-09-10 04:08:46,077 - INFO - EXPIRED
阿里巴巴等33只股票正式纳入港股通 9月10日起生效
https://new.qq.com/rain/a/20240909A08DSF00

2024-09-10 04:08:46,077 - INFO - EXPIRED
SpaceX重启“北极星黎明”任务 人类首次商业太空行走即将开启
https://new.qq.com/rain/a/20240909A08B3O00

2024-09-10 04:08:46,077 - INFO - EXPIRED
吉林长春一前任村支书被刺身亡，派出所：嫌犯已被抓获
https://new.qq.com/rain/a/20240909A06OT400

2024-09-10 04:08:46,077 - INFO - EXPIRED
外商独资医院设立、制造业外资准入有新规！商务部最新解读来了
https://new.qq.com/rain/a/20240909A07HDC00

2024-09-10 04:08:46,077 - INFO - EXPIRED
包凡辞任7个月，华兴资本控股复牌跌超66%！2年半亏损近10亿
https://new.qq.com/rain/a/20240909A06V6V00

2024-09-10 04:08:46,077 - INFO - EXPIRED
苹果新机首次在印度生产，他们能把苹果手机做好吗？你放心买吗？
https://view.inews.qq.com/a/20240909Q0548V00

2024-09-10 04:08:46,077 - INFO - EXPIRED
近5年全国彩票弃奖金额83.77亿元，为何这么多人放弃？不能线上兑奖吗？
https://view.inews.qq.com/a/20240909Q03VBP00

2024-09-10 04:08:46,077 - INFO - EXPIRED
广州一男子酒后当街调戏殴打女子，警方通报：行政拘留
https://new.qq.com/rain/a/20240909A0621V00

2024-09-10 04:08:46,077 - INFO - EXPIRED
水利部：珠江流域20条河流发生超警洪水
https://new.qq.com/rain/a/20240909A06V2P00

2024-09-10 04:08:46,077 - INFO - EXPIRED
我国首款猴痘疫苗获批临床
https://new.qq.com/rain/a/20240909A074HQ00

2024-09-10 04:08:46,077 - INFO - EXPIRED
外交部：对菲律宾媒体发布有关消息感到十分震惊，这种做法居心叵测
https://new.qq.com/rain/a/20240909A05AWA00

2024-09-10 04:08:46,077 - INFO - EXPIRED
舒惠好，已任财政部部长助理
https://new.qq.com/rain/a/20240909A06YWS00

2024-09-10 04:08:46,077 - INFO - EXPIRED
特斯拉数据标注员自曝工作状态：时薪仅20美元，上厕所都被追踪
https://new.qq.com/rain/a/20240909A058ZZ00

2024-09-10 04:08:46,077 - INFO - EXPIRED
贵州一小学4年级学生住校期间死亡，脖子上有勒痕？警方已介入调查
https://new.qq.com/rain/a/20240909V0698600

2024-09-10 04:08:46,077 - INFO - EXPIRED
社会公众对“统计造假”反映强烈，如何惩治？人大法工委回应
https://new.qq.com/rain/a/20240909A0399O00

2024-09-10 04:08:46,077 - INFO - EXPIRED
《人工智能安全治理框架》1.0版发布
https://new.qq.com/rain/a/20240909A06JSU00

2024-09-10 04:08:46,077 - INFO - EXPIRED
伊朗伊斯兰革命卫队司令誓言报复以色列
https://new.qq.com/rain/a/20240909A06DUV00

2024-09-10 04:08:46,077 - INFO - EXPIRED
韩酒店员工性侵中国女游客 检方求刑10年：受害人对韩国非常失望
https://new.qq.com/rain/a/20240909A053KH00

2024-09-10 04:08:46,077 - INFO - EXPIRED
财政部将在法国巴黎发行欧元主权债券 规模不超过20亿欧元
https://new.qq.com/rain/a/20240909A068E400

2024-09-10 04:08:46,077 - INFO - EXPIRED
武汉一小区楼房发出巨响后多处开裂：附近挖排污沉井导致，正修复加固
https://new.qq.com/rain/a/20240909V05ZB400

2024-09-10 04:08:46,077 - INFO - EXPIRED
“新”富士康回来了
https://new.qq.com/rain/a/20240909A04R8T00

2024-09-10 04:08:46,077 - INFO - EXPIRED
山东一女生被男同桌用铁锥扎数百下？官方：事发半年前，未达霸凌标准
https://new.qq.com/rain/a/20240909A03USV00

2024-09-10 04:08:46,077 - INFO - EXPIRED
历时45天！我国海警首次带直升机随舰公海飞行执法圆满完成
https://new.qq.com/rain/a/20240909A05O4O00

2024-09-10 04:08:46,077 - INFO - EXPIRED
柯文哲放弃上诉，将先羁押禁见2个月
https://new.qq.com/rain/a/20240909A04AYF00

2024-09-10 04:08:46,077 - INFO - EXPIRED
日本游客在圆明园拍照被制止 外交部：不会对任何国家采取歧视性做法
https://new.qq.com/rain/a/20240909V05ETH00

2024-09-10 04:08:46,077 - INFO - EXPIRED
罗永浩回应交个朋友卖燕窝：本人没卖过，管不了他们卖“智商税”产品
https://new.qq.com/rain/a/20240909A052KY00

2024-09-10 04:08:46,077 - INFO - EXPIRED
网传国航一航班因“单发失效”挂7700紧急代码返航，机场：系飞机故障
https://new.qq.com/rain/a/20240909A04JIF00

2024-09-10 04:08:46,077 - INFO - EXPIRED
愧疚没能给儿子一个健康身体，妈妈借钱也要创办心智障碍康复机构
https://new.qq.com/rain/a/20240909V05DB500

2024-09-10 04:08:46,077 - INFO - EXPIRED
足球有料 | 足协9月10日召开“假赌黑”专项整治会议，行业处罚将公布
https://new.qq.com/rain/a/20240909A04YU600

2024-09-10 04:08:46,077 - INFO - EXPIRED
A股三大股指涨跌互现：创业板指尾盘再度飘红，三桶油跌超2%
https://new.qq.com/rain/a/20240909A052NF00

2024-09-10 04:08:46,077 - INFO - EXPIRED
德国总理：为结束俄乌冲突，我和乌总统都认为俄方应出席下次和平峰会
https://new.qq.com/rain/a/20240909A048A500

2024-09-10 04:08:46,077 - INFO - EXPIRED
年均财富增长110% 马斯克有望成史上第一个万亿富翁 第二个或是印度人
https://new.qq.com/rain/a/20240909A02WVQ00

2024-09-10 04:08:46,077 - INFO - EXPIRED
A股收盘：沪指跌1.06%，互联网医疗板块走强
https://new.qq.com/rain/a/20240909A01RXT00

2024-09-10 04:08:46,077 - INFO - EXPIRED
越“规范”越严重？上海苏州河现大量无序放生，最多1天捞1吨死鱼
https://new.qq.com/rain/a/20240909A0111G00

2024-09-10 04:08:46,077 - INFO - EXPIRED
男子疑因“护士妻子出轨医生”自杀，其父：儿媳没来葬礼，家里换了锁
https://new.qq.com/rain/a/20240909A03UTQ00

2024-09-10 04:08:46,077 - INFO - EXPIRED
博主揭秘“中药打粉”骗局：打粉机器无刀片，假粉末掉包真药材
https://new.qq.com/rain/a/20240909A03OC200

2024-09-10 04:08:46,077 - INFO - EXPIRED
银行步入微利时代？住房贷款下降超3000亿，存款大增令行长们头疼
https://new.qq.com/rain/a/20240909A04LJJ00

2024-09-10 04:08:46,077 - INFO - EXPIRED
商务部：对原产于加拿大的进口油菜籽进行反倾销立案调查
https://new.qq.com/rain/a/20240909A04AEY00

2024-09-10 04:08:46,077 - INFO - EXPIRED
一年脱发胖30斤、患上焦虑症，老师究竟有多累？
https://view.inews.qq.com/a/20240909Q02OTC00

2024-09-10 04:08:46,077 - INFO - EXPIRED
泰国新总理佩通坦召开首次内阁会议：我不想再回答有关他信的问题
https://new.qq.com/rain/a/20240908A02NPD00

2024-09-10 04:08:46,077 - INFO - EXPIRED
特朗普“放话”对不用美元的国家征100%关税，这是在说谁？他敢来真的吗？
https://view.inews.qq.com/a/20240909Q022TX00

2024-09-10 04:08:46,077 - INFO - EXPIRED
8月CPI同比涨幅扩大、PPI下降，下阶段走势如何
https://new.qq.com/rain/a/20240909A02R0600

2024-09-10 04:08:46,077 - INFO - EXPIRED
现场：挪威首相抵京开启访华之旅
https://new.qq.com/rain/a/20240909V04BNE00

2024-09-10 04:08:46,077 - INFO - EXPIRED
杭州一外卖员疑猝死在路边电动车上，官方通报：死者55岁，已排除刑案
https://new.qq.com/rain/a/20240909A042YN00

2024-09-10 04:08:46,077 - INFO - EXPIRED
朝鲜国庆76周年，庆祝晚会在平壤举行
https://new.qq.com/rain/a/20240909V04CQ200

2024-09-10 04:08:46,077 - INFO - EXPIRED
俄罗斯军队将参加中方“北部·联合-2024”演习
https://new.qq.com/rain/a/20240909A036EN00

2024-09-10 04:08:46,371 - INFO - INVALID
中美两军举行战区领导通话
https://new.qq.com/rain/a/20240910A02U8900

2024-09-10 04:08:46,380 - INFO - INVALID
央视今晚还是不转播国足比赛
https://new.qq.com/rain/a/20240910A02IFV00

2024-09-10 04:08:46,434 - INFO - INVALID
派出所所长受贿60万案举报人之女一审被判11年半，二审裁定程序违法
https://new.qq.com/rain/a/20240910A03BZM00

2024-09-10 04:08:46,610 - INFO - INVALID
武汉一车辆撞断护栏后坠桥落水，当地回应：车上有3人
https://new.qq.com/rain/a/20240910A03RXN00

2024-09-10 04:08:46,622 - INFO - INVALID
金正恩：朝鲜正以几何级数增加核武器数量
https://new.qq.com/rain/a/20240910A01FS600

2024-09-10 04:08:46,666 - INFO - INVALID
俄罗斯莫斯科主要机场均出现航班延误
https://new.qq.com/rain/a/20240910A01IG800

2024-09-10 04:08:46,687 - INFO - INVALID
首次且唯一正面交锋，哈里斯与特朗普的辩论能否改变“势均力敌”
https://new.qq.com/rain/a/20240910A00ZRS00

2024-09-10 04:08:46,717 - INFO - INVALID
疑因错过下桥口小车突然变道，骑警被撞失控冲向护栏，海口交警回应
https://new.qq.com/rain/a/20240910A03APH00

2024-09-10 04:08:46,870 - INFO - INVALID
海关总署：我国前8个月贸易顺差扩大13.6%，出口汽车增长22.2%
https://new.qq.com/rain/a/20240910A03BFU00

2024-09-10 04:08:46,888 - ERROR - ERROR
云南一男子在高速上“徒手拖卡车”？ 交警回应
https://new.qq.com/rain/a/20240910V01WGH00
('list index out of range',)
======
Traceback (most recent call last):
  File "/home/runner/work/qqnews/qqnews/qq.py", line 81, in process_article
    ss = str(tmpbs.select("div.LEFT div.content.clearfix")[0])
             ~~~~~~~~~~~~~~~~~~~~~~~~~~~~~~~~~~~~~~~~~~~~~^^^
IndexError: list index out of range


2024-09-10 04:08:46,931 - INFO - INVALID
军事预算缺口大，前线人员装备少，泽连斯基将赴美见拜登争取援助
https://new.qq.com/rain/a/20240910A00O0S00

2024-09-10 04:08:46,955 - INFO - INVALID
美国众议院通过《生物安全法案》 该法案点名了药明康德等5家中国公司
https://new.qq.com/rain/a/20240910A014YX00

2024-09-10 04:08:46,962 - INFO - INVALID
药明康德：现在和未来都不会对任何国家构成国家安全风险
https://new.qq.com/rain/a/20240910A00XGP00

2024-09-10 05:07:26,768 - INFO - EXPIRED
“没去开会就罚一千”，男子称承包快递点8年，前后被各种处罚20多万
https://new.qq.com/rain/a/20240909A083V200

2024-09-10 05:07:26,768 - INFO - EXPIRED
村干部被举报20万倒卖500年古碑 村会计：村委发现有人想偷 干脆卖掉
https://new.qq.com/rain/a/20240909A097XG00

2024-09-10 05:07:26,768 - INFO - EXPIRED
比市场价便宜400多万，“黑老大”南京豪宅603万元拍卖成交
https://new.qq.com/rain/a/20240909A08GCB00

2024-09-10 05:07:26,768 - INFO - EXPIRED
“政治蜜月期”结束？最新民调：哈里斯支持率陷入停滞，被特朗普反超
https://new.qq.com/rain/a/20240909A09S5O00

2024-09-10 05:07:26,768 - INFO - EXPIRED
身上只剩400元，夫妻负债928万被宣告破产，债没还完三年后可申请免除
https://new.qq.com/rain/a/20240909A071J200

2024-09-10 05:07:26,768 - INFO - EXPIRED
女格斗运动员遭猥亵选择报警，如果当场打了猥亵者，案件性质会变吗？
https://view.inews.qq.com/a/20240909Q03ACE00

2024-09-10 05:07:26,768 - INFO - EXPIRED
出席峰会后，多国总统的“其他行程”，有一个关键信息
https://new.qq.com/rain/a/20240909A09CCB00

2024-09-10 05:07:26,768 - INFO - EXPIRED
央企国企也不愿拿地了
https://new.qq.com/rain/a/20240909A09XJY00

2024-09-10 05:07:26,768 - INFO - EXPIRED
张杰演唱会编假手机号称是自己的，素人被骚扰到关机，机主可以告他吗？
https://view.inews.qq.com/a/20240909Q03QH600

2024-09-10 05:07:26,768 - INFO - EXPIRED
长三角“烧烤天”持续，市民：我和烤肉之间就差一撮孜然了
https://new.qq.com/rain/a/20240909A08QZP00

2024-09-10 05:07:26,768 - INFO - EXPIRED
27岁网红健身博主溺亡：事发重庆南川“野”景点，当地已禁止游客进入
https://new.qq.com/rain/a/20240909A09WQC00

2024-09-10 05:07:26,768 - INFO - EXPIRED
离奇的“黑吃黑”案：男子取走自己卡上20万，结果被采取刑事强制措施
https://new.qq.com/rain/a/20240909A08JON00

2024-09-10 05:07:26,768 - INFO - EXPIRED
宜宾原纪委书记向辉礼受贿被判12年：送1200万给情妇，被其检举家中藏匿赃款1500万
https://new.qq.com/rain/a/20240909A099Y300

2024-09-10 05:07:26,768 - INFO - EXPIRED
广西一青年飙车在医院门口摔车后身亡？当地殡仪馆：暂无家属来认尸
https://new.qq.com/rain/a/20240909A074J000

2024-09-10 05:07:26,768 - INFO - EXPIRED
世卫组织总干事谭德塞：国际社会不能再视而不见，必须帮苏丹摆脱冲突
https://new.qq.com/rain/a/20240909A07UML00

2024-09-10 05:07:26,768 - INFO - EXPIRED
开学家长会，老师强调教师节中秋千万别送礼：充话费我还得折本还
https://new.qq.com/rain/a/20240909V031FO00

2024-09-10 05:07:26,768 - INFO - EXPIRED
女格斗运动员遭强制猥亵后，因未反抗遭网暴，当事人发声
https://new.qq.com/rain/a/20240909A09UA100

2024-09-10 05:07:26,768 - INFO - EXPIRED
坚守在合资车企的中年人：最大的挑战是一边减员一边战斗
https://new.qq.com/rain/a/20240909A097TC00

2024-09-10 05:07:26,768 - INFO - EXPIRED
英国凯特王妃称已结束化疗疗程
https://new.qq.com/rain/a/20240909A0A0N900

2024-09-10 05:07:26,768 - INFO - EXPIRED
张杰演唱会公开他人手机号 工作室道歉
https://new.qq.com/rain/a/20240909A09KX600

2024-09-10 05:07:26,768 - INFO - EXPIRED
国足主场迎战沙特，你对国足最深刻的记忆是什么？
https://view.inews.qq.com/a/20240908Q037BP00

2024-09-10 05:07:26,768 - INFO - EXPIRED
一视频博主发布疑似“日本游客圆明园拍照被制止”视频引争议 其部分平台账号已不可见 
https://new.qq.com/rain/a/20240909A09C8N00

2024-09-10 05:07:26,768 - INFO - EXPIRED
刘德华演唱会突发意外！失足踏空流血不止，简单包扎继续表演
https://new.qq.com/rain/a/20240909A09QSB00

2024-09-10 05:07:26,768 - INFO - EXPIRED
法国为何爆发大规模抗议？
https://new.qq.com/rain/a/20240909A07P9M00

2024-09-10 05:07:26,768 - INFO - EXPIRED
蚂蚁集团将向全体股东分红，前两次分红超438亿元
https://new.qq.com/rain/a/20240909A094KL00

2024-09-10 05:07:26,768 - INFO - EXPIRED
以军总参谋长称该国北部地区处于高度戒备状态
https://new.qq.com/rain/a/20240909A09TDE00

2024-09-10 05:07:26,768 - INFO - EXPIRED
马斯克放言，4年内载人登火星，20年内殖民火星，你觉得他会放鸽子吗？
https://view.inews.qq.com/a/20240909Q09LGI00

2024-09-10 05:07:26,768 - INFO - EXPIRED
乌克兰用美国武器打击俄罗斯也不会扭转战局？媒体：美防长这话有意思
https://new.qq.com/rain/a/20240909A01D2V00

2024-09-10 05:07:26,768 - INFO - EXPIRED
包养情人生私生子、财产来源不明？广州白云区人社局一公务人员被举报
https://new.qq.com/rain/a/20240909A06K8L00

2024-09-10 05:07:26,768 - INFO - EXPIRED
贵州思南县通报一9岁男童在校离世：排除他杀，系意外导致
https://new.qq.com/rain/a/20240909A09IRC00

2024-09-10 05:07:26,768 - INFO - EXPIRED
女格斗运动员遭猥亵后报警处理，如果反击是否承担刑责？律师解读
https://new.qq.com/rain/a/20240909A04Z7X00

2024-09-10 05:07:26,768 - INFO - EXPIRED
超燃金句混剪！180秒带你回顾星空演讲高能输出
https://new.qq.com/rain/a/20240909V09DSM00

2024-09-10 05:07:26,768 - INFO - EXPIRED
年薪30万招聘女司机、提供空乘式服务？“天鹅驾到”再陷涉黄争议
https://new.qq.com/rain/a/20240909A05BEX00

2024-09-10 05:07:26,768 - INFO - EXPIRED
加快再造一个青岛港！青岛港总体规划获交通运输部、山东省政府联合批复
https://new.qq.com/rain/a/20240909A086FF00

2024-09-10 05:07:26,768 - INFO - EXPIRED
郑钦文等6人，拟记大功
https://new.qq.com/rain/a/20240909A05SE200

2024-09-10 05:07:26,768 - INFO - EXPIRED
杭州外卖“单王”猝死，知情人：他每天能挣五六百，只睡三四个小时
https://new.qq.com/rain/a/20240909A07QGJ00

2024-09-10 05:07:26,768 - INFO - EXPIRED
王海曝小杨哥卖假牛肉卷被罚50万？市监局：不清楚三只羊是否被罚
https://new.qq.com/rain/a/20240909A08PM600

2024-09-10 05:07:26,768 - INFO - EXPIRED
A股2700点保卫战近了！多只高位股天地板，但“老百姓”守住了涨停
https://new.qq.com/rain/a/20240909A058B000

2024-09-10 05:07:26,768 - INFO - EXPIRED
伊拉克防长：以美国为首联军将在两年内撤出，美方提议三年被否
https://new.qq.com/rain/a/20240909A07OZ200

2024-09-10 05:07:26,768 - INFO - EXPIRED
把单间换给政府官员？知名企业家“吐槽”在贵州一景区开会被“针对”
https://new.qq.com/rain/a/20240909A05FK700

2024-09-10 05:07:26,769 - INFO - EXPIRED
武汉一大桥有车辆撞断护栏落水 知情人：一人被打捞上岸 已无生命体征
https://new.qq.com/rain/a/20240909V08HUU00

2024-09-10 05:07:26,769 - INFO - EXPIRED
贵州茅台：将确保年度营收15%的增长目标如期完成 年底前推进中期分红
https://new.qq.com/rain/a/20240909A07VGZ00

2024-09-10 05:07:26,769 - INFO - EXPIRED
阿里巴巴等33只股票正式纳入港股通 9月10日起生效
https://new.qq.com/rain/a/20240909A08DSF00

2024-09-10 05:07:26,769 - INFO - EXPIRED
SpaceX重启“北极星黎明”任务 人类首次商业太空行走即将开启
https://new.qq.com/rain/a/20240909A08B3O00

2024-09-10 05:07:26,769 - INFO - EXPIRED
吉林长春一前任村支书被刺身亡，派出所：嫌犯已被抓获
https://new.qq.com/rain/a/20240909A06OT400

2024-09-10 05:07:26,769 - INFO - EXPIRED
外商独资医院设立、制造业外资准入有新规！商务部最新解读来了
https://new.qq.com/rain/a/20240909A07HDC00

2024-09-10 05:07:26,769 - INFO - EXPIRED
包凡辞任7个月，华兴资本控股复牌跌超66%！2年半亏损近10亿
https://new.qq.com/rain/a/20240909A06V6V00

2024-09-10 05:07:26,769 - INFO - EXPIRED
苹果新机首次在印度生产，他们能把苹果手机做好吗？你放心买吗？
https://view.inews.qq.com/a/20240909Q0548V00

2024-09-10 05:07:26,769 - INFO - EXPIRED
近5年全国彩票弃奖金额83.77亿元，为何这么多人放弃？不能线上兑奖吗？
https://view.inews.qq.com/a/20240909Q03VBP00

2024-09-10 05:07:26,769 - INFO - EXPIRED
广州一男子酒后当街调戏殴打女子，警方通报：行政拘留
https://new.qq.com/rain/a/20240909A0621V00

2024-09-10 05:07:26,769 - INFO - EXPIRED
水利部：珠江流域20条河流发生超警洪水
https://new.qq.com/rain/a/20240909A06V2P00

2024-09-10 05:07:26,769 - INFO - EXPIRED
我国首款猴痘疫苗获批临床
https://new.qq.com/rain/a/20240909A074HQ00

2024-09-10 05:07:26,769 - INFO - EXPIRED
外交部：对菲律宾媒体发布有关消息感到十分震惊，这种做法居心叵测
https://new.qq.com/rain/a/20240909A05AWA00

2024-09-10 05:07:26,769 - INFO - EXPIRED
舒惠好，已任财政部部长助理
https://new.qq.com/rain/a/20240909A06YWS00

2024-09-10 05:07:26,769 - INFO - EXPIRED
特斯拉数据标注员自曝工作状态：时薪仅20美元，上厕所都被追踪
https://new.qq.com/rain/a/20240909A058ZZ00

2024-09-10 05:07:26,769 - INFO - EXPIRED
贵州一小学4年级学生住校期间死亡，脖子上有勒痕？警方已介入调查
https://new.qq.com/rain/a/20240909V0698600

2024-09-10 05:07:26,769 - INFO - EXPIRED
社会公众对“统计造假”反映强烈，如何惩治？人大法工委回应
https://new.qq.com/rain/a/20240909A0399O00

2024-09-10 05:07:26,769 - INFO - EXPIRED
《人工智能安全治理框架》1.0版发布
https://new.qq.com/rain/a/20240909A06JSU00

2024-09-10 05:07:26,769 - INFO - EXPIRED
伊朗伊斯兰革命卫队司令誓言报复以色列
https://new.qq.com/rain/a/20240909A06DUV00

2024-09-10 05:07:26,769 - INFO - EXPIRED
韩酒店员工性侵中国女游客 检方求刑10年：受害人对韩国非常失望
https://new.qq.com/rain/a/20240909A053KH00

2024-09-10 05:07:26,769 - INFO - EXPIRED
财政部将在法国巴黎发行欧元主权债券 规模不超过20亿欧元
https://new.qq.com/rain/a/20240909A068E400

2024-09-10 05:07:26,769 - INFO - EXPIRED
武汉一小区楼房发出巨响后多处开裂：附近挖排污沉井导致，正修复加固
https://new.qq.com/rain/a/20240909V05ZB400

2024-09-10 05:07:26,769 - INFO - EXPIRED
“新”富士康回来了
https://new.qq.com/rain/a/20240909A04R8T00

2024-09-10 05:07:26,769 - INFO - EXPIRED
山东一女生被男同桌用铁锥扎数百下？官方：事发半年前，未达霸凌标准
https://new.qq.com/rain/a/20240909A03USV00

2024-09-10 05:07:26,769 - INFO - EXPIRED
历时45天！我国海警首次带直升机随舰公海飞行执法圆满完成
https://new.qq.com/rain/a/20240909A05O4O00

2024-09-10 05:07:26,769 - INFO - EXPIRED
柯文哲放弃上诉，将先羁押禁见2个月
https://new.qq.com/rain/a/20240909A04AYF00

2024-09-10 05:07:26,769 - INFO - EXPIRED
日本游客在圆明园拍照被制止 外交部：不会对任何国家采取歧视性做法
https://new.qq.com/rain/a/20240909V05ETH00

2024-09-10 05:07:26,769 - INFO - EXPIRED
罗永浩回应交个朋友卖燕窝：本人没卖过，管不了他们卖“智商税”产品
https://new.qq.com/rain/a/20240909A052KY00

2024-09-10 05:07:26,769 - INFO - EXPIRED
网传国航一航班因“单发失效”挂7700紧急代码返航，机场：系飞机故障
https://new.qq.com/rain/a/20240909A04JIF00

2024-09-10 05:07:26,769 - INFO - EXPIRED
愧疚没能给儿子一个健康身体，妈妈借钱也要创办心智障碍康复机构
https://new.qq.com/rain/a/20240909V05DB500

2024-09-10 05:07:26,769 - INFO - EXPIRED
足球有料 | 足协9月10日召开“假赌黑”专项整治会议，行业处罚将公布
https://new.qq.com/rain/a/20240909A04YU600

2024-09-10 05:07:26,769 - INFO - EXPIRED
A股三大股指涨跌互现：创业板指尾盘再度飘红，三桶油跌超2%
https://new.qq.com/rain/a/20240909A052NF00

2024-09-10 05:07:26,769 - INFO - EXPIRED
德国总理：为结束俄乌冲突，我和乌总统都认为俄方应出席下次和平峰会
https://new.qq.com/rain/a/20240909A048A500

2024-09-10 05:07:26,769 - INFO - EXPIRED
年均财富增长110% 马斯克有望成史上第一个万亿富翁 第二个或是印度人
https://new.qq.com/rain/a/20240909A02WVQ00

2024-09-10 05:07:26,769 - INFO - EXPIRED
A股收盘：沪指跌1.06%，互联网医疗板块走强
https://new.qq.com/rain/a/20240909A01RXT00

2024-09-10 05:07:26,769 - INFO - EXPIRED
越“规范”越严重？上海苏州河现大量无序放生，最多1天捞1吨死鱼
https://new.qq.com/rain/a/20240909A0111G00

2024-09-10 05:07:26,769 - INFO - EXPIRED
男子疑因“护士妻子出轨医生”自杀，其父：儿媳没来葬礼，家里换了锁
https://new.qq.com/rain/a/20240909A03UTQ00

2024-09-10 05:07:26,769 - INFO - EXPIRED
博主揭秘“中药打粉”骗局：打粉机器无刀片，假粉末掉包真药材
https://new.qq.com/rain/a/20240909A03OC200

2024-09-10 05:07:26,769 - INFO - EXPIRED
银行步入微利时代？住房贷款下降超3000亿，存款大增令行长们头疼
https://new.qq.com/rain/a/20240909A04LJJ00

2024-09-10 05:07:26,769 - INFO - EXPIRED
商务部：对原产于加拿大的进口油菜籽进行反倾销立案调查
https://new.qq.com/rain/a/20240909A04AEY00

2024-09-10 05:07:27,132 - INFO - INVALID
疑因错过下桥口小车突然变道，骑警被撞失控冲向护栏，海口交警回应
https://new.qq.com/rain/a/20240910A03APH00

2024-09-10 05:07:27,150 - INFO - INVALID
什么情况？A股多只牛股直线跌停，两市超4300只个股下跌
https://new.qq.com/rain/a/20240910A0489A00

2024-09-10 05:07:27,195 - INFO - INVALID
青岛被曝“有辅警未系安全带开私家车逆行”！当地称正核实
https://new.qq.com/rain/a/20240910A049IR00

2024-09-10 05:07:27,202 - INFO - INVALID
首次且唯一正面交锋，哈里斯与特朗普的辩论能否改变“势均力敌”
https://new.qq.com/rain/a/20240910A00ZRS00

2024-09-10 05:07:27,206 - INFO - INVALID
被美菲同时通缉！菲前总统“精神顾问”在达沃被捕，曾声称拥有数百万信徒
https://new.qq.com/rain/a/20240910A00OH800

2024-09-10 05:07:27,376 - INFO - INVALID
金正恩：朝鲜正以几何级数增加核武器数量
https://new.qq.com/rain/a/20240910A01FS600

2024-09-10 05:07:27,451 - INFO - INVALID
派出所所长受贿60万案举报人之女一审被判11年半，二审裁定程序违法
https://new.qq.com/rain/a/20240910A03BZM00

2024-09-10 05:07:27,467 - INFO - INVALID
你的“拖延症”，给丰巢贡献了超8亿营收
https://new.qq.com/rain/a/20240910A03UZV00

2024-09-10 05:07:27,517 - INFO - INVALID
直行洒水车撞倒左转骑车人致其身亡，双方是否抢灯引争议，警方介入
https://new.qq.com/rain/a/20240910A03XRO00

2024-09-10 05:07:27,625 - INFO - INVALID
武汉一车辆撞断护栏后坠桥落水，当地回应：车上有3人
https://new.qq.com/rain/a/20240910A03RXN00

2024-09-10 05:07:27,653 - INFO - INVALID
全国最知名烂尾楼，正在“浴火重生”
https://new.qq.com/rain/a/20240910A03Z6W00

2024-09-10 05:07:27,690 - INFO - INVALID
俄罗斯莫斯科主要机场均出现航班延误
https://new.qq.com/rain/a/20240910A01IG800

2024-09-10 05:07:27,759 - INFO - INVALID
央视今晚还是不转播国足比赛
https://new.qq.com/rain/a/20240910A02IFV00

2024-09-10 05:07:27,779 - INFO - INVALID
海关总署：我国前8个月贸易顺差扩大13.6%，出口汽车增长22.2%
https://new.qq.com/rain/a/20240910A03BFU00

2024-09-10 05:07:27,890 - INFO - INVALID
中美两军举行战区领导通话
https://new.qq.com/rain/a/20240910A02U8900

2024-09-10 05:07:27,931 - INFO - INVALID
美国众议院通过《生物安全法案》 该法案点名了药明康德等5家中国公司
https://new.qq.com/rain/a/20240910A014YX00

2024-09-10 05:07:28,023 - INFO - INVALID
军事预算缺口大，前线人员装备少，泽连斯基将赴美见拜登争取援助
https://new.qq.com/rain/a/20240910A00O0S00

2024-09-10 05:07:28,045 - ERROR - ERROR
云南一男子在高速上“徒手拖卡车”？ 交警回应
https://new.qq.com/rain/a/20240910V01WGH00
('list index out of range',)
======
Traceback (most recent call last):
  File "/home/runner/work/qqnews/qqnews/qq.py", line 81, in process_article
    ss = str(tmpbs.select("div.LEFT div.content.clearfix")[0])
             ~~~~~~~~~~~~~~~~~~~~~~~~~~~~~~~~~~~~~~~~~~~~~^^^
IndexError: list index out of range


2024-09-10 05:07:28,195 - INFO - INVALID
药明康德：现在和未来都不会对任何国家构成国家安全风险
https://new.qq.com/rain/a/20240910A00XGP00

2024-09-10 05:07:28,270 - ERROR - ERROR
夫妻欠928万申请破产，三年没还完可申请免除，怎么申请破产？会助长逃债之风吗？
https://view.inews.qq.com/a/20240910Q03QY700
('list index out of range',)
======
Traceback (most recent call last):
  File "/home/runner/work/qqnews/qqnews/qq.py", line 81, in process_article
    ss = str(tmpbs.select("div.LEFT div.content.clearfix")[0])
             ~~~~~~~~~~~~~~~~~~~~~~~~~~~~~~~~~~~~~~~~~~~~~^^^
IndexError: list index out of range


2024-09-10 06:09:47,488 - INFO - EXPIRED
“没去开会就罚一千”，男子称承包快递点8年，前后被各种处罚20多万
https://new.qq.com/rain/a/20240909A083V200

2024-09-10 06:09:47,488 - INFO - EXPIRED
村干部被举报20万倒卖500年古碑 村会计：村委发现有人想偷 干脆卖掉
https://new.qq.com/rain/a/20240909A097XG00

2024-09-10 06:09:47,489 - INFO - EXPIRED
比市场价便宜400多万，“黑老大”南京豪宅603万元拍卖成交
https://new.qq.com/rain/a/20240909A08GCB00

2024-09-10 06:09:47,489 - INFO - EXPIRED
“政治蜜月期”结束？最新民调：哈里斯支持率陷入停滞，被特朗普反超
https://new.qq.com/rain/a/20240909A09S5O00

2024-09-10 06:09:47,489 - INFO - EXPIRED
身上只剩400元，夫妻负债928万被宣告破产，债没还完三年后可申请免除
https://new.qq.com/rain/a/20240909A071J200

2024-09-10 06:09:47,489 - INFO - EXPIRED
女格斗运动员遭猥亵选择报警，如果当场打了猥亵者，案件性质会变吗？
https://view.inews.qq.com/a/20240909Q03ACE00

2024-09-10 06:09:47,489 - INFO - EXPIRED
出席峰会后，多国总统的“其他行程”，有一个关键信息
https://new.qq.com/rain/a/20240909A09CCB00

2024-09-10 06:09:47,489 - INFO - EXPIRED
央企国企也不愿拿地了
https://new.qq.com/rain/a/20240909A09XJY00

2024-09-10 06:09:47,489 - INFO - EXPIRED
张杰演唱会编假手机号称是自己的，素人被骚扰到关机，机主可以告他吗？
https://view.inews.qq.com/a/20240909Q03QH600

2024-09-10 06:09:47,489 - INFO - EXPIRED
长三角“烧烤天”持续，市民：我和烤肉之间就差一撮孜然了
https://new.qq.com/rain/a/20240909A08QZP00

2024-09-10 06:09:47,489 - INFO - EXPIRED
27岁网红健身博主溺亡：事发重庆南川“野”景点，当地已禁止游客进入
https://new.qq.com/rain/a/20240909A09WQC00

2024-09-10 06:09:47,489 - INFO - EXPIRED
离奇的“黑吃黑”案：男子取走自己卡上20万，结果被采取刑事强制措施
https://new.qq.com/rain/a/20240909A08JON00

2024-09-10 06:09:47,489 - INFO - EXPIRED
宜宾原纪委书记向辉礼受贿被判12年：送1200万给情妇，被其检举家中藏匿赃款1500万
https://new.qq.com/rain/a/20240909A099Y300

2024-09-10 06:09:47,489 - INFO - EXPIRED
广西一青年飙车在医院门口摔车后身亡？当地殡仪馆：暂无家属来认尸
https://new.qq.com/rain/a/20240909A074J000

2024-09-10 06:09:47,489 - INFO - EXPIRED
世卫组织总干事谭德塞：国际社会不能再视而不见，必须帮苏丹摆脱冲突
https://new.qq.com/rain/a/20240909A07UML00

2024-09-10 06:09:47,489 - INFO - EXPIRED
开学家长会，老师强调教师节中秋千万别送礼：充话费我还得折本还
https://new.qq.com/rain/a/20240909V031FO00

2024-09-10 06:09:47,489 - INFO - EXPIRED
女格斗运动员遭强制猥亵后，因未反抗遭网暴，当事人发声
https://new.qq.com/rain/a/20240909A09UA100

2024-09-10 06:09:47,489 - INFO - EXPIRED
坚守在合资车企的中年人：最大的挑战是一边减员一边战斗
https://new.qq.com/rain/a/20240909A097TC00

2024-09-10 06:09:47,489 - INFO - EXPIRED
英国凯特王妃称已结束化疗疗程
https://new.qq.com/rain/a/20240909A0A0N900

2024-09-10 06:09:47,489 - INFO - EXPIRED
张杰演唱会公开他人手机号 工作室道歉
https://new.qq.com/rain/a/20240909A09KX600

2024-09-10 06:09:47,489 - INFO - EXPIRED
国足主场迎战沙特，你对国足最深刻的记忆是什么？
https://view.inews.qq.com/a/20240908Q037BP00

2024-09-10 06:09:47,489 - INFO - EXPIRED
一视频博主发布疑似“日本游客圆明园拍照被制止”视频引争议 其部分平台账号已不可见 
https://new.qq.com/rain/a/20240909A09C8N00

2024-09-10 06:09:47,489 - INFO - EXPIRED
刘德华演唱会突发意外！失足踏空流血不止，简单包扎继续表演
https://new.qq.com/rain/a/20240909A09QSB00

2024-09-10 06:09:47,489 - INFO - EXPIRED
法国为何爆发大规模抗议？
https://new.qq.com/rain/a/20240909A07P9M00

2024-09-10 06:09:47,489 - INFO - EXPIRED
蚂蚁集团将向全体股东分红，前两次分红超438亿元
https://new.qq.com/rain/a/20240909A094KL00

2024-09-10 06:09:47,489 - INFO - EXPIRED
以军总参谋长称该国北部地区处于高度戒备状态
https://new.qq.com/rain/a/20240909A09TDE00

2024-09-10 06:09:47,489 - INFO - EXPIRED
马斯克放言，4年内载人登火星，20年内殖民火星，你觉得他会放鸽子吗？
https://view.inews.qq.com/a/20240909Q09LGI00

2024-09-10 06:09:47,489 - INFO - EXPIRED
乌克兰用美国武器打击俄罗斯也不会扭转战局？媒体：美防长这话有意思
https://new.qq.com/rain/a/20240909A01D2V00

2024-09-10 06:09:47,489 - INFO - EXPIRED
包养情人生私生子、财产来源不明？广州白云区人社局一公务人员被举报
https://new.qq.com/rain/a/20240909A06K8L00

2024-09-10 06:09:47,489 - INFO - EXPIRED
贵州思南县通报一9岁男童在校离世：排除他杀，系意外导致
https://new.qq.com/rain/a/20240909A09IRC00

2024-09-10 06:09:47,489 - INFO - EXPIRED
女格斗运动员遭猥亵后报警处理，如果反击是否承担刑责？律师解读
https://new.qq.com/rain/a/20240909A04Z7X00

2024-09-10 06:09:47,489 - INFO - EXPIRED
超燃金句混剪！180秒带你回顾星空演讲高能输出
https://new.qq.com/rain/a/20240909V09DSM00

2024-09-10 06:09:47,489 - INFO - EXPIRED
年薪30万招聘女司机、提供空乘式服务？“天鹅驾到”再陷涉黄争议
https://new.qq.com/rain/a/20240909A05BEX00

2024-09-10 06:09:47,489 - INFO - EXPIRED
加快再造一个青岛港！青岛港总体规划获交通运输部、山东省政府联合批复
https://new.qq.com/rain/a/20240909A086FF00

2024-09-10 06:09:47,489 - INFO - EXPIRED
郑钦文等6人，拟记大功
https://new.qq.com/rain/a/20240909A05SE200

2024-09-10 06:09:47,489 - INFO - EXPIRED
杭州外卖“单王”猝死，知情人：他每天能挣五六百，只睡三四个小时
https://new.qq.com/rain/a/20240909A07QGJ00

2024-09-10 06:09:47,489 - INFO - EXPIRED
王海曝小杨哥卖假牛肉卷被罚50万？市监局：不清楚三只羊是否被罚
https://new.qq.com/rain/a/20240909A08PM600

2024-09-10 06:09:47,489 - INFO - EXPIRED
A股2700点保卫战近了！多只高位股天地板，但“老百姓”守住了涨停
https://new.qq.com/rain/a/20240909A058B000

2024-09-10 06:09:47,489 - INFO - EXPIRED
伊拉克防长：以美国为首联军将在两年内撤出，美方提议三年被否
https://new.qq.com/rain/a/20240909A07OZ200

2024-09-10 06:09:47,489 - INFO - EXPIRED
把单间换给政府官员？知名企业家“吐槽”在贵州一景区开会被“针对”
https://new.qq.com/rain/a/20240909A05FK700

2024-09-10 06:09:47,489 - INFO - EXPIRED
武汉一大桥有车辆撞断护栏落水 知情人：一人被打捞上岸 已无生命体征
https://new.qq.com/rain/a/20240909V08HUU00

2024-09-10 06:09:47,489 - INFO - EXPIRED
贵州茅台：将确保年度营收15%的增长目标如期完成 年底前推进中期分红
https://new.qq.com/rain/a/20240909A07VGZ00

2024-09-10 06:09:47,489 - INFO - EXPIRED
阿里巴巴等33只股票正式纳入港股通 9月10日起生效
https://new.qq.com/rain/a/20240909A08DSF00

2024-09-10 06:09:47,489 - INFO - EXPIRED
SpaceX重启“北极星黎明”任务 人类首次商业太空行走即将开启
https://new.qq.com/rain/a/20240909A08B3O00

2024-09-10 06:09:47,489 - INFO - EXPIRED
吉林长春一前任村支书被刺身亡，派出所：嫌犯已被抓获
https://new.qq.com/rain/a/20240909A06OT400

2024-09-10 06:09:47,489 - INFO - EXPIRED
外商独资医院设立、制造业外资准入有新规！商务部最新解读来了
https://new.qq.com/rain/a/20240909A07HDC00

2024-09-10 06:09:47,489 - INFO - EXPIRED
包凡辞任7个月，华兴资本控股复牌跌超66%！2年半亏损近10亿
https://new.qq.com/rain/a/20240909A06V6V00

2024-09-10 06:09:47,489 - INFO - EXPIRED
苹果新机首次在印度生产，他们能把苹果手机做好吗？你放心买吗？
https://view.inews.qq.com/a/20240909Q0548V00

2024-09-10 06:09:47,489 - INFO - EXPIRED
近5年全国彩票弃奖金额83.77亿元，为何这么多人放弃？不能线上兑奖吗？
https://view.inews.qq.com/a/20240909Q03VBP00

2024-09-10 06:09:47,489 - INFO - EXPIRED
广州一男子酒后当街调戏殴打女子，警方通报：行政拘留
https://new.qq.com/rain/a/20240909A0621V00

2024-09-10 06:09:47,489 - INFO - EXPIRED
水利部：珠江流域20条河流发生超警洪水
https://new.qq.com/rain/a/20240909A06V2P00

2024-09-10 06:09:47,489 - INFO - EXPIRED
我国首款猴痘疫苗获批临床
https://new.qq.com/rain/a/20240909A074HQ00

2024-09-10 06:09:47,489 - INFO - EXPIRED
外交部：对菲律宾媒体发布有关消息感到十分震惊，这种做法居心叵测
https://new.qq.com/rain/a/20240909A05AWA00

2024-09-10 06:09:47,489 - INFO - EXPIRED
舒惠好，已任财政部部长助理
https://new.qq.com/rain/a/20240909A06YWS00

2024-09-10 06:09:47,490 - INFO - EXPIRED
特斯拉数据标注员自曝工作状态：时薪仅20美元，上厕所都被追踪
https://new.qq.com/rain/a/20240909A058ZZ00

2024-09-10 06:09:47,490 - INFO - EXPIRED
贵州一小学4年级学生住校期间死亡，脖子上有勒痕？警方已介入调查
https://new.qq.com/rain/a/20240909V0698600

2024-09-10 06:09:47,490 - INFO - EXPIRED
社会公众对“统计造假”反映强烈，如何惩治？人大法工委回应
https://new.qq.com/rain/a/20240909A0399O00

2024-09-10 06:09:47,490 - INFO - EXPIRED
《人工智能安全治理框架》1.0版发布
https://new.qq.com/rain/a/20240909A06JSU00

2024-09-10 06:09:47,490 - INFO - EXPIRED
伊朗伊斯兰革命卫队司令誓言报复以色列
https://new.qq.com/rain/a/20240909A06DUV00

2024-09-10 06:09:47,490 - INFO - EXPIRED
韩酒店员工性侵中国女游客 检方求刑10年：受害人对韩国非常失望
https://new.qq.com/rain/a/20240909A053KH00

2024-09-10 06:09:47,490 - INFO - EXPIRED
财政部将在法国巴黎发行欧元主权债券 规模不超过20亿欧元
https://new.qq.com/rain/a/20240909A068E400

2024-09-10 06:09:47,490 - INFO - EXPIRED
武汉一小区楼房发出巨响后多处开裂：附近挖排污沉井导致，正修复加固
https://new.qq.com/rain/a/20240909V05ZB400

2024-09-10 06:09:47,490 - INFO - EXPIRED
“新”富士康回来了
https://new.qq.com/rain/a/20240909A04R8T00

2024-09-10 06:09:47,490 - INFO - EXPIRED
山东一女生被男同桌用铁锥扎数百下？官方：事发半年前，未达霸凌标准
https://new.qq.com/rain/a/20240909A03USV00

2024-09-10 06:09:47,490 - INFO - EXPIRED
历时45天！我国海警首次带直升机随舰公海飞行执法圆满完成
https://new.qq.com/rain/a/20240909A05O4O00

2024-09-10 06:09:47,490 - INFO - EXPIRED
柯文哲放弃上诉，将先羁押禁见2个月
https://new.qq.com/rain/a/20240909A04AYF00

2024-09-10 06:09:47,490 - INFO - EXPIRED
日本游客在圆明园拍照被制止 外交部：不会对任何国家采取歧视性做法
https://new.qq.com/rain/a/20240909V05ETH00

2024-09-10 06:09:47,490 - INFO - EXPIRED
罗永浩回应交个朋友卖燕窝：本人没卖过，管不了他们卖“智商税”产品
https://new.qq.com/rain/a/20240909A052KY00

2024-09-10 06:09:47,490 - INFO - EXPIRED
网传国航一航班因“单发失效”挂7700紧急代码返航，机场：系飞机故障
https://new.qq.com/rain/a/20240909A04JIF00

2024-09-10 06:09:47,490 - INFO - EXPIRED
愧疚没能给儿子一个健康身体，妈妈借钱也要创办心智障碍康复机构
https://new.qq.com/rain/a/20240909V05DB500

2024-09-10 06:09:47,490 - INFO - EXPIRED
足球有料 | 足协9月10日召开“假赌黑”专项整治会议，行业处罚将公布
https://new.qq.com/rain/a/20240909A04YU600

2024-09-10 06:09:47,490 - INFO - EXPIRED
A股三大股指涨跌互现：创业板指尾盘再度飘红，三桶油跌超2%
https://new.qq.com/rain/a/20240909A052NF00

2024-09-10 06:09:47,490 - INFO - EXPIRED
德国总理：为结束俄乌冲突，我和乌总统都认为俄方应出席下次和平峰会
https://new.qq.com/rain/a/20240909A048A500

2024-09-10 06:09:47,490 - INFO - EXPIRED
年均财富增长110% 马斯克有望成史上第一个万亿富翁 第二个或是印度人
https://new.qq.com/rain/a/20240909A02WVQ00

2024-09-10 06:09:47,490 - INFO - EXPIRED
A股收盘：沪指跌1.06%，互联网医疗板块走强
https://new.qq.com/rain/a/20240909A01RXT00

2024-09-10 06:09:47,490 - INFO - EXPIRED
越“规范”越严重？上海苏州河现大量无序放生，最多1天捞1吨死鱼
https://new.qq.com/rain/a/20240909A0111G00

2024-09-10 06:09:47,490 - INFO - EXPIRED
男子疑因“护士妻子出轨医生”自杀，其父：儿媳没来葬礼，家里换了锁
https://new.qq.com/rain/a/20240909A03UTQ00

2024-09-10 06:09:47,490 - INFO - EXPIRED
博主揭秘“中药打粉”骗局：打粉机器无刀片，假粉末掉包真药材
https://new.qq.com/rain/a/20240909A03OC200

2024-09-10 06:09:47,984 - INFO - INVALID
“逆行怎么了我有急事”，青岛辅警未系安全带开私家车逆行？当地回应
https://new.qq.com/rain/a/20240910A049IR00

2024-09-10 06:09:47,991 - INFO - INVALID
武汉一辆“萝卜快跑”撞死外卖员？知情人：它刚好经过现场被拍到了
https://new.qq.com/rain/a/20240910A04NGZ00

2024-09-10 06:09:48,041 - INFO - INVALID
金正恩：朝鲜正以几何级数增加核武器数量
https://new.qq.com/rain/a/20240910A01FS600

2024-09-10 06:09:48,113 - INFO - INVALID
国足惨败后回国住每晚2500元豪华酒店？酒店：双床房每晚1400元左右
https://new.qq.com/rain/a/20240910A04GIG00

2024-09-10 06:09:48,337 - INFO - INVALID
疑因错过下桥口小车突然变道，骑警被撞失控冲向护栏，海口交警回应
https://new.qq.com/rain/a/20240910A03APH00

2024-09-10 06:09:48,351 - ERROR - ERROR
iPhone16系列5999元起售，和华为发布会又撞在一天，会不会发售当天就破发？
https://view.inews.qq.com/a/20240910Q01Z6Y00
('list index out of range',)
======
Traceback (most recent call last):
  File "/home/runner/work/qqnews/qqnews/qq.py", line 81, in process_article
    ss = str(tmpbs.select("div.LEFT div.content.clearfix")[0])
             ~~~~~~~~~~~~~~~~~~~~~~~~~~~~~~~~~~~~~~~~~~~~~^^^
IndexError: list index out of range


2024-09-10 06:09:48,402 - INFO - INVALID
被美菲同时通缉！菲前总统“精神顾问”在达沃被捕，曾声称拥有数百万信徒
https://new.qq.com/rain/a/20240910A00OH800

2024-09-10 06:09:48,462 - INFO - INVALID
你的“拖延症”，给丰巢贡献了超8亿营收
https://new.qq.com/rain/a/20240910A03UZV00

2024-09-10 06:09:48,549 - INFO - INVALID
全国最知名烂尾楼，正在“浴火重生”
https://new.qq.com/rain/a/20240910A03Z6W00

2024-09-10 06:09:48,692 - INFO - INVALID
首次且唯一正面交锋，哈里斯与特朗普的辩论能否改变“势均力敌”
https://new.qq.com/rain/a/20240910A00ZRS00

2024-09-10 06:09:48,719 - INFO - INVALID
直行洒水车撞倒左转骑车人致其身亡，双方是否抢灯引争议，警方介入
https://new.qq.com/rain/a/20240910A03XRO00

2024-09-10 06:09:48,825 - INFO - INVALID
派出所所长受贿60万案举报人之女一审被判11年半，二审裁定程序违法
https://new.qq.com/rain/a/20240910A03BZM00

2024-09-10 06:09:48,891 - INFO - INVALID
武汉一车辆撞断护栏后坠桥落水，当地回应：车上有3人
https://new.qq.com/rain/a/20240910A03RXN00

2024-09-10 06:09:48,910 - INFO - INVALID
俄罗斯莫斯科主要机场均出现航班延误
https://new.qq.com/rain/a/20240910A01IG800

2024-09-10 06:09:49,076 - INFO - INVALID
央视今晚还是不转播国足比赛
https://new.qq.com/rain/a/20240910A02IFV00

2024-09-10 06:09:49,113 - INFO - INVALID
海关总署：我国前8个月贸易顺差扩大13.6%，出口汽车增长22.2%
https://new.qq.com/rain/a/20240910A03BFU00

2024-09-10 06:09:49,249 - INFO - INVALID
中美两军举行战区领导通话
https://new.qq.com/rain/a/20240910A02U8900

2024-09-10 06:09:49,260 - INFO - INVALID
美国众议院通过《生物安全法案》 该法案点名了药明康德等5家中国公司
https://new.qq.com/rain/a/20240910A014YX00

2024-09-10 06:09:49,399 - ERROR - ERROR
云南一男子在高速上“徒手拖卡车”？ 交警回应
https://new.qq.com/rain/a/20240910V01WGH00
('list index out of range',)
======
Traceback (most recent call last):
  File "/home/runner/work/qqnews/qqnews/qq.py", line 81, in process_article
    ss = str(tmpbs.select("div.LEFT div.content.clearfix")[0])
             ~~~~~~~~~~~~~~~~~~~~~~~~~~~~~~~~~~~~~~~~~~~~~^^^
IndexError: list index out of range


2024-09-10 06:09:49,458 - INFO - INVALID
军事预算缺口大，前线人员装备少，泽连斯基将赴美见拜登争取援助
https://new.qq.com/rain/a/20240910A00O0S00

2024-09-10 06:09:49,604 - INFO - INVALID
药明康德：现在和未来都不会对任何国家构成国家安全风险
https://new.qq.com/rain/a/20240910A00XGP00

2024-09-10 06:09:49,780 - ERROR - ERROR
夫妻欠928万申请破产，三年没还完可申请免除，怎么申请破产？会助长逃债之风吗？
https://view.inews.qq.com/a/20240910Q03QY700
('list index out of range',)
======
Traceback (most recent call last):
  File "/home/runner/work/qqnews/qqnews/qq.py", line 81, in process_article
    ss = str(tmpbs.select("div.LEFT div.content.clearfix")[0])
             ~~~~~~~~~~~~~~~~~~~~~~~~~~~~~~~~~~~~~~~~~~~~~^^^
IndexError: list index out of range


2024-09-10 07:01:00,113 - INFO - EXPIRED
“没去开会就罚一千”，男子称承包快递点8年，前后被各种处罚20多万
https://new.qq.com/rain/a/20240909A083V200

2024-09-10 07:01:00,113 - INFO - EXPIRED
村干部被举报20万倒卖500年古碑 村会计：村委发现有人想偷 干脆卖掉
https://new.qq.com/rain/a/20240909A097XG00

2024-09-10 07:01:00,113 - INFO - EXPIRED
比市场价便宜400多万，“黑老大”南京豪宅603万元拍卖成交
https://new.qq.com/rain/a/20240909A08GCB00

2024-09-10 07:01:00,114 - INFO - EXPIRED
特朗普“放话”对不用美元的国家征100%关税，这是在说谁？他敢来真的吗？
https://view.inews.qq.com/a/20240909Q02WIE00

2024-09-10 07:01:00,114 - INFO - EXPIRED
“政治蜜月期”结束？最新民调：哈里斯支持率陷入停滞，被特朗普反超
https://new.qq.com/rain/a/20240909A09S5O00

2024-09-10 07:01:00,114 - INFO - EXPIRED
身上只剩400元，夫妻负债928万被宣告破产，债没还完三年后可申请免除
https://new.qq.com/rain/a/20240909A071J200

2024-09-10 07:01:00,114 - INFO - EXPIRED
女格斗运动员遭猥亵选择报警，如果当场打了猥亵者，案件性质会变吗？
https://view.inews.qq.com/a/20240909Q03ACE00

2024-09-10 07:01:00,114 - INFO - EXPIRED
出席峰会后，多国总统的“其他行程”，有一个关键信息
https://new.qq.com/rain/a/20240909A09CCB00

2024-09-10 07:01:00,114 - INFO - EXPIRED
央企国企也不愿拿地了
https://new.qq.com/rain/a/20240909A09XJY00

2024-09-10 07:01:00,114 - INFO - EXPIRED
张杰演唱会编假手机号称是自己的，素人被骚扰到关机，机主可以告他吗？
https://view.inews.qq.com/a/20240909Q03QH600

2024-09-10 07:01:00,114 - INFO - EXPIRED
长三角“烧烤天”持续，市民：我和烤肉之间就差一撮孜然了
https://new.qq.com/rain/a/20240909A08QZP00

2024-09-10 07:01:00,114 - INFO - EXPIRED
27岁网红健身博主溺亡：事发重庆南川“野”景点，当地已禁止游客进入
https://new.qq.com/rain/a/20240909A09WQC00

2024-09-10 07:01:00,114 - INFO - EXPIRED
离奇的“黑吃黑”案：男子取走自己卡上20万，结果被采取刑事强制措施
https://new.qq.com/rain/a/20240909A08JON00

2024-09-10 07:01:00,114 - INFO - EXPIRED
宜宾原纪委书记向辉礼受贿被判12年：送1200万给情妇，被其检举家中藏匿赃款1500万
https://new.qq.com/rain/a/20240909A099Y300

2024-09-10 07:01:00,114 - INFO - EXPIRED
广西一青年飙车在医院门口摔车后身亡？当地殡仪馆：暂无家属来认尸
https://new.qq.com/rain/a/20240909A074J000

2024-09-10 07:01:00,114 - INFO - EXPIRED
世卫组织总干事谭德塞：国际社会不能再视而不见，必须帮苏丹摆脱冲突
https://new.qq.com/rain/a/20240909A07UML00

2024-09-10 07:01:00,114 - INFO - EXPIRED
开学家长会，老师强调教师节中秋千万别送礼：充话费我还得折本还
https://new.qq.com/rain/a/20240909V031FO00

2024-09-10 07:01:00,114 - INFO - EXPIRED
女格斗运动员遭强制猥亵后，因未反抗遭网暴，当事人发声
https://new.qq.com/rain/a/20240909A09UA100

2024-09-10 07:01:00,114 - INFO - EXPIRED
坚守在合资车企的中年人：最大的挑战是一边减员一边战斗
https://new.qq.com/rain/a/20240909A097TC00

2024-09-10 07:01:00,114 - INFO - EXPIRED
英国凯特王妃称已结束化疗疗程
https://new.qq.com/rain/a/20240909A0A0N900

2024-09-10 07:01:00,114 - INFO - EXPIRED
张杰演唱会公开他人手机号 工作室道歉
https://new.qq.com/rain/a/20240909A09KX600

2024-09-10 07:01:00,114 - INFO - EXPIRED
国足主场迎战沙特，你对国足最深刻的记忆是什么？
https://view.inews.qq.com/a/20240908Q037BP00

2024-09-10 07:01:00,114 - INFO - EXPIRED
一视频博主发布疑似“日本游客圆明园拍照被制止”视频引争议 其部分平台账号已不可见 
https://new.qq.com/rain/a/20240909A09C8N00

2024-09-10 07:01:00,114 - INFO - EXPIRED
刘德华演唱会突发意外！失足踏空流血不止，简单包扎继续表演
https://new.qq.com/rain/a/20240909A09QSB00

2024-09-10 07:01:00,114 - INFO - EXPIRED
法国为何爆发大规模抗议？
https://new.qq.com/rain/a/20240909A07P9M00

2024-09-10 07:01:00,114 - INFO - EXPIRED
蚂蚁集团将向全体股东分红，前两次分红超438亿元
https://new.qq.com/rain/a/20240909A094KL00

2024-09-10 07:01:00,114 - INFO - EXPIRED
以军总参谋长称该国北部地区处于高度戒备状态
https://new.qq.com/rain/a/20240909A09TDE00

2024-09-10 07:01:00,114 - INFO - EXPIRED
马斯克放言，4年内载人登火星，20年内殖民火星，你觉得他会放鸽子吗？
https://view.inews.qq.com/a/20240909Q09LGI00

2024-09-10 07:01:00,114 - INFO - EXPIRED
乌克兰用美国武器打击俄罗斯也不会扭转战局？媒体：美防长这话有意思
https://new.qq.com/rain/a/20240909A01D2V00

2024-09-10 07:01:00,114 - INFO - EXPIRED
包养情人生私生子、财产来源不明？广州白云区人社局一公务人员被举报
https://new.qq.com/rain/a/20240909A06K8L00

2024-09-10 07:01:00,114 - INFO - EXPIRED
贵州思南县通报一9岁男童在校离世：排除他杀，系意外导致
https://new.qq.com/rain/a/20240909A09IRC00

2024-09-10 07:01:00,114 - INFO - EXPIRED
女格斗运动员遭猥亵后报警处理，如果反击是否承担刑责？律师解读
https://new.qq.com/rain/a/20240909A04Z7X00

2024-09-10 07:01:00,114 - INFO - EXPIRED
超燃金句混剪！180秒带你回顾星空演讲高能输出
https://new.qq.com/rain/a/20240909V09DSM00

2024-09-10 07:01:00,114 - INFO - EXPIRED
年薪30万招聘女司机、提供空乘式服务？“天鹅驾到”再陷涉黄争议
https://new.qq.com/rain/a/20240909A05BEX00

2024-09-10 07:01:00,114 - INFO - EXPIRED
加快再造一个青岛港！青岛港总体规划获交通运输部、山东省政府联合批复
https://new.qq.com/rain/a/20240909A086FF00

2024-09-10 07:01:00,114 - INFO - EXPIRED
郑钦文等6人，拟记大功
https://new.qq.com/rain/a/20240909A05SE200

2024-09-10 07:01:00,114 - INFO - EXPIRED
杭州外卖“单王”猝死，知情人：他每天能挣五六百，只睡三四个小时
https://new.qq.com/rain/a/20240909A07QGJ00

2024-09-10 07:01:00,114 - INFO - EXPIRED
王海曝小杨哥卖假牛肉卷被罚50万？市监局：不清楚三只羊是否被罚
https://new.qq.com/rain/a/20240909A08PM600

2024-09-10 07:01:00,114 - INFO - EXPIRED
A股2700点保卫战近了！多只高位股天地板，但“老百姓”守住了涨停
https://new.qq.com/rain/a/20240909A058B000

2024-09-10 07:01:00,114 - INFO - EXPIRED
伊拉克防长：以美国为首联军将在两年内撤出，美方提议三年被否
https://new.qq.com/rain/a/20240909A07OZ200

2024-09-10 07:01:00,114 - INFO - EXPIRED
把单间换给政府官员？知名企业家“吐槽”在贵州一景区开会被“针对”
https://new.qq.com/rain/a/20240909A05FK700

2024-09-10 07:01:00,114 - INFO - EXPIRED
武汉一大桥有车辆撞断护栏落水 知情人：一人被打捞上岸 已无生命体征
https://new.qq.com/rain/a/20240909V08HUU00

2024-09-10 07:01:00,114 - INFO - EXPIRED
贵州茅台：将确保年度营收15%的增长目标如期完成 年底前推进中期分红
https://new.qq.com/rain/a/20240909A07VGZ00

2024-09-10 07:01:00,114 - INFO - EXPIRED
阿里巴巴等33只股票正式纳入港股通 9月10日起生效
https://new.qq.com/rain/a/20240909A08DSF00

2024-09-10 07:01:00,114 - INFO - EXPIRED
SpaceX重启“北极星黎明”任务 人类首次商业太空行走即将开启
https://new.qq.com/rain/a/20240909A08B3O00

2024-09-10 07:01:00,114 - INFO - EXPIRED
吉林长春一前任村支书被刺身亡，派出所：嫌犯已被抓获
https://new.qq.com/rain/a/20240909A06OT400

2024-09-10 07:01:00,114 - INFO - EXPIRED
外商独资医院设立、制造业外资准入有新规！商务部最新解读来了
https://new.qq.com/rain/a/20240909A07HDC00

2024-09-10 07:01:00,114 - INFO - EXPIRED
包凡辞任7个月，华兴资本控股复牌跌超66%！2年半亏损近10亿
https://new.qq.com/rain/a/20240909A06V6V00

2024-09-10 07:01:00,114 - INFO - EXPIRED
苹果新机首次在印度生产，他们能把苹果手机做好吗？你放心买吗？
https://view.inews.qq.com/a/20240909Q0548V00

2024-09-10 07:01:00,114 - INFO - EXPIRED
近5年全国彩票弃奖金额83.77亿元，为何这么多人放弃？不能线上兑奖吗？
https://view.inews.qq.com/a/20240909Q03VBP00

2024-09-10 07:01:00,114 - INFO - EXPIRED
广州一男子酒后当街调戏殴打女子，警方通报：行政拘留
https://new.qq.com/rain/a/20240909A0621V00

2024-09-10 07:01:00,114 - INFO - EXPIRED
水利部：珠江流域20条河流发生超警洪水
https://new.qq.com/rain/a/20240909A06V2P00

2024-09-10 07:01:00,114 - INFO - EXPIRED
我国首款猴痘疫苗获批临床
https://new.qq.com/rain/a/20240909A074HQ00

2024-09-10 07:01:00,115 - INFO - EXPIRED
外交部：对菲律宾媒体发布有关消息感到十分震惊，这种做法居心叵测
https://new.qq.com/rain/a/20240909A05AWA00

2024-09-10 07:01:00,115 - INFO - EXPIRED
舒惠好，已任财政部部长助理
https://new.qq.com/rain/a/20240909A06YWS00

2024-09-10 07:01:00,115 - INFO - EXPIRED
特斯拉数据标注员自曝工作状态：时薪仅20美元，上厕所都被追踪
https://new.qq.com/rain/a/20240909A058ZZ00

2024-09-10 07:01:00,115 - INFO - EXPIRED
贵州一小学4年级学生住校期间死亡，脖子上有勒痕？警方已介入调查
https://new.qq.com/rain/a/20240909V0698600

2024-09-10 07:01:00,115 - INFO - EXPIRED
社会公众对“统计造假”反映强烈，如何惩治？人大法工委回应
https://new.qq.com/rain/a/20240909A0399O00

2024-09-10 07:01:00,115 - INFO - EXPIRED
《人工智能安全治理框架》1.0版发布
https://new.qq.com/rain/a/20240909A06JSU00

2024-09-10 07:01:00,115 - INFO - EXPIRED
伊朗伊斯兰革命卫队司令誓言报复以色列
https://new.qq.com/rain/a/20240909A06DUV00

2024-09-10 07:01:00,115 - INFO - EXPIRED
韩酒店员工性侵中国女游客 检方求刑10年：受害人对韩国非常失望
https://new.qq.com/rain/a/20240909A053KH00

2024-09-10 07:01:00,115 - INFO - EXPIRED
财政部将在法国巴黎发行欧元主权债券 规模不超过20亿欧元
https://new.qq.com/rain/a/20240909A068E400

2024-09-10 07:01:00,115 - INFO - EXPIRED
武汉一小区楼房发出巨响后多处开裂：附近挖排污沉井导致，正修复加固
https://new.qq.com/rain/a/20240909V05ZB400

2024-09-10 07:01:00,115 - INFO - EXPIRED
“新”富士康回来了
https://new.qq.com/rain/a/20240909A04R8T00

2024-09-10 07:01:00,115 - INFO - EXPIRED
山东一女生被男同桌用铁锥扎数百下？官方：事发半年前，未达霸凌标准
https://new.qq.com/rain/a/20240909A03USV00

2024-09-10 07:01:00,115 - INFO - EXPIRED
历时45天！我国海警首次带直升机随舰公海飞行执法圆满完成
https://new.qq.com/rain/a/20240909A05O4O00

2024-09-10 07:01:00,115 - INFO - EXPIRED
柯文哲放弃上诉，将先羁押禁见2个月
https://new.qq.com/rain/a/20240909A04AYF00

2024-09-10 07:01:00,115 - INFO - EXPIRED
日本游客在圆明园拍照被制止 外交部：不会对任何国家采取歧视性做法
https://new.qq.com/rain/a/20240909V05ETH00

2024-09-10 07:01:00,115 - INFO - EXPIRED
罗永浩回应交个朋友卖燕窝：本人没卖过，管不了他们卖“智商税”产品
https://new.qq.com/rain/a/20240909A052KY00

2024-09-10 07:01:00,115 - INFO - EXPIRED
网传国航一航班因“单发失效”挂7700紧急代码返航，机场：系飞机故障
https://new.qq.com/rain/a/20240909A04JIF00

2024-09-10 07:01:00,115 - INFO - EXPIRED
愧疚没能给儿子一个健康身体，妈妈借钱也要创办心智障碍康复机构
https://new.qq.com/rain/a/20240909V05DB500

2024-09-10 07:01:00,752 - INFO - INVALID
台媒：被羁押第6天，柯文哲双手上铐、穿囚服及拖鞋抵台北地检署应讯
https://new.qq.com/rain/a/20240910A04YYX00

2024-09-10 07:01:00,760 - INFO - INVALID
金正恩亮相朝鲜国庆活动，打破“缺席传闻”
https://new.qq.com/rain/a/20240910A04WLQ00

2024-09-10 07:01:00,764 - INFO - INVALID
国足惨败后回国住每晚2500元豪华酒店？酒店：双床房每晚1400元左右
https://new.qq.com/rain/a/20240910A04GIG00

2024-09-10 07:01:00,825 - INFO - INVALID
“逆行怎么了我有急事”，青岛辅警未系安全带开私家车逆行？当地回应
https://new.qq.com/rain/a/20240910A049IR00

2024-09-10 07:01:00,830 - INFO - INVALID
武汉一辆“萝卜快跑”撞死外卖员？知情人：它刚好经过现场被拍到了
https://new.qq.com/rain/a/20240910A04NGZ00

2024-09-10 07:01:01,000 - INFO - INVALID
小肯尼迪：中俄不想跟我们发生“热战”，但美国正竭力将他们拖进来
https://new.qq.com/rain/a/20240910A04C1A00

2024-09-10 07:01:01,069 - INFO - INVALID
被美菲同时通缉！菲前总统“精神顾问”在达沃被捕，曾声称拥有数百万信徒
https://new.qq.com/rain/a/20240910A00OH800

2024-09-10 07:01:01,318 - INFO - INVALID
滚动更新丨A股三大指数集体翻红，深成指突破8100点关口
https://new.qq.com/rain/a/20240910A01XLR00

2024-09-10 07:01:01,323 - INFO - INVALID
疑因错过下桥口小车突然变道，骑警被撞失控冲向护栏，海口交警回应
https://new.qq.com/rain/a/20240910A03APH00

2024-09-10 07:01:01,459 - INFO - INVALID
全国最知名烂尾楼，正在“浴火重生”
https://new.qq.com/rain/a/20240910A03Z6W00

2024-09-10 07:01:01,531 - INFO - INVALID
被记者认为“智商太低”的小泉进次郎，会成为日本最年轻首相吗
https://new.qq.com/rain/a/20240910A04MTX00

2024-09-10 07:01:01,556 - ERROR - ERROR
史上最大屏iPhone发布，苹果官网下架iPhone15Pro系列，是怕影响新品销量吗？
https://view.inews.qq.com/a/20240910Q0378H00
('list index out of range',)
======
Traceback (most recent call last):
  File "/home/runner/work/qqnews/qqnews/qq.py", line 81, in process_article
    ss = str(tmpbs.select("div.LEFT div.content.clearfix")[0])
             ~~~~~~~~~~~~~~~~~~~~~~~~~~~~~~~~~~~~~~~~~~~~~^^^
IndexError: list index out of range


2024-09-10 07:01:01,562 - INFO - INVALID
金正恩：朝鲜正以几何级数增加核武器数量
https://new.qq.com/rain/a/20240910A01FS600

2024-09-10 07:01:01,566 - INFO - INVALID
你的“拖延症”，给丰巢贡献了超8亿营收
https://new.qq.com/rain/a/20240910A03UZV00

2024-09-10 07:01:01,760 - INFO - INVALID
首次且唯一正面交锋，哈里斯与特朗普的辩论能否改变“势均力敌”
https://new.qq.com/rain/a/20240910A00ZRS00

2024-09-10 07:01:01,799 - INFO - INVALID
派出所所长受贿60万案举报人之女一审被判11年半，二审裁定程序违法
https://new.qq.com/rain/a/20240910A03BZM00

2024-09-10 07:01:01,806 - INFO - INVALID
直行洒水车撞倒左转骑车人致其身亡，双方是否抢灯引争议，警方介入
https://new.qq.com/rain/a/20240910A03XRO00

2024-09-10 07:01:01,890 - INFO - INVALID
武汉一车辆撞断护栏后坠桥落水，当地回应：车上有3人
https://new.qq.com/rain/a/20240910A03RXN00

2024-09-10 07:01:02,014 - ERROR - ERROR
超市争相下场做平价快餐，超市快餐真的新鲜吗？中小餐饮店能卷过吗？
https://view.inews.qq.com/a/20240910Q01AUB00
('list index out of range',)
======
Traceback (most recent call last):
  File "/home/runner/work/qqnews/qqnews/qq.py", line 81, in process_article
    ss = str(tmpbs.select("div.LEFT div.content.clearfix")[0])
             ~~~~~~~~~~~~~~~~~~~~~~~~~~~~~~~~~~~~~~~~~~~~~^^^
IndexError: list index out of range


2024-09-10 07:01:02,048 - INFO - INVALID
海关总署：我国前8个月贸易顺差扩大13.6%，出口汽车增长22.2%
https://new.qq.com/rain/a/20240910A03BFU00

2024-09-10 07:01:02,074 - INFO - INVALID
俄罗斯莫斯科主要机场均出现航班延误
https://new.qq.com/rain/a/20240910A01IG800

2024-09-10 07:01:02,138 - INFO - INVALID
央视今晚还是不转播国足比赛
https://new.qq.com/rain/a/20240910A02IFV00

2024-09-10 07:01:02,313 - INFO - INVALID
美国众议院通过《生物安全法案》 该法案点名了药明康德等5家中国公司
https://new.qq.com/rain/a/20240910A014YX00

2024-09-10 07:01:02,349 - INFO - INVALID
中美两军举行战区领导通话
https://new.qq.com/rain/a/20240910A02U8900

2024-09-10 07:01:02,353 - ERROR - ERROR
云南一男子在高速上“徒手拖卡车”？ 交警回应
https://new.qq.com/rain/a/20240910V01WGH00
('list index out of range',)
======
Traceback (most recent call last):
  File "/home/runner/work/qqnews/qqnews/qq.py", line 81, in process_article
    ss = str(tmpbs.select("div.LEFT div.content.clearfix")[0])
             ~~~~~~~~~~~~~~~~~~~~~~~~~~~~~~~~~~~~~~~~~~~~~^^^
IndexError: list index out of range


2024-09-10 07:01:02,380 - ERROR - ERROR
iPhone16系列5999元起售，和华为发布会又撞在一天，会不会发售当天就破发？
https://view.inews.qq.com/a/20240910Q01Z6Y00
('list index out of range',)
======
Traceback (most recent call last):
  File "/home/runner/work/qqnews/qqnews/qq.py", line 81, in process_article
    ss = str(tmpbs.select("div.LEFT div.content.clearfix")[0])
             ~~~~~~~~~~~~~~~~~~~~~~~~~~~~~~~~~~~~~~~~~~~~~^^^
IndexError: list index out of range


2024-09-10 07:01:02,490 - ERROR - ERROR
夫妻欠928万申请破产，三年没还完可申请免除，怎么申请破产？会助长逃债之风吗？
https://view.inews.qq.com/a/20240910Q03QY700
('list index out of range',)
======
Traceback (most recent call last):
  File "/home/runner/work/qqnews/qqnews/qq.py", line 81, in process_article
    ss = str(tmpbs.select("div.LEFT div.content.clearfix")[0])
             ~~~~~~~~~~~~~~~~~~~~~~~~~~~~~~~~~~~~~~~~~~~~~^^^
IndexError: list index out of range


2024-09-10 07:01:02,589 - INFO - INVALID
药明康德：现在和未来都不会对任何国家构成国家安全风险
https://new.qq.com/rain/a/20240910A00XGP00

2024-09-10 07:01:02,619 - INFO - INVALID
军事预算缺口大，前线人员装备少，泽连斯基将赴美见拜登争取援助
https://new.qq.com/rain/a/20240910A00O0S00

