2026-03-13 00:56:17,217 - INFO - Total time taken: {'ret': 0, 'msg': 'success', 'data': None}
2026-03-13 00:56:17,217 - INFO - 'NoneType' object is not subscriptable
2026-03-13 00:56:17,218 - INFO - Traceback (most recent call last):
  File "/home/runner/work/qqnews/qqnews/qq.py", line 128, in main
    for i in qq1["data"]["list"]:
             ~~~~~~~~~~~^^^^^^^^
TypeError: 'NoneType' object is not subscriptable

2026-03-13 03:23:28,935 - INFO - Total time taken: {'ret': 0, 'msg': 'success', 'data': None}
2026-03-13 03:23:28,936 - INFO - 'NoneType' object is not subscriptable
2026-03-13 03:23:28,936 - INFO - Traceback (most recent call last):
  File "/home/runner/work/qqnews/qqnews/qq.py", line 128, in main
    for i in qq1["data"]["list"]:
             ~~~~~~~~~~~^^^^^^^^
TypeError: 'NoneType' object is not subscriptable

2026-03-13 05:06:54,511 - INFO - Total time taken: {'ret': 0, 'msg': 'success', 'data': None}
2026-03-13 05:06:54,512 - INFO - 'NoneType' object is not subscriptable
2026-03-13 05:06:54,512 - INFO - Traceback (most recent call last):
  File "/home/runner/work/qqnews/qqnews/qq.py", line 128, in main
    for i in qq1["data"]["list"]:
             ~~~~~~~~~~~^^^^^^^^
TypeError: 'NoneType' object is not subscriptable

2026-03-13 06:35:18,473 - INFO - Total time taken: {'ret': 0, 'msg': 'success', 'data': None}
2026-03-13 06:35:18,473 - INFO - 'NoneType' object is not subscriptable
2026-03-13 06:35:18,473 - INFO - Traceback (most recent call last):
  File "/home/runner/work/qqnews/qqnews/qq.py", line 128, in main
    for i in qq1["data"]["list"]:
             ~~~~~~~~~~~^^^^^^^^
TypeError: 'NoneType' object is not subscriptable

2026-03-13 07:35:28,674 - INFO - Total time taken: {'ret': 0, 'msg': 'success', 'data': None}
2026-03-13 07:35:28,675 - INFO - 'NoneType' object is not subscriptable
2026-03-13 07:35:28,675 - INFO - Traceback (most recent call last):
  File "/home/runner/work/qqnews/qqnews/qq.py", line 128, in main
    for i in qq1["data"]["list"]:
             ~~~~~~~~~~~^^^^^^^^
TypeError: 'NoneType' object is not subscriptable

2026-03-13 08:24:45,002 - INFO - Total time taken: {'ret': 0, 'msg': 'success', 'data': None}
2026-03-13 08:24:45,002 - INFO - 'NoneType' object is not subscriptable
2026-03-13 08:24:45,002 - INFO - Traceback (most recent call last):
  File "/home/runner/work/qqnews/qqnews/qq.py", line 128, in main
    for i in qq1["data"]["list"]:
             ~~~~~~~~~~~^^^^^^^^
TypeError: 'NoneType' object is not subscriptable

2026-03-13 09:27:08,633 - INFO - Total time taken: {'ret': 0, 'msg': 'success', 'data': None}
2026-03-13 09:27:08,633 - INFO - 'NoneType' object is not subscriptable
2026-03-13 09:27:08,633 - INFO - Traceback (most recent call last):
  File "/home/runner/work/qqnews/qqnews/qq.py", line 128, in main
    for i in qq1["data"]["list"]:
             ~~~~~~~~~~~^^^^^^^^
TypeError: 'NoneType' object is not subscriptable

2026-03-13 10:22:26,722 - INFO - Total time taken: {'ret': 0, 'msg': 'success', 'data': None}
2026-03-13 10:22:26,722 - INFO - 'NoneType' object is not subscriptable
2026-03-13 10:22:26,722 - INFO - Traceback (most recent call last):
  File "/home/runner/work/qqnews/qqnews/qq.py", line 128, in main
    for i in qq1["data"]["list"]:
             ~~~~~~~~~~~^^^^^^^^
TypeError: 'NoneType' object is not subscriptable

2026-03-13 11:20:48,990 - INFO - Total time taken: {'ret': 0, 'msg': 'success', 'data': None}
2026-03-13 11:20:48,991 - INFO - 'NoneType' object is not subscriptable
2026-03-13 11:20:48,991 - INFO - Traceback (most recent call last):
  File "/home/runner/work/qqnews/qqnews/qq.py", line 128, in main
    for i in qq1["data"]["list"]:
             ~~~~~~~~~~~^^^^^^^^
TypeError: 'NoneType' object is not subscriptable

2026-03-13 12:27:54,010 - INFO - Total time taken: {'ret': 0, 'msg': 'success', 'data': None}
2026-03-13 12:27:54,010 - INFO - 'NoneType' object is not subscriptable
2026-03-13 12:27:54,011 - INFO - Traceback (most recent call last):
  File "/home/runner/work/qqnews/qqnews/qq.py", line 128, in main
    for i in qq1["data"]["list"]:
             ~~~~~~~~~~~^^^^^^^^
TypeError: 'NoneType' object is not subscriptable

2026-03-13 13:49:38,307 - INFO - Total time taken: {'ret': 0, 'msg': 'success', 'data': None}
2026-03-13 13:49:38,307 - INFO - 'NoneType' object is not subscriptable
2026-03-13 13:49:38,308 - INFO - Traceback (most recent call last):
  File "/home/runner/work/qqnews/qqnews/qq.py", line 128, in main
    for i in qq1["data"]["list"]:
             ~~~~~~~~~~~^^^^^^^^
TypeError: 'NoneType' object is not subscriptable

2026-03-13 14:33:18,228 - INFO - Total time taken: {'ret': 0, 'msg': 'success', 'data': None}
2026-03-13 14:33:18,228 - INFO - 'NoneType' object is not subscriptable
2026-03-13 14:33:18,229 - INFO - Traceback (most recent call last):
  File "/home/runner/work/qqnews/qqnews/qq.py", line 128, in main
    for i in qq1["data"]["list"]:
             ~~~~~~~~~~~^^^^^^^^
TypeError: 'NoneType' object is not subscriptable

2026-03-13 15:30:42,594 - INFO - Total time taken: {'ret': 0, 'msg': 'success', 'data': None}
2026-03-13 15:30:42,594 - INFO - 'NoneType' object is not subscriptable
2026-03-13 15:30:42,594 - INFO - Traceback (most recent call last):
  File "/home/runner/work/qqnews/qqnews/qq.py", line 128, in main
    for i in qq1["data"]["list"]:
             ~~~~~~~~~~~^^^^^^^^
TypeError: 'NoneType' object is not subscriptable

