2025-08-15 00:43:26,317 - INFO - Total time taken: {'ret': 0, 'msg': 'success', 'data': None}
2025-08-15 00:43:26,317 - INFO - 'NoneType' object is not subscriptable
2025-08-15 00:43:26,317 - INFO - Traceback (most recent call last):
  File "/home/runner/work/qqnews/qqnews/qq.py", line 128, in main
    for i in qq1["data"]["list"]:
             ~~~~~~~~~~~^^^^^^^^
TypeError: 'NoneType' object is not subscriptable

2025-08-15 02:44:36,067 - INFO - Total time taken: {'ret': 0, 'msg': 'success', 'data': None}
2025-08-15 02:44:36,067 - INFO - 'NoneType' object is not subscriptable
2025-08-15 02:44:36,067 - INFO - Traceback (most recent call last):
  File "/home/runner/work/qqnews/qqnews/qq.py", line 128, in main
    for i in qq1["data"]["list"]:
             ~~~~~~~~~~~^^^^^^^^
TypeError: 'NoneType' object is not subscriptable

2025-08-15 03:45:39,337 - INFO - Total time taken: {'ret': 0, 'msg': 'success', 'data': None}
2025-08-15 03:45:39,337 - INFO - 'NoneType' object is not subscriptable
2025-08-15 03:45:39,338 - INFO - Traceback (most recent call last):
  File "/home/runner/work/qqnews/qqnews/qq.py", line 128, in main
    for i in qq1["data"]["list"]:
             ~~~~~~~~~~~^^^^^^^^
TypeError: 'NoneType' object is not subscriptable

2025-08-15 04:20:32,060 - INFO - Total time taken: {'ret': 0, 'msg': 'success', 'data': None}
2025-08-15 04:20:32,060 - INFO - 'NoneType' object is not subscriptable
2025-08-15 04:20:32,061 - INFO - Traceback (most recent call last):
  File "/home/runner/work/qqnews/qqnews/qq.py", line 128, in main
    for i in qq1["data"]["list"]:
             ~~~~~~~~~~~^^^^^^^^
TypeError: 'NoneType' object is not subscriptable

2025-08-15 05:10:55,657 - INFO - Total time taken: {'ret': 0, 'msg': 'success', 'data': None}
2025-08-15 05:10:55,658 - INFO - 'NoneType' object is not subscriptable
2025-08-15 05:10:55,658 - INFO - Traceback (most recent call last):
  File "/home/runner/work/qqnews/qqnews/qq.py", line 128, in main
    for i in qq1["data"]["list"]:
             ~~~~~~~~~~~^^^^^^^^
TypeError: 'NoneType' object is not subscriptable

2025-08-15 06:13:54,450 - INFO - Total time taken: {'ret': 0, 'msg': 'success', 'data': None}
2025-08-15 06:13:54,450 - INFO - 'NoneType' object is not subscriptable
2025-08-15 06:13:54,451 - INFO - Traceback (most recent call last):
  File "/home/runner/work/qqnews/qqnews/qq.py", line 128, in main
    for i in qq1["data"]["list"]:
             ~~~~~~~~~~~^^^^^^^^
TypeError: 'NoneType' object is not subscriptable

2025-08-15 07:10:43,258 - INFO - Total time taken: {'ret': 0, 'msg': 'success', 'data': None}
2025-08-15 07:10:43,258 - INFO - 'NoneType' object is not subscriptable
2025-08-15 07:10:43,258 - INFO - Traceback (most recent call last):
  File "/home/runner/work/qqnews/qqnews/qq.py", line 128, in main
    for i in qq1["data"]["list"]:
             ~~~~~~~~~~~^^^^^^^^
TypeError: 'NoneType' object is not subscriptable

2025-08-15 08:12:53,063 - INFO - Total time taken: {'ret': 0, 'msg': 'success', 'data': None}
2025-08-15 08:12:53,064 - INFO - 'NoneType' object is not subscriptable
2025-08-15 08:12:53,064 - INFO - Traceback (most recent call last):
  File "/home/runner/work/qqnews/qqnews/qq.py", line 128, in main
    for i in qq1["data"]["list"]:
             ~~~~~~~~~~~^^^^^^^^
TypeError: 'NoneType' object is not subscriptable

2025-08-15 09:09:36,630 - INFO - Total time taken: {'ret': 0, 'msg': 'success', 'data': None}
2025-08-15 09:09:36,631 - INFO - 'NoneType' object is not subscriptable
2025-08-15 09:09:36,631 - INFO - Traceback (most recent call last):
  File "/home/runner/work/qqnews/qqnews/qq.py", line 128, in main
    for i in qq1["data"]["list"]:
             ~~~~~~~~~~~^^^^^^^^
TypeError: 'NoneType' object is not subscriptable

2025-08-15 10:01:20,315 - INFO - Total time taken: {'ret': 0, 'msg': 'success', 'data': None}
2025-08-15 10:01:20,315 - INFO - 'NoneType' object is not subscriptable
2025-08-15 10:01:20,315 - INFO - Traceback (most recent call last):
  File "/home/runner/work/qqnews/qqnews/qq.py", line 128, in main
    for i in qq1["data"]["list"]:
             ~~~~~~~~~~~^^^^^^^^
TypeError: 'NoneType' object is not subscriptable

2025-08-15 11:07:58,765 - INFO - Total time taken: {'ret': 0, 'msg': 'success', 'data': None}
2025-08-15 11:07:58,765 - INFO - 'NoneType' object is not subscriptable
2025-08-15 11:07:58,765 - INFO - Traceback (most recent call last):
  File "/home/runner/work/qqnews/qqnews/qq.py", line 128, in main
    for i in qq1["data"]["list"]:
             ~~~~~~~~~~~^^^^^^^^
TypeError: 'NoneType' object is not subscriptable

2025-08-15 12:15:52,289 - INFO - Total time taken: {'ret': 0, 'msg': 'success', 'data': None}
2025-08-15 12:15:52,290 - INFO - 'NoneType' object is not subscriptable
2025-08-15 12:15:52,290 - INFO - Traceback (most recent call last):
  File "/home/runner/work/qqnews/qqnews/qq.py", line 128, in main
    for i in qq1["data"]["list"]:
             ~~~~~~~~~~~^^^^^^^^
TypeError: 'NoneType' object is not subscriptable

2025-08-15 13:23:23,240 - INFO - Total time taken: {'ret': 0, 'msg': 'success', 'data': None}
2025-08-15 13:23:23,240 - INFO - 'NoneType' object is not subscriptable
2025-08-15 13:23:23,241 - INFO - Traceback (most recent call last):
  File "/home/runner/work/qqnews/qqnews/qq.py", line 128, in main
    for i in qq1["data"]["list"]:
             ~~~~~~~~~~~^^^^^^^^
TypeError: 'NoneType' object is not subscriptable

2025-08-15 14:01:09,657 - INFO - Total time taken: {'ret': 0, 'msg': 'success', 'data': None}
2025-08-15 14:01:09,657 - INFO - 'NoneType' object is not subscriptable
2025-08-15 14:01:09,658 - INFO - Traceback (most recent call last):
  File "/home/runner/work/qqnews/qqnews/qq.py", line 128, in main
    for i in qq1["data"]["list"]:
             ~~~~~~~~~~~^^^^^^^^
TypeError: 'NoneType' object is not subscriptable

2025-08-15 15:08:50,840 - INFO - Total time taken: {'ret': 0, 'msg': 'success', 'data': None}
2025-08-15 15:08:50,841 - INFO - 'NoneType' object is not subscriptable
2025-08-15 15:08:50,841 - INFO - Traceback (most recent call last):
  File "/home/runner/work/qqnews/qqnews/qq.py", line 128, in main
    for i in qq1["data"]["list"]:
             ~~~~~~~~~~~^^^^^^^^
TypeError: 'NoneType' object is not subscriptable

