2025-11-01 00:43:19,866 - INFO - Total time taken: {'ret': 0, 'msg': 'success', 'data': None}
2025-11-01 00:43:19,867 - INFO - 'NoneType' object is not subscriptable
2025-11-01 00:43:19,867 - INFO - Traceback (most recent call last):
  File "/home/runner/work/qqnews/qqnews/qq.py", line 128, in main
    for i in qq1["data"]["list"]:
             ~~~~~~~~~~~^^^^^^^^
TypeError: 'NoneType' object is not subscriptable

2025-11-01 02:25:27,620 - INFO - Total time taken: {'ret': 0, 'msg': 'success', 'data': None}
2025-11-01 02:25:27,620 - INFO - 'NoneType' object is not subscriptable
2025-11-01 02:25:27,620 - INFO - Traceback (most recent call last):
  File "/home/runner/work/qqnews/qqnews/qq.py", line 128, in main
    for i in qq1["data"]["list"]:
             ~~~~~~~~~~~^^^^^^^^
TypeError: 'NoneType' object is not subscriptable

2025-11-01 03:36:30,953 - INFO - Total time taken: {'ret': 0, 'msg': 'success', 'data': None}
2025-11-01 03:36:30,953 - INFO - 'NoneType' object is not subscriptable
2025-11-01 03:36:30,954 - INFO - Traceback (most recent call last):
  File "/home/runner/work/qqnews/qqnews/qq.py", line 128, in main
    for i in qq1["data"]["list"]:
             ~~~~~~~~~~~^^^^^^^^
TypeError: 'NoneType' object is not subscriptable

2025-11-01 04:01:21,843 - INFO - Total time taken: {'ret': 0, 'msg': 'success', 'data': None}
2025-11-01 04:01:21,844 - INFO - 'NoneType' object is not subscriptable
2025-11-01 04:01:21,844 - INFO - Traceback (most recent call last):
  File "/home/runner/work/qqnews/qqnews/qq.py", line 128, in main
    for i in qq1["data"]["list"]:
             ~~~~~~~~~~~^^^^^^^^
TypeError: 'NoneType' object is not subscriptable

2025-11-01 05:01:14,294 - INFO - Total time taken: {'ret': 0, 'msg': 'success', 'data': None}
2025-11-01 05:01:14,294 - INFO - 'NoneType' object is not subscriptable
2025-11-01 05:01:14,295 - INFO - Traceback (most recent call last):
  File "/home/runner/work/qqnews/qqnews/qq.py", line 128, in main
    for i in qq1["data"]["list"]:
             ~~~~~~~~~~~^^^^^^^^
TypeError: 'NoneType' object is not subscriptable

2025-11-01 06:01:19,072 - INFO - Total time taken: {'ret': 0, 'msg': 'success', 'data': None}
2025-11-01 06:01:19,072 - INFO - 'NoneType' object is not subscriptable
2025-11-01 06:01:19,073 - INFO - Traceback (most recent call last):
  File "/home/runner/work/qqnews/qqnews/qq.py", line 128, in main
    for i in qq1["data"]["list"]:
             ~~~~~~~~~~~^^^^^^^^
TypeError: 'NoneType' object is not subscriptable

2025-11-01 07:01:12,537 - INFO - Total time taken: {'ret': 0, 'msg': 'success', 'data': None}
2025-11-01 07:01:12,538 - INFO - 'NoneType' object is not subscriptable
2025-11-01 07:01:12,538 - INFO - Traceback (most recent call last):
  File "/home/runner/work/qqnews/qqnews/qq.py", line 128, in main
    for i in qq1["data"]["list"]:
             ~~~~~~~~~~~^^^^^^^^
TypeError: 'NoneType' object is not subscriptable

2025-11-01 08:01:30,726 - INFO - Total time taken: {'ret': 0, 'msg': 'success', 'data': None}
2025-11-01 08:01:30,726 - INFO - 'NoneType' object is not subscriptable
2025-11-01 08:01:30,726 - INFO - Traceback (most recent call last):
  File "/home/runner/work/qqnews/qqnews/qq.py", line 128, in main
    for i in qq1["data"]["list"]:
             ~~~~~~~~~~~^^^^^^^^
TypeError: 'NoneType' object is not subscriptable

2025-11-01 09:01:08,821 - INFO - Total time taken: {'ret': 0, 'msg': 'success', 'data': None}
2025-11-01 09:01:08,821 - INFO - 'NoneType' object is not subscriptable
2025-11-01 09:01:08,821 - INFO - Traceback (most recent call last):
  File "/home/runner/work/qqnews/qqnews/qq.py", line 128, in main
    for i in qq1["data"]["list"]:
             ~~~~~~~~~~~^^^^^^^^
TypeError: 'NoneType' object is not subscriptable

2025-11-01 10:01:34,455 - INFO - Total time taken: {'ret': 0, 'msg': 'success', 'data': None}
2025-11-01 10:01:34,455 - INFO - 'NoneType' object is not subscriptable
2025-11-01 10:01:34,456 - INFO - Traceback (most recent call last):
  File "/home/runner/work/qqnews/qqnews/qq.py", line 128, in main
    for i in qq1["data"]["list"]:
             ~~~~~~~~~~~^^^^^^^^
TypeError: 'NoneType' object is not subscriptable

2025-11-01 11:01:22,680 - INFO - Total time taken: {'ret': 0, 'msg': 'success', 'data': None}
2025-11-01 11:01:22,680 - INFO - 'NoneType' object is not subscriptable
2025-11-01 11:01:22,681 - INFO - Traceback (most recent call last):
  File "/home/runner/work/qqnews/qqnews/qq.py", line 128, in main
    for i in qq1["data"]["list"]:
             ~~~~~~~~~~~^^^^^^^^
TypeError: 'NoneType' object is not subscriptable

2025-11-01 12:13:57,820 - INFO - Total time taken: {'ret': 0, 'msg': 'success', 'data': None}
2025-11-01 12:13:57,821 - INFO - 'NoneType' object is not subscriptable
2025-11-01 12:13:57,821 - INFO - Traceback (most recent call last):
  File "/home/runner/work/qqnews/qqnews/qq.py", line 128, in main
    for i in qq1["data"]["list"]:
             ~~~~~~~~~~~^^^^^^^^
TypeError: 'NoneType' object is not subscriptable

2025-11-01 13:15:30,852 - INFO - Total time taken: {'ret': 0, 'msg': 'success', 'data': None}
2025-11-01 13:15:30,853 - INFO - 'NoneType' object is not subscriptable
2025-11-01 13:15:30,853 - INFO - Traceback (most recent call last):
  File "/home/runner/work/qqnews/qqnews/qq.py", line 128, in main
    for i in qq1["data"]["list"]:
             ~~~~~~~~~~~^^^^^^^^
TypeError: 'NoneType' object is not subscriptable

2025-11-01 14:01:16,191 - INFO - Total time taken: {'ret': 0, 'msg': 'success', 'data': None}
2025-11-01 14:01:16,191 - INFO - 'NoneType' object is not subscriptable
2025-11-01 14:01:16,191 - INFO - Traceback (most recent call last):
  File "/home/runner/work/qqnews/qqnews/qq.py", line 128, in main
    for i in qq1["data"]["list"]:
             ~~~~~~~~~~~^^^^^^^^
TypeError: 'NoneType' object is not subscriptable

2025-11-01 15:01:27,424 - INFO - Total time taken: {'ret': 0, 'msg': 'success', 'data': None}
2025-11-01 15:01:27,424 - INFO - 'NoneType' object is not subscriptable
2025-11-01 15:01:27,424 - INFO - Traceback (most recent call last):
  File "/home/runner/work/qqnews/qqnews/qq.py", line 128, in main
    for i in qq1["data"]["list"]:
             ~~~~~~~~~~~^^^^^^^^
TypeError: 'NoneType' object is not subscriptable

2025-11-01 16:01:26,994 - INFO - Total time taken: {'ret': 0, 'msg': 'success', 'data': None}
2025-11-01 16:01:26,994 - INFO - 'NoneType' object is not subscriptable
2025-11-01 16:01:26,995 - INFO - Traceback (most recent call last):
  File "/home/runner/work/qqnews/qqnews/qq.py", line 128, in main
    for i in qq1["data"]["list"]:
             ~~~~~~~~~~~^^^^^^^^
TypeError: 'NoneType' object is not subscriptable

2025-11-01 17:01:17,220 - INFO - Total time taken: {'ret': 0, 'msg': 'success', 'data': None}
2025-11-01 17:01:17,220 - INFO - 'NoneType' object is not subscriptable
2025-11-01 17:01:17,220 - INFO - Traceback (most recent call last):
  File "/home/runner/work/qqnews/qqnews/qq.py", line 128, in main
    for i in qq1["data"]["list"]:
             ~~~~~~~~~~~^^^^^^^^
TypeError: 'NoneType' object is not subscriptable

