2026-04-12 01:12:02,688 - INFO - Total time taken: {'ret': 0, 'msg': 'success', 'data': None}
2026-04-12 01:12:02,688 - INFO - 'NoneType' object is not subscriptable
2026-04-12 01:12:02,689 - INFO - Traceback (most recent call last):
  File "/home/runner/work/qqnews/qqnews/qq.py", line 128, in main
    for i in qq1["data"]["list"]:
             ~~~~~~~~~~~^^^^^^^^
TypeError: 'NoneType' object is not subscriptable

2026-04-12 04:34:59,482 - INFO - Total time taken: {'ret': 0, 'msg': 'success', 'data': None}
2026-04-12 04:34:59,482 - INFO - 'NoneType' object is not subscriptable
2026-04-12 04:34:59,482 - INFO - Traceback (most recent call last):
  File "/home/runner/work/qqnews/qqnews/qq.py", line 128, in main
    for i in qq1["data"]["list"]:
             ~~~~~~~~~~~^^^^^^^^
TypeError: 'NoneType' object is not subscriptable

2026-04-12 06:16:17,041 - INFO - Total time taken: {'ret': 0, 'msg': 'success', 'data': None}
2026-04-12 06:16:17,041 - INFO - 'NoneType' object is not subscriptable
2026-04-12 06:16:17,042 - INFO - Traceback (most recent call last):
  File "/home/runner/work/qqnews/qqnews/qq.py", line 128, in main
    for i in qq1["data"]["list"]:
             ~~~~~~~~~~~^^^^^^^^
TypeError: 'NoneType' object is not subscriptable

2026-04-12 07:54:40,448 - INFO - Total time taken: {'ret': 0, 'msg': 'success', 'data': None}
2026-04-12 07:54:40,449 - INFO - 'NoneType' object is not subscriptable
2026-04-12 07:54:40,449 - INFO - Traceback (most recent call last):
  File "/home/runner/work/qqnews/qqnews/qq.py", line 128, in main
    for i in qq1["data"]["list"]:
             ~~~~~~~~~~~^^^^^^^^
TypeError: 'NoneType' object is not subscriptable

2026-04-12 08:34:31,871 - INFO - Total time taken: {'ret': 0, 'msg': 'success', 'data': None}
2026-04-12 08:34:31,872 - INFO - 'NoneType' object is not subscriptable
2026-04-12 08:34:31,872 - INFO - Traceback (most recent call last):
  File "/home/runner/work/qqnews/qqnews/qq.py", line 128, in main
    for i in qq1["data"]["list"]:
             ~~~~~~~~~~~^^^^^^^^
TypeError: 'NoneType' object is not subscriptable

2026-04-12 09:34:17,617 - INFO - Total time taken: {'ret': 0, 'msg': 'success', 'data': None}
2026-04-12 09:34:17,617 - INFO - 'NoneType' object is not subscriptable
2026-04-12 09:34:17,618 - INFO - Traceback (most recent call last):
  File "/home/runner/work/qqnews/qqnews/qq.py", line 128, in main
    for i in qq1["data"]["list"]:
             ~~~~~~~~~~~^^^^^^^^
TypeError: 'NoneType' object is not subscriptable

