2024-09-19 00:32:50,374 - INFO - EXPIRED
首次亮相！美国拿出了瞄准中国航母的“新长矛”
https://new.qq.com/rain/a/20240918A09GL800

2024-09-19 00:32:50,375 - INFO - EXPIRED
联大通过决议 要求以色列在12个月内结束在巴勒斯坦非法占领
https://new.qq.com/rain/a/20240918A09LU100

2024-09-19 00:32:50,375 - INFO - EXPIRED
中央再打教育“虎”
https://new.qq.com/rain/a/20240918A08RSC00

2024-09-19 00:32:50,375 - INFO - EXPIRED
合肥肥东4.7级地震亲历者：震感强伴随有“砰”的声响 全楼的人往外跑
https://new.qq.com/rain/a/20240918V098SW00

2024-09-19 00:32:50,375 - INFO - EXPIRED
印度女医生被奸杀案：调查称暂无受害者遭轮奸证据，3位官员职位不保
https://new.qq.com/rain/a/20240918A08SIU00

2024-09-19 00:32:50,375 - INFO - EXPIRED
进口34项台湾产农产品，不再零关税
https://new.qq.com/rain/a/20240918A08VEQ00

2024-09-19 00:32:50,375 - INFO - EXPIRED
山西怀仁一高中生晚11点后上厕所被定重大违纪，当地教育局通报
https://new.qq.com/rain/a/20240918A08TE600

2024-09-19 00:32:50,375 - INFO - EXPIRED
老人捡蜗牛包粽子致3死，蜗牛毒性有这么大吗？和餐馆里的蜗牛有何区别？
https://view.inews.qq.com/a/20240918Q07VAS00

2024-09-19 00:32:50,375 - INFO - EXPIRED
万亿级头部基金公司嘉实基金迎来新任“掌门人”
https://new.qq.com/rain/a/20240918A09IIM00

2024-09-19 00:32:50,375 - INFO - EXPIRED
安徽肥东发生4.7级地震，地震局：近期发生5.0级以上地震可能性不大
https://new.qq.com/rain/a/20240918A094BG00

2024-09-19 00:32:50,375 - INFO - EXPIRED
中国孕妇泰国坠崖案当事人生子：不打算带孩子进入网络
https://new.qq.com/rain/a/20240918V08ZBJ00

2024-09-19 00:32:50,375 - INFO - EXPIRED
安徽合肥市肥东县发生4.7级地震，4天前也曾地震，南京、杭州震感明显
https://new.qq.com/rain/a/20240918A08FAG00

2024-09-19 00:32:50,375 - INFO - EXPIRED
安徽合肥肥东4.7级地震瞬间：晃动明显 众多居民快跑出小区避险
https://new.qq.com/rain/a/20240918V08U6H00

2024-09-19 00:32:50,375 - INFO - EXPIRED
对话加拿大央行前行长：美国降息可能晚了，未必开启新一轮周期
https://new.qq.com/rain/a/20240918A07DD300

2024-09-19 00:32:50,375 - INFO - EXPIRED
刘强东，接盘百亿达达
https://new.qq.com/rain/a/20240918A09KCT00

2024-09-19 00:32:50,375 - INFO - EXPIRED
黎巴嫩真主党向以色列军事目标发射火箭弹
https://new.qq.com/rain/a/20240918A08S9900

2024-09-19 00:32:50,375 - INFO - EXPIRED
内蒙古一商家在门口贴招聘信息被罚款？当地：未罚款，仅口头教育
https://new.qq.com/rain/a/20240918A06PTJ00

2024-09-19 00:32:50,375 - INFO - EXPIRED
iPhone 16 Pro评测：史上续航最顶的iPhone是怎么炼成的
https://new.qq.com/rain/a/20240918V07FW800

2024-09-19 00:32:50,375 - INFO - EXPIRED
国常会：研究促进创业投资发展的有关举措
https://new.qq.com/rain/a/20240918A07RZ300

2024-09-19 00:32:50,375 - INFO - EXPIRED
美联储降息是打开潘多拉魔盒吗？放水之下，我的钱会跟着贬值吗？
https://view.inews.qq.com/a/20240918Q05V8V00

2024-09-19 00:32:50,375 - INFO - EXPIRED
铁路部门回应“上百人有票没座”：已采取安置空闲座位等措施
https://new.qq.com/rain/a/20240918A0832N00

2024-09-19 00:32:50,375 - INFO - EXPIRED
内蒙古一载有学生汽车撞上收割机 目击者：小车疑似逆行，有多人伤亡
https://new.qq.com/rain/a/20240918A06AOJ00

2024-09-19 00:32:50,375 - INFO - EXPIRED
台积电美国芯片工厂投产！苹果A16处理器开始少量量产，或用于iPad
https://new.qq.com/rain/a/20240918A07GE000

2024-09-19 00:32:50,375 - INFO - EXPIRED
网红“娟子”被指直播中调侃“9·18” 平台回应：账号被永久封禁
https://new.qq.com/rain/a/20240918V073F600

2024-09-19 00:32:50,375 - INFO - EXPIRED
周星驰御用配音演员石班瑜去世，你看过哪些他配音的作品？对哪个印象最深？
https://view.inews.qq.com/a/20240918Q081UQ00

2024-09-19 00:32:50,375 - INFO - EXPIRED
自称3年挣102万的外卖员被曝送餐时发生车祸，朋友：骨折，伤得不轻
https://new.qq.com/rain/a/20240918A040QT00

2024-09-19 00:32:50,375 - INFO - EXPIRED
台湾8旬老人捡蜗牛包成粽子食用后死亡，亲友守灵吃下后又致2死
https://new.qq.com/rain/a/20240918V03XTK00

2024-09-19 00:32:50,375 - INFO - EXPIRED
湖北京山卖菜大爷持刀威胁城管？官方回应
https://new.qq.com/rain/a/20240918A078VX00

2024-09-19 00:32:50,375 - INFO - EXPIRED
广西多地推出“续保贷”缓解“断保之忧”，“续保贷”是什么？我贷了真有好处吗？
https://view.inews.qq.com/a/20240918Q03N9L00

2024-09-19 00:32:50,375 - INFO - EXPIRED
日本防卫省称中国航母辽宁舰进入日本冲绳地区的毗连区水域，外交部回应
https://new.qq.com/rain/a/20240918A053SI00

2024-09-19 00:32:50,375 - INFO - EXPIRED
广州南沙取消限购？一线销售已经开始行动！官方称“未接通知”
https://new.qq.com/rain/a/20240918A04SM400

2024-09-19 00:32:50,375 - INFO - EXPIRED
中美航班为何恢复难
https://new.qq.com/rain/a/20240918A00TPI00

2024-09-19 00:32:50,375 - INFO - EXPIRED
银行女员工伪造存单，骗走储户400余万自己花，这怎么操作的？我防得了吗？
https://view.inews.qq.com/a/20240918Q0267400

2024-09-19 00:32:50,375 - INFO - EXPIRED
香港廉政公署回应网红疑假扮工作人员事件：欢迎“打卡”，但不能冒充廉署人员
https://new.qq.com/rain/a/20240918A05MWO00

2024-09-19 00:32:50,375 - INFO - EXPIRED
湖南博物院一游客不慎掉落手机砸到辛追夫人棺椁？回应：下面玻璃受损
https://new.qq.com/rain/a/20240918A02TFD00

2024-09-19 00:32:50,375 - INFO - EXPIRED
午后风云突变！沪指先跌破2700点，随后三大指数纷纷翻红，发生了什么
https://new.qq.com/rain/a/20240918A04X1B00

2024-09-19 00:32:50,375 - INFO - EXPIRED
美国被曝正施压越南海底电缆建设远离中国企业，官员：游说非常艰难
https://new.qq.com/rain/a/20240918A02ODQ00

2024-09-19 00:32:50,375 - INFO - EXPIRED
发改委发布《国有粮油仓储物流设施保护办法（公开征求意见稿）》
https://new.qq.com/rain/a/20240918A04KZS00

2024-09-19 00:32:50,375 - INFO - EXPIRED
9岁女童在病房被猥亵之后
https://new.qq.com/rain/a/20240918A0459700

2024-09-19 00:32:50,375 - INFO - EXPIRED
“信仰”坍塌？贵州茅台再创2022年新低，“顶流”多数减仓
https://new.qq.com/rain/a/20240918A03NV800

2024-09-19 00:32:50,375 - INFO - EXPIRED
山西一高中生晚11点上厕所被定重大违纪，印千份“自我认识”分发各班
https://new.qq.com/rain/a/20240918A04DDJ00

2024-09-19 00:32:50,375 - INFO - EXPIRED
外交部：中方决定对九家美国军工企业采取反制措施
https://new.qq.com/rain/a/20240918A04MU000

2024-09-19 00:32:50,375 - INFO - EXPIRED
岑浩辉成为澳门特区第六任行政长官选举唯一被提名人
https://new.qq.com/rain/a/20240918A04SLX00

2024-09-19 00:32:50,375 - INFO - EXPIRED
下一个台风“普拉桑”跑得很快，或于明天下午到晚上在浙江沿海登陆
https://new.qq.com/rain/a/20240918A03OWT00

2024-09-19 00:32:50,375 - INFO - EXPIRED
家属称女子疑因遭丈夫砸店家暴后跳河身亡，男方：两口子第一次打架
https://new.qq.com/rain/a/20240918A03LKI00

2024-09-19 00:32:50,375 - INFO - EXPIRED
勇救3名落水儿童，火锅店老板栾留伟被评定为烈士
https://new.qq.com/rain/a/20240918A03EP600

2024-09-19 00:32:50,375 - INFO - EXPIRED
四川一妇产医院收2名代孕产妇被罚3万8，上官正义称调查当天实有5名
https://new.qq.com/rain/a/20240918A03CWF00

2024-09-19 00:32:50,375 - INFO - EXPIRED
人工流产手术呈现低龄化特点，生育困难和预约人流病人成计生科室主力
https://new.qq.com/rain/a/20240918A00RBS00

2024-09-19 00:32:50,375 - INFO - EXPIRED
深圳一男子持刀伤害未成年人，警方通报：嫌疑人被现场抓获
https://new.qq.com/rain/a/20240918A0400700

2024-09-19 00:32:50,375 - INFO - EXPIRED
黎巴嫩寻呼机爆炸事件致数千人死伤，这东西威力这么大？手机也能这样被引爆？
https://view.inews.qq.com/a/20240918Q02LJI00

2024-09-19 00:32:50,375 - INFO - EXPIRED
台军又紧盯上了：解放军辽宁舰今日凌晨出现在台湾东北部海域
https://new.qq.com/rain/a/20240918A025YB00

2024-09-19 00:32:50,375 - INFO - EXPIRED
前业内人士：寻呼机爆炸有三种可能，最可能是制造商被摩萨德买通
https://new.qq.com/rain/a/20240918A01X6I00

2024-09-19 00:32:50,375 - INFO - EXPIRED
国产光刻机突破28nm了吗
https://new.qq.com/rain/a/20240918A01LDM00

2024-09-19 00:32:50,375 - INFO - EXPIRED
三只羊涉误导消费者被立案调查，只有小杨哥这么干吗？是不是行业普遍现象？
https://view.inews.qq.com/a/20240918Q012YQ00

2024-09-19 00:32:50,376 - INFO - EXPIRED
江苏徐州宿迁等地遭龙卷风袭击，当地气象台：或与台风“贝碧嘉”有关
https://new.qq.com/rain/a/20240918V038HT00

2024-09-19 00:32:50,376 - INFO - EXPIRED
网红球员杨政CBA体测多个项目未达标，草根球员过关很难吗？还能打联赛吗？
https://view.inews.qq.com/a/20240917Q05QBA00

2024-09-19 00:32:50,376 - INFO - EXPIRED
外媒：布林肯已听取泽连斯基“胜利计划”简报，有美官员认为“可行”
https://new.qq.com/rain/a/20240918A01T7R00

2024-09-19 00:32:50,376 - INFO - EXPIRED
广州南沙“取消限购”“买房送户口”？销售一线已经开始行动
https://new.qq.com/rain/a/20240918A01TSH00

2024-09-19 00:32:50,376 - INFO - EXPIRED
黎巴嫩数千真主党成员被寻呼机炸伤，黎巴嫩政府、真主党、伊朗之间是什么关系？
https://view.inews.qq.com/a/20240918Q02OR000

2024-09-19 00:32:50,376 - INFO - EXPIRED
何帆已任最高法审判管理办公室主任，曾翻译《九人》《十二怒汉》等书
https://new.qq.com/rain/a/20240917A05W7T00

2024-09-19 00:32:50,376 - INFO - EXPIRED
“华尔街空神”再发警告：若哈里斯赢得大选，我将从市场上撤资
https://new.qq.com/rain/a/20240918A01VNW00

2024-09-19 00:32:50,376 - INFO - EXPIRED
70万吨垃圾倒入黄河？联合调查组：不属实！造谣者被行拘
https://new.qq.com/rain/a/20240918A02BE100

2024-09-19 00:32:50,376 - INFO - EXPIRED
四十年后，中国造船成世界中心
https://new.qq.com/rain/a/20240917A054IB00

2024-09-19 00:32:50,376 - INFO - EXPIRED
路口电杆下穿反光衣男子猝死倒在积水中，江苏无锡警方：并非警务人员
https://new.qq.com/rain/a/20240917A05PEX00

2024-09-19 00:32:50,376 - INFO - EXPIRED
黎巴嫩寻呼机爆炸致数千人死伤，这是怎么引爆的？ 有人做了手脚吗？
https://view.inews.qq.com/a/20240918Q01K0V00

2024-09-19 00:32:50,376 - INFO - EXPIRED
美团CEO王兴内部信：745万骑手获800亿报酬，公司69%管理者是内部提拔
https://new.qq.com/rain/a/20240918A00QC300

2024-09-19 00:32:50,376 - INFO - EXPIRED
续保提价，不给续保，新能源车主慌了
https://new.qq.com/rain/a/20240917A06BL000

2024-09-19 00:32:50,376 - INFO - EXPIRED
爆炸瞬间：黎巴嫩寻呼机爆炸已致数千人死伤 以媒称摩萨德安装并引爆
https://new.qq.com/rain/a/20240918V00T9J00

2024-09-19 00:32:50,376 - INFO - EXPIRED
美国遏华战略改变？“正大量囤积廉价反舰武器”
https://new.qq.com/rain/a/20240917A0737000

2024-09-19 00:32:50,376 - INFO - EXPIRED
因台风登陆一直上班，浙江一官员3天穿同一件衣服出镜遭质疑
https://new.qq.com/rain/a/20240917A05I0B00

2024-09-19 00:32:50,376 - INFO - EXPIRED
教育部原党组副书记、副部长杜玉波被查
https://new.qq.com/rain/a/20240918A01B3N00

2024-09-19 00:32:50,376 - INFO - EXPIRED
美军“死神”被击落，“携带8枚导弹”
https://new.qq.com/rain/a/20240917A071FL00

2024-09-19 00:32:50,376 - INFO - EXPIRED
被施压“协同管制”对华芯片技术出口，知情人：日本对美做法感到恼火
https://new.qq.com/rain/a/20240917A05NYB00

2024-09-19 00:32:50,376 - INFO - EXPIRED
黎巴嫩寻呼机爆炸致数千人死伤，为何还在用寻呼机？中东通讯还停留在20年前吗？
https://view.inews.qq.com/a/20240918Q017IZ00

2024-09-19 00:32:50,376 - INFO - EXPIRED
70亿元！社保基金再出手，战略投资国投电力
https://new.qq.com/rain/a/20240917A06RWT00

2024-09-19 00:32:50,376 - INFO - EXPIRED
谁提前预警了九一八事变？
https://new.qq.com/rain/a/20240918A00M4Y00

2024-09-19 00:32:50,376 - INFO - EXPIRED
大一女生秀保安证被质疑“蹭”演唱会，这可行吗？考保安证都需要哪些技能？
https://view.inews.qq.com/a/20240917Q05J3J00

2024-09-19 00:32:50,376 - INFO - EXPIRED
怀孕三个月被丈夫推下悬崖奇迹生还，五年后她官宣生子：还好我没放弃
https://new.qq.com/rain/a/20240917A06B3Z00

2024-09-19 00:32:50,376 - INFO - EXPIRED
俄罗斯军事人员将增至150万人，现在征兵难度大吗？这么多兵养得起吗？
https://view.inews.qq.com/a/20240917Q05QI100

2024-09-19 00:32:50,376 - INFO - EXPIRED
痛失英才！38岁青年法学家张祺乐离世
https://new.qq.com/rain/a/20240917A05ZX100

2024-09-19 00:32:50,376 - INFO - EXPIRED
河北密集调整县委书记
https://new.qq.com/rain/a/20240917A05PBH00

2024-09-19 00:32:50,376 - INFO - EXPIRED
你听说过的有关月球起源的最离奇的说法是什么？你相信吗？
https://view.inews.qq.com/a/20240917Q072QA00

2024-09-19 00:32:50,376 - INFO - EXPIRED
比尔盖茨：如果一切能重新开始，会创办一家“以AI为中心”的初创公司
https://new.qq.com/rain/a/20240917A06TS800

2024-09-19 00:32:50,376 - INFO - EXPIRED
Apple Watch 10 评测：46＞49？苹果这算数可以
https://new.qq.com/rain/a/20240917V03QF400

2024-09-19 00:32:50,376 - INFO - EXPIRED
天上的那轮明月，中国人将在2030年前踏上去，与美国比咱们有哪些后发优势？
https://view.inews.qq.com/a/20240917Q06F7A00

2024-09-19 00:32:50,376 - INFO - EXPIRED
上海有人员因台风被吹落高坠？上海警方：8人编造传播谣言被依法查处
https://new.qq.com/rain/a/20240917A06MA000

2024-09-19 00:32:50,376 - INFO - EXPIRED
俄罗斯军事人员扩增至150万人，这是要有新的大动作？乌克兰能应对得了吗？
https://view.inews.qq.com/a/20240917Q0531A00

2024-09-19 00:32:50,376 - INFO - EXPIRED
美股三大指数集体走强 英特尔涨超6% 热门中概股普涨
https://new.qq.com/rain/a/20240917A06HKD00

2024-09-19 00:32:50,376 - INFO - EXPIRED
“还我妈生相册”，苹果 iOS 18 正式版被网友吐槽“丑”上热搜
https://new.qq.com/rain/a/20240917A05FSH00

2024-09-19 00:32:51,001 - INFO - INVALID
300家德企写信要求使领馆放宽中国员工签证，德国外交部回应：将努力加快办理速度
https://new.qq.com/rain/a/20240919A00P2J00

2024-09-19 00:32:51,016 - INFO - INVALID
两大债主齐抛美债！日本持债创九个月新低，中国持仓跌向2009年来低谷
https://new.qq.com/rain/a/20240919A00WD600

2024-09-19 00:32:51,066 - INFO - INVALID
台风黄色预警：“普拉桑”将于今天下午到晚上在浙江沿海登陆
https://new.qq.com/rain/a/20240919A00W4O00

2024-09-19 00:32:51,077 - INFO - INVALID
伊朗黑客曾将特朗普竞选情报发给拜登团队？美国安部门、哈里斯方发声
https://new.qq.com/rain/a/20240919A00W2R00

2024-09-19 00:32:51,082 - INFO - INVALID
河南叶县人民政府领导带队，强拆大学生创业果园：确保重点项目落地
https://new.qq.com/rain/a/20240919A0105Y00

2024-09-19 00:32:51,274 - INFO - INVALID
特朗普集会地附近汽车惊现爆炸物？纽约警方辟谣
https://new.qq.com/rain/a/20240919A00TGD00

2024-09-19 00:32:51,294 - INFO - INVALID
交易金额超千亿元！中国船舶拟换股吸收合并中国重工预案出炉，今日复牌
https://new.qq.com/rain/a/20240919A00SVA00

2024-09-19 00:32:51,364 - INFO - INVALID
“网红医生”为何热衷两性话题？记者调查医疗科普账号违规引流乱象
https://new.qq.com/rain/a/20240919A00WDJ00

2024-09-19 00:32:51,415 - INFO - INVALID
辽宁舰“首次驶入毗连区”令日本紧张，专家：日方蓄意渲染紧张局势，完全是无病呻吟
https://new.qq.com/rain/a/20240919A00NHS00

2024-09-19 00:32:51,430 - INFO - INVALID
鲍威尔讲话全文来了！美国经济总体强劲 预计年底前将再降50个基点
https://new.qq.com/rain/a/20240919A00GNN00

2024-09-19 00:32:51,619 - INFO - INVALID
美股收盘：议息夜过山车走势令人心惊 三大指数小幅收跌
https://new.qq.com/rain/a/20240919A00HZ800

2024-09-19 02:07:00,077 - INFO - EXPIRED
贷款缴养老保险，每月还款从养老待遇中划扣？广西多地推出“续保贷”
https://new.qq.com/rain/a/20240918A08W6400

2024-09-19 02:07:00,077 - INFO - EXPIRED
首次亮相！美国拿出了瞄准中国航母的“新长矛”
https://new.qq.com/rain/a/20240918A09GL800

2024-09-19 02:07:00,077 - INFO - EXPIRED
联大通过决议 要求以色列在12个月内结束在巴勒斯坦非法占领
https://new.qq.com/rain/a/20240918A09LU100

2024-09-19 02:07:00,077 - INFO - EXPIRED
中央再打教育“虎”
https://new.qq.com/rain/a/20240918A08RSC00

2024-09-19 02:07:00,077 - INFO - EXPIRED
合肥肥东4.7级地震亲历者：震感强伴随有“砰”的声响 全楼的人往外跑
https://new.qq.com/rain/a/20240918V098SW00

2024-09-19 02:07:00,077 - INFO - EXPIRED
印度女医生被奸杀案：调查称暂无受害者遭轮奸证据，3位官员职位不保
https://new.qq.com/rain/a/20240918A08SIU00

2024-09-19 02:07:00,077 - INFO - EXPIRED
进口34项台湾产农产品，不再零关税
https://new.qq.com/rain/a/20240918A08VEQ00

2024-09-19 02:07:00,077 - INFO - EXPIRED
山西怀仁一高中生晚11点后上厕所被定重大违纪，当地教育局通报
https://new.qq.com/rain/a/20240918A08TE600

2024-09-19 02:07:00,077 - INFO - EXPIRED
老人捡蜗牛包粽子致3死，蜗牛毒性有这么大吗？和餐馆里的蜗牛有何区别？
https://view.inews.qq.com/a/20240918Q07VAS00

2024-09-19 02:07:00,077 - INFO - EXPIRED
万亿级头部基金公司嘉实基金迎来新任“掌门人”
https://new.qq.com/rain/a/20240918A09IIM00

2024-09-19 02:07:00,077 - INFO - EXPIRED
安徽肥东发生4.7级地震，地震局：近期发生5.0级以上地震可能性不大
https://new.qq.com/rain/a/20240918A094BG00

2024-09-19 02:07:00,077 - INFO - EXPIRED
中国孕妇泰国坠崖案当事人生子：不打算带孩子进入网络
https://new.qq.com/rain/a/20240918V08ZBJ00

2024-09-19 02:07:00,077 - INFO - EXPIRED
安徽合肥市肥东县发生4.7级地震，4天前也曾地震，南京、杭州震感明显
https://new.qq.com/rain/a/20240918A08FAG00

2024-09-19 02:07:00,077 - INFO - EXPIRED
安徽合肥肥东4.7级地震瞬间：晃动明显 众多居民快跑出小区避险
https://new.qq.com/rain/a/20240918V08U6H00

2024-09-19 02:07:00,077 - INFO - EXPIRED
对话加拿大央行前行长：美国降息可能晚了，未必开启新一轮周期
https://new.qq.com/rain/a/20240918A07DD300

2024-09-19 02:07:00,077 - INFO - EXPIRED
刘强东，接盘百亿达达
https://new.qq.com/rain/a/20240918A09KCT00

2024-09-19 02:07:00,077 - INFO - EXPIRED
黎巴嫩真主党向以色列军事目标发射火箭弹
https://new.qq.com/rain/a/20240918A08S9900

2024-09-19 02:07:00,077 - INFO - EXPIRED
内蒙古一商家在门口贴招聘信息被罚款？当地：未罚款，仅口头教育
https://new.qq.com/rain/a/20240918A06PTJ00

2024-09-19 02:07:00,077 - INFO - EXPIRED
iPhone 16 Pro评测：史上续航最顶的iPhone是怎么炼成的
https://new.qq.com/rain/a/20240918V07FW800

2024-09-19 02:07:00,077 - INFO - EXPIRED
国常会：研究促进创业投资发展的有关举措
https://new.qq.com/rain/a/20240918A07RZ300

2024-09-19 02:07:00,077 - INFO - EXPIRED
美联储降息是打开潘多拉魔盒吗？放水之下，我的钱会跟着贬值吗？
https://view.inews.qq.com/a/20240918Q05V8V00

2024-09-19 02:07:00,077 - INFO - EXPIRED
铁路部门回应“上百人有票没座”：已采取安置空闲座位等措施
https://new.qq.com/rain/a/20240918A0832N00

2024-09-19 02:07:00,078 - INFO - EXPIRED
内蒙古一载有学生汽车撞上收割机 目击者：小车疑似逆行，有多人伤亡
https://new.qq.com/rain/a/20240918A06AOJ00

2024-09-19 02:07:00,078 - INFO - EXPIRED
台积电美国芯片工厂投产！苹果A16处理器开始少量量产，或用于iPad
https://new.qq.com/rain/a/20240918A07GE000

2024-09-19 02:07:00,078 - INFO - EXPIRED
网红“娟子”被指直播中调侃“9·18” 平台回应：账号被永久封禁
https://new.qq.com/rain/a/20240918V073F600

2024-09-19 02:07:00,078 - INFO - EXPIRED
周星驰御用配音演员石班瑜去世，你看过哪些他配音的作品？对哪个印象最深？
https://view.inews.qq.com/a/20240918Q081UQ00

2024-09-19 02:07:00,078 - INFO - EXPIRED
自称3年挣102万的外卖员被曝送餐时发生车祸，朋友：骨折，伤得不轻
https://new.qq.com/rain/a/20240918A040QT00

2024-09-19 02:07:00,078 - INFO - EXPIRED
台湾8旬老人捡蜗牛包成粽子食用后死亡，亲友守灵吃下后又致2死
https://new.qq.com/rain/a/20240918V03XTK00

2024-09-19 02:07:00,078 - INFO - EXPIRED
湖北京山卖菜大爷持刀威胁城管？官方回应
https://new.qq.com/rain/a/20240918A078VX00

2024-09-19 02:07:00,078 - INFO - EXPIRED
广西多地推出“续保贷”缓解“断保之忧”，“续保贷”是什么？我贷了真有好处吗？
https://view.inews.qq.com/a/20240918Q03N9L00

2024-09-19 02:07:00,078 - INFO - EXPIRED
日本防卫省称中国航母辽宁舰进入日本冲绳地区的毗连区水域，外交部回应
https://new.qq.com/rain/a/20240918A053SI00

2024-09-19 02:07:00,078 - INFO - EXPIRED
广州南沙取消限购？一线销售已经开始行动！官方称“未接通知”
https://new.qq.com/rain/a/20240918A04SM400

2024-09-19 02:07:00,078 - INFO - EXPIRED
中美航班为何恢复难
https://new.qq.com/rain/a/20240918A00TPI00

2024-09-19 02:07:00,078 - INFO - EXPIRED
银行女员工伪造存单，骗走储户400余万自己花，这怎么操作的？我防得了吗？
https://view.inews.qq.com/a/20240918Q0267400

2024-09-19 02:07:00,078 - INFO - EXPIRED
香港廉政公署回应网红疑假扮工作人员事件：欢迎“打卡”，但不能冒充廉署人员
https://new.qq.com/rain/a/20240918A05MWO00

2024-09-19 02:07:00,078 - INFO - EXPIRED
湖南博物院一游客不慎掉落手机砸到辛追夫人棺椁？回应：下面玻璃受损
https://new.qq.com/rain/a/20240918A02TFD00

2024-09-19 02:07:00,078 - INFO - EXPIRED
午后风云突变！沪指先跌破2700点，随后三大指数纷纷翻红，发生了什么
https://new.qq.com/rain/a/20240918A04X1B00

2024-09-19 02:07:00,078 - INFO - EXPIRED
美国被曝正施压越南海底电缆建设远离中国企业，官员：游说非常艰难
https://new.qq.com/rain/a/20240918A02ODQ00

2024-09-19 02:07:00,078 - INFO - EXPIRED
发改委发布《国有粮油仓储物流设施保护办法（公开征求意见稿）》
https://new.qq.com/rain/a/20240918A04KZS00

2024-09-19 02:07:00,078 - INFO - EXPIRED
9岁女童在病房被猥亵之后
https://new.qq.com/rain/a/20240918A0459700

2024-09-19 02:07:00,078 - INFO - EXPIRED
“信仰”坍塌？贵州茅台再创2022年新低，“顶流”多数减仓
https://new.qq.com/rain/a/20240918A03NV800

2024-09-19 02:07:00,078 - INFO - EXPIRED
山西一高中生晚11点上厕所被定重大违纪，印千份“自我认识”分发各班
https://new.qq.com/rain/a/20240918A04DDJ00

2024-09-19 02:07:00,078 - INFO - EXPIRED
外交部：中方决定对九家美国军工企业采取反制措施
https://new.qq.com/rain/a/20240918A04MU000

2024-09-19 02:07:00,078 - INFO - EXPIRED
岑浩辉成为澳门特区第六任行政长官选举唯一被提名人
https://new.qq.com/rain/a/20240918A04SLX00

2024-09-19 02:07:00,078 - INFO - EXPIRED
下一个台风“普拉桑”跑得很快，或于明天下午到晚上在浙江沿海登陆
https://new.qq.com/rain/a/20240918A03OWT00

2024-09-19 02:07:00,078 - INFO - EXPIRED
家属称女子疑因遭丈夫砸店家暴后跳河身亡，男方：两口子第一次打架
https://new.qq.com/rain/a/20240918A03LKI00

2024-09-19 02:07:00,078 - INFO - EXPIRED
勇救3名落水儿童，火锅店老板栾留伟被评定为烈士
https://new.qq.com/rain/a/20240918A03EP600

2024-09-19 02:07:00,078 - INFO - EXPIRED
四川一妇产医院收2名代孕产妇被罚3万8，上官正义称调查当天实有5名
https://new.qq.com/rain/a/20240918A03CWF00

2024-09-19 02:07:00,078 - INFO - EXPIRED
人工流产手术呈现低龄化特点，生育困难和预约人流病人成计生科室主力
https://new.qq.com/rain/a/20240918A00RBS00

2024-09-19 02:07:00,078 - INFO - EXPIRED
深圳一男子持刀伤害未成年人，警方通报：嫌疑人被现场抓获
https://new.qq.com/rain/a/20240918A0400700

2024-09-19 02:07:00,078 - INFO - EXPIRED
黎巴嫩寻呼机爆炸事件致数千人死伤，这东西威力这么大？手机也能这样被引爆？
https://view.inews.qq.com/a/20240918Q02LJI00

2024-09-19 02:07:00,078 - INFO - EXPIRED
台军又紧盯上了：解放军辽宁舰今日凌晨出现在台湾东北部海域
https://new.qq.com/rain/a/20240918A025YB00

2024-09-19 02:07:00,078 - INFO - EXPIRED
前业内人士：寻呼机爆炸有三种可能，最可能是制造商被摩萨德买通
https://new.qq.com/rain/a/20240918A01X6I00

2024-09-19 02:07:00,078 - INFO - EXPIRED
国产光刻机突破28nm了吗
https://new.qq.com/rain/a/20240918A01LDM00

2024-09-19 02:07:00,078 - INFO - EXPIRED
三只羊涉误导消费者被立案调查，只有小杨哥这么干吗？是不是行业普遍现象？
https://view.inews.qq.com/a/20240918Q012YQ00

2024-09-19 02:07:00,078 - INFO - EXPIRED
江苏徐州宿迁等地遭龙卷风袭击，当地气象台：或与台风“贝碧嘉”有关
https://new.qq.com/rain/a/20240918V038HT00

2024-09-19 02:07:00,078 - INFO - EXPIRED
网红球员杨政CBA体测多个项目未达标，草根球员过关很难吗？还能打联赛吗？
https://view.inews.qq.com/a/20240917Q05QBA00

2024-09-19 02:07:00,078 - INFO - EXPIRED
外媒：布林肯已听取泽连斯基“胜利计划”简报，有美官员认为“可行”
https://new.qq.com/rain/a/20240918A01T7R00

2024-09-19 02:07:00,078 - INFO - EXPIRED
广州南沙“取消限购”“买房送户口”？销售一线已经开始行动
https://new.qq.com/rain/a/20240918A01TSH00

2024-09-19 02:07:00,078 - INFO - EXPIRED
黎巴嫩数千真主党成员被寻呼机炸伤，黎巴嫩政府、真主党、伊朗之间是什么关系？
https://view.inews.qq.com/a/20240918Q02OR000

2024-09-19 02:07:00,078 - INFO - EXPIRED
何帆已任最高法审判管理办公室主任，曾翻译《九人》《十二怒汉》等书
https://new.qq.com/rain/a/20240917A05W7T00

2024-09-19 02:07:00,078 - INFO - EXPIRED
“华尔街空神”再发警告：若哈里斯赢得大选，我将从市场上撤资
https://new.qq.com/rain/a/20240918A01VNW00

2024-09-19 02:07:00,078 - INFO - EXPIRED
70万吨垃圾倒入黄河？联合调查组：不属实！造谣者被行拘
https://new.qq.com/rain/a/20240918A02BE100

2024-09-19 02:07:00,078 - INFO - EXPIRED
四十年后，中国造船成世界中心
https://new.qq.com/rain/a/20240917A054IB00

2024-09-19 02:07:00,078 - INFO - EXPIRED
路口电杆下穿反光衣男子猝死倒在积水中，江苏无锡警方：并非警务人员
https://new.qq.com/rain/a/20240917A05PEX00

2024-09-19 02:07:00,078 - INFO - EXPIRED
黎巴嫩寻呼机爆炸致数千人死伤，这是怎么引爆的？ 有人做了手脚吗？
https://view.inews.qq.com/a/20240918Q01K0V00

2024-09-19 02:07:00,078 - INFO - EXPIRED
美团CEO王兴内部信：745万骑手获800亿报酬，公司69%管理者是内部提拔
https://new.qq.com/rain/a/20240918A00QC300

2024-09-19 02:07:00,078 - INFO - EXPIRED
续保提价，不给续保，新能源车主慌了
https://new.qq.com/rain/a/20240917A06BL000

2024-09-19 02:07:00,078 - INFO - EXPIRED
爆炸瞬间：黎巴嫩寻呼机爆炸已致数千人死伤 以媒称摩萨德安装并引爆
https://new.qq.com/rain/a/20240918V00T9J00

2024-09-19 02:07:00,078 - INFO - EXPIRED
美国遏华战略改变？“正大量囤积廉价反舰武器”
https://new.qq.com/rain/a/20240917A0737000

2024-09-19 02:07:00,078 - INFO - EXPIRED
因台风登陆一直上班，浙江一官员3天穿同一件衣服出镜遭质疑
https://new.qq.com/rain/a/20240917A05I0B00

2024-09-19 02:07:00,078 - INFO - EXPIRED
教育部原党组副书记、副部长杜玉波被查
https://new.qq.com/rain/a/20240918A01B3N00

2024-09-19 02:07:00,078 - INFO - EXPIRED
美军“死神”被击落，“携带8枚导弹”
https://new.qq.com/rain/a/20240917A071FL00

2024-09-19 02:07:00,078 - INFO - EXPIRED
被施压“协同管制”对华芯片技术出口，知情人：日本对美做法感到恼火
https://new.qq.com/rain/a/20240917A05NYB00

2024-09-19 02:07:00,078 - INFO - EXPIRED
黎巴嫩寻呼机爆炸致数千人死伤，为何还在用寻呼机？中东通讯还停留在20年前吗？
https://view.inews.qq.com/a/20240918Q017IZ00

2024-09-19 02:07:00,078 - INFO - EXPIRED
70亿元！社保基金再出手，战略投资国投电力
https://new.qq.com/rain/a/20240917A06RWT00

2024-09-19 02:07:00,078 - INFO - EXPIRED
谁提前预警了九一八事变？
https://new.qq.com/rain/a/20240918A00M4Y00

2024-09-19 02:07:00,078 - INFO - EXPIRED
大一女生秀保安证被质疑“蹭”演唱会，这可行吗？考保安证都需要哪些技能？
https://view.inews.qq.com/a/20240917Q05J3J00

2024-09-19 02:07:00,078 - INFO - EXPIRED
怀孕三个月被丈夫推下悬崖奇迹生还，五年后她官宣生子：还好我没放弃
https://new.qq.com/rain/a/20240917A06B3Z00

2024-09-19 02:07:00,078 - INFO - EXPIRED
俄罗斯军事人员将增至150万人，现在征兵难度大吗？这么多兵养得起吗？
https://view.inews.qq.com/a/20240917Q05QI100

2024-09-19 02:07:00,587 - INFO - INVALID
商户在店门口贴招聘信息被处罚？官方：执法中产生误解，不予处罚
https://new.qq.com/rain/a/20240919A019ZI00

2024-09-19 02:07:00,593 - INFO - SUCCESS
河南叶县政府领导集结百人 强拆大学生创业果园 确保重点项目落地
https://new.qq.com/rain/a/20240919A0105Y00

2024-09-19 02:07:00,650 - INFO - INVALID
国银金租：拟购买波音50架737-8飞机
https://new.qq.com/rain/a/20240919A0121Q00

2024-09-19 02:07:00,655 - INFO - INVALID
沪指盘中失守2700点整数关口 国企改革概念持续活跃
https://new.qq.com/rain/a/20240919A01PGS00

2024-09-19 02:07:00,665 - INFO - INVALID
港股恒生指数跌0.15%，恒生科技指数涨0.07%，蔚来跌超6%
https://new.qq.com/rain/a/20240919A01KRO00

2024-09-19 02:07:00,944 - INFO - INVALID
委内瑞拉检方宣布将对阿根廷总统米莱进行调查
https://new.qq.com/rain/a/20240919A017Y800

2024-09-19 02:07:01,025 - INFO - INVALID
国安机关提醒赴海外留学生：谨防境外间谍情报机关拉拢策反
https://new.qq.com/rain/a/20240919A01LG700

2024-09-19 02:07:01,345 - ERROR - ERROR
张雨绮疑受前夫前女友葛晓倩爆料影响，《开门红》女主角色被换
https://new.qq.com/rain/a/20240919V01BRV00
('list index out of range',)
======
Traceback (most recent call last):
  File "/home/runner/work/qqnews/qqnews/qq.py", line 81, in process_article
    ss = str(tmpbs.select("div.LEFT div.content.clearfix")[0])
             ~~~~~~~~~~~~~~~~~~~~~~~~~~~~~~~~~~~~~~~~~~~~~^^^
IndexError: list index out of range


2024-09-19 02:07:01,363 - INFO - INVALID
两大债主齐抛美债！日本持债创九个月新低，中国持仓跌向2009年来低谷
https://new.qq.com/rain/a/20240919A00WD600

2024-09-19 02:07:01,386 - INFO - INVALID
梁振英8次率香港考察团赴宁夏，有重要背景
https://new.qq.com/rain/a/20240919A00V7300

2024-09-19 02:07:01,391 - INFO - INVALID
女子58页PPT举报管培生男友多次嫖娼 招行工作人员回应
https://new.qq.com/rain/a/20240919A00VRB00

2024-09-19 02:07:01,395 - INFO - INVALID
台风黄色预警：“普拉桑”将于今天下午到晚上在浙江沿海登陆
https://new.qq.com/rain/a/20240919A00W4O00

2024-09-19 02:07:01,694 - INFO - INVALID
伊朗黑客曾将特朗普竞选情报发给拜登团队？美国安部门、哈里斯方发声
https://new.qq.com/rain/a/20240919A00W2R00

2024-09-19 02:07:01,714 - INFO - INVALID
300家德企写信要求使领馆放宽中国员工签证，德国外交部回应：将努力加快办理速度
https://new.qq.com/rain/a/20240919A00P2J00

2024-09-19 02:07:01,737 - INFO - INVALID
特朗普集会地附近汽车惊现爆炸物？纽约警方辟谣
https://new.qq.com/rain/a/20240919A00TGD00

2024-09-19 02:07:01,832 - INFO - INVALID
交易金额超千亿元！中国船舶拟换股吸收合并中国重工预案出炉，今日复牌
https://new.qq.com/rain/a/20240919A00SVA00

2024-09-19 02:07:01,855 - INFO - INVALID
辽宁舰“首次驶入毗连区”令日本紧张，专家：日方蓄意渲染紧张局势，完全是无病呻吟
https://new.qq.com/rain/a/20240919A00NHS00

2024-09-19 02:07:02,049 - INFO - INVALID
“网红医生”为何热衷两性话题？记者调查医疗科普账号违规引流乱象
https://new.qq.com/rain/a/20240919A00WDJ00

2024-09-19 02:07:02,086 - INFO - INVALID
美股收盘：议息夜过山车走势令人心惊 三大指数小幅收跌
https://new.qq.com/rain/a/20240919A00HZ800

2024-09-19 02:07:02,330 - INFO - INVALID
美联储发布会全文来了！美国经济总体强劲 预计年底前将再降50个基点
https://new.qq.com/rain/a/20240919A00GNN00

