2026-03-02 00:56:59,058 - INFO - Total time taken: {'ret': 0, 'msg': 'success', 'data': None}
2026-03-02 00:56:59,058 - INFO - 'NoneType' object is not subscriptable
2026-03-02 00:56:59,058 - INFO - Traceback (most recent call last):
  File "/home/runner/work/qqnews/qqnews/qq.py", line 128, in main
    for i in qq1["data"]["list"]:
             ~~~~~~~~~~~^^^^^^^^
TypeError: 'NoneType' object is not subscriptable

2026-03-02 03:25:44,026 - INFO - Total time taken: {'ret': 0, 'msg': 'success', 'data': None}
2026-03-02 03:25:44,027 - INFO - 'NoneType' object is not subscriptable
2026-03-02 03:25:44,027 - INFO - Traceback (most recent call last):
  File "/home/runner/work/qqnews/qqnews/qq.py", line 128, in main
    for i in qq1["data"]["list"]:
             ~~~~~~~~~~~^^^^^^^^
TypeError: 'NoneType' object is not subscriptable

2026-03-02 05:09:13,768 - INFO - Total time taken: {'ret': 0, 'msg': 'success', 'data': None}
2026-03-02 05:09:13,768 - INFO - 'NoneType' object is not subscriptable
2026-03-02 05:09:13,769 - INFO - Traceback (most recent call last):
  File "/home/runner/work/qqnews/qqnews/qq.py", line 128, in main
    for i in qq1["data"]["list"]:
             ~~~~~~~~~~~^^^^^^^^
TypeError: 'NoneType' object is not subscriptable

2026-03-02 06:39:47,765 - INFO - Total time taken: {'ret': 0, 'msg': 'success', 'data': None}
2026-03-02 06:39:47,765 - INFO - 'NoneType' object is not subscriptable
2026-03-02 06:39:47,765 - INFO - Traceback (most recent call last):
  File "/home/runner/work/qqnews/qqnews/qq.py", line 128, in main
    for i in qq1["data"]["list"]:
             ~~~~~~~~~~~^^^^^^^^
TypeError: 'NoneType' object is not subscriptable

2026-03-02 07:40:23,375 - INFO - Total time taken: {'ret': 0, 'msg': 'success', 'data': None}
2026-03-02 07:40:23,375 - INFO - 'NoneType' object is not subscriptable
2026-03-02 07:40:23,375 - INFO - Traceback (most recent call last):
  File "/home/runner/work/qqnews/qqnews/qq.py", line 128, in main
    for i in qq1["data"]["list"]:
             ~~~~~~~~~~~^^^^^^^^
TypeError: 'NoneType' object is not subscriptable

2026-03-02 08:28:31,868 - INFO - Total time taken: {'ret': 0, 'msg': 'success', 'data': None}
2026-03-02 08:28:31,869 - INFO - 'NoneType' object is not subscriptable
2026-03-02 08:28:31,869 - INFO - Traceback (most recent call last):
  File "/home/runner/work/qqnews/qqnews/qq.py", line 128, in main
    for i in qq1["data"]["list"]:
             ~~~~~~~~~~~^^^^^^^^
TypeError: 'NoneType' object is not subscriptable

2026-03-02 09:34:59,569 - INFO - Total time taken: {'ret': 0, 'msg': 'success', 'data': None}
2026-03-02 09:34:59,569 - INFO - 'NoneType' object is not subscriptable
2026-03-02 09:34:59,570 - INFO - Traceback (most recent call last):
  File "/home/runner/work/qqnews/qqnews/qq.py", line 128, in main
    for i in qq1["data"]["list"]:
             ~~~~~~~~~~~^^^^^^^^
TypeError: 'NoneType' object is not subscriptable

2026-03-02 10:32:34,966 - INFO - Total time taken: {'ret': 0, 'msg': 'success', 'data': None}
2026-03-02 10:32:34,966 - INFO - 'NoneType' object is not subscriptable
2026-03-02 10:32:34,967 - INFO - Traceback (most recent call last):
  File "/home/runner/work/qqnews/qqnews/qq.py", line 128, in main
    for i in qq1["data"]["list"]:
             ~~~~~~~~~~~^^^^^^^^
TypeError: 'NoneType' object is not subscriptable

2026-03-02 11:24:04,756 - INFO - Total time taken: {'ret': 0, 'msg': 'success', 'data': None}
2026-03-02 11:24:04,756 - INFO - 'NoneType' object is not subscriptable
2026-03-02 11:24:04,756 - INFO - Traceback (most recent call last):
  File "/home/runner/work/qqnews/qqnews/qq.py", line 128, in main
    for i in qq1["data"]["list"]:
             ~~~~~~~~~~~^^^^^^^^
TypeError: 'NoneType' object is not subscriptable

2026-03-02 12:27:29,229 - INFO - Total time taken: {'ret': 0, 'msg': 'success', 'data': None}
2026-03-02 12:27:29,229 - INFO - 'NoneType' object is not subscriptable
2026-03-02 12:27:29,230 - INFO - Traceback (most recent call last):
  File "/home/runner/work/qqnews/qqnews/qq.py", line 128, in main
    for i in qq1["data"]["list"]:
             ~~~~~~~~~~~^^^^^^^^
TypeError: 'NoneType' object is not subscriptable

2026-03-02 13:50:09,400 - INFO - Total time taken: {'ret': 0, 'msg': 'success', 'data': None}
2026-03-02 13:50:09,400 - INFO - 'NoneType' object is not subscriptable
2026-03-02 13:50:09,401 - INFO - Traceback (most recent call last):
  File "/home/runner/work/qqnews/qqnews/qq.py", line 128, in main
    for i in qq1["data"]["list"]:
             ~~~~~~~~~~~^^^^^^^^
TypeError: 'NoneType' object is not subscriptable

