2026-07-05 01:29:34,486 - INFO - Total time taken: {'ret': 0, 'msg': 'success', 'data': None}
2026-07-05 01:29:34,486 - INFO - 'NoneType' object is not subscriptable
2026-07-05 01:29:34,487 - INFO - Traceback (most recent call last):
  File "/home/runner/work/qqnews/qqnews/qq.py", line 128, in main
    for i in qq1["data"]["list"]:
             ~~~~~~~~~~~^^^^^^^^
TypeError: 'NoneType' object is not subscriptable

2026-07-05 05:49:48,845 - INFO - Total time taken: {'ret': 0, 'msg': 'success', 'data': None}
2026-07-05 05:49:48,846 - INFO - 'NoneType' object is not subscriptable
2026-07-05 05:49:48,846 - INFO - Traceback (most recent call last):
  File "/home/runner/work/qqnews/qqnews/qq.py", line 128, in main
    for i in qq1["data"]["list"]:
             ~~~~~~~~~~~^^^^^^^^
TypeError: 'NoneType' object is not subscriptable

2026-07-05 08:34:22,457 - INFO - Total time taken: {'ret': 0, 'msg': 'success', 'data': None}
2026-07-05 08:34:22,457 - INFO - 'NoneType' object is not subscriptable
2026-07-05 08:34:22,458 - INFO - Traceback (most recent call last):
  File "/home/runner/work/qqnews/qqnews/qq.py", line 128, in main
    for i in qq1["data"]["list"]:
             ~~~~~~~~~~~^^^^^^^^
TypeError: 'NoneType' object is not subscriptable

2026-07-05 10:54:51,541 - INFO - Total time taken: {'ret': 0, 'msg': 'success', 'data': None}
2026-07-05 10:54:51,542 - INFO - 'NoneType' object is not subscriptable
2026-07-05 10:54:51,542 - INFO - Traceback (most recent call last):
  File "/home/runner/work/qqnews/qqnews/qq.py", line 128, in main
    for i in qq1["data"]["list"]:
             ~~~~~~~~~~~^^^^^^^^
TypeError: 'NoneType' object is not subscriptable

2026-07-05 12:06:38,932 - INFO - Total time taken: {'ret': 0, 'msg': 'success', 'data': None}
2026-07-05 12:06:38,933 - INFO - 'NoneType' object is not subscriptable
2026-07-05 12:06:38,933 - INFO - Traceback (most recent call last):
  File "/home/runner/work/qqnews/qqnews/qq.py", line 128, in main
    for i in qq1["data"]["list"]:
             ~~~~~~~~~~~^^^^^^^^
TypeError: 'NoneType' object is not subscriptable

2026-07-05 14:22:13,776 - INFO - Total time taken: {'ret': 0, 'msg': 'success', 'data': None}
2026-07-05 14:22:13,777 - INFO - 'NoneType' object is not subscriptable
2026-07-05 14:22:13,777 - INFO - Traceback (most recent call last):
  File "/home/runner/work/qqnews/qqnews/qq.py", line 128, in main
    for i in qq1["data"]["list"]:
             ~~~~~~~~~~~^^^^^^^^
TypeError: 'NoneType' object is not subscriptable

2026-07-05 15:57:14,479 - INFO - Total time taken: {'ret': 0, 'msg': 'success', 'data': None}
2026-07-05 15:57:14,479 - INFO - 'NoneType' object is not subscriptable
2026-07-05 15:57:14,479 - INFO - Traceback (most recent call last):
  File "/home/runner/work/qqnews/qqnews/qq.py", line 128, in main
    for i in qq1["data"]["list"]:
             ~~~~~~~~~~~^^^^^^^^
TypeError: 'NoneType' object is not subscriptable

2026-07-05 16:55:04,998 - INFO - Total time taken: {'ret': 0, 'msg': 'success', 'data': None}
2026-07-05 16:55:04,999 - INFO - 'NoneType' object is not subscriptable
2026-07-05 16:55:04,999 - INFO - Traceback (most recent call last):
  File "/home/runner/work/qqnews/qqnews/qq.py", line 128, in main
    for i in qq1["data"]["list"]:
             ~~~~~~~~~~~^^^^^^^^
TypeError: 'NoneType' object is not subscriptable

2026-07-05 17:53:07,264 - INFO - Total time taken: {'ret': 0, 'msg': 'success', 'data': None}
2026-07-05 17:53:07,265 - INFO - 'NoneType' object is not subscriptable
2026-07-05 17:53:07,265 - INFO - Traceback (most recent call last):
  File "/home/runner/work/qqnews/qqnews/qq.py", line 128, in main
    for i in qq1["data"]["list"]:
             ~~~~~~~~~~~^^^^^^^^
TypeError: 'NoneType' object is not subscriptable

2026-07-05 18:53:42,156 - INFO - Total time taken: {'ret': 0, 'msg': 'success', 'data': None}
2026-07-05 18:53:42,157 - INFO - 'NoneType' object is not subscriptable
2026-07-05 18:53:42,157 - INFO - Traceback (most recent call last):
  File "/home/runner/work/qqnews/qqnews/qq.py", line 128, in main
    for i in qq1["data"]["list"]:
             ~~~~~~~~~~~^^^^^^^^
TypeError: 'NoneType' object is not subscriptable

2026-07-05 20:04:06,237 - INFO - Total time taken: {'ret': 0, 'msg': 'success', 'data': None}
2026-07-05 20:04:06,237 - INFO - 'NoneType' object is not subscriptable
2026-07-05 20:04:06,237 - INFO - Traceback (most recent call last):
  File "/home/runner/work/qqnews/qqnews/qq.py", line 128, in main
    for i in qq1["data"]["list"]:
             ~~~~~~~~~~~^^^^^^^^
TypeError: 'NoneType' object is not subscriptable

2026-07-05 21:45:34,497 - INFO - Total time taken: {'ret': 0, 'msg': 'success', 'data': None}
2026-07-05 21:45:34,497 - INFO - 'NoneType' object is not subscriptable
2026-07-05 21:45:34,497 - INFO - Traceback (most recent call last):
  File "/home/runner/work/qqnews/qqnews/qq.py", line 128, in main
    for i in qq1["data"]["list"]:
             ~~~~~~~~~~~^^^^^^^^
TypeError: 'NoneType' object is not subscriptable

2026-07-05 22:44:33,985 - INFO - Total time taken: {'ret': 0, 'msg': 'success', 'data': None}
2026-07-05 22:44:33,985 - INFO - 'NoneType' object is not subscriptable
2026-07-05 22:44:33,986 - INFO - Traceback (most recent call last):
  File "/home/runner/work/qqnews/qqnews/qq.py", line 128, in main
    for i in qq1["data"]["list"]:
             ~~~~~~~~~~~^^^^^^^^
TypeError: 'NoneType' object is not subscriptable

2026-07-05 23:51:38,235 - INFO - Total time taken: {'ret': 0, 'msg': 'success', 'data': None}
2026-07-05 23:51:38,235 - INFO - 'NoneType' object is not subscriptable
2026-07-05 23:51:38,236 - INFO - Traceback (most recent call last):
  File "/home/runner/work/qqnews/qqnews/qq.py", line 128, in main
    for i in qq1["data"]["list"]:
             ~~~~~~~~~~~^^^^^^^^
TypeError: 'NoneType' object is not subscriptable

