2026-06-24 01:50:24,600 - INFO - Total time taken: {'ret': 0, 'msg': 'success', 'data': None}
2026-06-24 01:50:24,600 - INFO - 'NoneType' object is not subscriptable
2026-06-24 01:50:24,601 - INFO - Traceback (most recent call last):
  File "/home/runner/work/qqnews/qqnews/qq.py", line 128, in main
    for i in qq1["data"]["list"]:
             ~~~~~~~~~~~^^^^^^^^
TypeError: 'NoneType' object is not subscriptable

2026-06-24 05:54:29,090 - INFO - Total time taken: {'ret': 0, 'msg': 'success', 'data': None}
2026-06-24 05:54:29,090 - INFO - 'NoneType' object is not subscriptable
2026-06-24 05:54:29,090 - INFO - Traceback (most recent call last):
  File "/home/runner/work/qqnews/qqnews/qq.py", line 128, in main
    for i in qq1["data"]["list"]:
             ~~~~~~~~~~~^^^^^^^^
TypeError: 'NoneType' object is not subscriptable

2026-06-24 08:47:32,737 - INFO - Total time taken: {'ret': 0, 'msg': 'success', 'data': None}
2026-06-24 08:47:32,738 - INFO - 'NoneType' object is not subscriptable
2026-06-24 08:47:32,738 - INFO - Traceback (most recent call last):
  File "/home/runner/work/qqnews/qqnews/qq.py", line 128, in main
    for i in qq1["data"]["list"]:
             ~~~~~~~~~~~^^^^^^^^
TypeError: 'NoneType' object is not subscriptable

2026-06-24 11:35:02,536 - INFO - Total time taken: {'ret': 0, 'msg': 'success', 'data': None}
2026-06-24 11:35:02,536 - INFO - 'NoneType' object is not subscriptable
2026-06-24 11:35:02,537 - INFO - Traceback (most recent call last):
  File "/home/runner/work/qqnews/qqnews/qq.py", line 128, in main
    for i in qq1["data"]["list"]:
             ~~~~~~~~~~~^^^^^^^^
TypeError: 'NoneType' object is not subscriptable

2026-06-24 13:56:55,956 - INFO - Total time taken: {'ret': 0, 'msg': 'success', 'data': None}
2026-06-24 13:56:55,956 - INFO - 'NoneType' object is not subscriptable
2026-06-24 13:56:55,956 - INFO - Traceback (most recent call last):
  File "/home/runner/work/qqnews/qqnews/qq.py", line 128, in main
    for i in qq1["data"]["list"]:
             ~~~~~~~~~~~^^^^^^^^
TypeError: 'NoneType' object is not subscriptable

2026-06-24 16:06:57,717 - INFO - Total time taken: {'ret': 0, 'msg': 'success', 'data': None}
2026-06-24 16:06:57,717 - INFO - 'NoneType' object is not subscriptable
2026-06-24 16:06:57,718 - INFO - Traceback (most recent call last):
  File "/home/runner/work/qqnews/qqnews/qq.py", line 128, in main
    for i in qq1["data"]["list"]:
             ~~~~~~~~~~~^^^^^^^^
TypeError: 'NoneType' object is not subscriptable

2026-06-24 18:25:02,566 - INFO - Total time taken: {'ret': 0, 'msg': 'success', 'data': None}
2026-06-24 18:25:02,567 - INFO - 'NoneType' object is not subscriptable
2026-06-24 18:25:02,567 - INFO - Traceback (most recent call last):
  File "/home/runner/work/qqnews/qqnews/qq.py", line 128, in main
    for i in qq1["data"]["list"]:
             ~~~~~~~~~~~^^^^^^^^
TypeError: 'NoneType' object is not subscriptable

2026-06-24 20:24:24,230 - INFO - Total time taken: {'ret': 0, 'msg': 'success', 'data': None}
2026-06-24 20:24:24,230 - INFO - 'NoneType' object is not subscriptable
2026-06-24 20:24:24,230 - INFO - Traceback (most recent call last):
  File "/home/runner/work/qqnews/qqnews/qq.py", line 128, in main
    for i in qq1["data"]["list"]:
             ~~~~~~~~~~~^^^^^^^^
TypeError: 'NoneType' object is not subscriptable

2026-06-24 22:04:19,635 - INFO - Total time taken: {'ret': 0, 'msg': 'success', 'data': None}
2026-06-24 22:04:19,636 - INFO - 'NoneType' object is not subscriptable
2026-06-24 22:04:19,636 - INFO - Traceback (most recent call last):
  File "/home/runner/work/qqnews/qqnews/qq.py", line 128, in main
    for i in qq1["data"]["list"]:
             ~~~~~~~~~~~^^^^^^^^
TypeError: 'NoneType' object is not subscriptable

2026-06-24 23:54:20,612 - INFO - Total time taken: {'ret': 0, 'msg': 'success', 'data': None}
2026-06-24 23:54:20,613 - INFO - 'NoneType' object is not subscriptable
2026-06-24 23:54:20,613 - INFO - Traceback (most recent call last):
  File "/home/runner/work/qqnews/qqnews/qq.py", line 128, in main
    for i in qq1["data"]["list"]:
             ~~~~~~~~~~~^^^^^^^^
TypeError: 'NoneType' object is not subscriptable

