2026-06-29 02:10:18,965 - INFO - Total time taken: {'ret': 0, 'msg': 'success', 'data': None}
2026-06-29 02:10:18,965 - INFO - 'NoneType' object is not subscriptable
2026-06-29 02:10:18,965 - INFO - Traceback (most recent call last):
  File "/home/runner/work/qqnews/qqnews/qq.py", line 128, in main
    for i in qq1["data"]["list"]:
             ~~~~~~~~~~~^^^^^^^^
TypeError: 'NoneType' object is not subscriptable

2026-06-29 07:17:01,121 - INFO - Total time taken: {'ret': 0, 'msg': 'success', 'data': None}
2026-06-29 07:17:01,121 - INFO - 'NoneType' object is not subscriptable
2026-06-29 07:17:01,122 - INFO - Traceback (most recent call last):
  File "/home/runner/work/qqnews/qqnews/qq.py", line 128, in main
    for i in qq1["data"]["list"]:
             ~~~~~~~~~~~^^^^^^^^
TypeError: 'NoneType' object is not subscriptable

2026-06-29 12:18:54,559 - INFO - Total time taken: {'ret': 0, 'msg': 'success', 'data': None}
2026-06-29 12:18:54,560 - INFO - 'NoneType' object is not subscriptable
2026-06-29 12:18:54,560 - INFO - Traceback (most recent call last):
  File "/home/runner/work/qqnews/qqnews/qq.py", line 128, in main
    for i in qq1["data"]["list"]:
             ~~~~~~~~~~~^^^^^^^^
TypeError: 'NoneType' object is not subscriptable

2026-06-29 16:29:48,294 - INFO - Total time taken: {'ret': 0, 'msg': 'success', 'data': None}
2026-06-29 16:29:48,295 - INFO - 'NoneType' object is not subscriptable
2026-06-29 16:29:48,295 - INFO - Traceback (most recent call last):
  File "/home/runner/work/qqnews/qqnews/qq.py", line 128, in main
    for i in qq1["data"]["list"]:
             ~~~~~~~~~~~^^^^^^^^
TypeError: 'NoneType' object is not subscriptable

2026-06-29 18:55:00,996 - INFO - Total time taken: {'ret': 0, 'msg': 'success', 'data': None}
2026-06-29 18:55:00,997 - INFO - 'NoneType' object is not subscriptable
2026-06-29 18:55:00,997 - INFO - Traceback (most recent call last):
  File "/home/runner/work/qqnews/qqnews/qq.py", line 128, in main
    for i in qq1["data"]["list"]:
             ~~~~~~~~~~~^^^^^^^^
TypeError: 'NoneType' object is not subscriptable

