2026-04-17 01:12:58,918 - INFO - Total time taken: {'ret': 0, 'msg': 'success', 'data': None}
2026-04-17 01:12:58,918 - INFO - 'NoneType' object is not subscriptable
2026-04-17 01:12:58,919 - INFO - Traceback (most recent call last):
  File "/home/runner/work/qqnews/qqnews/qq.py", line 128, in main
    for i in qq1["data"]["list"]:
             ~~~~~~~~~~~^^^^^^^^
TypeError: 'NoneType' object is not subscriptable

2026-04-17 04:37:17,138 - INFO - Total time taken: {'ret': 0, 'msg': 'success', 'data': None}
2026-04-17 04:37:17,138 - INFO - 'NoneType' object is not subscriptable
2026-04-17 04:37:17,138 - INFO - Traceback (most recent call last):
  File "/home/runner/work/qqnews/qqnews/qq.py", line 128, in main
    for i in qq1["data"]["list"]:
             ~~~~~~~~~~~^^^^^^^^
TypeError: 'NoneType' object is not subscriptable

2026-04-17 06:26:40,357 - INFO - Total time taken: {'ret': 0, 'msg': 'success', 'data': None}
2026-04-17 06:26:40,357 - INFO - 'NoneType' object is not subscriptable
2026-04-17 06:26:40,358 - INFO - Traceback (most recent call last):
  File "/home/runner/work/qqnews/qqnews/qq.py", line 128, in main
    for i in qq1["data"]["list"]:
             ~~~~~~~~~~~^^^^^^^^
TypeError: 'NoneType' object is not subscriptable

2026-04-17 08:18:15,493 - INFO - Total time taken: {'ret': 0, 'msg': 'success', 'data': None}
2026-04-17 08:18:15,493 - INFO - 'NoneType' object is not subscriptable
2026-04-17 08:18:15,493 - INFO - Traceback (most recent call last):
  File "/home/runner/work/qqnews/qqnews/qq.py", line 128, in main
    for i in qq1["data"]["list"]:
             ~~~~~~~~~~~^^^^^^^^
TypeError: 'NoneType' object is not subscriptable

2026-04-17 10:01:42,408 - INFO - Total time taken: {'ret': 0, 'msg': 'success', 'data': None}
2026-04-17 10:01:42,408 - INFO - 'NoneType' object is not subscriptable
2026-04-17 10:01:42,408 - INFO - Traceback (most recent call last):
  File "/home/runner/work/qqnews/qqnews/qq.py", line 128, in main
    for i in qq1["data"]["list"]:
             ~~~~~~~~~~~^^^^^^^^
TypeError: 'NoneType' object is not subscriptable

2026-04-17 11:40:00,174 - INFO - Total time taken: {'ret': 0, 'msg': 'success', 'data': None}
2026-04-17 11:40:00,174 - INFO - 'NoneType' object is not subscriptable
2026-04-17 11:40:00,175 - INFO - Traceback (most recent call last):
  File "/home/runner/work/qqnews/qqnews/qq.py", line 128, in main
    for i in qq1["data"]["list"]:
             ~~~~~~~~~~~^^^^^^^^
TypeError: 'NoneType' object is not subscriptable

2026-04-17 12:46:23,986 - INFO - Total time taken: {'ret': 0, 'msg': 'success', 'data': None}
2026-04-17 12:46:23,986 - INFO - 'NoneType' object is not subscriptable
2026-04-17 12:46:23,987 - INFO - Traceback (most recent call last):
  File "/home/runner/work/qqnews/qqnews/qq.py", line 128, in main
    for i in qq1["data"]["list"]:
             ~~~~~~~~~~~^^^^^^^^
TypeError: 'NoneType' object is not subscriptable

2026-04-17 14:13:27,618 - INFO - Total time taken: {'ret': 0, 'msg': 'success', 'data': None}
2026-04-17 14:13:27,618 - INFO - 'NoneType' object is not subscriptable
2026-04-17 14:13:27,618 - INFO - Traceback (most recent call last):
  File "/home/runner/work/qqnews/qqnews/qq.py", line 128, in main
    for i in qq1["data"]["list"]:
             ~~~~~~~~~~~^^^^^^^^
TypeError: 'NoneType' object is not subscriptable

2026-04-17 15:45:05,823 - INFO - Total time taken: {'ret': 0, 'msg': 'success', 'data': None}
2026-04-17 15:45:05,824 - INFO - 'NoneType' object is not subscriptable
2026-04-17 15:45:05,824 - INFO - Traceback (most recent call last):
  File "/home/runner/work/qqnews/qqnews/qq.py", line 128, in main
    for i in qq1["data"]["list"]:
             ~~~~~~~~~~~^^^^^^^^
TypeError: 'NoneType' object is not subscriptable

2026-04-17 16:39:46,859 - INFO - Total time taken: {'ret': 0, 'msg': 'success', 'data': None}
2026-04-17 16:39:46,859 - INFO - 'NoneType' object is not subscriptable
2026-04-17 16:39:46,860 - INFO - Traceback (most recent call last):
  File "/home/runner/work/qqnews/qqnews/qq.py", line 128, in main
    for i in qq1["data"]["list"]:
             ~~~~~~~~~~~^^^^^^^^
TypeError: 'NoneType' object is not subscriptable

2026-04-17 17:37:51,942 - INFO - Total time taken: {'ret': 0, 'msg': 'success', 'data': None}
2026-04-17 17:37:51,942 - INFO - 'NoneType' object is not subscriptable
2026-04-17 17:37:51,943 - INFO - Traceback (most recent call last):
  File "/home/runner/work/qqnews/qqnews/qq.py", line 128, in main
    for i in qq1["data"]["list"]:
             ~~~~~~~~~~~^^^^^^^^
TypeError: 'NoneType' object is not subscriptable

2026-04-17 18:38:22,858 - INFO - Total time taken: {'ret': 0, 'msg': 'success', 'data': None}
2026-04-17 18:38:22,858 - INFO - 'NoneType' object is not subscriptable
2026-04-17 18:38:22,859 - INFO - Traceback (most recent call last):
  File "/home/runner/work/qqnews/qqnews/qq.py", line 128, in main
    for i in qq1["data"]["list"]:
             ~~~~~~~~~~~^^^^^^^^
TypeError: 'NoneType' object is not subscriptable

2026-04-17 19:48:30,487 - INFO - Total time taken: {'ret': 0, 'msg': 'success', 'data': None}
2026-04-17 19:48:30,487 - INFO - 'NoneType' object is not subscriptable
2026-04-17 19:48:30,487 - INFO - Traceback (most recent call last):
  File "/home/runner/work/qqnews/qqnews/qq.py", line 128, in main
    for i in qq1["data"]["list"]:
             ~~~~~~~~~~~^^^^^^^^
TypeError: 'NoneType' object is not subscriptable

