2025-11-15 00:40:24,208 - INFO - Total time taken: {'ret': 0, 'msg': 'success', 'data': None}
2025-11-15 00:40:24,209 - INFO - 'NoneType' object is not subscriptable
2025-11-15 00:40:24,209 - INFO - Traceback (most recent call last):
  File "/home/runner/work/qqnews/qqnews/qq.py", line 128, in main
    for i in qq1["data"]["list"]:
             ~~~~~~~~~~~^^^^^^^^
TypeError: 'NoneType' object is not subscriptable

2025-11-15 02:21:09,974 - INFO - Total time taken: {'ret': 0, 'msg': 'success', 'data': None}
2025-11-15 02:21:09,975 - INFO - 'NoneType' object is not subscriptable
2025-11-15 02:21:09,975 - INFO - Traceback (most recent call last):
  File "/home/runner/work/qqnews/qqnews/qq.py", line 128, in main
    for i in qq1["data"]["list"]:
             ~~~~~~~~~~~^^^^^^^^
TypeError: 'NoneType' object is not subscriptable

2025-11-15 03:33:23,322 - INFO - Total time taken: {'ret': 0, 'msg': 'success', 'data': None}
2025-11-15 03:33:23,322 - INFO - 'NoneType' object is not subscriptable
2025-11-15 03:33:23,322 - INFO - Traceback (most recent call last):
  File "/home/runner/work/qqnews/qqnews/qq.py", line 128, in main
    for i in qq1["data"]["list"]:
             ~~~~~~~~~~~^^^^^^^^
TypeError: 'NoneType' object is not subscriptable

2025-11-15 04:10:16,172 - INFO - Total time taken: {'ret': 0, 'msg': 'success', 'data': None}
2025-11-15 04:10:16,173 - INFO - 'NoneType' object is not subscriptable
2025-11-15 04:10:16,173 - INFO - Traceback (most recent call last):
  File "/home/runner/work/qqnews/qqnews/qq.py", line 128, in main
    for i in qq1["data"]["list"]:
             ~~~~~~~~~~~^^^^^^^^
TypeError: 'NoneType' object is not subscriptable

2025-11-15 05:01:11,494 - INFO - Total time taken: {'ret': 0, 'msg': 'success', 'data': None}
2025-11-15 05:01:11,494 - INFO - 'NoneType' object is not subscriptable
2025-11-15 05:01:11,494 - INFO - Traceback (most recent call last):
  File "/home/runner/work/qqnews/qqnews/qq.py", line 128, in main
    for i in qq1["data"]["list"]:
             ~~~~~~~~~~~^^^^^^^^
TypeError: 'NoneType' object is not subscriptable

2025-11-15 06:01:30,333 - INFO - Total time taken: {'ret': 0, 'msg': 'success', 'data': None}
2025-11-15 06:01:30,333 - INFO - 'NoneType' object is not subscriptable
2025-11-15 06:01:30,334 - INFO - Traceback (most recent call last):
  File "/home/runner/work/qqnews/qqnews/qq.py", line 128, in main
    for i in qq1["data"]["list"]:
             ~~~~~~~~~~~^^^^^^^^
TypeError: 'NoneType' object is not subscriptable

2025-11-15 07:01:14,869 - INFO - Total time taken: {'ret': 0, 'msg': 'success', 'data': None}
2025-11-15 07:01:14,870 - INFO - 'NoneType' object is not subscriptable
2025-11-15 07:01:14,870 - INFO - Traceback (most recent call last):
  File "/home/runner/work/qqnews/qqnews/qq.py", line 128, in main
    for i in qq1["data"]["list"]:
             ~~~~~~~~~~~^^^^^^^^
TypeError: 'NoneType' object is not subscriptable

2025-11-15 08:01:17,740 - INFO - Total time taken: {'ret': 0, 'msg': 'success', 'data': None}
2025-11-15 08:01:17,740 - INFO - 'NoneType' object is not subscriptable
2025-11-15 08:01:17,741 - INFO - Traceback (most recent call last):
  File "/home/runner/work/qqnews/qqnews/qq.py", line 128, in main
    for i in qq1["data"]["list"]:
             ~~~~~~~~~~~^^^^^^^^
TypeError: 'NoneType' object is not subscriptable

2025-11-15 09:01:26,552 - INFO - Total time taken: {'ret': 0, 'msg': 'success', 'data': None}
2025-11-15 09:01:26,553 - INFO - 'NoneType' object is not subscriptable
2025-11-15 09:01:26,553 - INFO - Traceback (most recent call last):
  File "/home/runner/work/qqnews/qqnews/qq.py", line 128, in main
    for i in qq1["data"]["list"]:
             ~~~~~~~~~~~^^^^^^^^
TypeError: 'NoneType' object is not subscriptable

2025-11-15 10:01:21,736 - INFO - Total time taken: {'ret': 0, 'msg': 'success', 'data': None}
2025-11-15 10:01:21,737 - INFO - 'NoneType' object is not subscriptable
2025-11-15 10:01:21,737 - INFO - Traceback (most recent call last):
  File "/home/runner/work/qqnews/qqnews/qq.py", line 128, in main
    for i in qq1["data"]["list"]:
             ~~~~~~~~~~~^^^^^^^^
TypeError: 'NoneType' object is not subscriptable

2025-11-15 11:01:22,758 - INFO - Total time taken: {'ret': 0, 'msg': 'success', 'data': None}
2025-11-15 11:01:22,758 - INFO - 'NoneType' object is not subscriptable
2025-11-15 11:01:22,758 - INFO - Traceback (most recent call last):
  File "/home/runner/work/qqnews/qqnews/qq.py", line 128, in main
    for i in qq1["data"]["list"]:
             ~~~~~~~~~~~^^^^^^^^
TypeError: 'NoneType' object is not subscriptable

2025-11-15 12:14:20,566 - INFO - Total time taken: {'ret': 0, 'msg': 'success', 'data': None}
2025-11-15 12:14:20,566 - INFO - 'NoneType' object is not subscriptable
2025-11-15 12:14:20,567 - INFO - Traceback (most recent call last):
  File "/home/runner/work/qqnews/qqnews/qq.py", line 128, in main
    for i in qq1["data"]["list"]:
             ~~~~~~~~~~~^^^^^^^^
TypeError: 'NoneType' object is not subscriptable

