2026-04-11 01:04:03,623 - INFO - Total time taken: {'ret': 0, 'msg': 'success', 'data': None}
2026-04-11 01:04:03,623 - INFO - 'NoneType' object is not subscriptable
2026-04-11 01:04:03,624 - INFO - Traceback (most recent call last):
  File "/home/runner/work/qqnews/qqnews/qq.py", line 128, in main
    for i in qq1["data"]["list"]:
             ~~~~~~~~~~~^^^^^^^^
TypeError: 'NoneType' object is not subscriptable

2026-04-11 04:08:16,172 - INFO - Total time taken: {'ret': 0, 'msg': 'success', 'data': None}
2026-04-11 04:08:16,173 - INFO - 'NoneType' object is not subscriptable
2026-04-11 04:08:16,173 - INFO - Traceback (most recent call last):
  File "/home/runner/work/qqnews/qqnews/qq.py", line 128, in main
    for i in qq1["data"]["list"]:
             ~~~~~~~~~~~^^^^^^^^
TypeError: 'NoneType' object is not subscriptable

2026-04-11 05:51:08,355 - INFO - Total time taken: {'ret': 0, 'msg': 'success', 'data': None}
2026-04-11 05:51:08,355 - INFO - 'NoneType' object is not subscriptable
2026-04-11 05:51:08,356 - INFO - Traceback (most recent call last):
  File "/home/runner/work/qqnews/qqnews/qq.py", line 128, in main
    for i in qq1["data"]["list"]:
             ~~~~~~~~~~~^^^^^^^^
TypeError: 'NoneType' object is not subscriptable

2026-04-11 06:44:18,983 - INFO - Total time taken: {'ret': 0, 'msg': 'success', 'data': None}
2026-04-11 06:44:18,984 - INFO - 'NoneType' object is not subscriptable
2026-04-11 06:44:18,984 - INFO - Traceback (most recent call last):
  File "/home/runner/work/qqnews/qqnews/qq.py", line 128, in main
    for i in qq1["data"]["list"]:
             ~~~~~~~~~~~^^^^^^^^
TypeError: 'NoneType' object is not subscriptable

2026-04-11 07:40:42,054 - INFO - Total time taken: {'ret': 0, 'msg': 'success', 'data': None}
2026-04-11 07:40:42,055 - INFO - 'NoneType' object is not subscriptable
2026-04-11 07:40:42,055 - INFO - Traceback (most recent call last):
  File "/home/runner/work/qqnews/qqnews/qq.py", line 128, in main
    for i in qq1["data"]["list"]:
             ~~~~~~~~~~~^^^^^^^^
TypeError: 'NoneType' object is not subscriptable

2026-04-11 08:28:16,708 - INFO - Total time taken: {'ret': 0, 'msg': 'success', 'data': None}
2026-04-11 08:28:16,709 - INFO - 'NoneType' object is not subscriptable
2026-04-11 08:28:16,709 - INFO - Traceback (most recent call last):
  File "/home/runner/work/qqnews/qqnews/qq.py", line 128, in main
    for i in qq1["data"]["list"]:
             ~~~~~~~~~~~^^^^^^^^
TypeError: 'NoneType' object is not subscriptable

2026-04-11 09:28:37,281 - INFO - Total time taken: {'ret': 0, 'msg': 'success', 'data': None}
2026-04-11 09:28:37,281 - INFO - 'NoneType' object is not subscriptable
2026-04-11 09:28:37,282 - INFO - Traceback (most recent call last):
  File "/home/runner/work/qqnews/qqnews/qq.py", line 128, in main
    for i in qq1["data"]["list"]:
             ~~~~~~~~~~~^^^^^^^^
TypeError: 'NoneType' object is not subscriptable

2026-04-11 10:21:12,656 - INFO - Total time taken: {'ret': 0, 'msg': 'success', 'data': None}
2026-04-11 10:21:12,656 - INFO - 'NoneType' object is not subscriptable
2026-04-11 10:21:12,657 - INFO - Traceback (most recent call last):
  File "/home/runner/work/qqnews/qqnews/qq.py", line 128, in main
    for i in qq1["data"]["list"]:
             ~~~~~~~~~~~^^^^^^^^
TypeError: 'NoneType' object is not subscriptable

2026-04-11 11:19:19,478 - INFO - Total time taken: {'ret': 0, 'msg': 'success', 'data': None}
2026-04-11 11:19:19,478 - INFO - 'NoneType' object is not subscriptable
2026-04-11 11:19:19,479 - INFO - Traceback (most recent call last):
  File "/home/runner/work/qqnews/qqnews/qq.py", line 128, in main
    for i in qq1["data"]["list"]:
             ~~~~~~~~~~~^^^^^^^^
TypeError: 'NoneType' object is not subscriptable

2026-04-11 12:27:39,884 - INFO - Total time taken: {'ret': 0, 'msg': 'success', 'data': None}
2026-04-11 12:27:39,885 - INFO - 'NoneType' object is not subscriptable
2026-04-11 12:27:39,885 - INFO - Traceback (most recent call last):
  File "/home/runner/work/qqnews/qqnews/qq.py", line 128, in main
    for i in qq1["data"]["list"]:
             ~~~~~~~~~~~^^^^^^^^
TypeError: 'NoneType' object is not subscriptable

2026-04-11 13:44:51,966 - INFO - Total time taken: {'ret': 0, 'msg': 'success', 'data': None}
2026-04-11 13:44:51,967 - INFO - 'NoneType' object is not subscriptable
2026-04-11 13:44:51,967 - INFO - Traceback (most recent call last):
  File "/home/runner/work/qqnews/qqnews/qq.py", line 128, in main
    for i in qq1["data"]["list"]:
             ~~~~~~~~~~~^^^^^^^^
TypeError: 'NoneType' object is not subscriptable

2026-04-11 14:25:18,811 - INFO - Total time taken: {'ret': 0, 'msg': 'success', 'data': None}
2026-04-11 14:25:18,811 - INFO - 'NoneType' object is not subscriptable
2026-04-11 14:25:18,812 - INFO - Traceback (most recent call last):
  File "/home/runner/work/qqnews/qqnews/qq.py", line 128, in main
    for i in qq1["data"]["list"]:
             ~~~~~~~~~~~^^^^^^^^
TypeError: 'NoneType' object is not subscriptable

2026-04-11 15:21:17,145 - INFO - Total time taken: {'ret': 0, 'msg': 'success', 'data': None}
2026-04-11 15:21:17,145 - INFO - 'NoneType' object is not subscriptable
2026-04-11 15:21:17,146 - INFO - Traceback (most recent call last):
  File "/home/runner/work/qqnews/qqnews/qq.py", line 128, in main
    for i in qq1["data"]["list"]:
             ~~~~~~~~~~~^^^^^^^^
TypeError: 'NoneType' object is not subscriptable

2026-04-11 16:20:59,119 - INFO - Total time taken: {'ret': 0, 'msg': 'success', 'data': None}
2026-04-11 16:20:59,120 - INFO - 'NoneType' object is not subscriptable
2026-04-11 16:20:59,120 - INFO - Traceback (most recent call last):
  File "/home/runner/work/qqnews/qqnews/qq.py", line 128, in main
    for i in qq1["data"]["list"]:
             ~~~~~~~~~~~^^^^^^^^
TypeError: 'NoneType' object is not subscriptable

2026-04-11 17:20:59,046 - INFO - Total time taken: {'ret': 0, 'msg': 'success', 'data': None}
2026-04-11 17:20:59,046 - INFO - 'NoneType' object is not subscriptable
2026-04-11 17:20:59,047 - INFO - Traceback (most recent call last):
  File "/home/runner/work/qqnews/qqnews/qq.py", line 128, in main
    for i in qq1["data"]["list"]:
             ~~~~~~~~~~~^^^^^^^^
TypeError: 'NoneType' object is not subscriptable

2026-04-11 18:24:05,346 - INFO - Total time taken: {'ret': 0, 'msg': 'success', 'data': None}
2026-04-11 18:24:05,347 - INFO - 'NoneType' object is not subscriptable
2026-04-11 18:24:05,347 - INFO - Traceback (most recent call last):
  File "/home/runner/work/qqnews/qqnews/qq.py", line 128, in main
    for i in qq1["data"]["list"]:
             ~~~~~~~~~~~^^^^^^^^
TypeError: 'NoneType' object is not subscriptable

2026-04-11 19:26:30,243 - INFO - Total time taken: {'ret': 0, 'msg': 'success', 'data': None}
2026-04-11 19:26:30,244 - INFO - 'NoneType' object is not subscriptable
2026-04-11 19:26:30,244 - INFO - Traceback (most recent call last):
  File "/home/runner/work/qqnews/qqnews/qq.py", line 128, in main
    for i in qq1["data"]["list"]:
             ~~~~~~~~~~~^^^^^^^^
TypeError: 'NoneType' object is not subscriptable

2026-04-11 20:17:41,287 - INFO - Total time taken: {'ret': 0, 'msg': 'success', 'data': None}
2026-04-11 20:17:41,288 - INFO - 'NoneType' object is not subscriptable
2026-04-11 20:17:41,288 - INFO - Traceback (most recent call last):
  File "/home/runner/work/qqnews/qqnews/qq.py", line 128, in main
    for i in qq1["data"]["list"]:
             ~~~~~~~~~~~^^^^^^^^
TypeError: 'NoneType' object is not subscriptable

2026-04-11 21:20:26,893 - INFO - Total time taken: {'ret': 0, 'msg': 'success', 'data': None}
2026-04-11 21:20:26,893 - INFO - 'NoneType' object is not subscriptable
2026-04-11 21:20:26,894 - INFO - Traceback (most recent call last):
  File "/home/runner/work/qqnews/qqnews/qq.py", line 128, in main
    for i in qq1["data"]["list"]:
             ~~~~~~~~~~~^^^^^^^^
TypeError: 'NoneType' object is not subscriptable

