2025-06-19 00:42:13,916 - INFO - Total time taken: {'ret': 0, 'msg': 'success', 'data': None}
2025-06-19 00:42:13,917 - INFO - 'NoneType' object is not subscriptable
2025-06-19 00:42:13,917 - INFO - Traceback (most recent call last):
  File "/home/runner/work/qqnews/qqnews/qq.py", line 128, in main
    for i in qq1["data"]["list"]:
             ~~~~~~~~~~~^^^^^^^^
TypeError: 'NoneType' object is not subscriptable

2025-06-19 02:40:14,012 - INFO - Total time taken: {'ret': 0, 'msg': 'success', 'data': None}
2025-06-19 02:40:14,012 - INFO - 'NoneType' object is not subscriptable
2025-06-19 02:40:14,013 - INFO - Traceback (most recent call last):
  File "/home/runner/work/qqnews/qqnews/qq.py", line 128, in main
    for i in qq1["data"]["list"]:
             ~~~~~~~~~~~^^^^^^^^
TypeError: 'NoneType' object is not subscriptable

2025-06-19 03:40:53,833 - INFO - Total time taken: {'ret': 0, 'msg': 'success', 'data': None}
2025-06-19 03:40:53,833 - INFO - 'NoneType' object is not subscriptable
2025-06-19 03:40:53,833 - INFO - Traceback (most recent call last):
  File "/home/runner/work/qqnews/qqnews/qq.py", line 128, in main
    for i in qq1["data"]["list"]:
             ~~~~~~~~~~~^^^^^^^^
TypeError: 'NoneType' object is not subscriptable

