2024-09-09 00:34:14,644 - INFO - EXPIRED
特朗普“放话”：不使用美元的国家，将被征收100%关税
https://new.qq.com/rain/a/20240908A0732600

2024-09-09 00:34:14,644 - INFO - EXPIRED
在圆明园阻止日本游客拍照的网红，这个问题你得回答
https://new.qq.com/rain/a/20240908A074QP00

2024-09-09 00:34:14,644 - INFO - EXPIRED
因串通投标，中航天建设工程集团被禁止参加军队采购活动3年
https://new.qq.com/rain/a/20240908A073YA00

2024-09-09 00:34:14,644 - INFO - EXPIRED
中国民航现役最久客机B-2445退役，一般客机能执飞多久？退役后会拿去干嘛？
https://view.inews.qq.com/a/20240908Q01ZMH00

2024-09-09 00:34:14,644 - INFO - EXPIRED
五星级酒店禁止新能源车进地库，称担心其自燃，深圳消防：复燃率较高
https://new.qq.com/rain/a/20240908A071PB00

2024-09-09 00:34:14,644 - INFO - EXPIRED
孟晚舟现身刘德华演唱会，被拍到给华仔比心，网友：大佬间的顶峰相见
https://new.qq.com/rain/a/20240908A06TJT00

2024-09-09 00:34:14,644 - INFO - EXPIRED
上海一集卡车侧翻压到小车致5死，记者实探：路口左转与直行车会相遇
https://new.qq.com/rain/a/20240908A06A8400

2024-09-09 00:34:14,644 - INFO - EXPIRED
耶伦：可能很快再与中方会晤，美中关系需要下届美国政府优先考虑
https://new.qq.com/rain/a/20240908A0654200

2024-09-09 00:34:14,644 - INFO - EXPIRED
盐湖“航母”要来了，注册资本100亿元，800亿元市值龙头公告
https://new.qq.com/rain/a/20240908A05JYW00

2024-09-09 00:34:14,644 - INFO - EXPIRED
被怀疑是诱捕“电报”创始人的“以色列间谍”，杜罗夫女伴首次发声
https://new.qq.com/rain/a/20240908A04DN700

2024-09-09 00:34:14,644 - INFO - EXPIRED
发现租户患晚期癌症后担心房子成“凶宅”掉价，房东下了“逐客令”
https://new.qq.com/rain/a/20240908A05F2U00

2024-09-09 00:34:14,644 - INFO - EXPIRED
俄乌战场出现铝热弹，这种武器威力有多大？使用它违反国际公约吗？
https://view.inews.qq.com/a/20240908Q02LW100

2024-09-09 00:34:14,644 - INFO - EXPIRED
17.78亿，彩票弃奖
https://new.qq.com/rain/a/20240908A012MJ00

2024-09-09 00:34:14,644 - INFO - EXPIRED
富力地产再陷危机：68间酒店被接管，债主淡马锡呈请清盘
https://new.qq.com/rain/a/20240908A064BX00

2024-09-09 00:34:14,644 - INFO - EXPIRED
发布会前，iPhone 16全系机模上手：一切为了AI
https://new.qq.com/rain/a/20240906V07Y9V00

2024-09-09 00:34:14,645 - INFO - EXPIRED
视频已下架，网红“东北雨姐”：白天在稻田中抓河蟹实为摆拍
https://new.qq.com/rain/a/20240908A02FBQ00

2024-09-09 00:34:14,645 - INFO - EXPIRED
山东大学34岁博导突发心梗离世，来该校仅三年，曾获多项荣誉
https://new.qq.com/rain/a/20240908A06JF500

2024-09-09 00:34:14,645 - INFO - EXPIRED
“青瓦台魔咒”再现？尹锡悦家中不太平，韩国检方再查文在寅
https://new.qq.com/rain/a/20240908A06TJD00

2024-09-09 00:34:14,645 - INFO - EXPIRED
男子暴雨后赤脚下田接触老鼠尿住进ICU，老鼠尿危害这么大吗？穿鞋能避免吗？
https://view.inews.qq.com/a/20240908Q03Y7200

2024-09-09 00:34:14,645 - INFO - EXPIRED
中国将向柬埔寨提供两艘护卫舰，破了谁的防
https://new.qq.com/rain/a/20240907A086K100

2024-09-09 00:34:14,645 - INFO - EXPIRED
女乡长被控贪污后不起诉 羁押1200天获8万余元赔偿 当事人：影响退休
https://new.qq.com/rain/a/20240908A04FNF00

2024-09-09 00:34:14,645 - INFO - EXPIRED
中美“21世纪20年代强化气候行动工作组”会议在京召开
https://new.qq.com/rain/a/20240908A06UNU00

2024-09-09 00:34:14,645 - INFO - EXPIRED
小杨哥部分商品标注“销售者非本直播间”，有什么作用？能算免责声明吗？
https://view.inews.qq.com/a/20240908Q05TMZ00

2024-09-09 00:34:14,645 - INFO - EXPIRED
海口一黄花梨树被台风吹倒，树龄60岁估价260万，种棵不就能坐等发财了？
https://view.inews.qq.com/a/20240908Q067BH00

2024-09-09 00:34:14,645 - INFO - EXPIRED
女格斗运动员回应遭强制猥亵：准备击打时担心控制不好尺度选择了报警
https://new.qq.com/rain/a/20240908A06SFP00

2024-09-09 00:34:14,645 - INFO - EXPIRED
杭州16岁少年剪头烫发被索要4000元 官方：理发店涉嫌消费欺诈 已立案
https://new.qq.com/rain/a/20240908A06SK000

2024-09-09 00:34:14,645 - INFO - EXPIRED
台湾花莲因暴雨引发泥石流：如瀑布倾泻而下，铁路公路全部中断
https://new.qq.com/rain/a/20240908V06RMF00

2024-09-09 00:34:14,645 - INFO - EXPIRED
三只羊旗下主播沫沫被拘留 知情者：去年12月在上海被带走 已关押很久
https://new.qq.com/rain/a/20240908A05TAZ00

2024-09-09 00:34:14,645 - INFO - EXPIRED
马斯克回应特斯拉中国市场份额下滑：特斯拉上海工厂正以最大产能运行
https://new.qq.com/rain/a/20240908A05TKT00

2024-09-09 00:34:14,645 - INFO - EXPIRED
网约车乘客“开门杀”致人受伤后跑掉？成都交警：3人已找到 车辆被扣
https://new.qq.com/rain/a/20240908A04I8F00

2024-09-09 00:34:14,645 - INFO - EXPIRED
特朗普：如果我没赢 这可能是美国最后一次大选
https://new.qq.com/rain/a/20240908V04G2T00

2024-09-09 00:34:14,645 - INFO - EXPIRED
作为渐冻症病人家属，照顾渐冻症病人，有哪些常人难以想象的困难？
https://view.inews.qq.com/a/20240907Q07NND00

2024-09-09 00:34:14,645 - INFO - EXPIRED
演员于适出任中国骑射运动中心副主任，曾在《封神三部曲》饰演姬发
https://new.qq.com/rain/a/20240908A04UC700

2024-09-09 00:34:14,645 - INFO - EXPIRED
新华社权威快报丨庆祝第40个教师节 全国585个单位、1790人受表彰
https://new.qq.com/rain/a/20240908A050S700

2024-09-09 00:34:14,645 - INFO - EXPIRED
柯文哲被收押的两天里，台湾发生了什么？
https://new.qq.com/rain/a/20240907A0865H00

2024-09-09 00:34:14,645 - INFO - EXPIRED
重庆27岁网红健身博主刘灿意外溺水去世 知情者：7日上午已火化
https://new.qq.com/rain/a/20240908A03ZHR00

2024-09-09 00:34:14,645 - INFO - EXPIRED
事关外资准入，商务部解读重磅文件
https://new.qq.com/rain/a/20240908A041KB00

2024-09-09 00:34:14,645 - INFO - EXPIRED
云南威信整改“烈士墓前跳广场舞”：入口公布管理通告，安排人员巡查
https://new.qq.com/rain/a/20240908A03XV000

2024-09-09 00:34:14,645 - INFO - EXPIRED
上海浦东警方通报一起交通事故，5人经送医抢救无效死亡
https://new.qq.com/rain/a/20240908A03QC800

2024-09-09 00:34:14,645 - INFO - EXPIRED
学生校内钓鱼被警告？江西景德镇陶瓷大学当即决定：将举办钓鱼大赛
https://new.qq.com/rain/a/20240908A02WWS00

2024-09-09 00:34:14,645 - INFO - EXPIRED
独家：美驻华某总领馆工作人员公然在华散布“台独”言论
https://new.qq.com/rain/a/20240908A02Z3O00

2024-09-09 00:34:14,645 - INFO - EXPIRED
“剪断我姻缘！”游客称挂在老君山的祈福牌被拆掉收走，景区回应
https://new.qq.com/rain/a/20240908A01MLC00

2024-09-09 00:34:14,645 - INFO - EXPIRED
华兴资本有望复牌：18个月亏了5.46亿 包凡妻子出任非执行董事
https://new.qq.com/rain/a/20240908A03M2600

2024-09-09 00:34:14,645 - INFO - EXPIRED
4年洗了2.7万辆车，心智障碍青年靠信任与爱融入社会
https://new.qq.com/rain/a/20240908V05VI100

2024-09-09 00:34:14,645 - INFO - EXPIRED
朝鲜外务省谴责美韩的军事勾结意图
https://new.qq.com/rain/a/20240908A03JRW00

2024-09-09 00:34:14,645 - INFO - EXPIRED
拿下管理权又遇新麻烦，宗馥莉的挑战不止内部矛盾
https://new.qq.com/rain/a/20240908A033II00

2024-09-09 00:34:14,645 - INFO - EXPIRED
涉嫌破坏北溪管道？乌克兰军官：如果真是我们做的，德国应该停止调查
https://new.qq.com/rain/a/20240908A02X9T00

2024-09-09 00:34:14,645 - INFO - EXPIRED
制造业领域限制措施“清零”！2024年版外资准入负面清单发布
https://new.qq.com/rain/a/20240908A030SM00

2024-09-09 00:34:14,645 - INFO - EXPIRED
美国肯塔基州发生枪击事件 多人遭枪击
https://new.qq.com/rain/a/20240908A01EJT00

2024-09-09 00:34:14,645 - INFO - EXPIRED
江苏一地政协委员呼吁公务员考试加强业务考核，当地人社局回应
https://new.qq.com/rain/a/20240907A06I1R00

2024-09-09 00:34:14,645 - INFO - EXPIRED
委内瑞拉反对派领导人离开该国：被指控谋反等罪名，司法机关发逮捕令
https://new.qq.com/rain/a/20240908A033XO00

2024-09-09 00:34:14,645 - INFO - EXPIRED
福建一学校协助华夏银行为贷款客户提供过桥资金，“以贷还贷”双方对簿公堂
https://new.qq.com/rain/a/20240908A01GO000

2024-09-09 00:34:14,645 - INFO - EXPIRED
马斯克：首艘飞往火星的星舰将在2年后发射，若进展顺利4年后载人
https://new.qq.com/rain/a/20240908A02O7600

2024-09-09 00:34:14,645 - INFO - EXPIRED
巴西客机因结冰失控坠毁致62人遇难，飞行中遇结冰应该如何正确应对？
https://view.inews.qq.com/a/20240907Q06X0R00

2024-09-09 00:34:14,645 - INFO - EXPIRED
三部门：拟允许在北京、上海、南京、广州等地设立外商独资医院
https://new.qq.com/rain/a/20240908A02ND900

2024-09-09 00:34:14,645 - INFO - EXPIRED
浙江多地饭店和大厦地库禁停新能源车，合理合法吗
https://new.qq.com/rain/a/20240907A07X5700

2024-09-09 00:34:14,645 - INFO - EXPIRED
一岁幼童摔了一跤中风了，小孩子也会中风吗？跟普通中风有什么区别？
https://view.inews.qq.com/a/20240907Q01LJG00

2024-09-09 00:34:14,645 - INFO - EXPIRED
多地党政一把手看望教师：辽宁岫岩县长代表家乡跨省慰问张桂梅
https://new.qq.com/rain/a/20240907A07SCF00

2024-09-09 00:34:14,645 - INFO - EXPIRED
江苏一男子水库溺水，路人潜入4米深水底救人：虽然害怕，但救人要紧
https://new.qq.com/rain/a/20240907A07DTP00

2024-09-09 00:34:14,645 - INFO - EXPIRED
争夺富士康，印度想抄郑州作业
https://new.qq.com/rain/a/20240907A04RXI00

2024-09-09 00:34:14,645 - INFO - EXPIRED
荷兰宣布将扩大光刻机管制范围，商务部回应
https://new.qq.com/rain/a/20240908A02MX900

2024-09-09 00:34:14,645 - INFO - EXPIRED
委内瑞拉撤销巴西对阿根廷驻委使馆代表权，巴西政府表示震惊
https://new.qq.com/rain/a/20240908A00S9L00

2024-09-09 00:34:14,645 - INFO - EXPIRED
安徽一村庄发现三四千斤疑似宋代钱币，哪朝古钱最珍贵？越老越值钱吗？
https://view.inews.qq.com/a/20240908Q00B1600

2024-09-09 00:34:14,645 - INFO - EXPIRED
每7.4秒就有一位女性遭家暴 ：2年被家暴16次当事人呼吁零容忍
https://new.qq.com/rain/a/20240908V01YN100

2024-09-09 00:34:14,645 - INFO - EXPIRED
小杨哥洒泪称有问题会负责到底，商品标注“销售者非本直播间”
https://new.qq.com/rain/a/20240907A081XR00

2024-09-09 00:34:14,645 - INFO - EXPIRED
河南一超市被造谣倒闭，大量顾客涌入抢购连吃带喝一片狼藉？官方通报
https://new.qq.com/rain/a/20240907A07TQW00

2024-09-09 00:34:14,645 - INFO - EXPIRED
罗永浩们，互联网叫苦
https://new.qq.com/rain/a/20240907A07PNX00

2024-09-09 00:34:14,645 - INFO - EXPIRED
多地报告上半年出生人口增加：分析称与政策激励、属相偏好有关
https://new.qq.com/rain/a/20240908A018TW00

2024-09-09 00:34:14,645 - INFO - EXPIRED
台风天鸭群稳稳站立，为何超强台风吹不跑鸭群？什么体型的动物不易被吹跑？
https://view.inews.qq.com/a/20240907Q07BXF00

2024-09-09 00:34:14,645 - INFO - EXPIRED
金正恩视察朝鲜多处军事设施
https://new.qq.com/rain/a/20240908A01G2200

2024-09-09 00:34:14,645 - INFO - EXPIRED
女格斗运动员遭强制猥亵，“想打他又怕打残废”，警方通报
https://new.qq.com/rain/a/20240907A07VO600

2024-09-09 00:34:14,645 - INFO - EXPIRED
三只羊旗下主播沫沫失联，前老板回应：疑被拘留，有人冒充亲友发声
https://new.qq.com/rain/a/20240907A071WM00

2024-09-09 00:34:14,646 - INFO - EXPIRED
罕见！美英两大情报机构负责人共同露面，再炒涉华议题
https://new.qq.com/rain/a/20240907A084GF00

2024-09-09 00:34:14,646 - INFO - EXPIRED
杭州中年外卖员疑猝死外卖车上：每天跑16-18小时，哥们以为他睡着了
https://new.qq.com/rain/a/20240907V06LS000

2024-09-09 00:34:14,646 - INFO - EXPIRED
奇瑞车模大尺度动作引争议，问题出在谁身上？这种表演对车企真有好处吗？
https://view.inews.qq.com/a/20240905Q07GVZ00

2024-09-09 00:34:14,646 - INFO - EXPIRED
美国双反终裁渐近，“失去”东南亚的中国光伏企业该去哪里
https://new.qq.com/rain/a/20240907A071MB00

2024-09-09 00:34:14,646 - INFO - EXPIRED
半年收145万！一贪腐副队长收钱后想退出遭商人要挟，痛哭：金额越来越高，我害怕
https://new.qq.com/rain/a/20240906A03YNI00

2024-09-09 00:34:14,646 - INFO - EXPIRED
安徽一村庄发现大量古钱币，目击者：工作人员说出自宋代，有三四千斤
https://new.qq.com/rain/a/20240907A06LVS00

2024-09-09 00:34:14,646 - INFO - EXPIRED
小泉纯一郎之子参选自民党总裁被嘲没文化，为何给人这种印象？水平真差？
https://view.inews.qq.com/a/20240907Q06XEN00

2024-09-09 00:34:14,646 - INFO - EXPIRED
特朗普“封口费”案判决推迟至大选后，大选会左右判决吗？若当选后被判有罪怎么办？
https://view.inews.qq.com/a/20240907Q010B500

2024-09-09 00:34:14,646 - INFO - EXPIRED
美议员又炒“国安威胁”，敦促拜登政府解决中国农用无人机“风险”
https://new.qq.com/rain/a/20240907A07O2E00

2024-09-09 00:34:14,646 - INFO - EXPIRED
月薪三万的陆家嘴打工人，开始“抠抠搜搜”
https://new.qq.com/rain/a/20240907A062VL00

2024-09-09 00:34:14,646 - INFO - EXPIRED
外媒：乌新任外长发长文透露任内首要任务，连说三遍“武器”
https://new.qq.com/rain/a/20240907A06T3W00

2024-09-09 00:34:14,646 - INFO - EXPIRED
中天金融清偿方案出炉 剥离地产聚焦券商与保险
https://new.qq.com/rain/a/20240907A07W7V00

2024-09-09 00:34:14,646 - INFO - EXPIRED
乌高级议员：这月没钱给部队发工资，泽连斯基：必须在今秋末结束冲突
https://new.qq.com/rain/a/20240907A05HJO00

2024-09-09 00:34:14,646 - INFO - EXPIRED
上海一男子酒后在超市门口强制猥亵他人，警方通报：刑拘
https://new.qq.com/rain/a/20240907A07EMS00

2024-09-09 00:34:14,646 - INFO - EXPIRED
62人全部遇难，巴西一航班事故原因公布
https://new.qq.com/rain/a/20240907A07YFH00

2024-09-09 00:34:14,646 - INFO - EXPIRED
中美商贸工作组举行第二次副部长级会议
https://new.qq.com/rain/a/20240907A0707000

2024-09-09 00:34:14,646 - INFO - EXPIRED
南宁一汽车路口突然加速冲撞多辆汽车，有孕妇受伤，事发监控曝光
https://new.qq.com/rain/a/20240907A077SY00

2024-09-09 00:34:14,646 - INFO - EXPIRED
华为商城三折叠手机4小时预约人数超80万  知情人士：供应量有限
https://new.qq.com/rain/a/20240907A064E600

2024-09-09 00:34:14,646 - INFO - EXPIRED
男孩骑行遭碾亡案：事故地是否属于“道路”，或为判定关键
https://new.qq.com/rain/a/20240907A06NYG00

2024-09-09 00:34:14,646 - INFO - EXPIRED
“鳌太穿越”，多人发现遗体帐篷却未报警的背后
https://new.qq.com/rain/a/20240906A0906500

2024-09-09 00:34:14,646 - INFO - EXPIRED
居民楼被台风吹得摇晃，沿海地区的楼是否更能抗台风？普通居民楼能扛多大台风？
https://view.inews.qq.com/a/20240907Q03PG500

2024-09-09 00:34:14,646 - INFO - EXPIRED
小伙在婚恋公司相亲遇婚骗，“红娘”让女方“吊着”有钱人骗彩礼
https://new.qq.com/rain/a/20240907A03SHU00

2024-09-09 00:34:15,021 - INFO - INVALID
被控煽动违法等多项罪名，委内瑞拉反对派领导人前往西班牙寻求庇护
https://new.qq.com/rain/a/20240909A00N7I00

2024-09-09 00:34:15,031 - INFO - INVALID
A股早盘利好利空：华为三折叠手机预约超200万，多家公司遭证监会立案
https://new.qq.com/rain/a/20240909A00QZ700

2024-09-09 00:34:15,036 - INFO - INVALID
猪肉、果蔬齐涨价，CPI涨幅或至近一年半高点
https://new.qq.com/rain/a/20240909A004SO00

2024-09-09 00:34:15,085 - INFO - INVALID
“空挂学籍”乱象：教育机构和中专院校操作 交2万元不上课就拿毕业证
https://new.qq.com/rain/a/20240909A00P1B00

2024-09-09 00:34:15,331 - INFO - INVALID
美的在港上市拟发行4.92亿股 最高54.8港元_股
https://new.qq.com/rain/a/20240909A00M7Q00

2024-09-09 00:34:15,349 - INFO - INVALID
特朗普“封口费”案被推迟宣判：判决推迟至美国总统选举投票日三周后
https://new.qq.com/rain/a/20240909A00N0L00

2024-09-09 02:07:19,663 - INFO - EXPIRED
因串通投标，中航天建设工程集团被禁止参加军队采购活动3年
https://new.qq.com/rain/a/20240908A073YA00

2024-09-09 02:07:19,663 - INFO - EXPIRED
被怀疑是诱捕“电报”创始人的“以色列间谍”，杜罗夫女伴首次发声
https://new.qq.com/rain/a/20240908A04DN700

2024-09-09 02:07:19,663 - INFO - EXPIRED
五星级酒店禁止新能源车进地库，称担心其自燃，深圳消防：复燃率较高
https://new.qq.com/rain/a/20240908A071PB00

2024-09-09 02:07:19,663 - INFO - EXPIRED
2男子盗播超8万部剧集点击量超4000亿次，这是什么概念？近4亿广告费都是谁给的？
https://view.inews.qq.com/a/20240908Q05BAG00

2024-09-09 02:07:19,663 - INFO - EXPIRED
杭州16岁少年剪头烫发被索要4000元 官方：理发店涉嫌消费欺诈 已立案
https://new.qq.com/rain/a/20240908A06SK000

2024-09-09 02:07:19,663 - INFO - EXPIRED
最强秋台风也没能赶走“秋老虎”，南方高温继续“暴走”
https://new.qq.com/rain/a/20240908A05YM500

2024-09-09 02:07:19,663 - INFO - EXPIRED
在圆明园阻止日本游客拍照的网红，这个问题你得回答
https://new.qq.com/rain/a/20240908A074QP00

2024-09-09 02:07:19,663 - INFO - EXPIRED
耶伦：可能很快再与中方会晤，美中关系需要下届美国政府优先考虑
https://new.qq.com/rain/a/20240908A0654200

2024-09-09 02:07:19,663 - INFO - EXPIRED
特朗普“放话”：不使用美元的国家，将被征收100%关税
https://new.qq.com/rain/a/20240908A0732600

2024-09-09 02:07:19,663 - INFO - EXPIRED
9岁女孩外出“和同学玩”失联近一天后被发现溺亡 同学曾否认在一起
https://new.qq.com/rain/a/20240908A06HN800

2024-09-09 02:07:19,663 - INFO - EXPIRED
男子暴雨后赤脚下田接触老鼠尿住进ICU，老鼠尿危害这么大吗？穿鞋能避免吗？
https://view.inews.qq.com/a/20240908Q03Y7200

2024-09-09 02:07:19,663 - INFO - EXPIRED
中国民航现役最久客机B-2445退役，一般客机能执飞多久？退役后会拿去干嘛？
https://view.inews.qq.com/a/20240908Q01ZMH00

2024-09-09 02:07:19,663 - INFO - EXPIRED
台首位外籍“政务顾问”是个日本拉面店老板？台媒：与赖清德渊源很深
https://new.qq.com/rain/a/20240908A05NKI00

2024-09-09 02:07:19,664 - INFO - EXPIRED
孟晚舟现身刘德华演唱会，被拍到给华仔比心，网友：大佬间的顶峰相见
https://new.qq.com/rain/a/20240908A06TJT00

2024-09-09 02:07:19,664 - INFO - EXPIRED
盐湖“航母”要来了，注册资本100亿元，800亿元市值龙头公告
https://new.qq.com/rain/a/20240908A05JYW00

2024-09-09 02:07:19,664 - INFO - EXPIRED
发现租户患晚期癌症后担心房子成“凶宅”掉价，房东下了“逐客令”
https://new.qq.com/rain/a/20240908A05F2U00

2024-09-09 02:07:19,664 - INFO - EXPIRED
17.78亿，彩票弃奖
https://new.qq.com/rain/a/20240908A012MJ00

2024-09-09 02:07:19,664 - INFO - EXPIRED
富力地产再陷危机：68间酒店被接管，债主淡马锡呈请清盘
https://new.qq.com/rain/a/20240908A064BX00

2024-09-09 02:07:19,664 - INFO - EXPIRED
“青瓦台魔咒”再现？尹锡悦家中不太平，韩国检方再查文在寅
https://new.qq.com/rain/a/20240908A06TJD00

2024-09-09 02:07:19,664 - INFO - EXPIRED
上海一集卡车侧翻压到小车致5死，记者实探：路口左转与直行车会相遇
https://new.qq.com/rain/a/20240908A06A8400

2024-09-09 02:07:19,664 - INFO - EXPIRED
俄乌战场出现铝热弹，这种武器威力有多大？使用它违反国际公约吗？
https://view.inews.qq.com/a/20240908Q02LW100

2024-09-09 02:07:19,664 - INFO - EXPIRED
发布会前，iPhone 16全系机模上手：一切为了AI
https://new.qq.com/rain/a/20240906V07Y9V00

2024-09-09 02:07:19,664 - INFO - EXPIRED
视频已下架，网红“东北雨姐”：白天在稻田中抓河蟹实为摆拍
https://new.qq.com/rain/a/20240908A02FBQ00

2024-09-09 02:07:19,664 - INFO - EXPIRED
山东大学34岁博导突发心梗离世，来该校仅三年，曾获多项荣誉
https://new.qq.com/rain/a/20240908A06JF500

2024-09-09 02:07:19,664 - INFO - EXPIRED
中国将向柬埔寨提供两艘护卫舰，破了谁的防
https://new.qq.com/rain/a/20240907A086K100

2024-09-09 02:07:19,664 - INFO - EXPIRED
女乡长被控贪污后不起诉 羁押1200天获8万余元赔偿 当事人：影响退休
https://new.qq.com/rain/a/20240908A04FNF00

2024-09-09 02:07:19,664 - INFO - EXPIRED
中美“21世纪20年代强化气候行动工作组”会议在京召开
https://new.qq.com/rain/a/20240908A06UNU00

2024-09-09 02:07:19,664 - INFO - EXPIRED
小杨哥部分商品标注“销售者非本直播间”，有什么作用？能算免责声明吗？
https://view.inews.qq.com/a/20240908Q05TMZ00

2024-09-09 02:07:19,664 - INFO - EXPIRED
海口一黄花梨树被台风吹倒，树龄60岁估价260万，种棵不就能坐等发财了？
https://view.inews.qq.com/a/20240908Q067BH00

2024-09-09 02:07:19,664 - INFO - EXPIRED
女格斗运动员回应遭强制猥亵：准备击打时担心控制不好尺度选择了报警
https://new.qq.com/rain/a/20240908A06SFP00

2024-09-09 02:07:19,664 - INFO - EXPIRED
台湾花莲因暴雨引发泥石流：如瀑布倾泻而下，铁路公路全部中断
https://new.qq.com/rain/a/20240908V06RMF00

2024-09-09 02:07:19,664 - INFO - EXPIRED
三只羊旗下主播沫沫被拘留 知情者：去年12月在上海被带走 已关押很久
https://new.qq.com/rain/a/20240908A05TAZ00

2024-09-09 02:07:19,664 - INFO - EXPIRED
马斯克回应特斯拉中国市场份额下滑：特斯拉上海工厂正以最大产能运行
https://new.qq.com/rain/a/20240908A05TKT00

2024-09-09 02:07:19,664 - INFO - EXPIRED
网约车乘客“开门杀”致人受伤后跑掉？成都交警：3人已找到 车辆被扣
https://new.qq.com/rain/a/20240908A04I8F00

2024-09-09 02:07:19,664 - INFO - EXPIRED
特朗普：如果我没赢 这可能是美国最后一次大选
https://new.qq.com/rain/a/20240908V04G2T00

2024-09-09 02:07:19,664 - INFO - EXPIRED
作为渐冻症病人家属，照顾渐冻症病人，有哪些常人难以想象的困难？
https://view.inews.qq.com/a/20240907Q07NND00

2024-09-09 02:07:19,664 - INFO - EXPIRED
演员于适出任中国骑射运动中心副主任，曾在《封神三部曲》饰演姬发
https://new.qq.com/rain/a/20240908A04UC700

2024-09-09 02:07:19,664 - INFO - EXPIRED
新华社权威快报丨庆祝第40个教师节 全国585个单位、1790人受表彰
https://new.qq.com/rain/a/20240908A050S700

2024-09-09 02:07:19,664 - INFO - EXPIRED
柯文哲被收押的两天里，台湾发生了什么？
https://new.qq.com/rain/a/20240907A0865H00

2024-09-09 02:07:19,664 - INFO - EXPIRED
重庆27岁网红健身博主刘灿意外溺水去世 知情者：7日上午已火化
https://new.qq.com/rain/a/20240908A03ZHR00

2024-09-09 02:07:19,664 - INFO - EXPIRED
事关外资准入，商务部解读重磅文件
https://new.qq.com/rain/a/20240908A041KB00

2024-09-09 02:07:19,664 - INFO - EXPIRED
云南威信整改“烈士墓前跳广场舞”：入口公布管理通告，安排人员巡查
https://new.qq.com/rain/a/20240908A03XV000

2024-09-09 02:07:19,664 - INFO - EXPIRED
上海浦东警方通报一起交通事故，5人经送医抢救无效死亡
https://new.qq.com/rain/a/20240908A03QC800

2024-09-09 02:07:19,664 - INFO - EXPIRED
学生校内钓鱼被警告？江西景德镇陶瓷大学当即决定：将举办钓鱼大赛
https://new.qq.com/rain/a/20240908A02WWS00

2024-09-09 02:07:19,664 - INFO - EXPIRED
独家：美驻华某总领馆工作人员公然在华散布“台独”言论
https://new.qq.com/rain/a/20240908A02Z3O00

2024-09-09 02:07:19,664 - INFO - EXPIRED
“剪断我姻缘！”游客称挂在老君山的祈福牌被拆掉收走，景区回应
https://new.qq.com/rain/a/20240908A01MLC00

2024-09-09 02:07:19,664 - INFO - EXPIRED
华兴资本有望复牌：18个月亏了5.46亿 包凡妻子出任非执行董事
https://new.qq.com/rain/a/20240908A03M2600

2024-09-09 02:07:19,664 - INFO - EXPIRED
4年洗了2.7万辆车，心智障碍青年靠信任与爱融入社会
https://new.qq.com/rain/a/20240908V05VI100

2024-09-09 02:07:19,664 - INFO - EXPIRED
朝鲜外务省谴责美韩的军事勾结意图
https://new.qq.com/rain/a/20240908A03JRW00

2024-09-09 02:07:19,664 - INFO - EXPIRED
拿下管理权又遇新麻烦，宗馥莉的挑战不止内部矛盾
https://new.qq.com/rain/a/20240908A033II00

2024-09-09 02:07:19,664 - INFO - EXPIRED
涉嫌破坏北溪管道？乌克兰军官：如果真是我们做的，德国应该停止调查
https://new.qq.com/rain/a/20240908A02X9T00

2024-09-09 02:07:19,664 - INFO - EXPIRED
制造业领域限制措施“清零”！2024年版外资准入负面清单发布
https://new.qq.com/rain/a/20240908A030SM00

2024-09-09 02:07:19,664 - INFO - EXPIRED
美国肯塔基州发生枪击事件 多人遭枪击
https://new.qq.com/rain/a/20240908A01EJT00

2024-09-09 02:07:19,664 - INFO - EXPIRED
江苏一地政协委员呼吁公务员考试加强业务考核，当地人社局回应
https://new.qq.com/rain/a/20240907A06I1R00

2024-09-09 02:07:19,664 - INFO - EXPIRED
委内瑞拉反对派领导人离开该国：被指控谋反等罪名，司法机关发逮捕令
https://new.qq.com/rain/a/20240908A033XO00

2024-09-09 02:07:19,664 - INFO - EXPIRED
福建一学校协助华夏银行为贷款客户提供过桥资金，“以贷还贷”双方对簿公堂
https://new.qq.com/rain/a/20240908A01GO000

2024-09-09 02:07:19,664 - INFO - EXPIRED
马斯克：首艘飞往火星的星舰将在2年后发射，若进展顺利4年后载人
https://new.qq.com/rain/a/20240908A02O7600

2024-09-09 02:07:19,664 - INFO - EXPIRED
巴西客机因结冰失控坠毁致62人遇难，飞行中遇结冰应该如何正确应对？
https://view.inews.qq.com/a/20240907Q06X0R00

2024-09-09 02:07:19,664 - INFO - EXPIRED
三部门：拟允许在北京、上海、南京、广州等地设立外商独资医院
https://new.qq.com/rain/a/20240908A02ND900

2024-09-09 02:07:19,665 - INFO - EXPIRED
浙江多地饭店和大厦地库禁停新能源车，合理合法吗
https://new.qq.com/rain/a/20240907A07X5700

2024-09-09 02:07:19,665 - INFO - EXPIRED
一岁幼童摔了一跤中风了，小孩子也会中风吗？跟普通中风有什么区别？
https://view.inews.qq.com/a/20240907Q01LJG00

2024-09-09 02:07:19,665 - INFO - EXPIRED
多地党政一把手看望教师：辽宁岫岩县长代表家乡跨省慰问张桂梅
https://new.qq.com/rain/a/20240907A07SCF00

2024-09-09 02:07:19,665 - INFO - EXPIRED
江苏一男子水库溺水，路人潜入4米深水底救人：虽然害怕，但救人要紧
https://new.qq.com/rain/a/20240907A07DTP00

2024-09-09 02:07:19,665 - INFO - EXPIRED
争夺富士康，印度想抄郑州作业
https://new.qq.com/rain/a/20240907A04RXI00

2024-09-09 02:07:19,665 - INFO - EXPIRED
荷兰宣布将扩大光刻机管制范围，商务部回应
https://new.qq.com/rain/a/20240908A02MX900

2024-09-09 02:07:19,665 - INFO - EXPIRED
委内瑞拉撤销巴西对阿根廷驻委使馆代表权，巴西政府表示震惊
https://new.qq.com/rain/a/20240908A00S9L00

2024-09-09 02:07:19,665 - INFO - EXPIRED
安徽一村庄发现三四千斤疑似宋代钱币，哪朝古钱最珍贵？越老越值钱吗？
https://view.inews.qq.com/a/20240908Q00B1600

2024-09-09 02:07:19,665 - INFO - EXPIRED
每7.4秒就有一位女性遭家暴 ：2年被家暴16次当事人呼吁零容忍
https://new.qq.com/rain/a/20240908V01YN100

2024-09-09 02:07:19,665 - INFO - EXPIRED
小杨哥洒泪称有问题会负责到底，商品标注“销售者非本直播间”
https://new.qq.com/rain/a/20240907A081XR00

2024-09-09 02:07:19,665 - INFO - EXPIRED
河南一超市被造谣倒闭，大量顾客涌入抢购连吃带喝一片狼藉？官方通报
https://new.qq.com/rain/a/20240907A07TQW00

2024-09-09 02:07:19,665 - INFO - EXPIRED
罗永浩们，互联网叫苦
https://new.qq.com/rain/a/20240907A07PNX00

2024-09-09 02:07:19,665 - INFO - EXPIRED
多地报告上半年出生人口增加：分析称与政策激励、属相偏好有关
https://new.qq.com/rain/a/20240908A018TW00

2024-09-09 02:07:19,665 - INFO - EXPIRED
台风天鸭群稳稳站立，为何超强台风吹不跑鸭群？什么体型的动物不易被吹跑？
https://view.inews.qq.com/a/20240907Q07BXF00

2024-09-09 02:07:19,665 - INFO - EXPIRED
金正恩视察朝鲜多处军事设施
https://new.qq.com/rain/a/20240908A01G2200

2024-09-09 02:07:19,665 - INFO - EXPIRED
女格斗运动员遭强制猥亵，“想打他又怕打残废”，警方通报
https://new.qq.com/rain/a/20240907A07VO600

2024-09-09 02:07:19,665 - INFO - EXPIRED
三只羊旗下主播沫沫失联，前老板回应：疑被拘留，有人冒充亲友发声
https://new.qq.com/rain/a/20240907A071WM00

2024-09-09 02:07:19,665 - INFO - EXPIRED
罕见！美英两大情报机构负责人共同露面，再炒涉华议题
https://new.qq.com/rain/a/20240907A084GF00

2024-09-09 02:07:19,665 - INFO - EXPIRED
杭州中年外卖员疑猝死外卖车上：每天跑16-18小时，哥们以为他睡着了
https://new.qq.com/rain/a/20240907V06LS000

2024-09-09 02:07:19,665 - INFO - EXPIRED
奇瑞车模大尺度动作引争议，问题出在谁身上？这种表演对车企真有好处吗？
https://view.inews.qq.com/a/20240905Q07GVZ00

2024-09-09 02:07:19,665 - INFO - EXPIRED
美国双反终裁渐近，“失去”东南亚的中国光伏企业该去哪里
https://new.qq.com/rain/a/20240907A071MB00

2024-09-09 02:07:19,665 - INFO - EXPIRED
半年收145万！一贪腐副队长收钱后想退出遭商人要挟，痛哭：金额越来越高，我害怕
https://new.qq.com/rain/a/20240906A03YNI00

2024-09-09 02:07:19,665 - INFO - EXPIRED
安徽一村庄发现大量古钱币，目击者：工作人员说出自宋代，有三四千斤
https://new.qq.com/rain/a/20240907A06LVS00

2024-09-09 02:07:19,665 - INFO - EXPIRED
小泉纯一郎之子参选自民党总裁被嘲没文化，为何给人这种印象？水平真差？
https://view.inews.qq.com/a/20240907Q06XEN00

2024-09-09 02:07:19,665 - INFO - EXPIRED
特朗普“封口费”案判决推迟至大选后，大选会左右判决吗？若当选后被判有罪怎么办？
https://view.inews.qq.com/a/20240907Q010B500

2024-09-09 02:07:19,665 - INFO - EXPIRED
美议员又炒“国安威胁”，敦促拜登政府解决中国农用无人机“风险”
https://new.qq.com/rain/a/20240907A07O2E00

2024-09-09 02:07:19,665 - INFO - EXPIRED
月薪三万的陆家嘴打工人，开始“抠抠搜搜”
https://new.qq.com/rain/a/20240907A062VL00

2024-09-09 02:07:19,665 - INFO - EXPIRED
外媒：乌新任外长发长文透露任内首要任务，连说三遍“武器”
https://new.qq.com/rain/a/20240907A06T3W00

2024-09-09 02:07:19,665 - INFO - EXPIRED
中天金融清偿方案出炉 剥离地产聚焦券商与保险
https://new.qq.com/rain/a/20240907A07W7V00

2024-09-09 02:07:19,665 - INFO - EXPIRED
乌高级议员：这月没钱给部队发工资，泽连斯基：必须在今秋末结束冲突
https://new.qq.com/rain/a/20240907A05HJO00

2024-09-09 02:07:19,665 - INFO - EXPIRED
上海一男子酒后在超市门口强制猥亵他人，警方通报：刑拘
https://new.qq.com/rain/a/20240907A07EMS00

2024-09-09 02:07:20,212 - INFO - INVALID
A股开盘：三大指数低开沪指跌0.4%，细胞免疫治疗板块走高
https://new.qq.com/rain/a/20240909A01LGM00

2024-09-09 02:07:20,217 - INFO - INVALID
郑州一公司订51份黄焖鸡米饭超20人中毒，当地卫健委已介入
https://new.qq.com/rain/a/20240909A019BG00

2024-09-09 02:07:20,225 - INFO - INVALID
8月份CPI同比上涨0.6%，专家：受高温多雨天气等影响，季节性上涨
https://new.qq.com/rain/a/20240909A01O4R00

2024-09-09 02:07:20,235 - INFO - INVALID
恒生指数开盘跌1.05% 华兴资本控股复牌跌71.7%
https://new.qq.com/rain/a/20240909A01K8500

2024-09-09 02:07:20,240 - INFO - INVALID
前国脚高峰：现在国足为什么是这样？9月5号可以列入国足耻辱日
https://new.qq.com/rain/a/20240909A00TAI00

2024-09-09 02:07:20,614 - INFO - INVALID
特朗普“封口费”案被推迟宣判：判决推迟至美国总统选举投票日三周后
https://new.qq.com/rain/a/20240909A00N0L00

2024-09-09 02:07:20,656 - INFO - INVALID
被控煽动违法等多项罪名，委内瑞拉反对派领导人前往西班牙寻求庇护
https://new.qq.com/rain/a/20240909A00N7I00

2024-09-09 02:07:20,660 - INFO - INVALID
“空挂学籍”乱象：教育机构和中专院校操作 交2万元不上课就拿毕业证
https://new.qq.com/rain/a/20240909A00P1B00

2024-09-09 02:07:20,668 - INFO - INVALID
猪肉、果蔬齐涨价，CPI涨幅或至近一年半高点
https://new.qq.com/rain/a/20240909A004SO00

2024-09-09 02:07:20,679 - INFO - INVALID
美的在港上市拟发行4.92亿股 最高54.8港元_股
https://new.qq.com/rain/a/20240909A00M7Q00

