2025-09-21 00:42:11,250 - INFO - Total time taken: {'ret': 0, 'msg': 'success', 'data': None}
2025-09-21 00:42:11,250 - INFO - 'NoneType' object is not subscriptable
2025-09-21 00:42:11,251 - INFO - Traceback (most recent call last):
  File "/home/runner/work/qqnews/qqnews/qq.py", line 128, in main
    for i in qq1["data"]["list"]:
             ~~~~~~~~~~~^^^^^^^^
TypeError: 'NoneType' object is not subscriptable

2025-09-21 02:23:32,051 - INFO - Total time taken: {'ret': 0, 'msg': 'success', 'data': None}
2025-09-21 02:23:32,052 - INFO - 'NoneType' object is not subscriptable
2025-09-21 02:23:32,052 - INFO - Traceback (most recent call last):
  File "/home/runner/work/qqnews/qqnews/qq.py", line 128, in main
    for i in qq1["data"]["list"]:
             ~~~~~~~~~~~^^^^^^^^
TypeError: 'NoneType' object is not subscriptable

2025-09-21 03:31:29,500 - INFO - Total time taken: {'ret': 0, 'msg': 'success', 'data': None}
2025-09-21 03:31:29,500 - INFO - 'NoneType' object is not subscriptable
2025-09-21 03:31:29,500 - INFO - Traceback (most recent call last):
  File "/home/runner/work/qqnews/qqnews/qq.py", line 128, in main
    for i in qq1["data"]["list"]:
             ~~~~~~~~~~~^^^^^^^^
TypeError: 'NoneType' object is not subscriptable

2025-09-21 04:01:21,021 - INFO - Total time taken: {'ret': 0, 'msg': 'success', 'data': None}
2025-09-21 04:01:21,022 - INFO - 'NoneType' object is not subscriptable
2025-09-21 04:01:21,022 - INFO - Traceback (most recent call last):
  File "/home/runner/work/qqnews/qqnews/qq.py", line 128, in main
    for i in qq1["data"]["list"]:
             ~~~~~~~~~~~^^^^^^^^
TypeError: 'NoneType' object is not subscriptable

2025-09-21 05:01:22,283 - INFO - Total time taken: {'ret': 0, 'msg': 'success', 'data': None}
2025-09-21 05:01:22,283 - INFO - 'NoneType' object is not subscriptable
2025-09-21 05:01:22,284 - INFO - Traceback (most recent call last):
  File "/home/runner/work/qqnews/qqnews/qq.py", line 128, in main
    for i in qq1["data"]["list"]:
             ~~~~~~~~~~~^^^^^^^^
TypeError: 'NoneType' object is not subscriptable

2025-09-21 06:01:10,606 - INFO - Total time taken: {'ret': 0, 'msg': 'success', 'data': None}
2025-09-21 06:01:10,606 - INFO - 'NoneType' object is not subscriptable
2025-09-21 06:01:10,606 - INFO - Traceback (most recent call last):
  File "/home/runner/work/qqnews/qqnews/qq.py", line 128, in main
    for i in qq1["data"]["list"]:
             ~~~~~~~~~~~^^^^^^^^
TypeError: 'NoneType' object is not subscriptable

2025-09-21 07:01:21,965 - INFO - Total time taken: {'ret': 0, 'msg': 'success', 'data': None}
2025-09-21 07:01:21,965 - INFO - 'NoneType' object is not subscriptable
2025-09-21 07:01:21,965 - INFO - Traceback (most recent call last):
  File "/home/runner/work/qqnews/qqnews/qq.py", line 128, in main
    for i in qq1["data"]["list"]:
             ~~~~~~~~~~~^^^^^^^^
TypeError: 'NoneType' object is not subscriptable

2025-09-21 08:01:12,845 - INFO - Total time taken: {'ret': 0, 'msg': 'success', 'data': None}
2025-09-21 08:01:12,845 - INFO - 'NoneType' object is not subscriptable
2025-09-21 08:01:12,846 - INFO - Traceback (most recent call last):
  File "/home/runner/work/qqnews/qqnews/qq.py", line 128, in main
    for i in qq1["data"]["list"]:
             ~~~~~~~~~~~^^^^^^^^
TypeError: 'NoneType' object is not subscriptable

