2026-01-03 00:42:20,082 - INFO - Total time taken: {'ret': 0, 'msg': 'success', 'data': None}
2026-01-03 00:42:20,083 - INFO - 'NoneType' object is not subscriptable
2026-01-03 00:42:20,083 - INFO - Traceback (most recent call last):
  File "/home/runner/work/qqnews/qqnews/qq.py", line 128, in main
    for i in qq1["data"]["list"]:
             ~~~~~~~~~~~^^^^^^^^
TypeError: 'NoneType' object is not subscriptable

2026-01-03 02:30:22,793 - INFO - Total time taken: {'ret': 0, 'msg': 'success', 'data': None}
2026-01-03 02:30:22,793 - INFO - 'NoneType' object is not subscriptable
2026-01-03 02:30:22,794 - INFO - Traceback (most recent call last):
  File "/home/runner/work/qqnews/qqnews/qq.py", line 128, in main
    for i in qq1["data"]["list"]:
             ~~~~~~~~~~~^^^^^^^^
TypeError: 'NoneType' object is not subscriptable

2026-01-03 03:48:24,948 - INFO - Total time taken: {'ret': 0, 'msg': 'success', 'data': None}
2026-01-03 03:48:24,948 - INFO - 'NoneType' object is not subscriptable
2026-01-03 03:48:24,949 - INFO - Traceback (most recent call last):
  File "/home/runner/work/qqnews/qqnews/qq.py", line 128, in main
    for i in qq1["data"]["list"]:
             ~~~~~~~~~~~^^^^^^^^
TypeError: 'NoneType' object is not subscriptable

2026-01-03 04:21:18,789 - INFO - Total time taken: {'ret': 0, 'msg': 'success', 'data': None}
2026-01-03 04:21:18,789 - INFO - 'NoneType' object is not subscriptable
2026-01-03 04:21:18,790 - INFO - Traceback (most recent call last):
  File "/home/runner/work/qqnews/qqnews/qq.py", line 128, in main
    for i in qq1["data"]["list"]:
             ~~~~~~~~~~~^^^^^^^^
TypeError: 'NoneType' object is not subscriptable

2026-01-03 05:11:12,886 - INFO - Total time taken: {'ret': 0, 'msg': 'success', 'data': None}
2026-01-03 05:11:12,886 - INFO - 'NoneType' object is not subscriptable
2026-01-03 05:11:12,887 - INFO - Traceback (most recent call last):
  File "/home/runner/work/qqnews/qqnews/qq.py", line 128, in main
    for i in qq1["data"]["list"]:
             ~~~~~~~~~~~^^^^^^^^
TypeError: 'NoneType' object is not subscriptable

2026-01-03 06:14:04,898 - INFO - Total time taken: {'ret': 0, 'msg': 'success', 'data': None}
2026-01-03 06:14:04,898 - INFO - 'NoneType' object is not subscriptable
2026-01-03 06:14:04,899 - INFO - Traceback (most recent call last):
  File "/home/runner/work/qqnews/qqnews/qq.py", line 128, in main
    for i in qq1["data"]["list"]:
             ~~~~~~~~~~~^^^^^^^^
TypeError: 'NoneType' object is not subscriptable

2026-01-03 07:09:51,795 - INFO - Total time taken: {'ret': 0, 'msg': 'success', 'data': None}
2026-01-03 07:09:51,795 - INFO - 'NoneType' object is not subscriptable
2026-01-03 07:09:51,796 - INFO - Traceback (most recent call last):
  File "/home/runner/work/qqnews/qqnews/qq.py", line 128, in main
    for i in qq1["data"]["list"]:
             ~~~~~~~~~~~^^^^^^^^
TypeError: 'NoneType' object is not subscriptable

2026-01-03 08:12:39,047 - INFO - Total time taken: {'ret': 0, 'msg': 'success', 'data': None}
2026-01-03 08:12:39,047 - INFO - 'NoneType' object is not subscriptable
2026-01-03 08:12:39,047 - INFO - Traceback (most recent call last):
  File "/home/runner/work/qqnews/qqnews/qq.py", line 128, in main
    for i in qq1["data"]["list"]:
             ~~~~~~~~~~~^^^^^^^^
TypeError: 'NoneType' object is not subscriptable

2026-01-03 09:01:07,306 - INFO - Total time taken: {'ret': 0, 'msg': 'success', 'data': None}
2026-01-03 09:01:07,306 - INFO - 'NoneType' object is not subscriptable
2026-01-03 09:01:07,307 - INFO - Traceback (most recent call last):
  File "/home/runner/work/qqnews/qqnews/qq.py", line 128, in main
    for i in qq1["data"]["list"]:
             ~~~~~~~~~~~^^^^^^^^
TypeError: 'NoneType' object is not subscriptable

2026-01-03 10:01:17,542 - INFO - Total time taken: {'ret': 0, 'msg': 'success', 'data': None}
2026-01-03 10:01:17,542 - INFO - 'NoneType' object is not subscriptable
2026-01-03 10:01:17,542 - INFO - Traceback (most recent call last):
  File "/home/runner/work/qqnews/qqnews/qq.py", line 128, in main
    for i in qq1["data"]["list"]:
             ~~~~~~~~~~~^^^^^^^^
TypeError: 'NoneType' object is not subscriptable

2026-01-03 11:01:13,403 - INFO - Total time taken: {'ret': 0, 'msg': 'success', 'data': None}
2026-01-03 11:01:13,403 - INFO - 'NoneType' object is not subscriptable
2026-01-03 11:01:13,403 - INFO - Traceback (most recent call last):
  File "/home/runner/work/qqnews/qqnews/qq.py", line 128, in main
    for i in qq1["data"]["list"]:
             ~~~~~~~~~~~^^^^^^^^
TypeError: 'NoneType' object is not subscriptable

2026-01-03 12:15:47,891 - INFO - Total time taken: {'ret': 0, 'msg': 'success', 'data': None}
2026-01-03 12:15:47,892 - INFO - 'NoneType' object is not subscriptable
2026-01-03 12:15:47,892 - INFO - Traceback (most recent call last):
  File "/home/runner/work/qqnews/qqnews/qq.py", line 128, in main
    for i in qq1["data"]["list"]:
             ~~~~~~~~~~~^^^^^^^^
TypeError: 'NoneType' object is not subscriptable

2026-01-03 13:21:34,067 - INFO - Total time taken: {'ret': 0, 'msg': 'success', 'data': None}
2026-01-03 13:21:34,067 - INFO - 'NoneType' object is not subscriptable
2026-01-03 13:21:34,067 - INFO - Traceback (most recent call last):
  File "/home/runner/work/qqnews/qqnews/qq.py", line 128, in main
    for i in qq1["data"]["list"]:
             ~~~~~~~~~~~^^^^^^^^
TypeError: 'NoneType' object is not subscriptable

2026-01-03 14:01:25,474 - INFO - Total time taken: {'ret': 0, 'msg': 'success', 'data': None}
2026-01-03 14:01:25,474 - INFO - 'NoneType' object is not subscriptable
2026-01-03 14:01:25,475 - INFO - Traceback (most recent call last):
  File "/home/runner/work/qqnews/qqnews/qq.py", line 128, in main
    for i in qq1["data"]["list"]:
             ~~~~~~~~~~~^^^^^^^^
TypeError: 'NoneType' object is not subscriptable

2026-01-03 15:01:21,873 - INFO - Total time taken: {'ret': 0, 'msg': 'success', 'data': None}
2026-01-03 15:01:21,873 - INFO - 'NoneType' object is not subscriptable
2026-01-03 15:01:21,873 - INFO - Traceback (most recent call last):
  File "/home/runner/work/qqnews/qqnews/qq.py", line 128, in main
    for i in qq1["data"]["list"]:
             ~~~~~~~~~~~^^^^^^^^
TypeError: 'NoneType' object is not subscriptable

2026-01-03 16:01:23,247 - INFO - Total time taken: {'ret': 0, 'msg': 'success', 'data': None}
2026-01-03 16:01:23,247 - INFO - 'NoneType' object is not subscriptable
2026-01-03 16:01:23,247 - INFO - Traceback (most recent call last):
  File "/home/runner/work/qqnews/qqnews/qq.py", line 128, in main
    for i in qq1["data"]["list"]:
             ~~~~~~~~~~~^^^^^^^^
TypeError: 'NoneType' object is not subscriptable

2026-01-03 17:01:14,890 - INFO - Total time taken: {'ret': 0, 'msg': 'success', 'data': None}
2026-01-03 17:01:14,890 - INFO - 'NoneType' object is not subscriptable
2026-01-03 17:01:14,890 - INFO - Traceback (most recent call last):
  File "/home/runner/work/qqnews/qqnews/qq.py", line 128, in main
    for i in qq1["data"]["list"]:
             ~~~~~~~~~~~^^^^^^^^
TypeError: 'NoneType' object is not subscriptable

