2025-09-03 00:36:49,395 - INFO - Total time taken: {'ret': 0, 'msg': 'success', 'data': None}
2025-09-03 00:36:49,395 - INFO - 'NoneType' object is not subscriptable
2025-09-03 00:36:49,396 - INFO - Traceback (most recent call last):
  File "/home/runner/work/qqnews/qqnews/qq.py", line 128, in main
    for i in qq1["data"]["list"]:
             ~~~~~~~~~~~^^^^^^^^
TypeError: 'NoneType' object is not subscriptable

2025-09-03 02:12:20,787 - INFO - Total time taken: {'ret': 0, 'msg': 'success', 'data': None}
2025-09-03 02:12:20,788 - INFO - 'NoneType' object is not subscriptable
2025-09-03 02:12:20,788 - INFO - Traceback (most recent call last):
  File "/home/runner/work/qqnews/qqnews/qq.py", line 128, in main
    for i in qq1["data"]["list"]:
             ~~~~~~~~~~~^^^^^^^^
TypeError: 'NoneType' object is not subscriptable

2025-09-03 03:19:30,528 - INFO - Total time taken: {'ret': 0, 'msg': 'success', 'data': None}
2025-09-03 03:19:30,528 - INFO - 'NoneType' object is not subscriptable
2025-09-03 03:19:30,528 - INFO - Traceback (most recent call last):
  File "/home/runner/work/qqnews/qqnews/qq.py", line 128, in main
    for i in qq1["data"]["list"]:
             ~~~~~~~~~~~^^^^^^^^
TypeError: 'NoneType' object is not subscriptable

