2025-06-17 00:42:01,104 - INFO - Total time taken: {'ret': 0, 'msg': 'success', 'data': None}
2025-06-17 00:42:01,104 - INFO - 'NoneType' object is not subscriptable
2025-06-17 00:42:01,104 - INFO - Traceback (most recent call last):
  File "/home/runner/work/qqnews/qqnews/qq.py", line 128, in main
    for i in qq1["data"]["list"]:
             ~~~~~~~~~~~^^^^^^^^
TypeError: 'NoneType' object is not subscriptable

2025-06-17 02:40:06,120 - INFO - Total time taken: {'ret': 0, 'msg': 'success', 'data': None}
2025-06-17 02:40:06,120 - INFO - 'NoneType' object is not subscriptable
2025-06-17 02:40:06,120 - INFO - Traceback (most recent call last):
  File "/home/runner/work/qqnews/qqnews/qq.py", line 128, in main
    for i in qq1["data"]["list"]:
             ~~~~~~~~~~~^^^^^^^^
TypeError: 'NoneType' object is not subscriptable

2025-06-17 03:41:05,516 - INFO - Total time taken: {'ret': 0, 'msg': 'success', 'data': None}
2025-06-17 03:41:05,516 - INFO - 'NoneType' object is not subscriptable
2025-06-17 03:41:05,517 - INFO - Traceback (most recent call last):
  File "/home/runner/work/qqnews/qqnews/qq.py", line 128, in main
    for i in qq1["data"]["list"]:
             ~~~~~~~~~~~^^^^^^^^
TypeError: 'NoneType' object is not subscriptable

2025-06-17 04:18:22,467 - INFO - Total time taken: {'ret': 0, 'msg': 'success', 'data': None}
2025-06-17 04:18:22,467 - INFO - 'NoneType' object is not subscriptable
2025-06-17 04:18:22,468 - INFO - Traceback (most recent call last):
  File "/home/runner/work/qqnews/qqnews/qq.py", line 128, in main
    for i in qq1["data"]["list"]:
             ~~~~~~~~~~~^^^^^^^^
TypeError: 'NoneType' object is not subscriptable

2025-06-17 05:10:00,766 - INFO - Total time taken: {'ret': 0, 'msg': 'success', 'data': None}
2025-06-17 05:10:00,767 - INFO - 'NoneType' object is not subscriptable
2025-06-17 05:10:00,767 - INFO - Traceback (most recent call last):
  File "/home/runner/work/qqnews/qqnews/qq.py", line 128, in main
    for i in qq1["data"]["list"]:
             ~~~~~~~~~~~^^^^^^^^
TypeError: 'NoneType' object is not subscriptable

2025-06-17 06:13:19,295 - INFO - Total time taken: {'ret': 0, 'msg': 'success', 'data': None}
2025-06-17 06:13:19,295 - INFO - 'NoneType' object is not subscriptable
2025-06-17 06:13:19,295 - INFO - Traceback (most recent call last):
  File "/home/runner/work/qqnews/qqnews/qq.py", line 128, in main
    for i in qq1["data"]["list"]:
             ~~~~~~~~~~~^^^^^^^^
TypeError: 'NoneType' object is not subscriptable

