2024-10-23 00:34:22,077 - INFO - EXPIRED
省委书记暗访一乡村小学：电脑室大部分电脑不能正常使用、实验室缺少仪器设备
https://new.qq.com/rain/a/20241022A09SCI00

2024-10-23 00:34:22,077 - INFO - EXPIRED
核电领域现“蛇吞象”式并购，国家电投拟纳入千亿资产
https://new.qq.com/rain/a/20241022A08ESL00

2024-10-23 00:34:22,077 - INFO - EXPIRED
哈尔滨退休公安副局长涉黑，老婆涉共犯曾是人大代表酒楼老板
https://new.qq.com/rain/a/20241022A09ETH00

2024-10-23 00:34:22,077 - INFO - EXPIRED
高空扔8块砖砸死过路女子，男子被核准死刑，这能震慑高楼乱丢东西的人吗？
https://view.inews.qq.com/a/20241021Q02SGK00

2024-10-23 00:34:22,077 - INFO - EXPIRED
湖南一学校自带饭学生只能蹲教室外吃？校方称怕交叉感染，教育局回应
https://new.qq.com/rain/a/20241022A09OM800

2024-10-23 00:34:22,077 - INFO - EXPIRED
女子存银行40多万，取款时余额为零？工作人员：储户将密码泄露给他人
https://new.qq.com/rain/a/20241022A08YEL00

2024-10-23 00:34:22,077 - INFO - EXPIRED
绕开“金融核弹”SWIFT打造新支付体系，金砖方案值得期待
https://new.qq.com/rain/a/20241022A0903400

2024-10-23 00:34:22,077 - INFO - EXPIRED
全球最大无人运输机总装下线，载重也才5吨，做大的难度是什么？有什么神奇之处？
https://view.inews.qq.com/a/20241022Q064DJ00

2024-10-23 00:34:22,077 - INFO - EXPIRED
带6.1万枚比特币跑路的嫌犯钱志敏在伦敦出庭，否认所有洗钱指控
https://new.qq.com/rain/a/20241022A09B4Q00

2024-10-23 00:34:22,077 - INFO - EXPIRED
李光耀次子李显扬称在英国获政治庇护，新加坡政府否认“政治迫害”
https://new.qq.com/rain/a/20241022A09MAJ00

2024-10-23 00:34:22,077 - INFO - EXPIRED
1.5万应用上架华为原生鸿蒙，能否顺利出海将成下一难题
https://new.qq.com/rain/a/20241022A09JP300

2024-10-23 00:34:22,077 - INFO - EXPIRED
发改委：近一半增量政策措施已出台实施，四季度经济回升有足够支撑
https://new.qq.com/rain/a/20241022A09WSX00

2024-10-23 00:34:22,077 - INFO - EXPIRED
CGTN：纪录片《黑云压城：乌鲁木齐“7·5”事件纪实》10月26日推出
https://new.qq.com/rain/a/20241022A09M1A00

2024-10-23 00:34:22,077 - INFO - EXPIRED
多次动手打下属的“老虎”敛财20多年，卸任时说：千万莫让人戳脊梁骨
https://new.qq.com/rain/a/20241022A05JXD00

2024-10-23 00:34:22,077 - INFO - EXPIRED
我国首个，自主可控！华为原生鸿蒙操作系统正式发布
https://new.qq.com/rain/a/20241022A0858Y00

2024-10-23 00:34:22,077 - INFO - EXPIRED
对话贾跃亭：拒收恒大200亿不后悔，计划两年内回国｜独家
https://new.qq.com/rain/a/20241022A082X000

2024-10-23 00:34:22,077 - INFO - EXPIRED
中国男子在菲律宾火锅店中七枪身亡，菲枪支有多泛滥？普通人容易搞到枪吗？
https://view.inews.qq.com/a/20241021Q07YU700

2024-10-23 00:34:22,077 - INFO - EXPIRED
特朗普与哈里斯在关键摇摆州民调不相上下，为何在博彩市场赔率飙升？
https://new.qq.com/rain/a/20241022V094C200

2024-10-23 00:34:22,077 - INFO - EXPIRED
一年前5.8万元执行款已被法院执行，申请执行人至今未见钱，办案法官：案件搞混了，会尽快解决
https://new.qq.com/rain/a/20241022A08QFL00

2024-10-23 00:34:22,077 - INFO - EXPIRED
国家发展改革委：近一半增量政策已出台实施 还有一批政策“在路上”
https://new.qq.com/rain/a/20241022A07FIY00

2024-10-23 00:34:22,077 - INFO - EXPIRED
江西景德镇一家三口被撞身亡，肇事司机家店铺关门，其父：等待惩罚
https://new.qq.com/rain/a/20241022A08A7500

2024-10-23 00:34:22,077 - INFO - EXPIRED
iPad mini 7评测：果冻屏消失了，也为AI准备好了
https://new.qq.com/rain/a/20241022V02TRR00

2024-10-23 00:34:22,077 - INFO - EXPIRED
成为一名保洁员：一个二本女生“向外走”的人生实验
https://new.qq.com/rain/a/20241022A07VD600

2024-10-23 00:34:22,077 - INFO - EXPIRED
南宁男子实名举报“区长强占人妻”，当地：市纪委已介入，需时间调查
https://new.qq.com/rain/a/20241022A07JDX00

2024-10-23 00:34:22,078 - INFO - EXPIRED
从筹款结构看美国大选：特朗普获亿万富翁力挺，哈里斯手握更多现金
https://new.qq.com/rain/a/20241022A06AOU00

2024-10-23 00:34:22,078 - INFO - EXPIRED
肯德基回应被立案调查：相关报道由于失实已删除，无立案调查一事
https://new.qq.com/rain/a/20241022A076LI00

2024-10-23 00:34:22,078 - INFO - EXPIRED
中国男子在马尔代夫浮潜溺亡 女友：他不会游泳想穿救生衣被老板拒绝
https://new.qq.com/rain/a/20241022A05AT600

2024-10-23 00:34:22,078 - INFO - EXPIRED
疑似公务车半夜马路漂移？西安西咸警方通报
https://new.qq.com/rain/a/20241022A07HOK00

2024-10-23 00:34:22,078 - INFO - EXPIRED
外交部：中梵决定将关于主教任命的临时性协议再延期4年
https://new.qq.com/rain/a/20241022A05HM500

2024-10-23 00:34:22,078 - INFO - EXPIRED
哈尔滨市公安局原副局长于涛涉黑恶犯罪，或牵扯呼兰“四大家族”案
https://new.qq.com/rain/a/20241022A07MAM00

2024-10-23 00:34:22,078 - INFO - EXPIRED
神舟十九号船箭组合体转运至发射区 计划近日择机实施发射
https://new.qq.com/rain/a/20241022A07BFP00

2024-10-23 00:34:22,078 - INFO - EXPIRED
洪磊任外交部部长助理
https://new.qq.com/rain/a/20241022A0653P00

2024-10-23 00:34:22,078 - INFO - EXPIRED
国家发改委：2025年我国将继续发行超长期特别国债
https://new.qq.com/rain/a/20241022A05UTC00

2024-10-23 00:34:22,078 - INFO - EXPIRED
卧底目击江阴非法贩婴交易现场，打拐志愿者回应为何隔夜报警
https://new.qq.com/rain/a/20241022A05FZL00

2024-10-23 00:34:22,078 - INFO - EXPIRED
外交部：目前中印双方已就边境问题达成解决方案
https://new.qq.com/rain/a/20241022A05EZS00

2024-10-23 00:34:22,078 - INFO - EXPIRED
传大众汽车中国首席营销官被驱逐出境
https://new.qq.com/rain/a/20241022A05NYX00

2024-10-23 00:34:22,078 - INFO - EXPIRED
山东淄博齐商银行一储户存40多万，取款时余额为零？官方：已关注跟进
https://new.qq.com/rain/a/20241022A04AUG00

2024-10-23 00:34:22,078 - INFO - EXPIRED
“每日百万美元抽奖”引争议 马斯克豪赌“押注”特朗普：我被暗杀的风险剧增
https://new.qq.com/rain/a/20241022A04ECP00

2024-10-23 00:34:22,078 - INFO - EXPIRED
汽车金融业务调整：有银行暂停“高息高返”车贷
https://new.qq.com/rain/a/20241022A0532Y00

2024-10-23 00:34:22,078 - INFO - EXPIRED
与3任落马部长都曾共事，司法部原副部长被开除党籍
https://new.qq.com/rain/a/20241022A04M5500

2024-10-23 00:34:22,078 - INFO - EXPIRED
陕西神木一中学生被醉酒班主任殴打致头部多处骨折？官方通报：涉事班主任已被停课停职
https://new.qq.com/rain/a/20241022A04RDT00

2024-10-23 00:34:22,078 - INFO - EXPIRED
炸裂！Adobe推出新AI工具Project Turntable，一键就能2D转3D
https://new.qq.com/rain/a/20241022V0527B00

2024-10-23 00:34:22,078 - INFO - EXPIRED
打假博主称董宇辉带货“假有机土豆”，售价是普通超市4倍，客服回应
https://new.qq.com/rain/a/20241022A041Y700

2024-10-23 00:34:22,078 - INFO - EXPIRED
民警抓嫖时女子从空调外机坠落身亡，家属索赔68万，法院驳回起诉
https://new.qq.com/rain/a/20241022A04DAX00

2024-10-23 00:34:22,078 - INFO - EXPIRED
任上落马的北京最年轻副市长被“双开”，骗取经济学博士学位
https://new.qq.com/rain/a/20241022A03R4T00

2024-10-23 00:34:22,078 - INFO - EXPIRED
地铁上一老人辱骂强拉孕妇要求让座？目击者：全车人齐心协力保护孕妇
https://new.qq.com/rain/a/20241022A042DK00

2024-10-23 00:34:22,078 - INFO - EXPIRED
外媒：俄官员证实俄黑海舰队被迫从克里米亚撤离
https://new.qq.com/rain/a/20241022A04HEP00

2024-10-23 00:34:22,078 - INFO - EXPIRED
金价创历史新高！金饰价格持续大涨，有金店却三个月关闭95家门店
https://new.qq.com/rain/a/20241022A009D100

2024-10-23 00:34:22,078 - INFO - EXPIRED
5人持枪闯入屋内！2名中国男子称在泰国遭绑架勒索，监控画面曝光
https://new.qq.com/rain/a/20241022V046UW00

2024-10-23 00:34:22,078 - INFO - EXPIRED
江苏一景区再通报4名初中生涨潮被困：失联1人已被找到，已无生命体征
https://new.qq.com/rain/a/20241022A044XX00

2024-10-23 00:34:22,078 - INFO - EXPIRED
中金公司今日首次使用互换便利获得资金买入股票
https://new.qq.com/rain/a/20241022A0471H00

2024-10-23 00:34:22,078 - INFO - EXPIRED
湖南一名9岁小学生坠井死亡 其父：井距学校几十米，围挡有很大缺口
https://new.qq.com/rain/a/20241022A046C200

2024-10-23 00:34:22,078 - INFO - EXPIRED
苹果CEO库克现身北京，参观胡同与有机农场，探讨农业科技应用
https://new.qq.com/rain/a/20241022A02ZTG00

2024-10-23 00:34:22,078 - INFO - EXPIRED
6岁男童在校内被送餐车碾压，母亲：肇事车主失联，电话不接不回信儿
https://new.qq.com/rain/a/20241022A00Z5J00

2024-10-23 00:34:22,078 - INFO - EXPIRED
小学生遇公交车涨价被拒载后走回家？官方：与事实不符，女孩未登车
https://new.qq.com/rain/a/20241022A02T1N00

2024-10-23 00:34:22,078 - INFO - EXPIRED
湖南衡阳一小学生在工地坠井死亡，官方人士：疑“玩躲猫猫”不慎坠井
https://new.qq.com/rain/a/20241022A02U4400

2024-10-23 00:34:22,078 - INFO - EXPIRED
印度外长苏杰生称：中印就边境问题达成协议
https://new.qq.com/rain/a/20241022A03NNX00

2024-10-23 00:34:22,078 - INFO - EXPIRED
美国总统大选只有两种可能：特朗普赢或特朗普宣称他赢
https://new.qq.com/rain/a/20241022A010JH00

2024-10-23 00:34:22,078 - INFO - EXPIRED
禁止驶入！福州、平潭两海域实弹射击
https://new.qq.com/rain/a/20241022A02K0E00

2024-10-23 00:34:22,078 - INFO - EXPIRED
央行将根据机构需求分次开展互换便利操作 首次操作中换出国债
https://new.qq.com/rain/a/20241022A03OQ200

2024-10-23 00:34:22,078 - INFO - EXPIRED
中国人保迎首位女性“一把手”，丁向群任党委书记
https://new.qq.com/rain/a/20241022A03K4400

2024-10-23 00:34:22,078 - INFO - EXPIRED
白勇任中粮集团董事、总经理、党组副书记
https://new.qq.com/rain/a/20241022A039ZI00

2024-10-23 00:34:22,078 - INFO - EXPIRED
郭竹学任中国国家铁路集团有限公司董事长、党组书记
https://new.qq.com/rain/a/20241022A03APG00

2024-10-23 00:34:22,078 - INFO - EXPIRED
秦岭冰晶顶一对情侣遇难，救援者：女孩24岁，再走10分钟就能找到救援
https://new.qq.com/rain/a/20241021A095CV00

2024-10-23 00:34:22,078 - INFO - EXPIRED
北京市政府原党组成员、副市长高朋被“双开”
https://new.qq.com/rain/a/20241022A0242E00

2024-10-23 00:34:22,078 - INFO - EXPIRED
哈马斯下任领导人身份或保密，这样能躲过暗杀吗？身份不公开怎么发号施令？
https://view.inews.qq.com/a/20241021Q0971C00

2024-10-23 00:34:22,078 - INFO - EXPIRED
打假人王海称董宇辉卖假有机土豆：售价是收购价十倍，假助农真圈钱
https://new.qq.com/rain/a/20241022A0238500

2024-10-23 00:34:22,078 - INFO - EXPIRED
“吴彬彬同学”，逼疯学生和家长
https://new.qq.com/rain/a/20241021A06HGH00

2024-10-23 00:34:22,078 - INFO - EXPIRED
大批缅甸民众聚到中缅边境口岸，中国军队和武警严防死守中缅边境
https://new.qq.com/rain/a/20241021V09NU300

2024-10-23 00:34:22,078 - INFO - EXPIRED
贵州一男子监视居住时“非正常死亡”，3名辅警被立案调查
https://new.qq.com/rain/a/20241022A01T4Q00

2024-10-23 00:34:22,078 - INFO - EXPIRED
国家统计局：9月全国城镇不含在校生的16-24岁劳动力失业率为17.6%
https://new.qq.com/rain/a/20241022A017WI00

2024-10-23 00:34:22,078 - INFO - EXPIRED
1至9月各级医保部门共追回医保资金160.6亿元
https://new.qq.com/rain/a/20241022A01S6F00

2024-10-23 00:34:22,078 - INFO - EXPIRED
湖南衡阳一工地发生小学生坠井死亡事件
https://new.qq.com/rain/a/20241022A01XBR00

2024-10-23 00:34:22,078 - INFO - EXPIRED
使用枪支、捕猎夹多次狩猎野生动物 9人擅自进入哀牢山捕猎被提起公诉
https://new.qq.com/rain/a/20241021A09LK300

2024-10-23 00:34:22,078 - INFO - EXPIRED
NBA现在商业价值有多大？联盟一年能赚多少钱？
https://view.inews.qq.com/a/20241021Q040MB00

2024-10-23 00:34:22,078 - INFO - EXPIRED
台媒：柯文哲上周戴手铐探望病父，埋怨民进党陷害自己，“有不共戴天之仇”
https://new.qq.com/rain/a/20241022A01CYN00

2024-10-23 00:34:22,078 - INFO - EXPIRED
中央决定，湛东升履新
https://new.qq.com/rain/a/20241022A01FSE00

2024-10-23 00:34:22,078 - INFO - EXPIRED
37岁抗癌女博主因肝内胆管细胞癌离世，这癌症有多凶险？有治疗手段吗？
https://view.inews.qq.com/a/20241022Q01FE500

2024-10-23 00:34:22,078 - INFO - EXPIRED
多位美联储高官发声，支持渐进降息，长期美债大跌
https://new.qq.com/rain/a/20241022A00UHC00

2024-10-23 00:34:22,079 - INFO - EXPIRED
3岁女童遭生父和女友虐待致死，生母：等待判决时遭孩子爷爷嚣张威胁
https://new.qq.com/rain/a/20241021A08L1600

2024-10-23 00:34:22,079 - INFO - EXPIRED
美国大选最新民调：特朗普、哈里斯在7大战场州打得难解难分
https://new.qq.com/rain/a/20241021A09TUY00

2024-10-23 00:34:22,079 - INFO - EXPIRED
宝马司机搭讪女主播被拒，撞倒路边直播设备逃跑，被行拘10日
https://new.qq.com/rain/a/20241021A09Q8L00

2024-10-23 00:34:22,079 - INFO - EXPIRED
韩国按捺不住，最强烈抗议俄罗斯了
https://new.qq.com/rain/a/20241022A015GW00

2024-10-23 00:34:22,079 - INFO - EXPIRED
梁强当选越南国家主席，越南回归“四驾马车”架构
https://new.qq.com/rain/a/20241021A09PC300

2024-10-23 00:34:22,079 - INFO - EXPIRED
摩尔多瓦关键投票日：惊险通过“入欧”公投，大选进入次轮角逐
https://new.qq.com/rain/a/20241021A0A22000

2024-10-23 00:34:22,079 - INFO - EXPIRED
美军首次出动B-2空袭胡塞武装，为何“牛刀杀鸡”？真是预演全球隐秘轰炸吗？
https://view.inews.qq.com/a/20241021Q03L3700

2024-10-23 00:34:22,079 - INFO - EXPIRED
中小学英语教材改版，“变难了”
https://new.qq.com/rain/a/20241020A06XGZ00

2024-10-23 00:34:22,079 - INFO - EXPIRED
美国宣布向乌克兰提供价值4亿美元额外军事援助
https://new.qq.com/rain/a/20241022A00X8M00

2024-10-23 00:34:22,079 - INFO - EXPIRED
许家印两座香港豪宅滞销，债权人6折急寻买家
https://new.qq.com/rain/a/20241021A09S9X00

2024-10-23 00:34:22,079 - INFO - EXPIRED
美股收盘：三大指数涨跌不一，英伟达大涨超4%再创历史新高
https://new.qq.com/rain/a/20241022A00Q6B00

2024-10-23 00:34:22,079 - INFO - EXPIRED
中国房地产市场已经开始筑底
https://new.qq.com/rain/a/20241022A0037500

2024-10-23 00:34:22,079 - INFO - EXPIRED
华裔女作家、翻译家聂华苓逝世，享年99岁
https://new.qq.com/rain/a/20241022A013QJ00

2024-10-23 00:34:22,079 - INFO - EXPIRED
百亿假黄金骗局追踪：金凰用诈骗资金收购三环被判无效，要求退还48亿
https://new.qq.com/rain/a/20241022A00U1800

2024-10-23 00:34:22,079 - INFO - EXPIRED
老父亲当“榜一大哥”刷光50万养老金，专家：平台应为被诱导打赏的老年人设置申请退款机制
https://new.qq.com/rain/a/20241022A00VS300

2024-10-23 00:34:22,079 - INFO - EXPIRED
汽车一个季度亏18亿元 “养家”的小米手机面临一场硬仗
https://new.qq.com/rain/a/20241021A07SSE00

2024-10-23 00:34:22,079 - INFO - EXPIRED
广东一高校公示1477名新生拟放弃入学？校方：属正常范围，可以理解
https://new.qq.com/rain/a/20241021A09QU400

2024-10-23 00:34:22,462 - INFO - SUCCESS
美股收盘：三大指数涨跌互现 热门中概股多数上涨 拼多多涨近3%
https://new.qq.com/rain/a/20241023A00VBU00

2024-10-23 00:34:22,503 - INFO - INVALID
内蒙古医科大学要求强化教学实验室规范管理，此前学生与大体老师头骨合影引争议
https://new.qq.com/rain/a/20241023A013I900

2024-10-23 00:34:22,517 - INFO - INVALID
消息人士称以色列正考虑与哈马斯停火两周
https://new.qq.com/rain/a/20241023A00XHZ00

2024-10-23 00:34:22,521 - INFO - INVALID
美拟对中国AI投资“设限”，专家：背离美方宣称稳定关系的基本立场
https://new.qq.com/rain/a/20241023A00Y4500

2024-10-23 02:10:07,092 - INFO - EXPIRED
省委书记暗访一乡村小学：电脑室大部分电脑不能正常使用、实验室缺少仪器设备
https://new.qq.com/rain/a/20241022A09SCI00

2024-10-23 02:10:07,092 - INFO - EXPIRED
全球最大无人运输机总装下线，载重也才5吨，做大的难度是什么？有什么神奇之处？
https://view.inews.qq.com/a/20241022Q064DJ00

2024-10-23 02:10:07,092 - INFO - EXPIRED
王健林最新消息！苏宁易购要求万达集团支付50.4亿元股份回购款
https://new.qq.com/rain/a/20241022A09Y7A00

2024-10-23 02:10:07,092 - INFO - EXPIRED
湖南一学校自带饭学生只能蹲教室外吃？校方称怕交叉感染，教育局回应
https://new.qq.com/rain/a/20241022A09OM800

2024-10-23 02:10:07,092 - INFO - EXPIRED
核电领域现“蛇吞象”式并购，国家电投拟纳入千亿资产
https://new.qq.com/rain/a/20241022A08ESL00

2024-10-23 02:10:07,092 - INFO - EXPIRED
女子存银行40多万，取款时余额为零？工作人员：储户将密码泄露给他人
https://new.qq.com/rain/a/20241022A08YEL00

2024-10-23 02:10:07,092 - INFO - EXPIRED
哈尔滨退休公安副局长涉黑，老婆涉共犯曾是人大代表酒楼老板
https://new.qq.com/rain/a/20241022A09ETH00

2024-10-23 02:10:07,092 - INFO - EXPIRED
绕开“金融核弹”SWIFT打造新支付体系，金砖方案值得期待
https://new.qq.com/rain/a/20241022A0903400

2024-10-23 02:10:07,092 - INFO - EXPIRED
带6.1万枚比特币跑路的嫌犯钱志敏在伦敦出庭，否认所有洗钱指控
https://new.qq.com/rain/a/20241022A09B4Q00

2024-10-23 02:10:07,092 - INFO - EXPIRED
李光耀次子李显扬称在英国获政治庇护，新加坡政府否认“政治迫害”
https://new.qq.com/rain/a/20241022A09MAJ00

2024-10-23 02:10:07,093 - INFO - EXPIRED
1.5万应用上架华为原生鸿蒙，能否顺利出海将成下一难题
https://new.qq.com/rain/a/20241022A09JP300

2024-10-23 02:10:07,093 - INFO - EXPIRED
发改委：近一半增量政策措施已出台实施，四季度经济回升有足够支撑
https://new.qq.com/rain/a/20241022A09WSX00

2024-10-23 02:10:07,093 - INFO - EXPIRED
CGTN：纪录片《黑云压城：乌鲁木齐“7·5”事件纪实》10月26日推出
https://new.qq.com/rain/a/20241022A09M1A00

2024-10-23 02:10:07,093 - INFO - EXPIRED
多次动手打下属的“老虎”敛财20多年，卸任时说：千万莫让人戳脊梁骨
https://new.qq.com/rain/a/20241022A05JXD00

2024-10-23 02:10:07,093 - INFO - EXPIRED
我国首个，自主可控！华为原生鸿蒙操作系统正式发布
https://new.qq.com/rain/a/20241022A0858Y00

2024-10-23 02:10:07,093 - INFO - EXPIRED
对话贾跃亭：拒收恒大200亿不后悔，计划两年内回国｜独家
https://new.qq.com/rain/a/20241022A082X000

2024-10-23 02:10:07,093 - INFO - EXPIRED
中国男子在菲律宾火锅店中七枪身亡，菲枪支有多泛滥？普通人容易搞到枪吗？
https://view.inews.qq.com/a/20241021Q07YU700

2024-10-23 02:10:07,093 - INFO - EXPIRED
特朗普与哈里斯在关键摇摆州民调不相上下，为何在博彩市场赔率飙升？
https://new.qq.com/rain/a/20241022V094C200

2024-10-23 02:10:07,093 - INFO - EXPIRED
一年前5.8万元执行款已被法院执行，申请执行人至今未见钱，办案法官：案件搞混了，会尽快解决
https://new.qq.com/rain/a/20241022A08QFL00

2024-10-23 02:10:07,093 - INFO - EXPIRED
国家发展改革委：近一半增量政策已出台实施 还有一批政策“在路上”
https://new.qq.com/rain/a/20241022A07FIY00

2024-10-23 02:10:07,093 - INFO - EXPIRED
江西景德镇一家三口被撞身亡，肇事司机家店铺关门，其父：等待惩罚
https://new.qq.com/rain/a/20241022A08A7500

2024-10-23 02:10:07,093 - INFO - EXPIRED
iPad mini 7评测：果冻屏消失了，也为AI准备好了
https://new.qq.com/rain/a/20241022V02TRR00

2024-10-23 02:10:07,093 - INFO - EXPIRED
成为一名保洁员：一个二本女生“向外走”的人生实验
https://new.qq.com/rain/a/20241022A07VD600

2024-10-23 02:10:07,093 - INFO - EXPIRED
南宁男子实名举报“区长强占人妻”，当地：市纪委已介入，需时间调查
https://new.qq.com/rain/a/20241022A07JDX00

2024-10-23 02:10:07,093 - INFO - EXPIRED
从筹款结构看美国大选：特朗普获亿万富翁力挺，哈里斯手握更多现金
https://new.qq.com/rain/a/20241022A06AOU00

2024-10-23 02:10:07,093 - INFO - EXPIRED
肯德基回应被立案调查：相关报道由于失实已删除，无立案调查一事
https://new.qq.com/rain/a/20241022A076LI00

2024-10-23 02:10:07,093 - INFO - EXPIRED
中国男子在马尔代夫浮潜溺亡 女友：他不会游泳想穿救生衣被老板拒绝
https://new.qq.com/rain/a/20241022A05AT600

2024-10-23 02:10:07,093 - INFO - EXPIRED
疑似公务车半夜马路漂移？西安西咸警方通报
https://new.qq.com/rain/a/20241022A07HOK00

2024-10-23 02:10:07,093 - INFO - EXPIRED
外交部：中梵决定将关于主教任命的临时性协议再延期4年
https://new.qq.com/rain/a/20241022A05HM500

2024-10-23 02:10:07,093 - INFO - EXPIRED
哈尔滨市公安局原副局长于涛涉黑恶犯罪，或牵扯呼兰“四大家族”案
https://new.qq.com/rain/a/20241022A07MAM00

2024-10-23 02:10:07,093 - INFO - EXPIRED
神舟十九号船箭组合体转运至发射区 计划近日择机实施发射
https://new.qq.com/rain/a/20241022A07BFP00

2024-10-23 02:10:07,093 - INFO - EXPIRED
洪磊任外交部部长助理
https://new.qq.com/rain/a/20241022A0653P00

2024-10-23 02:10:07,093 - INFO - EXPIRED
国家发改委：2025年我国将继续发行超长期特别国债
https://new.qq.com/rain/a/20241022A05UTC00

2024-10-23 02:10:07,093 - INFO - EXPIRED
卧底目击江阴非法贩婴交易现场，打拐志愿者回应为何隔夜报警
https://new.qq.com/rain/a/20241022A05FZL00

2024-10-23 02:10:07,093 - INFO - EXPIRED
外交部：目前中印双方已就边境问题达成解决方案
https://new.qq.com/rain/a/20241022A05EZS00

2024-10-23 02:10:07,093 - INFO - EXPIRED
传大众汽车中国首席营销官被驱逐出境
https://new.qq.com/rain/a/20241022A05NYX00

2024-10-23 02:10:07,093 - INFO - EXPIRED
山东淄博齐商银行一储户存40多万，取款时余额为零？官方：已关注跟进
https://new.qq.com/rain/a/20241022A04AUG00

2024-10-23 02:10:07,093 - INFO - EXPIRED
“每日百万美元抽奖”引争议 马斯克豪赌“押注”特朗普：我被暗杀的风险剧增
https://new.qq.com/rain/a/20241022A04ECP00

2024-10-23 02:10:07,093 - INFO - EXPIRED
汽车金融业务调整：有银行暂停“高息高返”车贷
https://new.qq.com/rain/a/20241022A0532Y00

2024-10-23 02:10:07,093 - INFO - EXPIRED
与3任落马部长都曾共事，司法部原副部长被开除党籍
https://new.qq.com/rain/a/20241022A04M5500

2024-10-23 02:10:07,093 - INFO - EXPIRED
陕西神木一中学生被醉酒班主任殴打致头部多处骨折？官方通报：涉事班主任已被停课停职
https://new.qq.com/rain/a/20241022A04RDT00

2024-10-23 02:10:07,093 - INFO - EXPIRED
炸裂！Adobe推出新AI工具Project Turntable，一键就能2D转3D
https://new.qq.com/rain/a/20241022V0527B00

2024-10-23 02:10:07,093 - INFO - EXPIRED
打假博主称董宇辉带货“假有机土豆”，售价是普通超市4倍，客服回应
https://new.qq.com/rain/a/20241022A041Y700

2024-10-23 02:10:07,093 - INFO - EXPIRED
民警抓嫖时女子从空调外机坠落身亡，家属索赔68万，法院驳回起诉
https://new.qq.com/rain/a/20241022A04DAX00

2024-10-23 02:10:07,093 - INFO - EXPIRED
任上落马的北京最年轻副市长被“双开”，骗取经济学博士学位
https://new.qq.com/rain/a/20241022A03R4T00

2024-10-23 02:10:07,093 - INFO - EXPIRED
地铁上一老人辱骂强拉孕妇要求让座？目击者：全车人齐心协力保护孕妇
https://new.qq.com/rain/a/20241022A042DK00

2024-10-23 02:10:07,093 - INFO - EXPIRED
外媒：俄官员证实俄黑海舰队被迫从克里米亚撤离
https://new.qq.com/rain/a/20241022A04HEP00

2024-10-23 02:10:07,093 - INFO - EXPIRED
金价创历史新高！金饰价格持续大涨，有金店却三个月关闭95家门店
https://new.qq.com/rain/a/20241022A009D100

2024-10-23 02:10:07,093 - INFO - EXPIRED
5人持枪闯入屋内！2名中国男子称在泰国遭绑架勒索，监控画面曝光
https://new.qq.com/rain/a/20241022V046UW00

2024-10-23 02:10:07,093 - INFO - EXPIRED
江苏一景区再通报4名初中生涨潮被困：失联1人已被找到，已无生命体征
https://new.qq.com/rain/a/20241022A044XX00

2024-10-23 02:10:07,093 - INFO - EXPIRED
中金公司今日首次使用互换便利获得资金买入股票
https://new.qq.com/rain/a/20241022A0471H00

2024-10-23 02:10:07,093 - INFO - EXPIRED
湖南一名9岁小学生坠井死亡 其父：井距学校几十米，围挡有很大缺口
https://new.qq.com/rain/a/20241022A046C200

2024-10-23 02:10:07,093 - INFO - EXPIRED
苹果CEO库克现身北京，参观胡同与有机农场，探讨农业科技应用
https://new.qq.com/rain/a/20241022A02ZTG00

2024-10-23 02:10:07,093 - INFO - EXPIRED
6岁男童在校内被送餐车碾压，母亲：肇事车主失联，电话不接不回信儿
https://new.qq.com/rain/a/20241022A00Z5J00

2024-10-23 02:10:07,093 - INFO - EXPIRED
小学生遇公交车涨价被拒载后走回家？官方：与事实不符，女孩未登车
https://new.qq.com/rain/a/20241022A02T1N00

2024-10-23 02:10:07,093 - INFO - EXPIRED
湖南衡阳一小学生在工地坠井死亡，官方人士：疑“玩躲猫猫”不慎坠井
https://new.qq.com/rain/a/20241022A02U4400

2024-10-23 02:10:07,093 - INFO - EXPIRED
印度外长苏杰生称：中印就边境问题达成协议
https://new.qq.com/rain/a/20241022A03NNX00

2024-10-23 02:10:07,093 - INFO - EXPIRED
美国总统大选只有两种可能：特朗普赢或特朗普宣称他赢
https://new.qq.com/rain/a/20241022A010JH00

2024-10-23 02:10:07,093 - INFO - EXPIRED
禁止驶入！福州、平潭两海域实弹射击
https://new.qq.com/rain/a/20241022A02K0E00

2024-10-23 02:10:07,093 - INFO - EXPIRED
央行将根据机构需求分次开展互换便利操作 首次操作中换出国债
https://new.qq.com/rain/a/20241022A03OQ200

2024-10-23 02:10:07,093 - INFO - EXPIRED
中国人保迎首位女性“一把手”，丁向群任党委书记
https://new.qq.com/rain/a/20241022A03K4400

2024-10-23 02:10:07,094 - INFO - EXPIRED
白勇任中粮集团董事、总经理、党组副书记
https://new.qq.com/rain/a/20241022A039ZI00

2024-10-23 02:10:07,094 - INFO - EXPIRED
郭竹学任中国国家铁路集团有限公司董事长、党组书记
https://new.qq.com/rain/a/20241022A03APG00

2024-10-23 02:10:07,094 - INFO - EXPIRED
秦岭冰晶顶一对情侣遇难，救援者：女孩24岁，再走10分钟就能找到救援
https://new.qq.com/rain/a/20241021A095CV00

2024-10-23 02:10:07,094 - INFO - EXPIRED
北京市政府原党组成员、副市长高朋被“双开”
https://new.qq.com/rain/a/20241022A0242E00

2024-10-23 02:10:07,094 - INFO - EXPIRED
哈马斯下任领导人身份或保密，这样能躲过暗杀吗？身份不公开怎么发号施令？
https://view.inews.qq.com/a/20241021Q0971C00

2024-10-23 02:10:07,094 - INFO - EXPIRED
打假人王海称董宇辉卖假有机土豆：售价是收购价十倍，假助农真圈钱
https://new.qq.com/rain/a/20241022A0238500

2024-10-23 02:10:07,094 - INFO - EXPIRED
“吴彬彬同学”，逼疯学生和家长
https://new.qq.com/rain/a/20241021A06HGH00

2024-10-23 02:10:07,094 - INFO - EXPIRED
大批缅甸民众聚到中缅边境口岸，中国军队和武警严防死守中缅边境
https://new.qq.com/rain/a/20241021V09NU300

2024-10-23 02:10:07,094 - INFO - EXPIRED
贵州一男子监视居住时“非正常死亡”，3名辅警被立案调查
https://new.qq.com/rain/a/20241022A01T4Q00

2024-10-23 02:10:07,094 - INFO - EXPIRED
国家统计局：9月全国城镇不含在校生的16-24岁劳动力失业率为17.6%
https://new.qq.com/rain/a/20241022A017WI00

2024-10-23 02:10:07,094 - INFO - EXPIRED
1至9月各级医保部门共追回医保资金160.6亿元
https://new.qq.com/rain/a/20241022A01S6F00

2024-10-23 02:10:07,094 - INFO - EXPIRED
湖南衡阳一工地发生小学生坠井死亡事件
https://new.qq.com/rain/a/20241022A01XBR00

2024-10-23 02:10:07,094 - INFO - EXPIRED
使用枪支、捕猎夹多次狩猎野生动物 9人擅自进入哀牢山捕猎被提起公诉
https://new.qq.com/rain/a/20241021A09LK300

2024-10-23 02:10:07,094 - INFO - EXPIRED
NBA现在商业价值有多大？联盟一年能赚多少钱？
https://view.inews.qq.com/a/20241021Q040MB00

2024-10-23 02:10:07,094 - INFO - EXPIRED
台媒：柯文哲上周戴手铐探望病父，埋怨民进党陷害自己，“有不共戴天之仇”
https://new.qq.com/rain/a/20241022A01CYN00

2024-10-23 02:10:07,094 - INFO - EXPIRED
中央决定，湛东升履新
https://new.qq.com/rain/a/20241022A01FSE00

2024-10-23 02:10:07,094 - INFO - EXPIRED
37岁抗癌女博主因肝内胆管细胞癌离世，这癌症有多凶险？有治疗手段吗？
https://view.inews.qq.com/a/20241022Q01FE500

2024-10-23 02:10:07,094 - INFO - EXPIRED
多位美联储高官发声，支持渐进降息，长期美债大跌
https://new.qq.com/rain/a/20241022A00UHC00

2024-10-23 02:10:07,094 - INFO - EXPIRED
3岁女童遭生父和女友虐待致死，生母：等待判决时遭孩子爷爷嚣张威胁
https://new.qq.com/rain/a/20241021A08L1600

2024-10-23 02:10:07,094 - INFO - EXPIRED
美国大选最新民调：特朗普、哈里斯在7大战场州打得难解难分
https://new.qq.com/rain/a/20241021A09TUY00

2024-10-23 02:10:07,094 - INFO - EXPIRED
宝马司机搭讪女主播被拒，撞倒路边直播设备逃跑，被行拘10日
https://new.qq.com/rain/a/20241021A09Q8L00

2024-10-23 02:10:07,094 - INFO - EXPIRED
韩国按捺不住，最强烈抗议俄罗斯了
https://new.qq.com/rain/a/20241022A015GW00

2024-10-23 02:10:07,094 - INFO - EXPIRED
梁强当选越南国家主席，越南回归“四驾马车”架构
https://new.qq.com/rain/a/20241021A09PC300

2024-10-23 02:10:07,094 - INFO - EXPIRED
摩尔多瓦关键投票日：惊险通过“入欧”公投，大选进入次轮角逐
https://new.qq.com/rain/a/20241021A0A22000

2024-10-23 02:10:07,094 - INFO - EXPIRED
美军首次出动B-2空袭胡塞武装，为何“牛刀杀鸡”？真是预演全球隐秘轰炸吗？
https://view.inews.qq.com/a/20241021Q03L3700

2024-10-23 02:10:07,740 - INFO - INVALID
知情人士：比尔·盖茨捐款5000万美元支持哈里斯竞选
https://new.qq.com/rain/a/20241023A01IK200

2024-10-23 02:10:07,754 - INFO - INVALID
工信部部长金壮龙会见苹果CEO库克，就苹果在华发展等议题交换意见
https://new.qq.com/rain/a/20241023A0295700

2024-10-23 02:10:07,811 - INFO - INVALID
国家信息中心副主任黄勇，任上被查
https://new.qq.com/rain/a/20241023A01UW700

2024-10-23 02:10:07,840 - INFO - INVALID
他们没有了“一把手”，仍是以色列可怕的对手？
https://new.qq.com/rain/a/20241023A01GFV00

2024-10-23 02:10:07,999 - INFO - INVALID
许家印香港豪宅6折急寻买家
https://new.qq.com/rain/a/20241023A022M400

2024-10-23 02:10:08,012 - INFO - INVALID
山西一村主任开挖机撞倒村民？官方：涉事人员为原村主任，警方已介入
https://new.qq.com/rain/a/20241023A01GB700

2024-10-23 02:10:08,123 - INFO - INVALID
北京通报“职业闭店人全国首案”，透露了哪些信号？
https://new.qq.com/rain/a/20241023A01RGG00

2024-10-23 02:10:08,190 - INFO - INVALID
易方达科创板50ETF减持中芯国际124万股：持股降至4.99% 两周前刚举牌
https://new.qq.com/rain/a/20241023A0168B00

2024-10-23 02:10:08,274 - INFO - INVALID
中国等利益攸关国专家对福岛核污水进行独立取样
https://new.qq.com/rain/a/20241023A01SBI00

2024-10-23 02:10:08,291 - INFO - INVALID
内蒙古医科大学要求强化教学实验室规范管理，此前学生与大体老师头骨合影引争议
https://new.qq.com/rain/a/20241023A013I900

2024-10-23 02:10:08,341 - INFO - SUCCESS
云南一中学学生返校要排队搜身 校方：为了检查违禁品 学生家长都同意
https://new.qq.com/rain/a/20241023A0156300

2024-10-23 02:10:08,407 - INFO - INVALID
消息人士称以色列正考虑与哈马斯停火两周
https://new.qq.com/rain/a/20241023A00XHZ00

2024-10-23 02:10:08,464 - INFO - INVALID
美拟对中国AI投资“设限”，专家：背离美方宣称稳定关系的基本立场
https://new.qq.com/rain/a/20241023A00Y4500

2024-10-23 02:10:08,618 - INFO - EXIST
美股收盘：三大指数涨跌互现 热门中概股多数上涨 拼多多涨近3%
https://new.qq.com/rain/a/20241023A00VBU00

