2026-06-07 02:03:00,411 - INFO - Total time taken: {'ret': 0, 'msg': 'success', 'data': None}
2026-06-07 02:03:00,411 - INFO - 'NoneType' object is not subscriptable
2026-06-07 02:03:00,411 - INFO - Traceback (most recent call last):
  File "/home/runner/work/qqnews/qqnews/qq.py", line 128, in main
    for i in qq1["data"]["list"]:
             ~~~~~~~~~~~^^^^^^^^
TypeError: 'NoneType' object is not subscriptable

2026-06-07 06:54:12,815 - INFO - Total time taken: {'ret': 0, 'msg': 'success', 'data': None}
2026-06-07 06:54:12,816 - INFO - 'NoneType' object is not subscriptable
2026-06-07 06:54:12,816 - INFO - Traceback (most recent call last):
  File "/home/runner/work/qqnews/qqnews/qq.py", line 128, in main
    for i in qq1["data"]["list"]:
             ~~~~~~~~~~~^^^^^^^^
TypeError: 'NoneType' object is not subscriptable

2026-06-07 09:53:07,277 - INFO - Total time taken: {'ret': 0, 'msg': 'success', 'data': None}
2026-06-07 09:53:07,278 - INFO - 'NoneType' object is not subscriptable
2026-06-07 09:53:07,278 - INFO - Traceback (most recent call last):
  File "/home/runner/work/qqnews/qqnews/qq.py", line 128, in main
    for i in qq1["data"]["list"]:
             ~~~~~~~~~~~^^^^^^^^
TypeError: 'NoneType' object is not subscriptable

2026-06-07 11:30:03,951 - INFO - Total time taken: {'ret': 0, 'msg': 'success', 'data': None}
2026-06-07 11:30:03,951 - INFO - 'NoneType' object is not subscriptable
2026-06-07 11:30:03,951 - INFO - Traceback (most recent call last):
  File "/home/runner/work/qqnews/qqnews/qq.py", line 128, in main
    for i in qq1["data"]["list"]:
             ~~~~~~~~~~~^^^^^^^^
TypeError: 'NoneType' object is not subscriptable

2026-06-07 13:12:04,921 - INFO - Total time taken: {'ret': 0, 'msg': 'success', 'data': None}
2026-06-07 13:12:04,921 - INFO - 'NoneType' object is not subscriptable
2026-06-07 13:12:04,921 - INFO - Traceback (most recent call last):
  File "/home/runner/work/qqnews/qqnews/qq.py", line 128, in main
    for i in qq1["data"]["list"]:
             ~~~~~~~~~~~^^^^^^^^
TypeError: 'NoneType' object is not subscriptable

2026-06-07 15:15:03,964 - INFO - Total time taken: {'ret': 0, 'msg': 'success', 'data': None}
2026-06-07 15:15:03,964 - INFO - 'NoneType' object is not subscriptable
2026-06-07 15:15:03,964 - INFO - Traceback (most recent call last):
  File "/home/runner/work/qqnews/qqnews/qq.py", line 128, in main
    for i in qq1["data"]["list"]:
             ~~~~~~~~~~~^^^^^^^^
TypeError: 'NoneType' object is not subscriptable

2026-06-07 17:00:41,088 - INFO - Total time taken: {'ret': 0, 'msg': 'success', 'data': None}
2026-06-07 17:00:41,089 - INFO - 'NoneType' object is not subscriptable
2026-06-07 17:00:41,089 - INFO - Traceback (most recent call last):
  File "/home/runner/work/qqnews/qqnews/qq.py", line 128, in main
    for i in qq1["data"]["list"]:
             ~~~~~~~~~~~^^^^^^^^
TypeError: 'NoneType' object is not subscriptable

2026-06-07 18:04:33,082 - INFO - Total time taken: {'ret': 0, 'msg': 'success', 'data': None}
2026-06-07 18:04:33,082 - INFO - 'NoneType' object is not subscriptable
2026-06-07 18:04:33,083 - INFO - Traceback (most recent call last):
  File "/home/runner/work/qqnews/qqnews/qq.py", line 128, in main
    for i in qq1["data"]["list"]:
             ~~~~~~~~~~~^^^^^^^^
TypeError: 'NoneType' object is not subscriptable

2026-06-07 20:04:23,601 - INFO - Total time taken: {'ret': 0, 'msg': 'success', 'data': None}
2026-06-07 20:04:23,601 - INFO - 'NoneType' object is not subscriptable
2026-06-07 20:04:23,601 - INFO - Traceback (most recent call last):
  File "/home/runner/work/qqnews/qqnews/qq.py", line 128, in main
    for i in qq1["data"]["list"]:
             ~~~~~~~~~~~^^^^^^^^
TypeError: 'NoneType' object is not subscriptable

