2025-09-23 00:37:44,726 - INFO - Total time taken: {'ret': 0, 'msg': 'success', 'data': None}
2025-09-23 00:37:44,726 - INFO - 'NoneType' object is not subscriptable
2025-09-23 00:37:44,726 - INFO - Traceback (most recent call last):
  File "/home/runner/work/qqnews/qqnews/qq.py", line 128, in main
    for i in qq1["data"]["list"]:
             ~~~~~~~~~~~^^^^^^^^
TypeError: 'NoneType' object is not subscriptable

2025-09-23 02:13:32,996 - INFO - Total time taken: {'ret': 0, 'msg': 'success', 'data': None}
2025-09-23 02:13:32,996 - INFO - 'NoneType' object is not subscriptable
2025-09-23 02:13:32,997 - INFO - Traceback (most recent call last):
  File "/home/runner/work/qqnews/qqnews/qq.py", line 128, in main
    for i in qq1["data"]["list"]:
             ~~~~~~~~~~~^^^^^^^^
TypeError: 'NoneType' object is not subscriptable

2025-09-23 03:22:52,397 - INFO - Total time taken: {'ret': 0, 'msg': 'success', 'data': None}
2025-09-23 03:22:52,397 - INFO - 'NoneType' object is not subscriptable
2025-09-23 03:22:52,397 - INFO - Traceback (most recent call last):
  File "/home/runner/work/qqnews/qqnews/qq.py", line 128, in main
    for i in qq1["data"]["list"]:
             ~~~~~~~~~~~^^^^^^^^
TypeError: 'NoneType' object is not subscriptable

2025-09-23 04:01:17,436 - INFO - Total time taken: {'ret': 0, 'msg': 'success', 'data': None}
2025-09-23 04:01:17,437 - INFO - 'NoneType' object is not subscriptable
2025-09-23 04:01:17,437 - INFO - Traceback (most recent call last):
  File "/home/runner/work/qqnews/qqnews/qq.py", line 128, in main
    for i in qq1["data"]["list"]:
             ~~~~~~~~~~~^^^^^^^^
TypeError: 'NoneType' object is not subscriptable

2025-09-23 05:01:27,047 - INFO - Total time taken: {'ret': 0, 'msg': 'success', 'data': None}
2025-09-23 05:01:27,047 - INFO - 'NoneType' object is not subscriptable
2025-09-23 05:01:27,047 - INFO - Traceback (most recent call last):
  File "/home/runner/work/qqnews/qqnews/qq.py", line 128, in main
    for i in qq1["data"]["list"]:
             ~~~~~~~~~~~^^^^^^^^
TypeError: 'NoneType' object is not subscriptable

2025-09-23 06:12:59,263 - INFO - Total time taken: {'ret': 0, 'msg': 'success', 'data': None}
2025-09-23 06:12:59,263 - INFO - 'NoneType' object is not subscriptable
2025-09-23 06:12:59,263 - INFO - Traceback (most recent call last):
  File "/home/runner/work/qqnews/qqnews/qq.py", line 128, in main
    for i in qq1["data"]["list"]:
             ~~~~~~~~~~~^^^^^^^^
TypeError: 'NoneType' object is not subscriptable

2025-09-23 07:01:25,293 - INFO - Total time taken: {'ret': 0, 'msg': 'success', 'data': None}
2025-09-23 07:01:25,293 - INFO - 'NoneType' object is not subscriptable
2025-09-23 07:01:25,293 - INFO - Traceback (most recent call last):
  File "/home/runner/work/qqnews/qqnews/qq.py", line 128, in main
    for i in qq1["data"]["list"]:
             ~~~~~~~~~~~^^^^^^^^
TypeError: 'NoneType' object is not subscriptable

2025-09-23 08:01:30,478 - INFO - Total time taken: {'ret': 0, 'msg': 'success', 'data': None}
2025-09-23 08:01:30,479 - INFO - 'NoneType' object is not subscriptable
2025-09-23 08:01:30,479 - INFO - Traceback (most recent call last):
  File "/home/runner/work/qqnews/qqnews/qq.py", line 128, in main
    for i in qq1["data"]["list"]:
             ~~~~~~~~~~~^^^^^^^^
TypeError: 'NoneType' object is not subscriptable

2025-09-23 09:01:21,263 - INFO - Total time taken: {'ret': 0, 'msg': 'success', 'data': None}
2025-09-23 09:01:21,263 - INFO - 'NoneType' object is not subscriptable
2025-09-23 09:01:21,263 - INFO - Traceback (most recent call last):
  File "/home/runner/work/qqnews/qqnews/qq.py", line 128, in main
    for i in qq1["data"]["list"]:
             ~~~~~~~~~~~^^^^^^^^
TypeError: 'NoneType' object is not subscriptable

2025-09-23 10:01:27,470 - INFO - Total time taken: {'ret': 0, 'msg': 'success', 'data': None}
2025-09-23 10:01:27,470 - INFO - 'NoneType' object is not subscriptable
2025-09-23 10:01:27,470 - INFO - Traceback (most recent call last):
  File "/home/runner/work/qqnews/qqnews/qq.py", line 128, in main
    for i in qq1["data"]["list"]:
             ~~~~~~~~~~~^^^^^^^^
TypeError: 'NoneType' object is not subscriptable

2025-09-23 11:01:16,328 - INFO - Total time taken: {'ret': 0, 'msg': 'success', 'data': None}
2025-09-23 11:01:16,329 - INFO - 'NoneType' object is not subscriptable
2025-09-23 11:01:16,329 - INFO - Traceback (most recent call last):
  File "/home/runner/work/qqnews/qqnews/qq.py", line 128, in main
    for i in qq1["data"]["list"]:
             ~~~~~~~~~~~^^^^^^^^
TypeError: 'NoneType' object is not subscriptable

2025-09-23 13:20:21,327 - INFO - Total time taken: {'ret': 0, 'msg': 'success', 'data': None}
2025-09-23 13:20:21,327 - INFO - 'NoneType' object is not subscriptable
2025-09-23 13:20:21,327 - INFO - Traceback (most recent call last):
  File "/home/runner/work/qqnews/qqnews/qq.py", line 128, in main
    for i in qq1["data"]["list"]:
             ~~~~~~~~~~~^^^^^^^^
TypeError: 'NoneType' object is not subscriptable

2025-09-23 14:01:18,049 - INFO - Total time taken: {'ret': 0, 'msg': 'success', 'data': None}
2025-09-23 14:01:18,049 - INFO - 'NoneType' object is not subscriptable
2025-09-23 14:01:18,049 - INFO - Traceback (most recent call last):
  File "/home/runner/work/qqnews/qqnews/qq.py", line 128, in main
    for i in qq1["data"]["list"]:
             ~~~~~~~~~~~^^^^^^^^
TypeError: 'NoneType' object is not subscriptable

2025-09-23 15:01:31,394 - INFO - Total time taken: {'ret': 0, 'msg': 'success', 'data': None}
2025-09-23 15:01:31,394 - INFO - 'NoneType' object is not subscriptable
2025-09-23 15:01:31,395 - INFO - Traceback (most recent call last):
  File "/home/runner/work/qqnews/qqnews/qq.py", line 128, in main
    for i in qq1["data"]["list"]:
             ~~~~~~~~~~~^^^^^^^^
TypeError: 'NoneType' object is not subscriptable

2025-09-23 16:01:37,351 - INFO - Total time taken: {'ret': 0, 'msg': 'success', 'data': None}
2025-09-23 16:01:37,351 - INFO - 'NoneType' object is not subscriptable
2025-09-23 16:01:37,352 - INFO - Traceback (most recent call last):
  File "/home/runner/work/qqnews/qqnews/qq.py", line 128, in main
    for i in qq1["data"]["list"]:
             ~~~~~~~~~~~^^^^^^^^
TypeError: 'NoneType' object is not subscriptable

2025-09-23 17:01:18,494 - INFO - Total time taken: {'ret': 0, 'msg': 'success', 'data': None}
2025-09-23 17:01:18,494 - INFO - 'NoneType' object is not subscriptable
2025-09-23 17:01:18,495 - INFO - Traceback (most recent call last):
  File "/home/runner/work/qqnews/qqnews/qq.py", line 128, in main
    for i in qq1["data"]["list"]:
             ~~~~~~~~~~~^^^^^^^^
TypeError: 'NoneType' object is not subscriptable

2025-09-23 18:01:33,987 - INFO - Total time taken: {'ret': 0, 'msg': 'success', 'data': None}
2025-09-23 18:01:33,987 - INFO - 'NoneType' object is not subscriptable
2025-09-23 18:01:33,987 - INFO - Traceback (most recent call last):
  File "/home/runner/work/qqnews/qqnews/qq.py", line 128, in main
    for i in qq1["data"]["list"]:
             ~~~~~~~~~~~^^^^^^^^
TypeError: 'NoneType' object is not subscriptable

2025-09-23 19:01:14,096 - INFO - Total time taken: {'ret': 0, 'msg': 'success', 'data': None}
2025-09-23 19:01:14,096 - INFO - 'NoneType' object is not subscriptable
2025-09-23 19:01:14,096 - INFO - Traceback (most recent call last):
  File "/home/runner/work/qqnews/qqnews/qq.py", line 128, in main
    for i in qq1["data"]["list"]:
             ~~~~~~~~~~~^^^^^^^^
TypeError: 'NoneType' object is not subscriptable

2025-09-23 20:01:31,103 - INFO - Total time taken: {'ret': 0, 'msg': 'success', 'data': None}
2025-09-23 20:01:31,104 - INFO - 'NoneType' object is not subscriptable
2025-09-23 20:01:31,104 - INFO - Traceback (most recent call last):
  File "/home/runner/work/qqnews/qqnews/qq.py", line 128, in main
    for i in qq1["data"]["list"]:
             ~~~~~~~~~~~^^^^^^^^
TypeError: 'NoneType' object is not subscriptable

2025-09-23 21:01:18,044 - INFO - Total time taken: {'ret': 0, 'msg': 'success', 'data': None}
2025-09-23 21:01:18,044 - INFO - 'NoneType' object is not subscriptable
2025-09-23 21:01:18,045 - INFO - Traceback (most recent call last):
  File "/home/runner/work/qqnews/qqnews/qq.py", line 128, in main
    for i in qq1["data"]["list"]:
             ~~~~~~~~~~~^^^^^^^^
TypeError: 'NoneType' object is not subscriptable

2025-09-23 22:01:12,608 - INFO - Total time taken: {'ret': 0, 'msg': 'success', 'data': None}
2025-09-23 22:01:12,608 - INFO - 'NoneType' object is not subscriptable
2025-09-23 22:01:12,608 - INFO - Traceback (most recent call last):
  File "/home/runner/work/qqnews/qqnews/qq.py", line 128, in main
    for i in qq1["data"]["list"]:
             ~~~~~~~~~~~^^^^^^^^
TypeError: 'NoneType' object is not subscriptable

