2025-09-25 00:38:47,666 - INFO - Total time taken: {'ret': 0, 'msg': 'success', 'data': None}
2025-09-25 00:38:47,667 - INFO - 'NoneType' object is not subscriptable
2025-09-25 00:38:47,667 - INFO - Traceback (most recent call last):
  File "/home/runner/work/qqnews/qqnews/qq.py", line 128, in main
    for i in qq1["data"]["list"]:
             ~~~~~~~~~~~^^^^^^^^
TypeError: 'NoneType' object is not subscriptable

2025-09-25 02:17:02,907 - INFO - Total time taken: {'ret': 0, 'msg': 'success', 'data': None}
2025-09-25 02:17:02,907 - INFO - 'NoneType' object is not subscriptable
2025-09-25 02:17:02,907 - INFO - Traceback (most recent call last):
  File "/home/runner/work/qqnews/qqnews/qq.py", line 128, in main
    for i in qq1["data"]["list"]:
             ~~~~~~~~~~~^^^^^^^^
TypeError: 'NoneType' object is not subscriptable

2025-09-25 03:26:42,098 - INFO - Total time taken: {'ret': 0, 'msg': 'success', 'data': None}
2025-09-25 03:26:42,099 - INFO - 'NoneType' object is not subscriptable
2025-09-25 03:26:42,099 - INFO - Traceback (most recent call last):
  File "/home/runner/work/qqnews/qqnews/qq.py", line 128, in main
    for i in qq1["data"]["list"]:
             ~~~~~~~~~~~^^^^^^^^
TypeError: 'NoneType' object is not subscriptable

2025-09-25 04:01:19,091 - INFO - Total time taken: {'ret': 0, 'msg': 'success', 'data': None}
2025-09-25 04:01:19,091 - INFO - 'NoneType' object is not subscriptable
2025-09-25 04:01:19,091 - INFO - Traceback (most recent call last):
  File "/home/runner/work/qqnews/qqnews/qq.py", line 128, in main
    for i in qq1["data"]["list"]:
             ~~~~~~~~~~~^^^^^^^^
TypeError: 'NoneType' object is not subscriptable

2025-09-25 05:01:19,891 - INFO - Total time taken: {'ret': 0, 'msg': 'success', 'data': None}
2025-09-25 05:01:19,891 - INFO - 'NoneType' object is not subscriptable
2025-09-25 05:01:19,892 - INFO - Traceback (most recent call last):
  File "/home/runner/work/qqnews/qqnews/qq.py", line 128, in main
    for i in qq1["data"]["list"]:
             ~~~~~~~~~~~^^^^^^^^
TypeError: 'NoneType' object is not subscriptable

2025-09-25 06:01:08,923 - INFO - Total time taken: {'ret': 0, 'msg': 'success', 'data': None}
2025-09-25 06:01:08,924 - INFO - 'NoneType' object is not subscriptable
2025-09-25 06:01:08,924 - INFO - Traceback (most recent call last):
  File "/home/runner/work/qqnews/qqnews/qq.py", line 128, in main
    for i in qq1["data"]["list"]:
             ~~~~~~~~~~~^^^^^^^^
TypeError: 'NoneType' object is not subscriptable

2025-09-25 07:01:31,048 - INFO - Total time taken: {'ret': 0, 'msg': 'success', 'data': None}
2025-09-25 07:01:31,048 - INFO - 'NoneType' object is not subscriptable
2025-09-25 07:01:31,049 - INFO - Traceback (most recent call last):
  File "/home/runner/work/qqnews/qqnews/qq.py", line 128, in main
    for i in qq1["data"]["list"]:
             ~~~~~~~~~~~^^^^^^^^
TypeError: 'NoneType' object is not subscriptable

2025-09-25 08:01:39,200 - INFO - Total time taken: {'ret': 0, 'msg': 'success', 'data': None}
2025-09-25 08:01:39,200 - INFO - 'NoneType' object is not subscriptable
2025-09-25 08:01:39,201 - INFO - Traceback (most recent call last):
  File "/home/runner/work/qqnews/qqnews/qq.py", line 128, in main
    for i in qq1["data"]["list"]:
             ~~~~~~~~~~~^^^^^^^^
TypeError: 'NoneType' object is not subscriptable

2025-09-25 09:01:18,500 - INFO - Total time taken: {'ret': 0, 'msg': 'success', 'data': None}
2025-09-25 09:01:18,501 - INFO - 'NoneType' object is not subscriptable
2025-09-25 09:01:18,501 - INFO - Traceback (most recent call last):
  File "/home/runner/work/qqnews/qqnews/qq.py", line 128, in main
    for i in qq1["data"]["list"]:
             ~~~~~~~~~~~^^^^^^^^
TypeError: 'NoneType' object is not subscriptable

2025-09-25 10:01:26,883 - INFO - Total time taken: {'ret': 0, 'msg': 'success', 'data': None}
2025-09-25 10:01:26,883 - INFO - 'NoneType' object is not subscriptable
2025-09-25 10:01:26,884 - INFO - Traceback (most recent call last):
  File "/home/runner/work/qqnews/qqnews/qq.py", line 128, in main
    for i in qq1["data"]["list"]:
             ~~~~~~~~~~~^^^^^^^^
TypeError: 'NoneType' object is not subscriptable

2025-09-25 11:01:14,627 - INFO - Total time taken: {'ret': 0, 'msg': 'success', 'data': None}
2025-09-25 11:01:14,628 - INFO - 'NoneType' object is not subscriptable
2025-09-25 11:01:14,628 - INFO - Traceback (most recent call last):
  File "/home/runner/work/qqnews/qqnews/qq.py", line 128, in main
    for i in qq1["data"]["list"]:
             ~~~~~~~~~~~^^^^^^^^
TypeError: 'NoneType' object is not subscriptable

2025-09-25 12:15:53,081 - INFO - Total time taken: {'ret': 0, 'msg': 'success', 'data': None}
2025-09-25 12:15:53,082 - INFO - 'NoneType' object is not subscriptable
2025-09-25 12:15:53,082 - INFO - Traceback (most recent call last):
  File "/home/runner/work/qqnews/qqnews/qq.py", line 128, in main
    for i in qq1["data"]["list"]:
             ~~~~~~~~~~~^^^^^^^^
TypeError: 'NoneType' object is not subscriptable

2025-09-25 13:21:38,145 - INFO - Total time taken: {'ret': 0, 'msg': 'success', 'data': None}
2025-09-25 13:21:38,145 - INFO - 'NoneType' object is not subscriptable
2025-09-25 13:21:38,145 - INFO - Traceback (most recent call last):
  File "/home/runner/work/qqnews/qqnews/qq.py", line 128, in main
    for i in qq1["data"]["list"]:
             ~~~~~~~~~~~^^^^^^^^
TypeError: 'NoneType' object is not subscriptable

2025-09-25 14:01:18,031 - INFO - Total time taken: {'ret': 0, 'msg': 'success', 'data': None}
2025-09-25 14:01:18,032 - INFO - 'NoneType' object is not subscriptable
2025-09-25 14:01:18,032 - INFO - Traceback (most recent call last):
  File "/home/runner/work/qqnews/qqnews/qq.py", line 128, in main
    for i in qq1["data"]["list"]:
             ~~~~~~~~~~~^^^^^^^^
TypeError: 'NoneType' object is not subscriptable

2025-09-25 15:01:31,077 - INFO - Total time taken: {'ret': 0, 'msg': 'success', 'data': None}
2025-09-25 15:01:31,077 - INFO - 'NoneType' object is not subscriptable
2025-09-25 15:01:31,077 - INFO - Traceback (most recent call last):
  File "/home/runner/work/qqnews/qqnews/qq.py", line 128, in main
    for i in qq1["data"]["list"]:
             ~~~~~~~~~~~^^^^^^^^
TypeError: 'NoneType' object is not subscriptable

2025-09-25 16:01:35,677 - INFO - Total time taken: {'ret': 0, 'msg': 'success', 'data': None}
2025-09-25 16:01:35,677 - INFO - 'NoneType' object is not subscriptable
2025-09-25 16:01:35,677 - INFO - Traceback (most recent call last):
  File "/home/runner/work/qqnews/qqnews/qq.py", line 128, in main
    for i in qq1["data"]["list"]:
             ~~~~~~~~~~~^^^^^^^^
TypeError: 'NoneType' object is not subscriptable

2025-09-25 17:01:17,373 - INFO - Total time taken: {'ret': 0, 'msg': 'success', 'data': None}
2025-09-25 17:01:17,374 - INFO - 'NoneType' object is not subscriptable
2025-09-25 17:01:17,374 - INFO - Traceback (most recent call last):
  File "/home/runner/work/qqnews/qqnews/qq.py", line 128, in main
    for i in qq1["data"]["list"]:
             ~~~~~~~~~~~^^^^^^^^
TypeError: 'NoneType' object is not subscriptable

2025-09-25 18:12:51,422 - INFO - Total time taken: {'ret': 0, 'msg': 'success', 'data': None}
2025-09-25 18:12:51,422 - INFO - 'NoneType' object is not subscriptable
2025-09-25 18:12:51,423 - INFO - Traceback (most recent call last):
  File "/home/runner/work/qqnews/qqnews/qq.py", line 128, in main
    for i in qq1["data"]["list"]:
             ~~~~~~~~~~~^^^^^^^^
TypeError: 'NoneType' object is not subscriptable

2025-09-25 19:01:19,541 - INFO - Total time taken: {'ret': 0, 'msg': 'success', 'data': None}
2025-09-25 19:01:19,541 - INFO - 'NoneType' object is not subscriptable
2025-09-25 19:01:19,542 - INFO - Traceback (most recent call last):
  File "/home/runner/work/qqnews/qqnews/qq.py", line 128, in main
    for i in qq1["data"]["list"]:
             ~~~~~~~~~~~^^^^^^^^
TypeError: 'NoneType' object is not subscriptable

2025-09-25 20:01:27,322 - INFO - Total time taken: {'ret': 0, 'msg': 'success', 'data': None}
2025-09-25 20:01:27,322 - INFO - 'NoneType' object is not subscriptable
2025-09-25 20:01:27,322 - INFO - Traceback (most recent call last):
  File "/home/runner/work/qqnews/qqnews/qq.py", line 128, in main
    for i in qq1["data"]["list"]:
             ~~~~~~~~~~~^^^^^^^^
TypeError: 'NoneType' object is not subscriptable

2025-09-25 21:01:16,982 - INFO - Total time taken: {'ret': 0, 'msg': 'success', 'data': None}
2025-09-25 21:01:16,982 - INFO - 'NoneType' object is not subscriptable
2025-09-25 21:01:16,983 - INFO - Traceback (most recent call last):
  File "/home/runner/work/qqnews/qqnews/qq.py", line 128, in main
    for i in qq1["data"]["list"]:
             ~~~~~~~~~~~^^^^^^^^
TypeError: 'NoneType' object is not subscriptable

