2025-12-17 00:40:48,006 - INFO - Total time taken: {'ret': 0, 'msg': 'success', 'data': None}
2025-12-17 00:40:48,006 - INFO - 'NoneType' object is not subscriptable
2025-12-17 00:40:48,006 - INFO - Traceback (most recent call last):
  File "/home/runner/work/qqnews/qqnews/qq.py", line 128, in main
    for i in qq1["data"]["list"]:
             ~~~~~~~~~~~^^^^^^^^
TypeError: 'NoneType' object is not subscriptable

2025-12-17 02:29:22,949 - INFO - Total time taken: {'ret': 0, 'msg': 'success', 'data': None}
2025-12-17 02:29:22,949 - INFO - 'NoneType' object is not subscriptable
2025-12-17 02:29:22,949 - INFO - Traceback (most recent call last):
  File "/home/runner/work/qqnews/qqnews/qq.py", line 128, in main
    for i in qq1["data"]["list"]:
             ~~~~~~~~~~~^^^^^^^^
TypeError: 'NoneType' object is not subscriptable

2025-12-17 03:46:48,582 - INFO - Total time taken: {'ret': 0, 'msg': 'success', 'data': None}
2025-12-17 03:46:48,582 - INFO - 'NoneType' object is not subscriptable
2025-12-17 03:46:48,582 - INFO - Traceback (most recent call last):
  File "/home/runner/work/qqnews/qqnews/qq.py", line 128, in main
    for i in qq1["data"]["list"]:
             ~~~~~~~~~~~^^^^^^^^
TypeError: 'NoneType' object is not subscriptable

2025-12-17 04:22:29,267 - INFO - Total time taken: {'ret': 0, 'msg': 'success', 'data': None}
2025-12-17 04:22:29,267 - INFO - 'NoneType' object is not subscriptable
2025-12-17 04:22:29,267 - INFO - Traceback (most recent call last):
  File "/home/runner/work/qqnews/qqnews/qq.py", line 128, in main
    for i in qq1["data"]["list"]:
             ~~~~~~~~~~~^^^^^^^^
TypeError: 'NoneType' object is not subscriptable

2025-12-17 05:12:25,751 - INFO - Total time taken: {'ret': 0, 'msg': 'success', 'data': None}
2025-12-17 05:12:25,752 - INFO - 'NoneType' object is not subscriptable
2025-12-17 05:12:25,752 - INFO - Traceback (most recent call last):
  File "/home/runner/work/qqnews/qqnews/qq.py", line 128, in main
    for i in qq1["data"]["list"]:
             ~~~~~~~~~~~^^^^^^^^
TypeError: 'NoneType' object is not subscriptable

