2024-08-15 00:28:59,340 - INFO - EXPIRED
不再需要户口簿，取消地域规定，婚姻登记条例修订草案征求意见
https://new.qq.com/rain/a/20240814A08XCX00

2024-08-15 00:28:59,341 - INFO - EXPIRED
火锅店老板和景区保安河中救起3小孩，再救家长时3人不幸全部遇难
https://new.qq.com/rain/a/20240814A09V4D00

2024-08-15 00:28:59,341 - INFO - EXPIRED
湖北潜江市长发言要求“杜绝行政诉讼败诉”？官方：采编偏差并非原意
https://new.qq.com/rain/a/20240814A080BE00

2024-08-15 00:28:59,341 - INFO - EXPIRED
男子在江苏苏州慈善总会大厅避雨，遭保安驱赶，官方致歉
https://new.qq.com/rain/a/20240814A09NLY00

2024-08-15 00:28:59,341 - INFO - EXPIRED
在餐厅消费万元，摔断一根筷子要赔100？市监部门介入，涉事顾客发声
https://new.qq.com/rain/a/20240814A0A4H600

2024-08-15 00:28:59,341 - INFO - EXPIRED
上海一男子闯红灯致电动车主被碾压身亡，涉事男子：我心里害怕就走了
https://new.qq.com/rain/a/20240814A01V0Y00

2024-08-15 00:28:59,341 - INFO - EXPIRED
尹锡悦，要在外交强硬路线上“走到底”
https://new.qq.com/rain/a/20240814A09URF00

2024-08-15 00:28:59,341 - INFO - EXPIRED
港媒：申请英澳庇护的港人大幅下降，过去5年澳大利亚只批准了5份
https://new.qq.com/rain/a/20240814A05L1Q00

2024-08-15 00:28:59,341 - INFO - EXPIRED
现场曝光！新疆男篮与美国球队发生激烈冲突，双方此前就有过类似情况
https://new.qq.com/rain/a/20240814V0A31400

2024-08-15 00:28:59,341 - INFO - EXPIRED
上万枚炸弹将发货 中东敏感时刻 美国解除对沙特进攻性武器“禁售令”
https://new.qq.com/rain/a/20240814A0380K00

2024-08-15 00:28:59,341 - INFO - EXPIRED
部分蒙古国留学生学历不被认证，这种事在留学圈常见吗？读这种学校有何意义？
https://view.inews.qq.com/a/20240814Q082MT00

2024-08-15 00:28:59,341 - INFO - EXPIRED
女孩疑遭训练营负责人性侵3次后跳楼身亡，女孩父亲：感觉天都塌了
https://new.qq.com/rain/a/20240814V09G6700

2024-08-15 00:28:59,341 - INFO - EXPIRED
富士康“掉头”，对河南意味着什么
https://new.qq.com/rain/a/20240814A08Z5700

2024-08-15 00:28:59,341 - INFO - EXPIRED
泰国为泰党提名猜卡森为总理候选人
https://new.qq.com/rain/a/20240814A0A7F100

2024-08-15 00:28:59,341 - INFO - EXPIRED
小米SU7碰撞极氪007后小电瓶断电？小米汽车回应
https://new.qq.com/rain/a/20240814A0A72800

2024-08-15 00:28:59,341 - INFO - EXPIRED
波兰总检察长：德国通缉的“北溪”管道爆炸案嫌疑人已返回乌克兰
https://new.qq.com/rain/a/20240814A09O6L00

2024-08-15 00:28:59,341 - INFO - EXPIRED
莫斯科交易所股票交易将于当地时间14日17时30分恢复
https://new.qq.com/rain/a/20240814A09Z0U00

2024-08-15 00:28:59,341 - INFO - EXPIRED
广东一儿童闹脾气躺路中间被碾压，警方：已就医，“没有很大问题”
https://new.qq.com/rain/a/20240814A087M800

2024-08-15 00:28:59,341 - INFO - EXPIRED
极氪半年新车变“旧车”，直播被喷到全员禁言，为何这么着急改款？改款有用吗？
https://view.inews.qq.com/a/20240814Q04WK100

2024-08-15 00:28:59,341 - INFO - EXPIRED
董明珠获授国务院政府特殊津贴
https://new.qq.com/rain/a/20240814A09IO800

2024-08-15 00:28:59,341 - INFO - EXPIRED
低门槛留学的高代价：多人蒙古国留学回国学位不被认证
https://new.qq.com/rain/a/20240814A00RGB00

2024-08-15 00:28:59,341 - INFO - EXPIRED
因决策失误损害群众利益的决策者要负责 多位省级党政“一把手”接访

https://new.qq.com/rain/a/20240814A09N8F00

2024-08-15 00:28:59,341 - INFO - EXPIRED
新疆男篮热身赛与美国球队爆发大规模群殴 双方多人挥拳恐遭重罚
https://new.qq.com/rain/a/20240814A09I7C00

2024-08-15 00:28:59,341 - INFO - EXPIRED
“干垮一家企业很简单”？山东一地被指“索要2100万罚金”，官方回应
https://new.qq.com/rain/a/20240814A08MLJ00

2024-08-15 00:28:59,341 - INFO - EXPIRED
重庆一公交车着火浓烟滚滚，目击者：市民爬窗户救人
https://new.qq.com/rain/a/20240814A098NY00

2024-08-15 00:28:59,341 - INFO - EXPIRED
55岁浙江资本大佬方能斌突遭立案调查，他什么来头？犯了什么事儿？
https://view.inews.qq.com/a/20240814Q05SAP00

2024-08-15 00:28:59,341 - INFO - EXPIRED
166元一碗的面里疑吃出腐烂老鼠？苏州涉事面馆暂停营业，官方正调查
https://new.qq.com/rain/a/20240814A08U8100

2024-08-15 00:28:59,341 - INFO - EXPIRED
美国7月CPI同比上升2.9%，连续第四个月回落，重回“2字头”
https://new.qq.com/rain/a/20240814A09BMW00

2024-08-15 00:28:59,341 - INFO - EXPIRED
外交部回应中国运载火箭解体：中方已采取必要措施
https://new.qq.com/rain/a/20240814A0963F00

2024-08-15 00:28:59,341 - INFO - EXPIRED
四年前选了张雪峰推荐专业的大学生，现在怎么样了
https://new.qq.com/rain/a/20240814A05A3500

2024-08-15 00:28:59,341 - INFO - EXPIRED
泰国政坛“地震”：总理上台不到一年被解职，谁将接棒
https://new.qq.com/rain/a/20240814A081HW00

2024-08-15 00:28:59,341 - INFO - EXPIRED
青岛一工人跟在洒水车后跑步洒水，媒体：司机“没错”为何被停职
https://new.qq.com/rain/a/20240814A03S6L00

2024-08-15 00:28:59,341 - INFO - EXPIRED
赠送小礼物暗示，蓝色是男孩、粉色是女孩？胎儿摄影机构涉嫌违规鉴定
https://new.qq.com/rain/a/20240814A02ZZ800

2024-08-15 00:28:59,341 - INFO - EXPIRED
扑街令人发疯？这场贴脸痛斥的骚操作，没有受益者
https://new.qq.com/rain/a/20240814A04E5C00

2024-08-15 00:28:59,341 - INFO - EXPIRED
三年巨亏430亿、基金经理收入却高达1.3亿? 景顺长城回应
https://new.qq.com/rain/a/20240814A07JD700

2024-08-15 00:28:59,341 - INFO - EXPIRED
腾讯控股：二季度总收入同比增长8% 毛利同比增长21%
https://new.qq.com/rain/a/20240814A06TGM00

2024-08-15 00:28:59,341 - INFO - EXPIRED
泰国宪法法院14日裁定总理赛塔违宪，即日解职
https://new.qq.com/rain/a/20240814A06Q1600

2024-08-15 00:28:59,341 - INFO - EXPIRED
菲律宾马尼拉中国城一居民建筑火灾造成严重伤亡，中国使馆发布提醒
https://new.qq.com/rain/a/20240814A08C3000

2024-08-15 00:28:59,341 - INFO - EXPIRED
“我长这么好看我不想排”，上海夜市一女子与人争执引热议 现场负责人：类似朋友拌嘴，已维护秩序
https://new.qq.com/rain/a/20240814A0634M00

2024-08-15 00:28:59,341 - INFO - EXPIRED
俄议员：普京前保镖已负责库尔斯克行动 俄无人机集中攻击乌军弹药补给设施
https://new.qq.com/rain/a/20240814A06NJ600

2024-08-15 00:28:59,341 - INFO - EXPIRED
媒体称数万家地方金融组织或进入三年“最严监管期”
https://new.qq.com/rain/a/20240814A07QVG00

2024-08-15 00:28:59,341 - INFO - EXPIRED
大连一渔船发生倾覆已致2死3失踪
https://new.qq.com/rain/a/20240814A07K5500

2024-08-15 00:28:59,341 - INFO - EXPIRED
消息称李嘉诚旗下长江基建将收购英国风电场
https://new.qq.com/rain/a/20240814A06YZU00

2024-08-15 00:28:59,341 - INFO - EXPIRED
一面馆老板疑向同行面汤里投放巴豆致多人腹泻，已被刑拘
https://new.qq.com/rain/a/20240814A06MSO00

2024-08-15 00:28:59,341 - INFO - EXPIRED
被控非法收受财物8.13亿余元 贵州省委原书记孙志刚受贿案一审开庭
https://new.qq.com/rain/a/20240814A074HB00

2024-08-15 00:28:59,341 - INFO - EXPIRED
14岁少女参加训练营期间疑遭教官3次侵犯 警方通报：已刑拘犯罪嫌疑人
https://new.qq.com/rain/a/20240814A05OER00

2024-08-15 00:28:59,341 - INFO - EXPIRED
麒麟芯片良率和产能爬坡 华为手机重回国内第一还差关键一步
https://new.qq.com/rain/a/20240814A01DPQ00

2024-08-15 00:28:59,341 - INFO - EXPIRED
连续工作24小时，刚睡6小时又要起来做手术，医生忙起来有多狠？哪些科室最夸张？
https://view.inews.qq.com/a/20240814Q04MMF00

2024-08-15 00:28:59,341 - INFO - EXPIRED
交通运输部：到2025年底，新制发及换发道路运输证照全部实现电子化
https://new.qq.com/rain/a/20240814A070O300

2024-08-15 00:28:59,342 - INFO - EXPIRED
A股集体走低，连续三日成交低于5000亿，黑色系遭重挫国债大涨
https://new.qq.com/rain/a/20240814A06EC000

2024-08-15 00:28:59,342 - INFO - EXPIRED
柯文哲假账风暴延续，前竞选总干事黄珊珊请辞民众党中央委员
https://new.qq.com/rain/a/20240814A05IJM00

2024-08-15 00:28:59,342 - INFO - EXPIRED
今年以来超50家银行解散，释放什么信号
https://new.qq.com/rain/a/20240814A02L6P00

2024-08-15 00:28:59,342 - INFO - EXPIRED
多地非税收入上涨背后
https://new.qq.com/rain/a/20240813A09TE000

2024-08-15 00:28:59,342 - INFO - EXPIRED
港股收评：指数震荡走弱，恒生科技指数跌近1%，风电、医药等板块下挫
https://new.qq.com/rain/a/20240814A06CBF00

2024-08-15 00:28:59,342 - INFO - EXPIRED
外国演员、国内戏骨演技大pk！陈思诚回应：库萨克有西方人独有的灵气
https://new.qq.com/rain/a/20240814V05FNQ00

2024-08-15 00:28:59,342 - INFO - EXPIRED
岸田不干了，谁会接替他
https://new.qq.com/rain/a/20240814A05GSH00

2024-08-15 00:28:59,342 - INFO - EXPIRED
95后花1.8万捡漏1.3亿元厂房？买家否认有特殊背景，计划申请执行异议
https://new.qq.com/rain/a/20240814A00CBQ00

2024-08-15 00:28:59,342 - INFO - EXPIRED
韩国进口泡菜近29万吨，为何大量出口泡菜，自己吃的泡菜却主要依赖中国？
https://view.inews.qq.com/a/20240814Q03RKW00

2024-08-15 00:28:59,342 - INFO - EXPIRED
山东一县发布婚丧简办标准：彩礼不超6万元，农村喜宴每瓶酒不超60元
https://new.qq.com/rain/a/20240814A04VXR00

2024-08-15 00:28:59,342 - INFO - EXPIRED
男子救3名溺水小孩返回救大人时遇难，亲属：当天是他3岁女儿生日
https://new.qq.com/rain/a/20240814V04MGD00

2024-08-15 00:28:59,342 - INFO - EXPIRED
夜间惊魂！华山西峰索道停电缆车悬停半空，游客排队几小时后徒步下山
https://new.qq.com/rain/a/20240814A04XFX00

2024-08-15 00:28:59,342 - INFO - EXPIRED
河南周口一对成年兄妹走失15天，家属：妹妹说带哥哥去看病，疑被陌生男子带走，警察称被带至甘肃
https://new.qq.com/rain/a/20240814A04X5100

2024-08-15 00:28:59,342 - INFO - EXPIRED
被判搜索垄断后，谷歌重蹈微软“分家”噩运？美司法部考虑分拆
https://new.qq.com/rain/a/20240814A00MSB00

2024-08-15 00:28:59,342 - INFO - EXPIRED
大连一渔船捕捞蚬子时意外翻扣致8人落水：1人死亡 正搜救4名失踪人员
https://new.qq.com/rain/a/20240814A04GZW00

2024-08-15 00:28:59,342 - INFO - EXPIRED
备案价2.3万成交价1.25万，多地买新房不限价了
https://new.qq.com/rain/a/20240814A047GX00

2024-08-15 00:28:59,342 - INFO - EXPIRED
摘野果、喝雨水、睡石头……四川81岁老人山中走失，荒野求生6天获救
https://new.qq.com/rain/a/20240813A0A50V00

2024-08-15 00:28:59,342 - INFO - EXPIRED
新车不到半年变老款引车主不满，极氪发布会直播被迫全员禁言
https://new.qq.com/rain/a/20240814A03UCT00

2024-08-15 00:28:59,342 - INFO - EXPIRED
重庆一公交车失控撞向路边：骑车女子迅速弃车逃过一劫 大树被撞倒
https://new.qq.com/rain/a/20240814V02G7E00

2024-08-15 00:28:59,342 - INFO - EXPIRED
何忠友已任新疆生产建设兵团政委
https://new.qq.com/rain/a/20240814A04NGX00

2024-08-15 00:28:59,342 - INFO - EXPIRED
日本首相岸田文雄称放弃选举，将辞任首相
https://new.qq.com/rain/a/20240814A02RS000

2024-08-15 00:28:59,342 - INFO - EXPIRED
央行主管金融时报：促进债券市场在规范中健康发展
https://new.qq.com/rain/a/20240814A04MX000

2024-08-15 00:28:59,342 - INFO - EXPIRED
星巴克再度换帅，为何找卖卷饼的人做老板？他能带星巴克走出目前困局吗？
https://view.inews.qq.com/a/20240814Q02BPW00

2024-08-15 00:28:59,342 - INFO - EXPIRED
小马智行创始人谈萝卜快跑火爆：99%因无人化，但大规模铺开需3-5年
https://new.qq.com/rain/a/20240814A00SIJ00

2024-08-15 00:28:59,342 - INFO - EXPIRED
汽车博主被理想汽车起诉索赔百万，曾因称呼雷军“军儿”走红
https://new.qq.com/rain/a/20240813A07RO600

2024-08-15 00:28:59,342 - INFO - EXPIRED
所教课程考试不合格率超三成被要求整改，教师：实在抱歉，另请高明
https://new.qq.com/rain/a/20240813A09MNW00

2024-08-15 00:28:59,342 - INFO - EXPIRED
14岁少女参加训练营疑遭教官侵犯后轻生，这种活动有用吗？所谓的感恩教育有必要吗？
https://view.inews.qq.com/a/20240814Q03ZKA00

2024-08-15 00:28:59,342 - INFO - EXPIRED
山东日照一蒙面男子抢劫金店，警方通报：已将其抓获归案
https://new.qq.com/rain/a/20240814A02Y2Q00

2024-08-15 00:28:59,342 - INFO - EXPIRED
中央救灾物资被倒卖 已涉嫌多个罪名
https://new.qq.com/rain/a/20240814A012LB00

2024-08-15 00:28:59,342 - INFO - EXPIRED
岸田文雄计划弃选自民党总裁，将辞任首相，为何不继续干？谁最可能继任？
https://view.inews.qq.com/a/20240814Q01U5I00

2024-08-15 00:28:59,342 - INFO - EXPIRED
14岁少女参加训练营期间疑遭教官3次侵犯，警方立案后第二天选择轻生
https://new.qq.com/rain/a/20240814A00RPS00

2024-08-15 00:28:59,342 - INFO - EXPIRED
“28岁副处级”干部参与调研引身份疑云，又一单位发声打假
https://new.qq.com/rain/a/20240813A08SUC00

2024-08-15 00:28:59,342 - INFO - EXPIRED
中国面临百万级护士缺口，为何大量护士想逃离医院？她们每天在经历什么？
https://view.inews.qq.com/a/20240813Q071XW00

2024-08-15 00:28:59,342 - INFO - EXPIRED
漂亮傣族小姐姐与老挝人说傣语，多种语言切换自如展开边境口岸工作
https://new.qq.com/rain/a/20240814V017EI00

2024-08-15 00:28:59,342 - INFO - EXPIRED
星巴克把命运交给了一个卖卷饼的
https://new.qq.com/rain/a/20240814A011D100

2024-08-15 00:28:59,342 - INFO - EXPIRED
5年定存利率最高4%！跨城存款又流行，“高息”背后有何风险
https://new.qq.com/rain/a/20240813A08UAV00

2024-08-15 00:28:59,342 - INFO - EXPIRED
1万/平卖得比楼面价还低，开发商可自主定价⋯⋯越来越多城市取消限价
https://new.qq.com/rain/a/20240813A09GV000

2024-08-15 00:28:59,342 - INFO - EXPIRED
外卖骑手与保安冲突后有物业公司紧急通知：充分尊重和理解外卖人员，遇到困难积极协助
https://new.qq.com/rain/a/20240813A0A3EA00

2024-08-15 00:28:59,342 - INFO - EXPIRED
上海市民买到应销毁的“救灾物资”？官方：仓库管理人员私自出售
https://new.qq.com/rain/a/20240813A09ZRB00

2024-08-15 00:28:59,342 - INFO - EXPIRED
安全气囊致死风波犹存，福特、马自达向45万辆车发布“禁止驾驶警告”
https://new.qq.com/rain/a/20240814A00LUS00

2024-08-15 00:28:59,342 - INFO - EXPIRED
因支持“一中”遭佩洛西抨击，澳前总理反击：这是全世界都承认的事
https://new.qq.com/rain/a/20240813A08VB400

2024-08-15 00:28:59,342 - INFO - EXPIRED
越南广宁省，三任省委书记被查处
https://new.qq.com/rain/a/20240813A09D7A00

2024-08-15 00:29:00,159 - INFO - INVALID
男子将前妻男友刺伤致死，重庆警方通报
https://new.qq.com/rain/a/20240815A00NU700

2024-08-15 00:29:00,168 - INFO - SUCCESS
12公斤黄金在非洲被11名蒙面人抢劫 A股公司：抓捕数人 黄金去向未明
https://new.qq.com/rain/a/20240815A008Y700

2024-08-15 00:29:00,226 - INFO - INVALID
西瓜突然涨价，有收购商遭到一天三涨，种植户：涨价怎么能算毁约呢
https://new.qq.com/rain/a/20240815A008XY00

2024-08-15 00:29:00,243 - INFO - INVALID
死状异常凄惨！印度实习医生被奸杀，多地医护罢工抗议
https://new.qq.com/rain/a/20240815A00LZO00

2024-08-15 00:29:00,257 - INFO - INVALID
伊朗遭遇大规模网络攻击，导致银行系统大面积瘫痪
https://new.qq.com/rain/a/20240815A00CD500

2024-08-15 00:29:00,437 - INFO - INVALID
世卫组织宣布猴痘疫情构成“国际关注的突发公共卫生事件”
https://new.qq.com/rain/a/20240815A00MM100

2024-08-15 00:29:00,442 - INFO - INVALID
新一轮加沙停火谈判将于15日在多哈举行
https://new.qq.com/rain/a/20240815A00NDB00

2024-08-15 00:29:00,540 - INFO - INVALID
香港老牌家族和新兴基金盯上了新蛋糕：内地学生撑起一个500亿的市场
https://new.qq.com/rain/a/20240815A00ZDL00

2024-08-15 00:29:00,622 - INFO - INVALID
美股收盘：标普、纳指连续第五日上涨 猴痘概念股异动大涨
https://new.qq.com/rain/a/20240815A00GEY00

