2026-02-01 01:04:00,782 - INFO - Total time taken: {'ret': 0, 'msg': 'success', 'data': None}
2026-02-01 01:04:00,782 - INFO - 'NoneType' object is not subscriptable
2026-02-01 01:04:00,783 - INFO - Traceback (most recent call last):
  File "/home/runner/work/qqnews/qqnews/qq.py", line 128, in main
    for i in qq1["data"]["list"]:
             ~~~~~~~~~~~^^^^^^^^
TypeError: 'NoneType' object is not subscriptable

2026-02-01 04:17:08,419 - INFO - Total time taken: {'ret': 0, 'msg': 'success', 'data': None}
2026-02-01 04:17:08,419 - INFO - 'NoneType' object is not subscriptable
2026-02-01 04:17:08,420 - INFO - Traceback (most recent call last):
  File "/home/runner/work/qqnews/qqnews/qq.py", line 128, in main
    for i in qq1["data"]["list"]:
             ~~~~~~~~~~~^^^^^^^^
TypeError: 'NoneType' object is not subscriptable

2026-02-01 05:52:06,180 - INFO - Total time taken: {'ret': 0, 'msg': 'success', 'data': None}
2026-02-01 05:52:06,180 - INFO - 'NoneType' object is not subscriptable
2026-02-01 05:52:06,180 - INFO - Traceback (most recent call last):
  File "/home/runner/work/qqnews/qqnews/qq.py", line 128, in main
    for i in qq1["data"]["list"]:
             ~~~~~~~~~~~^^^^^^^^
TypeError: 'NoneType' object is not subscriptable

2026-02-01 06:33:19,687 - INFO - Total time taken: {'ret': 0, 'msg': 'success', 'data': None}
2026-02-01 06:33:19,687 - INFO - 'NoneType' object is not subscriptable
2026-02-01 06:33:19,687 - INFO - Traceback (most recent call last):
  File "/home/runner/work/qqnews/qqnews/qq.py", line 128, in main
    for i in qq1["data"]["list"]:
             ~~~~~~~~~~~^^^^^^^^
TypeError: 'NoneType' object is not subscriptable

2026-02-01 07:28:33,173 - INFO - Total time taken: {'ret': 0, 'msg': 'success', 'data': None}
2026-02-01 07:28:33,173 - INFO - 'NoneType' object is not subscriptable
2026-02-01 07:28:33,173 - INFO - Traceback (most recent call last):
  File "/home/runner/work/qqnews/qqnews/qq.py", line 128, in main
    for i in qq1["data"]["list"]:
             ~~~~~~~~~~~^^^^^^^^
TypeError: 'NoneType' object is not subscriptable

