2026-03-17 00:58:06,389 - INFO - Total time taken: {'ret': 0, 'msg': 'success', 'data': None}
2026-03-17 00:58:06,390 - INFO - 'NoneType' object is not subscriptable
2026-03-17 00:58:06,390 - INFO - Traceback (most recent call last):
  File "/home/runner/work/qqnews/qqnews/qq.py", line 128, in main
    for i in qq1["data"]["list"]:
             ~~~~~~~~~~~^^^^^^^^
TypeError: 'NoneType' object is not subscriptable

2026-03-17 03:29:35,852 - INFO - Total time taken: {'ret': 0, 'msg': 'success', 'data': None}
2026-03-17 03:29:35,853 - INFO - 'NoneType' object is not subscriptable
2026-03-17 03:29:35,853 - INFO - Traceback (most recent call last):
  File "/home/runner/work/qqnews/qqnews/qq.py", line 128, in main
    for i in qq1["data"]["list"]:
             ~~~~~~~~~~~^^^^^^^^
TypeError: 'NoneType' object is not subscriptable

2026-03-17 05:16:02,831 - INFO - Total time taken: {'ret': 0, 'msg': 'success', 'data': None}
2026-03-17 05:16:02,831 - INFO - 'NoneType' object is not subscriptable
2026-03-17 05:16:02,832 - INFO - Traceback (most recent call last):
  File "/home/runner/work/qqnews/qqnews/qq.py", line 128, in main
    for i in qq1["data"]["list"]:
             ~~~~~~~~~~~^^^^^^^^
TypeError: 'NoneType' object is not subscriptable

2026-03-17 06:46:01,028 - INFO - Total time taken: {'ret': 0, 'msg': 'success', 'data': None}
2026-03-17 06:46:01,028 - INFO - 'NoneType' object is not subscriptable
2026-03-17 06:46:01,028 - INFO - Traceback (most recent call last):
  File "/home/runner/work/qqnews/qqnews/qq.py", line 128, in main
    for i in qq1["data"]["list"]:
             ~~~~~~~~~~~^^^^^^^^
TypeError: 'NoneType' object is not subscriptable

2026-03-17 07:44:19,017 - INFO - Total time taken: {'ret': 0, 'msg': 'success', 'data': None}
2026-03-17 07:44:19,017 - INFO - 'NoneType' object is not subscriptable
2026-03-17 07:44:19,018 - INFO - Traceback (most recent call last):
  File "/home/runner/work/qqnews/qqnews/qq.py", line 128, in main
    for i in qq1["data"]["list"]:
             ~~~~~~~~~~~^^^^^^^^
TypeError: 'NoneType' object is not subscriptable

2026-03-17 08:35:48,353 - INFO - Total time taken: {'ret': 0, 'msg': 'success', 'data': None}
2026-03-17 08:35:48,353 - INFO - 'NoneType' object is not subscriptable
2026-03-17 08:35:48,354 - INFO - Traceback (most recent call last):
  File "/home/runner/work/qqnews/qqnews/qq.py", line 128, in main
    for i in qq1["data"]["list"]:
             ~~~~~~~~~~~^^^^^^^^
TypeError: 'NoneType' object is not subscriptable

2026-03-17 09:41:10,607 - INFO - Total time taken: {'ret': 0, 'msg': 'success', 'data': None}
2026-03-17 09:41:10,607 - INFO - 'NoneType' object is not subscriptable
2026-03-17 09:41:10,607 - INFO - Traceback (most recent call last):
  File "/home/runner/work/qqnews/qqnews/qq.py", line 128, in main
    for i in qq1["data"]["list"]:
             ~~~~~~~~~~~^^^^^^^^
TypeError: 'NoneType' object is not subscriptable

2026-03-17 10:37:10,693 - INFO - Total time taken: {'ret': 0, 'msg': 'success', 'data': None}
2026-03-17 10:37:10,693 - INFO - 'NoneType' object is not subscriptable
2026-03-17 10:37:10,694 - INFO - Traceback (most recent call last):
  File "/home/runner/work/qqnews/qqnews/qq.py", line 128, in main
    for i in qq1["data"]["list"]:
             ~~~~~~~~~~~^^^^^^^^
TypeError: 'NoneType' object is not subscriptable

2026-03-17 11:33:48,407 - INFO - Total time taken: {'ret': 0, 'msg': 'success', 'data': None}
2026-03-17 11:33:48,407 - INFO - 'NoneType' object is not subscriptable
2026-03-17 11:33:48,407 - INFO - Traceback (most recent call last):
  File "/home/runner/work/qqnews/qqnews/qq.py", line 128, in main
    for i in qq1["data"]["list"]:
             ~~~~~~~~~~~^^^^^^^^
TypeError: 'NoneType' object is not subscriptable

2026-03-17 12:37:25,510 - INFO - Total time taken: {'ret': 0, 'msg': 'success', 'data': None}
2026-03-17 12:37:25,510 - INFO - 'NoneType' object is not subscriptable
2026-03-17 12:37:25,510 - INFO - Traceback (most recent call last):
  File "/home/runner/work/qqnews/qqnews/qq.py", line 128, in main
    for i in qq1["data"]["list"]:
             ~~~~~~~~~~~^^^^^^^^
TypeError: 'NoneType' object is not subscriptable

2026-03-17 14:09:22,639 - INFO - Total time taken: {'ret': 0, 'msg': 'success', 'data': None}
2026-03-17 14:09:22,640 - INFO - 'NoneType' object is not subscriptable
2026-03-17 14:09:22,640 - INFO - Traceback (most recent call last):
  File "/home/runner/work/qqnews/qqnews/qq.py", line 128, in main
    for i in qq1["data"]["list"]:
             ~~~~~~~~~~~^^^^^^^^
TypeError: 'NoneType' object is not subscriptable

2026-03-17 15:50:47,910 - INFO - Total time taken: {'ret': 0, 'msg': 'success', 'data': None}
2026-03-17 15:50:47,910 - INFO - 'NoneType' object is not subscriptable
2026-03-17 15:50:47,911 - INFO - Traceback (most recent call last):
  File "/home/runner/work/qqnews/qqnews/qq.py", line 128, in main
    for i in qq1["data"]["list"]:
             ~~~~~~~~~~~^^^^^^^^
TypeError: 'NoneType' object is not subscriptable

2026-03-17 16:50:55,192 - INFO - Total time taken: {'ret': 0, 'msg': 'success', 'data': None}
2026-03-17 16:50:55,193 - INFO - 'NoneType' object is not subscriptable
2026-03-17 16:50:55,193 - INFO - Traceback (most recent call last):
  File "/home/runner/work/qqnews/qqnews/qq.py", line 128, in main
    for i in qq1["data"]["list"]:
             ~~~~~~~~~~~^^^^^^^^
TypeError: 'NoneType' object is not subscriptable

2026-03-17 17:49:41,916 - INFO - Total time taken: {'ret': 0, 'msg': 'success', 'data': None}
2026-03-17 17:49:41,917 - INFO - 'NoneType' object is not subscriptable
2026-03-17 17:49:41,917 - INFO - Traceback (most recent call last):
  File "/home/runner/work/qqnews/qqnews/qq.py", line 128, in main
    for i in qq1["data"]["list"]:
             ~~~~~~~~~~~^^^^^^^^
TypeError: 'NoneType' object is not subscriptable

2026-03-17 18:43:16,391 - INFO - Total time taken: {'ret': 0, 'msg': 'success', 'data': None}
2026-03-17 18:43:16,392 - INFO - 'NoneType' object is not subscriptable
2026-03-17 18:43:16,392 - INFO - Traceback (most recent call last):
  File "/home/runner/work/qqnews/qqnews/qq.py", line 128, in main
    for i in qq1["data"]["list"]:
             ~~~~~~~~~~~^^^^^^^^
TypeError: 'NoneType' object is not subscriptable

