2024-08-01 04:08:08,756 - INFO - EXPIRED
天津一辅警隐瞒精神疾病49刀杀妻获死缓，检方不抗诉，律师解读争议
https://new.qq.com/rain/a/20240731A08T2700

2024-08-01 04:08:08,757 - INFO - EXPIRED
明星郑恺曾持股的火锅店北京门店全关，曾被加盟商拉横幅怒斥“诈骗”
https://new.qq.com/rain/a/20240731A097DZ00

2024-08-01 04:08:08,757 - INFO - EXPIRED
黑龙江一列车与作业人员相撞致6人遇难，20余人被处理
https://new.qq.com/rain/a/20240731A07Y8Y00

2024-08-01 04:08:08,757 - INFO - EXPIRED
中、美巨头自研芯片“围剿”英伟达
https://new.qq.com/rain/a/20240731A07LLR00

2024-08-01 04:08:08,757 - INFO - EXPIRED
“你好漂亮哦！见到了真人了！”全红婵秒变迷妹，谷爱凌被夸红了脸
https://new.qq.com/rain/a/20240731A091P300

2024-08-01 04:08:08,757 - INFO - EXPIRED
朝鲜乒乓“神秘组合”正效力重庆职业队：从不玩手机，5点多起床开练
https://new.qq.com/rain/a/20240731A07ZIF00

2024-08-01 04:08:08,757 - INFO - EXPIRED
1300万人口省会宣布：取消商品住房限价措施，此前已取消限购、限售
https://new.qq.com/rain/a/20240731A05B3I00

2024-08-01 04:08:08,757 - INFO - EXPIRED
四川一卫生院原院长贪腐细节曝光：该院12人被拉下水，多次开会竟为串供和伪造账本
https://new.qq.com/rain/a/20240731A06BVF00

2024-08-01 04:08:08,757 - INFO - EXPIRED
到底谁有病？大学生被父母骗进精神病院，带父母体验两人也被“确诊”
https://new.qq.com/rain/a/20240731A08CGE00

2024-08-01 04:08:08,757 - INFO - EXPIRED
中国女篮22分不敌塞尔维亚遭两连败，为何两年前的世界亚军水平降这么快？
https://view.inews.qq.com/a/20240731Q09PF100

2024-08-01 04:08:08,757 - INFO - EXPIRED
一中国女子在新西兰失踪一年后遗体被找到：发现于私人农田的浅墓穴中
https://new.qq.com/rain/a/20240731A055E400

2024-08-01 04:08:08,757 - INFO - EXPIRED
全国至少11名“75后”干部跻身省部级，两人已担任省会城市党委一把手
https://new.qq.com/rain/a/20240731A09W8Q00

2024-08-01 04:08:08,757 - INFO - EXPIRED
今夏上海电力供需紧张，试点新能源车给电网“反向充电”
https://new.qq.com/rain/a/20240731A09PTX00

2024-08-01 04:08:08,757 - INFO - EXPIRED
中朝边境地区近期发生特大暴雨，鸭绿江远超警戒水位？中方回应
https://new.qq.com/rain/a/20240731A08RQ600

2024-08-01 04:08:08,757 - INFO - EXPIRED
云南丽江原市委书记、市政协主席、市委秘书长都已被查
https://new.qq.com/rain/a/20240731A08USI00

2024-08-01 04:08:08,757 - INFO - EXPIRED
P图代替工作？为应对上级，大连一城管利用修图软件遮掩建筑垃圾
https://new.qq.com/rain/a/20240731A06I3800

2024-08-01 04:08:08,757 - INFO - EXPIRED
印度喀拉拉邦山体滑坡已致270人死亡
https://new.qq.com/rain/a/20240731A0A6WM00

2024-08-01 04:08:08,757 - INFO - EXPIRED
邓雅文历史性夺得小轮车女子公园赛金牌，该怎么评价这块金牌的含金量？
https://view.inews.qq.com/a/20240731Q0902M00

2024-08-01 04:08:08,757 - INFO - EXPIRED
江苏一省属事业单位招聘前三名均未录取 官方：属实，不存在内定
https://new.qq.com/rain/a/20240731A06X5800

2024-08-01 04:08:08,757 - INFO - EXPIRED
碧桂园：留意到网传造谣公司高管视频，已向公安机关报案
https://new.qq.com/rain/a/20240731A09DQX00

2024-08-01 04:08:08,757 - INFO - EXPIRED
美股热门中概股普涨，理想涨超5%，贝壳、拼多多涨超3%
https://new.qq.com/rain/a/20240731A09RX600

2024-08-01 04:08:08,757 - INFO - EXPIRED
甘肃兰州四名少年离奇失踪一周，家属：没有打骂过孩子，事前毫无异常
https://new.qq.com/rain/a/20240731A082X700

2024-08-01 04:08:08,757 - INFO - EXPIRED
瑞典选手莫雷加德爆冷击败世界第一王楚钦，他能成为下一个瓦尔德内尔吗？
https://view.inews.qq.com/a/20240731Q08D4W00

2024-08-01 04:08:08,757 - INFO - EXPIRED
国务院：放开放宽除个别超大城市外的落户限制
https://new.qq.com/rain/a/20240731A088W000

2024-08-01 04:08:08,757 - INFO - EXPIRED
公募降费成趋势：管理费托管费降费已落地 申购费一折常态化
https://new.qq.com/rain/a/20240731A09C1P00

2024-08-01 04:08:08,757 - INFO - EXPIRED
吴亚男已任南部战区司令员
https://new.qq.com/rain/a/20240731A08KYP00

2024-08-01 04:08:08,757 - INFO - EXPIRED
贵州一地烟草局招聘客户经理专业限制为体育相关专业，回应：完全合规
https://new.qq.com/rain/a/20240731A07SW200

2024-08-01 04:08:08,757 - INFO - EXPIRED
哈马斯一把手遇袭身亡，这会加速组织崩溃，还是会激发同仇敌忾之心？
https://view.inews.qq.com/a/20240731Q0838D00

2024-08-01 04:08:08,757 - INFO - EXPIRED
王楚钦对手用的球拍形状怪异，为什么不用圆形的？这种拍有什么优势？
https://view.inews.qq.com/a/20240731Q06TAN00

2024-08-01 04:08:08,757 - INFO - EXPIRED
“祖孙之战！”孙颖莎轰11-1淘汰倪夏莲，61岁老将虽败犹荣
https://new.qq.com/rain/a/20240731A072OU00

2024-08-01 04:08:08,757 - INFO - EXPIRED
爷孙三人被邻居开车冲撞后致2死，家属：他撞人后补刀，曾有行凶倾向
https://new.qq.com/rain/a/20240731A047AX00

2024-08-01 04:08:08,757 - INFO - EXPIRED
外交部：对美国国会议员麦戈文采取反制措施
https://new.qq.com/rain/a/20240731A07SE600

2024-08-01 04:08:08,757 - INFO - EXPIRED
苹果自研大模型来了！库克：将为用户开启一个充满新可能的世界
https://new.qq.com/rain/a/20240731A07JUX00

2024-08-01 04:08:08,757 - INFO - EXPIRED
商务部新闻发言人就优化调整无人机出口管制措施应询答记者问
https://new.qq.com/rain/a/20240731A0691000

2024-08-01 04:08:08,757 - INFO - EXPIRED
广东省人大常委会原副主任李春生受贿案一审宣判
https://new.qq.com/rain/a/20240731A06IVK00

2024-08-01 04:08:08,757 - INFO - EXPIRED
朝鲜洪灾现场画面：金正恩乘坐橡皮艇视察
https://new.qq.com/rain/a/20240731V04QRY00

2024-08-01 04:08:08,757 - INFO - EXPIRED
运营商套餐乱象调查：暗增套餐、“诱骗”升级、资费降档难
https://new.qq.com/rain/a/20240731A053YT00

2024-08-01 04:08:08,757 - INFO - EXPIRED
世界第一王楚钦爆冷不敌瑞典选手，这个锅该让踩坏他球拍的摄影师背吗？
https://view.inews.qq.com/a/20240731Q06IO800

2024-08-01 04:08:08,757 - INFO - EXPIRED
爆冷晋级！瑞典选手赢球后躺地庆祝，双手抱头不敢相信
https://new.qq.com/rain/a/20240731V06HUB00

2024-08-01 04:08:08,757 - INFO - EXPIRED
菲外长称美在菲部署中导是为增强菲防御能力，外交部：敦促有关国家按此前公开承诺尽快撤走中导系统
https://new.qq.com/rain/a/20240731A05ALR00

2024-08-01 04:08:08,757 - INFO - EXPIRED
日本丰田公司又有7款车型被发现认证违规
https://new.qq.com/rain/a/20240731A05M7M00

2024-08-01 04:08:08,757 - INFO - EXPIRED
陕西一国企半年赊账消费高档烟酒56万元？当地国资委：已知晓，将汇报
https://new.qq.com/rain/a/20240731A03NUZ00

2024-08-01 04:08:08,757 - INFO - EXPIRED
A股放量暴涨：三大股指涨超2%，券商股大幅飙涨，两市成交超9000亿
https://new.qq.com/rain/a/20240731A0567000

2024-08-01 04:08:08,757 - INFO - EXPIRED
宇宙尽头是编制？硕士生从基金公司跳槽商务部幼儿园引热议
https://new.qq.com/rain/a/20240731A050LX00

2024-08-01 04:08:08,757 - INFO - EXPIRED
哈马斯最高领导人在伊朗遇袭身亡，伊朗怎么做安保的？为何会出这么大问题？
https://view.inews.qq.com/a/20240731Q03VKM00

2024-08-01 04:08:08,758 - INFO - EXPIRED
广东东莞一楼盘推出“买一套赠一套”活动
https://new.qq.com/rain/a/20240731A03G4B00

2024-08-01 04:08:08,758 - INFO - EXPIRED
网络主播正式进入国家职业分类，1500万主播将有新职业身份
https://new.qq.com/rain/a/20240731A04NTQ00

2024-08-01 04:08:08,758 - INFO - EXPIRED
开展员工自媒体自查自纠？基金公司人士：“有口头传达要引以为戒”
https://new.qq.com/rain/a/20240731A04SS800

2024-08-01 04:08:08,758 - INFO - EXPIRED
世界首位且唯一被授予冯·卡门奖的女航天科技专家吴美蓉逝世
https://new.qq.com/rain/a/20240731A02CO300

2024-08-01 04:08:08,758 - INFO - EXPIRED
擅闯军事禁区且暴力阻碍军人执行职务，最高法：定罪判刑
https://new.qq.com/rain/a/20240731A03BOS00

2024-08-01 04:08:08,758 - INFO - EXPIRED
462人梦碎大理，一场风花雪月的诈骗
https://new.qq.com/rain/a/20240730A042OD00

2024-08-01 04:08:08,758 - INFO - EXPIRED
老人送两个孙子去上课，被男子开车故意冲撞致3死？官方：嫌疑人被抓
https://new.qq.com/rain/a/20240731A03CA200

2024-08-01 04:08:08,758 - INFO - EXPIRED
加息、缩表一起来！日本央行宣布加息15基点，每季购债缩减4000亿日元
https://new.qq.com/rain/a/20240731A041DL00

2024-08-01 04:08:08,758 - INFO - EXPIRED
独家｜上汽新任总裁贾健旭首度发声：努力提高市占率，尽快走出转型期
https://new.qq.com/rain/a/20240731A03UVJ00

2024-08-01 04:08:08,758 - INFO - EXPIRED
传将与中国银河合并 中金公司回应：没有这样的消息
https://new.qq.com/rain/a/20240731A03TPO00

2024-08-01 04:08:08,758 - INFO - EXPIRED
拜登将签署法案要求“美国国旗美国制造”，为何在意这事？成本得翻几倍？
https://view.inews.qq.com/a/20240731Q00XTD00

2024-08-01 04:08:08,758 - INFO - EXPIRED
印度喀拉拉邦山体滑坡已致161人死亡
https://new.qq.com/rain/a/20240731A04DA000

2024-08-01 04:08:08,758 - INFO - EXPIRED
外媒：委内瑞拉宣布与秘鲁断交
https://new.qq.com/rain/a/20240731A02ZDU00

2024-08-01 04:08:08,758 - INFO - EXPIRED
哈马斯领导人伊斯梅尔·哈尼亚遭袭身亡，这可能是谁干的？为何会死在伊朗？
https://view.inews.qq.com/a/20240731Q038BX00

2024-08-01 04:08:08,758 - INFO - EXPIRED
张之臻1小时内换搭档换对手仍晋级网球混双八强，这多罕见？临场怎么配合？
https://view.inews.qq.com/a/20240731Q01VI200

2024-08-01 04:08:08,758 - INFO - EXPIRED
两部门：2024年底前将符合条件的村卫生室纳入医保定点
https://new.qq.com/rain/a/20240731A02FW600

2024-08-01 04:08:08,758 - INFO - EXPIRED
北京地铁2号线东直门至建国门至前门间各站采取临时封站措施
https://new.qq.com/rain/a/20240731A03H9T00

2024-08-01 04:08:08,758 - INFO - EXPIRED
日本男篮加时负法国队，他们怎么突然这么强？跻身世界一流水平了吗？
https://view.inews.qq.com/a/20240731Q02S0Z00

2024-08-01 04:08:08,758 - INFO - EXPIRED
施小琳当选四川省省长
https://new.qq.com/rain/a/20240731A03G5S00

2024-08-01 04:08:08,758 - INFO - EXPIRED
清华生举报局长贪腐，涉事方称串标是行业问题，为何有此现象？招标意义何在？
https://view.inews.qq.com/a/20240731Q02BUW00

2024-08-01 04:08:08,758 - INFO - EXPIRED
宁夏泾源数万亩黑果花楸林被大面积毁林复耕，当地：成立专班调查
https://new.qq.com/rain/a/20240731A01NVP00

2024-08-01 04:08:08,758 - INFO - EXPIRED
哈马斯领导人伊斯梅尔·哈尼亚在伊朗首都遭袭身亡，群龙无首哈马斯该怎么办？
https://view.inews.qq.com/a/20240731Q037VE00

2024-08-01 04:08:08,758 - INFO - EXPIRED
财政部副部长王东伟：考虑将推进消费税征收环节后移并稳步下划地方
https://new.qq.com/rain/a/20240731A02IX700

2024-08-01 04:08:08,758 - INFO - EXPIRED
“代孕”“代妈助孕”帖文屡禁不止：有公司称78万套餐可指定性别
https://new.qq.com/rain/a/20240731A00VR500

2024-08-01 04:08:08,758 - INFO - EXPIRED
河北承德兴隆县辟谣：“举报公安局长的派出所所长被留置调查”相关帖文属不实信息
https://new.qq.com/rain/a/20240731A025Y400

2024-08-01 04:08:08,758 - INFO - EXPIRED
美国继续就对华301关税审查公众意见，新关税征收时间将至少推迟两周
https://new.qq.com/rain/a/20240731A01J9R00

2024-08-01 04:08:08,758 - INFO - EXPIRED
知情人士：哈里斯的竞选搭档可能即将出炉
https://new.qq.com/rain/a/20240731A00CJ500

2024-08-01 04:08:08,758 - INFO - EXPIRED
日方在日美“2+2”等会议期间发布涉华消极言行，中方提出严正交涉
https://new.qq.com/rain/a/20240731A017YH00

2024-08-01 04:08:08,758 - INFO - EXPIRED
暗访武汉别墅小区违建：中介称交40万可随便整，城管称已累计拆违49处
https://new.qq.com/rain/a/20240730A0A1ZM00

2024-08-01 04:08:08,758 - INFO - EXPIRED
美法案要求政府采购“纯美国造”国旗，美网民不解：同样质量要付3倍价钱？
https://new.qq.com/rain/a/20240731A00ORH00

2024-08-01 04:08:08,758 - INFO - EXPIRED
事关养老、购房、医保，这些8月新规将实施
https://new.qq.com/rain/a/20240731A0052C00

2024-08-01 04:08:08,758 - INFO - EXPIRED
正新鸡排一门店被前员工举报20多天不换油 江西赣州市监局：开展检查
https://new.qq.com/rain/a/20240730A09G6Z00

2024-08-01 04:08:09,408 - INFO - INVALID
河南济源市政府原秘书长翟伟栋新职明确，曾遭市委书记扇耳光
https://new.qq.com/rain/a/20240801A03AR800

2024-08-01 04:08:09,438 - INFO - INVALID
向赖清德示威？蔡英文突推“写真辑”，还放了郑文灿照片
https://new.qq.com/rain/a/20240801A01ZA100

2024-08-01 04:08:09,488 - INFO - INVALID
冒充猥亵女生人大教授王贵元发《致歉函》，张某被采取刑事强制措施
https://new.qq.com/rain/a/20240801A02OH700

2024-08-01 04:08:09,501 - INFO - INVALID
国家发改委：把促消费放在更突出位置 促进汽车、家电等大宗商品消费
https://new.qq.com/rain/a/20240801A03CA200

2024-08-01 04:08:09,658 - ERROR - ERROR
石墨烯之王濒临退市，为什么说不连拉十个涨停就没戏了？昔日股王何以至此？
https://view.inews.qq.com/a/20240801Q01TS300
('list index out of range',)
======
Traceback (most recent call last):
  File "/home/runner/work/qqnews/qqnews/qq.py", line 81, in process_article
    ss = str(tmpbs.select("div.LEFT div.content.clearfix")[0])
             ~~~~~~~~~~~~~~~~~~~~~~~~~~~~~~~~~~~~~~~~~~~~~^^^
IndexError: list index out of range


2024-08-01 04:08:09,856 - INFO - INVALID
甘肃兰州4男孩相约游泳失联，官方：在河边发现电话手表，仍在搜寻
https://new.qq.com/rain/a/20240801A0233Z00

2024-08-01 04:08:09,900 - INFO - INVALID
交通运输部、财政部印发《新能源城市公交车及动力电池更新补贴实施细则》
https://new.qq.com/rain/a/20240801A02G1800

2024-08-01 04:08:09,915 - INFO - INVALID
张雨霏发烧了，“最后一枪想再眺望一下领奖台”
https://new.qq.com/rain/a/20240801A02BDM00

2024-08-01 04:08:10,054 - ERROR - ERROR
哥哥辟谣全红婵奖金高达千万：根本没有这个事 家人不会消费她 
https://new.qq.com/rain/a/20240801V029B100
('list index out of range',)
======
Traceback (most recent call last):
  File "/home/runner/work/qqnews/qqnews/qq.py", line 81, in process_article
    ss = str(tmpbs.select("div.LEFT div.content.clearfix")[0])
             ~~~~~~~~~~~~~~~~~~~~~~~~~~~~~~~~~~~~~~~~~~~~~^^^
IndexError: list index out of range


2024-08-01 04:08:10,110 - ERROR - ERROR
体操男子全能张博恒憾负摘银，他是遭到压分了吗？体操比赛是怎么打分的？
https://view.inews.qq.com/a/20240801Q00WP000
('list index out of range',)
======
Traceback (most recent call last):
  File "/home/runner/work/qqnews/qqnews/qq.py", line 81, in process_article
    ss = str(tmpbs.select("div.LEFT div.content.clearfix")[0])
             ~~~~~~~~~~~~~~~~~~~~~~~~~~~~~~~~~~~~~~~~~~~~~^^^
IndexError: list index out of range


2024-08-01 04:08:10,322 - INFO - INVALID
美检察官称3名“9·11”恐袭事件策划者在关塔那摩监狱认罪
https://new.qq.com/rain/a/20240801A00MW600

2024-08-01 04:08:10,411 - INFO - INVALID
7月财新中国制造业PMI降至49.8 2023年11月以来首次低于荣枯线
https://new.qq.com/rain/a/20240801A021XT00

2024-08-01 04:08:10,562 - INFO - INVALID
直播换帅、告别低价，阿里动荡远未停歇
https://new.qq.com/rain/a/20240801A01SMU00

2024-08-01 04:08:10,584 - INFO - INVALID
董事长不在场被罢免！9人董事会8人被“炒”，上市公司总经理激烈反对
https://new.qq.com/rain/a/20240801A007TJ00

2024-08-01 04:08:10,751 - INFO - INVALID
A股三大股指集体小幅高开，券商股普遍回调，汽车整车板块短线冲高
https://new.qq.com/rain/a/20240801A01UTM00

2024-08-01 04:08:10,766 - INFO - INVALID
山东日照一兼职大学生揭露饭店回收吃剩的海鲜再加工，市监局回应
https://new.qq.com/rain/a/20240801A015H900

2024-08-01 04:08:10,807 - ERROR - ERROR
潘展乐46秒40大幅刷新世界纪录，夺中国游泳巴黎奥运首金，这成绩有多恐怖？
https://view.inews.qq.com/a/20240801Q00U3N00
('list index out of range',)
======
Traceback (most recent call last):
  File "/home/runner/work/qqnews/qqnews/qq.py", line 81, in process_article
    ss = str(tmpbs.select("div.LEFT div.content.clearfix")[0])
             ~~~~~~~~~~~~~~~~~~~~~~~~~~~~~~~~~~~~~~~~~~~~~^^^
IndexError: list index out of range


2024-08-01 04:08:10,936 - INFO - INVALID
消息人士：黎真主党指挥官舒库尔的遗体在贝鲁特南郊废墟中被发现
https://new.qq.com/rain/a/20240801A00Y9000

2024-08-01 04:08:10,988 - INFO - INVALID
广东开平警方：男子驾车因操作不当侧翻致1名行人死亡4名行人受伤，已被警方控制
https://new.qq.com/rain/a/20240801A0193M00

2024-08-01 04:08:11,104 - INFO - INVALID
英伟达股价飙升13%，创下单日市值猛增3300亿美元纪录
https://new.qq.com/rain/a/20240801A00Q1X00

2024-08-01 04:08:11,107 - INFO - INVALID
东部战区新闻发言人就加拿大“蒙特利尔”号护卫舰过航台湾海峡发表谈话
https://new.qq.com/rain/a/20240801A00D0C00

2024-08-01 04:08:11,230 - INFO - INVALID
美国推迟对中国电动汽车等进口产品加征关税
https://new.qq.com/rain/a/20240801A00N3E00

2024-08-01 04:08:11,306 - INFO - EXIST
美股收盘：鲍威尔释放9月降息信号 三大指数齐涨 纳指大涨超2.5%
https://new.qq.com/rain/a/20240801A00NF900

