2024-10-16 00:34:23,985 - INFO - EXPIRED
撒哈拉沙漠发洪水，当地人称已有三五十年未见，沙漠为什么会发洪水？
https://view.inews.qq.com/a/20241015Q02MAV00

2024-10-16 00:34:23,985 - INFO - EXPIRED
珠海一公司被曝全员37天无休且“没有加班费和调休”，当地人社局介入调查
https://new.qq.com/rain/a/20241015A08SV700

2024-10-16 00:34:23,985 - INFO - EXPIRED
女子14.8万卖掉一劳力士表被警方上网追逃，排除嫌疑仍被要求“退赃”
https://new.qq.com/rain/a/20241015A0901900

2024-10-16 00:34:23,985 - INFO - EXPIRED
解放军环台军演前是否通报了日本政府？外交部回应
https://new.qq.com/rain/a/20241015A0798T00

2024-10-16 00:34:23,985 - INFO - EXPIRED
德国发生针对中国女性的连环强奸案，当地警方发中文警告
https://new.qq.com/rain/a/20241015A0928A00

2024-10-16 00:34:23,985 - INFO - EXPIRED
纳瓦罗连续退赛，郑钦文锁定总决赛资格！李娜之后中国金花首人
https://new.qq.com/rain/a/20241015A08Y1400

2024-10-16 00:34:23,985 - INFO - EXPIRED
中国航展下月开幕，新型战机、月球背面月壤样品等将首次亮相
https://new.qq.com/rain/a/20241015A08FVG00

2024-10-16 00:34:23,985 - INFO - EXPIRED
男子坐飞机2小时未起身致肺栓塞身亡，这可能吗？2小时不起身后果这么严重？
https://view.inews.qq.com/a/20241015Q06HRC00

2024-10-16 00:34:23,985 - INFO - EXPIRED
iPad mini 7发布：更换A17 Pro处理器，起售价3999元
https://new.qq.com/rain/a/20241015A09BFK00

2024-10-16 00:34:23,985 - INFO - EXPIRED
国台办驳斥赖清德台独谬论
https://new.qq.com/rain/a/20241015A093YW00

2024-10-16 00:34:23,985 - INFO - EXPIRED
但斌、任泽平“隔空互怼”后，双双被禁止关注
https://new.qq.com/rain/a/20241015A091SR00

2024-10-16 00:34:23,985 - INFO - EXPIRED
成都一代驾凌晨遭暴力殴打，e代驾：将帮助被打司机维权
https://new.qq.com/rain/a/20241015A092NY00

2024-10-16 00:34:23,985 - INFO - EXPIRED
顺丰员工拆除京东揽收点被内部奖励1.2万？京东称已报警，顺丰回应
https://new.qq.com/rain/a/20241015A08N3A00

2024-10-16 00:34:23,985 - INFO - EXPIRED
回归训练！全红婵：知道肯定要减重，所以回来前吃了很多
https://new.qq.com/rain/a/20241015A055GT00

2024-10-16 00:34:23,985 - INFO - EXPIRED
在腾讯聊了一下午，我发现“世界第一IP”没让国服玩家白等3年
https://new.qq.com/rain/a/20241015A095OB00

2024-10-16 00:34:23,985 - INFO - EXPIRED
IBM开始调查中国区老员工举报董事长陈旭东“七宗罪”
https://new.qq.com/rain/a/20241015A06OA000

2024-10-16 00:34:23,985 - INFO - EXPIRED
三部门：全面实施水资源费改税试点后，水资源税收入全部归属地方
https://new.qq.com/rain/a/20241015A08C4B00

2024-10-16 00:34:23,985 - INFO - EXPIRED
“听泉鉴宝”停播已近一周，公司：复播时间未定，视身体状况
https://new.qq.com/rain/a/20241015A08H3K00

2024-10-16 00:34:23,985 - INFO - EXPIRED
中国射击双子星同取奥运新周期开门红，阿条姐和干饭哥都夺冠了
https://new.qq.com/rain/a/20241015A06YBN00

2024-10-16 00:34:23,985 - INFO - EXPIRED
湖北一文旅干部酒后大闹酒店，扬言“在竹山我说了算” 官方：已停职
https://new.qq.com/rain/a/20241015A084S100

2024-10-16 00:34:23,985 - INFO - EXPIRED
王健林清空美国传奇影业股权，8年前35亿美元入股成为控股股东
https://new.qq.com/rain/a/20241015A07GMF00

2024-10-16 00:34:23,985 - INFO - EXPIRED
河南省司法厅原厅长王文海病亡，代理律师：应终止诉讼，还未接到尸检结果通知
https://new.qq.com/rain/a/20241015A060P000

2024-10-16 00:34:23,985 - INFO - EXPIRED
海南三村民食用自捕的蟾蜍后中毒，一人去世两人仍在救治
https://new.qq.com/rain/a/20241015A089WR00

2024-10-16 00:34:23,985 - INFO - EXPIRED
杜特尔特再出山，菲律宾“宫斗”大戏上演
https://new.qq.com/rain/a/20241015A082OQ00

2024-10-16 00:34:23,985 - INFO - EXPIRED
陈一平被查，曾任广西公安厅副厅长，退休后举办过书法展
https://new.qq.com/rain/a/20241015A07LXC00

2024-10-16 00:34:23,985 - INFO - EXPIRED
老人开“老头乐”载人冲闸上高速逆行被撞身亡，律师：轿车司机可向“老头乐”方索赔
https://new.qq.com/rain/a/20241015A06FYA00

2024-10-16 00:34:23,986 - INFO - EXPIRED
男子疑因“护士妻子出轨医生”自杀，死者父亲：起诉索赔150余万
https://new.qq.com/rain/a/20241015A07Q4100

2024-10-16 00:34:23,986 - INFO - EXPIRED
金融监管总局、发改委：部署地方建立支持小微企业融资协调工作机制
https://new.qq.com/rain/a/20241015A0793J00

2024-10-16 00:34:23,986 - INFO - EXPIRED
医生收3000元红包事件疑反转，或是“飞刀费”，医患双方怎么看“飞刀”？
https://view.inews.qq.com/a/20241015Q03F7600

2024-10-16 00:34:23,986 - INFO - EXPIRED
辽宁舰编队围绕菲律宾转了一圈？国防部回应
https://new.qq.com/rain/a/20241015A05NF500

2024-10-16 00:34:23,986 - INFO - EXPIRED
全锦赛官宣：3位奥运冠军正式退赛，王楚钦、孙颖莎、王曼昱放弃
https://new.qq.com/rain/a/20241015A06EL100

2024-10-16 00:34:23,986 - INFO - EXPIRED
四川资阳：城区买新房且有就业需求的，一个季度最少推荐3个就业岗位
https://new.qq.com/rain/a/20241015A06TCF00

2024-10-16 00:34:23,986 - INFO - EXPIRED
印度决定召回驻加拿大高级专员及外交人员，两国怎么了？为何“突然交恶”？
https://view.inews.qq.com/a/20241015Q03REC00

2024-10-16 00:34:23,986 - INFO - EXPIRED
广州7天激增437例登革热病例：已出现3例重症
https://new.qq.com/rain/a/20241015A05ELO00

2024-10-16 00:34:23,986 - INFO - EXPIRED
儿子与母亲签订协议“生老病死与己无关”，后续想继承遗产，法院判了
https://new.qq.com/rain/a/20241015A00AF300

2024-10-16 00:34:23,986 - INFO - EXPIRED
江苏一医生殴打患者？官方：双方因排队发生冲突，医生被拉住了，没打
https://new.qq.com/rain/a/20241015A060RQ00

2024-10-16 00:34:23,986 - INFO - EXPIRED
李传良曾实名举报市委书记，知情者：两人最终握手言和，李升为副市长
https://new.qq.com/rain/a/20241014A04IUC00

2024-10-16 00:34:23,986 - INFO - EXPIRED
涉文物大案的河南省司法厅原厅长王文海病亡 知情人士：并非突发疾病
https://new.qq.com/rain/a/20241015A060F400

2024-10-16 00:34:23,986 - INFO - EXPIRED
北京16岁中学生登顶8201米西藏卓奥友峰，明年将挑战珠峰
https://new.qq.com/rain/a/20241015A04UPN00

2024-10-16 00:34:23,986 - INFO - EXPIRED
江苏一看守所提示“禁止给在押人员抽烟”，工作人员：违规会被追责
https://new.qq.com/rain/a/20241015A04ZO100

2024-10-16 00:34:23,986 - INFO - EXPIRED
空气中弥漫着化粪池味道？居民反映济南部分城区异味，城管回应
https://new.qq.com/rain/a/20241015A04V3B00

2024-10-16 00:34:23,986 - INFO - EXPIRED
菲方炒作中国船只撞击菲公务船，中方公布真相
https://new.qq.com/rain/a/20241015A05OYQ00

2024-10-16 00:34:23,986 - INFO - EXPIRED
成都一代驾小哥凌晨遭男子暴力殴打？警方通报
https://new.qq.com/rain/a/20241015A053IY00

2024-10-16 00:34:23,986 - INFO - EXPIRED
伪造上万张处方欺诈骗保，哈尔滨4家涉事药店被立案、13人被刑拘
https://new.qq.com/rain/a/20241015A05ABM00

2024-10-16 00:34:23,986 - INFO - EXPIRED
涉文物大案二审尚未判决，司法厅原厅长突然病亡，知情人透露死因
https://new.qq.com/rain/a/20241015A043RJ00

2024-10-16 00:34:23,986 - INFO - EXPIRED
外交部回应半岛局势：当务之急是避免矛盾进一步激化
https://new.qq.com/rain/a/20241015A05L0100

2024-10-16 00:34:23,986 - INFO - EXPIRED
“价格战”让中国新车市场今年损失1380亿元，谁受益？谁受损？
https://new.qq.com/rain/a/20241015A01XMZ00

2024-10-16 00:34:23,986 - INFO - EXPIRED
华中农大原教授黄飞若再被通报：撤销国家自然科学基金项目，追回资金
https://new.qq.com/rain/a/20241015A00ZTK00

2024-10-16 00:34:23,986 - INFO - EXPIRED
又一波贷款入市“吃亏者”出现，已有投资者被银行提前收回资金
https://new.qq.com/rain/a/20241015A02HL200

2024-10-16 00:34:23,986 - INFO - EXPIRED
江苏一初中副校长出轨已婚女被举报，女方丈夫：这事还是别人告诉我的
https://new.qq.com/rain/a/20241014A08GU700

2024-10-16 00:34:23,986 - INFO - EXPIRED
受贿超5.5亿的王大伟一审被判死缓 用来拉钱的商务车曾被压得上不了坡
https://new.qq.com/rain/a/20241014A07YSX00

2024-10-16 00:34:23,986 - INFO - EXPIRED
网红涌入上海一三甲医院打卡拍照，市民吐槽：占用长椅，影响正常就医
https://new.qq.com/rain/a/20241014A04YGC00

2024-10-16 00:34:23,986 - INFO - EXPIRED
被冒名顶替的25年：“我只想要个正常的人生”
https://new.qq.com/rain/a/20241014A09WDW00

2024-10-16 00:34:23,986 - INFO - EXPIRED
上海一养护院被曝用小房间关残障人士，院方：发病期间强行临时关一下
https://new.qq.com/rain/a/20241015A02YND00

2024-10-16 00:34:23,986 - INFO - EXPIRED
“70后”候补中央委员主动投案，曾被“东突”组织公布照片扬言报复
https://new.qq.com/rain/a/20241014A07LNH00

2024-10-16 00:34:23,986 - INFO - EXPIRED
无证无牌老头乐冲卡高速逆行致2人死亡，撞老头乐的司机要承担10%赔偿吗？
https://view.inews.qq.com/a/20241015Q02RT900

2024-10-16 00:34:23,986 - INFO - EXPIRED
青年数学家陈景润获批国家杰出青年基金，网友：以为穿越了
https://new.qq.com/rain/a/20241015A02V0M00

2024-10-16 00:34:23,986 - INFO - EXPIRED
澳门特区行政长官选举结果经法院确认
https://new.qq.com/rain/a/20241015A03Y3Z00

2024-10-16 00:34:23,986 - INFO - EXPIRED
欧委会主席冯德莱恩：即使对华电动汽车加征关税生效，仍将与中国谈判
https://new.qq.com/rain/a/20241015A01E9500

2024-10-16 00:34:23,986 - INFO - EXPIRED
日本众议院选举竞选活动正式开始
https://new.qq.com/rain/a/20241015A03C8100

2024-10-16 00:34:23,986 - INFO - EXPIRED
青海格尔木有毒气体致6死，当地：经检测确认为硫化氢
https://new.qq.com/rain/a/20241015A052TG00

2024-10-16 00:34:23,986 - INFO - EXPIRED
嫦娥六号月壤首次向全球展出，样品重75毫克
https://new.qq.com/rain/a/20241015A02ONJ00

2024-10-16 00:34:23,986 - INFO - EXPIRED
最高检对新疆维吾尔自治区政协原副主席窦万贵决定逮捕
https://new.qq.com/rain/a/20241015A024CL00

2024-10-16 00:34:23,986 - INFO - EXPIRED
涉案超31亿的原副市长卷钱外逃，真就拿他没辙了吗？媒体解读
https://new.qq.com/rain/a/20241014A041GP00

2024-10-16 00:34:23,986 - INFO - EXPIRED
广西一民办高校百名学生因无学籍被“劝退”，考试院称学校违规招生
https://new.qq.com/rain/a/20241014A085YU00

2024-10-16 00:34:23,986 - INFO - EXPIRED
中学班主任在班级群崩溃发“给我滚”，作为家长你会表示理解还是站出来反对？
https://view.inews.qq.com/a/20241015Q0234M00

2024-10-16 00:34:23,986 - INFO - EXPIRED
“在竹山我说了算！”湖北一干部大闹酒店辱骂他人，本人：我准备戒酒
https://new.qq.com/rain/a/20241014A08OF800

2024-10-16 00:34:23,986 - INFO - EXPIRED
每平米不到4万，上海豫园商圈一商厦流拍，已荒废10余年
https://new.qq.com/rain/a/20241014A09HKQ00

2024-10-16 00:34:23,986 - INFO - EXPIRED
湖南一教师校内驾车撞倒3名学生，致1死2伤，公安机关：刑拘
https://new.qq.com/rain/a/20241015A0190500

2024-10-16 00:34:23,986 - INFO - EXPIRED
山西一学校附近工地水坑发现2名小学生遗体，家属：涉事工地已停工
https://new.qq.com/rain/a/20241015A00WIX00

2024-10-16 00:34:23,986 - INFO - EXPIRED
山东一6岁男孩被送去武校仅两月 被17岁助教殴打成轻伤一级 校方回应
https://new.qq.com/rain/a/20241014A06APK00

2024-10-16 00:34:23,986 - INFO - EXPIRED
中方反制后，“欧盟出此下策被农产品商打爆电话”
https://new.qq.com/rain/a/20241014A07TI500

2024-10-16 00:34:23,986 - INFO - EXPIRED
举债2亿建造的“天下第一水司楼”，花3亿改成度假酒店，这次项目能盘活吗？
https://view.inews.qq.com/a/20241014Q09EA100

2024-10-16 00:34:23,986 - INFO - EXPIRED
小米SU7冲上公交站台致一死一伤 警方通报：司机避让电动车时操作不当
https://new.qq.com/rain/a/20241015A0256R00

2024-10-16 00:34:23,986 - INFO - EXPIRED
重庆一中学通报班主任群里怒骂“都给老子滚”：已暂停其教学工作
https://new.qq.com/rain/a/20241015A03LZW00

2024-10-16 00:34:23,986 - INFO - EXPIRED
《国家空间科学中长期发展规划（2024—2050年）》发布
https://new.qq.com/rain/a/20241015A01UKR00

2024-10-16 00:34:23,986 - INFO - EXPIRED
2023年度个税汇算清缴数据发布 无需缴纳个税人员占比超过七成
https://new.qq.com/rain/a/20241015A01H5U00

2024-10-16 00:34:23,986 - INFO - EXPIRED
河南司法厅原厅长王文海突发疾病身亡，此前涉文物大案，二审尚未判决
https://new.qq.com/rain/a/20241015A00YV100

2024-10-16 00:34:23,986 - INFO - EXPIRED
安排5人用5个拉杆箱“空运”现金，外逃原副市长转移赃款细节曝光
https://new.qq.com/rain/a/20241014A06TID00

2024-10-16 00:34:23,986 - INFO - EXPIRED
印度和加拿大相互驱逐外交官
https://new.qq.com/rain/a/20241015A00HRQ00

2024-10-16 00:34:23,986 - INFO - EXPIRED
一人两年买药超过100万！哈尔滨爆出涉医保大案
https://new.qq.com/rain/a/20241014A04UIB00

2024-10-16 00:34:23,986 - INFO - EXPIRED
金正恩主持召开国防和安全会议 阐明军事政治立场
https://new.qq.com/rain/a/20241015A00KOY00

2024-10-16 00:34:23,986 - INFO - EXPIRED
2025国考今起报名：拟招3.97万人，近七成专招应届生
https://new.qq.com/rain/a/20241015A007KL00

2024-10-16 00:34:23,986 - INFO - EXPIRED
全行业大面积亏损，有企业半年亏52亿元，光伏行业达成“反内卷”共识
https://new.qq.com/rain/a/20241014A08VAN00

2024-10-16 00:34:23,987 - INFO - EXPIRED
美股收盘：标普、道指再创历史新高 中概股指数跌超2%
https://new.qq.com/rain/a/20241015A00KB000

2024-10-16 00:34:23,987 - INFO - EXPIRED
经济学家余永定：中央政府要“出血”，该替地方政府还的债要还
https://new.qq.com/rain/a/20241015A00Q7S00

2024-10-16 00:34:23,987 - INFO - EXPIRED
金与正再发声：无人机渗透至平壤事件由韩国军方主导，美国应负责
https://new.qq.com/rain/a/20241014A07JGH00

2024-10-16 00:34:23,987 - INFO - EXPIRED
王毅分别同以色列外长、伊朗外长通电话
https://new.qq.com/rain/a/20241014A09SL400

2024-10-16 00:34:23,987 - INFO - EXPIRED
特朗普建议在大选日用军队对付“内部敌人”，哈里斯：他在对付同胞
https://new.qq.com/rain/a/20241014A06AV500

2024-10-16 00:34:23,987 - INFO - EXPIRED
男孩骑行遭碾轧道路：设有“禁止驶入”标识，仍有机动车和骑友通行
https://new.qq.com/rain/a/20241014A099D900

2024-10-16 00:34:23,987 - INFO - EXPIRED
赴菲工作涉开设赌场案宣判：4名职校生3人免于刑事处罚，1人缓刑
https://new.qq.com/rain/a/20241014A09LCO00

2024-10-16 00:34:23,987 - INFO - EXPIRED
楼市热度持续：改善盘再现“日光”，多城二手房成交量攀新高
https://new.qq.com/rain/a/20241014A09IMU00

2024-10-16 00:34:23,987 - INFO - EXPIRED
经济日报：“零首付”不等于“零代价”
https://new.qq.com/rain/a/20241015A00PJW00

2024-10-16 00:34:23,987 - INFO - EXPIRED
中华人民共和国和越南社会主义共和国联合声明（全文）
https://new.qq.com/rain/a/20241014A0943R00

2024-10-16 00:34:23,987 - INFO - EXPIRED
“老头乐”在高速快车道逆行致2人死亡，怎么上高速的？事故责任怎么算？
https://view.inews.qq.com/a/20241014Q04TRT00

2024-10-16 00:34:24,885 - ERROR - ERROR
大熊猫“宝力”和“青宝”抵达美国首都，美国发布大熊猫最新照片
https://new.qq.com/rain/a/20241016V00XZ100
('list index out of range',)
======
Traceback (most recent call last):
  File "/home/runner/work/qqnews/qqnews/qq.py", line 81, in process_article
    ss = str(tmpbs.select("div.LEFT div.content.clearfix")[0])
             ~~~~~~~~~~~~~~~~~~~~~~~~~~~~~~~~~~~~~~~~~~~~~^^^
IndexError: list index out of range


2024-10-16 00:34:24,964 - INFO - INVALID
光刻机巨头阿斯麦利空财报遭错误提前发布 引爆美股半导体板块恐慌
https://new.qq.com/rain/a/20241016A00COD00

2024-10-16 00:34:24,967 - INFO - INVALID
京东：刘强东章泽天夫妇遭有组织造谣抹黑，警方正在侦办
https://new.qq.com/rain/a/20241016A0186900

2024-10-16 00:34:24,976 - INFO - INVALID
跟诺奖唱反调？AI教父杨立昆：人工智能比猫还笨 警告其太危险是胡扯
https://new.qq.com/rain/a/20241016A00ZL000

2024-10-16 00:34:24,995 - INFO - INVALID
美股收盘：阿斯麦业绩暴雷带崩半导体板块 三大指数集体收跌
https://new.qq.com/rain/a/20241016A00M5Z00

2024-10-16 02:12:15,492 - INFO - EXPIRED
女子14.8万卖掉一劳力士表被警方上网追逃，排除嫌疑仍被要求“退赃”
https://new.qq.com/rain/a/20241015A0901900

2024-10-16 02:12:15,492 - INFO - EXPIRED
一年两次被列入军队采购暂停名单 星网宇达：正按规定流程与各方沟通
https://new.qq.com/rain/a/20241015A09UBG00

2024-10-16 02:12:15,492 - INFO - EXPIRED
珠海一公司被曝全员37天无休且“没有加班费和调休”，当地人社局介入调查
https://new.qq.com/rain/a/20241015A08SV700

2024-10-16 02:12:15,492 - INFO - EXPIRED
母女入住云南一民宿遭男子强闯，母亲受惊连夜住院，民宿负责人回应
https://new.qq.com/rain/a/20241015A09NOH00

2024-10-16 02:12:15,492 - INFO - EXPIRED
撒哈拉沙漠发洪水，当地人称已有三五十年未见，沙漠为什么会发洪水？
https://view.inews.qq.com/a/20241015Q02MAV00

2024-10-16 02:12:15,492 - INFO - EXPIRED
女子戴鲨鱼夹摔倒重度昏迷进ICU，目前已从医院回家，男友：仍在昏迷
https://new.qq.com/rain/a/20241015A06BLL00

2024-10-16 02:12:15,492 - INFO - EXPIRED
解放军环台军演前是否通报了日本政府？外交部回应
https://new.qq.com/rain/a/20241015A0798T00

2024-10-16 02:12:15,492 - INFO - EXPIRED
德国发生针对中国女性的连环强奸案，当地警方发中文警告
https://new.qq.com/rain/a/20241015A0928A00

2024-10-16 02:12:15,492 - INFO - EXPIRED
纳瓦罗连续退赛，郑钦文锁定总决赛资格！李娜之后中国金花首人
https://new.qq.com/rain/a/20241015A08Y1400

2024-10-16 02:12:15,492 - INFO - EXPIRED
中国航展下月开幕，新型战机、月球背面月壤样品等将首次亮相
https://new.qq.com/rain/a/20241015A08FVG00

2024-10-16 02:12:15,492 - INFO - EXPIRED
男子坐飞机2小时未起身致肺栓塞身亡，这可能吗？2小时不起身后果这么严重？
https://view.inews.qq.com/a/20241015Q06HRC00

2024-10-16 02:12:15,492 - INFO - EXPIRED
iPad mini 7发布：更换A17 Pro处理器，起售价3999元
https://new.qq.com/rain/a/20241015A09BFK00

2024-10-16 02:12:15,492 - INFO - EXPIRED
国台办驳斥赖清德台独谬论
https://new.qq.com/rain/a/20241015A093YW00

2024-10-16 02:12:15,492 - INFO - EXPIRED
但斌、任泽平“隔空互怼”后，双双被禁止关注
https://new.qq.com/rain/a/20241015A091SR00

2024-10-16 02:12:15,492 - INFO - EXPIRED
成都一代驾凌晨遭暴力殴打，e代驾：将帮助被打司机维权
https://new.qq.com/rain/a/20241015A092NY00

2024-10-16 02:12:15,492 - INFO - EXPIRED
顺丰员工拆除京东揽收点被内部奖励1.2万？京东称已报警，顺丰回应
https://new.qq.com/rain/a/20241015A08N3A00

2024-10-16 02:12:15,492 - INFO - EXPIRED
回归训练！全红婵：知道肯定要减重，所以回来前吃了很多
https://new.qq.com/rain/a/20241015A055GT00

2024-10-16 02:12:15,492 - INFO - EXPIRED
在腾讯聊了一下午，我发现“世界第一IP”没让国服玩家白等3年
https://new.qq.com/rain/a/20241015A095OB00

2024-10-16 02:12:15,492 - INFO - EXPIRED
IBM开始调查中国区老员工举报董事长陈旭东“七宗罪”
https://new.qq.com/rain/a/20241015A06OA000

2024-10-16 02:12:15,492 - INFO - EXPIRED
三部门：全面实施水资源费改税试点后，水资源税收入全部归属地方
https://new.qq.com/rain/a/20241015A08C4B00

2024-10-16 02:12:15,492 - INFO - EXPIRED
“听泉鉴宝”停播已近一周，公司：复播时间未定，视身体状况
https://new.qq.com/rain/a/20241015A08H3K00

2024-10-16 02:12:15,492 - INFO - EXPIRED
中国射击双子星同取奥运新周期开门红，阿条姐和干饭哥都夺冠了
https://new.qq.com/rain/a/20241015A06YBN00

2024-10-16 02:12:15,492 - INFO - EXPIRED
湖北一文旅干部酒后大闹酒店，扬言“在竹山我说了算” 官方：已停职
https://new.qq.com/rain/a/20241015A084S100

2024-10-16 02:12:15,492 - INFO - EXPIRED
王健林清空美国传奇影业股权，8年前35亿美元入股成为控股股东
https://new.qq.com/rain/a/20241015A07GMF00

2024-10-16 02:12:15,493 - INFO - EXPIRED
河南省司法厅原厅长王文海病亡，代理律师：应终止诉讼，还未接到尸检结果通知
https://new.qq.com/rain/a/20241015A060P000

2024-10-16 02:12:15,493 - INFO - EXPIRED
海南三村民食用自捕的蟾蜍后中毒，一人去世两人仍在救治
https://new.qq.com/rain/a/20241015A089WR00

2024-10-16 02:12:15,493 - INFO - EXPIRED
杜特尔特再出山，菲律宾“宫斗”大戏上演
https://new.qq.com/rain/a/20241015A082OQ00

2024-10-16 02:12:15,493 - INFO - EXPIRED
陈一平被查，曾任广西公安厅副厅长，退休后举办过书法展
https://new.qq.com/rain/a/20241015A07LXC00

2024-10-16 02:12:15,493 - INFO - EXPIRED
老人开“老头乐”载人冲闸上高速逆行被撞身亡，律师：轿车司机可向“老头乐”方索赔
https://new.qq.com/rain/a/20241015A06FYA00

2024-10-16 02:12:15,493 - INFO - EXPIRED
男子疑因“护士妻子出轨医生”自杀，死者父亲：起诉索赔150余万
https://new.qq.com/rain/a/20241015A07Q4100

2024-10-16 02:12:15,493 - INFO - EXPIRED
金融监管总局、发改委：部署地方建立支持小微企业融资协调工作机制
https://new.qq.com/rain/a/20241015A0793J00

2024-10-16 02:12:15,493 - INFO - EXPIRED
医生收3000元红包事件疑反转，或是“飞刀费”，医患双方怎么看“飞刀”？
https://view.inews.qq.com/a/20241015Q03F7600

2024-10-16 02:12:15,493 - INFO - EXPIRED
辽宁舰编队围绕菲律宾转了一圈？国防部回应
https://new.qq.com/rain/a/20241015A05NF500

2024-10-16 02:12:15,493 - INFO - EXPIRED
全锦赛官宣：3位奥运冠军正式退赛，王楚钦、孙颖莎、王曼昱放弃
https://new.qq.com/rain/a/20241015A06EL100

2024-10-16 02:12:15,493 - INFO - EXPIRED
四川资阳：城区买新房且有就业需求的，一个季度最少推荐3个就业岗位
https://new.qq.com/rain/a/20241015A06TCF00

2024-10-16 02:12:15,493 - INFO - EXPIRED
印度决定召回驻加拿大高级专员及外交人员，两国怎么了？为何“突然交恶”？
https://view.inews.qq.com/a/20241015Q03REC00

2024-10-16 02:12:15,493 - INFO - EXPIRED
广州7天激增437例登革热病例：已出现3例重症
https://new.qq.com/rain/a/20241015A05ELO00

2024-10-16 02:12:15,493 - INFO - EXPIRED
儿子与母亲签订协议“生老病死与己无关”，后续想继承遗产，法院判了
https://new.qq.com/rain/a/20241015A00AF300

2024-10-16 02:12:15,493 - INFO - EXPIRED
江苏一医生殴打患者？官方：双方因排队发生冲突，医生被拉住了，没打
https://new.qq.com/rain/a/20241015A060RQ00

2024-10-16 02:12:15,493 - INFO - EXPIRED
李传良曾实名举报市委书记，知情者：两人最终握手言和，李升为副市长
https://new.qq.com/rain/a/20241014A04IUC00

2024-10-16 02:12:15,493 - INFO - EXPIRED
涉文物大案的河南省司法厅原厅长王文海病亡 知情人士：并非突发疾病
https://new.qq.com/rain/a/20241015A060F400

2024-10-16 02:12:15,493 - INFO - EXPIRED
北京16岁中学生登顶8201米西藏卓奥友峰，明年将挑战珠峰
https://new.qq.com/rain/a/20241015A04UPN00

2024-10-16 02:12:15,493 - INFO - EXPIRED
江苏一看守所提示“禁止给在押人员抽烟”，工作人员：违规会被追责
https://new.qq.com/rain/a/20241015A04ZO100

2024-10-16 02:12:15,493 - INFO - EXPIRED
空气中弥漫着化粪池味道？居民反映济南部分城区异味，城管回应
https://new.qq.com/rain/a/20241015A04V3B00

2024-10-16 02:12:15,493 - INFO - EXPIRED
菲方炒作中国船只撞击菲公务船，中方公布真相
https://new.qq.com/rain/a/20241015A05OYQ00

2024-10-16 02:12:15,493 - INFO - EXPIRED
成都一代驾小哥凌晨遭男子暴力殴打？警方通报
https://new.qq.com/rain/a/20241015A053IY00

2024-10-16 02:12:15,493 - INFO - EXPIRED
伪造上万张处方欺诈骗保，哈尔滨4家涉事药店被立案、13人被刑拘
https://new.qq.com/rain/a/20241015A05ABM00

2024-10-16 02:12:15,493 - INFO - EXPIRED
涉文物大案二审尚未判决，司法厅原厅长突然病亡，知情人透露死因
https://new.qq.com/rain/a/20241015A043RJ00

2024-10-16 02:12:15,493 - INFO - EXPIRED
外交部回应半岛局势：当务之急是避免矛盾进一步激化
https://new.qq.com/rain/a/20241015A05L0100

2024-10-16 02:12:15,493 - INFO - EXPIRED
“价格战”让中国新车市场今年损失1380亿元，谁受益？谁受损？
https://new.qq.com/rain/a/20241015A01XMZ00

2024-10-16 02:12:15,493 - INFO - EXPIRED
华中农大原教授黄飞若再被通报：撤销国家自然科学基金项目，追回资金
https://new.qq.com/rain/a/20241015A00ZTK00

2024-10-16 02:12:15,493 - INFO - EXPIRED
又一波贷款入市“吃亏者”出现，已有投资者被银行提前收回资金
https://new.qq.com/rain/a/20241015A02HL200

2024-10-16 02:12:15,493 - INFO - EXPIRED
江苏一初中副校长出轨已婚女被举报，女方丈夫：这事还是别人告诉我的
https://new.qq.com/rain/a/20241014A08GU700

2024-10-16 02:12:15,493 - INFO - EXPIRED
受贿超5.5亿的王大伟一审被判死缓 用来拉钱的商务车曾被压得上不了坡
https://new.qq.com/rain/a/20241014A07YSX00

2024-10-16 02:12:15,493 - INFO - EXPIRED
网红涌入上海一三甲医院打卡拍照，市民吐槽：占用长椅，影响正常就医
https://new.qq.com/rain/a/20241014A04YGC00

2024-10-16 02:12:15,493 - INFO - EXPIRED
被冒名顶替的25年：“我只想要个正常的人生”
https://new.qq.com/rain/a/20241014A09WDW00

2024-10-16 02:12:15,493 - INFO - EXPIRED
上海一养护院被曝用小房间关残障人士，院方：发病期间强行临时关一下
https://new.qq.com/rain/a/20241015A02YND00

2024-10-16 02:12:15,493 - INFO - EXPIRED
“70后”候补中央委员主动投案，曾被“东突”组织公布照片扬言报复
https://new.qq.com/rain/a/20241014A07LNH00

2024-10-16 02:12:15,493 - INFO - EXPIRED
无证无牌老头乐冲卡高速逆行致2人死亡，撞老头乐的司机要承担10%赔偿吗？
https://view.inews.qq.com/a/20241015Q02RT900

2024-10-16 02:12:15,493 - INFO - EXPIRED
青年数学家陈景润获批国家杰出青年基金，网友：以为穿越了
https://new.qq.com/rain/a/20241015A02V0M00

2024-10-16 02:12:15,493 - INFO - EXPIRED
澳门特区行政长官选举结果经法院确认
https://new.qq.com/rain/a/20241015A03Y3Z00

2024-10-16 02:12:15,493 - INFO - EXPIRED
欧委会主席冯德莱恩：即使对华电动汽车加征关税生效，仍将与中国谈判
https://new.qq.com/rain/a/20241015A01E9500

2024-10-16 02:12:15,493 - INFO - EXPIRED
日本众议院选举竞选活动正式开始
https://new.qq.com/rain/a/20241015A03C8100

2024-10-16 02:12:15,493 - INFO - EXPIRED
青海格尔木有毒气体致6死，当地：经检测确认为硫化氢
https://new.qq.com/rain/a/20241015A052TG00

2024-10-16 02:12:15,493 - INFO - EXPIRED
嫦娥六号月壤首次向全球展出，样品重75毫克
https://new.qq.com/rain/a/20241015A02ONJ00

2024-10-16 02:12:15,493 - INFO - EXPIRED
最高检对新疆维吾尔自治区政协原副主席窦万贵决定逮捕
https://new.qq.com/rain/a/20241015A024CL00

2024-10-16 02:12:15,493 - INFO - EXPIRED
涉案超31亿的原副市长卷钱外逃，真就拿他没辙了吗？媒体解读
https://new.qq.com/rain/a/20241014A041GP00

2024-10-16 02:12:15,493 - INFO - EXPIRED
广西一民办高校百名学生因无学籍被“劝退”，考试院称学校违规招生
https://new.qq.com/rain/a/20241014A085YU00

2024-10-16 02:12:15,493 - INFO - EXPIRED
中学班主任在班级群崩溃发“给我滚”，作为家长你会表示理解还是站出来反对？
https://view.inews.qq.com/a/20241015Q0234M00

2024-10-16 02:12:15,493 - INFO - EXPIRED
“在竹山我说了算！”湖北一干部大闹酒店辱骂他人，本人：我准备戒酒
https://new.qq.com/rain/a/20241014A08OF800

2024-10-16 02:12:15,493 - INFO - EXPIRED
每平米不到4万，上海豫园商圈一商厦流拍，已荒废10余年
https://new.qq.com/rain/a/20241014A09HKQ00

2024-10-16 02:12:15,493 - INFO - EXPIRED
湖南一教师校内驾车撞倒3名学生，致1死2伤，公安机关：刑拘
https://new.qq.com/rain/a/20241015A0190500

2024-10-16 02:12:15,493 - INFO - EXPIRED
山西一学校附近工地水坑发现2名小学生遗体，家属：涉事工地已停工
https://new.qq.com/rain/a/20241015A00WIX00

2024-10-16 02:12:15,493 - INFO - EXPIRED
山东一6岁男孩被送去武校仅两月 被17岁助教殴打成轻伤一级 校方回应
https://new.qq.com/rain/a/20241014A06APK00

2024-10-16 02:12:15,493 - INFO - EXPIRED
中方反制后，“欧盟出此下策被农产品商打爆电话”
https://new.qq.com/rain/a/20241014A07TI500

2024-10-16 02:12:15,493 - INFO - EXPIRED
举债2亿建造的“天下第一水司楼”，花3亿改成度假酒店，这次项目能盘活吗？
https://view.inews.qq.com/a/20241014Q09EA100

2024-10-16 02:12:15,493 - INFO - EXPIRED
小米SU7冲上公交站台致一死一伤 警方通报：司机避让电动车时操作不当
https://new.qq.com/rain/a/20241015A0256R00

2024-10-16 02:12:15,493 - INFO - EXPIRED
重庆一中学通报班主任群里怒骂“都给老子滚”：已暂停其教学工作
https://new.qq.com/rain/a/20241015A03LZW00

2024-10-16 02:12:15,493 - INFO - EXPIRED
《国家空间科学中长期发展规划（2024—2050年）》发布
https://new.qq.com/rain/a/20241015A01UKR00

2024-10-16 02:12:15,493 - INFO - EXPIRED
2023年度个税汇算清缴数据发布 无需缴纳个税人员占比超过七成
https://new.qq.com/rain/a/20241015A01H5U00

2024-10-16 02:12:15,493 - INFO - EXPIRED
河南司法厅原厅长王文海突发疾病身亡，此前涉文物大案，二审尚未判决
https://new.qq.com/rain/a/20241015A00YV100

2024-10-16 02:12:15,493 - INFO - EXPIRED
安排5人用5个拉杆箱“空运”现金，外逃原副市长转移赃款细节曝光
https://new.qq.com/rain/a/20241014A06TID00

2024-10-16 02:12:15,494 - INFO - EXPIRED
印度和加拿大相互驱逐外交官
https://new.qq.com/rain/a/20241015A00HRQ00

2024-10-16 02:12:15,494 - INFO - EXPIRED
一人两年买药超过100万！哈尔滨爆出涉医保大案
https://new.qq.com/rain/a/20241014A04UIB00

2024-10-16 02:12:15,494 - INFO - EXPIRED
金正恩主持召开国防和安全会议 阐明军事政治立场
https://new.qq.com/rain/a/20241015A00KOY00

2024-10-16 02:12:16,336 - INFO - INVALID
光刻机巨头阿斯麦利空财报遭错误提前发布 引爆美股半导体板块恐慌
https://new.qq.com/rain/a/20241016A00COD00

2024-10-16 02:12:16,344 - INFO - INVALID
存款利率又要降？市场预计或于本月落地 可对冲存量房贷下调影响
https://new.qq.com/rain/a/20241016A01OXS00

2024-10-16 02:12:16,405 - INFO - INVALID
中国驻洛杉矶领馆：有留学人员因曾寻求代写论文被美执法部门遣返
https://new.qq.com/rain/a/20241016A011YW00

2024-10-16 02:12:16,424 - INFO - INVALID
国考报名启动，外交部、水利部、证监会等发文“欢迎报考”
https://new.qq.com/rain/a/20241016A00VDM00

2024-10-16 02:12:16,512 - INFO - INVALID
市委书记、厅长、市长、副市长、区委书记、区长、局长等55名公职人员被问责，新余“1·24”特别重大火灾事故相关责任人被严肃查处！
https://new.qq.com/rain/a/20241016A01S5700

2024-10-16 02:12:16,653 - INFO - SUCCESS
中国大模型大逃杀开启，谁会走下牌桌？ _ AI光年
https://new.qq.com/rain/a/20241016A01L1600

2024-10-16 02:12:16,659 - INFO - INVALID
当集采“螺丝拧紧”、进口药难开，商保和民营医院开始寻觅新生意
https://new.qq.com/rain/a/20241016A01V5B00

2024-10-16 02:12:16,663 - INFO - INVALID
章泽天加入“光明会”？京东：刘强东夫妇遭有组织造谣抹黑，已报案
https://new.qq.com/rain/a/20241016A01GEF00

2024-10-16 02:12:16,672 - INFO - INVALID
各地最低工资标准公布，上海最高，吉林、湖南、云南等地有上调
https://new.qq.com/rain/a/20241016A01G2200

2024-10-16 02:12:16,817 - INFO - INVALID
私家车变身网约车接单时出事故：保险公司拒赔，车主起诉被驳
https://new.qq.com/rain/a/20241016A00VEH00

2024-10-16 02:12:16,893 - INFO - INVALID
智驾科技企业地平线今起招股，阿里巴巴、百度等为基石投资者
https://new.qq.com/rain/a/20241016A01XZM00

2024-10-16 02:12:16,907 - INFO - INVALID
人民币兑美元中间价报7.1191，调贬361个基点
https://new.qq.com/rain/a/20241016A01RMX00

2024-10-16 02:12:16,952 - ERROR - ERROR
大熊猫“宝力”和“青宝”抵达美国首都，美国发布大熊猫最新照片
https://new.qq.com/rain/a/20241016V00XZ100
('list index out of range',)
======
Traceback (most recent call last):
  File "/home/runner/work/qqnews/qqnews/qq.py", line 81, in process_article
    ss = str(tmpbs.select("div.LEFT div.content.clearfix")[0])
             ~~~~~~~~~~~~~~~~~~~~~~~~~~~~~~~~~~~~~~~~~~~~~^^^
IndexError: list index out of range


2024-10-16 02:12:16,972 - INFO - INVALID
跟诺奖唱反调？AI教父杨立昆：人工智能比猫还笨 警告其太危险是胡扯
https://new.qq.com/rain/a/20241016A00ZL000

2024-10-16 02:12:17,136 - INFO - INVALID
美股收盘：阿斯麦业绩暴雷带崩半导体板块 三大指数集体收跌
https://new.qq.com/rain/a/20241016A00M5Z00

2024-10-16 03:16:12,454 - INFO - EXPIRED
女子14.8万卖掉一劳力士表被警方上网追逃，排除嫌疑仍被要求“退赃”
https://new.qq.com/rain/a/20241015A0901900

2024-10-16 03:16:12,454 - INFO - EXPIRED
网友吐槽小区为了改造断水断电、进户刨地挖坑，你遇到过这种情况吗？真的改好了吗？
https://view.inews.qq.com/a/20241012Q09I8Z00

2024-10-16 03:16:12,454 - INFO - EXPIRED
一年两次被列入军队采购暂停名单 星网宇达：正按规定流程与各方沟通
https://new.qq.com/rain/a/20241015A09UBG00

2024-10-16 03:16:12,454 - INFO - EXPIRED
珠海一公司被曝全员37天无休且“没有加班费和调休”，当地人社局介入调查
https://new.qq.com/rain/a/20241015A08SV700

2024-10-16 03:16:12,454 - INFO - EXPIRED
母女入住云南一民宿遭男子强闯，母亲受惊连夜住院，民宿负责人回应
https://new.qq.com/rain/a/20241015A09NOH00

2024-10-16 03:16:12,454 - INFO - EXPIRED
撒哈拉沙漠发洪水，当地人称已有三五十年未见，沙漠为什么会发洪水？
https://view.inews.qq.com/a/20241015Q02MAV00

2024-10-16 03:16:12,454 - INFO - EXPIRED
女子戴鲨鱼夹摔倒重度昏迷进ICU，目前已从医院回家，男友：仍在昏迷
https://new.qq.com/rain/a/20241015A06BLL00

2024-10-16 03:16:12,454 - INFO - EXPIRED
解放军环台军演前是否通报了日本政府？外交部回应
https://new.qq.com/rain/a/20241015A0798T00

2024-10-16 03:16:12,454 - INFO - EXPIRED
德国发生针对中国女性的连环强奸案，当地警方发中文警告
https://new.qq.com/rain/a/20241015A0928A00

2024-10-16 03:16:12,454 - INFO - EXPIRED
纳瓦罗连续退赛，郑钦文锁定总决赛资格！李娜之后中国金花首人
https://new.qq.com/rain/a/20241015A08Y1400

2024-10-16 03:16:12,454 - INFO - EXPIRED
中国航展下月开幕，新型战机、月球背面月壤样品等将首次亮相
https://new.qq.com/rain/a/20241015A08FVG00

2024-10-16 03:16:12,454 - INFO - EXPIRED
男子坐飞机2小时未起身致肺栓塞身亡，这可能吗？2小时不起身后果这么严重？
https://view.inews.qq.com/a/20241015Q06HRC00

2024-10-16 03:16:12,454 - INFO - EXPIRED
iPad mini 7发布：更换A17 Pro处理器，起售价3999元
https://new.qq.com/rain/a/20241015A09BFK00

2024-10-16 03:16:12,454 - INFO - EXPIRED
国台办驳斥赖清德台独谬论
https://new.qq.com/rain/a/20241015A093YW00

2024-10-16 03:16:12,454 - INFO - EXPIRED
但斌、任泽平“隔空互怼”后，双双被禁止关注
https://new.qq.com/rain/a/20241015A091SR00

2024-10-16 03:16:12,454 - INFO - EXPIRED
成都一代驾凌晨遭暴力殴打，e代驾：将帮助被打司机维权
https://new.qq.com/rain/a/20241015A092NY00

2024-10-16 03:16:12,454 - INFO - EXPIRED
顺丰员工拆除京东揽收点被内部奖励1.2万？京东称已报警，顺丰回应
https://new.qq.com/rain/a/20241015A08N3A00

2024-10-16 03:16:12,454 - INFO - EXPIRED
回归训练！全红婵：知道肯定要减重，所以回来前吃了很多
https://new.qq.com/rain/a/20241015A055GT00

2024-10-16 03:16:12,454 - INFO - EXPIRED
在腾讯聊了一下午，我发现“世界第一IP”没让国服玩家白等3年
https://new.qq.com/rain/a/20241015A095OB00

2024-10-16 03:16:12,454 - INFO - EXPIRED
IBM开始调查中国区老员工举报董事长陈旭东“七宗罪”
https://new.qq.com/rain/a/20241015A06OA000

2024-10-16 03:16:12,454 - INFO - EXPIRED
三部门：全面实施水资源费改税试点后，水资源税收入全部归属地方
https://new.qq.com/rain/a/20241015A08C4B00

2024-10-16 03:16:12,454 - INFO - EXPIRED
“听泉鉴宝”停播已近一周，公司：复播时间未定，视身体状况
https://new.qq.com/rain/a/20241015A08H3K00

2024-10-16 03:16:12,454 - INFO - EXPIRED
中国射击双子星同取奥运新周期开门红，阿条姐和干饭哥都夺冠了
https://new.qq.com/rain/a/20241015A06YBN00

2024-10-16 03:16:12,454 - INFO - EXPIRED
湖北一文旅干部酒后大闹酒店，扬言“在竹山我说了算” 官方：已停职
https://new.qq.com/rain/a/20241015A084S100

2024-10-16 03:16:12,454 - INFO - EXPIRED
王健林清空美国传奇影业股权，8年前35亿美元入股成为控股股东
https://new.qq.com/rain/a/20241015A07GMF00

2024-10-16 03:16:12,454 - INFO - EXPIRED
河南省司法厅原厅长王文海病亡，代理律师：应终止诉讼，还未接到尸检结果通知
https://new.qq.com/rain/a/20241015A060P000

2024-10-16 03:16:12,454 - INFO - EXPIRED
海南三村民食用自捕的蟾蜍后中毒，一人去世两人仍在救治
https://new.qq.com/rain/a/20241015A089WR00

2024-10-16 03:16:12,454 - INFO - EXPIRED
杜特尔特再出山，菲律宾“宫斗”大戏上演
https://new.qq.com/rain/a/20241015A082OQ00

2024-10-16 03:16:12,454 - INFO - EXPIRED
陈一平被查，曾任广西公安厅副厅长，退休后举办过书法展
https://new.qq.com/rain/a/20241015A07LXC00

2024-10-16 03:16:12,454 - INFO - EXPIRED
老人开“老头乐”载人冲闸上高速逆行被撞身亡，律师：轿车司机可向“老头乐”方索赔
https://new.qq.com/rain/a/20241015A06FYA00

2024-10-16 03:16:12,454 - INFO - EXPIRED
男子疑因“护士妻子出轨医生”自杀，死者父亲：起诉索赔150余万
https://new.qq.com/rain/a/20241015A07Q4100

2024-10-16 03:16:12,454 - INFO - EXPIRED
金融监管总局、发改委：部署地方建立支持小微企业融资协调工作机制
https://new.qq.com/rain/a/20241015A0793J00

2024-10-16 03:16:12,454 - INFO - EXPIRED
医生收3000元红包事件疑反转，或是“飞刀费”，医患双方怎么看“飞刀”？
https://view.inews.qq.com/a/20241015Q03F7600

2024-10-16 03:16:12,454 - INFO - EXPIRED
辽宁舰编队围绕菲律宾转了一圈？国防部回应
https://new.qq.com/rain/a/20241015A05NF500

2024-10-16 03:16:12,454 - INFO - EXPIRED
全锦赛官宣：3位奥运冠军正式退赛，王楚钦、孙颖莎、王曼昱放弃
https://new.qq.com/rain/a/20241015A06EL100

2024-10-16 03:16:12,455 - INFO - EXPIRED
四川资阳：城区买新房且有就业需求的，一个季度最少推荐3个就业岗位
https://new.qq.com/rain/a/20241015A06TCF00

2024-10-16 03:16:12,455 - INFO - EXPIRED
印度决定召回驻加拿大高级专员及外交人员，两国怎么了？为何“突然交恶”？
https://view.inews.qq.com/a/20241015Q03REC00

2024-10-16 03:16:12,455 - INFO - EXPIRED
广州7天激增437例登革热病例：已出现3例重症
https://new.qq.com/rain/a/20241015A05ELO00

2024-10-16 03:16:12,455 - INFO - EXPIRED
儿子与母亲签订协议“生老病死与己无关”，后续想继承遗产，法院判了
https://new.qq.com/rain/a/20241015A00AF300

2024-10-16 03:16:12,455 - INFO - EXPIRED
江苏一医生殴打患者？官方：双方因排队发生冲突，医生被拉住了，没打
https://new.qq.com/rain/a/20241015A060RQ00

2024-10-16 03:16:12,455 - INFO - EXPIRED
李传良曾实名举报市委书记，知情者：两人最终握手言和，李升为副市长
https://new.qq.com/rain/a/20241014A04IUC00

2024-10-16 03:16:12,455 - INFO - EXPIRED
涉文物大案的河南省司法厅原厅长王文海病亡 知情人士：并非突发疾病
https://new.qq.com/rain/a/20241015A060F400

2024-10-16 03:16:12,455 - INFO - EXPIRED
北京16岁中学生登顶8201米西藏卓奥友峰，明年将挑战珠峰
https://new.qq.com/rain/a/20241015A04UPN00

2024-10-16 03:16:12,455 - INFO - EXPIRED
江苏一看守所提示“禁止给在押人员抽烟”，工作人员：违规会被追责
https://new.qq.com/rain/a/20241015A04ZO100

2024-10-16 03:16:12,455 - INFO - EXPIRED
空气中弥漫着化粪池味道？居民反映济南部分城区异味，城管回应
https://new.qq.com/rain/a/20241015A04V3B00

2024-10-16 03:16:12,455 - INFO - EXPIRED
菲方炒作中国船只撞击菲公务船，中方公布真相
https://new.qq.com/rain/a/20241015A05OYQ00

2024-10-16 03:16:12,455 - INFO - EXPIRED
成都一代驾小哥凌晨遭男子暴力殴打？警方通报
https://new.qq.com/rain/a/20241015A053IY00

2024-10-16 03:16:12,455 - INFO - EXPIRED
伪造上万张处方欺诈骗保，哈尔滨4家涉事药店被立案、13人被刑拘
https://new.qq.com/rain/a/20241015A05ABM00

2024-10-16 03:16:12,455 - INFO - EXPIRED
涉文物大案二审尚未判决，司法厅原厅长突然病亡，知情人透露死因
https://new.qq.com/rain/a/20241015A043RJ00

2024-10-16 03:16:12,455 - INFO - EXPIRED
外交部回应半岛局势：当务之急是避免矛盾进一步激化
https://new.qq.com/rain/a/20241015A05L0100

2024-10-16 03:16:12,455 - INFO - EXPIRED
“价格战”让中国新车市场今年损失1380亿元，谁受益？谁受损？
https://new.qq.com/rain/a/20241015A01XMZ00

2024-10-16 03:16:12,455 - INFO - EXPIRED
华中农大原教授黄飞若再被通报：撤销国家自然科学基金项目，追回资金
https://new.qq.com/rain/a/20241015A00ZTK00

2024-10-16 03:16:12,455 - INFO - EXPIRED
又一波贷款入市“吃亏者”出现，已有投资者被银行提前收回资金
https://new.qq.com/rain/a/20241015A02HL200

2024-10-16 03:16:12,455 - INFO - EXPIRED
江苏一初中副校长出轨已婚女被举报，女方丈夫：这事还是别人告诉我的
https://new.qq.com/rain/a/20241014A08GU700

2024-10-16 03:16:12,455 - INFO - EXPIRED
受贿超5.5亿的王大伟一审被判死缓 用来拉钱的商务车曾被压得上不了坡
https://new.qq.com/rain/a/20241014A07YSX00

2024-10-16 03:16:12,455 - INFO - EXPIRED
网红涌入上海一三甲医院打卡拍照，市民吐槽：占用长椅，影响正常就医
https://new.qq.com/rain/a/20241014A04YGC00

2024-10-16 03:16:12,455 - INFO - EXPIRED
被冒名顶替的25年：“我只想要个正常的人生”
https://new.qq.com/rain/a/20241014A09WDW00

2024-10-16 03:16:12,455 - INFO - EXPIRED
上海一养护院被曝用小房间关残障人士，院方：发病期间强行临时关一下
https://new.qq.com/rain/a/20241015A02YND00

2024-10-16 03:16:12,455 - INFO - EXPIRED
“70后”候补中央委员主动投案，曾被“东突”组织公布照片扬言报复
https://new.qq.com/rain/a/20241014A07LNH00

2024-10-16 03:16:12,455 - INFO - EXPIRED
无证无牌老头乐冲卡高速逆行致2人死亡，撞老头乐的司机要承担10%赔偿吗？
https://view.inews.qq.com/a/20241015Q02RT900

2024-10-16 03:16:12,455 - INFO - EXPIRED
青年数学家陈景润获批国家杰出青年基金，网友：以为穿越了
https://new.qq.com/rain/a/20241015A02V0M00

2024-10-16 03:16:12,455 - INFO - EXPIRED
澳门特区行政长官选举结果经法院确认
https://new.qq.com/rain/a/20241015A03Y3Z00

2024-10-16 03:16:12,455 - INFO - EXPIRED
欧委会主席冯德莱恩：即使对华电动汽车加征关税生效，仍将与中国谈判
https://new.qq.com/rain/a/20241015A01E9500

2024-10-16 03:16:12,455 - INFO - EXPIRED
日本众议院选举竞选活动正式开始
https://new.qq.com/rain/a/20241015A03C8100

2024-10-16 03:16:12,455 - INFO - EXPIRED
青海格尔木有毒气体致6死，当地：经检测确认为硫化氢
https://new.qq.com/rain/a/20241015A052TG00

2024-10-16 03:16:12,455 - INFO - EXPIRED
嫦娥六号月壤首次向全球展出，样品重75毫克
https://new.qq.com/rain/a/20241015A02ONJ00

2024-10-16 03:16:12,455 - INFO - EXPIRED
最高检对新疆维吾尔自治区政协原副主席窦万贵决定逮捕
https://new.qq.com/rain/a/20241015A024CL00

2024-10-16 03:16:12,455 - INFO - EXPIRED
涉案超31亿的原副市长卷钱外逃，真就拿他没辙了吗？媒体解读
https://new.qq.com/rain/a/20241014A041GP00

2024-10-16 03:16:12,455 - INFO - EXPIRED
广西一民办高校百名学生因无学籍被“劝退”，考试院称学校违规招生
https://new.qq.com/rain/a/20241014A085YU00

2024-10-16 03:16:12,455 - INFO - EXPIRED
中学班主任在班级群崩溃发“给我滚”，作为家长你会表示理解还是站出来反对？
https://view.inews.qq.com/a/20241015Q0234M00

2024-10-16 03:16:12,455 - INFO - EXPIRED
“在竹山我说了算！”湖北一干部大闹酒店辱骂他人，本人：我准备戒酒
https://new.qq.com/rain/a/20241014A08OF800

2024-10-16 03:16:12,455 - INFO - EXPIRED
每平米不到4万，上海豫园商圈一商厦流拍，已荒废10余年
https://new.qq.com/rain/a/20241014A09HKQ00

2024-10-16 03:16:12,455 - INFO - EXPIRED
湖南一教师校内驾车撞倒3名学生，致1死2伤，公安机关：刑拘
https://new.qq.com/rain/a/20241015A0190500

2024-10-16 03:16:12,455 - INFO - EXPIRED
山西一学校附近工地水坑发现2名小学生遗体，家属：涉事工地已停工
https://new.qq.com/rain/a/20241015A00WIX00

2024-10-16 03:16:12,455 - INFO - EXPIRED
山东一6岁男孩被送去武校仅两月 被17岁助教殴打成轻伤一级 校方回应
https://new.qq.com/rain/a/20241014A06APK00

2024-10-16 03:16:12,455 - INFO - EXPIRED
中方反制后，“欧盟出此下策被农产品商打爆电话”
https://new.qq.com/rain/a/20241014A07TI500

2024-10-16 03:16:12,455 - INFO - EXPIRED
举债2亿建造的“天下第一水司楼”，花3亿改成度假酒店，这次项目能盘活吗？
https://view.inews.qq.com/a/20241014Q09EA100

2024-10-16 03:16:12,455 - INFO - EXPIRED
小米SU7冲上公交站台致一死一伤 警方通报：司机避让电动车时操作不当
https://new.qq.com/rain/a/20241015A0256R00

2024-10-16 03:16:12,455 - INFO - EXPIRED
重庆一中学通报班主任群里怒骂“都给老子滚”：已暂停其教学工作
https://new.qq.com/rain/a/20241015A03LZW00

2024-10-16 03:16:13,379 - INFO - INVALID
国台办再评赖清德“双十”讲话：不折不扣的“台独”分裂主张
https://new.qq.com/rain/a/20241016A02KDN00

2024-10-16 03:16:13,386 - INFO - INVALID
10家内地电动车涌入香港：宝马、保时捷让位小鹏、腾势，租金翻倍上涨
https://new.qq.com/rain/a/20241016A02C2H00

2024-10-16 03:16:13,454 - INFO - INVALID
美国军火商多笔对台军售抬价欺诈，民进党当局却为其辩护，国台办回应
https://new.qq.com/rain/a/20241016A02SVZ00

2024-10-16 03:16:13,458 - INFO - INVALID
5人先后6次故意杀人、抢劫致6人死亡 一审3人被判死刑1人死缓1人无期
https://new.qq.com/rain/a/20241016A02EIG00

2024-10-16 03:16:13,463 - INFO - INVALID
上合组织成员国政府首脑理事会召开，巴基斯坦总理设晚宴欢迎
https://new.qq.com/rain/a/20241016A00T3U00

2024-10-16 03:16:13,668 - INFO - INVALID
黎巴嫩当局：累计共遭到以色列超一万次袭击
https://new.qq.com/rain/a/20241016A02Z0P00

2024-10-16 03:16:13,749 - INFO - INVALID
存款利率又要降？市场预计或于本月落地 可对冲存量房贷下调影响
https://new.qq.com/rain/a/20241016A01OXS00

2024-10-16 03:16:13,758 - INFO - INVALID
光刻机巨头阿斯麦利空财报遭错误提前发布 引爆美股半导体板块恐慌
https://new.qq.com/rain/a/20241016A00COD00

2024-10-16 03:16:13,858 - INFO - INVALID
中国驻洛杉矶领馆：有留学人员因曾寻求代写论文被美执法部门遣返
https://new.qq.com/rain/a/20241016A011YW00

2024-10-16 03:16:13,893 - INFO - INVALID
市委书记、厅长、市长、副市长、区委书记、区长、局长等55名公职人员被问责，新余“1·24”特别重大火灾事故相关责任人被严肃查处！
https://new.qq.com/rain/a/20241016A01S5700

2024-10-16 03:16:13,971 - INFO - INVALID
国考报名启动，外交部、水利部、证监会等发文“欢迎报考”
https://new.qq.com/rain/a/20241016A00VDM00

2024-10-16 03:16:14,115 - INFO - INVALID
章泽天加入“光明会”？京东：刘强东夫妇遭有组织造谣抹黑，已报案
https://new.qq.com/rain/a/20241016A01GEF00

2024-10-16 03:16:14,130 - INFO - INVALID
各地最低工资标准公布，上海最高，吉林、湖南、云南等地有上调
https://new.qq.com/rain/a/20241016A01G2200

2024-10-16 03:16:14,152 - INFO - SUCCESS
大模型六小虎大逃杀开启 _ AI光年
https://new.qq.com/rain/a/20241016A01L1600

2024-10-16 03:16:14,254 - INFO - INVALID
当集采“螺丝拧紧”、进口药难开，商保和民营医院开始寻觅新生意
https://new.qq.com/rain/a/20241016A01V5B00

2024-10-16 03:16:14,330 - INFO - INVALID
私家车变身网约车接单时出事故：保险公司拒赔，车主起诉被驳
https://new.qq.com/rain/a/20241016A00VEH00

2024-10-16 03:16:14,406 - INFO - INVALID
智驾科技企业地平线今起招股，阿里巴巴、百度等为基石投资者
https://new.qq.com/rain/a/20241016A01XZM00

2024-10-16 03:16:14,504 - INFO - INVALID
人民币兑美元中间价报7.1191，调贬361个基点
https://new.qq.com/rain/a/20241016A01RMX00

2024-10-16 03:16:14,509 - INFO - INVALID
跟诺奖唱反调？AI教父杨立昆：人工智能比猫还笨 警告其太危险是胡扯
https://new.qq.com/rain/a/20241016A00ZL000

2024-10-16 03:16:14,527 - ERROR - ERROR
大熊猫“宝力”和“青宝”抵达美国首都，美国发布大熊猫最新照片
https://new.qq.com/rain/a/20241016V00XZ100
('list index out of range',)
======
Traceback (most recent call last):
  File "/home/runner/work/qqnews/qqnews/qq.py", line 81, in process_article
    ss = str(tmpbs.select("div.LEFT div.content.clearfix")[0])
             ~~~~~~~~~~~~~~~~~~~~~~~~~~~~~~~~~~~~~~~~~~~~~^^^
IndexError: list index out of range


2024-10-16 03:16:14,695 - INFO - INVALID
美股收盘：阿斯麦业绩暴雷带崩半导体板块 三大指数集体收跌
https://new.qq.com/rain/a/20241016A00M5Z00

2024-10-16 04:09:35,029 - INFO - EXPIRED
老头乐冲卡上高速逆行致2人死亡，收费站人员拦了没拦住，这种情况收费站要担责吗？
https://view.inews.qq.com/a/20241015Q09F2700

2024-10-16 04:09:35,029 - INFO - EXPIRED
女子14.8万卖掉一劳力士表被警方上网追逃，排除嫌疑仍被要求“退赃”
https://new.qq.com/rain/a/20241015A0901900

2024-10-16 04:09:35,029 - INFO - EXPIRED
郑钦文官宣退出宁波公开赛：出现伤病和感冒 已锁定总决赛资格
https://new.qq.com/rain/a/20241015A0921W00

2024-10-16 04:09:35,029 - INFO - EXPIRED
一年两次被列入军队采购暂停名单 星网宇达：正按规定流程与各方沟通
https://new.qq.com/rain/a/20241015A09UBG00

2024-10-16 04:09:35,029 - INFO - EXPIRED
珠海一公司被曝全员37天无休且“没有加班费和调休”，当地人社局介入调查
https://new.qq.com/rain/a/20241015A08SV700

2024-10-16 04:09:35,030 - INFO - EXPIRED
母女入住云南一民宿遭男子强闯，母亲受惊连夜住院，民宿负责人回应
https://new.qq.com/rain/a/20241015A09NOH00

2024-10-16 04:09:35,030 - INFO - EXPIRED
撒哈拉沙漠发洪水，当地人称已有三五十年未见，沙漠为什么会发洪水？
https://view.inews.qq.com/a/20241015Q02MAV00

2024-10-16 04:09:35,030 - INFO - EXPIRED
女子戴鲨鱼夹摔倒重度昏迷进ICU，目前已从医院回家，男友：仍在昏迷
https://new.qq.com/rain/a/20241015A06BLL00

2024-10-16 04:09:35,030 - INFO - EXPIRED
解放军环台军演前是否通报了日本政府？外交部回应
https://new.qq.com/rain/a/20241015A0798T00

2024-10-16 04:09:35,030 - INFO - EXPIRED
德国发生针对中国女性的连环强奸案，当地警方发中文警告
https://new.qq.com/rain/a/20241015A0928A00

2024-10-16 04:09:35,030 - INFO - EXPIRED
纳瓦罗连续退赛，郑钦文锁定总决赛资格！李娜之后中国金花首人
https://new.qq.com/rain/a/20241015A08Y1400

2024-10-16 04:09:35,030 - INFO - EXPIRED
中国航展下月开幕，新型战机、月球背面月壤样品等将首次亮相
https://new.qq.com/rain/a/20241015A08FVG00

2024-10-16 04:09:35,030 - INFO - EXPIRED
男子坐飞机2小时未起身致肺栓塞身亡，这可能吗？2小时不起身后果这么严重？
https://view.inews.qq.com/a/20241015Q06HRC00

2024-10-16 04:09:35,030 - INFO - EXPIRED
iPad mini 7发布：更换A17 Pro处理器，起售价3999元
https://new.qq.com/rain/a/20241015A09BFK00

2024-10-16 04:09:35,030 - INFO - EXPIRED
国台办驳斥赖清德台独谬论
https://new.qq.com/rain/a/20241015A093YW00

2024-10-16 04:09:35,030 - INFO - EXPIRED
但斌、任泽平“隔空互怼”后，双双被禁止关注
https://new.qq.com/rain/a/20241015A091SR00

2024-10-16 04:09:35,030 - INFO - EXPIRED
成都一代驾凌晨遭暴力殴打，e代驾：将帮助被打司机维权
https://new.qq.com/rain/a/20241015A092NY00

2024-10-16 04:09:35,030 - INFO - EXPIRED
顺丰员工拆除京东揽收点被内部奖励1.2万？京东称已报警，顺丰回应
https://new.qq.com/rain/a/20241015A08N3A00

2024-10-16 04:09:35,030 - INFO - EXPIRED
回归训练！全红婵：知道肯定要减重，所以回来前吃了很多
https://new.qq.com/rain/a/20241015A055GT00

2024-10-16 04:09:35,030 - INFO - EXPIRED
在腾讯聊了一下午，我发现“世界第一IP”没让国服玩家白等3年
https://new.qq.com/rain/a/20241015A095OB00

2024-10-16 04:09:35,030 - INFO - EXPIRED
IBM开始调查中国区老员工举报董事长陈旭东“七宗罪”
https://new.qq.com/rain/a/20241015A06OA000

2024-10-16 04:09:35,030 - INFO - EXPIRED
三部门：全面实施水资源费改税试点后，水资源税收入全部归属地方
https://new.qq.com/rain/a/20241015A08C4B00

2024-10-16 04:09:35,030 - INFO - EXPIRED
“听泉鉴宝”停播已近一周，公司：复播时间未定，视身体状况
https://new.qq.com/rain/a/20241015A08H3K00

2024-10-16 04:09:35,030 - INFO - EXPIRED
中国射击双子星同取奥运新周期开门红，阿条姐和干饭哥都夺冠了
https://new.qq.com/rain/a/20241015A06YBN00

2024-10-16 04:09:35,030 - INFO - EXPIRED
湖北一文旅干部酒后大闹酒店，扬言“在竹山我说了算” 官方：已停职
https://new.qq.com/rain/a/20241015A084S100

2024-10-16 04:09:35,030 - INFO - EXPIRED
王健林清空美国传奇影业股权，8年前35亿美元入股成为控股股东
https://new.qq.com/rain/a/20241015A07GMF00

2024-10-16 04:09:35,030 - INFO - EXPIRED
河南省司法厅原厅长王文海病亡，代理律师：应终止诉讼，还未接到尸检结果通知
https://new.qq.com/rain/a/20241015A060P000

2024-10-16 04:09:35,030 - INFO - EXPIRED
海南三村民食用自捕的蟾蜍后中毒，一人去世两人仍在救治
https://new.qq.com/rain/a/20241015A089WR00

2024-10-16 04:09:35,030 - INFO - EXPIRED
杜特尔特再出山，菲律宾“宫斗”大戏上演
https://new.qq.com/rain/a/20241015A082OQ00

2024-10-16 04:09:35,030 - INFO - EXPIRED
陈一平被查，曾任广西公安厅副厅长，退休后举办过书法展
https://new.qq.com/rain/a/20241015A07LXC00

2024-10-16 04:09:35,030 - INFO - EXPIRED
老人开“老头乐”载人冲闸上高速逆行被撞身亡，律师：轿车司机可向“老头乐”方索赔
https://new.qq.com/rain/a/20241015A06FYA00

2024-10-16 04:09:35,030 - INFO - EXPIRED
男子疑因“护士妻子出轨医生”自杀，死者父亲：起诉索赔150余万
https://new.qq.com/rain/a/20241015A07Q4100

2024-10-16 04:09:35,030 - INFO - EXPIRED
金融监管总局、发改委：部署地方建立支持小微企业融资协调工作机制
https://new.qq.com/rain/a/20241015A0793J00

2024-10-16 04:09:35,030 - INFO - EXPIRED
医生收3000元红包事件疑反转，或是“飞刀费”，医患双方怎么看“飞刀”？
https://view.inews.qq.com/a/20241015Q03F7600

2024-10-16 04:09:35,030 - INFO - EXPIRED
辽宁舰编队围绕菲律宾转了一圈？国防部回应
https://new.qq.com/rain/a/20241015A05NF500

2024-10-16 04:09:35,030 - INFO - EXPIRED
全锦赛官宣：3位奥运冠军正式退赛，王楚钦、孙颖莎、王曼昱放弃
https://new.qq.com/rain/a/20241015A06EL100

2024-10-16 04:09:35,030 - INFO - EXPIRED
四川资阳：城区买新房且有就业需求的，一个季度最少推荐3个就业岗位
https://new.qq.com/rain/a/20241015A06TCF00

2024-10-16 04:09:35,030 - INFO - EXPIRED
印度决定召回驻加拿大高级专员及外交人员，两国怎么了？为何“突然交恶”？
https://view.inews.qq.com/a/20241015Q03REC00

2024-10-16 04:09:35,030 - INFO - EXPIRED
广州7天激增437例登革热病例：已出现3例重症
https://new.qq.com/rain/a/20241015A05ELO00

2024-10-16 04:09:35,030 - INFO - EXPIRED
儿子与母亲签订协议“生老病死与己无关”，后续想继承遗产，法院判了
https://new.qq.com/rain/a/20241015A00AF300

2024-10-16 04:09:35,030 - INFO - EXPIRED
江苏一医生殴打患者？官方：双方因排队发生冲突，医生被拉住了，没打
https://new.qq.com/rain/a/20241015A060RQ00

2024-10-16 04:09:35,030 - INFO - EXPIRED
李传良曾实名举报市委书记，知情者：两人最终握手言和，李升为副市长
https://new.qq.com/rain/a/20241014A04IUC00

2024-10-16 04:09:35,030 - INFO - EXPIRED
涉文物大案的河南省司法厅原厅长王文海病亡 知情人士：并非突发疾病
https://new.qq.com/rain/a/20241015A060F400

2024-10-16 04:09:35,030 - INFO - EXPIRED
北京16岁中学生登顶8201米西藏卓奥友峰，明年将挑战珠峰
https://new.qq.com/rain/a/20241015A04UPN00

2024-10-16 04:09:35,030 - INFO - EXPIRED
江苏一看守所提示“禁止给在押人员抽烟”，工作人员：违规会被追责
https://new.qq.com/rain/a/20241015A04ZO100

2024-10-16 04:09:35,030 - INFO - EXPIRED
空气中弥漫着化粪池味道？居民反映济南部分城区异味，城管回应
https://new.qq.com/rain/a/20241015A04V3B00

2024-10-16 04:09:35,030 - INFO - EXPIRED
菲方炒作中国船只撞击菲公务船，中方公布真相
https://new.qq.com/rain/a/20241015A05OYQ00

2024-10-16 04:09:35,030 - INFO - EXPIRED
成都一代驾小哥凌晨遭男子暴力殴打？警方通报
https://new.qq.com/rain/a/20241015A053IY00

2024-10-16 04:09:35,030 - INFO - EXPIRED
伪造上万张处方欺诈骗保，哈尔滨4家涉事药店被立案、13人被刑拘
https://new.qq.com/rain/a/20241015A05ABM00

2024-10-16 04:09:35,030 - INFO - EXPIRED
涉文物大案二审尚未判决，司法厅原厅长突然病亡，知情人透露死因
https://new.qq.com/rain/a/20241015A043RJ00

2024-10-16 04:09:35,030 - INFO - EXPIRED
外交部回应半岛局势：当务之急是避免矛盾进一步激化
https://new.qq.com/rain/a/20241015A05L0100

2024-10-16 04:09:35,030 - INFO - EXPIRED
“价格战”让中国新车市场今年损失1380亿元，谁受益？谁受损？
https://new.qq.com/rain/a/20241015A01XMZ00

2024-10-16 04:09:35,030 - INFO - EXPIRED
华中农大原教授黄飞若再被通报：撤销国家自然科学基金项目，追回资金
https://new.qq.com/rain/a/20241015A00ZTK00

2024-10-16 04:09:35,030 - INFO - EXPIRED
又一波贷款入市“吃亏者”出现，已有投资者被银行提前收回资金
https://new.qq.com/rain/a/20241015A02HL200

2024-10-16 04:09:35,030 - INFO - EXPIRED
江苏一初中副校长出轨已婚女被举报，女方丈夫：这事还是别人告诉我的
https://new.qq.com/rain/a/20241014A08GU700

2024-10-16 04:09:35,030 - INFO - EXPIRED
受贿超5.5亿的王大伟一审被判死缓 用来拉钱的商务车曾被压得上不了坡
https://new.qq.com/rain/a/20241014A07YSX00

2024-10-16 04:09:35,030 - INFO - EXPIRED
网红涌入上海一三甲医院打卡拍照，市民吐槽：占用长椅，影响正常就医
https://new.qq.com/rain/a/20241014A04YGC00

2024-10-16 04:09:35,030 - INFO - EXPIRED
被冒名顶替的25年：“我只想要个正常的人生”
https://new.qq.com/rain/a/20241014A09WDW00

2024-10-16 04:09:35,031 - INFO - EXPIRED
上海一养护院被曝用小房间关残障人士，院方：发病期间强行临时关一下
https://new.qq.com/rain/a/20241015A02YND00

2024-10-16 04:09:35,031 - INFO - EXPIRED
“70后”候补中央委员主动投案，曾被“东突”组织公布照片扬言报复
https://new.qq.com/rain/a/20241014A07LNH00

2024-10-16 04:09:35,031 - INFO - EXPIRED
无证无牌老头乐冲卡高速逆行致2人死亡，撞老头乐的司机要承担10%赔偿吗？
https://view.inews.qq.com/a/20241015Q02RT900

2024-10-16 04:09:35,031 - INFO - EXPIRED
青年数学家陈景润获批国家杰出青年基金，网友：以为穿越了
https://new.qq.com/rain/a/20241015A02V0M00

2024-10-16 04:09:35,031 - INFO - EXPIRED
澳门特区行政长官选举结果经法院确认
https://new.qq.com/rain/a/20241015A03Y3Z00

2024-10-16 04:09:35,031 - INFO - EXPIRED
欧委会主席冯德莱恩：即使对华电动汽车加征关税生效，仍将与中国谈判
https://new.qq.com/rain/a/20241015A01E9500

2024-10-16 04:09:35,031 - INFO - EXPIRED
日本众议院选举竞选活动正式开始
https://new.qq.com/rain/a/20241015A03C8100

2024-10-16 04:09:35,031 - INFO - EXPIRED
青海格尔木有毒气体致6死，当地：经检测确认为硫化氢
https://new.qq.com/rain/a/20241015A052TG00

2024-10-16 04:09:35,031 - INFO - EXPIRED
嫦娥六号月壤首次向全球展出，样品重75毫克
https://new.qq.com/rain/a/20241015A02ONJ00

2024-10-16 04:09:35,031 - INFO - EXPIRED
最高检对新疆维吾尔自治区政协原副主席窦万贵决定逮捕
https://new.qq.com/rain/a/20241015A024CL00

2024-10-16 04:09:35,031 - INFO - EXPIRED
涉案超31亿的原副市长卷钱外逃，真就拿他没辙了吗？媒体解读
https://new.qq.com/rain/a/20241014A041GP00

2024-10-16 04:09:35,621 - ERROR - ERROR
美国前总统卡特百岁完成最后的心愿，给哈里斯投了一票
https://new.qq.com/rain/a/20241016V03D2Q00
('list index out of range',)
======
Traceback (most recent call last):
  File "/home/runner/work/qqnews/qqnews/qq.py", line 81, in process_article
    ss = str(tmpbs.select("div.LEFT div.content.clearfix")[0])
             ~~~~~~~~~~~~~~~~~~~~~~~~~~~~~~~~~~~~~~~~~~~~~^^^
IndexError: list index out of range


2024-10-16 04:09:35,637 - INFO - INVALID
数十亩优质水稻因“权属”问题被毁，老农落泪：还有30天就能收割
https://new.qq.com/rain/a/20241016A03BZ400

2024-10-16 04:09:35,712 - INFO - INVALID
上合组织成员国政府首脑理事会召开，巴基斯坦总理设晚宴欢迎
https://new.qq.com/rain/a/20241016A00T3U00

2024-10-16 04:09:35,724 - INFO - INVALID
蔡英文赴捷克，中国驻捷克大使馆发声
https://new.qq.com/rain/a/20241016A03AGR00

2024-10-16 04:09:35,923 - INFO - INVALID
一个阿富汗女人的来信
https://new.qq.com/rain/a/20241016A02MSE00

2024-10-16 04:09:35,977 - INFO - INVALID
12月起31个省份将全部用水资源税替代此前收费，水价会涨吗？专家解读
https://new.qq.com/rain/a/20241016A03BTN00

2024-10-16 04:09:36,061 - INFO - INVALID
马来西亚前总理马哈蒂尔因肺部感染送医治疗
https://new.qq.com/rain/a/20241016A03Y8200

2024-10-16 04:09:36,066 - INFO - INVALID
李家超：合资格外国人员赴内地“一签多行”有效期增至五年
https://new.qq.com/rain/a/20241016A03Y0D00

2024-10-16 04:09:36,114 - INFO - INVALID
美国军火商多笔对台军售抬价欺诈，民进党当局却为其辩护，国台办回应
https://new.qq.com/rain/a/20241016A02SVZ00

2024-10-16 04:09:36,254 - INFO - INVALID
国台办再评赖清德“双十”讲话：不折不扣的“台独”分裂主张
https://new.qq.com/rain/a/20241016A02KDN00

2024-10-16 04:09:36,307 - INFO - INVALID
5人先后6次故意杀人、抢劫致6人死亡 一审3人被判死刑1人死缓1人无期
https://new.qq.com/rain/a/20241016A02EIG00

2024-10-16 04:09:36,392 - INFO - INVALID
10家内地电动车涌入香港：宝马、保时捷让位小鹏、腾势，租金翻倍上涨
https://new.qq.com/rain/a/20241016A02C2H00

2024-10-16 04:09:36,473 - INFO - INVALID
哪吒汽车回应欠薪传闻：一线人员工资已发放，中层和高管在做股权优化和薪资架构调整
https://new.qq.com/rain/a/20241016A03X6F00

2024-10-16 04:09:36,535 - INFO - INVALID
李家超：香港将优化“新资本投资者入境计划”
https://new.qq.com/rain/a/20241016A03PYC00

2024-10-16 04:09:36,657 - INFO - INVALID
社科院课题组：建议出台老年人增收计划，鼓励低龄老年人就业增收
https://new.qq.com/rain/a/20241016A02F8E00

2024-10-16 04:09:36,806 - INFO - INVALID
市委书记、厅长、市长、副市长、区委书记、区长、局长等55名公职人员被问责，新余“1·24”特别重大火灾事故相关责任人被严肃查处！
https://new.qq.com/rain/a/20241016A01S5700

2024-10-16 04:09:36,818 - INFO - INVALID
中国驻洛杉矶领馆：有留学人员因曾寻求代写论文被美执法部门遣返
https://new.qq.com/rain/a/20241016A011YW00

2024-10-16 04:09:36,868 - INFO - INVALID
黎巴嫩当局：累计共遭到以色列超一万次袭击
https://new.qq.com/rain/a/20241016A02Z0P00

2024-10-16 04:09:36,959 - INFO - INVALID
光刻机巨头阿斯麦利空财报遭错误提前发布 引爆美股半导体板块恐慌
https://new.qq.com/rain/a/20241016A00COD00

2024-10-16 04:09:37,038 - INFO - INVALID
存款利率又要降？市场预计或于本月落地 可对冲存量房贷下调影响
https://new.qq.com/rain/a/20241016A01OXS00

2024-10-16 04:09:37,141 - INFO - INVALID
国考报名启动，外交部、水利部、证监会等发文“欢迎报考”
https://new.qq.com/rain/a/20241016A00VDM00

2024-10-16 04:09:37,156 - INFO - INVALID
章泽天加入“光明会”？京东：刘强东夫妇遭有组织造谣抹黑，已报案
https://new.qq.com/rain/a/20241016A01GEF00

2024-10-16 04:09:37,259 - INFO - INVALID
各地最低工资标准公布，上海最高，吉林、湖南、云南等地有上调
https://new.qq.com/rain/a/20241016A01G2200

2024-10-16 04:09:37,291 - INFO - EXIST
大模型六小虎大逃杀开启 _ AI光年
https://new.qq.com/rain/a/20241016A01L1600

2024-10-16 04:09:37,383 - INFO - INVALID
当集采“螺丝拧紧”、进口药难开，商保和民营医院开始寻觅新生意
https://new.qq.com/rain/a/20241016A01V5B00

2024-10-16 04:09:37,471 - INFO - INVALID
私家车变身网约车接单时出事故：保险公司拒赔，车主起诉被驳
https://new.qq.com/rain/a/20241016A00VEH00

2024-10-16 04:09:37,518 - INFO - INVALID
智驾科技企业地平线今起招股，阿里巴巴、百度等为基石投资者
https://new.qq.com/rain/a/20241016A01XZM00

2024-10-16 04:09:37,602 - INFO - INVALID
人民币兑美元中间价报7.1191，调贬361个基点
https://new.qq.com/rain/a/20241016A01RMX00

2024-10-16 04:09:37,675 - INFO - INVALID
跟诺奖唱反调？AI教父杨立昆：人工智能比猫还笨 警告其太危险是胡扯
https://new.qq.com/rain/a/20241016A00ZL000

2024-10-16 04:09:37,692 - ERROR - ERROR
大熊猫“宝力”和“青宝”抵达美国首都，美国发布大熊猫最新照片
https://new.qq.com/rain/a/20241016V00XZ100
('list index out of range',)
======
Traceback (most recent call last):
  File "/home/runner/work/qqnews/qqnews/qq.py", line 81, in process_article
    ss = str(tmpbs.select("div.LEFT div.content.clearfix")[0])
             ~~~~~~~~~~~~~~~~~~~~~~~~~~~~~~~~~~~~~~~~~~~~~^^^
IndexError: list index out of range


2024-10-16 04:09:37,980 - INFO - INVALID
美股收盘：阿斯麦业绩暴雷带崩半导体板块 三大指数集体收跌
https://new.qq.com/rain/a/20241016A00M5Z00

2024-10-16 05:07:58,309 - INFO - EXPIRED
“股民人均4天赚5万、搏一搏单车变摩托”，股市里哪些话听着诱惑却不能信？
https://view.inews.qq.com/a/20241015Q09TY800

2024-10-16 05:07:58,309 - INFO - EXPIRED
老头乐冲卡上高速逆行致2人死亡，收费站人员拦了没拦住，这种情况收费站要担责吗？
https://view.inews.qq.com/a/20241015Q09F2700

2024-10-16 05:07:58,309 - INFO - EXPIRED
女子14.8万卖掉一劳力士表被警方上网追逃，排除嫌疑仍被要求“退赃”
https://new.qq.com/rain/a/20241015A0901900

2024-10-16 05:07:58,309 - INFO - EXPIRED
郑钦文官宣退出宁波公开赛：出现伤病和感冒 已锁定总决赛资格
https://new.qq.com/rain/a/20241015A0921W00

2024-10-16 05:07:58,309 - INFO - EXPIRED
一年两次被列入军队采购暂停名单 星网宇达：正按规定流程与各方沟通
https://new.qq.com/rain/a/20241015A09UBG00

2024-10-16 05:07:58,309 - INFO - EXPIRED
珠海一公司被曝全员37天无休且“没有加班费和调休”，当地人社局介入调查
https://new.qq.com/rain/a/20241015A08SV700

2024-10-16 05:07:58,309 - INFO - EXPIRED
母女入住云南一民宿遭男子强闯，母亲受惊连夜住院，民宿负责人回应
https://new.qq.com/rain/a/20241015A09NOH00

2024-10-16 05:07:58,309 - INFO - EXPIRED
撒哈拉沙漠发洪水，当地人称已有三五十年未见，沙漠为什么会发洪水？
https://view.inews.qq.com/a/20241015Q02MAV00

2024-10-16 05:07:58,310 - INFO - EXPIRED
女子戴鲨鱼夹摔倒重度昏迷进ICU，目前已从医院回家，男友：仍在昏迷
https://new.qq.com/rain/a/20241015A06BLL00

2024-10-16 05:07:58,310 - INFO - EXPIRED
解放军环台军演前是否通报了日本政府？外交部回应
https://new.qq.com/rain/a/20241015A0798T00

2024-10-16 05:07:58,310 - INFO - EXPIRED
德国发生针对中国女性的连环强奸案，当地警方发中文警告
https://new.qq.com/rain/a/20241015A0928A00

2024-10-16 05:07:58,310 - INFO - EXPIRED
纳瓦罗连续退赛，郑钦文锁定总决赛资格！李娜之后中国金花首人
https://new.qq.com/rain/a/20241015A08Y1400

2024-10-16 05:07:58,310 - INFO - EXPIRED
中国航展下月开幕，新型战机、月球背面月壤样品等将首次亮相
https://new.qq.com/rain/a/20241015A08FVG00

2024-10-16 05:07:58,310 - INFO - EXPIRED
男子坐飞机2小时未起身致肺栓塞身亡，这可能吗？2小时不起身后果这么严重？
https://view.inews.qq.com/a/20241015Q06HRC00

2024-10-16 05:07:58,310 - INFO - EXPIRED
iPad mini 7发布：更换A17 Pro处理器，起售价3999元
https://new.qq.com/rain/a/20241015A09BFK00

2024-10-16 05:07:58,310 - INFO - EXPIRED
国台办驳斥赖清德台独谬论
https://new.qq.com/rain/a/20241015A093YW00

2024-10-16 05:07:58,310 - INFO - EXPIRED
但斌、任泽平“隔空互怼”后，双双被禁止关注
https://new.qq.com/rain/a/20241015A091SR00

2024-10-16 05:07:58,310 - INFO - EXPIRED
成都一代驾凌晨遭暴力殴打，e代驾：将帮助被打司机维权
https://new.qq.com/rain/a/20241015A092NY00

2024-10-16 05:07:58,310 - INFO - EXPIRED
顺丰员工拆除京东揽收点被内部奖励1.2万？京东称已报警，顺丰回应
https://new.qq.com/rain/a/20241015A08N3A00

2024-10-16 05:07:58,310 - INFO - EXPIRED
回归训练！全红婵：知道肯定要减重，所以回来前吃了很多
https://new.qq.com/rain/a/20241015A055GT00

2024-10-16 05:07:58,310 - INFO - EXPIRED
在腾讯聊了一下午，我发现“世界第一IP”没让国服玩家白等3年
https://new.qq.com/rain/a/20241015A095OB00

2024-10-16 05:07:58,310 - INFO - EXPIRED
IBM开始调查中国区老员工举报董事长陈旭东“七宗罪”
https://new.qq.com/rain/a/20241015A06OA000

2024-10-16 05:07:58,310 - INFO - EXPIRED
三部门：全面实施水资源费改税试点后，水资源税收入全部归属地方
https://new.qq.com/rain/a/20241015A08C4B00

2024-10-16 05:07:58,310 - INFO - EXPIRED
“听泉鉴宝”停播已近一周，公司：复播时间未定，视身体状况
https://new.qq.com/rain/a/20241015A08H3K00

2024-10-16 05:07:58,310 - INFO - EXPIRED
中国射击双子星同取奥运新周期开门红，阿条姐和干饭哥都夺冠了
https://new.qq.com/rain/a/20241015A06YBN00

2024-10-16 05:07:58,310 - INFO - EXPIRED
湖北一文旅干部酒后大闹酒店，扬言“在竹山我说了算” 官方：已停职
https://new.qq.com/rain/a/20241015A084S100

2024-10-16 05:07:58,310 - INFO - EXPIRED
王健林清空美国传奇影业股权，8年前35亿美元入股成为控股股东
https://new.qq.com/rain/a/20241015A07GMF00

2024-10-16 05:07:58,310 - INFO - EXPIRED
河南省司法厅原厅长王文海病亡，代理律师：应终止诉讼，还未接到尸检结果通知
https://new.qq.com/rain/a/20241015A060P000

2024-10-16 05:07:58,310 - INFO - EXPIRED
海南三村民食用自捕的蟾蜍后中毒，一人去世两人仍在救治
https://new.qq.com/rain/a/20241015A089WR00

2024-10-16 05:07:58,310 - INFO - EXPIRED
杜特尔特再出山，菲律宾“宫斗”大戏上演
https://new.qq.com/rain/a/20241015A082OQ00

2024-10-16 05:07:58,310 - INFO - EXPIRED
陈一平被查，曾任广西公安厅副厅长，退休后举办过书法展
https://new.qq.com/rain/a/20241015A07LXC00

2024-10-16 05:07:58,310 - INFO - EXPIRED
老人开“老头乐”载人冲闸上高速逆行被撞身亡，律师：轿车司机可向“老头乐”方索赔
https://new.qq.com/rain/a/20241015A06FYA00

2024-10-16 05:07:58,310 - INFO - EXPIRED
男子疑因“护士妻子出轨医生”自杀，死者父亲：起诉索赔150余万
https://new.qq.com/rain/a/20241015A07Q4100

2024-10-16 05:07:58,310 - INFO - EXPIRED
金融监管总局、发改委：部署地方建立支持小微企业融资协调工作机制
https://new.qq.com/rain/a/20241015A0793J00

2024-10-16 05:07:58,310 - INFO - EXPIRED
医生收3000元红包事件疑反转，或是“飞刀费”，医患双方怎么看“飞刀”？
https://view.inews.qq.com/a/20241015Q03F7600

2024-10-16 05:07:58,310 - INFO - EXPIRED
辽宁舰编队围绕菲律宾转了一圈？国防部回应
https://new.qq.com/rain/a/20241015A05NF500

2024-10-16 05:07:58,310 - INFO - EXPIRED
全锦赛官宣：3位奥运冠军正式退赛，王楚钦、孙颖莎、王曼昱放弃
https://new.qq.com/rain/a/20241015A06EL100

2024-10-16 05:07:58,310 - INFO - EXPIRED
四川资阳：城区买新房且有就业需求的，一个季度最少推荐3个就业岗位
https://new.qq.com/rain/a/20241015A06TCF00

2024-10-16 05:07:58,310 - INFO - EXPIRED
印度决定召回驻加拿大高级专员及外交人员，两国怎么了？为何“突然交恶”？
https://view.inews.qq.com/a/20241015Q03REC00

2024-10-16 05:07:58,310 - INFO - EXPIRED
广州7天激增437例登革热病例：已出现3例重症
https://new.qq.com/rain/a/20241015A05ELO00

2024-10-16 05:07:58,310 - INFO - EXPIRED
儿子与母亲签订协议“生老病死与己无关”，后续想继承遗产，法院判了
https://new.qq.com/rain/a/20241015A00AF300

2024-10-16 05:07:58,310 - INFO - EXPIRED
江苏一医生殴打患者？官方：双方因排队发生冲突，医生被拉住了，没打
https://new.qq.com/rain/a/20241015A060RQ00

2024-10-16 05:07:58,310 - INFO - EXPIRED
李传良曾实名举报市委书记，知情者：两人最终握手言和，李升为副市长
https://new.qq.com/rain/a/20241014A04IUC00

2024-10-16 05:07:58,310 - INFO - EXPIRED
涉文物大案的河南省司法厅原厅长王文海病亡 知情人士：并非突发疾病
https://new.qq.com/rain/a/20241015A060F400

2024-10-16 05:07:58,310 - INFO - EXPIRED
北京16岁中学生登顶8201米西藏卓奥友峰，明年将挑战珠峰
https://new.qq.com/rain/a/20241015A04UPN00

2024-10-16 05:07:58,310 - INFO - EXPIRED
江苏一看守所提示“禁止给在押人员抽烟”，工作人员：违规会被追责
https://new.qq.com/rain/a/20241015A04ZO100

2024-10-16 05:07:58,310 - INFO - EXPIRED
空气中弥漫着化粪池味道？居民反映济南部分城区异味，城管回应
https://new.qq.com/rain/a/20241015A04V3B00

2024-10-16 05:07:58,310 - INFO - EXPIRED
菲方炒作中国船只撞击菲公务船，中方公布真相
https://new.qq.com/rain/a/20241015A05OYQ00

2024-10-16 05:07:58,310 - INFO - EXPIRED
成都一代驾小哥凌晨遭男子暴力殴打？警方通报
https://new.qq.com/rain/a/20241015A053IY00

2024-10-16 05:07:58,310 - INFO - EXPIRED
伪造上万张处方欺诈骗保，哈尔滨4家涉事药店被立案、13人被刑拘
https://new.qq.com/rain/a/20241015A05ABM00

2024-10-16 05:07:58,310 - INFO - EXPIRED
涉文物大案二审尚未判决，司法厅原厅长突然病亡，知情人透露死因
https://new.qq.com/rain/a/20241015A043RJ00

2024-10-16 05:07:58,310 - INFO - EXPIRED
外交部回应半岛局势：当务之急是避免矛盾进一步激化
https://new.qq.com/rain/a/20241015A05L0100

2024-10-16 05:07:58,310 - INFO - EXPIRED
“价格战”让中国新车市场今年损失1380亿元，谁受益？谁受损？
https://new.qq.com/rain/a/20241015A01XMZ00

2024-10-16 05:07:58,310 - INFO - EXPIRED
华中农大原教授黄飞若再被通报：撤销国家自然科学基金项目，追回资金
https://new.qq.com/rain/a/20241015A00ZTK00

2024-10-16 05:07:58,310 - INFO - EXPIRED
又一波贷款入市“吃亏者”出现，已有投资者被银行提前收回资金
https://new.qq.com/rain/a/20241015A02HL200

2024-10-16 05:07:58,310 - INFO - EXPIRED
江苏一初中副校长出轨已婚女被举报，女方丈夫：这事还是别人告诉我的
https://new.qq.com/rain/a/20241014A08GU700

2024-10-16 05:07:58,310 - INFO - EXPIRED
受贿超5.5亿的王大伟一审被判死缓 用来拉钱的商务车曾被压得上不了坡
https://new.qq.com/rain/a/20241014A07YSX00

2024-10-16 05:07:58,310 - INFO - EXPIRED
网红涌入上海一三甲医院打卡拍照，市民吐槽：占用长椅，影响正常就医
https://new.qq.com/rain/a/20241014A04YGC00

2024-10-16 05:07:58,310 - INFO - EXPIRED
被冒名顶替的25年：“我只想要个正常的人生”
https://new.qq.com/rain/a/20241014A09WDW00

2024-10-16 05:07:58,310 - INFO - EXPIRED
上海一养护院被曝用小房间关残障人士，院方：发病期间强行临时关一下
https://new.qq.com/rain/a/20241015A02YND00

2024-10-16 05:07:58,310 - INFO - EXPIRED
“70后”候补中央委员主动投案，曾被“东突”组织公布照片扬言报复
https://new.qq.com/rain/a/20241014A07LNH00

2024-10-16 05:07:58,310 - INFO - EXPIRED
无证无牌老头乐冲卡高速逆行致2人死亡，撞老头乐的司机要承担10%赔偿吗？
https://view.inews.qq.com/a/20241015Q02RT900

2024-10-16 05:07:58,311 - INFO - EXPIRED
青年数学家陈景润获批国家杰出青年基金，网友：以为穿越了
https://new.qq.com/rain/a/20241015A02V0M00

2024-10-16 05:07:58,311 - INFO - EXPIRED
澳门特区行政长官选举结果经法院确认
https://new.qq.com/rain/a/20241015A03Y3Z00

2024-10-16 05:07:59,008 - INFO - INVALID
又吵上了？外媒：马克龙提醒内塔尼亚胡“以色列根据联合国决议建立”，内塔尼亚胡回应
https://new.qq.com/rain/a/20241016A01VE000

2024-10-16 05:07:59,016 - INFO - INVALID
5人先后6次故意杀人、抢劫致6人死亡 一审3人被判死刑1人死缓1人无期
https://new.qq.com/rain/a/20241016A02EIG00

2024-10-16 05:07:59,033 - INFO - INVALID
蔡英文赴捷克，中国驻捷克大使馆发声
https://new.qq.com/rain/a/20241016A03AGR00

2024-10-16 05:07:59,097 - INFO - INVALID
数十亩优质水稻因“权属”问题被毁，老农落泪：还有30天就能收割
https://new.qq.com/rain/a/20241016A03BZ400

2024-10-16 05:07:59,172 - INFO - INVALID
日本新首相，才上台就公开道歉
https://new.qq.com/rain/a/20241016A03Q6C00

2024-10-16 05:07:59,331 - INFO - INVALID
李家超重磅发声：助力人民币国际化，扩大高才通计划
https://new.qq.com/rain/a/20241016A04FPP00

2024-10-16 05:07:59,363 - INFO - INVALID
劳动仲裁成为求职污点，这些年轻人找不到工作了
https://new.qq.com/rain/a/20241016A02ORC00

2024-10-16 05:07:59,382 - INFO - INVALID
大型金属物落入湖南湘阴境内，外观呈弧形有灼烧痕迹，官方回应
https://new.qq.com/rain/a/20241016A02ZQB00

2024-10-16 05:07:59,489 - INFO - INVALID
被男生泼热水致多处烫伤，6岁女童近日将出院，男生母亲：已鞠躬道歉
https://new.qq.com/rain/a/20241016A046I500

2024-10-16 05:07:59,686 - ERROR - ERROR
美国前总统卡特百岁完成最后的心愿，给哈里斯投了一票
https://new.qq.com/rain/a/20241016V03D2Q00
('list index out of range',)
======
Traceback (most recent call last):
  File "/home/runner/work/qqnews/qqnews/qq.py", line 81, in process_article
    ss = str(tmpbs.select("div.LEFT div.content.clearfix")[0])
             ~~~~~~~~~~~~~~~~~~~~~~~~~~~~~~~~~~~~~~~~~~~~~^^^
IndexError: list index out of range


2024-10-16 05:07:59,777 - INFO - INVALID
一个阿富汗女人的来信
https://new.qq.com/rain/a/20241016A02MSE00

2024-10-16 05:07:59,782 - INFO - INVALID
上合组织成员国政府首脑理事会召开，巴基斯坦总理设晚宴欢迎
https://new.qq.com/rain/a/20241016A00T3U00

2024-10-16 05:07:59,788 - INFO - INVALID
12月起31个省份将全部用水资源税替代此前收费，水价会涨吗？专家解读
https://new.qq.com/rain/a/20241016A03BTN00

2024-10-16 05:07:59,850 - INFO - INVALID
李家超：合资格外国人员赴内地“一签多行”有效期增至五年
https://new.qq.com/rain/a/20241016A03Y0D00

2024-10-16 05:08:00,008 - INFO - INVALID
马来西亚前总理马哈蒂尔因肺部感染送医治疗
https://new.qq.com/rain/a/20241016A03Y8200

2024-10-16 05:08:00,116 - INFO - INVALID
国台办再评赖清德“双十”讲话：不折不扣的“台独”分裂主张
https://new.qq.com/rain/a/20241016A02KDN00

2024-10-16 05:08:00,170 - INFO - INVALID
10家内地电动车涌入香港：宝马、保时捷让位小鹏、腾势，租金翻倍上涨
https://new.qq.com/rain/a/20241016A02C2H00

2024-10-16 05:08:00,192 - INFO - INVALID
哪吒汽车回应欠薪传闻：一线人员工资已发放，中层和高管在做股权优化和薪资架构调整
https://new.qq.com/rain/a/20241016A03X6F00

2024-10-16 05:08:00,218 - INFO - INVALID
美国军火商多笔对台军售抬价欺诈，民进党当局却为其辩护，国台办回应
https://new.qq.com/rain/a/20241016A02SVZ00

2024-10-16 05:08:00,370 - INFO - INVALID
社科院课题组：建议出台老年人增收计划，鼓励低龄老年人就业增收
https://new.qq.com/rain/a/20241016A02F8E00

2024-10-16 05:08:00,532 - INFO - INVALID
中国驻洛杉矶领馆：有留学人员因曾寻求代写论文被美执法部门遣返
https://new.qq.com/rain/a/20241016A011YW00

2024-10-16 05:08:00,568 - INFO - INVALID
光刻机巨头阿斯麦利空财报遭错误提前发布 引爆美股半导体板块恐慌
https://new.qq.com/rain/a/20241016A00COD00

2024-10-16 05:08:00,581 - INFO - INVALID
黎巴嫩当局：累计共遭到以色列超一万次袭击
https://new.qq.com/rain/a/20241016A02Z0P00

2024-10-16 05:08:00,609 - INFO - INVALID
市委书记、厅长、市长、副市长、区委书记、区长、局长等55名公职人员被问责，新余“1·24”特别重大火灾事故相关责任人被严肃查处！
https://new.qq.com/rain/a/20241016A01S5700

2024-10-16 05:08:00,724 - INFO - INVALID
存款利率又要降？市场预计或于本月落地 可对冲存量房贷下调影响
https://new.qq.com/rain/a/20241016A01OXS00

2024-10-16 05:08:00,896 - INFO - INVALID
章泽天加入“光明会”？京东：刘强东夫妇遭有组织造谣抹黑，已报案
https://new.qq.com/rain/a/20241016A01GEF00

2024-10-16 05:08:00,921 - INFO - INVALID
各地最低工资标准公布，上海最高，吉林、湖南、云南等地有上调
https://new.qq.com/rain/a/20241016A01G2200

2024-10-16 05:08:00,949 - INFO - INVALID
国考报名启动，外交部、水利部、证监会等发文“欢迎报考”
https://new.qq.com/rain/a/20241016A00VDM00

2024-10-16 05:08:01,088 - INFO - INVALID
当集采“螺丝拧紧”、进口药难开，商保和民营医院开始寻觅新生意
https://new.qq.com/rain/a/20241016A01V5B00

2024-10-16 05:08:01,230 - INFO - INVALID
私家车变身网约车接单时出事故：保险公司拒赔，车主起诉被驳
https://new.qq.com/rain/a/20241016A00VEH00

2024-10-16 05:08:01,235 - INFO - EXIST
大模型六小虎大逃杀开启 _ AI光年
https://new.qq.com/rain/a/20241016A01L1600

2024-10-16 05:08:01,284 - INFO - INVALID
人民币兑美元中间价报7.1191，调贬361个基点
https://new.qq.com/rain/a/20241016A01RMX00

2024-10-16 05:08:01,322 - INFO - INVALID
智驾科技企业地平线今起招股，阿里巴巴、百度等为基石投资者
https://new.qq.com/rain/a/20241016A01XZM00

2024-10-16 05:08:01,532 - INFO - INVALID
跟诺奖唱反调？AI教父杨立昆：人工智能比猫还笨 警告其太危险是胡扯
https://new.qq.com/rain/a/20241016A00ZL000

2024-10-16 05:08:01,562 - INFO - INVALID
美股收盘：阿斯麦业绩暴雷带崩半导体板块 三大指数集体收跌
https://new.qq.com/rain/a/20241016A00M5Z00

2024-10-16 05:08:01,634 - ERROR - ERROR
大熊猫“宝力”和“青宝”抵达美国首都，美国发布大熊猫最新照片
https://new.qq.com/rain/a/20241016V00XZ100
('list index out of range',)
======
Traceback (most recent call last):
  File "/home/runner/work/qqnews/qqnews/qq.py", line 81, in process_article
    ss = str(tmpbs.select("div.LEFT div.content.clearfix")[0])
             ~~~~~~~~~~~~~~~~~~~~~~~~~~~~~~~~~~~~~~~~~~~~~^^^
IndexError: list index out of range


2024-10-16 06:10:25,208 - INFO - EXPIRED
先嫁一步、生三胎最牛，长沙婚育文化街“嫁校”标语引争议，当地回应
https://new.qq.com/rain/a/20241014A04CVE00

2024-10-16 06:10:25,208 - INFO - EXPIRED
老头乐冲卡上高速逆行致2人死亡，收费站人员拦了没拦住，这种情况收费站要担责吗？
https://view.inews.qq.com/a/20241015Q09F2700

2024-10-16 06:10:25,208 - INFO - EXPIRED
女子14.8万卖掉一劳力士表被警方上网追逃，排除嫌疑仍被要求“退赃”
https://new.qq.com/rain/a/20241015A0901900

2024-10-16 06:10:25,208 - INFO - EXPIRED
郑钦文官宣退出宁波公开赛：出现伤病和感冒 已锁定总决赛资格
https://new.qq.com/rain/a/20241015A0921W00

2024-10-16 06:10:25,208 - INFO - EXPIRED
一年两次被列入军队采购暂停名单 星网宇达：正按规定流程与各方沟通
https://new.qq.com/rain/a/20241015A09UBG00

2024-10-16 06:10:25,208 - INFO - EXPIRED
珠海一公司被曝全员37天无休且“没有加班费和调休”，当地人社局介入调查
https://new.qq.com/rain/a/20241015A08SV700

2024-10-16 06:10:25,208 - INFO - EXPIRED
母女入住云南一民宿遭男子强闯，母亲受惊连夜住院，民宿负责人回应
https://new.qq.com/rain/a/20241015A09NOH00

2024-10-16 06:10:25,208 - INFO - EXPIRED
撒哈拉沙漠发洪水，当地人称已有三五十年未见，沙漠为什么会发洪水？
https://view.inews.qq.com/a/20241015Q02MAV00

2024-10-16 06:10:25,208 - INFO - EXPIRED
女子戴鲨鱼夹摔倒重度昏迷进ICU，目前已从医院回家，男友：仍在昏迷
https://new.qq.com/rain/a/20241015A06BLL00

2024-10-16 06:10:25,208 - INFO - EXPIRED
解放军环台军演前是否通报了日本政府？外交部回应
https://new.qq.com/rain/a/20241015A0798T00

2024-10-16 06:10:25,208 - INFO - EXPIRED
德国发生针对中国女性的连环强奸案，当地警方发中文警告
https://new.qq.com/rain/a/20241015A0928A00

2024-10-16 06:10:25,208 - INFO - EXPIRED
纳瓦罗连续退赛，郑钦文锁定总决赛资格！李娜之后中国金花首人
https://new.qq.com/rain/a/20241015A08Y1400

2024-10-16 06:10:25,208 - INFO - EXPIRED
中国航展下月开幕，新型战机、月球背面月壤样品等将首次亮相
https://new.qq.com/rain/a/20241015A08FVG00

2024-10-16 06:10:25,208 - INFO - EXPIRED
男子坐飞机2小时未起身致肺栓塞身亡，这可能吗？2小时不起身后果这么严重？
https://view.inews.qq.com/a/20241015Q06HRC00

2024-10-16 06:10:25,208 - INFO - EXPIRED
iPad mini 7发布：更换A17 Pro处理器，起售价3999元
https://new.qq.com/rain/a/20241015A09BFK00

2024-10-16 06:10:25,208 - INFO - EXPIRED
国台办驳斥赖清德台独谬论
https://new.qq.com/rain/a/20241015A093YW00

2024-10-16 06:10:25,208 - INFO - EXPIRED
但斌、任泽平“隔空互怼”后，双双被禁止关注
https://new.qq.com/rain/a/20241015A091SR00

2024-10-16 06:10:25,208 - INFO - EXPIRED
成都一代驾凌晨遭暴力殴打，e代驾：将帮助被打司机维权
https://new.qq.com/rain/a/20241015A092NY00

2024-10-16 06:10:25,208 - INFO - EXPIRED
顺丰员工拆除京东揽收点被内部奖励1.2万？京东称已报警，顺丰回应
https://new.qq.com/rain/a/20241015A08N3A00

2024-10-16 06:10:25,208 - INFO - EXPIRED
回归训练！全红婵：知道肯定要减重，所以回来前吃了很多
https://new.qq.com/rain/a/20241015A055GT00

2024-10-16 06:10:25,208 - INFO - EXPIRED
在腾讯聊了一下午，我发现“世界第一IP”没让国服玩家白等3年
https://new.qq.com/rain/a/20241015A095OB00

2024-10-16 06:10:25,208 - INFO - EXPIRED
IBM开始调查中国区老员工举报董事长陈旭东“七宗罪”
https://new.qq.com/rain/a/20241015A06OA000

2024-10-16 06:10:25,208 - INFO - EXPIRED
三部门：全面实施水资源费改税试点后，水资源税收入全部归属地方
https://new.qq.com/rain/a/20241015A08C4B00

2024-10-16 06:10:25,208 - INFO - EXPIRED
“听泉鉴宝”停播已近一周，公司：复播时间未定，视身体状况
https://new.qq.com/rain/a/20241015A08H3K00

2024-10-16 06:10:25,208 - INFO - EXPIRED
中国射击双子星同取奥运新周期开门红，阿条姐和干饭哥都夺冠了
https://new.qq.com/rain/a/20241015A06YBN00

2024-10-16 06:10:25,208 - INFO - EXPIRED
湖北一文旅干部酒后大闹酒店，扬言“在竹山我说了算” 官方：已停职
https://new.qq.com/rain/a/20241015A084S100

2024-10-16 06:10:25,208 - INFO - EXPIRED
王健林清空美国传奇影业股权，8年前35亿美元入股成为控股股东
https://new.qq.com/rain/a/20241015A07GMF00

2024-10-16 06:10:25,208 - INFO - EXPIRED
河南省司法厅原厅长王文海病亡，代理律师：应终止诉讼，还未接到尸检结果通知
https://new.qq.com/rain/a/20241015A060P000

2024-10-16 06:10:25,208 - INFO - EXPIRED
海南三村民食用自捕的蟾蜍后中毒，一人去世两人仍在救治
https://new.qq.com/rain/a/20241015A089WR00

2024-10-16 06:10:25,208 - INFO - EXPIRED
杜特尔特再出山，菲律宾“宫斗”大戏上演
https://new.qq.com/rain/a/20241015A082OQ00

2024-10-16 06:10:25,208 - INFO - EXPIRED
陈一平被查，曾任广西公安厅副厅长，退休后举办过书法展
https://new.qq.com/rain/a/20241015A07LXC00

2024-10-16 06:10:25,208 - INFO - EXPIRED
老人开“老头乐”载人冲闸上高速逆行被撞身亡，律师：轿车司机可向“老头乐”方索赔
https://new.qq.com/rain/a/20241015A06FYA00

2024-10-16 06:10:25,209 - INFO - EXPIRED
男子疑因“护士妻子出轨医生”自杀，死者父亲：起诉索赔150余万
https://new.qq.com/rain/a/20241015A07Q4100

2024-10-16 06:10:25,209 - INFO - EXPIRED
金融监管总局、发改委：部署地方建立支持小微企业融资协调工作机制
https://new.qq.com/rain/a/20241015A0793J00

2024-10-16 06:10:25,209 - INFO - EXPIRED
医生收3000元红包事件疑反转，或是“飞刀费”，医患双方怎么看“飞刀”？
https://view.inews.qq.com/a/20241015Q03F7600

2024-10-16 06:10:25,209 - INFO - EXPIRED
辽宁舰编队围绕菲律宾转了一圈？国防部回应
https://new.qq.com/rain/a/20241015A05NF500

2024-10-16 06:10:25,209 - INFO - EXPIRED
全锦赛官宣：3位奥运冠军正式退赛，王楚钦、孙颖莎、王曼昱放弃
https://new.qq.com/rain/a/20241015A06EL100

2024-10-16 06:10:25,209 - INFO - EXPIRED
四川资阳：城区买新房且有就业需求的，一个季度最少推荐3个就业岗位
https://new.qq.com/rain/a/20241015A06TCF00

2024-10-16 06:10:25,209 - INFO - EXPIRED
印度决定召回驻加拿大高级专员及外交人员，两国怎么了？为何“突然交恶”？
https://view.inews.qq.com/a/20241015Q03REC00

2024-10-16 06:10:25,209 - INFO - EXPIRED
广州7天激增437例登革热病例：已出现3例重症
https://new.qq.com/rain/a/20241015A05ELO00

2024-10-16 06:10:25,209 - INFO - EXPIRED
儿子与母亲签订协议“生老病死与己无关”，后续想继承遗产，法院判了
https://new.qq.com/rain/a/20241015A00AF300

2024-10-16 06:10:25,209 - INFO - EXPIRED
江苏一医生殴打患者？官方：双方因排队发生冲突，医生被拉住了，没打
https://new.qq.com/rain/a/20241015A060RQ00

2024-10-16 06:10:25,209 - INFO - EXPIRED
李传良曾实名举报市委书记，知情者：两人最终握手言和，李升为副市长
https://new.qq.com/rain/a/20241014A04IUC00

2024-10-16 06:10:25,209 - INFO - EXPIRED
涉文物大案的河南省司法厅原厅长王文海病亡 知情人士：并非突发疾病
https://new.qq.com/rain/a/20241015A060F400

2024-10-16 06:10:25,209 - INFO - EXPIRED
北京16岁中学生登顶8201米西藏卓奥友峰，明年将挑战珠峰
https://new.qq.com/rain/a/20241015A04UPN00

2024-10-16 06:10:25,209 - INFO - EXPIRED
空气中弥漫着化粪池味道？居民反映济南部分城区异味，城管回应
https://new.qq.com/rain/a/20241015A04V3B00

2024-10-16 06:10:25,209 - INFO - EXPIRED
菲方炒作中国船只撞击菲公务船，中方公布真相
https://new.qq.com/rain/a/20241015A05OYQ00

2024-10-16 06:10:25,209 - INFO - EXPIRED
成都一代驾小哥凌晨遭男子暴力殴打？警方通报
https://new.qq.com/rain/a/20241015A053IY00

2024-10-16 06:10:25,209 - INFO - EXPIRED
伪造上万张处方欺诈骗保，哈尔滨4家涉事药店被立案、13人被刑拘
https://new.qq.com/rain/a/20241015A05ABM00

2024-10-16 06:10:25,209 - INFO - EXPIRED
涉文物大案二审尚未判决，司法厅原厅长突然病亡，知情人透露死因
https://new.qq.com/rain/a/20241015A043RJ00

2024-10-16 06:10:25,209 - INFO - EXPIRED
外交部回应半岛局势：当务之急是避免矛盾进一步激化
https://new.qq.com/rain/a/20241015A05L0100

2024-10-16 06:10:25,209 - INFO - EXPIRED
“价格战”让中国新车市场今年损失1380亿元，谁受益？谁受损？
https://new.qq.com/rain/a/20241015A01XMZ00

2024-10-16 06:10:25,209 - INFO - EXPIRED
华中农大原教授黄飞若再被通报：撤销国家自然科学基金项目，追回资金
https://new.qq.com/rain/a/20241015A00ZTK00

2024-10-16 06:10:25,209 - INFO - EXPIRED
又一波贷款入市“吃亏者”出现，已有投资者被银行提前收回资金
https://new.qq.com/rain/a/20241015A02HL200

2024-10-16 06:10:25,209 - INFO - EXPIRED
江苏一初中副校长出轨已婚女被举报，女方丈夫：这事还是别人告诉我的
https://new.qq.com/rain/a/20241014A08GU700

2024-10-16 06:10:25,605 - INFO - INVALID
数十亩优质水稻因“权属”问题被毁，老农落泪：还有30天就能收割
https://new.qq.com/rain/a/20241016A03BZ400

2024-10-16 06:10:25,611 - INFO - INVALID
5人先后6次故意杀人、抢劫致6人死亡 一审3人被判死刑1人死缓1人无期
https://new.qq.com/rain/a/20241016A02EIG00

2024-10-16 06:10:25,617 - INFO - INVALID
“我家拆迁拿到900万”“我拿了17套房”成都大规模拆迁话题一夜火爆
https://new.qq.com/rain/a/20241016A045OG00

2024-10-16 06:10:25,686 - INFO - INVALID
又吵上了？外媒：马克龙提醒内塔尼亚胡“以色列根据联合国决议建立”，内塔尼亚胡回应
https://new.qq.com/rain/a/20241016A01VE000

2024-10-16 06:10:25,731 - INFO - INVALID
日本新首相，才上台就公开道歉
https://new.qq.com/rain/a/20241016A03Q6C00

2024-10-16 06:10:25,929 - INFO - INVALID
李家超重磅发声：助力人民币国际化，扩大高才通计划
https://new.qq.com/rain/a/20241016A04FPP00

2024-10-16 06:10:25,981 - INFO - INVALID
蔡英文赴捷克，中国驻捷克大使馆发声
https://new.qq.com/rain/a/20241016A03AGR00

2024-10-16 06:10:26,003 - INFO - INVALID
大型金属物落入湖南湘阴境内，外观呈弧形有灼烧痕迹，官方回应
https://new.qq.com/rain/a/20241016A02ZQB00

2024-10-16 06:10:26,028 - INFO - INVALID
福建武夷山机场将暂停所有航线运营
https://new.qq.com/rain/a/20241016A04T4S00

2024-10-16 06:10:26,285 - INFO - INVALID
被问“自2021年卸任美国总统后是否与普京交谈过”，特朗普回应
https://new.qq.com/rain/a/20241016A04HTN00

2024-10-16 06:10:26,303 - INFO - INVALID
12月起31个省份将全部用水资源税替代此前收费，水价会涨吗？专家解读
https://new.qq.com/rain/a/20241016A03BTN00

2024-10-16 06:10:26,367 - INFO - INVALID
法学教材中设有多个付费二维码引争议 高教出版社和人民出版社回应
https://new.qq.com/rain/a/20241016A04BO900

2024-10-16 06:10:26,386 - INFO - INVALID
曾参与“太阳花”运动的台湾艺人吴慷仁签约内地经纪公司，国台办回应
https://new.qq.com/rain/a/20241016A04CJZ00

2024-10-16 06:10:26,425 - ERROR - ERROR
广西一民办高校被指违规招生，百名学生被劝退，他们浪费的一年时间怎么赔？
https://view.inews.qq.com/a/20241016Q021I600
('list index out of range',)
======
Traceback (most recent call last):
  File "/home/runner/work/qqnews/qqnews/qq.py", line 81, in process_article
    ss = str(tmpbs.select("div.LEFT div.content.clearfix")[0])
             ~~~~~~~~~~~~~~~~~~~~~~~~~~~~~~~~~~~~~~~~~~~~~^^^
IndexError: list index out of range


2024-10-16 06:10:26,632 - INFO - INVALID
劳动仲裁成为求职污点，这些年轻人找不到工作了
https://new.qq.com/rain/a/20241016A02ORC00

2024-10-16 06:10:26,650 - ERROR - ERROR
“小学生将药磨成粉骗同学服用”后续：系治疗糖尿病药丸
https://new.qq.com/rain/a/20241016V04JXA00
('list index out of range',)
======
Traceback (most recent call last):
  File "/home/runner/work/qqnews/qqnews/qq.py", line 81, in process_article
    ss = str(tmpbs.select("div.LEFT div.content.clearfix")[0])
             ~~~~~~~~~~~~~~~~~~~~~~~~~~~~~~~~~~~~~~~~~~~~~^^^
IndexError: list index out of range


2024-10-16 06:10:26,669 - INFO - INVALID
被男生泼热水致多处烫伤，6岁女童近日将出院，男生母亲：已鞠躬道歉
https://new.qq.com/rain/a/20241016A046I500

2024-10-16 06:10:26,677 - INFO - INVALID
广东江门一幼儿被关早教机构楼顶？区卫健局：已介入调查
https://new.qq.com/rain/a/20241016A04GHT00

2024-10-16 06:10:26,783 - INFO - INVALID
一个阿富汗女人的来信
https://new.qq.com/rain/a/20241016A02MSE00

2024-10-16 06:10:26,914 - INFO - INVALID
山东一医院挂号人员边看女主播直播边办理业务，卫健局：已调离岗位
https://new.qq.com/rain/a/20241016A04LDX00

2024-10-16 06:10:26,932 - ERROR - ERROR
美国前总统卡特百岁完成最后的心愿，给哈里斯投了一票
https://new.qq.com/rain/a/20241016V03D2Q00
('list index out of range',)
======
Traceback (most recent call last):
  File "/home/runner/work/qqnews/qqnews/qq.py", line 81, in process_article
    ss = str(tmpbs.select("div.LEFT div.content.clearfix")[0])
             ~~~~~~~~~~~~~~~~~~~~~~~~~~~~~~~~~~~~~~~~~~~~~^^^
IndexError: list index out of range


2024-10-16 06:10:26,981 - INFO - INVALID
李家超：合资格外国人员赴内地“一签多行”有效期增至五年
https://new.qq.com/rain/a/20241016A03Y0D00

2024-10-16 06:10:27,055 - INFO - INVALID
上合组织成员国政府首脑理事会召开，巴基斯坦总理设晚宴欢迎
https://new.qq.com/rain/a/20241016A00T3U00

2024-10-16 06:10:27,076 - INFO - INVALID
马来西亚前总理马哈蒂尔因肺部感染送医治疗
https://new.qq.com/rain/a/20241016A03Y8200

2024-10-16 06:10:27,246 - INFO - INVALID
美国军火商多笔对台军售抬价欺诈，民进党当局却为其辩护，国台办回应
https://new.qq.com/rain/a/20241016A02SVZ00

2024-10-16 06:10:27,251 - INFO - INVALID
国台办再评赖清德“双十”讲话：不折不扣的“台独”分裂主张
https://new.qq.com/rain/a/20241016A02KDN00

2024-10-16 06:10:27,317 - INFO - INVALID
哪吒汽车回应欠薪传闻：一线人员工资已发放，中层和高管在做股权优化和薪资架构调整
https://new.qq.com/rain/a/20241016A03X6F00

2024-10-16 06:10:27,360 - INFO - INVALID
10家内地电动车涌入香港：宝马、保时捷让位小鹏、腾势，租金翻倍上涨
https://new.qq.com/rain/a/20241016A02C2H00

2024-10-16 06:10:27,451 - INFO - INVALID
社科院课题组：建议出台老年人增收计划，鼓励低龄老年人就业增收
https://new.qq.com/rain/a/20241016A02F8E00

2024-10-16 06:10:27,559 - INFO - INVALID
黎巴嫩当局：累计共遭到以色列超一万次袭击
https://new.qq.com/rain/a/20241016A02Z0P00

2024-10-16 06:10:27,617 - INFO - INVALID
市委书记、厅长、市长、副市长、区委书记、区长、局长等55名公职人员被问责，新余“1·24”特别重大火灾事故相关责任人被严肃查处！
https://new.qq.com/rain/a/20241016A01S5700

2024-10-16 06:10:27,622 - INFO - INVALID
中国驻洛杉矶领馆：有留学人员因曾寻求代写论文被美执法部门遣返
https://new.qq.com/rain/a/20241016A011YW00

2024-10-16 06:10:27,674 - INFO - INVALID
光刻机巨头阿斯麦利空财报遭错误提前发布 引爆美股半导体板块恐慌
https://new.qq.com/rain/a/20241016A00COD00

2024-10-16 06:10:27,819 - INFO - INVALID
存款利率又要降？市场预计或于本月落地 可对冲存量房贷下调影响
https://new.qq.com/rain/a/20241016A01OXS00

2024-10-16 06:10:27,920 - INFO - INVALID
各地最低工资标准公布，上海最高，吉林、湖南、云南等地有上调
https://new.qq.com/rain/a/20241016A01G2200

2024-10-16 06:10:27,927 - INFO - INVALID
国考报名启动，外交部、水利部、证监会等发文“欢迎报考”
https://new.qq.com/rain/a/20241016A00VDM00

2024-10-16 06:10:27,989 - INFO - EXIST
大模型六小虎大逃杀开启 _ AI光年
https://new.qq.com/rain/a/20241016A01L1600

2024-10-16 06:10:28,013 - INFO - INVALID
章泽天加入“光明会”？京东：刘强东夫妇遭有组织造谣抹黑，已报案
https://new.qq.com/rain/a/20241016A01GEF00

2024-10-16 06:10:28,130 - INFO - INVALID
当集采“螺丝拧紧”、进口药难开，商保和民营医院开始寻觅新生意
https://new.qq.com/rain/a/20241016A01V5B00

2024-10-16 06:10:28,229 - INFO - INVALID
智驾科技企业地平线今起招股，阿里巴巴、百度等为基石投资者
https://new.qq.com/rain/a/20241016A01XZM00

2024-10-16 06:10:28,291 - INFO - INVALID
人民币兑美元中间价报7.1191，调贬361个基点
https://new.qq.com/rain/a/20241016A01RMX00

2024-10-16 06:10:28,299 - INFO - INVALID
私家车变身网约车接单时出事故：保险公司拒赔，车主起诉被驳
https://new.qq.com/rain/a/20241016A00VEH00

2024-10-16 06:10:28,308 - INFO - INVALID
跟诺奖唱反调？AI教父杨立昆：人工智能比猫还笨 警告其太危险是胡扯
https://new.qq.com/rain/a/20241016A00ZL000

2024-10-16 06:10:28,404 - ERROR - ERROR
大熊猫“宝力”和“青宝”抵达美国首都，美国发布大熊猫最新照片
https://new.qq.com/rain/a/20241016V00XZ100
('list index out of range',)
======
Traceback (most recent call last):
  File "/home/runner/work/qqnews/qqnews/qq.py", line 81, in process_article
    ss = str(tmpbs.select("div.LEFT div.content.clearfix")[0])
             ~~~~~~~~~~~~~~~~~~~~~~~~~~~~~~~~~~~~~~~~~~~~~^^^
IndexError: list index out of range


2024-10-16 06:10:28,539 - INFO - INVALID
美股收盘：阿斯麦业绩暴雷带崩半导体板块 三大指数集体收跌
https://new.qq.com/rain/a/20241016A00M5Z00

