2025-10-04 00:35:38,257 - INFO - Total time taken: {'ret': 0, 'msg': 'success', 'data': None}
2025-10-04 00:35:38,257 - INFO - 'NoneType' object is not subscriptable
2025-10-04 00:35:38,257 - INFO - Traceback (most recent call last):
  File "/home/runner/work/qqnews/qqnews/qq.py", line 128, in main
    for i in qq1["data"]["list"]:
             ~~~~~~~~~~~^^^^^^^^
TypeError: 'NoneType' object is not subscriptable

2025-10-04 02:08:33,968 - INFO - Total time taken: {'ret': 0, 'msg': 'success', 'data': None}
2025-10-04 02:08:33,969 - INFO - 'NoneType' object is not subscriptable
2025-10-04 02:08:33,969 - INFO - Traceback (most recent call last):
  File "/home/runner/work/qqnews/qqnews/qq.py", line 128, in main
    for i in qq1["data"]["list"]:
             ~~~~~~~~~~~^^^^^^^^
TypeError: 'NoneType' object is not subscriptable

2025-10-04 03:16:16,524 - INFO - Total time taken: {'ret': 0, 'msg': 'success', 'data': None}
2025-10-04 03:16:16,525 - INFO - 'NoneType' object is not subscriptable
2025-10-04 03:16:16,525 - INFO - Traceback (most recent call last):
  File "/home/runner/work/qqnews/qqnews/qq.py", line 128, in main
    for i in qq1["data"]["list"]:
             ~~~~~~~~~~~^^^^^^^^
TypeError: 'NoneType' object is not subscriptable

2025-10-04 04:01:31,976 - INFO - Total time taken: {'ret': 0, 'msg': 'success', 'data': None}
2025-10-04 04:01:31,976 - INFO - 'NoneType' object is not subscriptable
2025-10-04 04:01:31,977 - INFO - Traceback (most recent call last):
  File "/home/runner/work/qqnews/qqnews/qq.py", line 128, in main
    for i in qq1["data"]["list"]:
             ~~~~~~~~~~~^^^^^^^^
TypeError: 'NoneType' object is not subscriptable

2025-10-04 05:01:23,075 - INFO - Total time taken: {'ret': 0, 'msg': 'success', 'data': None}
2025-10-04 05:01:23,075 - INFO - 'NoneType' object is not subscriptable
2025-10-04 05:01:23,076 - INFO - Traceback (most recent call last):
  File "/home/runner/work/qqnews/qqnews/qq.py", line 128, in main
    for i in qq1["data"]["list"]:
             ~~~~~~~~~~~^^^^^^^^
TypeError: 'NoneType' object is not subscriptable

2025-10-04 06:01:14,546 - INFO - Total time taken: {'ret': 0, 'msg': 'success', 'data': None}
2025-10-04 06:01:14,546 - INFO - 'NoneType' object is not subscriptable
2025-10-04 06:01:14,546 - INFO - Traceback (most recent call last):
  File "/home/runner/work/qqnews/qqnews/qq.py", line 128, in main
    for i in qq1["data"]["list"]:
             ~~~~~~~~~~~^^^^^^^^
TypeError: 'NoneType' object is not subscriptable

2025-10-04 07:01:08,224 - INFO - Total time taken: {'ret': 0, 'msg': 'success', 'data': None}
2025-10-04 07:01:08,224 - INFO - 'NoneType' object is not subscriptable
2025-10-04 07:01:08,225 - INFO - Traceback (most recent call last):
  File "/home/runner/work/qqnews/qqnews/qq.py", line 128, in main
    for i in qq1["data"]["list"]:
             ~~~~~~~~~~~^^^^^^^^
TypeError: 'NoneType' object is not subscriptable

2025-10-04 08:01:29,525 - INFO - Total time taken: {'ret': 0, 'msg': 'success', 'data': None}
2025-10-04 08:01:29,526 - INFO - 'NoneType' object is not subscriptable
2025-10-04 08:01:29,526 - INFO - Traceback (most recent call last):
  File "/home/runner/work/qqnews/qqnews/qq.py", line 128, in main
    for i in qq1["data"]["list"]:
             ~~~~~~~~~~~^^^^^^^^
TypeError: 'NoneType' object is not subscriptable

2025-10-04 09:01:19,359 - INFO - Total time taken: {'ret': 0, 'msg': 'success', 'data': None}
2025-10-04 09:01:19,359 - INFO - 'NoneType' object is not subscriptable
2025-10-04 09:01:19,360 - INFO - Traceback (most recent call last):
  File "/home/runner/work/qqnews/qqnews/qq.py", line 128, in main
    for i in qq1["data"]["list"]:
             ~~~~~~~~~~~^^^^^^^^
TypeError: 'NoneType' object is not subscriptable

2025-10-04 10:01:24,250 - INFO - Total time taken: {'ret': 0, 'msg': 'success', 'data': None}
2025-10-04 10:01:24,250 - INFO - 'NoneType' object is not subscriptable
2025-10-04 10:01:24,251 - INFO - Traceback (most recent call last):
  File "/home/runner/work/qqnews/qqnews/qq.py", line 128, in main
    for i in qq1["data"]["list"]:
             ~~~~~~~~~~~^^^^^^^^
TypeError: 'NoneType' object is not subscriptable

2025-10-04 11:01:11,259 - INFO - Total time taken: {'ret': 0, 'msg': 'success', 'data': None}
2025-10-04 11:01:11,259 - INFO - 'NoneType' object is not subscriptable
2025-10-04 11:01:11,259 - INFO - Traceback (most recent call last):
  File "/home/runner/work/qqnews/qqnews/qq.py", line 128, in main
    for i in qq1["data"]["list"]:
             ~~~~~~~~~~~^^^^^^^^
TypeError: 'NoneType' object is not subscriptable

2025-10-04 12:13:12,980 - INFO - Total time taken: {'ret': 0, 'msg': 'success', 'data': None}
2025-10-04 12:13:12,981 - INFO - 'NoneType' object is not subscriptable
2025-10-04 12:13:12,981 - INFO - Traceback (most recent call last):
  File "/home/runner/work/qqnews/qqnews/qq.py", line 128, in main
    for i in qq1["data"]["list"]:
             ~~~~~~~~~~~^^^^^^^^
TypeError: 'NoneType' object is not subscriptable

2025-10-04 13:13:10,937 - INFO - Total time taken: {'ret': 0, 'msg': 'success', 'data': None}
2025-10-04 13:13:10,937 - INFO - 'NoneType' object is not subscriptable
2025-10-04 13:13:10,938 - INFO - Traceback (most recent call last):
  File "/home/runner/work/qqnews/qqnews/qq.py", line 128, in main
    for i in qq1["data"]["list"]:
             ~~~~~~~~~~~^^^^^^^^
TypeError: 'NoneType' object is not subscriptable

2025-10-04 14:01:25,218 - INFO - Total time taken: {'ret': 0, 'msg': 'success', 'data': None}
2025-10-04 14:01:25,219 - INFO - 'NoneType' object is not subscriptable
2025-10-04 14:01:25,219 - INFO - Traceback (most recent call last):
  File "/home/runner/work/qqnews/qqnews/qq.py", line 128, in main
    for i in qq1["data"]["list"]:
             ~~~~~~~~~~~^^^^^^^^
TypeError: 'NoneType' object is not subscriptable

2025-10-04 15:01:10,884 - INFO - Total time taken: {'ret': 0, 'msg': 'success', 'data': None}
2025-10-04 15:01:10,885 - INFO - 'NoneType' object is not subscriptable
2025-10-04 15:01:10,885 - INFO - Traceback (most recent call last):
  File "/home/runner/work/qqnews/qqnews/qq.py", line 128, in main
    for i in qq1["data"]["list"]:
             ~~~~~~~~~~~^^^^^^^^
TypeError: 'NoneType' object is not subscriptable

2025-10-04 16:01:16,253 - INFO - Total time taken: {'ret': 0, 'msg': 'success', 'data': None}
2025-10-04 16:01:16,254 - INFO - 'NoneType' object is not subscriptable
2025-10-04 16:01:16,254 - INFO - Traceback (most recent call last):
  File "/home/runner/work/qqnews/qqnews/qq.py", line 128, in main
    for i in qq1["data"]["list"]:
             ~~~~~~~~~~~^^^^^^^^
TypeError: 'NoneType' object is not subscriptable

2025-10-04 17:01:19,734 - INFO - Total time taken: {'ret': 0, 'msg': 'success', 'data': None}
2025-10-04 17:01:19,734 - INFO - 'NoneType' object is not subscriptable
2025-10-04 17:01:19,735 - INFO - Traceback (most recent call last):
  File "/home/runner/work/qqnews/qqnews/qq.py", line 128, in main
    for i in qq1["data"]["list"]:
             ~~~~~~~~~~~^^^^^^^^
TypeError: 'NoneType' object is not subscriptable

2025-10-04 18:01:24,212 - INFO - Total time taken: {'ret': 0, 'msg': 'success', 'data': None}
2025-10-04 18:01:24,212 - INFO - 'NoneType' object is not subscriptable
2025-10-04 18:01:24,213 - INFO - Traceback (most recent call last):
  File "/home/runner/work/qqnews/qqnews/qq.py", line 128, in main
    for i in qq1["data"]["list"]:
             ~~~~~~~~~~~^^^^^^^^
TypeError: 'NoneType' object is not subscriptable

2025-10-04 19:01:09,986 - INFO - Total time taken: {'ret': 0, 'msg': 'success', 'data': None}
2025-10-04 19:01:09,987 - INFO - 'NoneType' object is not subscriptable
2025-10-04 19:01:09,987 - INFO - Traceback (most recent call last):
  File "/home/runner/work/qqnews/qqnews/qq.py", line 128, in main
    for i in qq1["data"]["list"]:
             ~~~~~~~~~~~^^^^^^^^
TypeError: 'NoneType' object is not subscriptable

2025-10-04 20:01:18,199 - INFO - Total time taken: {'ret': 0, 'msg': 'success', 'data': None}
2025-10-04 20:01:18,199 - INFO - 'NoneType' object is not subscriptable
2025-10-04 20:01:18,200 - INFO - Traceback (most recent call last):
  File "/home/runner/work/qqnews/qqnews/qq.py", line 128, in main
    for i in qq1["data"]["list"]:
             ~~~~~~~~~~~^^^^^^^^
TypeError: 'NoneType' object is not subscriptable

2025-10-04 21:01:14,606 - INFO - Total time taken: {'ret': 0, 'msg': 'success', 'data': None}
2025-10-04 21:01:14,606 - INFO - 'NoneType' object is not subscriptable
2025-10-04 21:01:14,606 - INFO - Traceback (most recent call last):
  File "/home/runner/work/qqnews/qqnews/qq.py", line 128, in main
    for i in qq1["data"]["list"]:
             ~~~~~~~~~~~^^^^^^^^
TypeError: 'NoneType' object is not subscriptable

