2026-05-26 01:49:32,551 - INFO - Total time taken: {'ret': 0, 'msg': 'success', 'data': None}
2026-05-26 01:49:32,551 - INFO - 'NoneType' object is not subscriptable
2026-05-26 01:49:32,551 - INFO - Traceback (most recent call last):
  File "/home/runner/work/qqnews/qqnews/qq.py", line 128, in main
    for i in qq1["data"]["list"]:
             ~~~~~~~~~~~^^^^^^^^
TypeError: 'NoneType' object is not subscriptable

2026-05-26 05:54:36,679 - INFO - Total time taken: {'ret': 0, 'msg': 'success', 'data': None}
2026-05-26 05:54:36,679 - INFO - 'NoneType' object is not subscriptable
2026-05-26 05:54:36,679 - INFO - Traceback (most recent call last):
  File "/home/runner/work/qqnews/qqnews/qq.py", line 128, in main
    for i in qq1["data"]["list"]:
             ~~~~~~~~~~~^^^^^^^^
TypeError: 'NoneType' object is not subscriptable

2026-05-26 08:59:55,934 - INFO - Total time taken: {'ret': 0, 'msg': 'success', 'data': None}
2026-05-26 08:59:55,934 - INFO - 'NoneType' object is not subscriptable
2026-05-26 08:59:55,935 - INFO - Traceback (most recent call last):
  File "/home/runner/work/qqnews/qqnews/qq.py", line 128, in main
    for i in qq1["data"]["list"]:
             ~~~~~~~~~~~^^^^^^^^
TypeError: 'NoneType' object is not subscriptable

