2026-02-15 01:00:29,215 - INFO - Total time taken: {'ret': 0, 'msg': 'success', 'data': None}
2026-02-15 01:00:29,216 - INFO - 'NoneType' object is not subscriptable
2026-02-15 01:00:29,216 - INFO - Traceback (most recent call last):
  File "/home/runner/work/qqnews/qqnews/qq.py", line 128, in main
    for i in qq1["data"]["list"]:
             ~~~~~~~~~~~^^^^^^^^
TypeError: 'NoneType' object is not subscriptable

2026-02-15 03:40:58,011 - INFO - Total time taken: {'ret': 0, 'msg': 'success', 'data': None}
2026-02-15 03:40:58,011 - INFO - 'NoneType' object is not subscriptable
2026-02-15 03:40:58,012 - INFO - Traceback (most recent call last):
  File "/home/runner/work/qqnews/qqnews/qq.py", line 128, in main
    for i in qq1["data"]["list"]:
             ~~~~~~~~~~~^^^^^^^^
TypeError: 'NoneType' object is not subscriptable

2026-02-15 05:13:59,223 - INFO - Total time taken: {'ret': 0, 'msg': 'success', 'data': None}
2026-02-15 05:13:59,223 - INFO - 'NoneType' object is not subscriptable
2026-02-15 05:13:59,223 - INFO - Traceback (most recent call last):
  File "/home/runner/work/qqnews/qqnews/qq.py", line 128, in main
    for i in qq1["data"]["list"]:
             ~~~~~~~~~~~^^^^^^^^
TypeError: 'NoneType' object is not subscriptable

2026-02-15 06:35:12,622 - INFO - Total time taken: {'ret': 0, 'msg': 'success', 'data': None}
2026-02-15 06:35:12,622 - INFO - 'NoneType' object is not subscriptable
2026-02-15 06:35:12,622 - INFO - Traceback (most recent call last):
  File "/home/runner/work/qqnews/qqnews/qq.py", line 128, in main
    for i in qq1["data"]["list"]:
             ~~~~~~~~~~~^^^^^^^^
TypeError: 'NoneType' object is not subscriptable

2026-02-15 07:30:09,008 - INFO - Total time taken: {'ret': 0, 'msg': 'success', 'data': None}
2026-02-15 07:30:09,008 - INFO - 'NoneType' object is not subscriptable
2026-02-15 07:30:09,009 - INFO - Traceback (most recent call last):
  File "/home/runner/work/qqnews/qqnews/qq.py", line 128, in main
    for i in qq1["data"]["list"]:
             ~~~~~~~~~~~^^^^^^^^
TypeError: 'NoneType' object is not subscriptable

2026-02-15 08:17:12,703 - INFO - Total time taken: {'ret': 0, 'msg': 'success', 'data': None}
2026-02-15 08:17:12,703 - INFO - 'NoneType' object is not subscriptable
2026-02-15 08:17:12,704 - INFO - Traceback (most recent call last):
  File "/home/runner/work/qqnews/qqnews/qq.py", line 128, in main
    for i in qq1["data"]["list"]:
             ~~~~~~~~~~~^^^^^^^^
TypeError: 'NoneType' object is not subscriptable

2026-02-15 09:18:37,698 - INFO - Total time taken: {'ret': 0, 'msg': 'success', 'data': None}
2026-02-15 09:18:37,698 - INFO - 'NoneType' object is not subscriptable
2026-02-15 09:18:37,698 - INFO - Traceback (most recent call last):
  File "/home/runner/work/qqnews/qqnews/qq.py", line 128, in main
    for i in qq1["data"]["list"]:
             ~~~~~~~~~~~^^^^^^^^
TypeError: 'NoneType' object is not subscriptable

2026-02-15 10:13:28,002 - INFO - Total time taken: {'ret': 0, 'msg': 'success', 'data': None}
2026-02-15 10:13:28,003 - INFO - 'NoneType' object is not subscriptable
2026-02-15 10:13:28,003 - INFO - Traceback (most recent call last):
  File "/home/runner/work/qqnews/qqnews/qq.py", line 128, in main
    for i in qq1["data"]["list"]:
             ~~~~~~~~~~~^^^^^^^^
TypeError: 'NoneType' object is not subscriptable

2026-02-15 11:12:35,993 - INFO - Total time taken: {'ret': 0, 'msg': 'success', 'data': None}
2026-02-15 11:12:35,993 - INFO - 'NoneType' object is not subscriptable
2026-02-15 11:12:35,994 - INFO - Traceback (most recent call last):
  File "/home/runner/work/qqnews/qqnews/qq.py", line 128, in main
    for i in qq1["data"]["list"]:
             ~~~~~~~~~~~^^^^^^^^
TypeError: 'NoneType' object is not subscriptable

2026-02-15 12:20:06,043 - INFO - Total time taken: {'ret': 0, 'msg': 'success', 'data': None}
2026-02-15 12:20:06,043 - INFO - 'NoneType' object is not subscriptable
2026-02-15 12:20:06,043 - INFO - Traceback (most recent call last):
  File "/home/runner/work/qqnews/qqnews/qq.py", line 128, in main
    for i in qq1["data"]["list"]:
             ~~~~~~~~~~~^^^^^^^^
TypeError: 'NoneType' object is not subscriptable

