2025-10-21 00:40:00,204 - INFO - Total time taken: {'ret': 0, 'msg': 'success', 'data': None}
2025-10-21 00:40:00,204 - INFO - 'NoneType' object is not subscriptable
2025-10-21 00:40:00,205 - INFO - Traceback (most recent call last):
  File "/home/runner/work/qqnews/qqnews/qq.py", line 128, in main
    for i in qq1["data"]["list"]:
             ~~~~~~~~~~~^^^^^^^^
TypeError: 'NoneType' object is not subscriptable

2025-10-21 02:20:58,207 - INFO - Total time taken: {'ret': 0, 'msg': 'success', 'data': None}
2025-10-21 02:20:58,207 - INFO - 'NoneType' object is not subscriptable
2025-10-21 02:20:58,208 - INFO - Traceback (most recent call last):
  File "/home/runner/work/qqnews/qqnews/qq.py", line 128, in main
    for i in qq1["data"]["list"]:
             ~~~~~~~~~~~^^^^^^^^
TypeError: 'NoneType' object is not subscriptable

2025-10-21 03:32:02,936 - INFO - Total time taken: {'ret': 0, 'msg': 'success', 'data': None}
2025-10-21 03:32:02,937 - INFO - 'NoneType' object is not subscriptable
2025-10-21 03:32:02,937 - INFO - Traceback (most recent call last):
  File "/home/runner/work/qqnews/qqnews/qq.py", line 128, in main
    for i in qq1["data"]["list"]:
             ~~~~~~~~~~~^^^^^^^^
TypeError: 'NoneType' object is not subscriptable

2025-10-21 04:01:35,201 - INFO - Total time taken: {'ret': 0, 'msg': 'success', 'data': None}
2025-10-21 04:01:35,201 - INFO - 'NoneType' object is not subscriptable
2025-10-21 04:01:35,202 - INFO - Traceback (most recent call last):
  File "/home/runner/work/qqnews/qqnews/qq.py", line 128, in main
    for i in qq1["data"]["list"]:
             ~~~~~~~~~~~^^^^^^^^
TypeError: 'NoneType' object is not subscriptable

2025-10-21 05:01:28,008 - INFO - Total time taken: {'ret': 0, 'msg': 'success', 'data': None}
2025-10-21 05:01:28,008 - INFO - 'NoneType' object is not subscriptable
2025-10-21 05:01:28,009 - INFO - Traceback (most recent call last):
  File "/home/runner/work/qqnews/qqnews/qq.py", line 128, in main
    for i in qq1["data"]["list"]:
             ~~~~~~~~~~~^^^^^^^^
TypeError: 'NoneType' object is not subscriptable

2025-10-21 06:13:57,762 - INFO - Total time taken: {'ret': 0, 'msg': 'success', 'data': None}
2025-10-21 06:13:57,762 - INFO - 'NoneType' object is not subscriptable
2025-10-21 06:13:57,762 - INFO - Traceback (most recent call last):
  File "/home/runner/work/qqnews/qqnews/qq.py", line 128, in main
    for i in qq1["data"]["list"]:
             ~~~~~~~~~~~^^^^^^^^
TypeError: 'NoneType' object is not subscriptable

