2025-12-24 00:43:58,446 - INFO - Total time taken: {'ret': 0, 'msg': 'success', 'data': None}
2025-12-24 00:43:58,446 - INFO - 'NoneType' object is not subscriptable
2025-12-24 00:43:58,446 - INFO - Traceback (most recent call last):
  File "/home/runner/work/qqnews/qqnews/qq.py", line 128, in main
    for i in qq1["data"]["list"]:
             ~~~~~~~~~~~^^^^^^^^
TypeError: 'NoneType' object is not subscriptable

2025-12-24 02:44:52,862 - INFO - Total time taken: {'ret': 0, 'msg': 'success', 'data': None}
2025-12-24 02:44:52,862 - INFO - 'NoneType' object is not subscriptable
2025-12-24 02:44:52,862 - INFO - Traceback (most recent call last):
  File "/home/runner/work/qqnews/qqnews/qq.py", line 128, in main
    for i in qq1["data"]["list"]:
             ~~~~~~~~~~~^^^^^^^^
TypeError: 'NoneType' object is not subscriptable

2025-12-24 03:50:58,529 - INFO - Total time taken: {'ret': 0, 'msg': 'success', 'data': None}
2025-12-24 03:50:58,529 - INFO - 'NoneType' object is not subscriptable
2025-12-24 03:50:58,530 - INFO - Traceback (most recent call last):
  File "/home/runner/work/qqnews/qqnews/qq.py", line 128, in main
    for i in qq1["data"]["list"]:
             ~~~~~~~~~~~^^^^^^^^
TypeError: 'NoneType' object is not subscriptable

2025-12-24 04:25:29,690 - INFO - Total time taken: {'ret': 0, 'msg': 'success', 'data': None}
2025-12-24 04:25:29,690 - INFO - 'NoneType' object is not subscriptable
2025-12-24 04:25:29,690 - INFO - Traceback (most recent call last):
  File "/home/runner/work/qqnews/qqnews/qq.py", line 128, in main
    for i in qq1["data"]["list"]:
             ~~~~~~~~~~~^^^^^^^^
TypeError: 'NoneType' object is not subscriptable

2025-12-24 05:14:33,614 - INFO - Total time taken: {'ret': 0, 'msg': 'success', 'data': None}
2025-12-24 05:14:33,614 - INFO - 'NoneType' object is not subscriptable
2025-12-24 05:14:33,614 - INFO - Traceback (most recent call last):
  File "/home/runner/work/qqnews/qqnews/qq.py", line 128, in main
    for i in qq1["data"]["list"]:
             ~~~~~~~~~~~^^^^^^^^
TypeError: 'NoneType' object is not subscriptable

2025-12-24 06:15:27,747 - INFO - Total time taken: {'ret': 0, 'msg': 'success', 'data': None}
2025-12-24 06:15:27,747 - INFO - 'NoneType' object is not subscriptable
2025-12-24 06:15:27,747 - INFO - Traceback (most recent call last):
  File "/home/runner/work/qqnews/qqnews/qq.py", line 128, in main
    for i in qq1["data"]["list"]:
             ~~~~~~~~~~~^^^^^^^^
TypeError: 'NoneType' object is not subscriptable

2025-12-24 07:13:58,442 - INFO - Total time taken: {'ret': 0, 'msg': 'success', 'data': None}
2025-12-24 07:13:58,442 - INFO - 'NoneType' object is not subscriptable
2025-12-24 07:13:58,443 - INFO - Traceback (most recent call last):
  File "/home/runner/work/qqnews/qqnews/qq.py", line 128, in main
    for i in qq1["data"]["list"]:
             ~~~~~~~~~~~^^^^^^^^
TypeError: 'NoneType' object is not subscriptable

2025-12-24 08:14:16,144 - INFO - Total time taken: {'ret': 0, 'msg': 'success', 'data': None}
2025-12-24 08:14:16,144 - INFO - 'NoneType' object is not subscriptable
2025-12-24 08:14:16,144 - INFO - Traceback (most recent call last):
  File "/home/runner/work/qqnews/qqnews/qq.py", line 128, in main
    for i in qq1["data"]["list"]:
             ~~~~~~~~~~~^^^^^^^^
TypeError: 'NoneType' object is not subscriptable

2025-12-24 09:13:52,631 - INFO - Total time taken: {'ret': 0, 'msg': 'success', 'data': None}
2025-12-24 09:13:52,632 - INFO - 'NoneType' object is not subscriptable
2025-12-24 09:13:52,632 - INFO - Traceback (most recent call last):
  File "/home/runner/work/qqnews/qqnews/qq.py", line 128, in main
    for i in qq1["data"]["list"]:
             ~~~~~~~~~~~^^^^^^^^
TypeError: 'NoneType' object is not subscriptable

2025-12-24 10:01:24,576 - INFO - Total time taken: {'ret': 0, 'msg': 'success', 'data': None}
2025-12-24 10:01:24,576 - INFO - 'NoneType' object is not subscriptable
2025-12-24 10:01:24,576 - INFO - Traceback (most recent call last):
  File "/home/runner/work/qqnews/qqnews/qq.py", line 128, in main
    for i in qq1["data"]["list"]:
             ~~~~~~~~~~~^^^^^^^^
TypeError: 'NoneType' object is not subscriptable

2025-12-24 11:01:24,570 - INFO - Total time taken: {'ret': 0, 'msg': 'success', 'data': None}
2025-12-24 11:01:24,570 - INFO - 'NoneType' object is not subscriptable
2025-12-24 11:01:24,571 - INFO - Traceback (most recent call last):
  File "/home/runner/work/qqnews/qqnews/qq.py", line 128, in main
    for i in qq1["data"]["list"]:
             ~~~~~~~~~~~^^^^^^^^
TypeError: 'NoneType' object is not subscriptable

2025-12-24 12:17:12,950 - INFO - Total time taken: {'ret': 0, 'msg': 'success', 'data': None}
2025-12-24 12:17:12,950 - INFO - 'NoneType' object is not subscriptable
2025-12-24 12:17:12,951 - INFO - Traceback (most recent call last):
  File "/home/runner/work/qqnews/qqnews/qq.py", line 128, in main
    for i in qq1["data"]["list"]:
             ~~~~~~~~~~~^^^^^^^^
TypeError: 'NoneType' object is not subscriptable

2025-12-24 13:24:42,335 - INFO - Total time taken: {'ret': 0, 'msg': 'success', 'data': None}
2025-12-24 13:24:42,335 - INFO - 'NoneType' object is not subscriptable
2025-12-24 13:24:42,336 - INFO - Traceback (most recent call last):
  File "/home/runner/work/qqnews/qqnews/qq.py", line 128, in main
    for i in qq1["data"]["list"]:
             ~~~~~~~~~~~^^^^^^^^
TypeError: 'NoneType' object is not subscriptable

2025-12-24 14:01:20,448 - INFO - Total time taken: {'ret': 0, 'msg': 'success', 'data': None}
2025-12-24 14:01:20,449 - INFO - 'NoneType' object is not subscriptable
2025-12-24 14:01:20,449 - INFO - Traceback (most recent call last):
  File "/home/runner/work/qqnews/qqnews/qq.py", line 128, in main
    for i in qq1["data"]["list"]:
             ~~~~~~~~~~~^^^^^^^^
TypeError: 'NoneType' object is not subscriptable

2025-12-24 15:01:27,033 - INFO - Total time taken: {'ret': 0, 'msg': 'success', 'data': None}
2025-12-24 15:01:27,033 - INFO - 'NoneType' object is not subscriptable
2025-12-24 15:01:27,033 - INFO - Traceback (most recent call last):
  File "/home/runner/work/qqnews/qqnews/qq.py", line 128, in main
    for i in qq1["data"]["list"]:
             ~~~~~~~~~~~^^^^^^^^
TypeError: 'NoneType' object is not subscriptable

2025-12-24 16:01:27,218 - INFO - Total time taken: {'ret': 0, 'msg': 'success', 'data': None}
2025-12-24 16:01:27,218 - INFO - 'NoneType' object is not subscriptable
2025-12-24 16:01:27,219 - INFO - Traceback (most recent call last):
  File "/home/runner/work/qqnews/qqnews/qq.py", line 128, in main
    for i in qq1["data"]["list"]:
             ~~~~~~~~~~~^^^^^^^^
TypeError: 'NoneType' object is not subscriptable

2025-12-24 17:01:20,599 - INFO - Total time taken: {'ret': 0, 'msg': 'success', 'data': None}
2025-12-24 17:01:20,599 - INFO - 'NoneType' object is not subscriptable
2025-12-24 17:01:20,599 - INFO - Traceback (most recent call last):
  File "/home/runner/work/qqnews/qqnews/qq.py", line 128, in main
    for i in qq1["data"]["list"]:
             ~~~~~~~~~~~^^^^^^^^
TypeError: 'NoneType' object is not subscriptable

2025-12-24 18:13:50,821 - INFO - Total time taken: {'ret': 0, 'msg': 'success', 'data': None}
2025-12-24 18:13:50,821 - INFO - 'NoneType' object is not subscriptable
2025-12-24 18:13:50,822 - INFO - Traceback (most recent call last):
  File "/home/runner/work/qqnews/qqnews/qq.py", line 128, in main
    for i in qq1["data"]["list"]:
             ~~~~~~~~~~~^^^^^^^^
TypeError: 'NoneType' object is not subscriptable

