2025-11-10 00:43:27,972 - INFO - Total time taken: {'ret': 0, 'msg': 'success', 'data': None}
2025-11-10 00:43:27,972 - INFO - 'NoneType' object is not subscriptable
2025-11-10 00:43:27,972 - INFO - Traceback (most recent call last):
  File "/home/runner/work/qqnews/qqnews/qq.py", line 128, in main
    for i in qq1["data"]["list"]:
             ~~~~~~~~~~~^^^^^^^^
TypeError: 'NoneType' object is not subscriptable

2025-11-10 02:29:16,342 - INFO - Total time taken: {'ret': 0, 'msg': 'success', 'data': None}
2025-11-10 02:29:16,342 - INFO - 'NoneType' object is not subscriptable
2025-11-10 02:29:16,342 - INFO - Traceback (most recent call last):
  File "/home/runner/work/qqnews/qqnews/qq.py", line 128, in main
    for i in qq1["data"]["list"]:
             ~~~~~~~~~~~^^^^^^^^
TypeError: 'NoneType' object is not subscriptable

2025-11-10 03:43:40,463 - INFO - Total time taken: {'ret': 0, 'msg': 'success', 'data': None}
2025-11-10 03:43:40,464 - INFO - 'NoneType' object is not subscriptable
2025-11-10 03:43:40,464 - INFO - Traceback (most recent call last):
  File "/home/runner/work/qqnews/qqnews/qq.py", line 128, in main
    for i in qq1["data"]["list"]:
             ~~~~~~~~~~~^^^^^^^^
TypeError: 'NoneType' object is not subscriptable

2025-11-10 04:17:01,703 - INFO - Total time taken: {'ret': 0, 'msg': 'success', 'data': None}
2025-11-10 04:17:01,703 - INFO - 'NoneType' object is not subscriptable
2025-11-10 04:17:01,703 - INFO - Traceback (most recent call last):
  File "/home/runner/work/qqnews/qqnews/qq.py", line 128, in main
    for i in qq1["data"]["list"]:
             ~~~~~~~~~~~^^^^^^^^
TypeError: 'NoneType' object is not subscriptable

2025-11-10 05:01:29,736 - INFO - Total time taken: {'ret': 0, 'msg': 'success', 'data': None}
2025-11-10 05:01:29,736 - INFO - 'NoneType' object is not subscriptable
2025-11-10 05:01:29,736 - INFO - Traceback (most recent call last):
  File "/home/runner/work/qqnews/qqnews/qq.py", line 128, in main
    for i in qq1["data"]["list"]:
             ~~~~~~~~~~~^^^^^^^^
TypeError: 'NoneType' object is not subscriptable

