2026-03-24 00:54:29,196 - INFO - Total time taken: {'ret': 0, 'msg': 'success', 'data': None}
2026-03-24 00:54:29,197 - INFO - 'NoneType' object is not subscriptable
2026-03-24 00:54:29,197 - INFO - Traceback (most recent call last):
  File "/home/runner/work/qqnews/qqnews/qq.py", line 128, in main
    for i in qq1["data"]["list"]:
             ~~~~~~~~~~~^^^^^^^^
TypeError: 'NoneType' object is not subscriptable

2026-03-24 03:27:58,536 - INFO - Total time taken: {'ret': 0, 'msg': 'success', 'data': None}
2026-03-24 03:27:58,537 - INFO - 'NoneType' object is not subscriptable
2026-03-24 03:27:58,537 - INFO - Traceback (most recent call last):
  File "/home/runner/work/qqnews/qqnews/qq.py", line 128, in main
    for i in qq1["data"]["list"]:
             ~~~~~~~~~~~^^^^^^^^
TypeError: 'NoneType' object is not subscriptable

2026-03-24 05:17:06,941 - INFO - Total time taken: {'ret': 0, 'msg': 'success', 'data': None}
2026-03-24 05:17:06,941 - INFO - 'NoneType' object is not subscriptable
2026-03-24 05:17:06,941 - INFO - Traceback (most recent call last):
  File "/home/runner/work/qqnews/qqnews/qq.py", line 128, in main
    for i in qq1["data"]["list"]:
             ~~~~~~~~~~~^^^^^^^^
TypeError: 'NoneType' object is not subscriptable

2026-03-24 06:46:58,227 - INFO - Total time taken: {'ret': 0, 'msg': 'success', 'data': None}
2026-03-24 06:46:58,227 - INFO - 'NoneType' object is not subscriptable
2026-03-24 06:46:58,227 - INFO - Traceback (most recent call last):
  File "/home/runner/work/qqnews/qqnews/qq.py", line 128, in main
    for i in qq1["data"]["list"]:
             ~~~~~~~~~~~^^^^^^^^
TypeError: 'NoneType' object is not subscriptable

