2025-09-13 02:06:44,111 - INFO - Total time taken: {'ret': 0, 'msg': 'success', 'data': None}
2025-09-13 02:06:44,111 - INFO - 'NoneType' object is not subscriptable
2025-09-13 02:06:44,111 - INFO - Traceback (most recent call last):
  File "/home/runner/work/qqnews/qqnews/qq.py", line 128, in main
    for i in qq1["data"]["list"]:
             ~~~~~~~~~~~^^^^^^^^
TypeError: 'NoneType' object is not subscriptable

2025-09-13 03:12:57,688 - INFO - Total time taken: {'ret': 0, 'msg': 'success', 'data': None}
2025-09-13 03:12:57,688 - INFO - 'NoneType' object is not subscriptable
2025-09-13 03:12:57,688 - INFO - Traceback (most recent call last):
  File "/home/runner/work/qqnews/qqnews/qq.py", line 128, in main
    for i in qq1["data"]["list"]:
             ~~~~~~~~~~~^^^^^^^^
TypeError: 'NoneType' object is not subscriptable

2025-09-13 04:01:27,820 - INFO - Total time taken: {'ret': 0, 'msg': 'success', 'data': None}
2025-09-13 04:01:27,821 - INFO - 'NoneType' object is not subscriptable
2025-09-13 04:01:27,821 - INFO - Traceback (most recent call last):
  File "/home/runner/work/qqnews/qqnews/qq.py", line 128, in main
    for i in qq1["data"]["list"]:
             ~~~~~~~~~~~^^^^^^^^
TypeError: 'NoneType' object is not subscriptable

2025-09-13 05:01:24,490 - INFO - Total time taken: {'ret': 0, 'msg': 'success', 'data': None}
2025-09-13 05:01:24,491 - INFO - 'NoneType' object is not subscriptable
2025-09-13 05:01:24,491 - INFO - Traceback (most recent call last):
  File "/home/runner/work/qqnews/qqnews/qq.py", line 128, in main
    for i in qq1["data"]["list"]:
             ~~~~~~~~~~~^^^^^^^^
TypeError: 'NoneType' object is not subscriptable

2025-09-13 06:01:14,507 - INFO - Total time taken: {'ret': 0, 'msg': 'success', 'data': None}
2025-09-13 06:01:14,508 - INFO - 'NoneType' object is not subscriptable
2025-09-13 06:01:14,508 - INFO - Traceback (most recent call last):
  File "/home/runner/work/qqnews/qqnews/qq.py", line 128, in main
    for i in qq1["data"]["list"]:
             ~~~~~~~~~~~^^^^^^^^
TypeError: 'NoneType' object is not subscriptable

2025-09-13 07:01:16,367 - INFO - Total time taken: {'ret': 0, 'msg': 'success', 'data': None}
2025-09-13 07:01:16,367 - INFO - 'NoneType' object is not subscriptable
2025-09-13 07:01:16,368 - INFO - Traceback (most recent call last):
  File "/home/runner/work/qqnews/qqnews/qq.py", line 128, in main
    for i in qq1["data"]["list"]:
             ~~~~~~~~~~~^^^^^^^^
TypeError: 'NoneType' object is not subscriptable

2025-09-13 08:01:34,374 - INFO - Total time taken: {'ret': 0, 'msg': 'success', 'data': None}
2025-09-13 08:01:34,374 - INFO - 'NoneType' object is not subscriptable
2025-09-13 08:01:34,375 - INFO - Traceback (most recent call last):
  File "/home/runner/work/qqnews/qqnews/qq.py", line 128, in main
    for i in qq1["data"]["list"]:
             ~~~~~~~~~~~^^^^^^^^
TypeError: 'NoneType' object is not subscriptable

2025-09-13 09:01:18,178 - INFO - Total time taken: {'ret': 0, 'msg': 'success', 'data': None}
2025-09-13 09:01:18,179 - INFO - 'NoneType' object is not subscriptable
2025-09-13 09:01:18,179 - INFO - Traceback (most recent call last):
  File "/home/runner/work/qqnews/qqnews/qq.py", line 128, in main
    for i in qq1["data"]["list"]:
             ~~~~~~~~~~~^^^^^^^^
TypeError: 'NoneType' object is not subscriptable

