2025-08-08 00:45:28,937 - INFO - Total time taken: {'ret': 0, 'msg': 'success', 'data': None}
2025-08-08 00:45:28,937 - INFO - 'NoneType' object is not subscriptable
2025-08-08 00:45:28,937 - INFO - Traceback (most recent call last):
  File "/home/runner/work/qqnews/qqnews/qq.py", line 128, in main
    for i in qq1["data"]["list"]:
             ~~~~~~~~~~~^^^^^^^^
TypeError: 'NoneType' object is not subscriptable

2025-08-08 02:55:31,760 - INFO - Total time taken: {'ret': 0, 'msg': 'success', 'data': None}
2025-08-08 02:55:31,760 - INFO - 'NoneType' object is not subscriptable
2025-08-08 02:55:31,760 - INFO - Traceback (most recent call last):
  File "/home/runner/work/qqnews/qqnews/qq.py", line 128, in main
    for i in qq1["data"]["list"]:
             ~~~~~~~~~~~^^^^^^^^
TypeError: 'NoneType' object is not subscriptable

2025-08-08 03:59:22,176 - INFO - Total time taken: {'ret': 0, 'msg': 'success', 'data': None}
2025-08-08 03:59:22,176 - INFO - 'NoneType' object is not subscriptable
2025-08-08 03:59:22,176 - INFO - Traceback (most recent call last):
  File "/home/runner/work/qqnews/qqnews/qq.py", line 128, in main
    for i in qq1["data"]["list"]:
             ~~~~~~~~~~~^^^^^^^^
TypeError: 'NoneType' object is not subscriptable

2025-08-08 04:40:59,422 - INFO - Total time taken: {'ret': 0, 'msg': 'success', 'data': None}
2025-08-08 04:40:59,422 - INFO - 'NoneType' object is not subscriptable
2025-08-08 04:40:59,422 - INFO - Traceback (most recent call last):
  File "/home/runner/work/qqnews/qqnews/qq.py", line 128, in main
    for i in qq1["data"]["list"]:
             ~~~~~~~~~~~^^^^^^^^
TypeError: 'NoneType' object is not subscriptable

2025-08-08 05:19:37,099 - INFO - Total time taken: {'ret': 0, 'msg': 'success', 'data': None}
2025-08-08 05:19:37,099 - INFO - 'NoneType' object is not subscriptable
2025-08-08 05:19:37,100 - INFO - Traceback (most recent call last):
  File "/home/runner/work/qqnews/qqnews/qq.py", line 128, in main
    for i in qq1["data"]["list"]:
             ~~~~~~~~~~~^^^^^^^^
TypeError: 'NoneType' object is not subscriptable

2025-08-08 06:15:57,347 - INFO - Total time taken: {'ret': 0, 'msg': 'success', 'data': None}
2025-08-08 06:15:57,347 - INFO - 'NoneType' object is not subscriptable
2025-08-08 06:15:57,348 - INFO - Traceback (most recent call last):
  File "/home/runner/work/qqnews/qqnews/qq.py", line 128, in main
    for i in qq1["data"]["list"]:
             ~~~~~~~~~~~^^^^^^^^
TypeError: 'NoneType' object is not subscriptable

2025-08-08 07:16:09,667 - INFO - Total time taken: {'ret': 0, 'msg': 'success', 'data': None}
2025-08-08 07:16:09,667 - INFO - 'NoneType' object is not subscriptable
2025-08-08 07:16:09,667 - INFO - Traceback (most recent call last):
  File "/home/runner/work/qqnews/qqnews/qq.py", line 128, in main
    for i in qq1["data"]["list"]:
             ~~~~~~~~~~~^^^^^^^^
TypeError: 'NoneType' object is not subscriptable

2025-08-08 08:13:50,895 - INFO - Total time taken: {'ret': 0, 'msg': 'success', 'data': None}
2025-08-08 08:13:50,895 - INFO - 'NoneType' object is not subscriptable
2025-08-08 08:13:50,895 - INFO - Traceback (most recent call last):
  File "/home/runner/work/qqnews/qqnews/qq.py", line 128, in main
    for i in qq1["data"]["list"]:
             ~~~~~~~~~~~^^^^^^^^
TypeError: 'NoneType' object is not subscriptable

2025-08-08 09:15:42,020 - INFO - Total time taken: {'ret': 0, 'msg': 'success', 'data': None}
2025-08-08 09:15:42,020 - INFO - 'NoneType' object is not subscriptable
2025-08-08 09:15:42,020 - INFO - Traceback (most recent call last):
  File "/home/runner/work/qqnews/qqnews/qq.py", line 128, in main
    for i in qq1["data"]["list"]:
             ~~~~~~~~~~~^^^^^^^^
TypeError: 'NoneType' object is not subscriptable

2025-08-08 10:10:20,121 - INFO - Total time taken: {'ret': 0, 'msg': 'success', 'data': None}
2025-08-08 10:10:20,121 - INFO - 'NoneType' object is not subscriptable
2025-08-08 10:10:20,121 - INFO - Traceback (most recent call last):
  File "/home/runner/work/qqnews/qqnews/qq.py", line 128, in main
    for i in qq1["data"]["list"]:
             ~~~~~~~~~~~^^^^^^^^
TypeError: 'NoneType' object is not subscriptable

2025-08-08 11:01:08,955 - INFO - Total time taken: {'ret': 0, 'msg': 'success', 'data': None}
2025-08-08 11:01:08,955 - INFO - 'NoneType' object is not subscriptable
2025-08-08 11:01:08,955 - INFO - Traceback (most recent call last):
  File "/home/runner/work/qqnews/qqnews/qq.py", line 128, in main
    for i in qq1["data"]["list"]:
             ~~~~~~~~~~~^^^^^^^^
TypeError: 'NoneType' object is not subscriptable

2025-08-08 12:17:39,237 - INFO - Total time taken: {'ret': 0, 'msg': 'success', 'data': None}
2025-08-08 12:17:39,238 - INFO - 'NoneType' object is not subscriptable
2025-08-08 12:17:39,238 - INFO - Traceback (most recent call last):
  File "/home/runner/work/qqnews/qqnews/qq.py", line 128, in main
    for i in qq1["data"]["list"]:
             ~~~~~~~~~~~^^^^^^^^
TypeError: 'NoneType' object is not subscriptable

2025-08-08 13:31:21,088 - INFO - Total time taken: {'ret': 0, 'msg': 'success', 'data': None}
2025-08-08 13:31:21,088 - INFO - 'NoneType' object is not subscriptable
2025-08-08 13:31:21,089 - INFO - Traceback (most recent call last):
  File "/home/runner/work/qqnews/qqnews/qq.py", line 128, in main
    for i in qq1["data"]["list"]:
             ~~~~~~~~~~~^^^^^^^^
TypeError: 'NoneType' object is not subscriptable

2025-08-08 14:12:22,699 - INFO - Total time taken: {'ret': 0, 'msg': 'success', 'data': None}
2025-08-08 14:12:22,699 - INFO - 'NoneType' object is not subscriptable
2025-08-08 14:12:22,699 - INFO - Traceback (most recent call last):
  File "/home/runner/work/qqnews/qqnews/qq.py", line 128, in main
    for i in qq1["data"]["list"]:
             ~~~~~~~~~~~^^^^^^^^
TypeError: 'NoneType' object is not subscriptable

