2026-01-05 00:50:50,288 - INFO - Total time taken: {'ret': 0, 'msg': 'success', 'data': None}
2026-01-05 00:50:50,289 - INFO - 'NoneType' object is not subscriptable
2026-01-05 00:50:50,289 - INFO - Traceback (most recent call last):
  File "/home/runner/work/qqnews/qqnews/qq.py", line 128, in main
    for i in qq1["data"]["list"]:
             ~~~~~~~~~~~^^^^^^^^
TypeError: 'NoneType' object is not subscriptable

2026-01-05 03:03:44,968 - INFO - Total time taken: {'ret': 0, 'msg': 'success', 'data': None}
2026-01-05 03:03:44,968 - INFO - 'NoneType' object is not subscriptable
2026-01-05 03:03:44,968 - INFO - Traceback (most recent call last):
  File "/home/runner/work/qqnews/qqnews/qq.py", line 128, in main
    for i in qq1["data"]["list"]:
             ~~~~~~~~~~~^^^^^^^^
TypeError: 'NoneType' object is not subscriptable

2026-01-05 04:46:13,177 - INFO - Total time taken: {'ret': 0, 'msg': 'success', 'data': None}
2026-01-05 04:46:13,177 - INFO - 'NoneType' object is not subscriptable
2026-01-05 04:46:13,178 - INFO - Traceback (most recent call last):
  File "/home/runner/work/qqnews/qqnews/qq.py", line 128, in main
    for i in qq1["data"]["list"]:
             ~~~~~~~~~~~^^^^^^^^
TypeError: 'NoneType' object is not subscriptable

2026-01-05 05:26:58,252 - INFO - Total time taken: {'ret': 0, 'msg': 'success', 'data': None}
2026-01-05 05:26:58,252 - INFO - 'NoneType' object is not subscriptable
2026-01-05 05:26:58,252 - INFO - Traceback (most recent call last):
  File "/home/runner/work/qqnews/qqnews/qq.py", line 128, in main
    for i in qq1["data"]["list"]:
             ~~~~~~~~~~~^^^^^^^^
TypeError: 'NoneType' object is not subscriptable

2026-01-05 06:20:46,040 - INFO - Total time taken: {'ret': 0, 'msg': 'success', 'data': None}
2026-01-05 06:20:46,041 - INFO - 'NoneType' object is not subscriptable
2026-01-05 06:20:46,041 - INFO - Traceback (most recent call last):
  File "/home/runner/work/qqnews/qqnews/qq.py", line 128, in main
    for i in qq1["data"]["list"]:
             ~~~~~~~~~~~^^^^^^^^
TypeError: 'NoneType' object is not subscriptable

2026-01-05 07:19:31,577 - INFO - Total time taken: {'ret': 0, 'msg': 'success', 'data': None}
2026-01-05 07:19:31,577 - INFO - 'NoneType' object is not subscriptable
2026-01-05 07:19:31,577 - INFO - Traceback (most recent call last):
  File "/home/runner/work/qqnews/qqnews/qq.py", line 128, in main
    for i in qq1["data"]["list"]:
             ~~~~~~~~~~~^^^^^^^^
TypeError: 'NoneType' object is not subscriptable

2026-01-05 08:16:08,610 - INFO - Total time taken: {'ret': 0, 'msg': 'success', 'data': None}
2026-01-05 08:16:08,610 - INFO - 'NoneType' object is not subscriptable
2026-01-05 08:16:08,611 - INFO - Traceback (most recent call last):
  File "/home/runner/work/qqnews/qqnews/qq.py", line 128, in main
    for i in qq1["data"]["list"]:
             ~~~~~~~~~~~^^^^^^^^
TypeError: 'NoneType' object is not subscriptable

2026-01-05 09:19:14,196 - INFO - Total time taken: {'ret': 0, 'msg': 'success', 'data': None}
2026-01-05 09:19:14,196 - INFO - 'NoneType' object is not subscriptable
2026-01-05 09:19:14,197 - INFO - Traceback (most recent call last):
  File "/home/runner/work/qqnews/qqnews/qq.py", line 128, in main
    for i in qq1["data"]["list"]:
             ~~~~~~~~~~~^^^^^^^^
TypeError: 'NoneType' object is not subscriptable

2026-01-05 10:12:42,574 - INFO - Total time taken: {'ret': 0, 'msg': 'success', 'data': None}
2026-01-05 10:12:42,574 - INFO - 'NoneType' object is not subscriptable
2026-01-05 10:12:42,575 - INFO - Traceback (most recent call last):
  File "/home/runner/work/qqnews/qqnews/qq.py", line 128, in main
    for i in qq1["data"]["list"]:
             ~~~~~~~~~~~^^^^^^^^
TypeError: 'NoneType' object is not subscriptable

2026-01-05 11:09:38,544 - INFO - Total time taken: {'ret': 0, 'msg': 'success', 'data': None}
2026-01-05 11:09:38,544 - INFO - 'NoneType' object is not subscriptable
2026-01-05 11:09:38,545 - INFO - Traceback (most recent call last):
  File "/home/runner/work/qqnews/qqnews/qq.py", line 128, in main
    for i in qq1["data"]["list"]:
             ~~~~~~~~~~~^^^^^^^^
TypeError: 'NoneType' object is not subscriptable

2026-01-05 12:18:38,150 - INFO - Total time taken: {'ret': 0, 'msg': 'success', 'data': None}
2026-01-05 12:18:38,150 - INFO - 'NoneType' object is not subscriptable
2026-01-05 12:18:38,151 - INFO - Traceback (most recent call last):
  File "/home/runner/work/qqnews/qqnews/qq.py", line 128, in main
    for i in qq1["data"]["list"]:
             ~~~~~~~~~~~^^^^^^^^
TypeError: 'NoneType' object is not subscriptable

2026-01-05 13:32:58,369 - INFO - Total time taken: {'ret': 0, 'msg': 'success', 'data': None}
2026-01-05 13:32:58,369 - INFO - 'NoneType' object is not subscriptable
2026-01-05 13:32:58,369 - INFO - Traceback (most recent call last):
  File "/home/runner/work/qqnews/qqnews/qq.py", line 128, in main
    for i in qq1["data"]["list"]:
             ~~~~~~~~~~~^^^^^^^^
TypeError: 'NoneType' object is not subscriptable

2026-01-05 14:13:38,442 - INFO - Total time taken: {'ret': 0, 'msg': 'success', 'data': None}
2026-01-05 14:13:38,442 - INFO - 'NoneType' object is not subscriptable
2026-01-05 14:13:38,443 - INFO - Traceback (most recent call last):
  File "/home/runner/work/qqnews/qqnews/qq.py", line 128, in main
    for i in qq1["data"]["list"]:
             ~~~~~~~~~~~^^^^^^^^
TypeError: 'NoneType' object is not subscriptable

2026-01-05 15:12:16,276 - INFO - Total time taken: {'ret': 0, 'msg': 'success', 'data': None}
2026-01-05 15:12:16,276 - INFO - 'NoneType' object is not subscriptable
2026-01-05 15:12:16,277 - INFO - Traceback (most recent call last):
  File "/home/runner/work/qqnews/qqnews/qq.py", line 128, in main
    for i in qq1["data"]["list"]:
             ~~~~~~~~~~~^^^^^^^^
TypeError: 'NoneType' object is not subscriptable

2026-01-05 16:13:28,389 - INFO - Total time taken: {'ret': 0, 'msg': 'success', 'data': None}
2026-01-05 16:13:28,389 - INFO - 'NoneType' object is not subscriptable
2026-01-05 16:13:28,389 - INFO - Traceback (most recent call last):
  File "/home/runner/work/qqnews/qqnews/qq.py", line 128, in main
    for i in qq1["data"]["list"]:
             ~~~~~~~~~~~^^^^^^^^
TypeError: 'NoneType' object is not subscriptable

2026-01-05 17:12:59,905 - INFO - Total time taken: {'ret': 0, 'msg': 'success', 'data': None}
2026-01-05 17:12:59,906 - INFO - 'NoneType' object is not subscriptable
2026-01-05 17:12:59,906 - INFO - Traceback (most recent call last):
  File "/home/runner/work/qqnews/qqnews/qq.py", line 128, in main
    for i in qq1["data"]["list"]:
             ~~~~~~~~~~~^^^^^^^^
TypeError: 'NoneType' object is not subscriptable

2026-01-05 18:15:22,354 - INFO - Total time taken: {'ret': 0, 'msg': 'success', 'data': None}
2026-01-05 18:15:22,354 - INFO - 'NoneType' object is not subscriptable
2026-01-05 18:15:22,355 - INFO - Traceback (most recent call last):
  File "/home/runner/work/qqnews/qqnews/qq.py", line 128, in main
    for i in qq1["data"]["list"]:
             ~~~~~~~~~~~^^^^^^^^
TypeError: 'NoneType' object is not subscriptable

2026-01-05 19:11:53,505 - INFO - Total time taken: {'ret': 0, 'msg': 'success', 'data': None}
2026-01-05 19:11:53,505 - INFO - 'NoneType' object is not subscriptable
2026-01-05 19:11:53,506 - INFO - Traceback (most recent call last):
  File "/home/runner/work/qqnews/qqnews/qq.py", line 128, in main
    for i in qq1["data"]["list"]:
             ~~~~~~~~~~~^^^^^^^^
TypeError: 'NoneType' object is not subscriptable

2026-01-05 20:01:14,985 - INFO - Total time taken: {'ret': 0, 'msg': 'success', 'data': None}
2026-01-05 20:01:14,985 - INFO - 'NoneType' object is not subscriptable
2026-01-05 20:01:14,986 - INFO - Traceback (most recent call last):
  File "/home/runner/work/qqnews/qqnews/qq.py", line 128, in main
    for i in qq1["data"]["list"]:
             ~~~~~~~~~~~^^^^^^^^
TypeError: 'NoneType' object is not subscriptable

2026-01-05 21:01:36,580 - INFO - Total time taken: {'ret': 0, 'msg': 'success', 'data': None}
2026-01-05 21:01:36,580 - INFO - 'NoneType' object is not subscriptable
2026-01-05 21:01:36,581 - INFO - Traceback (most recent call last):
  File "/home/runner/work/qqnews/qqnews/qq.py", line 128, in main
    for i in qq1["data"]["list"]:
             ~~~~~~~~~~~^^^^^^^^
TypeError: 'NoneType' object is not subscriptable

2026-01-05 22:01:15,993 - INFO - Total time taken: {'ret': 0, 'msg': 'success', 'data': None}
2026-01-05 22:01:15,993 - INFO - 'NoneType' object is not subscriptable
2026-01-05 22:01:15,993 - INFO - Traceback (most recent call last):
  File "/home/runner/work/qqnews/qqnews/qq.py", line 128, in main
    for i in qq1["data"]["list"]:
             ~~~~~~~~~~~^^^^^^^^
TypeError: 'NoneType' object is not subscriptable

2026-01-05 23:01:29,845 - INFO - Total time taken: {'ret': 0, 'msg': 'success', 'data': None}
2026-01-05 23:01:29,846 - INFO - 'NoneType' object is not subscriptable
2026-01-05 23:01:29,846 - INFO - Traceback (most recent call last):
  File "/home/runner/work/qqnews/qqnews/qq.py", line 128, in main
    for i in qq1["data"]["list"]:
             ~~~~~~~~~~~^^^^^^^^
TypeError: 'NoneType' object is not subscriptable

