2025-07-21 00:48:15,619 - INFO - Total time taken: {'ret': 0, 'msg': 'success', 'data': None}
2025-07-21 00:48:15,619 - INFO - 'NoneType' object is not subscriptable
2025-07-21 00:48:15,620 - INFO - Traceback (most recent call last):
  File "/home/runner/work/qqnews/qqnews/qq.py", line 128, in main
    for i in qq1["data"]["list"]:
             ~~~~~~~~~~~^^^^^^^^
TypeError: 'NoneType' object is not subscriptable

2025-07-21 02:57:30,874 - INFO - Total time taken: {'ret': 0, 'msg': 'success', 'data': None}
2025-07-21 02:57:30,874 - INFO - 'NoneType' object is not subscriptable
2025-07-21 02:57:30,875 - INFO - Traceback (most recent call last):
  File "/home/runner/work/qqnews/qqnews/qq.py", line 128, in main
    for i in qq1["data"]["list"]:
             ~~~~~~~~~~~^^^^^^^^
TypeError: 'NoneType' object is not subscriptable

2025-07-21 04:00:30,655 - INFO - Total time taken: {'ret': 0, 'msg': 'success', 'data': None}
2025-07-21 04:00:30,656 - INFO - 'NoneType' object is not subscriptable
2025-07-21 04:00:30,656 - INFO - Traceback (most recent call last):
  File "/home/runner/work/qqnews/qqnews/qq.py", line 128, in main
    for i in qq1["data"]["list"]:
             ~~~~~~~~~~~^^^^^^^^
TypeError: 'NoneType' object is not subscriptable

