2025-11-25 00:40:18,641 - INFO - Total time taken: {'ret': 0, 'msg': 'success', 'data': None}
2025-11-25 00:40:18,641 - INFO - 'NoneType' object is not subscriptable
2025-11-25 00:40:18,641 - INFO - Traceback (most recent call last):
  File "/home/runner/work/qqnews/qqnews/qq.py", line 128, in main
    for i in qq1["data"]["list"]:
             ~~~~~~~~~~~^^^^^^^^
TypeError: 'NoneType' object is not subscriptable

2025-11-25 02:26:36,530 - INFO - Total time taken: {'ret': 0, 'msg': 'success', 'data': None}
2025-11-25 02:26:36,530 - INFO - 'NoneType' object is not subscriptable
2025-11-25 02:26:36,530 - INFO - Traceback (most recent call last):
  File "/home/runner/work/qqnews/qqnews/qq.py", line 128, in main
    for i in qq1["data"]["list"]:
             ~~~~~~~~~~~^^^^^^^^
TypeError: 'NoneType' object is not subscriptable

2025-11-25 03:40:56,086 - INFO - Total time taken: {'ret': 0, 'msg': 'success', 'data': None}
2025-11-25 03:40:56,087 - INFO - 'NoneType' object is not subscriptable
2025-11-25 03:40:56,087 - INFO - Traceback (most recent call last):
  File "/home/runner/work/qqnews/qqnews/qq.py", line 128, in main
    for i in qq1["data"]["list"]:
             ~~~~~~~~~~~^^^^^^^^
TypeError: 'NoneType' object is not subscriptable

2025-11-25 04:15:40,230 - INFO - Total time taken: {'ret': 0, 'msg': 'success', 'data': None}
2025-11-25 04:15:40,230 - INFO - 'NoneType' object is not subscriptable
2025-11-25 04:15:40,231 - INFO - Traceback (most recent call last):
  File "/home/runner/work/qqnews/qqnews/qq.py", line 128, in main
    for i in qq1["data"]["list"]:
             ~~~~~~~~~~~^^^^^^^^
TypeError: 'NoneType' object is not subscriptable

2025-11-25 05:01:27,126 - INFO - Total time taken: {'ret': 0, 'msg': 'success', 'data': None}
2025-11-25 05:01:27,126 - INFO - 'NoneType' object is not subscriptable
2025-11-25 05:01:27,127 - INFO - Traceback (most recent call last):
  File "/home/runner/work/qqnews/qqnews/qq.py", line 128, in main
    for i in qq1["data"]["list"]:
             ~~~~~~~~~~~^^^^^^^^
TypeError: 'NoneType' object is not subscriptable

2025-11-25 06:14:55,831 - INFO - Total time taken: {'ret': 0, 'msg': 'success', 'data': None}
2025-11-25 06:14:55,832 - INFO - 'NoneType' object is not subscriptable
2025-11-25 06:14:55,832 - INFO - Traceback (most recent call last):
  File "/home/runner/work/qqnews/qqnews/qq.py", line 128, in main
    for i in qq1["data"]["list"]:
             ~~~~~~~~~~~^^^^^^^^
TypeError: 'NoneType' object is not subscriptable

