2026-04-26 01:17:12,956 - INFO - Total time taken: {'ret': 0, 'msg': 'success', 'data': None}
2026-04-26 01:17:12,957 - INFO - 'NoneType' object is not subscriptable
2026-04-26 01:17:12,957 - INFO - Traceback (most recent call last):
  File "/home/runner/work/qqnews/qqnews/qq.py", line 128, in main
    for i in qq1["data"]["list"]:
             ~~~~~~~~~~~^^^^^^^^
TypeError: 'NoneType' object is not subscriptable

2026-04-26 04:47:44,494 - INFO - Total time taken: {'ret': 0, 'msg': 'success', 'data': None}
2026-04-26 04:47:44,494 - INFO - 'NoneType' object is not subscriptable
2026-04-26 04:47:44,495 - INFO - Traceback (most recent call last):
  File "/home/runner/work/qqnews/qqnews/qq.py", line 128, in main
    for i in qq1["data"]["list"]:
             ~~~~~~~~~~~^^^^^^^^
TypeError: 'NoneType' object is not subscriptable

2026-04-26 06:52:11,504 - INFO - Total time taken: {'ret': 0, 'msg': 'success', 'data': None}
2026-04-26 06:52:11,504 - INFO - 'NoneType' object is not subscriptable
2026-04-26 06:52:11,505 - INFO - Traceback (most recent call last):
  File "/home/runner/work/qqnews/qqnews/qq.py", line 128, in main
    for i in qq1["data"]["list"]:
             ~~~~~~~~~~~^^^^^^^^
TypeError: 'NoneType' object is not subscriptable

2026-04-26 08:08:48,545 - INFO - Total time taken: {'ret': 0, 'msg': 'success', 'data': None}
2026-04-26 08:08:48,545 - INFO - 'NoneType' object is not subscriptable
2026-04-26 08:08:48,546 - INFO - Traceback (most recent call last):
  File "/home/runner/work/qqnews/qqnews/qq.py", line 128, in main
    for i in qq1["data"]["list"]:
             ~~~~~~~~~~~^^^^^^^^
TypeError: 'NoneType' object is not subscriptable

2026-04-26 09:40:45,489 - INFO - Total time taken: {'ret': 0, 'msg': 'success', 'data': None}
2026-04-26 09:40:45,489 - INFO - 'NoneType' object is not subscriptable
2026-04-26 09:40:45,490 - INFO - Traceback (most recent call last):
  File "/home/runner/work/qqnews/qqnews/qq.py", line 128, in main
    for i in qq1["data"]["list"]:
             ~~~~~~~~~~~^^^^^^^^
TypeError: 'NoneType' object is not subscriptable

2026-04-26 10:33:32,778 - INFO - Total time taken: {'ret': 0, 'msg': 'success', 'data': None}
2026-04-26 10:33:32,778 - INFO - 'NoneType' object is not subscriptable
2026-04-26 10:33:32,779 - INFO - Traceback (most recent call last):
  File "/home/runner/work/qqnews/qqnews/qq.py", line 128, in main
    for i in qq1["data"]["list"]:
             ~~~~~~~~~~~^^^^^^^^
TypeError: 'NoneType' object is not subscriptable

2026-04-26 11:29:20,329 - INFO - Total time taken: {'ret': 0, 'msg': 'success', 'data': None}
2026-04-26 11:29:20,329 - INFO - 'NoneType' object is not subscriptable
2026-04-26 11:29:20,329 - INFO - Traceback (most recent call last):
  File "/home/runner/work/qqnews/qqnews/qq.py", line 128, in main
    for i in qq1["data"]["list"]:
             ~~~~~~~~~~~^^^^^^^^
TypeError: 'NoneType' object is not subscriptable

