2024-08-18 00:33:00,438 - INFO - EXPIRED
捡的小姑娘这么像我女儿？女子称6年前做过试管婴儿，只想找对方确认
https://new.qq.com/rain/a/20240817A05G1P00

2024-08-18 00:33:00,438 - INFO - EXPIRED
多地蔬菜价格走高：农户收入未明显提升，摊贩称每剩一斤亏十块钱
https://new.qq.com/rain/a/20240817A06Y8T00

2024-08-18 00:33:00,438 - INFO - EXPIRED
多地宣布对氢能车免高速费，哪类群体更适合使用氢能汽车？
https://view.inews.qq.com/a/20240817Q06FZJ00

2024-08-18 00:33:00,438 - INFO - EXPIRED
雷军直播突发“事故”：“炸麦”超20分钟，网友调侃：Are you OK
https://new.qq.com/rain/a/20240817A074R200

2024-08-18 00:33:00,438 - INFO - EXPIRED
全红婵“疯疯癫癫”、李发彬妻子是“菜贩子”？嘲讽者的傲慢与偏见
https://new.qq.com/rain/a/20240817A0503100

2024-08-18 00:33:00,438 - INFO - EXPIRED
停靠江苏南通的明思克号航母起火后现状：舰岛损毁严重 
https://new.qq.com/rain/a/20240817A07THP00

2024-08-18 00:33:00,438 - INFO - EXPIRED
女子入住千万精装房后每天都在抓虫子：电视柜下方摆放了几十块粘虫板
https://new.qq.com/rain/a/20240817A06W7000

2024-08-18 00:33:00,438 - INFO - EXPIRED
青岛男童遭武术教练殴打致死案续：检方抗诉认为一审量刑畸轻
https://new.qq.com/rain/a/20240817A07S9N00

2024-08-18 00:33:00,438 - INFO - EXPIRED
普京任命安娜·齐维列娃为俄联邦国务秘书、国防部副部长
https://new.qq.com/rain/a/20240817A07K8800

2024-08-18 00:33:00,438 - INFO - EXPIRED
老板娘因穿着清凉引关注后超市关门，探访：附近小超市和各类商店很多
https://new.qq.com/rain/a/20240817A07HAP00

2024-08-18 00:33:00,438 - INFO - EXPIRED
网传“女生在泳池内被男生轮流抱摔霸凌”，西安警方通报
https://new.qq.com/rain/a/20240817A06NP000

2024-08-18 00:33:00,438 - INFO - EXPIRED
21世纪，中国又挖起了运河
https://new.qq.com/rain/a/20240817A047X000

2024-08-18 00:33:00,438 - INFO - EXPIRED
起底“曝光前妻”的清华学霸刘光耀发家史及商业版图：以30万学费创业曾亏到一夜白头，实控多家公司
https://new.qq.com/rain/a/20240817A05I8F00

2024-08-18 00:33:00,438 - INFO - EXPIRED
机动车环道变骑行团专用？上海一公园两条线路成网红，冲撞摔伤都来了
https://new.qq.com/rain/a/20240816A00WTL00

2024-08-18 00:33:00,438 - INFO - EXPIRED
印度又现女医护被奸杀案：一女护士下班路上惨遭性侵后勒死
https://new.qq.com/rain/a/20240817V075JK00

2024-08-18 00:33:00,438 - INFO - EXPIRED
昆明警方投放2222根防溺水“救生竹竿”：均长5米左右，插立水域周边
https://new.qq.com/rain/a/20240817A07O8000

2024-08-18 00:33:00,438 - INFO - EXPIRED
河南汝州疾控41名事业编被清退：招聘条件“内部照顾”，原主任被停职
https://new.qq.com/rain/a/20240817A07M5T00

2024-08-18 00:33:00,438 - INFO - EXPIRED
相隔两世的思念！中元节贵州民众在指定区域烧纸祭亲，地面犹如星空
https://new.qq.com/rain/a/20240817V05P8M00

2024-08-18 00:33:00,438 - INFO - EXPIRED
台湾宜兰县海域发生4.2级地震 震源深度10千米
https://new.qq.com/rain/a/20240817A07JGK00

2024-08-18 00:33:00,438 - INFO - EXPIRED
“中国牛散第一人”章建平被罚：借岳父账户炒股 家族持股市值近40亿
https://new.qq.com/rain/a/20240817A06W7H00

2024-08-18 00:33:00,438 - INFO - EXPIRED
“我在厕所谁来救救我？”33岁保安值夜班猝死，事发时曾在工作群求救
https://new.qq.com/rain/a/20240817A06QMP00

2024-08-18 00:33:00,438 - INFO - EXPIRED
行政拘留！男子打1400公里顺风车后跑路，湖南慈利警方：系故意逃单
https://new.qq.com/rain/a/20240817A06ZY300

2024-08-18 00:33:00,438 - INFO - EXPIRED
谷歌前CEO谈全球AI竞争：美国芯片有10年优势，中国是最重要竞争者
https://new.qq.com/rain/a/20240817V06ESP00

2024-08-18 00:33:00,438 - INFO - EXPIRED
时隔8年，乌鲁木齐至伊斯坦布尔往返客运航线复航
https://new.qq.com/rain/a/20240817A07AKE00

2024-08-18 00:33:00,439 - INFO - EXPIRED
网传兰州一男子在睡梦中遭同事用美工刀割喉，警方通报：嫌犯已被抓获
https://new.qq.com/rain/a/20240817A068DH00

2024-08-18 00:33:00,439 - INFO - EXPIRED
夺金14天，陈梦发声：单打决赛环境那样嘈杂，我就是要赢给所有人看！
https://new.qq.com/rain/a/20240817A01H1000

2024-08-18 00:33:00,439 - INFO - EXPIRED
新一轮加沙停火谈判未获突破，拜登警告以色列勿采取干扰行动
https://new.qq.com/rain/a/20240817A05EN400

2024-08-18 00:33:00,439 - INFO - EXPIRED
国家发展改革委联合有关部门建立促进民间投资资金和要素保障工作机制
https://new.qq.com/rain/a/20240817A06GYX00

2024-08-18 00:33:00,439 - INFO - EXPIRED
泰国发布皇家赦免令 前总理他信等约5万人将获释
https://new.qq.com/rain/a/20240817A05I6000

2024-08-18 00:33:00,439 - INFO - EXPIRED
《纽约时报》韩国记者发文：美国靠不住，韩国人想建立自己的核武库
https://new.qq.com/rain/a/20240817A05R0D00

2024-08-18 00:33:00,439 - INFO - EXPIRED
裸婚老太花光再婚配偶224万元，还要参与分配所有遗产？法院判了
https://new.qq.com/rain/a/20240817A045SE00

2024-08-18 00:33:00,439 - INFO - EXPIRED
四川渠县一黑色轿车冲进商贸街致7人受伤 肇事司机已被控制
https://new.qq.com/rain/a/20240817V05MLM00

2024-08-18 00:33:00,439 - INFO - EXPIRED
俄驻美大使：未经美国默许，乌克兰不会袭击北溪管道
https://new.qq.com/rain/a/20240817A04ZI700

2024-08-18 00:33:00,439 - INFO - EXPIRED
杭州一超市老板娘因衣着问题被举报，店铺疑似已经关门
https://new.qq.com/rain/a/20240817V03FBW00

2024-08-18 00:33:00,439 - INFO - EXPIRED
什么情况？7000多辆电瓶车和自行车挤在上海这个地铁口，官方回应
https://new.qq.com/rain/a/20240817A00Z8V00

2024-08-18 00:33:00,439 - INFO - EXPIRED
太离谱！四川南充一男子偷了村里的水泥公路
https://new.qq.com/rain/a/20240816A05B6B00

2024-08-18 00:33:00,439 - INFO - EXPIRED
男子参加钉钉团建活动窒息身亡，为何死亡数小时都无人发现？平台该承担什么责任？
https://view.inews.qq.com/a/20240817Q03Y7S00

2024-08-18 00:33:00,439 - INFO - EXPIRED
41人入职事业单位后遭清退？当地通报：招聘方案无效，结果予以作废
https://new.qq.com/rain/a/20240817A0499Q00

2024-08-18 00:33:00,439 - INFO - EXPIRED
樊振东2024年加入上海青联，任市青联常委和体育界别副主任
https://new.qq.com/rain/a/20240817A04SHK00

2024-08-18 00:33:00,439 - INFO - EXPIRED
从45岁大厂程序员被裁改行送外卖看“中产陷落”，徐峥：这就是现实
https://new.qq.com/rain/a/20240817V0083100

2024-08-18 00:33:00,439 - INFO - EXPIRED
男子打1400公里顺风车逃单，车主3个月后终于收到转账
https://new.qq.com/rain/a/20240816A08B0K00

2024-08-18 00:33:00,439 - INFO - EXPIRED
四年来一把手“三变” ！王廷科不再担任党委书记，谁将执掌中国人保
https://new.qq.com/rain/a/20240817A0553800

2024-08-18 00:33:00,439 - INFO - EXPIRED
辽宁鞍山一地发生闪爆，事件原因正在核查
https://new.qq.com/rain/a/20240817A05I7A00

2024-08-18 00:33:00,439 - INFO - EXPIRED
在三峡水库消落区发现裸露墓葬后盗取西汉文物，三名码头工人被判刑
https://new.qq.com/rain/a/20240817A03SY500

2024-08-18 00:33:00,439 - INFO - EXPIRED
泰国政坛一周内两次“地震”背后，多股势力的斗争与博弈
https://new.qq.com/rain/a/20240816A08FDL00

2024-08-18 00:33:00,439 - INFO - EXPIRED
绿牌特斯拉皮卡现身天津街头？工作人员：非官方售卖，进口价超250万
https://new.qq.com/rain/a/20240817A03P5U00

2024-08-18 00:33:00,439 - INFO - EXPIRED
“中奖2.2亿不交个税”成历史，彩票个税新规堵上这个漏洞
https://new.qq.com/rain/a/20240817A03SE800

2024-08-18 00:33:00,439 - INFO - EXPIRED
男子参加钉钉团建活动窒息身亡？警方：确有徒步人员死亡，已排除刑案
https://new.qq.com/rain/a/20240817A00URH00

2024-08-18 00:33:00,439 - INFO - EXPIRED
王自如的多面人生：从初代网红到格力高管，离职前还奔波一线
https://new.qq.com/rain/a/20240817A04JS700

2024-08-18 00:33:00,439 - INFO - EXPIRED
比高铁还快，比亚迪仰望U9飙出375公里每小时极速，冲击这种速度意义何在？
https://view.inews.qq.com/a/20240816Q09B1J00

2024-08-18 00:33:00,439 - INFO - EXPIRED
哈马斯否认以军击杀军事指挥官戴夫：以色列是“为大屠杀找借口”
https://new.qq.com/rain/a/20240817A03R3D00

2024-08-18 00:33:00,439 - INFO - EXPIRED
福建一渔船在海上沉没 1人死亡 失联3人正在搜救中
https://new.qq.com/rain/a/20240817A048X200

2024-08-18 00:33:00,439 - INFO - EXPIRED
大熊猫“福茹”凌晨去世，未满2周岁，死因公布
https://new.qq.com/rain/a/20240817A03PRO00

2024-08-18 00:33:00,439 - INFO - EXPIRED
土耳其议会因议员入狱而爆发大规模斗殴，至于吗？还有哪些深层矛盾？
https://view.inews.qq.com/a/20240817Q02DWO00

2024-08-18 00:33:00,439 - INFO - EXPIRED
江苏南通一废旧航母在拆除改造时发生火灾，这艘航母从哪来的？
https://view.inews.qq.com/a/20240816Q09PH900

2024-08-18 00:33:00,439 - INFO - EXPIRED
中国乒协：“饭圈”乱象已严重干扰球队正常训练和比赛，将依法追责
https://new.qq.com/rain/a/20240817A03CES00

2024-08-18 00:33:00,439 - INFO - EXPIRED
被时势造就的哈里斯，能走多远？评论员：双方基本盘已全面归队
https://new.qq.com/rain/a/20240816A0A1WA00

2024-08-18 00:33:00,439 - INFO - EXPIRED
四川渠县一SUV冲进水果摊撞倒多人，镇政府：有7人受伤，无人员死亡
https://new.qq.com/rain/a/20240817A03VG700

2024-08-18 00:33:00,439 - INFO - EXPIRED
国足收到坏消息！20岁后卫头骨受伤连夜手术，目前暂无生命危险
https://new.qq.com/rain/a/20240817A03HPK00

2024-08-18 00:33:00,439 - INFO - EXPIRED
河南信阳一小区电梯发生故障，一住户从电梯井跌落地库死亡
https://new.qq.com/rain/a/20240816A05B5000

2024-08-18 00:33:00,439 - INFO - EXPIRED
“红袖章大爷”驱赶卖玩具小贩？景区通报：涉事安保言语不当，已辞退
https://new.qq.com/rain/a/20240817A02DM400

2024-08-18 00:33:00,439 - INFO - EXPIRED
全红婵家乡的变与不变：父母仍务农，村里竖起“我在迈合很想你”路牌
https://new.qq.com/rain/a/20240817A028NZ00

2024-08-18 00:33:00,439 - INFO - EXPIRED
河南37岁女法官被报复遇害：遗体告别仪式举行，同事泣不成声
https://new.qq.com/rain/a/20240817A02L4J00

2024-08-18 00:33:00,439 - INFO - EXPIRED
重庆一命案告破：男子遭刀砍枪杀，主要嫌疑人化名隐匿29年落网
https://new.qq.com/rain/a/20240817A01SHH00

2024-08-18 00:33:00,439 - INFO - EXPIRED
居民、企业存款双双缩减 ，钱去哪了？
https://new.qq.com/rain/a/20240817A01WTW00

2024-08-18 00:33:00,439 - INFO - EXPIRED
法国一架民用飞机在飞行表演时高速俯冲坠海 飞行员丧生
https://new.qq.com/rain/a/20240817V01QRX00

2024-08-18 00:33:00,439 - INFO - EXPIRED
女子买奔驰当天发动机故障，回应：更换涡轮增压器并延保
https://new.qq.com/rain/a/20240817A0159H00

2024-08-18 00:33:00,439 - INFO - EXPIRED
郑钦文不敌前法网亚军，爆冷遭0-2横扫，12连胜被终结
https://new.qq.com/rain/a/20240817A01PYP00

2024-08-18 00:33:00,439 - INFO - EXPIRED
四部门完善彩票兑奖与适用税法，与之前比有哪些不同？中大奖能少缴税吗？
https://view.inews.qq.com/a/20240816Q0A4SR00

2024-08-18 00:33:00,439 - INFO - EXPIRED
王自如在格力的一千多个日夜
https://new.qq.com/rain/a/20240817A00CUH00

2024-08-18 00:33:00,439 - INFO - EXPIRED
美国“芯片法案”梦难圆：近40%大型投资暂停或延后！
https://new.qq.com/rain/a/20240817A02P4500

2024-08-18 00:33:00,439 - INFO - EXPIRED
轰动一时的沙特阿美对荣盛石化收购，背后还有内幕交易窝案，内情还原
https://new.qq.com/rain/a/20240817A018DL00

2024-08-18 00:33:00,439 - INFO - EXPIRED
真该对苹果税说不了
https://new.qq.com/rain/a/20240817A00UM700

2024-08-18 00:33:00,439 - INFO - EXPIRED
男子165万租服务器“挖矿”被骗，法院：合同无效，被告退款162万
https://new.qq.com/rain/a/20240817A01ZG700

2024-08-18 00:33:00,439 - INFO - EXPIRED
江苏一女子趴小区地上“晒背”，路过车主毫不知情开车撞上
https://new.qq.com/rain/a/20240817A00SH100

2024-08-18 00:33:00,439 - INFO - EXPIRED
苹果上长出的菌菇后续来了 课题组给发现者寄来3斤多白参菌 发现者尝后称越吃越有味道
https://new.qq.com/rain/a/20240816A08C0K00

2024-08-18 00:33:00,439 - INFO - EXPIRED
中国创新药的“好苗子”都被买走了
https://new.qq.com/rain/a/20240817A0186N00

2024-08-18 00:33:00,439 - INFO - EXPIRED
美国加州AI法案获通过，李飞飞等人强烈反对，六个关键问答解释一切
https://new.qq.com/rain/a/20240816A08WKJ00

2024-08-18 00:33:00,439 - INFO - EXPIRED
他信之女当选泰国新总理，泰媒：振兴经济将是她上任后首个挑战
https://new.qq.com/rain/a/20240817A00PC900

2024-08-18 00:33:00,439 - INFO - EXPIRED
AI马斯克，1分钟骗走几十万
https://new.qq.com/rain/a/20240816A04LDX00

2024-08-18 00:33:00,439 - INFO - EXPIRED
四川一工地疑似挖出古墓，当地回应：专家正勘探中
https://new.qq.com/rain/a/20240817A01F4Q00

2024-08-18 00:33:00,439 - INFO - EXPIRED
北京缩水，深圳暂停，全国大多数地铁都在亏损
https://new.qq.com/rain/a/20240815A01RX200

2024-08-18 00:33:00,440 - INFO - EXPIRED
婚姻登记中取消户口簿是否会导致重婚、骗婚？民政部回应
https://new.qq.com/rain/a/20240817A00SUJ00

2024-08-18 00:33:00,440 - INFO - EXPIRED
朱忠明已兼任上海市委政法委书记
https://new.qq.com/rain/a/20240817A01NCU00

2024-08-18 00:33:00,440 - INFO - EXPIRED
近期菜价为何持续上涨
https://new.qq.com/rain/a/20240817A00MQN00

2024-08-18 00:33:00,440 - INFO - EXPIRED
深度 | 他信之女佩通坦当选泰国总理，“分蛋糕”会更艰难？
https://new.qq.com/rain/a/20240816A06LLI00

2024-08-18 00:33:00,440 - INFO - EXPIRED
以官员：哈马斯武装力量已几乎被消灭，以军在加沙地带作战已基本结束
https://new.qq.com/rain/a/20240817A00P2200

2024-08-18 00:33:00,440 - INFO - EXPIRED
周末多雨！北方新一轮降雨来袭，南方分散性强降雨持续
https://new.qq.com/rain/a/20240817A016EV00

2024-08-18 00:33:00,440 - INFO - EXPIRED
运动器材还是管制器械？郯城弓箭伤人背后的“盲区”
https://new.qq.com/rain/a/20240816A09NVS00

2024-08-18 00:33:00,440 - INFO - EXPIRED
网友举报四川达州一蚁商为垄断市场在溶洞投放蟑螂药，当地：正处理
https://new.qq.com/rain/a/20240816A09CNS00

2024-08-18 00:33:00,440 - INFO - EXPIRED
韩国前总统文在寅夫妇金融账户被扣押搜查，韩国检方认为有人试图行贿
https://new.qq.com/rain/a/20240816A088MB00

2024-08-18 00:33:00,440 - INFO - EXPIRED
美国共和党副总统候选人万斯所乘飞机出现紧急情况迫降
https://new.qq.com/rain/a/20240817A00I8100

2024-08-18 00:33:00,440 - INFO - EXPIRED
出国旅游发条朋友圈流量费1.6万元？上海市通信管理局回应
https://new.qq.com/rain/a/20240816A09WLE00

2024-08-18 00:33:00,895 - INFO - INVALID
中国体操协会：“饭圈”恶意行为造成极负面影响，坚决支持依法整治
https://new.qq.com/rain/a/20240818A00ZS200

2024-08-18 00:33:00,984 - INFO - INVALID
女子参观兵马俑抱孩子走进俑坑 当地回应：孩子发烧抽搐，游客太多出不去不得已为之
https://new.qq.com/rain/a/20240818A000HT00

2024-08-18 00:33:01,214 - INFO - INVALID
俄罗斯花滑美少女特鲁索娃结婚，曾获北京冬奥会银牌
https://new.qq.com/rain/a/20240818A00T2M00

2024-08-18 00:33:01,243 - INFO - SUCCESS
成都一特训营被曝殴打学生 学员：被逼吃潲水馒头 背“铁书包”跑操场
https://new.qq.com/rain/a/20240818A009JD00

2024-08-18 00:33:01,277 - INFO - INVALID
波兰总理回应“波兰参与破坏北溪管道”指责
https://new.qq.com/rain/a/20240818A008LA00

2024-08-18 00:33:01,292 - INFO - INVALID
俄罗斯堪察加东岸远海发生7.0级地震，希韦卢奇火山喷发
https://new.qq.com/rain/a/20240818A00UIO00

2024-08-18 00:33:01,301 - INFO - INVALID
英国伦敦地标建筑萨默塞特宫发生火灾，暂未造成人员伤亡
https://new.qq.com/rain/a/20240818A00TQT00

2024-08-18 02:01:52,358 - INFO - EXPIRED
网传“女生在泳池内被男生轮流抱摔霸凌”，西安警方通报
https://new.qq.com/rain/a/20240817A06NP000

2024-08-18 02:01:52,358 - INFO - EXPIRED
全红婵“疯疯癫癫”、李发彬妻子是“菜贩子”？嘲讽者的傲慢与偏见
https://new.qq.com/rain/a/20240817A0503100

2024-08-18 02:01:52,358 - INFO - EXPIRED
“神童上岸”失败，反常公职招录必须查问明白
https://new.qq.com/rain/a/20240817A07YKT00

2024-08-18 02:01:52,359 - INFO - EXPIRED
女子入住千万精装房后每天都在抓虫子：电视柜下方摆放了几十块粘虫板
https://new.qq.com/rain/a/20240817A06W7000

2024-08-18 02:01:52,359 - INFO - EXPIRED
21世纪，中国又挖起了运河
https://new.qq.com/rain/a/20240817A047X000

2024-08-18 02:01:52,359 - INFO - EXPIRED
​哈马斯回应拜登：这是“幻想”
https://new.qq.com/rain/a/20240817A07JY400

2024-08-18 02:01:52,359 - INFO - EXPIRED
捡的小姑娘这么像我女儿？女子称6年前做过试管婴儿，只想找对方确认
https://new.qq.com/rain/a/20240817A05G1P00

2024-08-18 02:01:52,359 - INFO - EXPIRED
多地宣布对氢能车免高速费，哪类群体更适合使用氢能汽车？
https://view.inews.qq.com/a/20240817Q06FZJ00

2024-08-18 02:01:52,359 - INFO - EXPIRED
多地菜价走高：农户收入未明显提升，摊贩感叹部分蔬菜剩一斤亏十块
https://new.qq.com/rain/a/20240817A06Y8T00

2024-08-18 02:01:52,359 - INFO - EXPIRED
雷军直播突发“事故”：“炸麦”超20分钟，网友调侃：Are you OK
https://new.qq.com/rain/a/20240817A074R200

2024-08-18 02:01:52,359 - INFO - EXPIRED
停靠江苏南通的明思克号航母起火后现状：舰岛损毁严重 
https://new.qq.com/rain/a/20240817A07THP00

2024-08-18 02:01:52,359 - INFO - EXPIRED
青岛男童遭武术教练殴打致死案续：检方抗诉认为一审量刑畸轻
https://new.qq.com/rain/a/20240817A07S9N00

2024-08-18 02:01:52,359 - INFO - EXPIRED
普京任命安娜·齐维列娃为俄联邦国务秘书、国防部副部长
https://new.qq.com/rain/a/20240817A07K8800

2024-08-18 02:01:52,359 - INFO - EXPIRED
老板娘因穿着清凉引关注后超市关门，探访：附近小超市和各类商店很多
https://new.qq.com/rain/a/20240817A07HAP00

2024-08-18 02:01:52,359 - INFO - EXPIRED
起底“曝光前妻”的清华学霸刘光耀发家史及商业版图：以30万学费创业曾亏到一夜白头，实控多家公司
https://new.qq.com/rain/a/20240817A05I8F00

2024-08-18 02:01:52,359 - INFO - EXPIRED
机动车环道变骑行团专用？上海一公园两条线路成网红，冲撞摔伤都来了
https://new.qq.com/rain/a/20240816A00WTL00

2024-08-18 02:01:52,359 - INFO - EXPIRED
印度又现女医护被奸杀案：一女护士下班路上惨遭性侵后勒死
https://new.qq.com/rain/a/20240817V075JK00

2024-08-18 02:01:52,359 - INFO - EXPIRED
昆明警方投放2222根防溺水“救生竹竿”：均长5米左右，插立水域周边
https://new.qq.com/rain/a/20240817A07O8000

2024-08-18 02:01:52,359 - INFO - EXPIRED
河南汝州疾控41名事业编被清退：招聘条件“内部照顾”，原主任被停职
https://new.qq.com/rain/a/20240817A07M5T00

2024-08-18 02:01:52,359 - INFO - EXPIRED
相隔两世的思念！中元节贵州民众在指定区域烧纸祭亲，地面犹如星空
https://new.qq.com/rain/a/20240817V05P8M00

2024-08-18 02:01:52,359 - INFO - EXPIRED
台湾宜兰县海域发生4.2级地震 震源深度10千米
https://new.qq.com/rain/a/20240817A07JGK00

2024-08-18 02:01:52,359 - INFO - EXPIRED
“中国牛散第一人”章建平被罚：借岳父账户炒股 家族持股市值近40亿
https://new.qq.com/rain/a/20240817A06W7H00

2024-08-18 02:01:52,359 - INFO - EXPIRED
“我在厕所谁来救救我？”33岁保安值夜班猝死，事发时曾在工作群求救
https://new.qq.com/rain/a/20240817A06QMP00

2024-08-18 02:01:52,359 - INFO - EXPIRED
行政拘留！男子打1400公里顺风车后跑路，湖南慈利警方：系故意逃单
https://new.qq.com/rain/a/20240817A06ZY300

2024-08-18 02:01:52,359 - INFO - EXPIRED
谷歌前CEO谈全球AI竞争：美国芯片有10年优势，中国是最重要竞争者
https://new.qq.com/rain/a/20240817V06ESP00

2024-08-18 02:01:52,359 - INFO - EXPIRED
时隔8年，乌鲁木齐至伊斯坦布尔往返客运航线复航
https://new.qq.com/rain/a/20240817A07AKE00

2024-08-18 02:01:52,359 - INFO - EXPIRED
网传兰州一男子在睡梦中遭同事用美工刀割喉，警方通报：嫌犯已被抓获
https://new.qq.com/rain/a/20240817A068DH00

2024-08-18 02:01:52,359 - INFO - EXPIRED
夺金14天，陈梦发声：单打决赛环境那样嘈杂，我就是要赢给所有人看！
https://new.qq.com/rain/a/20240817A01H1000

2024-08-18 02:01:52,359 - INFO - EXPIRED
新一轮加沙停火谈判未获突破，拜登警告以色列勿采取干扰行动
https://new.qq.com/rain/a/20240817A05EN400

2024-08-18 02:01:52,359 - INFO - EXPIRED
国家发展改革委联合有关部门建立促进民间投资资金和要素保障工作机制
https://new.qq.com/rain/a/20240817A06GYX00

2024-08-18 02:01:52,359 - INFO - EXPIRED
泰国发布皇家赦免令 前总理他信等约5万人将获释
https://new.qq.com/rain/a/20240817A05I6000

2024-08-18 02:01:52,359 - INFO - EXPIRED
《纽约时报》韩国记者发文：美国靠不住，韩国人想建立自己的核武库
https://new.qq.com/rain/a/20240817A05R0D00

2024-08-18 02:01:52,359 - INFO - EXPIRED
裸婚老太花光再婚配偶224万元，还要参与分配所有遗产？法院判了
https://new.qq.com/rain/a/20240817A045SE00

2024-08-18 02:01:52,359 - INFO - EXPIRED
四川渠县一黑色轿车冲进商贸街致7人受伤 肇事司机已被控制
https://new.qq.com/rain/a/20240817V05MLM00

2024-08-18 02:01:52,359 - INFO - EXPIRED
俄驻美大使：未经美国默许，乌克兰不会袭击北溪管道
https://new.qq.com/rain/a/20240817A04ZI700

2024-08-18 02:01:52,359 - INFO - EXPIRED
杭州一超市老板娘因衣着问题被举报，店铺疑似已经关门
https://new.qq.com/rain/a/20240817V03FBW00

2024-08-18 02:01:52,359 - INFO - EXPIRED
什么情况？7000多辆电瓶车和自行车挤在上海这个地铁口，官方回应
https://new.qq.com/rain/a/20240817A00Z8V00

2024-08-18 02:01:52,359 - INFO - EXPIRED
太离谱！四川南充一男子偷了村里的水泥公路
https://new.qq.com/rain/a/20240816A05B6B00

2024-08-18 02:01:52,359 - INFO - EXPIRED
男子参加钉钉团建活动窒息身亡，为何死亡数小时都无人发现？平台该承担什么责任？
https://view.inews.qq.com/a/20240817Q03Y7S00

2024-08-18 02:01:52,359 - INFO - EXPIRED
41人入职事业单位后遭清退？当地通报：招聘方案无效，结果予以作废
https://new.qq.com/rain/a/20240817A0499Q00

2024-08-18 02:01:52,359 - INFO - EXPIRED
樊振东2024年加入上海青联，任市青联常委和体育界别副主任
https://new.qq.com/rain/a/20240817A04SHK00

2024-08-18 02:01:52,359 - INFO - EXPIRED
从45岁大厂程序员被裁改行送外卖看“中产陷落”，徐峥：这就是现实
https://new.qq.com/rain/a/20240817V0083100

2024-08-18 02:01:52,359 - INFO - EXPIRED
男子打1400公里顺风车逃单，车主3个月后终于收到转账
https://new.qq.com/rain/a/20240816A08B0K00

2024-08-18 02:01:52,359 - INFO - EXPIRED
四年来一把手“三变” ！王廷科不再担任党委书记，谁将执掌中国人保
https://new.qq.com/rain/a/20240817A0553800

2024-08-18 02:01:52,359 - INFO - EXPIRED
辽宁鞍山一地发生闪爆，事件原因正在核查
https://new.qq.com/rain/a/20240817A05I7A00

2024-08-18 02:01:52,359 - INFO - EXPIRED
在三峡水库消落区发现裸露墓葬后盗取西汉文物，三名码头工人被判刑
https://new.qq.com/rain/a/20240817A03SY500

2024-08-18 02:01:52,359 - INFO - EXPIRED
泰国政坛一周内两次“地震”背后，多股势力的斗争与博弈
https://new.qq.com/rain/a/20240816A08FDL00

2024-08-18 02:01:52,359 - INFO - EXPIRED
绿牌特斯拉皮卡现身天津街头？工作人员：非官方售卖，进口价超250万
https://new.qq.com/rain/a/20240817A03P5U00

2024-08-18 02:01:52,360 - INFO - EXPIRED
“中奖2.2亿不交个税”成历史，彩票个税新规堵上这个漏洞
https://new.qq.com/rain/a/20240817A03SE800

2024-08-18 02:01:52,360 - INFO - EXPIRED
男子参加钉钉团建活动窒息身亡？警方：确有徒步人员死亡，已排除刑案
https://new.qq.com/rain/a/20240817A00URH00

2024-08-18 02:01:52,360 - INFO - EXPIRED
王自如的多面人生：从初代网红到格力高管，离职前还奔波一线
https://new.qq.com/rain/a/20240817A04JS700

2024-08-18 02:01:52,360 - INFO - EXPIRED
比高铁还快，比亚迪仰望U9飙出375公里每小时极速，冲击这种速度意义何在？
https://view.inews.qq.com/a/20240816Q09B1J00

2024-08-18 02:01:52,360 - INFO - EXPIRED
哈马斯否认以军击杀军事指挥官戴夫：以色列是“为大屠杀找借口”
https://new.qq.com/rain/a/20240817A03R3D00

2024-08-18 02:01:52,360 - INFO - EXPIRED
福建一渔船在海上沉没 1人死亡 失联3人正在搜救中
https://new.qq.com/rain/a/20240817A048X200

2024-08-18 02:01:52,360 - INFO - EXPIRED
大熊猫“福茹”凌晨去世，未满2周岁，死因公布
https://new.qq.com/rain/a/20240817A03PRO00

2024-08-18 02:01:52,360 - INFO - EXPIRED
土耳其议会因议员入狱而爆发大规模斗殴，至于吗？还有哪些深层矛盾？
https://view.inews.qq.com/a/20240817Q02DWO00

2024-08-18 02:01:52,360 - INFO - EXPIRED
江苏南通一废旧航母在拆除改造时发生火灾，这艘航母从哪来的？
https://view.inews.qq.com/a/20240816Q09PH900

2024-08-18 02:01:52,360 - INFO - EXPIRED
中国乒协：“饭圈”乱象已严重干扰球队正常训练和比赛，将依法追责
https://new.qq.com/rain/a/20240817A03CES00

2024-08-18 02:01:52,360 - INFO - EXPIRED
被时势造就的哈里斯，能走多远？评论员：双方基本盘已全面归队
https://new.qq.com/rain/a/20240816A0A1WA00

2024-08-18 02:01:52,360 - INFO - EXPIRED
四川渠县一SUV冲进水果摊撞倒多人，镇政府：有7人受伤，无人员死亡
https://new.qq.com/rain/a/20240817A03VG700

2024-08-18 02:01:52,360 - INFO - EXPIRED
国足收到坏消息！20岁后卫头骨受伤连夜手术，目前暂无生命危险
https://new.qq.com/rain/a/20240817A03HPK00

2024-08-18 02:01:52,360 - INFO - EXPIRED
河南信阳一小区电梯发生故障，一住户从电梯井跌落地库死亡
https://new.qq.com/rain/a/20240816A05B5000

2024-08-18 02:01:52,360 - INFO - EXPIRED
“红袖章大爷”驱赶卖玩具小贩？景区通报：涉事安保言语不当，已辞退
https://new.qq.com/rain/a/20240817A02DM400

2024-08-18 02:01:52,360 - INFO - EXPIRED
全红婵家乡的变与不变：父母仍务农，村里竖起“我在迈合很想你”路牌
https://new.qq.com/rain/a/20240817A028NZ00

2024-08-18 02:01:52,360 - INFO - EXPIRED
河南37岁女法官被报复遇害：遗体告别仪式举行，同事泣不成声
https://new.qq.com/rain/a/20240817A02L4J00

2024-08-18 02:01:52,360 - INFO - EXPIRED
重庆一命案告破：男子遭刀砍枪杀，主要嫌疑人化名隐匿29年落网
https://new.qq.com/rain/a/20240817A01SHH00

2024-08-18 02:01:52,360 - INFO - EXPIRED
居民、企业存款双双缩减 ，钱去哪了？
https://new.qq.com/rain/a/20240817A01WTW00

2024-08-18 02:01:52,360 - INFO - EXPIRED
法国一架民用飞机在飞行表演时高速俯冲坠海 飞行员丧生
https://new.qq.com/rain/a/20240817V01QRX00

2024-08-18 02:01:52,360 - INFO - EXPIRED
女子买奔驰当天发动机故障，回应：更换涡轮增压器并延保
https://new.qq.com/rain/a/20240817A0159H00

2024-08-18 02:01:52,360 - INFO - EXPIRED
郑钦文不敌前法网亚军，爆冷遭0-2横扫，12连胜被终结
https://new.qq.com/rain/a/20240817A01PYP00

2024-08-18 02:01:52,360 - INFO - EXPIRED
四部门完善彩票兑奖与适用税法，与之前比有哪些不同？中大奖能少缴税吗？
https://view.inews.qq.com/a/20240816Q0A4SR00

2024-08-18 02:01:52,360 - INFO - EXPIRED
王自如在格力的一千多个日夜
https://new.qq.com/rain/a/20240817A00CUH00

2024-08-18 02:01:52,360 - INFO - EXPIRED
美国“芯片法案”梦难圆：近40%大型投资暂停或延后！
https://new.qq.com/rain/a/20240817A02P4500

2024-08-18 02:01:52,360 - INFO - EXPIRED
轰动一时的沙特阿美对荣盛石化收购，背后还有内幕交易窝案，内情还原
https://new.qq.com/rain/a/20240817A018DL00

2024-08-18 02:01:52,360 - INFO - EXPIRED
真该对苹果税说不了
https://new.qq.com/rain/a/20240817A00UM700

2024-08-18 02:01:52,360 - INFO - EXPIRED
男子165万租服务器“挖矿”被骗，法院：合同无效，被告退款162万
https://new.qq.com/rain/a/20240817A01ZG700

2024-08-18 02:01:52,360 - INFO - EXPIRED
江苏一女子趴小区地上“晒背”，路过车主毫不知情开车撞上
https://new.qq.com/rain/a/20240817A00SH100

2024-08-18 02:01:52,360 - INFO - EXPIRED
苹果上长出的菌菇后续来了 课题组给发现者寄来3斤多白参菌 发现者尝后称越吃越有味道
https://new.qq.com/rain/a/20240816A08C0K00

2024-08-18 02:01:52,360 - INFO - EXPIRED
中国创新药的“好苗子”都被买走了
https://new.qq.com/rain/a/20240817A0186N00

2024-08-18 02:01:52,360 - INFO - EXPIRED
美国加州AI法案获通过，李飞飞等人强烈反对，六个关键问答解释一切
https://new.qq.com/rain/a/20240816A08WKJ00

2024-08-18 02:01:52,360 - INFO - EXPIRED
他信之女当选泰国新总理，泰媒：振兴经济将是她上任后首个挑战
https://new.qq.com/rain/a/20240817A00PC900

2024-08-18 02:01:52,360 - INFO - EXPIRED
AI马斯克，1分钟骗走几十万
https://new.qq.com/rain/a/20240816A04LDX00

2024-08-18 02:01:52,360 - INFO - EXPIRED
四川一工地疑似挖出古墓，当地回应：专家正勘探中
https://new.qq.com/rain/a/20240817A01F4Q00

2024-08-18 02:01:52,360 - INFO - EXPIRED
北京缩水，深圳暂停，全国大多数地铁都在亏损
https://new.qq.com/rain/a/20240815A01RX200

2024-08-18 02:01:52,360 - INFO - EXPIRED
婚姻登记中取消户口簿是否会导致重婚、骗婚？民政部回应
https://new.qq.com/rain/a/20240817A00SUJ00

2024-08-18 02:01:52,360 - INFO - EXPIRED
朱忠明已兼任上海市委政法委书记
https://new.qq.com/rain/a/20240817A01NCU00

2024-08-18 02:01:52,360 - INFO - EXPIRED
近期菜价为何持续上涨
https://new.qq.com/rain/a/20240817A00MQN00

2024-08-18 02:01:52,360 - INFO - EXPIRED
深度 | 他信之女佩通坦当选泰国总理，“分蛋糕”会更艰难？
https://new.qq.com/rain/a/20240816A06LLI00

2024-08-18 02:01:52,833 - INFO - INVALID
伊朗总统：美国是当前面临的最大威胁
https://new.qq.com/rain/a/20240818A01OK800

2024-08-18 02:01:52,838 - ERROR - ERROR
实拍：俄罗斯堪察加东岸远海发生7.0级地震 震前当地一火山喷发
https://new.qq.com/rain/a/20240818V01TJ500
('list index out of range',)
======
Traceback (most recent call last):
  File "/home/runner/work/qqnews/qqnews/qq.py", line 81, in process_article
    ss = str(tmpbs.select("div.LEFT div.content.clearfix")[0])
             ~~~~~~~~~~~~~~~~~~~~~~~~~~~~~~~~~~~~~~~~~~~~~^^^
IndexError: list index out of range


2024-08-18 02:01:52,877 - INFO - INVALID
外媒：卡德罗夫晒驾驶装有机枪的特斯拉赛博皮卡视频，邀请马斯克访问车臣
https://new.qq.com/rain/a/20240818A01TCN00

2024-08-18 02:01:52,911 - INFO - INVALID
境外间谍利用风塔进行非法活动，国家安全部发布防范提示
https://new.qq.com/rain/a/20240818A00WH900

2024-08-18 02:01:52,925 - INFO - INVALID
越共中央总书记、国家主席苏林抵达广州开启访华行程
https://new.qq.com/rain/a/20240818A01R1O00

2024-08-18 02:01:53,168 - INFO - INVALID
波兰总理回应“波兰参与破坏北溪管道”指责
https://new.qq.com/rain/a/20240818A008LA00

2024-08-18 02:01:53,178 - INFO - INVALID
中国体操协会：“饭圈”恶意行为造成极负面影响，坚决支持依法整治
https://new.qq.com/rain/a/20240818A00ZS200

2024-08-18 02:01:53,200 - INFO - INVALID
俄罗斯堪察加东岸远海发生7.0级地震，希韦卢奇火山喷发
https://new.qq.com/rain/a/20240818A00UIO00

2024-08-18 02:01:53,238 - INFO - INVALID
女子参观兵马俑抱孩子走进俑坑 当地回应：孩子发烧抽搐，游客太多出不去不得已为之
https://new.qq.com/rain/a/20240818A000HT00

2024-08-18 02:01:53,267 - INFO - EXIST
成都一特训营被曝殴打学生 学员：被逼吃潲水馒头 背“铁书包”跑操场
https://new.qq.com/rain/a/20240818A009JD00

2024-08-18 02:01:53,498 - INFO - INVALID
俄罗斯花滑美少女特鲁索娃结婚，曾获北京冬奥会银牌
https://new.qq.com/rain/a/20240818A00T2M00

2024-08-18 02:01:53,591 - INFO - INVALID
英国伦敦地标建筑萨默塞特宫发生火灾，暂未造成人员伤亡
https://new.qq.com/rain/a/20240818A00TQT00

2024-08-18 03:00:50,412 - INFO - EXPIRED
网传“女生在泳池内被男生轮流抱摔霸凌”，西安警方通报
https://new.qq.com/rain/a/20240817A06NP000

2024-08-18 03:00:50,412 - INFO - EXPIRED
男子倚长城拍照差点推掉一块砖，这算破坏文物吗？会被罚款吗？
https://view.inews.qq.com/a/20240817Q07JNI00

2024-08-18 03:00:50,412 - INFO - EXPIRED
全红婵“疯疯癫癫”、李发彬妻子是“菜贩子”？嘲讽者的傲慢与偏见
https://new.qq.com/rain/a/20240817A0503100

2024-08-18 03:00:50,412 - INFO - EXPIRED
“神童上岸”失败，反常公职招录必须查问明白
https://new.qq.com/rain/a/20240817A07YKT00

2024-08-18 03:00:50,412 - INFO - EXPIRED
女子入住千万精装房后每天都在抓虫子：电视柜下方摆放了几十块粘虫板
https://new.qq.com/rain/a/20240817A06W7000

2024-08-18 03:00:50,412 - INFO - EXPIRED
21世纪，中国又挖起了运河
https://new.qq.com/rain/a/20240817A047X000

2024-08-18 03:00:50,412 - INFO - EXPIRED
​哈马斯回应拜登：这是“幻想”
https://new.qq.com/rain/a/20240817A07JY400

2024-08-18 03:00:50,412 - INFO - EXPIRED
捡的小姑娘这么像我女儿？女子称6年前做过试管婴儿，只想找对方确认
https://new.qq.com/rain/a/20240817A05G1P00

2024-08-18 03:00:50,412 - INFO - EXPIRED
多地宣布对氢能车免高速费，哪类群体更适合使用氢能汽车？
https://view.inews.qq.com/a/20240817Q06FZJ00

2024-08-18 03:00:50,412 - INFO - EXPIRED
多地菜价走高：农户收入未明显提升，摊贩感叹部分蔬菜剩一斤亏十块
https://new.qq.com/rain/a/20240817A06Y8T00

2024-08-18 03:00:50,412 - INFO - EXPIRED
雷军直播突发“事故”：“炸麦”超20分钟，网友调侃：Are you OK
https://new.qq.com/rain/a/20240817A074R200

2024-08-18 03:00:50,412 - INFO - EXPIRED
停靠江苏南通的明思克号航母起火后现状：舰岛损毁严重 
https://new.qq.com/rain/a/20240817A07THP00

2024-08-18 03:00:50,413 - INFO - EXPIRED
青岛男童遭武术教练殴打致死案续：检方抗诉认为一审量刑畸轻
https://new.qq.com/rain/a/20240817A07S9N00

2024-08-18 03:00:50,413 - INFO - EXPIRED
普京任命安娜·齐维列娃为俄联邦国务秘书、国防部副部长
https://new.qq.com/rain/a/20240817A07K8800

2024-08-18 03:00:50,413 - INFO - EXPIRED
老板娘因穿着清凉引关注后超市关门，探访：附近小超市和各类商店很多
https://new.qq.com/rain/a/20240817A07HAP00

2024-08-18 03:00:50,413 - INFO - EXPIRED
起底“曝光前妻”的清华学霸刘光耀发家史及商业版图：以30万学费创业曾亏到一夜白头，实控多家公司
https://new.qq.com/rain/a/20240817A05I8F00

2024-08-18 03:00:50,413 - INFO - EXPIRED
机动车环道变骑行团专用？上海一公园两条线路成网红，冲撞摔伤都来了
https://new.qq.com/rain/a/20240816A00WTL00

2024-08-18 03:00:50,413 - INFO - EXPIRED
印度又现女医护被奸杀案：一女护士下班路上惨遭性侵后勒死
https://new.qq.com/rain/a/20240817V075JK00

2024-08-18 03:00:50,413 - INFO - EXPIRED
昆明警方投放2222根防溺水“救生竹竿”：均长5米左右，插立水域周边
https://new.qq.com/rain/a/20240817A07O8000

2024-08-18 03:00:50,413 - INFO - EXPIRED
河南汝州疾控41名事业编被清退：招聘条件“内部照顾”，原主任被停职
https://new.qq.com/rain/a/20240817A07M5T00

2024-08-18 03:00:50,413 - INFO - EXPIRED
相隔两世的思念！中元节贵州民众在指定区域烧纸祭亲，地面犹如星空
https://new.qq.com/rain/a/20240817V05P8M00

2024-08-18 03:00:50,413 - INFO - EXPIRED
台湾宜兰县海域发生4.2级地震 震源深度10千米
https://new.qq.com/rain/a/20240817A07JGK00

2024-08-18 03:00:50,413 - INFO - EXPIRED
“中国牛散第一人”章建平被罚：借岳父账户炒股 家族持股市值近40亿
https://new.qq.com/rain/a/20240817A06W7H00

2024-08-18 03:00:50,413 - INFO - EXPIRED
“我在厕所谁来救救我？”33岁保安值夜班猝死，事发时曾在工作群求救
https://new.qq.com/rain/a/20240817A06QMP00

2024-08-18 03:00:50,413 - INFO - EXPIRED
行政拘留！男子打1400公里顺风车后跑路，湖南慈利警方：系故意逃单
https://new.qq.com/rain/a/20240817A06ZY300

2024-08-18 03:00:50,413 - INFO - EXPIRED
谷歌前CEO谈全球AI竞争：美国芯片有10年优势，中国是最重要竞争者
https://new.qq.com/rain/a/20240817V06ESP00

2024-08-18 03:00:50,413 - INFO - EXPIRED
时隔8年，乌鲁木齐至伊斯坦布尔往返客运航线复航
https://new.qq.com/rain/a/20240817A07AKE00

2024-08-18 03:00:50,413 - INFO - EXPIRED
网传兰州一男子在睡梦中遭同事用美工刀割喉，警方通报：嫌犯已被抓获
https://new.qq.com/rain/a/20240817A068DH00

2024-08-18 03:00:50,413 - INFO - EXPIRED
夺金14天，陈梦发声：单打决赛环境那样嘈杂，我就是要赢给所有人看！
https://new.qq.com/rain/a/20240817A01H1000

2024-08-18 03:00:50,413 - INFO - EXPIRED
新一轮加沙停火谈判未获突破，拜登警告以色列勿采取干扰行动
https://new.qq.com/rain/a/20240817A05EN400

2024-08-18 03:00:50,413 - INFO - EXPIRED
国家发展改革委联合有关部门建立促进民间投资资金和要素保障工作机制
https://new.qq.com/rain/a/20240817A06GYX00

2024-08-18 03:00:50,413 - INFO - EXPIRED
泰国发布皇家赦免令 前总理他信等约5万人将获释
https://new.qq.com/rain/a/20240817A05I6000

2024-08-18 03:00:50,413 - INFO - EXPIRED
《纽约时报》韩国记者发文：美国靠不住，韩国人想建立自己的核武库
https://new.qq.com/rain/a/20240817A05R0D00

2024-08-18 03:00:50,413 - INFO - EXPIRED
裸婚老太花光再婚配偶224万元，还要参与分配所有遗产？法院判了
https://new.qq.com/rain/a/20240817A045SE00

2024-08-18 03:00:50,413 - INFO - EXPIRED
四川渠县一黑色轿车冲进商贸街致7人受伤 肇事司机已被控制
https://new.qq.com/rain/a/20240817V05MLM00

2024-08-18 03:00:50,413 - INFO - EXPIRED
俄驻美大使：未经美国默许，乌克兰不会袭击北溪管道
https://new.qq.com/rain/a/20240817A04ZI700

2024-08-18 03:00:50,413 - INFO - EXPIRED
杭州一超市老板娘因衣着问题被举报，店铺疑似已经关门
https://new.qq.com/rain/a/20240817V03FBW00

2024-08-18 03:00:50,413 - INFO - EXPIRED
什么情况？7000多辆电瓶车和自行车挤在上海这个地铁口，官方回应
https://new.qq.com/rain/a/20240817A00Z8V00

2024-08-18 03:00:50,413 - INFO - EXPIRED
太离谱！四川南充一男子偷了村里的水泥公路
https://new.qq.com/rain/a/20240816A05B6B00

2024-08-18 03:00:50,413 - INFO - EXPIRED
男子参加钉钉团建活动窒息身亡，为何死亡数小时都无人发现？平台该承担什么责任？
https://view.inews.qq.com/a/20240817Q03Y7S00

2024-08-18 03:00:50,413 - INFO - EXPIRED
41人入职事业单位后遭清退？当地通报：招聘方案无效，结果予以作废
https://new.qq.com/rain/a/20240817A0499Q00

2024-08-18 03:00:50,413 - INFO - EXPIRED
樊振东2024年加入上海青联，任市青联常委和体育界别副主任
https://new.qq.com/rain/a/20240817A04SHK00

2024-08-18 03:00:50,413 - INFO - EXPIRED
从45岁大厂程序员被裁改行送外卖看“中产陷落”，徐峥：这就是现实
https://new.qq.com/rain/a/20240817V0083100

2024-08-18 03:00:50,413 - INFO - EXPIRED
男子打1400公里顺风车逃单，车主3个月后终于收到转账
https://new.qq.com/rain/a/20240816A08B0K00

2024-08-18 03:00:50,413 - INFO - EXPIRED
四年来一把手“三变” ！王廷科不再担任党委书记，谁将执掌中国人保
https://new.qq.com/rain/a/20240817A0553800

2024-08-18 03:00:50,413 - INFO - EXPIRED
辽宁鞍山一地发生闪爆，事件原因正在核查
https://new.qq.com/rain/a/20240817A05I7A00

2024-08-18 03:00:50,413 - INFO - EXPIRED
在三峡水库消落区发现裸露墓葬后盗取西汉文物，三名码头工人被判刑
https://new.qq.com/rain/a/20240817A03SY500

2024-08-18 03:00:50,413 - INFO - EXPIRED
泰国政坛一周内两次“地震”背后，多股势力的斗争与博弈
https://new.qq.com/rain/a/20240816A08FDL00

2024-08-18 03:00:50,413 - INFO - EXPIRED
绿牌特斯拉皮卡现身天津街头？工作人员：非官方售卖，进口价超250万
https://new.qq.com/rain/a/20240817A03P5U00

2024-08-18 03:00:50,413 - INFO - EXPIRED
“中奖2.2亿不交个税”成历史，彩票个税新规堵上这个漏洞
https://new.qq.com/rain/a/20240817A03SE800

2024-08-18 03:00:50,413 - INFO - EXPIRED
男子参加钉钉团建活动窒息身亡？警方：确有徒步人员死亡，已排除刑案
https://new.qq.com/rain/a/20240817A00URH00

2024-08-18 03:00:50,413 - INFO - EXPIRED
王自如的多面人生：从初代网红到格力高管，离职前还奔波一线
https://new.qq.com/rain/a/20240817A04JS700

2024-08-18 03:00:50,413 - INFO - EXPIRED
比高铁还快，比亚迪仰望U9飙出375公里每小时极速，冲击这种速度意义何在？
https://view.inews.qq.com/a/20240816Q09B1J00

2024-08-18 03:00:50,413 - INFO - EXPIRED
哈马斯否认以军击杀军事指挥官戴夫：以色列是“为大屠杀找借口”
https://new.qq.com/rain/a/20240817A03R3D00

2024-08-18 03:00:50,413 - INFO - EXPIRED
福建一渔船在海上沉没 1人死亡 失联3人正在搜救中
https://new.qq.com/rain/a/20240817A048X200

2024-08-18 03:00:50,413 - INFO - EXPIRED
大熊猫“福茹”凌晨去世，未满2周岁，死因公布
https://new.qq.com/rain/a/20240817A03PRO00

2024-08-18 03:00:50,413 - INFO - EXPIRED
土耳其议会因议员入狱而爆发大规模斗殴，至于吗？还有哪些深层矛盾？
https://view.inews.qq.com/a/20240817Q02DWO00

2024-08-18 03:00:50,413 - INFO - EXPIRED
江苏南通一废旧航母在拆除改造时发生火灾，这艘航母从哪来的？
https://view.inews.qq.com/a/20240816Q09PH900

2024-08-18 03:00:50,413 - INFO - EXPIRED
中国乒协：“饭圈”乱象已严重干扰球队正常训练和比赛，将依法追责
https://new.qq.com/rain/a/20240817A03CES00

2024-08-18 03:00:50,413 - INFO - EXPIRED
被时势造就的哈里斯，能走多远？评论员：双方基本盘已全面归队
https://new.qq.com/rain/a/20240816A0A1WA00

2024-08-18 03:00:50,413 - INFO - EXPIRED
四川渠县一SUV冲进水果摊撞倒多人，镇政府：有7人受伤，无人员死亡
https://new.qq.com/rain/a/20240817A03VG700

2024-08-18 03:00:50,413 - INFO - EXPIRED
国足收到坏消息！20岁后卫头骨受伤连夜手术，目前暂无生命危险
https://new.qq.com/rain/a/20240817A03HPK00

2024-08-18 03:00:50,413 - INFO - EXPIRED
河南信阳一小区电梯发生故障，一住户从电梯井跌落地库死亡
https://new.qq.com/rain/a/20240816A05B5000

2024-08-18 03:00:50,413 - INFO - EXPIRED
“红袖章大爷”驱赶卖玩具小贩？景区通报：涉事安保言语不当，已辞退
https://new.qq.com/rain/a/20240817A02DM400

2024-08-18 03:00:50,413 - INFO - EXPIRED
全红婵家乡的变与不变：父母仍务农，村里竖起“我在迈合很想你”路牌
https://new.qq.com/rain/a/20240817A028NZ00

2024-08-18 03:00:50,413 - INFO - EXPIRED
河南37岁女法官被报复遇害：遗体告别仪式举行，同事泣不成声
https://new.qq.com/rain/a/20240817A02L4J00

2024-08-18 03:00:50,413 - INFO - EXPIRED
重庆一命案告破：男子遭刀砍枪杀，主要嫌疑人化名隐匿29年落网
https://new.qq.com/rain/a/20240817A01SHH00

2024-08-18 03:00:50,413 - INFO - EXPIRED
居民、企业存款双双缩减 ，钱去哪了？
https://new.qq.com/rain/a/20240817A01WTW00

2024-08-18 03:00:50,413 - INFO - EXPIRED
法国一架民用飞机在飞行表演时高速俯冲坠海 飞行员丧生
https://new.qq.com/rain/a/20240817V01QRX00

2024-08-18 03:00:50,414 - INFO - EXPIRED
女子买奔驰当天发动机故障，回应：更换涡轮增压器并延保
https://new.qq.com/rain/a/20240817A0159H00

2024-08-18 03:00:50,414 - INFO - EXPIRED
郑钦文不敌前法网亚军，爆冷遭0-2横扫，12连胜被终结
https://new.qq.com/rain/a/20240817A01PYP00

2024-08-18 03:00:50,414 - INFO - EXPIRED
四部门完善彩票兑奖与适用税法，与之前比有哪些不同？中大奖能少缴税吗？
https://view.inews.qq.com/a/20240816Q0A4SR00

2024-08-18 03:00:50,414 - INFO - EXPIRED
王自如在格力的一千多个日夜
https://new.qq.com/rain/a/20240817A00CUH00

2024-08-18 03:00:50,414 - INFO - EXPIRED
美国“芯片法案”梦难圆：近40%大型投资暂停或延后！
https://new.qq.com/rain/a/20240817A02P4500

2024-08-18 03:00:50,414 - INFO - EXPIRED
轰动一时的沙特阿美对荣盛石化收购，背后还有内幕交易窝案，内情还原
https://new.qq.com/rain/a/20240817A018DL00

2024-08-18 03:00:50,414 - INFO - EXPIRED
真该对苹果税说不了
https://new.qq.com/rain/a/20240817A00UM700

2024-08-18 03:00:50,414 - INFO - EXPIRED
男子165万租服务器“挖矿”被骗，法院：合同无效，被告退款162万
https://new.qq.com/rain/a/20240817A01ZG700

2024-08-18 03:00:50,414 - INFO - EXPIRED
江苏一女子趴小区地上“晒背”，路过车主毫不知情开车撞上
https://new.qq.com/rain/a/20240817A00SH100

2024-08-18 03:00:50,414 - INFO - EXPIRED
苹果上长出的菌菇后续来了 课题组给发现者寄来3斤多白参菌 发现者尝后称越吃越有味道
https://new.qq.com/rain/a/20240816A08C0K00

2024-08-18 03:00:50,414 - INFO - EXPIRED
中国创新药的“好苗子”都被买走了
https://new.qq.com/rain/a/20240817A0186N00

2024-08-18 03:00:50,414 - INFO - EXPIRED
美国加州AI法案获通过，李飞飞等人强烈反对，六个关键问答解释一切
https://new.qq.com/rain/a/20240816A08WKJ00

2024-08-18 03:00:50,414 - INFO - EXPIRED
他信之女当选泰国新总理，泰媒：振兴经济将是她上任后首个挑战
https://new.qq.com/rain/a/20240817A00PC900

2024-08-18 03:00:50,414 - INFO - EXPIRED
AI马斯克，1分钟骗走几十万
https://new.qq.com/rain/a/20240816A04LDX00

2024-08-18 03:00:50,414 - INFO - EXPIRED
四川一工地疑似挖出古墓，当地回应：专家正勘探中
https://new.qq.com/rain/a/20240817A01F4Q00

2024-08-18 03:00:50,963 - ERROR - ERROR
实拍：俄罗斯堪察加东岸远海发生7.0级地震 震前当地一火山喷发
https://new.qq.com/rain/a/20240818V01TJ500
('list index out of range',)
======
Traceback (most recent call last):
  File "/home/runner/work/qqnews/qqnews/qq.py", line 81, in process_article
    ss = str(tmpbs.select("div.LEFT div.content.clearfix")[0])
             ~~~~~~~~~~~~~~~~~~~~~~~~~~~~~~~~~~~~~~~~~~~~~^^^
IndexError: list index out of range


2024-08-18 03:00:50,969 - INFO - INVALID
境外间谍利用风塔进行非法活动，国家安全部发布防范提示
https://new.qq.com/rain/a/20240818A00WH900

2024-08-18 03:00:50,974 - INFO - INVALID
越共中央总书记、国家主席苏林抵达广州开启访华行程
https://new.qq.com/rain/a/20240818A01R1O00

2024-08-18 03:00:50,989 - INFO - INVALID
泰国国王正式批准佩通坦·钦那瓦出任总理
https://new.qq.com/rain/a/20240818A020A800

2024-08-18 03:00:50,994 - INFO - INVALID
外媒：卡德罗夫晒驾驶装有机枪的特斯拉赛博皮卡视频，邀请马斯克访问车臣
https://new.qq.com/rain/a/20240818A01TCN00

2024-08-18 03:00:51,244 - INFO - INVALID
伊朗总统：美国是当前面临的最大威胁
https://new.qq.com/rain/a/20240818A01OK800

2024-08-18 03:00:51,276 - INFO - INVALID
西安金地物业被指撬门占用业主空置别墅，业主：协商赔十万只收到五万
https://new.qq.com/rain/a/20240818A01SEV00

2024-08-18 03:00:51,304 - INFO - INVALID
“中国高校第一股”连续10年财务造假后立案，律师：股民索赔可期
https://new.qq.com/rain/a/20240818A01XTG00

2024-08-18 03:00:51,311 - INFO - INVALID
中国体操协会：“饭圈”恶意行为造成极负面影响，坚决支持依法整治
https://new.qq.com/rain/a/20240818A00ZS200

2024-08-18 03:00:51,316 - INFO - INVALID
谷歌又一次陷入麻烦 这回捅了“互联网评测博主”的职业底线
https://new.qq.com/rain/a/20240818A00L2700

2024-08-18 03:00:51,519 - INFO - INVALID
俄罗斯堪察加东岸远海发生7.0级地震，希韦卢奇火山喷发
https://new.qq.com/rain/a/20240818A00UIO00

2024-08-18 03:00:51,547 - INFO - INVALID
波兰总理回应“波兰参与破坏北溪管道”指责
https://new.qq.com/rain/a/20240818A008LA00

2024-08-18 03:00:51,563 - INFO - INVALID
俄罗斯花滑美少女特鲁索娃结婚，曾获北京冬奥会银牌
https://new.qq.com/rain/a/20240818A00T2M00

2024-08-18 03:00:51,623 - INFO - INVALID
女子参观兵马俑抱孩子走进俑坑 当地回应：孩子发烧抽搐，游客太多出不去不得已为之
https://new.qq.com/rain/a/20240818A000HT00

2024-08-18 03:00:51,639 - INFO - EXIST
成都一特训营被曝殴打学生 学员：被逼吃潲水馒头 背“铁书包”跑操场
https://new.qq.com/rain/a/20240818A009JD00

2024-08-18 03:00:51,835 - INFO - INVALID
英国伦敦地标建筑萨默塞特宫发生火灾，暂未造成人员伤亡
https://new.qq.com/rain/a/20240818A00TQT00

2024-08-18 04:08:37,983 - INFO - EXPIRED
网传“女生在泳池内被男生轮流抱摔霸凌”，西安警方通报
https://new.qq.com/rain/a/20240817A06NP000

2024-08-18 04:08:37,983 - INFO - EXPIRED
男子倚长城拍照差点推掉一块砖，这算破坏文物吗？会被罚款吗？
https://view.inews.qq.com/a/20240817Q07JNI00

2024-08-18 04:08:37,983 - INFO - EXPIRED
全红婵“疯疯癫癫”、李发彬妻子是“菜贩子”？嘲讽者的傲慢与偏见
https://new.qq.com/rain/a/20240817A0503100

2024-08-18 04:08:37,983 - INFO - EXPIRED
“神童上岸”失败，反常公职招录必须查问明白
https://new.qq.com/rain/a/20240817A07YKT00

2024-08-18 04:08:37,983 - INFO - EXPIRED
女子入住千万精装房后每天都在抓虫子：电视柜下方摆放了几十块粘虫板
https://new.qq.com/rain/a/20240817A06W7000

2024-08-18 04:08:37,983 - INFO - EXPIRED
21世纪，中国又挖起了运河
https://new.qq.com/rain/a/20240817A047X000

2024-08-18 04:08:37,983 - INFO - EXPIRED
​哈马斯回应拜登：这是“幻想”
https://new.qq.com/rain/a/20240817A07JY400

2024-08-18 04:08:37,983 - INFO - EXPIRED
捡的小姑娘这么像我女儿？女子称6年前做过试管婴儿，只想找对方确认
https://new.qq.com/rain/a/20240817A05G1P00

2024-08-18 04:08:37,983 - INFO - EXPIRED
多地宣布对氢能车免高速费，哪类群体更适合使用氢能汽车？
https://view.inews.qq.com/a/20240817Q06FZJ00

2024-08-18 04:08:37,983 - INFO - EXPIRED
多地菜价走高：农户收入未明显提升，摊贩感叹部分蔬菜剩一斤亏十块
https://new.qq.com/rain/a/20240817A06Y8T00

2024-08-18 04:08:37,983 - INFO - EXPIRED
雷军直播突发“事故”：“炸麦”超20分钟，网友调侃：Are you OK
https://new.qq.com/rain/a/20240817A074R200

2024-08-18 04:08:37,984 - INFO - EXPIRED
停靠江苏南通的明思克号航母起火后现状：舰岛损毁严重 
https://new.qq.com/rain/a/20240817A07THP00

2024-08-18 04:08:37,984 - INFO - EXPIRED
青岛男童遭武术教练殴打致死案续：检方抗诉认为一审量刑畸轻
https://new.qq.com/rain/a/20240817A07S9N00

2024-08-18 04:08:37,984 - INFO - EXPIRED
普京任命安娜·齐维列娃为俄联邦国务秘书、国防部副部长
https://new.qq.com/rain/a/20240817A07K8800

2024-08-18 04:08:37,984 - INFO - EXPIRED
老板娘因穿着清凉引关注后超市关门，探访：附近小超市和各类商店很多
https://new.qq.com/rain/a/20240817A07HAP00

2024-08-18 04:08:37,984 - INFO - EXPIRED
起底“曝光前妻”的清华学霸刘光耀发家史及商业版图：以30万学费创业曾亏到一夜白头，实控多家公司
https://new.qq.com/rain/a/20240817A05I8F00

2024-08-18 04:08:37,984 - INFO - EXPIRED
机动车环道变骑行团专用？上海一公园两条线路成网红，冲撞摔伤都来了
https://new.qq.com/rain/a/20240816A00WTL00

2024-08-18 04:08:37,984 - INFO - EXPIRED
印度又现女医护被奸杀案：一女护士下班路上惨遭性侵后勒死
https://new.qq.com/rain/a/20240817V075JK00

2024-08-18 04:08:37,984 - INFO - EXPIRED
昆明警方投放2222根防溺水“救生竹竿”：均长5米左右，插立水域周边
https://new.qq.com/rain/a/20240817A07O8000

2024-08-18 04:08:37,984 - INFO - EXPIRED
河南汝州疾控41名事业编被清退：招聘条件“内部照顾”，原主任被停职
https://new.qq.com/rain/a/20240817A07M5T00

2024-08-18 04:08:37,984 - INFO - EXPIRED
相隔两世的思念！中元节贵州民众在指定区域烧纸祭亲，地面犹如星空
https://new.qq.com/rain/a/20240817V05P8M00

2024-08-18 04:08:37,984 - INFO - EXPIRED
台湾宜兰县海域发生4.2级地震 震源深度10千米
https://new.qq.com/rain/a/20240817A07JGK00

2024-08-18 04:08:37,984 - INFO - EXPIRED
“中国牛散第一人”章建平被罚：借岳父账户炒股 家族持股市值近40亿
https://new.qq.com/rain/a/20240817A06W7H00

2024-08-18 04:08:37,984 - INFO - EXPIRED
“我在厕所谁来救救我？”33岁保安值夜班猝死，事发时曾在工作群求救
https://new.qq.com/rain/a/20240817A06QMP00

2024-08-18 04:08:37,984 - INFO - EXPIRED
行政拘留！男子打1400公里顺风车后跑路，湖南慈利警方：系故意逃单
https://new.qq.com/rain/a/20240817A06ZY300

2024-08-18 04:08:37,984 - INFO - EXPIRED
谷歌前CEO谈全球AI竞争：美国芯片有10年优势，中国是最重要竞争者
https://new.qq.com/rain/a/20240817V06ESP00

2024-08-18 04:08:37,984 - INFO - EXPIRED
时隔8年，乌鲁木齐至伊斯坦布尔往返客运航线复航
https://new.qq.com/rain/a/20240817A07AKE00

2024-08-18 04:08:37,984 - INFO - EXPIRED
网传兰州一男子在睡梦中遭同事用美工刀割喉，警方通报：嫌犯已被抓获
https://new.qq.com/rain/a/20240817A068DH00

2024-08-18 04:08:37,984 - INFO - EXPIRED
夺金14天，陈梦发声：单打决赛环境那样嘈杂，我就是要赢给所有人看！
https://new.qq.com/rain/a/20240817A01H1000

2024-08-18 04:08:37,984 - INFO - EXPIRED
新一轮加沙停火谈判未获突破，拜登警告以色列勿采取干扰行动
https://new.qq.com/rain/a/20240817A05EN400

2024-08-18 04:08:37,984 - INFO - EXPIRED
国家发展改革委联合有关部门建立促进民间投资资金和要素保障工作机制
https://new.qq.com/rain/a/20240817A06GYX00

2024-08-18 04:08:37,984 - INFO - EXPIRED
泰国发布皇家赦免令 前总理他信等约5万人将获释
https://new.qq.com/rain/a/20240817A05I6000

2024-08-18 04:08:37,984 - INFO - EXPIRED
《纽约时报》韩国记者发文：美国靠不住，韩国人想建立自己的核武库
https://new.qq.com/rain/a/20240817A05R0D00

2024-08-18 04:08:37,984 - INFO - EXPIRED
裸婚老太花光再婚配偶224万元，还要参与分配所有遗产？法院判了
https://new.qq.com/rain/a/20240817A045SE00

2024-08-18 04:08:37,984 - INFO - EXPIRED
四川渠县一黑色轿车冲进商贸街致7人受伤 肇事司机已被控制
https://new.qq.com/rain/a/20240817V05MLM00

2024-08-18 04:08:37,984 - INFO - EXPIRED
俄驻美大使：未经美国默许，乌克兰不会袭击北溪管道
https://new.qq.com/rain/a/20240817A04ZI700

2024-08-18 04:08:37,984 - INFO - EXPIRED
杭州一超市老板娘因衣着问题被举报，店铺疑似已经关门
https://new.qq.com/rain/a/20240817V03FBW00

2024-08-18 04:08:37,984 - INFO - EXPIRED
什么情况？7000多辆电瓶车和自行车挤在上海这个地铁口，官方回应
https://new.qq.com/rain/a/20240817A00Z8V00

2024-08-18 04:08:37,984 - INFO - EXPIRED
太离谱！四川南充一男子偷了村里的水泥公路
https://new.qq.com/rain/a/20240816A05B6B00

2024-08-18 04:08:37,984 - INFO - EXPIRED
男子参加钉钉团建活动窒息身亡，为何死亡数小时都无人发现？平台该承担什么责任？
https://view.inews.qq.com/a/20240817Q03Y7S00

2024-08-18 04:08:37,984 - INFO - EXPIRED
41人入职事业单位后遭清退？当地通报：招聘方案无效，结果予以作废
https://new.qq.com/rain/a/20240817A0499Q00

2024-08-18 04:08:37,984 - INFO - EXPIRED
樊振东2024年加入上海青联，任市青联常委和体育界别副主任
https://new.qq.com/rain/a/20240817A04SHK00

2024-08-18 04:08:37,984 - INFO - EXPIRED
从45岁大厂程序员被裁改行送外卖看“中产陷落”，徐峥：这就是现实
https://new.qq.com/rain/a/20240817V0083100

2024-08-18 04:08:37,984 - INFO - EXPIRED
男子打1400公里顺风车逃单，车主3个月后终于收到转账
https://new.qq.com/rain/a/20240816A08B0K00

2024-08-18 04:08:37,984 - INFO - EXPIRED
四年来一把手“三变” ！王廷科不再担任党委书记，谁将执掌中国人保
https://new.qq.com/rain/a/20240817A0553800

2024-08-18 04:08:37,984 - INFO - EXPIRED
辽宁鞍山一地发生闪爆，事件原因正在核查
https://new.qq.com/rain/a/20240817A05I7A00

2024-08-18 04:08:37,984 - INFO - EXPIRED
在三峡水库消落区发现裸露墓葬后盗取西汉文物，三名码头工人被判刑
https://new.qq.com/rain/a/20240817A03SY500

2024-08-18 04:08:37,984 - INFO - EXPIRED
泰国政坛一周内两次“地震”背后，多股势力的斗争与博弈
https://new.qq.com/rain/a/20240816A08FDL00

2024-08-18 04:08:37,984 - INFO - EXPIRED
绿牌特斯拉皮卡现身天津街头？工作人员：非官方售卖，进口价超250万
https://new.qq.com/rain/a/20240817A03P5U00

2024-08-18 04:08:37,984 - INFO - EXPIRED
“中奖2.2亿不交个税”成历史，彩票个税新规堵上这个漏洞
https://new.qq.com/rain/a/20240817A03SE800

2024-08-18 04:08:37,984 - INFO - EXPIRED
男子参加钉钉团建活动窒息身亡？警方：确有徒步人员死亡，已排除刑案
https://new.qq.com/rain/a/20240817A00URH00

2024-08-18 04:08:37,984 - INFO - EXPIRED
王自如的多面人生：从初代网红到格力高管，离职前还奔波一线
https://new.qq.com/rain/a/20240817A04JS700

2024-08-18 04:08:37,984 - INFO - EXPIRED
比高铁还快，比亚迪仰望U9飙出375公里每小时极速，冲击这种速度意义何在？
https://view.inews.qq.com/a/20240816Q09B1J00

2024-08-18 04:08:37,984 - INFO - EXPIRED
哈马斯否认以军击杀军事指挥官戴夫：以色列是“为大屠杀找借口”
https://new.qq.com/rain/a/20240817A03R3D00

2024-08-18 04:08:37,984 - INFO - EXPIRED
福建一渔船在海上沉没 1人死亡 失联3人正在搜救中
https://new.qq.com/rain/a/20240817A048X200

2024-08-18 04:08:37,984 - INFO - EXPIRED
大熊猫“福茹”凌晨去世，未满2周岁，死因公布
https://new.qq.com/rain/a/20240817A03PRO00

2024-08-18 04:08:37,984 - INFO - EXPIRED
土耳其议会因议员入狱而爆发大规模斗殴，至于吗？还有哪些深层矛盾？
https://view.inews.qq.com/a/20240817Q02DWO00

2024-08-18 04:08:37,984 - INFO - EXPIRED
江苏南通一废旧航母在拆除改造时发生火灾，这艘航母从哪来的？
https://view.inews.qq.com/a/20240816Q09PH900

2024-08-18 04:08:37,984 - INFO - EXPIRED
中国乒协：“饭圈”乱象已严重干扰球队正常训练和比赛，将依法追责
https://new.qq.com/rain/a/20240817A03CES00

2024-08-18 04:08:37,984 - INFO - EXPIRED
被时势造就的哈里斯，能走多远？评论员：双方基本盘已全面归队
https://new.qq.com/rain/a/20240816A0A1WA00

2024-08-18 04:08:37,984 - INFO - EXPIRED
四川渠县一SUV冲进水果摊撞倒多人，镇政府：有7人受伤，无人员死亡
https://new.qq.com/rain/a/20240817A03VG700

2024-08-18 04:08:37,984 - INFO - EXPIRED
国足收到坏消息！20岁后卫头骨受伤连夜手术，目前暂无生命危险
https://new.qq.com/rain/a/20240817A03HPK00

2024-08-18 04:08:37,984 - INFO - EXPIRED
河南信阳一小区电梯发生故障，一住户从电梯井跌落地库死亡
https://new.qq.com/rain/a/20240816A05B5000

2024-08-18 04:08:37,984 - INFO - EXPIRED
“红袖章大爷”驱赶卖玩具小贩？景区通报：涉事安保言语不当，已辞退
https://new.qq.com/rain/a/20240817A02DM400

2024-08-18 04:08:37,984 - INFO - EXPIRED
全红婵家乡的变与不变：父母仍务农，村里竖起“我在迈合很想你”路牌
https://new.qq.com/rain/a/20240817A028NZ00

2024-08-18 04:08:37,984 - INFO - EXPIRED
河南37岁女法官被报复遇害：遗体告别仪式举行，同事泣不成声
https://new.qq.com/rain/a/20240817A02L4J00

2024-08-18 04:08:37,984 - INFO - EXPIRED
重庆一命案告破：男子遭刀砍枪杀，主要嫌疑人化名隐匿29年落网
https://new.qq.com/rain/a/20240817A01SHH00

2024-08-18 04:08:37,985 - INFO - EXPIRED
居民、企业存款双双缩减 ，钱去哪了？
https://new.qq.com/rain/a/20240817A01WTW00

2024-08-18 04:08:37,985 - INFO - EXPIRED
法国一架民用飞机在飞行表演时高速俯冲坠海 飞行员丧生
https://new.qq.com/rain/a/20240817V01QRX00

2024-08-18 04:08:37,985 - INFO - EXPIRED
女子买奔驰当天发动机故障，回应：更换涡轮增压器并延保
https://new.qq.com/rain/a/20240817A0159H00

2024-08-18 04:08:37,985 - INFO - EXPIRED
郑钦文不敌前法网亚军，爆冷遭0-2横扫，12连胜被终结
https://new.qq.com/rain/a/20240817A01PYP00

2024-08-18 04:08:37,985 - INFO - EXPIRED
四部门完善彩票兑奖与适用税法，与之前比有哪些不同？中大奖能少缴税吗？
https://view.inews.qq.com/a/20240816Q0A4SR00

2024-08-18 04:08:37,985 - INFO - EXPIRED
王自如在格力的一千多个日夜
https://new.qq.com/rain/a/20240817A00CUH00

2024-08-18 04:08:37,985 - INFO - EXPIRED
美国“芯片法案”梦难圆：近40%大型投资暂停或延后！
https://new.qq.com/rain/a/20240817A02P4500

2024-08-18 04:08:37,985 - INFO - EXPIRED
轰动一时的沙特阿美对荣盛石化收购，背后还有内幕交易窝案，内情还原
https://new.qq.com/rain/a/20240817A018DL00

2024-08-18 04:08:37,985 - INFO - EXPIRED
真该对苹果税说不了
https://new.qq.com/rain/a/20240817A00UM700

2024-08-18 04:08:37,985 - INFO - EXPIRED
男子165万租服务器“挖矿”被骗，法院：合同无效，被告退款162万
https://new.qq.com/rain/a/20240817A01ZG700

2024-08-18 04:08:37,985 - INFO - EXPIRED
江苏一女子趴小区地上“晒背”，路过车主毫不知情开车撞上
https://new.qq.com/rain/a/20240817A00SH100

2024-08-18 04:08:38,727 - ERROR - ERROR
台湾长荣桂冠酒店剪中国国旗惹众怒，主厨再发声：明摆是故意的
https://new.qq.com/rain/a/20240818V02JOL00
('list index out of range',)
======
Traceback (most recent call last):
  File "/home/runner/work/qqnews/qqnews/qq.py", line 81, in process_article
    ss = str(tmpbs.select("div.LEFT div.content.clearfix")[0])
             ~~~~~~~~~~~~~~~~~~~~~~~~~~~~~~~~~~~~~~~~~~~~~^^^
IndexError: list index out of range


2024-08-18 04:08:38,752 - INFO - INVALID
来电科技创始人袁冰松与合作伙伴同时失联，或涉国有资产流失
https://new.qq.com/rain/a/20240818A02N3400

2024-08-18 04:08:38,757 - INFO - INVALID
“中国高校第一股”连续10年财务造假后立案，律师：股民索赔可期
https://new.qq.com/rain/a/20240818A01XTG00

2024-08-18 04:08:38,813 - INFO - INVALID
河南汝州遭清退事业编制人员讲述招聘经过，平顶山人社局回应
https://new.qq.com/rain/a/20240818A027DW00

2024-08-18 04:08:39,026 - INFO - INVALID
境外间谍利用风塔进行非法活动，国家安全部发布防范提示
https://new.qq.com/rain/a/20240818A00WH900

2024-08-18 04:08:39,092 - ERROR - ERROR
被举报穿着清凉的老板娘晒病历单回应受伤质疑：右小指甲床部分淤血
https://new.qq.com/rain/a/20240818V0211G00
('list index out of range',)
======
Traceback (most recent call last):
  File "/home/runner/work/qqnews/qqnews/qq.py", line 81, in process_article
    ss = str(tmpbs.select("div.LEFT div.content.clearfix")[0])
             ~~~~~~~~~~~~~~~~~~~~~~~~~~~~~~~~~~~~~~~~~~~~~^^^
IndexError: list index out of range


2024-08-18 04:08:39,101 - INFO - INVALID
越共中央总书记、国家主席苏林抵达广州开启访华行程
https://new.qq.com/rain/a/20240818A01R1O00

2024-08-18 04:08:39,115 - INFO - INVALID
泰国国王正式批准佩通坦·钦那瓦出任总理
https://new.qq.com/rain/a/20240818A020A800

2024-08-18 04:08:39,138 - ERROR - ERROR
昆明警方在危险水域投放了2222根防溺水竹竿，这有效吗？何不投放救生圈？
https://view.inews.qq.com/a/20240818Q00OF600
('list index out of range',)
======
Traceback (most recent call last):
  File "/home/runner/work/qqnews/qqnews/qq.py", line 81, in process_article
    ss = str(tmpbs.select("div.LEFT div.content.clearfix")[0])
             ~~~~~~~~~~~~~~~~~~~~~~~~~~~~~~~~~~~~~~~~~~~~~^^^
IndexError: list index out of range


2024-08-18 04:08:39,327 - INFO - INVALID
太吓人遭投诉？8岁孩子看《异形》吓到不适，家长要求影院退票并赔偿
https://new.qq.com/rain/a/20240818A019PX00

2024-08-18 04:08:39,365 - ERROR - ERROR
实拍：俄罗斯堪察加东岸远海发生7.0级地震 震前当地一火山喷发
https://new.qq.com/rain/a/20240818V01TJ500
('list index out of range',)
======
Traceback (most recent call last):
  File "/home/runner/work/qqnews/qqnews/qq.py", line 81, in process_article
    ss = str(tmpbs.select("div.LEFT div.content.clearfix")[0])
             ~~~~~~~~~~~~~~~~~~~~~~~~~~~~~~~~~~~~~~~~~~~~~^^^
IndexError: list index out of range


2024-08-18 04:08:39,394 - INFO - INVALID
外媒：卡德罗夫晒驾驶装有机枪的特斯拉赛博皮卡视频，邀请马斯克访问车臣
https://new.qq.com/rain/a/20240818A01TCN00

2024-08-18 04:08:39,406 - INFO - INVALID
西安金地物业被指撬门占用业主空置别墅，业主：协商赔十万只收到五万
https://new.qq.com/rain/a/20240818A01SEV00

2024-08-18 04:08:39,444 - INFO - INVALID
谷歌又一次陷入麻烦 这回捅了“互联网评测博主”的职业底线
https://new.qq.com/rain/a/20240818A00L2700

2024-08-18 04:08:39,623 - INFO - INVALID
伊朗总统：美国是当前面临的最大威胁
https://new.qq.com/rain/a/20240818A01OK800

2024-08-18 04:08:39,705 - INFO - INVALID
俄罗斯堪察加东岸远海发生7.0级地震，希韦卢奇火山喷发
https://new.qq.com/rain/a/20240818A00UIO00

2024-08-18 04:08:39,731 - INFO - INVALID
中国体操协会：“饭圈”恶意行为造成极负面影响，坚决支持依法整治
https://new.qq.com/rain/a/20240818A00ZS200

2024-08-18 04:08:39,755 - INFO - INVALID
波兰总理回应“波兰参与破坏北溪管道”指责
https://new.qq.com/rain/a/20240818A008LA00

2024-08-18 04:08:39,841 - INFO - INVALID
女子参观兵马俑抱孩子走进俑坑 当地回应：孩子发烧抽搐，游客太多出不去不得已为之
https://new.qq.com/rain/a/20240818A000HT00

2024-08-18 04:08:39,935 - INFO - EXIST
成都一特训营被曝殴打学生 学员：被逼吃潲水馒头 背“铁书包”跑操场
https://new.qq.com/rain/a/20240818A009JD00

2024-08-18 04:08:40,018 - INFO - INVALID
英国伦敦地标建筑萨默塞特宫发生火灾，暂未造成人员伤亡
https://new.qq.com/rain/a/20240818A00TQT00

2024-08-18 04:08:40,064 - INFO - INVALID
俄罗斯花滑美少女特鲁索娃结婚，曾获北京冬奥会银牌
https://new.qq.com/rain/a/20240818A00T2M00

