2025-11-21 00:41:00,684 - INFO - Total time taken: {'ret': 0, 'msg': 'success', 'data': None}
2025-11-21 00:41:00,684 - INFO - 'NoneType' object is not subscriptable
2025-11-21 00:41:00,685 - INFO - Traceback (most recent call last):
  File "/home/runner/work/qqnews/qqnews/qq.py", line 128, in main
    for i in qq1["data"]["list"]:
             ~~~~~~~~~~~^^^^^^^^
TypeError: 'NoneType' object is not subscriptable

2025-11-21 02:23:33,298 - INFO - Total time taken: {'ret': 0, 'msg': 'success', 'data': None}
2025-11-21 02:23:33,298 - INFO - 'NoneType' object is not subscriptable
2025-11-21 02:23:33,298 - INFO - Traceback (most recent call last):
  File "/home/runner/work/qqnews/qqnews/qq.py", line 128, in main
    for i in qq1["data"]["list"]:
             ~~~~~~~~~~~^^^^^^^^
TypeError: 'NoneType' object is not subscriptable

2025-11-21 03:36:42,118 - INFO - Total time taken: {'ret': 0, 'msg': 'success', 'data': None}
2025-11-21 03:36:42,118 - INFO - 'NoneType' object is not subscriptable
2025-11-21 03:36:42,119 - INFO - Traceback (most recent call last):
  File "/home/runner/work/qqnews/qqnews/qq.py", line 128, in main
    for i in qq1["data"]["list"]:
             ~~~~~~~~~~~^^^^^^^^
TypeError: 'NoneType' object is not subscriptable

2025-11-21 04:11:54,669 - INFO - Total time taken: {'ret': 0, 'msg': 'success', 'data': None}
2025-11-21 04:11:54,669 - INFO - 'NoneType' object is not subscriptable
2025-11-21 04:11:54,670 - INFO - Traceback (most recent call last):
  File "/home/runner/work/qqnews/qqnews/qq.py", line 128, in main
    for i in qq1["data"]["list"]:
             ~~~~~~~~~~~^^^^^^^^
TypeError: 'NoneType' object is not subscriptable

2025-11-21 05:01:19,316 - INFO - Total time taken: {'ret': 0, 'msg': 'success', 'data': None}
2025-11-21 05:01:19,316 - INFO - 'NoneType' object is not subscriptable
2025-11-21 05:01:19,316 - INFO - Traceback (most recent call last):
  File "/home/runner/work/qqnews/qqnews/qq.py", line 128, in main
    for i in qq1["data"]["list"]:
             ~~~~~~~~~~~^^^^^^^^
TypeError: 'NoneType' object is not subscriptable

2025-11-21 06:14:18,296 - INFO - Total time taken: {'ret': 0, 'msg': 'success', 'data': None}
2025-11-21 06:14:18,297 - INFO - 'NoneType' object is not subscriptable
2025-11-21 06:14:18,297 - INFO - Traceback (most recent call last):
  File "/home/runner/work/qqnews/qqnews/qq.py", line 128, in main
    for i in qq1["data"]["list"]:
             ~~~~~~~~~~~^^^^^^^^
TypeError: 'NoneType' object is not subscriptable

2025-11-21 07:10:26,857 - INFO - Total time taken: {'ret': 0, 'msg': 'success', 'data': None}
2025-11-21 07:10:26,857 - INFO - 'NoneType' object is not subscriptable
2025-11-21 07:10:26,858 - INFO - Traceback (most recent call last):
  File "/home/runner/work/qqnews/qqnews/qq.py", line 128, in main
    for i in qq1["data"]["list"]:
             ~~~~~~~~~~~^^^^^^^^
TypeError: 'NoneType' object is not subscriptable

2025-11-21 08:01:17,102 - INFO - Total time taken: {'ret': 0, 'msg': 'success', 'data': None}
2025-11-21 08:01:17,102 - INFO - 'NoneType' object is not subscriptable
2025-11-21 08:01:17,102 - INFO - Traceback (most recent call last):
  File "/home/runner/work/qqnews/qqnews/qq.py", line 128, in main
    for i in qq1["data"]["list"]:
             ~~~~~~~~~~~^^^^^^^^
TypeError: 'NoneType' object is not subscriptable

2025-11-21 09:01:34,016 - INFO - Total time taken: {'ret': 0, 'msg': 'success', 'data': None}
2025-11-21 09:01:34,016 - INFO - 'NoneType' object is not subscriptable
2025-11-21 09:01:34,016 - INFO - Traceback (most recent call last):
  File "/home/runner/work/qqnews/qqnews/qq.py", line 128, in main
    for i in qq1["data"]["list"]:
             ~~~~~~~~~~~^^^^^^^^
TypeError: 'NoneType' object is not subscriptable

2025-11-21 10:01:16,525 - INFO - Total time taken: {'ret': 0, 'msg': 'success', 'data': None}
2025-11-21 10:01:16,526 - INFO - 'NoneType' object is not subscriptable
2025-11-21 10:01:16,526 - INFO - Traceback (most recent call last):
  File "/home/runner/work/qqnews/qqnews/qq.py", line 128, in main
    for i in qq1["data"]["list"]:
             ~~~~~~~~~~~^^^^^^^^
TypeError: 'NoneType' object is not subscriptable

2025-11-21 11:01:19,599 - INFO - Total time taken: {'ret': 0, 'msg': 'success', 'data': None}
2025-11-21 11:01:19,599 - INFO - 'NoneType' object is not subscriptable
2025-11-21 11:01:19,599 - INFO - Traceback (most recent call last):
  File "/home/runner/work/qqnews/qqnews/qq.py", line 128, in main
    for i in qq1["data"]["list"]:
             ~~~~~~~~~~~^^^^^^^^
TypeError: 'NoneType' object is not subscriptable

2025-11-21 12:15:50,711 - INFO - Total time taken: {'ret': 0, 'msg': 'success', 'data': None}
2025-11-21 12:15:50,711 - INFO - 'NoneType' object is not subscriptable
2025-11-21 12:15:50,711 - INFO - Traceback (most recent call last):
  File "/home/runner/work/qqnews/qqnews/qq.py", line 128, in main
    for i in qq1["data"]["list"]:
             ~~~~~~~~~~~^^^^^^^^
TypeError: 'NoneType' object is not subscriptable

2025-11-21 13:21:26,436 - INFO - Total time taken: {'ret': 0, 'msg': 'success', 'data': None}
2025-11-21 13:21:26,437 - INFO - 'NoneType' object is not subscriptable
2025-11-21 13:21:26,437 - INFO - Traceback (most recent call last):
  File "/home/runner/work/qqnews/qqnews/qq.py", line 128, in main
    for i in qq1["data"]["list"]:
             ~~~~~~~~~~~^^^^^^^^
TypeError: 'NoneType' object is not subscriptable

2025-11-21 14:01:31,661 - INFO - Total time taken: {'ret': 0, 'msg': 'success', 'data': None}
2025-11-21 14:01:31,661 - INFO - 'NoneType' object is not subscriptable
2025-11-21 14:01:31,662 - INFO - Traceback (most recent call last):
  File "/home/runner/work/qqnews/qqnews/qq.py", line 128, in main
    for i in qq1["data"]["list"]:
             ~~~~~~~~~~~^^^^^^^^
TypeError: 'NoneType' object is not subscriptable

2025-11-21 15:01:29,944 - INFO - Total time taken: {'ret': 0, 'msg': 'success', 'data': None}
2025-11-21 15:01:29,945 - INFO - 'NoneType' object is not subscriptable
2025-11-21 15:01:29,945 - INFO - Traceback (most recent call last):
  File "/home/runner/work/qqnews/qqnews/qq.py", line 128, in main
    for i in qq1["data"]["list"]:
             ~~~~~~~~~~~^^^^^^^^
TypeError: 'NoneType' object is not subscriptable

2025-11-21 16:01:25,032 - INFO - Total time taken: {'ret': 0, 'msg': 'success', 'data': None}
2025-11-21 16:01:25,033 - INFO - 'NoneType' object is not subscriptable
2025-11-21 16:01:25,033 - INFO - Traceback (most recent call last):
  File "/home/runner/work/qqnews/qqnews/qq.py", line 128, in main
    for i in qq1["data"]["list"]:
             ~~~~~~~~~~~^^^^^^^^
TypeError: 'NoneType' object is not subscriptable

2025-11-21 17:01:34,278 - INFO - Total time taken: {'ret': 0, 'msg': 'success', 'data': None}
2025-11-21 17:01:34,278 - INFO - 'NoneType' object is not subscriptable
2025-11-21 17:01:34,278 - INFO - Traceback (most recent call last):
  File "/home/runner/work/qqnews/qqnews/qq.py", line 128, in main
    for i in qq1["data"]["list"]:
             ~~~~~~~~~~~^^^^^^^^
TypeError: 'NoneType' object is not subscriptable

2025-11-21 18:12:57,727 - INFO - Total time taken: {'ret': 0, 'msg': 'success', 'data': None}
2025-11-21 18:12:57,728 - INFO - 'NoneType' object is not subscriptable
2025-11-21 18:12:57,728 - INFO - Traceback (most recent call last):
  File "/home/runner/work/qqnews/qqnews/qq.py", line 128, in main
    for i in qq1["data"]["list"]:
             ~~~~~~~~~~~^^^^^^^^
TypeError: 'NoneType' object is not subscriptable

2025-11-21 19:01:50,981 - INFO - Total time taken: {'ret': 0, 'msg': 'success', 'data': None}
2025-11-21 19:01:50,981 - INFO - 'NoneType' object is not subscriptable
2025-11-21 19:01:50,982 - INFO - Traceback (most recent call last):
  File "/home/runner/work/qqnews/qqnews/qq.py", line 128, in main
    for i in qq1["data"]["list"]:
             ~~~~~~~~~~~^^^^^^^^
TypeError: 'NoneType' object is not subscriptable

2025-11-21 20:01:16,370 - INFO - Total time taken: {'ret': 0, 'msg': 'success', 'data': None}
2025-11-21 20:01:16,371 - INFO - 'NoneType' object is not subscriptable
2025-11-21 20:01:16,371 - INFO - Traceback (most recent call last):
  File "/home/runner/work/qqnews/qqnews/qq.py", line 128, in main
    for i in qq1["data"]["list"]:
             ~~~~~~~~~~~^^^^^^^^
TypeError: 'NoneType' object is not subscriptable

2025-11-21 21:01:36,316 - INFO - Total time taken: {'ret': 0, 'msg': 'success', 'data': None}
2025-11-21 21:01:36,316 - INFO - 'NoneType' object is not subscriptable
2025-11-21 21:01:36,317 - INFO - Traceback (most recent call last):
  File "/home/runner/work/qqnews/qqnews/qq.py", line 128, in main
    for i in qq1["data"]["list"]:
             ~~~~~~~~~~~^^^^^^^^
TypeError: 'NoneType' object is not subscriptable

