2025-12-11 00:44:19,933 - INFO - Total time taken: {'ret': 0, 'msg': 'success', 'data': None}
2025-12-11 00:44:19,933 - INFO - 'NoneType' object is not subscriptable
2025-12-11 00:44:19,934 - INFO - Traceback (most recent call last):
  File "/home/runner/work/qqnews/qqnews/qq.py", line 128, in main
    for i in qq1["data"]["list"]:
             ~~~~~~~~~~~^^^^^^^^
TypeError: 'NoneType' object is not subscriptable

2025-12-11 02:45:52,912 - INFO - Total time taken: {'ret': 0, 'msg': 'success', 'data': None}
2025-12-11 02:45:52,913 - INFO - 'NoneType' object is not subscriptable
2025-12-11 02:45:52,913 - INFO - Traceback (most recent call last):
  File "/home/runner/work/qqnews/qqnews/qq.py", line 128, in main
    for i in qq1["data"]["list"]:
             ~~~~~~~~~~~^^^^^^^^
TypeError: 'NoneType' object is not subscriptable

2025-12-11 03:50:31,114 - INFO - Total time taken: {'ret': 0, 'msg': 'success', 'data': None}
2025-12-11 03:50:31,114 - INFO - 'NoneType' object is not subscriptable
2025-12-11 03:50:31,114 - INFO - Traceback (most recent call last):
  File "/home/runner/work/qqnews/qqnews/qq.py", line 128, in main
    for i in qq1["data"]["list"]:
             ~~~~~~~~~~~^^^^^^^^
TypeError: 'NoneType' object is not subscriptable

2025-12-11 04:24:45,427 - INFO - Total time taken: {'ret': 0, 'msg': 'success', 'data': None}
2025-12-11 04:24:45,427 - INFO - 'NoneType' object is not subscriptable
2025-12-11 04:24:45,428 - INFO - Traceback (most recent call last):
  File "/home/runner/work/qqnews/qqnews/qq.py", line 128, in main
    for i in qq1["data"]["list"]:
             ~~~~~~~~~~~^^^^^^^^
TypeError: 'NoneType' object is not subscriptable

2025-12-11 05:12:51,942 - INFO - Total time taken: {'ret': 0, 'msg': 'success', 'data': None}
2025-12-11 05:12:51,942 - INFO - 'NoneType' object is not subscriptable
2025-12-11 05:12:51,943 - INFO - Traceback (most recent call last):
  File "/home/runner/work/qqnews/qqnews/qq.py", line 128, in main
    for i in qq1["data"]["list"]:
             ~~~~~~~~~~~^^^^^^^^
TypeError: 'NoneType' object is not subscriptable

