2025-10-25 00:38:53,488 - INFO - Total time taken: {'ret': 0, 'msg': 'success', 'data': None}
2025-10-25 00:38:53,489 - INFO - 'NoneType' object is not subscriptable
2025-10-25 00:38:53,489 - INFO - Traceback (most recent call last):
  File "/home/runner/work/qqnews/qqnews/qq.py", line 128, in main
    for i in qq1["data"]["list"]:
             ~~~~~~~~~~~^^^^^^^^
TypeError: 'NoneType' object is not subscriptable

2025-10-25 02:16:59,020 - INFO - Total time taken: {'ret': 0, 'msg': 'success', 'data': None}
2025-10-25 02:16:59,020 - INFO - 'NoneType' object is not subscriptable
2025-10-25 02:16:59,021 - INFO - Traceback (most recent call last):
  File "/home/runner/work/qqnews/qqnews/qq.py", line 128, in main
    for i in qq1["data"]["list"]:
             ~~~~~~~~~~~^^^^^^^^
TypeError: 'NoneType' object is not subscriptable

2025-10-25 03:28:12,455 - INFO - Total time taken: {'ret': 0, 'msg': 'success', 'data': None}
2025-10-25 03:28:12,455 - INFO - 'NoneType' object is not subscriptable
2025-10-25 03:28:12,455 - INFO - Traceback (most recent call last):
  File "/home/runner/work/qqnews/qqnews/qq.py", line 128, in main
    for i in qq1["data"]["list"]:
             ~~~~~~~~~~~^^^^^^^^
TypeError: 'NoneType' object is not subscriptable

2025-10-25 04:01:33,537 - INFO - Total time taken: {'ret': 0, 'msg': 'success', 'data': None}
2025-10-25 04:01:33,538 - INFO - 'NoneType' object is not subscriptable
2025-10-25 04:01:33,538 - INFO - Traceback (most recent call last):
  File "/home/runner/work/qqnews/qqnews/qq.py", line 128, in main
    for i in qq1["data"]["list"]:
             ~~~~~~~~~~~^^^^^^^^
TypeError: 'NoneType' object is not subscriptable

2025-10-25 05:01:28,509 - INFO - Total time taken: {'ret': 0, 'msg': 'success', 'data': None}
2025-10-25 05:01:28,510 - INFO - 'NoneType' object is not subscriptable
2025-10-25 05:01:28,510 - INFO - Traceback (most recent call last):
  File "/home/runner/work/qqnews/qqnews/qq.py", line 128, in main
    for i in qq1["data"]["list"]:
             ~~~~~~~~~~~^^^^^^^^
TypeError: 'NoneType' object is not subscriptable

2025-10-25 06:11:51,075 - INFO - Total time taken: {'ret': 0, 'msg': 'success', 'data': None}
2025-10-25 06:11:51,075 - INFO - 'NoneType' object is not subscriptable
2025-10-25 06:11:51,075 - INFO - Traceback (most recent call last):
  File "/home/runner/work/qqnews/qqnews/qq.py", line 128, in main
    for i in qq1["data"]["list"]:
             ~~~~~~~~~~~^^^^^^^^
TypeError: 'NoneType' object is not subscriptable

2025-10-25 07:01:28,302 - INFO - Total time taken: {'ret': 0, 'msg': 'success', 'data': None}
2025-10-25 07:01:28,303 - INFO - 'NoneType' object is not subscriptable
2025-10-25 07:01:28,303 - INFO - Traceback (most recent call last):
  File "/home/runner/work/qqnews/qqnews/qq.py", line 128, in main
    for i in qq1["data"]["list"]:
             ~~~~~~~~~~~^^^^^^^^
TypeError: 'NoneType' object is not subscriptable

2025-10-25 08:01:47,050 - INFO - Total time taken: {'ret': 0, 'msg': 'success', 'data': None}
2025-10-25 08:01:47,050 - INFO - 'NoneType' object is not subscriptable
2025-10-25 08:01:47,051 - INFO - Traceback (most recent call last):
  File "/home/runner/work/qqnews/qqnews/qq.py", line 128, in main
    for i in qq1["data"]["list"]:
             ~~~~~~~~~~~^^^^^^^^
TypeError: 'NoneType' object is not subscriptable

2025-10-25 09:01:29,800 - INFO - Total time taken: {'ret': 0, 'msg': 'success', 'data': None}
2025-10-25 09:01:29,800 - INFO - 'NoneType' object is not subscriptable
2025-10-25 09:01:29,801 - INFO - Traceback (most recent call last):
  File "/home/runner/work/qqnews/qqnews/qq.py", line 128, in main
    for i in qq1["data"]["list"]:
             ~~~~~~~~~~~^^^^^^^^
TypeError: 'NoneType' object is not subscriptable

2025-10-25 10:01:24,306 - INFO - Total time taken: {'ret': 0, 'msg': 'success', 'data': None}
2025-10-25 10:01:24,306 - INFO - 'NoneType' object is not subscriptable
2025-10-25 10:01:24,306 - INFO - Traceback (most recent call last):
  File "/home/runner/work/qqnews/qqnews/qq.py", line 128, in main
    for i in qq1["data"]["list"]:
             ~~~~~~~~~~~^^^^^^^^
TypeError: 'NoneType' object is not subscriptable

2025-10-25 11:01:09,998 - INFO - Total time taken: {'ret': 0, 'msg': 'success', 'data': None}
2025-10-25 11:01:09,999 - INFO - 'NoneType' object is not subscriptable
2025-10-25 11:01:09,999 - INFO - Traceback (most recent call last):
  File "/home/runner/work/qqnews/qqnews/qq.py", line 128, in main
    for i in qq1["data"]["list"]:
             ~~~~~~~~~~~^^^^^^^^
TypeError: 'NoneType' object is not subscriptable

2025-10-25 12:13:48,723 - INFO - Total time taken: {'ret': 0, 'msg': 'success', 'data': None}
2025-10-25 12:13:48,723 - INFO - 'NoneType' object is not subscriptable
2025-10-25 12:13:48,724 - INFO - Traceback (most recent call last):
  File "/home/runner/work/qqnews/qqnews/qq.py", line 128, in main
    for i in qq1["data"]["list"]:
             ~~~~~~~~~~~^^^^^^^^
TypeError: 'NoneType' object is not subscriptable

2025-10-25 13:15:00,664 - INFO - Total time taken: {'ret': 0, 'msg': 'success', 'data': None}
2025-10-25 13:15:00,665 - INFO - 'NoneType' object is not subscriptable
2025-10-25 13:15:00,665 - INFO - Traceback (most recent call last):
  File "/home/runner/work/qqnews/qqnews/qq.py", line 128, in main
    for i in qq1["data"]["list"]:
             ~~~~~~~~~~~^^^^^^^^
TypeError: 'NoneType' object is not subscriptable

2025-10-25 14:01:19,362 - INFO - Total time taken: {'ret': 0, 'msg': 'success', 'data': None}
2025-10-25 14:01:19,362 - INFO - 'NoneType' object is not subscriptable
2025-10-25 14:01:19,363 - INFO - Traceback (most recent call last):
  File "/home/runner/work/qqnews/qqnews/qq.py", line 128, in main
    for i in qq1["data"]["list"]:
             ~~~~~~~~~~~^^^^^^^^
TypeError: 'NoneType' object is not subscriptable

2025-10-25 15:01:25,571 - INFO - Total time taken: {'ret': 0, 'msg': 'success', 'data': None}
2025-10-25 15:01:25,571 - INFO - 'NoneType' object is not subscriptable
2025-10-25 15:01:25,572 - INFO - Traceback (most recent call last):
  File "/home/runner/work/qqnews/qqnews/qq.py", line 128, in main
    for i in qq1["data"]["list"]:
             ~~~~~~~~~~~^^^^^^^^
TypeError: 'NoneType' object is not subscriptable

2025-10-25 16:01:39,353 - INFO - Total time taken: {'ret': 0, 'msg': 'success', 'data': None}
2025-10-25 16:01:39,353 - INFO - 'NoneType' object is not subscriptable
2025-10-25 16:01:39,353 - INFO - Traceback (most recent call last):
  File "/home/runner/work/qqnews/qqnews/qq.py", line 128, in main
    for i in qq1["data"]["list"]:
             ~~~~~~~~~~~^^^^^^^^
TypeError: 'NoneType' object is not subscriptable

2025-10-25 17:01:28,649 - INFO - Total time taken: {'ret': 0, 'msg': 'success', 'data': None}
2025-10-25 17:01:28,649 - INFO - 'NoneType' object is not subscriptable
2025-10-25 17:01:28,649 - INFO - Traceback (most recent call last):
  File "/home/runner/work/qqnews/qqnews/qq.py", line 128, in main
    for i in qq1["data"]["list"]:
             ~~~~~~~~~~~^^^^^^^^
TypeError: 'NoneType' object is not subscriptable

2025-10-25 18:01:35,241 - INFO - Total time taken: {'ret': 0, 'msg': 'success', 'data': None}
2025-10-25 18:01:35,241 - INFO - 'NoneType' object is not subscriptable
2025-10-25 18:01:35,241 - INFO - Traceback (most recent call last):
  File "/home/runner/work/qqnews/qqnews/qq.py", line 128, in main
    for i in qq1["data"]["list"]:
             ~~~~~~~~~~~^^^^^^^^
TypeError: 'NoneType' object is not subscriptable

2025-10-25 19:01:24,730 - INFO - Total time taken: {'ret': 0, 'msg': 'success', 'data': None}
2025-10-25 19:01:24,730 - INFO - 'NoneType' object is not subscriptable
2025-10-25 19:01:24,730 - INFO - Traceback (most recent call last):
  File "/home/runner/work/qqnews/qqnews/qq.py", line 128, in main
    for i in qq1["data"]["list"]:
             ~~~~~~~~~~~^^^^^^^^
TypeError: 'NoneType' object is not subscriptable

2025-10-25 20:01:29,264 - INFO - Total time taken: {'ret': 0, 'msg': 'success', 'data': None}
2025-10-25 20:01:29,264 - INFO - 'NoneType' object is not subscriptable
2025-10-25 20:01:29,264 - INFO - Traceback (most recent call last):
  File "/home/runner/work/qqnews/qqnews/qq.py", line 128, in main
    for i in qq1["data"]["list"]:
             ~~~~~~~~~~~^^^^^^^^
TypeError: 'NoneType' object is not subscriptable

2025-10-25 21:01:35,485 - INFO - Total time taken: {'ret': 0, 'msg': 'success', 'data': None}
2025-10-25 21:01:35,485 - INFO - 'NoneType' object is not subscriptable
2025-10-25 21:01:35,485 - INFO - Traceback (most recent call last):
  File "/home/runner/work/qqnews/qqnews/qq.py", line 128, in main
    for i in qq1["data"]["list"]:
             ~~~~~~~~~~~^^^^^^^^
TypeError: 'NoneType' object is not subscriptable

