2026-03-23 01:01:55,613 - INFO - Total time taken: {'ret': 0, 'msg': 'success', 'data': None}
2026-03-23 01:01:55,613 - INFO - 'NoneType' object is not subscriptable
2026-03-23 01:01:55,614 - INFO - Traceback (most recent call last):
  File "/home/runner/work/qqnews/qqnews/qq.py", line 128, in main
    for i in qq1["data"]["list"]:
             ~~~~~~~~~~~^^^^^^^^
TypeError: 'NoneType' object is not subscriptable

2026-03-23 04:13:32,100 - INFO - Total time taken: {'ret': 0, 'msg': 'success', 'data': None}
2026-03-23 04:13:32,100 - INFO - 'NoneType' object is not subscriptable
2026-03-23 04:13:32,100 - INFO - Traceback (most recent call last):
  File "/home/runner/work/qqnews/qqnews/qq.py", line 128, in main
    for i in qq1["data"]["list"]:
             ~~~~~~~~~~~^^^^^^^^
TypeError: 'NoneType' object is not subscriptable

2026-03-23 06:02:17,084 - INFO - Total time taken: {'ret': 0, 'msg': 'success', 'data': None}
2026-03-23 06:02:17,084 - INFO - 'NoneType' object is not subscriptable
2026-03-23 06:02:17,085 - INFO - Traceback (most recent call last):
  File "/home/runner/work/qqnews/qqnews/qq.py", line 128, in main
    for i in qq1["data"]["list"]:
             ~~~~~~~~~~~^^^^^^^^
TypeError: 'NoneType' object is not subscriptable

2026-03-23 07:52:57,652 - INFO - Total time taken: {'ret': 0, 'msg': 'success', 'data': None}
2026-03-23 07:52:57,652 - INFO - 'NoneType' object is not subscriptable
2026-03-23 07:52:57,653 - INFO - Traceback (most recent call last):
  File "/home/runner/work/qqnews/qqnews/qq.py", line 128, in main
    for i in qq1["data"]["list"]:
             ~~~~~~~~~~~^^^^^^^^
TypeError: 'NoneType' object is not subscriptable

