2025-12-06 00:40:35,096 - INFO - Total time taken: {'ret': 0, 'msg': 'success', 'data': None}
2025-12-06 00:40:35,097 - INFO - 'NoneType' object is not subscriptable
2025-12-06 00:40:35,097 - INFO - Traceback (most recent call last):
  File "/home/runner/work/qqnews/qqnews/qq.py", line 128, in main
    for i in qq1["data"]["list"]:
             ~~~~~~~~~~~^^^^^^^^
TypeError: 'NoneType' object is not subscriptable

2025-12-06 02:22:39,662 - INFO - Total time taken: {'ret': 0, 'msg': 'success', 'data': None}
2025-12-06 02:22:39,662 - INFO - 'NoneType' object is not subscriptable
2025-12-06 02:22:39,663 - INFO - Traceback (most recent call last):
  File "/home/runner/work/qqnews/qqnews/qq.py", line 128, in main
    for i in qq1["data"]["list"]:
             ~~~~~~~~~~~^^^^^^^^
TypeError: 'NoneType' object is not subscriptable

2025-12-06 03:35:48,245 - INFO - Total time taken: {'ret': 0, 'msg': 'success', 'data': None}
2025-12-06 03:35:48,246 - INFO - 'NoneType' object is not subscriptable
2025-12-06 03:35:48,246 - INFO - Traceback (most recent call last):
  File "/home/runner/work/qqnews/qqnews/qq.py", line 128, in main
    for i in qq1["data"]["list"]:
             ~~~~~~~~~~~^^^^^^^^
TypeError: 'NoneType' object is not subscriptable

2025-12-06 04:01:09,463 - INFO - Total time taken: {'ret': 0, 'msg': 'success', 'data': None}
2025-12-06 04:01:09,464 - INFO - 'NoneType' object is not subscriptable
2025-12-06 04:01:09,464 - INFO - Traceback (most recent call last):
  File "/home/runner/work/qqnews/qqnews/qq.py", line 128, in main
    for i in qq1["data"]["list"]:
             ~~~~~~~~~~~^^^^^^^^
TypeError: 'NoneType' object is not subscriptable

2025-12-06 05:01:22,691 - INFO - Total time taken: {'ret': 0, 'msg': 'success', 'data': None}
2025-12-06 05:01:22,691 - INFO - 'NoneType' object is not subscriptable
2025-12-06 05:01:22,691 - INFO - Traceback (most recent call last):
  File "/home/runner/work/qqnews/qqnews/qq.py", line 128, in main
    for i in qq1["data"]["list"]:
             ~~~~~~~~~~~^^^^^^^^
TypeError: 'NoneType' object is not subscriptable

2025-12-06 06:12:39,186 - INFO - Total time taken: {'ret': 0, 'msg': 'success', 'data': None}
2025-12-06 06:12:39,186 - INFO - 'NoneType' object is not subscriptable
2025-12-06 06:12:39,186 - INFO - Traceback (most recent call last):
  File "/home/runner/work/qqnews/qqnews/qq.py", line 128, in main
    for i in qq1["data"]["list"]:
             ~~~~~~~~~~~^^^^^^^^
TypeError: 'NoneType' object is not subscriptable

2025-12-06 07:01:10,131 - INFO - Total time taken: {'ret': 0, 'msg': 'success', 'data': None}
2025-12-06 07:01:10,131 - INFO - 'NoneType' object is not subscriptable
2025-12-06 07:01:10,132 - INFO - Traceback (most recent call last):
  File "/home/runner/work/qqnews/qqnews/qq.py", line 128, in main
    for i in qq1["data"]["list"]:
             ~~~~~~~~~~~^^^^^^^^
TypeError: 'NoneType' object is not subscriptable

2025-12-06 08:01:09,870 - INFO - Total time taken: {'ret': 0, 'msg': 'success', 'data': None}
2025-12-06 08:01:09,870 - INFO - 'NoneType' object is not subscriptable
2025-12-06 08:01:09,871 - INFO - Traceback (most recent call last):
  File "/home/runner/work/qqnews/qqnews/qq.py", line 128, in main
    for i in qq1["data"]["list"]:
             ~~~~~~~~~~~^^^^^^^^
TypeError: 'NoneType' object is not subscriptable

2025-12-06 09:01:15,072 - INFO - Total time taken: {'ret': 0, 'msg': 'success', 'data': None}
2025-12-06 09:01:15,072 - INFO - 'NoneType' object is not subscriptable
2025-12-06 09:01:15,072 - INFO - Traceback (most recent call last):
  File "/home/runner/work/qqnews/qqnews/qq.py", line 128, in main
    for i in qq1["data"]["list"]:
             ~~~~~~~~~~~^^^^^^^^
TypeError: 'NoneType' object is not subscriptable

