2025-07-02 00:42:15,547 - INFO - Total time taken: {'ret': 0, 'msg': 'success', 'data': None}
2025-07-02 00:42:15,547 - INFO - 'NoneType' object is not subscriptable
2025-07-02 00:42:15,548 - INFO - Traceback (most recent call last):
  File "/home/runner/work/qqnews/qqnews/qq.py", line 128, in main
    for i in qq1["data"]["list"]:
             ~~~~~~~~~~~^^^^^^^^
TypeError: 'NoneType' object is not subscriptable

2025-07-02 02:41:10,865 - INFO - Total time taken: {'ret': 0, 'msg': 'success', 'data': None}
2025-07-02 02:41:10,865 - INFO - 'NoneType' object is not subscriptable
2025-07-02 02:41:10,865 - INFO - Traceback (most recent call last):
  File "/home/runner/work/qqnews/qqnews/qq.py", line 128, in main
    for i in qq1["data"]["list"]:
             ~~~~~~~~~~~^^^^^^^^
TypeError: 'NoneType' object is not subscriptable

2025-07-02 03:43:39,065 - INFO - Total time taken: {'ret': 0, 'msg': 'success', 'data': None}
2025-07-02 03:43:39,065 - INFO - 'NoneType' object is not subscriptable
2025-07-02 03:43:39,065 - INFO - Traceback (most recent call last):
  File "/home/runner/work/qqnews/qqnews/qq.py", line 128, in main
    for i in qq1["data"]["list"]:
             ~~~~~~~~~~~^^^^^^^^
TypeError: 'NoneType' object is not subscriptable

