2025-11-18 00:41:01,339 - INFO - Total time taken: {'ret': 0, 'msg': 'success', 'data': None}
2025-11-18 00:41:01,340 - INFO - 'NoneType' object is not subscriptable
2025-11-18 00:41:01,340 - INFO - Traceback (most recent call last):
  File "/home/runner/work/qqnews/qqnews/qq.py", line 128, in main
    for i in qq1["data"]["list"]:
             ~~~~~~~~~~~^^^^^^^^
TypeError: 'NoneType' object is not subscriptable

2025-11-18 02:24:44,771 - INFO - Total time taken: {'ret': 0, 'msg': 'success', 'data': None}
2025-11-18 02:24:44,771 - INFO - 'NoneType' object is not subscriptable
2025-11-18 02:24:44,771 - INFO - Traceback (most recent call last):
  File "/home/runner/work/qqnews/qqnews/qq.py", line 128, in main
    for i in qq1["data"]["list"]:
             ~~~~~~~~~~~^^^^^^^^
TypeError: 'NoneType' object is not subscriptable

2025-11-18 03:38:15,073 - INFO - Total time taken: {'ret': 0, 'msg': 'success', 'data': None}
2025-11-18 03:38:15,074 - INFO - 'NoneType' object is not subscriptable
2025-11-18 03:38:15,074 - INFO - Traceback (most recent call last):
  File "/home/runner/work/qqnews/qqnews/qq.py", line 128, in main
    for i in qq1["data"]["list"]:
             ~~~~~~~~~~~^^^^^^^^
TypeError: 'NoneType' object is not subscriptable

2025-11-18 04:12:46,743 - INFO - Total time taken: {'ret': 0, 'msg': 'success', 'data': None}
2025-11-18 04:12:46,744 - INFO - 'NoneType' object is not subscriptable
2025-11-18 04:12:46,744 - INFO - Traceback (most recent call last):
  File "/home/runner/work/qqnews/qqnews/qq.py", line 128, in main
    for i in qq1["data"]["list"]:
             ~~~~~~~~~~~^^^^^^^^
TypeError: 'NoneType' object is not subscriptable

2025-11-18 05:01:13,530 - INFO - Total time taken: {'ret': 0, 'msg': 'success', 'data': None}
2025-11-18 05:01:13,530 - INFO - 'NoneType' object is not subscriptable
2025-11-18 05:01:13,531 - INFO - Traceback (most recent call last):
  File "/home/runner/work/qqnews/qqnews/qq.py", line 128, in main
    for i in qq1["data"]["list"]:
             ~~~~~~~~~~~^^^^^^^^
TypeError: 'NoneType' object is not subscriptable

2025-11-18 06:13:58,052 - INFO - Total time taken: {'ret': 0, 'msg': 'success', 'data': None}
2025-11-18 06:13:58,053 - INFO - 'NoneType' object is not subscriptable
2025-11-18 06:13:58,053 - INFO - Traceback (most recent call last):
  File "/home/runner/work/qqnews/qqnews/qq.py", line 128, in main
    for i in qq1["data"]["list"]:
             ~~~~~~~~~~~^^^^^^^^
TypeError: 'NoneType' object is not subscriptable

2025-11-18 07:01:21,942 - INFO - Total time taken: {'ret': 0, 'msg': 'success', 'data': None}
2025-11-18 07:01:21,943 - INFO - 'NoneType' object is not subscriptable
2025-11-18 07:01:21,943 - INFO - Traceback (most recent call last):
  File "/home/runner/work/qqnews/qqnews/qq.py", line 128, in main
    for i in qq1["data"]["list"]:
             ~~~~~~~~~~~^^^^^^^^
TypeError: 'NoneType' object is not subscriptable

2025-11-18 08:01:40,912 - INFO - Total time taken: {'ret': 0, 'msg': 'success', 'data': None}
2025-11-18 08:01:40,912 - INFO - 'NoneType' object is not subscriptable
2025-11-18 08:01:40,913 - INFO - Traceback (most recent call last):
  File "/home/runner/work/qqnews/qqnews/qq.py", line 128, in main
    for i in qq1["data"]["list"]:
             ~~~~~~~~~~~^^^^^^^^
TypeError: 'NoneType' object is not subscriptable

2025-11-18 09:10:51,312 - INFO - Total time taken: {'ret': 0, 'msg': 'success', 'data': None}
2025-11-18 09:10:51,312 - INFO - 'NoneType' object is not subscriptable
2025-11-18 09:10:51,312 - INFO - Traceback (most recent call last):
  File "/home/runner/work/qqnews/qqnews/qq.py", line 128, in main
    for i in qq1["data"]["list"]:
             ~~~~~~~~~~~^^^^^^^^
TypeError: 'NoneType' object is not subscriptable

2025-11-18 10:01:25,221 - INFO - Total time taken: {'ret': 0, 'msg': 'success', 'data': None}
2025-11-18 10:01:25,221 - INFO - 'NoneType' object is not subscriptable
2025-11-18 10:01:25,221 - INFO - Traceback (most recent call last):
  File "/home/runner/work/qqnews/qqnews/qq.py", line 128, in main
    for i in qq1["data"]["list"]:
             ~~~~~~~~~~~^^^^^^^^
TypeError: 'NoneType' object is not subscriptable

2025-11-18 11:01:24,857 - INFO - Total time taken: {'ret': 0, 'msg': 'success', 'data': None}
2025-11-18 11:01:24,857 - INFO - 'NoneType' object is not subscriptable
2025-11-18 11:01:24,858 - INFO - Traceback (most recent call last):
  File "/home/runner/work/qqnews/qqnews/qq.py", line 128, in main
    for i in qq1["data"]["list"]:
             ~~~~~~~~~~~^^^^^^^^
TypeError: 'NoneType' object is not subscriptable

2025-11-18 12:16:43,363 - INFO - Total time taken: {'ret': 0, 'msg': 'success', 'data': None}
2025-11-18 12:16:43,363 - INFO - 'NoneType' object is not subscriptable
2025-11-18 12:16:43,364 - INFO - Traceback (most recent call last):
  File "/home/runner/work/qqnews/qqnews/qq.py", line 128, in main
    for i in qq1["data"]["list"]:
             ~~~~~~~~~~~^^^^^^^^
TypeError: 'NoneType' object is not subscriptable

