2025-04-13 02:05:40,140 - INFO - EXPIRED
高校院长买卖实验数据等，被永久取消国家自然基金申请资格
https://new.qq.com/rain/a/20250412A07Z9A00

2025-04-13 02:05:40,141 - INFO - EXPIRED
参加体育单招的考生，有什么经验或攻略可以给大家分享？
https://view.inews.qq.com/a/20250412Q06EJD00

2025-04-13 02:05:40,141 - INFO - EXPIRED
金湘军被查！今年已有三名正部级官员落马
https://new.qq.com/rain/a/20250412A07OTZ00

2025-04-13 02:05:40,141 - INFO - EXPIRED
上海人均3888元餐厅，给客人吃大象粪便和蚂蚁，官方：已被立案调查
https://new.qq.com/rain/a/20250412A04L3U00

2025-04-13 02:05:40,141 - INFO - EXPIRED
儿子在浴场宿舍突然身亡，母亲讨说法遭背铐受伤？警方否认执法有问题
https://new.qq.com/rain/a/20250412A068M000

2025-04-13 02:05:40,141 - INFO - EXPIRED
亚洲服装纺织业被冲击，服装鞋帽行业从业者的真实情况如何？
https://view.inews.qq.com/a/20250412Q07KEL00

2025-04-13 02:05:40,141 - INFO - EXPIRED
杭州9岁男孩疑从27楼坠亡，目击者称当时风很大
https://new.qq.com/rain/a/20250412A07IP700

2025-04-13 02:05:40,141 - INFO - EXPIRED
重返全国第二发电大省，对山东意味着什么
https://new.qq.com/rain/a/20250412A06M6W00

2025-04-13 02:05:40,141 - INFO - EXPIRED
白宫又添新作品！特朗普把自己遭暗杀肖像挂进白宫
https://new.qq.com/rain/a/20250412V05KFV00

2025-04-13 02:05:40,141 - INFO - EXPIRED
90天谈妥90项协议？美关税谈判策略被批“一团糟”，“各国愿意忍到几时？”
https://new.qq.com/rain/a/20250412A078MR00

2025-04-13 02:05:40,141 - INFO - EXPIRED
美国特使：乌克兰可能会“像二战后的柏林一样”被分区驻军
https://new.qq.com/rain/a/20250412A0500U00

2025-04-13 02:05:40,141 - INFO - EXPIRED
孙宇晨“被卖”？美媒称币安创始人赵长鹏同意向检方提供证据
https://new.qq.com/rain/a/20250412A05ODR00

2025-04-13 02:05:40,141 - INFO - EXPIRED
“中国尊重合作，比特朗普要人拍他马屁，更受全球欢迎”
https://new.qq.com/rain/a/20250412A05KVD00

2025-04-13 02:05:40,141 - INFO - EXPIRED
玉渊谭天：90艘货船正从中国驶向美国
https://new.qq.com/rain/a/20250412V05DXN00

2025-04-13 02:05:40,141 - INFO - EXPIRED
河南发文支持家装厨卫“焕新”，每套房最高补贴2万元
https://new.qq.com/rain/a/20250412A06AGO00

2025-04-13 02:05:40,141 - INFO - EXPIRED
山西省省长金湘军4月10日晚被带走接受调查
https://new.qq.com/rain/a/20250412A07TI400

2025-04-13 02:05:40,141 - INFO - EXPIRED
亲自下场！刘强东、王莆中罕见隔空交锋
https://new.qq.com/rain/a/20250412A0766N00

2025-04-13 02:05:40,141 - INFO - EXPIRED
22年酒龄男子通过植入“芯片”成功戒酒，是什么原理？能普及吗？
https://view.inews.qq.com/a/20250412Q07ONA00

2025-04-13 02:05:40,141 - INFO - EXPIRED
万斯称中国人是“乡巴佬”，联合国回应：很多政治人物都在使用煽动性言论
https://new.qq.com/rain/a/20250412V058VT00

2025-04-13 02:05:40,141 - INFO - EXPIRED
国乒单打全军覆没！太原赛22人输光，向鹏0-3不敌17岁日本小将
https://new.qq.com/rain/a/20250412A07G2G00

2025-04-13 02:05:40,141 - INFO - EXPIRED
特朗普关税引发中国肝素供应担忧，“美国将面临卡脖子问题”
https://new.qq.com/rain/a/20250412A04T4500

2025-04-13 02:05:40,141 - INFO - EXPIRED
人民直击｜探访河北三河招牌颜色“禁令”背后
https://new.qq.com/rain/a/20250411A096TO00

2025-04-13 02:05:40,141 - INFO - EXPIRED
位于不同房间 伊朗与美国就核问题正式展开间接谈判
https://new.qq.com/rain/a/20250412A073J900

2025-04-13 02:05:40,141 - INFO - EXPIRED
将彻底放弃造车？哪吒汽车8年花光300亿，员工：公司账上只有400元
https://new.qq.com/rain/a/20250412A03KJJ00

2025-04-13 02:05:40,141 - INFO - EXPIRED
义乌老板娘霸气喊话美国客户：要就给，不要就换赛道
https://new.qq.com/rain/a/20250412A0296A00

2025-04-13 02:05:40,141 - INFO - EXPIRED
阿联酋航空称备降深圳系天气原因！资深机长分析“不准下机”
https://new.qq.com/rain/a/20250412A0328R00

2025-04-13 02:05:40,141 - INFO - EXPIRED
女子在医美机构做面部提拉出现心脏骤停 家属：疑麻醉过量 仍重度昏迷
https://new.qq.com/rain/a/20250412V069CF00

2025-04-13 02:05:40,141 - INFO - EXPIRED
缅甸强震已造成中国公民8人死亡、13人受伤
https://new.qq.com/rain/a/20250412A06HRU00

2025-04-13 02:05:40,141 - INFO - EXPIRED
苹果股价连续反弹，市场在押注iPhone获得关税豁免吗
https://new.qq.com/rain/a/20250412A069QJ00

2025-04-13 02:05:40,141 - INFO - EXPIRED
女子花6000多万贵州买地“中招”，十多年来退不了款？有关部门回应
https://new.qq.com/rain/a/20250411A07QFJ00

2025-04-13 02:05:40,141 - INFO - EXPIRED
特朗普欲砍掉NASA一半预算，美国不想引领人类奔赴星辰大海了吗？
https://view.inews.qq.com/a/20250412Q03JJ100

2025-04-13 02:05:40,141 - INFO - EXPIRED
驳了万斯面子，格陵兰岛美军基地指挥官遭解职
https://new.qq.com/rain/a/20250411A0AC6C00

2025-04-13 02:05:40,141 - INFO - EXPIRED
特朗普政府将赶走在美避难的阿富汗人、喀麦隆人
https://new.qq.com/rain/a/20250412A05I9300

2025-04-13 02:05:40,141 - INFO - EXPIRED
这个行业不能“狂飙”了
https://new.qq.com/rain/a/20250412A04KNG00

2025-04-13 02:05:40,141 - INFO - EXPIRED
江西杀害2人潜逃嫌疑人仍在逃：山下发现所骑摩托车，数百人进山搜捕
https://new.qq.com/rain/a/20250412V0581V00

2025-04-13 02:05:40,141 - INFO - EXPIRED
“孙悟空”六小龄童，有新身份
https://new.qq.com/rain/a/20250412A04KGJ00

2025-04-13 02:05:40,141 - INFO - EXPIRED
美国施压墨西哥“不供水，就加税”，墨总统：墨方已在力所能及范围内履行义务
https://new.qq.com/rain/a/20250412A023US00

2025-04-13 02:05:40,141 - INFO - EXPIRED
“象棋第一人”涉嫌卖棋90多万，为何金额比其他体育反腐案少很多？
https://view.inews.qq.com/a/20250412Q04MFK00

2025-04-13 02:05:40,141 - INFO - EXPIRED
“订婚强奸案”刑事、民事二审将宣判，此前家属控诉12名办案人员
https://new.qq.com/rain/a/20250412A0516A00

2025-04-13 02:05:40,141 - INFO - EXPIRED
京东设立2000亿专项资金用于采购出口转内销商品，这个规模有多大？
https://view.inews.qq.com/a/20250411Q092UN00

2025-04-13 02:05:40,141 - INFO - EXPIRED
安徽一教育集团要求教师签“不参加考公考编承诺书”，律师：教师有职业选择权，学校无权阻止考公考编‌
https://new.qq.com/rain/a/20250411A08ZVR00

2025-04-13 02:05:40,141 - INFO - EXPIRED
裸聊网线另一头连着缅北，男子1次裸聊被迫转13笔封口费
https://new.qq.com/rain/a/20250412A04SDC00

2025-04-13 02:05:40,141 - INFO - EXPIRED
福州机场开展残损航空器搬移实战演练，真机上阵
https://new.qq.com/rain/a/20250412A044YF00

2025-04-13 02:05:40,141 - INFO - EXPIRED
羽毛球，要大改革？
https://new.qq.com/rain/a/20250412A04KDO00

2025-04-13 02:05:40,141 - INFO - EXPIRED
拍摄MV烧毁百万级古董钢琴？王力宏工作室回应：脸没烧伤，是道具钢琴
https://new.qq.com/rain/a/20250412A04QKW00

2025-04-13 02:05:40,141 - INFO - EXPIRED
美伊谈判前，特朗普称“希望伊朗伟大，但不能拥有核武器”，伊方同日发声
https://new.qq.com/rain/a/20250412A03PEA00

2025-04-13 02:05:40,141 - INFO - EXPIRED
网上恐吓要杀特朗普，美国32岁男子被控
https://new.qq.com/rain/a/20250412A02XB100

2025-04-13 02:05:40,141 - INFO - EXPIRED
“90天内达成90项协议”？特朗普“贸易军师”鼓动投资者买美股
https://new.qq.com/rain/a/20250412A02Q1500

2025-04-13 02:05:40,141 - INFO - EXPIRED
“双向集采”共同受益 中国与哈萨克斯坦果蔬市场首次实现集采直通
https://new.qq.com/rain/a/20250412A04OYC00

2025-04-13 02:05:40,141 - INFO - EXPIRED
特朗普联合各国围堵中国？他办不到
https://new.qq.com/rain/a/20250412A0329Z00

2025-04-13 02:05:40,141 - INFO - EXPIRED
“内鬼”胡延生，被查了
https://new.qq.com/rain/a/20250411A0ADXT00

2025-04-13 02:05:40,141 - INFO - EXPIRED
4%的通胀+5%的失业率！纽约联储主席发出“最狠”警告
https://new.qq.com/rain/a/20250412A01QIJ00

2025-04-13 02:05:40,142 - INFO - EXPIRED
军工研究院员工偷配钥匙为境外间谍疯狂窃密 被判无期
https://new.qq.com/rain/a/20250412A0303600

2025-04-13 02:05:40,142 - INFO - EXPIRED
24岁网红溺亡，好友称其为流量烦恼，当地：他在桥上做危险动作坠落
https://new.qq.com/rain/a/20250411A08MTA00

2025-04-13 02:05:40,142 - INFO - EXPIRED
蚂蚁集团副总裁、前百灵大模型一号位徐鹏离职  
https://new.qq.com/rain/a/20250411A06A7000

2025-04-13 02:05:40,142 - INFO - EXPIRED
美国人在关税恐慌中抢购哪些意想不到的东西？猫粮、桌游、婚纱……
https://new.qq.com/rain/a/20250411A041W100

2025-04-13 02:05:40,142 - INFO - EXPIRED
河北三河市去年就开始“门头换色”？此前人民公园门头由红改绿
https://new.qq.com/rain/a/20250411A092CM00

2025-04-13 02:05:40,142 - INFO - EXPIRED
美国知名AI学者吴恩达痛批美国关税：推高数据中心算力成本 拖AI后腿
https://new.qq.com/rain/a/20250412A03WGY00

2025-04-13 02:05:40,142 - INFO - EXPIRED
著名神经科学家郭爱克院士去世，参会期间突发心脏骤停
https://new.qq.com/rain/a/20250412A03S1Y00

2025-04-13 02:05:40,142 - INFO - EXPIRED
暴雪橙色预警！内蒙古辽宁吉林局地有特大暴雪
https://new.qq.com/rain/a/20250412A03M4W00

2025-04-13 02:05:40,142 - INFO - EXPIRED
美科技巨头供应商们焦头烂额：现在比疫情时还糟，仿佛“没有明天”
https://new.qq.com/rain/a/20250411A0A17C00

2025-04-13 02:05:40,142 - INFO - EXPIRED
二级演员程红，被撤职
https://new.qq.com/rain/a/20250411A090SY00

2025-04-13 02:05:40,142 - INFO - EXPIRED
豪华酒店甩卖至“骨折价”，县城中低端酒店反涌现投资热
https://new.qq.com/rain/a/20250411A04BJM00

2025-04-13 02:05:40,142 - INFO - EXPIRED
不满美国向以出售武器 抗议者提大箱燃料 将美驻英使馆水池染成血红色
https://new.qq.com/rain/a/20250411V05L9200

2025-04-13 02:05:40,142 - INFO - EXPIRED
熬过关税动荡期：跨境卖家照常运营，加大非美区站点布局
https://new.qq.com/rain/a/20250412A02LV900

2025-04-13 02:05:40,142 - INFO - EXPIRED
徐飞已任福建福耀科技大学常务副校长
https://new.qq.com/rain/a/20250411A0A9ER00

2025-04-13 02:05:40,142 - INFO - EXPIRED
多角度实拍武汉江夏区雷暴大风天气：冰雹倾泻而下，街面短时积水成河
https://new.qq.com/rain/a/20250412V039NY00

2025-04-13 02:05:40,142 - INFO - EXPIRED
这个全球最难进入的市场，中国企业正加速落地
https://new.qq.com/rain/a/20250411A08OJG00

2025-04-13 02:05:40,142 - INFO - EXPIRED
王石谈企业应对关税战的三重境界：我命由我不由天
https://new.qq.com/rain/a/20250412V037HN00

2025-04-13 02:05:40,142 - INFO - EXPIRED
中国向蒙古国出口树苗助力“十亿棵树计划”，这计划有多大成本？
https://view.inews.qq.com/a/20250411Q09GJ800

2025-04-13 02:05:40,142 - INFO - EXPIRED
银行业薪酬分化：大行涨薪，中小行降薪
https://new.qq.com/rain/a/20250411A08X0F00

2025-04-13 02:05:40,142 - INFO - EXPIRED
直击北京昨夜极端大风：树木摇晃被吹倒，窗外狂风呼啸高楼轻微晃动
https://new.qq.com/rain/a/20250412V026ZF00

2025-04-13 02:05:40,142 - INFO - EXPIRED
雷雨大风已抵达广东韶关并逐步南下 红色预警发布
https://new.qq.com/rain/a/20250412A02PG600

2025-04-13 02:05:40,142 - INFO - EXPIRED
知情人士：美乌会谈气氛紧张 达成矿产协议前景渺茫
https://new.qq.com/rain/a/20250412A021US00

2025-04-13 02:05:40,142 - INFO - EXPIRED
刚在土耳其达成谅解，又在俄罗斯开谈，怎么看俄美这两场双边戏
https://new.qq.com/rain/a/20250411A091JY00

2025-04-13 02:05:40,142 - INFO - EXPIRED
“对等关税”下的手机行业：iPhone被反噬  国产厂商影响有限
https://new.qq.com/rain/a/20250412A01TUX00

2025-04-13 02:05:40,142 - INFO - EXPIRED
西门子高管一家五口遇难：直升机燃料不足，空中解体
https://new.qq.com/rain/a/20250412A01I6F00

2025-04-13 02:05:40,142 - INFO - EXPIRED
美股收盘：纳指升超2%领涨三大指数 市场情绪波动仍未结束
https://new.qq.com/rain/a/20250412A01YYC00

2025-04-13 02:05:40,142 - INFO - EXPIRED
男子不会游泳被朋友激将下水溺亡，他的朋友违法吗？会承担什么责任？
https://view.inews.qq.com/a/20250411Q05CL600

2025-04-13 02:05:40,142 - INFO - EXPIRED
人民热评：强换商户招牌，当心砸了营商招牌
https://new.qq.com/rain/a/20250411A0AA3A00

2025-04-13 02:05:40,142 - INFO - EXPIRED
“令人震惊、史无前例”！美媒爆：美政府将6000多名仍在世合法身份移民列入死亡人口数据库
https://new.qq.com/rain/a/20250411A09YJ600

2025-04-13 02:05:40,142 - INFO - EXPIRED
中华人民共和国和西班牙王国关于加强全面战略伙伴关系的行动计划（2025－2028年）（全文）
https://new.qq.com/rain/a/20250411A09U8Y00

2025-04-13 02:05:40,142 - INFO - EXPIRED
美国88所高校超500名学生和员工签证被吊销
https://new.qq.com/rain/a/20250412A01Y1P00

2025-04-13 02:05:40,142 - INFO - EXPIRED
与普京会谈4小时，美特使连夜乘机离开
https://new.qq.com/rain/a/20250412A027NV00

2025-04-13 02:05:40,142 - INFO - EXPIRED
钛杯占据保温杯区C位，动辄上千，为何这么贵？是黑科技还是智商税？
https://view.inews.qq.com/a/20250411Q03XTD00

2025-04-13 02:05:40,142 - INFO - EXPIRED
上海地铁猥亵事件三天后，涉事男子公司称其被开除，职位疑为前台接待
https://new.qq.com/rain/a/20250411A09I3700

2025-04-13 02:05:40,142 - INFO - EXPIRED
西班牙首相提醒：关税是暂停90天 不是取消
https://new.qq.com/rain/a/20250412A01AYP00

2025-04-13 02:05:40,142 - INFO - EXPIRED
13级大风能刮倒30厘米粗的大树，没有地下停车位，汽车、电动车停哪？
https://view.inews.qq.com/a/20250411Q09PE300

2025-04-13 02:05:40,142 - INFO - EXPIRED
接受中央提级巡视，昆明表态
https://new.qq.com/rain/a/20250411A0AFZQ00

2025-04-13 02:05:40,142 - INFO - EXPIRED
王天一、赵鑫鑫等6位中国象棋手被公诉 涉受贿行贿两宗罪
https://new.qq.com/rain/a/20250411A06Y7O00

2025-04-13 02:05:40,142 - INFO - EXPIRED
特朗普下令“松绑”军售
https://new.qq.com/rain/a/20250411A096Y300

2025-04-13 02:05:41,671 - ERROR - ERROR
“对抗中国主导地位，特朗普盯上太平洋海底”
https://new.qq.com/rain/a/20250413A00N3V00
('list index out of range',)
======
Traceback (most recent call last):
  File "/home/runner/work/qqnews/qqnews/qq.py", line 81, in process_article
    ss = str(tmpbs.select("div.LEFT div.content.clearfix")[0])
             ~~~~~~~~~~~~~~~~~~~~~~~~~~~~~~~~~~~~~~~~~~~~~^^^
IndexError: list index out of range


2025-04-13 02:05:41,824 - ERROR - ERROR
这回，美国被胡塞武装难住了
https://new.qq.com/rain/a/20250413A004ZU00
('list index out of range',)
======
Traceback (most recent call last):
  File "/home/runner/work/qqnews/qqnews/qq.py", line 81, in process_article
    ss = str(tmpbs.select("div.LEFT div.content.clearfix")[0])
             ~~~~~~~~~~~~~~~~~~~~~~~~~~~~~~~~~~~~~~~~~~~~~^^^
IndexError: list index out of range


2025-04-13 02:05:41,868 - ERROR - ERROR
美国对俄部分制裁措施将延长一年
https://new.qq.com/rain/a/20250413A02CSB00
('list index out of range',)
======
Traceback (most recent call last):
  File "/home/runner/work/qqnews/qqnews/qq.py", line 81, in process_article
    ss = str(tmpbs.select("div.LEFT div.content.clearfix")[0])
             ~~~~~~~~~~~~~~~~~~~~~~~~~~~~~~~~~~~~~~~~~~~~~^^^
IndexError: list index out of range


2025-04-13 02:05:41,929 - ERROR - ERROR
美国低调豁免部分商品，“对华关税现首个松动信号”
https://new.qq.com/rain/a/20250413A00FL600
('list index out of range',)
======
Traceback (most recent call last):
  File "/home/runner/work/qqnews/qqnews/qq.py", line 81, in process_article
    ss = str(tmpbs.select("div.LEFT div.content.clearfix")[0])
             ~~~~~~~~~~~~~~~~~~~~~~~~~~~~~~~~~~~~~~~~~~~~~^^^
IndexError: list index out of range


2025-04-13 02:05:42,605 - ERROR - ERROR
一潜伏在我核心要害部位间谍落网
https://new.qq.com/rain/a/20250413A0050700
('list index out of range',)
======
Traceback (most recent call last):
  File "/home/runner/work/qqnews/qqnews/qq.py", line 81, in process_article
    ss = str(tmpbs.select("div.LEFT div.content.clearfix")[0])
             ~~~~~~~~~~~~~~~~~~~~~~~~~~~~~~~~~~~~~~~~~~~~~^^^
IndexError: list index out of range


2025-04-13 02:05:43,270 - ERROR - ERROR
前“中国首富”钟睒睒旗下公司万泰生物，盈利下滑超90%
https://new.qq.com/rain/a/20250413A02M1S00
('list index out of range',)
======
Traceback (most recent call last):
  File "/home/runner/work/qqnews/qqnews/qq.py", line 81, in process_article
    ss = str(tmpbs.select("div.LEFT div.content.clearfix")[0])
             ~~~~~~~~~~~~~~~~~~~~~~~~~~~~~~~~~~~~~~~~~~~~~^^^
IndexError: list index out of range


2025-04-13 02:05:43,377 - ERROR - ERROR
苹果联手阿里百度，AI国行版iPhone将于年中前上市
https://new.qq.com/rain/a/20250413A02TMH00
('list index out of range',)
======
Traceback (most recent call last):
  File "/home/runner/work/qqnews/qqnews/qq.py", line 81, in process_article
    ss = str(tmpbs.select("div.LEFT div.content.clearfix")[0])
             ~~~~~~~~~~~~~~~~~~~~~~~~~~~~~~~~~~~~~~~~~~~~~^^^
IndexError: list index out of range


2025-04-13 02:05:43,389 - ERROR - ERROR
多米尼加俱乐部屋顶坍塌事故已致225人死亡
https://new.qq.com/rain/a/20250413A020IV00
('list index out of range',)
======
Traceback (most recent call last):
  File "/home/runner/work/qqnews/qqnews/qq.py", line 81, in process_article
    ss = str(tmpbs.select("div.LEFT div.content.clearfix")[0])
             ~~~~~~~~~~~~~~~~~~~~~~~~~~~~~~~~~~~~~~~~~~~~~^^^
IndexError: list index out of range


2025-04-13 02:05:43,692 - ERROR - ERROR
经济学家滕泰：建议发万亿通用消费券，不要限制产品或渠道
https://new.qq.com/rain/a/20250413A0237H00
('list index out of range',)
======
Traceback (most recent call last):
  File "/home/runner/work/qqnews/qqnews/qq.py", line 81, in process_article
    ss = str(tmpbs.select("div.LEFT div.content.clearfix")[0])
             ~~~~~~~~~~~~~~~~~~~~~~~~~~~~~~~~~~~~~~~~~~~~~^^^
IndexError: list index out of range


