2025-04-10 00:38:12,972 - INFO - EXPIRED
有外贸人直摇头称生意基本没法做了，外贸行业变天了吗？该怎么寻出路？
https://view.inews.qq.com/a/20250408Q07DZS00

2025-04-10 00:38:12,972 - INFO - EXPIRED
65岁，中国芯片“投资教父”，决定出手拯救英特尔
https://new.qq.com/rain/a/20250409A0A70B00

2025-04-10 00:38:12,972 - INFO - EXPIRED
9省人口自然正增长，谁是中国最年轻的省份
https://new.qq.com/rain/a/20250409A09E3Z00

2025-04-10 00:38:12,972 - INFO - EXPIRED
毕业做“食堂阿姨”的北大研究生：已离职，希望大家不只看到这个标签
https://new.qq.com/rain/a/20250409A09PCF00

2025-04-10 00:38:12,973 - INFO - EXPIRED
从芯片到数据中心，没有一家美国科技公司能幸免于“特朗普关税”
https://new.qq.com/rain/a/20250409A0A7NF00

2025-04-10 00:38:12,973 - INFO - EXPIRED
“200万美元导弹击落对手1万美元无人机”，美特种作战司令部司令抱怨美军血亏
https://new.qq.com/rain/a/20250409A09RD900

2025-04-10 00:38:12,973 - INFO - EXPIRED
文化和旅游部对赴美中国游客发布风险提示
https://new.qq.com/rain/a/20250409A09T5100

2025-04-10 00:38:12,973 - INFO - EXPIRED
中央首次召开这一重要会议，有新判断
https://new.qq.com/rain/a/20250409A09BBF00

2025-04-10 00:38:12,973 - INFO - EXPIRED
海关总署就对原产于美国的进口商品加征关税措施有关执行事项发布公告
https://new.qq.com/rain/a/20250409A0A50H00

2025-04-10 00:38:12,973 - INFO - EXPIRED
白宫：美国有能力在国内生产苹果手机 专家：售价翻两倍
https://new.qq.com/rain/a/20250409A0A75100

2025-04-10 00:38:12,973 - INFO - EXPIRED
伊朗军队进入高度戒备，克宫：感到担忧
https://new.qq.com/rain/a/20250409A09U0S00

2025-04-10 00:38:12,973 - INFO - EXPIRED
叫中国人“乡巴佬”，他靠无知刷存在感？
https://new.qq.com/rain/a/20250409A09FU100

2025-04-10 00:38:12,973 - INFO - EXPIRED
教育部预警！近期选择赴美有关州学习时做好安全风险评估
https://new.qq.com/rain/a/20250409A09XJJ00

2025-04-10 00:38:12,973 - INFO - EXPIRED
桥水基金创始人：国际地缘政治秩序正崩溃，美国号令其他国家遵从秩序的时代已结束
https://new.qq.com/rain/a/20250409A09YM500

2025-04-10 00:38:12,973 - INFO - EXPIRED
高速开车睡觉，谁制造了“全民智驾”幻觉
https://new.qq.com/rain/a/20250409A09R0G00

2025-04-10 00:38:12,973 - INFO - EXPIRED
西安一物业公司被认定为“高新技术企业”引质疑 官方：经两轮严格审核符合条件
https://new.qq.com/rain/a/20250409A098ZW00

2025-04-10 00:38:12,973 - INFO - EXPIRED
特朗普自曝曾警告台积电“不赴美建厂就征100％关税”，岛内网友批美：想要什么就用抢的
https://new.qq.com/rain/a/20250409A09JFX00

2025-04-10 00:38:12,973 - INFO - EXPIRED
“烧毁300辆失控1000辆！”云南一高速路段每公里10个警示牌 当地回应
https://new.qq.com/rain/a/20250409A08S7800

2025-04-10 00:38:12,973 - INFO - EXPIRED
39年前命案现场464根毛发等被妥善保存，最终锁定真凶
https://new.qq.com/rain/a/20250409A09QYE00

2025-04-10 00:38:12,973 - INFO - EXPIRED
新华社权威快报丨促进健康消费！这份方案明确10方面重点任务
https://new.qq.com/rain/a/20250409A09TTQ00

2025-04-10 00:38:12,973 - INFO - EXPIRED
小特朗普爆猛料：“企图刺杀特朗普之人与乌克兰有牵连”
https://new.qq.com/rain/a/20250409A09TYZ00

2025-04-10 00:38:12,973 - INFO - EXPIRED
网友称自己楼上的装修博主只装不住，邻居不堪其扰，该如何解决？
https://view.inews.qq.com/a/20250408Q09PAY00

2025-04-10 00:38:12,973 - INFO - EXPIRED
广西一捞鱼男子江中溺水失联：路人称疑捡水杯下水 岸边只剩渔网衣物
https://new.qq.com/rain/a/20250409V09QXS00

2025-04-10 00:38:12,973 - INFO - EXPIRED
拉清单！中方制裁美国实体
https://new.qq.com/rain/a/20250409A091AO00

2025-04-10 00:38:12,973 - INFO - EXPIRED
银行存款大增但利息少了900亿，行长们从差旅、物业费中“抠”利润
https://new.qq.com/rain/a/20250409A08M5700

2025-04-10 00:38:12,973 - INFO - EXPIRED
李强主持召开经济形势专家和企业家座谈会
https://new.qq.com/rain/a/20250409A091ES00

2025-04-10 00:38:12,973 - INFO - EXPIRED
中方在世贸组织追加起诉美升级对华关税措施
https://new.qq.com/rain/a/20250409A08Q0R00

2025-04-10 00:38:12,973 - INFO - EXPIRED
张磊跳槽到东鹏饮料，年薪暴涨16倍到547万，这是怎么做到的？为何能涨这么多？
https://view.inews.qq.com/a/20250409Q0550Z00

2025-04-10 00:38:12,973 - INFO - EXPIRED
限期补缴“丧失原籍证明” 台当局向陆配再出手
https://new.qq.com/rain/a/20250409A05EY600

2025-04-10 00:38:12,973 - INFO - EXPIRED
打死西湖鸳鸯的人找到了！杭州西湖景区发布情况通告
https://new.qq.com/rain/a/20250409A066NF00

2025-04-10 00:38:12,973 - INFO - EXPIRED
北京或迎来历史上最大的风，每秒风速可达到30米，能正常出行吗？
https://view.inews.qq.com/a/20250409Q05Z0200

2025-04-10 00:38:12,973 - INFO - EXPIRED
四川自贡“7·17”火灾致16人遇难，32名公职人员被追责问责
https://new.qq.com/rain/a/20250409A07IUD00

2025-04-10 00:38:12,973 - INFO - EXPIRED
19岁精神疾患小伙涉嫌偷手机，监管期间不幸病亡，看守所被认定需担次责
https://new.qq.com/rain/a/20250409A08PFS00

2025-04-10 00:38:12,973 - INFO - EXPIRED
商务部新闻发言人就美方发布TikTok延期行政令答记者问
https://new.qq.com/rain/a/20250409A085KJ00

2025-04-10 00:38:12,973 - INFO - EXPIRED
新华社权威快报丨新修订《婚姻登记条例》自5月10日起施行
https://new.qq.com/rain/a/20250409A07AWU00

2025-04-10 00:38:12,973 - INFO - EXPIRED
“特朗普冲击”下，赴美旅游人数出现“断崖式”下跌
https://new.qq.com/rain/a/20250409A08DHS00

2025-04-10 00:38:12,973 - INFO - EXPIRED
中国海警局新闻发言人就菲向非法“坐滩”仁爱礁军舰运补发表谈话
https://new.qq.com/rain/a/20250409A08UC900

2025-04-10 00:38:12,973 - INFO - EXPIRED
美媒：马斯克与特朗普贸易顾问纳瓦罗起争执，马斯克弟弟敦促特朗普解雇纳瓦罗
https://new.qq.com/rain/a/20250409A05WJT00

2025-04-10 00:38:12,973 - INFO - EXPIRED
美媒发现：美防长访问巴拿马声明，有两个版本
https://new.qq.com/rain/a/20250409A06U5C00

2025-04-10 00:38:12,973 - INFO - EXPIRED
《关于中美经贸关系若干问题的中方立场》白皮书发布！
https://new.qq.com/rain/a/20250409A0610I00

2025-04-10 00:38:12,973 - INFO - EXPIRED
国防部：美把中国当作威胁是严重的战略误判
https://new.qq.com/rain/a/20250409A06NMZ00

2025-04-10 00:38:12,973 - INFO - EXPIRED
27年受贿6794万，“油老虎”李勇受审
https://new.qq.com/rain/a/20250409A07FF600

2025-04-10 00:38:12,973 - INFO - EXPIRED
外媒传“跨境电商平台希音供应链转移”，广州市商务局回应
https://new.qq.com/rain/a/20250409A02IB900

2025-04-10 00:38:12,973 - INFO - EXPIRED
报道称越南计划将63个省、直辖市缩减为34个，为何越南这么多省？
https://view.inews.qq.com/a/20250409Q029GW00

2025-04-10 00:38:12,973 - INFO - EXPIRED
宁夏大学41岁教授李海波离世，曾入选全球前2%顶尖科学家榜单
https://new.qq.com/rain/a/20250409A055ML00

2025-04-10 00:38:12,973 - INFO - EXPIRED
太魔幻！美反华政客内讧了
https://new.qq.com/rain/a/20250409A052AP00

2025-04-10 00:38:12,973 - INFO - EXPIRED
韩国总统选战最新进展：李在明辞党首，多人参选
https://new.qq.com/rain/a/20250409A06VTX00

2025-04-10 00:38:12,973 - INFO - EXPIRED
商务部：中国外贸韧性不减 进出口实现平稳开局
https://new.qq.com/rain/a/20250409A06KGE00

2025-04-10 00:38:12,973 - INFO - EXPIRED
取消机顶盒？广电总局：电视、机顶盒一体化是治理电视操作复杂的根本
https://new.qq.com/rain/a/20250409A069PM00

2025-04-10 00:38:12,973 - INFO - EXPIRED
逾期滞留一天罚998美元 美国政府要把非法移民罚得“倾家荡产”？
https://new.qq.com/rain/a/20250408A09LW500

2025-04-10 00:38:12,973 - INFO - EXPIRED
特朗普用关税对台积电“敲山震虎”，谁是虎？
https://new.qq.com/rain/a/20250409A05J8L00

2025-04-10 00:38:12,973 - INFO - EXPIRED
美军全球大调兵，暴露出“三强三弱”
https://new.qq.com/rain/a/20250409A04OL600

2025-04-10 00:38:12,973 - INFO - EXPIRED
尴尬！以色列大使被赶出会场
https://new.qq.com/rain/a/20250409A05LD800

2025-04-10 00:38:12,973 - INFO - EXPIRED
高校教师“隔空猥亵”幼女，还威胁对方做女朋友，获刑5年
https://new.qq.com/rain/a/20250409A05UEL00

2025-04-10 00:38:12,973 - INFO - EXPIRED
普通话差没颜值还敢出镜？百万粉丝导演自曝转型之路
https://new.qq.com/rain/a/20250409V04GBX00

2025-04-10 00:38:12,973 - INFO - EXPIRED
杨立军已任中国航天党组成员、副总经理
https://new.qq.com/rain/a/20250409A05FKP00

2025-04-10 00:38:12,973 - INFO - EXPIRED
长和港口交易再生变，巴拿马会收回经营权吗
https://new.qq.com/rain/a/20250408A09N3F00

2025-04-10 00:38:12,973 - INFO - EXPIRED
商务部：如美方执意进一步升级经贸限制措施 中方必将反制并奉陪到底
https://new.qq.com/rain/a/20250409A0622100

2025-04-10 00:38:12,973 - INFO - EXPIRED
日媒披露“日美模拟攻击中国军舰”细节，中国使馆此前已阐明严正立场
https://new.qq.com/rain/a/20250409A01GHC00

2025-04-10 00:38:12,973 - INFO - EXPIRED
广东揭阳一辆车冲入对向车道连撞多车 有骑车人受伤送医
https://new.qq.com/rain/a/20250409V05RLH00

2025-04-10 00:38:12,974 - INFO - EXPIRED
外媒爆：被业界反对后，美国正考虑放宽拟对进入美港口中国船只征收的“停靠费”
https://new.qq.com/rain/a/20250409A042N100

2025-04-10 00:38:12,974 - INFO - EXPIRED
多米尼加俱乐部屋顶坍塌事故死亡人数升至98人
https://new.qq.com/rain/a/20250409A04SRB00

2025-04-10 00:38:12,974 - INFO - EXPIRED
再“战”总统，李在明殊死一搏
https://new.qq.com/rain/a/20250409A04RF700

2025-04-10 00:38:12,974 - INFO - EXPIRED
今天，加拿大“对等反击”美国
https://new.qq.com/rain/a/20250409A01X3T00

2025-04-10 00:38:12,974 - INFO - EXPIRED
男子驾车冲卡拒检致辅警受伤，成都警方：已刑拘
https://new.qq.com/rain/a/20250409A0546K00

2025-04-10 00:38:12,974 - INFO - EXPIRED
禁用“红黑蓝”，蜜雪冰城招牌被刷成灰底，更换后生意会变差吗？
https://view.inews.qq.com/a/20250409Q00GKY00

2025-04-10 00:38:12,974 - INFO - EXPIRED
特朗普吃对药了吗？
https://new.qq.com/rain/a/20250409A02HDV00

2025-04-10 00:38:12,974 - INFO - EXPIRED
新版电视剧《红楼梦》“刘姥姥”扮演者叶琳瑯去世，享年93岁
https://new.qq.com/rain/a/20250409A04TH500

2025-04-10 00:38:12,974 - INFO - EXPIRED
香港前特首梁振英33岁女儿离世，梁振英今晨发声：走得很突然
https://new.qq.com/rain/a/20250409A02HTC00

2025-04-10 00:38:12,974 - INFO - EXPIRED
突发！T86政策又变，小额包裹关税最高至150美元
https://new.qq.com/rain/a/20250409A0333O00

2025-04-10 00:38:12,974 - INFO - EXPIRED
女乘客疑被猥亵裤子现不明液体 上海地铁：涉事男子被同车乘客拖下车
https://new.qq.com/rain/a/20250409A02Q0H00

2025-04-10 00:38:12,974 - INFO - EXPIRED
河北隆化县一老年公寓发生火灾致20人遇难 公寓负责人已被控制
https://new.qq.com/rain/a/20250409A0408400

2025-04-10 00:38:12,974 - INFO - EXPIRED
缅甸强震致中国公民6死13伤
https://new.qq.com/rain/a/20250409A041RS00

2025-04-10 00:38:12,974 - INFO - EXPIRED
胖东来15页报告回应宋清辉言论：逾越合法评论界限攻击创始人
https://new.qq.com/rain/a/20250409A02MQ800

2025-04-10 00:38:12,974 - INFO - EXPIRED
“世纪婴儿”千千去世医院被指救援不力，母亲：专家鉴定结果符合预期
https://new.qq.com/rain/a/20250408A09EP600

2025-04-10 00:38:12,974 - INFO - EXPIRED
河北承德一养老院火灾致20人死亡，附近商户：有高墙，难见老人出门
https://new.qq.com/rain/a/20250409A04ETW00

2025-04-10 00:38:12,974 - INFO - EXPIRED
男子疑因妻子出轨自杀案今日开庭 律师：或成第三人侵害配偶权首案
https://new.qq.com/rain/a/20250409A03E1N00

2025-04-10 00:38:12,974 - INFO - EXPIRED
大模型不停进步，“杀死”了旧时代的产品经理
https://new.qq.com/rain/a/20250409A036PO00

2025-04-10 00:38:12,974 - INFO - EXPIRED
离岸人民币“破7.4”又回弹，“对等关税”下的汇市怎么走
https://new.qq.com/rain/a/20250409A02T1C00

2025-04-10 00:38:12,974 - INFO - EXPIRED
特朗普称美国将对药品征收关税
https://new.qq.com/rain/a/20250409A027RM00

2025-04-10 00:38:12,974 - INFO - EXPIRED
759万的二手房是“凶宅”？卖家：交易完成后，返租期间孩子去世
https://new.qq.com/rain/a/20250408A09GMR00

2025-04-10 00:38:12,974 - INFO - EXPIRED
美防长称将从“中国影响”下夺回巴拿马运河，我使馆驳斥
https://new.qq.com/rain/a/20250409A01NHR00

2025-04-10 00:38:12,974 - INFO - EXPIRED
马斯克痛批白宫贸易顾问：真是个白痴
https://new.qq.com/rain/a/20250409A01IHP00

2025-04-10 00:38:12,974 - INFO - EXPIRED
女子遭企业家丈夫家暴被逼喝排泄物 离婚后要不回抚养权 最新进展来了
https://new.qq.com/rain/a/20250409A0243Z00

2025-04-10 00:38:12,974 - INFO - EXPIRED
“85后”国企原董事长：花近百万买的宝马车不敢开，罩起来放地下室
https://new.qq.com/rain/a/20250408A09MHH00

2025-04-10 00:38:12,974 - INFO - EXPIRED
俄对乌军在库尔斯克最后据点发起进攻
https://new.qq.com/rain/a/20250408A09OT900

2025-04-10 00:38:12,974 - INFO - EXPIRED
继台积电之后，联电被传将与美企合并，台媒：台湾半导体，美国“整碗捧去”？
https://new.qq.com/rain/a/20250409A01GS800

2025-04-10 00:38:12,974 - INFO - EXPIRED
女子发现男友已婚后报警，自己反被公安送进精神病院？涉事医院回应
https://new.qq.com/rain/a/20250408A0730000

2025-04-10 00:38:12,974 - INFO - EXPIRED
老师因拒绝在野外和前男友发生性关系被其杀害，当时发生了什么？
https://view.inews.qq.com/a/20250409Q01NLF00

2025-04-10 00:38:12,974 - INFO - EXPIRED
全国铁路4月9日实行新的货物列车运行图，安排中欧班列93条图定线路
https://new.qq.com/rain/a/20250409A0212I00

2025-04-10 00:38:12,974 - INFO - EXPIRED
广东代课老师被男友杀害案提起公诉：受害者拒绝在野外发生关系后被害
https://new.qq.com/rain/a/20250408V0998600

2025-04-10 00:38:12,974 - INFO - EXPIRED
美股收盘：三大指数高开低走，纳指收跌超2%，苹果、特斯拉重挫近5%
https://new.qq.com/rain/a/20250409A01DHV00

2025-04-10 00:38:12,974 - INFO - EXPIRED
四川泸州一地突发交通事故：面包车失控撞塌民房，已致5人死亡
https://new.qq.com/rain/a/20250408A09TSE00

2025-04-10 00:38:12,974 - INFO - EXPIRED
浙江35岁医师两台手术间隔休息时去世，同事回忆：他各方面都出色
https://new.qq.com/rain/a/20250408A05PKV00

2025-04-10 00:38:15,175 - ERROR - ERROR
加强中欧经贸合作、应对美加征关税 这场会谈释放重要信号
https://new.qq.com/rain/a/20250410A01UYF00
('list index out of range',)
======
Traceback (most recent call last):
  File "/home/runner/work/qqnews/qqnews/qq.py", line 81, in process_article
    ss = str(tmpbs.select("div.LEFT div.content.clearfix")[0])
             ~~~~~~~~~~~~~~~~~~~~~~~~~~~~~~~~~~~~~~~~~~~~~^^^
IndexError: list index out of range


2025-04-10 00:38:15,192 - ERROR - ERROR
印度部长竟称关税战是“千载难逢的机会”，美经济学家警告：别被华盛顿当作工具
https://new.qq.com/rain/a/20250410A01IMU00
('list index out of range',)
======
Traceback (most recent call last):
  File "/home/runner/work/qqnews/qqnews/qq.py", line 81, in process_article
    ss = str(tmpbs.select("div.LEFT div.content.clearfix")[0])
             ~~~~~~~~~~~~~~~~~~~~~~~~~~~~~~~~~~~~~~~~~~~~~^^^
IndexError: list index out of range


2025-04-10 00:38:15,498 - ERROR - ERROR
英媒记者走进关税战下的义乌：多数已做好准备，将重心转向美国以外市场
https://new.qq.com/rain/a/20250410A01IMZ00
('list index out of range',)
======
Traceback (most recent call last):
  File "/home/runner/work/qqnews/qqnews/qq.py", line 81, in process_article
    ss = str(tmpbs.select("div.LEFT div.content.clearfix")[0])
             ~~~~~~~~~~~~~~~~~~~~~~~~~~~~~~~~~~~~~~~~~~~~~^^^
IndexError: list index out of range


2025-04-10 00:38:15,565 - ERROR - ERROR
免费办理 不再需要户口本 5月10日起婚姻登记手续简化了
https://new.qq.com/rain/a/20250410A01ALC00
('list index out of range',)
======
Traceback (most recent call last):
  File "/home/runner/work/qqnews/qqnews/qq.py", line 81, in process_article
    ss = str(tmpbs.select("div.LEFT div.content.clearfix")[0])
             ~~~~~~~~~~~~~~~~~~~~~~~~~~~~~~~~~~~~~~~~~~~~~^^^
IndexError: list index out of range


2025-04-10 00:38:15,592 - ERROR - ERROR
泽连斯基：乌技术团队将赴美磋商矿产协议
https://new.qq.com/rain/a/20250410A01N5700
('list index out of range',)
======
Traceback (most recent call last):
  File "/home/runner/work/qqnews/qqnews/qq.py", line 81, in process_article
    ss = str(tmpbs.select("div.LEFT div.content.clearfix")[0])
             ~~~~~~~~~~~~~~~~~~~~~~~~~~~~~~~~~~~~~~~~~~~~~^^^
IndexError: list index out of range


2025-04-10 00:38:16,448 - ERROR - ERROR
奥运乒乓球金牌增至6枚！洛杉矶奥运新增混合团体，恢复男女双打
https://new.qq.com/rain/a/20250410A00VHF00
('list index out of range',)
======
Traceback (most recent call last):
  File "/home/runner/work/qqnews/qqnews/qq.py", line 81, in process_article
    ss = str(tmpbs.select("div.LEFT div.content.clearfix")[0])
             ~~~~~~~~~~~~~~~~~~~~~~~~~~~~~~~~~~~~~~~~~~~~~^^^
IndexError: list index out of range


2025-04-10 02:19:11,195 - INFO - EXPIRED
“200万美元导弹击落对手1万美元无人机”，美特种作战司令部司令抱怨美军血亏
https://new.qq.com/rain/a/20250409A09RD900

2025-04-10 02:19:11,195 - INFO - EXPIRED
女子花60万去国外“断骨增高”13cm，后遗症缠身维权艰难
https://new.qq.com/rain/a/20250409A09LRE00

2025-04-10 02:19:11,195 - INFO - EXPIRED
宝马5系跌破29万，曾经的豪车不再高高在上，燃油车和新能源哪种跌得更快？
https://view.inews.qq.com/a/20250409Q0918500

2025-04-10 02:19:11,195 - INFO - EXPIRED
毕业做“食堂阿姨”的北大研究生：已离职，希望大家不只看到这个标签
https://new.qq.com/rain/a/20250409A09PCF00

2025-04-10 02:19:11,195 - INFO - EXPIRED
“招牌改色”风波中的燕郊：有商户自费换牌，有商户为省钱刷漆改色
https://new.qq.com/rain/a/20250409A09SV300

2025-04-10 02:19:11,195 - INFO - EXPIRED
有外贸人直摇头称生意基本没法做了，外贸行业变天了吗？该怎么寻出路？
https://view.inews.qq.com/a/20250408Q07DZS00

2025-04-10 02:19:11,195 - INFO - EXPIRED
李飞飞最新报告：中美AI模型性能近乎持平，系统推理成本降至1/280
https://new.qq.com/rain/a/20250409A08N4J00

2025-04-10 02:19:11,196 - INFO - EXPIRED
65岁，中国芯片“投资教父”，决定出手拯救英特尔
https://new.qq.com/rain/a/20250409A0A70B00

2025-04-10 02:19:11,196 - INFO - EXPIRED
9省人口自然正增长，谁是中国最年轻的省份
https://new.qq.com/rain/a/20250409A09E3Z00

2025-04-10 02:19:11,196 - INFO - EXPIRED
从芯片到数据中心，没有一家美国科技公司能幸免于“特朗普关税”
https://new.qq.com/rain/a/20250409A0A7NF00

2025-04-10 02:19:11,196 - INFO - EXPIRED
文化和旅游部对赴美中国游客发布风险提示
https://new.qq.com/rain/a/20250409A09T5100

2025-04-10 02:19:11,196 - INFO - EXPIRED
中央首次召开这一重要会议，有新判断
https://new.qq.com/rain/a/20250409A09BBF00

2025-04-10 02:19:11,196 - INFO - EXPIRED
海关总署就对原产于美国的进口商品加征关税措施有关执行事项发布公告
https://new.qq.com/rain/a/20250409A0A50H00

2025-04-10 02:19:11,196 - INFO - EXPIRED
白宫：美国有能力在国内生产苹果手机 专家：售价翻两倍
https://new.qq.com/rain/a/20250409A0A75100

2025-04-10 02:19:11,196 - INFO - EXPIRED
伊朗军队进入高度戒备，克宫：感到担忧
https://new.qq.com/rain/a/20250409A09U0S00

2025-04-10 02:19:11,196 - INFO - EXPIRED
叫中国人“乡巴佬”，他靠无知刷存在感？
https://new.qq.com/rain/a/20250409A09FU100

2025-04-10 02:19:11,196 - INFO - EXPIRED
教育部预警！近期选择赴美有关州学习时做好安全风险评估
https://new.qq.com/rain/a/20250409A09XJJ00

2025-04-10 02:19:11,196 - INFO - EXPIRED
桥水基金创始人：国际地缘政治秩序正崩溃，美国号令其他国家遵从秩序的时代已结束
https://new.qq.com/rain/a/20250409A09YM500

2025-04-10 02:19:11,196 - INFO - EXPIRED
高速开车睡觉，谁制造了“全民智驾”幻觉
https://new.qq.com/rain/a/20250409A09R0G00

2025-04-10 02:19:11,196 - INFO - EXPIRED
西安一物业公司被认定为“高新技术企业”引质疑 官方：经两轮严格审核符合条件
https://new.qq.com/rain/a/20250409A098ZW00

2025-04-10 02:19:11,196 - INFO - EXPIRED
特朗普自曝曾警告台积电“不赴美建厂就征100％关税”，岛内网友批美：想要什么就用抢的
https://new.qq.com/rain/a/20250409A09JFX00

2025-04-10 02:19:11,196 - INFO - EXPIRED
“烧毁300辆失控1000辆！”云南一高速路段每公里10个警示牌 当地回应
https://new.qq.com/rain/a/20250409A08S7800

2025-04-10 02:19:11,196 - INFO - EXPIRED
39年前命案现场464根毛发等被妥善保存，最终锁定真凶
https://new.qq.com/rain/a/20250409A09QYE00

2025-04-10 02:19:11,196 - INFO - EXPIRED
新华社权威快报丨促进健康消费！这份方案明确10方面重点任务
https://new.qq.com/rain/a/20250409A09TTQ00

2025-04-10 02:19:11,196 - INFO - EXPIRED
小特朗普爆猛料：“企图刺杀特朗普之人与乌克兰有牵连”
https://new.qq.com/rain/a/20250409A09TYZ00

2025-04-10 02:19:11,196 - INFO - EXPIRED
网友称自己楼上的装修博主只装不住，邻居不堪其扰，该如何解决？
https://view.inews.qq.com/a/20250408Q09PAY00

2025-04-10 02:19:11,196 - INFO - EXPIRED
广西一捞鱼男子江中溺水失联：路人称疑捡水杯下水 岸边只剩渔网衣物
https://new.qq.com/rain/a/20250409V09QXS00

2025-04-10 02:19:11,196 - INFO - EXPIRED
拉清单！中方制裁美国实体
https://new.qq.com/rain/a/20250409A091AO00

2025-04-10 02:19:11,196 - INFO - EXPIRED
银行存款大增但利息少了900亿，行长们从差旅、物业费中“抠”利润
https://new.qq.com/rain/a/20250409A08M5700

2025-04-10 02:19:11,196 - INFO - EXPIRED
李强主持召开经济形势专家和企业家座谈会
https://new.qq.com/rain/a/20250409A091ES00

2025-04-10 02:19:11,196 - INFO - EXPIRED
中方在世贸组织追加起诉美升级对华关税措施
https://new.qq.com/rain/a/20250409A08Q0R00

2025-04-10 02:19:11,196 - INFO - EXPIRED
张磊跳槽到东鹏饮料，年薪暴涨16倍到547万，这是怎么做到的？为何能涨这么多？
https://view.inews.qq.com/a/20250409Q0550Z00

2025-04-10 02:19:11,196 - INFO - EXPIRED
限期补缴“丧失原籍证明” 台当局向陆配再出手
https://new.qq.com/rain/a/20250409A05EY600

2025-04-10 02:19:11,196 - INFO - EXPIRED
打死西湖鸳鸯的人找到了！杭州西湖景区发布情况通告
https://new.qq.com/rain/a/20250409A066NF00

2025-04-10 02:19:11,196 - INFO - EXPIRED
北京或迎来历史上最大的风，每秒风速可达到30米，能正常出行吗？
https://view.inews.qq.com/a/20250409Q05Z0200

2025-04-10 02:19:11,196 - INFO - EXPIRED
四川自贡“7·17”火灾致16人遇难，32名公职人员被追责问责
https://new.qq.com/rain/a/20250409A07IUD00

2025-04-10 02:19:11,196 - INFO - EXPIRED
19岁精神疾患小伙涉嫌偷手机，监管期间不幸病亡，看守所被认定需担次责
https://new.qq.com/rain/a/20250409A08PFS00

2025-04-10 02:19:11,196 - INFO - EXPIRED
商务部新闻发言人就美方发布TikTok延期行政令答记者问
https://new.qq.com/rain/a/20250409A085KJ00

2025-04-10 02:19:11,196 - INFO - EXPIRED
新华社权威快报丨新修订《婚姻登记条例》自5月10日起施行
https://new.qq.com/rain/a/20250409A07AWU00

2025-04-10 02:19:11,196 - INFO - EXPIRED
“特朗普冲击”下，赴美旅游人数出现“断崖式”下跌
https://new.qq.com/rain/a/20250409A08DHS00

2025-04-10 02:19:11,196 - INFO - EXPIRED
中国海警局新闻发言人就菲向非法“坐滩”仁爱礁军舰运补发表谈话
https://new.qq.com/rain/a/20250409A08UC900

2025-04-10 02:19:11,196 - INFO - EXPIRED
美媒：马斯克与特朗普贸易顾问纳瓦罗起争执，马斯克弟弟敦促特朗普解雇纳瓦罗
https://new.qq.com/rain/a/20250409A05WJT00

2025-04-10 02:19:11,196 - INFO - EXPIRED
美媒发现：美防长访问巴拿马声明，有两个版本
https://new.qq.com/rain/a/20250409A06U5C00

2025-04-10 02:19:11,196 - INFO - EXPIRED
《关于中美经贸关系若干问题的中方立场》白皮书发布！
https://new.qq.com/rain/a/20250409A0610I00

2025-04-10 02:19:11,196 - INFO - EXPIRED
国防部：美把中国当作威胁是严重的战略误判
https://new.qq.com/rain/a/20250409A06NMZ00

2025-04-10 02:19:11,196 - INFO - EXPIRED
27年受贿6794万，“油老虎”李勇受审
https://new.qq.com/rain/a/20250409A07FF600

2025-04-10 02:19:11,196 - INFO - EXPIRED
外媒传“跨境电商平台希音供应链转移”，广州市商务局回应
https://new.qq.com/rain/a/20250409A02IB900

2025-04-10 02:19:11,196 - INFO - EXPIRED
报道称越南计划将63个省、直辖市缩减为34个，为何越南这么多省？
https://view.inews.qq.com/a/20250409Q029GW00

2025-04-10 02:19:11,196 - INFO - EXPIRED
宁夏大学41岁教授李海波离世，曾入选全球前2%顶尖科学家榜单
https://new.qq.com/rain/a/20250409A055ML00

2025-04-10 02:19:11,196 - INFO - EXPIRED
太魔幻！美反华政客内讧了
https://new.qq.com/rain/a/20250409A052AP00

2025-04-10 02:19:11,196 - INFO - EXPIRED
韩国总统选战最新进展：李在明辞党首，多人参选
https://new.qq.com/rain/a/20250409A06VTX00

2025-04-10 02:19:11,196 - INFO - EXPIRED
商务部：中国外贸韧性不减 进出口实现平稳开局
https://new.qq.com/rain/a/20250409A06KGE00

2025-04-10 02:19:11,196 - INFO - EXPIRED
取消机顶盒？广电总局：电视、机顶盒一体化是治理电视操作复杂的根本
https://new.qq.com/rain/a/20250409A069PM00

2025-04-10 02:19:11,196 - INFO - EXPIRED
逾期滞留一天罚998美元 美国政府要把非法移民罚得“倾家荡产”？
https://new.qq.com/rain/a/20250408A09LW500

2025-04-10 02:19:11,196 - INFO - EXPIRED
特朗普用关税对台积电“敲山震虎”，谁是虎？
https://new.qq.com/rain/a/20250409A05J8L00

2025-04-10 02:19:11,196 - INFO - EXPIRED
美军全球大调兵，暴露出“三强三弱”
https://new.qq.com/rain/a/20250409A04OL600

2025-04-10 02:19:11,196 - INFO - EXPIRED
尴尬！以色列大使被赶出会场
https://new.qq.com/rain/a/20250409A05LD800

2025-04-10 02:19:11,196 - INFO - EXPIRED
高校教师“隔空猥亵”幼女，还威胁对方做女朋友，获刑5年
https://new.qq.com/rain/a/20250409A05UEL00

2025-04-10 02:19:11,196 - INFO - EXPIRED
普通话差没颜值还敢出镜？百万粉丝导演自曝转型之路
https://new.qq.com/rain/a/20250409V04GBX00

2025-04-10 02:19:11,196 - INFO - EXPIRED
杨立军已任中国航天党组成员、副总经理
https://new.qq.com/rain/a/20250409A05FKP00

2025-04-10 02:19:11,196 - INFO - EXPIRED
长和港口交易再生变，巴拿马会收回经营权吗
https://new.qq.com/rain/a/20250408A09N3F00

2025-04-10 02:19:11,196 - INFO - EXPIRED
商务部：如美方执意进一步升级经贸限制措施 中方必将反制并奉陪到底
https://new.qq.com/rain/a/20250409A0622100

2025-04-10 02:19:11,196 - INFO - EXPIRED
日媒披露“日美模拟攻击中国军舰”细节，中国使馆此前已阐明严正立场
https://new.qq.com/rain/a/20250409A01GHC00

2025-04-10 02:19:11,196 - INFO - EXPIRED
广东揭阳一辆车冲入对向车道连撞多车 有骑车人受伤送医
https://new.qq.com/rain/a/20250409V05RLH00

2025-04-10 02:19:11,196 - INFO - EXPIRED
外媒爆：被业界反对后，美国正考虑放宽拟对进入美港口中国船只征收的“停靠费”
https://new.qq.com/rain/a/20250409A042N100

2025-04-10 02:19:11,196 - INFO - EXPIRED
多米尼加俱乐部屋顶坍塌事故死亡人数升至98人
https://new.qq.com/rain/a/20250409A04SRB00

2025-04-10 02:19:11,197 - INFO - EXPIRED
再“战”总统，李在明殊死一搏
https://new.qq.com/rain/a/20250409A04RF700

2025-04-10 02:19:11,197 - INFO - EXPIRED
今天，加拿大“对等反击”美国
https://new.qq.com/rain/a/20250409A01X3T00

2025-04-10 02:19:11,197 - INFO - EXPIRED
男子驾车冲卡拒检致辅警受伤，成都警方：已刑拘
https://new.qq.com/rain/a/20250409A0546K00

2025-04-10 02:19:11,197 - INFO - EXPIRED
禁用“红黑蓝”，蜜雪冰城招牌被刷成灰底，更换后生意会变差吗？
https://view.inews.qq.com/a/20250409Q00GKY00

2025-04-10 02:19:11,197 - INFO - EXPIRED
特朗普吃对药了吗？
https://new.qq.com/rain/a/20250409A02HDV00

2025-04-10 02:19:11,197 - INFO - EXPIRED
新版电视剧《红楼梦》“刘姥姥”扮演者叶琳瑯去世，享年93岁
https://new.qq.com/rain/a/20250409A04TH500

2025-04-10 02:19:11,197 - INFO - EXPIRED
香港前特首梁振英33岁女儿离世，梁振英今晨发声：走得很突然
https://new.qq.com/rain/a/20250409A02HTC00

2025-04-10 02:19:11,197 - INFO - EXPIRED
突发！T86政策又变，小额包裹关税最高至150美元
https://new.qq.com/rain/a/20250409A0333O00

2025-04-10 02:19:11,197 - INFO - EXPIRED
女乘客疑被猥亵裤子现不明液体 上海地铁：涉事男子被同车乘客拖下车
https://new.qq.com/rain/a/20250409A02Q0H00

2025-04-10 02:19:11,197 - INFO - EXPIRED
河北隆化县一老年公寓发生火灾致20人遇难 公寓负责人已被控制
https://new.qq.com/rain/a/20250409A0408400

2025-04-10 02:19:11,197 - INFO - EXPIRED
缅甸强震致中国公民6死13伤
https://new.qq.com/rain/a/20250409A041RS00

2025-04-10 02:19:11,197 - INFO - EXPIRED
胖东来15页报告回应宋清辉言论：逾越合法评论界限攻击创始人
https://new.qq.com/rain/a/20250409A02MQ800

2025-04-10 02:19:11,197 - INFO - EXPIRED
“世纪婴儿”千千去世医院被指救援不力，母亲：专家鉴定结果符合预期
https://new.qq.com/rain/a/20250408A09EP600

2025-04-10 02:19:11,197 - INFO - EXPIRED
河北承德一养老院火灾致20人死亡，附近商户：有高墙，难见老人出门
https://new.qq.com/rain/a/20250409A04ETW00

2025-04-10 02:19:11,197 - INFO - EXPIRED
男子疑因妻子出轨自杀案今日开庭 律师：或成第三人侵害配偶权首案
https://new.qq.com/rain/a/20250409A03E1N00

2025-04-10 02:19:11,197 - INFO - EXPIRED
大模型不停进步，“杀死”了旧时代的产品经理
https://new.qq.com/rain/a/20250409A036PO00

2025-04-10 02:19:11,197 - INFO - EXPIRED
离岸人民币“破7.4”又回弹，“对等关税”下的汇市怎么走
https://new.qq.com/rain/a/20250409A02T1C00

2025-04-10 02:19:11,197 - INFO - EXPIRED
特朗普称美国将对药品征收关税
https://new.qq.com/rain/a/20250409A027RM00

2025-04-10 02:19:11,197 - INFO - EXPIRED
759万的二手房是“凶宅”？卖家：交易完成后，返租期间孩子去世
https://new.qq.com/rain/a/20250408A09GMR00

2025-04-10 02:19:11,197 - INFO - EXPIRED
美防长称将从“中国影响”下夺回巴拿马运河，我使馆驳斥
https://new.qq.com/rain/a/20250409A01NHR00

2025-04-10 02:19:11,197 - INFO - EXPIRED
马斯克痛批白宫贸易顾问：真是个白痴
https://new.qq.com/rain/a/20250409A01IHP00

2025-04-10 02:19:11,197 - INFO - EXPIRED
女子遭企业家丈夫家暴被逼喝排泄物 离婚后要不回抚养权 最新进展来了
https://new.qq.com/rain/a/20250409A0243Z00

2025-04-10 02:19:11,197 - INFO - EXPIRED
“85后”国企原董事长：花近百万买的宝马车不敢开，罩起来放地下室
https://new.qq.com/rain/a/20250408A09MHH00

2025-04-10 02:19:11,197 - INFO - EXPIRED
俄对乌军在库尔斯克最后据点发起进攻
https://new.qq.com/rain/a/20250408A09OT900

2025-04-10 02:19:12,824 - ERROR - ERROR
非法收受他人财物数额特别巨大 王波被提起公诉
https://new.qq.com/rain/a/20250410A02RPW00
('list index out of range',)
======
Traceback (most recent call last):
  File "/home/runner/work/qqnews/qqnews/qq.py", line 81, in process_article
    ss = str(tmpbs.select("div.LEFT div.content.clearfix")[0])
             ~~~~~~~~~~~~~~~~~~~~~~~~~~~~~~~~~~~~~~~~~~~~~^^^
IndexError: list index out of range


2025-04-10 02:19:12,841 - ERROR - ERROR
电动自行车“以旧换新”，为何叫好不叫座
https://new.qq.com/rain/a/20250410A00NZV00
('list index out of range',)
======
Traceback (most recent call last):
  File "/home/runner/work/qqnews/qqnews/qq.py", line 81, in process_article
    ss = str(tmpbs.select("div.LEFT div.content.clearfix")[0])
             ~~~~~~~~~~~~~~~~~~~~~~~~~~~~~~~~~~~~~~~~~~~~~^^^
IndexError: list index out of range


2025-04-10 02:19:12,845 - ERROR - ERROR
男子醉酒后骑电动车摔倒，民警相助反遭对方暴力殴打，获刑六个月
https://new.qq.com/rain/a/20250410A02I2N00
('list index out of range',)
======
Traceback (most recent call last):
  File "/home/runner/work/qqnews/qqnews/qq.py", line 81, in process_article
    ss = str(tmpbs.select("div.LEFT div.content.clearfix")[0])
             ~~~~~~~~~~~~~~~~~~~~~~~~~~~~~~~~~~~~~~~~~~~~~^^^
IndexError: list index out of range


2025-04-10 02:19:12,892 - ERROR - ERROR
福建：拟建立省市县联系重点外贸企业机制
https://new.qq.com/rain/a/20250410A02QPS00
('list index out of range',)
======
Traceback (most recent call last):
  File "/home/runner/work/qqnews/qqnews/qq.py", line 81, in process_article
    ss = str(tmpbs.select("div.LEFT div.content.clearfix")[0])
             ~~~~~~~~~~~~~~~~~~~~~~~~~~~~~~~~~~~~~~~~~~~~~^^^
IndexError: list index out of range


2025-04-10 02:19:12,912 - ERROR - ERROR
免费办理 不再需要户口本 5月10日起婚姻登记手续简化了
https://new.qq.com/rain/a/20250410A01ALC00
('list index out of range',)
======
Traceback (most recent call last):
  File "/home/runner/work/qqnews/qqnews/qq.py", line 81, in process_article
    ss = str(tmpbs.select("div.LEFT div.content.clearfix")[0])
             ~~~~~~~~~~~~~~~~~~~~~~~~~~~~~~~~~~~~~~~~~~~~~^^^
IndexError: list index out of range


2025-04-10 02:19:13,744 - ERROR - ERROR
英媒记者走进关税战下的义乌：多数已做好准备，将重心转向美国以外市场
https://new.qq.com/rain/a/20250410A01IMZ00
('list index out of range',)
======
Traceback (most recent call last):
  File "/home/runner/work/qqnews/qqnews/qq.py", line 81, in process_article
    ss = str(tmpbs.select("div.LEFT div.content.clearfix")[0])
             ~~~~~~~~~~~~~~~~~~~~~~~~~~~~~~~~~~~~~~~~~~~~~^^^
IndexError: list index out of range


2025-04-10 02:19:13,770 - ERROR - ERROR
加强中欧经贸合作、应对美加征关税 这场会谈释放重要信号
https://new.qq.com/rain/a/20250410A01UYF00
('list index out of range',)
======
Traceback (most recent call last):
  File "/home/runner/work/qqnews/qqnews/qq.py", line 81, in process_article
    ss = str(tmpbs.select("div.LEFT div.content.clearfix")[0])
             ~~~~~~~~~~~~~~~~~~~~~~~~~~~~~~~~~~~~~~~~~~~~~^^^
IndexError: list index out of range


2025-04-10 02:19:13,791 - ERROR - ERROR
印度部长竟称关税战是“千载难逢的机会”，美经济学家警告：别被华盛顿当作工具
https://new.qq.com/rain/a/20250410A01IMU00
('list index out of range',)
======
Traceback (most recent call last):
  File "/home/runner/work/qqnews/qqnews/qq.py", line 81, in process_article
    ss = str(tmpbs.select("div.LEFT div.content.clearfix")[0])
             ~~~~~~~~~~~~~~~~~~~~~~~~~~~~~~~~~~~~~~~~~~~~~^^^
IndexError: list index out of range


2025-04-10 02:19:13,854 - ERROR - ERROR
泽连斯基：乌技术团队将赴美磋商矿产协议
https://new.qq.com/rain/a/20250410A01N5700
('list index out of range',)
======
Traceback (most recent call last):
  File "/home/runner/work/qqnews/qqnews/qq.py", line 81, in process_article
    ss = str(tmpbs.select("div.LEFT div.content.clearfix")[0])
             ~~~~~~~~~~~~~~~~~~~~~~~~~~~~~~~~~~~~~~~~~~~~~^^^
IndexError: list index out of range


2025-04-10 02:19:14,317 - ERROR - ERROR
奥运乒乓球金牌增至6枚！洛杉矶奥运新增混合团体，恢复男女双打
https://new.qq.com/rain/a/20250410A00VHF00
('list index out of range',)
======
Traceback (most recent call last):
  File "/home/runner/work/qqnews/qqnews/qq.py", line 81, in process_article
    ss = str(tmpbs.select("div.LEFT div.content.clearfix")[0])
             ~~~~~~~~~~~~~~~~~~~~~~~~~~~~~~~~~~~~~~~~~~~~~^^^
IndexError: list index out of range


2025-04-10 03:26:21,568 - INFO - EXPIRED
女子去国外“断骨增高”，后遗症缠身维权难：像有定时炸弹藏在身体里
https://new.qq.com/rain/a/20250409A09LRE00

2025-04-10 03:26:21,568 - INFO - EXPIRED
“200万美元导弹击落对手1万美元无人机”，美特种作战司令部司令抱怨美军血亏
https://new.qq.com/rain/a/20250409A09RD900

2025-04-10 03:26:21,568 - INFO - EXPIRED
毕业做“食堂阿姨”的北大研究生：已离职，希望大家不只看到这个标签
https://new.qq.com/rain/a/20250409A09PCF00

2025-04-10 03:26:21,568 - INFO - EXPIRED
“招牌改色”风波中的燕郊：有商户自费换牌，有商户为省钱刷漆改色
https://new.qq.com/rain/a/20250409A09SV300

2025-04-10 03:26:21,568 - INFO - EXPIRED
有外贸人直摇头称生意基本没法做了，外贸行业变天了吗？该怎么寻出路？
https://view.inews.qq.com/a/20250408Q07DZS00

2025-04-10 03:26:21,568 - INFO - EXPIRED
李飞飞最新报告：中美AI模型性能近乎持平，系统推理成本降至1/280
https://new.qq.com/rain/a/20250409A08N4J00

2025-04-10 03:26:21,568 - INFO - EXPIRED
65岁，中国芯片“投资教父”，决定出手拯救英特尔
https://new.qq.com/rain/a/20250409A0A70B00

2025-04-10 03:26:21,568 - INFO - EXPIRED
9省人口自然正增长，谁是中国最年轻的省份
https://new.qq.com/rain/a/20250409A09E3Z00

2025-04-10 03:26:21,568 - INFO - EXPIRED
从芯片到数据中心，没有一家美国科技公司能幸免于“特朗普关税”
https://new.qq.com/rain/a/20250409A0A7NF00

2025-04-10 03:26:21,568 - INFO - EXPIRED
宝马5系跌破29万，曾经的豪车不再高高在上，燃油车和新能源哪种跌得更快？
https://view.inews.qq.com/a/20250409Q0918500

2025-04-10 03:26:21,568 - INFO - EXPIRED
文化和旅游部对赴美中国游客发布风险提示
https://new.qq.com/rain/a/20250409A09T5100

2025-04-10 03:26:21,568 - INFO - EXPIRED
中央首次召开这一重要会议，有新判断
https://new.qq.com/rain/a/20250409A09BBF00

2025-04-10 03:26:21,568 - INFO - EXPIRED
海关总署就对原产于美国的进口商品加征关税措施有关执行事项发布公告
https://new.qq.com/rain/a/20250409A0A50H00

2025-04-10 03:26:21,568 - INFO - EXPIRED
白宫：美国有能力在国内生产苹果手机 专家：售价翻两倍
https://new.qq.com/rain/a/20250409A0A75100

2025-04-10 03:26:21,568 - INFO - EXPIRED
伊朗军队进入高度戒备，克宫：感到担忧
https://new.qq.com/rain/a/20250409A09U0S00

2025-04-10 03:26:21,568 - INFO - EXPIRED
叫中国人“乡巴佬”，他靠无知刷存在感？
https://new.qq.com/rain/a/20250409A09FU100

2025-04-10 03:26:21,568 - INFO - EXPIRED
教育部预警！近期选择赴美有关州学习时做好安全风险评估
https://new.qq.com/rain/a/20250409A09XJJ00

2025-04-10 03:26:21,568 - INFO - EXPIRED
桥水基金创始人：国际地缘政治秩序正崩溃，美国号令其他国家遵从秩序的时代已结束
https://new.qq.com/rain/a/20250409A09YM500

2025-04-10 03:26:21,568 - INFO - EXPIRED
高速开车睡觉，谁制造了“全民智驾”幻觉
https://new.qq.com/rain/a/20250409A09R0G00

2025-04-10 03:26:21,568 - INFO - EXPIRED
西安一物业公司被认定为“高新技术企业”引质疑 官方：经两轮严格审核符合条件
https://new.qq.com/rain/a/20250409A098ZW00

2025-04-10 03:26:21,568 - INFO - EXPIRED
特朗普自曝曾警告台积电“不赴美建厂就征100％关税”，岛内网友批美：想要什么就用抢的
https://new.qq.com/rain/a/20250409A09JFX00

2025-04-10 03:26:21,568 - INFO - EXPIRED
“烧毁300辆失控1000辆！”云南一高速路段每公里10个警示牌 当地回应
https://new.qq.com/rain/a/20250409A08S7800

2025-04-10 03:26:21,568 - INFO - EXPIRED
39年前命案现场464根毛发等被妥善保存，最终锁定真凶
https://new.qq.com/rain/a/20250409A09QYE00

2025-04-10 03:26:21,568 - INFO - EXPIRED
股民押中农业股1天从亏5万到赚5万，你身边有这种“神奇”的存在吗？
https://view.inews.qq.com/a/20250409Q035NN00

2025-04-10 03:26:21,568 - INFO - EXPIRED
新华社权威快报丨促进健康消费！这份方案明确10方面重点任务
https://new.qq.com/rain/a/20250409A09TTQ00

2025-04-10 03:26:21,568 - INFO - EXPIRED
小特朗普爆猛料：“企图刺杀特朗普之人与乌克兰有牵连”
https://new.qq.com/rain/a/20250409A09TYZ00

2025-04-10 03:26:21,568 - INFO - EXPIRED
网友称自己楼上的装修博主只装不住，邻居不堪其扰，该如何解决？
https://view.inews.qq.com/a/20250408Q09PAY00

2025-04-10 03:26:21,568 - INFO - EXPIRED
广西一捞鱼男子江中溺水失联：路人称疑捡水杯下水 岸边只剩渔网衣物
https://new.qq.com/rain/a/20250409V09QXS00

2025-04-10 03:26:21,568 - INFO - EXPIRED
拉清单！中方制裁美国实体
https://new.qq.com/rain/a/20250409A091AO00

2025-04-10 03:26:21,569 - INFO - EXPIRED
银行存款大增但利息少了900亿，行长们从差旅、物业费中“抠”利润
https://new.qq.com/rain/a/20250409A08M5700

2025-04-10 03:26:21,569 - INFO - EXPIRED
李强主持召开经济形势专家和企业家座谈会
https://new.qq.com/rain/a/20250409A091ES00

2025-04-10 03:26:21,569 - INFO - EXPIRED
中方在世贸组织追加起诉美升级对华关税措施
https://new.qq.com/rain/a/20250409A08Q0R00

2025-04-10 03:26:21,569 - INFO - EXPIRED
张磊跳槽到东鹏饮料，年薪暴涨16倍到547万，这是怎么做到的？为何能涨这么多？
https://view.inews.qq.com/a/20250409Q0550Z00

2025-04-10 03:26:21,569 - INFO - EXPIRED
限期补缴“丧失原籍证明” 台当局向陆配再出手
https://new.qq.com/rain/a/20250409A05EY600

2025-04-10 03:26:21,569 - INFO - EXPIRED
打死西湖鸳鸯的人找到了！杭州西湖景区发布情况通告
https://new.qq.com/rain/a/20250409A066NF00

2025-04-10 03:26:21,569 - INFO - EXPIRED
北京或迎来历史上最大的风，每秒风速可达到30米，能正常出行吗？
https://view.inews.qq.com/a/20250409Q05Z0200

2025-04-10 03:26:21,569 - INFO - EXPIRED
四川自贡“7·17”火灾致16人遇难，32名公职人员被追责问责
https://new.qq.com/rain/a/20250409A07IUD00

2025-04-10 03:26:21,569 - INFO - EXPIRED
19岁精神疾患小伙涉嫌偷手机，监管期间不幸病亡，看守所被认定需担次责
https://new.qq.com/rain/a/20250409A08PFS00

2025-04-10 03:26:21,569 - INFO - EXPIRED
商务部新闻发言人就美方发布TikTok延期行政令答记者问
https://new.qq.com/rain/a/20250409A085KJ00

2025-04-10 03:26:21,569 - INFO - EXPIRED
新华社权威快报丨新修订《婚姻登记条例》自5月10日起施行
https://new.qq.com/rain/a/20250409A07AWU00

2025-04-10 03:26:21,569 - INFO - EXPIRED
“特朗普冲击”下，赴美旅游人数出现“断崖式”下跌
https://new.qq.com/rain/a/20250409A08DHS00

2025-04-10 03:26:21,569 - INFO - EXPIRED
中国海警局新闻发言人就菲向非法“坐滩”仁爱礁军舰运补发表谈话
https://new.qq.com/rain/a/20250409A08UC900

2025-04-10 03:26:21,569 - INFO - EXPIRED
美媒：马斯克与特朗普贸易顾问纳瓦罗起争执，马斯克弟弟敦促特朗普解雇纳瓦罗
https://new.qq.com/rain/a/20250409A05WJT00

2025-04-10 03:26:21,569 - INFO - EXPIRED
美媒发现：美防长访问巴拿马声明，有两个版本
https://new.qq.com/rain/a/20250409A06U5C00

2025-04-10 03:26:21,569 - INFO - EXPIRED
《关于中美经贸关系若干问题的中方立场》白皮书发布！
https://new.qq.com/rain/a/20250409A0610I00

2025-04-10 03:26:21,569 - INFO - EXPIRED
国防部：美把中国当作威胁是严重的战略误判
https://new.qq.com/rain/a/20250409A06NMZ00

2025-04-10 03:26:21,569 - INFO - EXPIRED
27年受贿6794万，“油老虎”李勇受审
https://new.qq.com/rain/a/20250409A07FF600

2025-04-10 03:26:21,569 - INFO - EXPIRED
网传“跨境电商平台希音供应链转移”，广州市商务局回应
https://new.qq.com/rain/a/20250409A02IB900

2025-04-10 03:26:21,569 - INFO - EXPIRED
报道称越南计划将63个省、直辖市缩减为34个，为何越南这么多省？
https://view.inews.qq.com/a/20250409Q029GW00

2025-04-10 03:26:21,569 - INFO - EXPIRED
宁夏大学41岁教授李海波离世，曾入选全球前2%顶尖科学家榜单
https://new.qq.com/rain/a/20250409A055ML00

2025-04-10 03:26:21,569 - INFO - EXPIRED
太魔幻！美反华政客内讧了
https://new.qq.com/rain/a/20250409A052AP00

2025-04-10 03:26:21,569 - INFO - EXPIRED
韩国总统选战最新进展：李在明辞党首，多人参选
https://new.qq.com/rain/a/20250409A06VTX00

2025-04-10 03:26:21,569 - INFO - EXPIRED
商务部：中国外贸韧性不减 进出口实现平稳开局
https://new.qq.com/rain/a/20250409A06KGE00

2025-04-10 03:26:21,569 - INFO - EXPIRED
取消机顶盒？广电总局：电视、机顶盒一体化是治理电视操作复杂的根本
https://new.qq.com/rain/a/20250409A069PM00

2025-04-10 03:26:21,569 - INFO - EXPIRED
逾期滞留一天罚998美元 美国政府要把非法移民罚得“倾家荡产”？
https://new.qq.com/rain/a/20250408A09LW500

2025-04-10 03:26:21,569 - INFO - EXPIRED
特朗普用关税对台积电“敲山震虎”，谁是虎？
https://new.qq.com/rain/a/20250409A05J8L00

2025-04-10 03:26:21,569 - INFO - EXPIRED
美军全球大调兵，暴露出“三强三弱”
https://new.qq.com/rain/a/20250409A04OL600

2025-04-10 03:26:21,569 - INFO - EXPIRED
尴尬！以色列大使被赶出会场
https://new.qq.com/rain/a/20250409A05LD800

2025-04-10 03:26:21,569 - INFO - EXPIRED
高校教师“隔空猥亵”幼女，还威胁对方做女朋友，获刑5年
https://new.qq.com/rain/a/20250409A05UEL00

2025-04-10 03:26:21,569 - INFO - EXPIRED
普通话差没颜值还敢出镜？百万粉丝导演自曝转型之路
https://new.qq.com/rain/a/20250409V04GBX00

2025-04-10 03:26:21,569 - INFO - EXPIRED
杨立军已任中国航天党组成员、副总经理
https://new.qq.com/rain/a/20250409A05FKP00

2025-04-10 03:26:21,569 - INFO - EXPIRED
长和港口交易再生变，巴拿马会收回经营权吗
https://new.qq.com/rain/a/20250408A09N3F00

2025-04-10 03:26:21,569 - INFO - EXPIRED
商务部：如美方执意进一步升级经贸限制措施 中方必将反制并奉陪到底
https://new.qq.com/rain/a/20250409A0622100

2025-04-10 03:26:21,569 - INFO - EXPIRED
日媒披露“日美模拟攻击中国军舰”细节，中国使馆此前已阐明严正立场
https://new.qq.com/rain/a/20250409A01GHC00

2025-04-10 03:26:21,569 - INFO - EXPIRED
广东揭阳一辆车冲入对向车道连撞多车 有骑车人受伤送医
https://new.qq.com/rain/a/20250409V05RLH00

2025-04-10 03:26:21,569 - INFO - EXPIRED
外媒爆：被业界反对后，美国正考虑放宽拟对进入美港口中国船只征收的“停靠费”
https://new.qq.com/rain/a/20250409A042N100

2025-04-10 03:26:21,569 - INFO - EXPIRED
多米尼加俱乐部屋顶坍塌事故死亡人数升至98人
https://new.qq.com/rain/a/20250409A04SRB00

2025-04-10 03:26:21,569 - INFO - EXPIRED
再“战”总统，李在明殊死一搏
https://new.qq.com/rain/a/20250409A04RF700

2025-04-10 03:26:21,569 - INFO - EXPIRED
今天，加拿大“对等反击”美国
https://new.qq.com/rain/a/20250409A01X3T00

2025-04-10 03:26:21,569 - INFO - EXPIRED
男子驾车冲卡拒检致辅警受伤，成都警方：已刑拘
https://new.qq.com/rain/a/20250409A0546K00

2025-04-10 03:26:21,569 - INFO - EXPIRED
禁用“红黑蓝”，蜜雪冰城招牌被刷成灰底，更换后生意会变差吗？
https://view.inews.qq.com/a/20250409Q00GKY00

2025-04-10 03:26:21,569 - INFO - EXPIRED
特朗普吃对药了吗？
https://new.qq.com/rain/a/20250409A02HDV00

2025-04-10 03:26:21,569 - INFO - EXPIRED
新版电视剧《红楼梦》“刘姥姥”扮演者叶琳瑯去世，享年93岁
https://new.qq.com/rain/a/20250409A04TH500

2025-04-10 03:26:21,569 - INFO - EXPIRED
香港前特首梁振英33岁女儿离世，梁振英今晨发声：走得很突然
https://new.qq.com/rain/a/20250409A02HTC00

2025-04-10 03:26:21,569 - INFO - EXPIRED
突发！T86政策又变，小额包裹关税最高至150美元
https://new.qq.com/rain/a/20250409A0333O00

2025-04-10 03:26:21,569 - INFO - EXPIRED
女乘客疑被猥亵裤子现不明液体 上海地铁：涉事男子被同车乘客拖下车
https://new.qq.com/rain/a/20250409A02Q0H00

2025-04-10 03:26:21,569 - INFO - EXPIRED
河北隆化县一老年公寓发生火灾致20人遇难 公寓负责人已被控制
https://new.qq.com/rain/a/20250409A0408400

2025-04-10 03:26:21,569 - INFO - EXPIRED
缅甸强震致中国公民6死13伤
https://new.qq.com/rain/a/20250409A041RS00

2025-04-10 03:26:21,569 - INFO - EXPIRED
胖东来15页报告回应宋清辉言论：逾越合法评论界限攻击创始人
https://new.qq.com/rain/a/20250409A02MQ800

2025-04-10 03:26:21,569 - INFO - EXPIRED
“世纪婴儿”千千去世医院被指救援不力，母亲：专家鉴定结果符合预期
https://new.qq.com/rain/a/20250408A09EP600

2025-04-10 03:26:21,569 - INFO - EXPIRED
河北承德一养老院火灾致20人死亡，附近商户：有高墙，难见老人出门
https://new.qq.com/rain/a/20250409A04ETW00

2025-04-10 03:26:21,569 - INFO - EXPIRED
男子疑因妻子出轨自杀案今日开庭 律师：或成第三人侵害配偶权首案
https://new.qq.com/rain/a/20250409A03E1N00

2025-04-10 03:26:23,201 - ERROR - ERROR
特朗普关税态度大逆转！超75个国家获得90天“暂缓期”，什么原因
https://new.qq.com/rain/a/20250410A027IJ00
('list index out of range',)
======
Traceback (most recent call last):
  File "/home/runner/work/qqnews/qqnews/qq.py", line 81, in process_article
    ss = str(tmpbs.select("div.LEFT div.content.clearfix")[0])
             ~~~~~~~~~~~~~~~~~~~~~~~~~~~~~~~~~~~~~~~~~~~~~^^^
IndexError: list index out of range


2025-04-10 03:26:23,405 - ERROR - ERROR
美股暴力反弹，纳指单日暴拉12%，全球股市最黑暗时期过去了吗？
https://view.inews.qq.com/a/20250410Q01PR900
('list index out of range',)
======
Traceback (most recent call last):
  File "/home/runner/work/qqnews/qqnews/qq.py", line 81, in process_article
    ss = str(tmpbs.select("div.LEFT div.content.clearfix")[0])
             ~~~~~~~~~~~~~~~~~~~~~~~~~~~~~~~~~~~~~~~~~~~~~^^^
IndexError: list index out of range


2025-04-10 03:26:23,468 - ERROR - ERROR
维持原判！“9岁女孩被老师砸伤案”二审宣判
https://new.qq.com/rain/a/20250410A03OH100
('list index out of range',)
======
Traceback (most recent call last):
  File "/home/runner/work/qqnews/qqnews/qq.py", line 81, in process_article
    ss = str(tmpbs.select("div.LEFT div.content.clearfix")[0])
             ~~~~~~~~~~~~~~~~~~~~~~~~~~~~~~~~~~~~~~~~~~~~~^^^
IndexError: list index out of range


2025-04-10 03:26:23,492 - ERROR - ERROR
“老虎”王波，在副市长、市长等任上大肆敛财，还曾因重大事故被通报
https://new.qq.com/rain/a/20250410A0324Y00
('list index out of range',)
======
Traceback (most recent call last):
  File "/home/runner/work/qqnews/qqnews/qq.py", line 81, in process_article
    ss = str(tmpbs.select("div.LEFT div.content.clearfix")[0])
             ~~~~~~~~~~~~~~~~~~~~~~~~~~~~~~~~~~~~~~~~~~~~~^^^
IndexError: list index out of range


2025-04-10 03:26:23,515 - ERROR - ERROR
印度部长竟称关税战是“千载难逢的机会”，美经济学家警告：别被华盛顿当作工具
https://new.qq.com/rain/a/20250410A01IMU00
('list index out of range',)
======
Traceback (most recent call last):
  File "/home/runner/work/qqnews/qqnews/qq.py", line 81, in process_article
    ss = str(tmpbs.select("div.LEFT div.content.clearfix")[0])
             ~~~~~~~~~~~~~~~~~~~~~~~~~~~~~~~~~~~~~~~~~~~~~^^^
IndexError: list index out of range


2025-04-10 03:26:24,341 - ERROR - ERROR
北京近十年首次发布全市大风橙色预警，局地阵风可达13级以上
https://new.qq.com/rain/a/20250410A03GDF00
('list index out of range',)
======
Traceback (most recent call last):
  File "/home/runner/work/qqnews/qqnews/qq.py", line 81, in process_article
    ss = str(tmpbs.select("div.LEFT div.content.clearfix")[0])
             ~~~~~~~~~~~~~~~~~~~~~~~~~~~~~~~~~~~~~~~~~~~~~^^^
IndexError: list index out of range


2025-04-10 03:26:24,544 - ERROR - ERROR
长和子公司回应巴拿马港口争议
https://new.qq.com/rain/a/20250410A031AK00
('list index out of range',)
======
Traceback (most recent call last):
  File "/home/runner/work/qqnews/qqnews/qq.py", line 81, in process_article
    ss = str(tmpbs.select("div.LEFT div.content.clearfix")[0])
             ~~~~~~~~~~~~~~~~~~~~~~~~~~~~~~~~~~~~~~~~~~~~~^^^
IndexError: list index out of range


2025-04-10 03:26:24,554 - ERROR - ERROR
操纵市场？特朗普在暂缓部分关税前喊话买美股：现在是入场好时机
https://new.qq.com/rain/a/20250410A0299300
('list index out of range',)
======
Traceback (most recent call last):
  File "/home/runner/work/qqnews/qqnews/qq.py", line 81, in process_article
    ss = str(tmpbs.select("div.LEFT div.content.clearfix")[0])
             ~~~~~~~~~~~~~~~~~~~~~~~~~~~~~~~~~~~~~~~~~~~~~^^^
IndexError: list index out of range


2025-04-10 03:26:24,586 - ERROR - ERROR
美军要搞大规模联合演习，“为将来与中国开战做准备”
https://new.qq.com/rain/a/20250410A02ZT600
('list index out of range',)
======
Traceback (most recent call last):
  File "/home/runner/work/qqnews/qqnews/qq.py", line 81, in process_article
    ss = str(tmpbs.select("div.LEFT div.content.clearfix")[0])
             ~~~~~~~~~~~~~~~~~~~~~~~~~~~~~~~~~~~~~~~~~~~~~^^^
IndexError: list index out of range


2025-04-10 03:26:25,058 - ERROR - ERROR
新一轮找矿行动“挖到宝”了，我国矿种+1
https://new.qq.com/rain/a/20250410A02R9N00
('list index out of range',)
======
Traceback (most recent call last):
  File "/home/runner/work/qqnews/qqnews/qq.py", line 81, in process_article
    ss = str(tmpbs.select("div.LEFT div.content.clearfix")[0])
             ~~~~~~~~~~~~~~~~~~~~~~~~~~~~~~~~~~~~~~~~~~~~~^^^
IndexError: list index out of range


2025-04-10 03:26:25,644 - ERROR - ERROR
男子醉酒后骑电动车摔倒，民警相助反遭对方暴力殴打，获刑六个月
https://new.qq.com/rain/a/20250410A02I2N00
('list index out of range',)
======
Traceback (most recent call last):
  File "/home/runner/work/qqnews/qqnews/qq.py", line 81, in process_article
    ss = str(tmpbs.select("div.LEFT div.content.clearfix")[0])
             ~~~~~~~~~~~~~~~~~~~~~~~~~~~~~~~~~~~~~~~~~~~~~^^^
IndexError: list index out of range


2025-04-10 03:26:25,702 - ERROR - ERROR
电动自行车“以旧换新”，为何叫好不叫座
https://new.qq.com/rain/a/20250410A00NZV00
('list index out of range',)
======
Traceback (most recent call last):
  File "/home/runner/work/qqnews/qqnews/qq.py", line 81, in process_article
    ss = str(tmpbs.select("div.LEFT div.content.clearfix")[0])
             ~~~~~~~~~~~~~~~~~~~~~~~~~~~~~~~~~~~~~~~~~~~~~^^^
IndexError: list index out of range


2025-04-10 03:26:25,738 - ERROR - ERROR
免费办理 不再需要户口本 5月10日起婚姻登记手续简化了
https://new.qq.com/rain/a/20250410A01ALC00
('list index out of range',)
======
Traceback (most recent call last):
  File "/home/runner/work/qqnews/qqnews/qq.py", line 81, in process_article
    ss = str(tmpbs.select("div.LEFT div.content.clearfix")[0])
             ~~~~~~~~~~~~~~~~~~~~~~~~~~~~~~~~~~~~~~~~~~~~~^^^
IndexError: list index out of range


2025-04-10 03:26:26,138 - ERROR - ERROR
福建省公开征求意见 拟建立省市县联系重点外贸企业机制
https://new.qq.com/rain/a/20250410A02QPS00
('list index out of range',)
======
Traceback (most recent call last):
  File "/home/runner/work/qqnews/qqnews/qq.py", line 81, in process_article
    ss = str(tmpbs.select("div.LEFT div.content.clearfix")[0])
             ~~~~~~~~~~~~~~~~~~~~~~~~~~~~~~~~~~~~~~~~~~~~~^^^
IndexError: list index out of range


2025-04-10 03:26:26,437 - ERROR - ERROR
加强中欧经贸合作、应对美加征关税 这场会谈释放重要信号
https://new.qq.com/rain/a/20250410A01UYF00
('list index out of range',)
======
Traceback (most recent call last):
  File "/home/runner/work/qqnews/qqnews/qq.py", line 81, in process_article
    ss = str(tmpbs.select("div.LEFT div.content.clearfix")[0])
             ~~~~~~~~~~~~~~~~~~~~~~~~~~~~~~~~~~~~~~~~~~~~~^^^
IndexError: list index out of range


2025-04-10 03:26:26,765 - ERROR - ERROR
英媒记者走进关税战下的义乌：多数已做好准备，将重心转向美国以外市场
https://new.qq.com/rain/a/20250410A01IMZ00
('list index out of range',)
======
Traceback (most recent call last):
  File "/home/runner/work/qqnews/qqnews/qq.py", line 81, in process_article
    ss = str(tmpbs.select("div.LEFT div.content.clearfix")[0])
             ~~~~~~~~~~~~~~~~~~~~~~~~~~~~~~~~~~~~~~~~~~~~~^^^
IndexError: list index out of range


2025-04-10 03:26:27,011 - ERROR - ERROR
泽连斯基：乌技术团队将赴美磋商矿产协议
https://new.qq.com/rain/a/20250410A01N5700
('list index out of range',)
======
Traceback (most recent call last):
  File "/home/runner/work/qqnews/qqnews/qq.py", line 81, in process_article
    ss = str(tmpbs.select("div.LEFT div.content.clearfix")[0])
             ~~~~~~~~~~~~~~~~~~~~~~~~~~~~~~~~~~~~~~~~~~~~~^^^
IndexError: list index out of range


2025-04-10 03:26:27,300 - ERROR - ERROR
奥运乒乓球金牌增至6枚！洛杉矶奥运新增混合团体，恢复男女双打
https://new.qq.com/rain/a/20250410A00VHF00
('list index out of range',)
======
Traceback (most recent call last):
  File "/home/runner/work/qqnews/qqnews/qq.py", line 81, in process_article
    ss = str(tmpbs.select("div.LEFT div.content.clearfix")[0])
             ~~~~~~~~~~~~~~~~~~~~~~~~~~~~~~~~~~~~~~~~~~~~~^^^
IndexError: list index out of range


