2026-07-14 01:07:08,101 - INFO - Total time taken: {'ret': 0, 'msg': 'success', 'data': None}
2026-07-14 01:07:08,101 - INFO - 'NoneType' object is not subscriptable
2026-07-14 01:07:08,101 - INFO - Traceback (most recent call last):
  File "/home/runner/work/qqnews/qqnews/qq.py", line 128, in main
    for i in qq1["data"]["list"]:
             ~~~~~~~~~~~^^^^^^^^
TypeError: 'NoneType' object is not subscriptable

2026-07-14 04:35:43,994 - INFO - Total time taken: {'ret': 0, 'msg': 'success', 'data': None}
2026-07-14 04:35:43,994 - INFO - 'NoneType' object is not subscriptable
2026-07-14 04:35:43,995 - INFO - Traceback (most recent call last):
  File "/home/runner/work/qqnews/qqnews/qq.py", line 128, in main
    for i in qq1["data"]["list"]:
             ~~~~~~~~~~~^^^^^^^^
TypeError: 'NoneType' object is not subscriptable

2026-07-14 06:59:45,355 - INFO - Total time taken: {'ret': 0, 'msg': 'success', 'data': None}
2026-07-14 06:59:45,356 - INFO - 'NoneType' object is not subscriptable
2026-07-14 06:59:45,356 - INFO - Traceback (most recent call last):
  File "/home/runner/work/qqnews/qqnews/qq.py", line 128, in main
    for i in qq1["data"]["list"]:
             ~~~~~~~~~~~^^^^^^^^
TypeError: 'NoneType' object is not subscriptable

2026-07-14 09:02:33,590 - INFO - Total time taken: {'ret': 0, 'msg': 'success', 'data': None}
2026-07-14 09:02:33,590 - INFO - 'NoneType' object is not subscriptable
2026-07-14 09:02:33,591 - INFO - Traceback (most recent call last):
  File "/home/runner/work/qqnews/qqnews/qq.py", line 128, in main
    for i in qq1["data"]["list"]:
             ~~~~~~~~~~~^^^^^^^^
TypeError: 'NoneType' object is not subscriptable

2026-07-14 11:14:07,573 - INFO - Total time taken: {'ret': 0, 'msg': 'success', 'data': None}
2026-07-14 11:14:07,573 - INFO - 'NoneType' object is not subscriptable
2026-07-14 11:14:07,574 - INFO - Traceback (most recent call last):
  File "/home/runner/work/qqnews/qqnews/qq.py", line 128, in main
    for i in qq1["data"]["list"]:
             ~~~~~~~~~~~^^^^^^^^
TypeError: 'NoneType' object is not subscriptable

2026-07-14 12:57:08,657 - INFO - Total time taken: {'ret': 0, 'msg': 'success', 'data': None}
2026-07-14 12:57:08,657 - INFO - 'NoneType' object is not subscriptable
2026-07-14 12:57:08,658 - INFO - Traceback (most recent call last):
  File "/home/runner/work/qqnews/qqnews/qq.py", line 128, in main
    for i in qq1["data"]["list"]:
             ~~~~~~~~~~~^^^^^^^^
TypeError: 'NoneType' object is not subscriptable

2026-07-14 14:41:46,456 - INFO - Total time taken: {'ret': 0, 'msg': 'success', 'data': None}
2026-07-14 14:41:46,456 - INFO - 'NoneType' object is not subscriptable
2026-07-14 14:41:46,456 - INFO - Traceback (most recent call last):
  File "/home/runner/work/qqnews/qqnews/qq.py", line 128, in main
    for i in qq1["data"]["list"]:
             ~~~~~~~~~~~^^^^^^^^
TypeError: 'NoneType' object is not subscriptable

2026-07-14 16:05:35,200 - INFO - Total time taken: {'ret': 0, 'msg': 'success', 'data': None}
2026-07-14 16:05:35,200 - INFO - 'NoneType' object is not subscriptable
2026-07-14 16:05:35,201 - INFO - Traceback (most recent call last):
  File "/home/runner/work/qqnews/qqnews/qq.py", line 128, in main
    for i in qq1["data"]["list"]:
             ~~~~~~~~~~~^^^^^^^^
TypeError: 'NoneType' object is not subscriptable

2026-07-14 17:54:00,375 - INFO - Total time taken: {'ret': 0, 'msg': 'success', 'data': None}
2026-07-14 17:54:00,376 - INFO - 'NoneType' object is not subscriptable
2026-07-14 17:54:00,376 - INFO - Traceback (most recent call last):
  File "/home/runner/work/qqnews/qqnews/qq.py", line 128, in main
    for i in qq1["data"]["list"]:
             ~~~~~~~~~~~^^^^^^^^
TypeError: 'NoneType' object is not subscriptable

2026-07-14 18:55:20,943 - INFO - Total time taken: {'ret': 0, 'msg': 'success', 'data': None}
2026-07-14 18:55:20,943 - INFO - 'NoneType' object is not subscriptable
2026-07-14 18:55:20,943 - INFO - Traceback (most recent call last):
  File "/home/runner/work/qqnews/qqnews/qq.py", line 128, in main
    for i in qq1["data"]["list"]:
             ~~~~~~~~~~~^^^^^^^^
TypeError: 'NoneType' object is not subscriptable

2026-07-14 20:02:11,105 - INFO - Total time taken: {'ret': 0, 'msg': 'success', 'data': None}
2026-07-14 20:02:11,105 - INFO - 'NoneType' object is not subscriptable
2026-07-14 20:02:11,105 - INFO - Traceback (most recent call last):
  File "/home/runner/work/qqnews/qqnews/qq.py", line 128, in main
    for i in qq1["data"]["list"]:
             ~~~~~~~~~~~^^^^^^^^
TypeError: 'NoneType' object is not subscriptable

