2024-08-04 04:00:48,586 - INFO - EXPIRED
武汉一知名项目直降近万元？销售负责人：半年没卖出一套房
https://new.qq.com/rain/a/20240803A07B2U00

2024-08-04 04:00:48,586 - INFO - EXPIRED
巴西上空拍到“史上最清晰UFO”？巴西空军：暂无法核实
https://new.qq.com/rain/a/20240803A074RL00

2024-08-04 04:00:48,586 - INFO - EXPIRED
北京门头沟现华北最早的四足动物足迹，这些三亿年前的足迹揭示了哪些奥秘？
https://view.inews.qq.com/a/20240803Q06YXS00

2024-08-04 04:00:48,586 - INFO - EXPIRED
陈梦夺冠后拥抱孙颖莎：这场比赛我和莎莎没有失败者，我这个年龄能卫冕很意外很惊喜
https://new.qq.com/rain/a/20240803A0849500

2024-08-04 04:00:48,586 - INFO - EXPIRED
高度警觉、严阵以待！国务院副总理率有关部门赶赴灾区
https://new.qq.com/rain/a/20240803A07W1900

2024-08-04 04:00:48,586 - INFO - EXPIRED
陈梦4-2孙颖莎摘金，为什么时隔三年孙颖莎还是没能赢陈梦？
https://view.inews.qq.com/a/20240803Q086GR00

2024-08-04 04:00:48,586 - INFO - EXPIRED
昆明一小区外立面装饰层脱落，外卖员不幸被砸中身亡，死者系暑假兼职大学生
https://new.qq.com/rain/a/20240803A07YSQ00

2024-08-04 04:00:48,586 - INFO - EXPIRED
颁奖典礼！陈梦收获金牌孙颖莎摘银 全场一起高唱国歌
https://new.qq.com/rain/a/20240803V0857Q00

2024-08-04 04:00:48,586 - INFO - EXPIRED
蔡奇看望慰问北戴河暑期休假专家
https://new.qq.com/rain/a/20240803A07JUJ00

2024-08-04 04:00:48,586 - INFO - EXPIRED
陈梦夺冠之路回顾：决赛逆转孙颖莎 卫冕比肩邓亚萍张怡宁
https://new.qq.com/rain/a/20240803V07YM600

2024-08-04 04:00:48,586 - INFO - EXPIRED
世界反兴奋剂机构：九成美国选手未遵守反兴奋剂条例
https://new.qq.com/rain/a/20240803A06HE900

2024-08-04 04:00:48,586 - INFO - EXPIRED
董宇辉回应质疑：若批评不自由，则赞美无意义
https://new.qq.com/rain/a/20240803A07VRY00

2024-08-04 04:00:48,586 - INFO - EXPIRED
意外！巴菲特，狂卖苹果近4亿股，持股腰斩
https://new.qq.com/rain/a/20240803A07PE500

2024-08-04 04:00:48,586 - INFO - EXPIRED
货拉拉司机拒绝运送尸体后遭客户投诉，律师：未经批准不得擅自提供遗体运输服务
https://new.qq.com/rain/a/20240803A06RIO00

2024-08-04 04:00:48,586 - INFO - EXPIRED
诉讼离婚困局：他们自愿进入婚姻，却难以如愿地走出来
https://new.qq.com/rain/a/20240803A04JSF00

2024-08-04 04:00:48,586 - INFO - EXPIRED
全文 | 国务院关于促进服务消费高质量发展的意见
https://new.qq.com/rain/a/20240803A070ZK00

2024-08-04 04:00:48,586 - INFO - EXPIRED
昆明一小区外墙装饰砖脱落，外卖小哥被砸中身亡，业主：去年也脱落过
https://new.qq.com/rain/a/20240803A06EN500

2024-08-04 04:00:48,586 - INFO - EXPIRED
郑钦文将在决赛迎战维基奇，她有哪些明显优劣势？怎样才能确保金牌到手？
https://view.inews.qq.com/a/20240803Q04YC400

2024-08-04 04:00:48,586 - INFO - EXPIRED
2.5%！保险产品预定利率上限回到1999年
https://new.qq.com/rain/a/20240803A05YBW00

2024-08-04 04:00:48,586 - INFO - EXPIRED
化学成绩不好，他居然还能制出新型毒品“神仙水”牟利！被抓后百般抵赖
https://new.qq.com/rain/a/20240803A06LBX00

2024-08-04 04:00:48,586 - INFO - EXPIRED
河南11岁男孩水边失踪19天：桥上找到孩子衣物，其同伴遗体已被找到
https://new.qq.com/rain/a/20240803A0596400

2024-08-04 04:00:48,586 - INFO - EXPIRED
樊振东比赛中示意关掉闪光灯，比赛中闪光灯对运动员的干扰有多大？
https://view.inews.qq.com/a/20240803Q04NBD00

2024-08-04 04:00:48,586 - INFO - EXPIRED
越共中央委员会同意越共中央书记处书记黎明慨等人辞职
https://new.qq.com/rain/a/20240803A06GL100

2024-08-04 04:00:48,586 - INFO - EXPIRED
郑钦文奥运夺金创历史，她有哪些不为广大网友知晓的逸闻趣事？
https://view.inews.qq.com/a/20240803Q0548R00

2024-08-04 04:00:48,586 - INFO - EXPIRED
“中国人不骗中国人”，他们冒充女性诈骗外国人，湖南衡阳11人被刑拘
https://new.qq.com/rain/a/20240803A06KNQ00

2024-08-04 04:00:48,587 - INFO - EXPIRED
打破地方招商引资“内圈”，清理税收洼地，多部委布局全国统一大市场
https://new.qq.com/rain/a/20240803A03TNF00

2024-08-04 04:00:48,587 - INFO - EXPIRED
山东青岛101岁老人走失后在高速下桥洞被发现不幸身亡，警方介入调查
https://new.qq.com/rain/a/20240803A0595X00

2024-08-04 04:00:48,587 - INFO - EXPIRED
侵犯前妻隐私权并未履行判决的致歉义务，张纪中被强制执行2.5万余元
https://new.qq.com/rain/a/20240803A0640400

2024-08-04 04:00:48,587 - INFO - EXPIRED
欧美股市收跌，离岸人民币暴涨，市场风向已经变了吗？我们该做什么准备？
https://view.inews.qq.com/a/20240803Q022BW00

2024-08-04 04:00:48,587 - INFO - EXPIRED
亲历者还原四川雅康高速隧道垮塌瞬间：起了很大灰尘 有四五辆车过去
https://new.qq.com/rain/a/20240803A04DUD00

2024-08-04 04:00:48,587 - INFO - EXPIRED
小天才的秘密，大人不知道
https://new.qq.com/rain/a/20240803A0328300

2024-08-04 04:00:48,587 - INFO - EXPIRED
富士康10亿加码中国大陆，印度为何逐渐“失宠”
https://new.qq.com/rain/a/20240803A04Y2V00

2024-08-04 04:00:48,587 - INFO - EXPIRED
​烂尾楼集中退款，全国首例来了
https://new.qq.com/rain/a/20240803A0391400

2024-08-04 04:00:48,587 - INFO - EXPIRED
福建一烈士墓被货车撞毁后无人修复？官方：一直在与家属沟通安葬事宜
https://new.qq.com/rain/a/20240802A061SM00

2024-08-04 04:00:48,587 - INFO - EXPIRED
四川广汉一村委会突发刑案妇女主任受伤在抢救？当地：能公开时会公开
https://new.qq.com/rain/a/20240802A0ALFL00

2024-08-04 04:00:48,587 - INFO - EXPIRED
40℃以上区域连成片！浙江高温愈演愈烈，真正缓解还要等8天
https://new.qq.com/rain/a/20240803A00VAP00

2024-08-04 04:00:48,587 - INFO - EXPIRED
陈梦和孙颖莎将再次会师奥运决赛，这次碰面谁的赢面大?
https://view.inews.qq.com/a/20240803Q00ETA00

2024-08-04 04:00:48,587 - INFO - EXPIRED
“网络身份证”来了，淘宝、12306、小红书等已上线试点版功能
https://new.qq.com/rain/a/20240802A083IF00

2024-08-04 04:00:48,587 - INFO - EXPIRED
安徽淮南市副市长孙良鸿“落马”，被查前10天内出席了7场活动
https://new.qq.com/rain/a/20240803A02NIW00

2024-08-04 04:00:48,587 - INFO - EXPIRED
刘尚进卸任河南省副省长
https://new.qq.com/rain/a/20240803A057QS00

2024-08-04 04:00:48,587 - INFO - EXPIRED
京牌指标租售调查：“买断”20年费用11万
https://new.qq.com/rain/a/20240803A04X4G00

2024-08-04 04:00:48,587 - INFO - EXPIRED
在医院看病被告知去院外“指定”药店买药？记者暗访：医生会告知位置
https://new.qq.com/rain/a/20240803A03O0R00

2024-08-04 04:00:48,587 - INFO - EXPIRED
奥运乒乓球男单半决赛樊振东4-0大胜法国选手小勒布伦，金牌稳了吗？
https://view.inews.qq.com/a/20240803Q01VQ300

2024-08-04 04:00:48,587 - INFO - EXPIRED
哈尼亚被杀，以部长称“不会再有虚幻的和平协议” ，巴以和谈彻底没戏了？
https://view.inews.qq.com/a/20240803Q038KN00

2024-08-04 04:00:48,587 - INFO - EXPIRED
山东阳谷一肉牛养殖场现炭疽病例5人确诊，养牛户：已禁止买牛卖牛
https://new.qq.com/rain/a/20240803A025JS00

2024-08-04 04:00:48,587 - INFO - EXPIRED
甘肃甘南3车碰撞致1死2伤现场：一小车夹在两辆货车中间 严重变形
https://new.qq.com/rain/a/20240803V0452J00

2024-08-04 04:00:48,587 - INFO - EXPIRED
四川康定遭遇山洪泥石流：有村庄2人遇难12人失联，部分房屋被冲毁
https://new.qq.com/rain/a/20240803A03U5X00

2024-08-04 04:00:48,587 - INFO - EXPIRED
踩拍后又针对国乒？樊振东赛场示意关闪光灯，马龙主副拍交替训练
https://new.qq.com/rain/a/20240803A023C900

2024-08-04 04:00:48,587 - INFO - EXPIRED
王欣瑜张之臻混双抢十憾负摘银，抢十是什么赛制？为何不用第三盘决胜负？
https://view.inews.qq.com/a/20240803Q02WF500

2024-08-04 04:00:48,587 - INFO - EXPIRED
印度喀拉拉邦山体滑坡已致341人死亡
https://new.qq.com/rain/a/20240803A03ZRD00

2024-08-04 04:00:48,587 - INFO - EXPIRED
苏林当选新任越共中央总书记
https://new.qq.com/rain/a/20240803A030PM00

2024-08-04 04:00:48,587 - INFO - EXPIRED
法国阿根廷赛后爆发冲突，成年队恩怨延续到奥运会，这两国关系还能好吗？
https://view.inews.qq.com/a/20240803Q01H8100

2024-08-04 04:00:48,587 - INFO - EXPIRED
“断供保房”成产业链？有律师称保住房还倒赚89万，有人“被骗40万”
https://new.qq.com/rain/a/20240803A00PHI00

2024-08-04 04:00:48,587 - INFO - EXPIRED
国企设计院中标731万项目以220万外包？官方：招标价为辅助设计工作
https://new.qq.com/rain/a/20240803A015OD00

2024-08-04 04:00:48,587 - INFO - EXPIRED
云南镇雄一男子当街遛蛇，还把系着蛇的绳子解开，被行拘5日
https://new.qq.com/rain/a/20240802A09N7100

2024-08-04 04:00:48,587 - INFO - EXPIRED
英伟达新AI芯片推迟至少3个月发布 微软、谷歌、Meta等巨头将受影响
https://new.qq.com/rain/a/20240803A02YHO00

2024-08-04 04:00:48,587 - INFO - EXPIRED
高中女生称10岁寄宿幼儿园时遭园长丈夫性侵，庭审时被告拒不认罪
https://new.qq.com/rain/a/20240802A0822700

2024-08-04 04:00:48,587 - INFO - EXPIRED
美特勤局代理局长：特勤局对特朗普集会枪击事件负全责
https://new.qq.com/rain/a/20240803A00H8Z00

2024-08-04 04:00:48,587 - INFO - EXPIRED
内蒙古多地开展清除蒿草行动：一地宣布每公斤蒿草可兑1元奖励
https://new.qq.com/rain/a/20240803A00Y4W00

2024-08-04 04:00:48,587 - INFO - EXPIRED
高中生称十岁时遭性侵被告拒不认罪，时隔多年进行指控要提供哪些证据？
https://view.inews.qq.com/a/20240803Q01ED000

2024-08-04 04:00:48,587 - INFO - EXPIRED
“法国外交部把整个伊朗标记为红色”
https://new.qq.com/rain/a/20240802A0AIH900

2024-08-04 04:00:48,587 - INFO - EXPIRED
美防长下令调整军事态势 向中东地区增加军事部署
https://new.qq.com/rain/a/20240803A00U1200

2024-08-04 04:00:48,587 - INFO - EXPIRED
俄与西方进行冷战后最大规模换囚，换囚一般换的都是什么人？如何谈判博弈？
https://view.inews.qq.com/a/20240802Q094CF00

2024-08-04 04:00:48,587 - INFO - EXPIRED
英伟达17个交易日跌去20%，但斌抄底：无论A股美股，从来都不是躺赢
https://new.qq.com/rain/a/20240803A029P700

2024-08-04 04:00:48,587 - INFO - EXPIRED
美国总统之子亨特·拜登的非法持枪案将于11月13日宣判
https://new.qq.com/rain/a/20240803A028PL00

2024-08-04 04:00:48,587 - INFO - EXPIRED
“雅思”组合夺冠，张军教练火了，网友：像个“不懂球的胖子”
https://new.qq.com/rain/a/20240802A0AKPF00

2024-08-04 04:00:48,587 - INFO - EXPIRED
因为一张与运动员的合影，巴黎奥运会一冲浪项目裁判被除名
https://new.qq.com/rain/a/20240802A083KG00

2024-08-04 04:00:48,587 - INFO - EXPIRED
缅甸孟密镇的武器装备被地方武装缴获攻占，作战指挥部也被占领控制
https://new.qq.com/rain/a/20240802A0867R00

2024-08-04 04:00:48,587 - INFO - EXPIRED
英特尔股价创下50年来最大跌幅 CEO格尔辛格复兴梦碎？
https://new.qq.com/rain/a/20240803A023YY00

2024-08-04 04:00:49,212 - INFO - INVALID
奥运击剑冠军江旻憓：我决定休息一下，告别全职击剑运动员生涯
https://new.qq.com/rain/a/20240804A01X2A00

2024-08-04 04:00:49,218 - INFO - INVALID
乌称袭击俄S-400系统、击沉黑海舰队潜艇，俄方暂未回应
https://new.qq.com/rain/a/20240804A01Z7A00

2024-08-04 04:00:49,233 - INFO - INVALID
河北邯郸两医生过度用呼吸机致患者感染后死亡，被吊销执业证
https://new.qq.com/rain/a/20240804A01P7600

2024-08-04 04:00:49,260 - INFO - INVALID
四大满贯齐贺，郑钦文夺冠含金量十足，商业价值提升或闭幕式扛旗
https://new.qq.com/rain/a/20240804A00DGY00

2024-08-04 04:00:49,496 - INFO - INVALID
陪睡才捐款？网传儿慈会河南负责人“要挟”患儿母亲，官方：正在核实
https://new.qq.com/rain/a/20240804A01V5200

2024-08-04 04:00:49,511 - INFO - INVALID
外媒关注：特朗普同意9月4日在福克斯新闻与哈里斯辩论，哈里斯拒绝
https://new.qq.com/rain/a/20240804A0227Q00

2024-08-04 04:00:49,522 - INFO - INVALID
胖东来最新声明：除许昌、新乡外，目前暂无其他区域发展规划
https://new.qq.com/rain/a/20240804A02KAZ00

2024-08-04 04:00:49,563 - ERROR - ERROR
伊利提前祝贺“孙颖莎夺金、郑钦文摘银”，真是失误吗？哪个环节出错了？
https://view.inews.qq.com/a/20240804Q02CPC00
('list index out of range',)
======
Traceback (most recent call last):
  File "/home/runner/work/qqnews/qqnews/qq.py", line 81, in process_article
    ss = str(tmpbs.select("div.LEFT div.content.clearfix")[0])
             ~~~~~~~~~~~~~~~~~~~~~~~~~~~~~~~~~~~~~~~~~~~~~^^^
IndexError: list index out of range


2024-08-04 04:00:49,802 - INFO - EXIST
专家：房价收入比显著回落 居民购房压力大幅缓解 房地产投资价值渐显
https://new.qq.com/rain/a/20240804A00ZHV00

2024-08-04 04:00:49,821 - INFO - INVALID
但斌回应巴菲特减持近半苹果股份：有点吃惊 我们没有跟随减持的想法
https://new.qq.com/rain/a/20240804A0285800

2024-08-04 04:00:49,843 - INFO - INVALID
四川康定发生特大型山洪泥石流灾害，专家：持续降雨叠加冰雪融化引发
https://new.qq.com/rain/a/20240804A027LO00

2024-08-04 04:00:49,939 - ERROR - ERROR
陈梦战胜孙颖莎夺奥运女单金牌，现场粉丝的行为会不会影响选手的发挥？
https://view.inews.qq.com/a/20240804Q01UG500
('list index out of range',)
======
Traceback (most recent call last):
  File "/home/runner/work/qqnews/qqnews/qq.py", line 81, in process_article
    ss = str(tmpbs.select("div.LEFT div.content.clearfix")[0])
             ~~~~~~~~~~~~~~~~~~~~~~~~~~~~~~~~~~~~~~~~~~~~~^^^
IndexError: list index out of range


2024-08-04 04:00:50,108 - ERROR - ERROR
覃海洋接力游出该棒第一，单项决赛仅第七，为何短短几天起伏这么大？
https://view.inews.qq.com/a/20240804Q01NUO00
('list index out of range',)
======
Traceback (most recent call last):
  File "/home/runner/work/qqnews/qqnews/qq.py", line 81, in process_article
    ss = str(tmpbs.select("div.LEFT div.content.clearfix")[0])
             ~~~~~~~~~~~~~~~~~~~~~~~~~~~~~~~~~~~~~~~~~~~~~^^^
IndexError: list index out of range


2024-08-04 04:00:50,128 - INFO - INVALID
霸气夺金！郑钦文改写历史创造五大纪录，对手被打崩气到摔球拍
https://new.qq.com/rain/a/20240804A007HU00

2024-08-04 04:00:50,136 - INFO - INVALID
浙江网红咖啡店推出“女性穿比基尼免门票”活动？当地回应
https://new.qq.com/rain/a/20240804A012T700

2024-08-04 04:00:50,143 - INFO - INVALID
浙江杭州11岁女孩玩密室逃脱被绊倒，眼皮缝8针
https://new.qq.com/rain/a/20240804A01GNJ00

2024-08-04 04:00:50,308 - INFO - INVALID
马斯克：已为第二位人类患者成功植入脑机芯片
https://new.qq.com/rain/a/20240804A01Y7X00

2024-08-04 04:00:50,407 - INFO - INVALID
四川康定发生山洪泥石流灾害 致4人遇难23人失联
https://new.qq.com/rain/a/20240804A00EEL00

2024-08-04 04:00:50,439 - INFO - INVALID
换5万美元立省6000元！人民币汇率千点大反弹，离岸升破7.15关口
https://new.qq.com/rain/a/20240804A0047G00

2024-08-04 04:00:50,489 - INFO - INVALID
英特尔二季度业绩带“崩”股价：代工狂花钱，AI难赚钱
https://new.qq.com/rain/a/20240804A00FJI00

2024-08-04 04:00:50,662 - INFO - INVALID
地区局势高度紧张 多国敦促本国公民尽快撤离黎巴嫩
https://new.qq.com/rain/a/20240804A00SA300

2024-08-04 04:00:50,790 - INFO - INVALID
郑钦文夺金后发声：奥运会一直比大满贯重要，国家荣誉永远超过个人
https://new.qq.com/rain/a/20240804A00E1Q00

2024-08-04 04:00:50,816 - INFO - INVALID
郑钦文：我是Queen Wen，实至名归
https://new.qq.com/rain/a/20240804A00IEF00

2024-08-04 04:00:50,827 - INFO - INVALID
内蒙古鄂尔多斯市一煤矿发生人员窒息事故，致4人死亡
https://new.qq.com/rain/a/20240804A00UYA00

2024-08-04 04:00:50,993 - ERROR - ERROR
郑钦文夺金，王欣瑜_张之臻摘银，中国网球为何能在巴黎奥运大爆发？
https://view.inews.qq.com/a/20240804Q00B4200
('list index out of range',)
======
Traceback (most recent call last):
  File "/home/runner/work/qqnews/qqnews/qq.py", line 81, in process_article
    ss = str(tmpbs.select("div.LEFT div.content.clearfix")[0])
             ~~~~~~~~~~~~~~~~~~~~~~~~~~~~~~~~~~~~~~~~~~~~~^^^
IndexError: list index out of range


2024-08-04 04:00:51,099 - INFO - INVALID
多枚火箭弹从黎巴嫩射向以色列北部地区
https://new.qq.com/rain/a/20240804A00L0W00

2024-08-04 04:00:51,137 - INFO - INVALID
索马里首都一酒店遭袭 已致37死247伤
https://new.qq.com/rain/a/20240804A00GJW00

2024-08-04 04:00:51,205 - INFO - INVALID
哈马斯称将重新选择其领导人
https://new.qq.com/rain/a/20240804A00GOR00

2024-08-04 04:00:51,258 - ERROR - ERROR
郑钦文奥运夺金创历史，这枚金牌意义有多大？能为她带来什么？
https://view.inews.qq.com/a/20240804Q00AI500
('list index out of range',)
======
Traceback (most recent call last):
  File "/home/runner/work/qqnews/qqnews/qq.py", line 81, in process_article
    ss = str(tmpbs.select("div.LEFT div.content.clearfix")[0])
             ~~~~~~~~~~~~~~~~~~~~~~~~~~~~~~~~~~~~~~~~~~~~~^^^
IndexError: list index out of range


2024-08-04 04:00:51,298 - INFO - INVALID
苏丹北达尔富尔州首府遭袭致23死60伤
https://new.qq.com/rain/a/20240804A00O6Q00

2024-08-04 04:00:51,438 - INFO - INVALID
泪目！郑钦文夺金后身披国旗受访，致敬刘翔：我们都在21岁创造历史
https://new.qq.com/rain/a/20240804A00CPS00

