2026-06-02 00:02:13,849 - INFO - Total time taken: {'ret': 0, 'msg': 'success', 'data': None}
2026-06-02 00:02:13,849 - INFO - 'NoneType' object is not subscriptable
2026-06-02 00:02:13,849 - INFO - Traceback (most recent call last):
  File "/home/runner/work/qqnews/qqnews/qq.py", line 128, in main
    for i in qq1["data"]["list"]:
             ~~~~~~~~~~~^^^^^^^^
TypeError: 'NoneType' object is not subscriptable

2026-06-02 05:18:17,524 - INFO - Total time taken: {'ret': 0, 'msg': 'success', 'data': None}
2026-06-02 05:18:17,524 - INFO - 'NoneType' object is not subscriptable
2026-06-02 05:18:17,524 - INFO - Traceback (most recent call last):
  File "/home/runner/work/qqnews/qqnews/qq.py", line 128, in main
    for i in qq1["data"]["list"]:
             ~~~~~~~~~~~^^^^^^^^
TypeError: 'NoneType' object is not subscriptable

2026-06-02 09:54:16,527 - INFO - Total time taken: {'ret': 0, 'msg': 'success', 'data': None}
2026-06-02 09:54:16,527 - INFO - 'NoneType' object is not subscriptable
2026-06-02 09:54:16,528 - INFO - Traceback (most recent call last):
  File "/home/runner/work/qqnews/qqnews/qq.py", line 128, in main
    for i in qq1["data"]["list"]:
             ~~~~~~~~~~~^^^^^^^^
TypeError: 'NoneType' object is not subscriptable

