2025-10-18 00:36:17,969 - INFO - Total time taken: {'ret': 0, 'msg': 'success', 'data': None}
2025-10-18 00:36:17,969 - INFO - 'NoneType' object is not subscriptable
2025-10-18 00:36:17,969 - INFO - Traceback (most recent call last):
  File "/home/runner/work/qqnews/qqnews/qq.py", line 128, in main
    for i in qq1["data"]["list"]:
             ~~~~~~~~~~~^^^^^^^^
TypeError: 'NoneType' object is not subscriptable

2025-10-18 02:11:35,192 - INFO - Total time taken: {'ret': 0, 'msg': 'success', 'data': None}
2025-10-18 02:11:35,193 - INFO - 'NoneType' object is not subscriptable
2025-10-18 02:11:35,193 - INFO - Traceback (most recent call last):
  File "/home/runner/work/qqnews/qqnews/qq.py", line 128, in main
    for i in qq1["data"]["list"]:
             ~~~~~~~~~~~^^^^^^^^
TypeError: 'NoneType' object is not subscriptable

2025-10-18 03:20:22,297 - INFO - Total time taken: {'ret': 0, 'msg': 'success', 'data': None}
2025-10-18 03:20:22,297 - INFO - 'NoneType' object is not subscriptable
2025-10-18 03:20:22,298 - INFO - Traceback (most recent call last):
  File "/home/runner/work/qqnews/qqnews/qq.py", line 128, in main
    for i in qq1["data"]["list"]:
             ~~~~~~~~~~~^^^^^^^^
TypeError: 'NoneType' object is not subscriptable

2025-10-18 04:01:32,395 - INFO - Total time taken: {'ret': 0, 'msg': 'success', 'data': None}
2025-10-18 04:01:32,395 - INFO - 'NoneType' object is not subscriptable
2025-10-18 04:01:32,396 - INFO - Traceback (most recent call last):
  File "/home/runner/work/qqnews/qqnews/qq.py", line 128, in main
    for i in qq1["data"]["list"]:
             ~~~~~~~~~~~^^^^^^^^
TypeError: 'NoneType' object is not subscriptable

2025-10-18 05:01:22,074 - INFO - Total time taken: {'ret': 0, 'msg': 'success', 'data': None}
2025-10-18 05:01:22,074 - INFO - 'NoneType' object is not subscriptable
2025-10-18 05:01:22,075 - INFO - Traceback (most recent call last):
  File "/home/runner/work/qqnews/qqnews/qq.py", line 128, in main
    for i in qq1["data"]["list"]:
             ~~~~~~~~~~~^^^^^^^^
TypeError: 'NoneType' object is not subscriptable

2025-10-18 06:01:38,445 - INFO - Total time taken: {'ret': 0, 'msg': 'success', 'data': None}
2025-10-18 06:01:38,446 - INFO - 'NoneType' object is not subscriptable
2025-10-18 06:01:38,446 - INFO - Traceback (most recent call last):
  File "/home/runner/work/qqnews/qqnews/qq.py", line 128, in main
    for i in qq1["data"]["list"]:
             ~~~~~~~~~~~^^^^^^^^
TypeError: 'NoneType' object is not subscriptable

2025-10-18 07:01:25,422 - INFO - Total time taken: {'ret': 0, 'msg': 'success', 'data': None}
2025-10-18 07:01:25,422 - INFO - 'NoneType' object is not subscriptable
2025-10-18 07:01:25,422 - INFO - Traceback (most recent call last):
  File "/home/runner/work/qqnews/qqnews/qq.py", line 128, in main
    for i in qq1["data"]["list"]:
             ~~~~~~~~~~~^^^^^^^^
TypeError: 'NoneType' object is not subscriptable

2025-10-18 08:10:14,219 - INFO - Total time taken: {'ret': 0, 'msg': 'success', 'data': None}
2025-10-18 08:10:14,220 - INFO - 'NoneType' object is not subscriptable
2025-10-18 08:10:14,220 - INFO - Traceback (most recent call last):
  File "/home/runner/work/qqnews/qqnews/qq.py", line 128, in main
    for i in qq1["data"]["list"]:
             ~~~~~~~~~~~^^^^^^^^
TypeError: 'NoneType' object is not subscriptable

2025-10-18 09:01:09,798 - INFO - Total time taken: {'ret': 0, 'msg': 'success', 'data': None}
2025-10-18 09:01:09,799 - INFO - 'NoneType' object is not subscriptable
2025-10-18 09:01:09,799 - INFO - Traceback (most recent call last):
  File "/home/runner/work/qqnews/qqnews/qq.py", line 128, in main
    for i in qq1["data"]["list"]:
             ~~~~~~~~~~~^^^^^^^^
TypeError: 'NoneType' object is not subscriptable

2025-10-18 10:01:21,513 - INFO - Total time taken: {'ret': 0, 'msg': 'success', 'data': None}
2025-10-18 10:01:21,513 - INFO - 'NoneType' object is not subscriptable
2025-10-18 10:01:21,513 - INFO - Traceback (most recent call last):
  File "/home/runner/work/qqnews/qqnews/qq.py", line 128, in main
    for i in qq1["data"]["list"]:
             ~~~~~~~~~~~^^^^^^^^
TypeError: 'NoneType' object is not subscriptable

