2024-07-15 20:01:06,648 - INFO - EXPIRED
百亿上市药企花5700万“买酒水”，卖家实控人为买家董事长岳母
https://new.qq.com/rain/a/20240713A03UAE00

2024-07-15 20:01:06,648 - INFO - EXPIRED
越降价越贵？今年上半年买车，零售均价比2019年贵3.7万元
https://new.qq.com/rain/a/20240714A06Z7900

2024-07-15 20:01:06,648 - INFO - EXPIRED
养不出母鱼就不能毕业的985硕士：我是要成为“海王”的男人
https://new.qq.com/rain/a/20240714V06B1Q00

2024-07-15 20:01:06,648 - INFO - EXPIRED
广州首套房贷利率探底，有银行最低3%，分析称LPR利率或在三季度下调
https://new.qq.com/rain/a/20240714A01BZD00

2024-07-15 20:01:06,648 - INFO - EXPIRED
“热得只差一把孜然了！”长沙高温将“超长待机”40天
https://new.qq.com/rain/a/20240714A05O6D00

2024-07-15 20:01:06,648 - INFO - EXPIRED
特朗普遇刺舞台背后视角曝光：特工枪响前还在清场 枪响后抱头蹲下
https://new.qq.com/rain/a/20240714V062BC00

2024-07-15 20:01:06,648 - INFO - EXPIRED
连说4次“让我先找到鞋”，特朗普撤离时与安保贴身对话公开
https://new.qq.com/rain/a/20240714V064OL00

2024-07-15 20:01:06,648 - INFO - EXPIRED
监控曝光！贵州一大巴车遭货车撞击坠落数米高堡坎：货车司机死亡
https://new.qq.com/rain/a/20240714V05KFV00

2024-07-15 20:01:06,648 - INFO - EXPIRED
四川宜宾学院录取通知书上将“录”字打成“寻”，校方回应
https://new.qq.com/rain/a/20240714A03PN700

2024-07-15 20:01:06,648 - INFO - EXPIRED
特朗普遇刺现场一观众引关注：枪响后起身半蹲，东张西望疑找枪声来源
https://new.qq.com/rain/a/20240714V06FG700

2024-07-15 20:01:06,648 - INFO - EXPIRED
枪手如何远程射击？为何能连开8枪？美专家怒批：最基本的安保失误
https://new.qq.com/rain/a/20240714A05Q0900

2024-07-15 20:01:06,648 - INFO - EXPIRED
河北唐山反腐继续，又有4名干部被查
https://new.qq.com/rain/a/20240714A06MPG00

2024-07-15 20:01:07,375 - INFO - INVALID
因发放贷款存在多项违法问题，东亚银行西安分行被禁止从事银行业工作10年
https://new.qq.com/rain/a/20240715A09EGI00

2024-07-15 20:01:07,385 - INFO - INVALID
余承东揭秘“25亿元转让问界”：国家法规要求 问界品牌至少值上百亿
https://new.qq.com/rain/a/20240715A09ASS00

2024-07-15 20:01:07,433 - INFO - INVALID
肯尼亚垃圾场现多具女尸，民众对警方信任度持续降低
https://new.qq.com/rain/a/20240715A07Y2N00

2024-07-15 20:01:07,452 - INFO - INVALID
厦门、漳州、泉州！这个沿海“金三角”，出手了
https://new.qq.com/rain/a/20240715A09IAU00

2024-07-15 20:01:07,595 - INFO - INVALID
钱去哪了？上市公司3年花5700万“买酒水”，一年销售费用狂砸60多亿
https://new.qq.com/rain/a/20240715A0726500

2024-07-15 20:01:07,753 - INFO - INVALID
金与正严厉警告！朝鲜罕见公开焚毁韩国传单照片
https://new.qq.com/rain/a/20240715A08XRD00

2024-07-15 20:01:07,790 - INFO - INVALID
18岁参加工作的杜佳被查！上月曾公开露面
https://new.qq.com/rain/a/20240715A08EB300

2024-07-15 20:01:07,827 - INFO - INVALID
美法官驳回特朗普“机密文件”案
https://new.qq.com/rain/a/20240715A09QQ000

2024-07-15 20:01:08,070 - INFO - INVALID
河南醉驾处罚新规公布，这10种情形一般不适用缓刑
https://new.qq.com/rain/a/20240715A05JFF00

2024-07-15 20:01:08,187 - INFO - INVALID
混动新能源汽车是否纳入限行？成都官方回复：将适时启动可行性研究
https://new.qq.com/rain/a/20240715A08FBD00

2024-07-15 20:01:08,317 - INFO - INVALID
上任后内外施政，英国新首相斯斯塔默能否扭转英国颓势
https://new.qq.com/rain/a/20240715A087WH00

2024-07-15 20:01:08,522 - INFO - INVALID
女子带俩娃驾车突遇山洪被困悬崖边，正无望时新疆呼图壁县紧急营救
https://new.qq.com/rain/a/20240715A09JQP00

2024-07-15 20:01:08,576 - INFO - INVALID
一名25岁男性驴友穿越“鳌太线”失联，搜救仍在进行
https://new.qq.com/rain/a/20240715A09PQL00

2024-07-15 20:01:08,595 - INFO - INVALID
海南省五指山：高校学生凭学生证可买1套商品住房
https://new.qq.com/rain/a/20240715A0983Y00

2024-07-15 20:01:08,622 - INFO - INVALID
婚约取消，50万彩礼能退吗？上海法院判决女方返还41万和“五金”首饰
https://new.qq.com/rain/a/20240715A09DDI00

2024-07-15 20:01:08,870 - INFO - INVALID
上海一80岁老人将38万养老钱托付给小女儿，不料对方称是赠与全部取走
https://new.qq.com/rain/a/20240715A08VGT00

2024-07-15 20:01:08,916 - INFO - INVALID
泽连斯基：乌克兰至少需要25套“爱国者”防空系统
https://new.qq.com/rain/a/20240715A09KQN00

2024-07-15 20:01:08,920 - INFO - INVALID
中方辟谣在塔吉克斯坦建军事基地：没根据，也不在谈判议程中
https://new.qq.com/rain/a/20240715A09MLY00

2024-07-15 20:01:08,969 - INFO - INVALID
广西一供货商行贿独揽学校食堂12年合同，纪委：经整改猪肉类降价12%
https://new.qq.com/rain/a/20240715A0706G00

2024-07-15 20:01:09,030 - ERROR - ERROR
女子吹未清洗的空调致多器官衰竭，为什么这么严重？空调应该怎么清理？
https://view.inews.qq.com/a/20240715Q07LEN00
('list index out of range',)
======
Traceback (most recent call last):
  File "/home/runner/work/qqnews/qqnews/qq.py", line 81, in process_article
    ss = str(tmpbs.select("div.LEFT div.content.clearfix")[0])
             ~~~~~~~~~~~~~~~~~~~~~~~~~~~~~~~~~~~~~~~~~~~~~^^^
IndexError: list index out of range


2024-07-15 20:01:09,301 - INFO - INVALID
“这么小不许带？”玩具铲被判定为铁锹禁止带上列车，沈阳铁路局回应
https://new.qq.com/rain/a/20240715A05XF600

2024-07-15 20:01:09,352 - INFO - INVALID
邀请黑利参加共和党大会，特朗普：已重写演讲稿，将呼吁美国团结
https://new.qq.com/rain/a/20240715A0941C00

2024-07-15 20:01:09,358 - INFO - EXIST
西非马里一沙金场遭劫两华人身亡 知情人：劫匪扫射 两人躲货柜被击中
https://new.qq.com/rain/a/20240715A08NZJ00

2024-07-15 20:01:09,362 - INFO - INVALID
美股开盘：三大指数集体高开，特朗普媒体科技集团大涨近50%
https://new.qq.com/rain/a/20240715A099EQ00

2024-07-15 20:01:09,581 - INFO - INVALID
网友吐槽银行卡被“降额”引发共鸣，媒体：反诈也要防“误伤”
https://new.qq.com/rain/a/20240715A006SN00

2024-07-15 20:01:09,672 - INFO - INVALID
有公司亏上百万，部分航线价格下跌达60%，多艘邮轮出现尾单甩卖情况
https://new.qq.com/rain/a/20240715A08QI400

2024-07-15 20:01:09,817 - INFO - INVALID
“技术水平无法相提并论”，美国对封禁大疆犹豫了
https://new.qq.com/rain/a/20240715A077T700

2024-07-15 20:01:10,004 - INFO - INVALID
母亲花40元参加4天3晚特价团，儿子报警仍劝说无果，桂林多部门发声
https://new.qq.com/rain/a/20240715A06N7V00

2024-07-15 20:01:10,010 - INFO - EXIST
直击AMD TechDay：要挑战英伟达，也要做AI PC的王
https://new.qq.com/rain/a/20240715A06BIK00

2024-07-15 20:01:10,039 - ERROR - ERROR
美国大选、奥运密集到来，义乌商家迎来泼天富贵？义乌指数能预测结果吗？
https://view.inews.qq.com/a/20240715Q0553N00
('list index out of range',)
======
Traceback (most recent call last):
  File "/home/runner/work/qqnews/qqnews/qq.py", line 81, in process_article
    ss = str(tmpbs.select("div.LEFT div.content.clearfix")[0])
             ~~~~~~~~~~~~~~~~~~~~~~~~~~~~~~~~~~~~~~~~~~~~~^^^
IndexError: list index out of range


2024-07-15 20:01:10,154 - INFO - INVALID
员工离职后被贴公示？霸王茶姬致歉：对涉事门店负责人停职调查
https://new.qq.com/rain/a/20240715A08IR700

2024-07-15 20:01:10,322 - INFO - INVALID
被记者问是否会对普京加强保护措施，克宫回应：已采取一切必要措施
https://new.qq.com/rain/a/20240715A08DHP00

2024-07-15 20:01:10,334 - INFO - INVALID
土耳其驻华大使：寻求成为金砖国家与“加入欧盟”愿景不矛盾
https://new.qq.com/rain/a/20240715A07N9D00

2024-07-15 20:01:10,385 - ERROR - ERROR
穆勒宣布从德国队退役，世界杯曾打进10球，如何评价他的国家队生涯？
https://view.inews.qq.com/a/20240715Q07KW200
('list index out of range',)
======
Traceback (most recent call last):
  File "/home/runner/work/qqnews/qqnews/qq.py", line 81, in process_article
    ss = str(tmpbs.select("div.LEFT div.content.clearfix")[0])
             ~~~~~~~~~~~~~~~~~~~~~~~~~~~~~~~~~~~~~~~~~~~~~^^^
IndexError: list index out of range


2024-07-15 20:01:10,389 - INFO - INVALID
医生诊断“很难活过40岁”，世界最胖男子减肥200公斤，如今64岁了
https://new.qq.com/rain/a/20240715A06Z7K00

2024-07-15 20:01:10,611 - INFO - INVALID
飞机攀升至万米高空时，一外籍男子躲飞机厕所吸电子烟，警方通报
https://new.qq.com/rain/a/20240715A04XOL00

2024-07-15 20:01:10,695 - ERROR - ERROR
特朗普遭暗杀未遂后首次接受采访，回应为何能死里逃生还举手挥拳
https://new.qq.com/rain/a/20240715V05TGV00
('list index out of range',)
======
Traceback (most recent call last):
  File "/home/runner/work/qqnews/qqnews/qq.py", line 81, in process_article
    ss = str(tmpbs.select("div.LEFT div.content.clearfix")[0])
             ~~~~~~~~~~~~~~~~~~~~~~~~~~~~~~~~~~~~~~~~~~~~~^^^
IndexError: list index out of range


2024-07-15 20:01:10,780 - ERROR - ERROR
女子装扮动漫角色乘地铁被告知卸妆，深圳地铁：夸张角色扮演会引不适
https://new.qq.com/rain/a/20240715V06YLS00
('list index out of range',)
======
Traceback (most recent call last):
  File "/home/runner/work/qqnews/qqnews/qq.py", line 81, in process_article
    ss = str(tmpbs.select("div.LEFT div.content.clearfix")[0])
             ~~~~~~~~~~~~~~~~~~~~~~~~~~~~~~~~~~~~~~~~~~~~~^^^
IndexError: list index out of range


2024-07-15 20:01:10,991 - INFO - INVALID
A股缩量震荡，神秘资金或再度护盘，工农中建四大行均创历史高位
https://new.qq.com/rain/a/20240715A05L0A00

2024-07-15 20:01:11,031 - ERROR - ERROR
网友曝工资卡转账限额被降到500元，如果为防诈骗，收款端设限会更有用吗？
https://view.inews.qq.com/a/20240715Q0668W00
('list index out of range',)
======
Traceback (most recent call last):
  File "/home/runner/work/qqnews/qqnews/qq.py", line 81, in process_article
    ss = str(tmpbs.select("div.LEFT div.content.clearfix")[0])
             ~~~~~~~~~~~~~~~~~~~~~~~~~~~~~~~~~~~~~~~~~~~~~^^^
IndexError: list index out of range


2024-07-15 20:01:11,090 - INFO - INVALID
多地发出节约用电倡议书：试行路灯间隔开启、暂停城市灯光秀
https://new.qq.com/rain/a/20240715A02P4F00

2024-07-15 20:01:11,150 - INFO - INVALID
“冒牌教授”魏新河行骗记
https://new.qq.com/rain/a/20240715A05HH600

2024-07-15 20:01:11,185 - INFO - INVALID
13岁尿毒症晚期男孩深夜捡废品 男孩姑姑：住院治病等由政府包办处理
https://new.qq.com/rain/a/20240715A04MIQ00

2024-07-15 20:01:11,399 - INFO - INVALID
商务部新闻发言人就诉美《通胀削减法》世贸争端案答记者问
https://new.qq.com/rain/a/20240715A06K9O00

2024-07-15 20:01:11,434 - INFO - INVALID
“夫妻分工明确”，威廉和凯特同一天在不同赛事为西班牙人颁奖
https://new.qq.com/rain/a/20240715A048SU00

2024-07-15 20:01:11,470 - INFO - INVALID
广西桂平26所学校6400多台空调为何装而不用？纪委监委通报
https://new.qq.com/rain/a/20240715A04OKF00

2024-07-15 20:01:11,685 - INFO - INVALID
外交部：不要妄想在台湾问题上越界踩线而不用付出代价
https://new.qq.com/rain/a/20240715A05DV800

2024-07-15 20:01:11,694 - INFO - INVALID
2000元_斤，它意外值钱但长相恶心被称“童年阴影”，有人当副业大赚
https://new.qq.com/rain/a/20240715A04MIG00

2024-07-15 20:01:11,778 - INFO - INVALID
欧洲杯西班牙夺冠，这些中国人赢麻了
https://new.qq.com/rain/a/20240715A048OB00

2024-07-15 20:01:11,813 - INFO - INVALID
北京市教育委员会：同意1669名专科入伍学生退役免试升入本科学习
https://new.qq.com/rain/a/20240715A04S2H00

2024-07-15 20:01:12,001 - INFO - INVALID
严控跨省办学，这些新大学，被叫停了
https://new.qq.com/rain/a/20240715A03INU00

2024-07-15 20:01:12,096 - INFO - INVALID
A股收评：沪指窄幅震荡微涨 两市成交额仅6000亿
https://new.qq.com/rain/a/20240715A053DZ00

2024-07-15 20:01:12,133 - INFO - INVALID
日本警察厅加强政治人物演讲安保措施：会场设在室内 使用防弹材料警戒
https://new.qq.com/rain/a/20240715A05J3V00

2024-07-15 20:01:12,140 - INFO - INVALID
“浙医互认”为患者省了12亿元，“全国互认”到底难在哪
https://new.qq.com/rain/a/20240715A04A1400

2024-07-15 20:01:12,339 - ERROR - ERROR
特朗普撤离时连说4次“让我找鞋”，为什么他这么在乎自己的鞋？
https://view.inews.qq.com/a/20240715Q03GS500
('list index out of range',)
======
Traceback (most recent call last):
  File "/home/runner/work/qqnews/qqnews/qq.py", line 81, in process_article
    ss = str(tmpbs.select("div.LEFT div.content.clearfix")[0])
             ~~~~~~~~~~~~~~~~~~~~~~~~~~~~~~~~~~~~~~~~~~~~~^^^
IndexError: list index out of range


2024-07-15 20:01:12,398 - INFO - INVALID
“来电显示费”还在偷偷收？中国移动回应：属于老套餐，换新即可免费
https://new.qq.com/rain/a/20240715A03YRW00

2024-07-15 20:01:12,402 - INFO - INVALID
一声枪响推动比特币大涨，美国政坛地震却成加密行业大利好
https://new.qq.com/rain/a/20240715A02EBY00

2024-07-15 20:01:12,444 - ERROR - ERROR
退款1.5亿，知名美妆博主骆王宇宣布暂时退网
https://new.qq.com/rain/a/20240715V026L100
('list index out of range',)
======
Traceback (most recent call last):
  File "/home/runner/work/qqnews/qqnews/qq.py", line 81, in process_article
    ss = str(tmpbs.select("div.LEFT div.content.clearfix")[0])
             ~~~~~~~~~~~~~~~~~~~~~~~~~~~~~~~~~~~~~~~~~~~~~^^^
IndexError: list index out of range


2024-07-15 20:01:12,548 - INFO - INVALID
中国共产党第二十届中央委员会第三次全体会议在北京开始举行
https://new.qq.com/rain/a/20240715A03TRG00

2024-07-15 20:01:12,711 - INFO - INVALID
湖南一男子被当街群殴，女子现场录像被骑车撞倒 警方：3名打人者已刑拘
https://new.qq.com/rain/a/20240715A034IM00

2024-07-15 20:01:12,739 - INFO - INVALID
芯片巨头SK海力士中国公司经营异常
https://new.qq.com/rain/a/20240715A034HN00

2024-07-15 20:01:12,803 - INFO - INVALID
“工资卡转账限额被降到500元”引热议，业内：确有“一刀切”的情况
https://new.qq.com/rain/a/20240715A03ZDN00

2024-07-15 20:01:12,820 - INFO - INVALID
胡锡进：上半年经济数据不错，要拉起就业增加百姓收入
https://new.qq.com/rain/a/20240715A03V4B00

2024-07-15 20:01:13,047 - INFO - INVALID
乌克兰女议员爆料称乌军总司令“赞同投降”，并指责他是“罪犯”
https://new.qq.com/rain/a/20240715A02W3N00

2024-07-15 20:01:13,098 - INFO - INVALID
川大智胜果然暴涨了
https://new.qq.com/rain/a/20240715A01M7U00

2024-07-15 20:01:13,228 - INFO - INVALID
今年销量特别猛，羽毛球供不应“球”，厂家：一出来货就被订完了
https://new.qq.com/rain/a/20240715A00URG00

2024-07-15 20:01:13,232 - INFO - INVALID
财政部：决定开展国债做市支持操作 
https://new.qq.com/rain/a/20240715A02KDM00

2024-07-15 20:01:13,327 - INFO - INVALID
贷款10万元被收了2.9万元服务费，记者调查助贷骗局
https://new.qq.com/rain/a/20240715A00OY200

2024-07-15 20:01:13,435 - INFO - INVALID
中国女子在泰国遭肢解案件进展：警方关注感情冲突和盗窃财产两个动机
https://new.qq.com/rain/a/20240715A01LFM00

2024-07-15 20:01:13,527 - INFO - INVALID
今天，西班牙球迷都要感谢当年一对难民夫妇穿越撒哈拉沙漠的决定
https://new.qq.com/rain/a/20240715A00KDG00

2024-07-15 20:01:13,603 - INFO - INVALID
6月份各线城市商品住宅销售价格环比降幅总体收窄
https://new.qq.com/rain/a/20240715A01M0900

2024-07-15 20:01:13,640 - INFO - INVALID
法媒：法国总统马克龙本周将接受总理阿塔尔及其政府辞职
https://new.qq.com/rain/a/20240715A00NFW00

2024-07-15 20:01:13,644 - INFO - INVALID
二十届三中全会7月15日在京开幕
https://new.qq.com/rain/a/20240715A00T4F00

2024-07-15 20:01:13,742 - INFO - INVALID
再扩大！中国144小时过境免签政策适用口岸增至37个
https://new.qq.com/rain/a/20240715A01ASX00

2024-07-15 20:01:13,891 - ERROR - ERROR
山西太原李家楼煤矿透水事故救援结束，3名被困矿工已无生命体征
https://new.qq.com/rain/a/20240715V012JV00
('list index out of range',)
======
Traceback (most recent call last):
  File "/home/runner/work/qqnews/qqnews/qq.py", line 81, in process_article
    ss = str(tmpbs.select("div.LEFT div.content.clearfix")[0])
             ~~~~~~~~~~~~~~~~~~~~~~~~~~~~~~~~~~~~~~~~~~~~~^^^
IndexError: list index out of range


2024-07-15 20:01:13,949 - ERROR - ERROR
菲律宾3名绑架勒索团伙犯罪嫌疑人被捕：其住处被搜出刀和毒品等物
https://new.qq.com/rain/a/20240715V00Z0000
('list index out of range',)
======
Traceback (most recent call last):
  File "/home/runner/work/qqnews/qqnews/qq.py", line 81, in process_article
    ss = str(tmpbs.select("div.LEFT div.content.clearfix")[0])
             ~~~~~~~~~~~~~~~~~~~~~~~~~~~~~~~~~~~~~~~~~~~~~^^^
IndexError: list index out of range


2024-07-15 20:01:14,003 - ERROR - ERROR
特朗普遇刺案遇难者身份确认：系消防员，为保护家人而死
https://new.qq.com/rain/a/20240715V0126O00
('list index out of range',)
======
Traceback (most recent call last):
  File "/home/runner/work/qqnews/qqnews/qq.py", line 81, in process_article
    ss = str(tmpbs.select("div.LEFT div.content.clearfix")[0])
             ~~~~~~~~~~~~~~~~~~~~~~~~~~~~~~~~~~~~~~~~~~~~~^^^
IndexError: list index out of range


2024-07-15 20:01:14,066 - INFO - INVALID
日媒：今年1月至4月，美国两家芯片制造设备商40%销售额依赖中国
https://new.qq.com/rain/a/20240715A00OZK00

2024-07-15 20:01:14,236 - ERROR - ERROR
特朗普遇刺案枪手同学：枪手在高中被排斥 曾遭严重霸凌
https://new.qq.com/rain/a/20240715V00W9P00
('list index out of range',)
======
Traceback (most recent call last):
  File "/home/runner/work/qqnews/qqnews/qq.py", line 81, in process_article
    ss = str(tmpbs.select("div.LEFT div.content.clearfix")[0])
             ~~~~~~~~~~~~~~~~~~~~~~~~~~~~~~~~~~~~~~~~~~~~~^^^
IndexError: list index out of range


2024-07-15 20:01:14,289 - INFO - INVALID
北京：义务教育学校不得选用境外教材
https://new.qq.com/rain/a/20240715A00XA300

2024-07-15 20:01:14,394 - INFO - INVALID
突破专守防卫承诺，大幅增加导弹能力，日本展示“航母杀手”传递危险信号
https://new.qq.com/rain/a/20240715A00KHY00

2024-07-15 20:01:14,399 - INFO - INVALID
军报刊文评少数官兵互称“老大”“老二”：不正规称谓须纠治
https://new.qq.com/rain/a/20240715A00WF900

2024-07-15 20:01:14,403 - INFO - INVALID
德媒披露：德国防部已为与俄潜在军事冲突制订“秘密作战计划”
https://new.qq.com/rain/a/20240715A00KLL00

2024-07-15 20:01:14,592 - INFO - INVALID
谷歌接近斥资230亿美元收购网络安全初创企业Wiz
https://new.qq.com/rain/a/20240715A00BY100

2024-07-15 20:01:14,603 - INFO - INVALID
央行增持黄金为何按下“暂停键”
https://new.qq.com/rain/a/20240715A00NLX00

2024-07-15 20:01:14,714 - INFO - INVALID
菲律宾加大力度打击绑架勒索犯罪，多名犯罪团伙嫌疑人被捕
https://new.qq.com/rain/a/20240715A00NJ900

2024-07-15 20:01:14,790 - INFO - INVALID
二十届三中全会对中国和世界都意义深远
https://new.qq.com/rain/a/20240715A00OGE00

