2024-08-09 00:30:06,987 - INFO - EXPIRED
村干部亲属晚上驾车将救灾物资搬回家？湖南华容团洲乡：公安介入调查
https://new.qq.com/rain/a/20240808A09QVN00

2024-08-09 00:30:06,987 - INFO - EXPIRED
日本九州岛发生7.1级地震，九州旁边的“中国地方”是个什么地方？
https://view.inews.qq.com/a/20240808Q06CEU00

2024-08-09 00:30:06,987 - INFO - EXPIRED
20岁女孩拖欠房租留1米高垃圾、大狗尸骸，女房东怒发视频：恶心死了
https://new.qq.com/rain/a/20240808A053PX00

2024-08-09 00:30:06,987 - INFO - EXPIRED
广西一高校录取通知书校长签名潦草像“天书”，教育厅：已关注到
https://new.qq.com/rain/a/20240808A099OS00

2024-08-09 00:30:06,987 - INFO - EXPIRED
披露“75人涉嫌盗尸4000具”案律师：我甘愿受处罚，希望推进法律完善
https://new.qq.com/rain/a/20240808A090R300

2024-08-09 00:30:06,987 - INFO - EXPIRED
全国百城二手房均价环比下跌，重点城市房东“以价换量”促成交
https://new.qq.com/rain/a/20240808A09KNW00

2024-08-09 00:30:06,987 - INFO - EXPIRED
海南屯昌一家4姐弟不幸溺亡 父亲：最大的10岁，最小的只有6岁
https://new.qq.com/rain/a/20240808A09IFO00

2024-08-09 00:30:06,987 - INFO - EXPIRED
110米栏中国被淘汰，刘翔20年前奥运纪录仍未破，亚洲再出一个刘翔有多难？
https://view.inews.qq.com/a/20240808Q02HKK00

2024-08-09 00:30:06,987 - INFO - EXPIRED
乌军罕见越境袭俄？普京称又一次“大规模挑衅”，基辅动机引猜测
https://new.qq.com/rain/a/20240808A08ZAY00

2024-08-09 00:30:06,987 - INFO - EXPIRED
7月新能源车市火爆：国内零售渗透率首超50% 9成上市车企销量同比增长
https://new.qq.com/rain/a/20240808A08J5M00

2024-08-09 00:30:06,987 - INFO - EXPIRED
广东工业大学两名研究生午休时在工作室用电脑打游戏被重罚？校方回应
https://new.qq.com/rain/a/20240808A07QU300

2024-08-09 00:30:06,987 - INFO - EXPIRED
38岁男子醉驾电瓶三轮摩托被判拘役4个月，进看守所3天因心跳骤停离世
https://new.qq.com/rain/a/20240808A07NC900

2024-08-09 00:30:06,987 - INFO - EXPIRED
中国男子4x100米接力小组第一进决赛，拿牌希望大吗？对手保留实力了吗？
https://view.inews.qq.com/a/20240808Q07V7900

2024-08-09 00:30:06,987 - INFO - EXPIRED
再见传奇！官方：41岁佩佩宣布退役 结束22年职业生涯
https://new.qq.com/rain/a/20240808A0A37600

2024-08-09 00:30:06,987 - INFO - EXPIRED
长崎市长拒邀以方出席原子弹轰炸日纪念仪式，日内阁官房长官：管不了
https://new.qq.com/rain/a/20240808A09BIP00

2024-08-09 00:30:06,987 - INFO - EXPIRED
华润集团原董事、总经理乔世波突发疾病去世，享年69岁
https://new.qq.com/rain/a/20240808A0A6O900

2024-08-09 00:30:06,987 - INFO - EXPIRED
海南东方市通报“一无人机迫降”：事件未造成人员伤亡
https://new.qq.com/rain/a/20240808A09DKK00

2024-08-09 00:30:06,987 - INFO - EXPIRED
中国花游队夺得队史奥运首金，为何能断层领先？这枚金牌意义有多大？
https://view.inews.qq.com/a/20240808Q00FSK00

2024-08-09 00:30:06,987 - INFO - EXPIRED
“盗尸制作植入性材料”案最高量刑仅3年？有律师建言：提高量刑幅度
https://new.qq.com/rain/a/20240808A09AO300

2024-08-09 00:30:06,987 - INFO - EXPIRED
二季度财报出炉，中芯国际、华虹半导体净利润均下滑
https://new.qq.com/rain/a/20240808A090S800

2024-08-09 00:30:06,988 - INFO - EXPIRED
中国大使连续在印度媒体发表文章，向印度发出呼吁
https://new.qq.com/rain/a/20240808A064LM00

2024-08-09 00:30:06,988 - INFO - EXPIRED
7月暴雨洪涝和地质灾害致315人死亡失踪
https://new.qq.com/rain/a/20240808A08XZQ00

2024-08-09 00:30:06,988 - INFO - EXPIRED
新“不懂球的胖子”，国羽张军教练引关注，运动员退役后，会迅速发福吗？
https://view.inews.qq.com/a/20240808Q04DR000

2024-08-09 00:30:06,988 - INFO - EXPIRED
贵州茅台：上半年净利润416.96亿元，同比增长15.88%
https://new.qq.com/rain/a/20240808A08MZ600

2024-08-09 00:30:06,988 - INFO - EXPIRED
就算哈里斯赢得大选，美国电动车产业也举步维艰，这条路选对了吗？
https://new.qq.com/rain/a/20240808V08NNC00

2024-08-09 00:30:06,988 - INFO - EXPIRED
曝王丽坤前夫涉诈骗案开庭，还曾给贾青韩樱子转账百万，骗术高超
https://new.qq.com/rain/a/20240808V04HMB00

2024-08-09 00:30:06,988 - INFO - EXPIRED
降息冲击波：全国性银行5年定存利率仅3家超2%，投资者卷向银行理财
https://new.qq.com/rain/a/20240808A07SX900

2024-08-09 00:30:06,988 - INFO - EXPIRED
高三男生遇害、64岁嫌犯被抓获，死者家属：孩子和一个老人上了网约车
https://new.qq.com/rain/a/20240808A05G9300

2024-08-09 00:30:06,988 - INFO - EXPIRED
云南富民县一男子持刀杀人？目击者称死者疑为其妻子，警方：调查中
https://new.qq.com/rain/a/20240808A04D2300

2024-08-09 00:30:06,988 - INFO - EXPIRED
成品油价迎年内最大降幅，加满一箱油少花12元
https://new.qq.com/rain/a/20240808A06L1400

2024-08-09 00:30:06,988 - INFO - EXPIRED
张继科要爆猛料？疑其社交账号称会让所有人知道真相，回应退役原因
https://new.qq.com/rain/a/20240808A057JR00

2024-08-09 00:30:06,988 - INFO - EXPIRED
印度摔跤选手因体重超标被取消资格，运动员是怎么短时间内控制体重的？
https://view.inews.qq.com/a/20240808Q05X4R00

2024-08-09 00:30:06,988 - INFO - EXPIRED
日本九州岛7.1级地震或引发海啸 部分地区浪高预计达1米
https://new.qq.com/rain/a/20240808A05PSU00

2024-08-09 00:30:06,988 - INFO - EXPIRED
中国移动：2024年上半年净利润802亿元 同比增长5.3%
https://new.qq.com/rain/a/20240808A066YX00

2024-08-09 00:30:06,988 - INFO - EXPIRED
京沪高铁人均净利润1.6亿，人效这么高，全国铁路能抄作业吗？
https://view.inews.qq.com/a/20240808Q01XC000

2024-08-09 00:30:06,988 - INFO - EXPIRED
港股收评：恒指涨0.08%，航空、内房股走强，新能源汽车股下挫
https://new.qq.com/rain/a/20240808A05ZUF00

2024-08-09 00:30:06,988 - INFO - EXPIRED
外媒称黎真主党可能单独对以发动袭击，为何不等伊朗？能单独对抗以色列吗？
https://view.inews.qq.com/a/20240808Q03EDM00

2024-08-09 00:30:06,988 - INFO - EXPIRED
中国男子在日本抢走6280万日元名表，刺伤店员致死，在当地机场落网
https://new.qq.com/rain/a/20240808A050IP00

2024-08-09 00:30:06,988 - INFO - EXPIRED
四川一产科病房天花板掉落 院方：床帘长期拉扯导致 已转移产妇和婴儿
https://new.qq.com/rain/a/20240808A03YAM00

2024-08-09 00:30:06,988 - INFO - EXPIRED
刺激消费，全民“发钱”这招可行吗
https://new.qq.com/rain/a/20240807A09JSU00

2024-08-09 00:30:06,988 - INFO - EXPIRED
A股收评：继续调整！沪指平收，维生素、粮食种业板块爆发
https://new.qq.com/rain/a/20240808A058KZ00

2024-08-09 00:30:06,988 - INFO - EXPIRED
女子称双汇火腿肠里有“像眼睛似的异物”，客服：已安排核实处理
https://new.qq.com/rain/a/20240808A048HQ00

2024-08-09 00:30:06,988 - INFO - EXPIRED
网友自曝硕士毕业学位证在邮寄中被撕毁，顺丰紧急回应
https://new.qq.com/rain/a/20240808A04RFP00

2024-08-09 00:30:06,988 - INFO - EXPIRED
国务院安委会赴云南检查：有矿工无特殊作业操作证 设备操作不熟练
https://new.qq.com/rain/a/20240808V04UPU00

2024-08-09 00:30:06,988 - INFO - EXPIRED
实锤！药检阳性不禁赛 世界反兴奋剂机构深度揭批美对违禁运动员操作内幕
https://new.qq.com/rain/a/20240808A040Z600

2024-08-09 00:30:06,988 - INFO - EXPIRED
日本男乒所有项目均未进决赛，队内水平差距大吗？张本智和带不动吗？
https://view.inews.qq.com/a/20240808Q02F9V00

2024-08-09 00:30:06,988 - INFO - EXPIRED
日本7.1级地震监控画面曝光：建筑剧烈摇晃 货架商品散落在地
https://new.qq.com/rain/a/20240808V0658K00

2024-08-09 00:30:06,988 - INFO - EXPIRED
“女子遭气象炮弹砸中截肢”后续：当地正调查人员操作流程及炮弹质量
https://new.qq.com/rain/a/20240808A04ZEO00

2024-08-09 00:30:06,988 - INFO - EXPIRED
罗永浩喊话新东方粉丝：再惹我就把公司30年猛料写成书 让铁老师退休
https://new.qq.com/rain/a/20240808A03ZJN00

2024-08-09 00:30:06,988 - INFO - EXPIRED
青岛“老人地铁上殴打拒绝让座者”目击者发声 ！警方介入
https://new.qq.com/rain/a/20240808A04J0R00

2024-08-09 00:30:06,988 - INFO - EXPIRED
落马干部获刑10年半：曾供养风水大师妄想时来运转，还到处巡山找穴
https://new.qq.com/rain/a/20240808A0486O00

2024-08-09 00:30:06,988 - INFO - EXPIRED
放弃医保的人越来越多？国家出手了
https://new.qq.com/rain/a/20240808A02MNE00

2024-08-09 00:30:06,988 - INFO - EXPIRED
天津一男子持铁锤随意伤人 警方通报：已对其依法采取刑事强制措施
https://new.qq.com/rain/a/20240808A04TR900

2024-08-09 00:30:06,988 - INFO - EXPIRED
“私人换钱”开始游击战，小心外汇兑换黑市，严打“换钱党”
https://new.qq.com/rain/a/20240806V09E1G00

2024-08-09 00:30:06,988 - INFO - EXPIRED
石家庄光伏企业用地未批复罚完仍运行，当地称省市重点项目可补办手续
https://new.qq.com/rain/a/20240808A013MF00

2024-08-09 00:30:06,988 - INFO - EXPIRED
山西大同一科长实名举报副局长，举报人：处理结果避重就轻，我不认可
https://new.qq.com/rain/a/20240807A098JR00

2024-08-09 00:30:06,988 - INFO - EXPIRED
外媒：消息人士称，黎真主党可能“独立于”伊朗意图之外，未来几天对以发动袭击
https://new.qq.com/rain/a/20240808A02A6M00

2024-08-09 00:30:06,988 - INFO - EXPIRED
奇瑞宣称让3人干5人活领4人工资，这是制造业普遍存在的管理绝活吗？
https://view.inews.qq.com/a/20240808Q02IH600

2024-08-09 00:30:06,988 - INFO - EXPIRED
明知违规却“按兵不动”，落实整改“纸来纸去” ——河南登封市“村章乡管”乱象调查
https://new.qq.com/rain/a/20240808A015WY00

2024-08-09 00:30:06,988 - INFO - EXPIRED
日本男乒遭大逆转无缘决赛，张本智和输决胜盘，他们怎么了？心态崩了吗？
https://view.inews.qq.com/a/20240808Q00YGE00

2024-08-09 00:30:06,988 - INFO - EXPIRED
“劝人学医天打雷劈？”“学医一定要读博？”张文宏巧妙解答
https://new.qq.com/rain/a/20240808A00XMC00

2024-08-09 00:30:06,988 - INFO - EXPIRED
留置针软管遗留患儿体内5年后终被取出，类似事件有科室10年发生12起
https://new.qq.com/rain/a/20240808A011ZF00

2024-08-09 00:30:06,988 - INFO - EXPIRED
室内甲醛检测乱象：检测公司称仪器就是道具，加盟商要设法让数据超标
https://new.qq.com/rain/a/20240808A02FMS00

2024-08-09 00:30:06,988 - INFO - EXPIRED
美国宣布对进口自中国的钨弹发起双反调查
https://new.qq.com/rain/a/20240808A02XDC00

2024-08-09 00:30:06,988 - INFO - EXPIRED
人均净利润1.6亿！上市公司京沪高铁总资产2922亿，在职员工73名
https://new.qq.com/rain/a/20240808A012T700

2024-08-09 00:30:06,988 - INFO - EXPIRED
理想汽车高管：未来每年不拿出10亿美金投算力，将会被淘汰
https://new.qq.com/rain/a/20240808A030F300

2024-08-09 00:30:06,988 - INFO - EXPIRED
央行年内首次零逆回购释放强信号， 利率调控方式渐变
https://new.qq.com/rain/a/20240808A027TD00

2024-08-09 00:30:06,988 - INFO - EXPIRED
辽宁本溪一餐厅不吃饭不让司机路过？官方：涉嫌违规经营，已查封
https://new.qq.com/rain/a/20240808A02UYO00

2024-08-09 00:30:06,988 - INFO - EXPIRED
大厂离职进厂打螺丝，我在流水线看到了“人间真实”丨100种人生答案
https://new.qq.com/rain/a/20240808V00V0F00

2024-08-09 00:30:06,988 - INFO - EXPIRED
美国总统之子亨特·拜登被指控接受罗马尼亚商人贿赂
https://new.qq.com/rain/a/20240808A01CGI00

2024-08-09 00:30:06,988 - INFO - EXPIRED
滞留太空美宇航员或明年2月返回
https://new.qq.com/rain/a/20240808A01AJM00

2024-08-09 00:30:06,988 - INFO - EXPIRED
被曝三年内将70%PC终端生产从中国转移？惠普回应：系不实报道
https://new.qq.com/rain/a/20240808A02HHJ00

2024-08-09 00:30:06,988 - INFO - EXPIRED
酒驾嫌疑人被警方带走时，同行者竟暴力围攻民警，涉事三人已被刑拘
https://new.qq.com/rain/a/20240807A09TXM00

2024-08-09 00:30:06,988 - INFO - EXPIRED
如何看待公安机关网安部门打击涉体育饭圈违法犯罪行为？陈梦回应
https://new.qq.com/rain/a/20240808A00O8300

2024-08-09 00:30:06,988 - INFO - EXPIRED
让3个员工干5个人的活？奇瑞：本意是提升效率和员工幸福感
https://new.qq.com/rain/a/20240807A09QH400

2024-08-09 00:30:06,988 - INFO - EXPIRED
日方“认领”中方披露的间谍案例：6名日本人以考察为名非法勘测被捕
https://new.qq.com/rain/a/20240806A067SR00

2024-08-09 00:30:06,988 - INFO - EXPIRED
俄称乌军袭击库尔斯克，系最大规模地面进攻，乌军要全面反攻吗？形势如何了？
https://view.inews.qq.com/a/20240807Q0A9VM00

2024-08-09 00:30:06,988 - INFO - EXPIRED
广州花都宣布买房可享准户口待遇！今年来十余城陆续落地“购房落户”
https://new.qq.com/rain/a/20240808A00XZ900

2024-08-09 00:30:06,988 - INFO - EXPIRED
陕西一交警上班打游戏被停止执行职务！所在大队开会整顿纪律
https://new.qq.com/rain/a/20240808A006IO00

2024-08-09 00:30:06,988 - INFO - EXPIRED
美媒：美军在“距台最近”岛屿部署新型雷达，意图非常明显
https://new.qq.com/rain/a/20240808A00N6400

2024-08-09 00:30:06,989 - INFO - EXPIRED
去库存“王炸”！一线城市开启“以购代建”模式，京沪有望跟进
https://new.qq.com/rain/a/20240807A09Z1Y00

2024-08-09 00:30:06,989 - INFO - EXPIRED
脱离俞敏洪后董宇辉直播首秀：观看人数瞬间冲破10万，是东方甄选10倍
https://new.qq.com/rain/a/20240807A0A81A00

2024-08-09 00:30:06,989 - INFO - EXPIRED
银行存款利率持续下行：大额存单紧俏 警惕黄牛代抢
https://new.qq.com/rain/a/20240808A00PRR00

2024-08-09 00:30:06,989 - INFO - EXPIRED
中国制造的体育用品闪耀巴黎，但为什么很少见老外穿中国的运动装备？
https://view.inews.qq.com/a/20240807Q05REJ00

2024-08-09 00:30:06,989 - INFO - EXPIRED
孟加拉国南部海域两艘船只翻覆 致31人死亡
https://new.qq.com/rain/a/20240808A00F6900

2024-08-09 00:30:06,989 - INFO - EXPIRED
陈思诚的野望：不想当导演的演员不是好观众│独家对谈
https://new.qq.com/rain/a/20240807V09O9N00

2024-08-09 00:30:06,989 - INFO - EXPIRED
一油轮在印尼巴厘岛海域起火爆炸致5死15伤
https://new.qq.com/rain/a/20240808A00AJ600

2024-08-09 00:30:06,989 - INFO - EXPIRED
火车餐车不消费不能坐？12306：确需消费就座 一般低消每人30至50元
https://new.qq.com/rain/a/20240807A09HSE00

2024-08-09 00:30:06,989 - INFO - EXPIRED
离间两岸出卖民族利益！10名“台独”顽固分子被公安部、国台办拉清单
https://new.qq.com/rain/a/20240807A09DAK00

2024-08-09 00:30:06,989 - INFO - EXPIRED
商人在八达岭长城脚下毁林挖山违建庄园？媒体：被举报者究竟何许人也
https://new.qq.com/rain/a/20240807A0619000

2024-08-09 00:30:06,989 - INFO - EXPIRED
青岛地铁内一小伙遭老人捂嘴扇脸暴打，警方通报
https://new.qq.com/rain/a/20240807A09GV200

2024-08-09 00:30:06,989 - INFO - EXPIRED
赵立坚回应“妻子治癌个人支付不到300元”：直接举报，屏蔽拉黑
https://new.qq.com/rain/a/20240807A099BD00

2024-08-09 00:30:06,989 - INFO - EXPIRED
乒乓球男团中国战胜韩国，团体赛比单打双打更难吗？此局排兵布阵有何看点？
https://view.inews.qq.com/a/20240807Q09M0R00

2024-08-09 00:30:07,748 - INFO - INVALID
战场，突然转入俄罗斯境内
https://new.qq.com/rain/a/20240809A00VPI00

2024-08-09 00:30:07,756 - INFO - INVALID
“二师兄”“菜哥”齐涨价，CPI或“六连涨”
https://new.qq.com/rain/a/20240809A003OI00

2024-08-09 00:30:07,761 - INFO - INVALID
以军虐囚视频震惊全球，多个国际组织发表声明：要求以色列政府严肃处理
https://new.qq.com/rain/a/20240809A00LUU00

2024-08-09 00:30:07,770 - INFO - INVALID
中国驻朝鲜大使王亚军走访慰问新义州受灾华侨和侨校
https://new.qq.com/rain/a/20240809A00ZHC00

2024-08-09 00:30:07,926 - INFO - INVALID
浙江多地出大招，新房得房率飙升至120%
https://new.qq.com/rain/a/20240809A00V5O00

2024-08-09 00:30:08,096 - INFO - INVALID
以色列安全内阁召开会议 讨论如何应对伊朗和黎真主党袭击
https://new.qq.com/rain/a/20240809A00HT300

2024-08-09 00:30:08,120 - INFO - INVALID
卡塔尔、埃及和美国发表联合声明 呼吁重启加沙地带停火谈判
https://new.qq.com/rain/a/20240809A00J1600

2024-08-09 01:59:22,095 - INFO - EXPIRED
一天之内报警297次，并辱骂110接警人员，安徽一62岁男子被拘10天
https://new.qq.com/rain/a/20240808A09FDI00

2024-08-09 01:59:22,095 - INFO - EXPIRED
日本九州岛发生7.1级地震，九州旁边的“中国地方”是个什么地方？
https://view.inews.qq.com/a/20240808Q06CEU00

2024-08-09 01:59:22,095 - INFO - EXPIRED
村干部亲属晚上驾车将救灾物资搬回家？湖南华容团洲乡：公安介入调查
https://new.qq.com/rain/a/20240808A09QVN00

2024-08-09 01:59:22,095 - INFO - EXPIRED
20岁女孩拖欠房租留1米高垃圾、大狗尸骸，女房东怒发视频：恶心死了
https://new.qq.com/rain/a/20240808A053PX00

2024-08-09 01:59:22,095 - INFO - EXPIRED
广西一高校录取通知书校长签名潦草像“天书”，教育厅：已关注到
https://new.qq.com/rain/a/20240808A099OS00

2024-08-09 01:59:22,095 - INFO - EXPIRED
全国百城二手房均价环比下跌，重点城市房东“以价换量”促成交
https://new.qq.com/rain/a/20240808A09KNW00

2024-08-09 01:59:22,095 - INFO - EXPIRED
海南屯昌一家4姐弟不幸溺亡 父亲：最大的10岁，最小的只有6岁
https://new.qq.com/rain/a/20240808A09IFO00

2024-08-09 01:59:22,095 - INFO - EXPIRED
110米栏中国被淘汰，刘翔20年前奥运纪录仍未破，亚洲再出一个刘翔有多难？
https://view.inews.qq.com/a/20240808Q02HKK00

2024-08-09 01:59:22,095 - INFO - EXPIRED
乌军罕见越境袭俄？普京称又一次“大规模挑衅”，基辅动机引猜测
https://new.qq.com/rain/a/20240808A08ZAY00

2024-08-09 01:59:22,095 - INFO - EXPIRED
7月新能源车市火爆：国内零售渗透率首超50% 9成上市车企销量同比增长
https://new.qq.com/rain/a/20240808A08J5M00

2024-08-09 01:59:22,095 - INFO - EXPIRED
广东工业大学两名研究生午休时在工作室用电脑打游戏被重罚？校方回应
https://new.qq.com/rain/a/20240808A07QU300

2024-08-09 01:59:22,095 - INFO - EXPIRED
38岁男子醉驾电瓶三轮摩托被判拘役4个月，进看守所3天因心跳骤停离世
https://new.qq.com/rain/a/20240808A07NC900

2024-08-09 01:59:22,095 - INFO - EXPIRED
中国男子4x100米接力小组第一进决赛，拿牌希望大吗？对手保留实力了吗？
https://view.inews.qq.com/a/20240808Q07V7900

2024-08-09 01:59:22,095 - INFO - EXPIRED
再见传奇！官方：41岁佩佩宣布退役 结束22年职业生涯
https://new.qq.com/rain/a/20240808A0A37600

2024-08-09 01:59:22,095 - INFO - EXPIRED
长崎市长拒邀以方出席原子弹轰炸日纪念仪式，日内阁官房长官：管不了
https://new.qq.com/rain/a/20240808A09BIP00

2024-08-09 01:59:22,095 - INFO - EXPIRED
华润集团原董事、总经理乔世波突发疾病去世，享年69岁
https://new.qq.com/rain/a/20240808A0A6O900

2024-08-09 01:59:22,095 - INFO - EXPIRED
海南东方市通报“一无人机迫降”：事件未造成人员伤亡
https://new.qq.com/rain/a/20240808A09DKK00

2024-08-09 01:59:22,095 - INFO - EXPIRED
中国花游队夺得队史奥运首金，为何能断层领先？这枚金牌意义有多大？
https://view.inews.qq.com/a/20240808Q00FSK00

2024-08-09 01:59:22,095 - INFO - EXPIRED
二季度财报出炉，中芯国际、华虹半导体净利润均下滑
https://new.qq.com/rain/a/20240808A090S800

2024-08-09 01:59:22,095 - INFO - EXPIRED
中国大使连续在印度媒体发表文章，向印度发出呼吁
https://new.qq.com/rain/a/20240808A064LM00

2024-08-09 01:59:22,095 - INFO - EXPIRED
7月暴雨洪涝和地质灾害致315人死亡失踪
https://new.qq.com/rain/a/20240808A08XZQ00

2024-08-09 01:59:22,095 - INFO - EXPIRED
新“不懂球的胖子”，国羽张军教练引关注，运动员退役后，会迅速发福吗？
https://view.inews.qq.com/a/20240808Q04DR000

2024-08-09 01:59:22,095 - INFO - EXPIRED
贵州茅台：上半年净利润416.96亿元，同比增长15.88%
https://new.qq.com/rain/a/20240808A08MZ600

2024-08-09 01:59:22,095 - INFO - EXPIRED
就算哈里斯赢得大选，美国电动车产业也举步维艰，这条路选对了吗？
https://new.qq.com/rain/a/20240808V08NNC00

2024-08-09 01:59:22,095 - INFO - EXPIRED
曝王丽坤前夫涉诈骗案开庭，还曾给贾青韩樱子转账百万，骗术高超
https://new.qq.com/rain/a/20240808V04HMB00

2024-08-09 01:59:22,096 - INFO - EXPIRED
降息冲击波：全国性银行5年定存利率仅3家超2%，投资者卷向银行理财
https://new.qq.com/rain/a/20240808A07SX900

2024-08-09 01:59:22,096 - INFO - EXPIRED
高三男生遇害、64岁嫌犯被抓获，死者家属：孩子和一个老人上了网约车
https://new.qq.com/rain/a/20240808A05G9300

2024-08-09 01:59:22,096 - INFO - EXPIRED
云南富民县一男子持刀杀人？目击者称死者疑为其妻子，警方：调查中
https://new.qq.com/rain/a/20240808A04D2300

2024-08-09 01:59:22,096 - INFO - EXPIRED
成品油价迎年内最大降幅，加满一箱油少花12元
https://new.qq.com/rain/a/20240808A06L1400

2024-08-09 01:59:22,096 - INFO - EXPIRED
张继科要爆猛料？疑其社交账号称会让所有人知道真相，回应退役原因
https://new.qq.com/rain/a/20240808A057JR00

2024-08-09 01:59:22,096 - INFO - EXPIRED
印度摔跤选手因体重超标被取消资格，运动员是怎么短时间内控制体重的？
https://view.inews.qq.com/a/20240808Q05X4R00

2024-08-09 01:59:22,096 - INFO - EXPIRED
日本九州岛7.1级地震或引发海啸 部分地区浪高预计达1米
https://new.qq.com/rain/a/20240808A05PSU00

2024-08-09 01:59:22,096 - INFO - EXPIRED
中国移动：2024年上半年净利润802亿元 同比增长5.3%
https://new.qq.com/rain/a/20240808A066YX00

2024-08-09 01:59:22,096 - INFO - EXPIRED
京沪高铁人均净利润1.6亿，人效这么高，全国铁路能抄作业吗？
https://view.inews.qq.com/a/20240808Q01XC000

2024-08-09 01:59:22,096 - INFO - EXPIRED
港股收评：恒指涨0.08%，航空、内房股走强，新能源汽车股下挫
https://new.qq.com/rain/a/20240808A05ZUF00

2024-08-09 01:59:22,096 - INFO - EXPIRED
外媒称黎真主党可能单独对以发动袭击，为何不等伊朗？能单独对抗以色列吗？
https://view.inews.qq.com/a/20240808Q03EDM00

2024-08-09 01:59:22,096 - INFO - EXPIRED
中国男子在日本抢走6280万日元名表，刺伤店员致死，在当地机场落网
https://new.qq.com/rain/a/20240808A050IP00

2024-08-09 01:59:22,096 - INFO - EXPIRED
四川一产科病房天花板掉落 院方：床帘长期拉扯导致 已转移产妇和婴儿
https://new.qq.com/rain/a/20240808A03YAM00

2024-08-09 01:59:22,096 - INFO - EXPIRED
刺激消费，全民“发钱”这招可行吗
https://new.qq.com/rain/a/20240807A09JSU00

2024-08-09 01:59:22,096 - INFO - EXPIRED
A股收评：继续调整！沪指平收，维生素、粮食种业板块爆发
https://new.qq.com/rain/a/20240808A058KZ00

2024-08-09 01:59:22,096 - INFO - EXPIRED
女子称双汇火腿肠里有“像眼睛似的异物”，客服：已安排核实处理
https://new.qq.com/rain/a/20240808A048HQ00

2024-08-09 01:59:22,096 - INFO - EXPIRED
网友自曝硕士毕业学位证在邮寄中被撕毁，顺丰紧急回应
https://new.qq.com/rain/a/20240808A04RFP00

2024-08-09 01:59:22,096 - INFO - EXPIRED
国务院安委会赴云南检查：有矿工无特殊作业操作证 设备操作不熟练
https://new.qq.com/rain/a/20240808V04UPU00

2024-08-09 01:59:22,096 - INFO - EXPIRED
实锤！药检阳性不禁赛 世界反兴奋剂机构深度揭批美对违禁运动员操作内幕
https://new.qq.com/rain/a/20240808A040Z600

2024-08-09 01:59:22,096 - INFO - EXPIRED
日本男乒所有项目均未进决赛，队内水平差距大吗？张本智和带不动吗？
https://view.inews.qq.com/a/20240808Q02F9V00

2024-08-09 01:59:22,096 - INFO - EXPIRED
日本7.1级地震监控画面曝光：建筑剧烈摇晃 货架商品散落在地
https://new.qq.com/rain/a/20240808V0658K00

2024-08-09 01:59:22,096 - INFO - EXPIRED
“女子遭气象炮弹砸中截肢”后续：当地正调查人员操作流程及炮弹质量
https://new.qq.com/rain/a/20240808A04ZEO00

2024-08-09 01:59:22,096 - INFO - EXPIRED
罗永浩喊话新东方粉丝：再惹我就把公司30年猛料写成书 让铁老师退休
https://new.qq.com/rain/a/20240808A03ZJN00

2024-08-09 01:59:22,096 - INFO - EXPIRED
青岛“老人地铁上殴打拒绝让座者”目击者发声 ！警方介入
https://new.qq.com/rain/a/20240808A04J0R00

2024-08-09 01:59:22,096 - INFO - EXPIRED
落马干部获刑10年半：曾供养风水大师妄想时来运转，还到处巡山找穴
https://new.qq.com/rain/a/20240808A0486O00

2024-08-09 01:59:22,096 - INFO - EXPIRED
放弃医保的人越来越多？国家出手了
https://new.qq.com/rain/a/20240808A02MNE00

2024-08-09 01:59:22,096 - INFO - EXPIRED
天津一男子持铁锤随意伤人 警方通报：已对其依法采取刑事强制措施
https://new.qq.com/rain/a/20240808A04TR900

2024-08-09 01:59:22,096 - INFO - EXPIRED
“私人换钱”开始游击战，小心外汇兑换黑市，严打“换钱党”
https://new.qq.com/rain/a/20240806V09E1G00

2024-08-09 01:59:22,096 - INFO - EXPIRED
石家庄光伏企业用地未批复罚完仍运行，当地称省市重点项目可补办手续
https://new.qq.com/rain/a/20240808A013MF00

2024-08-09 01:59:22,096 - INFO - EXPIRED
山西大同一科长实名举报副局长，举报人：处理结果避重就轻，我不认可
https://new.qq.com/rain/a/20240807A098JR00

2024-08-09 01:59:22,096 - INFO - EXPIRED
外媒：消息人士称，黎真主党可能“独立于”伊朗意图之外，未来几天对以发动袭击
https://new.qq.com/rain/a/20240808A02A6M00

2024-08-09 01:59:22,096 - INFO - EXPIRED
奇瑞宣称让3人干5人活领4人工资，这是制造业普遍存在的管理绝活吗？
https://view.inews.qq.com/a/20240808Q02IH600

2024-08-09 01:59:22,096 - INFO - EXPIRED
明知违规却“按兵不动”，落实整改“纸来纸去” ——河南登封市“村章乡管”乱象调查
https://new.qq.com/rain/a/20240808A015WY00

2024-08-09 01:59:22,096 - INFO - EXPIRED
日本男乒遭大逆转无缘决赛，张本智和输决胜盘，他们怎么了？心态崩了吗？
https://view.inews.qq.com/a/20240808Q00YGE00

2024-08-09 01:59:22,096 - INFO - EXPIRED
“劝人学医天打雷劈？”“学医一定要读博？”张文宏巧妙解答
https://new.qq.com/rain/a/20240808A00XMC00

2024-08-09 01:59:22,096 - INFO - EXPIRED
留置针软管遗留患儿体内5年后终被取出，类似事件有科室10年发生12起
https://new.qq.com/rain/a/20240808A011ZF00

2024-08-09 01:59:22,096 - INFO - EXPIRED
室内甲醛检测乱象：检测公司称仪器就是道具，加盟商要设法让数据超标
https://new.qq.com/rain/a/20240808A02FMS00

2024-08-09 01:59:22,096 - INFO - EXPIRED
美国宣布对进口自中国的钨弹发起双反调查
https://new.qq.com/rain/a/20240808A02XDC00

2024-08-09 01:59:22,096 - INFO - EXPIRED
人均净利润1.6亿！上市公司京沪高铁总资产2922亿，在职员工73名
https://new.qq.com/rain/a/20240808A012T700

2024-08-09 01:59:22,096 - INFO - EXPIRED
理想汽车高管：未来每年不拿出10亿美金投算力，将会被淘汰
https://new.qq.com/rain/a/20240808A030F300

2024-08-09 01:59:22,096 - INFO - EXPIRED
央行年内首次零逆回购释放强信号， 利率调控方式渐变
https://new.qq.com/rain/a/20240808A027TD00

2024-08-09 01:59:22,096 - INFO - EXPIRED
辽宁本溪一餐厅不吃饭不让司机路过？官方：涉嫌违规经营，已查封
https://new.qq.com/rain/a/20240808A02UYO00

2024-08-09 01:59:22,096 - INFO - EXPIRED
大厂离职进厂打螺丝，我在流水线看到了“人间真实”丨100种人生答案
https://new.qq.com/rain/a/20240808V00V0F00

2024-08-09 01:59:22,096 - INFO - EXPIRED
美国总统之子亨特·拜登被指控接受罗马尼亚商人贿赂
https://new.qq.com/rain/a/20240808A01CGI00

2024-08-09 01:59:22,096 - INFO - EXPIRED
滞留太空美宇航员或明年2月返回
https://new.qq.com/rain/a/20240808A01AJM00

2024-08-09 01:59:22,096 - INFO - EXPIRED
被曝三年内将70%PC终端生产从中国转移？惠普回应：系不实报道
https://new.qq.com/rain/a/20240808A02HHJ00

2024-08-09 01:59:22,096 - INFO - EXPIRED
酒驾嫌疑人被警方带走时，同行者竟暴力围攻民警，涉事三人已被刑拘
https://new.qq.com/rain/a/20240807A09TXM00

2024-08-09 01:59:22,096 - INFO - EXPIRED
如何看待公安机关网安部门打击涉体育饭圈违法犯罪行为？陈梦回应
https://new.qq.com/rain/a/20240808A00O8300

2024-08-09 01:59:22,096 - INFO - EXPIRED
让3个员工干5个人的活？奇瑞：本意是提升效率和员工幸福感
https://new.qq.com/rain/a/20240807A09QH400

2024-08-09 01:59:22,096 - INFO - EXPIRED
日方“认领”中方披露的间谍案例：6名日本人以考察为名非法勘测被捕
https://new.qq.com/rain/a/20240806A067SR00

2024-08-09 01:59:22,096 - INFO - EXPIRED
俄称乌军袭击库尔斯克，系最大规模地面进攻，乌军要全面反攻吗？形势如何了？
https://view.inews.qq.com/a/20240807Q0A9VM00

2024-08-09 01:59:22,096 - INFO - EXPIRED
广州花都宣布买房可享准户口待遇！今年来十余城陆续落地“购房落户”
https://new.qq.com/rain/a/20240808A00XZ900

2024-08-09 01:59:22,096 - INFO - EXPIRED
陕西一交警上班打游戏被停止执行职务！所在大队开会整顿纪律
https://new.qq.com/rain/a/20240808A006IO00

2024-08-09 01:59:22,096 - INFO - EXPIRED
美媒：美军在“距台最近”岛屿部署新型雷达，意图非常明显
https://new.qq.com/rain/a/20240808A00N6400

2024-08-09 01:59:22,096 - INFO - EXPIRED
去库存“王炸”！一线城市开启“以购代建”模式，京沪有望跟进
https://new.qq.com/rain/a/20240807A09Z1Y00

2024-08-09 01:59:22,096 - INFO - EXPIRED
脱离俞敏洪后董宇辉直播首秀：观看人数瞬间冲破10万，是东方甄选10倍
https://new.qq.com/rain/a/20240807A0A81A00

2024-08-09 01:59:22,097 - INFO - EXPIRED
银行存款利率持续下行：大额存单紧俏 警惕黄牛代抢
https://new.qq.com/rain/a/20240808A00PRR00

2024-08-09 01:59:22,097 - INFO - EXPIRED
中国制造的体育用品闪耀巴黎，但为什么很少见老外穿中国的运动装备？
https://view.inews.qq.com/a/20240807Q05REJ00

2024-08-09 01:59:22,097 - INFO - EXPIRED
孟加拉国南部海域两艘船只翻覆 致31人死亡
https://new.qq.com/rain/a/20240808A00F6900

2024-08-09 01:59:22,097 - INFO - EXPIRED
陈思诚的野望：不想当导演的演员不是好观众│独家对谈
https://new.qq.com/rain/a/20240807V09O9N00

2024-08-09 01:59:22,097 - INFO - EXPIRED
一油轮在印尼巴厘岛海域起火爆炸致5死15伤
https://new.qq.com/rain/a/20240808A00AJ600

2024-08-09 01:59:22,097 - INFO - EXPIRED
火车餐车不消费不能坐？12306：确需消费就座 一般低消每人30至50元
https://new.qq.com/rain/a/20240807A09HSE00

2024-08-09 01:59:22,891 - INFO - INVALID
国家统计局：2024年7月份CPI同比涨幅扩大，PPI同比降幅与上月相同
https://new.qq.com/rain/a/20240809A01NR400

2024-08-09 01:59:22,901 - INFO - INVALID
国药股份澄清：与山西奥瑞生物材料有限公司不存在业务往来 也不存在任何关系
https://new.qq.com/rain/a/20240809A013K400

2024-08-09 01:59:22,912 - INFO - INVALID
战场，突然转入俄罗斯境内
https://new.qq.com/rain/a/20240809A00VPI00

2024-08-09 01:59:22,917 - INFO - INVALID
A股三大股指集体高开，白酒股继续反弹茅台高开2%
https://new.qq.com/rain/a/20240809A01NCY00

2024-08-09 01:59:22,922 - ERROR - ERROR
石智勇挺举3次失败无成绩，无缘奥运三连冠，他怎么了？是战术失策了吗？
https://view.inews.qq.com/a/20240809Q00G6P00
('list index out of range',)
======
Traceback (most recent call last):
  File "/home/runner/work/qqnews/qqnews/qq.py", line 81, in process_article
    ss = str(tmpbs.select("div.LEFT div.content.clearfix")[0])
             ~~~~~~~~~~~~~~~~~~~~~~~~~~~~~~~~~~~~~~~~~~~~~^^^
IndexError: list index out of range


2024-08-09 01:59:23,182 - INFO - INVALID
广州网约配送“最严新规”引热议，骑手：不超速就超时，收入可能下降
https://new.qq.com/rain/a/20240809A017MN00

2024-08-09 01:59:23,187 - INFO - INVALID
港股开盘｜恒生指数涨1.22%，恒生科技指数涨2.08%
https://new.qq.com/rain/a/20240809A01LS800

2024-08-09 01:59:23,199 - INFO - INVALID
中国驻朝鲜大使王亚军走访慰问新义州受灾华侨和侨校
https://new.qq.com/rain/a/20240809A00ZHC00

2024-08-09 01:59:23,205 - INFO - INVALID
浙江多地出大招，新房得房率飙升至120%
https://new.qq.com/rain/a/20240809A00V5O00

2024-08-09 01:59:23,209 - INFO - INVALID
以军虐囚视频震惊全球，多个国际组织发表声明：要求以色列政府严肃处理
https://new.qq.com/rain/a/20240809A00LUU00

2024-08-09 01:59:23,468 - INFO - INVALID
以色列安全内阁召开会议 讨论如何应对伊朗和黎真主党袭击
https://new.qq.com/rain/a/20240809A00HT300

2024-08-09 01:59:23,485 - INFO - INVALID
“二师兄”“菜哥”齐涨价，CPI或“六连涨”
https://new.qq.com/rain/a/20240809A003OI00

2024-08-09 01:59:23,506 - INFO - INVALID
卡塔尔、埃及和美国发表联合声明 呼吁重启加沙地带停火谈判
https://new.qq.com/rain/a/20240809A00J1600

2024-08-09 02:34:28,348 - INFO - EXPIRED
一天之内报警297次，并辱骂110接警人员，安徽一62岁男子被拘10天
https://new.qq.com/rain/a/20240808A09FDI00

2024-08-09 02:34:28,348 - INFO - EXPIRED
富士康招工中介称要造车，富士康可以为别人代工汽车吗？技术能力如何？
https://view.inews.qq.com/a/20240808Q09H5A00

2024-08-09 02:34:28,348 - INFO - EXPIRED
日本九州岛发生7.1级地震，九州旁边的“中国地方”是个什么地方？
https://view.inews.qq.com/a/20240808Q06CEU00

2024-08-09 02:34:28,348 - INFO - EXPIRED
村干部亲属晚上驾车将救灾物资搬回家？湖南华容团洲乡：公安介入调查
https://new.qq.com/rain/a/20240808A09QVN00

2024-08-09 02:34:28,348 - INFO - EXPIRED
20岁女孩拖欠房租留1米高垃圾、大狗尸骸，女房东怒发视频：恶心死了
https://new.qq.com/rain/a/20240808A053PX00

2024-08-09 02:34:28,348 - INFO - EXPIRED
广西一高校录取通知书校长签名潦草像“天书”，教育厅：已关注到
https://new.qq.com/rain/a/20240808A099OS00

2024-08-09 02:34:28,348 - INFO - EXPIRED
全国百城二手房均价环比下跌，重点城市房东“以价换量”促成交
https://new.qq.com/rain/a/20240808A09KNW00

2024-08-09 02:34:28,348 - INFO - EXPIRED
海南屯昌一家4姐弟不幸溺亡 父亲：最大的10岁，最小的只有6岁
https://new.qq.com/rain/a/20240808A09IFO00

2024-08-09 02:34:28,348 - INFO - EXPIRED
110米栏中国被淘汰，刘翔20年前奥运纪录仍未破，亚洲再出一个刘翔有多难？
https://view.inews.qq.com/a/20240808Q02HKK00

2024-08-09 02:34:28,348 - INFO - EXPIRED
乌军罕见越境袭俄？普京称又一次“大规模挑衅”，基辅动机引猜测
https://new.qq.com/rain/a/20240808A08ZAY00

2024-08-09 02:34:28,348 - INFO - EXPIRED
7月新能源车市火爆：国内零售渗透率首超50% 9成上市车企销量同比增长
https://new.qq.com/rain/a/20240808A08J5M00

2024-08-09 02:34:28,349 - INFO - EXPIRED
广东工业大学两名研究生午休时在工作室用电脑打游戏被重罚？校方回应
https://new.qq.com/rain/a/20240808A07QU300

2024-08-09 02:34:28,349 - INFO - EXPIRED
38岁男子醉驾电瓶三轮摩托被判拘役4个月，进看守所3天因心跳骤停离世
https://new.qq.com/rain/a/20240808A07NC900

2024-08-09 02:34:28,349 - INFO - EXPIRED
中国男子4x100米接力小组第一进决赛，拿牌希望大吗？对手保留实力了吗？
https://view.inews.qq.com/a/20240808Q07V7900

2024-08-09 02:34:28,349 - INFO - EXPIRED
再见传奇！官方：41岁佩佩宣布退役 结束22年职业生涯
https://new.qq.com/rain/a/20240808A0A37600

2024-08-09 02:34:28,349 - INFO - EXPIRED
长崎市长拒邀以方出席原子弹轰炸日纪念仪式，日内阁官房长官：管不了
https://new.qq.com/rain/a/20240808A09BIP00

2024-08-09 02:34:28,349 - INFO - EXPIRED
华润集团原董事、总经理乔世波突发疾病去世，享年69岁
https://new.qq.com/rain/a/20240808A0A6O900

2024-08-09 02:34:28,349 - INFO - EXPIRED
海南东方市通报“一无人机迫降”：事件未造成人员伤亡
https://new.qq.com/rain/a/20240808A09DKK00

2024-08-09 02:34:28,349 - INFO - EXPIRED
中国花游队夺得队史奥运首金，为何能断层领先？这枚金牌意义有多大？
https://view.inews.qq.com/a/20240808Q00FSK00

2024-08-09 02:34:28,349 - INFO - EXPIRED
二季度财报出炉，中芯国际、华虹半导体净利润均下滑
https://new.qq.com/rain/a/20240808A090S800

2024-08-09 02:34:28,349 - INFO - EXPIRED
中国大使连续在印度媒体发表文章，向印度发出呼吁
https://new.qq.com/rain/a/20240808A064LM00

2024-08-09 02:34:28,349 - INFO - EXPIRED
7月暴雨洪涝和地质灾害致315人死亡失踪
https://new.qq.com/rain/a/20240808A08XZQ00

2024-08-09 02:34:28,349 - INFO - EXPIRED
新“不懂球的胖子”，国羽张军教练引关注，运动员退役后，会迅速发福吗？
https://view.inews.qq.com/a/20240808Q04DR000

2024-08-09 02:34:28,349 - INFO - EXPIRED
贵州茅台：上半年净利润416.96亿元，同比增长15.88%
https://new.qq.com/rain/a/20240808A08MZ600

2024-08-09 02:34:28,349 - INFO - EXPIRED
就算哈里斯赢得大选，美国电动车产业也举步维艰，这条路选对了吗？
https://new.qq.com/rain/a/20240808V08NNC00

2024-08-09 02:34:28,349 - INFO - EXPIRED
曝王丽坤前夫涉诈骗案开庭，还曾给贾青韩樱子转账百万，骗术高超
https://new.qq.com/rain/a/20240808V04HMB00

2024-08-09 02:34:28,349 - INFO - EXPIRED
降息冲击波：全国性银行5年定存利率仅3家超2%，投资者卷向银行理财
https://new.qq.com/rain/a/20240808A07SX900

2024-08-09 02:34:28,349 - INFO - EXPIRED
高三男生遇害、64岁嫌犯被抓获，死者家属：孩子和一个老人上了网约车
https://new.qq.com/rain/a/20240808A05G9300

2024-08-09 02:34:28,349 - INFO - EXPIRED
云南富民县一男子持刀杀人？目击者称死者疑为其妻子，警方：调查中
https://new.qq.com/rain/a/20240808A04D2300

2024-08-09 02:34:28,349 - INFO - EXPIRED
成品油价迎年内最大降幅，加满一箱油少花12元
https://new.qq.com/rain/a/20240808A06L1400

2024-08-09 02:34:28,349 - INFO - EXPIRED
张继科要爆猛料？疑其社交账号称会让所有人知道真相，回应退役原因
https://new.qq.com/rain/a/20240808A057JR00

2024-08-09 02:34:28,349 - INFO - EXPIRED
印度摔跤选手因体重超标被取消资格，运动员是怎么短时间内控制体重的？
https://view.inews.qq.com/a/20240808Q05X4R00

2024-08-09 02:34:28,349 - INFO - EXPIRED
日本九州岛7.1级地震或引发海啸 部分地区浪高预计达1米
https://new.qq.com/rain/a/20240808A05PSU00

2024-08-09 02:34:28,349 - INFO - EXPIRED
中国移动：2024年上半年净利润802亿元 同比增长5.3%
https://new.qq.com/rain/a/20240808A066YX00

2024-08-09 02:34:28,349 - INFO - EXPIRED
京沪高铁人均净利润1.6亿，人效这么高，全国铁路能抄作业吗？
https://view.inews.qq.com/a/20240808Q01XC000

2024-08-09 02:34:28,349 - INFO - EXPIRED
港股收评：恒指涨0.08%，航空、内房股走强，新能源汽车股下挫
https://new.qq.com/rain/a/20240808A05ZUF00

2024-08-09 02:34:28,349 - INFO - EXPIRED
外媒称黎真主党可能单独对以发动袭击，为何不等伊朗？能单独对抗以色列吗？
https://view.inews.qq.com/a/20240808Q03EDM00

2024-08-09 02:34:28,349 - INFO - EXPIRED
中国男子在日本抢走6280万日元名表，刺伤店员致死，在当地机场落网
https://new.qq.com/rain/a/20240808A050IP00

2024-08-09 02:34:28,349 - INFO - EXPIRED
四川一产科病房天花板掉落 院方：床帘长期拉扯导致 已转移产妇和婴儿
https://new.qq.com/rain/a/20240808A03YAM00

2024-08-09 02:34:28,349 - INFO - EXPIRED
刺激消费，全民“发钱”这招可行吗
https://new.qq.com/rain/a/20240807A09JSU00

2024-08-09 02:34:28,349 - INFO - EXPIRED
A股收评：继续调整！沪指平收，维生素、粮食种业板块爆发
https://new.qq.com/rain/a/20240808A058KZ00

2024-08-09 02:34:28,349 - INFO - EXPIRED
女子称双汇火腿肠里有“像眼睛似的异物”，客服：已安排核实处理
https://new.qq.com/rain/a/20240808A048HQ00

2024-08-09 02:34:28,349 - INFO - EXPIRED
网友自曝硕士毕业学位证在邮寄中被撕毁，顺丰紧急回应
https://new.qq.com/rain/a/20240808A04RFP00

2024-08-09 02:34:28,349 - INFO - EXPIRED
国务院安委会赴云南检查：有矿工无特殊作业操作证 设备操作不熟练
https://new.qq.com/rain/a/20240808V04UPU00

2024-08-09 02:34:28,349 - INFO - EXPIRED
实锤！药检阳性不禁赛 世界反兴奋剂机构深度揭批美对违禁运动员操作内幕
https://new.qq.com/rain/a/20240808A040Z600

2024-08-09 02:34:28,349 - INFO - EXPIRED
日本男乒所有项目均未进决赛，队内水平差距大吗？张本智和带不动吗？
https://view.inews.qq.com/a/20240808Q02F9V00

2024-08-09 02:34:28,349 - INFO - EXPIRED
日本7.1级地震监控画面曝光：建筑剧烈摇晃 货架商品散落在地
https://new.qq.com/rain/a/20240808V0658K00

2024-08-09 02:34:28,349 - INFO - EXPIRED
“女子遭气象炮弹砸中截肢”后续：当地正调查人员操作流程及炮弹质量
https://new.qq.com/rain/a/20240808A04ZEO00

2024-08-09 02:34:28,349 - INFO - EXPIRED
罗永浩喊话新东方粉丝：再惹我就把公司30年猛料写成书 让铁老师退休
https://new.qq.com/rain/a/20240808A03ZJN00

2024-08-09 02:34:28,349 - INFO - EXPIRED
青岛“老人地铁上殴打拒绝让座者”目击者发声 ！警方介入
https://new.qq.com/rain/a/20240808A04J0R00

2024-08-09 02:34:28,349 - INFO - EXPIRED
落马干部获刑10年半：曾供养风水大师妄想时来运转，还到处巡山找穴
https://new.qq.com/rain/a/20240808A0486O00

2024-08-09 02:34:28,349 - INFO - EXPIRED
放弃医保的人越来越多？国家出手了
https://new.qq.com/rain/a/20240808A02MNE00

2024-08-09 02:34:28,349 - INFO - EXPIRED
天津一男子持铁锤随意伤人 警方通报：已对其依法采取刑事强制措施
https://new.qq.com/rain/a/20240808A04TR900

2024-08-09 02:34:28,349 - INFO - EXPIRED
“私人换钱”开始游击战，小心外汇兑换黑市，严打“换钱党”
https://new.qq.com/rain/a/20240806V09E1G00

2024-08-09 02:34:28,349 - INFO - EXPIRED
石家庄光伏企业用地未批复罚完仍运行，当地称省市重点项目可补办手续
https://new.qq.com/rain/a/20240808A013MF00

2024-08-09 02:34:28,349 - INFO - EXPIRED
山西大同一科长实名举报副局长，举报人：处理结果避重就轻，我不认可
https://new.qq.com/rain/a/20240807A098JR00

2024-08-09 02:34:28,349 - INFO - EXPIRED
外媒：消息人士称，黎真主党可能“独立于”伊朗意图之外，未来几天对以发动袭击
https://new.qq.com/rain/a/20240808A02A6M00

2024-08-09 02:34:28,349 - INFO - EXPIRED
奇瑞宣称让3人干5人活领4人工资，这是制造业普遍存在的管理绝活吗？
https://view.inews.qq.com/a/20240808Q02IH600

2024-08-09 02:34:28,349 - INFO - EXPIRED
明知违规却“按兵不动”，落实整改“纸来纸去” ——河南登封市“村章乡管”乱象调查
https://new.qq.com/rain/a/20240808A015WY00

2024-08-09 02:34:28,349 - INFO - EXPIRED
日本男乒遭大逆转无缘决赛，张本智和输决胜盘，他们怎么了？心态崩了吗？
https://view.inews.qq.com/a/20240808Q00YGE00

2024-08-09 02:34:28,349 - INFO - EXPIRED
“劝人学医天打雷劈？”“学医一定要读博？”张文宏巧妙解答
https://new.qq.com/rain/a/20240808A00XMC00

2024-08-09 02:34:28,349 - INFO - EXPIRED
留置针软管遗留患儿体内5年后终被取出，类似事件有科室10年发生12起
https://new.qq.com/rain/a/20240808A011ZF00

2024-08-09 02:34:28,349 - INFO - EXPIRED
室内甲醛检测乱象：检测公司称仪器就是道具，加盟商要设法让数据超标
https://new.qq.com/rain/a/20240808A02FMS00

2024-08-09 02:34:28,349 - INFO - EXPIRED
美国宣布对进口自中国的钨弹发起双反调查
https://new.qq.com/rain/a/20240808A02XDC00

2024-08-09 02:34:28,349 - INFO - EXPIRED
人均净利润1.6亿！上市公司京沪高铁总资产2922亿，在职员工73名
https://new.qq.com/rain/a/20240808A012T700

2024-08-09 02:34:28,349 - INFO - EXPIRED
理想汽车高管：未来每年不拿出10亿美金投算力，将会被淘汰
https://new.qq.com/rain/a/20240808A030F300

2024-08-09 02:34:28,350 - INFO - EXPIRED
央行年内首次零逆回购释放强信号， 利率调控方式渐变
https://new.qq.com/rain/a/20240808A027TD00

2024-08-09 02:34:28,350 - INFO - EXPIRED
辽宁本溪一餐厅不吃饭不让司机路过？官方：涉嫌违规经营，已查封
https://new.qq.com/rain/a/20240808A02UYO00

2024-08-09 02:34:28,350 - INFO - EXPIRED
大厂离职进厂打螺丝，我在流水线看到了“人间真实”丨100种人生答案
https://new.qq.com/rain/a/20240808V00V0F00

2024-08-09 02:34:28,350 - INFO - EXPIRED
美国总统之子亨特·拜登被指控接受罗马尼亚商人贿赂
https://new.qq.com/rain/a/20240808A01CGI00

2024-08-09 02:34:28,350 - INFO - EXPIRED
滞留太空美宇航员或明年2月返回
https://new.qq.com/rain/a/20240808A01AJM00

2024-08-09 02:34:28,350 - INFO - EXPIRED
被曝三年内将70%PC终端生产从中国转移？惠普回应：系不实报道
https://new.qq.com/rain/a/20240808A02HHJ00

2024-08-09 02:34:28,350 - INFO - EXPIRED
酒驾嫌疑人被警方带走时，同行者竟暴力围攻民警，涉事三人已被刑拘
https://new.qq.com/rain/a/20240807A09TXM00

2024-08-09 02:34:28,350 - INFO - EXPIRED
如何看待公安机关网安部门打击涉体育饭圈违法犯罪行为？陈梦回应
https://new.qq.com/rain/a/20240808A00O8300

2024-08-09 02:34:28,350 - INFO - EXPIRED
让3个员工干5个人的活？奇瑞：本意是提升效率和员工幸福感
https://new.qq.com/rain/a/20240807A09QH400

2024-08-09 02:34:28,350 - INFO - EXPIRED
日方“认领”中方披露的间谍案例：6名日本人以考察为名非法勘测被捕
https://new.qq.com/rain/a/20240806A067SR00

2024-08-09 02:34:28,350 - INFO - EXPIRED
俄称乌军袭击库尔斯克，系最大规模地面进攻，乌军要全面反攻吗？形势如何了？
https://view.inews.qq.com/a/20240807Q0A9VM00

2024-08-09 02:34:28,350 - INFO - EXPIRED
广州花都宣布买房可享准户口待遇！今年来十余城陆续落地“购房落户”
https://new.qq.com/rain/a/20240808A00XZ900

2024-08-09 02:34:28,350 - INFO - EXPIRED
陕西一交警上班打游戏被停止执行职务！所在大队开会整顿纪律
https://new.qq.com/rain/a/20240808A006IO00

2024-08-09 02:34:28,350 - INFO - EXPIRED
美媒：美军在“距台最近”岛屿部署新型雷达，意图非常明显
https://new.qq.com/rain/a/20240808A00N6400

2024-08-09 02:34:28,350 - INFO - EXPIRED
去库存“王炸”！一线城市开启“以购代建”模式，京沪有望跟进
https://new.qq.com/rain/a/20240807A09Z1Y00

2024-08-09 02:34:28,350 - INFO - EXPIRED
脱离俞敏洪后董宇辉直播首秀：观看人数瞬间冲破10万，是东方甄选10倍
https://new.qq.com/rain/a/20240807A0A81A00

2024-08-09 02:34:28,350 - INFO - EXPIRED
银行存款利率持续下行：大额存单紧俏 警惕黄牛代抢
https://new.qq.com/rain/a/20240808A00PRR00

2024-08-09 02:34:28,350 - INFO - EXPIRED
中国制造的体育用品闪耀巴黎，但为什么很少见老外穿中国的运动装备？
https://view.inews.qq.com/a/20240807Q05REJ00

2024-08-09 02:34:28,350 - INFO - EXPIRED
孟加拉国南部海域两艘船只翻覆 致31人死亡
https://new.qq.com/rain/a/20240808A00F6900

2024-08-09 02:34:28,350 - INFO - EXPIRED
陈思诚的野望：不想当导演的演员不是好观众│独家对谈
https://new.qq.com/rain/a/20240807V09O9N00

2024-08-09 02:34:29,091 - INFO - INVALID
A股三大股指集体高开，白酒股继续反弹茅台高开2%
https://new.qq.com/rain/a/20240809A01NCY00

2024-08-09 02:34:29,097 - INFO - INVALID
战场，突然转入俄罗斯境内
https://new.qq.com/rain/a/20240809A00VPI00

2024-08-09 02:34:29,101 - INFO - INVALID
韩媒：负责调查金建希“收受名牌包”事件反腐官员在家中身亡，现场发现“遗书”
https://new.qq.com/rain/a/20240809A01XPG00

2024-08-09 02:34:29,159 - INFO - INVALID
港股开盘｜恒生指数涨1.22%，恒生科技指数涨2.08%
https://new.qq.com/rain/a/20240809A01LS800

2024-08-09 02:34:29,167 - INFO - INVALID
特朗普：我的直觉比鲍威尔强，总统应该对美联储政策有些发言权
https://new.qq.com/rain/a/20240809A00H0800

2024-08-09 02:34:29,372 - INFO - INVALID
广州网约配送“最严新规”引热议，骑手：不超速就超时，收入可能下降
https://new.qq.com/rain/a/20240809A017MN00

2024-08-09 02:34:29,376 - INFO - INVALID
中国驻朝鲜大使王亚军走访慰问新义州受灾华侨和侨校
https://new.qq.com/rain/a/20240809A00ZHC00

2024-08-09 02:34:29,425 - INFO - INVALID
国家统计局：2024年7月份CPI同比涨幅扩大，PPI同比降幅与上月相同
https://new.qq.com/rain/a/20240809A01NR400

2024-08-09 02:34:29,443 - INFO - INVALID
国药股份澄清：与山西奥瑞生物材料有限公司不存在业务往来 也不存在任何关系
https://new.qq.com/rain/a/20240809A013K400

2024-08-09 02:34:29,600 - INFO - INVALID
浙江多地出大招，新房得房率飙升至120%
https://new.qq.com/rain/a/20240809A00V5O00

2024-08-09 02:34:29,728 - INFO - INVALID
以军虐囚视频震惊全球，多个国际组织发表声明：要求以色列政府严肃处理
https://new.qq.com/rain/a/20240809A00LUU00

2024-08-09 02:34:29,797 - INFO - INVALID
以色列安全内阁召开会议 讨论如何应对伊朗和黎真主党袭击
https://new.qq.com/rain/a/20240809A00HT300

2024-08-09 02:34:30,293 - INFO - INVALID
卡塔尔、埃及和美国发表联合声明 呼吁重启加沙地带停火谈判
https://new.qq.com/rain/a/20240809A00J1600

2024-08-09 02:34:30,408 - ERROR - ERROR
石智勇挺举3次失败无成绩，无缘奥运三连冠，他怎么了？是战术失策了吗？
https://view.inews.qq.com/a/20240809Q00G6P00
('list index out of range',)
======
Traceback (most recent call last):
  File "/home/runner/work/qqnews/qqnews/qq.py", line 81, in process_article
    ss = str(tmpbs.select("div.LEFT div.content.clearfix")[0])
             ~~~~~~~~~~~~~~~~~~~~~~~~~~~~~~~~~~~~~~~~~~~~~^^^
IndexError: list index out of range


2024-08-09 03:00:52,179 - INFO - EXPIRED
一天之内报警297次，并辱骂110接警人员，安徽一62岁男子被拘10天
https://new.qq.com/rain/a/20240808A09FDI00

2024-08-09 03:00:52,179 - INFO - EXPIRED
刘昊然拍“大尺度”新戏减肥20斤、拔掉发际线，陈思诚：他不是偶像派
https://new.qq.com/rain/a/20240808V09O2O00

2024-08-09 03:00:52,179 - INFO - EXPIRED
日本九州岛发生7.1级地震，九州旁边的“中国地方”是个什么地方？
https://view.inews.qq.com/a/20240808Q06CEU00

2024-08-09 03:00:52,179 - INFO - EXPIRED
村干部亲属晚上驾车将救灾物资搬回家？湖南华容团洲乡：公安介入调查
https://new.qq.com/rain/a/20240808A09QVN00

2024-08-09 03:00:52,179 - INFO - EXPIRED
20岁女孩拖欠房租留1米高垃圾、大狗尸骸，女房东怒发视频：恶心死了
https://new.qq.com/rain/a/20240808A053PX00

2024-08-09 03:00:52,179 - INFO - EXPIRED
富士康招工中介称要造车，富士康可以为别人代工汽车吗？技术能力如何？
https://view.inews.qq.com/a/20240808Q09H5A00

2024-08-09 03:00:52,179 - INFO - EXPIRED
广西一高校录取通知书校长签名潦草像“天书”，教育厅：已关注到
https://new.qq.com/rain/a/20240808A099OS00

2024-08-09 03:00:52,179 - INFO - EXPIRED
全国百城二手房均价环比下跌，重点城市房东“以价换量”促成交
https://new.qq.com/rain/a/20240808A09KNW00

2024-08-09 03:00:52,179 - INFO - EXPIRED
海南屯昌一家4姐弟不幸溺亡 父亲：最大的10岁，最小的只有6岁
https://new.qq.com/rain/a/20240808A09IFO00

2024-08-09 03:00:52,179 - INFO - EXPIRED
110米栏中国被淘汰，刘翔20年前奥运纪录仍未破，亚洲再出一个刘翔有多难？
https://view.inews.qq.com/a/20240808Q02HKK00

2024-08-09 03:00:52,179 - INFO - EXPIRED
乌军罕见越境袭俄？普京称又一次“大规模挑衅”，基辅动机引猜测
https://new.qq.com/rain/a/20240808A08ZAY00

2024-08-09 03:00:52,179 - INFO - EXPIRED
7月新能源车市火爆：国内零售渗透率首超50% 9成上市车企销量同比增长
https://new.qq.com/rain/a/20240808A08J5M00

2024-08-09 03:00:52,179 - INFO - EXPIRED
广东工业大学两名研究生午休时在工作室用电脑打游戏被重罚？校方回应
https://new.qq.com/rain/a/20240808A07QU300

2024-08-09 03:00:52,179 - INFO - EXPIRED
38岁男子醉驾电瓶三轮摩托被判拘役4个月，进看守所3天因心跳骤停离世
https://new.qq.com/rain/a/20240808A07NC900

2024-08-09 03:00:52,179 - INFO - EXPIRED
中国男子4x100米接力小组第一进决赛，拿牌希望大吗？对手保留实力了吗？
https://view.inews.qq.com/a/20240808Q07V7900

2024-08-09 03:00:52,179 - INFO - EXPIRED
再见传奇！官方：41岁佩佩宣布退役 结束22年职业生涯
https://new.qq.com/rain/a/20240808A0A37600

2024-08-09 03:00:52,179 - INFO - EXPIRED
长崎市长拒邀以方出席原子弹轰炸日纪念仪式，日内阁官房长官：管不了
https://new.qq.com/rain/a/20240808A09BIP00

2024-08-09 03:00:52,179 - INFO - EXPIRED
华润集团原董事、总经理乔世波突发疾病去世，享年69岁
https://new.qq.com/rain/a/20240808A0A6O900

2024-08-09 03:00:52,179 - INFO - EXPIRED
海南东方市通报“一无人机迫降”：事件未造成人员伤亡
https://new.qq.com/rain/a/20240808A09DKK00

2024-08-09 03:00:52,179 - INFO - EXPIRED
中国花游队夺得队史奥运首金，为何能断层领先？这枚金牌意义有多大？
https://view.inews.qq.com/a/20240808Q00FSK00

2024-08-09 03:00:52,179 - INFO - EXPIRED
二季度财报出炉，中芯国际、华虹半导体净利润均下滑
https://new.qq.com/rain/a/20240808A090S800

2024-08-09 03:00:52,179 - INFO - EXPIRED
中国大使连续在印度媒体发表文章，向印度发出呼吁
https://new.qq.com/rain/a/20240808A064LM00

2024-08-09 03:00:52,179 - INFO - EXPIRED
7月暴雨洪涝和地质灾害致315人死亡失踪
https://new.qq.com/rain/a/20240808A08XZQ00

2024-08-09 03:00:52,179 - INFO - EXPIRED
新“不懂球的胖子”，国羽张军教练引关注，运动员退役后，会迅速发福吗？
https://view.inews.qq.com/a/20240808Q04DR000

2024-08-09 03:00:52,179 - INFO - EXPIRED
贵州茅台：上半年净利润416.96亿元，同比增长15.88%
https://new.qq.com/rain/a/20240808A08MZ600

2024-08-09 03:00:52,179 - INFO - EXPIRED
就算哈里斯赢得大选，美国电动车产业也举步维艰，这条路选对了吗？
https://new.qq.com/rain/a/20240808V08NNC00

2024-08-09 03:00:52,179 - INFO - EXPIRED
曝王丽坤前夫涉诈骗案开庭，还曾给贾青韩樱子转账百万，骗术高超
https://new.qq.com/rain/a/20240808V04HMB00

2024-08-09 03:00:52,179 - INFO - EXPIRED
降息冲击波：全国性银行5年定存利率仅3家超2%，投资者卷向银行理财
https://new.qq.com/rain/a/20240808A07SX900

2024-08-09 03:00:52,179 - INFO - EXPIRED
高三男生遇害、64岁嫌犯被抓获，死者家属：孩子和一个老人上了网约车
https://new.qq.com/rain/a/20240808A05G9300

2024-08-09 03:00:52,179 - INFO - EXPIRED
云南富民县一男子持刀杀人？目击者称死者疑为其妻子，警方：调查中
https://new.qq.com/rain/a/20240808A04D2300

2024-08-09 03:00:52,179 - INFO - EXPIRED
成品油价迎年内最大降幅，加满一箱油少花12元
https://new.qq.com/rain/a/20240808A06L1400

2024-08-09 03:00:52,179 - INFO - EXPIRED
张继科要爆猛料？疑其社交账号称会让所有人知道真相，回应退役原因
https://new.qq.com/rain/a/20240808A057JR00

2024-08-09 03:00:52,179 - INFO - EXPIRED
印度摔跤选手因体重超标被取消资格，运动员是怎么短时间内控制体重的？
https://view.inews.qq.com/a/20240808Q05X4R00

2024-08-09 03:00:52,179 - INFO - EXPIRED
日本九州岛7.1级地震或引发海啸 部分地区浪高预计达1米
https://new.qq.com/rain/a/20240808A05PSU00

2024-08-09 03:00:52,179 - INFO - EXPIRED
中国移动：2024年上半年净利润802亿元 同比增长5.3%
https://new.qq.com/rain/a/20240808A066YX00

2024-08-09 03:00:52,180 - INFO - EXPIRED
京沪高铁人均净利润1.6亿，人效这么高，全国铁路能抄作业吗？
https://view.inews.qq.com/a/20240808Q01XC000

2024-08-09 03:00:52,180 - INFO - EXPIRED
港股收评：恒指涨0.08%，航空、内房股走强，新能源汽车股下挫
https://new.qq.com/rain/a/20240808A05ZUF00

2024-08-09 03:00:52,180 - INFO - EXPIRED
外媒称黎真主党可能单独对以发动袭击，为何不等伊朗？能单独对抗以色列吗？
https://view.inews.qq.com/a/20240808Q03EDM00

2024-08-09 03:00:52,180 - INFO - EXPIRED
中国男子在日本抢走6280万日元名表，刺伤店员致死，在当地机场落网
https://new.qq.com/rain/a/20240808A050IP00

2024-08-09 03:00:52,180 - INFO - EXPIRED
四川一产科病房天花板掉落 院方：床帘长期拉扯导致 已转移产妇和婴儿
https://new.qq.com/rain/a/20240808A03YAM00

2024-08-09 03:00:52,180 - INFO - EXPIRED
刺激消费，全民“发钱”这招可行吗
https://new.qq.com/rain/a/20240807A09JSU00

2024-08-09 03:00:52,180 - INFO - EXPIRED
A股收评：继续调整！沪指平收，维生素、粮食种业板块爆发
https://new.qq.com/rain/a/20240808A058KZ00

2024-08-09 03:00:52,180 - INFO - EXPIRED
女子称双汇火腿肠里有“像眼睛似的异物”，客服：已安排核实处理
https://new.qq.com/rain/a/20240808A048HQ00

2024-08-09 03:00:52,180 - INFO - EXPIRED
网友自曝硕士毕业学位证在邮寄中被撕毁，顺丰紧急回应
https://new.qq.com/rain/a/20240808A04RFP00

2024-08-09 03:00:52,180 - INFO - EXPIRED
国务院安委会赴云南检查：有矿工无特殊作业操作证 设备操作不熟练
https://new.qq.com/rain/a/20240808V04UPU00

2024-08-09 03:00:52,180 - INFO - EXPIRED
实锤！药检阳性不禁赛 世界反兴奋剂机构深度揭批美对违禁运动员操作内幕
https://new.qq.com/rain/a/20240808A040Z600

2024-08-09 03:00:52,180 - INFO - EXPIRED
日本男乒所有项目均未进决赛，队内水平差距大吗？张本智和带不动吗？
https://view.inews.qq.com/a/20240808Q02F9V00

2024-08-09 03:00:52,180 - INFO - EXPIRED
日本7.1级地震监控画面曝光：建筑剧烈摇晃 货架商品散落在地
https://new.qq.com/rain/a/20240808V0658K00

2024-08-09 03:00:52,180 - INFO - EXPIRED
“女子遭气象炮弹砸中截肢”后续：当地正调查人员操作流程及炮弹质量
https://new.qq.com/rain/a/20240808A04ZEO00

2024-08-09 03:00:52,180 - INFO - EXPIRED
罗永浩喊话新东方粉丝：再惹我就把公司30年猛料写成书 让铁老师退休
https://new.qq.com/rain/a/20240808A03ZJN00

2024-08-09 03:00:52,180 - INFO - EXPIRED
青岛“老人地铁上殴打拒绝让座者”目击者发声 ！警方介入
https://new.qq.com/rain/a/20240808A04J0R00

2024-08-09 03:00:52,180 - INFO - EXPIRED
落马干部获刑10年半：曾供养风水大师妄想时来运转，还到处巡山找穴
https://new.qq.com/rain/a/20240808A0486O00

2024-08-09 03:00:52,180 - INFO - EXPIRED
放弃医保的人越来越多？国家出手了
https://new.qq.com/rain/a/20240808A02MNE00

2024-08-09 03:00:52,180 - INFO - EXPIRED
天津一男子持铁锤随意伤人 警方通报：已对其依法采取刑事强制措施
https://new.qq.com/rain/a/20240808A04TR900

2024-08-09 03:00:52,180 - INFO - EXPIRED
“私人换钱”开始游击战，小心外汇兑换黑市，严打“换钱党”
https://new.qq.com/rain/a/20240806V09E1G00

2024-08-09 03:00:52,180 - INFO - EXPIRED
石家庄光伏企业用地未批复罚完仍运行，当地称省市重点项目可补办手续
https://new.qq.com/rain/a/20240808A013MF00

2024-08-09 03:00:52,180 - INFO - EXPIRED
山西大同一科长实名举报副局长，举报人：处理结果避重就轻，我不认可
https://new.qq.com/rain/a/20240807A098JR00

2024-08-09 03:00:52,180 - INFO - EXPIRED
外媒：消息人士称，黎真主党可能“独立于”伊朗意图之外，未来几天对以发动袭击
https://new.qq.com/rain/a/20240808A02A6M00

2024-08-09 03:00:52,180 - INFO - EXPIRED
奇瑞宣称让3人干5人活领4人工资，这是制造业普遍存在的管理绝活吗？
https://view.inews.qq.com/a/20240808Q02IH600

2024-08-09 03:00:52,180 - INFO - EXPIRED
明知违规却“按兵不动”，落实整改“纸来纸去” ——河南登封市“村章乡管”乱象调查
https://new.qq.com/rain/a/20240808A015WY00

2024-08-09 03:00:52,180 - INFO - EXPIRED
日本男乒遭大逆转无缘决赛，张本智和输决胜盘，他们怎么了？心态崩了吗？
https://view.inews.qq.com/a/20240808Q00YGE00

2024-08-09 03:00:52,180 - INFO - EXPIRED
“劝人学医天打雷劈？”“学医一定要读博？”张文宏巧妙解答
https://new.qq.com/rain/a/20240808A00XMC00

2024-08-09 03:00:52,180 - INFO - EXPIRED
留置针软管遗留患儿体内5年后终被取出，类似事件有科室10年发生12起
https://new.qq.com/rain/a/20240808A011ZF00

2024-08-09 03:00:52,180 - INFO - EXPIRED
室内甲醛检测乱象：检测公司称仪器就是道具，加盟商要设法让数据超标
https://new.qq.com/rain/a/20240808A02FMS00

2024-08-09 03:00:52,180 - INFO - EXPIRED
美国宣布对进口自中国的钨弹发起双反调查
https://new.qq.com/rain/a/20240808A02XDC00

2024-08-09 03:00:52,180 - INFO - EXPIRED
人均净利润1.6亿！上市公司京沪高铁总资产2922亿，在职员工73名
https://new.qq.com/rain/a/20240808A012T700

2024-08-09 03:00:52,180 - INFO - EXPIRED
理想汽车高管：未来每年不拿出10亿美金投算力，将会被淘汰
https://new.qq.com/rain/a/20240808A030F300

2024-08-09 03:00:52,180 - INFO - EXPIRED
央行年内首次零逆回购释放强信号， 利率调控方式渐变
https://new.qq.com/rain/a/20240808A027TD00

2024-08-09 03:00:52,180 - INFO - EXPIRED
辽宁本溪一餐厅不吃饭不让司机路过？官方：涉嫌违规经营，已查封
https://new.qq.com/rain/a/20240808A02UYO00

2024-08-09 03:00:52,180 - INFO - EXPIRED
大厂离职进厂打螺丝，我在流水线看到了“人间真实”丨100种人生答案
https://new.qq.com/rain/a/20240808V00V0F00

2024-08-09 03:00:52,180 - INFO - EXPIRED
美国总统之子亨特·拜登被指控接受罗马尼亚商人贿赂
https://new.qq.com/rain/a/20240808A01CGI00

2024-08-09 03:00:52,180 - INFO - EXPIRED
滞留太空美宇航员或明年2月返回
https://new.qq.com/rain/a/20240808A01AJM00

2024-08-09 03:00:52,180 - INFO - EXPIRED
被曝三年内将70%PC终端生产从中国转移？惠普回应：系不实报道
https://new.qq.com/rain/a/20240808A02HHJ00

2024-08-09 03:00:52,180 - INFO - EXPIRED
酒驾嫌疑人被警方带走时，同行者竟暴力围攻民警，涉事三人已被刑拘
https://new.qq.com/rain/a/20240807A09TXM00

2024-08-09 03:00:52,180 - INFO - EXPIRED
如何看待公安机关网安部门打击涉体育饭圈违法犯罪行为？陈梦回应
https://new.qq.com/rain/a/20240808A00O8300

2024-08-09 03:00:52,180 - INFO - EXPIRED
让3个员工干5个人的活？奇瑞：本意是提升效率和员工幸福感
https://new.qq.com/rain/a/20240807A09QH400

2024-08-09 03:00:52,180 - INFO - EXPIRED
日方“认领”中方披露的间谍案例：6名日本人以考察为名非法勘测被捕
https://new.qq.com/rain/a/20240806A067SR00

2024-08-09 03:00:52,180 - INFO - EXPIRED
俄称乌军袭击库尔斯克，系最大规模地面进攻，乌军要全面反攻吗？形势如何了？
https://view.inews.qq.com/a/20240807Q0A9VM00

2024-08-09 03:00:52,180 - INFO - EXPIRED
广州花都宣布买房可享准户口待遇！今年来十余城陆续落地“购房落户”
https://new.qq.com/rain/a/20240808A00XZ900

2024-08-09 03:00:52,180 - INFO - EXPIRED
陕西一交警上班打游戏被停止执行职务！所在大队开会整顿纪律
https://new.qq.com/rain/a/20240808A006IO00

2024-08-09 03:00:52,180 - INFO - EXPIRED
美媒：美军在“距台最近”岛屿部署新型雷达，意图非常明显
https://new.qq.com/rain/a/20240808A00N6400

2024-08-09 03:00:52,180 - INFO - EXPIRED
去库存“王炸”！一线城市开启“以购代建”模式，京沪有望跟进
https://new.qq.com/rain/a/20240807A09Z1Y00

2024-08-09 03:00:52,180 - INFO - EXPIRED
脱离俞敏洪后董宇辉直播首秀：观看人数瞬间冲破10万，是东方甄选10倍
https://new.qq.com/rain/a/20240807A0A81A00

2024-08-09 03:00:52,900 - INFO - INVALID
14岁女孩被人殴打后跳桥：摔伤正在治疗，嫌疑人被采取刑事强制措施
https://new.qq.com/rain/a/20240809A029NJ00

2024-08-09 03:00:52,905 - INFO - INVALID
留学申请文书竟成反华“投名状”，国家安全部提醒
https://new.qq.com/rain/a/20240809A01U4200

2024-08-09 03:00:52,910 - INFO - INVALID
浙江一19岁小伙涉“非法侵入住宅”罪将开庭，坚称与女租客无肢体接触
https://new.qq.com/rain/a/20240809A02CXZ00

2024-08-09 03:00:52,916 - INFO - INVALID
战场，突然转入俄罗斯境内
https://new.qq.com/rain/a/20240809A00VPI00

2024-08-09 03:00:52,919 - INFO - INVALID
韩媒：负责调查金建希“收受名牌包”事件反腐官员在家中身亡，现场发现“遗书”
https://new.qq.com/rain/a/20240809A01XPG00

2024-08-09 03:00:53,190 - INFO - INVALID
港股开盘｜恒生指数涨1.22%，恒生科技指数涨2.08%
https://new.qq.com/rain/a/20240809A01LS800

2024-08-09 03:00:53,196 - INFO - INVALID
国药股份澄清：与山西奥瑞生物材料有限公司不存在业务往来 也不存在任何关系
https://new.qq.com/rain/a/20240809A013K400

2024-08-09 03:00:53,207 - INFO - INVALID
特朗普：我的直觉比鲍威尔强，总统应该对美联储政策有些发言权
https://new.qq.com/rain/a/20240809A00H0800

2024-08-09 03:00:53,218 - INFO - INVALID
中国驻朝鲜大使王亚军走访慰问新义州受灾华侨和侨校
https://new.qq.com/rain/a/20240809A00ZHC00

2024-08-09 03:00:53,273 - INFO - INVALID
A股三大股指集体高开，白酒股继续反弹茅台高开2%
https://new.qq.com/rain/a/20240809A01NCY00

2024-08-09 03:00:53,478 - INFO - INVALID
国家统计局：2024年7月份CPI同比涨幅扩大，PPI同比降幅与上月相同
https://new.qq.com/rain/a/20240809A01NR400

2024-08-09 03:00:53,491 - INFO - INVALID
浙江多地出大招，新房得房率飙升至120%
https://new.qq.com/rain/a/20240809A00V5O00

2024-08-09 03:00:53,551 - INFO - INVALID
广州网约配送“最严新规”引热议，骑手：不超速就超时，收入可能下降
https://new.qq.com/rain/a/20240809A017MN00

2024-08-09 03:00:53,783 - INFO - INVALID
以色列安全内阁召开会议 讨论如何应对伊朗和黎真主党袭击
https://new.qq.com/rain/a/20240809A00HT300

2024-08-09 03:00:53,811 - INFO - INVALID
卡塔尔、埃及和美国发表联合声明 呼吁重启加沙地带停火谈判
https://new.qq.com/rain/a/20240809A00J1600

2024-08-09 03:00:53,833 - INFO - INVALID
以军虐囚视频震惊全球，多个国际组织发表声明：要求以色列政府严肃处理
https://new.qq.com/rain/a/20240809A00LUU00

2024-08-09 03:00:54,326 - ERROR - ERROR
石智勇挺举3次失败无成绩，无缘奥运三连冠，他怎么了？是战术失策了吗？
https://view.inews.qq.com/a/20240809Q00G6P00
('list index out of range',)
======
Traceback (most recent call last):
  File "/home/runner/work/qqnews/qqnews/qq.py", line 81, in process_article
    ss = str(tmpbs.select("div.LEFT div.content.clearfix")[0])
             ~~~~~~~~~~~~~~~~~~~~~~~~~~~~~~~~~~~~~~~~~~~~~^^^
IndexError: list index out of range


2024-08-09 04:00:52,606 - INFO - EXPIRED
城市更新来了 城投企业：有活可干 有利可图 有冲动去借款
https://new.qq.com/rain/a/20240808A0A5JH00

2024-08-09 04:00:52,607 - INFO - EXPIRED
刘昊然拍“大尺度”新戏减肥20斤、拔掉发际线，陈思诚：他不是偶像派
https://new.qq.com/rain/a/20240808V09O2O00

2024-08-09 04:00:52,607 - INFO - EXPIRED
日本九州岛发生7.1级地震，九州旁边的“中国地方”是个什么地方？
https://view.inews.qq.com/a/20240808Q06CEU00

2024-08-09 04:00:52,607 - INFO - EXPIRED
村干部亲属晚上驾车将救灾物资搬回家？湖南华容团洲乡：公安介入调查
https://new.qq.com/rain/a/20240808A09QVN00

2024-08-09 04:00:52,607 - INFO - EXPIRED
一天之内报警297次，并辱骂110接警人员，安徽一62岁男子被拘10天
https://new.qq.com/rain/a/20240808A09FDI00

2024-08-09 04:00:52,607 - INFO - EXPIRED
20岁女孩拖欠房租留1米高垃圾、大狗尸骸，女房东怒发视频：恶心死了
https://new.qq.com/rain/a/20240808A053PX00

2024-08-09 04:00:52,607 - INFO - EXPIRED
富士康招工中介称要造车，富士康可以为别人代工汽车吗？技术能力如何？
https://view.inews.qq.com/a/20240808Q09H5A00

2024-08-09 04:00:52,607 - INFO - EXPIRED
广西一高校录取通知书校长签名潦草像“天书”，教育厅：已关注到
https://new.qq.com/rain/a/20240808A099OS00

2024-08-09 04:00:52,607 - INFO - EXPIRED
全国百城二手房均价环比下跌，重点城市房东“以价换量”促成交
https://new.qq.com/rain/a/20240808A09KNW00

2024-08-09 04:00:52,607 - INFO - EXPIRED
海南屯昌一家4姐弟不幸溺亡 父亲：最大的10岁，最小的只有6岁
https://new.qq.com/rain/a/20240808A09IFO00

2024-08-09 04:00:52,607 - INFO - EXPIRED
110米栏中国被淘汰，刘翔20年前奥运纪录仍未破，亚洲再出一个刘翔有多难？
https://view.inews.qq.com/a/20240808Q02HKK00

2024-08-09 04:00:52,607 - INFO - EXPIRED
乌军罕见越境袭俄？普京称又一次“大规模挑衅”，基辅动机引猜测
https://new.qq.com/rain/a/20240808A08ZAY00

2024-08-09 04:00:52,607 - INFO - EXPIRED
7月新能源车市火爆：国内零售渗透率首超50% 9成上市车企销量同比增长
https://new.qq.com/rain/a/20240808A08J5M00

2024-08-09 04:00:52,607 - INFO - EXPIRED
广东工业大学两名研究生午休时在工作室用电脑打游戏被重罚？校方回应
https://new.qq.com/rain/a/20240808A07QU300

2024-08-09 04:00:52,607 - INFO - EXPIRED
38岁男子醉驾电瓶三轮摩托被判拘役4个月，进看守所3天因心跳骤停离世
https://new.qq.com/rain/a/20240808A07NC900

2024-08-09 04:00:52,607 - INFO - EXPIRED
中国男子4x100米接力小组第一进决赛，拿牌希望大吗？对手保留实力了吗？
https://view.inews.qq.com/a/20240808Q07V7900

2024-08-09 04:00:52,607 - INFO - EXPIRED
再见传奇！官方：41岁佩佩宣布退役 结束22年职业生涯
https://new.qq.com/rain/a/20240808A0A37600

2024-08-09 04:00:52,607 - INFO - EXPIRED
长崎市长拒邀以方出席原子弹轰炸日纪念仪式，日内阁官房长官：管不了
https://new.qq.com/rain/a/20240808A09BIP00

2024-08-09 04:00:52,607 - INFO - EXPIRED
华润集团原董事、总经理乔世波突发疾病去世，享年69岁
https://new.qq.com/rain/a/20240808A0A6O900

2024-08-09 04:00:52,607 - INFO - EXPIRED
海南东方市通报“一无人机迫降”：事件未造成人员伤亡
https://new.qq.com/rain/a/20240808A09DKK00

2024-08-09 04:00:52,607 - INFO - EXPIRED
中国花游队夺得队史奥运首金，为何能断层领先？这枚金牌意义有多大？
https://view.inews.qq.com/a/20240808Q00FSK00

2024-08-09 04:00:52,607 - INFO - EXPIRED
二季度财报出炉，中芯国际、华虹半导体净利润均下滑
https://new.qq.com/rain/a/20240808A090S800

2024-08-09 04:00:52,607 - INFO - EXPIRED
中国大使连续在印度媒体发表文章，向印度发出呼吁
https://new.qq.com/rain/a/20240808A064LM00

2024-08-09 04:00:52,607 - INFO - EXPIRED
7月暴雨洪涝和地质灾害致315人死亡失踪
https://new.qq.com/rain/a/20240808A08XZQ00

2024-08-09 04:00:52,607 - INFO - EXPIRED
新“不懂球的胖子”，国羽张军教练引关注，运动员退役后，会迅速发福吗？
https://view.inews.qq.com/a/20240808Q04DR000

2024-08-09 04:00:52,607 - INFO - EXPIRED
贵州茅台：上半年净利润416.96亿元，同比增长15.88%
https://new.qq.com/rain/a/20240808A08MZ600

2024-08-09 04:00:52,607 - INFO - EXPIRED
就算哈里斯赢得大选，美国电动车产业也举步维艰，这条路选对了吗？
https://new.qq.com/rain/a/20240808V08NNC00

2024-08-09 04:00:52,607 - INFO - EXPIRED
曝王丽坤前夫涉诈骗案开庭，还曾给贾青韩樱子转账百万，骗术高超
https://new.qq.com/rain/a/20240808V04HMB00

2024-08-09 04:00:52,607 - INFO - EXPIRED
降息冲击波：全国性银行5年定存利率仅3家超2%，投资者卷向银行理财
https://new.qq.com/rain/a/20240808A07SX900

2024-08-09 04:00:52,607 - INFO - EXPIRED
高三男生遇害、64岁嫌犯被抓获，死者家属：孩子和一个老人上了网约车
https://new.qq.com/rain/a/20240808A05G9300

2024-08-09 04:00:52,607 - INFO - EXPIRED
云南富民县一男子持刀杀人？目击者称死者疑为其妻子，警方：调查中
https://new.qq.com/rain/a/20240808A04D2300

2024-08-09 04:00:52,607 - INFO - EXPIRED
成品油价迎年内最大降幅，加满一箱油少花12元
https://new.qq.com/rain/a/20240808A06L1400

2024-08-09 04:00:52,607 - INFO - EXPIRED
张继科要爆猛料？疑其社交账号称会让所有人知道真相，回应退役原因
https://new.qq.com/rain/a/20240808A057JR00

2024-08-09 04:00:52,607 - INFO - EXPIRED
印度摔跤选手因体重超标被取消资格，运动员是怎么短时间内控制体重的？
https://view.inews.qq.com/a/20240808Q05X4R00

2024-08-09 04:00:52,607 - INFO - EXPIRED
日本九州岛7.1级地震或引发海啸 部分地区浪高预计达1米
https://new.qq.com/rain/a/20240808A05PSU00

2024-08-09 04:00:52,607 - INFO - EXPIRED
中国移动：2024年上半年净利润802亿元 同比增长5.3%
https://new.qq.com/rain/a/20240808A066YX00

2024-08-09 04:00:52,607 - INFO - EXPIRED
京沪高铁人均净利润1.6亿，人效这么高，全国铁路能抄作业吗？
https://view.inews.qq.com/a/20240808Q01XC000

2024-08-09 04:00:52,607 - INFO - EXPIRED
港股收评：恒指涨0.08%，航空、内房股走强，新能源汽车股下挫
https://new.qq.com/rain/a/20240808A05ZUF00

2024-08-09 04:00:52,607 - INFO - EXPIRED
外媒称黎真主党可能单独对以发动袭击，为何不等伊朗？能单独对抗以色列吗？
https://view.inews.qq.com/a/20240808Q03EDM00

2024-08-09 04:00:52,607 - INFO - EXPIRED
中国男子在日本抢走6280万日元名表，刺伤店员致死，在当地机场落网
https://new.qq.com/rain/a/20240808A050IP00

2024-08-09 04:00:52,607 - INFO - EXPIRED
四川一产科病房天花板掉落 院方：床帘长期拉扯导致 已转移产妇和婴儿
https://new.qq.com/rain/a/20240808A03YAM00

2024-08-09 04:00:52,607 - INFO - EXPIRED
刺激消费，全民“发钱”这招可行吗
https://new.qq.com/rain/a/20240807A09JSU00

2024-08-09 04:00:52,607 - INFO - EXPIRED
A股收评：继续调整！沪指平收，维生素、粮食种业板块爆发
https://new.qq.com/rain/a/20240808A058KZ00

2024-08-09 04:00:52,607 - INFO - EXPIRED
女子称双汇火腿肠里有“像眼睛似的异物”，客服：已安排核实处理
https://new.qq.com/rain/a/20240808A048HQ00

2024-08-09 04:00:52,607 - INFO - EXPIRED
网友自曝硕士毕业学位证在邮寄中被撕毁，顺丰紧急回应
https://new.qq.com/rain/a/20240808A04RFP00

2024-08-09 04:00:52,607 - INFO - EXPIRED
国务院安委会赴云南检查：有矿工无特殊作业操作证 设备操作不熟练
https://new.qq.com/rain/a/20240808V04UPU00

2024-08-09 04:00:52,608 - INFO - EXPIRED
实锤！药检阳性不禁赛 世界反兴奋剂机构深度揭批美对违禁运动员操作内幕
https://new.qq.com/rain/a/20240808A040Z600

2024-08-09 04:00:52,608 - INFO - EXPIRED
日本男乒所有项目均未进决赛，队内水平差距大吗？张本智和带不动吗？
https://view.inews.qq.com/a/20240808Q02F9V00

2024-08-09 04:00:52,608 - INFO - EXPIRED
日本7.1级地震监控画面曝光：建筑剧烈摇晃 货架商品散落在地
https://new.qq.com/rain/a/20240808V0658K00

2024-08-09 04:00:52,608 - INFO - EXPIRED
“女子遭气象炮弹砸中截肢”后续：当地正调查人员操作流程及炮弹质量
https://new.qq.com/rain/a/20240808A04ZEO00

2024-08-09 04:00:52,608 - INFO - EXPIRED
罗永浩喊话新东方粉丝：再惹我就把公司30年猛料写成书 让铁老师退休
https://new.qq.com/rain/a/20240808A03ZJN00

2024-08-09 04:00:52,608 - INFO - EXPIRED
青岛“老人地铁上殴打拒绝让座者”目击者发声 ！警方介入
https://new.qq.com/rain/a/20240808A04J0R00

2024-08-09 04:00:52,608 - INFO - EXPIRED
落马干部获刑10年半：曾供养风水大师妄想时来运转，还到处巡山找穴
https://new.qq.com/rain/a/20240808A0486O00

2024-08-09 04:00:52,608 - INFO - EXPIRED
放弃医保的人越来越多？国家出手了
https://new.qq.com/rain/a/20240808A02MNE00

2024-08-09 04:00:52,608 - INFO - EXPIRED
天津一男子持铁锤随意伤人 警方通报：已对其依法采取刑事强制措施
https://new.qq.com/rain/a/20240808A04TR900

2024-08-09 04:00:52,608 - INFO - EXPIRED
“私人换钱”开始游击战，小心外汇兑换黑市，严打“换钱党”
https://new.qq.com/rain/a/20240806V09E1G00

2024-08-09 04:00:52,608 - INFO - EXPIRED
石家庄光伏企业用地未批复罚完仍运行，当地称省市重点项目可补办手续
https://new.qq.com/rain/a/20240808A013MF00

2024-08-09 04:00:52,608 - INFO - EXPIRED
山西大同一科长实名举报副局长，举报人：处理结果避重就轻，我不认可
https://new.qq.com/rain/a/20240807A098JR00

2024-08-09 04:00:52,608 - INFO - EXPIRED
外媒：消息人士称，黎真主党可能“独立于”伊朗意图之外，未来几天对以发动袭击
https://new.qq.com/rain/a/20240808A02A6M00

2024-08-09 04:00:52,608 - INFO - EXPIRED
奇瑞宣称让3人干5人活领4人工资，这是制造业普遍存在的管理绝活吗？
https://view.inews.qq.com/a/20240808Q02IH600

2024-08-09 04:00:52,608 - INFO - EXPIRED
明知违规却“按兵不动”，落实整改“纸来纸去” ——河南登封市“村章乡管”乱象调查
https://new.qq.com/rain/a/20240808A015WY00

2024-08-09 04:00:52,608 - INFO - EXPIRED
日本男乒遭大逆转无缘决赛，张本智和输决胜盘，他们怎么了？心态崩了吗？
https://view.inews.qq.com/a/20240808Q00YGE00

2024-08-09 04:00:52,608 - INFO - EXPIRED
“劝人学医天打雷劈？”“学医一定要读博？”张文宏巧妙解答
https://new.qq.com/rain/a/20240808A00XMC00

2024-08-09 04:00:52,608 - INFO - EXPIRED
留置针软管遗留患儿体内5年后终被取出，类似事件有科室10年发生12起
https://new.qq.com/rain/a/20240808A011ZF00

2024-08-09 04:00:52,608 - INFO - EXPIRED
室内甲醛检测乱象：检测公司称仪器就是道具，加盟商要设法让数据超标
https://new.qq.com/rain/a/20240808A02FMS00

2024-08-09 04:00:52,608 - INFO - EXPIRED
美国宣布对进口自中国的钨弹发起双反调查
https://new.qq.com/rain/a/20240808A02XDC00

2024-08-09 04:00:52,608 - INFO - EXPIRED
人均净利润1.6亿！上市公司京沪高铁总资产2922亿，在职员工73名
https://new.qq.com/rain/a/20240808A012T700

2024-08-09 04:00:52,608 - INFO - EXPIRED
理想汽车高管：未来每年不拿出10亿美金投算力，将会被淘汰
https://new.qq.com/rain/a/20240808A030F300

2024-08-09 04:00:52,608 - INFO - EXPIRED
央行年内首次零逆回购释放强信号， 利率调控方式渐变
https://new.qq.com/rain/a/20240808A027TD00

2024-08-09 04:00:52,608 - INFO - EXPIRED
辽宁本溪一餐厅不吃饭不让司机路过？官方：涉嫌违规经营，已查封
https://new.qq.com/rain/a/20240808A02UYO00

2024-08-09 04:00:52,608 - INFO - EXPIRED
大厂离职进厂打螺丝，我在流水线看到了“人间真实”丨100种人生答案
https://new.qq.com/rain/a/20240808V00V0F00

2024-08-09 04:00:52,608 - INFO - EXPIRED
美国总统之子亨特·拜登被指控接受罗马尼亚商人贿赂
https://new.qq.com/rain/a/20240808A01CGI00

2024-08-09 04:00:52,608 - INFO - EXPIRED
滞留太空美宇航员或明年2月返回
https://new.qq.com/rain/a/20240808A01AJM00

2024-08-09 04:00:52,608 - INFO - EXPIRED
被曝三年内将70%PC终端生产从中国转移？惠普回应：系不实报道
https://new.qq.com/rain/a/20240808A02HHJ00

2024-08-09 04:00:52,608 - INFO - EXPIRED
酒驾嫌疑人被警方带走时，同行者竟暴力围攻民警，涉事三人已被刑拘
https://new.qq.com/rain/a/20240807A09TXM00

2024-08-09 04:00:52,608 - INFO - EXPIRED
如何看待公安机关网安部门打击涉体育饭圈违法犯罪行为？陈梦回应
https://new.qq.com/rain/a/20240808A00O8300

2024-08-09 04:00:52,608 - INFO - EXPIRED
让3个员工干5个人的活？奇瑞：本意是提升效率和员工幸福感
https://new.qq.com/rain/a/20240807A09QH400

2024-08-09 04:00:53,084 - INFO - INVALID
“异体骨”后续：国药辟谣，骨科材料股大涨
https://new.qq.com/rain/a/20240809A01XRL00

2024-08-09 04:00:53,090 - INFO - INVALID
韩媒：负责调查金建希“收受名牌包”事件反腐官员在家中身亡，现场发现“遗书”
https://new.qq.com/rain/a/20240809A01XPG00

2024-08-09 04:00:53,097 - ERROR - ERROR
多角度实拍贵州三穗一大桥垮塌：路面裂开多条缝隙后桥体断裂坠入河中
https://new.qq.com/rain/a/20240809V031RI00
('list index out of range',)
======
Traceback (most recent call last):
  File "/home/runner/work/qqnews/qqnews/qq.py", line 81, in process_article
    ss = str(tmpbs.select("div.LEFT div.content.clearfix")[0])
             ~~~~~~~~~~~~~~~~~~~~~~~~~~~~~~~~~~~~~~~~~~~~~^^^
IndexError: list index out of range


2024-08-09 04:00:53,148 - INFO - INVALID
乌军首次攻入俄本土致4死66伤，俄方回应称已阻止其在库尔斯克州推进
https://new.qq.com/rain/a/20240809A0103E00

2024-08-09 04:00:53,156 - INFO - INVALID
年仅21岁！“最帅少林武僧”秋风不幸车祸去世
https://new.qq.com/rain/a/20240809A03AXL00

2024-08-09 04:00:53,331 - INFO - INVALID
留学申请文书竟成反华“投名状”，国家安全部提醒
https://new.qq.com/rain/a/20240809A01U4200

2024-08-09 04:00:53,348 - INFO - INVALID
演讲遭挺巴示威者打断，哈里斯回呛：如果你想让特朗普赢你就直说
https://new.qq.com/rain/a/20240809A02T4F00

2024-08-09 04:00:53,390 - INFO - INVALID
张利任西藏自治区人民政府副主席，11位“75后”省部级官员已陆续亮相
https://new.qq.com/rain/a/20240809A02WV300

2024-08-09 04:00:53,395 - INFO - INVALID
午评：沪指冲高回落涨0.12% 医药股集体调整
https://new.qq.com/rain/a/20240809A03ETS00

2024-08-09 04:00:53,467 - INFO - INVALID
河北多地暴雨+大暴雨来袭，石家庄多路段积水，最新预警
https://new.qq.com/rain/a/20240809A012DZ00

2024-08-09 04:00:53,576 - INFO - INVALID
14岁女孩被人殴打后跳桥：摔伤正在治疗，嫌疑人被采取刑事强制措施
https://new.qq.com/rain/a/20240809A029NJ00

2024-08-09 04:00:53,653 - INFO - INVALID
特朗普：我的直觉比鲍威尔强，总统应该对美联储政策有些发言权
https://new.qq.com/rain/a/20240809A00H0800

2024-08-09 04:00:53,660 - INFO - INVALID
浙江一19岁小伙涉“非法侵入住宅”罪将开庭，坚称与女租客无肢体接触
https://new.qq.com/rain/a/20240809A02CXZ00

2024-08-09 04:00:53,732 - INFO - INVALID
战场，突然转入俄罗斯境内
https://new.qq.com/rain/a/20240809A00VPI00

2024-08-09 04:00:53,739 - INFO - INVALID
国药股份澄清：与山西奥瑞生物材料有限公司不存在业务往来 也不存在任何关系
https://new.qq.com/rain/a/20240809A013K400

2024-08-09 04:00:53,825 - INFO - INVALID
中国驻朝鲜大使王亚军走访慰问新义州受灾华侨和侨校
https://new.qq.com/rain/a/20240809A00ZHC00

2024-08-09 04:00:53,889 - INFO - INVALID
广州网约配送“最严新规”引热议，骑手：不超速就超时，收入可能下降
https://new.qq.com/rain/a/20240809A017MN00

2024-08-09 04:00:53,974 - INFO - INVALID
国家统计局：2024年7月份CPI同比涨幅扩大，PPI同比降幅与上月相同
https://new.qq.com/rain/a/20240809A01NR400

2024-08-09 04:00:54,052 - INFO - INVALID
以军虐囚视频震惊全球，多个国际组织发表声明：要求以色列政府严肃处理
https://new.qq.com/rain/a/20240809A00LUU00

2024-08-09 04:00:54,139 - INFO - INVALID
以色列安全内阁召开会议 讨论如何应对伊朗和黎真主党袭击
https://new.qq.com/rain/a/20240809A00HT300

2024-08-09 04:00:54,143 - INFO - INVALID
浙江多地出大招，新房得房率飙升至120%
https://new.qq.com/rain/a/20240809A00V5O00

2024-08-09 04:00:54,245 - INFO - INVALID
卡塔尔、埃及和美国发表联合声明 呼吁重启加沙地带停火谈判
https://new.qq.com/rain/a/20240809A00J1600

2024-08-09 04:00:54,633 - ERROR - ERROR
石智勇挺举3次失败无成绩，无缘奥运三连冠，他怎么了？是战术失策了吗？
https://view.inews.qq.com/a/20240809Q00G6P00
('list index out of range',)
======
Traceback (most recent call last):
  File "/home/runner/work/qqnews/qqnews/qq.py", line 81, in process_article
    ss = str(tmpbs.select("div.LEFT div.content.clearfix")[0])
             ~~~~~~~~~~~~~~~~~~~~~~~~~~~~~~~~~~~~~~~~~~~~~^^^
IndexError: list index out of range


2024-08-09 05:00:54,766 - INFO - EXPIRED
城市更新来了 城投企业：有活可干 有利可图 有冲动去借款
https://new.qq.com/rain/a/20240808A0A5JH00

2024-08-09 05:00:54,766 - INFO - EXPIRED
刘昊然拍“大尺度”新戏减肥20斤、拔掉发际线，陈思诚：他不是偶像派
https://new.qq.com/rain/a/20240808V09O2O00

2024-08-09 05:00:54,766 - INFO - EXPIRED
日本九州岛发生7.1级地震，九州旁边的“中国地方”是个什么地方？
https://view.inews.qq.com/a/20240808Q06CEU00

2024-08-09 05:00:54,766 - INFO - EXPIRED
村干部亲属晚上驾车将救灾物资搬回家？湖南华容团洲乡：公安介入调查
https://new.qq.com/rain/a/20240808A09QVN00

2024-08-09 05:00:54,766 - INFO - EXPIRED
一天之内报警297次，并辱骂110接警人员，安徽一62岁男子被拘10天
https://new.qq.com/rain/a/20240808A09FDI00

2024-08-09 05:00:54,766 - INFO - EXPIRED
20岁女孩拖欠房租留1米高垃圾、大狗尸骸，女房东怒发视频：恶心死了
https://new.qq.com/rain/a/20240808A053PX00

2024-08-09 05:00:54,766 - INFO - EXPIRED
富士康招工中介称要造车，富士康可以为别人代工汽车吗？技术能力如何？
https://view.inews.qq.com/a/20240808Q09H5A00

2024-08-09 05:00:54,766 - INFO - EXPIRED
广西一高校录取通知书校长签名潦草像“天书”，教育厅：已关注到
https://new.qq.com/rain/a/20240808A099OS00

2024-08-09 05:00:54,766 - INFO - EXPIRED
全国百城二手房均价环比下跌，重点城市房东“以价换量”促成交
https://new.qq.com/rain/a/20240808A09KNW00

2024-08-09 05:00:54,766 - INFO - EXPIRED
海南屯昌一家4姐弟不幸溺亡 父亲：最大的10岁，最小的只有6岁
https://new.qq.com/rain/a/20240808A09IFO00

2024-08-09 05:00:54,766 - INFO - EXPIRED
110米栏中国被淘汰，刘翔20年前奥运纪录仍未破，亚洲再出一个刘翔有多难？
https://view.inews.qq.com/a/20240808Q02HKK00

2024-08-09 05:00:54,766 - INFO - EXPIRED
乌军罕见越境袭俄？普京称又一次“大规模挑衅”，基辅动机引猜测
https://new.qq.com/rain/a/20240808A08ZAY00

2024-08-09 05:00:54,766 - INFO - EXPIRED
7月新能源车市火爆：国内零售渗透率首超50% 9成上市车企销量同比增长
https://new.qq.com/rain/a/20240808A08J5M00

2024-08-09 05:00:54,766 - INFO - EXPIRED
广东工业大学两名研究生午休时在工作室用电脑打游戏被重罚？校方回应
https://new.qq.com/rain/a/20240808A07QU300

2024-08-09 05:00:54,766 - INFO - EXPIRED
38岁男子醉驾电瓶三轮摩托被判拘役4个月，进看守所3天因心跳骤停离世
https://new.qq.com/rain/a/20240808A07NC900

2024-08-09 05:00:54,766 - INFO - EXPIRED
中国男子4x100米接力小组第一进决赛，拿牌希望大吗？对手保留实力了吗？
https://view.inews.qq.com/a/20240808Q07V7900

2024-08-09 05:00:54,766 - INFO - EXPIRED
再见传奇！官方：41岁佩佩宣布退役 结束22年职业生涯
https://new.qq.com/rain/a/20240808A0A37600

2024-08-09 05:00:54,766 - INFO - EXPIRED
长崎市长拒邀以方出席原子弹轰炸日纪念仪式，日内阁官房长官：管不了
https://new.qq.com/rain/a/20240808A09BIP00

2024-08-09 05:00:54,766 - INFO - EXPIRED
华润集团原董事、总经理乔世波突发疾病去世，享年69岁
https://new.qq.com/rain/a/20240808A0A6O900

2024-08-09 05:00:54,766 - INFO - EXPIRED
海南东方市通报“一无人机迫降”：事件未造成人员伤亡
https://new.qq.com/rain/a/20240808A09DKK00

2024-08-09 05:00:54,766 - INFO - EXPIRED
中国花游队夺得队史奥运首金，为何能断层领先？这枚金牌意义有多大？
https://view.inews.qq.com/a/20240808Q00FSK00

2024-08-09 05:00:54,766 - INFO - EXPIRED
二季度财报出炉，中芯国际、华虹半导体净利润均下滑
https://new.qq.com/rain/a/20240808A090S800

2024-08-09 05:00:54,766 - INFO - EXPIRED
中国大使连续在印度媒体发表文章，向印度发出呼吁
https://new.qq.com/rain/a/20240808A064LM00

2024-08-09 05:00:54,766 - INFO - EXPIRED
7月暴雨洪涝和地质灾害致315人死亡失踪
https://new.qq.com/rain/a/20240808A08XZQ00

2024-08-09 05:00:54,766 - INFO - EXPIRED
新“不懂球的胖子”，国羽张军教练引关注，运动员退役后，会迅速发福吗？
https://view.inews.qq.com/a/20240808Q04DR000

2024-08-09 05:00:54,766 - INFO - EXPIRED
贵州茅台：上半年净利润416.96亿元，同比增长15.88%
https://new.qq.com/rain/a/20240808A08MZ600

2024-08-09 05:00:54,766 - INFO - EXPIRED
就算哈里斯赢得大选，美国电动车产业也举步维艰，这条路选对了吗？
https://new.qq.com/rain/a/20240808V08NNC00

2024-08-09 05:00:54,767 - INFO - EXPIRED
曝王丽坤前夫涉诈骗案开庭，还曾给贾青韩樱子转账百万，骗术高超
https://new.qq.com/rain/a/20240808V04HMB00

2024-08-09 05:00:54,767 - INFO - EXPIRED
降息冲击波：全国性银行5年定存利率仅3家超2%，投资者卷向银行理财
https://new.qq.com/rain/a/20240808A07SX900

2024-08-09 05:00:54,767 - INFO - EXPIRED
高三男生遇害、64岁嫌犯被抓获，死者家属：孩子和一个老人上了网约车
https://new.qq.com/rain/a/20240808A05G9300

2024-08-09 05:00:54,767 - INFO - EXPIRED
云南富民县一男子持刀杀人？目击者称死者疑为其妻子，警方：调查中
https://new.qq.com/rain/a/20240808A04D2300

2024-08-09 05:00:54,767 - INFO - EXPIRED
成品油价迎年内最大降幅，加满一箱油少花12元
https://new.qq.com/rain/a/20240808A06L1400

2024-08-09 05:00:54,767 - INFO - EXPIRED
张继科要爆猛料？疑其社交账号称会让所有人知道真相，回应退役原因
https://new.qq.com/rain/a/20240808A057JR00

2024-08-09 05:00:54,767 - INFO - EXPIRED
印度摔跤选手因体重超标被取消资格，运动员是怎么短时间内控制体重的？
https://view.inews.qq.com/a/20240808Q05X4R00

2024-08-09 05:00:54,767 - INFO - EXPIRED
日本九州岛7.1级地震或引发海啸 部分地区浪高预计达1米
https://new.qq.com/rain/a/20240808A05PSU00

2024-08-09 05:00:54,767 - INFO - EXPIRED
中国移动：2024年上半年净利润802亿元 同比增长5.3%
https://new.qq.com/rain/a/20240808A066YX00

2024-08-09 05:00:54,767 - INFO - EXPIRED
京沪高铁人均净利润1.6亿，人效这么高，全国铁路能抄作业吗？
https://view.inews.qq.com/a/20240808Q01XC000

2024-08-09 05:00:54,767 - INFO - EXPIRED
港股收评：恒指涨0.08%，航空、内房股走强，新能源汽车股下挫
https://new.qq.com/rain/a/20240808A05ZUF00

2024-08-09 05:00:54,767 - INFO - EXPIRED
外媒称黎真主党可能单独对以发动袭击，为何不等伊朗？能单独对抗以色列吗？
https://view.inews.qq.com/a/20240808Q03EDM00

2024-08-09 05:00:54,767 - INFO - EXPIRED
中国男子在日本抢走6280万日元名表，刺伤店员致死，在当地机场落网
https://new.qq.com/rain/a/20240808A050IP00

2024-08-09 05:00:54,767 - INFO - EXPIRED
四川一产科病房天花板掉落 院方：床帘长期拉扯导致 已转移产妇和婴儿
https://new.qq.com/rain/a/20240808A03YAM00

2024-08-09 05:00:54,767 - INFO - EXPIRED
刺激消费，全民“发钱”这招可行吗
https://new.qq.com/rain/a/20240807A09JSU00

2024-08-09 05:00:54,767 - INFO - EXPIRED
A股收评：继续调整！沪指平收，维生素、粮食种业板块爆发
https://new.qq.com/rain/a/20240808A058KZ00

2024-08-09 05:00:54,767 - INFO - EXPIRED
女子称双汇火腿肠里有“像眼睛似的异物”，客服：已安排核实处理
https://new.qq.com/rain/a/20240808A048HQ00

2024-08-09 05:00:54,767 - INFO - EXPIRED
网友自曝硕士毕业学位证在邮寄中被撕毁，顺丰紧急回应
https://new.qq.com/rain/a/20240808A04RFP00

2024-08-09 05:00:54,767 - INFO - EXPIRED
国务院安委会赴云南检查：有矿工无特殊作业操作证 设备操作不熟练
https://new.qq.com/rain/a/20240808V04UPU00

2024-08-09 05:00:54,767 - INFO - EXPIRED
实锤！药检阳性不禁赛 世界反兴奋剂机构深度揭批美对违禁运动员操作内幕
https://new.qq.com/rain/a/20240808A040Z600

2024-08-09 05:00:54,767 - INFO - EXPIRED
日本男乒所有项目均未进决赛，队内水平差距大吗？张本智和带不动吗？
https://view.inews.qq.com/a/20240808Q02F9V00

2024-08-09 05:00:54,767 - INFO - EXPIRED
日本7.1级地震监控画面曝光：建筑剧烈摇晃 货架商品散落在地
https://new.qq.com/rain/a/20240808V0658K00

2024-08-09 05:00:54,767 - INFO - EXPIRED
“女子遭气象炮弹砸中截肢”后续：当地正调查人员操作流程及炮弹质量
https://new.qq.com/rain/a/20240808A04ZEO00

2024-08-09 05:00:54,767 - INFO - EXPIRED
罗永浩喊话新东方粉丝：再惹我就把公司30年猛料写成书 让铁老师退休
https://new.qq.com/rain/a/20240808A03ZJN00

2024-08-09 05:00:54,767 - INFO - EXPIRED
青岛“老人地铁上殴打拒绝让座者”目击者发声 ！警方介入
https://new.qq.com/rain/a/20240808A04J0R00

2024-08-09 05:00:54,767 - INFO - EXPIRED
落马干部获刑10年半：曾供养风水大师妄想时来运转，还到处巡山找穴
https://new.qq.com/rain/a/20240808A0486O00

2024-08-09 05:00:54,767 - INFO - EXPIRED
放弃医保的人越来越多？国家出手了
https://new.qq.com/rain/a/20240808A02MNE00

2024-08-09 05:00:54,767 - INFO - EXPIRED
天津一男子持铁锤随意伤人 警方通报：已对其依法采取刑事强制措施
https://new.qq.com/rain/a/20240808A04TR900

2024-08-09 05:00:54,767 - INFO - EXPIRED
“私人换钱”开始游击战，小心外汇兑换黑市，严打“换钱党”
https://new.qq.com/rain/a/20240806V09E1G00

2024-08-09 05:00:54,767 - INFO - EXPIRED
山西大同一科长实名举报副局长，举报人：处理结果避重就轻，我不认可
https://new.qq.com/rain/a/20240807A098JR00

2024-08-09 05:00:54,767 - INFO - EXPIRED
外媒：消息人士称，黎真主党可能“独立于”伊朗意图之外，未来几天对以发动袭击
https://new.qq.com/rain/a/20240808A02A6M00

2024-08-09 05:00:54,767 - INFO - EXPIRED
奇瑞宣称让3人干5人活领4人工资，这是制造业普遍存在的管理绝活吗？
https://view.inews.qq.com/a/20240808Q02IH600

2024-08-09 05:00:54,767 - INFO - EXPIRED
明知违规却“按兵不动”，落实整改“纸来纸去” ——河南登封市“村章乡管”乱象调查
https://new.qq.com/rain/a/20240808A015WY00

2024-08-09 05:00:54,767 - INFO - EXPIRED
日本男乒遭大逆转无缘决赛，张本智和输决胜盘，他们怎么了？心态崩了吗？
https://view.inews.qq.com/a/20240808Q00YGE00

2024-08-09 05:00:54,767 - INFO - EXPIRED
“劝人学医天打雷劈？”“学医一定要读博？”张文宏巧妙解答
https://new.qq.com/rain/a/20240808A00XMC00

2024-08-09 05:00:54,767 - INFO - EXPIRED
留置针软管遗留患儿体内5年后终被取出，类似事件有科室10年发生12起
https://new.qq.com/rain/a/20240808A011ZF00

2024-08-09 05:00:54,767 - INFO - EXPIRED
室内甲醛检测乱象：检测公司称仪器就是道具，加盟商要设法让数据超标
https://new.qq.com/rain/a/20240808A02FMS00

2024-08-09 05:00:54,767 - INFO - EXPIRED
美国宣布对进口自中国的钨弹发起双反调查
https://new.qq.com/rain/a/20240808A02XDC00

2024-08-09 05:00:54,767 - INFO - EXPIRED
人均净利润1.6亿！上市公司京沪高铁总资产2922亿，在职员工73名
https://new.qq.com/rain/a/20240808A012T700

2024-08-09 05:00:54,767 - INFO - EXPIRED
理想汽车高管：未来每年不拿出10亿美金投算力，将会被淘汰
https://new.qq.com/rain/a/20240808A030F300

2024-08-09 05:00:54,767 - INFO - EXPIRED
央行年内首次零逆回购释放强信号， 利率调控方式渐变
https://new.qq.com/rain/a/20240808A027TD00

2024-08-09 05:00:54,767 - INFO - EXPIRED
辽宁本溪一餐厅不吃饭不让司机路过？官方：涉嫌违规经营，已查封
https://new.qq.com/rain/a/20240808A02UYO00

2024-08-09 05:00:54,767 - INFO - EXPIRED
大厂离职进厂打螺丝，我在流水线看到了“人间真实”丨100种人生答案
https://new.qq.com/rain/a/20240808V00V0F00

2024-08-09 05:00:55,162 - ERROR - ERROR
多角度实拍贵州三穗一大桥垮塌：路面裂开多条缝隙后桥体断裂坠入河中
https://new.qq.com/rain/a/20240809V031RI00
('list index out of range',)
======
Traceback (most recent call last):
  File "/home/runner/work/qqnews/qqnews/qq.py", line 81, in process_article
    ss = str(tmpbs.select("div.LEFT div.content.clearfix")[0])
             ~~~~~~~~~~~~~~~~~~~~~~~~~~~~~~~~~~~~~~~~~~~~~^^^
IndexError: list index out of range


2024-08-09 05:00:55,177 - INFO - INVALID
乌军首次攻入俄本土致4死66伤，俄方回应称已阻止其在库尔斯克州推进
https://new.qq.com/rain/a/20240809A0103E00

2024-08-09 05:00:55,237 - INFO - INVALID
河南许昌突发凶案致多人伤亡，村民称邻里矛盾引发，行凶者已归案
https://new.qq.com/rain/a/20240809A03YJP00

2024-08-09 05:00:55,336 - INFO - INVALID
年轻人开始“本升专”：为了找工作，本科生毕业后回炉读技校
https://new.qq.com/rain/a/20240809A03DXI00

2024-08-09 05:00:55,430 - INFO - INVALID
乌克兰正式接装西方援乌F-16后，俄首次在赫尔松上空发现乌军
https://new.qq.com/rain/a/20240809A03T3800

2024-08-09 05:00:55,463 - INFO - INVALID
韩媒：负责调查金建希“收受名牌包”事件反腐官员在家中身亡，现场发现“遗书”
https://new.qq.com/rain/a/20240809A01XPG00

2024-08-09 05:00:55,481 - INFO - INVALID
“鸿茅药酒事件”当事人谭秦东发临终告别视频？本人回应：6年前照片
https://new.qq.com/rain/a/20240809A03CXF00

2024-08-09 05:00:55,532 - ERROR - ERROR
韩国禁食狗肉法正式实施，但韩国食用狗肉已数百年，老百姓和狗肉产业会答应吗？
https://view.inews.qq.com/a/20240809Q0343M00
('list index out of range',)
======
Traceback (most recent call last):
  File "/home/runner/work/qqnews/qqnews/qq.py", line 81, in process_article
    ss = str(tmpbs.select("div.LEFT div.content.clearfix")[0])
             ~~~~~~~~~~~~~~~~~~~~~~~~~~~~~~~~~~~~~~~~~~~~~^^^
IndexError: list index out of range


2024-08-09 05:00:55,589 - INFO - INVALID
港股午评：恒生科指大涨2.93%，科技股、内房股、半导体股涨幅亮眼
https://new.qq.com/rain/a/20240809A03RMW00

2024-08-09 05:00:55,711 - INFO - INVALID
陕西安康父子下楼买水遇邻居行凶：父亲身亡，12岁男孩仍在ICU抢救
https://new.qq.com/rain/a/20240809A00TM600

2024-08-09 05:00:55,720 - INFO - INVALID
午评：沪指冲高回落涨0.12% 医药股集体调整
https://new.qq.com/rain/a/20240809A03ETS00

2024-08-09 05:00:55,769 - INFO - INVALID
演讲遭挺巴示威者打断，哈里斯回呛：如果你想让特朗普赢你就直说
https://new.qq.com/rain/a/20240809A02T4F00

2024-08-09 05:00:55,788 - INFO - INVALID
留学申请文书竟成反华“投名状”，国家安全部提醒
https://new.qq.com/rain/a/20240809A01U4200

2024-08-09 05:00:55,836 - INFO - INVALID
河北多地暴雨+大暴雨来袭，石家庄多路段积水，最新预警
https://new.qq.com/rain/a/20240809A012DZ00

2024-08-09 05:00:55,955 - INFO - INVALID
张利任西藏自治区人民政府副主席，11位“75后”省部级官员已陆续亮相
https://new.qq.com/rain/a/20240809A02WV300

2024-08-09 05:00:56,012 - INFO - INVALID
浙江一19岁小伙涉“非法侵入住宅”罪将开庭，坚称与女租客无肢体接触
https://new.qq.com/rain/a/20240809A02CXZ00

2024-08-09 05:00:56,039 - INFO - INVALID
战场，突然转入俄罗斯境内
https://new.qq.com/rain/a/20240809A00VPI00

2024-08-09 05:00:56,048 - INFO - INVALID
14岁女孩被人殴打后跳桥：摔伤正在治疗，嫌疑人被采取刑事强制措施
https://new.qq.com/rain/a/20240809A029NJ00

2024-08-09 05:00:56,141 - INFO - INVALID
年仅21岁！“最帅少林武僧”秋风不幸车祸去世
https://new.qq.com/rain/a/20240809A03AXL00

2024-08-09 05:00:56,190 - INFO - INVALID
特朗普：我的直觉比鲍威尔强，总统应该对美联储政策有些发言权
https://new.qq.com/rain/a/20240809A00H0800

2024-08-09 05:00:56,249 - INFO - INVALID
国药股份澄清：与山西奥瑞生物材料有限公司不存在业务往来 也不存在任何关系
https://new.qq.com/rain/a/20240809A013K400

2024-08-09 05:00:56,292 - INFO - INVALID
中国驻朝鲜大使王亚军走访慰问新义州受灾华侨和侨校
https://new.qq.com/rain/a/20240809A00ZHC00

2024-08-09 05:00:56,358 - INFO - INVALID
广州网约配送“最严新规”引热议，骑手：不超速就超时，收入可能下降
https://new.qq.com/rain/a/20240809A017MN00

2024-08-09 05:00:56,448 - INFO - INVALID
国家统计局：2024年7月份CPI同比涨幅扩大，PPI同比降幅与上月相同
https://new.qq.com/rain/a/20240809A01NR400

2024-08-09 05:00:56,536 - INFO - INVALID
以军虐囚视频震惊全球，多个国际组织发表声明：要求以色列政府严肃处理
https://new.qq.com/rain/a/20240809A00LUU00

2024-08-09 05:00:56,677 - INFO - INVALID
浙江多地出大招，新房得房率飙升至120%
https://new.qq.com/rain/a/20240809A00V5O00

2024-08-09 05:00:56,684 - INFO - INVALID
以色列安全内阁召开会议 讨论如何应对伊朗和黎真主党袭击
https://new.qq.com/rain/a/20240809A00HT300

2024-08-09 05:00:56,687 - ERROR - ERROR
浙江多地推出“计容新规”，得房率飙升至120%，这是怎么做到的？这么高真的好吗？
https://view.inews.qq.com/a/20240809Q01B1G00
('list index out of range',)
======
Traceback (most recent call last):
  File "/home/runner/work/qqnews/qqnews/qq.py", line 81, in process_article
    ss = str(tmpbs.select("div.LEFT div.content.clearfix")[0])
             ~~~~~~~~~~~~~~~~~~~~~~~~~~~~~~~~~~~~~~~~~~~~~^^^
IndexError: list index out of range


2024-08-09 05:00:56,781 - INFO - INVALID
卡塔尔、埃及和美国发表联合声明 呼吁重启加沙地带停火谈判
https://new.qq.com/rain/a/20240809A00J1600

2024-08-09 05:00:56,964 - ERROR - ERROR
石智勇挺举3次失败无成绩，无缘奥运三连冠，他怎么了？是战术失策了吗？
https://view.inews.qq.com/a/20240809Q00G6P00
('list index out of range',)
======
Traceback (most recent call last):
  File "/home/runner/work/qqnews/qqnews/qq.py", line 81, in process_article
    ss = str(tmpbs.select("div.LEFT div.content.clearfix")[0])
             ~~~~~~~~~~~~~~~~~~~~~~~~~~~~~~~~~~~~~~~~~~~~~^^^
IndexError: list index out of range


2024-08-09 06:09:57,955 - INFO - EXPIRED
海南屯昌一家4姐弟不幸溺亡 父亲：最大的10岁，最小的只有6岁
https://new.qq.com/rain/a/20240808A09IFO00

2024-08-09 06:09:57,955 - INFO - EXPIRED
城市更新来了 城投企业：有活可干 有利可图 有冲动去借款
https://new.qq.com/rain/a/20240808A0A5JH00

2024-08-09 06:09:57,955 - INFO - EXPIRED
刘昊然拍“大尺度”新戏减肥20斤、拔掉发际线，陈思诚：他不是偶像派
https://new.qq.com/rain/a/20240808V09O2O00

2024-08-09 06:09:57,955 - INFO - EXPIRED
日本九州岛发生7.1级地震，九州旁边的“中国地方”是个什么地方？
https://view.inews.qq.com/a/20240808Q06CEU00

2024-08-09 06:09:57,955 - INFO - EXPIRED
村干部亲属晚上驾车将救灾物资搬回家？湖南华容团洲乡：公安介入调查
https://new.qq.com/rain/a/20240808A09QVN00

2024-08-09 06:09:57,955 - INFO - EXPIRED
一天之内报警297次，并辱骂110接警人员，安徽一62岁男子被拘10天
https://new.qq.com/rain/a/20240808A09FDI00

2024-08-09 06:09:57,955 - INFO - EXPIRED
20岁女孩拖欠房租留1米高垃圾、大狗尸骸，女房东怒发视频：恶心死了
https://new.qq.com/rain/a/20240808A053PX00

2024-08-09 06:09:57,955 - INFO - EXPIRED
富士康招工中介称要造车，富士康可以为别人代工汽车吗？技术能力如何？
https://view.inews.qq.com/a/20240808Q09H5A00

2024-08-09 06:09:57,956 - INFO - EXPIRED
广西一高校录取通知书校长签名潦草像“天书”，教育厅：已关注到
https://new.qq.com/rain/a/20240808A099OS00

2024-08-09 06:09:57,956 - INFO - EXPIRED
全国百城二手房均价环比下跌，重点城市房东“以价换量”促成交
https://new.qq.com/rain/a/20240808A09KNW00

2024-08-09 06:09:57,956 - INFO - EXPIRED
110米栏中国被淘汰，刘翔20年前奥运纪录仍未破，亚洲再出一个刘翔有多难？
https://view.inews.qq.com/a/20240808Q02HKK00

2024-08-09 06:09:57,956 - INFO - EXPIRED
乌军罕见越境袭俄？普京称又一次“大规模挑衅”，基辅动机引猜测
https://new.qq.com/rain/a/20240808A08ZAY00

2024-08-09 06:09:57,956 - INFO - EXPIRED
7月新能源车市火爆：国内零售渗透率首超50% 9成上市车企销量同比增长
https://new.qq.com/rain/a/20240808A08J5M00

2024-08-09 06:09:57,956 - INFO - EXPIRED
广东工业大学两名研究生午休时在工作室用电脑打游戏被重罚？校方回应
https://new.qq.com/rain/a/20240808A07QU300

2024-08-09 06:09:57,956 - INFO - EXPIRED
38岁男子醉驾电瓶三轮摩托被判拘役4个月，进看守所3天因心跳骤停离世
https://new.qq.com/rain/a/20240808A07NC900

2024-08-09 06:09:57,956 - INFO - EXPIRED
中国男子4x100米接力小组第一进决赛，拿牌希望大吗？对手保留实力了吗？
https://view.inews.qq.com/a/20240808Q07V7900

2024-08-09 06:09:57,956 - INFO - EXPIRED
再见传奇！官方：41岁佩佩宣布退役 结束22年职业生涯
https://new.qq.com/rain/a/20240808A0A37600

2024-08-09 06:09:57,956 - INFO - EXPIRED
长崎市长拒邀以方出席原子弹轰炸日纪念仪式，日内阁官房长官：管不了
https://new.qq.com/rain/a/20240808A09BIP00

2024-08-09 06:09:57,956 - INFO - EXPIRED
华润集团原董事、总经理乔世波突发疾病去世，享年69岁
https://new.qq.com/rain/a/20240808A0A6O900

2024-08-09 06:09:57,956 - INFO - EXPIRED
海南东方市通报“一无人机迫降”：事件未造成人员伤亡
https://new.qq.com/rain/a/20240808A09DKK00

2024-08-09 06:09:57,956 - INFO - EXPIRED
中国花游队夺得队史奥运首金，为何能断层领先？这枚金牌意义有多大？
https://view.inews.qq.com/a/20240808Q00FSK00

2024-08-09 06:09:57,956 - INFO - EXPIRED
二季度财报出炉，中芯国际、华虹半导体净利润均下滑
https://new.qq.com/rain/a/20240808A090S800

2024-08-09 06:09:57,956 - INFO - EXPIRED
中国大使连续在印度媒体发表文章，向印度发出呼吁
https://new.qq.com/rain/a/20240808A064LM00

2024-08-09 06:09:57,956 - INFO - EXPIRED
7月暴雨洪涝和地质灾害致315人死亡失踪
https://new.qq.com/rain/a/20240808A08XZQ00

2024-08-09 06:09:57,956 - INFO - EXPIRED
新“不懂球的胖子”，国羽张军教练引关注，运动员退役后，会迅速发福吗？
https://view.inews.qq.com/a/20240808Q04DR000

2024-08-09 06:09:57,956 - INFO - EXPIRED
贵州茅台：上半年净利润416.96亿元，同比增长15.88%
https://new.qq.com/rain/a/20240808A08MZ600

2024-08-09 06:09:57,956 - INFO - EXPIRED
就算哈里斯赢得大选，美国电动车产业也举步维艰，这条路选对了吗？
https://new.qq.com/rain/a/20240808V08NNC00

2024-08-09 06:09:57,956 - INFO - EXPIRED
曝王丽坤前夫涉诈骗案开庭，还曾给贾青韩樱子转账百万，骗术高超
https://new.qq.com/rain/a/20240808V04HMB00

2024-08-09 06:09:57,956 - INFO - EXPIRED
降息冲击波：全国性银行5年定存利率仅3家超2%，投资者卷向银行理财
https://new.qq.com/rain/a/20240808A07SX900

2024-08-09 06:09:57,956 - INFO - EXPIRED
高三男生遇害、64岁嫌犯被抓获，死者家属：孩子和一个老人上了网约车
https://new.qq.com/rain/a/20240808A05G9300

2024-08-09 06:09:57,956 - INFO - EXPIRED
云南富民县一男子持刀杀人？目击者称死者疑为其妻子，警方：调查中
https://new.qq.com/rain/a/20240808A04D2300

2024-08-09 06:09:57,956 - INFO - EXPIRED
成品油价迎年内最大降幅，加满一箱油少花12元
https://new.qq.com/rain/a/20240808A06L1400

2024-08-09 06:09:57,956 - INFO - EXPIRED
张继科要爆猛料？疑其社交账号称会让所有人知道真相，回应退役原因
https://new.qq.com/rain/a/20240808A057JR00

2024-08-09 06:09:57,956 - INFO - EXPIRED
印度摔跤选手因体重超标被取消资格，运动员是怎么短时间内控制体重的？
https://view.inews.qq.com/a/20240808Q05X4R00

2024-08-09 06:09:57,956 - INFO - EXPIRED
日本九州岛7.1级地震或引发海啸 部分地区浪高预计达1米
https://new.qq.com/rain/a/20240808A05PSU00

2024-08-09 06:09:57,956 - INFO - EXPIRED
中国移动：2024年上半年净利润802亿元 同比增长5.3%
https://new.qq.com/rain/a/20240808A066YX00

2024-08-09 06:09:57,956 - INFO - EXPIRED
京沪高铁人均净利润1.6亿，人效这么高，全国铁路能抄作业吗？
https://view.inews.qq.com/a/20240808Q01XC000

2024-08-09 06:09:57,956 - INFO - EXPIRED
港股收评：恒指涨0.08%，航空、内房股走强，新能源汽车股下挫
https://new.qq.com/rain/a/20240808A05ZUF00

2024-08-09 06:09:57,956 - INFO - EXPIRED
外媒称黎真主党可能单独对以发动袭击，为何不等伊朗？能单独对抗以色列吗？
https://view.inews.qq.com/a/20240808Q03EDM00

2024-08-09 06:09:57,956 - INFO - EXPIRED
中国男子在日本抢走6280万日元名表，刺伤店员致死，在当地机场落网
https://new.qq.com/rain/a/20240808A050IP00

2024-08-09 06:09:57,956 - INFO - EXPIRED
四川一产科病房天花板掉落 院方：床帘长期拉扯导致 已转移产妇和婴儿
https://new.qq.com/rain/a/20240808A03YAM00

2024-08-09 06:09:57,956 - INFO - EXPIRED
刺激消费，全民“发钱”这招可行吗
https://new.qq.com/rain/a/20240807A09JSU00

2024-08-09 06:09:57,956 - INFO - EXPIRED
A股收评：继续调整！沪指平收，维生素、粮食种业板块爆发
https://new.qq.com/rain/a/20240808A058KZ00

2024-08-09 06:09:57,956 - INFO - EXPIRED
女子称双汇火腿肠里有“像眼睛似的异物”，客服：已安排核实处理
https://new.qq.com/rain/a/20240808A048HQ00

2024-08-09 06:09:57,956 - INFO - EXPIRED
网友自曝硕士毕业学位证在邮寄中被撕毁，顺丰紧急回应
https://new.qq.com/rain/a/20240808A04RFP00

2024-08-09 06:09:57,956 - INFO - EXPIRED
国务院安委会赴云南检查：有矿工无特殊作业操作证 设备操作不熟练
https://new.qq.com/rain/a/20240808V04UPU00

2024-08-09 06:09:57,956 - INFO - EXPIRED
实锤！药检阳性不禁赛 世界反兴奋剂机构深度揭批美对违禁运动员操作内幕
https://new.qq.com/rain/a/20240808A040Z600

2024-08-09 06:09:57,956 - INFO - EXPIRED
日本男乒所有项目均未进决赛，队内水平差距大吗？张本智和带不动吗？
https://view.inews.qq.com/a/20240808Q02F9V00

2024-08-09 06:09:57,956 - INFO - EXPIRED
日本7.1级地震监控画面曝光：建筑剧烈摇晃 货架商品散落在地
https://new.qq.com/rain/a/20240808V0658K00

2024-08-09 06:09:57,956 - INFO - EXPIRED
“女子遭气象炮弹砸中截肢”后续：当地正调查人员操作流程及炮弹质量
https://new.qq.com/rain/a/20240808A04ZEO00

2024-08-09 06:09:57,956 - INFO - EXPIRED
罗永浩喊话新东方粉丝：再惹我就把公司30年猛料写成书 让铁老师退休
https://new.qq.com/rain/a/20240808A03ZJN00

2024-08-09 06:09:57,956 - INFO - EXPIRED
青岛“老人地铁上殴打拒绝让座者”目击者发声 ！警方介入
https://new.qq.com/rain/a/20240808A04J0R00

2024-08-09 06:09:57,956 - INFO - EXPIRED
落马干部获刑10年半：曾供养风水大师妄想时来运转，还到处巡山找穴
https://new.qq.com/rain/a/20240808A0486O00

2024-08-09 06:09:57,956 - INFO - EXPIRED
放弃医保的人越来越多？国家出手了
https://new.qq.com/rain/a/20240808A02MNE00

2024-08-09 06:09:57,956 - INFO - EXPIRED
天津一男子持铁锤随意伤人 警方通报：已对其依法采取刑事强制措施
https://new.qq.com/rain/a/20240808A04TR900

2024-08-09 06:09:57,956 - INFO - EXPIRED
“私人换钱”开始游击战，小心外汇兑换黑市，严打“换钱党”
https://new.qq.com/rain/a/20240806V09E1G00

2024-08-09 06:09:57,956 - INFO - EXPIRED
山西大同一科长实名举报副局长，举报人：处理结果避重就轻，我不认可
https://new.qq.com/rain/a/20240807A098JR00

2024-08-09 06:09:57,956 - INFO - EXPIRED
外媒：消息人士称，黎真主党可能“独立于”伊朗意图之外，未来几天对以发动袭击
https://new.qq.com/rain/a/20240808A02A6M00

2024-08-09 06:09:57,956 - INFO - EXPIRED
奇瑞宣称让3人干5人活领4人工资，这是制造业普遍存在的管理绝活吗？
https://view.inews.qq.com/a/20240808Q02IH600

2024-08-09 06:09:57,956 - INFO - EXPIRED
明知违规却“按兵不动”，落实整改“纸来纸去” ——河南登封市“村章乡管”乱象调查
https://new.qq.com/rain/a/20240808A015WY00

2024-08-09 06:09:57,956 - INFO - EXPIRED
日本男乒遭大逆转无缘决赛，张本智和输决胜盘，他们怎么了？心态崩了吗？
https://view.inews.qq.com/a/20240808Q00YGE00

2024-08-09 06:09:57,956 - INFO - EXPIRED
“劝人学医天打雷劈？”“学医一定要读博？”张文宏巧妙解答
https://new.qq.com/rain/a/20240808A00XMC00

2024-08-09 06:09:57,956 - INFO - EXPIRED
留置针软管遗留患儿体内5年后终被取出，类似事件有科室10年发生12起
https://new.qq.com/rain/a/20240808A011ZF00

2024-08-09 06:09:57,956 - INFO - EXPIRED
室内甲醛检测乱象：检测公司称仪器就是道具，加盟商要设法让数据超标
https://new.qq.com/rain/a/20240808A02FMS00

2024-08-09 06:09:57,957 - INFO - EXPIRED
美国宣布对进口自中国的钨弹发起双反调查
https://new.qq.com/rain/a/20240808A02XDC00

2024-08-09 06:09:57,957 - INFO - EXPIRED
人均净利润1.6亿！上市公司京沪高铁总资产2922亿，在职员工73名
https://new.qq.com/rain/a/20240808A012T700

2024-08-09 06:09:57,957 - INFO - EXPIRED
理想汽车高管：未来每年不拿出10亿美金投算力，将会被淘汰
https://new.qq.com/rain/a/20240808A030F300

2024-08-09 06:09:58,471 - INFO - INVALID
河南许昌突发凶案致多人伤亡，村民称邻里矛盾引发，行凶者已归案
https://new.qq.com/rain/a/20240809A03YJP00

2024-08-09 06:09:58,543 - INFO - INVALID
乌军首次攻入俄本土致4死66伤，俄方回应称已阻止其在库尔斯克州推进
https://new.qq.com/rain/a/20240809A0103E00

2024-08-09 06:09:58,547 - INFO - INVALID
司法局干部实名举报区委组织部部长、副部长滥用职权，重庆官方通报
https://new.qq.com/rain/a/20240809A021D500

2024-08-09 06:09:58,634 - INFO - INVALID
高合汽车被判破产重整，高管被曝“不懂产品却配备了好几个私人助理”
https://new.qq.com/rain/a/20240809A01QHJ00

2024-08-09 06:09:58,907 - INFO - INVALID
“鸿茅药酒事件”当事人谭秦东发临终告别视频？本人回应：6年前照片
https://new.qq.com/rain/a/20240809A03CXF00

2024-08-09 06:09:58,945 - ERROR - ERROR
陕西志丹遇强降雨车辆层层叠叠被冲走 居民：雨很急 感觉天像开了窟窿
https://new.qq.com/rain/a/20240809V049MX00
('list index out of range',)
======
Traceback (most recent call last):
  File "/home/runner/work/qqnews/qqnews/qq.py", line 81, in process_article
    ss = str(tmpbs.select("div.LEFT div.content.clearfix")[0])
             ~~~~~~~~~~~~~~~~~~~~~~~~~~~~~~~~~~~~~~~~~~~~~^^^
IndexError: list index out of range


2024-08-09 06:09:59,046 - INFO - INVALID
乌克兰正式接装西方援乌F-16后，俄首次在赫尔松上空发现乌军
https://new.qq.com/rain/a/20240809A03T3800

2024-08-09 06:09:59,065 - INFO - INVALID
年轻人开始“本升专”：为了找工作，本科生毕业后回炉读技校
https://new.qq.com/rain/a/20240809A03DXI00

2024-08-09 06:09:59,087 - ERROR - ERROR
韩国禁食狗肉法正式实施，但韩国食用狗肉已数百年，老百姓和狗肉产业会答应吗？
https://view.inews.qq.com/a/20240809Q0343M00
('list index out of range',)
======
Traceback (most recent call last):
  File "/home/runner/work/qqnews/qqnews/qq.py", line 81, in process_article
    ss = str(tmpbs.select("div.LEFT div.content.clearfix")[0])
             ~~~~~~~~~~~~~~~~~~~~~~~~~~~~~~~~~~~~~~~~~~~~~^^^
IndexError: list index out of range


2024-08-09 06:09:59,263 - INFO - INVALID
韩媒：负责调查金建希“收受名牌包”事件反腐官员在家中身亡，现场发现“遗书”
https://new.qq.com/rain/a/20240809A01XPG00

2024-08-09 06:09:59,299 - INFO - INVALID
港股午评：恒生科指大涨2.93%，科技股、内房股、半导体股涨幅亮眼
https://new.qq.com/rain/a/20240809A03RMW00

2024-08-09 06:09:59,409 - INFO - INVALID
留学申请文书竟成反华“投名状”，国家安全部提醒
https://new.qq.com/rain/a/20240809A01U4200

2024-08-09 06:09:59,477 - INFO - INVALID
陕西安康父子下楼买水遇邻居行凶：父亲身亡，12岁男孩仍在ICU抢救
https://new.qq.com/rain/a/20240809A00TM600

2024-08-09 06:09:59,511 - INFO - INVALID
午评：沪指冲高回落涨0.12% 医药股集体调整
https://new.qq.com/rain/a/20240809A03ETS00

2024-08-09 06:09:59,622 - INFO - INVALID
演讲遭挺巴示威者打断，哈里斯回呛：如果你想让特朗普赢你就直说
https://new.qq.com/rain/a/20240809A02T4F00

2024-08-09 06:09:59,764 - INFO - INVALID
河北多地暴雨+大暴雨来袭，石家庄多路段积水，最新预警
https://new.qq.com/rain/a/20240809A012DZ00

2024-08-09 06:09:59,769 - INFO - INVALID
张利任西藏自治区人民政府副主席，11位“75后”省部级官员已陆续亮相
https://new.qq.com/rain/a/20240809A02WV300

2024-08-09 06:09:59,858 - INFO - INVALID
14岁女孩被人殴打后跳桥：摔伤正在治疗，嫌疑人被采取刑事强制措施
https://new.qq.com/rain/a/20240809A029NJ00

2024-08-09 06:09:59,924 - INFO - INVALID
浙江一19岁小伙涉“非法侵入住宅”罪将开庭，坚称与女租客无肢体接触
https://new.qq.com/rain/a/20240809A02CXZ00

2024-08-09 06:09:59,952 - ERROR - ERROR
多角度实拍贵州三穗一大桥垮塌：路面裂开多条缝隙后桥体断裂坠入河中
https://new.qq.com/rain/a/20240809V031RI00
('list index out of range',)
======
Traceback (most recent call last):
  File "/home/runner/work/qqnews/qqnews/qq.py", line 81, in process_article
    ss = str(tmpbs.select("div.LEFT div.content.clearfix")[0])
             ~~~~~~~~~~~~~~~~~~~~~~~~~~~~~~~~~~~~~~~~~~~~~^^^
IndexError: list index out of range


2024-08-09 06:10:00,126 - INFO - INVALID
年仅21岁！“最帅少林武僧”秋风不幸车祸去世
https://new.qq.com/rain/a/20240809A03AXL00

2024-08-09 06:10:00,191 - INFO - INVALID
战场，突然转入俄罗斯境内
https://new.qq.com/rain/a/20240809A00VPI00

2024-08-09 06:10:00,280 - INFO - INVALID
国药股份澄清：与山西奥瑞生物材料有限公司不存在业务往来 也不存在任何关系
https://new.qq.com/rain/a/20240809A013K400

2024-08-09 06:10:00,301 - INFO - INVALID
特朗普：我的直觉比鲍威尔强，总统应该对美联储政策有些发言权
https://new.qq.com/rain/a/20240809A00H0800

2024-08-09 06:10:00,391 - INFO - INVALID
中国驻朝鲜大使王亚军走访慰问新义州受灾华侨和侨校
https://new.qq.com/rain/a/20240809A00ZHC00

2024-08-09 06:10:00,550 - INFO - INVALID
广州网约配送“最严新规”引热议，骑手：不超速就超时，收入可能下降
https://new.qq.com/rain/a/20240809A017MN00

2024-08-09 06:10:00,608 - INFO - INVALID
国家统计局：2024年7月份CPI同比涨幅扩大，PPI同比降幅与上月相同
https://new.qq.com/rain/a/20240809A01NR400

2024-08-09 06:10:00,745 - INFO - INVALID
以军虐囚视频震惊全球，多个国际组织发表声明：要求以色列政府严肃处理
https://new.qq.com/rain/a/20240809A00LUU00

2024-08-09 06:10:00,824 - INFO - INVALID
浙江多地出大招，新房得房率飙升至120%
https://new.qq.com/rain/a/20240809A00V5O00

2024-08-09 06:10:00,953 - INFO - INVALID
以色列安全内阁召开会议 讨论如何应对伊朗和黎真主党袭击
https://new.qq.com/rain/a/20240809A00HT300

2024-08-09 06:10:01,105 - INFO - INVALID
卡塔尔、埃及和美国发表联合声明 呼吁重启加沙地带停火谈判
https://new.qq.com/rain/a/20240809A00J1600

2024-08-09 06:10:01,317 - ERROR - ERROR
浙江多地推出“计容新规”，得房率飙升至120%，这是怎么做到的？这么高真的好吗？
https://view.inews.qq.com/a/20240809Q01B1G00
('list index out of range',)
======
Traceback (most recent call last):
  File "/home/runner/work/qqnews/qqnews/qq.py", line 81, in process_article
    ss = str(tmpbs.select("div.LEFT div.content.clearfix")[0])
             ~~~~~~~~~~~~~~~~~~~~~~~~~~~~~~~~~~~~~~~~~~~~~^^^
IndexError: list index out of range


2024-08-09 06:10:01,605 - ERROR - ERROR
石智勇挺举3次失败无成绩，无缘奥运三连冠，他怎么了？是战术失策了吗？
https://view.inews.qq.com/a/20240809Q00G6P00
('list index out of range',)
======
Traceback (most recent call last):
  File "/home/runner/work/qqnews/qqnews/qq.py", line 81, in process_article
    ss = str(tmpbs.select("div.LEFT div.content.clearfix")[0])
             ~~~~~~~~~~~~~~~~~~~~~~~~~~~~~~~~~~~~~~~~~~~~~^^^
IndexError: list index out of range


