2025-10-15 00:40:02,687 - INFO - Total time taken: {'ret': 0, 'msg': 'success', 'data': None}
2025-10-15 00:40:02,688 - INFO - 'NoneType' object is not subscriptable
2025-10-15 00:40:02,688 - INFO - Traceback (most recent call last):
  File "/home/runner/work/qqnews/qqnews/qq.py", line 128, in main
    for i in qq1["data"]["list"]:
             ~~~~~~~~~~~^^^^^^^^
TypeError: 'NoneType' object is not subscriptable

2025-10-15 02:19:38,163 - INFO - Total time taken: {'ret': 0, 'msg': 'success', 'data': None}
2025-10-15 02:19:38,163 - INFO - 'NoneType' object is not subscriptable
2025-10-15 02:19:38,164 - INFO - Traceback (most recent call last):
  File "/home/runner/work/qqnews/qqnews/qq.py", line 128, in main
    for i in qq1["data"]["list"]:
             ~~~~~~~~~~~^^^^^^^^
TypeError: 'NoneType' object is not subscriptable

2025-10-15 03:30:11,634 - INFO - Total time taken: {'ret': 0, 'msg': 'success', 'data': None}
2025-10-15 03:30:11,634 - INFO - 'NoneType' object is not subscriptable
2025-10-15 03:30:11,634 - INFO - Traceback (most recent call last):
  File "/home/runner/work/qqnews/qqnews/qq.py", line 128, in main
    for i in qq1["data"]["list"]:
             ~~~~~~~~~~~^^^^^^^^
TypeError: 'NoneType' object is not subscriptable

2025-10-15 04:01:15,826 - INFO - Total time taken: {'ret': 0, 'msg': 'success', 'data': None}
2025-10-15 04:01:15,826 - INFO - 'NoneType' object is not subscriptable
2025-10-15 04:01:15,826 - INFO - Traceback (most recent call last):
  File "/home/runner/work/qqnews/qqnews/qq.py", line 128, in main
    for i in qq1["data"]["list"]:
             ~~~~~~~~~~~^^^^^^^^
TypeError: 'NoneType' object is not subscriptable

2025-10-15 05:01:12,785 - INFO - Total time taken: {'ret': 0, 'msg': 'success', 'data': None}
2025-10-15 05:01:12,786 - INFO - 'NoneType' object is not subscriptable
2025-10-15 05:01:12,786 - INFO - Traceback (most recent call last):
  File "/home/runner/work/qqnews/qqnews/qq.py", line 128, in main
    for i in qq1["data"]["list"]:
             ~~~~~~~~~~~^^^^^^^^
TypeError: 'NoneType' object is not subscriptable

2025-10-15 06:13:52,872 - INFO - Total time taken: {'ret': 0, 'msg': 'success', 'data': None}
2025-10-15 06:13:52,872 - INFO - 'NoneType' object is not subscriptable
2025-10-15 06:13:52,873 - INFO - Traceback (most recent call last):
  File "/home/runner/work/qqnews/qqnews/qq.py", line 128, in main
    for i in qq1["data"]["list"]:
             ~~~~~~~~~~~^^^^^^^^
TypeError: 'NoneType' object is not subscriptable

2025-10-15 07:01:34,542 - INFO - Total time taken: {'ret': 0, 'msg': 'success', 'data': None}
2025-10-15 07:01:34,542 - INFO - 'NoneType' object is not subscriptable
2025-10-15 07:01:34,542 - INFO - Traceback (most recent call last):
  File "/home/runner/work/qqnews/qqnews/qq.py", line 128, in main
    for i in qq1["data"]["list"]:
             ~~~~~~~~~~~^^^^^^^^
TypeError: 'NoneType' object is not subscriptable

