2026-02-24 00:56:00,321 - INFO - Total time taken: {'ret': 0, 'msg': 'success', 'data': None}
2026-02-24 00:56:00,321 - INFO - 'NoneType' object is not subscriptable
2026-02-24 00:56:00,321 - INFO - Traceback (most recent call last):
  File "/home/runner/work/qqnews/qqnews/qq.py", line 128, in main
    for i in qq1["data"]["list"]:
             ~~~~~~~~~~~^^^^^^^^
TypeError: 'NoneType' object is not subscriptable

2026-02-24 03:28:54,008 - INFO - Total time taken: {'ret': 0, 'msg': 'success', 'data': None}
2026-02-24 03:28:54,008 - INFO - 'NoneType' object is not subscriptable
2026-02-24 03:28:54,008 - INFO - Traceback (most recent call last):
  File "/home/runner/work/qqnews/qqnews/qq.py", line 128, in main
    for i in qq1["data"]["list"]:
             ~~~~~~~~~~~^^^^^^^^
TypeError: 'NoneType' object is not subscriptable

2026-02-24 05:15:24,669 - INFO - Total time taken: {'ret': 0, 'msg': 'success', 'data': None}
2026-02-24 05:15:24,670 - INFO - 'NoneType' object is not subscriptable
2026-02-24 05:15:24,670 - INFO - Traceback (most recent call last):
  File "/home/runner/work/qqnews/qqnews/qq.py", line 128, in main
    for i in qq1["data"]["list"]:
             ~~~~~~~~~~~^^^^^^^^
TypeError: 'NoneType' object is not subscriptable

2026-02-24 06:42:51,377 - INFO - Total time taken: {'ret': 0, 'msg': 'success', 'data': None}
2026-02-24 06:42:51,377 - INFO - 'NoneType' object is not subscriptable
2026-02-24 06:42:51,377 - INFO - Traceback (most recent call last):
  File "/home/runner/work/qqnews/qqnews/qq.py", line 128, in main
    for i in qq1["data"]["list"]:
             ~~~~~~~~~~~^^^^^^^^
TypeError: 'NoneType' object is not subscriptable

2026-02-24 07:40:58,966 - INFO - Total time taken: {'ret': 0, 'msg': 'success', 'data': None}
2026-02-24 07:40:58,966 - INFO - 'NoneType' object is not subscriptable
2026-02-24 07:40:58,966 - INFO - Traceback (most recent call last):
  File "/home/runner/work/qqnews/qqnews/qq.py", line 128, in main
    for i in qq1["data"]["list"]:
             ~~~~~~~~~~~^^^^^^^^
TypeError: 'NoneType' object is not subscriptable

2026-02-24 08:30:57,069 - INFO - Total time taken: {'ret': 0, 'msg': 'success', 'data': None}
2026-02-24 08:30:57,069 - INFO - 'NoneType' object is not subscriptable
2026-02-24 08:30:57,070 - INFO - Traceback (most recent call last):
  File "/home/runner/work/qqnews/qqnews/qq.py", line 128, in main
    for i in qq1["data"]["list"]:
             ~~~~~~~~~~~^^^^^^^^
TypeError: 'NoneType' object is not subscriptable

2026-02-24 09:38:10,471 - INFO - Total time taken: {'ret': 0, 'msg': 'success', 'data': None}
2026-02-24 09:38:10,471 - INFO - 'NoneType' object is not subscriptable
2026-02-24 09:38:10,472 - INFO - Traceback (most recent call last):
  File "/home/runner/work/qqnews/qqnews/qq.py", line 128, in main
    for i in qq1["data"]["list"]:
             ~~~~~~~~~~~^^^^^^^^
TypeError: 'NoneType' object is not subscriptable

