2025-07-05 00:40:07,812 - INFO - Total time taken: {'ret': 0, 'msg': 'success', 'data': None}
2025-07-05 00:40:07,813 - INFO - 'NoneType' object is not subscriptable
2025-07-05 00:40:07,813 - INFO - Traceback (most recent call last):
  File "/home/runner/work/qqnews/qqnews/qq.py", line 128, in main
    for i in qq1["data"]["list"]:
             ~~~~~~~~~~~^^^^^^^^
TypeError: 'NoneType' object is not subscriptable

2025-07-05 02:27:59,762 - INFO - Total time taken: {'ret': 0, 'msg': 'success', 'data': None}
2025-07-05 02:27:59,763 - INFO - 'NoneType' object is not subscriptable
2025-07-05 02:27:59,763 - INFO - Traceback (most recent call last):
  File "/home/runner/work/qqnews/qqnews/qq.py", line 128, in main
    for i in qq1["data"]["list"]:
             ~~~~~~~~~~~^^^^^^^^
TypeError: 'NoneType' object is not subscriptable

2025-07-05 03:38:18,029 - INFO - Total time taken: {'ret': 0, 'msg': 'success', 'data': None}
2025-07-05 03:38:18,029 - INFO - 'NoneType' object is not subscriptable
2025-07-05 03:38:18,029 - INFO - Traceback (most recent call last):
  File "/home/runner/work/qqnews/qqnews/qq.py", line 128, in main
    for i in qq1["data"]["list"]:
             ~~~~~~~~~~~^^^^^^^^
TypeError: 'NoneType' object is not subscriptable

2025-07-05 04:14:02,032 - INFO - Total time taken: {'ret': 0, 'msg': 'success', 'data': None}
2025-07-05 04:14:02,032 - INFO - 'NoneType' object is not subscriptable
2025-07-05 04:14:02,032 - INFO - Traceback (most recent call last):
  File "/home/runner/work/qqnews/qqnews/qq.py", line 128, in main
    for i in qq1["data"]["list"]:
             ~~~~~~~~~~~^^^^^^^^
TypeError: 'NoneType' object is not subscriptable

2025-07-05 05:08:59,384 - INFO - Total time taken: {'ret': 0, 'msg': 'success', 'data': None}
2025-07-05 05:08:59,385 - INFO - 'NoneType' object is not subscriptable
2025-07-05 05:08:59,385 - INFO - Traceback (most recent call last):
  File "/home/runner/work/qqnews/qqnews/qq.py", line 128, in main
    for i in qq1["data"]["list"]:
             ~~~~~~~~~~~^^^^^^^^
TypeError: 'NoneType' object is not subscriptable

2025-07-05 06:11:36,957 - INFO - Total time taken: {'ret': 0, 'msg': 'success', 'data': None}
2025-07-05 06:11:36,957 - INFO - 'NoneType' object is not subscriptable
2025-07-05 06:11:36,957 - INFO - Traceback (most recent call last):
  File "/home/runner/work/qqnews/qqnews/qq.py", line 128, in main
    for i in qq1["data"]["list"]:
             ~~~~~~~~~~~^^^^^^^^
TypeError: 'NoneType' object is not subscriptable

