2025-01-06 00:37:11,315 - INFO - EXPIRED
中国疾控中心：全国流感病毒阳性率快速上升，99%以上为甲流
https://new.qq.com/rain/a/20250105A04ORX00

2025-01-06 00:37:11,315 - INFO - EXPIRED
在高速拽女孩下车司机已被行政拘留，当事女孩：被网暴，私信全在骂我
https://new.qq.com/rain/a/20250105A071JO00

2025-01-06 00:37:11,315 - INFO - EXPIRED
我国严寒地区全钒液流电池共享储能电站投产，这是什么电池？
https://view.inews.qq.com/a/20250105Q05DE000

2025-01-06 00:37:11,315 - INFO - EXPIRED
90后的她，成为400亿光伏巨头掌门！
https://new.qq.com/rain/a/20250105A04DKI00

2025-01-06 00:37:11,315 - INFO - EXPIRED
流感进入高发期，多地“流感神药”需求暴涨，有药店涨价至300元一盒
https://new.qq.com/rain/a/20250105A05XM600

2025-01-06 00:37:11,315 - INFO - EXPIRED
攀枝花东区回应一村民生活用水每吨5.7元：过半村民同意涨价
https://new.qq.com/rain/a/20250105A068S800

2025-01-06 00:37:11,315 - INFO - EXPIRED
70多岁冬泳大爷被困冰层下身亡，业内：在冰层下很难找到入水时的冰洞
https://new.qq.com/rain/a/20250105A06FJ400

2025-01-06 00:37:11,315 - INFO - EXPIRED
四川乐山3岁幼童在步行街上被碾压身亡，目击者称驾驶员疑似在看手机
https://new.qq.com/rain/a/20250105A061W800

2025-01-06 00:37:11,315 - INFO - EXPIRED
春晚要来了！中央广播电视总台《2025年春节联欢晚会》完成首次彩排
https://new.qq.com/rain/a/20250105A06DDY00

2025-01-06 00:37:11,315 - INFO - EXPIRED
段永平浙大交流2万字实录：不能用你需要的钱，去赌你不需要的钱
https://new.qq.com/rain/a/20250105A075B100

2025-01-06 00:37:11,315 - INFO - EXPIRED
上交所、深交所召开外资机构座谈会，推动中国资本市场持续健康发展
https://new.qq.com/rain/a/20250105A06XOU00

2025-01-06 00:37:11,315 - INFO - EXPIRED
专家称农村宅基地废弃面积760万公顷，宅基地该怎么利用起来？
https://view.inews.qq.com/a/20250105Q046BQ00

2025-01-06 00:37:11,315 - INFO - EXPIRED
重庆万州中心血站血液库存告急，临床用血异常紧张，倡议市民无偿献血
https://new.qq.com/rain/a/20250105A06RYX00

2025-01-06 00:37:11,315 - INFO - EXPIRED
司机在高速上将19岁女孩拽下车？警方通报
https://new.qq.com/rain/a/20250105A06WNT00

2025-01-06 00:37:11,315 - INFO - EXPIRED
叙利亚新领导人拒绝与女性握手，德外长：意料之中
https://new.qq.com/rain/a/20250105A03C7X00

2025-01-06 00:37:11,315 - INFO - EXPIRED
年轻人开始流行将黄金贴在手机上，小克重纸片黄金不会有误差吗？
https://view.inews.qq.com/a/20250104Q056E700

2025-01-06 00:37:11,315 - INFO - EXPIRED
网友吐槽长春一公司自制“消费券”抵工资，吉林法律咨询热线：不合理不合法，可向职能部门投诉
https://new.qq.com/rain/a/20250105A05M6U00

2025-01-06 00:37:11,315 - INFO - EXPIRED
特朗普酒店外爆炸案最新监控：嫌犯端坐车内转动头部 下一秒汽车引爆
https://new.qq.com/rain/a/20250105V0583U00

2025-01-06 00:37:11,315 - INFO - EXPIRED
地面结冰投入重装 乌在俄库尔斯克方向发起大规模进攻
https://new.qq.com/rain/a/20250105A05CG500

2025-01-06 00:37:11,315 - INFO - EXPIRED
男童失踪一个月后遗体在水库被找到 曾喊：谁来救救我，我坚持不住了
https://new.qq.com/rain/a/20250105A054TK00

2025-01-06 00:37:11,315 - INFO - EXPIRED
河北张家口一冬泳爱好者被困冰层下方：已被打捞上岸，不幸遇难
https://new.qq.com/rain/a/20250105A05EZD00

2025-01-06 00:37:11,315 - INFO - EXPIRED
63岁机车博主因车祸离世，摩友：遇渣土车避让不及，进口车价格超40万
https://new.qq.com/rain/a/20250105A04JDB00

2025-01-06 00:37:11,315 - INFO - EXPIRED
国家卫健委：目前儿童呼吸道感染以流感病毒和肺炎支原体为主
https://new.qq.com/rain/a/20250105A04XIC00

2025-01-06 00:37:11,315 - INFO - EXPIRED
触发乌克兰刑事调查！1700名士兵未开一枪就跑了，新式“北约旅”曝逃兵丑闻
https://new.qq.com/rain/a/20250104A06PQK00

2025-01-06 00:37:11,315 - INFO - EXPIRED
司机在高速上将19岁女孩拽下车？嘀嗒出行发布官方情况说明
https://new.qq.com/rain/a/20250105A03XAH00

2025-01-06 00:37:11,315 - INFO - EXPIRED
每周质量报告丨查明95起加油站案偷逃税7.9亿元！起底背后黑色利益链
https://new.qq.com/rain/a/20250105A04LOG00

2025-01-06 00:37:11,315 - INFO - EXPIRED
一身装备接近百万，网传63岁机车博主“波哥”与逆行渣土车相撞身亡
https://new.qq.com/rain/a/20250105A03X8600

2025-01-06 00:37:11,315 - INFO - EXPIRED
杭州这座山上能捡到清朝小药瓶？专家回应
https://new.qq.com/rain/a/20250104A033L800

2025-01-06 00:37:11,315 - INFO - EXPIRED
现金补贴最高5.5万！车企开年火力全开，是时候出手了吗
https://new.qq.com/rain/a/20250105A027KT00

2025-01-06 00:37:11,315 - INFO - EXPIRED
俄乌士兵肉搏视频曝光，现代战争中肉搏多吗？格斗技巧有多重要？
https://view.inews.qq.com/a/20250105Q02IR900

2025-01-06 00:37:11,316 - INFO - EXPIRED
一年增长3.5万亿！存银行不如买银行？
https://new.qq.com/rain/a/20250105A04B3Q00

2025-01-06 00:37:11,316 - INFO - EXPIRED
孙志刚、唐一军出镜忏悔，为谁敲响警钟
https://new.qq.com/rain/a/20250105A04SMG00

2025-01-06 00:37:11,316 - INFO - EXPIRED
乌军发射美制远程导弹袭击俄乌边境，俄方拦截后誓言“报复”
https://new.qq.com/rain/a/20250105A043FU00

2025-01-06 00:37:11,316 - INFO - EXPIRED
李明德手撕马天宇时间线梳理：自称遭剧组霸凌，多方均已做出回应
https://new.qq.com/rain/a/20250105A04MU300

2025-01-06 00:37:11,316 - INFO - EXPIRED
日铁收购美钢受阻 或面临5.65亿美元违约金 日铁拟起诉美政府
https://new.qq.com/rain/a/20250105A044GO00

2025-01-06 00:37:11,316 - INFO - EXPIRED
人去楼空！多地保时捷线下门店被曝关闭
https://new.qq.com/rain/a/20250105A021TM00

2025-01-06 00:37:11,316 - INFO - EXPIRED
女销冠再次年销170台车，保时捷中国裁员，她的业绩为何这么好？
https://view.inews.qq.com/a/20250104Q0767V00

2025-01-06 00:37:11,316 - INFO - EXPIRED
小杨哥、辛巴们杀进短剧赛道，谁在日进2000万
https://new.qq.com/rain/a/20250105A021FZ00

2025-01-06 00:37:11,316 - INFO - EXPIRED
换了智能燃气表后“跑得飞快”，市民要求换回机械表？广西柳州回应
https://new.qq.com/rain/a/20250104A075YP00

2025-01-06 00:37:11,316 - INFO - EXPIRED
国产开源芯片香山被质疑“PPT造芯”，中科院包云岗回应称今年交付
https://new.qq.com/rain/a/20250105A033WB00

2025-01-06 00:37:11,316 - INFO - EXPIRED
广东汕头一女生和家长吵架后跳河轻生，16岁弟弟为救姐姐不幸溺亡
https://new.qq.com/rain/a/20250105A031JE00

2025-01-06 00:37:11,316 - INFO - EXPIRED
主播说联播丨年度反腐大片5日开播，12个案例传递哪些信息？
https://new.qq.com/rain/a/20250104A081SG00

2025-01-06 00:37:11,316 - INFO - EXPIRED
女游客玩滑翔伞疑掉进水帘洞，滑翔伞的系统安全性如何？
https://view.inews.qq.com/a/20250103Q04PD800

2025-01-06 00:37:11,316 - INFO - EXPIRED
乌士兵颈部被刺，倒地后请求安静地死去，多角度拍下俄乌士兵近战肉搏
https://new.qq.com/rain/a/20250105V02MK900

2025-01-06 00:37:11,316 - INFO - EXPIRED
新婚妻子“人间蒸发”，新郎父亲质疑其骗婚：前后花了约30万
https://new.qq.com/rain/a/20250104A08B2A00

2025-01-06 00:37:11,316 - INFO - EXPIRED
《大奉打更人》男主穿越后靠背诗闻名，假设你穿越到那时，会做什么？
https://view.inews.qq.com/a/20250102Q089YX00

2025-01-06 00:37:11,316 - INFO - EXPIRED
工行行长呼吁：大型商业银行带头不打“价格战”
https://new.qq.com/rain/a/20250104A087SY00

2025-01-06 00:37:11,316 - INFO - EXPIRED
“士兵肉搏”视频曝光！马斯克发声
https://new.qq.com/rain/a/20250104A087AU00

2025-01-06 00:37:11,316 - INFO - EXPIRED
山西一道路立杆上挂着约10个摄像头，且周围比较荒凉？当地回应
https://new.qq.com/rain/a/20250104A07NYV00

2025-01-06 00:37:11,316 - INFO - EXPIRED
浙江一工地挖出天然气，有办法收集利用吗？哪些地方易有浅层气？
https://view.inews.qq.com/a/20250105Q02EQD00

2025-01-06 00:37:11,316 - INFO - EXPIRED
美日因新日铁收购美铁吵起来了，还扯到中国身上
https://new.qq.com/rain/a/20250105A01WUD00

2025-01-06 00:37:11,316 - INFO - EXPIRED
俄罗斯声称击落8枚美制导弹，誓言将对乌克兰进行报复
https://new.qq.com/rain/a/20250104A086TH00

2025-01-06 00:37:11,316 - INFO - EXPIRED
中国政府拟限制磷酸铁锂技术出口
https://new.qq.com/rain/a/20250105A01TMQ00

2025-01-06 00:37:11,316 - INFO - EXPIRED
近8成A股影视公司去年股价下跌，涨最多的不是最赚钱的
https://new.qq.com/rain/a/20250104A086M500

2025-01-06 00:37:11,316 - INFO - EXPIRED
“丑萌丑萌”的蛇年纪念钞被疯抢，这纪念钞有收藏和投资价值吗？
https://view.inews.qq.com/a/20250104Q08CAX00

2025-01-06 00:37:11,316 - INFO - EXPIRED
中央经济工作会议提出的重点任务，总理开会部署
https://new.qq.com/rain/a/20250104A089X000

2025-01-06 00:37:11,316 - INFO - EXPIRED
演员张颂文疑陷漏税、家暴等风波，多名导演发文力挺：他是一个好人
https://new.qq.com/rain/a/20250104A061F500

2025-01-06 00:37:11,316 - INFO - EXPIRED
央行宣布将择机降准降息 “择机”以何为标志？专家解读
https://new.qq.com/rain/a/20250105A019GO00

2025-01-06 00:37:11,316 - INFO - EXPIRED
该交80保费却被收了400？家长质疑“困境儿童”未被纳入医疗救助对象 
https://new.qq.com/rain/a/20250104A06EFH00

2025-01-06 00:37:11,316 - INFO - EXPIRED
泰国女总理匍匐在同龄小公主照片前，为何见王室照片也要行跪拜礼？
https://view.inews.qq.com/a/20250103Q059A700

2025-01-06 00:37:11,316 - INFO - EXPIRED
两男子PS不雅照敲诈勒索212名企业高管，一分钱未收到还被判刑
https://new.qq.com/rain/a/20250104A06DE400

2025-01-06 00:37:11,316 - INFO - EXPIRED
美国前总统卡特的国葬从佐治亚州开始 为期六天
https://new.qq.com/rain/a/20250105A000UE00

2025-01-06 00:37:11,316 - INFO - EXPIRED
乌克兰一机械化旅曝逃兵丑闻：约1700名士兵未参与实战就离队
https://new.qq.com/rain/a/20250104V086PD00

2025-01-06 00:37:11,316 - INFO - EXPIRED
女大学生为赶飞机预约顺风车，因拒绝司机绕路办私事被丢高速路边
https://new.qq.com/rain/a/20250104A06C6B00

2025-01-06 00:37:11,316 - INFO - EXPIRED
用户诉Siri偷听获和解，律师分走2960万美元，美国律师这么赚钱吗？
https://view.inews.qq.com/a/20250104Q04W3500

2025-01-06 00:37:11,316 - INFO - EXPIRED
李明德痛斥马天宇耍大牌 剧组回应称是李明德耽误拍摄
https://new.qq.com/rain/a/20250104A0880Q00

2025-01-06 00:37:11,316 - INFO - EXPIRED
新华社快讯：巴基斯坦俾路支省一辆车遭爆炸袭击，至少3人死亡、数十人受伤
https://new.qq.com/rain/a/20250104A08CZ500

2025-01-06 00:37:11,316 - INFO - EXPIRED
美媒称印度特工参与密谋推翻马尔代夫总统，印度回应：不可信
https://new.qq.com/rain/a/20250104A07UVG00

2025-01-06 00:37:11,316 - INFO - EXPIRED
西安一冰瀑布景点中有冰柱掉落，游客躲开时滑倒受伤，当地回应
https://new.qq.com/rain/a/20250104A08DYV00

2025-01-06 00:37:11,316 - INFO - EXPIRED
通飞“空中三剑客”！他还透露一个信息
https://new.qq.com/rain/a/20250104A075A500

2025-01-06 00:37:11,316 - INFO - EXPIRED
俄乌“断气”仅3天 这些欧洲国家就坐不住了......
https://new.qq.com/rain/a/20250104A06RQJ00

2025-01-06 00:37:11,316 - INFO - EXPIRED
超千名官员等待中 美参议院将进入特朗普内阁“确认战”时间
https://new.qq.com/rain/a/20250104A07UW700

2025-01-06 00:37:11,316 - INFO - EXPIRED
李宁抢走安踏的“中国奥委会合作伙伴”
https://new.qq.com/rain/a/20250104A085JT00

2025-01-06 00:37:11,316 - INFO - EXPIRED
福建省委书记给全省县委书记“上课”
https://new.qq.com/rain/a/20250104A07WA000

2025-01-06 00:37:11,316 - INFO - EXPIRED
阿里“割肉”超350亿，陈好老公捡漏“大润发”
https://new.qq.com/rain/a/20250104A071XF00

2025-01-06 00:37:11,316 - INFO - EXPIRED
宁夏两所高校受地震影响提前放假：期末考试取消，下学期提前返校补考
https://new.qq.com/rain/a/20250104A07BT000

2025-01-06 00:37:11,316 - INFO - EXPIRED
中国驻韩国大使馆：提醒在韩中国公民远离政治活动
https://new.qq.com/rain/a/20250104A07R1800

2025-01-06 00:37:11,316 - INFO - EXPIRED
中超联赛开放外援有戏吗？业内人士：现阶段非好时机，或影响国足战力
https://new.qq.com/rain/a/20250104A07T9O00

2025-01-06 00:37:11,316 - INFO - EXPIRED
2025年央行重磅会议召开：实施适度宽松的货币政策，择机降准降息
https://new.qq.com/rain/a/20250104A07B8L00

2025-01-06 00:37:11,316 - INFO - EXPIRED
罗东川任青海省代省长
https://new.qq.com/rain/a/20250104A0810100

2025-01-06 00:37:11,316 - INFO - EXPIRED
生物学博士称多数成人睡7.5小时足够，为何我每天8小时还睡不醒？
https://view.inews.qq.com/a/20250103Q09QGV00

2025-01-06 00:37:11,316 - INFO - EXPIRED
2025年全国外汇管理工作会议：加强外汇市场逆周期调节和预期管理
https://new.qq.com/rain/a/20250104A07DJ100

2025-01-06 00:37:11,316 - INFO - EXPIRED
花9000万“润”到英国后，他成了“韭菜”
https://new.qq.com/rain/a/20250104A03NRI00

2025-01-06 00:37:11,316 - INFO - EXPIRED
全国宣传部长会议在京召开 蔡奇出席并讲话
https://new.qq.com/rain/a/20250104A07LNY00

2025-01-06 00:37:11,316 - INFO - EXPIRED
河北张家口市一菜市场发生火灾 当地通报：已致8人遇难15人受伤
https://new.qq.com/rain/a/20250104A06ED400

2025-01-06 00:37:11,317 - INFO - EXPIRED
厅长徐龙、市长王伟，职务对调
https://new.qq.com/rain/a/20250104A07MBU00

2025-01-06 00:37:11,317 - INFO - EXPIRED
快讯！外媒：俄国防部通报称，击落8枚美国提供的ATACMS导弹
https://new.qq.com/rain/a/20250104A074CI00

2025-01-06 00:37:11,317 - INFO - EXPIRED
特朗普对就职时美国仍“降半旗”表示不满
https://new.qq.com/rain/a/20250104A05BLO00

2025-01-06 00:37:11,317 - INFO - EXPIRED
宁夏石嘴山：一网民造谣“凌晨三点有大地震”引发恐慌，行拘十日
https://new.qq.com/rain/a/20250104A069VG00

2025-01-06 00:37:11,317 - INFO - EXPIRED
年轻人回乡创业找到新生活，县城创业和大城市有何不同？做什么赚钱？
https://view.inews.qq.com/a/20250104Q066VL00

2025-01-06 00:37:11,317 - INFO - EXPIRED
​​​​​​​2024年货币政策委员会最后一场例会，定调出现几大变化
https://new.qq.com/rain/a/20250104A06M5O00

2025-01-06 00:37:11,317 - INFO - EXPIRED
21年前内蒙古一出租车女司机载客遇害案告破，嫌疑人终落网
https://new.qq.com/rain/a/20250104A06Z0J00

2025-01-06 00:37:11,317 - INFO - EXPIRED
月子会所多人上吐下泻，菜刀检出诺如病毒，菜刀为何会“感染”？
https://view.inews.qq.com/a/20250104Q050ZH00

2025-01-06 00:37:12,958 - ERROR - ERROR
重大突破！青藏高原新发现铜矿资源量2000余万吨
https://new.qq.com/rain/a/20250106A0031B00
('list index out of range',)
======
Traceback (most recent call last):
  File "/home/runner/work/qqnews/qqnews/qq.py", line 81, in process_article
    ss = str(tmpbs.select("div.LEFT div.content.clearfix")[0])
             ~~~~~~~~~~~~~~~~~~~~~~~~~~~~~~~~~~~~~~~~~~~~~^^^
IndexError: list index out of range


2025-01-06 00:37:12,962 - ERROR - ERROR
官方通报陕西蒲城一职校学生坠亡：事发前与舍友发生口角和肢体冲突 认定该生系高空坠落死亡
https://new.qq.com/rain/a/20250106A00SSY00
('list index out of range',)
======
Traceback (most recent call last):
  File "/home/runner/work/qqnews/qqnews/qq.py", line 81, in process_article
    ss = str(tmpbs.select("div.LEFT div.content.clearfix")[0])
             ~~~~~~~~~~~~~~~~~~~~~~~~~~~~~~~~~~~~~~~~~~~~~^^^
IndexError: list index out of range


2025-01-06 00:37:12,967 - ERROR - ERROR
1月5日深夜，韩国来了位特殊客人
https://new.qq.com/rain/a/20250106A01MBE00
('list index out of range',)
======
Traceback (most recent call last):
  File "/home/runner/work/qqnews/qqnews/qq.py", line 81, in process_article
    ss = str(tmpbs.select("div.LEFT div.content.clearfix")[0])
             ~~~~~~~~~~~~~~~~~~~~~~~~~~~~~~~~~~~~~~~~~~~~~^^^
IndexError: list index out of range


2025-01-06 00:37:13,033 - ERROR - ERROR
哪吒汽车官网无法打开，显示系统维护中，此前被曝出现运营危机
https://new.qq.com/rain/a/20250106A01L3F00
('list index out of range',)
======
Traceback (most recent call last):
  File "/home/runner/work/qqnews/qqnews/qq.py", line 81, in process_article
    ss = str(tmpbs.select("div.LEFT div.content.clearfix")[0])
             ~~~~~~~~~~~~~~~~~~~~~~~~~~~~~~~~~~~~~~~~~~~~~^^^
IndexError: list index out of range


2025-01-06 00:37:13,142 - ERROR - ERROR
台积电的“美国梦”，特朗普可能不想让它做了
https://new.qq.com/rain/a/20250106A0044300
('list index out of range',)
======
Traceback (most recent call last):
  File "/home/runner/work/qqnews/qqnews/qq.py", line 81, in process_article
    ss = str(tmpbs.select("div.LEFT div.content.clearfix")[0])
             ~~~~~~~~~~~~~~~~~~~~~~~~~~~~~~~~~~~~~~~~~~~~~^^^
IndexError: list index out of range


2025-01-06 00:37:13,615 - ERROR - ERROR
山西一道路立杆上摄像头密集？当地通报：不存在过度抓拍的情况
https://new.qq.com/rain/a/20250106A01LTE00
('list index out of range',)
======
Traceback (most recent call last):
  File "/home/runner/work/qqnews/qqnews/qq.py", line 81, in process_article
    ss = str(tmpbs.select("div.LEFT div.content.clearfix")[0])
             ~~~~~~~~~~~~~~~~~~~~~~~~~~~~~~~~~~~~~~~~~~~~~^^^
IndexError: list index out of range


2025-01-06 00:37:13,630 - ERROR - ERROR
霸王茶姬回应冰勃朗事件：产品中不添加植脂末
https://new.qq.com/rain/a/20250106A006IL00
('list index out of range',)
======
Traceback (most recent call last):
  File "/home/runner/work/qqnews/qqnews/qq.py", line 81, in process_article
    ss = str(tmpbs.select("div.LEFT div.content.clearfix")[0])
             ~~~~~~~~~~~~~~~~~~~~~~~~~~~~~~~~~~~~~~~~~~~~~^^^
IndexError: list index out of range


