2026-01-11 00:51:28,181 - INFO - Total time taken: {'ret': 0, 'msg': 'success', 'data': None}
2026-01-11 00:51:28,181 - INFO - 'NoneType' object is not subscriptable
2026-01-11 00:51:28,181 - INFO - Traceback (most recent call last):
  File "/home/runner/work/qqnews/qqnews/qq.py", line 128, in main
    for i in qq1["data"]["list"]:
             ~~~~~~~~~~~^^^^^^^^
TypeError: 'NoneType' object is not subscriptable

2026-01-11 03:01:33,804 - INFO - Total time taken: {'ret': 0, 'msg': 'success', 'data': None}
2026-01-11 03:01:33,804 - INFO - 'NoneType' object is not subscriptable
2026-01-11 03:01:33,805 - INFO - Traceback (most recent call last):
  File "/home/runner/work/qqnews/qqnews/qq.py", line 128, in main
    for i in qq1["data"]["list"]:
             ~~~~~~~~~~~^^^^^^^^
TypeError: 'NoneType' object is not subscriptable

2026-01-11 04:37:51,192 - INFO - Total time taken: {'ret': 0, 'msg': 'success', 'data': None}
2026-01-11 04:37:51,193 - INFO - 'NoneType' object is not subscriptable
2026-01-11 04:37:51,193 - INFO - Traceback (most recent call last):
  File "/home/runner/work/qqnews/qqnews/qq.py", line 128, in main
    for i in qq1["data"]["list"]:
             ~~~~~~~~~~~^^^^^^^^
TypeError: 'NoneType' object is not subscriptable

2026-01-11 05:16:30,828 - INFO - Total time taken: {'ret': 0, 'msg': 'success', 'data': None}
2026-01-11 05:16:30,828 - INFO - 'NoneType' object is not subscriptable
2026-01-11 05:16:30,829 - INFO - Traceback (most recent call last):
  File "/home/runner/work/qqnews/qqnews/qq.py", line 128, in main
    for i in qq1["data"]["list"]:
             ~~~~~~~~~~~^^^^^^^^
TypeError: 'NoneType' object is not subscriptable

2026-01-11 06:14:30,247 - INFO - Total time taken: {'ret': 0, 'msg': 'success', 'data': None}
2026-01-11 06:14:30,248 - INFO - 'NoneType' object is not subscriptable
2026-01-11 06:14:30,248 - INFO - Traceback (most recent call last):
  File "/home/runner/work/qqnews/qqnews/qq.py", line 128, in main
    for i in qq1["data"]["list"]:
             ~~~~~~~~~~~^^^^^^^^
TypeError: 'NoneType' object is not subscriptable

2026-01-11 07:11:52,824 - INFO - Total time taken: {'ret': 0, 'msg': 'success', 'data': None}
2026-01-11 07:11:52,825 - INFO - 'NoneType' object is not subscriptable
2026-01-11 07:11:52,825 - INFO - Traceback (most recent call last):
  File "/home/runner/work/qqnews/qqnews/qq.py", line 128, in main
    for i in qq1["data"]["list"]:
             ~~~~~~~~~~~^^^^^^^^
TypeError: 'NoneType' object is not subscriptable

2026-01-11 08:01:14,357 - INFO - Total time taken: {'ret': 0, 'msg': 'success', 'data': None}
2026-01-11 08:01:14,357 - INFO - 'NoneType' object is not subscriptable
2026-01-11 08:01:14,358 - INFO - Traceback (most recent call last):
  File "/home/runner/work/qqnews/qqnews/qq.py", line 128, in main
    for i in qq1["data"]["list"]:
             ~~~~~~~~~~~^^^^^^^^
TypeError: 'NoneType' object is not subscriptable

