2026-05-08 01:29:08,438 - INFO - Total time taken: {'ret': 0, 'msg': 'success', 'data': None}
2026-05-08 01:29:08,438 - INFO - 'NoneType' object is not subscriptable
2026-05-08 01:29:08,439 - INFO - Traceback (most recent call last):
  File "/home/runner/work/qqnews/qqnews/qq.py", line 128, in main
    for i in qq1["data"]["list"]:
             ~~~~~~~~~~~^^^^^^^^
TypeError: 'NoneType' object is not subscriptable

2026-05-08 04:44:42,547 - INFO - Total time taken: {'ret': 0, 'msg': 'success', 'data': None}
2026-05-08 04:44:42,547 - INFO - 'NoneType' object is not subscriptable
2026-05-08 04:44:42,547 - INFO - Traceback (most recent call last):
  File "/home/runner/work/qqnews/qqnews/qq.py", line 128, in main
    for i in qq1["data"]["list"]:
             ~~~~~~~~~~~^^^^^^^^
TypeError: 'NoneType' object is not subscriptable

2026-05-08 06:24:45,041 - INFO - Total time taken: {'ret': 0, 'msg': 'success', 'data': None}
2026-05-08 06:24:45,042 - INFO - 'NoneType' object is not subscriptable
2026-05-08 06:24:45,042 - INFO - Traceback (most recent call last):
  File "/home/runner/work/qqnews/qqnews/qq.py", line 128, in main
    for i in qq1["data"]["list"]:
             ~~~~~~~~~~~^^^^^^^^
TypeError: 'NoneType' object is not subscriptable

2026-05-08 08:15:09,919 - INFO - Total time taken: {'ret': 0, 'msg': 'success', 'data': None}
2026-05-08 08:15:09,919 - INFO - 'NoneType' object is not subscriptable
2026-05-08 08:15:09,919 - INFO - Traceback (most recent call last):
  File "/home/runner/work/qqnews/qqnews/qq.py", line 128, in main
    for i in qq1["data"]["list"]:
             ~~~~~~~~~~~^^^^^^^^
TypeError: 'NoneType' object is not subscriptable

2026-05-08 10:12:12,316 - INFO - Total time taken: {'ret': 0, 'msg': 'success', 'data': None}
2026-05-08 10:12:12,316 - INFO - 'NoneType' object is not subscriptable
2026-05-08 10:12:12,316 - INFO - Traceback (most recent call last):
  File "/home/runner/work/qqnews/qqnews/qq.py", line 128, in main
    for i in qq1["data"]["list"]:
             ~~~~~~~~~~~^^^^^^^^
TypeError: 'NoneType' object is not subscriptable

2026-05-08 12:00:58,492 - INFO - Total time taken: {'ret': 0, 'msg': 'success', 'data': None}
2026-05-08 12:00:58,492 - INFO - 'NoneType' object is not subscriptable
2026-05-08 12:00:58,492 - INFO - Traceback (most recent call last):
  File "/home/runner/work/qqnews/qqnews/qq.py", line 128, in main
    for i in qq1["data"]["list"]:
             ~~~~~~~~~~~^^^^^^^^
TypeError: 'NoneType' object is not subscriptable

2026-05-08 14:27:34,788 - INFO - Total time taken: {'ret': 0, 'msg': 'success', 'data': None}
2026-05-08 14:27:34,788 - INFO - 'NoneType' object is not subscriptable
2026-05-08 14:27:34,788 - INFO - Traceback (most recent call last):
  File "/home/runner/work/qqnews/qqnews/qq.py", line 128, in main
    for i in qq1["data"]["list"]:
             ~~~~~~~~~~~^^^^^^^^
TypeError: 'NoneType' object is not subscriptable

2026-05-08 16:05:19,658 - INFO - Total time taken: {'ret': 0, 'msg': 'success', 'data': None}
2026-05-08 16:05:19,658 - INFO - 'NoneType' object is not subscriptable
2026-05-08 16:05:19,658 - INFO - Traceback (most recent call last):
  File "/home/runner/work/qqnews/qqnews/qq.py", line 128, in main
    for i in qq1["data"]["list"]:
             ~~~~~~~~~~~^^^^^^^^
TypeError: 'NoneType' object is not subscriptable

2026-05-08 18:01:22,956 - INFO - Total time taken: {'ret': 0, 'msg': 'success', 'data': None}
2026-05-08 18:01:22,957 - INFO - 'NoneType' object is not subscriptable
2026-05-08 18:01:22,957 - INFO - Traceback (most recent call last):
  File "/home/runner/work/qqnews/qqnews/qq.py", line 128, in main
    for i in qq1["data"]["list"]:
             ~~~~~~~~~~~^^^^^^^^
TypeError: 'NoneType' object is not subscriptable

2026-05-08 20:00:58,838 - INFO - Total time taken: {'ret': 0, 'msg': 'success', 'data': None}
2026-05-08 20:00:58,839 - INFO - 'NoneType' object is not subscriptable
2026-05-08 20:00:58,839 - INFO - Traceback (most recent call last):
  File "/home/runner/work/qqnews/qqnews/qq.py", line 128, in main
    for i in qq1["data"]["list"]:
             ~~~~~~~~~~~^^^^^^^^
TypeError: 'NoneType' object is not subscriptable

2026-05-08 21:44:45,809 - INFO - Total time taken: {'ret': 0, 'msg': 'success', 'data': None}
2026-05-08 21:44:45,809 - INFO - 'NoneType' object is not subscriptable
2026-05-08 21:44:45,810 - INFO - Traceback (most recent call last):
  File "/home/runner/work/qqnews/qqnews/qq.py", line 128, in main
    for i in qq1["data"]["list"]:
             ~~~~~~~~~~~^^^^^^^^
TypeError: 'NoneType' object is not subscriptable

2026-05-08 22:41:32,568 - INFO - Total time taken: {'ret': 0, 'msg': 'success', 'data': None}
2026-05-08 22:41:32,569 - INFO - 'NoneType' object is not subscriptable
2026-05-08 22:41:32,569 - INFO - Traceback (most recent call last):
  File "/home/runner/work/qqnews/qqnews/qq.py", line 128, in main
    for i in qq1["data"]["list"]:
             ~~~~~~~~~~~^^^^^^^^
TypeError: 'NoneType' object is not subscriptable

