2025-08-05 00:46:26,555 - INFO - Total time taken: {'ret': 0, 'msg': 'success', 'data': None}
2025-08-05 00:46:26,555 - INFO - 'NoneType' object is not subscriptable
2025-08-05 00:46:26,556 - INFO - Traceback (most recent call last):
  File "/home/runner/work/qqnews/qqnews/qq.py", line 128, in main
    for i in qq1["data"]["list"]:
             ~~~~~~~~~~~^^^^^^^^
TypeError: 'NoneType' object is not subscriptable

2025-08-05 02:57:36,397 - INFO - Total time taken: {'ret': 0, 'msg': 'success', 'data': None}
2025-08-05 02:57:36,397 - INFO - 'NoneType' object is not subscriptable
2025-08-05 02:57:36,398 - INFO - Traceback (most recent call last):
  File "/home/runner/work/qqnews/qqnews/qq.py", line 128, in main
    for i in qq1["data"]["list"]:
             ~~~~~~~~~~~^^^^^^^^
TypeError: 'NoneType' object is not subscriptable

2025-08-05 04:04:05,301 - INFO - Total time taken: {'ret': 0, 'msg': 'success', 'data': None}
2025-08-05 04:04:05,301 - INFO - 'NoneType' object is not subscriptable
2025-08-05 04:04:05,301 - INFO - Traceback (most recent call last):
  File "/home/runner/work/qqnews/qqnews/qq.py", line 128, in main
    for i in qq1["data"]["list"]:
             ~~~~~~~~~~~^^^^^^^^
TypeError: 'NoneType' object is not subscriptable

