2024-11-20 00:36:20,484 - INFO - EXPIRED
大中型客货车准驾年龄上限拟延长，专家：有助于保障劳动者就业权
https://new.qq.com/rain/a/20241119A08I2400

2024-11-20 00:36:20,484 - INFO - EXPIRED
紧跟中国，印度也要“三步走”登月
https://new.qq.com/rain/a/20241119A0A8F900

2024-11-20 00:36:20,484 - INFO - EXPIRED
美国已撤走其在中东的剩余一艘航母
https://new.qq.com/rain/a/20241119A0A7YM00

2024-11-20 00:36:20,484 - INFO - EXPIRED
农夫山泉董事长钟睒睒称纯净水不要长期喝，口渴买一瓶没问题，这个说法有道理吗？
https://view.inews.qq.com/a/20241119Q09BAQ00

2024-11-20 00:36:20,484 - INFO - EXPIRED
合创汽车已裁撤上海分公司所有员工，怎么走到了这一步？为何市场不买账？
https://view.inews.qq.com/a/20241118Q098XJ00

2024-11-20 00:36:20,484 - INFO - EXPIRED
青海公示：“90后”苏铧烨拟任县（市、区）党政正职
https://new.qq.com/rain/a/20241119A09JR500

2024-11-20 00:36:20,484 - INFO - EXPIRED
100多亿打水漂，想上天的他栽了
https://new.qq.com/rain/a/20241119A07VHN00

2024-11-20 00:36:20,484 - INFO - EXPIRED
深度 | 乌克兰危机升级1000天：“关键冬天”来了，转折点还有多远？
https://new.qq.com/rain/a/20241119A095BJ00

2024-11-20 00:36:20,484 - INFO - EXPIRED
浙江诸暨发生重大刑案：嫌疑人疑似逃进深山，无人机不断绕山喊话
https://new.qq.com/rain/a/20241119A0A6IO00

2024-11-20 00:36:20,484 - INFO - EXPIRED
钟睒睒再次回应一切：永远不会下场直播，骂我的人也是受害者
https://new.qq.com/rain/a/20241119A0A14S00

2024-11-20 00:36:20,484 - INFO - EXPIRED
国足1-3负日本、被对手打进3粒头球，为什么人高马大的国足防空这么差？
https://view.inews.qq.com/a/20241119Q0A03000

2024-11-20 00:36:20,484 - INFO - EXPIRED
爆炸瞬间：俄黑海舰队一军官在汽车爆炸中死亡，嫌疑人称受乌军方指使
https://new.qq.com/rain/a/20241119V08Z4E00

2024-11-20 00:36:20,484 - INFO - EXPIRED
印尼国会通过法案正式将雅加达设为特区 不再是首都
https://new.qq.com/rain/a/20241119A08UTP00

2024-11-20 00:36:20,484 - INFO - EXPIRED
大利好！1.3万亿ETF官宣降费，每年可为投资者节省持有成本约50亿元
https://new.qq.com/rain/a/20241119A09DMR00

2024-11-20 00:36:20,484 - INFO - EXPIRED
多角度实拍林良铭破日本球门：韦世豪销魂直塞，球迷狂欢直呼牛啊
https://new.qq.com/rain/a/20241119V09Q8S00

2024-11-20 00:36:20,484 - INFO - EXPIRED
美国允许乌用美制远程导弹打击俄方，德媒：朔尔茨对此“非常恼火”
https://new.qq.com/rain/a/20241119A0A4M500

2024-11-20 00:36:20,484 - INFO - EXPIRED
湖南一地因施工爆破致学生上学受阻？乡长：为拓宽道路，山石未清理完
https://new.qq.com/rain/a/20241119A0885300

2024-11-20 00:36:20,484 - INFO - EXPIRED
辽宁庄河一花数十万元修建的公厕没用几年就面临拆除？当地住建局回应
https://new.qq.com/rain/a/20241119A0832O00

2024-11-20 00:36:20,484 - INFO - EXPIRED
什么来路？一旅客携带22只鳄鱼爪从广东潮汕机场入境被查获
https://new.qq.com/rain/a/20241119A09DEX00

2024-11-20 00:36:20,484 - INFO - EXPIRED
中国男子在菲律宾遭刺死：行凶者朝车内刺去，男子驾车离开半路上身亡
https://new.qq.com/rain/a/20241119V09RQ800

2024-11-20 00:36:20,484 - INFO - EXPIRED
12岁少年遭打成重度智能减退之后：被一场乒乓球改变的三个家庭
https://new.qq.com/rain/a/20241119A069QF00

2024-11-20 00:36:20,484 - INFO - EXPIRED
国足1-3负日本，和首回合0-7相比，国足有哪些进步？谁表现最好？
https://view.inews.qq.com/a/20241119Q09YDF00

2024-11-20 00:36:20,484 - INFO - EXPIRED
不装了！余承东直接掏出华为Mate 70 Pro+
https://new.qq.com/rain/a/20241119A08YLJ00

2024-11-20 00:36:20,485 - INFO - EXPIRED
俄罗斯核学说更新当天就被“踩红线”，普京将如何回应
https://new.qq.com/rain/a/20241119A08TVG00

2024-11-20 00:36:20,485 - INFO - EXPIRED
联合国安理会表决苏丹停火决议草案：中美等14国赞成，俄罗斯否决
https://new.qq.com/rain/a/20241119A05FR800

2024-11-20 00:36:20,485 - INFO - EXPIRED
天津一幼儿园教师让小朋友轮流对一小孩扇耳光？属地教育局已介入调查
https://new.qq.com/rain/a/20241119A08IKV00

2024-11-20 00:36:20,485 - INFO - EXPIRED
农夫山泉创始人钟睒睒：当前社会对商人提了太多要求
https://new.qq.com/rain/a/20241119A097IC00

2024-11-20 00:36:20,485 - INFO - EXPIRED
昔日500亿独角兽柔宇科技被宣告破产，曾深陷员工讨薪、订单匮乏漩涡
https://new.qq.com/rain/a/20241119A08BXQ00

2024-11-20 00:36:20,485 - INFO - EXPIRED
增量资金正行动：500亿互换便利落地，120多家上市公司回购增持再贷款
https://new.qq.com/rain/a/20241119A08UYW00

2024-11-20 00:36:20,485 - INFO - EXPIRED
马斯克与奥特曼是如何闹掰的？马斯克把早期邮件全公开了
https://new.qq.com/rain/a/20241119A087YO00

2024-11-20 00:36:20,485 - INFO - EXPIRED
印尼火山爆发，旅游胜地科莫多岛变危地，岛上的科莫多巨蜥需要特殊保护吗？
https://view.inews.qq.com/a/20241117Q074VP00

2024-11-20 00:36:20,485 - INFO - EXPIRED
佩斯科夫：俄罗斯总统普京将访问印度
https://new.qq.com/rain/a/20241119A08P5U00

2024-11-20 00:36:20,485 - INFO - EXPIRED
湖南常德警方通报车辆撞人事件：肇事者已被抓获 伤者均无生命危险
https://new.qq.com/rain/a/20241119A05ZJZ00

2024-11-20 00:36:20,485 - INFO - EXPIRED
张文宏称9%患者感染新冠后6个月出现长新冠，老咳嗽算长新冠吗？能不能硬扛？
https://view.inews.qq.com/a/20241119Q04VZJ00

2024-11-20 00:36:20,485 - INFO - EXPIRED
国务院就业促进和劳动保护工作领导小组部署岁末治理欠薪工作
https://new.qq.com/rain/a/20241119A07ZZN00

2024-11-20 00:36:20,485 - INFO - EXPIRED
“再婚夫妻可生3个孩子”，居民收到群发短信，重庆万州区卫健委回应
https://new.qq.com/rain/a/20241119A03T1X00

2024-11-20 00:36:20,485 - INFO - EXPIRED
李云泽、吴清、朱鹤新重磅发声：继续拓展与境外市场互联互通
https://new.qq.com/rain/a/20241119A08EPS00

2024-11-20 00:36:20,485 - INFO - EXPIRED
云南天文台揭示了II型超新星多样性的物理起源，多样性是由什么引起的？
https://view.inews.qq.com/a/20241118Q08IF700

2024-11-20 00:36:20,485 - INFO - EXPIRED
湖南一检察官实名举报派出所副所长诬告其儿子？官方：收到举报正调查
https://new.qq.com/rain/a/20241119A04DGL00

2024-11-20 00:36:20,485 - INFO - EXPIRED
乌媒称乌军首次使用美国陆军战术导弹系统袭击俄布良斯克州
https://new.qq.com/rain/a/20241119A07HN000

2024-11-20 00:36:20,485 - INFO - EXPIRED
MONA M03、P7+卖爆了！小鹏汽车发布史上最强财报
https://new.qq.com/rain/a/20241119A07JD300

2024-11-20 00:36:20,485 - INFO - EXPIRED
普京批准新版俄罗斯核威慑国家基本政策，克宫回应
https://new.qq.com/rain/a/20241119A0746Y00

2024-11-20 00:36:20,485 - INFO - EXPIRED
“靠金融吃金融”的朱从玖，受贿上亿被判无期
https://new.qq.com/rain/a/20241119A076MW00

2024-11-20 00:36:20,485 - INFO - EXPIRED
天津最大奥迪4S店闭店，奥迪该“背锅”吗？为何现在很多4S店生存堪忧？
https://view.inews.qq.com/a/20241119Q04ISB00

2024-11-20 00:36:20,485 - INFO - EXPIRED
台湾对香港“串谋颠覆国家政权罪案”判决表示反对，外交部回应
https://new.qq.com/rain/a/20241119A05UCY00

2024-11-20 00:36:20,485 - INFO - EXPIRED
浙江发生重大刑案嫌犯在逃 知情人：村民在公厕发现人体组织报警
https://new.qq.com/rain/a/20241119A0532X00

2024-11-20 00:36:20,485 - INFO - EXPIRED
安徽九华山景区多只狗被“断脚”引虐狗猜测 景区：已救治 在调查情况
https://new.qq.com/rain/a/20241118A08TIO00

2024-11-20 00:36:20,485 - INFO - EXPIRED
游客夜爬大牯牛山纵火，目击者：劝阻无果，他们围着火边跳边叫，像听不见一样继续玩
https://new.qq.com/rain/a/20241119A04MMB00

2024-11-20 00:36:20,485 - INFO - EXPIRED
最高检：对侵害学生权益、危害校园安全的犯罪要坚持“零容忍”
https://new.qq.com/rain/a/20241119A04ZMM00

2024-11-20 00:36:20,485 - INFO - EXPIRED
谷歌回应“或遭美司法部勒令出售Chrome”：将伤害消费者、开发者和美国的技术领导地位
https://new.qq.com/rain/a/20241119A06IPR00

2024-11-20 00:36:20,485 - INFO - EXPIRED
有私募称A股操作太难了，游资强得可怕，游资强在哪？为何专业机构反而总被嘲讽？
https://view.inews.qq.com/a/20241119Q04QKW00

2024-11-20 00:36:20,485 - INFO - EXPIRED
女大学生被HR夸漂亮想认识，公司领导称他有权追求，HR和公司领导谁的问题更大？
https://view.inews.qq.com/a/20241119Q02ZOW00

2024-11-20 00:36:20,485 - INFO - EXPIRED
星舰升空，特朗普亲临？“第一兄弟”马斯克葫芦里卖的什么药？
https://new.qq.com/rain/a/20241119A04GFX00

2024-11-20 00:36:20,485 - INFO - EXPIRED
广东陆丰多个乡镇出现海水倒灌，官方：未来两天需观察，建议减少外出
https://new.qq.com/rain/a/20241119A04P9200

2024-11-20 00:36:20,485 - INFO - EXPIRED
打假博主举报良品铺子配料表造假，通报称未造假引发质疑，调查流程是合理的吗？
https://view.inews.qq.com/a/20241119Q05ABQ00

2024-11-20 00:36:20,485 - INFO - EXPIRED
海关常通过神色、步态判断违法夹带人员，他们是怎么一眼发现猫腻的？
https://view.inews.qq.com/a/20241118Q08G5800

2024-11-20 00:36:20,485 - INFO - EXPIRED
哪吒汽车“自救”：将获供应链金融支持，地方国资股东或陆续出手
https://new.qq.com/rain/a/20241119A04GF800

2024-11-20 00:36:20,485 - INFO - EXPIRED
打假博主团队在展销会遭多名商户围殴：摄影师被打致脑震荡，警方立案
https://new.qq.com/rain/a/20241119V055YC00

2024-11-20 00:36:20,485 - INFO - EXPIRED
男子被开除后起诉获赔35万，我上班期间睡觉会有开除风险吗？边界在哪？
https://view.inews.qq.com/a/20241119Q03OFH00

2024-11-20 00:36:20,485 - INFO - EXPIRED
东莞康怡护理院起火致4死调查报告：氧气泄漏加速燃烧，现场喷淋没有水
https://new.qq.com/rain/a/20241119A04WBF00

2024-11-20 00:36:20,485 - INFO - EXPIRED
宣判！乱港分子戴耀廷被判十年有期徒刑 黄之锋获刑四年八个月
https://new.qq.com/rain/a/20241119A033YD00

2024-11-20 00:36:20,485 - INFO - EXPIRED
王毅会见印度外长苏杰生：争取在恢复直航、便利签证等方面取得进展
https://new.qq.com/rain/a/20241119A033V000

2024-11-20 00:36:20,485 - INFO - EXPIRED
浙江诸暨警方悬赏追捕徐一平，其疑作案后群聊点名另3人称“来不及杀”
https://new.qq.com/rain/a/20241119A04HSO00

2024-11-20 00:36:20,485 - INFO - EXPIRED
珠穆朗玛峰的生长速度远超预期，每年长高2毫米，为何能长这么快？
https://view.inews.qq.com/a/20241118Q09RY400

2024-11-20 00:36:20,485 - INFO - EXPIRED
福克斯新闻主播肖恩·达菲被提名为美交通部长，他能胜任吗？福克斯人才这么多？
https://view.inews.qq.com/a/20241119Q029TR00

2024-11-20 00:36:20,485 - INFO - EXPIRED
受贿数额特别巨大！中石油原董事长王宜林被公诉
https://new.qq.com/rain/a/20241119A0271U00

2024-11-20 00:36:20,485 - INFO - EXPIRED
45名反中乱港分子涉颠覆国家政权罪被判刑，外交部回应
https://new.qq.com/rain/a/20241119A05S3Z00

2024-11-20 00:36:20,485 - INFO - EXPIRED
太原一社区多名干部瓜分企业捐赠香烟？区纪委监委：已介入调查
https://new.qq.com/rain/a/20241119A017HW00

2024-11-20 00:36:20,485 - INFO - EXPIRED
珠海航展一男子疑持扫描设备对参展装备扫描建模，目击者：当场被带走
https://new.qq.com/rain/a/20241119V03ATY00

2024-11-20 00:36:20,485 - INFO - EXPIRED
赵薇被强制执行8488元，名下多家公司被吊销，所持1850万股权仍被冻结
https://new.qq.com/rain/a/20241119A03FE000

2024-11-20 00:36:20,485 - INFO - EXPIRED
何立峰出席香港国际金融领袖投资峰会并致辞
https://new.qq.com/rain/a/20241119A04BH200

2024-11-20 00:36:20,485 - INFO - EXPIRED
邓超最“装”的采访出现了！变身红发戏精套路主持人，现场气氛拿捏
https://new.qq.com/rain/a/20241119V0456800

2024-11-20 00:36:20,485 - INFO - EXPIRED
俄国家杜马主席：若乌获准远程打击俄腹地 俄不排除使用新武器系统
https://new.qq.com/rain/a/20241119A0064500

2024-11-20 00:36:20,485 - INFO - EXPIRED
因大雾和路面结冰，宁夏银川一路段10余辆车追尾剐蹭，3人受伤就医
https://new.qq.com/rain/a/20241119V03QYP00

2024-11-20 00:36:20,485 - INFO - EXPIRED
中国和巴基斯坦军队将举行“勇士-8”反恐联合演习
https://new.qq.com/rain/a/20241119A0394S00

2024-11-20 00:36:20,485 - INFO - EXPIRED
王林虎任湖北省委常委、省委政法委书记
https://new.qq.com/rain/a/20241119A02P5U00

2024-11-20 00:36:20,485 - INFO - EXPIRED
哈梅内伊陷入昏迷？伊朗驳斥
https://new.qq.com/rain/a/20241119V01S1H00

2024-11-20 00:36:20,485 - INFO - EXPIRED
教育机构数据显示：印度15年来首次超过中国，成美国最大留学生来源国
https://new.qq.com/rain/a/20241118A06O8C00

2024-11-20 00:36:20,485 - INFO - EXPIRED
四百万粉丝男博主，专职在私信里给粉丝分析月经、怀孕、性生活
https://new.qq.com/rain/a/20241119A01NKA00

2024-11-20 00:36:20,485 - INFO - EXPIRED
实探“随便进”的政府大院：外卖员和官员同堂吃饭，办公秩序未受影响
https://new.qq.com/rain/a/20241118A09URW00

2024-11-20 00:36:20,486 - INFO - EXPIRED
昆明一横跨河道的超市突发塌陷，有母女坠落，问题出在哪儿？超市选址合理吗？
https://view.inews.qq.com/a/20241118Q03ETC00

2024-11-20 00:36:20,486 - INFO - EXPIRED
国家发改委：加快破解各类市场准入“玻璃门”、“旋转门”和“弹簧门”
https://new.qq.com/rain/a/20241119A02VYH00

2024-11-20 00:36:20,486 - INFO - EXPIRED
苏州马拉松上薅羊毛？一男一女疑拿走大量补给“负重”奔跑，官方回应
https://new.qq.com/rain/a/20241118A0902M00

2024-11-20 00:36:20,486 - INFO - EXPIRED
央行副行长朱鹤新：近期出台的政策效果开始显现
https://new.qq.com/rain/a/20241119A0296K00

2024-11-20 00:36:20,486 - INFO - EXPIRED
王毅会见俄罗斯外长拉夫罗夫
https://new.qq.com/rain/a/20241119A01BIZ00

2024-11-20 00:36:20,486 - INFO - EXPIRED
证监会主席吴清：资本市场长期向好的底层逻辑将会更加稳固
https://new.qq.com/rain/a/20241119A022KH00

2024-11-20 00:36:20,486 - INFO - EXPIRED
游客夜爬昆明大牯牛山并纵火烧山？官方：正在核实是生火取暖还是纵火
https://new.qq.com/rain/a/20241118A08QZG00

2024-11-20 00:36:20,486 - INFO - EXPIRED
荣耀独立4年 走了一条和华为不同的路？
https://new.qq.com/rain/a/20241118A06P7M00

2024-11-20 00:36:20,486 - INFO - EXPIRED
张文宏团队发表最新研究，事关长新冠诊疗
https://new.qq.com/rain/a/20241118A092ND00

2024-11-20 00:36:20,486 - INFO - EXPIRED
新一轮美欧贸易战在即？欧央行官员警告：欧洲经济可能陷入衰退
https://new.qq.com/rain/a/20241119A00P6B00

2024-11-20 00:36:20,486 - INFO - EXPIRED
浙江增速超广东，这些地方为何“最敢生”
https://new.qq.com/rain/a/20241118A09GLH00

2024-11-20 00:36:20,486 - INFO - EXPIRED
酒店偷拍黑产调查：毫米级摄像头随便买，宣称“瞅不着”“保密发货”
https://new.qq.com/rain/a/20241119A0152X00

2024-11-20 00:36:20,486 - INFO - EXPIRED
可观珠宝被调查：投资人称已两月无法兑付，董事长曾回应说没跑路
https://new.qq.com/rain/a/20241119A013QO00

2024-11-20 00:36:22,081 - INFO - INVALID
初中生在校10元晚餐仅拳头大小汉堡吃不饱？校方称不实，教育局回应
https://new.qq.com/rain/a/20241120A0164Q00

2024-11-20 00:36:22,086 - INFO - INVALID
乌首次使用美远程武器打击俄纵深，同日普京批准新版俄核威慑国家基本政策
https://new.qq.com/rain/a/20241120A00Y8600

2024-11-20 00:36:22,091 - INFO - SUCCESS
美股收盘：无惧俄乌局势升温 纳指涨1% 英伟达财报前夕飙升近5%
https://new.qq.com/rain/a/20241120A00WPW00

2024-11-20 00:36:22,144 - INFO - INVALID
俄官员称在俄境内打死一名美军游骑兵
https://new.qq.com/rain/a/20241120A00RRR00

2024-11-20 00:36:22,225 - INFO - INVALID
中央财办韩文秀：稳步扩大中等收入群体规模 合理调节过高收入
https://new.qq.com/rain/a/20241120A00YSE00

2024-11-20 00:36:22,627 - ERROR - ERROR
“星舰”第六次试飞：特朗普与马斯克亲临现场 未尝试“筷子夹火箭”
https://new.qq.com/rain/a/20241120V0127Z00
('list index out of range',)
======
Traceback (most recent call last):
  File "/home/runner/work/qqnews/qqnews/qq.py", line 81, in process_article
    ss = str(tmpbs.select("div.LEFT div.content.clearfix")[0])
             ~~~~~~~~~~~~~~~~~~~~~~~~~~~~~~~~~~~~~~~~~~~~~^^^
IndexError: list index out of range


2024-11-20 00:36:22,740 - INFO - INVALID
特朗普重返白宫前 伊朗同意停止生产接近武器级的浓缩铀
https://new.qq.com/rain/a/20241120A00PLF00

2024-11-20 02:15:09,043 - INFO - EXPIRED
男子举报西安东站一工地遭私自采砂，民警对报警人掐脖辱骂？警方通报
https://new.qq.com/rain/a/20241119A07QMR00

2024-11-20 02:15:09,043 - INFO - EXPIRED
合创汽车已裁撤上海分公司所有员工，怎么走到了这一步？为何市场不买账？
https://view.inews.qq.com/a/20241118Q098XJ00

2024-11-20 02:15:09,043 - INFO - EXPIRED
紧跟中国，印度也要“三步走”登月
https://new.qq.com/rain/a/20241119A0A8F900

2024-11-20 02:15:09,043 - INFO - EXPIRED
美国已撤走其在中东的剩余一艘航母
https://new.qq.com/rain/a/20241119A0A7YM00

2024-11-20 02:15:09,043 - INFO - EXPIRED
印尼国会通过法案正式将雅加达设为特区 不再是首都
https://new.qq.com/rain/a/20241119A08UTP00

2024-11-20 02:15:09,043 - INFO - EXPIRED
农夫山泉董事长钟睒睒称纯净水不要长期喝，口渴买一瓶没问题，这个说法有道理吗？
https://view.inews.qq.com/a/20241119Q09BAQ00

2024-11-20 02:15:09,043 - INFO - EXPIRED
大中型客货车准驾年龄上限拟延长，专家：有助于保障劳动者就业权
https://new.qq.com/rain/a/20241119A08I2400

2024-11-20 02:15:09,043 - INFO - EXPIRED
青海公示：“90后”苏铧烨拟任县（市、区）党政正职
https://new.qq.com/rain/a/20241119A09JR500

2024-11-20 02:15:09,043 - INFO - EXPIRED
100多亿打水漂，想上天的他栽了
https://new.qq.com/rain/a/20241119A07VHN00

2024-11-20 02:15:09,043 - INFO - EXPIRED
深度 | 乌克兰危机升级1000天：“关键冬天”来了，转折点还有多远？
https://new.qq.com/rain/a/20241119A095BJ00

2024-11-20 02:15:09,043 - INFO - EXPIRED
浙江诸暨发生重大刑案：嫌疑人疑似逃进深山，无人机不断绕山喊话
https://new.qq.com/rain/a/20241119A0A6IO00

2024-11-20 02:15:09,043 - INFO - EXPIRED
钟睒睒再次回应一切：永远不会下场直播，骂我的人也是受害者
https://new.qq.com/rain/a/20241119A0A14S00

2024-11-20 02:15:09,043 - INFO - EXPIRED
国足1-3负日本、被对手打进3粒头球，为什么人高马大的国足防空这么差？
https://view.inews.qq.com/a/20241119Q0A03000

2024-11-20 02:15:09,043 - INFO - EXPIRED
爆炸瞬间：俄黑海舰队一军官在汽车爆炸中死亡，嫌疑人称受乌军方指使
https://new.qq.com/rain/a/20241119V08Z4E00

2024-11-20 02:15:09,043 - INFO - EXPIRED
大利好！1.3万亿ETF官宣降费，每年可为投资者节省持有成本约50亿元
https://new.qq.com/rain/a/20241119A09DMR00

2024-11-20 02:15:09,043 - INFO - EXPIRED
多角度实拍林良铭破日本球门：韦世豪销魂直塞，球迷狂欢直呼牛啊
https://new.qq.com/rain/a/20241119V09Q8S00

2024-11-20 02:15:09,043 - INFO - EXPIRED
美国允许乌用美制远程导弹打击俄方，德媒：朔尔茨对此“非常恼火”
https://new.qq.com/rain/a/20241119A0A4M500

2024-11-20 02:15:09,043 - INFO - EXPIRED
湖南一地因施工爆破致学生上学受阻？乡长：为拓宽道路，山石未清理完
https://new.qq.com/rain/a/20241119A0885300

2024-11-20 02:15:09,043 - INFO - EXPIRED
辽宁庄河一花数十万元修建的公厕没用几年就面临拆除？当地住建局回应
https://new.qq.com/rain/a/20241119A0832O00

2024-11-20 02:15:09,043 - INFO - EXPIRED
什么来路？一旅客携带22只鳄鱼爪从广东潮汕机场入境被查获
https://new.qq.com/rain/a/20241119A09DEX00

2024-11-20 02:15:09,043 - INFO - EXPIRED
中国男子在菲律宾遭刺死：行凶者朝车内刺去，男子驾车离开半路上身亡
https://new.qq.com/rain/a/20241119V09RQ800

2024-11-20 02:15:09,043 - INFO - EXPIRED
12岁少年遭打成重度智能减退之后：被一场乒乓球改变的三个家庭
https://new.qq.com/rain/a/20241119A069QF00

2024-11-20 02:15:09,043 - INFO - EXPIRED
国足1-3负日本，和首回合0-7相比，国足有哪些进步？谁表现最好？
https://view.inews.qq.com/a/20241119Q09YDF00

2024-11-20 02:15:09,043 - INFO - EXPIRED
不装了！余承东直接掏出华为Mate 70 Pro+
https://new.qq.com/rain/a/20241119A08YLJ00

2024-11-20 02:15:09,043 - INFO - EXPIRED
俄罗斯核学说更新当天就被“踩红线”，普京将如何回应
https://new.qq.com/rain/a/20241119A08TVG00

2024-11-20 02:15:09,043 - INFO - EXPIRED
联合国安理会表决苏丹停火决议草案：中美等14国赞成，俄罗斯否决
https://new.qq.com/rain/a/20241119A05FR800

2024-11-20 02:15:09,043 - INFO - EXPIRED
天津一幼儿园教师让小朋友轮流对一小孩扇耳光？属地教育局已介入调查
https://new.qq.com/rain/a/20241119A08IKV00

2024-11-20 02:15:09,043 - INFO - EXPIRED
农夫山泉创始人钟睒睒：当前社会对商人提了太多要求
https://new.qq.com/rain/a/20241119A097IC00

2024-11-20 02:15:09,044 - INFO - EXPIRED
昔日500亿独角兽柔宇科技被宣告破产，曾深陷员工讨薪、订单匮乏漩涡
https://new.qq.com/rain/a/20241119A08BXQ00

2024-11-20 02:15:09,044 - INFO - EXPIRED
增量资金正行动：500亿互换便利落地，120多家上市公司回购增持再贷款
https://new.qq.com/rain/a/20241119A08UYW00

2024-11-20 02:15:09,044 - INFO - EXPIRED
马斯克与奥特曼是如何闹掰的？马斯克把早期邮件全公开了
https://new.qq.com/rain/a/20241119A087YO00

2024-11-20 02:15:09,044 - INFO - EXPIRED
印尼火山爆发，旅游胜地科莫多岛变危地，岛上的科莫多巨蜥需要特殊保护吗？
https://view.inews.qq.com/a/20241117Q074VP00

2024-11-20 02:15:09,044 - INFO - EXPIRED
佩斯科夫：俄罗斯总统普京将访问印度
https://new.qq.com/rain/a/20241119A08P5U00

2024-11-20 02:15:09,044 - INFO - EXPIRED
湖南常德警方通报车辆撞人事件：肇事者已被抓获 伤者均无生命危险
https://new.qq.com/rain/a/20241119A05ZJZ00

2024-11-20 02:15:09,044 - INFO - EXPIRED
张文宏称9%患者感染新冠后6个月出现长新冠，老咳嗽算长新冠吗？能不能硬扛？
https://view.inews.qq.com/a/20241119Q04VZJ00

2024-11-20 02:15:09,044 - INFO - EXPIRED
国务院就业促进和劳动保护工作领导小组部署岁末治理欠薪工作
https://new.qq.com/rain/a/20241119A07ZZN00

2024-11-20 02:15:09,044 - INFO - EXPIRED
“再婚夫妻可生3个孩子”，居民收到群发短信，重庆万州区卫健委回应
https://new.qq.com/rain/a/20241119A03T1X00

2024-11-20 02:15:09,044 - INFO - EXPIRED
李云泽、吴清、朱鹤新重磅发声：继续拓展与境外市场互联互通
https://new.qq.com/rain/a/20241119A08EPS00

2024-11-20 02:15:09,044 - INFO - EXPIRED
云南天文台揭示了II型超新星多样性的物理起源，多样性是由什么引起的？
https://view.inews.qq.com/a/20241118Q08IF700

2024-11-20 02:15:09,044 - INFO - EXPIRED
湖南一检察官实名举报派出所副所长诬告其儿子？官方：收到举报正调查
https://new.qq.com/rain/a/20241119A04DGL00

2024-11-20 02:15:09,044 - INFO - EXPIRED
乌媒称乌军首次使用美国陆军战术导弹系统袭击俄布良斯克州
https://new.qq.com/rain/a/20241119A07HN000

2024-11-20 02:15:09,044 - INFO - EXPIRED
MONA M03、P7+卖爆了！小鹏汽车发布史上最强财报
https://new.qq.com/rain/a/20241119A07JD300

2024-11-20 02:15:09,044 - INFO - EXPIRED
普京批准新版俄罗斯核威慑国家基本政策，克宫回应
https://new.qq.com/rain/a/20241119A0746Y00

2024-11-20 02:15:09,044 - INFO - EXPIRED
“靠金融吃金融”的朱从玖，受贿上亿被判无期
https://new.qq.com/rain/a/20241119A076MW00

2024-11-20 02:15:09,044 - INFO - EXPIRED
天津最大奥迪4S店闭店，奥迪该“背锅”吗？为何现在很多4S店生存堪忧？
https://view.inews.qq.com/a/20241119Q04ISB00

2024-11-20 02:15:09,044 - INFO - EXPIRED
台湾对香港“串谋颠覆国家政权罪案”判决表示反对，外交部回应
https://new.qq.com/rain/a/20241119A05UCY00

2024-11-20 02:15:09,044 - INFO - EXPIRED
浙江发生重大刑案嫌犯在逃 知情人：村民在公厕发现人体组织报警
https://new.qq.com/rain/a/20241119A0532X00

2024-11-20 02:15:09,044 - INFO - EXPIRED
安徽九华山景区多只狗被“断脚”引虐狗猜测 景区：已救治 在调查情况
https://new.qq.com/rain/a/20241118A08TIO00

2024-11-20 02:15:09,044 - INFO - EXPIRED
游客夜爬大牯牛山纵火，目击者：劝阻无果，他们围着火边跳边叫，像听不见一样继续玩
https://new.qq.com/rain/a/20241119A04MMB00

2024-11-20 02:15:09,044 - INFO - EXPIRED
最高检：对侵害学生权益、危害校园安全的犯罪要坚持“零容忍”
https://new.qq.com/rain/a/20241119A04ZMM00

2024-11-20 02:15:09,044 - INFO - EXPIRED
谷歌回应“或遭美司法部勒令出售Chrome”：将伤害消费者、开发者和美国的技术领导地位
https://new.qq.com/rain/a/20241119A06IPR00

2024-11-20 02:15:09,044 - INFO - EXPIRED
有私募称A股操作太难了，游资强得可怕，游资强在哪？为何专业机构反而总被嘲讽？
https://view.inews.qq.com/a/20241119Q04QKW00

2024-11-20 02:15:09,044 - INFO - EXPIRED
女大学生被HR夸漂亮想认识，公司领导称他有权追求，HR和公司领导谁的问题更大？
https://view.inews.qq.com/a/20241119Q02ZOW00

2024-11-20 02:15:09,044 - INFO - EXPIRED
星舰升空，特朗普亲临？“第一兄弟”马斯克葫芦里卖的什么药？
https://new.qq.com/rain/a/20241119A04GFX00

2024-11-20 02:15:09,044 - INFO - EXPIRED
广东陆丰多个乡镇出现海水倒灌，官方：未来两天需观察，建议减少外出
https://new.qq.com/rain/a/20241119A04P9200

2024-11-20 02:15:09,044 - INFO - EXPIRED
打假博主举报良品铺子配料表造假，通报称未造假引发质疑，调查流程是合理的吗？
https://view.inews.qq.com/a/20241119Q05ABQ00

2024-11-20 02:15:09,044 - INFO - EXPIRED
海关常通过神色、步态判断违法夹带人员，他们是怎么一眼发现猫腻的？
https://view.inews.qq.com/a/20241118Q08G5800

2024-11-20 02:15:09,044 - INFO - EXPIRED
哪吒汽车“自救”：将获供应链金融支持，地方国资股东或陆续出手
https://new.qq.com/rain/a/20241119A04GF800

2024-11-20 02:15:09,044 - INFO - EXPIRED
打假博主团队在展销会遭多名商户围殴：摄影师被打致脑震荡，警方立案
https://new.qq.com/rain/a/20241119V055YC00

2024-11-20 02:15:09,044 - INFO - EXPIRED
男子被开除后起诉获赔35万，我上班期间睡觉会有开除风险吗？边界在哪？
https://view.inews.qq.com/a/20241119Q03OFH00

2024-11-20 02:15:09,044 - INFO - EXPIRED
东莞康怡护理院起火致4死调查报告：氧气泄漏加速燃烧，现场喷淋没有水
https://new.qq.com/rain/a/20241119A04WBF00

2024-11-20 02:15:09,044 - INFO - EXPIRED
宣判！乱港分子戴耀廷被判十年有期徒刑 黄之锋获刑四年八个月
https://new.qq.com/rain/a/20241119A033YD00

2024-11-20 02:15:09,044 - INFO - EXPIRED
王毅会见印度外长苏杰生：争取在恢复直航、便利签证等方面取得进展
https://new.qq.com/rain/a/20241119A033V000

2024-11-20 02:15:09,044 - INFO - EXPIRED
浙江诸暨警方悬赏追捕徐一平，其疑作案后群聊点名另3人称“来不及杀”
https://new.qq.com/rain/a/20241119A04HSO00

2024-11-20 02:15:09,044 - INFO - EXPIRED
珠穆朗玛峰的生长速度远超预期，每年长高2毫米，为何能长这么快？
https://view.inews.qq.com/a/20241118Q09RY400

2024-11-20 02:15:09,044 - INFO - EXPIRED
福克斯新闻主播肖恩·达菲被提名为美交通部长，他能胜任吗？福克斯人才这么多？
https://view.inews.qq.com/a/20241119Q029TR00

2024-11-20 02:15:09,044 - INFO - EXPIRED
受贿数额特别巨大！中石油原董事长王宜林被公诉
https://new.qq.com/rain/a/20241119A0271U00

2024-11-20 02:15:09,044 - INFO - EXPIRED
45名反中乱港分子涉颠覆国家政权罪被判刑，外交部回应
https://new.qq.com/rain/a/20241119A05S3Z00

2024-11-20 02:15:09,044 - INFO - EXPIRED
太原一社区多名干部瓜分企业捐赠香烟？区纪委监委：已介入调查
https://new.qq.com/rain/a/20241119A017HW00

2024-11-20 02:15:09,044 - INFO - EXPIRED
珠海航展一男子疑持扫描设备对参展装备扫描建模，目击者：当场被带走
https://new.qq.com/rain/a/20241119V03ATY00

2024-11-20 02:15:09,044 - INFO - EXPIRED
赵薇被强制执行8488元，名下多家公司被吊销，所持1850万股权仍被冻结
https://new.qq.com/rain/a/20241119A03FE000

2024-11-20 02:15:09,044 - INFO - EXPIRED
何立峰出席香港国际金融领袖投资峰会并致辞
https://new.qq.com/rain/a/20241119A04BH200

2024-11-20 02:15:09,044 - INFO - EXPIRED
邓超最“装”的采访出现了！变身红发戏精套路主持人，现场气氛拿捏
https://new.qq.com/rain/a/20241119V0456800

2024-11-20 02:15:09,044 - INFO - EXPIRED
俄国家杜马主席：若乌获准远程打击俄腹地 俄不排除使用新武器系统
https://new.qq.com/rain/a/20241119A0064500

2024-11-20 02:15:09,044 - INFO - EXPIRED
因大雾和路面结冰，宁夏银川一路段10余辆车追尾剐蹭，3人受伤就医
https://new.qq.com/rain/a/20241119V03QYP00

2024-11-20 02:15:09,044 - INFO - EXPIRED
中国和巴基斯坦军队将举行“勇士-8”反恐联合演习
https://new.qq.com/rain/a/20241119A0394S00

2024-11-20 02:15:09,044 - INFO - EXPIRED
王林虎任湖北省委常委、省委政法委书记
https://new.qq.com/rain/a/20241119A02P5U00

2024-11-20 02:15:09,044 - INFO - EXPIRED
哈梅内伊陷入昏迷？伊朗驳斥
https://new.qq.com/rain/a/20241119V01S1H00

2024-11-20 02:15:09,044 - INFO - EXPIRED
教育机构数据显示：印度15年来首次超过中国，成美国最大留学生来源国
https://new.qq.com/rain/a/20241118A06O8C00

2024-11-20 02:15:09,044 - INFO - EXPIRED
四百万粉丝男博主，专职在私信里给粉丝分析月经、怀孕、性生活
https://new.qq.com/rain/a/20241119A01NKA00

2024-11-20 02:15:09,044 - INFO - EXPIRED
实探“随便进”的政府大院：外卖员和官员同堂吃饭，办公秩序未受影响
https://new.qq.com/rain/a/20241118A09URW00

2024-11-20 02:15:09,044 - INFO - EXPIRED
昆明一横跨河道的超市突发塌陷，有母女坠落，问题出在哪儿？超市选址合理吗？
https://view.inews.qq.com/a/20241118Q03ETC00

2024-11-20 02:15:09,044 - INFO - EXPIRED
国家发改委：加快破解各类市场准入“玻璃门”、“旋转门”和“弹簧门”
https://new.qq.com/rain/a/20241119A02VYH00

2024-11-20 02:15:09,044 - INFO - EXPIRED
苏州马拉松上薅羊毛？一男一女疑拿走大量补给“负重”奔跑，官方回应
https://new.qq.com/rain/a/20241118A0902M00

2024-11-20 02:15:09,044 - INFO - EXPIRED
央行副行长朱鹤新：近期出台的政策效果开始显现
https://new.qq.com/rain/a/20241119A0296K00

2024-11-20 02:15:10,370 - INFO - INVALID
给爱说话学生戴“小蜜蜂”的老师再次致歉，甘肃教育厅：在核实其身份
https://new.qq.com/rain/a/20241120A01GUI00

2024-11-20 02:15:10,381 - INFO - INVALID
广东汕尾一乡镇公交车起火烧成骨架，车上载有学生，当地多方回应
https://new.qq.com/rain/a/20241120A028M000

2024-11-20 02:15:10,393 - INFO - INVALID
化妆品涉嫌添加禁用原料？百雀羚回应：不存在违法添加禁用原料行为
https://new.qq.com/rain/a/20241120A02FAO00

2024-11-20 02:15:10,429 - INFO - INVALID
乌首次使用美远程武器打击俄纵深，同日普京批准新版俄核威慑国家基本政策
https://new.qq.com/rain/a/20241120A00Y8600

2024-11-20 02:15:10,494 - INFO - INVALID
酒店偷拍黑产调查：酒店偷拍直播“不愁卖”，万部视频付费看
https://new.qq.com/rain/a/20241120A014DL00

2024-11-20 02:15:10,958 - INFO - INVALID
初中生在校10元晚餐仅拳头大小汉堡吃不饱？校方称不实，教育局回应
https://new.qq.com/rain/a/20241120A0164Q00

2024-11-20 02:15:11,016 - INFO - INVALID
官方通报“幼儿园老师教唆全班扇男孩耳光”：因涉事幼儿拍打一听障幼儿，老师已被开除
https://new.qq.com/rain/a/20241120A01G8N00

2024-11-20 02:15:11,020 - INFO - INVALID
广东省东莞市委原书记、市人大常委会原主任徐建华被查
https://new.qq.com/rain/a/20241120A01V1K00

2024-11-20 02:15:11,077 - INFO - INVALID
特朗普重返白宫前 伊朗同意停止生产接近武器级的浓缩铀
https://new.qq.com/rain/a/20241120A00PLF00

2024-11-20 02:15:11,127 - INFO - INVALID
11月LPR报价出炉：5年期和1年期利率均维持不变
https://new.qq.com/rain/a/20241120A01M0B00

2024-11-20 02:15:11,530 - INFO - INVALID
国内成品油调价或搁浅，下轮下调概率较大
https://new.qq.com/rain/a/20241120A007GO00

2024-11-20 02:15:11,577 - INFO - INVALID
中央财办韩文秀：稳步扩大中等收入群体规模 合理调节过高收入
https://new.qq.com/rain/a/20241120A00YSE00

2024-11-20 02:15:11,605 - INFO - INVALID
俄官员称在俄境内打死一名美军游骑兵
https://new.qq.com/rain/a/20241120A00RRR00

2024-11-20 02:15:11,698 - ERROR - ERROR
“星舰”第六次试飞：特朗普与马斯克亲临现场 未尝试“筷子夹火箭”
https://new.qq.com/rain/a/20241120V0127Z00
('list index out of range',)
======
Traceback (most recent call last):
  File "/home/runner/work/qqnews/qqnews/qq.py", line 81, in process_article
    ss = str(tmpbs.select("div.LEFT div.content.clearfix")[0])
             ~~~~~~~~~~~~~~~~~~~~~~~~~~~~~~~~~~~~~~~~~~~~~^^^
IndexError: list index out of range


2024-11-20 02:15:11,724 - INFO - EXIST
美股收盘：无惧俄乌局势升温 纳指涨1% 英伟达财报前夕飙升近5%
https://new.qq.com/rain/a/20241120A00WPW00

2024-11-20 03:22:22,487 - INFO - EXPIRED
乌克兰危机进入第1000天，乌军或将“腹背受敌”
https://new.qq.com/rain/a/20241119A063KX00

2024-11-20 03:22:22,487 - INFO - EXPIRED
男子举报西安东站一工地遭私自采砂，民警对报警人掐脖辱骂？警方通报
https://new.qq.com/rain/a/20241119A07QMR00

2024-11-20 03:22:22,487 - INFO - EXPIRED
广州超40只宠物狗疑似中毒死亡，谁干的？
https://new.qq.com/rain/a/20241119A08BOC00

2024-11-20 03:22:22,487 - INFO - EXPIRED
农夫山泉董事长钟睒睒称纯净水不要长期喝，口渴买一瓶没问题，这个说法有道理吗？
https://view.inews.qq.com/a/20241119Q09BAQ00

2024-11-20 03:22:22,487 - INFO - EXPIRED
美国已撤走其在中东的剩余一艘航母
https://new.qq.com/rain/a/20241119A0A7YM00

2024-11-20 03:22:22,487 - INFO - EXPIRED
合创汽车已裁撤上海分公司所有员工，怎么走到了这一步？为何市场不买账？
https://view.inews.qq.com/a/20241118Q098XJ00

2024-11-20 03:22:22,487 - INFO - EXPIRED
紧跟中国，印度也要“三步走”登月
https://new.qq.com/rain/a/20241119A0A8F900

2024-11-20 03:22:22,487 - INFO - EXPIRED
印尼国会通过法案正式将雅加达设为特区 不再是首都
https://new.qq.com/rain/a/20241119A08UTP00

2024-11-20 03:22:22,487 - INFO - EXPIRED
大中型客货车准驾年龄上限拟延长，专家：有助于保障劳动者就业权
https://new.qq.com/rain/a/20241119A08I2400

2024-11-20 03:22:22,487 - INFO - EXPIRED
青海公示：“90后”苏铧烨拟任县（市、区）党政正职
https://new.qq.com/rain/a/20241119A09JR500

2024-11-20 03:22:22,487 - INFO - EXPIRED
100多亿打水漂，想上天的他栽了
https://new.qq.com/rain/a/20241119A07VHN00

2024-11-20 03:22:22,487 - INFO - EXPIRED
深度 | 乌克兰危机升级1000天：“关键冬天”来了，转折点还有多远？
https://new.qq.com/rain/a/20241119A095BJ00

2024-11-20 03:22:22,487 - INFO - EXPIRED
钟睒睒再次回应一切：永远不会下场直播，骂我的人也是受害者
https://new.qq.com/rain/a/20241119A0A14S00

2024-11-20 03:22:22,487 - INFO - EXPIRED
国足1-3负日本、被对手打进3粒头球，为什么人高马大的国足防空这么差？
https://view.inews.qq.com/a/20241119Q0A03000

2024-11-20 03:22:22,487 - INFO - EXPIRED
爆炸瞬间：俄黑海舰队一军官在汽车爆炸中死亡，嫌疑人称受乌军方指使
https://new.qq.com/rain/a/20241119V08Z4E00

2024-11-20 03:22:22,487 - INFO - EXPIRED
大利好！1.3万亿ETF官宣降费，每年可为投资者节省持有成本约50亿元
https://new.qq.com/rain/a/20241119A09DMR00

2024-11-20 03:22:22,487 - INFO - EXPIRED
多角度实拍林良铭破日本球门：韦世豪销魂直塞，球迷狂欢直呼牛啊
https://new.qq.com/rain/a/20241119V09Q8S00

2024-11-20 03:22:22,487 - INFO - EXPIRED
美国允许乌用美制远程导弹打击俄方，德媒：朔尔茨对此“非常恼火”
https://new.qq.com/rain/a/20241119A0A4M500

2024-11-20 03:22:22,487 - INFO - EXPIRED
湖南一地因施工爆破致学生上学受阻？乡长：为拓宽道路，山石未清理完
https://new.qq.com/rain/a/20241119A0885300

2024-11-20 03:22:22,487 - INFO - EXPIRED
辽宁庄河一花数十万元修建的公厕没用几年就面临拆除？当地住建局回应
https://new.qq.com/rain/a/20241119A0832O00

2024-11-20 03:22:22,487 - INFO - EXPIRED
什么来路？一旅客携带22只鳄鱼爪从广东潮汕机场入境被查获
https://new.qq.com/rain/a/20241119A09DEX00

2024-11-20 03:22:22,488 - INFO - EXPIRED
中国男子在菲律宾遭刺死：行凶者朝车内刺去，男子驾车离开半路上身亡
https://new.qq.com/rain/a/20241119V09RQ800

2024-11-20 03:22:22,488 - INFO - EXPIRED
12岁少年遭打成重度智能减退之后：被一场乒乓球改变的三个家庭
https://new.qq.com/rain/a/20241119A069QF00

2024-11-20 03:22:22,488 - INFO - EXPIRED
国足1-3负日本，和首回合0-7相比，国足有哪些进步？谁表现最好？
https://view.inews.qq.com/a/20241119Q09YDF00

2024-11-20 03:22:22,488 - INFO - EXPIRED
不装了！余承东直接掏出华为Mate 70 Pro+
https://new.qq.com/rain/a/20241119A08YLJ00

2024-11-20 03:22:22,488 - INFO - EXPIRED
俄罗斯核学说更新当天就被“踩红线”，普京将如何回应
https://new.qq.com/rain/a/20241119A08TVG00

2024-11-20 03:22:22,488 - INFO - EXPIRED
联合国安理会表决苏丹停火决议草案：中美等14国赞成，俄罗斯否决
https://new.qq.com/rain/a/20241119A05FR800

2024-11-20 03:22:22,488 - INFO - EXPIRED
天津一幼儿园教师让小朋友轮流对一小孩扇耳光？属地教育局已介入调查
https://new.qq.com/rain/a/20241119A08IKV00

2024-11-20 03:22:22,488 - INFO - EXPIRED
农夫山泉创始人钟睒睒：当前社会对商人提了太多要求
https://new.qq.com/rain/a/20241119A097IC00

2024-11-20 03:22:22,488 - INFO - EXPIRED
昔日500亿独角兽柔宇科技被宣告破产，曾深陷员工讨薪、订单匮乏漩涡
https://new.qq.com/rain/a/20241119A08BXQ00

2024-11-20 03:22:22,488 - INFO - EXPIRED
增量资金正行动：500亿互换便利落地，120多家上市公司回购增持再贷款
https://new.qq.com/rain/a/20241119A08UYW00

2024-11-20 03:22:22,488 - INFO - EXPIRED
马斯克与奥特曼是如何闹掰的？马斯克把早期邮件全公开了
https://new.qq.com/rain/a/20241119A087YO00

2024-11-20 03:22:22,488 - INFO - EXPIRED
印尼火山爆发，旅游胜地科莫多岛变危地，岛上的科莫多巨蜥需要特殊保护吗？
https://view.inews.qq.com/a/20241117Q074VP00

2024-11-20 03:22:22,488 - INFO - EXPIRED
佩斯科夫：俄罗斯总统普京将访问印度
https://new.qq.com/rain/a/20241119A08P5U00

2024-11-20 03:22:22,488 - INFO - EXPIRED
湖南常德警方通报车辆撞人事件：肇事者已被抓获 伤者均无生命危险
https://new.qq.com/rain/a/20241119A05ZJZ00

2024-11-20 03:22:22,488 - INFO - EXPIRED
张文宏称9%患者感染新冠后6个月出现长新冠，老咳嗽算长新冠吗？能不能硬扛？
https://view.inews.qq.com/a/20241119Q04VZJ00

2024-11-20 03:22:22,488 - INFO - EXPIRED
国务院就业促进和劳动保护工作领导小组部署岁末治理欠薪工作
https://new.qq.com/rain/a/20241119A07ZZN00

2024-11-20 03:22:22,488 - INFO - EXPIRED
“再婚夫妻可生3个孩子”，居民收到群发短信，重庆万州区卫健委回应
https://new.qq.com/rain/a/20241119A03T1X00

2024-11-20 03:22:22,488 - INFO - EXPIRED
李云泽、吴清、朱鹤新重磅发声：继续拓展与境外市场互联互通
https://new.qq.com/rain/a/20241119A08EPS00

2024-11-20 03:22:22,488 - INFO - EXPIRED
云南天文台揭示了II型超新星多样性的物理起源，多样性是由什么引起的？
https://view.inews.qq.com/a/20241118Q08IF700

2024-11-20 03:22:22,488 - INFO - EXPIRED
湖南一检察官实名举报派出所副所长诬告其儿子？官方：收到举报正调查
https://new.qq.com/rain/a/20241119A04DGL00

2024-11-20 03:22:22,488 - INFO - EXPIRED
乌媒称乌军首次使用美国陆军战术导弹系统袭击俄布良斯克州
https://new.qq.com/rain/a/20241119A07HN000

2024-11-20 03:22:22,488 - INFO - EXPIRED
MONA M03、P7+卖爆了！小鹏汽车发布史上最强财报
https://new.qq.com/rain/a/20241119A07JD300

2024-11-20 03:22:22,488 - INFO - EXPIRED
普京批准新版俄罗斯核威慑国家基本政策，克宫回应
https://new.qq.com/rain/a/20241119A0746Y00

2024-11-20 03:22:22,488 - INFO - EXPIRED
“靠金融吃金融”的朱从玖，受贿上亿被判无期
https://new.qq.com/rain/a/20241119A076MW00

2024-11-20 03:22:22,488 - INFO - EXPIRED
天津最大奥迪4S店闭店，奥迪该“背锅”吗？为何现在很多4S店生存堪忧？
https://view.inews.qq.com/a/20241119Q04ISB00

2024-11-20 03:22:22,488 - INFO - EXPIRED
台湾对香港“串谋颠覆国家政权罪案”判决表示反对，外交部回应
https://new.qq.com/rain/a/20241119A05UCY00

2024-11-20 03:22:22,488 - INFO - EXPIRED
浙江发生重大刑案嫌犯在逃 知情人：村民在公厕发现人体组织报警
https://new.qq.com/rain/a/20241119A0532X00

2024-11-20 03:22:22,488 - INFO - EXPIRED
安徽九华山景区多只狗被“断脚”引虐狗猜测 景区：已救治 在调查情况
https://new.qq.com/rain/a/20241118A08TIO00

2024-11-20 03:22:22,488 - INFO - EXPIRED
游客夜爬大牯牛山纵火，目击者：劝阻无果，他们围着火边跳边叫，像听不见一样继续玩
https://new.qq.com/rain/a/20241119A04MMB00

2024-11-20 03:22:22,488 - INFO - EXPIRED
最高检：对侵害学生权益、危害校园安全的犯罪要坚持“零容忍”
https://new.qq.com/rain/a/20241119A04ZMM00

2024-11-20 03:22:22,488 - INFO - EXPIRED
谷歌回应“或遭美司法部勒令出售Chrome”：将伤害消费者、开发者和美国的技术领导地位
https://new.qq.com/rain/a/20241119A06IPR00

2024-11-20 03:22:22,488 - INFO - EXPIRED
有私募称A股操作太难了，游资强得可怕，游资强在哪？为何专业机构反而总被嘲讽？
https://view.inews.qq.com/a/20241119Q04QKW00

2024-11-20 03:22:22,488 - INFO - EXPIRED
女大学生被HR夸漂亮想认识，公司领导称他有权追求，HR和公司领导谁的问题更大？
https://view.inews.qq.com/a/20241119Q02ZOW00

2024-11-20 03:22:22,488 - INFO - EXPIRED
星舰升空，特朗普亲临？“第一兄弟”马斯克葫芦里卖的什么药？
https://new.qq.com/rain/a/20241119A04GFX00

2024-11-20 03:22:22,488 - INFO - EXPIRED
广东陆丰多个乡镇出现海水倒灌，官方：未来两天需观察，建议减少外出
https://new.qq.com/rain/a/20241119A04P9200

2024-11-20 03:22:22,488 - INFO - EXPIRED
打假博主举报良品铺子配料表造假，通报称未造假引发质疑，调查流程是合理的吗？
https://view.inews.qq.com/a/20241119Q05ABQ00

2024-11-20 03:22:22,488 - INFO - EXPIRED
海关常通过神色、步态判断违法夹带人员，他们是怎么一眼发现猫腻的？
https://view.inews.qq.com/a/20241118Q08G5800

2024-11-20 03:22:22,488 - INFO - EXPIRED
哪吒汽车“自救”：将获供应链金融支持，地方国资股东或陆续出手
https://new.qq.com/rain/a/20241119A04GF800

2024-11-20 03:22:22,488 - INFO - EXPIRED
打假博主团队在展销会遭多名商户围殴：摄影师被打致脑震荡，警方立案
https://new.qq.com/rain/a/20241119V055YC00

2024-11-20 03:22:22,488 - INFO - EXPIRED
男子被开除后起诉获赔35万，我上班期间睡觉会有开除风险吗？边界在哪？
https://view.inews.qq.com/a/20241119Q03OFH00

2024-11-20 03:22:22,488 - INFO - EXPIRED
东莞康怡护理院起火致4死调查报告：氧气泄漏加速燃烧，现场喷淋没有水
https://new.qq.com/rain/a/20241119A04WBF00

2024-11-20 03:22:22,488 - INFO - EXPIRED
宣判！乱港分子戴耀廷被判十年有期徒刑 黄之锋获刑四年八个月
https://new.qq.com/rain/a/20241119A033YD00

2024-11-20 03:22:22,488 - INFO - EXPIRED
王毅会见印度外长苏杰生：争取在恢复直航、便利签证等方面取得进展
https://new.qq.com/rain/a/20241119A033V000

2024-11-20 03:22:22,488 - INFO - EXPIRED
浙江诸暨警方悬赏追捕徐一平，其疑作案后群聊点名另3人称“来不及杀”
https://new.qq.com/rain/a/20241119A04HSO00

2024-11-20 03:22:22,488 - INFO - EXPIRED
珠穆朗玛峰的生长速度远超预期，每年长高2毫米，为何能长这么快？
https://view.inews.qq.com/a/20241118Q09RY400

2024-11-20 03:22:22,488 - INFO - EXPIRED
福克斯新闻主播肖恩·达菲被提名为美交通部长，他能胜任吗？福克斯人才这么多？
https://view.inews.qq.com/a/20241119Q029TR00

2024-11-20 03:22:22,488 - INFO - EXPIRED
受贿数额特别巨大！中石油原董事长王宜林被公诉
https://new.qq.com/rain/a/20241119A0271U00

2024-11-20 03:22:22,488 - INFO - EXPIRED
45名反中乱港分子涉颠覆国家政权罪被判刑，外交部回应
https://new.qq.com/rain/a/20241119A05S3Z00

2024-11-20 03:22:22,488 - INFO - EXPIRED
太原一社区多名干部瓜分企业捐赠香烟？区纪委监委：已介入调查
https://new.qq.com/rain/a/20241119A017HW00

2024-11-20 03:22:22,488 - INFO - EXPIRED
珠海航展一男子疑持扫描设备对参展装备扫描建模，目击者：当场被带走
https://new.qq.com/rain/a/20241119V03ATY00

2024-11-20 03:22:22,488 - INFO - EXPIRED
赵薇被强制执行8488元，名下多家公司被吊销，所持1850万股权仍被冻结
https://new.qq.com/rain/a/20241119A03FE000

2024-11-20 03:22:22,488 - INFO - EXPIRED
何立峰出席香港国际金融领袖投资峰会并致辞
https://new.qq.com/rain/a/20241119A04BH200

2024-11-20 03:22:22,488 - INFO - EXPIRED
邓超最“装”的采访出现了！变身红发戏精套路主持人，现场气氛拿捏
https://new.qq.com/rain/a/20241119V0456800

2024-11-20 03:22:22,488 - INFO - EXPIRED
俄国家杜马主席：若乌获准远程打击俄腹地 俄不排除使用新武器系统
https://new.qq.com/rain/a/20241119A0064500

2024-11-20 03:22:22,489 - INFO - EXPIRED
因大雾和路面结冰，宁夏银川一路段10余辆车追尾剐蹭，3人受伤就医
https://new.qq.com/rain/a/20241119V03QYP00

2024-11-20 03:22:22,489 - INFO - EXPIRED
中国和巴基斯坦军队将举行“勇士-8”反恐联合演习
https://new.qq.com/rain/a/20241119A0394S00

2024-11-20 03:22:22,489 - INFO - EXPIRED
王林虎任湖北省委常委、省委政法委书记
https://new.qq.com/rain/a/20241119A02P5U00

2024-11-20 03:22:24,105 - INFO - INVALID
江苏一女子替丈夫讨要18万欠薪，匍匐在地抱住公司男子腿痛哭，当地派出所介入调查
https://new.qq.com/rain/a/20241120A036X500

2024-11-20 03:22:24,141 - INFO - INVALID
美国华盛顿号航母将抵达日本 结束亚太航母真空期
https://new.qq.com/rain/a/20241120A02T3T00

2024-11-20 03:22:24,180 - INFO - SUCCESS
广东汕尾一客车发生事故后起火 官方：司机操作不当所致 2名学生受伤
https://new.qq.com/rain/a/20241120A031V800

2024-11-20 03:22:24,187 - INFO - INVALID
特朗普重返白宫前 伊朗同意停止生产接近武器级的浓缩铀
https://new.qq.com/rain/a/20241120A00PLF00

2024-11-20 03:22:24,312 - INFO - INVALID
被送进特训学校的优等生，与家庭对抗的8年
https://new.qq.com/rain/a/20241120A03BWI00

2024-11-20 03:22:24,704 - INFO - INVALID
11月LPR出炉，1年期和5年期均维持不变，分析称明年降息降准有空间
https://new.qq.com/rain/a/20241120A01T3S00

2024-11-20 03:22:24,716 - INFO - INVALID
化妆品涉嫌添加禁用原料？百雀羚回应：不存在违法添加禁用原料行为
https://new.qq.com/rain/a/20241120A02SNC00

2024-11-20 03:22:24,799 - INFO - INVALID
监控里的农村智残女性：44岁生下第三个孩子
https://new.qq.com/rain/a/20241120A02NB200

2024-11-20 03:22:24,856 - INFO - INVALID
乌首次使用美远程武器打击俄纵深，同日普京批准新版俄核威慑国家基本政策
https://new.qq.com/rain/a/20241120A00Y8600

2024-11-20 03:22:25,141 - ERROR - ERROR
这次星舰发射最大看点在于“在轨点火试验”，为什么要在轨点火？重要吗？
https://view.inews.qq.com/a/20241120Q01MDS00
('list index out of range',)
======
Traceback (most recent call last):
  File "/home/runner/work/qqnews/qqnews/qq.py", line 81, in process_article
    ss = str(tmpbs.select("div.LEFT div.content.clearfix")[0])
             ~~~~~~~~~~~~~~~~~~~~~~~~~~~~~~~~~~~~~~~~~~~~~^^^
IndexError: list index out of range


2024-11-20 03:22:25,295 - INFO - INVALID
俄乌冲突爆发1000天，欧洲一边“备战”一边接受“灵魂拷问”
https://new.qq.com/rain/a/20241120A01GA800

2024-11-20 03:22:25,424 - ERROR - ERROR
SpaceX总是想表演“筷子夹火箭”，什么时候才能表演“筷子夹飞船”呢？
https://view.inews.qq.com/a/20241120Q01ZWK00
('list index out of range',)
======
Traceback (most recent call last):
  File "/home/runner/work/qqnews/qqnews/qq.py", line 81, in process_article
    ss = str(tmpbs.select("div.LEFT div.content.clearfix")[0])
             ~~~~~~~~~~~~~~~~~~~~~~~~~~~~~~~~~~~~~~~~~~~~~^^^
IndexError: list index out of range


2024-11-20 03:22:25,431 - INFO - INVALID
给爱说话学生戴“小蜜蜂”的老师再次致歉，甘肃教育厅：在核实其身份
https://new.qq.com/rain/a/20241120A01GUI00

2024-11-20 03:22:25,646 - INFO - INVALID
广东省东莞市委原书记、市人大常委会原主任徐建华被查
https://new.qq.com/rain/a/20241120A01V1K00

2024-11-20 03:22:25,793 - INFO - INVALID
酒店偷拍黑产调查：酒店偷拍直播“不愁卖”，万部视频付费看
https://new.qq.com/rain/a/20241120A014DL00

2024-11-20 03:22:25,892 - INFO - INVALID
初中生在校10元晚餐仅拳头大小汉堡吃不饱？校方称不实，教育局回应
https://new.qq.com/rain/a/20241120A0164Q00

2024-11-20 03:22:26,011 - INFO - INVALID
官方通报“幼儿园老师教唆全班扇男孩耳光”：因涉事幼儿拍打一听障幼儿，老师已被开除
https://new.qq.com/rain/a/20241120A01G8N00

2024-11-20 03:22:26,027 - INFO - INVALID
国内成品油调价或搁浅，下轮下调概率较大
https://new.qq.com/rain/a/20241120A007GO00

2024-11-20 03:22:26,227 - INFO - INVALID
中央财办韩文秀：稳步扩大中等收入群体规模 合理调节过高收入
https://new.qq.com/rain/a/20241120A00YSE00

2024-11-20 03:22:26,331 - INFO - INVALID
俄官员称在俄境内打死一名美军游骑兵
https://new.qq.com/rain/a/20241120A00RRR00

2024-11-20 03:22:26,495 - INFO - EXIST
美股收盘：无惧俄乌局势升温 纳指涨1% 英伟达财报前夕飙升近5%
https://new.qq.com/rain/a/20241120A00WPW00

2024-11-20 03:22:26,578 - ERROR - ERROR
“星舰”第六次试飞：特朗普与马斯克亲临现场 未尝试“筷子夹火箭”
https://new.qq.com/rain/a/20241120V0127Z00
('list index out of range',)
======
Traceback (most recent call last):
  File "/home/runner/work/qqnews/qqnews/qq.py", line 81, in process_article
    ss = str(tmpbs.select("div.LEFT div.content.clearfix")[0])
             ~~~~~~~~~~~~~~~~~~~~~~~~~~~~~~~~~~~~~~~~~~~~~^^^
IndexError: list index out of range


2024-11-20 04:09:53,283 - INFO - EXPIRED
男子举报西安东站一工地遭私自采砂，民警对报警人掐脖辱骂？警方通报
https://new.qq.com/rain/a/20241119A07QMR00

2024-11-20 04:09:53,283 - INFO - EXPIRED
农夫山泉董事长钟睒睒称纯净水不要长期喝，口渴买一瓶没问题，这个说法有道理吗？
https://view.inews.qq.com/a/20241119Q09BAQ00

2024-11-20 04:09:53,283 - INFO - EXPIRED
乌克兰危机进入第1000天，乌军或将“腹背受敌”
https://new.qq.com/rain/a/20241119A063KX00

2024-11-20 04:09:53,283 - INFO - EXPIRED
广州超40只宠物狗疑似中毒死亡，谁干的？
https://new.qq.com/rain/a/20241119A08BOC00

2024-11-20 04:09:53,283 - INFO - EXPIRED
美国已撤走其在中东的剩余一艘航母
https://new.qq.com/rain/a/20241119A0A7YM00

2024-11-20 04:09:53,283 - INFO - EXPIRED
合创汽车已裁撤上海分公司所有员工，怎么走到了这一步？为何市场不买账？
https://view.inews.qq.com/a/20241118Q098XJ00

2024-11-20 04:09:53,283 - INFO - EXPIRED
紧跟中国，印度也要“三步走”登月
https://new.qq.com/rain/a/20241119A0A8F900

2024-11-20 04:09:53,283 - INFO - EXPIRED
印尼国会通过法案正式将雅加达设为特区 不再是首都
https://new.qq.com/rain/a/20241119A08UTP00

2024-11-20 04:09:53,283 - INFO - EXPIRED
大中型客货车准驾年龄上限拟延长，专家：有助于保障劳动者就业权
https://new.qq.com/rain/a/20241119A08I2400

2024-11-20 04:09:53,283 - INFO - EXPIRED
青海公示：“90后”苏铧烨拟任县（市、区）党政正职
https://new.qq.com/rain/a/20241119A09JR500

2024-11-20 04:09:53,283 - INFO - EXPIRED
100多亿打水漂，想上天的他栽了
https://new.qq.com/rain/a/20241119A07VHN00

2024-11-20 04:09:53,283 - INFO - EXPIRED
深度 | 乌克兰危机升级1000天：“关键冬天”来了，转折点还有多远？
https://new.qq.com/rain/a/20241119A095BJ00

2024-11-20 04:09:53,283 - INFO - EXPIRED
钟睒睒再次回应一切：永远不会下场直播，骂我的人也是受害者
https://new.qq.com/rain/a/20241119A0A14S00

2024-11-20 04:09:53,283 - INFO - EXPIRED
国足1-3负日本、被对手打进3粒头球，为什么人高马大的国足防空这么差？
https://view.inews.qq.com/a/20241119Q0A03000

2024-11-20 04:09:53,283 - INFO - EXPIRED
爆炸瞬间：俄黑海舰队一军官在汽车爆炸中死亡，嫌疑人称受乌军方指使
https://new.qq.com/rain/a/20241119V08Z4E00

2024-11-20 04:09:53,283 - INFO - EXPIRED
大利好！1.3万亿ETF官宣降费，每年可为投资者节省持有成本约50亿元
https://new.qq.com/rain/a/20241119A09DMR00

2024-11-20 04:09:53,283 - INFO - EXPIRED
多角度实拍林良铭破日本球门：韦世豪销魂直塞，球迷狂欢直呼牛啊
https://new.qq.com/rain/a/20241119V09Q8S00

2024-11-20 04:09:53,283 - INFO - EXPIRED
美国允许乌用美制远程导弹打击俄方，德媒：朔尔茨对此“非常恼火”
https://new.qq.com/rain/a/20241119A0A4M500

2024-11-20 04:09:53,283 - INFO - EXPIRED
湖南一地因施工爆破致学生上学受阻？乡长：为拓宽道路，山石未清理完
https://new.qq.com/rain/a/20241119A0885300

2024-11-20 04:09:53,284 - INFO - EXPIRED
辽宁庄河一花数十万元修建的公厕没用几年就面临拆除？当地住建局回应
https://new.qq.com/rain/a/20241119A0832O00

2024-11-20 04:09:53,284 - INFO - EXPIRED
什么来路？一旅客携带22只鳄鱼爪从广东潮汕机场入境被查获
https://new.qq.com/rain/a/20241119A09DEX00

2024-11-20 04:09:53,284 - INFO - EXPIRED
中国男子在菲律宾遭刺死：行凶者朝车内刺去，男子驾车离开半路上身亡
https://new.qq.com/rain/a/20241119V09RQ800

2024-11-20 04:09:53,284 - INFO - EXPIRED
12岁少年遭打成重度智能减退之后：被一场乒乓球改变的三个家庭
https://new.qq.com/rain/a/20241119A069QF00

2024-11-20 04:09:53,284 - INFO - EXPIRED
国足1-3负日本，和首回合0-7相比，国足有哪些进步？谁表现最好？
https://view.inews.qq.com/a/20241119Q09YDF00

2024-11-20 04:09:53,284 - INFO - EXPIRED
不装了！余承东直接掏出华为Mate 70 Pro+
https://new.qq.com/rain/a/20241119A08YLJ00

2024-11-20 04:09:53,284 - INFO - EXPIRED
俄罗斯核学说更新当天就被“踩红线”，普京将如何回应
https://new.qq.com/rain/a/20241119A08TVG00

2024-11-20 04:09:53,284 - INFO - EXPIRED
联合国安理会表决苏丹停火决议草案：中美等14国赞成，俄罗斯否决
https://new.qq.com/rain/a/20241119A05FR800

2024-11-20 04:09:53,284 - INFO - EXPIRED
天津一幼儿园教师让小朋友轮流对一小孩扇耳光？属地教育局已介入调查
https://new.qq.com/rain/a/20241119A08IKV00

2024-11-20 04:09:53,284 - INFO - EXPIRED
农夫山泉创始人钟睒睒：当前社会对商人提了太多要求
https://new.qq.com/rain/a/20241119A097IC00

2024-11-20 04:09:53,284 - INFO - EXPIRED
昔日500亿独角兽柔宇科技被宣告破产，曾深陷员工讨薪、订单匮乏漩涡
https://new.qq.com/rain/a/20241119A08BXQ00

2024-11-20 04:09:53,284 - INFO - EXPIRED
增量资金正行动：500亿互换便利落地，120多家上市公司回购增持再贷款
https://new.qq.com/rain/a/20241119A08UYW00

2024-11-20 04:09:53,284 - INFO - EXPIRED
马斯克与奥特曼是如何闹掰的？马斯克把早期邮件全公开了
https://new.qq.com/rain/a/20241119A087YO00

2024-11-20 04:09:53,284 - INFO - EXPIRED
印尼火山爆发，旅游胜地科莫多岛变危地，岛上的科莫多巨蜥需要特殊保护吗？
https://view.inews.qq.com/a/20241117Q074VP00

2024-11-20 04:09:53,284 - INFO - EXPIRED
佩斯科夫：俄罗斯总统普京将访问印度
https://new.qq.com/rain/a/20241119A08P5U00

2024-11-20 04:09:53,284 - INFO - EXPIRED
湖南常德警方通报车辆撞人事件：肇事者已被抓获 伤者均无生命危险
https://new.qq.com/rain/a/20241119A05ZJZ00

2024-11-20 04:09:53,284 - INFO - EXPIRED
张文宏称9%患者感染新冠后6个月出现长新冠，老咳嗽算长新冠吗？能不能硬扛？
https://view.inews.qq.com/a/20241119Q04VZJ00

2024-11-20 04:09:53,284 - INFO - EXPIRED
国务院就业促进和劳动保护工作领导小组部署岁末治理欠薪工作
https://new.qq.com/rain/a/20241119A07ZZN00

2024-11-20 04:09:53,284 - INFO - EXPIRED
“再婚夫妻可生3个孩子”，居民收到群发短信，重庆万州区卫健委回应
https://new.qq.com/rain/a/20241119A03T1X00

2024-11-20 04:09:53,284 - INFO - EXPIRED
李云泽、吴清、朱鹤新重磅发声：继续拓展与境外市场互联互通
https://new.qq.com/rain/a/20241119A08EPS00

2024-11-20 04:09:53,284 - INFO - EXPIRED
云南天文台揭示了II型超新星多样性的物理起源，多样性是由什么引起的？
https://view.inews.qq.com/a/20241118Q08IF700

2024-11-20 04:09:53,284 - INFO - EXPIRED
湖南一检察官实名举报派出所副所长诬告其儿子？官方：收到举报正调查
https://new.qq.com/rain/a/20241119A04DGL00

2024-11-20 04:09:53,284 - INFO - EXPIRED
乌媒称乌军首次使用美国陆军战术导弹系统袭击俄布良斯克州
https://new.qq.com/rain/a/20241119A07HN000

2024-11-20 04:09:53,284 - INFO - EXPIRED
MONA M03、P7+卖爆了！小鹏汽车发布史上最强财报
https://new.qq.com/rain/a/20241119A07JD300

2024-11-20 04:09:53,284 - INFO - EXPIRED
普京批准新版俄罗斯核威慑国家基本政策，克宫回应
https://new.qq.com/rain/a/20241119A0746Y00

2024-11-20 04:09:53,284 - INFO - EXPIRED
“靠金融吃金融”的朱从玖，受贿上亿被判无期
https://new.qq.com/rain/a/20241119A076MW00

2024-11-20 04:09:53,284 - INFO - EXPIRED
天津最大奥迪4S店闭店，奥迪该“背锅”吗？为何现在很多4S店生存堪忧？
https://view.inews.qq.com/a/20241119Q04ISB00

2024-11-20 04:09:53,284 - INFO - EXPIRED
台湾对香港“串谋颠覆国家政权罪案”判决表示反对，外交部回应
https://new.qq.com/rain/a/20241119A05UCY00

2024-11-20 04:09:53,284 - INFO - EXPIRED
浙江发生重大刑案嫌犯在逃 知情人：村民在公厕发现人体组织报警
https://new.qq.com/rain/a/20241119A0532X00

2024-11-20 04:09:53,284 - INFO - EXPIRED
安徽九华山景区多只狗被“断脚”引虐狗猜测 景区：已救治 在调查情况
https://new.qq.com/rain/a/20241118A08TIO00

2024-11-20 04:09:53,284 - INFO - EXPIRED
游客夜爬大牯牛山纵火，目击者：劝阻无果，他们围着火边跳边叫，像听不见一样继续玩
https://new.qq.com/rain/a/20241119A04MMB00

2024-11-20 04:09:53,284 - INFO - EXPIRED
最高检：对侵害学生权益、危害校园安全的犯罪要坚持“零容忍”
https://new.qq.com/rain/a/20241119A04ZMM00

2024-11-20 04:09:53,284 - INFO - EXPIRED
谷歌回应“或遭美司法部勒令出售Chrome”：将伤害消费者、开发者和美国的技术领导地位
https://new.qq.com/rain/a/20241119A06IPR00

2024-11-20 04:09:53,284 - INFO - EXPIRED
有私募称A股操作太难了，游资强得可怕，游资强在哪？为何专业机构反而总被嘲讽？
https://view.inews.qq.com/a/20241119Q04QKW00

2024-11-20 04:09:53,284 - INFO - EXPIRED
女大学生被HR夸漂亮想认识，公司领导称他有权追求，HR和公司领导谁的问题更大？
https://view.inews.qq.com/a/20241119Q02ZOW00

2024-11-20 04:09:53,284 - INFO - EXPIRED
星舰升空，特朗普亲临？“第一兄弟”马斯克葫芦里卖的什么药？
https://new.qq.com/rain/a/20241119A04GFX00

2024-11-20 04:09:53,284 - INFO - EXPIRED
广东陆丰多个乡镇出现海水倒灌，官方：未来两天需观察，建议减少外出
https://new.qq.com/rain/a/20241119A04P9200

2024-11-20 04:09:53,284 - INFO - EXPIRED
打假博主举报良品铺子配料表造假，通报称未造假引发质疑，调查流程是合理的吗？
https://view.inews.qq.com/a/20241119Q05ABQ00

2024-11-20 04:09:53,284 - INFO - EXPIRED
海关常通过神色、步态判断违法夹带人员，他们是怎么一眼发现猫腻的？
https://view.inews.qq.com/a/20241118Q08G5800

2024-11-20 04:09:53,284 - INFO - EXPIRED
哪吒汽车“自救”：将获供应链金融支持，地方国资股东或陆续出手
https://new.qq.com/rain/a/20241119A04GF800

2024-11-20 04:09:53,284 - INFO - EXPIRED
打假博主团队在展销会遭多名商户围殴：摄影师被打致脑震荡，警方立案
https://new.qq.com/rain/a/20241119V055YC00

2024-11-20 04:09:53,284 - INFO - EXPIRED
男子被开除后起诉获赔35万，我上班期间睡觉会有开除风险吗？边界在哪？
https://view.inews.qq.com/a/20241119Q03OFH00

2024-11-20 04:09:53,284 - INFO - EXPIRED
东莞康怡护理院起火致4死调查报告：氧气泄漏加速燃烧，现场喷淋没有水
https://new.qq.com/rain/a/20241119A04WBF00

2024-11-20 04:09:53,284 - INFO - EXPIRED
宣判！乱港分子戴耀廷被判十年有期徒刑 黄之锋获刑四年八个月
https://new.qq.com/rain/a/20241119A033YD00

2024-11-20 04:09:53,284 - INFO - EXPIRED
王毅会见印度外长苏杰生：争取在恢复直航、便利签证等方面取得进展
https://new.qq.com/rain/a/20241119A033V000

2024-11-20 04:09:53,284 - INFO - EXPIRED
浙江诸暨警方悬赏追捕徐一平，其疑作案后群聊点名另3人称“来不及杀”
https://new.qq.com/rain/a/20241119A04HSO00

2024-11-20 04:09:53,284 - INFO - EXPIRED
珠穆朗玛峰的生长速度远超预期，每年长高2毫米，为何能长这么快？
https://view.inews.qq.com/a/20241118Q09RY400

2024-11-20 04:09:53,284 - INFO - EXPIRED
福克斯新闻主播肖恩·达菲被提名为美交通部长，他能胜任吗？福克斯人才这么多？
https://view.inews.qq.com/a/20241119Q029TR00

2024-11-20 04:09:53,284 - INFO - EXPIRED
受贿数额特别巨大！中石油原董事长王宜林被公诉
https://new.qq.com/rain/a/20241119A0271U00

2024-11-20 04:09:53,284 - INFO - EXPIRED
45名反中乱港分子涉颠覆国家政权罪被判刑，外交部回应
https://new.qq.com/rain/a/20241119A05S3Z00

2024-11-20 04:09:53,284 - INFO - EXPIRED
太原一社区多名干部瓜分企业捐赠香烟？区纪委监委：已介入调查
https://new.qq.com/rain/a/20241119A017HW00

2024-11-20 04:09:53,284 - INFO - EXPIRED
珠海航展一男子疑持扫描设备对参展装备扫描建模，目击者：当场被带走
https://new.qq.com/rain/a/20241119V03ATY00

2024-11-20 04:09:53,284 - INFO - EXPIRED
赵薇被强制执行8488元，名下多家公司被吊销，所持1850万股权仍被冻结
https://new.qq.com/rain/a/20241119A03FE000

2024-11-20 04:09:53,284 - INFO - EXPIRED
何立峰出席香港国际金融领袖投资峰会并致辞
https://new.qq.com/rain/a/20241119A04BH200

2024-11-20 04:09:53,284 - INFO - EXPIRED
邓超最“装”的采访出现了！变身红发戏精套路主持人，现场气氛拿捏
https://new.qq.com/rain/a/20241119V0456800

2024-11-20 04:09:53,284 - INFO - EXPIRED
俄国家杜马主席：若乌获准远程打击俄腹地 俄不排除使用新武器系统
https://new.qq.com/rain/a/20241119A0064500

2024-11-20 04:09:54,466 - INFO - INVALID
百雀羚化妆品涉嫌添加禁用原料？上海药监局：会尽快通报立案详情
https://new.qq.com/rain/a/20241120A03VAL00

2024-11-20 04:09:54,486 - INFO - INVALID
特朗普陪马斯克“刷火箭”，亲密背后也有博弈
https://new.qq.com/rain/a/20241120A02VV300

2024-11-20 04:09:54,537 - INFO - INVALID
投资106亿，西藏成都老干部休养基地招标，成都城投接大单？公司回应
https://new.qq.com/rain/a/20241120A02UAI00

2024-11-20 04:09:54,543 - INFO - INVALID
广东东莞市委原书记徐建华被查：已卸任8年，曾任广东省发改委主任
https://new.qq.com/rain/a/20241120A03BB700

2024-11-20 04:09:54,723 - INFO - INVALID
监控里的农村智残女性：44岁生下第三个孩子
https://new.qq.com/rain/a/20241120A02NB200

2024-11-20 04:09:55,060 - INFO - INVALID
美国华盛顿号航母将抵达日本 结束亚太航母真空期
https://new.qq.com/rain/a/20241120A02T3T00

2024-11-20 04:09:55,115 - INFO - EXIST
广东汕尾一客车发生事故后起火 官方：司机操作不当所致 2名学生受伤
https://new.qq.com/rain/a/20241120A031V800

2024-11-20 04:09:55,121 - INFO - INVALID
江苏一女子替丈夫讨要18万欠薪，匍匐在地抱住公司男子腿痛哭，当地派出所介入调查
https://new.qq.com/rain/a/20241120A036X500

2024-11-20 04:09:55,282 - INFO - INVALID
被送进特训学校的优等生，与家庭对抗的8年
https://new.qq.com/rain/a/20241120A03BWI00

2024-11-20 04:09:55,302 - INFO - INVALID
特朗普重返白宫前 伊朗同意停止生产接近武器级的浓缩铀
https://new.qq.com/rain/a/20241120A00PLF00

2024-11-20 04:09:55,690 - INFO - INVALID
11月LPR出炉，1年期和5年期均维持不变，分析称明年降息降准有空间
https://new.qq.com/rain/a/20241120A01T3S00

2024-11-20 04:09:55,767 - INFO - INVALID
乌首次使用美远程武器打击俄纵深，同日普京批准新版俄核威慑国家基本政策
https://new.qq.com/rain/a/20241120A00Y8600

2024-11-20 04:09:55,944 - INFO - INVALID
俄乌冲突爆发1000天，欧洲一边“备战”一边接受“灵魂拷问”
https://new.qq.com/rain/a/20241120A01GA800

2024-11-20 04:09:56,220 - ERROR - ERROR
这次星舰发射最大看点在于“在轨点火试验”，为什么要在轨点火？重要吗？
https://view.inews.qq.com/a/20241120Q01MDS00
('list index out of range',)
======
Traceback (most recent call last):
  File "/home/runner/work/qqnews/qqnews/qq.py", line 81, in process_article
    ss = str(tmpbs.select("div.LEFT div.content.clearfix")[0])
             ~~~~~~~~~~~~~~~~~~~~~~~~~~~~~~~~~~~~~~~~~~~~~^^^
IndexError: list index out of range


2024-11-20 04:09:56,293 - INFO - INVALID
给爱说话学生戴“小蜜蜂”的老师再次致歉，甘肃教育厅：在核实其身份
https://new.qq.com/rain/a/20241120A01GUI00

2024-11-20 04:09:56,310 - ERROR - ERROR
SpaceX总是想表演“筷子夹火箭”，什么时候才能表演“筷子夹飞船”呢？
https://view.inews.qq.com/a/20241120Q01ZWK00
('list index out of range',)
======
Traceback (most recent call last):
  File "/home/runner/work/qqnews/qqnews/qq.py", line 81, in process_article
    ss = str(tmpbs.select("div.LEFT div.content.clearfix")[0])
             ~~~~~~~~~~~~~~~~~~~~~~~~~~~~~~~~~~~~~~~~~~~~~^^^
IndexError: list index out of range


2024-11-20 04:09:56,514 - INFO - INVALID
广东省东莞市委原书记、市人大常委会原主任徐建华被查
https://new.qq.com/rain/a/20241120A01V1K00

2024-11-20 04:09:56,808 - INFO - INVALID
酒店偷拍黑产调查：酒店偷拍直播“不愁卖”，万部视频付费看
https://new.qq.com/rain/a/20241120A014DL00

2024-11-20 04:09:56,869 - INFO - INVALID
官方通报“幼儿园老师教唆全班扇男孩耳光”：因涉事幼儿拍打一听障幼儿，老师已被开除
https://new.qq.com/rain/a/20241120A01G8N00

2024-11-20 04:09:56,991 - INFO - INVALID
国内成品油调价或搁浅，下轮下调概率较大
https://new.qq.com/rain/a/20241120A007GO00

2024-11-20 04:09:57,230 - INFO - INVALID
中央财办韩文秀：稳步扩大中等收入群体规模 合理调节过高收入
https://new.qq.com/rain/a/20241120A00YSE00

2024-11-20 04:09:57,284 - INFO - INVALID
初中生在校10元晚餐仅拳头大小汉堡吃不饱？校方称不实，教育局回应
https://new.qq.com/rain/a/20241120A0164Q00

2024-11-20 04:09:57,409 - INFO - INVALID
俄官员称在俄境内打死一名美军游骑兵
https://new.qq.com/rain/a/20241120A00RRR00

2024-11-20 04:09:57,467 - INFO - EXIST
美股收盘：无惧俄乌局势升温 纳指涨1% 英伟达财报前夕飙升近5%
https://new.qq.com/rain/a/20241120A00WPW00

2024-11-20 04:09:57,625 - ERROR - ERROR
“星舰”第六次试飞：特朗普与马斯克亲临现场 未尝试“筷子夹火箭”
https://new.qq.com/rain/a/20241120V0127Z00
('list index out of range',)
======
Traceback (most recent call last):
  File "/home/runner/work/qqnews/qqnews/qq.py", line 81, in process_article
    ss = str(tmpbs.select("div.LEFT div.content.clearfix")[0])
             ~~~~~~~~~~~~~~~~~~~~~~~~~~~~~~~~~~~~~~~~~~~~~^^^
IndexError: list index out of range


2024-11-20 05:01:09,969 - INFO - EXPIRED
珠海航展疑现“背包间谍男”？航展工作人员回应：可能是恶意剪辑
https://new.qq.com/rain/a/20241119A08FSA00

2024-11-20 05:01:09,970 - INFO - EXPIRED
男子举报西安东站一工地遭私自采砂，民警对报警人掐脖辱骂？警方通报
https://new.qq.com/rain/a/20241119A07QMR00

2024-11-20 05:01:09,970 - INFO - EXPIRED
农夫山泉董事长钟睒睒称纯净水不要长期喝，口渴买一瓶没问题，这个说法有道理吗？
https://view.inews.qq.com/a/20241119Q09BAQ00

2024-11-20 05:01:09,970 - INFO - EXPIRED
乌克兰危机进入第1000天，乌军或将“腹背受敌”
https://new.qq.com/rain/a/20241119A063KX00

2024-11-20 05:01:09,970 - INFO - EXPIRED
广州超40只宠物狗疑似中毒死亡，谁干的？
https://new.qq.com/rain/a/20241119A08BOC00

2024-11-20 05:01:09,970 - INFO - EXPIRED
美国已撤走其在中东的剩余一艘航母
https://new.qq.com/rain/a/20241119A0A7YM00

2024-11-20 05:01:09,970 - INFO - EXPIRED
合创汽车已裁撤上海分公司所有员工，怎么走到了这一步？为何市场不买账？
https://view.inews.qq.com/a/20241118Q098XJ00

2024-11-20 05:01:09,970 - INFO - EXPIRED
紧跟中国，印度也要“三步走”登月
https://new.qq.com/rain/a/20241119A0A8F900

2024-11-20 05:01:09,970 - INFO - EXPIRED
印尼国会通过法案正式将雅加达设为特区 不再是首都
https://new.qq.com/rain/a/20241119A08UTP00

2024-11-20 05:01:09,970 - INFO - EXPIRED
大中型客货车准驾年龄上限拟延长，专家：有助于保障劳动者就业权
https://new.qq.com/rain/a/20241119A08I2400

2024-11-20 05:01:09,970 - INFO - EXPIRED
青海公示：“90后”苏铧烨拟任县（市、区）党政正职
https://new.qq.com/rain/a/20241119A09JR500

2024-11-20 05:01:09,970 - INFO - EXPIRED
深度 | 乌克兰危机升级1000天：“关键冬天”来了，转折点还有多远？
https://new.qq.com/rain/a/20241119A095BJ00

2024-11-20 05:01:09,970 - INFO - EXPIRED
钟睒睒再次回应一切：永远不会下场直播，骂我的人也是受害者
https://new.qq.com/rain/a/20241119A0A14S00

2024-11-20 05:01:09,970 - INFO - EXPIRED
国足1-3负日本、被对手打进3粒头球，为什么人高马大的国足防空这么差？
https://view.inews.qq.com/a/20241119Q0A03000

2024-11-20 05:01:09,970 - INFO - EXPIRED
爆炸瞬间：俄黑海舰队一军官在汽车爆炸中死亡，嫌疑人称受乌军方指使
https://new.qq.com/rain/a/20241119V08Z4E00

2024-11-20 05:01:09,970 - INFO - EXPIRED
大利好！1.3万亿ETF官宣降费，每年可为投资者节省持有成本约50亿元
https://new.qq.com/rain/a/20241119A09DMR00

2024-11-20 05:01:09,970 - INFO - EXPIRED
多角度实拍林良铭破日本球门：韦世豪销魂直塞，球迷狂欢直呼牛啊
https://new.qq.com/rain/a/20241119V09Q8S00

2024-11-20 05:01:09,970 - INFO - EXPIRED
美国允许乌用美制远程导弹打击俄方，德媒：朔尔茨对此“非常恼火”
https://new.qq.com/rain/a/20241119A0A4M500

2024-11-20 05:01:09,970 - INFO - EXPIRED
湖南一地因施工爆破致学生上学受阻？乡长：为拓宽道路，山石未清理完
https://new.qq.com/rain/a/20241119A0885300

2024-11-20 05:01:09,970 - INFO - EXPIRED
辽宁庄河一花数十万元修建的公厕没用几年就面临拆除？当地住建局回应
https://new.qq.com/rain/a/20241119A0832O00

2024-11-20 05:01:09,970 - INFO - EXPIRED
什么来路？一旅客携带22只鳄鱼爪从广东潮汕机场入境被查获
https://new.qq.com/rain/a/20241119A09DEX00

2024-11-20 05:01:09,970 - INFO - EXPIRED
中国男子在菲律宾遭刺死：行凶者朝车内刺去，男子驾车离开半路上身亡
https://new.qq.com/rain/a/20241119V09RQ800

2024-11-20 05:01:09,970 - INFO - EXPIRED
12岁少年遭打成重度智能减退之后：被一场乒乓球改变的三个家庭
https://new.qq.com/rain/a/20241119A069QF00

2024-11-20 05:01:09,970 - INFO - EXPIRED
国足1-3负日本，和首回合0-7相比，国足有哪些进步？谁表现最好？
https://view.inews.qq.com/a/20241119Q09YDF00

2024-11-20 05:01:09,970 - INFO - EXPIRED
不装了！余承东直接掏出华为Mate 70 Pro+
https://new.qq.com/rain/a/20241119A08YLJ00

2024-11-20 05:01:09,970 - INFO - EXPIRED
俄罗斯核学说更新当天就被“踩红线”，普京将如何回应
https://new.qq.com/rain/a/20241119A08TVG00

2024-11-20 05:01:09,970 - INFO - EXPIRED
联合国安理会表决苏丹停火决议草案：中美等14国赞成，俄罗斯否决
https://new.qq.com/rain/a/20241119A05FR800

2024-11-20 05:01:09,970 - INFO - EXPIRED
天津一幼儿园教师让小朋友轮流对一小孩扇耳光？属地教育局已介入调查
https://new.qq.com/rain/a/20241119A08IKV00

2024-11-20 05:01:09,970 - INFO - EXPIRED
农夫山泉创始人钟睒睒：当前社会对商人提了太多要求
https://new.qq.com/rain/a/20241119A097IC00

2024-11-20 05:01:09,970 - INFO - EXPIRED
昔日500亿独角兽柔宇科技被宣告破产，曾深陷员工讨薪、订单匮乏漩涡
https://new.qq.com/rain/a/20241119A08BXQ00

2024-11-20 05:01:09,970 - INFO - EXPIRED
增量资金正行动：500亿互换便利落地，120多家上市公司回购增持再贷款
https://new.qq.com/rain/a/20241119A08UYW00

2024-11-20 05:01:09,970 - INFO - EXPIRED
马斯克与奥特曼是如何闹掰的？马斯克把早期邮件全公开了
https://new.qq.com/rain/a/20241119A087YO00

2024-11-20 05:01:09,970 - INFO - EXPIRED
印尼火山爆发，旅游胜地科莫多岛变危地，岛上的科莫多巨蜥需要特殊保护吗？
https://view.inews.qq.com/a/20241117Q074VP00

2024-11-20 05:01:09,970 - INFO - EXPIRED
佩斯科夫：俄罗斯总统普京将访问印度
https://new.qq.com/rain/a/20241119A08P5U00

2024-11-20 05:01:09,970 - INFO - EXPIRED
湖南常德警方通报车辆撞人事件：肇事者已被抓获 伤者均无生命危险
https://new.qq.com/rain/a/20241119A05ZJZ00

2024-11-20 05:01:09,970 - INFO - EXPIRED
张文宏称9%患者感染新冠后6个月出现长新冠，老咳嗽算长新冠吗？能不能硬扛？
https://view.inews.qq.com/a/20241119Q04VZJ00

2024-11-20 05:01:09,970 - INFO - EXPIRED
国务院就业促进和劳动保护工作领导小组部署岁末治理欠薪工作
https://new.qq.com/rain/a/20241119A07ZZN00

2024-11-20 05:01:09,970 - INFO - EXPIRED
“再婚夫妻可生3个孩子”，居民收到群发短信，重庆万州区卫健委回应
https://new.qq.com/rain/a/20241119A03T1X00

2024-11-20 05:01:09,970 - INFO - EXPIRED
李云泽、吴清、朱鹤新重磅发声：继续拓展与境外市场互联互通
https://new.qq.com/rain/a/20241119A08EPS00

2024-11-20 05:01:09,970 - INFO - EXPIRED
云南天文台揭示了II型超新星多样性的物理起源，多样性是由什么引起的？
https://view.inews.qq.com/a/20241118Q08IF700

2024-11-20 05:01:09,970 - INFO - EXPIRED
湖南一检察官实名举报派出所副所长诬告其儿子？官方：收到举报正调查
https://new.qq.com/rain/a/20241119A04DGL00

2024-11-20 05:01:09,971 - INFO - EXPIRED
乌媒称乌军首次使用美国陆军战术导弹系统袭击俄布良斯克州
https://new.qq.com/rain/a/20241119A07HN000

2024-11-20 05:01:09,971 - INFO - EXPIRED
MONA M03、P7+卖爆了！小鹏汽车发布史上最强财报
https://new.qq.com/rain/a/20241119A07JD300

2024-11-20 05:01:09,971 - INFO - EXPIRED
普京批准新版俄罗斯核威慑国家基本政策，克宫回应
https://new.qq.com/rain/a/20241119A0746Y00

2024-11-20 05:01:09,971 - INFO - EXPIRED
“靠金融吃金融”的朱从玖，受贿上亿被判无期
https://new.qq.com/rain/a/20241119A076MW00

2024-11-20 05:01:09,971 - INFO - EXPIRED
天津最大奥迪4S店闭店，奥迪该“背锅”吗？为何现在很多4S店生存堪忧？
https://view.inews.qq.com/a/20241119Q04ISB00

2024-11-20 05:01:09,971 - INFO - EXPIRED
台湾对香港“串谋颠覆国家政权罪案”判决表示反对，外交部回应
https://new.qq.com/rain/a/20241119A05UCY00

2024-11-20 05:01:09,971 - INFO - EXPIRED
浙江发生重大刑案嫌犯在逃 知情人：村民在公厕发现人体组织报警
https://new.qq.com/rain/a/20241119A0532X00

2024-11-20 05:01:09,971 - INFO - EXPIRED
安徽九华山景区多只狗被“断脚”引虐狗猜测 景区：已救治 在调查情况
https://new.qq.com/rain/a/20241118A08TIO00

2024-11-20 05:01:09,971 - INFO - EXPIRED
游客夜爬大牯牛山纵火，目击者：劝阻无果，他们围着火边跳边叫，像听不见一样继续玩
https://new.qq.com/rain/a/20241119A04MMB00

2024-11-20 05:01:09,971 - INFO - EXPIRED
最高检：对侵害学生权益、危害校园安全的犯罪要坚持“零容忍”
https://new.qq.com/rain/a/20241119A04ZMM00

2024-11-20 05:01:09,971 - INFO - EXPIRED
谷歌回应“或遭美司法部勒令出售Chrome”：将伤害消费者、开发者和美国的技术领导地位
https://new.qq.com/rain/a/20241119A06IPR00

2024-11-20 05:01:09,971 - INFO - EXPIRED
有私募称A股操作太难了，游资强得可怕，游资强在哪？为何专业机构反而总被嘲讽？
https://view.inews.qq.com/a/20241119Q04QKW00

2024-11-20 05:01:09,971 - INFO - EXPIRED
女大学生被HR夸漂亮想认识，公司领导称他有权追求，HR和公司领导谁的问题更大？
https://view.inews.qq.com/a/20241119Q02ZOW00

2024-11-20 05:01:09,971 - INFO - EXPIRED
星舰升空，特朗普亲临？“第一兄弟”马斯克葫芦里卖的什么药？
https://new.qq.com/rain/a/20241119A04GFX00

2024-11-20 05:01:09,971 - INFO - EXPIRED
广东陆丰多个乡镇出现海水倒灌，官方：未来两天需观察，建议减少外出
https://new.qq.com/rain/a/20241119A04P9200

2024-11-20 05:01:09,971 - INFO - EXPIRED
打假博主举报良品铺子配料表造假，通报称未造假引发质疑，调查流程是合理的吗？
https://view.inews.qq.com/a/20241119Q05ABQ00

2024-11-20 05:01:09,971 - INFO - EXPIRED
海关常通过神色、步态判断违法夹带人员，他们是怎么一眼发现猫腻的？
https://view.inews.qq.com/a/20241118Q08G5800

2024-11-20 05:01:09,971 - INFO - EXPIRED
哪吒汽车“自救”：将获供应链金融支持，地方国资股东或陆续出手
https://new.qq.com/rain/a/20241119A04GF800

2024-11-20 05:01:09,971 - INFO - EXPIRED
打假博主团队在展销会遭多名商户围殴：摄影师被打致脑震荡，警方立案
https://new.qq.com/rain/a/20241119V055YC00

2024-11-20 05:01:09,971 - INFO - EXPIRED
男子被开除后起诉获赔35万，我上班期间睡觉会有开除风险吗？边界在哪？
https://view.inews.qq.com/a/20241119Q03OFH00

2024-11-20 05:01:09,971 - INFO - EXPIRED
东莞康怡护理院起火致4死调查报告：氧气泄漏加速燃烧，现场喷淋没有水
https://new.qq.com/rain/a/20241119A04WBF00

2024-11-20 05:01:09,971 - INFO - EXPIRED
宣判！乱港分子戴耀廷被判十年有期徒刑 黄之锋获刑四年八个月
https://new.qq.com/rain/a/20241119A033YD00

2024-11-20 05:01:09,971 - INFO - EXPIRED
王毅会见印度外长苏杰生：争取在恢复直航、便利签证等方面取得进展
https://new.qq.com/rain/a/20241119A033V000

2024-11-20 05:01:09,971 - INFO - EXPIRED
浙江诸暨警方悬赏追捕徐一平，其疑作案后群聊点名另3人称“来不及杀”
https://new.qq.com/rain/a/20241119A04HSO00

2024-11-20 05:01:09,971 - INFO - EXPIRED
珠穆朗玛峰的生长速度远超预期，每年长高2毫米，为何能长这么快？
https://view.inews.qq.com/a/20241118Q09RY400

2024-11-20 05:01:09,971 - INFO - EXPIRED
福克斯新闻主播肖恩·达菲被提名为美交通部长，他能胜任吗？福克斯人才这么多？
https://view.inews.qq.com/a/20241119Q029TR00

2024-11-20 05:01:09,971 - INFO - EXPIRED
受贿数额特别巨大！中石油原董事长王宜林被公诉
https://new.qq.com/rain/a/20241119A0271U00

2024-11-20 05:01:09,971 - INFO - EXPIRED
45名反中乱港分子涉颠覆国家政权罪被判刑，外交部回应
https://new.qq.com/rain/a/20241119A05S3Z00

2024-11-20 05:01:09,971 - INFO - EXPIRED
太原一社区多名干部瓜分企业捐赠香烟？区纪委监委：已介入调查
https://new.qq.com/rain/a/20241119A017HW00

2024-11-20 05:01:09,971 - INFO - EXPIRED
珠海航展一男子疑持扫描设备对参展装备扫描建模，目击者：当场被带走
https://new.qq.com/rain/a/20241119V03ATY00

2024-11-20 05:01:09,971 - INFO - EXPIRED
赵薇被强制执行8488元，名下多家公司被吊销，所持1850万股权仍被冻结
https://new.qq.com/rain/a/20241119A03FE000

2024-11-20 05:01:09,971 - INFO - EXPIRED
何立峰出席香港国际金融领袖投资峰会并致辞
https://new.qq.com/rain/a/20241119A04BH200

2024-11-20 05:01:11,110 - INFO - INVALID
编剧史航涉嫌性骚扰事件最新进展 有举报者道歉：法院认定指控失实
https://new.qq.com/rain/a/20241120A04FX300

2024-11-20 05:01:11,115 - INFO - INVALID
俄罗斯更新核学说，马克龙：要理性不要核威胁，别咄咄逼人
https://new.qq.com/rain/a/20241120A01C7A00

2024-11-20 05:01:11,144 - ERROR - ERROR
印尼迁都努山塔拉，这是什么地方？比原首都雅加达好在哪？
https://view.inews.qq.com/a/20241120Q01A9C00
('list index out of range',)
======
Traceback (most recent call last):
  File "/home/runner/work/qqnews/qqnews/qq.py", line 81, in process_article
    ss = str(tmpbs.select("div.LEFT div.content.clearfix")[0])
             ~~~~~~~~~~~~~~~~~~~~~~~~~~~~~~~~~~~~~~~~~~~~~^^^
IndexError: list index out of range


2024-11-20 05:01:11,177 - INFO - INVALID
广东东莞市委原书记徐建华被查：已卸任8年，曾任广东省发改委主任
https://new.qq.com/rain/a/20241120A03BB700

2024-11-20 05:01:11,277 - INFO - INVALID
监控里的农村智残女性：44岁生下第三个孩子
https://new.qq.com/rain/a/20241120A02NB200

2024-11-20 05:01:11,673 - ERROR - ERROR
辽宁盘锦一大桥上多车因大雾相撞：有货车侧翻，多人受伤送医
https://new.qq.com/rain/a/20241120V0450600
('list index out of range',)
======
Traceback (most recent call last):
  File "/home/runner/work/qqnews/qqnews/qq.py", line 81, in process_article
    ss = str(tmpbs.select("div.LEFT div.content.clearfix")[0])
             ~~~~~~~~~~~~~~~~~~~~~~~~~~~~~~~~~~~~~~~~~~~~~^^^
IndexError: list index out of range


2024-11-20 05:01:11,688 - INFO - INVALID
给爱说话学生戴“小蜜蜂”的老师再次致歉，甘肃教育厅：在核实其身份
https://new.qq.com/rain/a/20241120A01GUI00

2024-11-20 05:01:11,781 - INFO - INVALID
江苏一女子替丈夫讨要18万欠薪，匍匐在地抱住公司男子腿痛哭，当地派出所介入调查
https://new.qq.com/rain/a/20241120A036X500

2024-11-20 05:01:12,021 - INFO - INVALID
被送进特训学校的优等生，与家庭对抗的8年
https://new.qq.com/rain/a/20241120A03BWI00

2024-11-20 05:01:12,055 - INFO - INVALID
投资106亿，西藏成都老干部休养基地招标，成都城投接大单？公司回应
https://new.qq.com/rain/a/20241120A02UAI00

2024-11-20 05:01:12,281 - INFO - INVALID
特朗普陪马斯克“刷火箭”，亲密背后也有博弈
https://new.qq.com/rain/a/20241120A02VV300

2024-11-20 05:01:12,311 - INFO - INVALID
百雀羚化妆品涉嫌添加禁用原料？上海药监局：会尽快通报立案详情
https://new.qq.com/rain/a/20241120A03VAL00

2024-11-20 05:01:12,354 - INFO - INVALID
美国华盛顿号航母将抵达日本 结束亚太航母真空期
https://new.qq.com/rain/a/20241120A02T3T00

2024-11-20 05:01:12,611 - INFO - EXIST
广东汕尾一客车发生事故后起火 官方：司机操作不当所致 2名学生受伤
https://new.qq.com/rain/a/20241120A031V800

2024-11-20 05:01:12,730 - INFO - INVALID
特朗普重返白宫前 伊朗同意停止生产接近武器级的浓缩铀
https://new.qq.com/rain/a/20241120A00PLF00

2024-11-20 05:01:12,925 - ERROR - ERROR
这次星舰发射最大看点在于“在轨点火试验”，为什么要在轨点火？重要吗？
https://view.inews.qq.com/a/20241120Q01MDS00
('list index out of range',)
======
Traceback (most recent call last):
  File "/home/runner/work/qqnews/qqnews/qq.py", line 81, in process_article
    ss = str(tmpbs.select("div.LEFT div.content.clearfix")[0])
             ~~~~~~~~~~~~~~~~~~~~~~~~~~~~~~~~~~~~~~~~~~~~~^^^
IndexError: list index out of range


2024-11-20 05:01:12,951 - INFO - INVALID
11月LPR出炉，1年期和5年期均维持不变，分析称明年降息降准有空间
https://new.qq.com/rain/a/20241120A01T3S00

2024-11-20 05:01:13,021 - INFO - INVALID
乌首次使用美远程武器打击俄纵深，同日普京批准新版俄核威慑国家基本政策
https://new.qq.com/rain/a/20241120A00Y8600

2024-11-20 05:01:13,271 - INFO - INVALID
俄乌冲突爆发1000天，欧洲一边“备战”一边接受“灵魂拷问”
https://new.qq.com/rain/a/20241120A01GA800

2024-11-20 05:01:13,587 - INFO - INVALID
初中生在校10元晚餐仅拳头大小汉堡吃不饱？校方称不实，教育局回应
https://new.qq.com/rain/a/20241120A0164Q00

2024-11-20 05:01:13,594 - ERROR - ERROR
SpaceX总是想表演“筷子夹火箭”，什么时候才能表演“筷子夹飞船”呢？
https://view.inews.qq.com/a/20241120Q01ZWK00
('list index out of range',)
======
Traceback (most recent call last):
  File "/home/runner/work/qqnews/qqnews/qq.py", line 81, in process_article
    ss = str(tmpbs.select("div.LEFT div.content.clearfix")[0])
             ~~~~~~~~~~~~~~~~~~~~~~~~~~~~~~~~~~~~~~~~~~~~~^^^
IndexError: list index out of range


2024-11-20 05:01:13,699 - INFO - INVALID
官方通报“幼儿园老师教唆全班扇男孩耳光”：因涉事幼儿拍打一听障幼儿，老师已被开除
https://new.qq.com/rain/a/20241120A01G8N00

2024-11-20 05:01:13,715 - INFO - INVALID
酒店偷拍黑产调查：酒店偷拍直播“不愁卖”，万部视频付费看
https://new.qq.com/rain/a/20241120A014DL00

2024-11-20 05:01:13,913 - INFO - INVALID
中央财办韩文秀：稳步扩大中等收入群体规模 合理调节过高收入
https://new.qq.com/rain/a/20241120A00YSE00

2024-11-20 05:01:14,187 - INFO - EXIST
美股收盘：无惧俄乌局势升温 纳指涨1% 英伟达财报前夕飙升近5%
https://new.qq.com/rain/a/20241120A00WPW00

2024-11-20 05:01:14,253 - INFO - INVALID
俄官员称在俄境内打死一名美军游骑兵
https://new.qq.com/rain/a/20241120A00RRR00

2024-11-20 05:01:14,267 - ERROR - ERROR
“星舰”第六次试飞：特朗普与马斯克亲临现场 未尝试“筷子夹火箭”
https://new.qq.com/rain/a/20241120V0127Z00
('list index out of range',)
======
Traceback (most recent call last):
  File "/home/runner/work/qqnews/qqnews/qq.py", line 81, in process_article
    ss = str(tmpbs.select("div.LEFT div.content.clearfix")[0])
             ~~~~~~~~~~~~~~~~~~~~~~~~~~~~~~~~~~~~~~~~~~~~~^^^
IndexError: list index out of range


2024-11-20 06:10:58,655 - INFO - EXPIRED
珠海航展疑现“背包间谍男”？航展工作人员回应：可能是恶意剪辑
https://new.qq.com/rain/a/20241119A08FSA00

2024-11-20 06:10:58,655 - INFO - EXPIRED
男子举报西安东站一工地遭私自采砂，民警对报警人掐脖辱骂？警方通报
https://new.qq.com/rain/a/20241119A07QMR00

2024-11-20 06:10:58,655 - INFO - EXPIRED
农夫山泉董事长钟睒睒称纯净水不要长期喝，口渴买一瓶没问题，这个说法有道理吗？
https://view.inews.qq.com/a/20241119Q09BAQ00

2024-11-20 06:10:58,655 - INFO - EXPIRED
乌克兰危机进入第1000天，乌军或将“腹背受敌”
https://new.qq.com/rain/a/20241119A063KX00

2024-11-20 06:10:58,655 - INFO - EXPIRED
广州超40只宠物狗疑似中毒死亡，谁干的？
https://new.qq.com/rain/a/20241119A08BOC00

2024-11-20 06:10:58,655 - INFO - EXPIRED
美国已撤走其在中东的剩余一艘航母
https://new.qq.com/rain/a/20241119A0A7YM00

2024-11-20 06:10:58,655 - INFO - EXPIRED
合创汽车已裁撤上海分公司所有员工，怎么走到了这一步？为何市场不买账？
https://view.inews.qq.com/a/20241118Q098XJ00

2024-11-20 06:10:58,655 - INFO - EXPIRED
紧跟中国，印度也要“三步走”登月
https://new.qq.com/rain/a/20241119A0A8F900

2024-11-20 06:10:58,655 - INFO - EXPIRED
印尼国会通过法案正式将雅加达设为特区 不再是首都
https://new.qq.com/rain/a/20241119A08UTP00

2024-11-20 06:10:58,655 - INFO - EXPIRED
大中型客货车准驾年龄上限拟延长，专家：有助于保障劳动者就业权
https://new.qq.com/rain/a/20241119A08I2400

2024-11-20 06:10:58,655 - INFO - EXPIRED
青海公示：“90后”苏铧烨拟任县（市、区）党政正职
https://new.qq.com/rain/a/20241119A09JR500

2024-11-20 06:10:58,655 - INFO - EXPIRED
深度 | 乌克兰危机升级1000天：“关键冬天”来了，转折点还有多远？
https://new.qq.com/rain/a/20241119A095BJ00

2024-11-20 06:10:58,655 - INFO - EXPIRED
钟睒睒再次回应一切：永远不会下场直播，骂我的人也是受害者
https://new.qq.com/rain/a/20241119A0A14S00

2024-11-20 06:10:58,655 - INFO - EXPIRED
国足1-3负日本、被对手打进3粒头球，为什么人高马大的国足防空这么差？
https://view.inews.qq.com/a/20241119Q0A03000

2024-11-20 06:10:58,655 - INFO - EXPIRED
爆炸瞬间：俄黑海舰队一军官在汽车爆炸中死亡，嫌疑人称受乌军方指使
https://new.qq.com/rain/a/20241119V08Z4E00

2024-11-20 06:10:58,655 - INFO - EXPIRED
大利好！1.3万亿ETF官宣降费，每年可为投资者节省持有成本约50亿元
https://new.qq.com/rain/a/20241119A09DMR00

2024-11-20 06:10:58,655 - INFO - EXPIRED
多角度实拍林良铭破日本球门：韦世豪销魂直塞，球迷狂欢直呼牛啊
https://new.qq.com/rain/a/20241119V09Q8S00

2024-11-20 06:10:58,655 - INFO - EXPIRED
美国允许乌用美制远程导弹打击俄方，德媒：朔尔茨对此“非常恼火”
https://new.qq.com/rain/a/20241119A0A4M500

2024-11-20 06:10:58,655 - INFO - EXPIRED
湖南一地因施工爆破致学生上学受阻？乡长：为拓宽道路，山石未清理完
https://new.qq.com/rain/a/20241119A0885300

2024-11-20 06:10:58,655 - INFO - EXPIRED
辽宁庄河一花数十万元修建的公厕没用几年就面临拆除？当地住建局回应
https://new.qq.com/rain/a/20241119A0832O00

2024-11-20 06:10:58,655 - INFO - EXPIRED
什么来路？一旅客携带22只鳄鱼爪从广东潮汕机场入境被查获
https://new.qq.com/rain/a/20241119A09DEX00

2024-11-20 06:10:58,655 - INFO - EXPIRED
中国男子在菲律宾遭刺死：行凶者朝车内刺去，男子驾车离开半路上身亡
https://new.qq.com/rain/a/20241119V09RQ800

2024-11-20 06:10:58,656 - INFO - EXPIRED
12岁少年遭打成重度智能减退之后：被一场乒乓球改变的三个家庭
https://new.qq.com/rain/a/20241119A069QF00

2024-11-20 06:10:58,656 - INFO - EXPIRED
国足1-3负日本，和首回合0-7相比，国足有哪些进步？谁表现最好？
https://view.inews.qq.com/a/20241119Q09YDF00

2024-11-20 06:10:58,656 - INFO - EXPIRED
不装了！余承东直接掏出华为Mate 70 Pro+
https://new.qq.com/rain/a/20241119A08YLJ00

2024-11-20 06:10:58,656 - INFO - EXPIRED
俄罗斯核学说更新当天就被“踩红线”，普京将如何回应
https://new.qq.com/rain/a/20241119A08TVG00

2024-11-20 06:10:58,656 - INFO - EXPIRED
联合国安理会表决苏丹停火决议草案：中美等14国赞成，俄罗斯否决
https://new.qq.com/rain/a/20241119A05FR800

2024-11-20 06:10:58,656 - INFO - EXPIRED
天津一幼儿园教师让小朋友轮流对一小孩扇耳光？属地教育局已介入调查
https://new.qq.com/rain/a/20241119A08IKV00

2024-11-20 06:10:58,656 - INFO - EXPIRED
农夫山泉创始人钟睒睒：当前社会对商人提了太多要求
https://new.qq.com/rain/a/20241119A097IC00

2024-11-20 06:10:58,656 - INFO - EXPIRED
昔日500亿独角兽柔宇科技被宣告破产，曾深陷员工讨薪、订单匮乏漩涡
https://new.qq.com/rain/a/20241119A08BXQ00

2024-11-20 06:10:58,656 - INFO - EXPIRED
增量资金正行动：500亿互换便利落地，120多家上市公司回购增持再贷款
https://new.qq.com/rain/a/20241119A08UYW00

2024-11-20 06:10:58,656 - INFO - EXPIRED
马斯克与奥特曼是如何闹掰的？马斯克把早期邮件全公开了
https://new.qq.com/rain/a/20241119A087YO00

2024-11-20 06:10:58,656 - INFO - EXPIRED
印尼火山爆发，旅游胜地科莫多岛变危地，岛上的科莫多巨蜥需要特殊保护吗？
https://view.inews.qq.com/a/20241117Q074VP00

2024-11-20 06:10:58,656 - INFO - EXPIRED
佩斯科夫：俄罗斯总统普京将访问印度
https://new.qq.com/rain/a/20241119A08P5U00

2024-11-20 06:10:58,656 - INFO - EXPIRED
湖南常德警方通报车辆撞人事件：肇事者已被抓获 伤者均无生命危险
https://new.qq.com/rain/a/20241119A05ZJZ00

2024-11-20 06:10:58,656 - INFO - EXPIRED
张文宏称9%患者感染新冠后6个月出现长新冠，老咳嗽算长新冠吗？能不能硬扛？
https://view.inews.qq.com/a/20241119Q04VZJ00

2024-11-20 06:10:58,656 - INFO - EXPIRED
国务院就业促进和劳动保护工作领导小组部署岁末治理欠薪工作
https://new.qq.com/rain/a/20241119A07ZZN00

2024-11-20 06:10:58,656 - INFO - EXPIRED
“再婚夫妻可生3个孩子”，居民收到群发短信，重庆万州区卫健委回应
https://new.qq.com/rain/a/20241119A03T1X00

2024-11-20 06:10:58,656 - INFO - EXPIRED
李云泽、吴清、朱鹤新重磅发声：继续拓展与境外市场互联互通
https://new.qq.com/rain/a/20241119A08EPS00

2024-11-20 06:10:58,656 - INFO - EXPIRED
云南天文台揭示了II型超新星多样性的物理起源，多样性是由什么引起的？
https://view.inews.qq.com/a/20241118Q08IF700

2024-11-20 06:10:58,656 - INFO - EXPIRED
湖南一检察官实名举报派出所副所长诬告其儿子？官方：收到举报正调查
https://new.qq.com/rain/a/20241119A04DGL00

2024-11-20 06:10:58,656 - INFO - EXPIRED
乌媒称乌军首次使用美国陆军战术导弹系统袭击俄布良斯克州
https://new.qq.com/rain/a/20241119A07HN000

2024-11-20 06:10:58,656 - INFO - EXPIRED
MONA M03、P7+卖爆了！小鹏汽车发布史上最强财报
https://new.qq.com/rain/a/20241119A07JD300

2024-11-20 06:10:58,656 - INFO - EXPIRED
普京批准新版俄罗斯核威慑国家基本政策，克宫回应
https://new.qq.com/rain/a/20241119A0746Y00

2024-11-20 06:10:58,656 - INFO - EXPIRED
“靠金融吃金融”的朱从玖，受贿上亿被判无期
https://new.qq.com/rain/a/20241119A076MW00

2024-11-20 06:10:58,656 - INFO - EXPIRED
天津最大奥迪4S店闭店，奥迪该“背锅”吗？为何现在很多4S店生存堪忧？
https://view.inews.qq.com/a/20241119Q04ISB00

2024-11-20 06:10:58,656 - INFO - EXPIRED
台湾对香港“串谋颠覆国家政权罪案”判决表示反对，外交部回应
https://new.qq.com/rain/a/20241119A05UCY00

2024-11-20 06:10:58,656 - INFO - EXPIRED
浙江发生重大刑案嫌犯在逃 知情人：村民在公厕发现人体组织报警
https://new.qq.com/rain/a/20241119A0532X00

2024-11-20 06:10:58,656 - INFO - EXPIRED
安徽九华山景区多只狗被“断脚”引虐狗猜测 景区：已救治 在调查情况
https://new.qq.com/rain/a/20241118A08TIO00

2024-11-20 06:10:58,656 - INFO - EXPIRED
游客夜爬大牯牛山纵火，目击者：劝阻无果，他们围着火边跳边叫，像听不见一样继续玩
https://new.qq.com/rain/a/20241119A04MMB00

2024-11-20 06:10:58,656 - INFO - EXPIRED
最高检：对侵害学生权益、危害校园安全的犯罪要坚持“零容忍”
https://new.qq.com/rain/a/20241119A04ZMM00

2024-11-20 06:10:58,656 - INFO - EXPIRED
谷歌回应“或遭美司法部勒令出售Chrome”：将伤害消费者、开发者和美国的技术领导地位
https://new.qq.com/rain/a/20241119A06IPR00

2024-11-20 06:10:58,656 - INFO - EXPIRED
有私募称A股操作太难了，游资强得可怕，游资强在哪？为何专业机构反而总被嘲讽？
https://view.inews.qq.com/a/20241119Q04QKW00

2024-11-20 06:10:58,656 - INFO - EXPIRED
女大学生被HR夸漂亮想认识，公司领导称他有权追求，HR和公司领导谁的问题更大？
https://view.inews.qq.com/a/20241119Q02ZOW00

2024-11-20 06:10:58,656 - INFO - EXPIRED
星舰升空，特朗普亲临？“第一兄弟”马斯克葫芦里卖的什么药？
https://new.qq.com/rain/a/20241119A04GFX00

2024-11-20 06:10:58,656 - INFO - EXPIRED
广东陆丰多个乡镇出现海水倒灌，官方：未来两天需观察，建议减少外出
https://new.qq.com/rain/a/20241119A04P9200

2024-11-20 06:10:58,656 - INFO - EXPIRED
打假博主举报良品铺子配料表造假，通报称未造假引发质疑，调查流程是合理的吗？
https://view.inews.qq.com/a/20241119Q05ABQ00

2024-11-20 06:10:58,656 - INFO - EXPIRED
海关常通过神色、步态判断违法夹带人员，他们是怎么一眼发现猫腻的？
https://view.inews.qq.com/a/20241118Q08G5800

2024-11-20 06:10:58,656 - INFO - EXPIRED
哪吒汽车“自救”：将获供应链金融支持，地方国资股东或陆续出手
https://new.qq.com/rain/a/20241119A04GF800

2024-11-20 06:10:58,656 - INFO - EXPIRED
打假博主团队在展销会遭多名商户围殴：摄影师被打致脑震荡，警方立案
https://new.qq.com/rain/a/20241119V055YC00

2024-11-20 06:10:58,656 - INFO - EXPIRED
男子被开除后起诉获赔35万，我上班期间睡觉会有开除风险吗？边界在哪？
https://view.inews.qq.com/a/20241119Q03OFH00

2024-11-20 06:10:58,656 - INFO - EXPIRED
东莞康怡护理院起火致4死调查报告：氧气泄漏加速燃烧，现场喷淋没有水
https://new.qq.com/rain/a/20241119A04WBF00

2024-11-20 06:10:58,656 - INFO - EXPIRED
宣判！乱港分子戴耀廷被判十年有期徒刑 黄之锋获刑四年八个月
https://new.qq.com/rain/a/20241119A033YD00

2024-11-20 06:10:58,656 - INFO - EXPIRED
王毅会见印度外长苏杰生：争取在恢复直航、便利签证等方面取得进展
https://new.qq.com/rain/a/20241119A033V000

2024-11-20 06:10:58,656 - INFO - EXPIRED
浙江诸暨警方悬赏追捕徐一平，其疑作案后群聊点名另3人称“来不及杀”
https://new.qq.com/rain/a/20241119A04HSO00

2024-11-20 06:10:58,656 - INFO - EXPIRED
珠穆朗玛峰的生长速度远超预期，每年长高2毫米，为何能长这么快？
https://view.inews.qq.com/a/20241118Q09RY400

2024-11-20 06:11:00,285 - INFO - INVALID
给爱说话学生戴“小蜜蜂”的老师再次致歉，甘肃教育厅：在核实其身份
https://new.qq.com/rain/a/20241120A01GUI00

2024-11-20 06:11:00,293 - INFO - INVALID
广东东莞市委原书记徐建华被查：已卸任8年，曾回应任内东莞被曝涉黄
https://new.qq.com/rain/a/20241120A04SHP00

2024-11-20 06:11:00,305 - INFO - INVALID
江苏一5岁男童遭装载机碾压身亡，镇政府：施工主体是县住建局
https://new.qq.com/rain/a/20241120A04LN000

2024-11-20 06:11:00,334 - INFO - INVALID
俄罗斯更新核学说，马克龙：要理性不要核威胁，别咄咄逼人
https://new.qq.com/rain/a/20241120A01C7A00

2024-11-20 06:11:00,527 - ERROR - ERROR
钟睒睒称看不起直播带货的企业家，为何说这话？企业家带货有错吗？
https://view.inews.qq.com/a/20241120Q01EHK00
('list index out of range',)
======
Traceback (most recent call last):
  File "/home/runner/work/qqnews/qqnews/qq.py", line 81, in process_article
    ss = str(tmpbs.select("div.LEFT div.content.clearfix")[0])
             ~~~~~~~~~~~~~~~~~~~~~~~~~~~~~~~~~~~~~~~~~~~~~^^^
IndexError: list index out of range


2024-11-20 06:11:00,856 - INFO - INVALID
国新办11月22日举行吹风会 四部门介绍促进外贸稳增长的有关政策措施
https://new.qq.com/rain/a/20241120A04U5100

2024-11-20 06:11:00,911 - INFO - INVALID
何同学被指抄袭，原作者发声
https://new.qq.com/rain/a/20241120A04N4V00

2024-11-20 06:11:00,941 - INFO - INVALID
网传广东一小学台风天开展研学，学生全身湿透老师车内避雨？各方回应
https://new.qq.com/rain/a/20241120A04U4W00

2024-11-20 06:11:01,025 - INFO - INVALID
广州市环卫公厕布局规划征意见：拟将低使用率男厕改造为无性别公厕
https://new.qq.com/rain/a/20241120A04L8N00

2024-11-20 06:11:01,345 - INFO - INVALID
极端恶性事件之下，普通人如何自处
https://new.qq.com/rain/a/20241120A049LT00

2024-11-20 06:11:01,445 - INFO - INVALID
编剧史航涉嫌性骚扰事件最新进展 有举报者道歉：法院认定指控失实
https://new.qq.com/rain/a/20241120A04FX300

2024-11-20 06:11:01,589 - INFO - INVALID
投资106亿，西藏成都老干部休养基地招标，成都城投接大单？公司回应
https://new.qq.com/rain/a/20241120A02UAI00

2024-11-20 06:11:01,650 - INFO - INVALID
监控里的农村智残女性：44岁生下第三个孩子
https://new.qq.com/rain/a/20241120A02NB200

2024-11-20 06:11:01,821 - INFO - INVALID
江苏一女子替丈夫讨要18万欠薪，匍匐在地抱住公司男子腿痛哭，当地派出所介入调查
https://new.qq.com/rain/a/20241120A036X500

2024-11-20 06:11:02,128 - ERROR - ERROR
辽宁盘锦一大桥上多车因大雾相撞：有货车侧翻，多人受伤送医
https://new.qq.com/rain/a/20241120V0450600
('list index out of range',)
======
Traceback (most recent call last):
  File "/home/runner/work/qqnews/qqnews/qq.py", line 81, in process_article
    ss = str(tmpbs.select("div.LEFT div.content.clearfix")[0])
             ~~~~~~~~~~~~~~~~~~~~~~~~~~~~~~~~~~~~~~~~~~~~~^^^
IndexError: list index out of range


2024-11-20 06:11:02,153 - ERROR - ERROR
印尼迁都努山塔拉，这是什么地方？比原首都雅加达好在哪？
https://view.inews.qq.com/a/20241120Q01A9C00
('list index out of range',)
======
Traceback (most recent call last):
  File "/home/runner/work/qqnews/qqnews/qq.py", line 81, in process_article
    ss = str(tmpbs.select("div.LEFT div.content.clearfix")[0])
             ~~~~~~~~~~~~~~~~~~~~~~~~~~~~~~~~~~~~~~~~~~~~~^^^
IndexError: list index out of range


2024-11-20 06:11:02,196 - INFO - INVALID
被送进特训学校的优等生，与家庭对抗的8年
https://new.qq.com/rain/a/20241120A03BWI00

2024-11-20 06:11:02,210 - INFO - INVALID
百雀羚化妆品涉嫌添加禁用原料？上海药监局：会尽快通报立案详情
https://new.qq.com/rain/a/20241120A03VAL00

2024-11-20 06:11:02,496 - INFO - INVALID
特朗普陪马斯克“刷火箭”，亲密背后也有博弈
https://new.qq.com/rain/a/20241120A02VV300

2024-11-20 06:11:02,769 - INFO - EXIST
广东汕尾一客车发生事故后起火 官方：司机操作不当所致 2名学生受伤
https://new.qq.com/rain/a/20241120A031V800

2024-11-20 06:11:02,774 - INFO - INVALID
美国华盛顿号航母将抵达日本 结束亚太航母真空期
https://new.qq.com/rain/a/20241120A02T3T00

2024-11-20 06:11:02,780 - INFO - INVALID
特朗普重返白宫前 伊朗同意停止生产接近武器级的浓缩铀
https://new.qq.com/rain/a/20241120A00PLF00

2024-11-20 06:11:02,833 - ERROR - ERROR
这次星舰发射最大看点在于“在轨点火试验”，为什么要在轨点火？重要吗？
https://view.inews.qq.com/a/20241120Q01MDS00
('list index out of range',)
======
Traceback (most recent call last):
  File "/home/runner/work/qqnews/qqnews/qq.py", line 81, in process_article
    ss = str(tmpbs.select("div.LEFT div.content.clearfix")[0])
             ~~~~~~~~~~~~~~~~~~~~~~~~~~~~~~~~~~~~~~~~~~~~~^^^
IndexError: list index out of range


2024-11-20 06:11:03,141 - INFO - INVALID
11月LPR出炉，1年期和5年期均维持不变，分析称明年降息降准有空间
https://new.qq.com/rain/a/20241120A01T3S00

2024-11-20 06:11:03,368 - INFO - INVALID
乌首次使用美远程武器打击俄纵深，同日普京批准新版俄核威慑国家基本政策
https://new.qq.com/rain/a/20241120A00Y8600

2024-11-20 06:11:03,394 - ERROR - ERROR
SpaceX总是想表演“筷子夹火箭”，什么时候才能表演“筷子夹飞船”呢？
https://view.inews.qq.com/a/20241120Q01ZWK00
('list index out of range',)
======
Traceback (most recent call last):
  File "/home/runner/work/qqnews/qqnews/qq.py", line 81, in process_article
    ss = str(tmpbs.select("div.LEFT div.content.clearfix")[0])
             ~~~~~~~~~~~~~~~~~~~~~~~~~~~~~~~~~~~~~~~~~~~~~^^^
IndexError: list index out of range


2024-11-20 06:11:03,415 - INFO - INVALID
俄乌冲突爆发1000天，欧洲一边“备战”一边接受“灵魂拷问”
https://new.qq.com/rain/a/20241120A01GA800

2024-11-20 06:11:03,579 - INFO - INVALID
酒店偷拍黑产调查：酒店偷拍直播“不愁卖”，万部视频付费看
https://new.qq.com/rain/a/20241120A014DL00

2024-11-20 06:11:03,785 - INFO - INVALID
初中生在校10元晚餐仅拳头大小汉堡吃不饱？校方称不实，教育局回应
https://new.qq.com/rain/a/20241120A0164Q00

2024-11-20 06:11:03,961 - INFO - INVALID
官方通报“幼儿园老师教唆全班扇男孩耳光”：因涉事幼儿拍打一听障幼儿，老师已被开除
https://new.qq.com/rain/a/20241120A01G8N00

2024-11-20 06:11:03,979 - INFO - INVALID
中央财办韩文秀：稳步扩大中等收入群体规模 合理调节过高收入
https://new.qq.com/rain/a/20241120A00YSE00

2024-11-20 06:11:04,149 - INFO - EXIST
美股收盘：无惧俄乌局势升温 纳指涨1% 英伟达财报前夕飙升近5%
https://new.qq.com/rain/a/20241120A00WPW00

2024-11-20 06:11:04,152 - INFO - INVALID
俄官员称在俄境内打死一名美军游骑兵
https://new.qq.com/rain/a/20241120A00RRR00

2024-11-20 06:11:04,340 - ERROR - ERROR
“星舰”第六次试飞：特朗普与马斯克亲临现场 未尝试“筷子夹火箭”
https://new.qq.com/rain/a/20241120V0127Z00
('list index out of range',)
======
Traceback (most recent call last):
  File "/home/runner/work/qqnews/qqnews/qq.py", line 81, in process_article
    ss = str(tmpbs.select("div.LEFT div.content.clearfix")[0])
             ~~~~~~~~~~~~~~~~~~~~~~~~~~~~~~~~~~~~~~~~~~~~~^^^
IndexError: list index out of range


2024-11-20 07:00:58,441 - INFO - EXPIRED
珠海航展疑现“背包间谍男”？航展工作人员回应：可能是恶意剪辑
https://new.qq.com/rain/a/20241119A08FSA00

2024-11-20 07:00:58,441 - INFO - EXPIRED
电商平台上仍可买到偷拍用的摄像头，商家的行为违法吗？平台应该担责吗？
https://view.inews.qq.com/a/20241119Q04FVX00

2024-11-20 07:00:58,441 - INFO - EXPIRED
复旦版中国医院排行榜发布，这种榜单怎么评的？能作为老百姓寻医问药指南吗？
https://view.inews.qq.com/a/20241119Q089N500

2024-11-20 07:00:58,441 - INFO - EXPIRED
男子举报西安东站一工地遭私自采砂，民警对报警人掐脖辱骂？警方通报
https://new.qq.com/rain/a/20241119A07QMR00

2024-11-20 07:00:58,441 - INFO - EXPIRED
农夫山泉董事长钟睒睒称纯净水不要长期喝，口渴买一瓶没问题，这个说法有道理吗？
https://view.inews.qq.com/a/20241119Q09BAQ00

2024-11-20 07:00:58,441 - INFO - EXPIRED
乌克兰危机进入第1000天，乌军或将“腹背受敌”
https://new.qq.com/rain/a/20241119A063KX00

2024-11-20 07:00:58,441 - INFO - EXPIRED
广州超40只宠物狗疑似中毒死亡，谁干的？
https://new.qq.com/rain/a/20241119A08BOC00

2024-11-20 07:00:58,441 - INFO - EXPIRED
美国已撤走其在中东的剩余一艘航母
https://new.qq.com/rain/a/20241119A0A7YM00

2024-11-20 07:00:58,441 - INFO - EXPIRED
合创汽车已裁撤上海分公司所有员工，怎么走到了这一步？为何市场不买账？
https://view.inews.qq.com/a/20241118Q098XJ00

2024-11-20 07:00:58,441 - INFO - EXPIRED
紧跟中国，印度也要“三步走”登月
https://new.qq.com/rain/a/20241119A0A8F900

2024-11-20 07:00:58,441 - INFO - EXPIRED
印尼国会通过法案正式将雅加达设为特区 不再是首都
https://new.qq.com/rain/a/20241119A08UTP00

2024-11-20 07:00:58,441 - INFO - EXPIRED
大中型客货车准驾年龄上限拟延长，专家：有助于保障劳动者就业权
https://new.qq.com/rain/a/20241119A08I2400

2024-11-20 07:00:58,441 - INFO - EXPIRED
青海公示：“90后”苏铧烨拟任县（市、区）党政正职
https://new.qq.com/rain/a/20241119A09JR500

2024-11-20 07:00:58,441 - INFO - EXPIRED
深度 | 乌克兰危机升级1000天：“关键冬天”来了，转折点还有多远？
https://new.qq.com/rain/a/20241119A095BJ00

2024-11-20 07:00:58,441 - INFO - EXPIRED
钟睒睒再次回应一切：永远不会下场直播，骂我的人也是受害者
https://new.qq.com/rain/a/20241119A0A14S00

2024-11-20 07:00:58,441 - INFO - EXPIRED
国足1-3负日本、被对手打进3粒头球，为什么人高马大的国足防空这么差？
https://view.inews.qq.com/a/20241119Q0A03000

2024-11-20 07:00:58,442 - INFO - EXPIRED
爆炸瞬间：俄黑海舰队一军官在汽车爆炸中死亡，嫌疑人称受乌军方指使
https://new.qq.com/rain/a/20241119V08Z4E00

2024-11-20 07:00:58,442 - INFO - EXPIRED
大利好！1.3万亿ETF官宣降费，每年可为投资者节省持有成本约50亿元
https://new.qq.com/rain/a/20241119A09DMR00

2024-11-20 07:00:58,442 - INFO - EXPIRED
多角度实拍林良铭破日本球门：韦世豪销魂直塞，球迷狂欢直呼牛啊
https://new.qq.com/rain/a/20241119V09Q8S00

2024-11-20 07:00:58,442 - INFO - EXPIRED
美国允许乌用美制远程导弹打击俄方，德媒：朔尔茨对此“非常恼火”
https://new.qq.com/rain/a/20241119A0A4M500

2024-11-20 07:00:58,442 - INFO - EXPIRED
湖南一地因施工爆破致学生上学受阻？乡长：为拓宽道路，山石未清理完
https://new.qq.com/rain/a/20241119A0885300

2024-11-20 07:00:58,442 - INFO - EXPIRED
辽宁庄河一花数十万元修建的公厕没用几年就面临拆除？当地住建局回应
https://new.qq.com/rain/a/20241119A0832O00

2024-11-20 07:00:58,442 - INFO - EXPIRED
什么来路？一旅客携带22只鳄鱼爪从广东潮汕机场入境被查获
https://new.qq.com/rain/a/20241119A09DEX00

2024-11-20 07:00:58,442 - INFO - EXPIRED
中国男子在菲律宾遭刺死：行凶者朝车内刺去，男子驾车离开半路上身亡
https://new.qq.com/rain/a/20241119V09RQ800

2024-11-20 07:00:58,442 - INFO - EXPIRED
12岁少年遭打成重度智能减退之后：被一场乒乓球改变的三个家庭
https://new.qq.com/rain/a/20241119A069QF00

2024-11-20 07:00:58,442 - INFO - EXPIRED
国足1-3负日本，和首回合0-7相比，国足有哪些进步？谁表现最好？
https://view.inews.qq.com/a/20241119Q09YDF00

2024-11-20 07:00:58,442 - INFO - EXPIRED
不装了！余承东直接掏出华为Mate 70 Pro+
https://new.qq.com/rain/a/20241119A08YLJ00

2024-11-20 07:00:58,442 - INFO - EXPIRED
俄罗斯核学说更新当天就被“踩红线”，普京将如何回应
https://new.qq.com/rain/a/20241119A08TVG00

2024-11-20 07:00:58,442 - INFO - EXPIRED
联合国安理会表决苏丹停火决议草案：中美等14国赞成，俄罗斯否决
https://new.qq.com/rain/a/20241119A05FR800

2024-11-20 07:00:58,442 - INFO - EXPIRED
天津一幼儿园教师让小朋友轮流对一小孩扇耳光？属地教育局已介入调查
https://new.qq.com/rain/a/20241119A08IKV00

2024-11-20 07:00:58,442 - INFO - EXPIRED
农夫山泉创始人钟睒睒：当前社会对商人提了太多要求
https://new.qq.com/rain/a/20241119A097IC00

2024-11-20 07:00:58,442 - INFO - EXPIRED
昔日500亿独角兽柔宇科技被宣告破产，曾深陷员工讨薪、订单匮乏漩涡
https://new.qq.com/rain/a/20241119A08BXQ00

2024-11-20 07:00:58,442 - INFO - EXPIRED
增量资金正行动：500亿互换便利落地，120多家上市公司回购增持再贷款
https://new.qq.com/rain/a/20241119A08UYW00

2024-11-20 07:00:58,442 - INFO - EXPIRED
马斯克与奥特曼是如何闹掰的？马斯克把早期邮件全公开了
https://new.qq.com/rain/a/20241119A087YO00

2024-11-20 07:00:58,442 - INFO - EXPIRED
印尼火山爆发，旅游胜地科莫多岛变危地，岛上的科莫多巨蜥需要特殊保护吗？
https://view.inews.qq.com/a/20241117Q074VP00

2024-11-20 07:00:58,442 - INFO - EXPIRED
佩斯科夫：俄罗斯总统普京将访问印度
https://new.qq.com/rain/a/20241119A08P5U00

2024-11-20 07:00:58,442 - INFO - EXPIRED
湖南常德警方通报车辆撞人事件：肇事者已被抓获 伤者均无生命危险
https://new.qq.com/rain/a/20241119A05ZJZ00

2024-11-20 07:00:58,442 - INFO - EXPIRED
张文宏称9%患者感染新冠后6个月出现长新冠，老咳嗽算长新冠吗？能不能硬扛？
https://view.inews.qq.com/a/20241119Q04VZJ00

2024-11-20 07:00:58,442 - INFO - EXPIRED
国务院就业促进和劳动保护工作领导小组部署岁末治理欠薪工作
https://new.qq.com/rain/a/20241119A07ZZN00

2024-11-20 07:00:58,442 - INFO - EXPIRED
“再婚夫妻可生3个孩子”，居民收到群发短信，重庆万州区卫健委回应
https://new.qq.com/rain/a/20241119A03T1X00

2024-11-20 07:00:58,442 - INFO - EXPIRED
李云泽、吴清、朱鹤新重磅发声：继续拓展与境外市场互联互通
https://new.qq.com/rain/a/20241119A08EPS00

2024-11-20 07:00:58,442 - INFO - EXPIRED
云南天文台揭示了II型超新星多样性的物理起源，多样性是由什么引起的？
https://view.inews.qq.com/a/20241118Q08IF700

2024-11-20 07:00:58,442 - INFO - EXPIRED
湖南一检察官实名举报派出所副所长诬告其儿子？官方：收到举报正调查
https://new.qq.com/rain/a/20241119A04DGL00

2024-11-20 07:00:58,442 - INFO - EXPIRED
乌媒称乌军首次使用美国陆军战术导弹系统袭击俄布良斯克州
https://new.qq.com/rain/a/20241119A07HN000

2024-11-20 07:00:58,442 - INFO - EXPIRED
MONA M03、P7+卖爆了！小鹏汽车发布史上最强财报
https://new.qq.com/rain/a/20241119A07JD300

2024-11-20 07:00:58,442 - INFO - EXPIRED
普京批准新版俄罗斯核威慑国家基本政策，克宫回应
https://new.qq.com/rain/a/20241119A0746Y00

2024-11-20 07:00:58,442 - INFO - EXPIRED
“靠金融吃金融”的朱从玖，受贿上亿被判无期
https://new.qq.com/rain/a/20241119A076MW00

2024-11-20 07:00:58,442 - INFO - EXPIRED
天津最大奥迪4S店闭店，奥迪该“背锅”吗？为何现在很多4S店生存堪忧？
https://view.inews.qq.com/a/20241119Q04ISB00

2024-11-20 07:00:58,442 - INFO - EXPIRED
台湾对香港“串谋颠覆国家政权罪案”判决表示反对，外交部回应
https://new.qq.com/rain/a/20241119A05UCY00

2024-11-20 07:00:58,442 - INFO - EXPIRED
浙江发生重大刑案嫌犯在逃 知情人：村民在公厕发现人体组织报警
https://new.qq.com/rain/a/20241119A0532X00

2024-11-20 07:00:58,442 - INFO - EXPIRED
安徽九华山景区多只狗被“断脚”引虐狗猜测 景区：已救治 在调查情况
https://new.qq.com/rain/a/20241118A08TIO00

2024-11-20 07:00:58,442 - INFO - EXPIRED
游客夜爬大牯牛山纵火，目击者：劝阻无果，他们围着火边跳边叫，像听不见一样继续玩
https://new.qq.com/rain/a/20241119A04MMB00

2024-11-20 07:00:58,442 - INFO - EXPIRED
最高检：对侵害学生权益、危害校园安全的犯罪要坚持“零容忍”
https://new.qq.com/rain/a/20241119A04ZMM00

2024-11-20 07:00:58,442 - INFO - EXPIRED
谷歌回应“或遭美司法部勒令出售Chrome”：将伤害消费者、开发者和美国的技术领导地位
https://new.qq.com/rain/a/20241119A06IPR00

2024-11-20 07:00:58,442 - INFO - EXPIRED
有私募称A股操作太难了，游资强得可怕，游资强在哪？为何专业机构反而总被嘲讽？
https://view.inews.qq.com/a/20241119Q04QKW00

2024-11-20 07:00:58,442 - INFO - EXPIRED
女大学生被HR夸漂亮想认识，公司领导称他有权追求，HR和公司领导谁的问题更大？
https://view.inews.qq.com/a/20241119Q02ZOW00

2024-11-20 07:00:58,442 - INFO - EXPIRED
星舰升空，特朗普亲临？“第一兄弟”马斯克葫芦里卖的什么药？
https://new.qq.com/rain/a/20241119A04GFX00

2024-11-20 07:00:58,442 - INFO - EXPIRED
广东陆丰多个乡镇出现海水倒灌，官方：未来两天需观察，建议减少外出
https://new.qq.com/rain/a/20241119A04P9200

2024-11-20 07:00:58,442 - INFO - EXPIRED
打假博主举报良品铺子配料表造假，通报称未造假引发质疑，调查流程是合理的吗？
https://view.inews.qq.com/a/20241119Q05ABQ00

2024-11-20 07:00:58,442 - INFO - EXPIRED
海关常通过神色、步态判断违法夹带人员，他们是怎么一眼发现猫腻的？
https://view.inews.qq.com/a/20241118Q08G5800

2024-11-20 07:00:59,364 - INFO - INVALID
广东东莞市委原书记徐建华被查：已卸任8年，曾回应任内东莞被曝涉黄
https://new.qq.com/rain/a/20241120A04SHP00

2024-11-20 07:00:59,375 - INFO - INVALID
投资106亿，西藏成都老干部休养基地招标，成都城投接大单？公司回应
https://new.qq.com/rain/a/20241120A02UAI00

2024-11-20 07:00:59,422 - INFO - INVALID
江苏一5岁男童遭装载机碾压身亡，镇政府：施工主体是县住建局
https://new.qq.com/rain/a/20241120A04LN000

2024-11-20 07:00:59,442 - INFO - INVALID
美国驻基辅大使馆：20日基辅可能发生重大空袭 使馆将关闭
https://new.qq.com/rain/a/20241120A057X400

2024-11-20 07:00:59,447 - INFO - INVALID
本轮国内成品油价不作调整，2024年成品油调价“九涨九跌五搁浅”
https://new.qq.com/rain/a/20241120A05GFA00

2024-11-20 07:01:00,021 - INFO - INVALID
商家收藏倒卖红头涉密文件被查 国家安全部：红头文件不能倒卖
https://new.qq.com/rain/a/20241120A01PTV00

2024-11-20 07:01:00,026 - INFO - INVALID
给爱说话学生戴“小蜜蜂”的老师再次致歉，甘肃教育厅：在核实其身份
https://new.qq.com/rain/a/20241120A01GUI00

2024-11-20 07:01:00,087 - INFO - INVALID
“女子2年被家暴16次”离婚案将二次开庭，当事人：已把孩子接到身边
https://new.qq.com/rain/a/20241120A04OFN00

2024-11-20 07:01:00,095 - INFO - INVALID
海尔集团计划收购汽车之家？爆料文章已删除
https://new.qq.com/rain/a/20241120A01R9J00

2024-11-20 07:01:00,118 - ERROR - ERROR
34岁心梗倒下，在手术中痛醒，他下定决心改变生活
https://new.qq.com/rain/a/20241120V00G4S00
('list index out of range',)
======
Traceback (most recent call last):
  File "/home/runner/work/qqnews/qqnews/qq.py", line 81, in process_article
    ss = str(tmpbs.select("div.LEFT div.content.clearfix")[0])
             ~~~~~~~~~~~~~~~~~~~~~~~~~~~~~~~~~~~~~~~~~~~~~^^^
IndexError: list index out of range


2024-11-20 07:01:00,683 - INFO - INVALID
广州市环卫公厕布局规划征意见：拟将低使用率男厕改造为无性别公厕
https://new.qq.com/rain/a/20241120A04L8N00

2024-11-20 07:01:00,689 - INFO - INVALID
国新办11月22日举行吹风会 四部门介绍促进外贸稳增长的有关政策措施
https://new.qq.com/rain/a/20241120A04U5100

2024-11-20 07:01:00,761 - INFO - INVALID
网传广东一小学台风天开展研学，学生全身湿透老师车内避雨？各方回应
https://new.qq.com/rain/a/20241120A04U4W00

2024-11-20 07:01:00,802 - INFO - INVALID
俄罗斯更新核学说，马克龙：要理性不要核威胁，别咄咄逼人
https://new.qq.com/rain/a/20241120A01C7A00

2024-11-20 07:01:01,236 - ERROR - ERROR
钟睒睒称看不起直播带货的企业家，为何说这话？企业家带货有错吗？
https://view.inews.qq.com/a/20241120Q01EHK00
('list index out of range',)
======
Traceback (most recent call last):
  File "/home/runner/work/qqnews/qqnews/qq.py", line 81, in process_article
    ss = str(tmpbs.select("div.LEFT div.content.clearfix")[0])
             ~~~~~~~~~~~~~~~~~~~~~~~~~~~~~~~~~~~~~~~~~~~~~^^^
IndexError: list index out of range


2024-11-20 07:01:01,413 - INFO - INVALID
何同学被指抄袭，原作者发声
https://new.qq.com/rain/a/20241120A04N4V00

2024-11-20 07:01:01,571 - INFO - INVALID
极端恶性事件之下，普通人如何自处
https://new.qq.com/rain/a/20241120A049LT00

2024-11-20 07:01:01,676 - INFO - INVALID
监控里的农村智残女性：44岁生下第三个孩子
https://new.qq.com/rain/a/20241120A02NB200

2024-11-20 07:01:01,787 - INFO - INVALID
编剧史航涉嫌性骚扰事件最新进展 有举报者道歉：法院认定指控失实
https://new.qq.com/rain/a/20241120A04FX300

2024-11-20 07:01:01,887 - INFO - INVALID
江苏一女子替丈夫讨要18万欠薪，匍匐在地抱住公司男子腿痛哭，当地派出所介入调查
https://new.qq.com/rain/a/20241120A036X500

2024-11-20 07:01:02,283 - ERROR - ERROR
印尼迁都努山塔拉，这是什么地方？比原首都雅加达好在哪？
https://view.inews.qq.com/a/20241120Q01A9C00
('list index out of range',)
======
Traceback (most recent call last):
  File "/home/runner/work/qqnews/qqnews/qq.py", line 81, in process_article
    ss = str(tmpbs.select("div.LEFT div.content.clearfix")[0])
             ~~~~~~~~~~~~~~~~~~~~~~~~~~~~~~~~~~~~~~~~~~~~~^^^
IndexError: list index out of range


2024-11-20 07:01:02,313 - INFO - INVALID
被送进特训学校的优等生，与家庭对抗的8年
https://new.qq.com/rain/a/20241120A03BWI00

2024-11-20 07:01:02,317 - ERROR - ERROR
辽宁盘锦一大桥上多车因大雾相撞：有货车侧翻，多人受伤送医
https://new.qq.com/rain/a/20241120V0450600
('list index out of range',)
======
Traceback (most recent call last):
  File "/home/runner/work/qqnews/qqnews/qq.py", line 81, in process_article
    ss = str(tmpbs.select("div.LEFT div.content.clearfix")[0])
             ~~~~~~~~~~~~~~~~~~~~~~~~~~~~~~~~~~~~~~~~~~~~~^^^
IndexError: list index out of range


2024-11-20 07:01:02,556 - INFO - INVALID
特朗普陪马斯克“刷火箭”，亲密背后也有博弈
https://new.qq.com/rain/a/20241120A02VV300

2024-11-20 07:01:02,580 - INFO - INVALID
百雀羚化妆品涉嫌添加禁用原料？上海药监局：会尽快通报立案详情
https://new.qq.com/rain/a/20241120A03VAL00

2024-11-20 07:01:02,973 - INFO - EXIST
广东汕尾一客车发生事故后起火 官方：司机操作不当所致 2名学生受伤
https://new.qq.com/rain/a/20241120A031V800

2024-11-20 07:01:03,016 - INFO - INVALID
美国华盛顿号航母将抵达日本 结束亚太航母真空期
https://new.qq.com/rain/a/20241120A02T3T00

2024-11-20 07:01:03,052 - INFO - INVALID
特朗普重返白宫前 伊朗同意停止生产接近武器级的浓缩铀
https://new.qq.com/rain/a/20241120A00PLF00

2024-11-20 07:01:03,221 - INFO - INVALID
11月LPR出炉，1年期和5年期均维持不变，分析称明年降息降准有空间
https://new.qq.com/rain/a/20241120A01T3S00

2024-11-20 07:01:03,341 - ERROR - ERROR
这次星舰发射最大看点在于“在轨点火试验”，为什么要在轨点火？重要吗？
https://view.inews.qq.com/a/20241120Q01MDS00
('list index out of range',)
======
Traceback (most recent call last):
  File "/home/runner/work/qqnews/qqnews/qq.py", line 81, in process_article
    ss = str(tmpbs.select("div.LEFT div.content.clearfix")[0])
             ~~~~~~~~~~~~~~~~~~~~~~~~~~~~~~~~~~~~~~~~~~~~~^^^
IndexError: list index out of range


2024-11-20 07:01:03,678 - INFO - INVALID
俄乌冲突爆发1000天，欧洲一边“备战”一边接受“灵魂拷问”
https://new.qq.com/rain/a/20241120A01GA800

2024-11-20 07:01:03,718 - INFO - INVALID
乌首次使用美远程武器打击俄纵深，同日普京批准新版俄核威慑国家基本政策
https://new.qq.com/rain/a/20241120A00Y8600

2024-11-20 07:01:03,743 - ERROR - ERROR
SpaceX总是想表演“筷子夹火箭”，什么时候才能表演“筷子夹飞船”呢？
https://view.inews.qq.com/a/20241120Q01ZWK00
('list index out of range',)
======
Traceback (most recent call last):
  File "/home/runner/work/qqnews/qqnews/qq.py", line 81, in process_article
    ss = str(tmpbs.select("div.LEFT div.content.clearfix")[0])
             ~~~~~~~~~~~~~~~~~~~~~~~~~~~~~~~~~~~~~~~~~~~~~^^^
IndexError: list index out of range


2024-11-20 07:01:04,074 - INFO - INVALID
初中生在校10元晚餐仅拳头大小汉堡吃不饱？校方称不实，教育局回应
https://new.qq.com/rain/a/20241120A0164Q00

2024-11-20 07:01:04,093 - INFO - INVALID
酒店偷拍黑产调查：酒店偷拍直播“不愁卖”，万部视频付费看
https://new.qq.com/rain/a/20241120A014DL00

2024-11-20 07:01:04,362 - INFO - INVALID
官方通报“幼儿园老师教唆全班扇男孩耳光”：因涉事幼儿拍打一听障幼儿，老师已被开除
https://new.qq.com/rain/a/20241120A01G8N00

2024-11-20 07:01:04,387 - INFO - INVALID
中央财办韩文秀：稳步扩大中等收入群体规模 合理调节过高收入
https://new.qq.com/rain/a/20241120A00YSE00

2024-11-20 07:01:04,497 - INFO - INVALID
俄官员称在俄境内打死一名美军游骑兵
https://new.qq.com/rain/a/20241120A00RRR00

2024-11-20 07:01:04,826 - INFO - EXIST
美股收盘：无惧俄乌局势升温 纳指涨1% 英伟达财报前夕飙升近5%
https://new.qq.com/rain/a/20241120A00WPW00

2024-11-20 07:01:04,927 - ERROR - ERROR
“星舰”第六次试飞：特朗普与马斯克亲临现场 未尝试“筷子夹火箭”
https://new.qq.com/rain/a/20241120V0127Z00
('list index out of range',)
======
Traceback (most recent call last):
  File "/home/runner/work/qqnews/qqnews/qq.py", line 81, in process_article
    ss = str(tmpbs.select("div.LEFT div.content.clearfix")[0])
             ~~~~~~~~~~~~~~~~~~~~~~~~~~~~~~~~~~~~~~~~~~~~~^^^
IndexError: list index out of range


