2025-12-29 00:49:41,968 - INFO - Total time taken: {'ret': 0, 'msg': 'success', 'data': None}
2025-12-29 00:49:41,969 - INFO - 'NoneType' object is not subscriptable
2025-12-29 00:49:41,969 - INFO - Traceback (most recent call last):
  File "/home/runner/work/qqnews/qqnews/qq.py", line 128, in main
    for i in qq1["data"]["list"]:
             ~~~~~~~~~~~^^^^^^^^
TypeError: 'NoneType' object is not subscriptable

2025-12-29 02:59:07,368 - INFO - Total time taken: {'ret': 0, 'msg': 'success', 'data': None}
2025-12-29 02:59:07,368 - INFO - 'NoneType' object is not subscriptable
2025-12-29 02:59:07,368 - INFO - Traceback (most recent call last):
  File "/home/runner/work/qqnews/qqnews/qq.py", line 128, in main
    for i in qq1["data"]["list"]:
             ~~~~~~~~~~~^^^^^^^^
TypeError: 'NoneType' object is not subscriptable

2025-12-29 04:07:50,618 - INFO - Total time taken: {'ret': 0, 'msg': 'success', 'data': None}
2025-12-29 04:07:50,618 - INFO - 'NoneType' object is not subscriptable
2025-12-29 04:07:50,619 - INFO - Traceback (most recent call last):
  File "/home/runner/work/qqnews/qqnews/qq.py", line 128, in main
    for i in qq1["data"]["list"]:
             ~~~~~~~~~~~^^^^^^^^
TypeError: 'NoneType' object is not subscriptable

2025-12-29 05:19:18,211 - INFO - Total time taken: {'ret': 0, 'msg': 'success', 'data': None}
2025-12-29 05:19:18,211 - INFO - 'NoneType' object is not subscriptable
2025-12-29 05:19:18,212 - INFO - Traceback (most recent call last):
  File "/home/runner/work/qqnews/qqnews/qq.py", line 128, in main
    for i in qq1["data"]["list"]:
             ~~~~~~~~~~~^^^^^^^^
TypeError: 'NoneType' object is not subscriptable

2025-12-29 06:17:48,141 - INFO - Total time taken: {'ret': 0, 'msg': 'success', 'data': None}
2025-12-29 06:17:48,141 - INFO - 'NoneType' object is not subscriptable
2025-12-29 06:17:48,141 - INFO - Traceback (most recent call last):
  File "/home/runner/work/qqnews/qqnews/qq.py", line 128, in main
    for i in qq1["data"]["list"]:
             ~~~~~~~~~~~^^^^^^^^
TypeError: 'NoneType' object is not subscriptable

2025-12-29 07:16:18,050 - INFO - Total time taken: {'ret': 0, 'msg': 'success', 'data': None}
2025-12-29 07:16:18,050 - INFO - 'NoneType' object is not subscriptable
2025-12-29 07:16:18,050 - INFO - Traceback (most recent call last):
  File "/home/runner/work/qqnews/qqnews/qq.py", line 128, in main
    for i in qq1["data"]["list"]:
             ~~~~~~~~~~~^^^^^^^^
TypeError: 'NoneType' object is not subscriptable

2025-12-29 08:15:23,431 - INFO - Total time taken: {'ret': 0, 'msg': 'success', 'data': None}
2025-12-29 08:15:23,431 - INFO - 'NoneType' object is not subscriptable
2025-12-29 08:15:23,431 - INFO - Traceback (most recent call last):
  File "/home/runner/work/qqnews/qqnews/qq.py", line 128, in main
    for i in qq1["data"]["list"]:
             ~~~~~~~~~~~^^^^^^^^
TypeError: 'NoneType' object is not subscriptable

2025-12-29 09:17:44,141 - INFO - Total time taken: {'ret': 0, 'msg': 'success', 'data': None}
2025-12-29 09:17:44,141 - INFO - 'NoneType' object is not subscriptable
2025-12-29 09:17:44,141 - INFO - Traceback (most recent call last):
  File "/home/runner/work/qqnews/qqnews/qq.py", line 128, in main
    for i in qq1["data"]["list"]:
             ~~~~~~~~~~~^^^^^^^^
TypeError: 'NoneType' object is not subscriptable

