2026-06-01 02:06:28,923 - INFO - Total time taken: {'ret': 0, 'msg': 'success', 'data': None}
2026-06-01 02:06:28,923 - INFO - 'NoneType' object is not subscriptable
2026-06-01 02:06:28,924 - INFO - Traceback (most recent call last):
  File "/home/runner/work/qqnews/qqnews/qq.py", line 128, in main
    for i in qq1["data"]["list"]:
             ~~~~~~~~~~~^^^^^^^^
TypeError: 'NoneType' object is not subscriptable

2026-06-01 08:15:17,720 - INFO - Total time taken: {'ret': 0, 'msg': 'success', 'data': None}
2026-06-01 08:15:17,720 - INFO - 'NoneType' object is not subscriptable
2026-06-01 08:15:17,721 - INFO - Traceback (most recent call last):
  File "/home/runner/work/qqnews/qqnews/qq.py", line 128, in main
    for i in qq1["data"]["list"]:
             ~~~~~~~~~~~^^^^^^^^
TypeError: 'NoneType' object is not subscriptable

2026-06-01 14:42:11,297 - INFO - Total time taken: {'ret': 0, 'msg': 'success', 'data': None}
2026-06-01 14:42:11,297 - INFO - 'NoneType' object is not subscriptable
2026-06-01 14:42:11,298 - INFO - Traceback (most recent call last):
  File "/home/runner/work/qqnews/qqnews/qq.py", line 128, in main
    for i in qq1["data"]["list"]:
             ~~~~~~~~~~~^^^^^^^^
TypeError: 'NoneType' object is not subscriptable

2026-06-01 19:47:53,550 - INFO - Total time taken: {'ret': 0, 'msg': 'success', 'data': None}
2026-06-01 19:47:53,550 - INFO - 'NoneType' object is not subscriptable
2026-06-01 19:47:53,550 - INFO - Traceback (most recent call last):
  File "/home/runner/work/qqnews/qqnews/qq.py", line 128, in main
    for i in qq1["data"]["list"]:
             ~~~~~~~~~~~^^^^^^^^
TypeError: 'NoneType' object is not subscriptable

2026-06-01 22:26:35,495 - INFO - Total time taken: {'ret': 0, 'msg': 'success', 'data': None}
2026-06-01 22:26:35,495 - INFO - 'NoneType' object is not subscriptable
2026-06-01 22:26:35,495 - INFO - Traceback (most recent call last):
  File "/home/runner/work/qqnews/qqnews/qq.py", line 128, in main
    for i in qq1["data"]["list"]:
             ~~~~~~~~~~~^^^^^^^^
TypeError: 'NoneType' object is not subscriptable

