2026-04-23 01:16:02,931 - INFO - Total time taken: {'ret': 0, 'msg': 'success', 'data': None}
2026-04-23 01:16:02,931 - INFO - 'NoneType' object is not subscriptable
2026-04-23 01:16:02,931 - INFO - Traceback (most recent call last):
  File "/home/runner/work/qqnews/qqnews/qq.py", line 128, in main
    for i in qq1["data"]["list"]:
             ~~~~~~~~~~~^^^^^^^^
TypeError: 'NoneType' object is not subscriptable

2026-04-23 04:39:24,545 - INFO - Total time taken: {'ret': 0, 'msg': 'success', 'data': None}
2026-04-23 04:39:24,546 - INFO - 'NoneType' object is not subscriptable
2026-04-23 04:39:24,546 - INFO - Traceback (most recent call last):
  File "/home/runner/work/qqnews/qqnews/qq.py", line 128, in main
    for i in qq1["data"]["list"]:
             ~~~~~~~~~~~^^^^^^^^
TypeError: 'NoneType' object is not subscriptable

2026-04-23 06:29:59,647 - INFO - Total time taken: {'ret': 0, 'msg': 'success', 'data': None}
2026-04-23 06:29:59,647 - INFO - 'NoneType' object is not subscriptable
2026-04-23 06:29:59,647 - INFO - Traceback (most recent call last):
  File "/home/runner/work/qqnews/qqnews/qq.py", line 128, in main
    for i in qq1["data"]["list"]:
             ~~~~~~~~~~~^^^^^^^^
TypeError: 'NoneType' object is not subscriptable

2026-04-23 08:25:49,113 - INFO - Total time taken: {'ret': 0, 'msg': 'success', 'data': None}
2026-04-23 08:25:49,113 - INFO - 'NoneType' object is not subscriptable
2026-04-23 08:25:49,114 - INFO - Traceback (most recent call last):
  File "/home/runner/work/qqnews/qqnews/qq.py", line 128, in main
    for i in qq1["data"]["list"]:
             ~~~~~~~~~~~^^^^^^^^
TypeError: 'NoneType' object is not subscriptable

2026-04-23 10:11:14,977 - INFO - Total time taken: {'ret': 0, 'msg': 'success', 'data': None}
2026-04-23 10:11:14,977 - INFO - 'NoneType' object is not subscriptable
2026-04-23 10:11:14,978 - INFO - Traceback (most recent call last):
  File "/home/runner/work/qqnews/qqnews/qq.py", line 128, in main
    for i in qq1["data"]["list"]:
             ~~~~~~~~~~~^^^^^^^^
TypeError: 'NoneType' object is not subscriptable

2026-04-23 11:50:01,934 - INFO - Total time taken: {'ret': 0, 'msg': 'success', 'data': None}
2026-04-23 11:50:01,934 - INFO - 'NoneType' object is not subscriptable
2026-04-23 11:50:01,934 - INFO - Traceback (most recent call last):
  File "/home/runner/work/qqnews/qqnews/qq.py", line 128, in main
    for i in qq1["data"]["list"]:
             ~~~~~~~~~~~^^^^^^^^
TypeError: 'NoneType' object is not subscriptable

2026-04-23 12:52:54,436 - INFO - Total time taken: {'ret': 0, 'msg': 'success', 'data': None}
2026-04-23 12:52:54,436 - INFO - 'NoneType' object is not subscriptable
2026-04-23 12:52:54,437 - INFO - Traceback (most recent call last):
  File "/home/runner/work/qqnews/qqnews/qq.py", line 128, in main
    for i in qq1["data"]["list"]:
             ~~~~~~~~~~~^^^^^^^^
TypeError: 'NoneType' object is not subscriptable

2026-04-23 15:03:52,668 - INFO - Total time taken: {'ret': 0, 'msg': 'success', 'data': None}
2026-04-23 15:03:52,669 - INFO - 'NoneType' object is not subscriptable
2026-04-23 15:03:52,669 - INFO - Traceback (most recent call last):
  File "/home/runner/work/qqnews/qqnews/qq.py", line 128, in main
    for i in qq1["data"]["list"]:
             ~~~~~~~~~~~^^^^^^^^
TypeError: 'NoneType' object is not subscriptable

2026-04-23 17:06:12,557 - INFO - Total time taken: {'ret': 0, 'msg': 'success', 'data': None}
2026-04-23 17:06:12,557 - INFO - 'NoneType' object is not subscriptable
2026-04-23 17:06:12,558 - INFO - Traceback (most recent call last):
  File "/home/runner/work/qqnews/qqnews/qq.py", line 128, in main
    for i in qq1["data"]["list"]:
             ~~~~~~~~~~~^^^^^^^^
TypeError: 'NoneType' object is not subscriptable

