2024-11-24 00:39:27,323 - INFO - EXPIRED
内塔尼亚胡被发逮捕令 俄方也回应了 
https://new.qq.com/rain/a/20241123A05KOX00

2024-11-24 00:39:27,323 - INFO - EXPIRED
保时捷拖欠货拉拉司机运费还打人，且投诉导致对方封号？保时捷回应
https://new.qq.com/rain/a/20241123A05KAZ00

2024-11-24 00:39:27,323 - INFO - EXPIRED
涉200家中国芯片公司，美国又要下黑手？！
https://new.qq.com/rain/a/20241123A07L5P00

2024-11-24 00:39:27,323 - INFO - EXPIRED
贩婴案中亲生父母约占4成：父母收钱送养子女算拐卖吗
https://new.qq.com/rain/a/20241123A05H8600

2024-11-24 00:39:27,323 - INFO - EXPIRED
武汉大学一视残学生在校6年 2次延毕仍难获得毕业证起诉学校 法院判了
https://new.qq.com/rain/a/20241123A073VP00

2024-11-24 00:39:27,323 - INFO - EXPIRED
瑞士高校加强对中俄伊学生审查，被批违反“中立”原则
https://new.qq.com/rain/a/20241123A07TYD00

2024-11-24 00:39:27,323 - INFO - EXPIRED
迪拜展出一块300公斤的金条，做这么重难在哪？为什么没有更重的？
https://view.inews.qq.com/a/20241123Q07VNG00

2024-11-24 00:39:27,323 - INFO - EXPIRED
俄防长：已歼灭乌军最强部队
https://new.qq.com/rain/a/20241123A05ZKI00

2024-11-24 00:39:27,323 - INFO - EXPIRED
故意冲撞石山舰！中国海警通报：抓获违法嫌疑人17名
https://new.qq.com/rain/a/20241123A0848200

2024-11-24 00:39:27,323 - INFO - EXPIRED
拉美毒枭，劫了中国“金王”
https://new.qq.com/rain/a/20241123A076DC00

2024-11-24 00:39:27,323 - INFO - EXPIRED
前中国体操女队队员吴柳芳成“擦边主播”？奥运冠军管晨辰怒斥
https://new.qq.com/rain/a/20241123A06J0T00

2024-11-24 00:39:27,323 - INFO - EXPIRED
53岁网红湘妹子因胃癌晚期离世 儿子发声：离世前交代了身后事，走的时候不痛苦
https://new.qq.com/rain/a/20241123A060X000

2024-11-24 00:39:27,323 - INFO - EXPIRED
山东旺旺再回应“旺仔牛奶喝出异物”：已取样送检，初步判断不是老鼠
https://new.qq.com/rain/a/20241123A075AI00

2024-11-24 00:39:27,323 - INFO - EXPIRED
大运汽车宣布破产重整：曾推“中国版宾利”，员工称豪车梦拖垮企业
https://new.qq.com/rain/a/20241123A078CA00

2024-11-24 00:39:27,323 - INFO - EXPIRED
“假酒”中毒？6名外国游客三天内相继身亡，老挝外交部：正展开调查
https://new.qq.com/rain/a/20241123A06N9Y00

2024-11-24 00:39:27,323 - INFO - EXPIRED
美元指数涨超108创近13个月新高，人民币承压，外贸企业该如何应对
https://new.qq.com/rain/a/20241123A01SA000

2024-11-24 00:39:27,323 - INFO - EXPIRED
女子在自家面馆身亡丈夫被起诉：案发前二人曾吵架，长辈上门调解
https://new.qq.com/rain/a/20241123A06Y2E00

2024-11-24 00:39:27,323 - INFO - EXPIRED
今冬羽绒服还能买吗？业内称全网上千家掺假售假，羽绒成本涨超30%
https://new.qq.com/rain/a/20241123A04IVL00

2024-11-24 00:39:27,323 - INFO - EXPIRED
拜登在夫人夸自己4年付出时泪洒白宫晚宴：担任美国总统是我一生荣幸
https://new.qq.com/rain/a/20241123V06U3X00

2024-11-24 00:39:27,323 - INFO - EXPIRED
华为定下鸿蒙生态新目标：未来半年到一年，10万个应用
https://new.qq.com/rain/a/20241123A06MEN00

2024-11-24 00:39:27,324 - INFO - EXPIRED
网友称从旺仔牛奶中喝出异物，这异物有可能是什么？会是哪个环节出的问题？
https://view.inews.qq.com/a/20241123Q05V5V00

2024-11-24 00:39:27,324 - INFO - EXPIRED
不考研的都去考公了？考研报名人数大跳水，国考报名人数却再创新高
https://new.qq.com/rain/a/20241123A07DFZ00

2024-11-24 00:39:27,324 - INFO - EXPIRED
入营后先后4次要求退役，19岁田某某被部队除名，不得录用为公务员
https://new.qq.com/rain/a/20241123A068ZK00

2024-11-24 00:39:27,324 - INFO - EXPIRED
分歧愈加公开！外媒：菲副总统自曝，如被害就找马科斯算账，菲总统方面回应
https://new.qq.com/rain/a/20241123A068U800

2024-11-24 00:39:27,324 - INFO - EXPIRED
健身房闭店七旬老人下跪讨要工资引关注 同门店员工：老人是保洁员
https://new.qq.com/rain/a/20241123A074PI00

2024-11-24 00:39:27,324 - INFO - EXPIRED
为何医生建议赶紧切？常做美甲会出毛病吗？
https://view.inews.qq.com/a/20241122Q0493000

2024-11-24 00:39:27,324 - INFO - EXPIRED
跨省婚介“产业”调查：“越是负债的女孩越容易成交”
https://new.qq.com/rain/a/20241123A04S3800

2024-11-24 00:39:27,324 - INFO - EXPIRED
“自始至终没说是老鼠！”曝光旺仔牛奶当事人晒异物新图呈片状，济南市监部门介入
https://new.qq.com/rain/a/20241123A05H7T00

2024-11-24 00:39:27,324 - INFO - EXPIRED
蔚来：针对网传公司与其他企业资本层面的谣言，已报警
https://new.qq.com/rain/a/20241123A070ZN00

2024-11-24 00:39:27,324 - INFO - EXPIRED
玻璃坠落致1名行人受伤，合肥银泰中心致歉：全面检查玻璃固定状况
https://new.qq.com/rain/a/20241123A0778W00

2024-11-24 00:39:27,324 - INFO - EXPIRED
涉华问题，立陶宛新总理最新表态
https://new.qq.com/rain/a/20241123A04IP700

2024-11-24 00:39:27,324 - INFO - EXPIRED
日媒透露：日本外相岩屋毅已在协调最快12月下旬首次访华
https://new.qq.com/rain/a/20241123A073I000

2024-11-24 00:39:27,324 - INFO - EXPIRED
寒潮步步“冰冻”将带来冷暖逆转 北方雨雪混杂局地雪强同期少见
https://new.qq.com/rain/a/20241123A0702K00

2024-11-24 00:39:27,324 - INFO - EXPIRED
最高法：对于重大恶性犯罪，必须依法从严从重惩处，及时审理宣判
https://new.qq.com/rain/a/20241123A06CPG00

2024-11-24 00:39:27,324 - INFO - EXPIRED
黄仁勋最新万字对话：英伟达十年将计算边际成本降低100万倍
https://new.qq.com/rain/a/20241123A0643P00

2024-11-24 00:39:27,324 - INFO - EXPIRED
市值管理重估央国企
https://new.qq.com/rain/a/20241123A04HMM00

2024-11-24 00:39:27,324 - INFO - EXPIRED
这碑值钱吗？盗贼是咋想的？
https://view.inews.qq.com/a/20241123Q05CGW00

2024-11-24 00:39:27,324 - INFO - EXPIRED
这些城市的国际航班，没戏了？
https://new.qq.com/rain/a/20241123A03HXC00

2024-11-24 00:39:27,324 - INFO - EXPIRED
带高龄母亲酒店养老遭集体拉黑，当事人：母亲已离世，将起诉酒店维权
https://new.qq.com/rain/a/20241122A0A5I800

2024-11-24 00:39:27,324 - INFO - EXPIRED
男子实名举报县委副书记婚内出轨自己老婆 晒出暧昧聊天截图 多方回应
https://new.qq.com/rain/a/20241123A04VBR00

2024-11-24 00:39:27,324 - INFO - EXPIRED
墨西哥总统：我们不是中国产品进入美国和加拿大的“后门”
https://new.qq.com/rain/a/20241123A01C9R00

2024-11-24 00:39:27,324 - INFO - EXPIRED
牵扯“调查风暴”的量化大厂，紧急招聘合规人才
https://new.qq.com/rain/a/20241123A039BJ00

2024-11-24 00:39:27,324 - INFO - EXPIRED
旅芬大熊猫“华豹”“金宝宝”平安接返回国
https://new.qq.com/rain/a/20241123A05YU300

2024-11-24 00:39:27,324 - INFO - EXPIRED
广东反腐！去年以来，原厅长、原市长等50多名退休省管干部被查
https://new.qq.com/rain/a/20241123A05PL300

2024-11-24 00:39:27,324 - INFO - EXPIRED
贫困生在国内外多地旅游？浙江大学：不合理消费，取消受资助资格
https://new.qq.com/rain/a/20241123A058JQ00

2024-11-24 00:39:27,324 - INFO - EXPIRED
因逃避消防检查，广东潮州多条街道商铺关门？应急局：很多不实信息
https://new.qq.com/rain/a/20241123A03G8Z00

2024-11-24 00:39:27,324 - INFO - EXPIRED
车主该如何维权？损失谁来赔偿？
https://view.inews.qq.com/a/20241123Q03DTV00

2024-11-24 00:39:27,324 - INFO - EXPIRED
公安刑侦部门已介入！山东滨州一小区发生烟花爆炸致1人死亡
https://new.qq.com/rain/a/20241123A04VB900

2024-11-24 00:39:27,324 - INFO - EXPIRED
旺仔牛奶中疑发现异物，当事人：异物不像网传老鼠，没同意厂家一赔十
https://new.qq.com/rain/a/20241123A04ONL00

2024-11-24 00:39:27,324 - INFO - EXPIRED
70多辆小米SU7撞墙撞柱，这功能成熟吗？改完BUG能继续放心用吗？
https://view.inews.qq.com/a/20241123Q01K2D00

2024-11-24 00:39:27,325 - INFO - EXPIRED
旺仔牛奶中疑似喝出老鼠？“旺旺三公子”蔡旺庭：明显有人在搞事
https://new.qq.com/rain/a/20241123A042GZ00

2024-11-24 00:39:27,325 - INFO - EXPIRED
上万户村民停气数月：燃气公司野蛮发展，官方称力争春节前全恢复
https://new.qq.com/rain/a/20241122A09X4S00

2024-11-24 00:39:27,325 - INFO - EXPIRED
以后这种现象会越来越多吗？住海边该如何防范？
https://view.inews.qq.com/a/20241122Q0A0XM00

2024-11-24 00:39:27,325 - INFO - EXPIRED
山西一职中女教师被指出轨学生，学校通报：停课、调离教学岗位
https://new.qq.com/rain/a/20241123A0219W00

2024-11-24 00:39:27,325 - INFO - EXPIRED
为逃避检查，广东潮州大量商户关门停业、工厂放假？官方：个别商户
https://new.qq.com/rain/a/20241123A038VB00

2024-11-24 00:39:27,325 - INFO - EXPIRED
发射“无法击落”的“榛树”导弹，俄罗斯传递了什么信号
https://new.qq.com/rain/a/20241123A01P1J00

2024-11-24 00:39:27,325 - INFO - EXPIRED
外媒：欧洲议会议员称欧盟与中国即将就电动汽车进口关税达成协议
https://new.qq.com/rain/a/20241123A04AZN00

2024-11-24 00:39:27,325 - INFO - EXPIRED
“若内塔尼亚胡入境英国是否会被捕”？英首相发言人回应
https://new.qq.com/rain/a/20241123A01YPF00

2024-11-24 00:39:27,325 - INFO - EXPIRED
钟南山建议给肺“年检”，这是什么病？为什么这么普遍？
https://view.inews.qq.com/a/20241123Q017J300

2024-11-24 00:39:27,325 - INFO - EXPIRED
英伟达黄仁勋：机器人时代即将来临，毕业生正面临最好的时代
https://new.qq.com/rain/a/20241123A04E4100

2024-11-24 00:39:27,325 - INFO - EXPIRED
生母服刑生父患精神类疾病，监护人提交送养申请，民政部门发送养公告
https://new.qq.com/rain/a/20241122A09YWN00

2024-11-24 00:39:27,325 - INFO - EXPIRED
7家医院被国家医保局点名 有医院把腹部CT分成“上中下腹”收3次费
https://new.qq.com/rain/a/20241123A02F8A00

2024-11-24 00:39:27,325 - INFO - EXPIRED
患心脏病老人凑热闹领喜糖后跌倒死亡，家属向新人索赔14万，法院驳回
https://new.qq.com/rain/a/20241123A03HYX00

2024-11-24 00:39:27,325 - INFO - EXPIRED
军队提升至战备状态 朝鲜警告美国及其追随国家停止挑衅和敌对行动
https://new.qq.com/rain/a/20241123A01H8F00

2024-11-24 00:39:27,325 - INFO - EXPIRED
对话人大教授刘向东：中国式低价的两种叙事，“好低价、坏低价”
https://new.qq.com/rain/a/20241123A03II000

2024-11-24 00:39:27,325 - INFO - EXPIRED
美媒爆：以色列对叙空袭打死黎真主党一高级指挥官，后者曾帮助策划袭击驻伊拉克美军
https://new.qq.com/rain/a/20241123A02YL000

2024-11-24 00:39:27,325 - INFO - EXPIRED
对话｜王伟妻子阮国琴：孩子确是海军军官，但不是“81192”
https://new.qq.com/rain/a/20241123V017V300

2024-11-24 00:39:27,325 - INFO - EXPIRED
深圳奢侈品购买力爆发：拆迁户爱劳力士，富二代中学生买LV
https://new.qq.com/rain/a/20241123A01S4L00

2024-11-24 00:39:27,325 - INFO - EXPIRED
江苏无锡市委常委会会议专题研究安全稳定工作
https://new.qq.com/rain/a/20241123A02TWP00

2024-11-24 00:39:27,325 - INFO - EXPIRED
消费者称旺仔牛奶喝出异物否认“摆拍”，旺旺集团凌晨公告回应
https://new.qq.com/rain/a/20241123A02FNM00

2024-11-24 00:39:27,325 - INFO - EXPIRED
普京：“榛树”导弹将量产并列装战略导弹部队
https://new.qq.com/rain/a/20241123A01GVI00

2024-11-24 00:39:27,325 - INFO - EXPIRED
“有人抱三个孩子坐在大桥护栏上！”当地：小孩撤离，男子跳桥被救起
https://new.qq.com/rain/a/20241123A008Q500

2024-11-24 00:39:27,325 - INFO - EXPIRED
报复乌军对俄远程袭击、警告西方勿推冲突升级，俄用“榛树”导弹发出威慑信息
https://new.qq.com/rain/a/20241123A0111E00

2024-11-24 00:39:27,325 - INFO - EXPIRED
男子投诉环保问题被打断肋骨获赔300万，后被判寻衅滋事追缴违法所得
https://new.qq.com/rain/a/20241122A09VQ200

2024-11-24 00:39:27,325 - INFO - EXPIRED
浙大贫困生晒国内外多地旅游照，当地民政局回应：贫困证明没问题
https://new.qq.com/rain/a/20241122A07J7P00

2024-11-24 00:39:27,325 - INFO - EXPIRED
靠代写回忆录赚钱的年轻人，被AI卷哭了
https://new.qq.com/rain/a/20241123A02AEI00

2024-11-24 00:39:27,325 - INFO - EXPIRED
格力地产披露重大资产重组草案：逐步退出房地产，注入优质免税业务
https://new.qq.com/rain/a/20241123A012LA00

2024-11-24 00:39:27,325 - INFO - EXPIRED
男子在江苏一公园内发现被盗元代“玉泉宫碑”，枣庄文物部门：正协调归还，警方已介入
https://new.qq.com/rain/a/20241122A05RQ700

2024-11-24 00:39:27,325 - INFO - EXPIRED
被旁边货车坠落重物砸中 网红丐中丐夫妇车祸去世 直播间网友目睹过程
https://new.qq.com/rain/a/20241122A08GPZ00

2024-11-24 00:39:27,325 - INFO - EXPIRED
湖南平江藏着价值6000亿元的黄金？村民：小时候去山上捡石头里都有金
https://new.qq.com/rain/a/20241122A0A9VK00

2024-11-24 00:39:27,325 - INFO - EXPIRED
买到一台“烂尾车”，我快被逼疯了
https://new.qq.com/rain/a/20241122A0A3UZ00

2024-11-24 00:39:27,325 - INFO - EXPIRED
话费“慢充”能打折？当心陷入洗钱陷阱
https://new.qq.com/rain/a/20241122A05PUU00

2024-11-24 00:39:27,325 - INFO - EXPIRED
美联储明年开启框架审查，2%通胀目标不是焦点，鲍威尔欢迎新看法
https://new.qq.com/rain/a/20241123A00SHE00

2024-11-24 00:39:27,325 - INFO - EXPIRED
抢购医用卫生巾？业内人士：医疗注册没有医用卫生巾说法，这是蹭流量
https://new.qq.com/rain/a/20241122A0A7LE00

2024-11-24 00:39:27,326 - INFO - EXPIRED
释新闻 | 三孩时代，落马县委书记为何被点名超计划生育二胎
https://new.qq.com/rain/a/20241122A09HGR00

2024-11-24 00:39:27,326 - INFO - EXPIRED
特朗普组阁遇挫，“二号关键职位”人选“翻车”
https://new.qq.com/rain/a/20241122A096HS00

2024-11-24 00:39:27,326 - INFO - EXPIRED
美股收盘：三大指数集体收涨 道指创历史新高 特斯拉涨近4%
https://new.qq.com/rain/a/20241123A00VP700

2024-11-24 00:39:27,326 - INFO - EXPIRED
旺仔牛奶中喝出老鼠？旺旺高管回应：封闭管道，没有汤姆更没有杰瑞
https://new.qq.com/rain/a/20241122A09A6X00

2024-11-24 00:39:27,326 - INFO - EXPIRED
网红CEO“大败局”
https://new.qq.com/rain/a/20241123A00V1M00

2024-11-24 00:39:27,326 - INFO - EXPIRED
乌外长：对俄罗斯不能采取绥靖政策
https://new.qq.com/rain/a/20241122A08WL500

2024-11-24 00:39:27,326 - INFO - EXPIRED
美国松绑远程导弹禁令，俄乌战局突变，核战阴影逼近？｜凤凰聚焦
https://new.qq.com/rain/a/20241122A09AB100

2024-11-24 00:39:27,326 - INFO - EXPIRED
中国政法大学商学院原院长刘纪鹏：中国股市不缺钱，缺的是信心
https://new.qq.com/rain/a/20241122A08HO700

2024-11-24 00:39:27,326 - INFO - EXPIRED
70多辆小米SU7自动泊车撞墙！有车主维修费超1.2万元，客服：系统BUG
https://new.qq.com/rain/a/20241122A09AN300

2024-11-24 00:39:28,842 - INFO - INVALID
扇脸踢踹拽头发？网传派出所人员殴打12岁小学生，宁夏固原警方回应
https://new.qq.com/rain/a/20241124A00AHW00

2024-11-24 00:39:28,860 - INFO - INVALID
菲律宾，开始摊牌了
https://new.qq.com/rain/a/20241124A01FU800

2024-11-24 00:39:28,866 - INFO - INVALID
驻加拿大使馆发言人就涉台问题答记者问
https://new.qq.com/rain/a/20241124A01DFI00

2024-11-24 00:39:28,919 - INFO - INVALID
泽连斯基：俄乌冲突完全有可能在2025年结束
https://new.qq.com/rain/a/20241124A00R8P00

2024-11-24 00:39:28,933 - INFO - INVALID
台湾花莲台南地区接连发生地震
https://new.qq.com/rain/a/20241124A01OZ800

2024-11-24 00:39:29,398 - INFO - INVALID
涉嫌为委反对派领导人提供庇护 阿根廷驻委使馆遭委警察包围
https://new.qq.com/rain/a/20241124A01EOP00

2024-11-24 00:39:29,530 - INFO - INVALID
内蒙古通辽市霍林郭勒市发生4.3级地震
https://new.qq.com/rain/a/20241124A01JLR00

2024-11-24 02:21:09,314 - INFO - EXPIRED
涉200家中国芯片公司，美国又要下黑手？！
https://new.qq.com/rain/a/20241123A07L5P00

2024-11-24 02:21:09,315 - INFO - EXPIRED
暴瘦40斤、双眼近乎失明！14岁少女疑在“特训学校”被体罚致死
https://new.qq.com/rain/a/20241123V07QP200

2024-11-24 02:21:09,315 - INFO - EXPIRED
内塔尼亚胡被发逮捕令 俄方也回应了 
https://new.qq.com/rain/a/20241123A05KOX00

2024-11-24 02:21:09,315 - INFO - EXPIRED
保时捷拖欠货拉拉司机运费还打人，且投诉导致对方封号？保时捷回应
https://new.qq.com/rain/a/20241123A05KAZ00

2024-11-24 02:21:09,315 - INFO - EXPIRED
武汉大学一视残学生在校6年 2次延毕仍难获得毕业证起诉学校 法院判了
https://new.qq.com/rain/a/20241123A073VP00

2024-11-24 02:21:09,315 - INFO - EXPIRED
要求员工不要彩礼、不靠父母买房引热议，于东来连发11条动态
https://new.qq.com/rain/a/20241123A078M700

2024-11-24 02:21:09,315 - INFO - EXPIRED
美元指数涨超108创近13个月新高，人民币承压，外贸企业该如何应对
https://new.qq.com/rain/a/20241123A01SA000

2024-11-24 02:21:09,315 - INFO - EXPIRED
贩婴案中亲生父母约占4成：父母收钱送养子女算拐卖吗
https://new.qq.com/rain/a/20241123A05H8600

2024-11-24 02:21:09,315 - INFO - EXPIRED
瑞士高校加强对中俄伊学生审查，被批违反“中立”原则
https://new.qq.com/rain/a/20241123A07TYD00

2024-11-24 02:21:09,315 - INFO - EXPIRED
迪拜展出一块300公斤的金条，做这么重难在哪？为什么没有更重的？
https://view.inews.qq.com/a/20241123Q07VNG00

2024-11-24 02:21:09,315 - INFO - EXPIRED
“我从没感觉这么安全过” 港澳市民登上海南舰
https://new.qq.com/rain/a/20241123V07QKU00

2024-11-24 02:21:09,315 - INFO - EXPIRED
俄防长：已歼灭乌军最强部队
https://new.qq.com/rain/a/20241123A05ZKI00

2024-11-24 02:21:09,315 - INFO - EXPIRED
故意冲撞石山舰！中国海警通报：抓获违法嫌疑人17名
https://new.qq.com/rain/a/20241123A0848200

2024-11-24 02:21:09,315 - INFO - EXPIRED
拉美毒枭，劫了中国“金王”
https://new.qq.com/rain/a/20241123A076DC00

2024-11-24 02:21:09,315 - INFO - EXPIRED
前中国体操女队队员吴柳芳成“擦边主播”？奥运冠军管晨辰怒斥
https://new.qq.com/rain/a/20241123A06J0T00

2024-11-24 02:21:09,315 - INFO - EXPIRED
53岁网红湘妹子因胃癌晚期离世 儿子发声：离世前交代了身后事，走的时候不痛苦
https://new.qq.com/rain/a/20241123A060X000

2024-11-24 02:21:09,315 - INFO - EXPIRED
山东旺旺再回应“旺仔牛奶喝出异物”：已取样送检，初步判断不是老鼠
https://new.qq.com/rain/a/20241123A075AI00

2024-11-24 02:21:09,315 - INFO - EXPIRED
大运汽车宣布破产重整：曾推“中国版宾利”，员工称豪车梦拖垮企业
https://new.qq.com/rain/a/20241123A078CA00

2024-11-24 02:21:09,315 - INFO - EXPIRED
“假酒”中毒？6名外国游客三天内相继身亡，老挝外交部：正展开调查
https://new.qq.com/rain/a/20241123A06N9Y00

2024-11-24 02:21:09,315 - INFO - EXPIRED
女子在自家面馆身亡丈夫被起诉：案发前二人曾吵架，长辈上门调解
https://new.qq.com/rain/a/20241123A06Y2E00

2024-11-24 02:21:09,315 - INFO - EXPIRED
今冬羽绒服还能买吗？业内称全网上千家掺假售假，羽绒成本涨超30%
https://new.qq.com/rain/a/20241123A04IVL00

2024-11-24 02:21:09,315 - INFO - EXPIRED
拜登在夫人夸自己4年付出时泪洒白宫晚宴：担任美国总统是我一生荣幸
https://new.qq.com/rain/a/20241123V06U3X00

2024-11-24 02:21:09,315 - INFO - EXPIRED
华为定下鸿蒙生态新目标：未来半年到一年，10万个应用
https://new.qq.com/rain/a/20241123A06MEN00

2024-11-24 02:21:09,315 - INFO - EXPIRED
网友称从旺仔牛奶中喝出异物，这异物有可能是什么？会是哪个环节出的问题？
https://view.inews.qq.com/a/20241123Q05V5V00

2024-11-24 02:21:09,315 - INFO - EXPIRED
不考研的都去考公了？考研报名人数大跳水，国考报名人数却再创新高
https://new.qq.com/rain/a/20241123A07DFZ00

2024-11-24 02:21:09,315 - INFO - EXPIRED
入营后先后4次要求退役，19岁田某某被部队除名，不得录用为公务员
https://new.qq.com/rain/a/20241123A068ZK00

2024-11-24 02:21:09,315 - INFO - EXPIRED
分歧愈加公开！外媒：菲副总统自曝，如被害就找马科斯算账，菲总统方面回应
https://new.qq.com/rain/a/20241123A068U800

2024-11-24 02:21:09,315 - INFO - EXPIRED
健身房闭店七旬老人下跪讨要工资引关注 同门店员工：老人是保洁员
https://new.qq.com/rain/a/20241123A074PI00

2024-11-24 02:21:09,315 - INFO - EXPIRED
为何医生建议赶紧切？常做美甲会出毛病吗？
https://view.inews.qq.com/a/20241122Q0493000

2024-11-24 02:21:09,315 - INFO - EXPIRED
跨省婚介“产业”调查：“越是负债的女孩越容易成交”
https://new.qq.com/rain/a/20241123A04S3800

2024-11-24 02:21:09,315 - INFO - EXPIRED
“自始至终没说是老鼠！”曝光旺仔牛奶当事人晒异物新图呈片状，济南市监部门介入
https://new.qq.com/rain/a/20241123A05H7T00

2024-11-24 02:21:09,315 - INFO - EXPIRED
蔚来：针对网传公司与其他企业资本层面的谣言，已报警
https://new.qq.com/rain/a/20241123A070ZN00

2024-11-24 02:21:09,315 - INFO - EXPIRED
玻璃坠落致1名行人受伤，合肥银泰中心致歉：全面检查玻璃固定状况
https://new.qq.com/rain/a/20241123A0778W00

2024-11-24 02:21:09,315 - INFO - EXPIRED
涉华问题，立陶宛新总理最新表态
https://new.qq.com/rain/a/20241123A04IP700

2024-11-24 02:21:09,315 - INFO - EXPIRED
日媒透露：日本外相岩屋毅已在协调最快12月下旬首次访华
https://new.qq.com/rain/a/20241123A073I000

2024-11-24 02:21:09,315 - INFO - EXPIRED
寒潮步步“冰冻”将带来冷暖逆转 北方雨雪混杂局地雪强同期少见
https://new.qq.com/rain/a/20241123A0702K00

2024-11-24 02:21:09,315 - INFO - EXPIRED
最高法：对于重大恶性犯罪，必须依法从严从重惩处，及时审理宣判
https://new.qq.com/rain/a/20241123A06CPG00

2024-11-24 02:21:09,315 - INFO - EXPIRED
黄仁勋最新万字对话：英伟达十年内将计算边际成本降低至1/100万
https://new.qq.com/rain/a/20241123A0643P00

2024-11-24 02:21:09,315 - INFO - EXPIRED
市值管理重估央国企
https://new.qq.com/rain/a/20241123A04HMM00

2024-11-24 02:21:09,315 - INFO - EXPIRED
2008年被盗的元代古碑重新现身，这碑值钱吗？盗贼是咋想的？
https://view.inews.qq.com/a/20241123Q05CGW00

2024-11-24 02:21:09,315 - INFO - EXPIRED
这些城市的国际航班，没戏了？
https://new.qq.com/rain/a/20241123A03HXC00

2024-11-24 02:21:09,315 - INFO - EXPIRED
带高龄母亲酒店养老遭集体拉黑，当事人：母亲已离世，将起诉酒店维权
https://new.qq.com/rain/a/20241122A0A5I800

2024-11-24 02:21:09,315 - INFO - EXPIRED
男子实名举报县委副书记婚内出轨自己老婆 晒出暧昧聊天截图 多方回应
https://new.qq.com/rain/a/20241123A04VBR00

2024-11-24 02:21:09,315 - INFO - EXPIRED
墨西哥总统：我们不是中国产品进入美国和加拿大的“后门”
https://new.qq.com/rain/a/20241123A01C9R00

2024-11-24 02:21:09,315 - INFO - EXPIRED
牵扯“调查风暴”的量化大厂，紧急招聘合规人才
https://new.qq.com/rain/a/20241123A039BJ00

2024-11-24 02:21:09,316 - INFO - EXPIRED
旅芬大熊猫“华豹”“金宝宝”平安接返回国
https://new.qq.com/rain/a/20241123A05YU300

2024-11-24 02:21:09,316 - INFO - EXPIRED
广东反腐！去年以来，原厅长、原市长等50多名退休省管干部被查
https://new.qq.com/rain/a/20241123A05PL300

2024-11-24 02:21:09,316 - INFO - EXPIRED
贫困生在国内外多地旅游？浙江大学：不合理消费，取消受资助资格
https://new.qq.com/rain/a/20241123A058JQ00

2024-11-24 02:21:09,316 - INFO - EXPIRED
因逃避消防检查，广东潮州多条街道商铺关门？应急局：很多不实信息
https://new.qq.com/rain/a/20241123A03G8Z00

2024-11-24 02:21:09,316 - INFO - EXPIRED
车主该如何维权？损失谁来赔偿？
https://view.inews.qq.com/a/20241123Q03DTV00

2024-11-24 02:21:09,316 - INFO - EXPIRED
公安刑侦部门已介入！山东滨州一小区发生烟花爆炸致1人死亡
https://new.qq.com/rain/a/20241123A04VB900

2024-11-24 02:21:09,316 - INFO - EXPIRED
旺仔牛奶中疑发现异物，当事人：异物不像网传老鼠，没同意厂家一赔十
https://new.qq.com/rain/a/20241123A04ONL00

2024-11-24 02:21:09,316 - INFO - EXPIRED
70多辆小米SU7撞墙撞柱，这功能成熟吗？改完BUG能继续放心用吗？
https://view.inews.qq.com/a/20241123Q01K2D00

2024-11-24 02:21:09,316 - INFO - EXPIRED
旺仔牛奶中疑似喝出老鼠？“旺旺三公子”蔡旺庭：明显有人在搞事
https://new.qq.com/rain/a/20241123A042GZ00

2024-11-24 02:21:09,316 - INFO - EXPIRED
上万户村民停气数月：燃气公司野蛮发展，官方称力争春节前全恢复
https://new.qq.com/rain/a/20241122A09X4S00

2024-11-24 02:21:09,316 - INFO - EXPIRED
以后这种现象会越来越多吗？住海边该如何防范？
https://view.inews.qq.com/a/20241122Q0A0XM00

2024-11-24 02:21:09,316 - INFO - EXPIRED
山西一职中女教师被指出轨学生，学校通报：停课、调离教学岗位
https://new.qq.com/rain/a/20241123A0219W00

2024-11-24 02:21:09,316 - INFO - EXPIRED
为逃避检查，广东潮州大量商户关门停业、工厂放假？官方：个别商户
https://new.qq.com/rain/a/20241123A038VB00

2024-11-24 02:21:09,316 - INFO - EXPIRED
发射“无法击落”的“榛树”导弹，俄罗斯传递了什么信号
https://new.qq.com/rain/a/20241123A01P1J00

2024-11-24 02:21:09,316 - INFO - EXPIRED
外媒：欧洲议会议员称欧盟与中国即将就电动汽车进口关税达成协议
https://new.qq.com/rain/a/20241123A04AZN00

2024-11-24 02:21:09,316 - INFO - EXPIRED
“若内塔尼亚胡入境英国是否会被捕”？英首相发言人回应
https://new.qq.com/rain/a/20241123A01YPF00

2024-11-24 02:21:09,316 - INFO - EXPIRED
钟南山建议给肺“年检”，这是什么病？为什么这么普遍？
https://view.inews.qq.com/a/20241123Q017J300

2024-11-24 02:21:09,316 - INFO - EXPIRED
英伟达黄仁勋：机器人时代即将来临，毕业生正面临最好的时代
https://new.qq.com/rain/a/20241123A04E4100

2024-11-24 02:21:09,316 - INFO - EXPIRED
生母服刑生父患精神类疾病，监护人提交送养申请，民政部门发送养公告
https://new.qq.com/rain/a/20241122A09YWN00

2024-11-24 02:21:09,316 - INFO - EXPIRED
7家医院被国家医保局点名 有医院把腹部CT分成“上中下腹”收3次费
https://new.qq.com/rain/a/20241123A02F8A00

2024-11-24 02:21:09,316 - INFO - EXPIRED
患心脏病老人凑热闹领喜糖后跌倒死亡，家属向新人索赔14万，法院驳回
https://new.qq.com/rain/a/20241123A03HYX00

2024-11-24 02:21:09,316 - INFO - EXPIRED
军队提升至战备状态 朝鲜警告美国及其追随国家停止挑衅和敌对行动
https://new.qq.com/rain/a/20241123A01H8F00

2024-11-24 02:21:09,316 - INFO - EXPIRED
对话人大教授刘向东：中国式低价的两种叙事，“好低价、坏低价”
https://new.qq.com/rain/a/20241123A03II000

2024-11-24 02:21:09,316 - INFO - EXPIRED
美媒爆：以色列对叙空袭打死黎真主党一高级指挥官，后者曾帮助策划袭击驻伊拉克美军
https://new.qq.com/rain/a/20241123A02YL000

2024-11-24 02:21:09,316 - INFO - EXPIRED
对话｜王伟妻子阮国琴：孩子确是海军军官，但不是“81192”
https://new.qq.com/rain/a/20241123V017V300

2024-11-24 02:21:09,316 - INFO - EXPIRED
深圳奢侈品购买力爆发：拆迁户爱劳力士，富二代中学生买LV
https://new.qq.com/rain/a/20241123A01S4L00

2024-11-24 02:21:09,316 - INFO - EXPIRED
江苏无锡市委常委会会议专题研究安全稳定工作
https://new.qq.com/rain/a/20241123A02TWP00

2024-11-24 02:21:09,316 - INFO - EXPIRED
消费者称旺仔牛奶喝出异物否认“摆拍”，旺旺集团凌晨公告回应
https://new.qq.com/rain/a/20241123A02FNM00

2024-11-24 02:21:09,316 - INFO - EXPIRED
普京：“榛树”导弹将量产并列装战略导弹部队
https://new.qq.com/rain/a/20241123A01GVI00

2024-11-24 02:21:09,316 - INFO - EXPIRED
“有人抱三个孩子坐在大桥护栏上！”当地：小孩撤离，男子跳桥被救起
https://new.qq.com/rain/a/20241123A008Q500

2024-11-24 02:21:09,316 - INFO - EXPIRED
报复乌军对俄远程袭击、警告西方勿推冲突升级，俄用“榛树”导弹发出威慑信息
https://new.qq.com/rain/a/20241123A0111E00

2024-11-24 02:21:09,316 - INFO - EXPIRED
男子投诉环保问题被打断肋骨获赔300万，后被判寻衅滋事追缴违法所得
https://new.qq.com/rain/a/20241122A09VQ200

2024-11-24 02:21:09,316 - INFO - EXPIRED
浙大贫困生晒国内外多地旅游照，当地民政局回应：贫困证明没问题
https://new.qq.com/rain/a/20241122A07J7P00

2024-11-24 02:21:09,316 - INFO - EXPIRED
靠代写回忆录赚钱的年轻人，被AI卷哭了
https://new.qq.com/rain/a/20241123A02AEI00

2024-11-24 02:21:09,316 - INFO - EXPIRED
格力地产披露重大资产重组草案：逐步退出房地产，注入优质免税业务
https://new.qq.com/rain/a/20241123A012LA00

2024-11-24 02:21:09,316 - INFO - EXPIRED
男子在江苏一公园内发现被盗元代“玉泉宫碑”，枣庄文物部门：正协调归还，警方已介入
https://new.qq.com/rain/a/20241122A05RQ700

2024-11-24 02:21:09,316 - INFO - EXPIRED
被旁边货车坠落重物砸中 网红丐中丐夫妇车祸去世 直播间网友目睹过程
https://new.qq.com/rain/a/20241122A08GPZ00

2024-11-24 02:21:09,316 - INFO - EXPIRED
湖南平江藏着价值6000亿元的黄金？村民：小时候去山上捡石头里都有金
https://new.qq.com/rain/a/20241122A0A9VK00

2024-11-24 02:21:09,316 - INFO - EXPIRED
买到一台“烂尾车”，我快被逼疯了
https://new.qq.com/rain/a/20241122A0A3UZ00

2024-11-24 02:21:09,316 - INFO - EXPIRED
话费“慢充”能打折？当心陷入洗钱陷阱
https://new.qq.com/rain/a/20241122A05PUU00

2024-11-24 02:21:10,066 - INFO - INVALID
扇脸踢踹拽头发？网传派出所人员殴打12岁小学生，宁夏固原警方回应
https://new.qq.com/rain/a/20241124A00AHW00

2024-11-24 02:21:10,073 - INFO - INVALID
驻加拿大使馆发言人就涉台问题答记者问
https://new.qq.com/rain/a/20241124A01DFI00

2024-11-24 02:21:10,080 - INFO - INVALID
以色列驻约旦使馆附近发生枪击事件：一名枪手被打死，三名警察受伤
https://new.qq.com/rain/a/20241124A02DG700

2024-11-24 02:21:10,118 - INFO - INVALID
欧洲议会贸易委员会主席：中欧双方正接近达成解决方案，电动汽车关税有望取消
https://new.qq.com/rain/a/20241124A023OZ00

2024-11-24 02:21:10,131 - INFO - INVALID
局地降温超16℃！下半年首场寒潮来袭，专家分析有三大特点
https://new.qq.com/rain/a/20241124A0258X00

2024-11-24 02:21:10,577 - INFO - INVALID
博雷利：欧盟成员国不能选择性地执行国际刑事法院逮捕令
https://new.qq.com/rain/a/20241124A010FO00

2024-11-24 02:21:10,645 - INFO - INVALID
菲律宾，开始摊牌了
https://new.qq.com/rain/a/20241124A01FU800

2024-11-24 02:21:10,755 - INFO - INVALID
数万个“央国企”工作岗位在短视频被售卖，有人被骗30万
https://new.qq.com/rain/a/20241124A01FPJ00

2024-11-24 02:21:10,886 - INFO - INVALID
三家银行正式获批解散！中小银行改革化险持续推进
https://new.qq.com/rain/a/20241124A01B7700

2024-11-24 02:21:10,982 - INFO - INVALID
当过5年市政府秘书长、4年区委书记，朱国城被查
https://new.qq.com/rain/a/20241124A022P700

2024-11-24 02:21:11,098 - INFO - INVALID
俄称摧毁乌多种装备 乌称前线局势紧张
https://new.qq.com/rain/a/20241124A017H900

2024-11-24 02:21:11,149 - INFO - INVALID
泽连斯基：俄乌冲突完全有可能在2025年结束
https://new.qq.com/rain/a/20241124A00R8P00

2024-11-24 02:21:11,281 - INFO - INVALID
台湾花莲台南地区接连发生地震
https://new.qq.com/rain/a/20241124A01OZ800

2024-11-24 02:21:11,338 - INFO - INVALID
涉嫌为委反对派领导人提供庇护 阿根廷驻委使馆遭委警察包围
https://new.qq.com/rain/a/20241124A01EOP00

2024-11-24 02:21:11,424 - INFO - INVALID
内蒙古通辽市霍林郭勒市发生4.3级地震
https://new.qq.com/rain/a/20241124A01JLR00

2024-11-24 03:25:52,640 - INFO - EXPIRED
武汉大学一视残学生在校6年 2次延毕仍难获得毕业证起诉学校 法院判了
https://new.qq.com/rain/a/20241123A073VP00

2024-11-24 03:25:52,640 - INFO - EXPIRED
要求员工不要彩礼、不靠父母买房引热议，于东来连发11条动态
https://new.qq.com/rain/a/20241123A078M700

2024-11-24 03:25:52,640 - INFO - EXPIRED
美元指数涨超108创近13个月新高，人民币承压，外贸企业该如何应对
https://new.qq.com/rain/a/20241123A01SA000

2024-11-24 03:25:52,640 - INFO - EXPIRED
贩婴案中亲生父母约占4成：父母收钱送养子女算拐卖吗
https://new.qq.com/rain/a/20241123A05H8600

2024-11-24 03:25:52,640 - INFO - EXPIRED
迪拜展出一块300公斤的金条，做这么重难在哪？为什么没有更重的？
https://view.inews.qq.com/a/20241123Q07VNG00

2024-11-24 03:25:52,640 - INFO - EXPIRED
内塔尼亚胡被发逮捕令 俄方也回应了 
https://new.qq.com/rain/a/20241123A05KOX00

2024-11-24 03:25:52,640 - INFO - EXPIRED
涉200家中国芯片公司，美国又要下黑手？！
https://new.qq.com/rain/a/20241123A07L5P00

2024-11-24 03:25:52,640 - INFO - EXPIRED
保时捷拖欠货拉拉司机运费还打人，且投诉导致对方封号？保时捷回应
https://new.qq.com/rain/a/20241123A05KAZ00

2024-11-24 03:25:52,640 - INFO - EXPIRED
暴瘦40斤、双眼近乎失明！14岁少女疑在“特训学校”被体罚致死
https://new.qq.com/rain/a/20241123V07QP200

2024-11-24 03:25:52,640 - INFO - EXPIRED
瑞士高校加强对中俄伊学生审查，被批违反“中立”原则
https://new.qq.com/rain/a/20241123A07TYD00

2024-11-24 03:25:52,640 - INFO - EXPIRED
“我从没感觉这么安全过” 港澳市民登上海南舰
https://new.qq.com/rain/a/20241123V07QKU00

2024-11-24 03:25:52,640 - INFO - EXPIRED
俄防长：已歼灭乌军最强部队
https://new.qq.com/rain/a/20241123A05ZKI00

2024-11-24 03:25:52,640 - INFO - EXPIRED
故意冲撞石山舰！中国海警通报：抓获违法嫌疑人17名
https://new.qq.com/rain/a/20241123A0848200

2024-11-24 03:25:52,640 - INFO - EXPIRED
拉美毒枭，劫了中国“金王”
https://new.qq.com/rain/a/20241123A076DC00

2024-11-24 03:25:52,640 - INFO - EXPIRED
前中国体操女队队员吴柳芳成“擦边主播”？奥运冠军管晨辰怒斥
https://new.qq.com/rain/a/20241123A06J0T00

2024-11-24 03:25:52,640 - INFO - EXPIRED
53岁网红湘妹子因胃癌晚期离世 儿子发声：离世前交代了身后事，走的时候不痛苦
https://new.qq.com/rain/a/20241123A060X000

2024-11-24 03:25:52,640 - INFO - EXPIRED
山东旺旺再回应“旺仔牛奶喝出异物”：已取样送检，初步判断不是老鼠
https://new.qq.com/rain/a/20241123A075AI00

2024-11-24 03:25:52,640 - INFO - EXPIRED
大运汽车宣布破产重整：曾推“中国版宾利”，员工称豪车梦拖垮企业
https://new.qq.com/rain/a/20241123A078CA00

2024-11-24 03:25:52,640 - INFO - EXPIRED
“假酒”中毒？6名外国游客三天内相继身亡，老挝外交部：正展开调查
https://new.qq.com/rain/a/20241123A06N9Y00

2024-11-24 03:25:52,640 - INFO - EXPIRED
女子在自家面馆身亡丈夫被起诉：案发前二人曾吵架，长辈上门调解
https://new.qq.com/rain/a/20241123A06Y2E00

2024-11-24 03:25:52,640 - INFO - EXPIRED
今冬羽绒服还能买吗？业内称全网上千家掺假售假，羽绒成本涨超30%
https://new.qq.com/rain/a/20241123A04IVL00

2024-11-24 03:25:52,641 - INFO - EXPIRED
拜登在夫人夸自己4年付出时泪洒白宫晚宴：担任美国总统是我一生荣幸
https://new.qq.com/rain/a/20241123V06U3X00

2024-11-24 03:25:52,641 - INFO - EXPIRED
华为定下鸿蒙生态新目标：未来半年到一年，10万个应用
https://new.qq.com/rain/a/20241123A06MEN00

2024-11-24 03:25:52,641 - INFO - EXPIRED
网友称从旺仔牛奶中喝出异物，这异物有可能是什么？会是哪个环节出的问题？
https://view.inews.qq.com/a/20241123Q05V5V00

2024-11-24 03:25:52,641 - INFO - EXPIRED
不考研的都去考公了？考研报名人数大跳水，国考报名人数却再创新高
https://new.qq.com/rain/a/20241123A07DFZ00

2024-11-24 03:25:52,641 - INFO - EXPIRED
入营后先后4次要求退役，19岁田某某被部队除名，不得录用为公务员
https://new.qq.com/rain/a/20241123A068ZK00

2024-11-24 03:25:52,641 - INFO - EXPIRED
分歧愈加公开！外媒：菲副总统自曝，如被害就找马科斯算账，菲总统方面回应
https://new.qq.com/rain/a/20241123A068U800

2024-11-24 03:25:52,641 - INFO - EXPIRED
健身房闭店七旬老人下跪讨要工资引关注 同门店员工：老人是保洁员
https://new.qq.com/rain/a/20241123A074PI00

2024-11-24 03:25:52,641 - INFO - EXPIRED
为何医生建议赶紧切？常做美甲会出毛病吗？
https://view.inews.qq.com/a/20241122Q0493000

2024-11-24 03:25:52,641 - INFO - EXPIRED
跨省婚介“产业”调查：“越是负债的女孩越容易成交”
https://new.qq.com/rain/a/20241123A04S3800

2024-11-24 03:25:52,641 - INFO - EXPIRED
“自始至终没说是老鼠！”曝光旺仔牛奶当事人晒异物新图呈片状，济南市监部门介入
https://new.qq.com/rain/a/20241123A05H7T00

2024-11-24 03:25:52,641 - INFO - EXPIRED
蔚来：针对网传公司与其他企业资本层面的谣言，已报警
https://new.qq.com/rain/a/20241123A070ZN00

2024-11-24 03:25:52,641 - INFO - EXPIRED
玻璃坠落致1名行人受伤，合肥银泰中心致歉：全面检查玻璃固定状况
https://new.qq.com/rain/a/20241123A0778W00

2024-11-24 03:25:52,641 - INFO - EXPIRED
涉华问题，立陶宛新总理最新表态
https://new.qq.com/rain/a/20241123A04IP700

2024-11-24 03:25:52,641 - INFO - EXPIRED
日媒透露：日本外相岩屋毅已在协调最快12月下旬首次访华
https://new.qq.com/rain/a/20241123A073I000

2024-11-24 03:25:52,641 - INFO - EXPIRED
寒潮步步“冰冻”将带来冷暖逆转 北方雨雪混杂局地雪强同期少见
https://new.qq.com/rain/a/20241123A0702K00

2024-11-24 03:25:52,641 - INFO - EXPIRED
最高法：对于重大恶性犯罪，必须依法从严从重惩处，及时审理宣判
https://new.qq.com/rain/a/20241123A06CPG00

2024-11-24 03:25:52,641 - INFO - EXPIRED
黄仁勋最新万字对话：英伟达十年内将计算边际成本降低至1/100万
https://new.qq.com/rain/a/20241123A0643P00

2024-11-24 03:25:52,641 - INFO - EXPIRED
市值管理重估央国企
https://new.qq.com/rain/a/20241123A04HMM00

2024-11-24 03:25:52,641 - INFO - EXPIRED
2008年被盗的元代古碑重新现身，这碑值钱吗？盗贼是咋想的？
https://view.inews.qq.com/a/20241123Q05CGW00

2024-11-24 03:25:52,641 - INFO - EXPIRED
这些城市的国际航班，没戏了？
https://new.qq.com/rain/a/20241123A03HXC00

2024-11-24 03:25:52,641 - INFO - EXPIRED
带高龄母亲酒店养老遭集体拉黑，当事人：母亲已离世，将起诉酒店维权
https://new.qq.com/rain/a/20241122A0A5I800

2024-11-24 03:25:52,641 - INFO - EXPIRED
男子实名举报县委副书记婚内出轨自己老婆 晒出暧昧聊天截图 多方回应
https://new.qq.com/rain/a/20241123A04VBR00

2024-11-24 03:25:52,641 - INFO - EXPIRED
墨西哥总统：我们不是中国产品进入美国和加拿大的“后门”
https://new.qq.com/rain/a/20241123A01C9R00

2024-11-24 03:25:52,641 - INFO - EXPIRED
牵扯“调查风暴”的量化大厂，紧急招聘合规人才
https://new.qq.com/rain/a/20241123A039BJ00

2024-11-24 03:25:52,641 - INFO - EXPIRED
旅芬大熊猫“华豹”“金宝宝”平安接返回国
https://new.qq.com/rain/a/20241123A05YU300

2024-11-24 03:25:52,641 - INFO - EXPIRED
广东反腐！去年以来，原厅长、原市长等50多名退休省管干部被查
https://new.qq.com/rain/a/20241123A05PL300

2024-11-24 03:25:52,641 - INFO - EXPIRED
贫困生在国内外多地旅游？浙江大学：不合理消费，取消受资助资格
https://new.qq.com/rain/a/20241123A058JQ00

2024-11-24 03:25:52,641 - INFO - EXPIRED
因逃避消防检查，广东潮州多条街道商铺关门？应急局：很多不实信息
https://new.qq.com/rain/a/20241123A03G8Z00

2024-11-24 03:25:52,641 - INFO - EXPIRED
车主该如何维权？损失谁来赔偿？
https://view.inews.qq.com/a/20241123Q03DTV00

2024-11-24 03:25:52,641 - INFO - EXPIRED
公安刑侦部门已介入！山东滨州一小区发生烟花爆炸致1人死亡
https://new.qq.com/rain/a/20241123A04VB900

2024-11-24 03:25:52,641 - INFO - EXPIRED
旺仔牛奶中疑发现异物，当事人：异物不像网传老鼠，没同意厂家一赔十
https://new.qq.com/rain/a/20241123A04ONL00

2024-11-24 03:25:52,641 - INFO - EXPIRED
70多辆小米SU7撞墙撞柱，这功能成熟吗？改完BUG能继续放心用吗？
https://view.inews.qq.com/a/20241123Q01K2D00

2024-11-24 03:25:52,641 - INFO - EXPIRED
旺仔牛奶中疑似喝出老鼠？“旺旺三公子”蔡旺庭：明显有人在搞事
https://new.qq.com/rain/a/20241123A042GZ00

2024-11-24 03:25:52,641 - INFO - EXPIRED
上万户村民停气数月：燃气公司野蛮发展，官方称力争春节前全恢复
https://new.qq.com/rain/a/20241122A09X4S00

2024-11-24 03:25:52,641 - INFO - EXPIRED
以后这种现象会越来越多吗？住海边该如何防范？
https://view.inews.qq.com/a/20241122Q0A0XM00

2024-11-24 03:25:52,641 - INFO - EXPIRED
山西一职中女教师被指出轨学生，学校通报：停课、调离教学岗位
https://new.qq.com/rain/a/20241123A0219W00

2024-11-24 03:25:52,641 - INFO - EXPIRED
为逃避检查，广东潮州大量商户关门停业、工厂放假？官方：个别商户
https://new.qq.com/rain/a/20241123A038VB00

2024-11-24 03:25:52,641 - INFO - EXPIRED
发射“无法击落”的“榛树”导弹，俄罗斯传递了什么信号
https://new.qq.com/rain/a/20241123A01P1J00

2024-11-24 03:25:52,641 - INFO - EXPIRED
外媒：欧洲议会议员称欧盟与中国即将就电动汽车进口关税达成协议
https://new.qq.com/rain/a/20241123A04AZN00

2024-11-24 03:25:52,641 - INFO - EXPIRED
“若内塔尼亚胡入境英国是否会被捕”？英首相发言人回应
https://new.qq.com/rain/a/20241123A01YPF00

2024-11-24 03:25:52,641 - INFO - EXPIRED
钟南山建议给肺“年检”，这是什么病？为什么这么普遍？
https://view.inews.qq.com/a/20241123Q017J300

2024-11-24 03:25:52,641 - INFO - EXPIRED
英伟达黄仁勋：机器人时代即将来临，毕业生正面临最好的时代
https://new.qq.com/rain/a/20241123A04E4100

2024-11-24 03:25:52,641 - INFO - EXPIRED
生母服刑生父患精神类疾病，监护人提交送养申请，民政部门发送养公告
https://new.qq.com/rain/a/20241122A09YWN00

2024-11-24 03:25:52,641 - INFO - EXPIRED
7家医院被国家医保局点名 有医院把腹部CT分成“上中下腹”收3次费
https://new.qq.com/rain/a/20241123A02F8A00

2024-11-24 03:25:52,641 - INFO - EXPIRED
患心脏病老人凑热闹领喜糖后跌倒死亡，家属向新人索赔14万，法院驳回
https://new.qq.com/rain/a/20241123A03HYX00

2024-11-24 03:25:52,641 - INFO - EXPIRED
军队提升至战备状态 朝鲜警告美国及其追随国家停止挑衅和敌对行动
https://new.qq.com/rain/a/20241123A01H8F00

2024-11-24 03:25:52,641 - INFO - EXPIRED
对话人大教授刘向东：中国式低价的两种叙事，“好低价、坏低价”
https://new.qq.com/rain/a/20241123A03II000

2024-11-24 03:25:52,641 - INFO - EXPIRED
美媒爆：以色列对叙空袭打死黎真主党一高级指挥官，后者曾帮助策划袭击驻伊拉克美军
https://new.qq.com/rain/a/20241123A02YL000

2024-11-24 03:25:52,641 - INFO - EXPIRED
对话｜王伟妻子阮国琴：孩子确是海军军官，但不是“81192”
https://new.qq.com/rain/a/20241123V017V300

2024-11-24 03:25:52,641 - INFO - EXPIRED
深圳奢侈品购买力爆发：拆迁户爱劳力士，富二代中学生买LV
https://new.qq.com/rain/a/20241123A01S4L00

2024-11-24 03:25:52,641 - INFO - EXPIRED
江苏无锡市委常委会会议专题研究安全稳定工作
https://new.qq.com/rain/a/20241123A02TWP00

2024-11-24 03:25:52,641 - INFO - EXPIRED
消费者称旺仔牛奶喝出异物否认“摆拍”，旺旺集团凌晨公告回应
https://new.qq.com/rain/a/20241123A02FNM00

2024-11-24 03:25:52,641 - INFO - EXPIRED
普京：“榛树”导弹将量产并列装战略导弹部队
https://new.qq.com/rain/a/20241123A01GVI00

2024-11-24 03:25:52,641 - INFO - EXPIRED
“有人抱三个孩子坐在大桥护栏上！”当地：小孩撤离，男子跳桥被救起
https://new.qq.com/rain/a/20241123A008Q500

2024-11-24 03:25:52,641 - INFO - EXPIRED
报复乌军对俄远程袭击、警告西方勿推冲突升级，俄用“榛树”导弹发出威慑信息
https://new.qq.com/rain/a/20241123A0111E00

2024-11-24 03:25:52,641 - INFO - EXPIRED
男子投诉环保问题被打断肋骨获赔300万，后被判寻衅滋事追缴违法所得
https://new.qq.com/rain/a/20241122A09VQ200

2024-11-24 03:25:52,642 - INFO - EXPIRED
浙大贫困生晒国内外多地旅游照，当地民政局回应：贫困证明没问题
https://new.qq.com/rain/a/20241122A07J7P00

2024-11-24 03:25:52,642 - INFO - EXPIRED
靠代写回忆录赚钱的年轻人，被AI卷哭了
https://new.qq.com/rain/a/20241123A02AEI00

2024-11-24 03:25:53,568 - INFO - INVALID
前体操冠军当女主播，媒体：曾经风光无限的运动员，谋生也未见得容易
https://new.qq.com/rain/a/20241124A02NBQ00

2024-11-24 03:25:53,576 - INFO - INVALID
海南一县委副书记被查：遭男子举报婚内出轨其妻子，曝光暧昧聊天截图
https://new.qq.com/rain/a/20241124A02ON000

2024-11-24 03:25:53,584 - INFO - INVALID
当过5年市政府秘书长、4年区委书记，朱国城被查
https://new.qq.com/rain/a/20241124A022P700

2024-11-24 03:25:53,616 - INFO - INVALID
三家银行正式获批解散！中小银行改革化险持续推进
https://new.qq.com/rain/a/20241124A01B7700

2024-11-24 03:25:53,705 - INFO - INVALID
驻加拿大使馆发言人就涉台问题答记者问
https://new.qq.com/rain/a/20241124A01DFI00

2024-11-24 03:25:54,244 - INFO - INVALID
俄称摧毁乌多种装备 乌称前线局势紧张
https://new.qq.com/rain/a/20241124A017H900

2024-11-24 03:25:54,295 - INFO - INVALID
博雷利：欧盟成员国不能选择性地执行国际刑事法院逮捕令
https://new.qq.com/rain/a/20241124A010FO00

2024-11-24 03:25:54,363 - INFO - INVALID
上海千万豪宅楼栋散发恶臭，业主需点熏香压制，夹层竟藏上万只蛆
https://new.qq.com/rain/a/20241124A025OP00

2024-11-24 03:25:54,393 - INFO - INVALID
科员举报信访局长成“敲诈”被判4年，出狱申诉被驳回
https://new.qq.com/rain/a/20241124A02TBI00

2024-11-24 03:25:54,445 - INFO - INVALID
菲律宾，开始摊牌了
https://new.qq.com/rain/a/20241124A01FU800

2024-11-24 03:25:54,961 - INFO - INVALID
加沙地带人道危机加剧：大饼店前民众苦等 饥饿家庭急剧增加
https://new.qq.com/rain/a/20241124A0237500

2024-11-24 03:25:55,080 - INFO - INVALID
女驴友坠崖身亡，救援队：事发地游客禁止进入，出事前已徒步六七小时
https://new.qq.com/rain/a/20241124A0279W00

2024-11-24 03:25:55,136 - INFO - INVALID
数万个“央国企”工作岗位在短视频被售卖，有人被骗30万
https://new.qq.com/rain/a/20241124A01FPJ00

2024-11-24 03:25:55,172 - INFO - INVALID
欧洲议会贸易委员会主席：中欧双方正接近达成解决方案，电动汽车关税有望取消
https://new.qq.com/rain/a/20241124A023OZ00

2024-11-24 03:25:55,617 - INFO - INVALID
局地降温超16℃！下半年首场寒潮来袭，专家分析有三大特点
https://new.qq.com/rain/a/20241124A0258X00

2024-11-24 03:25:55,937 - INFO - INVALID
泽连斯基：俄乌冲突完全有可能在2025年结束
https://new.qq.com/rain/a/20241124A00R8P00

2024-11-24 03:25:56,047 - INFO - INVALID
以色列驻约旦使馆附近发生枪击事件：一名枪手被打死，三名警察受伤
https://new.qq.com/rain/a/20241124A02DG700

2024-11-24 03:25:56,105 - INFO - INVALID
台湾花莲台南地区接连发生地震
https://new.qq.com/rain/a/20241124A01OZ800

2024-11-24 03:25:56,287 - INFO - INVALID
涉嫌为委反对派领导人提供庇护 阿根廷驻委使馆遭委警察包围
https://new.qq.com/rain/a/20241124A01EOP00

2024-11-24 03:25:56,682 - INFO - INVALID
内蒙古通辽市霍林郭勒市发生4.3级地震
https://new.qq.com/rain/a/20241124A01JLR00

2024-11-24 03:25:59,058 - INFO - INVALID
保时捷拖欠货拉拉司机600元运费，还投诉导致封号？货拉拉：没有封号
https://new.qq.com/rain/a/20241124A02N2R00

2024-11-24 04:01:07,618 - INFO - EXPIRED
武汉大学一视残学生在校6年 2次延毕仍难获得毕业证起诉学校 法院判了
https://new.qq.com/rain/a/20241123A073VP00

2024-11-24 04:01:07,618 - INFO - EXPIRED
要求员工不要彩礼、不靠父母买房引热议，于东来连发11条动态
https://new.qq.com/rain/a/20241123A078M700

2024-11-24 04:01:07,618 - INFO - EXPIRED
司法部：排查婚姻家庭、欠资欠薪等矛盾纠纷，化解在基层和萌芽状态
https://new.qq.com/rain/a/20241123A089WN00

2024-11-24 04:01:07,618 - INFO - EXPIRED
美元指数涨超108创近13个月新高，人民币承压，外贸企业该如何应对
https://new.qq.com/rain/a/20241123A01SA000

2024-11-24 04:01:07,618 - INFO - EXPIRED
贩婴案中亲生父母约占4成：父母收钱送养子女算拐卖吗
https://new.qq.com/rain/a/20241123A05H8600

2024-11-24 04:01:07,618 - INFO - EXPIRED
迪拜展出一块300公斤的金条，做这么重难在哪？为什么没有更重的？
https://view.inews.qq.com/a/20241123Q07VNG00

2024-11-24 04:01:07,618 - INFO - EXPIRED
内塔尼亚胡被发逮捕令 俄方也回应了 
https://new.qq.com/rain/a/20241123A05KOX00

2024-11-24 04:01:07,618 - INFO - EXPIRED
涉200家中国芯片公司，美国又要下黑手？！
https://new.qq.com/rain/a/20241123A07L5P00

2024-11-24 04:01:07,618 - INFO - EXPIRED
保时捷拖欠货拉拉司机运费还打人，且投诉导致对方封号？保时捷回应
https://new.qq.com/rain/a/20241123A05KAZ00

2024-11-24 04:01:07,618 - INFO - EXPIRED
暴瘦40斤、双眼近乎失明！14岁少女疑在“特训学校”被体罚致死
https://new.qq.com/rain/a/20241123V07QP200

2024-11-24 04:01:07,618 - INFO - EXPIRED
瑞士高校加强对中俄伊学生审查，被批违反“中立”原则
https://new.qq.com/rain/a/20241123A07TYD00

2024-11-24 04:01:07,618 - INFO - EXPIRED
“我从没感觉这么安全过” 港澳市民登上海南舰
https://new.qq.com/rain/a/20241123V07QKU00

2024-11-24 04:01:07,618 - INFO - EXPIRED
俄防长：已歼灭乌军最强部队
https://new.qq.com/rain/a/20241123A05ZKI00

2024-11-24 04:01:07,618 - INFO - EXPIRED
故意冲撞石山舰！中国海警通报：抓获违法嫌疑人17名
https://new.qq.com/rain/a/20241123A0848200

2024-11-24 04:01:07,618 - INFO - EXPIRED
拉美毒枭，劫了中国“金王”
https://new.qq.com/rain/a/20241123A076DC00

2024-11-24 04:01:07,618 - INFO - EXPIRED
前中国体操女队队员吴柳芳成“擦边主播”？奥运冠军管晨辰怒斥
https://new.qq.com/rain/a/20241123A06J0T00

2024-11-24 04:01:07,618 - INFO - EXPIRED
53岁网红湘妹子因胃癌晚期离世 儿子发声：离世前交代了身后事，走的时候不痛苦
https://new.qq.com/rain/a/20241123A060X000

2024-11-24 04:01:07,618 - INFO - EXPIRED
山东旺旺再回应“旺仔牛奶喝出异物”：已取样送检，初步判断不是老鼠
https://new.qq.com/rain/a/20241123A075AI00

2024-11-24 04:01:07,618 - INFO - EXPIRED
大运汽车宣布破产重整：曾推“中国版宾利”，员工称豪车梦拖垮企业
https://new.qq.com/rain/a/20241123A078CA00

2024-11-24 04:01:07,618 - INFO - EXPIRED
“假酒”中毒？6名外国游客三天内相继身亡，老挝外交部：正展开调查
https://new.qq.com/rain/a/20241123A06N9Y00

2024-11-24 04:01:07,618 - INFO - EXPIRED
女子在自家面馆身亡丈夫被起诉：案发前二人曾吵架，长辈上门调解
https://new.qq.com/rain/a/20241123A06Y2E00

2024-11-24 04:01:07,618 - INFO - EXPIRED
今冬羽绒服还能买吗？业内称全网上千家掺假售假，羽绒成本涨超30%
https://new.qq.com/rain/a/20241123A04IVL00

2024-11-24 04:01:07,618 - INFO - EXPIRED
拜登在夫人夸自己4年付出时泪洒白宫晚宴：担任美国总统是我一生荣幸
https://new.qq.com/rain/a/20241123V06U3X00

2024-11-24 04:01:07,618 - INFO - EXPIRED
华为定下鸿蒙生态新目标：未来半年到一年，10万个应用
https://new.qq.com/rain/a/20241123A06MEN00

2024-11-24 04:01:07,618 - INFO - EXPIRED
网友称从旺仔牛奶中喝出异物，这异物有可能是什么？会是哪个环节出的问题？
https://view.inews.qq.com/a/20241123Q05V5V00

2024-11-24 04:01:07,618 - INFO - EXPIRED
不考研的都去考公了？考研报名人数大跳水，国考报名人数却再创新高
https://new.qq.com/rain/a/20241123A07DFZ00

2024-11-24 04:01:07,618 - INFO - EXPIRED
入营后先后4次要求退役，19岁田某某被部队除名，不得录用为公务员
https://new.qq.com/rain/a/20241123A068ZK00

2024-11-24 04:01:07,618 - INFO - EXPIRED
分歧愈加公开！外媒：菲副总统自曝，如被害就找马科斯算账，菲总统方面回应
https://new.qq.com/rain/a/20241123A068U800

2024-11-24 04:01:07,618 - INFO - EXPIRED
健身房闭店七旬老人下跪讨要工资引关注 同门店员工：老人是保洁员
https://new.qq.com/rain/a/20241123A074PI00

2024-11-24 04:01:07,618 - INFO - EXPIRED
为何医生建议赶紧切？常做美甲会出毛病吗？
https://view.inews.qq.com/a/20241122Q0493000

2024-11-24 04:01:07,618 - INFO - EXPIRED
跨省婚介“产业”调查：“越是负债的女孩越容易成交”
https://new.qq.com/rain/a/20241123A04S3800

2024-11-24 04:01:07,618 - INFO - EXPIRED
“自始至终没说是老鼠！”曝光旺仔牛奶当事人晒异物新图呈片状，济南市监部门介入
https://new.qq.com/rain/a/20241123A05H7T00

2024-11-24 04:01:07,618 - INFO - EXPIRED
蔚来：针对网传公司与其他企业资本层面的谣言，已报警
https://new.qq.com/rain/a/20241123A070ZN00

2024-11-24 04:01:07,618 - INFO - EXPIRED
玻璃坠落致1名行人受伤，合肥银泰中心致歉：全面检查玻璃固定状况
https://new.qq.com/rain/a/20241123A0778W00

2024-11-24 04:01:07,618 - INFO - EXPIRED
涉华问题，立陶宛新总理最新表态
https://new.qq.com/rain/a/20241123A04IP700

2024-11-24 04:01:07,618 - INFO - EXPIRED
日媒透露：日本外相岩屋毅已在协调最快12月下旬首次访华
https://new.qq.com/rain/a/20241123A073I000

2024-11-24 04:01:07,618 - INFO - EXPIRED
寒潮步步“冰冻”将带来冷暖逆转 北方雨雪混杂局地雪强同期少见
https://new.qq.com/rain/a/20241123A0702K00

2024-11-24 04:01:07,618 - INFO - EXPIRED
最高法：对于重大恶性犯罪，必须依法从严从重惩处，及时审理宣判
https://new.qq.com/rain/a/20241123A06CPG00

2024-11-24 04:01:07,618 - INFO - EXPIRED
黄仁勋最新万字对话：英伟达十年内将计算边际成本降低至1/100万
https://new.qq.com/rain/a/20241123A0643P00

2024-11-24 04:01:07,618 - INFO - EXPIRED
市值管理重估央国企
https://new.qq.com/rain/a/20241123A04HMM00

2024-11-24 04:01:07,618 - INFO - EXPIRED
2008年被盗的元代古碑重新现身，这碑值钱吗？盗贼是咋想的？
https://view.inews.qq.com/a/20241123Q05CGW00

2024-11-24 04:01:07,619 - INFO - EXPIRED
这些城市的国际航班，没戏了？
https://new.qq.com/rain/a/20241123A03HXC00

2024-11-24 04:01:07,619 - INFO - EXPIRED
带高龄母亲酒店养老遭集体拉黑，当事人：母亲已离世，将起诉酒店维权
https://new.qq.com/rain/a/20241122A0A5I800

2024-11-24 04:01:07,619 - INFO - EXPIRED
男子实名举报县委副书记婚内出轨自己老婆 晒出暧昧聊天截图 多方回应
https://new.qq.com/rain/a/20241123A04VBR00

2024-11-24 04:01:07,619 - INFO - EXPIRED
墨西哥总统：我们不是中国产品进入美国和加拿大的“后门”
https://new.qq.com/rain/a/20241123A01C9R00

2024-11-24 04:01:07,619 - INFO - EXPIRED
牵扯“调查风暴”的量化大厂，紧急招聘合规人才
https://new.qq.com/rain/a/20241123A039BJ00

2024-11-24 04:01:07,619 - INFO - EXPIRED
旅芬大熊猫“华豹”“金宝宝”平安接返回国
https://new.qq.com/rain/a/20241123A05YU300

2024-11-24 04:01:07,619 - INFO - EXPIRED
广东反腐！去年以来，原厅长、原市长等50多名退休省管干部被查
https://new.qq.com/rain/a/20241123A05PL300

2024-11-24 04:01:07,619 - INFO - EXPIRED
贫困生在国内外多地旅游？浙江大学：不合理消费，取消受资助资格
https://new.qq.com/rain/a/20241123A058JQ00

2024-11-24 04:01:07,619 - INFO - EXPIRED
因逃避消防检查，广东潮州多条街道商铺关门？应急局：很多不实信息
https://new.qq.com/rain/a/20241123A03G8Z00

2024-11-24 04:01:07,619 - INFO - EXPIRED
车主该如何维权？损失谁来赔偿？
https://view.inews.qq.com/a/20241123Q03DTV00

2024-11-24 04:01:07,619 - INFO - EXPIRED
公安刑侦部门已介入！山东滨州一小区发生烟花爆炸致1人死亡
https://new.qq.com/rain/a/20241123A04VB900

2024-11-24 04:01:07,619 - INFO - EXPIRED
旺仔牛奶中疑发现异物，当事人：异物不像网传老鼠，没同意厂家一赔十
https://new.qq.com/rain/a/20241123A04ONL00

2024-11-24 04:01:07,619 - INFO - EXPIRED
70多辆小米SU7撞墙撞柱，这功能成熟吗？改完BUG能继续放心用吗？
https://view.inews.qq.com/a/20241123Q01K2D00

2024-11-24 04:01:07,619 - INFO - EXPIRED
旺仔牛奶中疑似喝出老鼠？“旺旺三公子”蔡旺庭：明显有人在搞事
https://new.qq.com/rain/a/20241123A042GZ00

2024-11-24 04:01:07,619 - INFO - EXPIRED
上万户村民停气数月：燃气公司野蛮发展，官方称力争春节前全恢复
https://new.qq.com/rain/a/20241122A09X4S00

2024-11-24 04:01:07,619 - INFO - EXPIRED
以后这种现象会越来越多吗？住海边该如何防范？
https://view.inews.qq.com/a/20241122Q0A0XM00

2024-11-24 04:01:07,619 - INFO - EXPIRED
山西一职中女教师被指出轨学生，学校通报：停课、调离教学岗位
https://new.qq.com/rain/a/20241123A0219W00

2024-11-24 04:01:07,619 - INFO - EXPIRED
为逃避检查，广东潮州大量商户关门停业、工厂放假？官方：个别商户
https://new.qq.com/rain/a/20241123A038VB00

2024-11-24 04:01:07,619 - INFO - EXPIRED
发射“无法击落”的“榛树”导弹，俄罗斯传递了什么信号
https://new.qq.com/rain/a/20241123A01P1J00

2024-11-24 04:01:07,619 - INFO - EXPIRED
外媒：欧洲议会议员称欧盟与中国即将就电动汽车进口关税达成协议
https://new.qq.com/rain/a/20241123A04AZN00

2024-11-24 04:01:07,619 - INFO - EXPIRED
“若内塔尼亚胡入境英国是否会被捕”？英首相发言人回应
https://new.qq.com/rain/a/20241123A01YPF00

2024-11-24 04:01:07,619 - INFO - EXPIRED
钟南山建议给肺“年检”，这是什么病？为什么这么普遍？
https://view.inews.qq.com/a/20241123Q017J300

2024-11-24 04:01:07,619 - INFO - EXPIRED
英伟达黄仁勋：机器人时代即将来临，毕业生正面临最好的时代
https://new.qq.com/rain/a/20241123A04E4100

2024-11-24 04:01:07,619 - INFO - EXPIRED
生母服刑生父患精神类疾病，监护人提交送养申请，民政部门发送养公告
https://new.qq.com/rain/a/20241122A09YWN00

2024-11-24 04:01:07,619 - INFO - EXPIRED
7家医院被国家医保局点名 有医院把腹部CT分成“上中下腹”收3次费
https://new.qq.com/rain/a/20241123A02F8A00

2024-11-24 04:01:07,619 - INFO - EXPIRED
患心脏病老人凑热闹领喜糖后跌倒死亡，家属向新人索赔14万，法院驳回
https://new.qq.com/rain/a/20241123A03HYX00

2024-11-24 04:01:07,619 - INFO - EXPIRED
军队提升至战备状态 朝鲜警告美国及其追随国家停止挑衅和敌对行动
https://new.qq.com/rain/a/20241123A01H8F00

2024-11-24 04:01:07,619 - INFO - EXPIRED
对话人大教授刘向东：中国式低价的两种叙事，“好低价、坏低价”
https://new.qq.com/rain/a/20241123A03II000

2024-11-24 04:01:07,619 - INFO - EXPIRED
美媒爆：以色列对叙空袭打死黎真主党一高级指挥官，后者曾帮助策划袭击驻伊拉克美军
https://new.qq.com/rain/a/20241123A02YL000

2024-11-24 04:01:07,619 - INFO - EXPIRED
对话｜王伟妻子阮国琴：孩子确是海军军官，但不是“81192”
https://new.qq.com/rain/a/20241123V017V300

2024-11-24 04:01:07,619 - INFO - EXPIRED
深圳奢侈品购买力爆发：拆迁户爱劳力士，富二代中学生买LV
https://new.qq.com/rain/a/20241123A01S4L00

2024-11-24 04:01:07,619 - INFO - EXPIRED
江苏无锡市委常委会会议专题研究安全稳定工作
https://new.qq.com/rain/a/20241123A02TWP00

2024-11-24 04:01:07,619 - INFO - EXPIRED
消费者称旺仔牛奶喝出异物否认“摆拍”，旺旺集团凌晨公告回应
https://new.qq.com/rain/a/20241123A02FNM00

2024-11-24 04:01:07,619 - INFO - EXPIRED
普京：“榛树”导弹将量产并列装战略导弹部队
https://new.qq.com/rain/a/20241123A01GVI00

2024-11-24 04:01:07,619 - INFO - EXPIRED
“有人抱三个孩子坐在大桥护栏上！”当地：小孩撤离，男子跳桥被救起
https://new.qq.com/rain/a/20241123A008Q500

2024-11-24 04:01:07,619 - INFO - EXPIRED
报复乌军对俄远程袭击、警告西方勿推冲突升级，俄用“榛树”导弹发出威慑信息
https://new.qq.com/rain/a/20241123A0111E00

2024-11-24 04:01:09,220 - ERROR - ERROR
乌军再用美制导弹袭俄，多地响起防空警报，泽连斯基称明年可停战
https://new.qq.com/rain/a/20241124V030SI00
('list index out of range',)
======
Traceback (most recent call last):
  File "/home/runner/work/qqnews/qqnews/qq.py", line 81, in process_article
    ss = str(tmpbs.select("div.LEFT div.content.clearfix")[0])
             ~~~~~~~~~~~~~~~~~~~~~~~~~~~~~~~~~~~~~~~~~~~~~^^^
IndexError: list index out of range


2024-11-24 04:01:09,235 - INFO - INVALID
海南一县委副书记被查：遭男子举报婚内出轨其妻子，曝光暧昧聊天截图
https://new.qq.com/rain/a/20241124A02ON000

2024-11-24 04:01:09,241 - INFO - INVALID
《柳叶刀》中风醒脑液双盲试验作者：没想过无效
https://new.qq.com/rain/a/20241124A031TO00

2024-11-24 04:01:09,314 - INFO - INVALID
驻加拿大使馆发言人就涉台问题答记者问
https://new.qq.com/rain/a/20241124A01DFI00

2024-11-24 04:01:09,319 - INFO - INVALID
三家银行正式获批解散！中小银行改革化险持续推进
https://new.qq.com/rain/a/20241124A01B7700

2024-11-24 04:01:09,818 - INFO - INVALID
俄罗斯：“可以但不寻求”使用核武器
https://new.qq.com/rain/a/20241124A02Z9U00

2024-11-24 04:01:09,855 - INFO - INVALID
前体操冠军当女主播，媒体：曾经风光无限的运动员，谋生也未见得容易
https://new.qq.com/rain/a/20241124A02NBQ00

2024-11-24 04:01:09,939 - INFO - INVALID
当过5年市政府秘书长、4年区委书记，朱国城被查
https://new.qq.com/rain/a/20241124A022P700

2024-11-24 04:01:09,942 - INFO - INVALID
俄称摧毁乌多种装备 乌称前线局势紧张
https://new.qq.com/rain/a/20241124A017H900

2024-11-24 04:01:10,319 - INFO - INVALID
博雷利：欧盟成员国不能选择性地执行国际刑事法院逮捕令
https://new.qq.com/rain/a/20241124A010FO00

2024-11-24 04:01:10,501 - INFO - INVALID
上海千万豪宅楼栋散发恶臭，业主需点熏香压制，夹层竟藏上万只蛆
https://new.qq.com/rain/a/20241124A025OP00

2024-11-24 04:01:10,580 - INFO - INVALID
菲律宾，开始摊牌了
https://new.qq.com/rain/a/20241124A01FU800

2024-11-24 04:01:10,700 - INFO - INVALID
加沙地带人道危机加剧：大饼店前民众苦等 饥饿家庭急剧增加
https://new.qq.com/rain/a/20241124A0237500

2024-11-24 04:01:11,027 - INFO - INVALID
女驴友坠崖身亡，救援队：事发地游客禁止进入，出事前已徒步六七小时
https://new.qq.com/rain/a/20241124A0279W00

2024-11-24 04:01:11,159 - INFO - INVALID
欧洲议会贸易委员会主席：中欧双方正接近达成解决方案，电动汽车关税有望取消
https://new.qq.com/rain/a/20241124A023OZ00

2024-11-24 04:01:11,163 - INFO - INVALID
数万个“央国企”工作岗位在短视频被售卖，有人被骗30万
https://new.qq.com/rain/a/20241124A01FPJ00

2024-11-24 04:01:11,182 - INFO - INVALID
保时捷拖欠货拉拉司机600元运费，还投诉导致封号？货拉拉：没有封号
https://new.qq.com/rain/a/20241124A02N2R00

2024-11-24 04:01:11,391 - INFO - INVALID
局地降温超16℃！下半年首场寒潮来袭，专家分析有三大特点
https://new.qq.com/rain/a/20241124A0258X00

2024-11-24 04:01:11,722 - INFO - INVALID
以色列驻约旦使馆附近发生枪击事件：一名枪手被打死，三名警察受伤
https://new.qq.com/rain/a/20241124A02DG700

2024-11-24 04:01:11,759 - INFO - INVALID
泽连斯基：俄乌冲突完全有可能在2025年结束
https://new.qq.com/rain/a/20241124A00R8P00

2024-11-24 04:01:11,877 - INFO - INVALID
涉嫌为委反对派领导人提供庇护 阿根廷驻委使馆遭委警察包围
https://new.qq.com/rain/a/20241124A01EOP00

2024-11-24 04:01:11,916 - INFO - INVALID
台湾花莲台南地区接连发生地震
https://new.qq.com/rain/a/20241124A01OZ800

2024-11-24 04:01:12,051 - INFO - INVALID
内蒙古通辽市霍林郭勒市发生4.3级地震
https://new.qq.com/rain/a/20241124A01JLR00

2024-11-24 05:00:51,896 - INFO - EXPIRED
司法部：排查婚姻家庭、欠资欠薪等矛盾纠纷，化解在基层和萌芽状态
https://new.qq.com/rain/a/20241123A089WN00

2024-11-24 05:00:51,896 - INFO - EXPIRED
武汉大学一视残学生在校6年 2次延毕仍难获得毕业证起诉学校 法院判了
https://new.qq.com/rain/a/20241123A073VP00

2024-11-24 05:00:51,896 - INFO - EXPIRED
要求员工不要彩礼、不靠父母买房引热议，于东来连发11条动态
https://new.qq.com/rain/a/20241123A078M700

2024-11-24 05:00:51,896 - INFO - EXPIRED
美元指数涨超108创近13个月新高，人民币承压，外贸企业该如何应对
https://new.qq.com/rain/a/20241123A01SA000

2024-11-24 05:00:51,896 - INFO - EXPIRED
贩婴案中亲生父母约占4成：父母收钱送养子女算拐卖吗
https://new.qq.com/rain/a/20241123A05H8600

2024-11-24 05:00:51,896 - INFO - EXPIRED
迪拜展出一块300公斤的金条，做这么重难在哪？为什么没有更重的？
https://view.inews.qq.com/a/20241123Q07VNG00

2024-11-24 05:00:51,896 - INFO - EXPIRED
内塔尼亚胡被发逮捕令 俄方也回应了 
https://new.qq.com/rain/a/20241123A05KOX00

2024-11-24 05:00:51,896 - INFO - EXPIRED
涉200家中国芯片公司，美国又要下黑手？！
https://new.qq.com/rain/a/20241123A07L5P00

2024-11-24 05:00:51,896 - INFO - EXPIRED
保时捷拖欠货拉拉司机运费还打人，且投诉导致对方封号？保时捷回应
https://new.qq.com/rain/a/20241123A05KAZ00

2024-11-24 05:00:51,897 - INFO - EXPIRED
暴瘦40斤、双眼近乎失明！14岁少女疑在“特训学校”被体罚致死
https://new.qq.com/rain/a/20241123V07QP200

2024-11-24 05:00:51,897 - INFO - EXPIRED
瑞士高校加强对中俄伊学生审查，被批违反“中立”原则
https://new.qq.com/rain/a/20241123A07TYD00

2024-11-24 05:00:51,897 - INFO - EXPIRED
“我从没感觉这么安全过” 港澳市民登上海南舰
https://new.qq.com/rain/a/20241123V07QKU00

2024-11-24 05:00:51,897 - INFO - EXPIRED
俄防长：已歼灭乌军最强部队
https://new.qq.com/rain/a/20241123A05ZKI00

2024-11-24 05:00:51,897 - INFO - EXPIRED
故意冲撞石山舰！中国海警通报：抓获违法嫌疑人17名
https://new.qq.com/rain/a/20241123A0848200

2024-11-24 05:00:51,897 - INFO - EXPIRED
拉美毒枭，劫了中国“金王”
https://new.qq.com/rain/a/20241123A076DC00

2024-11-24 05:00:51,897 - INFO - EXPIRED
前中国体操女队队员吴柳芳成“擦边主播”？奥运冠军管晨辰怒斥
https://new.qq.com/rain/a/20241123A06J0T00

2024-11-24 05:00:51,897 - INFO - EXPIRED
53岁网红湘妹子因胃癌晚期离世 儿子发声：离世前交代了身后事，走的时候不痛苦
https://new.qq.com/rain/a/20241123A060X000

2024-11-24 05:00:51,897 - INFO - EXPIRED
山东旺旺再回应“旺仔牛奶喝出异物”：已取样送检，初步判断不是老鼠
https://new.qq.com/rain/a/20241123A075AI00

2024-11-24 05:00:51,897 - INFO - EXPIRED
大运汽车宣布破产重整：曾推“中国版宾利”，员工称豪车梦拖垮企业
https://new.qq.com/rain/a/20241123A078CA00

2024-11-24 05:00:51,897 - INFO - EXPIRED
“假酒”中毒？6名外国游客三天内相继身亡，老挝外交部：正展开调查
https://new.qq.com/rain/a/20241123A06N9Y00

2024-11-24 05:00:51,897 - INFO - EXPIRED
女子在自家面馆身亡丈夫被起诉：案发前二人曾吵架，长辈上门调解
https://new.qq.com/rain/a/20241123A06Y2E00

2024-11-24 05:00:51,897 - INFO - EXPIRED
今冬羽绒服还能买吗？业内称全网上千家掺假售假，羽绒成本涨超30%
https://new.qq.com/rain/a/20241123A04IVL00

2024-11-24 05:00:51,897 - INFO - EXPIRED
拜登在夫人夸自己4年付出时泪洒白宫晚宴：担任美国总统是我一生荣幸
https://new.qq.com/rain/a/20241123V06U3X00

2024-11-24 05:00:51,897 - INFO - EXPIRED
华为定下鸿蒙生态新目标：未来半年到一年，10万个应用
https://new.qq.com/rain/a/20241123A06MEN00

2024-11-24 05:00:51,897 - INFO - EXPIRED
网友称从旺仔牛奶中喝出异物，这异物有可能是什么？会是哪个环节出的问题？
https://view.inews.qq.com/a/20241123Q05V5V00

2024-11-24 05:00:51,897 - INFO - EXPIRED
不考研的都去考公了？考研报名人数大跳水，国考报名人数却再创新高
https://new.qq.com/rain/a/20241123A07DFZ00

2024-11-24 05:00:51,897 - INFO - EXPIRED
入营后先后4次要求退役，19岁田某某被部队除名，不得录用为公务员
https://new.qq.com/rain/a/20241123A068ZK00

2024-11-24 05:00:51,897 - INFO - EXPIRED
分歧愈加公开！外媒：菲副总统自曝，如被害就找马科斯算账，菲总统方面回应
https://new.qq.com/rain/a/20241123A068U800

2024-11-24 05:00:51,897 - INFO - EXPIRED
健身房闭店七旬老人下跪讨要工资引关注 同门店员工：老人是保洁员
https://new.qq.com/rain/a/20241123A074PI00

2024-11-24 05:00:51,897 - INFO - EXPIRED
为何医生建议赶紧切？常做美甲会出毛病吗？
https://view.inews.qq.com/a/20241122Q0493000

2024-11-24 05:00:51,897 - INFO - EXPIRED
跨省婚介“产业”调查：“越是负债的女孩越容易成交”
https://new.qq.com/rain/a/20241123A04S3800

2024-11-24 05:00:51,897 - INFO - EXPIRED
“自始至终没说是老鼠！”曝光旺仔牛奶当事人晒异物新图呈片状，济南市监部门介入
https://new.qq.com/rain/a/20241123A05H7T00

2024-11-24 05:00:51,897 - INFO - EXPIRED
蔚来：针对网传公司与其他企业资本层面的谣言，已报警
https://new.qq.com/rain/a/20241123A070ZN00

2024-11-24 05:00:51,897 - INFO - EXPIRED
玻璃坠落致1名行人受伤，合肥银泰中心致歉：全面检查玻璃固定状况
https://new.qq.com/rain/a/20241123A0778W00

2024-11-24 05:00:51,897 - INFO - EXPIRED
涉华问题，立陶宛新总理最新表态
https://new.qq.com/rain/a/20241123A04IP700

2024-11-24 05:00:51,897 - INFO - EXPIRED
日媒透露：日本外相岩屋毅已在协调最快12月下旬首次访华
https://new.qq.com/rain/a/20241123A073I000

2024-11-24 05:00:51,897 - INFO - EXPIRED
寒潮步步“冰冻”将带来冷暖逆转 北方雨雪混杂局地雪强同期少见
https://new.qq.com/rain/a/20241123A0702K00

2024-11-24 05:00:51,897 - INFO - EXPIRED
最高法：对于重大恶性犯罪，必须依法从严从重惩处，及时审理宣判
https://new.qq.com/rain/a/20241123A06CPG00

2024-11-24 05:00:51,897 - INFO - EXPIRED
黄仁勋最新万字对话：英伟达十年内将计算边际成本降低至1/100万
https://new.qq.com/rain/a/20241123A0643P00

2024-11-24 05:00:51,897 - INFO - EXPIRED
市值管理重估央国企
https://new.qq.com/rain/a/20241123A04HMM00

2024-11-24 05:00:51,897 - INFO - EXPIRED
2008年被盗的元代古碑重新现身，这碑值钱吗？盗贼是咋想的？
https://view.inews.qq.com/a/20241123Q05CGW00

2024-11-24 05:00:51,897 - INFO - EXPIRED
这些城市的国际航班，没戏了？
https://new.qq.com/rain/a/20241123A03HXC00

2024-11-24 05:00:51,897 - INFO - EXPIRED
带高龄母亲酒店养老遭集体拉黑，当事人：母亲已离世，将起诉酒店维权
https://new.qq.com/rain/a/20241122A0A5I800

2024-11-24 05:00:51,897 - INFO - EXPIRED
男子实名举报县委副书记婚内出轨自己老婆 晒出暧昧聊天截图 多方回应
https://new.qq.com/rain/a/20241123A04VBR00

2024-11-24 05:00:51,897 - INFO - EXPIRED
墨西哥总统：我们不是中国产品进入美国和加拿大的“后门”
https://new.qq.com/rain/a/20241123A01C9R00

2024-11-24 05:00:51,897 - INFO - EXPIRED
牵扯“调查风暴”的量化大厂，紧急招聘合规人才
https://new.qq.com/rain/a/20241123A039BJ00

2024-11-24 05:00:51,897 - INFO - EXPIRED
旅芬大熊猫“华豹”“金宝宝”平安接返回国
https://new.qq.com/rain/a/20241123A05YU300

2024-11-24 05:00:51,897 - INFO - EXPIRED
广东反腐！去年以来，原厅长、原市长等50多名退休省管干部被查
https://new.qq.com/rain/a/20241123A05PL300

2024-11-24 05:00:51,897 - INFO - EXPIRED
贫困生在国内外多地旅游？浙江大学：不合理消费，取消受资助资格
https://new.qq.com/rain/a/20241123A058JQ00

2024-11-24 05:00:51,897 - INFO - EXPIRED
因逃避消防检查，广东潮州多条街道商铺关门？应急局：很多不实信息
https://new.qq.com/rain/a/20241123A03G8Z00

2024-11-24 05:00:51,897 - INFO - EXPIRED
车主该如何维权？损失谁来赔偿？
https://view.inews.qq.com/a/20241123Q03DTV00

2024-11-24 05:00:51,897 - INFO - EXPIRED
公安刑侦部门已介入！山东滨州一小区发生烟花爆炸致1人死亡
https://new.qq.com/rain/a/20241123A04VB900

2024-11-24 05:00:51,897 - INFO - EXPIRED
旺仔牛奶中疑发现异物，当事人：异物不像网传老鼠，没同意厂家一赔十
https://new.qq.com/rain/a/20241123A04ONL00

2024-11-24 05:00:51,897 - INFO - EXPIRED
70多辆小米SU7撞墙撞柱，这功能成熟吗？改完BUG能继续放心用吗？
https://view.inews.qq.com/a/20241123Q01K2D00

2024-11-24 05:00:51,897 - INFO - EXPIRED
旺仔牛奶中疑似喝出老鼠？“旺旺三公子”蔡旺庭：明显有人在搞事
https://new.qq.com/rain/a/20241123A042GZ00

2024-11-24 05:00:51,897 - INFO - EXPIRED
上万户村民停气数月：燃气公司野蛮发展，官方称力争春节前全恢复
https://new.qq.com/rain/a/20241122A09X4S00

2024-11-24 05:00:51,897 - INFO - EXPIRED
以后这种现象会越来越多吗？住海边该如何防范？
https://view.inews.qq.com/a/20241122Q0A0XM00

2024-11-24 05:00:51,897 - INFO - EXPIRED
山西一职中女教师被指出轨学生，学校通报：停课、调离教学岗位
https://new.qq.com/rain/a/20241123A0219W00

2024-11-24 05:00:51,897 - INFO - EXPIRED
为逃避检查，广东潮州大量商户关门停业、工厂放假？官方：个别商户
https://new.qq.com/rain/a/20241123A038VB00

2024-11-24 05:00:51,897 - INFO - EXPIRED
发射“无法击落”的“榛树”导弹，俄罗斯传递了什么信号
https://new.qq.com/rain/a/20241123A01P1J00

2024-11-24 05:00:51,897 - INFO - EXPIRED
外媒：欧洲议会议员称欧盟与中国即将就电动汽车进口关税达成协议
https://new.qq.com/rain/a/20241123A04AZN00

2024-11-24 05:00:51,897 - INFO - EXPIRED
“若内塔尼亚胡入境英国是否会被捕”？英首相发言人回应
https://new.qq.com/rain/a/20241123A01YPF00

2024-11-24 05:00:51,897 - INFO - EXPIRED
钟南山建议给肺“年检”，这是什么病？为什么这么普遍？
https://view.inews.qq.com/a/20241123Q017J300

2024-11-24 05:00:51,897 - INFO - EXPIRED
英伟达黄仁勋：机器人时代即将来临，毕业生正面临最好的时代
https://new.qq.com/rain/a/20241123A04E4100

2024-11-24 05:00:51,897 - INFO - EXPIRED
生母服刑生父患精神类疾病，监护人提交送养申请，民政部门发送养公告
https://new.qq.com/rain/a/20241122A09YWN00

2024-11-24 05:00:51,898 - INFO - EXPIRED
7家医院被国家医保局点名 有医院把腹部CT分成“上中下腹”收3次费
https://new.qq.com/rain/a/20241123A02F8A00

2024-11-24 05:00:51,898 - INFO - EXPIRED
患心脏病老人凑热闹领喜糖后跌倒死亡，家属向新人索赔14万，法院驳回
https://new.qq.com/rain/a/20241123A03HYX00

2024-11-24 05:00:51,898 - INFO - EXPIRED
军队提升至战备状态 朝鲜警告美国及其追随国家停止挑衅和敌对行动
https://new.qq.com/rain/a/20241123A01H8F00

2024-11-24 05:00:51,898 - INFO - EXPIRED
对话人大教授刘向东：中国式低价的两种叙事，“好低价、坏低价”
https://new.qq.com/rain/a/20241123A03II000

2024-11-24 05:00:51,898 - INFO - EXPIRED
美媒爆：以色列对叙空袭打死黎真主党一高级指挥官，后者曾帮助策划袭击驻伊拉克美军
https://new.qq.com/rain/a/20241123A02YL000

2024-11-24 05:00:51,898 - INFO - EXPIRED
对话｜王伟妻子阮国琴：孩子确是海军军官，但不是“81192”
https://new.qq.com/rain/a/20241123V017V300

2024-11-24 05:00:51,898 - INFO - EXPIRED
深圳奢侈品购买力爆发：拆迁户爱劳力士，富二代中学生买LV
https://new.qq.com/rain/a/20241123A01S4L00

2024-11-24 05:00:53,292 - INFO - INVALID
中国对日本恢复免签，石破茂回应
https://new.qq.com/rain/a/20241124A031IB00

2024-11-24 05:00:53,351 - INFO - INVALID
菲律宾，开始摊牌了
https://new.qq.com/rain/a/20241124A01FU800

2024-11-24 05:00:53,364 - INFO - INVALID
TikTok CEO已与马斯克沟通：寻求技术政策等意见
https://new.qq.com/rain/a/20241124A01XJ800

2024-11-24 05:00:53,369 - INFO - INVALID
派出所人员殴打学生？官方：接到该生欺凌其他学生警情，民警与其相遇
https://new.qq.com/rain/a/20241124A03HOU00

2024-11-24 05:00:53,374 - INFO - INVALID
前体操冠军当女主播，媒体：曾经风光无限的运动员，谋生也未见得容易
https://new.qq.com/rain/a/20241124A02NBQ00

2024-11-24 05:00:53,722 - INFO - INVALID
海南一县委副书记被查：遭男子举报婚内出轨其妻子，曝光暧昧聊天截图
https://new.qq.com/rain/a/20241124A02ON000

2024-11-24 05:00:53,798 - INFO - INVALID
外媒爆：特朗普正考虑设立俄乌冲突问题特使职位，或任命前情报局代理局长担任
https://new.qq.com/rain/a/20241124A032CG00

2024-11-24 05:00:53,869 - INFO - INVALID
为安抚货拉拉司机发生了推搡？媒体：安抚和推搡竟然能强行联系到一起
https://new.qq.com/rain/a/20241124A0367200

2024-11-24 05:00:53,874 - INFO - INVALID
三家银行正式获批解散！中小银行改革化险持续推进
https://new.qq.com/rain/a/20241124A01B7700

2024-11-24 05:00:53,959 - INFO - INVALID
《柳叶刀》中风醒脑液双盲试验作者：没想过无效
https://new.qq.com/rain/a/20241124A031TO00

2024-11-24 05:00:54,208 - ERROR - ERROR
乌军再用美制导弹袭俄，多地响起防空警报，泽连斯基称明年可停战
https://new.qq.com/rain/a/20241124V030SI00
('list index out of range',)
======
Traceback (most recent call last):
  File "/home/runner/work/qqnews/qqnews/qq.py", line 81, in process_article
    ss = str(tmpbs.select("div.LEFT div.content.clearfix")[0])
             ~~~~~~~~~~~~~~~~~~~~~~~~~~~~~~~~~~~~~~~~~~~~~^^^
IndexError: list index out of range


2024-11-24 05:00:54,285 - INFO - INVALID
俄罗斯：“可以但不寻求”使用核武器
https://new.qq.com/rain/a/20241124A02Z9U00

2024-11-24 05:00:54,313 - INFO - INVALID
博雷利：欧盟成员国不能选择性地执行国际刑事法院逮捕令
https://new.qq.com/rain/a/20241124A010FO00

2024-11-24 05:00:54,334 - INFO - INVALID
当过5年市政府秘书长、4年区委书记，朱国城被查
https://new.qq.com/rain/a/20241124A022P700

2024-11-24 05:00:54,391 - INFO - INVALID
上海千万豪宅楼栋散发恶臭，业主需点熏香压制，夹层竟藏上万只蛆
https://new.qq.com/rain/a/20241124A025OP00

2024-11-24 05:00:54,723 - INFO - INVALID
俄称摧毁乌多种装备 乌称前线局势紧张
https://new.qq.com/rain/a/20241124A017H900

2024-11-24 05:00:54,843 - INFO - INVALID
女驴友坠崖身亡，救援队：事发地游客禁止进入，出事前已徒步六七小时
https://new.qq.com/rain/a/20241124A0279W00

2024-11-24 05:00:54,859 - INFO - INVALID
驻加拿大使馆发言人就涉台问题答记者问
https://new.qq.com/rain/a/20241124A01DFI00

2024-11-24 05:00:54,911 - INFO - INVALID
加沙地带人道危机加剧：大饼店前民众苦等 饥饿家庭急剧增加
https://new.qq.com/rain/a/20241124A0237500

2024-11-24 05:00:54,967 - INFO - INVALID
数万个“央国企”工作岗位在短视频被售卖，有人被骗30万
https://new.qq.com/rain/a/20241124A01FPJ00

2024-11-24 05:00:55,201 - INFO - INVALID
保时捷拖欠货拉拉司机600元运费，还投诉导致封号？货拉拉：没有封号
https://new.qq.com/rain/a/20241124A02N2R00

2024-11-24 05:00:55,293 - INFO - INVALID
局地降温超16℃！下半年首场寒潮来袭，专家分析有三大特点
https://new.qq.com/rain/a/20241124A0258X00

2024-11-24 05:00:55,298 - INFO - INVALID
欧洲议会贸易委员会主席：中欧双方正接近达成解决方案，电动汽车关税有望取消
https://new.qq.com/rain/a/20241124A023OZ00

2024-11-24 05:00:55,359 - INFO - INVALID
以色列驻约旦使馆附近发生枪击事件：一名枪手被打死，三名警察受伤
https://new.qq.com/rain/a/20241124A02DG700

2024-11-24 05:00:55,414 - INFO - INVALID
泽连斯基：俄乌冲突完全有可能在2025年结束
https://new.qq.com/rain/a/20241124A00R8P00

2024-11-24 05:00:55,638 - INFO - INVALID
台湾花莲台南地区接连发生地震
https://new.qq.com/rain/a/20241124A01OZ800

2024-11-24 05:00:55,746 - INFO - INVALID
内蒙古通辽市霍林郭勒市发生4.3级地震
https://new.qq.com/rain/a/20241124A01JLR00

2024-11-24 05:00:55,819 - INFO - INVALID
涉嫌为委反对派领导人提供庇护 阿根廷驻委使馆遭委警察包围
https://new.qq.com/rain/a/20241124A01EOP00

