2026-06-27 00:05:55,514 - INFO - Total time taken: {'ret': 0, 'msg': 'success', 'data': None}
2026-06-27 00:05:55,514 - INFO - 'NoneType' object is not subscriptable
2026-06-27 00:05:55,515 - INFO - Traceback (most recent call last):
  File "/home/runner/work/qqnews/qqnews/qq.py", line 128, in main
    for i in qq1["data"]["list"]:
             ~~~~~~~~~~~^^^^^^^^
TypeError: 'NoneType' object is not subscriptable

2026-06-27 04:42:14,486 - INFO - Total time taken: {'ret': 0, 'msg': 'success', 'data': None}
2026-06-27 04:42:14,486 - INFO - 'NoneType' object is not subscriptable
2026-06-27 04:42:14,486 - INFO - Traceback (most recent call last):
  File "/home/runner/work/qqnews/qqnews/qq.py", line 128, in main
    for i in qq1["data"]["list"]:
             ~~~~~~~~~~~^^^^^^^^
TypeError: 'NoneType' object is not subscriptable

2026-06-27 07:41:33,446 - INFO - Total time taken: {'ret': 0, 'msg': 'success', 'data': None}
2026-06-27 07:41:33,447 - INFO - 'NoneType' object is not subscriptable
2026-06-27 07:41:33,447 - INFO - Traceback (most recent call last):
  File "/home/runner/work/qqnews/qqnews/qq.py", line 128, in main
    for i in qq1["data"]["list"]:
             ~~~~~~~~~~~^^^^^^^^
TypeError: 'NoneType' object is not subscriptable

2026-06-27 09:53:20,138 - INFO - Total time taken: {'ret': 0, 'msg': 'success', 'data': None}
2026-06-27 09:53:20,139 - INFO - 'NoneType' object is not subscriptable
2026-06-27 09:53:20,139 - INFO - Traceback (most recent call last):
  File "/home/runner/work/qqnews/qqnews/qq.py", line 128, in main
    for i in qq1["data"]["list"]:
             ~~~~~~~~~~~^^^^^^^^
TypeError: 'NoneType' object is not subscriptable

2026-06-27 11:16:57,174 - INFO - Total time taken: {'ret': 0, 'msg': 'success', 'data': None}
2026-06-27 11:16:57,174 - INFO - 'NoneType' object is not subscriptable
2026-06-27 11:16:57,175 - INFO - Traceback (most recent call last):
  File "/home/runner/work/qqnews/qqnews/qq.py", line 128, in main
    for i in qq1["data"]["list"]:
             ~~~~~~~~~~~^^^^^^^^
TypeError: 'NoneType' object is not subscriptable

2026-06-27 13:00:53,515 - INFO - Total time taken: {'ret': 0, 'msg': 'success', 'data': None}
2026-06-27 13:00:53,515 - INFO - 'NoneType' object is not subscriptable
2026-06-27 13:00:53,516 - INFO - Traceback (most recent call last):
  File "/home/runner/work/qqnews/qqnews/qq.py", line 128, in main
    for i in qq1["data"]["list"]:
             ~~~~~~~~~~~^^^^^^^^
TypeError: 'NoneType' object is not subscriptable

2026-06-27 15:06:01,081 - INFO - Total time taken: {'ret': 0, 'msg': 'success', 'data': None}
2026-06-27 15:06:01,082 - INFO - 'NoneType' object is not subscriptable
2026-06-27 15:06:01,082 - INFO - Traceback (most recent call last):
  File "/home/runner/work/qqnews/qqnews/qq.py", line 128, in main
    for i in qq1["data"]["list"]:
             ~~~~~~~~~~~^^^^^^^^
TypeError: 'NoneType' object is not subscriptable

2026-06-27 16:52:16,611 - INFO - Total time taken: {'ret': 0, 'msg': 'success', 'data': None}
2026-06-27 16:52:16,611 - INFO - 'NoneType' object is not subscriptable
2026-06-27 16:52:16,611 - INFO - Traceback (most recent call last):
  File "/home/runner/work/qqnews/qqnews/qq.py", line 128, in main
    for i in qq1["data"]["list"]:
             ~~~~~~~~~~~^^^^^^^^
TypeError: 'NoneType' object is not subscriptable

2026-06-27 17:52:22,967 - INFO - Total time taken: {'ret': 0, 'msg': 'success', 'data': None}
2026-06-27 17:52:22,967 - INFO - 'NoneType' object is not subscriptable
2026-06-27 17:52:22,967 - INFO - Traceback (most recent call last):
  File "/home/runner/work/qqnews/qqnews/qq.py", line 128, in main
    for i in qq1["data"]["list"]:
             ~~~~~~~~~~~^^^^^^^^
TypeError: 'NoneType' object is not subscriptable

2026-06-27 18:57:51,707 - INFO - Total time taken: {'ret': 0, 'msg': 'success', 'data': None}
2026-06-27 18:57:51,707 - INFO - 'NoneType' object is not subscriptable
2026-06-27 18:57:51,708 - INFO - Traceback (most recent call last):
  File "/home/runner/work/qqnews/qqnews/qq.py", line 128, in main
    for i in qq1["data"]["list"]:
             ~~~~~~~~~~~^^^^^^^^
TypeError: 'NoneType' object is not subscriptable

2026-06-27 20:04:27,267 - INFO - Total time taken: {'ret': 0, 'msg': 'success', 'data': None}
2026-06-27 20:04:27,267 - INFO - 'NoneType' object is not subscriptable
2026-06-27 20:04:27,267 - INFO - Traceback (most recent call last):
  File "/home/runner/work/qqnews/qqnews/qq.py", line 128, in main
    for i in qq1["data"]["list"]:
             ~~~~~~~~~~~^^^^^^^^
TypeError: 'NoneType' object is not subscriptable

