2026-02-10 01:07:26,350 - INFO - Total time taken: {'ret': 0, 'msg': 'success', 'data': None}
2026-02-10 01:07:26,351 - INFO - 'NoneType' object is not subscriptable
2026-02-10 01:07:26,351 - INFO - Traceback (most recent call last):
  File "/home/runner/work/qqnews/qqnews/qq.py", line 128, in main
    for i in qq1["data"]["list"]:
             ~~~~~~~~~~~^^^^^^^^
TypeError: 'NoneType' object is not subscriptable

2026-02-10 04:20:15,713 - INFO - Total time taken: {'ret': 0, 'msg': 'success', 'data': None}
2026-02-10 04:20:15,713 - INFO - 'NoneType' object is not subscriptable
2026-02-10 04:20:15,713 - INFO - Traceback (most recent call last):
  File "/home/runner/work/qqnews/qqnews/qq.py", line 128, in main
    for i in qq1["data"]["list"]:
             ~~~~~~~~~~~^^^^^^^^
TypeError: 'NoneType' object is not subscriptable

2026-02-10 06:03:52,754 - INFO - Total time taken: {'ret': 0, 'msg': 'success', 'data': None}
2026-02-10 06:03:52,754 - INFO - 'NoneType' object is not subscriptable
2026-02-10 06:03:52,754 - INFO - Traceback (most recent call last):
  File "/home/runner/work/qqnews/qqnews/qq.py", line 128, in main
    for i in qq1["data"]["list"]:
             ~~~~~~~~~~~^^^^^^^^
TypeError: 'NoneType' object is not subscriptable

2026-02-10 07:48:50,146 - INFO - Total time taken: {'ret': 0, 'msg': 'success', 'data': None}
2026-02-10 07:48:50,147 - INFO - 'NoneType' object is not subscriptable
2026-02-10 07:48:50,147 - INFO - Traceback (most recent call last):
  File "/home/runner/work/qqnews/qqnews/qq.py", line 128, in main
    for i in qq1["data"]["list"]:
             ~~~~~~~~~~~^^^^^^^^
TypeError: 'NoneType' object is not subscriptable

2026-02-10 08:35:13,078 - INFO - Total time taken: {'ret': 0, 'msg': 'success', 'data': None}
2026-02-10 08:35:13,079 - INFO - 'NoneType' object is not subscriptable
2026-02-10 08:35:13,079 - INFO - Traceback (most recent call last):
  File "/home/runner/work/qqnews/qqnews/qq.py", line 128, in main
    for i in qq1["data"]["list"]:
             ~~~~~~~~~~~^^^^^^^^
TypeError: 'NoneType' object is not subscriptable

2026-02-10 09:45:36,584 - INFO - Total time taken: {'ret': 0, 'msg': 'success', 'data': None}
2026-02-10 09:45:36,585 - INFO - 'NoneType' object is not subscriptable
2026-02-10 09:45:36,585 - INFO - Traceback (most recent call last):
  File "/home/runner/work/qqnews/qqnews/qq.py", line 128, in main
    for i in qq1["data"]["list"]:
             ~~~~~~~~~~~^^^^^^^^
TypeError: 'NoneType' object is not subscriptable

2026-02-10 10:40:47,046 - INFO - Total time taken: {'ret': 0, 'msg': 'success', 'data': None}
2026-02-10 10:40:47,046 - INFO - 'NoneType' object is not subscriptable
2026-02-10 10:40:47,046 - INFO - Traceback (most recent call last):
  File "/home/runner/work/qqnews/qqnews/qq.py", line 128, in main
    for i in qq1["data"]["list"]:
             ~~~~~~~~~~~^^^^^^^^
TypeError: 'NoneType' object is not subscriptable

2026-02-10 11:39:47,885 - INFO - Total time taken: {'ret': 0, 'msg': 'success', 'data': None}
2026-02-10 11:39:47,885 - INFO - 'NoneType' object is not subscriptable
2026-02-10 11:39:47,885 - INFO - Traceback (most recent call last):
  File "/home/runner/work/qqnews/qqnews/qq.py", line 128, in main
    for i in qq1["data"]["list"]:
             ~~~~~~~~~~~^^^^^^^^
TypeError: 'NoneType' object is not subscriptable

2026-02-10 12:40:02,451 - INFO - Total time taken: {'ret': 0, 'msg': 'success', 'data': None}
2026-02-10 12:40:02,452 - INFO - 'NoneType' object is not subscriptable
2026-02-10 12:40:02,452 - INFO - Traceback (most recent call last):
  File "/home/runner/work/qqnews/qqnews/qq.py", line 128, in main
    for i in qq1["data"]["list"]:
             ~~~~~~~~~~~^^^^^^^^
TypeError: 'NoneType' object is not subscriptable

2026-02-10 14:13:23,870 - INFO - Total time taken: {'ret': 0, 'msg': 'success', 'data': None}
2026-02-10 14:13:23,871 - INFO - 'NoneType' object is not subscriptable
2026-02-10 14:13:23,871 - INFO - Traceback (most recent call last):
  File "/home/runner/work/qqnews/qqnews/qq.py", line 128, in main
    for i in qq1["data"]["list"]:
             ~~~~~~~~~~~^^^^^^^^
TypeError: 'NoneType' object is not subscriptable

2026-02-10 15:53:20,390 - INFO - Total time taken: {'ret': 0, 'msg': 'success', 'data': None}
2026-02-10 15:53:20,391 - INFO - 'NoneType' object is not subscriptable
2026-02-10 15:53:20,391 - INFO - Traceback (most recent call last):
  File "/home/runner/work/qqnews/qqnews/qq.py", line 128, in main
    for i in qq1["data"]["list"]:
             ~~~~~~~~~~~^^^^^^^^
TypeError: 'NoneType' object is not subscriptable

2026-02-10 16:48:49,248 - INFO - Total time taken: {'ret': 0, 'msg': 'success', 'data': None}
2026-02-10 16:48:49,248 - INFO - 'NoneType' object is not subscriptable
2026-02-10 16:48:49,248 - INFO - Traceback (most recent call last):
  File "/home/runner/work/qqnews/qqnews/qq.py", line 128, in main
    for i in qq1["data"]["list"]:
             ~~~~~~~~~~~^^^^^^^^
TypeError: 'NoneType' object is not subscriptable

2026-02-10 17:51:01,719 - INFO - Total time taken: {'ret': 0, 'msg': 'success', 'data': None}
2026-02-10 17:51:01,719 - INFO - 'NoneType' object is not subscriptable
2026-02-10 17:51:01,720 - INFO - Traceback (most recent call last):
  File "/home/runner/work/qqnews/qqnews/qq.py", line 128, in main
    for i in qq1["data"]["list"]:
             ~~~~~~~~~~~^^^^^^^^
TypeError: 'NoneType' object is not subscriptable

2026-02-10 18:46:31,842 - INFO - Total time taken: {'ret': 0, 'msg': 'success', 'data': None}
2026-02-10 18:46:31,842 - INFO - 'NoneType' object is not subscriptable
2026-02-10 18:46:31,843 - INFO - Traceback (most recent call last):
  File "/home/runner/work/qqnews/qqnews/qq.py", line 128, in main
    for i in qq1["data"]["list"]:
             ~~~~~~~~~~~^^^^^^^^
TypeError: 'NoneType' object is not subscriptable

2026-02-10 19:52:26,501 - INFO - Total time taken: {'ret': 0, 'msg': 'success', 'data': None}
2026-02-10 19:52:26,502 - INFO - 'NoneType' object is not subscriptable
2026-02-10 19:52:26,502 - INFO - Traceback (most recent call last):
  File "/home/runner/work/qqnews/qqnews/qq.py", line 128, in main
    for i in qq1["data"]["list"]:
             ~~~~~~~~~~~^^^^^^^^
TypeError: 'NoneType' object is not subscriptable

2026-02-10 20:31:45,164 - INFO - Total time taken: {'ret': 0, 'msg': 'success', 'data': None}
2026-02-10 20:31:45,165 - INFO - 'NoneType' object is not subscriptable
2026-02-10 20:31:45,165 - INFO - Traceback (most recent call last):
  File "/home/runner/work/qqnews/qqnews/qq.py", line 128, in main
    for i in qq1["data"]["list"]:
             ~~~~~~~~~~~^^^^^^^^
TypeError: 'NoneType' object is not subscriptable

2026-02-10 21:30:50,705 - INFO - Total time taken: {'ret': 0, 'msg': 'success', 'data': None}
2026-02-10 21:30:50,705 - INFO - 'NoneType' object is not subscriptable
2026-02-10 21:30:50,705 - INFO - Traceback (most recent call last):
  File "/home/runner/work/qqnews/qqnews/qq.py", line 128, in main
    for i in qq1["data"]["list"]:
             ~~~~~~~~~~~^^^^^^^^
TypeError: 'NoneType' object is not subscriptable

2026-02-10 22:26:39,072 - INFO - Total time taken: {'ret': 0, 'msg': 'success', 'data': None}
2026-02-10 22:26:39,072 - INFO - 'NoneType' object is not subscriptable
2026-02-10 22:26:39,072 - INFO - Traceback (most recent call last):
  File "/home/runner/work/qqnews/qqnews/qq.py", line 128, in main
    for i in qq1["data"]["list"]:
             ~~~~~~~~~~~^^^^^^^^
TypeError: 'NoneType' object is not subscriptable

2026-02-10 23:27:42,551 - INFO - Total time taken: {'ret': 0, 'msg': 'success', 'data': None}
2026-02-10 23:27:42,551 - INFO - 'NoneType' object is not subscriptable
2026-02-10 23:27:42,552 - INFO - Traceback (most recent call last):
  File "/home/runner/work/qqnews/qqnews/qq.py", line 128, in main
    for i in qq1["data"]["list"]:
             ~~~~~~~~~~~^^^^^^^^
TypeError: 'NoneType' object is not subscriptable

