2026-03-22 01:00:31,049 - INFO - Total time taken: {'ret': 0, 'msg': 'success', 'data': None}
2026-03-22 01:00:31,049 - INFO - 'NoneType' object is not subscriptable
2026-03-22 01:00:31,049 - INFO - Traceback (most recent call last):
  File "/home/runner/work/qqnews/qqnews/qq.py", line 128, in main
    for i in qq1["data"]["list"]:
             ~~~~~~~~~~~^^^^^^^^
TypeError: 'NoneType' object is not subscriptable

2026-03-22 03:38:18,763 - INFO - Total time taken: {'ret': 0, 'msg': 'success', 'data': None}
2026-03-22 03:38:18,764 - INFO - 'NoneType' object is not subscriptable
2026-03-22 03:38:18,764 - INFO - Traceback (most recent call last):
  File "/home/runner/work/qqnews/qqnews/qq.py", line 128, in main
    for i in qq1["data"]["list"]:
             ~~~~~~~~~~~^^^^^^^^
TypeError: 'NoneType' object is not subscriptable

2026-03-22 05:14:01,474 - INFO - Total time taken: {'ret': 0, 'msg': 'success', 'data': None}
2026-03-22 05:14:01,474 - INFO - 'NoneType' object is not subscriptable
2026-03-22 05:14:01,475 - INFO - Traceback (most recent call last):
  File "/home/runner/work/qqnews/qqnews/qq.py", line 128, in main
    for i in qq1["data"]["list"]:
             ~~~~~~~~~~~^^^^^^^^
TypeError: 'NoneType' object is not subscriptable

2026-03-22 06:34:37,543 - INFO - Total time taken: {'ret': 0, 'msg': 'success', 'data': None}
2026-03-22 06:34:37,543 - INFO - 'NoneType' object is not subscriptable
2026-03-22 06:34:37,544 - INFO - Traceback (most recent call last):
  File "/home/runner/work/qqnews/qqnews/qq.py", line 128, in main
    for i in qq1["data"]["list"]:
             ~~~~~~~~~~~^^^^^^^^
TypeError: 'NoneType' object is not subscriptable

2026-03-22 07:30:15,046 - INFO - Total time taken: {'ret': 0, 'msg': 'success', 'data': None}
2026-03-22 07:30:15,046 - INFO - 'NoneType' object is not subscriptable
2026-03-22 07:30:15,046 - INFO - Traceback (most recent call last):
  File "/home/runner/work/qqnews/qqnews/qq.py", line 128, in main
    for i in qq1["data"]["list"]:
             ~~~~~~~~~~~^^^^^^^^
TypeError: 'NoneType' object is not subscriptable

2026-03-22 09:19:52,057 - INFO - Total time taken: {'ret': 0, 'msg': 'success', 'data': None}
2026-03-22 09:19:52,057 - INFO - 'NoneType' object is not subscriptable
2026-03-22 09:19:52,057 - INFO - Traceback (most recent call last):
  File "/home/runner/work/qqnews/qqnews/qq.py", line 128, in main
    for i in qq1["data"]["list"]:
             ~~~~~~~~~~~^^^^^^^^
TypeError: 'NoneType' object is not subscriptable

