2025-11-23 00:47:22,017 - INFO - Total time taken: {'ret': 0, 'msg': 'success', 'data': None}
2025-11-23 00:47:22,017 - INFO - 'NoneType' object is not subscriptable
2025-11-23 00:47:22,018 - INFO - Traceback (most recent call last):
  File "/home/runner/work/qqnews/qqnews/qq.py", line 128, in main
    for i in qq1["data"]["list"]:
             ~~~~~~~~~~~^^^^^^^^
TypeError: 'NoneType' object is not subscriptable

2025-11-23 02:50:39,092 - INFO - Total time taken: {'ret': 0, 'msg': 'success', 'data': None}
2025-11-23 02:50:39,092 - INFO - 'NoneType' object is not subscriptable
2025-11-23 02:50:39,092 - INFO - Traceback (most recent call last):
  File "/home/runner/work/qqnews/qqnews/qq.py", line 128, in main
    for i in qq1["data"]["list"]:
             ~~~~~~~~~~~^^^^^^^^
TypeError: 'NoneType' object is not subscriptable

2025-11-23 03:51:06,700 - INFO - Total time taken: {'ret': 0, 'msg': 'success', 'data': None}
2025-11-23 03:51:06,701 - INFO - 'NoneType' object is not subscriptable
2025-11-23 03:51:06,701 - INFO - Traceback (most recent call last):
  File "/home/runner/work/qqnews/qqnews/qq.py", line 128, in main
    for i in qq1["data"]["list"]:
             ~~~~~~~~~~~^^^^^^^^
TypeError: 'NoneType' object is not subscriptable

2025-11-23 04:23:07,356 - INFO - Total time taken: {'ret': 0, 'msg': 'success', 'data': None}
2025-11-23 04:23:07,356 - INFO - 'NoneType' object is not subscriptable
2025-11-23 04:23:07,356 - INFO - Traceback (most recent call last):
  File "/home/runner/work/qqnews/qqnews/qq.py", line 128, in main
    for i in qq1["data"]["list"]:
             ~~~~~~~~~~~^^^^^^^^
TypeError: 'NoneType' object is not subscriptable

2025-11-23 05:01:33,638 - INFO - Total time taken: {'ret': 0, 'msg': 'success', 'data': None}
2025-11-23 05:01:33,638 - INFO - 'NoneType' object is not subscriptable
2025-11-23 05:01:33,639 - INFO - Traceback (most recent call last):
  File "/home/runner/work/qqnews/qqnews/qq.py", line 128, in main
    for i in qq1["data"]["list"]:
             ~~~~~~~~~~~^^^^^^^^
TypeError: 'NoneType' object is not subscriptable

