2026-03-14 00:54:49,510 - INFO - Total time taken: {'ret': 0, 'msg': 'success', 'data': None}
2026-03-14 00:54:49,511 - INFO - 'NoneType' object is not subscriptable
2026-03-14 00:54:49,511 - INFO - Traceback (most recent call last):
  File "/home/runner/work/qqnews/qqnews/qq.py", line 128, in main
    for i in qq1["data"]["list"]:
             ~~~~~~~~~~~^^^^^^^^
TypeError: 'NoneType' object is not subscriptable

2026-03-14 03:18:04,638 - INFO - Total time taken: {'ret': 0, 'msg': 'success', 'data': None}
2026-03-14 03:18:04,638 - INFO - 'NoneType' object is not subscriptable
2026-03-14 03:18:04,639 - INFO - Traceback (most recent call last):
  File "/home/runner/work/qqnews/qqnews/qq.py", line 128, in main
    for i in qq1["data"]["list"]:
             ~~~~~~~~~~~^^^^^^^^
TypeError: 'NoneType' object is not subscriptable

2026-03-14 05:04:37,329 - INFO - Total time taken: {'ret': 0, 'msg': 'success', 'data': None}
2026-03-14 05:04:37,329 - INFO - 'NoneType' object is not subscriptable
2026-03-14 05:04:37,329 - INFO - Traceback (most recent call last):
  File "/home/runner/work/qqnews/qqnews/qq.py", line 128, in main
    for i in qq1["data"]["list"]:
             ~~~~~~~~~~~^^^^^^^^
TypeError: 'NoneType' object is not subscriptable

2026-03-14 06:30:27,885 - INFO - Total time taken: {'ret': 0, 'msg': 'success', 'data': None}
2026-03-14 06:30:27,885 - INFO - 'NoneType' object is not subscriptable
2026-03-14 06:30:27,886 - INFO - Traceback (most recent call last):
  File "/home/runner/work/qqnews/qqnews/qq.py", line 128, in main
    for i in qq1["data"]["list"]:
             ~~~~~~~~~~~^^^^^^^^
TypeError: 'NoneType' object is not subscriptable

2026-03-14 07:26:51,176 - INFO - Total time taken: {'ret': 0, 'msg': 'success', 'data': None}
2026-03-14 07:26:51,177 - INFO - 'NoneType' object is not subscriptable
2026-03-14 07:26:51,177 - INFO - Traceback (most recent call last):
  File "/home/runner/work/qqnews/qqnews/qq.py", line 128, in main
    for i in qq1["data"]["list"]:
             ~~~~~~~~~~~^^^^^^^^
TypeError: 'NoneType' object is not subscriptable

