2026-01-23 00:45:58,134 - INFO - Total time taken: {'ret': 0, 'msg': 'success', 'data': None}
2026-01-23 00:45:58,134 - INFO - 'NoneType' object is not subscriptable
2026-01-23 00:45:58,135 - INFO - Traceback (most recent call last):
  File "/home/runner/work/qqnews/qqnews/qq.py", line 128, in main
    for i in qq1["data"]["list"]:
             ~~~~~~~~~~~^^^^^^^^
TypeError: 'NoneType' object is not subscriptable

2026-01-23 02:53:09,656 - INFO - Total time taken: {'ret': 0, 'msg': 'success', 'data': None}
2026-01-23 02:53:09,656 - INFO - 'NoneType' object is not subscriptable
2026-01-23 02:53:09,656 - INFO - Traceback (most recent call last):
  File "/home/runner/work/qqnews/qqnews/qq.py", line 128, in main
    for i in qq1["data"]["list"]:
             ~~~~~~~~~~~^^^^^^^^
TypeError: 'NoneType' object is not subscriptable

2026-01-23 03:58:45,276 - INFO - Total time taken: {'ret': 0, 'msg': 'success', 'data': None}
2026-01-23 03:58:45,277 - INFO - 'NoneType' object is not subscriptable
2026-01-23 03:58:45,277 - INFO - Traceback (most recent call last):
  File "/home/runner/work/qqnews/qqnews/qq.py", line 128, in main
    for i in qq1["data"]["list"]:
             ~~~~~~~~~~~^^^^^^^^
TypeError: 'NoneType' object is not subscriptable

2026-01-23 04:38:25,110 - INFO - Total time taken: {'ret': 0, 'msg': 'success', 'data': None}
2026-01-23 04:38:25,111 - INFO - 'NoneType' object is not subscriptable
2026-01-23 04:38:25,111 - INFO - Traceback (most recent call last):
  File "/home/runner/work/qqnews/qqnews/qq.py", line 128, in main
    for i in qq1["data"]["list"]:
             ~~~~~~~~~~~^^^^^^^^
TypeError: 'NoneType' object is not subscriptable

