2025-11-11 00:41:50,953 - INFO - Total time taken: {'ret': 0, 'msg': 'success', 'data': None}
2025-11-11 00:41:50,954 - INFO - 'NoneType' object is not subscriptable
2025-11-11 00:41:50,954 - INFO - Traceback (most recent call last):
  File "/home/runner/work/qqnews/qqnews/qq.py", line 128, in main
    for i in qq1["data"]["list"]:
             ~~~~~~~~~~~^^^^^^^^
TypeError: 'NoneType' object is not subscriptable

2025-11-11 02:25:54,681 - INFO - Total time taken: {'ret': 0, 'msg': 'success', 'data': None}
2025-11-11 02:25:54,682 - INFO - 'NoneType' object is not subscriptable
2025-11-11 02:25:54,682 - INFO - Traceback (most recent call last):
  File "/home/runner/work/qqnews/qqnews/qq.py", line 128, in main
    for i in qq1["data"]["list"]:
             ~~~~~~~~~~~^^^^^^^^
TypeError: 'NoneType' object is not subscriptable

2025-11-11 03:39:09,310 - INFO - Total time taken: {'ret': 0, 'msg': 'success', 'data': None}
2025-11-11 03:39:09,310 - INFO - 'NoneType' object is not subscriptable
2025-11-11 03:39:09,311 - INFO - Traceback (most recent call last):
  File "/home/runner/work/qqnews/qqnews/qq.py", line 128, in main
    for i in qq1["data"]["list"]:
             ~~~~~~~~~~~^^^^^^^^
TypeError: 'NoneType' object is not subscriptable

