2026-03-28 00:59:07,520 - INFO - Total time taken: {'ret': 0, 'msg': 'success', 'data': None}
2026-03-28 00:59:07,520 - INFO - 'NoneType' object is not subscriptable
2026-03-28 00:59:07,521 - INFO - Traceback (most recent call last):
  File "/home/runner/work/qqnews/qqnews/qq.py", line 128, in main
    for i in qq1["data"]["list"]:
             ~~~~~~~~~~~^^^^^^^^
TypeError: 'NoneType' object is not subscriptable

2026-03-28 03:33:17,002 - INFO - Total time taken: {'ret': 0, 'msg': 'success', 'data': None}
2026-03-28 03:33:17,002 - INFO - 'NoneType' object is not subscriptable
2026-03-28 03:33:17,002 - INFO - Traceback (most recent call last):
  File "/home/runner/work/qqnews/qqnews/qq.py", line 128, in main
    for i in qq1["data"]["list"]:
             ~~~~~~~~~~~^^^^^^^^
TypeError: 'NoneType' object is not subscriptable

2026-03-28 05:15:59,462 - INFO - Total time taken: {'ret': 0, 'msg': 'success', 'data': None}
2026-03-28 05:15:59,462 - INFO - 'NoneType' object is not subscriptable
2026-03-28 05:15:59,462 - INFO - Traceback (most recent call last):
  File "/home/runner/work/qqnews/qqnews/qq.py", line 128, in main
    for i in qq1["data"]["list"]:
             ~~~~~~~~~~~^^^^^^^^
TypeError: 'NoneType' object is not subscriptable

2026-03-28 06:41:05,495 - INFO - Total time taken: {'ret': 0, 'msg': 'success', 'data': None}
2026-03-28 06:41:05,495 - INFO - 'NoneType' object is not subscriptable
2026-03-28 06:41:05,496 - INFO - Traceback (most recent call last):
  File "/home/runner/work/qqnews/qqnews/qq.py", line 128, in main
    for i in qq1["data"]["list"]:
             ~~~~~~~~~~~^^^^^^^^
TypeError: 'NoneType' object is not subscriptable

2026-03-28 07:36:11,474 - INFO - Total time taken: {'ret': 0, 'msg': 'success', 'data': None}
2026-03-28 07:36:11,474 - INFO - 'NoneType' object is not subscriptable
2026-03-28 07:36:11,475 - INFO - Traceback (most recent call last):
  File "/home/runner/work/qqnews/qqnews/qq.py", line 128, in main
    for i in qq1["data"]["list"]:
             ~~~~~~~~~~~^^^^^^^^
TypeError: 'NoneType' object is not subscriptable

2026-03-28 08:24:16,324 - INFO - Total time taken: {'ret': 0, 'msg': 'success', 'data': None}
2026-03-28 08:24:16,324 - INFO - 'NoneType' object is not subscriptable
2026-03-28 08:24:16,325 - INFO - Traceback (most recent call last):
  File "/home/runner/work/qqnews/qqnews/qq.py", line 128, in main
    for i in qq1["data"]["list"]:
             ~~~~~~~~~~~^^^^^^^^
TypeError: 'NoneType' object is not subscriptable

2026-03-28 09:24:05,890 - INFO - Total time taken: {'ret': 0, 'msg': 'success', 'data': None}
2026-03-28 09:24:05,891 - INFO - 'NoneType' object is not subscriptable
2026-03-28 09:24:05,891 - INFO - Traceback (most recent call last):
  File "/home/runner/work/qqnews/qqnews/qq.py", line 128, in main
    for i in qq1["data"]["list"]:
             ~~~~~~~~~~~^^^^^^^^
TypeError: 'NoneType' object is not subscriptable

2026-03-28 10:18:55,821 - INFO - Total time taken: {'ret': 0, 'msg': 'success', 'data': None}
2026-03-28 10:18:55,822 - INFO - 'NoneType' object is not subscriptable
2026-03-28 10:18:55,822 - INFO - Traceback (most recent call last):
  File "/home/runner/work/qqnews/qqnews/qq.py", line 128, in main
    for i in qq1["data"]["list"]:
             ~~~~~~~~~~~^^^^^^^^
TypeError: 'NoneType' object is not subscriptable

2026-03-28 11:16:44,575 - INFO - Total time taken: {'ret': 0, 'msg': 'success', 'data': None}
2026-03-28 11:16:44,575 - INFO - 'NoneType' object is not subscriptable
2026-03-28 11:16:44,576 - INFO - Traceback (most recent call last):
  File "/home/runner/work/qqnews/qqnews/qq.py", line 128, in main
    for i in qq1["data"]["list"]:
             ~~~~~~~~~~~^^^^^^^^
TypeError: 'NoneType' object is not subscriptable

2026-03-28 12:24:53,260 - INFO - Total time taken: {'ret': 0, 'msg': 'success', 'data': None}
2026-03-28 12:24:53,261 - INFO - 'NoneType' object is not subscriptable
2026-03-28 12:24:53,261 - INFO - Traceback (most recent call last):
  File "/home/runner/work/qqnews/qqnews/qq.py", line 128, in main
    for i in qq1["data"]["list"]:
             ~~~~~~~~~~~^^^^^^^^
TypeError: 'NoneType' object is not subscriptable

2026-03-28 13:40:57,622 - INFO - Total time taken: {'ret': 0, 'msg': 'success', 'data': None}
2026-03-28 13:40:57,622 - INFO - 'NoneType' object is not subscriptable
2026-03-28 13:40:57,623 - INFO - Traceback (most recent call last):
  File "/home/runner/work/qqnews/qqnews/qq.py", line 128, in main
    for i in qq1["data"]["list"]:
             ~~~~~~~~~~~^^^^^^^^
TypeError: 'NoneType' object is not subscriptable

2026-03-28 14:20:31,269 - INFO - Total time taken: {'ret': 0, 'msg': 'success', 'data': None}
2026-03-28 14:20:31,270 - INFO - 'NoneType' object is not subscriptable
2026-03-28 14:20:31,270 - INFO - Traceback (most recent call last):
  File "/home/runner/work/qqnews/qqnews/qq.py", line 128, in main
    for i in qq1["data"]["list"]:
             ~~~~~~~~~~~^^^^^^^^
TypeError: 'NoneType' object is not subscriptable

2026-03-28 15:18:08,325 - INFO - Total time taken: {'ret': 0, 'msg': 'success', 'data': None}
2026-03-28 15:18:08,325 - INFO - 'NoneType' object is not subscriptable
2026-03-28 15:18:08,326 - INFO - Traceback (most recent call last):
  File "/home/runner/work/qqnews/qqnews/qq.py", line 128, in main
    for i in qq1["data"]["list"]:
             ~~~~~~~~~~~^^^^^^^^
TypeError: 'NoneType' object is not subscriptable

2026-03-28 16:18:27,912 - INFO - Total time taken: {'ret': 0, 'msg': 'success', 'data': None}
2026-03-28 16:18:27,912 - INFO - 'NoneType' object is not subscriptable
2026-03-28 16:18:27,913 - INFO - Traceback (most recent call last):
  File "/home/runner/work/qqnews/qqnews/qq.py", line 128, in main
    for i in qq1["data"]["list"]:
             ~~~~~~~~~~~^^^^^^^^
TypeError: 'NoneType' object is not subscriptable

2026-03-28 17:18:11,967 - INFO - Total time taken: {'ret': 0, 'msg': 'success', 'data': None}
2026-03-28 17:18:11,967 - INFO - 'NoneType' object is not subscriptable
2026-03-28 17:18:11,968 - INFO - Traceback (most recent call last):
  File "/home/runner/work/qqnews/qqnews/qq.py", line 128, in main
    for i in qq1["data"]["list"]:
             ~~~~~~~~~~~^^^^^^^^
TypeError: 'NoneType' object is not subscriptable

