2025-06-21 00:41:15,472 - INFO - Total time taken: {'ret': 0, 'msg': 'success', 'data': None}
2025-06-21 00:41:15,472 - INFO - 'NoneType' object is not subscriptable
2025-06-21 00:41:15,472 - INFO - Traceback (most recent call last):
  File "/home/runner/work/qqnews/qqnews/qq.py", line 128, in main
    for i in qq1["data"]["list"]:
             ~~~~~~~~~~~^^^^^^^^
TypeError: 'NoneType' object is not subscriptable

2025-06-21 02:27:36,407 - INFO - Total time taken: {'ret': 0, 'msg': 'success', 'data': None}
2025-06-21 02:27:36,407 - INFO - 'NoneType' object is not subscriptable
2025-06-21 02:27:36,408 - INFO - Traceback (most recent call last):
  File "/home/runner/work/qqnews/qqnews/qq.py", line 128, in main
    for i in qq1["data"]["list"]:
             ~~~~~~~~~~~^^^^^^^^
TypeError: 'NoneType' object is not subscriptable

2025-06-21 03:38:06,305 - INFO - Total time taken: {'ret': 0, 'msg': 'success', 'data': None}
2025-06-21 03:38:06,305 - INFO - 'NoneType' object is not subscriptable
2025-06-21 03:38:06,305 - INFO - Traceback (most recent call last):
  File "/home/runner/work/qqnews/qqnews/qq.py", line 128, in main
    for i in qq1["data"]["list"]:
             ~~~~~~~~~~~^^^^^^^^
TypeError: 'NoneType' object is not subscriptable

