2026-06-21 02:09:31,716 - INFO - Total time taken: {'ret': 0, 'msg': 'success', 'data': None}
2026-06-21 02:09:31,717 - INFO - 'NoneType' object is not subscriptable
2026-06-21 02:09:31,717 - INFO - Traceback (most recent call last):
  File "/home/runner/work/qqnews/qqnews/qq.py", line 128, in main
    for i in qq1["data"]["list"]:
             ~~~~~~~~~~~^^^^^^^^
TypeError: 'NoneType' object is not subscriptable

2026-06-21 07:20:50,543 - INFO - Total time taken: {'ret': 0, 'msg': 'success', 'data': None}
2026-06-21 07:20:50,543 - INFO - 'NoneType' object is not subscriptable
2026-06-21 07:20:50,544 - INFO - Traceback (most recent call last):
  File "/home/runner/work/qqnews/qqnews/qq.py", line 128, in main
    for i in qq1["data"]["list"]:
             ~~~~~~~~~~~^^^^^^^^
TypeError: 'NoneType' object is not subscriptable

2026-06-21 10:56:32,619 - INFO - Total time taken: {'ret': 0, 'msg': 'success', 'data': None}
2026-06-21 10:56:32,619 - INFO - 'NoneType' object is not subscriptable
2026-06-21 10:56:32,620 - INFO - Traceback (most recent call last):
  File "/home/runner/work/qqnews/qqnews/qq.py", line 128, in main
    for i in qq1["data"]["list"]:
             ~~~~~~~~~~~^^^^^^^^
TypeError: 'NoneType' object is not subscriptable

2026-06-21 13:00:07,646 - INFO - Total time taken: {'ret': 0, 'msg': 'success', 'data': None}
2026-06-21 13:00:07,647 - INFO - 'NoneType' object is not subscriptable
2026-06-21 13:00:07,647 - INFO - Traceback (most recent call last):
  File "/home/runner/work/qqnews/qqnews/qq.py", line 128, in main
    for i in qq1["data"]["list"]:
             ~~~~~~~~~~~^^^^^^^^
TypeError: 'NoneType' object is not subscriptable

