2024-07-31 03:00:55,630 - INFO - EXPIRED
暗访武汉别墅小区违建：中介称交40万可随便整，城管称已累计拆违49处
https://new.qq.com/rain/a/20240730A0A1ZM00

2024-07-31 03:00:55,631 - INFO - EXPIRED
四川一摄影比赛获奖作品遭摄友质疑AI合成，赛事组委会：取消获奖资格
https://new.qq.com/rain/a/20240730A04MGJ00

2024-07-31 03:00:55,631 - INFO - EXPIRED
正新鸡排一门店被前员工举报20多天不换油 江西赣州市监局：开展检查
https://new.qq.com/rain/a/20240730A09G6Z00

2024-07-31 03:00:55,631 - INFO - EXPIRED
“不交钱就砸车”，游客称在河南一景区被村民索要停车费，当地回应
https://new.qq.com/rain/a/20240730A084PS00

2024-07-31 03:00:55,631 - INFO - EXPIRED
卡塔尔王室成员在法国被偷11个爱马仕包，当地小偷真这么多？警察不管事吗？
https://view.inews.qq.com/a/20240730Q09CJG00

2024-07-31 03:00:55,631 - INFO - EXPIRED
年轻人不想为氛围买单了，怂火锅“认怂”降价，酸菜鱼价格回到9年前
https://new.qq.com/rain/a/20240730A07D0N00

2024-07-31 03:00:55,631 - INFO - EXPIRED
迪士尼不做老本行，转做机器人，想抢马斯克的饭碗？
https://new.qq.com/rain/a/20240730A09P4U00

2024-07-31 03:00:55,631 - INFO - EXPIRED
王楚钦夺冠球拍被踩断，生气质问怎么举报，球拍有多重要？会影响他打男单吗？
https://view.inews.qq.com/a/20240730Q09YM700

2024-07-31 03:00:55,631 - INFO - EXPIRED
江苏南通崇川区通报“头菜里添加庆大霉素”一案 已对相关人员追究刑事责任
https://new.qq.com/rain/a/20240730A09WR700

2024-07-31 03:00:55,631 - INFO - EXPIRED
留存珍贵一幕！中朝韩三国运动员自拍留念，这就是奥林匹克
https://new.qq.com/rain/a/20240730V09UOG00

2024-07-31 03:00:55,631 - INFO - EXPIRED
日本央行政策委员会成员据悉将讨论将利率提高至0.25%
https://new.qq.com/rain/a/20240730A0A8C600

2024-07-31 03:00:55,631 - INFO - EXPIRED
抹平与中国时间代差？苹果被曝将首次在印度组装高端iPhone
https://new.qq.com/rain/a/20240730A09LYT00

2024-07-31 03:00:55,631 - INFO - EXPIRED
上海“90后”打新七次终于买到豪宅，开发商感叹这种行情不多见
https://new.qq.com/rain/a/20240730A09H6M00

2024-07-31 03:00:55,631 - INFO - EXPIRED
32岁工程师与同事晚餐时发病不幸猝死，妻子称他原打算饭后回公司加班
https://new.qq.com/rain/a/20240730A08Z7A00

2024-07-31 03:00:55,631 - INFO - EXPIRED
王楚钦孙颖莎力克朝鲜组合夺冠，61岁的倪夏莲赛前对孙颖莎特训起了多大作用？
https://view.inews.qq.com/a/20240730Q09OTH00

2024-07-31 03:00:55,631 - INFO - EXPIRED
字节跳动新加坡办公室发生集体食物中毒事件，41人被送往医院
https://new.qq.com/rain/a/20240730A09QML00

2024-07-31 03:00:55,631 - INFO - EXPIRED
韩国获乒乓混双铜牌，男队员免除兵役笑得合不拢嘴，5次拥抱搭档
https://new.qq.com/rain/a/20240730V09BEU00

2024-07-31 03:00:55,631 - INFO - EXPIRED
伊朗举行新任总统宣誓就职仪式
https://new.qq.com/rain/a/20240730A09HDZ00

2024-07-31 03:00:55,631 - INFO - EXPIRED
证监会迎重大人事调整：李明任副主席，方星海卸任
https://new.qq.com/rain/a/20240730A09AQQ00

2024-07-31 03:00:55,631 - INFO - EXPIRED
国乒巴黎首冠的背后：倪夏莲给莎头当陪练，模仿朝鲜女选手打法
https://new.qq.com/rain/a/20240730V09LX900

2024-07-31 03:00:55,631 - INFO - EXPIRED
女排3-2力克卫冕冠军美国队，是我们太强还是对手变弱了？这次能走多远？
https://view.inews.qq.com/a/20240730Q06SI800

2024-07-31 03:00:55,631 - INFO - EXPIRED
70岁政法委原书记被开除党籍！全家上阵搞家庭式腐败
https://new.qq.com/rain/a/20240730A097R900

2024-07-31 03:00:55,631 - INFO - EXPIRED
大理苍山一登山客失联9天8夜后获救，政府相关人士感叹“创纪录了”
https://new.qq.com/rain/a/20240730A056VC00

2024-07-31 03:00:55,631 - INFO - EXPIRED
昆明一电竞酒店房间内装摄像头称为防范裸聊电诈？警方辟谣：没有要求
https://new.qq.com/rain/a/20240730A076D300

2024-07-31 03:00:55,631 - INFO - EXPIRED
孙颖莎给王楚钦的发球暗号手势被曝光，真有这种暗号？不怕对手偷学破解吗？
https://view.inews.qq.com/a/20240730Q06BN700

2024-07-31 03:00:55,631 - INFO - EXPIRED
五家上市公司联名举报东方材料董事长 举报方称“希望许广彬主动回国”
https://new.qq.com/rain/a/20240730A07FR700

2024-07-31 03:00:55,631 - INFO - EXPIRED
何小鹏发问：中国创投怎么了？我们科技公司都在干什么？｜AI光年
https://new.qq.com/rain/a/20240730A09CB700

2024-07-31 03:00:55,631 - INFO - EXPIRED
31省份晒上半年收入账单：11省份人均收入超2万元，广东或今年破5万元
https://new.qq.com/rain/a/20240730A07NIF00

2024-07-31 03:00:55,631 - INFO - EXPIRED
“2·14”撞船事件遇难者家属与台方就善后事宜达成共识
https://new.qq.com/rain/a/20240730A07HUY00

2024-07-31 03:00:55,631 - INFO - EXPIRED
基金经理减持、瑞银调降评级，茅台股价创出年内新低
https://new.qq.com/rain/a/20240730A08FG000

2024-07-31 03:00:55,631 - INFO - EXPIRED
江西万年副县长吴谦谦16岁参加工作？本人：中专毕业后在乡政府当干事
https://new.qq.com/rain/a/20240730A072MR00

2024-07-31 03:00:55,631 - INFO - EXPIRED
周鸿祎体验埃安车门防夹却惨遭夹手，工作人员道歉：应该我先试
https://new.qq.com/rain/a/20240730V077NO00

2024-07-31 03:00:55,631 - INFO - EXPIRED
老百姓董事长谢子龙被留置、立案调查
https://new.qq.com/rain/a/20240730A08AAT00

2024-07-31 03:00:55,632 - INFO - EXPIRED
火爆全网！指挥一群法国小伙用中文大喊加油，“黑衣大哥”找到了
https://new.qq.com/rain/a/20240730A062HJ00

2024-07-31 03:00:55,632 - INFO - EXPIRED
扛不住高额罚款，上百商家围堵拼多多广州总部，矛盾越发严重
https://new.qq.com/rain/a/20240730V0392U00

2024-07-31 03:00:55,632 - INFO - EXPIRED
2岁娃在喜来登亲子房被严重砸伤，酒店该担责吗？亲子房有更高安全标准吗？
https://view.inews.qq.com/a/20240730Q052JL00

2024-07-31 03:00:55,632 - INFO - EXPIRED
“荷兰特朗普”称土耳其应被踢出北约，如果真闹起来，你猜北约会向着谁？
https://view.inews.qq.com/a/20240730Q02LIS00

2024-07-31 03:00:55,632 - INFO - EXPIRED
特朗普：巴黎奥运会开幕式是“耻辱”
https://new.qq.com/rain/a/20240730A05WFN00

2024-07-31 03:00:55,632 - INFO - EXPIRED
上半年财政数据出炉：上海收入稳中有增，击碎寺庙借款谣言
https://new.qq.com/rain/a/20240730A06R1300

2024-07-31 03:00:55,632 - INFO - EXPIRED
王瑛玮任天津市副市长、公安局局长
https://new.qq.com/rain/a/20240730A07EQ000

2024-07-31 03:00:55,632 - INFO - EXPIRED
篮球运动员郭艾伦投诉医疗器材被错寄、客服冷漠，中通快运致歉
https://new.qq.com/rain/a/20240730A067NJ00

2024-07-31 03:00:55,632 - INFO - EXPIRED
比亚迪旗下车型官宣降价5万，为何它还敢继续价格战？这次最难受的会是谁？
https://view.inews.qq.com/a/20240730Q05V5G00

2024-07-31 03:00:55,632 - INFO - EXPIRED
被全网喊“别办了”，《歌手》的史诗级大翻车真怪不了那英
https://new.qq.com/rain/a/20240730A03JJ400

2024-07-31 03:00:55,632 - INFO - EXPIRED
改PPT、开会、做汇报，为什么京沪高铁上的班味儿这么浓
https://new.qq.com/rain/a/20240730A030CO00

2024-07-31 03:00:55,632 - INFO - EXPIRED
央行等四部门及天津市政府：鼓励符合条件的科技型企业在境内外上市融资
https://new.qq.com/rain/a/20240730A0646I00

2024-07-31 03:00:55,632 - INFO - EXPIRED
国家林草局中南院回应副处长死因争议：系猝死，非院领导谋害 
https://new.qq.com/rain/a/20240730A054TJ00

2024-07-31 03:00:55,632 - INFO - EXPIRED
广西钦州小区保安围殴外卖员？警方：驾驶人帮朋友送货被拦下发生冲突
https://new.qq.com/rain/a/20240730A066IB00

2024-07-31 03:00:55,632 - INFO - EXPIRED
拜登提出三点方案改革美国最高法院，被指“不可能实现”
https://new.qq.com/rain/a/20240730A06FWB00

2024-07-31 03:00:55,632 - INFO - EXPIRED
“你是不是装疯卖傻呢”，西安女护士疑遭职场霸凌跳湖自尽，官方回应
https://new.qq.com/rain/a/20240730A051TO00

2024-07-31 03:00:55,632 - INFO - EXPIRED
GDP再被重庆“反超”：广州“掉队”了吗
https://new.qq.com/rain/a/20240730A02BUD00

2024-07-31 03:00:55,632 - INFO - EXPIRED
外交部：中方从来没有也不会干预干涉美国大选，反对美方散布虚假信息抹黑中国
https://new.qq.com/rain/a/20240730A05W9000

2024-07-31 03:00:55,632 - INFO - EXPIRED
政治局会议定调下半年经济工作：宏观政策要更加给力
https://new.qq.com/rain/a/20240730A05Q5N00

2024-07-31 03:00:55,632 - INFO - EXPIRED
外交部：中方注意到孟加拉国国内局势得到控制，我们对此感到欣慰
https://new.qq.com/rain/a/20240730A05V5P00

2024-07-31 03:00:55,632 - INFO - EXPIRED
港股收评：两大指数均跌超1%，教育、家电等板块走弱，医药股逆势上涨
https://new.qq.com/rain/a/20240730A0613K00

2024-07-31 03:00:55,632 - INFO - EXPIRED
港澳地区外国旅游团今起入境海南144小时免签
https://new.qq.com/rain/a/20240730A058MT00

2024-07-31 03:00:55,632 - INFO - EXPIRED
卡塔尔王室成员在法国高铁上被偷走11个爱马仕包，铁路公司回应
https://new.qq.com/rain/a/20240730A03Y2S00

2024-07-31 03:00:55,632 - INFO - EXPIRED
媒体：​清华毕业生实名举报局长，何以一年多没结论
https://new.qq.com/rain/a/20240730A04T1L00

2024-07-31 03:00:55,632 - INFO - EXPIRED
本着奥林匹克精神，联合国呼吁奥运期间休战，为何俄乌和巴以没表示？
https://view.inews.qq.com/a/20240730Q03D4000

2024-07-31 03:00:55,632 - INFO - EXPIRED
“2·14”恶性撞船事件已过去5个多月，台“海巡署长”向大陆家属致歉
https://new.qq.com/rain/a/20240730A03YW000

2024-07-31 03:00:55,632 - INFO - EXPIRED
外媒：海地总理科尼耶遭遇帮派袭击 安全离开未受伤
https://new.qq.com/rain/a/20240730A040PQ00

2024-07-31 03:00:55,632 - INFO - EXPIRED
13岁孩子搭乘哈啰顺风车，中途被“甩”在距目的地37公里的高速收费口
https://new.qq.com/rain/a/20240729A08ZOU00

2024-07-31 03:00:55,632 - INFO - EXPIRED
中共中央政治局召开会议，分析研究当前经济形势，部署下半年经济工作
https://new.qq.com/rain/a/20240730A04K2Y00

2024-07-31 03:00:55,632 - INFO - EXPIRED
我国10个县域城镇居民人均可支配收入超8万元，均位于江浙地区
https://new.qq.com/rain/a/20240729A09E3500

2024-07-31 03:00:55,632 - INFO - EXPIRED
美媒：规定“美国国旗美国制造”法案在国会通过，拜登定于本周将其签署成法
https://new.qq.com/rain/a/20240730A02M7Y00

2024-07-31 03:00:55,632 - INFO - EXPIRED
全国法拍房挂牌量增加，价格却降了，业内：会进一步影响二手房市场
https://new.qq.com/rain/a/20240729A08XGH00

2024-07-31 03:00:55,632 - INFO - EXPIRED
中国“退出”投资菲律宾62亿元铁路，这项目有吸引力吗？美日接得住吗？
https://view.inews.qq.com/a/20240730Q01GAL00

2024-07-31 03:00:55,632 - INFO - EXPIRED
游客在新疆天山大峡谷过夜后莫名发病，一行9人4人中招？景区回应
https://new.qq.com/rain/a/20240730A0164H00

2024-07-31 03:00:55,632 - INFO - EXPIRED
广东一男子离婚冷静期杀妻一审判死刑 被害家属：对方想用8万换谅解书
https://new.qq.com/rain/a/20240729A075W100

2024-07-31 03:00:55,632 - INFO - EXPIRED
中领馆：一中国游客在泰国普吉岛游泳被海浪卷走失踪，不幸身亡
https://new.qq.com/rain/a/20240730A03YGJ00

2024-07-31 03:00:55,632 - INFO - EXPIRED
女生付费请女coser扮成游戏男主和自己约会，有人靠接单月入两万
https://new.qq.com/rain/a/20240730A01J0000

2024-07-31 03:00:55,632 - INFO - EXPIRED
黄仁勋、扎克伯格巅峰对谈实录：软件3.0时代已经到来
https://new.qq.com/rain/a/20240730A03IMN00

2024-07-31 03:00:55,632 - INFO - EXPIRED
委内瑞拉宣布撤回驻七国外交人员，这是要干什么？不怕四面树敌吗？
https://view.inews.qq.com/a/20240730Q03WDV00

2024-07-31 03:00:55,632 - INFO - EXPIRED
海关总署：“中国新能源产业产能过剩”是伪命题
https://new.qq.com/rain/a/20240730A027JO00

2024-07-31 03:00:55,632 - INFO - EXPIRED
印度一列车脱轨已致数十人伤亡：18节车厢横七竖八散落 乘客滞留车外
https://new.qq.com/rain/a/20240730V03R2300

2024-07-31 03:00:55,632 - INFO - EXPIRED
苏炜德过往大赛多次掉杠，巴黎奥运再失误，教练如何选人？是无人可选吗？
https://view.inews.qq.com/a/20240730Q03EXF00

2024-07-31 03:00:55,632 - INFO - EXPIRED
喜来登住客投诉称两岁孩子被砸伤近乎毁容！酒店：仍在协商
https://new.qq.com/rain/a/20240729A05SRB00

2024-07-31 03:00:55,632 - INFO - EXPIRED
精神病人看守所内腹痛后死亡，家属曾多次申请变更强制措施被拒
https://new.qq.com/rain/a/20240730V03WI900

2024-07-31 03:00:55,632 - INFO - EXPIRED
三甲医院上千名患者“挂号不就诊”，他们去哪儿了
https://new.qq.com/rain/a/20240729A07WYM00

2024-07-31 03:00:55,632 - INFO - EXPIRED
陕西市民称“祖传雕像”被骗走，警方追回却移交博物馆？当地多方回应
https://new.qq.com/rain/a/20240729A05KH200

2024-07-31 03:00:55,632 - INFO - EXPIRED
英媒：英国发生持刀袭击事件致2名儿童死亡9人受伤，国王、威廉王子和凯特王妃发声
https://new.qq.com/rain/a/20240730A01EVB00

2024-07-31 03:00:56,367 - INFO - INVALID
财政部副部长王东伟：考虑将推进消费税征收环节后移并稳步下划地方
https://new.qq.com/rain/a/20240731A02IX700

2024-07-31 03:00:56,373 - INFO - INVALID
河北承德兴隆县辟谣：“举报公安局长的派出所所长被留置调查”相关帖文属不实信息
https://new.qq.com/rain/a/20240731A025Y400

2024-07-31 03:00:56,377 - INFO - INVALID
两部门：2024年底前将符合条件的村卫生室纳入医保定点
https://new.qq.com/rain/a/20240731A02FW600

2024-07-31 03:00:56,442 - INFO - INVALID
美法案要求政府采购“纯美国造”国旗，美网民不解：同样质量要付3倍价钱？
https://new.qq.com/rain/a/20240731A00ORH00

2024-07-31 03:00:56,525 - INFO - INVALID
湖南长沙8死5伤撞人案调查：案发前4小时与背后的拆迁安置纠纷
https://new.qq.com/rain/a/20240731A02RQ800

2024-07-31 03:00:56,664 - INFO - INVALID
港股恒生指数涨近1%，恒生科技指数涨1.47%，蔚来汽车涨超5%
https://new.qq.com/rain/a/20240731A01OBT00

2024-07-31 03:00:56,669 - INFO - INVALID
宁夏泾源数万亩黑果花楸林被大面积毁林复耕，当地：成立专班调查
https://new.qq.com/rain/a/20240731A01NVP00

2024-07-31 03:00:56,749 - INFO - INVALID
印度喀拉拉邦山体滑坡已致151人死亡
https://new.qq.com/rain/a/20240731A01M8Y00

2024-07-31 03:00:56,753 - INFO - INVALID
A股三大指数集体走强，深成指、创业板指均涨逾2%，超4600只个股上涨
https://new.qq.com/rain/a/20240731A01PL300

2024-07-31 03:00:56,818 - INFO - INVALID
美国继续就对华301关税审查公众意见，新关税征收时间将至少推迟两周
https://new.qq.com/rain/a/20240731A01J9R00

2024-07-31 03:00:57,023 - INFO - INVALID
“代孕”“代妈助孕”帖文屡禁不止：有公司称78万套餐可指定性别
https://new.qq.com/rain/a/20240731A00VR500

2024-07-31 03:00:57,043 - INFO - INVALID
日方在日美“2+2”等会议期间发布涉华消极言行，中方提出严正交涉
https://new.qq.com/rain/a/20240731A017YH00

2024-07-31 03:00:57,061 - INFO - INVALID
事关养老、购房、医保，这些8月新规将实施
https://new.qq.com/rain/a/20240731A0052C00

2024-07-31 03:00:57,096 - INFO - INVALID
“史上最大IT事故”一周多后 微软再次出现服务中断
https://new.qq.com/rain/a/20240731A00IJC00

2024-07-31 03:00:57,343 - INFO - INVALID
湖北武汉一地铁站纳凉点被当“体育馆”，市民：还有人打羽毛球
https://new.qq.com/rain/a/20240731A01SRP00

2024-07-31 03:00:57,382 - INFO - INVALID
31省份上半年GDP出炉：16地增速跑赢全国，内蒙古最快
https://new.qq.com/rain/a/20240731A0037600

2024-07-31 03:00:57,389 - INFO - INVALID
以色列空袭黎巴嫩首都贝鲁特已致3死74伤 真主党高级指挥官成猎杀目标
https://new.qq.com/rain/a/20240731A00I3H00

2024-07-31 03:00:57,420 - INFO - INVALID
知情人士：哈里斯的竞选搭档可能即将出炉
https://new.qq.com/rain/a/20240731A00CJ500

2024-07-31 03:00:57,455 - INFO - INVALID
佩泽希齐扬宣誓就任伊朗总统
https://new.qq.com/rain/a/20240731A00LV900

2024-07-31 03:00:57,710 - INFO - INVALID
日本东京都发生4.7级地震，没有引发海啸风险
https://new.qq.com/rain/a/20240731A00D1N00

