2025-11-13 00:41:06,471 - INFO - Total time taken: {'ret': 0, 'msg': 'success', 'data': None}
2025-11-13 00:41:06,471 - INFO - 'NoneType' object is not subscriptable
2025-11-13 00:41:06,471 - INFO - Traceback (most recent call last):
  File "/home/runner/work/qqnews/qqnews/qq.py", line 128, in main
    for i in qq1["data"]["list"]:
             ~~~~~~~~~~~^^^^^^^^
TypeError: 'NoneType' object is not subscriptable

2025-11-13 02:27:14,655 - INFO - Total time taken: {'ret': 0, 'msg': 'success', 'data': None}
2025-11-13 02:27:14,656 - INFO - 'NoneType' object is not subscriptable
2025-11-13 02:27:14,656 - INFO - Traceback (most recent call last):
  File "/home/runner/work/qqnews/qqnews/qq.py", line 128, in main
    for i in qq1["data"]["list"]:
             ~~~~~~~~~~~^^^^^^^^
TypeError: 'NoneType' object is not subscriptable

2025-11-13 03:40:00,220 - INFO - Total time taken: {'ret': 0, 'msg': 'success', 'data': None}
2025-11-13 03:40:00,220 - INFO - 'NoneType' object is not subscriptable
2025-11-13 03:40:00,220 - INFO - Traceback (most recent call last):
  File "/home/runner/work/qqnews/qqnews/qq.py", line 128, in main
    for i in qq1["data"]["list"]:
             ~~~~~~~~~~~^^^^^^^^
TypeError: 'NoneType' object is not subscriptable

2025-11-13 04:15:02,580 - INFO - Total time taken: {'ret': 0, 'msg': 'success', 'data': None}
2025-11-13 04:15:02,580 - INFO - 'NoneType' object is not subscriptable
2025-11-13 04:15:02,580 - INFO - Traceback (most recent call last):
  File "/home/runner/work/qqnews/qqnews/qq.py", line 128, in main
    for i in qq1["data"]["list"]:
             ~~~~~~~~~~~^^^^^^^^
TypeError: 'NoneType' object is not subscriptable

2025-11-13 05:01:17,696 - INFO - Total time taken: {'ret': 0, 'msg': 'success', 'data': None}
2025-11-13 05:01:17,696 - INFO - 'NoneType' object is not subscriptable
2025-11-13 05:01:17,697 - INFO - Traceback (most recent call last):
  File "/home/runner/work/qqnews/qqnews/qq.py", line 128, in main
    for i in qq1["data"]["list"]:
             ~~~~~~~~~~~^^^^^^^^
TypeError: 'NoneType' object is not subscriptable

2025-11-13 06:14:25,383 - INFO - Total time taken: {'ret': 0, 'msg': 'success', 'data': None}
2025-11-13 06:14:25,383 - INFO - 'NoneType' object is not subscriptable
2025-11-13 06:14:25,384 - INFO - Traceback (most recent call last):
  File "/home/runner/work/qqnews/qqnews/qq.py", line 128, in main
    for i in qq1["data"]["list"]:
             ~~~~~~~~~~~^^^^^^^^
TypeError: 'NoneType' object is not subscriptable

2025-11-13 07:01:11,016 - INFO - Total time taken: {'ret': 0, 'msg': 'success', 'data': None}
2025-11-13 07:01:11,016 - INFO - 'NoneType' object is not subscriptable
2025-11-13 07:01:11,016 - INFO - Traceback (most recent call last):
  File "/home/runner/work/qqnews/qqnews/qq.py", line 128, in main
    for i in qq1["data"]["list"]:
             ~~~~~~~~~~~^^^^^^^^
TypeError: 'NoneType' object is not subscriptable

2025-11-13 08:01:20,572 - INFO - Total time taken: {'ret': 0, 'msg': 'success', 'data': None}
2025-11-13 08:01:20,573 - INFO - 'NoneType' object is not subscriptable
2025-11-13 08:01:20,573 - INFO - Traceback (most recent call last):
  File "/home/runner/work/qqnews/qqnews/qq.py", line 128, in main
    for i in qq1["data"]["list"]:
             ~~~~~~~~~~~^^^^^^^^
TypeError: 'NoneType' object is not subscriptable

2025-11-13 09:01:17,545 - INFO - Total time taken: {'ret': 0, 'msg': 'success', 'data': None}
2025-11-13 09:01:17,546 - INFO - 'NoneType' object is not subscriptable
2025-11-13 09:01:17,546 - INFO - Traceback (most recent call last):
  File "/home/runner/work/qqnews/qqnews/qq.py", line 128, in main
    for i in qq1["data"]["list"]:
             ~~~~~~~~~~~^^^^^^^^
TypeError: 'NoneType' object is not subscriptable

2025-11-13 10:01:34,929 - INFO - Total time taken: {'ret': 0, 'msg': 'success', 'data': None}
2025-11-13 10:01:34,930 - INFO - 'NoneType' object is not subscriptable
2025-11-13 10:01:34,930 - INFO - Traceback (most recent call last):
  File "/home/runner/work/qqnews/qqnews/qq.py", line 128, in main
    for i in qq1["data"]["list"]:
             ~~~~~~~~~~~^^^^^^^^
TypeError: 'NoneType' object is not subscriptable

