2025-06-30 00:45:34,977 - INFO - Total time taken: {'ret': 0, 'msg': 'success', 'data': None}
2025-06-30 00:45:34,978 - INFO - 'NoneType' object is not subscriptable
2025-06-30 00:45:34,978 - INFO - Traceback (most recent call last):
  File "/home/runner/work/qqnews/qqnews/qq.py", line 128, in main
    for i in qq1["data"]["list"]:
             ~~~~~~~~~~~^^^^^^^^
TypeError: 'NoneType' object is not subscriptable

2025-06-30 02:47:05,290 - INFO - Total time taken: {'ret': 0, 'msg': 'success', 'data': None}
2025-06-30 02:47:05,290 - INFO - 'NoneType' object is not subscriptable
2025-06-30 02:47:05,291 - INFO - Traceback (most recent call last):
  File "/home/runner/work/qqnews/qqnews/qq.py", line 128, in main
    for i in qq1["data"]["list"]:
             ~~~~~~~~~~~^^^^^^^^
TypeError: 'NoneType' object is not subscriptable

2025-06-30 03:48:21,993 - INFO - Total time taken: {'ret': 0, 'msg': 'success', 'data': None}
2025-06-30 03:48:21,993 - INFO - 'NoneType' object is not subscriptable
2025-06-30 03:48:21,993 - INFO - Traceback (most recent call last):
  File "/home/runner/work/qqnews/qqnews/qq.py", line 128, in main
    for i in qq1["data"]["list"]:
             ~~~~~~~~~~~^^^^^^^^
TypeError: 'NoneType' object is not subscriptable

2025-06-30 04:23:51,150 - INFO - Total time taken: {'ret': 0, 'msg': 'success', 'data': None}
2025-06-30 04:23:51,150 - INFO - 'NoneType' object is not subscriptable
2025-06-30 04:23:51,150 - INFO - Traceback (most recent call last):
  File "/home/runner/work/qqnews/qqnews/qq.py", line 128, in main
    for i in qq1["data"]["list"]:
             ~~~~~~~~~~~^^^^^^^^
TypeError: 'NoneType' object is not subscriptable

