2026-04-02 01:02:38,531 - INFO - Total time taken: {'ret': 0, 'msg': 'success', 'data': None}
2026-04-02 01:02:38,531 - INFO - 'NoneType' object is not subscriptable
2026-04-02 01:02:38,532 - INFO - Traceback (most recent call last):
  File "/home/runner/work/qqnews/qqnews/qq.py", line 128, in main
    for i in qq1["data"]["list"]:
             ~~~~~~~~~~~^^^^^^^^
TypeError: 'NoneType' object is not subscriptable

2026-04-02 04:15:04,098 - INFO - Total time taken: {'ret': 0, 'msg': 'success', 'data': None}
2026-04-02 04:15:04,098 - INFO - 'NoneType' object is not subscriptable
2026-04-02 04:15:04,099 - INFO - Traceback (most recent call last):
  File "/home/runner/work/qqnews/qqnews/qq.py", line 128, in main
    for i in qq1["data"]["list"]:
             ~~~~~~~~~~~^^^^^^^^
TypeError: 'NoneType' object is not subscriptable

2026-04-02 06:03:37,080 - INFO - Total time taken: {'ret': 0, 'msg': 'success', 'data': None}
2026-04-02 06:03:37,080 - INFO - 'NoneType' object is not subscriptable
2026-04-02 06:03:37,080 - INFO - Traceback (most recent call last):
  File "/home/runner/work/qqnews/qqnews/qq.py", line 128, in main
    for i in qq1["data"]["list"]:
             ~~~~~~~~~~~^^^^^^^^
TypeError: 'NoneType' object is not subscriptable

