2025-11-20 00:40:46,046 - INFO - Total time taken: {'ret': 0, 'msg': 'success', 'data': None}
2025-11-20 00:40:46,047 - INFO - 'NoneType' object is not subscriptable
2025-11-20 00:40:46,047 - INFO - Traceback (most recent call last):
  File "/home/runner/work/qqnews/qqnews/qq.py", line 128, in main
    for i in qq1["data"]["list"]:
             ~~~~~~~~~~~^^^^^^^^
TypeError: 'NoneType' object is not subscriptable

2025-11-20 02:23:00,865 - INFO - Total time taken: {'ret': 0, 'msg': 'success', 'data': None}
2025-11-20 02:23:00,866 - INFO - 'NoneType' object is not subscriptable
2025-11-20 02:23:00,866 - INFO - Traceback (most recent call last):
  File "/home/runner/work/qqnews/qqnews/qq.py", line 128, in main
    for i in qq1["data"]["list"]:
             ~~~~~~~~~~~^^^^^^^^
TypeError: 'NoneType' object is not subscriptable

2025-11-20 03:36:31,107 - INFO - Total time taken: {'ret': 0, 'msg': 'success', 'data': None}
2025-11-20 03:36:31,108 - INFO - 'NoneType' object is not subscriptable
2025-11-20 03:36:31,108 - INFO - Traceback (most recent call last):
  File "/home/runner/work/qqnews/qqnews/qq.py", line 128, in main
    for i in qq1["data"]["list"]:
             ~~~~~~~~~~~^^^^^^^^
TypeError: 'NoneType' object is not subscriptable

