2025-08-13 00:43:04,420 - INFO - Total time taken: {'ret': 0, 'msg': 'success', 'data': None}
2025-08-13 00:43:04,420 - INFO - 'NoneType' object is not subscriptable
2025-08-13 00:43:04,420 - INFO - Traceback (most recent call last):
  File "/home/runner/work/qqnews/qqnews/qq.py", line 128, in main
    for i in qq1["data"]["list"]:
             ~~~~~~~~~~~^^^^^^^^
TypeError: 'NoneType' object is not subscriptable

2025-08-13 03:44:02,257 - INFO - Total time taken: {'ret': 0, 'msg': 'success', 'data': None}
2025-08-13 03:44:02,257 - INFO - 'NoneType' object is not subscriptable
2025-08-13 03:44:02,258 - INFO - Traceback (most recent call last):
  File "/home/runner/work/qqnews/qqnews/qq.py", line 128, in main
    for i in qq1["data"]["list"]:
             ~~~~~~~~~~~^^^^^^^^
TypeError: 'NoneType' object is not subscriptable

2025-08-13 04:20:20,751 - INFO - Total time taken: {'ret': 0, 'msg': 'success', 'data': None}
2025-08-13 04:20:20,752 - INFO - 'NoneType' object is not subscriptable
2025-08-13 04:20:20,752 - INFO - Traceback (most recent call last):
  File "/home/runner/work/qqnews/qqnews/qq.py", line 128, in main
    for i in qq1["data"]["list"]:
             ~~~~~~~~~~~^^^^^^^^
TypeError: 'NoneType' object is not subscriptable

