2024-12-04 00:38:15,355 - INFO - EXPIRED
韩国总统尹锡悦戒严令遭到本党抵制，且紧急戒严令6小时后解除，他会因此下台吗？
https://view.inews.qq.com/a/20241203Q09XYR00

2024-12-04 00:38:15,355 - INFO - EXPIRED
刚卸任河北怀来县长的“85后”清华博士张琪已任怀来县委书记
https://new.qq.com/rain/a/20241203A0971000

2024-12-04 00:38:15,355 - INFO - EXPIRED
男子着急用钱却被限额，怒斥银行“卡里面的钱到底是谁的”，银行回应
https://new.qq.com/rain/a/20241203A05M1F00

2024-12-04 00:38:15,355 - INFO - EXPIRED
市场播报｜韩国戒严令风波后，韩股开跌近2%
https://new.qq.com/rain/a/20241203A09HHU00

2024-12-04 00:38:15,355 - INFO - EXPIRED
成都一渣土车侧翻压塌小客车，警方通报：两人当场死亡，驾驶人受伤，34岁男子已被控制
https://new.qq.com/rain/a/20241203A09OLZ00

2024-12-04 00:38:15,355 - INFO - EXPIRED
首次披露！湖北省公安厅原副厅长干永平落马，涉嫌徇私枉法
https://new.qq.com/rain/a/20241203A06YBL00

2024-12-04 00:38:15,355 - INFO - EXPIRED
澳门最后的“赌王”去世，低调热衷慈善，因计算错误身价曾超李嘉诚
https://new.qq.com/rain/a/20241203A08P0I00

2024-12-04 00:38:15,355 - INFO - EXPIRED
女硕士患精神病后失踪15年被找回，已生两娃 家人：准备卖房给其治病
https://new.qq.com/rain/a/20241203A064FQ00

2024-12-04 00:38:15,355 - INFO - EXPIRED
网友喊话安徽巢湖博物馆：你家的文物发霉啦
https://new.qq.com/rain/a/20241203A05J9G00

2024-12-04 00:38:15,355 - INFO - EXPIRED
外交部：美方所谓新冠病毒报告没有任何可信度，搞栽赃陷害
https://new.qq.com/rain/a/20241203A096O600

2024-12-04 00:38:15,355 - INFO - EXPIRED
直播翻墙！韩国总统尹锡悦宣布“紧急戒严”，李在明翻墙进入国会
https://new.qq.com/rain/a/20241203V09XZ200

2024-12-04 00:38:15,355 - INFO - EXPIRED
尹锡悦宣布紧急戒严后，韩前总统文在寅发声：希望国民们守护和拯救民主主义
https://new.qq.com/rain/a/20241203A09W6T00

2024-12-04 00:38:15,355 - INFO - EXPIRED
韩国最大在野党党首李在明：“尹锡悦不再是韩国总统了”
https://new.qq.com/rain/a/20241203A09T9V00

2024-12-04 00:38:15,355 - INFO - EXPIRED
美国白宫：美国密切关注韩国局势发展
https://new.qq.com/rain/a/20241203A09TH300

2024-12-04 00:38:15,355 - INFO - EXPIRED
现场！韩国国会出入口关闭：门前出现冲突，人群同在场警察对峙
https://new.qq.com/rain/a/20241203V09R8600

2024-12-04 00:38:15,355 - INFO - EXPIRED
韩国总统深夜宣布“紧急戒严”，发生了什么？戒严有何目的？
https://view.inews.qq.com/a/20241203Q09H7800

2024-12-04 00:38:15,355 - INFO - EXPIRED
中国驻韩国大使馆：提醒在韩中国公民加强安全防范
https://new.qq.com/rain/a/20241203A09TP300

2024-12-04 00:38:15,355 - INFO - EXPIRED
湖北一男子挖出战国青铜剑：在平整后的农田发现 剑主身份尚无法确定
https://new.qq.com/rain/a/20241203V092TO00

2024-12-04 00:38:15,355 - INFO - EXPIRED
河南多地发布2025年春节烟花燃放规定：新乡禁放，郑州限放，洛阳正完善禁限方案
https://new.qq.com/rain/a/20241203A079IZ00

2024-12-04 00:38:15,355 - INFO - EXPIRED
55岁的他，“空降”直辖市任副市长
https://new.qq.com/rain/a/20241203A08HIT00

2024-12-04 00:38:15,355 - INFO - EXPIRED
19岁网红女骑手在三亚车祸去世，朋友：她还有一周过20岁生日
https://new.qq.com/rain/a/20241203A05NUP00

2024-12-04 00:38:15,355 - INFO - EXPIRED
未来五年没有大年三十，为何会出现这种情况？农历历法是怎么计算的？
https://view.inews.qq.com/a/20241203Q06XMD00

2024-12-04 00:38:15,355 - INFO - EXPIRED
外媒：北约外长会“极不可能”向乌发出入约邀请
https://new.qq.com/rain/a/20241203A0934K00

2024-12-04 00:38:15,355 - INFO - EXPIRED
劳斯莱斯车主疑因并道剐蹭出租车，停车后反辱骂的哥？交警：正在处理
https://new.qq.com/rain/a/20241203A08K7H00

2024-12-04 00:38:15,355 - INFO - EXPIRED
陕西洛川一越野车行驶中疑因所载液化气瓶泄漏起火，车主身亡
https://new.qq.com/rain/a/20241203A08LKH00

2024-12-04 00:38:15,355 - INFO - EXPIRED
蹭跑全马女孩父亲承认违规：女儿10岁已练跑步3年，赛中被她嫌跑得慢
https://new.qq.com/rain/a/20241203A05S0H00

2024-12-04 00:38:15,355 - INFO - EXPIRED
王毅：希望美国新政府走好未来4年中美互动的第一步
https://new.qq.com/rain/a/20241203A08EQ700

2024-12-04 00:38:15,355 - INFO - EXPIRED
98岁著名作曲家黄准去世，曾为《红色娘子军》等影片作曲
https://new.qq.com/rain/a/20241203A08X7E00

2024-12-04 00:38:15,355 - INFO - EXPIRED
巴基斯坦反恐，何以“越反越恐”
https://new.qq.com/rain/a/20241203A07RU900

2024-12-04 00:38:15,355 - INFO - EXPIRED
媒体：81岁著名音乐人刘家昌去世，曾为邓丽君、费玉清打造畅销歌曲
https://new.qq.com/rain/a/20241203A083XX00

2024-12-04 00:38:15,355 - INFO - EXPIRED
浙江嘉善多家快递网点暂停服务？快递员：停运的原因是罚款太凶
https://new.qq.com/rain/a/20241203A08B7000

2024-12-04 00:38:15,355 - INFO - EXPIRED
内蒙古3岁女童被生父及女友虐待致死案周五宣判 生母：被告必须死刑
https://new.qq.com/rain/a/20241203A06E7100

2024-12-04 00:38:15,355 - INFO - EXPIRED
中国官方推动建设市场监管信用修复全国统一平台
https://new.qq.com/rain/a/20241203A08GRR00

2024-12-04 00:38:15,355 - INFO - EXPIRED
《中国人口报》刊文：高校要发挥婚恋教育主阵地作用
https://new.qq.com/rain/a/20241203A04ZX900

2024-12-04 00:38:15,355 - INFO - EXPIRED
菲海警出动两艘日本造巡逻船，再赴鲎藤礁海域挑衅
https://new.qq.com/rain/a/20241203A07NAR00

2024-12-04 00:38:15,355 - INFO - EXPIRED
男老板凌晨发地址要女收银员前往，女方拒绝后11分钟被辞退，双方回应
https://new.qq.com/rain/a/20241203A05EZU00

2024-12-04 00:38:15,355 - INFO - EXPIRED
广州一教培机构多人趴地迎接领导，教育局：系6月份拍摄 公安曾去调查
https://new.qq.com/rain/a/20241203A07O9700

2024-12-04 00:38:15,356 - INFO - EXPIRED
法国总理巴尼耶或被罢免，为何刚上任3个月就面临下台危机？对马克龙有何影响？
https://view.inews.qq.com/a/20241203Q074M200

2024-12-04 00:38:15,356 - INFO - EXPIRED
美国特拉华州法院再次驳回马斯克高额薪酬计划，为何已迁到德州的特斯拉还归特拉华州管辖？
https://view.inews.qq.com/a/20241203Q014FB00

2024-12-04 00:38:15,356 - INFO - EXPIRED
国家再次提高部分退役军人和其他优抚对象抚恤补助标准
https://new.qq.com/rain/a/20241203A0766R00

2024-12-04 00:38:15,356 - INFO - EXPIRED
商务部：原则上不予许可镓、锗、锑、超硬材料相关两用物项对美出口
https://new.qq.com/rain/a/20241203A05WS300

2024-12-04 00:38:15,356 - INFO - EXPIRED
中国大熊猫保护研究中心最新回应“福宝”健康状况：初步检查无异常
https://new.qq.com/rain/a/20241203A07YL800

2024-12-04 00:38:15,356 - INFO - EXPIRED
深圳75后女副区长履新，曾因“一撮白发”走红网络
https://new.qq.com/rain/a/20241203A06JPL00

2024-12-04 00:38:15,356 - INFO - EXPIRED
北约秘书长警告特朗普：若对乌不利，美国就受“中国威胁”
https://new.qq.com/rain/a/20241203A0322H00

2024-12-04 00:38:15,356 - INFO - EXPIRED
小米汽车自动驾驶产品技术负责人刘方离职创业，布局具身智能
https://new.qq.com/rain/a/20241203A05P0E00

2024-12-04 00:38:15,356 - INFO - EXPIRED
男子刷视频发现妻子在结婚？调查后：女儿非亲生，儿子为妻子凭空捏造
https://new.qq.com/rain/a/20241203A0578F00

2024-12-04 00:38:15,356 - INFO - EXPIRED
建筑工赴港月薪3万，这个工资在香港算高吗？未来这样的机会多吗？
https://view.inews.qq.com/a/20241203Q05A4M00

2024-12-04 00:38:15,356 - INFO - EXPIRED
WTO总干事点名“中等强国”：中美新贸易战爆发前，赶紧联合起来
https://new.qq.com/rain/a/20241203A03QG300

2024-12-04 00:38:15,356 - INFO - EXPIRED
我为鹅厂做了第一支AI广告片，腾讯混元视频生成能力正式上线
https://new.qq.com/rain/a/20241203V06HSM00

2024-12-04 00:38:15,356 - INFO - EXPIRED
苏州金鸡湖畔有露营者在帐篷内身亡 官方：系瓦斯罐取暖使用不当
https://new.qq.com/rain/a/20241203A06R8500

2024-12-04 00:38:15,356 - INFO - EXPIRED
网红涌向联合国“开会”？知情人揭秘：花钱就能进，加钱还能发言
https://new.qq.com/rain/a/20241203A05D1O00

2024-12-04 00:38:15,356 - INFO - EXPIRED
成都“老房猎人”：8500元/平米老房年轻人抢着看 月成交量翻倍｜封面财经
https://new.qq.com/rain/a/20241203A031AH00

2024-12-04 00:38:15,356 - INFO - EXPIRED
美国斥资40亿美元去木卫二寻找外星生命，下这么大的本，真确定那里有吗？
https://view.inews.qq.com/a/20241122Q0607M00

2024-12-04 00:38:15,356 - INFO - EXPIRED
一个月飙升1000亿美元！SpaceX最新估值至3500亿美元
https://new.qq.com/rain/a/20241203A05B8A00

2024-12-04 00:38:15,356 - INFO - EXPIRED
赖清德结束窜访返台后，中方是否会在台周边举行军演？外交部回应
https://new.qq.com/rain/a/20241203A05OFA00

2024-12-04 00:38:15,356 - INFO - EXPIRED
总裁已潜逃境外？昔日千亿房企祥生控股声明：不实，是故意诽谤和污蔑
https://new.qq.com/rain/a/20241203A05PFY00

2024-12-04 00:38:15,356 - INFO - EXPIRED
农民工当面反映工资拖欠问题，江西省委书记当即要求：不得拖欠
https://new.qq.com/rain/a/20241203A03BJF00

2024-12-04 00:38:15,356 - INFO - EXPIRED
越南法院维持对房地产大亨张美兰的死刑判决
https://new.qq.com/rain/a/20241203A04TAG00

2024-12-04 00:38:15,356 - INFO - EXPIRED
央行修改狭义货币（M1）统计口径，意义是什么？各国的标准统一吗？
https://view.inews.qq.com/a/20241203Q04E5500

2024-12-04 00:38:15,356 - INFO - EXPIRED
每天仅五趟车，南京仙林站冷清到何时？官方回应规划定位
https://new.qq.com/rain/a/20241202A09QTJ00

2024-12-04 00:38:15,356 - INFO - EXPIRED
喀什飞西安航班有老鼠在乘客鞋子上窜来窜去？旅客讲述事发细节
https://new.qq.com/rain/a/20241203A049J900

2024-12-04 00:38:15,356 - INFO - EXPIRED
越南计划独立自主修建1541公里高铁，越南高铁是什么水平？面临哪些挑战？
https://view.inews.qq.com/a/20241203Q04PZ900

2024-12-04 00:38:15,356 - INFO - EXPIRED
多名癌症患者治疗后死亡，“药王谷”曾因52起投诉医患纠纷被严重处罚
https://new.qq.com/rain/a/20241203A04AQH00

2024-12-04 00:38:15,356 - INFO - EXPIRED
山西孝义部分政府项目被质疑为面子工程：投资2.83亿 仅设计费就502万
https://new.qq.com/rain/a/20241203A02OHS00

2024-12-04 00:38:15,356 - INFO - EXPIRED
小学废弃信箱中发现多封举报信，称老师体罚霸凌？拍摄者：不是剧本
https://new.qq.com/rain/a/20241203A04APE00

2024-12-04 00:38:15,356 - INFO - EXPIRED
英媒爆：在俄库尔斯克地区作战的乌军接到命令，坚守至特朗普明年1月就职
https://new.qq.com/rain/a/20241203A03YVE00

2024-12-04 00:38:15,356 - INFO - EXPIRED
有省份每年医院重复检查费超20亿，三年后全国或将实现医疗影像互认
https://new.qq.com/rain/a/20241202A08XIA00

2024-12-04 00:38:15,356 - INFO - EXPIRED
多省份开启县市区主官大面积调整
https://new.qq.com/rain/a/20241203A044LK00

2024-12-04 00:38:15,356 - INFO - EXPIRED
受害人被骗150万元含恨自杀，骗子被判15年不服，上诉被驳回
https://new.qq.com/rain/a/20241203A01U6T00

2024-12-04 00:38:15,356 - INFO - EXPIRED
特朗普被曝“面斥”特鲁多：如果加拿大不敲诈美国就活不下去，不如“成为美国第51个州”
https://new.qq.com/rain/a/20241203A042LZ00

2024-12-04 00:38:15,356 - INFO - EXPIRED
菲侵闯中国鲎藤礁现场图片公开 专家：菲方不可能占得丝毫便宜
https://new.qq.com/rain/a/20241203A04JVH00

2024-12-04 00:38:15,356 - INFO - EXPIRED
歌手“霉霉”明年来杭州开演唱会？当地澄清：是美好愿望和努力方向
https://new.qq.com/rain/a/20241203A047IL00

2024-12-04 00:38:15,356 - INFO - EXPIRED
梁建章建议取消中高考，缓解学生的学业压力，这个建议有道理吗？
https://view.inews.qq.com/a/20241202Q089OT00

2024-12-04 00:38:15,356 - INFO - EXPIRED
网传浙江一地“三通一达”等5家快递网点全部暂停服务，各方回应
https://new.qq.com/rain/a/20241203A02OLQ00

2024-12-04 00:38:15,356 - INFO - EXPIRED
人民财评：比亚迪“议价”供应商，理所应当
https://new.qq.com/rain/a/20241203A01MTY00

2024-12-04 00:38:15,356 - INFO - EXPIRED
6岁女孩跑完42公里全马？医生：若损伤严重或影响生长发育
https://new.qq.com/rain/a/20241203A04BH000

2024-12-04 00:38:15,356 - INFO - EXPIRED
离岸人民币两个交易日连破5关失守7.3，特朗普交易降温“假摔”
https://new.qq.com/rain/a/20241203A049QD00

2024-12-04 00:38:15,356 - INFO - EXPIRED
最高法：农村土地承包经营权不能作为遗产继承，但可享承包权益
https://new.qq.com/rain/a/20241203A030GU00

2024-12-04 00:38:15,356 - INFO - EXPIRED
幸福航空被曝长期欠薪，薪水都发不出来，为何还有钱开贵宾厅、买VIP车？
https://view.inews.qq.com/a/20241202Q04L7Z00

2024-12-04 00:38:15,356 - INFO - EXPIRED
奇迹生还！小轿车被侧翻搅拌车压扁，司机挥手求救，警方：受轻微伤
https://new.qq.com/rain/a/20241203A02S8400

2024-12-04 00:38:15,356 - INFO - EXPIRED
网传浙江湖州长兴县人民医院发生恶性伤人事件，官方：系谣言
https://new.qq.com/rain/a/20241203A03OYI00

2024-12-04 00:38:15,356 - INFO - EXPIRED
王祺扬任海南省委常委、三亚市委书记
https://new.qq.com/rain/a/20241203A048TI00

2024-12-04 00:38:15,356 - INFO - EXPIRED
越南北南高铁项目时隔14年在国会获批，将“独立自主”修建
https://new.qq.com/rain/a/20241203A011M100

2024-12-04 00:38:15,356 - INFO - EXPIRED
多人工资被折换成郑州一商场购物卡？每月仅一天能用，消费额被控制
https://new.qq.com/rain/a/20241202A08KAE00

2024-12-04 00:38:15,356 - INFO - EXPIRED
遍地群演月入四五千  短剧火热横店变“竖店”
https://new.qq.com/rain/a/20241203A00QB200

2024-12-04 00:38:15,356 - INFO - EXPIRED
多城上调首套房贷利率 分析：低息差已不支持大幅下调房贷利率
https://new.qq.com/rain/a/20241203A012W400

2024-12-04 00:38:15,356 - INFO - EXPIRED
女子10年交23万保险费，突然发现保险期长达73年，到2084年才能取
https://new.qq.com/rain/a/20241203A03PZM00

2024-12-04 00:38:15,356 - INFO - EXPIRED
10年期国债收益率跌破2%意味着什么
https://new.qq.com/rain/a/20241203A011G400

2024-12-04 00:38:15,356 - INFO - EXPIRED
中国工业第四城佛山，掉队了吗
https://new.qq.com/rain/a/20241203A01PMA00

2024-12-04 00:38:15,356 - INFO - EXPIRED
特朗普声称将阻止日本制铁收购美国钢铁的交易
https://new.qq.com/rain/a/20241203A02QRG00

2024-12-04 00:38:15,356 - INFO - EXPIRED
存款19年，215元变8元！小额管理费悄然“吞噬”存款
https://new.qq.com/rain/a/20241203A01JNO00

2024-12-04 00:38:15,356 - INFO - EXPIRED
孕妇想月子期间洗头被长辈包围劝阻，月子期间不能洗头吗？
https://view.inews.qq.com/a/20241202Q02ELT00

2024-12-04 00:38:16,220 - ERROR - ERROR
韩国国会对峙冲突现场：主楼内人员用沙发堵门 部分韩国军人破窗而入
https://new.qq.com/rain/a/20241204V017N000
('list index out of range',)
======
Traceback (most recent call last):
  File "/home/runner/work/qqnews/qqnews/qq.py", line 81, in process_article
    ss = str(tmpbs.select("div.LEFT div.content.clearfix")[0])
             ~~~~~~~~~~~~~~~~~~~~~~~~~~~~~~~~~~~~~~~~~~~~~^^^
IndexError: list index out of range


2024-12-04 00:38:16,236 - INFO - INVALID
国家安全部：境外间谍情报机关利用众包模式开展窃密活动，需引起警惕
https://new.qq.com/rain/a/20241204A012DB00

2024-12-04 00:38:16,241 - INFO - INVALID
联大通过决议要求立即和平解决巴以问题，美国以色列等反对
https://new.qq.com/rain/a/20241204A00WUD00

2024-12-04 00:38:16,266 - INFO - INVALID
美股收盘：标普年内第55次创历史新高 中概股指数“四连阳”
https://new.qq.com/rain/a/20241204A00Y9000

2024-12-04 00:38:16,314 - INFO - INVALID
法国国民议会将投票弹劾政府，法总理：一旦通过将更加艰难
https://new.qq.com/rain/a/20241204A00TXN00

2024-12-04 00:38:16,781 - INFO - INVALID
甘肃13批次食品抽检不合格，涉及毛毛虫面包、花椒锅巴、黄酒等
https://new.qq.com/rain/a/20241204A004ZX00

2024-12-04 00:38:16,851 - INFO - INVALID
土耳其总统埃尔多安与俄罗斯总统普京通电话 讨论叙利亚局势
https://new.qq.com/rain/a/20241204A00K9W00

2024-12-04 00:38:16,871 - INFO - INVALID
国际深一度｜“国家或陷入泥潭”：韩国惊险一夜，究竟发生了什么？
https://new.qq.com/rain/a/20241204A00P4H00

2024-12-04 02:20:41,259 - INFO - EXPIRED
女硕士患精神病后失踪15年被找回，已生两娃 家人：准备卖房给其治病
https://new.qq.com/rain/a/20241203A064FQ00

2024-12-04 02:20:41,260 - INFO - EXPIRED
中国版“N号房”：外网暗角的隐秘恶行
https://new.qq.com/rain/a/20241203A03D2200

2024-12-04 02:20:41,260 - INFO - EXPIRED
市场播报｜韩国戒严令风波后，韩股开跌近2%
https://new.qq.com/rain/a/20241203A09HHU00

2024-12-04 02:20:41,260 - INFO - EXPIRED
成都一渣土车侧翻压塌小客车 警方：两人当场死亡 货车驾驶员已被控制
https://new.qq.com/rain/a/20241203A09OLZ00

2024-12-04 02:20:41,260 - INFO - EXPIRED
首次披露！湖北省公安厅原副厅长干永平落马，涉嫌徇私枉法
https://new.qq.com/rain/a/20241203A06YBL00

2024-12-04 02:20:41,260 - INFO - EXPIRED
澳门最后的“赌王”去世，低调热衷慈善，因计算错误身价曾超李嘉诚
https://new.qq.com/rain/a/20241203A08P0I00

2024-12-04 02:20:41,260 - INFO - EXPIRED
网友喊话安徽巢湖博物馆：你家的文物发霉啦
https://new.qq.com/rain/a/20241203A05J9G00

2024-12-04 02:20:41,260 - INFO - EXPIRED
韩国总统尹锡悦戒严令遭到本党抵制，且紧急戒严令6小时后解除，他会因此下台吗？
https://view.inews.qq.com/a/20241203Q09XYR00

2024-12-04 02:20:41,260 - INFO - EXPIRED
刚卸任河北怀来县长的“85后”清华博士张琪已任怀来县委书记
https://new.qq.com/rain/a/20241203A0971000

2024-12-04 02:20:41,260 - INFO - EXPIRED
男子着急用钱却被限额，怒斥银行“卡里面的钱到底是谁的”，银行回应
https://new.qq.com/rain/a/20241203A05M1F00

2024-12-04 02:20:41,260 - INFO - EXPIRED
外交部：美方所谓新冠病毒报告没有任何可信度，搞栽赃陷害
https://new.qq.com/rain/a/20241203A096O600

2024-12-04 02:20:41,260 - INFO - EXPIRED
直播翻墙！韩国总统尹锡悦宣布“紧急戒严”，李在明翻墙进入国会
https://new.qq.com/rain/a/20241203V09XZ200

2024-12-04 02:20:41,260 - INFO - EXPIRED
尹锡悦宣布紧急戒严后，韩前总统文在寅发声：希望国民们守护和拯救民主主义
https://new.qq.com/rain/a/20241203A09W6T00

2024-12-04 02:20:41,260 - INFO - EXPIRED
韩国最大在野党党首李在明：“尹锡悦不再是韩国总统了”
https://new.qq.com/rain/a/20241203A09T9V00

2024-12-04 02:20:41,260 - INFO - EXPIRED
美国白宫：美国密切关注韩国局势发展
https://new.qq.com/rain/a/20241203A09TH300

2024-12-04 02:20:41,260 - INFO - EXPIRED
现场！韩国国会出入口关闭：门前出现冲突，人群同在场警察对峙
https://new.qq.com/rain/a/20241203V09R8600

2024-12-04 02:20:41,260 - INFO - EXPIRED
韩国总统深夜宣布“紧急戒严”，发生了什么？戒严有何目的？
https://view.inews.qq.com/a/20241203Q09H7800

2024-12-04 02:20:41,260 - INFO - EXPIRED
中国驻韩国大使馆：提醒在韩中国公民加强安全防范
https://new.qq.com/rain/a/20241203A09TP300

2024-12-04 02:20:41,260 - INFO - EXPIRED
湖北一男子挖出战国青铜剑：在平整后的农田发现 剑主身份尚无法确定
https://new.qq.com/rain/a/20241203V092TO00

2024-12-04 02:20:41,260 - INFO - EXPIRED
河南多地发布2025年春节烟花燃放规定：新乡禁放，郑州限放，洛阳正完善禁限方案
https://new.qq.com/rain/a/20241203A079IZ00

2024-12-04 02:20:41,260 - INFO - EXPIRED
55岁的他，“空降”直辖市任副市长
https://new.qq.com/rain/a/20241203A08HIT00

2024-12-04 02:20:41,260 - INFO - EXPIRED
19岁网红女骑手在三亚车祸去世，朋友：她还有一周过20岁生日
https://new.qq.com/rain/a/20241203A05NUP00

2024-12-04 02:20:41,260 - INFO - EXPIRED
未来五年没有大年三十，为何会出现这种情况？农历历法是怎么计算的？
https://view.inews.qq.com/a/20241203Q06XMD00

2024-12-04 02:20:41,260 - INFO - EXPIRED
外媒：北约外长会“极不可能”向乌发出入约邀请
https://new.qq.com/rain/a/20241203A0934K00

2024-12-04 02:20:41,260 - INFO - EXPIRED
劳斯莱斯车主疑因并道剐蹭出租车，停车后反辱骂的哥？交警：正在处理
https://new.qq.com/rain/a/20241203A08K7H00

2024-12-04 02:20:41,260 - INFO - EXPIRED
陕西洛川一越野车行驶中疑因所载液化气瓶泄漏起火，车主身亡
https://new.qq.com/rain/a/20241203A08LKH00

2024-12-04 02:20:41,260 - INFO - EXPIRED
蹭跑全马女孩父亲承认违规：女儿10岁已练跑步3年，赛中被她嫌跑得慢
https://new.qq.com/rain/a/20241203A05S0H00

2024-12-04 02:20:41,260 - INFO - EXPIRED
王毅：希望美国新政府走好未来4年中美互动的第一步
https://new.qq.com/rain/a/20241203A08EQ700

2024-12-04 02:20:41,260 - INFO - EXPIRED
98岁著名作曲家黄准去世，曾为《红色娘子军》等影片作曲
https://new.qq.com/rain/a/20241203A08X7E00

2024-12-04 02:20:41,260 - INFO - EXPIRED
巴基斯坦反恐，何以“越反越恐”
https://new.qq.com/rain/a/20241203A07RU900

2024-12-04 02:20:41,260 - INFO - EXPIRED
媒体：81岁著名音乐人刘家昌去世，曾为邓丽君、费玉清打造畅销歌曲
https://new.qq.com/rain/a/20241203A083XX00

2024-12-04 02:20:41,260 - INFO - EXPIRED
浙江嘉善多家快递网点暂停服务？快递员：停运的原因是罚款太凶
https://new.qq.com/rain/a/20241203A08B7000

2024-12-04 02:20:41,260 - INFO - EXPIRED
内蒙古3岁女童被生父及女友虐待致死案周五宣判 生母：被告必须死刑
https://new.qq.com/rain/a/20241203A06E7100

2024-12-04 02:20:41,260 - INFO - EXPIRED
中国官方推动建设市场监管信用修复全国统一平台
https://new.qq.com/rain/a/20241203A08GRR00

2024-12-04 02:20:41,260 - INFO - EXPIRED
《中国人口报》刊文：高校要发挥婚恋教育主阵地作用
https://new.qq.com/rain/a/20241203A04ZX900

2024-12-04 02:20:41,260 - INFO - EXPIRED
菲海警出动两艘日本造巡逻船，再赴鲎藤礁海域挑衅
https://new.qq.com/rain/a/20241203A07NAR00

2024-12-04 02:20:41,260 - INFO - EXPIRED
男老板凌晨发地址要女收银员前往，女方拒绝后11分钟被辞退，双方回应
https://new.qq.com/rain/a/20241203A05EZU00

2024-12-04 02:20:41,260 - INFO - EXPIRED
广州一教培机构多人趴地迎接领导，教育局：系6月份拍摄 公安曾去调查
https://new.qq.com/rain/a/20241203A07O9700

2024-12-04 02:20:41,260 - INFO - EXPIRED
法国总理巴尼耶或被罢免，为何刚上任3个月就面临下台危机？对马克龙有何影响？
https://view.inews.qq.com/a/20241203Q074M200

2024-12-04 02:20:41,260 - INFO - EXPIRED
美国特拉华州法院再次驳回马斯克高额薪酬计划，为何已迁到德州的特斯拉还归特拉华州管辖？
https://view.inews.qq.com/a/20241203Q014FB00

2024-12-04 02:20:41,260 - INFO - EXPIRED
国家再次提高部分退役军人和其他优抚对象抚恤补助标准
https://new.qq.com/rain/a/20241203A0766R00

2024-12-04 02:20:41,260 - INFO - EXPIRED
商务部：原则上不予许可镓、锗、锑、超硬材料相关两用物项对美出口
https://new.qq.com/rain/a/20241203A05WS300

2024-12-04 02:20:41,260 - INFO - EXPIRED
中国大熊猫保护研究中心最新回应“福宝”健康状况：初步检查无异常
https://new.qq.com/rain/a/20241203A07YL800

2024-12-04 02:20:41,260 - INFO - EXPIRED
深圳75后女副区长履新，曾因“一撮白发”走红网络
https://new.qq.com/rain/a/20241203A06JPL00

2024-12-04 02:20:41,260 - INFO - EXPIRED
北约秘书长警告特朗普：若对乌不利，美国就受“中国威胁”
https://new.qq.com/rain/a/20241203A0322H00

2024-12-04 02:20:41,260 - INFO - EXPIRED
小米汽车自动驾驶产品技术负责人刘方离职创业，布局具身智能
https://new.qq.com/rain/a/20241203A05P0E00

2024-12-04 02:20:41,260 - INFO - EXPIRED
男子刷视频发现妻子在结婚？调查后：女儿非亲生，儿子为妻子凭空捏造
https://new.qq.com/rain/a/20241203A0578F00

2024-12-04 02:20:41,260 - INFO - EXPIRED
建筑工赴港月薪3万，这个工资在香港算高吗？未来这样的机会多吗？
https://view.inews.qq.com/a/20241203Q05A4M00

2024-12-04 02:20:41,260 - INFO - EXPIRED
WTO总干事点名“中等强国”：中美新贸易战爆发前，赶紧联合起来
https://new.qq.com/rain/a/20241203A03QG300

2024-12-04 02:20:41,260 - INFO - EXPIRED
我为鹅厂做了第一支AI广告片，腾讯混元视频生成能力正式上线
https://new.qq.com/rain/a/20241203V06HSM00

2024-12-04 02:20:41,261 - INFO - EXPIRED
苏州金鸡湖畔有露营者在帐篷内身亡 官方：系瓦斯罐取暖使用不当
https://new.qq.com/rain/a/20241203A06R8500

2024-12-04 02:20:41,261 - INFO - EXPIRED
网红涌向联合国“开会”？知情人揭秘：花钱就能进，加钱还能发言
https://new.qq.com/rain/a/20241203A05D1O00

2024-12-04 02:20:41,261 - INFO - EXPIRED
成都“老房猎人”：8500元/平米老房年轻人抢着看 月成交量翻倍｜封面财经
https://new.qq.com/rain/a/20241203A031AH00

2024-12-04 02:20:41,261 - INFO - EXPIRED
美国斥资40亿美元去木卫二寻找外星生命，下这么大的本，真确定那里有吗？
https://view.inews.qq.com/a/20241122Q0607M00

2024-12-04 02:20:41,261 - INFO - EXPIRED
一个月飙升1000亿美元！SpaceX最新估值至3500亿美元
https://new.qq.com/rain/a/20241203A05B8A00

2024-12-04 02:20:41,261 - INFO - EXPIRED
赖清德结束窜访返台后，中方是否会在台周边举行军演？外交部回应
https://new.qq.com/rain/a/20241203A05OFA00

2024-12-04 02:20:41,261 - INFO - EXPIRED
总裁已潜逃境外？昔日千亿房企祥生控股声明：不实，是故意诽谤和污蔑
https://new.qq.com/rain/a/20241203A05PFY00

2024-12-04 02:20:41,261 - INFO - EXPIRED
农民工当面反映工资拖欠问题，江西省委书记当即要求：不得拖欠
https://new.qq.com/rain/a/20241203A03BJF00

2024-12-04 02:20:41,261 - INFO - EXPIRED
越南法院维持对房地产大亨张美兰的死刑判决
https://new.qq.com/rain/a/20241203A04TAG00

2024-12-04 02:20:41,261 - INFO - EXPIRED
央行修改狭义货币（M1）统计口径，意义是什么？各国的标准统一吗？
https://view.inews.qq.com/a/20241203Q04E5500

2024-12-04 02:20:41,261 - INFO - EXPIRED
每天仅五趟车，南京仙林站冷清到何时？官方回应规划定位
https://new.qq.com/rain/a/20241202A09QTJ00

2024-12-04 02:20:41,261 - INFO - EXPIRED
喀什飞西安航班有老鼠在乘客鞋子上窜来窜去？旅客讲述事发细节
https://new.qq.com/rain/a/20241203A049J900

2024-12-04 02:20:41,261 - INFO - EXPIRED
越南计划独立自主修建1541公里高铁，越南高铁是什么水平？面临哪些挑战？
https://view.inews.qq.com/a/20241203Q04PZ900

2024-12-04 02:20:41,261 - INFO - EXPIRED
多名癌症患者治疗后死亡，“药王谷”曾因52起投诉医患纠纷被严重处罚
https://new.qq.com/rain/a/20241203A04AQH00

2024-12-04 02:20:41,261 - INFO - EXPIRED
山西孝义部分政府项目被质疑为面子工程：投资2.83亿 仅设计费就502万
https://new.qq.com/rain/a/20241203A02OHS00

2024-12-04 02:20:41,261 - INFO - EXPIRED
小学废弃信箱中发现多封举报信，称老师体罚霸凌？拍摄者：不是剧本
https://new.qq.com/rain/a/20241203A04APE00

2024-12-04 02:20:41,261 - INFO - EXPIRED
英媒爆：在俄库尔斯克地区作战的乌军接到命令，坚守至特朗普明年1月就职
https://new.qq.com/rain/a/20241203A03YVE00

2024-12-04 02:20:41,261 - INFO - EXPIRED
有省份每年医院重复检查费超20亿，三年后全国或将实现医疗影像互认
https://new.qq.com/rain/a/20241202A08XIA00

2024-12-04 02:20:41,261 - INFO - EXPIRED
多省份开启县市区主官大面积调整
https://new.qq.com/rain/a/20241203A044LK00

2024-12-04 02:20:41,261 - INFO - EXPIRED
受害人被骗150万元含恨自杀，骗子被判15年不服，上诉被驳回
https://new.qq.com/rain/a/20241203A01U6T00

2024-12-04 02:20:41,261 - INFO - EXPIRED
特朗普被曝“面斥”特鲁多：如果加拿大不敲诈美国就活不下去，不如“成为美国第51个州”
https://new.qq.com/rain/a/20241203A042LZ00

2024-12-04 02:20:41,261 - INFO - EXPIRED
菲侵闯中国鲎藤礁现场图片公开 专家：菲方不可能占得丝毫便宜
https://new.qq.com/rain/a/20241203A04JVH00

2024-12-04 02:20:41,261 - INFO - EXPIRED
歌手“霉霉”明年来杭州开演唱会？当地澄清：是美好愿望和努力方向
https://new.qq.com/rain/a/20241203A047IL00

2024-12-04 02:20:41,261 - INFO - EXPIRED
梁建章建议取消中高考，缓解学生的学业压力，这个建议有道理吗？
https://view.inews.qq.com/a/20241202Q089OT00

2024-12-04 02:20:41,261 - INFO - EXPIRED
网传浙江一地“三通一达”等5家快递网点全部暂停服务，各方回应
https://new.qq.com/rain/a/20241203A02OLQ00

2024-12-04 02:20:41,261 - INFO - EXPIRED
人民财评：比亚迪“议价”供应商，理所应当
https://new.qq.com/rain/a/20241203A01MTY00

2024-12-04 02:20:41,261 - INFO - EXPIRED
6岁女孩跑完42公里全马？医生：若损伤严重或影响生长发育
https://new.qq.com/rain/a/20241203A04BH000

2024-12-04 02:20:41,261 - INFO - EXPIRED
离岸人民币两个交易日连破5关失守7.3，特朗普交易降温“假摔”
https://new.qq.com/rain/a/20241203A049QD00

2024-12-04 02:20:41,261 - INFO - EXPIRED
最高法：农村土地承包经营权不能作为遗产继承，但可享承包权益
https://new.qq.com/rain/a/20241203A030GU00

2024-12-04 02:20:41,261 - INFO - EXPIRED
幸福航空被曝长期欠薪，薪水都发不出来，为何还有钱开贵宾厅、买VIP车？
https://view.inews.qq.com/a/20241202Q04L7Z00

2024-12-04 02:20:41,261 - INFO - EXPIRED
奇迹生还！小轿车被侧翻搅拌车压扁，司机挥手求救，警方：受轻微伤
https://new.qq.com/rain/a/20241203A02S8400

2024-12-04 02:20:41,261 - INFO - EXPIRED
网传浙江湖州长兴县人民医院发生恶性伤人事件，官方：系谣言
https://new.qq.com/rain/a/20241203A03OYI00

2024-12-04 02:20:41,261 - INFO - EXPIRED
王祺扬任海南省委常委、三亚市委书记
https://new.qq.com/rain/a/20241203A048TI00

2024-12-04 02:20:41,261 - INFO - EXPIRED
越南北南高铁项目时隔14年在国会获批，将“独立自主”修建
https://new.qq.com/rain/a/20241203A011M100

2024-12-04 02:20:41,261 - INFO - EXPIRED
多人工资被折换成郑州一商场购物卡？每月仅一天能用，消费额被控制
https://new.qq.com/rain/a/20241202A08KAE00

2024-12-04 02:20:41,261 - INFO - EXPIRED
遍地群演月入四五千  短剧火热横店变“竖店”
https://new.qq.com/rain/a/20241203A00QB200

2024-12-04 02:20:41,261 - INFO - EXPIRED
多城上调首套房贷利率 分析：低息差已不支持大幅下调房贷利率
https://new.qq.com/rain/a/20241203A012W400

2024-12-04 02:20:41,261 - INFO - EXPIRED
女子10年交23万保险费，突然发现保险期长达73年，到2084年才能取
https://new.qq.com/rain/a/20241203A03PZM00

2024-12-04 02:20:42,511 - ERROR - ERROR
韩国国会对峙冲突现场：主楼内人员用沙发堵门 部分韩国军人破窗而入
https://new.qq.com/rain/a/20241204V017N000
('list index out of range',)
======
Traceback (most recent call last):
  File "/home/runner/work/qqnews/qqnews/qq.py", line 81, in process_article
    ss = str(tmpbs.select("div.LEFT div.content.clearfix")[0])
             ~~~~~~~~~~~~~~~~~~~~~~~~~~~~~~~~~~~~~~~~~~~~~^^^
IndexError: list index out of range


2024-12-04 02:20:42,519 - INFO - INVALID
美最强驱逐舰不惜血本搞“换装”：准备搭载高超音速导弹，对标中俄“快速进步压力”
https://new.qq.com/rain/a/20241204A013TM00

2024-12-04 02:20:42,608 - INFO - INVALID
韩国首尔“动荡”一夜，当地华人：半夜能听到直升机声
https://new.qq.com/rain/a/20241204A01QBS00

2024-12-04 02:20:42,617 - INFO - INVALID
国家安全部：境外间谍情报机关利用众包模式开展窃密活动，需引起警惕
https://new.qq.com/rain/a/20241204A012DB00

2024-12-04 02:20:42,621 - INFO - INVALID
父亲带10岁女儿“蹭跑”马拉松：组委会曾劝阻，女孩身体无异常
https://new.qq.com/rain/a/20241204A01T4600

2024-12-04 02:20:43,061 - INFO - INVALID
法国国民议会将投票弹劾政府，法总理：一旦通过将更加艰难
https://new.qq.com/rain/a/20241204A00TXN00

2024-12-04 02:20:43,071 - INFO - INVALID
美股收盘：标普年内第55次创历史新高 中概股指数“四连阳”
https://new.qq.com/rain/a/20241204A00Y9000

2024-12-04 02:20:43,167 - INFO - INVALID
联大通过决议要求立即和平解决巴以问题，美国以色列等反对
https://new.qq.com/rain/a/20241204A00WUD00

2024-12-04 02:20:43,172 - INFO - INVALID
土耳其总统埃尔多安与俄罗斯总统普京通电话 讨论叙利亚局势
https://new.qq.com/rain/a/20241204A00K9W00

2024-12-04 02:20:43,240 - INFO - INVALID
中国海警局新闻发言人就菲船只企图侵闯黄岩岛领海发表谈话
https://new.qq.com/rain/a/20241204A01FIB00

2024-12-04 02:20:43,627 - INFO - INVALID
甘肃13批次食品抽检不合格，涉及毛毛虫面包、花椒锅巴、黄酒等
https://new.qq.com/rain/a/20241204A004ZX00

2024-12-04 02:20:43,682 - INFO - INVALID
国际深一度｜“国家或陷入泥潭”：韩国惊险一夜，究竟发生了什么？
https://new.qq.com/rain/a/20241204A00P4H00

