2026-07-11 01:14:26,790 - INFO - Total time taken: {'ret': 0, 'msg': 'success', 'data': None}
2026-07-11 01:14:26,790 - INFO - 'NoneType' object is not subscriptable
2026-07-11 01:14:26,791 - INFO - Traceback (most recent call last):
  File "/home/runner/work/qqnews/qqnews/qq.py", line 128, in main
    for i in qq1["data"]["list"]:
             ~~~~~~~~~~~^^^^^^^^
TypeError: 'NoneType' object is not subscriptable

2026-07-11 04:48:50,717 - INFO - Total time taken: {'ret': 0, 'msg': 'success', 'data': None}
2026-07-11 04:48:50,718 - INFO - 'NoneType' object is not subscriptable
2026-07-11 04:48:50,718 - INFO - Traceback (most recent call last):
  File "/home/runner/work/qqnews/qqnews/qq.py", line 128, in main
    for i in qq1["data"]["list"]:
             ~~~~~~~~~~~^^^^^^^^
TypeError: 'NoneType' object is not subscriptable

2026-07-11 07:02:31,208 - INFO - Total time taken: {'ret': 0, 'msg': 'success', 'data': None}
2026-07-11 07:02:31,209 - INFO - 'NoneType' object is not subscriptable
2026-07-11 07:02:31,209 - INFO - Traceback (most recent call last):
  File "/home/runner/work/qqnews/qqnews/qq.py", line 128, in main
    for i in qq1["data"]["list"]:
             ~~~~~~~~~~~^^^^^^^^
TypeError: 'NoneType' object is not subscriptable

2026-07-11 09:11:56,683 - INFO - Total time taken: {'ret': 0, 'msg': 'success', 'data': None}
2026-07-11 09:11:56,683 - INFO - 'NoneType' object is not subscriptable
2026-07-11 09:11:56,683 - INFO - Traceback (most recent call last):
  File "/home/runner/work/qqnews/qqnews/qq.py", line 128, in main
    for i in qq1["data"]["list"]:
             ~~~~~~~~~~~^^^^^^^^
TypeError: 'NoneType' object is not subscriptable

2026-07-11 10:49:27,714 - INFO - Total time taken: {'ret': 0, 'msg': 'success', 'data': None}
2026-07-11 10:49:27,714 - INFO - 'NoneType' object is not subscriptable
2026-07-11 10:49:27,714 - INFO - Traceback (most recent call last):
  File "/home/runner/work/qqnews/qqnews/qq.py", line 128, in main
    for i in qq1["data"]["list"]:
             ~~~~~~~~~~~^^^^^^^^
TypeError: 'NoneType' object is not subscriptable

2026-07-11 11:40:18,844 - INFO - Total time taken: {'ret': 0, 'msg': 'success', 'data': None}
2026-07-11 11:40:18,844 - INFO - 'NoneType' object is not subscriptable
2026-07-11 11:40:18,844 - INFO - Traceback (most recent call last):
  File "/home/runner/work/qqnews/qqnews/qq.py", line 128, in main
    for i in qq1["data"]["list"]:
             ~~~~~~~~~~~^^^^^^^^
TypeError: 'NoneType' object is not subscriptable

2026-07-11 12:43:09,084 - INFO - Total time taken: {'ret': 0, 'msg': 'success', 'data': None}
2026-07-11 12:43:09,084 - INFO - 'NoneType' object is not subscriptable
2026-07-11 12:43:09,084 - INFO - Traceback (most recent call last):
  File "/home/runner/work/qqnews/qqnews/qq.py", line 128, in main
    for i in qq1["data"]["list"]:
             ~~~~~~~~~~~^^^^^^^^
TypeError: 'NoneType' object is not subscriptable

2026-07-11 14:14:57,825 - INFO - Total time taken: {'ret': 0, 'msg': 'success', 'data': None}
2026-07-11 14:14:57,825 - INFO - 'NoneType' object is not subscriptable
2026-07-11 14:14:57,825 - INFO - Traceback (most recent call last):
  File "/home/runner/work/qqnews/qqnews/qq.py", line 128, in main
    for i in qq1["data"]["list"]:
             ~~~~~~~~~~~^^^^^^^^
TypeError: 'NoneType' object is not subscriptable

2026-07-11 15:41:07,081 - INFO - Total time taken: {'ret': 0, 'msg': 'success', 'data': None}
2026-07-11 15:41:07,081 - INFO - 'NoneType' object is not subscriptable
2026-07-11 15:41:07,081 - INFO - Traceback (most recent call last):
  File "/home/runner/work/qqnews/qqnews/qq.py", line 128, in main
    for i in qq1["data"]["list"]:
             ~~~~~~~~~~~^^^^^^^^
TypeError: 'NoneType' object is not subscriptable

2026-07-11 16:38:29,532 - INFO - Total time taken: {'ret': 0, 'msg': 'success', 'data': None}
2026-07-11 16:38:29,532 - INFO - 'NoneType' object is not subscriptable
2026-07-11 16:38:29,533 - INFO - Traceback (most recent call last):
  File "/home/runner/work/qqnews/qqnews/qq.py", line 128, in main
    for i in qq1["data"]["list"]:
             ~~~~~~~~~~~^^^^^^^^
TypeError: 'NoneType' object is not subscriptable

2026-07-11 17:43:09,891 - INFO - Total time taken: {'ret': 0, 'msg': 'success', 'data': None}
2026-07-11 17:43:09,891 - INFO - 'NoneType' object is not subscriptable
2026-07-11 17:43:09,891 - INFO - Traceback (most recent call last):
  File "/home/runner/work/qqnews/qqnews/qq.py", line 128, in main
    for i in qq1["data"]["list"]:
             ~~~~~~~~~~~^^^^^^^^
TypeError: 'NoneType' object is not subscriptable

2026-07-11 18:39:31,746 - INFO - Total time taken: {'ret': 0, 'msg': 'success', 'data': None}
2026-07-11 18:39:31,746 - INFO - 'NoneType' object is not subscriptable
2026-07-11 18:39:31,747 - INFO - Traceback (most recent call last):
  File "/home/runner/work/qqnews/qqnews/qq.py", line 128, in main
    for i in qq1["data"]["list"]:
             ~~~~~~~~~~~^^^^^^^^
TypeError: 'NoneType' object is not subscriptable

2026-07-11 19:55:57,883 - INFO - Total time taken: {'ret': 0, 'msg': 'success', 'data': None}
2026-07-11 19:55:57,883 - INFO - 'NoneType' object is not subscriptable
2026-07-11 19:55:57,884 - INFO - Traceback (most recent call last):
  File "/home/runner/work/qqnews/qqnews/qq.py", line 128, in main
    for i in qq1["data"]["list"]:
             ~~~~~~~~~~~^^^^^^^^
TypeError: 'NoneType' object is not subscriptable

2026-07-11 20:35:47,490 - INFO - Total time taken: {'ret': 0, 'msg': 'success', 'data': None}
2026-07-11 20:35:47,490 - INFO - 'NoneType' object is not subscriptable
2026-07-11 20:35:47,491 - INFO - Traceback (most recent call last):
  File "/home/runner/work/qqnews/qqnews/qq.py", line 128, in main
    for i in qq1["data"]["list"]:
             ~~~~~~~~~~~^^^^^^^^
TypeError: 'NoneType' object is not subscriptable

2026-07-11 21:35:56,280 - INFO - Total time taken: {'ret': 0, 'msg': 'success', 'data': None}
2026-07-11 21:35:56,281 - INFO - 'NoneType' object is not subscriptable
2026-07-11 21:35:56,281 - INFO - Traceback (most recent call last):
  File "/home/runner/work/qqnews/qqnews/qq.py", line 128, in main
    for i in qq1["data"]["list"]:
             ~~~~~~~~~~~^^^^^^^^
TypeError: 'NoneType' object is not subscriptable

2026-07-11 22:33:16,695 - INFO - Total time taken: {'ret': 0, 'msg': 'success', 'data': None}
2026-07-11 22:33:16,696 - INFO - 'NoneType' object is not subscriptable
2026-07-11 22:33:16,696 - INFO - Traceback (most recent call last):
  File "/home/runner/work/qqnews/qqnews/qq.py", line 128, in main
    for i in qq1["data"]["list"]:
             ~~~~~~~~~~~^^^^^^^^
TypeError: 'NoneType' object is not subscriptable

