2025-01-05 00:38:38,145 - INFO - EXPIRED
“士兵肉搏”视频曝光！马斯克发声
https://new.qq.com/rain/a/20250104A087AU00

2025-01-05 00:38:38,145 - INFO - EXPIRED
山西一道路立杆上挂着约10个摄像头，且周围比较荒凉？当地回应
https://new.qq.com/rain/a/20250104A07NYV00

2025-01-05 00:38:38,145 - INFO - EXPIRED
演员张颂文疑陷漏税、家暴等风波，多名导演发文力挺：他是一个好人
https://new.qq.com/rain/a/20250104A061F500

2025-01-05 00:38:38,145 - INFO - EXPIRED
俄罗斯声称击落8枚美制导弹，誓言将对乌克兰进行报复
https://new.qq.com/rain/a/20250104A086TH00

2025-01-05 00:38:38,145 - INFO - EXPIRED
“丑萌丑萌”的蛇年纪念钞被疯抢，这纪念钞有收藏和投资价值吗？
https://view.inews.qq.com/a/20250104Q08CAX00

2025-01-05 00:38:38,145 - INFO - EXPIRED
工行行长呼吁：大型商业银行带头不打“价格战”
https://new.qq.com/rain/a/20250104A087SY00

2025-01-05 00:38:38,145 - INFO - EXPIRED
近8成A股影视公司去年股价下跌，涨最多的不是最赚钱的
https://new.qq.com/rain/a/20250104A086M500

2025-01-05 00:38:38,145 - INFO - EXPIRED
中央经济工作会议提出的重点任务，总理开会部署
https://new.qq.com/rain/a/20250104A089X000

2025-01-05 00:38:38,145 - INFO - EXPIRED
该交80保费却被收了400？家长质疑“困境儿童”未被纳入医疗救助对象 
https://new.qq.com/rain/a/20250104A06EFH00

2025-01-05 00:38:38,145 - INFO - EXPIRED
两男子PS不雅照敲诈勒索212名企业高管，一分钱未收到还被判刑
https://new.qq.com/rain/a/20250104A06DE400

2025-01-05 00:38:38,145 - INFO - EXPIRED
乌克兰一机械化旅曝逃兵丑闻：约1700名士兵未参与实战就离队
https://new.qq.com/rain/a/20250104V086PD00

2025-01-05 00:38:38,145 - INFO - EXPIRED
女大学生为赶飞机预约顺风车，因拒绝司机绕路办私事被丢高速路边
https://new.qq.com/rain/a/20250104A06C6B00

2025-01-05 00:38:38,145 - INFO - EXPIRED
用户诉Siri偷听获和解，律师分走2960万美元，美国律师这么赚钱吗？
https://view.inews.qq.com/a/20250104Q04W3500

2025-01-05 00:38:38,145 - INFO - EXPIRED
李明德痛斥马天宇耍大牌 剧组回应称是李明德耽误拍摄
https://new.qq.com/rain/a/20250104A0880Q00

2025-01-05 00:38:38,145 - INFO - EXPIRED
新华社快讯：巴基斯坦俾路支省一辆车遭爆炸袭击，至少3人死亡、数十人受伤
https://new.qq.com/rain/a/20250104A08CZ500

2025-01-05 00:38:38,145 - INFO - EXPIRED
美媒称印度特工参与密谋推翻马尔代夫总统，印度回应：不可信
https://new.qq.com/rain/a/20250104A07UVG00

2025-01-05 00:38:38,145 - INFO - EXPIRED
西安一冰瀑布景点中有冰柱掉落，游客躲开时滑倒受伤，当地回应
https://new.qq.com/rain/a/20250104A08DYV00

2025-01-05 00:38:38,145 - INFO - EXPIRED
通飞“空中三剑客”！他还透露一个信息
https://new.qq.com/rain/a/20250104A075A500

2025-01-05 00:38:38,145 - INFO - EXPIRED
俄乌“断气”仅3天 这些欧洲国家就坐不住了......
https://new.qq.com/rain/a/20250104A06RQJ00

2025-01-05 00:38:38,145 - INFO - EXPIRED
超千名官员等待中 美参议院将进入特朗普内阁“确认战”时间
https://new.qq.com/rain/a/20250104A07UW700

2025-01-05 00:38:38,145 - INFO - EXPIRED
李宁抢走安踏的“中国奥委会合作伙伴”
https://new.qq.com/rain/a/20250104A085JT00

2025-01-05 00:38:38,145 - INFO - EXPIRED
福建省委书记给全省县委书记“上课”
https://new.qq.com/rain/a/20250104A07WA000

2025-01-05 00:38:38,145 - INFO - EXPIRED
阿里“割肉”超350亿，陈好老公捡漏“大润发”
https://new.qq.com/rain/a/20250104A071XF00

2025-01-05 00:38:38,145 - INFO - EXPIRED
宁夏两所高校受地震影响提前放假：期末考试取消，下学期提前返校补考
https://new.qq.com/rain/a/20250104A07BT000

2025-01-05 00:38:38,145 - INFO - EXPIRED
中国驻韩国大使馆：提醒在韩中国公民远离政治活动
https://new.qq.com/rain/a/20250104A07R1800

2025-01-05 00:38:38,145 - INFO - EXPIRED
中超联赛开放外援有戏吗？业内人士：现阶段非好时机，或影响国足战力
https://new.qq.com/rain/a/20250104A07T9O00

2025-01-05 00:38:38,145 - INFO - EXPIRED
2025年央行重磅会议召开：实施适度宽松的货币政策，择机降准降息
https://new.qq.com/rain/a/20250104A07B8L00

2025-01-05 00:38:38,145 - INFO - EXPIRED
罗东川任青海省代省长
https://new.qq.com/rain/a/20250104A0810100

2025-01-05 00:38:38,145 - INFO - EXPIRED
生物学博士称多数成人睡7.5小时足够，为何我每天8小时还睡不醒？
https://view.inews.qq.com/a/20250103Q09QGV00

2025-01-05 00:38:38,145 - INFO - EXPIRED
2025年全国外汇管理工作会议：加强外汇市场逆周期调节和预期管理
https://new.qq.com/rain/a/20250104A07DJ100

2025-01-05 00:38:38,145 - INFO - EXPIRED
花9000万“润”到英国后，他成了“韭菜”
https://new.qq.com/rain/a/20250104A03NRI00

2025-01-05 00:38:38,145 - INFO - EXPIRED
全国宣传部长会议在京召开 蔡奇出席并讲话
https://new.qq.com/rain/a/20250104A07LNY00

2025-01-05 00:38:38,145 - INFO - EXPIRED
河北张家口市一菜市场发生火灾 当地通报：已致8人遇难15人受伤
https://new.qq.com/rain/a/20250104A06ED400

2025-01-05 00:38:38,145 - INFO - EXPIRED
厅长徐龙、市长王伟，职务对调
https://new.qq.com/rain/a/20250104A07MBU00

2025-01-05 00:38:38,145 - INFO - EXPIRED
快讯！外媒：俄国防部通报称，击落8枚美国提供的ATACMS导弹
https://new.qq.com/rain/a/20250104A074CI00

2025-01-05 00:38:38,145 - INFO - EXPIRED
特朗普对就职时美国仍“降半旗”表示不满
https://new.qq.com/rain/a/20250104A05BLO00

2025-01-05 00:38:38,145 - INFO - EXPIRED
宁夏石嘴山：一网民造谣“凌晨三点有大地震”引发恐慌，行拘十日
https://new.qq.com/rain/a/20250104A069VG00

2025-01-05 00:38:38,145 - INFO - EXPIRED
年轻人回乡创业找到新生活，县城创业和大城市有何不同？做什么赚钱？
https://view.inews.qq.com/a/20250104Q066VL00

2025-01-05 00:38:38,146 - INFO - EXPIRED
​​​​​​​2024年货币政策委员会最后一场例会，定调出现几大变化
https://new.qq.com/rain/a/20250104A06M5O00

2025-01-05 00:38:38,146 - INFO - EXPIRED
21年前内蒙古一出租车女司机载客遇害案告破，嫌疑人终落网
https://new.qq.com/rain/a/20250104A06Z0J00

2025-01-05 00:38:38,146 - INFO - EXPIRED
月子会所多人上吐下泻，菜刀检出诺如病毒，菜刀为何会“感染”？
https://view.inews.qq.com/a/20250104Q050ZH00

2025-01-05 00:38:38,146 - INFO - EXPIRED
吴敬平教练晒24年与樊振东聊天截图，鼓励樊振东活出自己
https://new.qq.com/rain/a/20250104A05W2Y00

2025-01-05 00:38:38,146 - INFO - EXPIRED
银川通报地震已致墙体裂缝脱皮七千多处！高速路离银车辆增加
https://new.qq.com/rain/a/20250104A05R7C00

2025-01-05 00:38:38,146 - INFO - EXPIRED
荷兰鹿特丹发生枪战 致1死3伤
https://new.qq.com/rain/a/20250104A06KBT00

2025-01-05 00:38:38,146 - INFO - EXPIRED
3.5万在北海道买一套170平米房子，当事人朋友：是捡漏，正常房价20万
https://new.qq.com/rain/a/20250104A0479500

2025-01-05 00:38:38,146 - INFO - EXPIRED
拜登阻止日企收购美铁，日本经济产业大臣：令人难以理解，日方别无选择，只能严肃对待
https://new.qq.com/rain/a/20250104A064SR00

2025-01-05 00:38:38,146 - INFO - EXPIRED
向人贩子民事索赔6元获法院受理 寻子家长雷公：这6元的社会意义不比百万元少
https://new.qq.com/rain/a/20250104A063SG00

2025-01-05 00:38:38,146 - INFO - EXPIRED
美媒：佩洛西接受髋关节手术后首次重返众议院，放弃标志性高跟鞋改换平底鞋露面
https://new.qq.com/rain/a/20250104A04AS000

2025-01-05 00:38:38,146 - INFO - EXPIRED
被特朗普“盯上”后，格陵兰岛自治政府总理再发声：“有必要”从丹麦独立
https://new.qq.com/rain/a/20250104A066YU00

2025-01-05 00:38:38,146 - INFO - EXPIRED
周末的上海被韩国人挤“爆”了
https://new.qq.com/rain/a/20250104A03DN300

2025-01-05 00:38:38,146 - INFO - EXPIRED
副区长搭档网红主播卖房，已获104套认购 本人回应：刚开始真的很矛盾
https://new.qq.com/rain/a/20250104A022TO00

2025-01-05 00:38:38,146 - INFO - EXPIRED
买家称在锅巴中吃出油炸壁虎，厂商：生产车间连蚊子都进不去，已报警
https://new.qq.com/rain/a/20250104A04V7H00

2025-01-05 00:38:38,146 - INFO - EXPIRED
男子被小客车撞成半瘫对方全责，遭个人意外伤害险拒赔？保险公司：他的机动三轮未年检，坐车上没动也算驾驶
https://new.qq.com/rain/a/20250103A09POL00

2025-01-05 00:38:38,146 - INFO - EXPIRED
军事专家：歼-35或将首登福建舰 2026年底四川舰有望服役
https://new.qq.com/rain/a/20250104A0563S00

2025-01-05 00:38:38,146 - INFO - EXPIRED
17岁网红抗癌6年后去世，父亲：花费150万元治疗，遗憾最终还是没保住
https://new.qq.com/rain/a/20250104A04AL600

2025-01-05 00:38:38,146 - INFO - EXPIRED
古代壁画“十二生肖图”有猫无蛇引热议，现在十二生肖为何没猫？
https://view.inews.qq.com/a/20250103Q03SQX00

2025-01-05 00:38:38,146 - INFO - EXPIRED
南北“换房”过年的年轻人：春节省下近万元 “良心对赌”换房前睡不好 | 封面财经
https://new.qq.com/rain/a/20250103A07CVP00

2025-01-05 00:38:38,146 - INFO - EXPIRED
被质疑“美国没能改变中国想法”，布林肯极力辩解
https://new.qq.com/rain/a/20250104A03MKK00

2025-01-05 00:38:38,146 - INFO - EXPIRED
全国铁路明起调图 5组关键词看懂新变化
https://new.qq.com/rain/a/20250104A04HLF00

2025-01-05 00:38:38,146 - INFO - EXPIRED
我市相关部门和柳州中燃公司就更换智能燃气表回应群众关切
https://new.qq.com/rain/a/20250104A023GT00

2025-01-05 00:38:38,146 - INFO - EXPIRED
雷军官宣：小米汽车工厂全面开放参观预约，已有超6000人报名
https://new.qq.com/rain/a/20250104A0499700

2025-01-05 00:38:38,146 - INFO - EXPIRED
流感挤爆三甲医院，这轮感染潮何时结束
https://new.qq.com/rain/a/20250103A08W3Y00

2025-01-05 00:38:38,146 - INFO - EXPIRED
银川最近为何小震不断？是否会发生大地震？官方回应
https://new.qq.com/rain/a/20250104A048KB00

2025-01-05 00:38:38,146 - INFO - EXPIRED
反腐为了人民——年度反腐大片即将开播
https://new.qq.com/rain/a/20250104A029C000

2025-01-05 00:38:38,146 - INFO - EXPIRED
最高近百万元！97家央企“一把手”2023年年薪披露
https://new.qq.com/rain/a/20250103A09T3R00

2025-01-05 00:38:38,146 - INFO - EXPIRED
韩国西南海域一钓鱼船浸水 3人死亡
https://new.qq.com/rain/a/20250104A05C5N00

2025-01-05 00:38:38,146 - INFO - EXPIRED
物业经理因“安全隐患”阻挡幼儿园开办被控寻衅滋事，获刑1年5个月
https://new.qq.com/rain/a/20250103A09AIQ00

2025-01-05 00:38:38,146 - INFO - EXPIRED
外媒：拜登正式阻止日本制铁公司收购美国钢铁公司，招致两家涉事企业严厉批评
https://new.qq.com/rain/a/20250104A026ZW00

2025-01-05 00:38:38,146 - INFO - EXPIRED
社保局人员违规为362人办养老保险受贿2575万，通过快手打赏花掉860万
https://new.qq.com/rain/a/20250103A07AB200

2025-01-05 00:38:38,146 - INFO - EXPIRED
有中国留学人员返美时因I-20表格无效而无法入境，中国驻洛杉矶总领馆提醒
https://new.qq.com/rain/a/20250104A01WH700

2025-01-05 00:38:38,146 - INFO - EXPIRED
NASA发布卫星图像：在“死亡之海”，中国建起“光伏长城”
https://new.qq.com/rain/a/20250103A0AAT300

2025-01-05 00:38:38,146 - INFO - EXPIRED
单位员工用国家秘密送人情被罚 国家安全机关提示
https://new.qq.com/rain/a/20250104A01XGW00

2025-01-05 00:38:38,146 - INFO - EXPIRED
德国多地机场计算机系统故障已解除
https://new.qq.com/rain/a/20250104A03G2500

2025-01-05 00:38:38,146 - INFO - EXPIRED
一线城市楼市成交齐创新高，中介：已做好迎接“金三银四”的准备
https://new.qq.com/rain/a/20250104A01QOG00

2025-01-05 00:38:38,146 - INFO - EXPIRED
部署中国造防空系统！塞尔维亚公布
https://new.qq.com/rain/a/20250104A02BD400

2025-01-05 00:38:38,146 - INFO - EXPIRED
宁夏银川举行震情新闻发布会：6人轻微伤 无人员死亡无房屋倒塌
https://new.qq.com/rain/a/20250104V03ZVC00

2025-01-05 00:38:38,146 - INFO - EXPIRED
万科2024：销售“瘦身”34.6%
https://new.qq.com/rain/a/20250104A00PR800

2025-01-05 00:38:38,146 - INFO - EXPIRED
创造历史！中国队首夺钢架雪车世界杯混合团体冠军
https://new.qq.com/rain/a/20250104A01VXJ00

2025-01-05 00:38:38,146 - INFO - EXPIRED
早买早“背刺”：提新车不到一周遭降价万元，车市价格战没有赢家
https://new.qq.com/rain/a/20250103A084Q200

2025-01-05 00:38:38,146 - INFO - EXPIRED
不得不说，韩国再次创造了历史
https://new.qq.com/rain/a/20250104A01N5M00

2025-01-05 00:38:38,146 - INFO - EXPIRED
美国国会开幕首日重演闹剧：特朗普紧急干预，约翰逊艰难连任议长
https://new.qq.com/rain/a/20250104A01BKT00

2025-01-05 00:38:38,146 - INFO - EXPIRED
弹性提前退休，何时能领养老金？北京人社部门回应
https://new.qq.com/rain/a/20250104A01C2C00

2025-01-05 00:38:38,146 - INFO - EXPIRED
择机降准降息！央行建议“加大货币政策调控强度”，坚决防范汇率超调
https://new.qq.com/rain/a/20250103A0AAZ200

2025-01-05 00:38:38,146 - INFO - EXPIRED
马斯克加大火力抨击英国政府 声称英国国王查尔斯应解散议会
https://new.qq.com/rain/a/20250104A015T800

2025-01-05 00:38:38,146 - INFO - EXPIRED
24岁小伙凌晨殒命租住屋，120医生怀疑是脑出血，警方法医称不排除吃太饱撑死？死因尚待进一步确认
https://new.qq.com/rain/a/20250103A08Q2F00

2025-01-05 00:38:38,146 - INFO - EXPIRED
泽连斯基称“尚未决定是否竞选连任”，俄媒：或意在向美国新一届政府表态以寻求支持
https://new.qq.com/rain/a/20250104A01IFS00

2025-01-05 00:38:38,146 - INFO - EXPIRED
复盘2024年直播电商：董宇辉单飞，李子柒归来，创一代二代下场带货
https://new.qq.com/rain/a/20250103A08S3V00

2025-01-05 00:38:38,146 - INFO - EXPIRED
美股终结五连跌，特斯拉强势反弹超8%，中概股全面复苏
https://new.qq.com/rain/a/20250104A01LK900

2025-01-05 00:38:38,146 - INFO - EXPIRED
欧盟委员会主席冯德莱恩确诊“严重肺炎” 未来两周将缺席公共活动
https://new.qq.com/rain/a/20250104A01IEQ00

2025-01-05 00:38:38,146 - INFO - EXPIRED
美法官维持特朗普“封口费”案定罪 判决日期定于1月10日
https://new.qq.com/rain/a/20250104A01CJS00

2025-01-05 00:38:38,146 - INFO - EXPIRED
巴西桥梁倒塌事故已致13人死亡
https://new.qq.com/rain/a/20250104A0196E00

2025-01-05 00:38:38,146 - INFO - EXPIRED
又一茅台原董事长被查背后
https://new.qq.com/rain/a/20250103A09D0Q00

2025-01-05 00:38:38,146 - INFO - EXPIRED
开年黄金卖疯了！买金要先拿号，消费者排队8小时，梵克雅宝都不香了
https://new.qq.com/rain/a/20250103A09O1S00

2025-01-05 00:38:38,146 - INFO - EXPIRED
网传演员张颂文被税务部门约谈，因收入申报与实际所得“严重不符”
https://new.qq.com/rain/a/20250103A0A8EE00

2025-01-05 00:38:38,146 - INFO - EXPIRED
卢卡申科透露将访华：“与中国合作是一件伟大的事”
https://new.qq.com/rain/a/20250103A09Z5L00

2025-01-05 00:38:38,146 - INFO - EXPIRED
涉及德国日本，俄常驻联合国代表强硬表态
https://new.qq.com/rain/a/20250103A09MZK00

2025-01-05 00:38:38,147 - INFO - EXPIRED
超市丢千万元托盘，让全员每人赔500元，这么做合理吗？
https://view.inews.qq.com/a/20250103Q096CA00

2025-01-05 00:38:39,284 - ERROR - ERROR
美国前总统卡特的国葬从佐治亚州开始 为期六天
https://new.qq.com/rain/a/20250105A000UE00
('list index out of range',)
======
Traceback (most recent call last):
  File "/home/runner/work/qqnews/qqnews/qq.py", line 81, in process_article
    ss = str(tmpbs.select("div.LEFT div.content.clearfix")[0])
             ~~~~~~~~~~~~~~~~~~~~~~~~~~~~~~~~~~~~~~~~~~~~~^^^
IndexError: list index out of range


2025-01-05 00:38:39,339 - ERROR - ERROR
央行宣布将择机降准降息 “择机”以何为标志？专家解读
https://new.qq.com/rain/a/20250105A019GO00
('list index out of range',)
======
Traceback (most recent call last):
  File "/home/runner/work/qqnews/qqnews/qq.py", line 81, in process_article
    ss = str(tmpbs.select("div.LEFT div.content.clearfix")[0])
             ~~~~~~~~~~~~~~~~~~~~~~~~~~~~~~~~~~~~~~~~~~~~~^^^
IndexError: list index out of range


2025-01-05 00:38:39,342 - ERROR - ERROR
中国政府拟限制磷酸铁锂技术出口
https://new.qq.com/rain/a/20250105A01TMQ00
('list index out of range',)
======
Traceback (most recent call last):
  File "/home/runner/work/qqnews/qqnews/qq.py", line 81, in process_article
    ss = str(tmpbs.select("div.LEFT div.content.clearfix")[0])
             ~~~~~~~~~~~~~~~~~~~~~~~~~~~~~~~~~~~~~~~~~~~~~^^^
IndexError: list index out of range


2025-01-05 02:15:51,218 - INFO - EXPIRED
“士兵肉搏”视频曝光！马斯克发声
https://new.qq.com/rain/a/20250104A087AU00

2025-01-05 02:15:51,218 - INFO - EXPIRED
山西一道路立杆上挂着约10个摄像头，且周围比较荒凉？当地回应
https://new.qq.com/rain/a/20250104A07NYV00

2025-01-05 02:15:51,218 - INFO - EXPIRED
演员张颂文疑陷漏税、家暴等风波，多名导演发文力挺：他是一个好人
https://new.qq.com/rain/a/20250104A061F500

2025-01-05 02:15:51,218 - INFO - EXPIRED
工行行长呼吁：大型商业银行带头不打“价格战”
https://new.qq.com/rain/a/20250104A087SY00

2025-01-05 02:15:51,218 - INFO - EXPIRED
泰国女总理匍匐在同龄小公主照片前，为何见王室照片也要行跪拜礼？
https://view.inews.qq.com/a/20250103Q059A700

2025-01-05 02:15:51,218 - INFO - EXPIRED
新婚妻子“人间蒸发”，新郎父亲质疑其骗婚：前后花了约30万
https://new.qq.com/rain/a/20250104A08B2A00

2025-01-05 02:15:51,218 - INFO - EXPIRED
“丑萌丑萌”的蛇年纪念钞被疯抢，这纪念钞有收藏和投资价值吗？
https://view.inews.qq.com/a/20250104Q08CAX00

2025-01-05 02:15:51,218 - INFO - EXPIRED
俄罗斯声称击落8枚美制导弹，誓言将对乌克兰进行报复
https://new.qq.com/rain/a/20250104A086TH00

2025-01-05 02:15:51,218 - INFO - EXPIRED
近8成A股影视公司去年股价下跌，涨最多的不是最赚钱的
https://new.qq.com/rain/a/20250104A086M500

2025-01-05 02:15:51,218 - INFO - EXPIRED
中央经济工作会议提出的重点任务，总理开会部署
https://new.qq.com/rain/a/20250104A089X000

2025-01-05 02:15:51,218 - INFO - EXPIRED
该交80保费却被收了400？家长质疑“困境儿童”未被纳入医疗救助对象 
https://new.qq.com/rain/a/20250104A06EFH00

2025-01-05 02:15:51,218 - INFO - EXPIRED
两男子PS不雅照敲诈勒索212名企业高管，一分钱未收到还被判刑
https://new.qq.com/rain/a/20250104A06DE400

2025-01-05 02:15:51,218 - INFO - EXPIRED
乌克兰一机械化旅曝逃兵丑闻：约1700名士兵未参与实战就离队
https://new.qq.com/rain/a/20250104V086PD00

2025-01-05 02:15:51,218 - INFO - EXPIRED
女大学生为赶飞机预约顺风车，因拒绝司机绕路办私事被丢高速路边
https://new.qq.com/rain/a/20250104A06C6B00

2025-01-05 02:15:51,218 - INFO - EXPIRED
用户诉Siri偷听获和解，律师分走2960万美元，美国律师这么赚钱吗？
https://view.inews.qq.com/a/20250104Q04W3500

2025-01-05 02:15:51,218 - INFO - EXPIRED
李明德痛斥马天宇耍大牌 剧组回应称是李明德耽误拍摄
https://new.qq.com/rain/a/20250104A0880Q00

2025-01-05 02:15:51,218 - INFO - EXPIRED
新华社快讯：巴基斯坦俾路支省一辆车遭爆炸袭击，至少3人死亡、数十人受伤
https://new.qq.com/rain/a/20250104A08CZ500

2025-01-05 02:15:51,218 - INFO - EXPIRED
美媒称印度特工参与密谋推翻马尔代夫总统，印度回应：不可信
https://new.qq.com/rain/a/20250104A07UVG00

2025-01-05 02:15:51,218 - INFO - EXPIRED
西安一冰瀑布景点中有冰柱掉落，游客躲开时滑倒受伤，当地回应
https://new.qq.com/rain/a/20250104A08DYV00

2025-01-05 02:15:51,218 - INFO - EXPIRED
通飞“空中三剑客”！他还透露一个信息
https://new.qq.com/rain/a/20250104A075A500

2025-01-05 02:15:51,218 - INFO - EXPIRED
俄乌“断气”仅3天 这些欧洲国家就坐不住了......
https://new.qq.com/rain/a/20250104A06RQJ00

2025-01-05 02:15:51,218 - INFO - EXPIRED
超千名官员等待中 美参议院将进入特朗普内阁“确认战”时间
https://new.qq.com/rain/a/20250104A07UW700

2025-01-05 02:15:51,218 - INFO - EXPIRED
李宁抢走安踏的“中国奥委会合作伙伴”
https://new.qq.com/rain/a/20250104A085JT00

2025-01-05 02:15:51,218 - INFO - EXPIRED
福建省委书记给全省县委书记“上课”
https://new.qq.com/rain/a/20250104A07WA000

2025-01-05 02:15:51,218 - INFO - EXPIRED
阿里“割肉”超350亿，陈好老公捡漏“大润发”
https://new.qq.com/rain/a/20250104A071XF00

2025-01-05 02:15:51,218 - INFO - EXPIRED
宁夏两所高校受地震影响提前放假：期末考试取消，下学期提前返校补考
https://new.qq.com/rain/a/20250104A07BT000

2025-01-05 02:15:51,218 - INFO - EXPIRED
中国驻韩国大使馆：提醒在韩中国公民远离政治活动
https://new.qq.com/rain/a/20250104A07R1800

2025-01-05 02:15:51,218 - INFO - EXPIRED
中超联赛开放外援有戏吗？业内人士：现阶段非好时机，或影响国足战力
https://new.qq.com/rain/a/20250104A07T9O00

2025-01-05 02:15:51,218 - INFO - EXPIRED
2025年央行重磅会议召开：实施适度宽松的货币政策，择机降准降息
https://new.qq.com/rain/a/20250104A07B8L00

2025-01-05 02:15:51,218 - INFO - EXPIRED
罗东川任青海省代省长
https://new.qq.com/rain/a/20250104A0810100

2025-01-05 02:15:51,218 - INFO - EXPIRED
生物学博士称多数成人睡7.5小时足够，为何我每天8小时还睡不醒？
https://view.inews.qq.com/a/20250103Q09QGV00

2025-01-05 02:15:51,219 - INFO - EXPIRED
2025年全国外汇管理工作会议：加强外汇市场逆周期调节和预期管理
https://new.qq.com/rain/a/20250104A07DJ100

2025-01-05 02:15:51,219 - INFO - EXPIRED
花9000万“润”到英国后，他成了“韭菜”
https://new.qq.com/rain/a/20250104A03NRI00

2025-01-05 02:15:51,219 - INFO - EXPIRED
全国宣传部长会议在京召开 蔡奇出席并讲话
https://new.qq.com/rain/a/20250104A07LNY00

2025-01-05 02:15:51,219 - INFO - EXPIRED
河北张家口市一菜市场发生火灾 当地通报：已致8人遇难15人受伤
https://new.qq.com/rain/a/20250104A06ED400

2025-01-05 02:15:51,219 - INFO - EXPIRED
厅长徐龙、市长王伟，职务对调
https://new.qq.com/rain/a/20250104A07MBU00

2025-01-05 02:15:51,219 - INFO - EXPIRED
快讯！外媒：俄国防部通报称，击落8枚美国提供的ATACMS导弹
https://new.qq.com/rain/a/20250104A074CI00

2025-01-05 02:15:51,219 - INFO - EXPIRED
特朗普对就职时美国仍“降半旗”表示不满
https://new.qq.com/rain/a/20250104A05BLO00

2025-01-05 02:15:51,219 - INFO - EXPIRED
宁夏石嘴山：一网民造谣“凌晨三点有大地震”引发恐慌，行拘十日
https://new.qq.com/rain/a/20250104A069VG00

2025-01-05 02:15:51,219 - INFO - EXPIRED
年轻人回乡创业找到新生活，县城创业和大城市有何不同？做什么赚钱？
https://view.inews.qq.com/a/20250104Q066VL00

2025-01-05 02:15:51,219 - INFO - EXPIRED
​​​​​​​2024年货币政策委员会最后一场例会，定调出现几大变化
https://new.qq.com/rain/a/20250104A06M5O00

2025-01-05 02:15:51,219 - INFO - EXPIRED
21年前内蒙古一出租车女司机载客遇害案告破，嫌疑人终落网
https://new.qq.com/rain/a/20250104A06Z0J00

2025-01-05 02:15:51,219 - INFO - EXPIRED
月子会所多人上吐下泻，菜刀检出诺如病毒，菜刀为何会“感染”？
https://view.inews.qq.com/a/20250104Q050ZH00

2025-01-05 02:15:51,219 - INFO - EXPIRED
吴敬平教练晒24年与樊振东聊天截图，鼓励樊振东活出自己
https://new.qq.com/rain/a/20250104A05W2Y00

2025-01-05 02:15:51,219 - INFO - EXPIRED
银川通报地震已致墙体裂缝脱皮七千多处！高速路离银车辆增加
https://new.qq.com/rain/a/20250104A05R7C00

2025-01-05 02:15:51,219 - INFO - EXPIRED
荷兰鹿特丹发生枪战 致1死3伤
https://new.qq.com/rain/a/20250104A06KBT00

2025-01-05 02:15:51,219 - INFO - EXPIRED
3.5万在北海道买一套170平米房子，当事人朋友：是捡漏，正常房价20万
https://new.qq.com/rain/a/20250104A0479500

2025-01-05 02:15:51,219 - INFO - EXPIRED
拜登阻止日企收购美铁，日本经济产业大臣：令人难以理解，日方别无选择，只能严肃对待
https://new.qq.com/rain/a/20250104A064SR00

2025-01-05 02:15:51,219 - INFO - EXPIRED
向人贩子民事索赔6元获法院受理 寻子家长雷公：这6元的社会意义不比百万元少
https://new.qq.com/rain/a/20250104A063SG00

2025-01-05 02:15:51,219 - INFO - EXPIRED
美媒：佩洛西接受髋关节手术后首次重返众议院，放弃标志性高跟鞋改换平底鞋露面
https://new.qq.com/rain/a/20250104A04AS000

2025-01-05 02:15:51,219 - INFO - EXPIRED
被特朗普“盯上”后，格陵兰岛自治政府总理再发声：“有必要”从丹麦独立
https://new.qq.com/rain/a/20250104A066YU00

2025-01-05 02:15:51,219 - INFO - EXPIRED
周末的上海被韩国人挤“爆”了
https://new.qq.com/rain/a/20250104A03DN300

2025-01-05 02:15:51,219 - INFO - EXPIRED
副区长搭档网红主播卖房，已获104套认购 本人回应：刚开始真的很矛盾
https://new.qq.com/rain/a/20250104A022TO00

2025-01-05 02:15:51,219 - INFO - EXPIRED
买家称在锅巴中吃出油炸壁虎，厂商：生产车间连蚊子都进不去，已报警
https://new.qq.com/rain/a/20250104A04V7H00

2025-01-05 02:15:51,219 - INFO - EXPIRED
男子被小客车撞成半瘫对方全责，遭个人意外伤害险拒赔？保险公司：他的机动三轮未年检，坐车上没动也算驾驶
https://new.qq.com/rain/a/20250103A09POL00

2025-01-05 02:15:51,219 - INFO - EXPIRED
军事专家：歼-35或将首登福建舰 2026年底四川舰有望服役
https://new.qq.com/rain/a/20250104A0563S00

2025-01-05 02:15:51,219 - INFO - EXPIRED
17岁网红抗癌6年后去世，父亲：花费150万元治疗，遗憾最终还是没保住
https://new.qq.com/rain/a/20250104A04AL600

2025-01-05 02:15:51,219 - INFO - EXPIRED
古代壁画“十二生肖图”有猫无蛇引热议，现在十二生肖为何没猫？
https://view.inews.qq.com/a/20250103Q03SQX00

2025-01-05 02:15:51,219 - INFO - EXPIRED
南北“换房”过年的年轻人：春节省下近万元 “良心对赌”换房前睡不好 | 封面财经
https://new.qq.com/rain/a/20250103A07CVP00

2025-01-05 02:15:51,219 - INFO - EXPIRED
被质疑“美国没能改变中国想法”，布林肯极力辩解
https://new.qq.com/rain/a/20250104A03MKK00

2025-01-05 02:15:51,219 - INFO - EXPIRED
全国铁路明起调图 5组关键词看懂新变化
https://new.qq.com/rain/a/20250104A04HLF00

2025-01-05 02:15:51,219 - INFO - EXPIRED
我市相关部门和柳州中燃公司就更换智能燃气表回应群众关切
https://new.qq.com/rain/a/20250104A023GT00

2025-01-05 02:15:51,219 - INFO - EXPIRED
雷军官宣：小米汽车工厂全面开放参观预约，已有超6000人报名
https://new.qq.com/rain/a/20250104A0499700

2025-01-05 02:15:51,219 - INFO - EXPIRED
流感挤爆三甲医院，这轮感染潮何时结束
https://new.qq.com/rain/a/20250103A08W3Y00

2025-01-05 02:15:51,219 - INFO - EXPIRED
银川最近为何小震不断？是否会发生大地震？官方回应
https://new.qq.com/rain/a/20250104A048KB00

2025-01-05 02:15:51,219 - INFO - EXPIRED
反腐为了人民——年度反腐大片即将开播
https://new.qq.com/rain/a/20250104A029C000

2025-01-05 02:15:51,219 - INFO - EXPIRED
最高近百万元！97家央企“一把手”2023年年薪披露
https://new.qq.com/rain/a/20250103A09T3R00

2025-01-05 02:15:51,219 - INFO - EXPIRED
韩国西南海域一钓鱼船浸水 3人死亡
https://new.qq.com/rain/a/20250104A05C5N00

2025-01-05 02:15:51,219 - INFO - EXPIRED
物业经理因“安全隐患”阻挡幼儿园开办被控寻衅滋事，获刑1年5个月
https://new.qq.com/rain/a/20250103A09AIQ00

2025-01-05 02:15:51,219 - INFO - EXPIRED
外媒：拜登正式阻止日本制铁公司收购美国钢铁公司，招致两家涉事企业严厉批评
https://new.qq.com/rain/a/20250104A026ZW00

2025-01-05 02:15:51,219 - INFO - EXPIRED
社保局人员违规为362人办养老保险受贿2575万，通过快手打赏花掉860万
https://new.qq.com/rain/a/20250103A07AB200

2025-01-05 02:15:51,219 - INFO - EXPIRED
有中国留学人员返美时因I-20表格无效而无法入境，中国驻洛杉矶总领馆提醒
https://new.qq.com/rain/a/20250104A01WH700

2025-01-05 02:15:51,219 - INFO - EXPIRED
NASA发布卫星图像：在“死亡之海”，中国建起“光伏长城”
https://new.qq.com/rain/a/20250103A0AAT300

2025-01-05 02:15:51,219 - INFO - EXPIRED
单位员工用国家秘密送人情被罚 国家安全机关提示
https://new.qq.com/rain/a/20250104A01XGW00

2025-01-05 02:15:51,219 - INFO - EXPIRED
德国多地机场计算机系统故障已解除
https://new.qq.com/rain/a/20250104A03G2500

2025-01-05 02:15:51,219 - INFO - EXPIRED
一线城市楼市成交齐创新高，中介：已做好迎接“金三银四”的准备
https://new.qq.com/rain/a/20250104A01QOG00

2025-01-05 02:15:51,219 - INFO - EXPIRED
部署中国造防空系统！塞尔维亚公布
https://new.qq.com/rain/a/20250104A02BD400

2025-01-05 02:15:51,219 - INFO - EXPIRED
宁夏银川举行震情新闻发布会：6人轻微伤 无人员死亡无房屋倒塌
https://new.qq.com/rain/a/20250104V03ZVC00

2025-01-05 02:15:51,219 - INFO - EXPIRED
万科2024：销售“瘦身”34.6%
https://new.qq.com/rain/a/20250104A00PR800

2025-01-05 02:15:51,219 - INFO - EXPIRED
创造历史！中国队首夺钢架雪车世界杯混合团体冠军
https://new.qq.com/rain/a/20250104A01VXJ00

2025-01-05 02:15:51,219 - INFO - EXPIRED
早买早“背刺”：提新车不到一周遭降价万元，车市价格战没有赢家
https://new.qq.com/rain/a/20250103A084Q200

2025-01-05 02:15:51,219 - INFO - EXPIRED
不得不说，韩国再次创造了历史
https://new.qq.com/rain/a/20250104A01N5M00

2025-01-05 02:15:51,219 - INFO - EXPIRED
美国国会开幕首日重演闹剧：特朗普紧急干预，约翰逊艰难连任议长
https://new.qq.com/rain/a/20250104A01BKT00

2025-01-05 02:15:51,219 - INFO - EXPIRED
弹性提前退休，何时能领养老金？北京人社部门回应
https://new.qq.com/rain/a/20250104A01C2C00

2025-01-05 02:15:51,219 - INFO - EXPIRED
择机降准降息！央行建议“加大货币政策调控强度”，坚决防范汇率超调
https://new.qq.com/rain/a/20250103A0AAZ200

2025-01-05 02:15:51,219 - INFO - EXPIRED
马斯克加大火力抨击英国政府 声称英国国王查尔斯应解散议会
https://new.qq.com/rain/a/20250104A015T800

2025-01-05 02:15:51,219 - INFO - EXPIRED
24岁小伙凌晨殒命租住屋，120医生怀疑是脑出血，警方法医称不排除吃太饱撑死？死因尚待进一步确认
https://new.qq.com/rain/a/20250103A08Q2F00

2025-01-05 02:15:51,220 - INFO - EXPIRED
泽连斯基称“尚未决定是否竞选连任”，俄媒：或意在向美国新一届政府表态以寻求支持
https://new.qq.com/rain/a/20250104A01IFS00

2025-01-05 02:15:51,220 - INFO - EXPIRED
复盘2024年直播电商：董宇辉单飞，李子柒归来，创一代二代下场带货
https://new.qq.com/rain/a/20250103A08S3V00

2025-01-05 02:15:51,220 - INFO - EXPIRED
美股终结五连跌，特斯拉强势反弹超8%，中概股全面复苏
https://new.qq.com/rain/a/20250104A01LK900

2025-01-05 02:15:51,220 - INFO - EXPIRED
欧盟委员会主席冯德莱恩确诊“严重肺炎” 未来两周将缺席公共活动
https://new.qq.com/rain/a/20250104A01IEQ00

2025-01-05 02:15:51,220 - INFO - EXPIRED
美法官维持特朗普“封口费”案定罪 判决日期定于1月10日
https://new.qq.com/rain/a/20250104A01CJS00

2025-01-05 02:15:51,220 - INFO - EXPIRED
巴西桥梁倒塌事故已致13人死亡
https://new.qq.com/rain/a/20250104A0196E00

2025-01-05 02:15:51,220 - INFO - EXPIRED
又一茅台原董事长被查背后
https://new.qq.com/rain/a/20250103A09D0Q00

2025-01-05 02:15:52,561 - ERROR - ERROR
央行宣布将择机降准降息 “择机”以何为标志？专家解读
https://new.qq.com/rain/a/20250105A019GO00
('list index out of range',)
======
Traceback (most recent call last):
  File "/home/runner/work/qqnews/qqnews/qq.py", line 81, in process_article
    ss = str(tmpbs.select("div.LEFT div.content.clearfix")[0])
             ~~~~~~~~~~~~~~~~~~~~~~~~~~~~~~~~~~~~~~~~~~~~~^^^
IndexError: list index out of range


2025-01-05 02:15:52,571 - ERROR - ERROR
美日因新日铁收购美铁吵起来了，还扯到中国身上
https://new.qq.com/rain/a/20250105A01WUD00
('list index out of range',)
======
Traceback (most recent call last):
  File "/home/runner/work/qqnews/qqnews/qq.py", line 81, in process_article
    ss = str(tmpbs.select("div.LEFT div.content.clearfix")[0])
             ~~~~~~~~~~~~~~~~~~~~~~~~~~~~~~~~~~~~~~~~~~~~~^^^
IndexError: list index out of range


2025-01-05 02:15:52,642 - ERROR - ERROR
中国政府拟限制磷酸铁锂技术出口
https://new.qq.com/rain/a/20250105A01TMQ00
('list index out of range',)
======
Traceback (most recent call last):
  File "/home/runner/work/qqnews/qqnews/qq.py", line 81, in process_article
    ss = str(tmpbs.select("div.LEFT div.content.clearfix")[0])
             ~~~~~~~~~~~~~~~~~~~~~~~~~~~~~~~~~~~~~~~~~~~~~^^^
IndexError: list index out of range


2025-01-05 02:15:52,726 - ERROR - ERROR
从火速入局到悄然断更，想靠短剧带货的主播们去哪儿了
https://new.qq.com/rain/a/20250105A021FZ00
('list index out of range',)
======
Traceback (most recent call last):
  File "/home/runner/work/qqnews/qqnews/qq.py", line 81, in process_article
    ss = str(tmpbs.select("div.LEFT div.content.clearfix")[0])
             ~~~~~~~~~~~~~~~~~~~~~~~~~~~~~~~~~~~~~~~~~~~~~^^^
IndexError: list index out of range


2025-01-05 02:15:52,895 - ERROR - ERROR
人去楼空！多地保时捷线下门店被曝关闭
https://new.qq.com/rain/a/20250105A021TM00
('list index out of range',)
======
Traceback (most recent call last):
  File "/home/runner/work/qqnews/qqnews/qq.py", line 81, in process_article
    ss = str(tmpbs.select("div.LEFT div.content.clearfix")[0])
             ~~~~~~~~~~~~~~~~~~~~~~~~~~~~~~~~~~~~~~~~~~~~~^^^
IndexError: list index out of range


2025-01-05 02:15:53,089 - ERROR - ERROR
美国前总统卡特的国葬从佐治亚州开始 为期六天
https://new.qq.com/rain/a/20250105A000UE00
('list index out of range',)
======
Traceback (most recent call last):
  File "/home/runner/work/qqnews/qqnews/qq.py", line 81, in process_article
    ss = str(tmpbs.select("div.LEFT div.content.clearfix")[0])
             ~~~~~~~~~~~~~~~~~~~~~~~~~~~~~~~~~~~~~~~~~~~~~^^^
IndexError: list index out of range


2025-01-05 03:16:45,163 - INFO - EXPIRED
换了智能燃气表后“跑得飞快”，市民要求换回机械表？广西柳州回应
https://new.qq.com/rain/a/20250104A075YP00

2025-01-05 03:16:45,163 - INFO - EXPIRED
新婚妻子“人间蒸发”，新郎父亲质疑其骗婚：前后花了约30万
https://new.qq.com/rain/a/20250104A08B2A00

2025-01-05 03:16:45,163 - INFO - EXPIRED
女销冠再次年销170台车，保时捷中国裁员，她的业绩为何这么好？
https://view.inews.qq.com/a/20250104Q0767V00

2025-01-05 03:16:45,163 - INFO - EXPIRED
工行行长呼吁：大型商业银行带头不打“价格战”
https://new.qq.com/rain/a/20250104A087SY00

2025-01-05 03:16:45,163 - INFO - EXPIRED
“士兵肉搏”视频曝光！马斯克发声
https://new.qq.com/rain/a/20250104A087AU00

2025-01-05 03:16:45,164 - INFO - EXPIRED
山西一道路立杆上挂着约10个摄像头，且周围比较荒凉？当地回应
https://new.qq.com/rain/a/20250104A07NYV00

2025-01-05 03:16:45,164 - INFO - EXPIRED
主播说联播丨年度反腐大片5日开播，12个案例传递哪些信息？
https://new.qq.com/rain/a/20250104A081SG00

2025-01-05 03:16:45,164 - INFO - EXPIRED
“丑萌丑萌”的蛇年纪念钞被疯抢，这纪念钞有收藏和投资价值吗？
https://view.inews.qq.com/a/20250104Q08CAX00

2025-01-05 03:16:45,164 - INFO - EXPIRED
俄罗斯声称击落8枚美制导弹，誓言将对乌克兰进行报复
https://new.qq.com/rain/a/20250104A086TH00

2025-01-05 03:16:45,164 - INFO - EXPIRED
近8成A股影视公司去年股价下跌，涨最多的不是最赚钱的
https://new.qq.com/rain/a/20250104A086M500

2025-01-05 03:16:45,164 - INFO - EXPIRED
中央经济工作会议提出的重点任务，总理开会部署
https://new.qq.com/rain/a/20250104A089X000

2025-01-05 03:16:45,164 - INFO - EXPIRED
泰国女总理匍匐在同龄小公主照片前，为何见王室照片也要行跪拜礼？
https://view.inews.qq.com/a/20250103Q059A700

2025-01-05 03:16:45,164 - INFO - EXPIRED
演员张颂文疑陷漏税、家暴等风波，多名导演发文力挺：他是一个好人
https://new.qq.com/rain/a/20250104A061F500

2025-01-05 03:16:45,164 - INFO - EXPIRED
该交80保费却被收了400？家长质疑“困境儿童”未被纳入医疗救助对象 
https://new.qq.com/rain/a/20250104A06EFH00

2025-01-05 03:16:45,164 - INFO - EXPIRED
两男子PS不雅照敲诈勒索212名企业高管，一分钱未收到还被判刑
https://new.qq.com/rain/a/20250104A06DE400

2025-01-05 03:16:45,164 - INFO - EXPIRED
乌克兰一机械化旅曝逃兵丑闻：约1700名士兵未参与实战就离队
https://new.qq.com/rain/a/20250104V086PD00

2025-01-05 03:16:45,164 - INFO - EXPIRED
女大学生为赶飞机预约顺风车，因拒绝司机绕路办私事被丢高速路边
https://new.qq.com/rain/a/20250104A06C6B00

2025-01-05 03:16:45,164 - INFO - EXPIRED
用户诉Siri偷听获和解，律师分走2960万美元，美国律师这么赚钱吗？
https://view.inews.qq.com/a/20250104Q04W3500

2025-01-05 03:16:45,164 - INFO - EXPIRED
李明德痛斥马天宇耍大牌 剧组回应称是李明德耽误拍摄
https://new.qq.com/rain/a/20250104A0880Q00

2025-01-05 03:16:45,164 - INFO - EXPIRED
新华社快讯：巴基斯坦俾路支省一辆车遭爆炸袭击，至少3人死亡、数十人受伤
https://new.qq.com/rain/a/20250104A08CZ500

2025-01-05 03:16:45,164 - INFO - EXPIRED
美媒称印度特工参与密谋推翻马尔代夫总统，印度回应：不可信
https://new.qq.com/rain/a/20250104A07UVG00

2025-01-05 03:16:45,164 - INFO - EXPIRED
西安一冰瀑布景点中有冰柱掉落，游客躲开时滑倒受伤，当地回应
https://new.qq.com/rain/a/20250104A08DYV00

2025-01-05 03:16:45,164 - INFO - EXPIRED
通飞“空中三剑客”！他还透露一个信息
https://new.qq.com/rain/a/20250104A075A500

2025-01-05 03:16:45,164 - INFO - EXPIRED
俄乌“断气”仅3天 这些欧洲国家就坐不住了......
https://new.qq.com/rain/a/20250104A06RQJ00

2025-01-05 03:16:45,164 - INFO - EXPIRED
超千名官员等待中 美参议院将进入特朗普内阁“确认战”时间
https://new.qq.com/rain/a/20250104A07UW700

2025-01-05 03:16:45,164 - INFO - EXPIRED
李宁抢走安踏的“中国奥委会合作伙伴”
https://new.qq.com/rain/a/20250104A085JT00

2025-01-05 03:16:45,164 - INFO - EXPIRED
福建省委书记给全省县委书记“上课”
https://new.qq.com/rain/a/20250104A07WA000

2025-01-05 03:16:45,164 - INFO - EXPIRED
阿里“割肉”超350亿，陈好老公捡漏“大润发”
https://new.qq.com/rain/a/20250104A071XF00

2025-01-05 03:16:45,164 - INFO - EXPIRED
宁夏两所高校受地震影响提前放假：期末考试取消，下学期提前返校补考
https://new.qq.com/rain/a/20250104A07BT000

2025-01-05 03:16:45,164 - INFO - EXPIRED
中国驻韩国大使馆：提醒在韩中国公民远离政治活动
https://new.qq.com/rain/a/20250104A07R1800

2025-01-05 03:16:45,164 - INFO - EXPIRED
中超联赛开放外援有戏吗？业内人士：现阶段非好时机，或影响国足战力
https://new.qq.com/rain/a/20250104A07T9O00

2025-01-05 03:16:45,164 - INFO - EXPIRED
2025年央行重磅会议召开：实施适度宽松的货币政策，择机降准降息
https://new.qq.com/rain/a/20250104A07B8L00

2025-01-05 03:16:45,164 - INFO - EXPIRED
罗东川任青海省代省长
https://new.qq.com/rain/a/20250104A0810100

2025-01-05 03:16:45,164 - INFO - EXPIRED
生物学博士称多数成人睡7.5小时足够，为何我每天8小时还睡不醒？
https://view.inews.qq.com/a/20250103Q09QGV00

2025-01-05 03:16:45,164 - INFO - EXPIRED
2025年全国外汇管理工作会议：加强外汇市场逆周期调节和预期管理
https://new.qq.com/rain/a/20250104A07DJ100

2025-01-05 03:16:45,164 - INFO - EXPIRED
花9000万“润”到英国后，他成了“韭菜”
https://new.qq.com/rain/a/20250104A03NRI00

2025-01-05 03:16:45,164 - INFO - EXPIRED
全国宣传部长会议在京召开 蔡奇出席并讲话
https://new.qq.com/rain/a/20250104A07LNY00

2025-01-05 03:16:45,164 - INFO - EXPIRED
河北张家口市一菜市场发生火灾 当地通报：已致8人遇难15人受伤
https://new.qq.com/rain/a/20250104A06ED400

2025-01-05 03:16:45,164 - INFO - EXPIRED
厅长徐龙、市长王伟，职务对调
https://new.qq.com/rain/a/20250104A07MBU00

2025-01-05 03:16:45,164 - INFO - EXPIRED
快讯！外媒：俄国防部通报称，击落8枚美国提供的ATACMS导弹
https://new.qq.com/rain/a/20250104A074CI00

2025-01-05 03:16:45,164 - INFO - EXPIRED
特朗普对就职时美国仍“降半旗”表示不满
https://new.qq.com/rain/a/20250104A05BLO00

2025-01-05 03:16:45,164 - INFO - EXPIRED
宁夏石嘴山：一网民造谣“凌晨三点有大地震”引发恐慌，行拘十日
https://new.qq.com/rain/a/20250104A069VG00

2025-01-05 03:16:45,164 - INFO - EXPIRED
年轻人回乡创业找到新生活，县城创业和大城市有何不同？做什么赚钱？
https://view.inews.qq.com/a/20250104Q066VL00

2025-01-05 03:16:45,164 - INFO - EXPIRED
​​​​​​​2024年货币政策委员会最后一场例会，定调出现几大变化
https://new.qq.com/rain/a/20250104A06M5O00

2025-01-05 03:16:45,164 - INFO - EXPIRED
21年前内蒙古一出租车女司机载客遇害案告破，嫌疑人终落网
https://new.qq.com/rain/a/20250104A06Z0J00

2025-01-05 03:16:45,164 - INFO - EXPIRED
月子会所多人上吐下泻，菜刀检出诺如病毒，菜刀为何会“感染”？
https://view.inews.qq.com/a/20250104Q050ZH00

2025-01-05 03:16:45,164 - INFO - EXPIRED
吴敬平教练晒24年与樊振东聊天截图，鼓励樊振东活出自己
https://new.qq.com/rain/a/20250104A05W2Y00

2025-01-05 03:16:45,164 - INFO - EXPIRED
银川通报地震已致墙体裂缝脱皮七千多处！高速路离银车辆增加
https://new.qq.com/rain/a/20250104A05R7C00

2025-01-05 03:16:45,164 - INFO - EXPIRED
荷兰鹿特丹发生枪战 致1死3伤
https://new.qq.com/rain/a/20250104A06KBT00

2025-01-05 03:16:45,164 - INFO - EXPIRED
3.5万在北海道买一套170平米房子，当事人朋友：是捡漏，正常房价20万
https://new.qq.com/rain/a/20250104A0479500

2025-01-05 03:16:45,164 - INFO - EXPIRED
拜登阻止日企收购美铁，日本经济产业大臣：令人难以理解，日方别无选择，只能严肃对待
https://new.qq.com/rain/a/20250104A064SR00

2025-01-05 03:16:45,164 - INFO - EXPIRED
向人贩子民事索赔6元获法院受理 寻子家长雷公：这6元的社会意义不比百万元少
https://new.qq.com/rain/a/20250104A063SG00

2025-01-05 03:16:45,164 - INFO - EXPIRED
美媒：佩洛西接受髋关节手术后首次重返众议院，放弃标志性高跟鞋改换平底鞋露面
https://new.qq.com/rain/a/20250104A04AS000

2025-01-05 03:16:45,164 - INFO - EXPIRED
被特朗普“盯上”后，格陵兰岛自治政府总理再发声：“有必要”从丹麦独立
https://new.qq.com/rain/a/20250104A066YU00

2025-01-05 03:16:45,164 - INFO - EXPIRED
周末的上海被韩国人挤“爆”了
https://new.qq.com/rain/a/20250104A03DN300

2025-01-05 03:16:45,165 - INFO - EXPIRED
副区长搭档网红主播卖房，已获104套认购 本人回应：刚开始真的很矛盾
https://new.qq.com/rain/a/20250104A022TO00

2025-01-05 03:16:45,165 - INFO - EXPIRED
买家称在锅巴中吃出油炸壁虎，厂商：生产车间连蚊子都进不去，已报警
https://new.qq.com/rain/a/20250104A04V7H00

2025-01-05 03:16:45,165 - INFO - EXPIRED
男子被小客车撞成半瘫对方全责，遭个人意外伤害险拒赔？保险公司：他的机动三轮未年检，坐车上没动也算驾驶
https://new.qq.com/rain/a/20250103A09POL00

2025-01-05 03:16:45,165 - INFO - EXPIRED
军事专家：歼-35或将首登福建舰 2026年底四川舰有望服役
https://new.qq.com/rain/a/20250104A0563S00

2025-01-05 03:16:45,165 - INFO - EXPIRED
17岁网红抗癌6年后去世，父亲：花费150万元治疗，遗憾最终还是没保住
https://new.qq.com/rain/a/20250104A04AL600

2025-01-05 03:16:45,165 - INFO - EXPIRED
古代壁画“十二生肖图”有猫无蛇引热议，现在十二生肖为何没猫？
https://view.inews.qq.com/a/20250103Q03SQX00

2025-01-05 03:16:45,165 - INFO - EXPIRED
南北“换房”过年的年轻人：春节省下近万元 “良心对赌”换房前睡不好 | 封面财经
https://new.qq.com/rain/a/20250103A07CVP00

2025-01-05 03:16:45,165 - INFO - EXPIRED
被质疑“美国没能改变中国想法”，布林肯极力辩解
https://new.qq.com/rain/a/20250104A03MKK00

2025-01-05 03:16:45,165 - INFO - EXPIRED
全国铁路明起调图 5组关键词看懂新变化
https://new.qq.com/rain/a/20250104A04HLF00

2025-01-05 03:16:45,165 - INFO - EXPIRED
我市相关部门和柳州中燃公司就更换智能燃气表回应群众关切
https://new.qq.com/rain/a/20250104A023GT00

2025-01-05 03:16:45,165 - INFO - EXPIRED
雷军官宣：小米汽车工厂全面开放参观预约，已有超6000人报名
https://new.qq.com/rain/a/20250104A0499700

2025-01-05 03:16:45,165 - INFO - EXPIRED
流感挤爆三甲医院，这轮感染潮何时结束
https://new.qq.com/rain/a/20250103A08W3Y00

2025-01-05 03:16:45,165 - INFO - EXPIRED
银川最近为何小震不断？是否会发生大地震？官方回应
https://new.qq.com/rain/a/20250104A048KB00

2025-01-05 03:16:45,165 - INFO - EXPIRED
反腐为了人民——年度反腐大片即将开播
https://new.qq.com/rain/a/20250104A029C000

2025-01-05 03:16:45,165 - INFO - EXPIRED
最高近百万元！97家央企“一把手”2023年年薪披露
https://new.qq.com/rain/a/20250103A09T3R00

2025-01-05 03:16:45,165 - INFO - EXPIRED
韩国西南海域一钓鱼船浸水 3人死亡
https://new.qq.com/rain/a/20250104A05C5N00

2025-01-05 03:16:45,165 - INFO - EXPIRED
物业经理因“安全隐患”阻挡幼儿园开办被控寻衅滋事，获刑1年5个月
https://new.qq.com/rain/a/20250103A09AIQ00

2025-01-05 03:16:45,165 - INFO - EXPIRED
外媒：拜登正式阻止日本制铁公司收购美国钢铁公司，招致两家涉事企业严厉批评
https://new.qq.com/rain/a/20250104A026ZW00

2025-01-05 03:16:45,165 - INFO - EXPIRED
社保局人员违规为362人办养老保险受贿2575万，通过快手打赏花掉860万
https://new.qq.com/rain/a/20250103A07AB200

2025-01-05 03:16:45,165 - INFO - EXPIRED
有中国留学人员返美时因I-20表格无效而无法入境，中国驻洛杉矶总领馆提醒
https://new.qq.com/rain/a/20250104A01WH700

2025-01-05 03:16:45,165 - INFO - EXPIRED
NASA发布卫星图像：在“死亡之海”，中国建起“光伏长城”
https://new.qq.com/rain/a/20250103A0AAT300

2025-01-05 03:16:45,165 - INFO - EXPIRED
单位员工用国家秘密送人情被罚 国家安全机关提示
https://new.qq.com/rain/a/20250104A01XGW00

2025-01-05 03:16:45,165 - INFO - EXPIRED
德国多地机场计算机系统故障已解除
https://new.qq.com/rain/a/20250104A03G2500

2025-01-05 03:16:45,165 - INFO - EXPIRED
一线城市楼市成交齐创新高，中介：已做好迎接“金三银四”的准备
https://new.qq.com/rain/a/20250104A01QOG00

2025-01-05 03:16:45,165 - INFO - EXPIRED
部署中国造防空系统！塞尔维亚公布
https://new.qq.com/rain/a/20250104A02BD400

2025-01-05 03:16:45,165 - INFO - EXPIRED
宁夏银川举行震情新闻发布会：6人轻微伤 无人员死亡无房屋倒塌
https://new.qq.com/rain/a/20250104V03ZVC00

2025-01-05 03:16:45,165 - INFO - EXPIRED
万科2024：销售“瘦身”34.6%
https://new.qq.com/rain/a/20250104A00PR800

2025-01-05 03:16:45,165 - INFO - EXPIRED
创造历史！中国队首夺钢架雪车世界杯混合团体冠军
https://new.qq.com/rain/a/20250104A01VXJ00

2025-01-05 03:16:45,165 - INFO - EXPIRED
早买早“背刺”：提新车不到一周遭降价万元，车市价格战没有赢家
https://new.qq.com/rain/a/20250103A084Q200

2025-01-05 03:16:45,165 - INFO - EXPIRED
不得不说，韩国再次创造了历史
https://new.qq.com/rain/a/20250104A01N5M00

2025-01-05 03:16:45,165 - INFO - EXPIRED
美国国会开幕首日重演闹剧：特朗普紧急干预，约翰逊艰难连任议长
https://new.qq.com/rain/a/20250104A01BKT00

2025-01-05 03:16:45,165 - INFO - EXPIRED
弹性提前退休，何时能领养老金？北京人社部门回应
https://new.qq.com/rain/a/20250104A01C2C00

2025-01-05 03:16:45,165 - INFO - EXPIRED
择机降准降息！央行建议“加大货币政策调控强度”，坚决防范汇率超调
https://new.qq.com/rain/a/20250103A0AAZ200

2025-01-05 03:16:45,165 - INFO - EXPIRED
马斯克加大火力抨击英国政府 声称英国国王查尔斯应解散议会
https://new.qq.com/rain/a/20250104A015T800

2025-01-05 03:16:45,165 - INFO - EXPIRED
24岁小伙凌晨殒命租住屋，120医生怀疑是脑出血，警方法医称不排除吃太饱撑死？死因尚待进一步确认
https://new.qq.com/rain/a/20250103A08Q2F00

2025-01-05 03:16:45,165 - INFO - EXPIRED
泽连斯基称“尚未决定是否竞选连任”，俄媒：或意在向美国新一届政府表态以寻求支持
https://new.qq.com/rain/a/20250104A01IFS00

2025-01-05 03:16:45,165 - INFO - EXPIRED
复盘2024年直播电商：董宇辉单飞，李子柒归来，创一代二代下场带货
https://new.qq.com/rain/a/20250103A08S3V00

2025-01-05 03:16:46,120 - ERROR - ERROR
人去楼空！多地保时捷线下门店被曝关闭
https://new.qq.com/rain/a/20250105A021TM00
('list index out of range',)
======
Traceback (most recent call last):
  File "/home/runner/work/qqnews/qqnews/qq.py", line 81, in process_article
    ss = str(tmpbs.select("div.LEFT div.content.clearfix")[0])
             ~~~~~~~~~~~~~~~~~~~~~~~~~~~~~~~~~~~~~~~~~~~~~^^^
IndexError: list index out of range


2025-01-05 03:16:46,129 - ERROR - ERROR
美日因新日铁收购美铁吵起来了，还扯到中国身上
https://new.qq.com/rain/a/20250105A01WUD00
('list index out of range',)
======
Traceback (most recent call last):
  File "/home/runner/work/qqnews/qqnews/qq.py", line 81, in process_article
    ss = str(tmpbs.select("div.LEFT div.content.clearfix")[0])
             ~~~~~~~~~~~~~~~~~~~~~~~~~~~~~~~~~~~~~~~~~~~~~^^^
IndexError: list index out of range


2025-01-05 03:16:46,159 - ERROR - ERROR
浙江一工地挖出天然气，有办法收集利用吗？哪些地方易有浅层气？
https://view.inews.qq.com/a/20250105Q02EQD00
('list index out of range',)
======
Traceback (most recent call last):
  File "/home/runner/work/qqnews/qqnews/qq.py", line 81, in process_article
    ss = str(tmpbs.select("div.LEFT div.content.clearfix")[0])
             ~~~~~~~~~~~~~~~~~~~~~~~~~~~~~~~~~~~~~~~~~~~~~^^^
IndexError: list index out of range


2025-01-05 03:16:46,163 - ERROR - ERROR
乌士兵颈部被刺，倒地后请求安静地死去，多角度拍下俄乌士兵近战肉搏
https://new.qq.com/rain/a/20250105V02MK900
('list index out of range',)
======
Traceback (most recent call last):
  File "/home/runner/work/qqnews/qqnews/qq.py", line 81, in process_article
    ss = str(tmpbs.select("div.LEFT div.content.clearfix")[0])
             ~~~~~~~~~~~~~~~~~~~~~~~~~~~~~~~~~~~~~~~~~~~~~^^^
IndexError: list index out of range


2025-01-05 03:16:46,304 - ERROR - ERROR
从火速入局到悄然断更，想靠短剧带货的主播们去哪儿了
https://new.qq.com/rain/a/20250105A021FZ00
('list index out of range',)
======
Traceback (most recent call last):
  File "/home/runner/work/qqnews/qqnews/qq.py", line 81, in process_article
    ss = str(tmpbs.select("div.LEFT div.content.clearfix")[0])
             ~~~~~~~~~~~~~~~~~~~~~~~~~~~~~~~~~~~~~~~~~~~~~^^^
IndexError: list index out of range


2025-01-05 03:16:46,600 - ERROR - ERROR
央行宣布将择机降准降息 “择机”以何为标志？专家解读
https://new.qq.com/rain/a/20250105A019GO00
('list index out of range',)
======
Traceback (most recent call last):
  File "/home/runner/work/qqnews/qqnews/qq.py", line 81, in process_article
    ss = str(tmpbs.select("div.LEFT div.content.clearfix")[0])
             ~~~~~~~~~~~~~~~~~~~~~~~~~~~~~~~~~~~~~~~~~~~~~^^^
IndexError: list index out of range


2025-01-05 03:16:46,649 - ERROR - ERROR
中国政府拟限制磷酸铁锂技术出口
https://new.qq.com/rain/a/20250105A01TMQ00
('list index out of range',)
======
Traceback (most recent call last):
  File "/home/runner/work/qqnews/qqnews/qq.py", line 81, in process_article
    ss = str(tmpbs.select("div.LEFT div.content.clearfix")[0])
             ~~~~~~~~~~~~~~~~~~~~~~~~~~~~~~~~~~~~~~~~~~~~~^^^
IndexError: list index out of range


2025-01-05 03:16:46,681 - ERROR - ERROR
美国前总统卡特的国葬从佐治亚州开始 为期六天
https://new.qq.com/rain/a/20250105A000UE00
('list index out of range',)
======
Traceback (most recent call last):
  File "/home/runner/work/qqnews/qqnews/qq.py", line 81, in process_article
    ss = str(tmpbs.select("div.LEFT div.content.clearfix")[0])
             ~~~~~~~~~~~~~~~~~~~~~~~~~~~~~~~~~~~~~~~~~~~~~^^^
IndexError: list index out of range


2025-01-05 04:08:55,608 - INFO - EXPIRED
换了智能燃气表后“跑得飞快”，市民要求换回机械表？广西柳州回应
https://new.qq.com/rain/a/20250104A075YP00

2025-01-05 04:08:55,608 - INFO - EXPIRED
新婚妻子“人间蒸发”，新郎父亲质疑其骗婚：前后花了约30万
https://new.qq.com/rain/a/20250104A08B2A00

2025-01-05 04:08:55,608 - INFO - EXPIRED
女销冠再次年销170台车，保时捷中国裁员，她的业绩为何这么好？
https://view.inews.qq.com/a/20250104Q0767V00

2025-01-05 04:08:55,608 - INFO - EXPIRED
主播说联播丨年度反腐大片5日开播，12个案例传递哪些信息？
https://new.qq.com/rain/a/20250104A081SG00

2025-01-05 04:08:55,609 - INFO - EXPIRED
工行行长呼吁：大型商业银行带头不打“价格战”
https://new.qq.com/rain/a/20250104A087SY00

2025-01-05 04:08:55,609 - INFO - EXPIRED
“士兵肉搏”视频曝光！马斯克发声
https://new.qq.com/rain/a/20250104A087AU00

2025-01-05 04:08:55,609 - INFO - EXPIRED
山西一道路立杆上挂着约10个摄像头，且周围比较荒凉？当地回应
https://new.qq.com/rain/a/20250104A07NYV00

2025-01-05 04:08:55,609 - INFO - EXPIRED
“丑萌丑萌”的蛇年纪念钞被疯抢，这纪念钞有收藏和投资价值吗？
https://view.inews.qq.com/a/20250104Q08CAX00

2025-01-05 04:08:55,609 - INFO - EXPIRED
俄罗斯声称击落8枚美制导弹，誓言将对乌克兰进行报复
https://new.qq.com/rain/a/20250104A086TH00

2025-01-05 04:08:55,609 - INFO - EXPIRED
近8成A股影视公司去年股价下跌，涨最多的不是最赚钱的
https://new.qq.com/rain/a/20250104A086M500

2025-01-05 04:08:55,609 - INFO - EXPIRED
中央经济工作会议提出的重点任务，总理开会部署
https://new.qq.com/rain/a/20250104A089X000

2025-01-05 04:08:55,609 - INFO - EXPIRED
泰国女总理匍匐在同龄小公主照片前，为何见王室照片也要行跪拜礼？
https://view.inews.qq.com/a/20250103Q059A700

2025-01-05 04:08:55,609 - INFO - EXPIRED
演员张颂文疑陷漏税、家暴等风波，多名导演发文力挺：他是一个好人
https://new.qq.com/rain/a/20250104A061F500

2025-01-05 04:08:55,609 - INFO - EXPIRED
该交80保费却被收了400？家长质疑“困境儿童”未被纳入医疗救助对象 
https://new.qq.com/rain/a/20250104A06EFH00

2025-01-05 04:08:55,609 - INFO - EXPIRED
两男子PS不雅照敲诈勒索212名企业高管，一分钱未收到还被判刑
https://new.qq.com/rain/a/20250104A06DE400

2025-01-05 04:08:55,609 - INFO - EXPIRED
乌克兰一机械化旅曝逃兵丑闻：约1700名士兵未参与实战就离队
https://new.qq.com/rain/a/20250104V086PD00

2025-01-05 04:08:55,609 - INFO - EXPIRED
女大学生为赶飞机预约顺风车，因拒绝司机绕路办私事被丢高速路边
https://new.qq.com/rain/a/20250104A06C6B00

2025-01-05 04:08:55,609 - INFO - EXPIRED
用户诉Siri偷听获和解，律师分走2960万美元，美国律师这么赚钱吗？
https://view.inews.qq.com/a/20250104Q04W3500

2025-01-05 04:08:55,609 - INFO - EXPIRED
李明德痛斥马天宇耍大牌 剧组回应称是李明德耽误拍摄
https://new.qq.com/rain/a/20250104A0880Q00

2025-01-05 04:08:55,609 - INFO - EXPIRED
新华社快讯：巴基斯坦俾路支省一辆车遭爆炸袭击，至少3人死亡、数十人受伤
https://new.qq.com/rain/a/20250104A08CZ500

2025-01-05 04:08:55,609 - INFO - EXPIRED
美媒称印度特工参与密谋推翻马尔代夫总统，印度回应：不可信
https://new.qq.com/rain/a/20250104A07UVG00

2025-01-05 04:08:55,609 - INFO - EXPIRED
西安一冰瀑布景点中有冰柱掉落，游客躲开时滑倒受伤，当地回应
https://new.qq.com/rain/a/20250104A08DYV00

2025-01-05 04:08:55,609 - INFO - EXPIRED
通飞“空中三剑客”！他还透露一个信息
https://new.qq.com/rain/a/20250104A075A500

2025-01-05 04:08:55,609 - INFO - EXPIRED
俄乌“断气”仅3天 这些欧洲国家就坐不住了......
https://new.qq.com/rain/a/20250104A06RQJ00

2025-01-05 04:08:55,609 - INFO - EXPIRED
超千名官员等待中 美参议院将进入特朗普内阁“确认战”时间
https://new.qq.com/rain/a/20250104A07UW700

2025-01-05 04:08:55,609 - INFO - EXPIRED
李宁抢走安踏的“中国奥委会合作伙伴”
https://new.qq.com/rain/a/20250104A085JT00

2025-01-05 04:08:55,609 - INFO - EXPIRED
福建省委书记给全省县委书记“上课”
https://new.qq.com/rain/a/20250104A07WA000

2025-01-05 04:08:55,609 - INFO - EXPIRED
阿里“割肉”超350亿，陈好老公捡漏“大润发”
https://new.qq.com/rain/a/20250104A071XF00

2025-01-05 04:08:55,609 - INFO - EXPIRED
宁夏两所高校受地震影响提前放假：期末考试取消，下学期提前返校补考
https://new.qq.com/rain/a/20250104A07BT000

2025-01-05 04:08:55,609 - INFO - EXPIRED
中国驻韩国大使馆：提醒在韩中国公民远离政治活动
https://new.qq.com/rain/a/20250104A07R1800

2025-01-05 04:08:55,609 - INFO - EXPIRED
中超联赛开放外援有戏吗？业内人士：现阶段非好时机，或影响国足战力
https://new.qq.com/rain/a/20250104A07T9O00

2025-01-05 04:08:55,609 - INFO - EXPIRED
2025年央行重磅会议召开：实施适度宽松的货币政策，择机降准降息
https://new.qq.com/rain/a/20250104A07B8L00

2025-01-05 04:08:55,609 - INFO - EXPIRED
罗东川任青海省代省长
https://new.qq.com/rain/a/20250104A0810100

2025-01-05 04:08:55,609 - INFO - EXPIRED
生物学博士称多数成人睡7.5小时足够，为何我每天8小时还睡不醒？
https://view.inews.qq.com/a/20250103Q09QGV00

2025-01-05 04:08:55,609 - INFO - EXPIRED
2025年全国外汇管理工作会议：加强外汇市场逆周期调节和预期管理
https://new.qq.com/rain/a/20250104A07DJ100

2025-01-05 04:08:55,609 - INFO - EXPIRED
花9000万“润”到英国后，他成了“韭菜”
https://new.qq.com/rain/a/20250104A03NRI00

2025-01-05 04:08:55,609 - INFO - EXPIRED
全国宣传部长会议在京召开 蔡奇出席并讲话
https://new.qq.com/rain/a/20250104A07LNY00

2025-01-05 04:08:55,609 - INFO - EXPIRED
河北张家口市一菜市场发生火灾 当地通报：已致8人遇难15人受伤
https://new.qq.com/rain/a/20250104A06ED400

2025-01-05 04:08:55,609 - INFO - EXPIRED
厅长徐龙、市长王伟，职务对调
https://new.qq.com/rain/a/20250104A07MBU00

2025-01-05 04:08:55,609 - INFO - EXPIRED
快讯！外媒：俄国防部通报称，击落8枚美国提供的ATACMS导弹
https://new.qq.com/rain/a/20250104A074CI00

2025-01-05 04:08:55,609 - INFO - EXPIRED
特朗普对就职时美国仍“降半旗”表示不满
https://new.qq.com/rain/a/20250104A05BLO00

2025-01-05 04:08:55,609 - INFO - EXPIRED
宁夏石嘴山：一网民造谣“凌晨三点有大地震”引发恐慌，行拘十日
https://new.qq.com/rain/a/20250104A069VG00

2025-01-05 04:08:55,609 - INFO - EXPIRED
年轻人回乡创业找到新生活，县城创业和大城市有何不同？做什么赚钱？
https://view.inews.qq.com/a/20250104Q066VL00

2025-01-05 04:08:55,609 - INFO - EXPIRED
​​​​​​​2024年货币政策委员会最后一场例会，定调出现几大变化
https://new.qq.com/rain/a/20250104A06M5O00

2025-01-05 04:08:55,609 - INFO - EXPIRED
21年前内蒙古一出租车女司机载客遇害案告破，嫌疑人终落网
https://new.qq.com/rain/a/20250104A06Z0J00

2025-01-05 04:08:55,609 - INFO - EXPIRED
月子会所多人上吐下泻，菜刀检出诺如病毒，菜刀为何会“感染”？
https://view.inews.qq.com/a/20250104Q050ZH00

2025-01-05 04:08:55,609 - INFO - EXPIRED
吴敬平教练晒24年与樊振东聊天截图，鼓励樊振东活出自己
https://new.qq.com/rain/a/20250104A05W2Y00

2025-01-05 04:08:55,609 - INFO - EXPIRED
银川通报地震已致墙体裂缝脱皮七千多处！高速路离银车辆增加
https://new.qq.com/rain/a/20250104A05R7C00

2025-01-05 04:08:55,609 - INFO - EXPIRED
荷兰鹿特丹发生枪战 致1死3伤
https://new.qq.com/rain/a/20250104A06KBT00

2025-01-05 04:08:55,609 - INFO - EXPIRED
3.5万在北海道买一套170平米房子，当事人朋友：是捡漏，正常房价20万
https://new.qq.com/rain/a/20250104A0479500

2025-01-05 04:08:55,609 - INFO - EXPIRED
拜登阻止日企收购美铁，日本经济产业大臣：令人难以理解，日方别无选择，只能严肃对待
https://new.qq.com/rain/a/20250104A064SR00

2025-01-05 04:08:55,609 - INFO - EXPIRED
向人贩子民事索赔6元获法院受理 寻子家长雷公：这6元的社会意义不比百万元少
https://new.qq.com/rain/a/20250104A063SG00

2025-01-05 04:08:55,609 - INFO - EXPIRED
美媒：佩洛西接受髋关节手术后首次重返众议院，放弃标志性高跟鞋改换平底鞋露面
https://new.qq.com/rain/a/20250104A04AS000

2025-01-05 04:08:55,609 - INFO - EXPIRED
被特朗普“盯上”后，格陵兰岛自治政府总理再发声：“有必要”从丹麦独立
https://new.qq.com/rain/a/20250104A066YU00

2025-01-05 04:08:55,609 - INFO - EXPIRED
周末的上海被韩国人挤“爆”了
https://new.qq.com/rain/a/20250104A03DN300

2025-01-05 04:08:55,609 - INFO - EXPIRED
副区长搭档网红主播卖房，已获104套认购 本人回应：刚开始真的很矛盾
https://new.qq.com/rain/a/20250104A022TO00

2025-01-05 04:08:55,610 - INFO - EXPIRED
买家称在锅巴中吃出油炸壁虎，厂商：生产车间连蚊子都进不去，已报警
https://new.qq.com/rain/a/20250104A04V7H00

2025-01-05 04:08:55,610 - INFO - EXPIRED
男子被小客车撞成半瘫对方全责，遭个人意外伤害险拒赔？保险公司：他的机动三轮未年检，坐车上没动也算驾驶
https://new.qq.com/rain/a/20250103A09POL00

2025-01-05 04:08:55,610 - INFO - EXPIRED
军事专家：歼-35或将首登福建舰 2026年底四川舰有望服役
https://new.qq.com/rain/a/20250104A0563S00

2025-01-05 04:08:55,610 - INFO - EXPIRED
17岁网红抗癌6年后去世，父亲：花费150万元治疗，遗憾最终还是没保住
https://new.qq.com/rain/a/20250104A04AL600

2025-01-05 04:08:55,610 - INFO - EXPIRED
古代壁画“十二生肖图”有猫无蛇引热议，现在十二生肖为何没猫？
https://view.inews.qq.com/a/20250103Q03SQX00

2025-01-05 04:08:55,610 - INFO - EXPIRED
南北“换房”过年的年轻人：春节省下近万元 “良心对赌”换房前睡不好 | 封面财经
https://new.qq.com/rain/a/20250103A07CVP00

2025-01-05 04:08:55,610 - INFO - EXPIRED
被质疑“美国没能改变中国想法”，布林肯极力辩解
https://new.qq.com/rain/a/20250104A03MKK00

2025-01-05 04:08:55,610 - INFO - EXPIRED
全国铁路明起调图 5组关键词看懂新变化
https://new.qq.com/rain/a/20250104A04HLF00

2025-01-05 04:08:55,610 - INFO - EXPIRED
我市相关部门和柳州中燃公司就更换智能燃气表回应群众关切
https://new.qq.com/rain/a/20250104A023GT00

2025-01-05 04:08:55,610 - INFO - EXPIRED
雷军官宣：小米汽车工厂全面开放参观预约，已有超6000人报名
https://new.qq.com/rain/a/20250104A0499700

2025-01-05 04:08:55,610 - INFO - EXPIRED
流感挤爆三甲医院，这轮感染潮何时结束
https://new.qq.com/rain/a/20250103A08W3Y00

2025-01-05 04:08:55,610 - INFO - EXPIRED
银川最近为何小震不断？是否会发生大地震？官方回应
https://new.qq.com/rain/a/20250104A048KB00

2025-01-05 04:08:55,610 - INFO - EXPIRED
反腐为了人民——年度反腐大片即将开播
https://new.qq.com/rain/a/20250104A029C000

2025-01-05 04:08:55,610 - INFO - EXPIRED
最高近百万元！97家央企“一把手”2023年年薪披露
https://new.qq.com/rain/a/20250103A09T3R00

2025-01-05 04:08:55,610 - INFO - EXPIRED
韩国西南海域一钓鱼船浸水 3人死亡
https://new.qq.com/rain/a/20250104A05C5N00

2025-01-05 04:08:55,610 - INFO - EXPIRED
物业经理因“安全隐患”阻挡幼儿园开办被控寻衅滋事，获刑1年5个月
https://new.qq.com/rain/a/20250103A09AIQ00

2025-01-05 04:08:55,610 - INFO - EXPIRED
外媒：拜登正式阻止日本制铁公司收购美国钢铁公司，招致两家涉事企业严厉批评
https://new.qq.com/rain/a/20250104A026ZW00

2025-01-05 04:08:55,610 - INFO - EXPIRED
社保局人员违规为362人办养老保险受贿2575万，通过快手打赏花掉860万
https://new.qq.com/rain/a/20250103A07AB200

2025-01-05 04:08:55,610 - INFO - EXPIRED
有中国留学人员返美时因I-20表格无效而无法入境，中国驻洛杉矶总领馆提醒
https://new.qq.com/rain/a/20250104A01WH700

2025-01-05 04:08:55,610 - INFO - EXPIRED
NASA发布卫星图像：在“死亡之海”，中国建起“光伏长城”
https://new.qq.com/rain/a/20250103A0AAT300

2025-01-05 04:08:55,610 - INFO - EXPIRED
单位员工用国家秘密送人情被罚 国家安全机关提示
https://new.qq.com/rain/a/20250104A01XGW00

2025-01-05 04:08:55,610 - INFO - EXPIRED
德国多地机场计算机系统故障已解除
https://new.qq.com/rain/a/20250104A03G2500

2025-01-05 04:08:55,610 - INFO - EXPIRED
一线城市楼市成交齐创新高，中介：已做好迎接“金三银四”的准备
https://new.qq.com/rain/a/20250104A01QOG00

2025-01-05 04:08:55,610 - INFO - EXPIRED
部署中国造防空系统！塞尔维亚公布
https://new.qq.com/rain/a/20250104A02BD400

2025-01-05 04:08:55,610 - INFO - EXPIRED
宁夏银川举行震情新闻发布会：6人轻微伤 无人员死亡无房屋倒塌
https://new.qq.com/rain/a/20250104V03ZVC00

2025-01-05 04:08:55,610 - INFO - EXPIRED
万科2024：销售“瘦身”34.6%
https://new.qq.com/rain/a/20250104A00PR800

2025-01-05 04:08:55,610 - INFO - EXPIRED
创造历史！中国队首夺钢架雪车世界杯混合团体冠军
https://new.qq.com/rain/a/20250104A01VXJ00

2025-01-05 04:08:55,610 - INFO - EXPIRED
早买早“背刺”：提新车不到一周遭降价万元，车市价格战没有赢家
https://new.qq.com/rain/a/20250103A084Q200

2025-01-05 04:08:55,610 - INFO - EXPIRED
不得不说，韩国再次创造了历史
https://new.qq.com/rain/a/20250104A01N5M00

2025-01-05 04:08:55,610 - INFO - EXPIRED
美国国会开幕首日重演闹剧：特朗普紧急干预，约翰逊艰难连任议长
https://new.qq.com/rain/a/20250104A01BKT00

2025-01-05 04:08:55,610 - INFO - EXPIRED
弹性提前退休，何时能领养老金？北京人社部门回应
https://new.qq.com/rain/a/20250104A01C2C00

2025-01-05 04:08:55,610 - INFO - EXPIRED
择机降准降息！央行建议“加大货币政策调控强度”，坚决防范汇率超调
https://new.qq.com/rain/a/20250103A0AAZ200

2025-01-05 04:08:55,610 - INFO - EXPIRED
马斯克加大火力抨击英国政府 声称英国国王查尔斯应解散议会
https://new.qq.com/rain/a/20250104A015T800

2025-01-05 04:08:55,610 - INFO - EXPIRED
24岁小伙凌晨殒命租住屋，120医生怀疑是脑出血，警方法医称不排除吃太饱撑死？死因尚待进一步确认
https://new.qq.com/rain/a/20250103A08Q2F00

2025-01-05 04:08:56,950 - ERROR - ERROR
广东汕头一女生和家长吵架后跳河轻生，16岁弟弟为救姐姐不幸溺亡
https://new.qq.com/rain/a/20250105A031JE00
('list index out of range',)
======
Traceback (most recent call last):
  File "/home/runner/work/qqnews/qqnews/qq.py", line 81, in process_article
    ss = str(tmpbs.select("div.LEFT div.content.clearfix")[0])
             ~~~~~~~~~~~~~~~~~~~~~~~~~~~~~~~~~~~~~~~~~~~~~^^^
IndexError: list index out of range


2025-01-05 04:08:56,954 - ERROR - ERROR
国产开源芯片香山被质疑“PPT造芯”，中科院包云岗回应称今年交付
https://new.qq.com/rain/a/20250105A033WB00
('list index out of range',)
======
Traceback (most recent call last):
  File "/home/runner/work/qqnews/qqnews/qq.py", line 81, in process_article
    ss = str(tmpbs.select("div.LEFT div.content.clearfix")[0])
             ~~~~~~~~~~~~~~~~~~~~~~~~~~~~~~~~~~~~~~~~~~~~~^^^
IndexError: list index out of range


2025-01-05 04:08:56,993 - ERROR - ERROR
乌士兵颈部被刺，倒地后请求安静地死去，多角度拍下俄乌士兵近战肉搏
https://new.qq.com/rain/a/20250105V02MK900
('list index out of range',)
======
Traceback (most recent call last):
  File "/home/runner/work/qqnews/qqnews/qq.py", line 81, in process_article
    ss = str(tmpbs.select("div.LEFT div.content.clearfix")[0])
             ~~~~~~~~~~~~~~~~~~~~~~~~~~~~~~~~~~~~~~~~~~~~~^^^
IndexError: list index out of range


2025-01-05 04:08:57,101 - ERROR - ERROR
人去楼空！多地保时捷线下门店被曝关闭
https://new.qq.com/rain/a/20250105A021TM00
('list index out of range',)
======
Traceback (most recent call last):
  File "/home/runner/work/qqnews/qqnews/qq.py", line 81, in process_article
    ss = str(tmpbs.select("div.LEFT div.content.clearfix")[0])
             ~~~~~~~~~~~~~~~~~~~~~~~~~~~~~~~~~~~~~~~~~~~~~^^^
IndexError: list index out of range


2025-01-05 04:08:57,158 - ERROR - ERROR
浙江一工地挖出天然气，有办法收集利用吗？哪些地方易有浅层气？
https://view.inews.qq.com/a/20250105Q02EQD00
('list index out of range',)
======
Traceback (most recent call last):
  File "/home/runner/work/qqnews/qqnews/qq.py", line 81, in process_article
    ss = str(tmpbs.select("div.LEFT div.content.clearfix")[0])
             ~~~~~~~~~~~~~~~~~~~~~~~~~~~~~~~~~~~~~~~~~~~~~^^^
IndexError: list index out of range


2025-01-05 04:08:57,601 - ERROR - ERROR
美日因新日铁收购美铁吵起来了，还扯到中国身上
https://new.qq.com/rain/a/20250105A01WUD00
('list index out of range',)
======
Traceback (most recent call last):
  File "/home/runner/work/qqnews/qqnews/qq.py", line 81, in process_article
    ss = str(tmpbs.select("div.LEFT div.content.clearfix")[0])
             ~~~~~~~~~~~~~~~~~~~~~~~~~~~~~~~~~~~~~~~~~~~~~^^^
IndexError: list index out of range


2025-01-05 04:08:57,728 - ERROR - ERROR
中国政府拟限制磷酸铁锂技术出口
https://new.qq.com/rain/a/20250105A01TMQ00
('list index out of range',)
======
Traceback (most recent call last):
  File "/home/runner/work/qqnews/qqnews/qq.py", line 81, in process_article
    ss = str(tmpbs.select("div.LEFT div.content.clearfix")[0])
             ~~~~~~~~~~~~~~~~~~~~~~~~~~~~~~~~~~~~~~~~~~~~~^^^
IndexError: list index out of range


2025-01-05 04:08:57,772 - ERROR - ERROR
央行宣布将择机降准降息 “择机”以何为标志？专家解读
https://new.qq.com/rain/a/20250105A019GO00
('list index out of range',)
======
Traceback (most recent call last):
  File "/home/runner/work/qqnews/qqnews/qq.py", line 81, in process_article
    ss = str(tmpbs.select("div.LEFT div.content.clearfix")[0])
             ~~~~~~~~~~~~~~~~~~~~~~~~~~~~~~~~~~~~~~~~~~~~~^^^
IndexError: list index out of range


2025-01-05 04:08:57,785 - ERROR - ERROR
小杨哥、辛巴们杀进短剧赛道，谁在日进2000万？
https://new.qq.com/rain/a/20250105A021FZ00
('list index out of range',)
======
Traceback (most recent call last):
  File "/home/runner/work/qqnews/qqnews/qq.py", line 81, in process_article
    ss = str(tmpbs.select("div.LEFT div.content.clearfix")[0])
             ~~~~~~~~~~~~~~~~~~~~~~~~~~~~~~~~~~~~~~~~~~~~~^^^
IndexError: list index out of range


2025-01-05 04:08:57,824 - ERROR - ERROR
美国前总统卡特的国葬从佐治亚州开始 为期六天
https://new.qq.com/rain/a/20250105A000UE00
('list index out of range',)
======
Traceback (most recent call last):
  File "/home/runner/work/qqnews/qqnews/qq.py", line 81, in process_article
    ss = str(tmpbs.select("div.LEFT div.content.clearfix")[0])
             ~~~~~~~~~~~~~~~~~~~~~~~~~~~~~~~~~~~~~~~~~~~~~^^^
IndexError: list index out of range


