2024-10-07 00:35:55,907 - INFO - EXPIRED
“我都这把年纪了，要我死？”菲律宾前总统杜特尔特否认竞选参议员
https://new.qq.com/rain/a/20241006A04YSV00

2024-10-07 00:35:55,907 - INFO - EXPIRED
奥运金牌和诺奖金牌都是金牌，哪个黄金的含量更高？
https://view.inews.qq.com/a/20241005Q06L5O00

2024-10-07 00:35:55,907 - INFO - EXPIRED
中国游客亲历泰国清迈洪灾：坐军用皮卡从酒店撤离，洪水没到大腿根
https://new.qq.com/rain/a/20241006A06ZI100

2024-10-07 00:35:55,907 - INFO - EXPIRED
“轰一声山垮了”贵州桐梓山体塌方一女孩失联 目击者：土石覆盖公路
https://new.qq.com/rain/a/20241006V06LJI00

2024-10-07 00:35:55,907 - INFO - EXPIRED
擅自进入未开发区域并毁坏物资，四川稻城亚丁景区通报：8人终身禁入
https://new.qq.com/rain/a/20241006A0703600

2024-10-07 00:35:55,907 - INFO - EXPIRED
庐山景区泡面开水收费5元？景区：游客未支付，将增加免费热水供应点
https://new.qq.com/rain/a/20241006A077AU00

2024-10-07 00:35:55,907 - INFO - EXPIRED
欠债400万，中国“淘金客”在非洲“翻盘”
https://new.qq.com/rain/a/20241006A06CJF00

2024-10-07 00:35:55,907 - INFO - EXPIRED
印度与美国签协议加强电池关键矿物供应链，还将拉第三国入伙
https://new.qq.com/rain/a/20241006A06HB800

2024-10-07 00:35:55,907 - INFO - EXPIRED
知名歌手将沔阳读成丐阳，自嘲没文化，你还知道哪些生僻地名？背后有什么故事？
https://view.inews.qq.com/a/20241006Q05RD600

2024-10-07 00:35:55,907 - INFO - EXPIRED
以色列贝尔谢巴中央汽车站疑似发生恐怖袭击 已致一人死亡
https://new.qq.com/rain/a/20241006A06EZC00

2024-10-07 00:35:55,907 - INFO - EXPIRED
新一轮巴以冲突爆发一周年，内塔尼亚胡：以色列正在7条战线上作战
https://new.qq.com/rain/a/20241006A05G3600

2024-10-07 00:35:55,907 - INFO - EXPIRED
河南一新郎接亲被加要18万彩礼婚车被拦，乡政府：有人冒名发布情况说明，已报警
https://new.qq.com/rain/a/20241006A063P800

2024-10-07 00:35:55,907 - INFO - EXPIRED
向松祚：不要错误解读人民银行的货币政策工具
https://new.qq.com/rain/a/20241006A066PL00

2024-10-07 00:35:55,907 - INFO - EXPIRED
马龙赛后采访：恭喜林诗栋夺冠 输掉决赛对我来说不是失败 
https://new.qq.com/rain/a/20241006V06MK700

2024-10-07 00:35:55,907 - INFO - EXPIRED
印度空军参谋长：空军要“遵守时间表”追赶中国
https://new.qq.com/rain/a/20241006A049IZ00

2024-10-07 00:35:55,907 - INFO - EXPIRED
日媒：日方将归还中国16只朱鹮
https://new.qq.com/rain/a/20241006A04GH800

2024-10-07 00:35:55,907 - INFO - EXPIRED
云南哀牢山突然爆火，这种原始森林深处有多凶险？如果迷路了怎么办？
https://view.inews.qq.com/a/20241006Q03HEJ00

2024-10-07 00:35:55,907 - INFO - EXPIRED
特朗普被曝曾询问普京“美国是否应向乌供武”，普京：这是个“错误”
https://new.qq.com/rain/a/20241006A04J7K00

2024-10-07 00:35:55,907 - INFO - EXPIRED
卡塔尔官员：哈马斯领导人辛瓦尔依然活着，只用笔纸交流
https://new.qq.com/rain/a/20241006A04HST00

2024-10-07 00:35:55,907 - INFO - EXPIRED
台湾海峡中部发生3.7级地震
https://new.qq.com/rain/a/20241006A04YKV00

2024-10-07 00:35:55,908 - INFO - EXPIRED
孩子从行李箱上滑落摔伤已发生多起，千万别这样“遛娃”
https://new.qq.com/rain/a/20241006A04QUP00

2024-10-07 00:35:55,908 - INFO - EXPIRED
山东菏泽鄄城警方通报：重大刑事案件69岁犯罪嫌疑人已被抓获归案
https://new.qq.com/rain/a/20241006A04HI500

2024-10-07 00:35:55,908 - INFO - EXPIRED
甘肃走失2岁女童确认遇难，警方：系溺水身亡，遗体在60公里外被发现
https://new.qq.com/rain/a/20241006A05N8L00

2024-10-07 00:35:55,908 - INFO - EXPIRED
韩最大在野党称将再次提交《金建希独检法案》，有可能通过吗？
https://view.inews.qq.com/a/20241005Q02F0C00

2024-10-07 00:35:55,908 - INFO - EXPIRED
国新办10月8日将举行新闻发布会，发改委主任及4位副主任一同出席
https://new.qq.com/rain/a/20241006A03WXD00

2024-10-07 00:35:55,908 - INFO - EXPIRED
河南一男子被困商场电梯30分钟无人管？工作人员：正确认紧急按钮问题
https://new.qq.com/rain/a/20241006A03BNJ00

2024-10-07 00:35:55,908 - INFO - EXPIRED
小车司机因错过高速出口，急刹倒车致后方三车追尾，又迅速驶离
https://new.qq.com/rain/a/20241006V01IDL00

2024-10-07 00:35:55,908 - INFO - EXPIRED
出口和工业生产强劲，越南第三季度GDP增速意外加速至7.4%
https://new.qq.com/rain/a/20241006A03VNY00

2024-10-07 00:35:55,908 - INFO - EXPIRED
飞18小时去非洲看动物大迁徙、花几十万去南极和企鹅握手……现在年轻人旅行有多会玩？
https://view.inews.qq.com/a/20240928Q08DJ500

2024-10-07 00:35:55,908 - INFO - EXPIRED
男子遗失手机向警方求助，意外找到失联6年的亲人
https://new.qq.com/rain/a/20241006A02S8500

2024-10-07 00:35:55,908 - INFO - EXPIRED
小渔村被赵丽颖带火，一年银行存款增加2.43亿，旅游对地方和个人的改变能有多大？
https://view.inews.qq.com/a/20240925Q09Z9000

2024-10-07 00:35:55,908 - INFO - EXPIRED
湖南浏阳一烟花厂库房发生爆炸 居民称震动波致自家房屋受损 当地回应
https://new.qq.com/rain/a/20241006V03GIO00

2024-10-07 00:35:55,908 - INFO - EXPIRED
突发！新西兰一艘5700吨军舰沉没
https://new.qq.com/rain/a/20241006A01LPI00

2024-10-07 00:35:55,908 - INFO - EXPIRED
美国白宫附近举行支持巴勒斯坦示威活动 一男子在现场自焚
https://new.qq.com/rain/a/20241006A01RRC00

2024-10-07 00:35:55,908 - INFO - EXPIRED
“没停车就要收费吗”，男子驾车路过小区被收穿行费，当地：闻所未闻
https://new.qq.com/rain/a/20241006A01JAO00

2024-10-07 00:35:55,908 - INFO - EXPIRED
借用及出借证券期货账户，超级牛散王孝安、方士雄遭证监会顶格处罚
https://new.qq.com/rain/a/20241006A025NY00

2024-10-07 00:35:55,908 - INFO - EXPIRED
有员工卡里突然多了十余万，比亚迪：发放利润奖
https://new.qq.com/rain/a/20241006A01LN500

2024-10-07 00:35:55,908 - INFO - EXPIRED
韩媒：韩国前总统文在寅女儿因涉酒驾被立案
https://new.qq.com/rain/a/20241006A038X400

2024-10-07 00:35:55,908 - INFO - EXPIRED
我的养老保险怎么缴，退休能领更多钱？
https://view.inews.qq.com/a/20240927Q02UC000

2024-10-07 00:35:55,908 - INFO - EXPIRED
新郎接亲被索要18.8万彩礼，强行带走新娘被女方亲戚堵车，警方介入
https://new.qq.com/rain/a/20241005V05BKU00

2024-10-07 00:35:55,908 - INFO - EXPIRED
特朗普重回遭枪击地办集会：防弹玻璃环绕演讲台，马斯克登场为其站台
https://new.qq.com/rain/a/20241006V01GMT00

2024-10-07 00:35:55,908 - INFO - EXPIRED
行李托运费比机票还贵？男子起诉购票平台和航司，法院判了
https://new.qq.com/rain/a/20241005A06BGC00

2024-10-07 00:35:55,908 - INFO - EXPIRED
台媒：台风“山陀儿”造成台湾地区4死1失踪719伤
https://new.qq.com/rain/a/20241006A01HYF00

2024-10-07 00:35:55,908 - INFO - EXPIRED
中国母女斯里兰卡旅游在酒店遇入室抢劫，当地警方已展开调查 涉事酒店仍在跟团游行程安排内
https://new.qq.com/rain/a/20241005A060E600

2024-10-07 00:35:55,908 - INFO - EXPIRED
外交部发言人就美国总统拜登向习近平主席致国庆贺电答记者问
https://new.qq.com/rain/a/20241005A066G700

2024-10-07 00:35:55,908 - INFO - EXPIRED
阳台外面建阳台，贵阳一户人家装修惹怒其他业主：简直不可理喻
https://new.qq.com/rain/a/20241005A06PNE00

2024-10-07 00:35:55,908 - INFO - EXPIRED
山西爆火后，网友称去云冈石窟排队一小时看佛一分钟，这一分钟到底值不值？
https://view.inews.qq.com/a/20240925Q02YGD00

2024-10-07 00:35:55,908 - INFO - EXPIRED
德云社秦霄贤粉丝涉嫌伪造人民网文章？北京通州警方：已立案侦查
https://new.qq.com/rain/a/20241005A072T700

2024-10-07 00:35:55,908 - INFO - EXPIRED
俄军突击库拉霍沃，切断乌军一地区补给线，俄专家：乌军作战条件严峻
https://new.qq.com/rain/a/20241005A033KR00

2024-10-07 00:35:55,908 - INFO - EXPIRED
“钱塘江同志”又立功：民警从几万观潮游客中，一眼瞅到在逃嫌犯
https://new.qq.com/rain/a/20241005A05JTS00

2024-10-07 00:35:55,908 - INFO - EXPIRED
中国民办教育协会主要发起人柳斌去世 享年88岁
https://new.qq.com/rain/a/20241005A06B2300

2024-10-07 00:35:55,908 - INFO - EXPIRED
美特勤局遭遇近二十年最大规模人员外流：加班没工资、管理层卸磨杀驴
https://new.qq.com/rain/a/20241005A069J900

2024-10-07 00:35:55,908 - INFO - EXPIRED
“一般打架都比这激烈”，全国武术冠军赛选手对打遭调侃，官方回应
https://new.qq.com/rain/a/20241005A054WE00

2024-10-07 00:35:55,908 - INFO - EXPIRED
大妈在机场休息厅开音响跳舞，机场不能制止吗？该哪个部门管？
https://view.inews.qq.com/a/20241005Q01EGF00

2024-10-07 00:35:55,908 - INFO - EXPIRED
一外卖员频频在车辆转弯或盲区“被撞”，已被检方批捕、平台拉黑
https://new.qq.com/rain/a/20241005A02C4L00

2024-10-07 00:35:55,908 - INFO - EXPIRED
大风大雨将袭上海：光影节调整安排、多区取消活动，这场大师赛也受影响
https://new.qq.com/rain/a/20241005A05Y4X00

2024-10-07 00:35:55,908 - INFO - EXPIRED
郑钦文0-2止步中网四强，带伤作战有多难？伤病对她争夺年终总决赛资格有多大影响？
https://view.inews.qq.com/a/20241005Q06B6K00

2024-10-07 00:35:55,908 - INFO - EXPIRED
“你哪个学校的不要那么拽”，学生向教育局举报补课被怼还要求背课文
https://new.qq.com/rain/a/20241005A027RK00

2024-10-07 00:35:55,908 - INFO - EXPIRED
突发重刑案！山东警方最高10万悬赏69岁犯罪嫌疑人
https://new.qq.com/rain/a/20241005A04YSY00

2024-10-07 00:35:55,908 - INFO - EXPIRED
湖南醴陵近期发生两起烟花爆竹安全事故 有人员伤亡
https://new.qq.com/rain/a/20241005A05F4S00

2024-10-07 00:35:55,908 - INFO - EXPIRED
阿联酋航空宣布禁止在航班上携带寻呼机和对讲机
https://new.qq.com/rain/a/20241005A05R2Z00

2024-10-07 00:35:55,908 - INFO - EXPIRED
外媒对比伊以双方军事力量，伊朗在人数和装备数量上均领先，能直观体现实力吗？
https://view.inews.qq.com/a/20241005Q02VTQ00

2024-10-07 00:35:55,908 - INFO - EXPIRED
专家解读为何哀牢山是禁区：地理环境极为复杂，存在大地磁场强度异常的现象，导致指南针失灵
https://new.qq.com/rain/a/20241005A049WA00

2024-10-07 00:35:55,908 - INFO - EXPIRED
回看郑钦文受伤一幕：手指戳破泪洒赛场，倒地时目光仍紧盯球
https://new.qq.com/rain/a/20241005V05IRU00

2024-10-07 00:35:55,908 - INFO - EXPIRED
美国35年来首个！“已准备好用于制造核武器”
https://new.qq.com/rain/a/20241005A054Y400

2024-10-07 00:35:55,908 - INFO - EXPIRED
两人山路上随意停车野餐被报警，堵车时前面的车都在干什么？该怎么让不守规矩的司机长教训？
https://view.inews.qq.com/a/20241004Q02M0B00

2024-10-07 00:35:55,908 - INFO - EXPIRED
俄官员：俄罗斯将把阿富汗塔利班移出恐怖组织名单，正在完成法律工作
https://new.qq.com/rain/a/20241005A03FZZ00

2024-10-07 00:35:55,908 - INFO - EXPIRED
“你是最坏的媳妇！” 1100万阿尔茨海默病老人背后，照护者的隐痛
https://new.qq.com/rain/a/20241004A05ONE00

2024-10-07 00:35:55,908 - INFO - EXPIRED
外媒：挪威警方公布最终尸检结果，“间谍白鲸”被排除射杀，死因可能是细菌感染
https://new.qq.com/rain/a/20241005A03YBV00

2024-10-07 00:35:55,908 - INFO - EXPIRED
英国前首相在新书中称，内塔尼亚胡或在他卫生间装过窃听器，提这个只是为卖书吗？
https://view.inews.qq.com/a/20241004Q0638700

2024-10-07 00:35:55,908 - INFO - EXPIRED
拜登担心特朗普“拒绝接受大选结果”：这很危险
https://new.qq.com/rain/a/20241005A04EXA00

2024-10-07 00:35:55,908 - INFO - EXPIRED
武契奇出席中企承建项目通车仪式：感谢中国朋友，让人仿佛置身奥地利或瑞士
https://new.qq.com/rain/a/20241005A03UN900

2024-10-07 00:35:55,908 - INFO - EXPIRED
泽连斯基称将在德国举行的领导人级别会议上提出“胜利计划”
https://new.qq.com/rain/a/20241005A04PG100

2024-10-07 00:35:55,908 - INFO - EXPIRED
外媒：阿根廷总统联合国演讲被疑抄袭美剧《白宫风云》，部分内容“几乎一字不差”
https://new.qq.com/rain/a/20241005A042OL00

2024-10-07 00:35:55,908 - INFO - EXPIRED
胡塞武装使用新型高超声速导弹突入以色列？周伟政：冲突持续升温
https://new.qq.com/rain/a/20241005A02BCV00

2024-10-07 00:35:55,908 - INFO - EXPIRED
国航一航班疑中途因机械故障返航 旅客：下飞机发现飞机风挡疑有裂纹 
https://new.qq.com/rain/a/20241005A03OKP00

2024-10-07 00:35:55,908 - INFO - EXPIRED
监控曝光！扎波罗热核电站安保队长在汽车爆炸中丧生，车头瞬间脱落
https://new.qq.com/rain/a/20241005V03CYX00

2024-10-07 00:35:55,908 - INFO - EXPIRED
因这冲突？现场收音爆料：杨鸣疑似辱骂外援 山东主帅：这话很危险
https://new.qq.com/rain/a/20241005A02GT800

2024-10-07 00:35:55,908 - INFO - EXPIRED
“他3个小时入室4次换了3把刀” 博主称在云南大理遭男子跟踪入室抢劫
https://new.qq.com/rain/a/20241004A05VB200

2024-10-07 00:35:55,908 - INFO - EXPIRED
北京局地可能飘雪！明天华北大部地区有雨
https://new.qq.com/rain/a/20241005A03AP200

2024-10-07 00:35:55,908 - INFO - EXPIRED
金正恩回应尹锡悦：若遭韩美攻击，朝将动用一切攻击力量
https://new.qq.com/rain/a/20241004A03P4F00

2024-10-07 00:35:55,908 - INFO - EXPIRED
严重扰民的小饭桌合法合规无法取缔？评论：住宅业主权利不应被无视
https://new.qq.com/rain/a/20241005A00O6T00

2024-10-07 00:35:55,908 - INFO - EXPIRED
司机在高速上用自动驾驶，自己盖被子睡觉，危害有多大？能吊销他的驾照吗？
https://view.inews.qq.com/a/20241004Q05JDV00

2024-10-07 00:35:55,908 - INFO - EXPIRED
国内航线燃油附加费今起下调
https://new.qq.com/rain/a/20241005A0183500

2024-10-07 00:35:55,908 - INFO - EXPIRED
阿根廷总统米莱态度大转弯：对美国恼火，向中国“求和”并称将访华
https://new.qq.com/rain/a/20241005A01CTP00

2024-10-07 00:35:55,909 - INFO - EXPIRED
现场曝光！也门胡塞武装袭击一英国油轮，无人艇撞击油轮瞬间爆炸
https://new.qq.com/rain/a/20241004V03KRY00

2024-10-07 00:35:55,909 - INFO - EXPIRED
“半世纪未见大罢工”暂停，美媒：民主党的“定时炸弹”被拆除
https://new.qq.com/rain/a/20241004A06S9D00

2024-10-07 00:35:55,909 - INFO - EXPIRED
江苏徐州消防通报“一餐饮店发生火灾”：7名被困人员被及时救出，伤者均无生命危险
https://new.qq.com/rain/a/20241005A0173900

2024-10-07 00:35:55,909 - INFO - EXPIRED
国外游戏作家：谷歌NotebookLM的假AI播客正在评论我的书
https://new.qq.com/rain/a/20241005A01MAB00

2024-10-07 00:35:55,909 - INFO - EXPIRED
美中央司令部称袭击15个也门胡塞武装目标
https://new.qq.com/rain/a/20241005A00PIH00

2024-10-07 00:35:55,909 - INFO - EXPIRED
记者探访走红的哀牢山：部分区域已被开发成景区，当地人不敢贸然进入深山
https://new.qq.com/rain/a/20241004A0696V00

2024-10-07 00:35:55,909 - INFO - EXPIRED
“太阳送给国庆的彩蛋”？7年来最强耀斑爆发，未来三天或再现极光
https://new.qq.com/rain/a/20241004A06MUE00

2024-10-07 00:35:55,909 - INFO - EXPIRED
中国海军：眼科标准放宽，视力矫正手术后可参加海军飞行学员选拔
https://new.qq.com/rain/a/20241005A02CSZ00

2024-10-07 00:35:55,909 - INFO - EXPIRED
美股三大指数集体收涨道指涨近1% 中概指数涨3%全周涨近12%
https://new.qq.com/rain/a/20241005A00VFW00

2024-10-07 00:35:55,909 - INFO - EXPIRED
金价飙涨打乱年轻人结婚计划，有人放弃买“三金”，有人选择换成珠宝
https://new.qq.com/rain/a/20241004A03JRV00

2024-10-07 00:35:56,365 - ERROR - ERROR
新一轮巴以冲突一周年：冲突前后加沙城对比画面，街道变为废墟
https://new.qq.com/rain/a/20241007V00WR200
('list index out of range',)
======
Traceback (most recent call last):
  File "/home/runner/work/qqnews/qqnews/qq.py", line 81, in process_article
    ss = str(tmpbs.select("div.LEFT div.content.clearfix")[0])
             ~~~~~~~~~~~~~~~~~~~~~~~~~~~~~~~~~~~~~~~~~~~~~^^^
IndexError: list index out of range


2024-10-07 00:35:56,375 - INFO - INVALID
中国驻巴基斯坦使馆关于卡西姆港发电有限公司车队遭遇恐怖袭击的声明
https://new.qq.com/rain/a/20241007A00U3Q00

2024-10-07 00:35:56,378 - INFO - INVALID
青海西宁某商务宾馆辱骂游客？官方：辞退涉事员工，出具书面道歉信
https://new.qq.com/rain/a/20241007A00ZEX00

2024-10-07 00:35:56,443 - INFO - INVALID
美国要退役国际空间站？几年内太空中或将再没有NASA宇航员
https://new.qq.com/rain/a/20241007A00XF900

2024-10-07 00:35:56,457 - INFO - INVALID
巴以冲突一年致4.2万巴勒斯坦人丧生，全球多地爆发反战游行
https://new.qq.com/rain/a/20241007A007Y200

2024-10-07 02:12:58,102 - INFO - EXPIRED
奥运金牌和诺奖金牌都是金牌，哪个黄金的含量更高？
https://view.inews.qq.com/a/20241005Q06L5O00

2024-10-07 02:12:58,102 - INFO - EXPIRED
印媒：印拟向全球推广“印度制造”
https://new.qq.com/rain/a/20241006A062TH00

2024-10-07 02:12:58,102 - INFO - EXPIRED
“我都这把年纪了，要我死？”菲律宾前总统杜特尔特否认竞选参议员
https://new.qq.com/rain/a/20241006A04YSV00

2024-10-07 02:12:58,102 - INFO - EXPIRED
中国游客亲历泰国清迈洪灾：坐军用皮卡从酒店撤离，洪水没到大腿根
https://new.qq.com/rain/a/20241006A06ZI100

2024-10-07 02:12:58,102 - INFO - EXPIRED
“轰一声山垮了”贵州桐梓山体塌方一女孩失联 目击者：土石覆盖公路
https://new.qq.com/rain/a/20241006V06LJI00

2024-10-07 02:12:58,102 - INFO - EXPIRED
擅自进入未开发区域并毁坏物资，四川稻城亚丁景区通报：8人终身禁入
https://new.qq.com/rain/a/20241006A0703600

2024-10-07 02:12:58,102 - INFO - EXPIRED
庐山景区泡面开水收费5元？景区：游客未支付，将增加免费热水供应点
https://new.qq.com/rain/a/20241006A077AU00

2024-10-07 02:12:58,102 - INFO - EXPIRED
欠债400万，中国“淘金客”在非洲“翻盘”
https://new.qq.com/rain/a/20241006A06CJF00

2024-10-07 02:12:58,102 - INFO - EXPIRED
印度与美国签协议加强电池关键矿物供应链，还将拉第三国入伙
https://new.qq.com/rain/a/20241006A06HB800

2024-10-07 02:12:58,102 - INFO - EXPIRED
知名歌手将沔阳读成丐阳，自嘲没文化，你还知道哪些生僻地名？背后有什么故事？
https://view.inews.qq.com/a/20241006Q05RD600

2024-10-07 02:12:58,102 - INFO - EXPIRED
以色列贝尔谢巴中央汽车站疑似发生恐怖袭击 已致一人死亡
https://new.qq.com/rain/a/20241006A06EZC00

2024-10-07 02:12:58,102 - INFO - EXPIRED
新一轮巴以冲突爆发一周年，内塔尼亚胡：以色列正在7条战线上作战
https://new.qq.com/rain/a/20241006A05G3600

2024-10-07 02:12:58,102 - INFO - EXPIRED
河南一新郎接亲被加要18万彩礼婚车被拦，乡政府：有人冒名发布情况说明，已报警
https://new.qq.com/rain/a/20241006A063P800

2024-10-07 02:12:58,103 - INFO - EXPIRED
向松祚：不要错误解读人民银行的货币政策工具
https://new.qq.com/rain/a/20241006A066PL00

2024-10-07 02:12:58,103 - INFO - EXPIRED
马龙赛后采访：恭喜林诗栋夺冠 输掉决赛对我来说不是失败 
https://new.qq.com/rain/a/20241006V06MK700

2024-10-07 02:12:58,103 - INFO - EXPIRED
印度空军参谋长：空军要“遵守时间表”追赶中国
https://new.qq.com/rain/a/20241006A049IZ00

2024-10-07 02:12:58,103 - INFO - EXPIRED
日媒：日方将归还中国16只朱鹮
https://new.qq.com/rain/a/20241006A04GH800

2024-10-07 02:12:58,103 - INFO - EXPIRED
云南哀牢山突然爆火，这种原始森林深处有多凶险？如果迷路了怎么办？
https://view.inews.qq.com/a/20241006Q03HEJ00

2024-10-07 02:12:58,103 - INFO - EXPIRED
特朗普被曝曾询问普京“美国是否应向乌供武”，普京：这是个“错误”
https://new.qq.com/rain/a/20241006A04J7K00

2024-10-07 02:12:58,103 - INFO - EXPIRED
卡塔尔官员：哈马斯领导人辛瓦尔依然活着，只用笔纸交流
https://new.qq.com/rain/a/20241006A04HST00

2024-10-07 02:12:58,103 - INFO - EXPIRED
台湾海峡中部发生3.7级地震
https://new.qq.com/rain/a/20241006A04YKV00

2024-10-07 02:12:58,103 - INFO - EXPIRED
孩子从行李箱上滑落摔伤已发生多起，千万别这样“遛娃”
https://new.qq.com/rain/a/20241006A04QUP00

2024-10-07 02:12:58,103 - INFO - EXPIRED
山东菏泽鄄城警方通报：重大刑事案件69岁犯罪嫌疑人已被抓获归案
https://new.qq.com/rain/a/20241006A04HI500

2024-10-07 02:12:58,103 - INFO - EXPIRED
甘肃走失2岁女童确认遇难，警方：系溺水身亡，遗体在60公里外被发现
https://new.qq.com/rain/a/20241006A05N8L00

2024-10-07 02:12:58,103 - INFO - EXPIRED
韩最大在野党称将再次提交《金建希独检法案》，有可能通过吗？
https://view.inews.qq.com/a/20241005Q02F0C00

2024-10-07 02:12:58,103 - INFO - EXPIRED
国新办10月8日将举行新闻发布会，发改委主任及4位副主任一同出席
https://new.qq.com/rain/a/20241006A03WXD00

2024-10-07 02:12:58,103 - INFO - EXPIRED
河南一男子被困商场电梯30分钟无人管？工作人员：正确认紧急按钮问题
https://new.qq.com/rain/a/20241006A03BNJ00

2024-10-07 02:12:58,103 - INFO - EXPIRED
小车司机因错过高速出口，急刹倒车致后方三车追尾，又迅速驶离
https://new.qq.com/rain/a/20241006V01IDL00

2024-10-07 02:12:58,103 - INFO - EXPIRED
出口和工业生产强劲，越南第三季度GDP增速意外加速至7.4%
https://new.qq.com/rain/a/20241006A03VNY00

2024-10-07 02:12:58,103 - INFO - EXPIRED
飞18小时去非洲看动物大迁徙、花几十万去南极和企鹅握手……现在年轻人旅行有多会玩？
https://view.inews.qq.com/a/20240928Q08DJ500

2024-10-07 02:12:58,103 - INFO - EXPIRED
男子遗失手机向警方求助，意外找到失联6年的亲人
https://new.qq.com/rain/a/20241006A02S8500

2024-10-07 02:12:58,103 - INFO - EXPIRED
小渔村被赵丽颖带火，一年银行存款增加2.43亿，旅游对地方和个人的改变能有多大？
https://view.inews.qq.com/a/20240925Q09Z9000

2024-10-07 02:12:58,103 - INFO - EXPIRED
湖南浏阳一烟花厂库房发生爆炸 居民称震动波致自家房屋受损 当地回应
https://new.qq.com/rain/a/20241006V03GIO00

2024-10-07 02:12:58,103 - INFO - EXPIRED
突发！新西兰一艘5700吨军舰沉没
https://new.qq.com/rain/a/20241006A01LPI00

2024-10-07 02:12:58,103 - INFO - EXPIRED
美国白宫附近举行支持巴勒斯坦示威活动 一男子在现场自焚
https://new.qq.com/rain/a/20241006A01RRC00

2024-10-07 02:12:58,103 - INFO - EXPIRED
“没停车就要收费吗”，男子驾车路过小区被收穿行费，当地：闻所未闻
https://new.qq.com/rain/a/20241006A01JAO00

2024-10-07 02:12:58,103 - INFO - EXPIRED
借用及出借证券期货账户，超级牛散王孝安、方士雄遭证监会顶格处罚
https://new.qq.com/rain/a/20241006A025NY00

2024-10-07 02:12:58,104 - INFO - EXPIRED
有员工卡里突然多了十余万，比亚迪：发放利润奖
https://new.qq.com/rain/a/20241006A01LN500

2024-10-07 02:12:58,104 - INFO - EXPIRED
韩媒：韩国前总统文在寅女儿因涉酒驾被立案
https://new.qq.com/rain/a/20241006A038X400

2024-10-07 02:12:58,104 - INFO - EXPIRED
我的养老保险怎么缴，退休能领更多钱？
https://view.inews.qq.com/a/20240927Q02UC000

2024-10-07 02:12:58,104 - INFO - EXPIRED
新郎接亲被索要18.8万彩礼，强行带走新娘被女方亲戚堵车，警方介入
https://new.qq.com/rain/a/20241005V05BKU00

2024-10-07 02:12:58,104 - INFO - EXPIRED
特朗普重回遭枪击地办集会：防弹玻璃环绕演讲台，马斯克登场为其站台
https://new.qq.com/rain/a/20241006V01GMT00

2024-10-07 02:12:58,104 - INFO - EXPIRED
行李托运费比机票还贵？男子起诉购票平台和航司，法院判了
https://new.qq.com/rain/a/20241005A06BGC00

2024-10-07 02:12:58,104 - INFO - EXPIRED
台媒：台风“山陀儿”造成台湾地区4死1失踪719伤
https://new.qq.com/rain/a/20241006A01HYF00

2024-10-07 02:12:58,104 - INFO - EXPIRED
中国母女斯里兰卡旅游在酒店遇入室抢劫，当地警方已展开调查 涉事酒店仍在跟团游行程安排内
https://new.qq.com/rain/a/20241005A060E600

2024-10-07 02:12:58,104 - INFO - EXPIRED
外交部发言人就美国总统拜登向习近平主席致国庆贺电答记者问
https://new.qq.com/rain/a/20241005A066G700

2024-10-07 02:12:58,104 - INFO - EXPIRED
阳台外面建阳台，贵阳一户人家装修惹怒其他业主：简直不可理喻
https://new.qq.com/rain/a/20241005A06PNE00

2024-10-07 02:12:58,104 - INFO - EXPIRED
山西爆火后，网友称去云冈石窟排队一小时看佛一分钟，这一分钟到底值不值？
https://view.inews.qq.com/a/20240925Q02YGD00

2024-10-07 02:12:58,104 - INFO - EXPIRED
德云社秦霄贤粉丝涉嫌伪造人民网文章？北京通州警方：已立案侦查
https://new.qq.com/rain/a/20241005A072T700

2024-10-07 02:12:58,104 - INFO - EXPIRED
俄军突击库拉霍沃，切断乌军一地区补给线，俄专家：乌军作战条件严峻
https://new.qq.com/rain/a/20241005A033KR00

2024-10-07 02:12:58,104 - INFO - EXPIRED
“钱塘江同志”又立功：民警从几万观潮游客中，一眼瞅到在逃嫌犯
https://new.qq.com/rain/a/20241005A05JTS00

2024-10-07 02:12:58,104 - INFO - EXPIRED
中国民办教育协会主要发起人柳斌去世 享年88岁
https://new.qq.com/rain/a/20241005A06B2300

2024-10-07 02:12:58,104 - INFO - EXPIRED
美特勤局遭遇近二十年最大规模人员外流：加班没工资、管理层卸磨杀驴
https://new.qq.com/rain/a/20241005A069J900

2024-10-07 02:12:58,104 - INFO - EXPIRED
“一般打架都比这激烈”，全国武术冠军赛选手对打遭调侃，官方回应
https://new.qq.com/rain/a/20241005A054WE00

2024-10-07 02:12:58,104 - INFO - EXPIRED
大妈在机场休息厅开音响跳舞，机场不能制止吗？该哪个部门管？
https://view.inews.qq.com/a/20241005Q01EGF00

2024-10-07 02:12:58,104 - INFO - EXPIRED
一外卖员频频在车辆转弯或盲区“被撞”，已被检方批捕、平台拉黑
https://new.qq.com/rain/a/20241005A02C4L00

2024-10-07 02:12:58,104 - INFO - EXPIRED
大风大雨将袭上海：光影节调整安排、多区取消活动，这场大师赛也受影响
https://new.qq.com/rain/a/20241005A05Y4X00

2024-10-07 02:12:58,104 - INFO - EXPIRED
郑钦文0-2止步中网四强，带伤作战有多难？伤病对她争夺年终总决赛资格有多大影响？
https://view.inews.qq.com/a/20241005Q06B6K00

2024-10-07 02:12:58,104 - INFO - EXPIRED
“你哪个学校的不要那么拽”，学生向教育局举报补课被怼还要求背课文
https://new.qq.com/rain/a/20241005A027RK00

2024-10-07 02:12:58,104 - INFO - EXPIRED
突发重刑案！山东警方最高10万悬赏69岁犯罪嫌疑人
https://new.qq.com/rain/a/20241005A04YSY00

2024-10-07 02:12:58,104 - INFO - EXPIRED
湖南醴陵近期发生两起烟花爆竹安全事故 有人员伤亡
https://new.qq.com/rain/a/20241005A05F4S00

2024-10-07 02:12:58,104 - INFO - EXPIRED
阿联酋航空宣布禁止在航班上携带寻呼机和对讲机
https://new.qq.com/rain/a/20241005A05R2Z00

2024-10-07 02:12:58,104 - INFO - EXPIRED
外媒对比伊以双方军事力量，伊朗在人数和装备数量上均领先，能直观体现实力吗？
https://view.inews.qq.com/a/20241005Q02VTQ00

2024-10-07 02:12:58,104 - INFO - EXPIRED
专家解读为何哀牢山是禁区：地理环境极为复杂，存在大地磁场强度异常的现象，导致指南针失灵
https://new.qq.com/rain/a/20241005A049WA00

2024-10-07 02:12:58,104 - INFO - EXPIRED
回看郑钦文受伤一幕：手指戳破泪洒赛场，倒地时目光仍紧盯球
https://new.qq.com/rain/a/20241005V05IRU00

2024-10-07 02:12:58,104 - INFO - EXPIRED
美国35年来首个！“已准备好用于制造核武器”
https://new.qq.com/rain/a/20241005A054Y400

2024-10-07 02:12:58,105 - INFO - EXPIRED
两人山路上随意停车野餐被报警，堵车时前面的车都在干什么？该怎么让不守规矩的司机长教训？
https://view.inews.qq.com/a/20241004Q02M0B00

2024-10-07 02:12:58,105 - INFO - EXPIRED
俄官员：俄罗斯将把阿富汗塔利班移出恐怖组织名单，正在完成法律工作
https://new.qq.com/rain/a/20241005A03FZZ00

2024-10-07 02:12:58,105 - INFO - EXPIRED
“你是最坏的媳妇！” 1100万阿尔茨海默病老人背后，照护者的隐痛
https://new.qq.com/rain/a/20241004A05ONE00

2024-10-07 02:12:58,105 - INFO - EXPIRED
外媒：挪威警方公布最终尸检结果，“间谍白鲸”被排除射杀，死因可能是细菌感染
https://new.qq.com/rain/a/20241005A03YBV00

2024-10-07 02:12:58,105 - INFO - EXPIRED
英国前首相在新书中称，内塔尼亚胡或在他卫生间装过窃听器，提这个只是为卖书吗？
https://view.inews.qq.com/a/20241004Q0638700

2024-10-07 02:12:58,105 - INFO - EXPIRED
拜登担心特朗普“拒绝接受大选结果”：这很危险
https://new.qq.com/rain/a/20241005A04EXA00

2024-10-07 02:12:58,105 - INFO - EXPIRED
武契奇出席中企承建项目通车仪式：感谢中国朋友，让人仿佛置身奥地利或瑞士
https://new.qq.com/rain/a/20241005A03UN900

2024-10-07 02:12:58,105 - INFO - EXPIRED
泽连斯基称将在德国举行的领导人级别会议上提出“胜利计划”
https://new.qq.com/rain/a/20241005A04PG100

2024-10-07 02:12:58,105 - INFO - EXPIRED
外媒：阿根廷总统联合国演讲被疑抄袭美剧《白宫风云》，部分内容“几乎一字不差”
https://new.qq.com/rain/a/20241005A042OL00

2024-10-07 02:12:58,105 - INFO - EXPIRED
胡塞武装使用新型高超声速导弹突入以色列？周伟政：冲突持续升温
https://new.qq.com/rain/a/20241005A02BCV00

2024-10-07 02:12:58,105 - INFO - EXPIRED
国航一航班疑中途因机械故障返航 旅客：下飞机发现飞机风挡疑有裂纹 
https://new.qq.com/rain/a/20241005A03OKP00

2024-10-07 02:12:58,105 - INFO - EXPIRED
监控曝光！扎波罗热核电站安保队长在汽车爆炸中丧生，车头瞬间脱落
https://new.qq.com/rain/a/20241005V03CYX00

2024-10-07 02:12:58,105 - INFO - EXPIRED
因这冲突？现场收音爆料：杨鸣疑似辱骂外援 山东主帅：这话很危险
https://new.qq.com/rain/a/20241005A02GT800

2024-10-07 02:12:58,105 - INFO - EXPIRED
“他3个小时入室4次换了3把刀” 博主称在云南大理遭男子跟踪入室抢劫
https://new.qq.com/rain/a/20241004A05VB200

2024-10-07 02:12:58,105 - INFO - EXPIRED
北京局地可能飘雪！明天华北大部地区有雨
https://new.qq.com/rain/a/20241005A03AP200

2024-10-07 02:12:58,105 - INFO - EXPIRED
金正恩回应尹锡悦：若遭韩美攻击，朝将动用一切攻击力量
https://new.qq.com/rain/a/20241004A03P4F00

2024-10-07 02:12:58,105 - INFO - EXPIRED
严重扰民的小饭桌合法合规无法取缔？评论：住宅业主权利不应被无视
https://new.qq.com/rain/a/20241005A00O6T00

2024-10-07 02:12:58,105 - INFO - EXPIRED
司机在高速上用自动驾驶，自己盖被子睡觉，危害有多大？能吊销他的驾照吗？
https://view.inews.qq.com/a/20241004Q05JDV00

2024-10-07 02:12:58,105 - INFO - EXPIRED
国内航线燃油附加费今起下调
https://new.qq.com/rain/a/20241005A0183500

2024-10-07 02:12:58,105 - INFO - EXPIRED
阿根廷总统米莱态度大转弯：对美国恼火，向中国“求和”并称将访华
https://new.qq.com/rain/a/20241005A01CTP00

2024-10-07 02:12:58,105 - INFO - EXPIRED
现场曝光！也门胡塞武装袭击一英国油轮，无人艇撞击油轮瞬间爆炸
https://new.qq.com/rain/a/20241004V03KRY00

2024-10-07 02:12:58,105 - INFO - EXPIRED
“半世纪未见大罢工”暂停，美媒：民主党的“定时炸弹”被拆除
https://new.qq.com/rain/a/20241004A06S9D00

2024-10-07 02:12:58,105 - INFO - EXPIRED
江苏徐州消防通报“一餐饮店发生火灾”：7名被困人员被及时救出，伤者均无生命危险
https://new.qq.com/rain/a/20241005A0173900

2024-10-07 02:12:58,105 - INFO - EXPIRED
国外游戏作家：谷歌NotebookLM的假AI播客正在评论我的书
https://new.qq.com/rain/a/20241005A01MAB00

2024-10-07 02:12:58,105 - INFO - EXPIRED
美中央司令部称袭击15个也门胡塞武装目标
https://new.qq.com/rain/a/20241005A00PIH00

2024-10-07 02:12:58,106 - INFO - EXPIRED
记者探访走红的哀牢山：部分区域已被开发成景区，当地人不敢贸然进入深山
https://new.qq.com/rain/a/20241004A0696V00

2024-10-07 02:12:58,559 - INFO - INVALID
河南一医院有老鼠在病房“飞檐走壁”？医院：已堵住老鼠洞并加强消杀
https://new.qq.com/rain/a/20241007A01QOV00

2024-10-07 02:12:58,626 - INFO - INVALID
分歧加深？外媒：美副总统哈里斯拒绝回答“内塔尼亚胡是否是真正的亲密盟友”
https://new.qq.com/rain/a/20241007A01RTU00

2024-10-07 02:12:58,637 - INFO - INVALID
河南淮滨一​新郎接亲被加要18万彩礼，新娘家人阻拦婚车？官方通报
https://new.qq.com/rain/a/20241007A0185700

2024-10-07 02:12:58,643 - INFO - INVALID
中国驻巴基斯坦使馆关于卡西姆港发电有限公司车队遭遇恐怖袭击的声明
https://new.qq.com/rain/a/20241007A00U3Q00

2024-10-07 02:12:58,647 - INFO - INVALID
巴以冲突一年致4.2万巴勒斯坦人丧生，全球多地爆发反战游行
https://new.qq.com/rain/a/20241007A007Y200

2024-10-07 02:12:58,885 - INFO - INVALID
青海西宁某商务宾馆辱骂游客？官方：辞退涉事员工，出具书面道歉信
https://new.qq.com/rain/a/20241007A00ZEX00

2024-10-07 02:12:58,969 - ERROR - ERROR
新一轮巴以冲突一周年：冲突前后加沙城对比画面，街道变为废墟
https://new.qq.com/rain/a/20241007V00WR200
('list index out of range',)
======
Traceback (most recent call last):
  File "/home/runner/work/qqnews/qqnews/qq.py", line 81, in process_article
    ss = str(tmpbs.select("div.LEFT div.content.clearfix")[0])
             ~~~~~~~~~~~~~~~~~~~~~~~~~~~~~~~~~~~~~~~~~~~~~^^^
IndexError: list index out of range


2024-10-07 02:12:58,994 - INFO - INVALID
美国要退役国际空间站？几年内太空中或将再没有NASA宇航员
https://new.qq.com/rain/a/20241007A00XF900

2024-10-07 03:16:23,504 - INFO - EXPIRED
工作多年，我在好几个城市打工，等我退休后我在哪里领养老金？这事儿需要规划下吗？
https://view.inews.qq.com/a/20240930Q02DKP00

2024-10-07 03:16:23,504 - INFO - EXPIRED
印尼媒体警告石破茂：不要自取其辱，东盟不感兴趣
https://new.qq.com/rain/a/20241006A06FFB00

2024-10-07 03:16:23,504 - INFO - EXPIRED
印媒：印拟向全球推广“印度制造”
https://new.qq.com/rain/a/20241006A062TH00

2024-10-07 03:16:23,504 - INFO - EXPIRED
奥运金牌和诺奖金牌都是金牌，哪个黄金的含量更高？
https://view.inews.qq.com/a/20241005Q06L5O00

2024-10-07 03:16:23,504 - INFO - EXPIRED
“我都这把年纪了，要我死？”菲律宾前总统杜特尔特否认竞选参议员
https://new.qq.com/rain/a/20241006A04YSV00

2024-10-07 03:16:23,504 - INFO - EXPIRED
中国游客亲历泰国清迈洪灾：坐军用皮卡从酒店撤离，洪水没到大腿根
https://new.qq.com/rain/a/20241006A06ZI100

2024-10-07 03:16:23,504 - INFO - EXPIRED
“轰一声山垮了” 贵州桐梓山体塌方一女孩失联 目击者：土石覆盖公路
https://new.qq.com/rain/a/20241006V06LJI00

2024-10-07 03:16:23,504 - INFO - EXPIRED
擅自进入未开发区域并毁坏物资，四川稻城亚丁景区通报：8人终身禁入
https://new.qq.com/rain/a/20241006A0703600

2024-10-07 03:16:23,504 - INFO - EXPIRED
庐山景区泡面开水收费5元？景区：游客未支付，将增加免费热水供应点
https://new.qq.com/rain/a/20241006A077AU00

2024-10-07 03:16:23,504 - INFO - EXPIRED
欠债400万，中国“淘金客”在非洲“翻盘”
https://new.qq.com/rain/a/20241006A06CJF00

2024-10-07 03:16:23,504 - INFO - EXPIRED
印度与美国签协议加强电池关键矿物供应链，还将拉第三国入伙
https://new.qq.com/rain/a/20241006A06HB800

2024-10-07 03:16:23,504 - INFO - EXPIRED
知名歌手将沔阳读成丐阳，自嘲没文化，你还知道哪些生僻地名？背后有什么故事？
https://view.inews.qq.com/a/20241006Q05RD600

2024-10-07 03:16:23,505 - INFO - EXPIRED
以色列贝尔谢巴中央汽车站疑似发生恐怖袭击 已致一人死亡
https://new.qq.com/rain/a/20241006A06EZC00

2024-10-07 03:16:23,505 - INFO - EXPIRED
新一轮巴以冲突爆发一周年，内塔尼亚胡：以色列正在7条战线上作战
https://new.qq.com/rain/a/20241006A05G3600

2024-10-07 03:16:23,505 - INFO - EXPIRED
河南一新郎接亲被加要18万彩礼婚车被拦，乡政府：有人冒名发布情况说明，已报警
https://new.qq.com/rain/a/20241006A063P800

2024-10-07 03:16:23,505 - INFO - EXPIRED
向松祚：不要错误解读人民银行的货币政策工具
https://new.qq.com/rain/a/20241006A066PL00

2024-10-07 03:16:23,505 - INFO - EXPIRED
马龙赛后采访：恭喜林诗栋夺冠 输掉决赛对我来说不是失败 
https://new.qq.com/rain/a/20241006V06MK700

2024-10-07 03:16:23,505 - INFO - EXPIRED
印度空军参谋长：空军要“遵守时间表”追赶中国
https://new.qq.com/rain/a/20241006A049IZ00

2024-10-07 03:16:23,505 - INFO - EXPIRED
日媒：日方将归还中国16只朱鹮
https://new.qq.com/rain/a/20241006A04GH800

2024-10-07 03:16:23,505 - INFO - EXPIRED
云南哀牢山突然爆火，这种原始森林深处有多凶险？如果迷路了怎么办？
https://view.inews.qq.com/a/20241006Q03HEJ00

2024-10-07 03:16:23,505 - INFO - EXPIRED
特朗普被曝曾询问普京“美国是否应向乌供武”，普京：这是个“错误”
https://new.qq.com/rain/a/20241006A04J7K00

2024-10-07 03:16:23,505 - INFO - EXPIRED
卡塔尔官员：哈马斯领导人辛瓦尔依然活着，只用笔纸交流
https://new.qq.com/rain/a/20241006A04HST00

2024-10-07 03:16:23,505 - INFO - EXPIRED
台湾海峡中部发生3.7级地震
https://new.qq.com/rain/a/20241006A04YKV00

2024-10-07 03:16:23,505 - INFO - EXPIRED
孩子从行李箱上滑落摔伤已发生多起，千万别这样“遛娃”
https://new.qq.com/rain/a/20241006A04QUP00

2024-10-07 03:16:23,505 - INFO - EXPIRED
山东菏泽鄄城警方通报：重大刑事案件69岁犯罪嫌疑人已被抓获归案
https://new.qq.com/rain/a/20241006A04HI500

2024-10-07 03:16:23,505 - INFO - EXPIRED
甘肃走失2岁女童确认遇难，警方：系溺水身亡，遗体在60公里外被发现
https://new.qq.com/rain/a/20241006A05N8L00

2024-10-07 03:16:23,505 - INFO - EXPIRED
韩最大在野党称将再次提交《金建希独检法案》，有可能通过吗？
https://view.inews.qq.com/a/20241005Q02F0C00

2024-10-07 03:16:23,505 - INFO - EXPIRED
国新办10月8日将举行新闻发布会，发改委主任及4位副主任一同出席
https://new.qq.com/rain/a/20241006A03WXD00

2024-10-07 03:16:23,505 - INFO - EXPIRED
河南一男子被困商场电梯30分钟无人管？工作人员：正确认紧急按钮问题
https://new.qq.com/rain/a/20241006A03BNJ00

2024-10-07 03:16:23,505 - INFO - EXPIRED
小车司机因错过高速出口，急刹倒车致后方三车追尾，又迅速驶离
https://new.qq.com/rain/a/20241006V01IDL00

2024-10-07 03:16:23,505 - INFO - EXPIRED
出口和工业生产强劲，越南第三季度GDP增速意外加速至7.4%
https://new.qq.com/rain/a/20241006A03VNY00

2024-10-07 03:16:23,505 - INFO - EXPIRED
飞18小时去非洲看动物大迁徙、花几十万去南极和企鹅握手……现在年轻人旅行有多会玩？
https://view.inews.qq.com/a/20240928Q08DJ500

2024-10-07 03:16:23,505 - INFO - EXPIRED
男子遗失手机向警方求助，意外找到失联6年的亲人
https://new.qq.com/rain/a/20241006A02S8500

2024-10-07 03:16:23,505 - INFO - EXPIRED
小渔村被赵丽颖带火，一年银行存款增加2.43亿，旅游对地方和个人的改变能有多大？
https://view.inews.qq.com/a/20240925Q09Z9000

2024-10-07 03:16:23,505 - INFO - EXPIRED
湖南浏阳一烟花厂库房发生爆炸 居民称震动波致自家房屋受损 当地回应
https://new.qq.com/rain/a/20241006V03GIO00

2024-10-07 03:16:23,505 - INFO - EXPIRED
突发！新西兰一艘5700吨军舰沉没
https://new.qq.com/rain/a/20241006A01LPI00

2024-10-07 03:16:23,505 - INFO - EXPIRED
美国白宫附近举行支持巴勒斯坦示威活动 一男子在现场自焚
https://new.qq.com/rain/a/20241006A01RRC00

2024-10-07 03:16:23,505 - INFO - EXPIRED
“没停车就要收费吗”，男子驾车路过小区被收穿行费，当地：闻所未闻
https://new.qq.com/rain/a/20241006A01JAO00

2024-10-07 03:16:23,505 - INFO - EXPIRED
借用及出借证券期货账户，超级牛散王孝安、方士雄遭证监会顶格处罚
https://new.qq.com/rain/a/20241006A025NY00

2024-10-07 03:16:23,505 - INFO - EXPIRED
有员工卡里突然多了十余万，比亚迪：发放利润奖
https://new.qq.com/rain/a/20241006A01LN500

2024-10-07 03:16:23,505 - INFO - EXPIRED
韩媒：韩国前总统文在寅女儿因涉酒驾被立案
https://new.qq.com/rain/a/20241006A038X400

2024-10-07 03:16:23,505 - INFO - EXPIRED
我的养老保险怎么缴，退休能领更多钱？
https://view.inews.qq.com/a/20240927Q02UC000

2024-10-07 03:16:23,505 - INFO - EXPIRED
新郎接亲被索要18.8万彩礼，强行带走新娘被女方亲戚堵车，警方介入
https://new.qq.com/rain/a/20241005V05BKU00

2024-10-07 03:16:23,505 - INFO - EXPIRED
特朗普重回遭枪击地办集会：防弹玻璃环绕演讲台，马斯克登场为其站台
https://new.qq.com/rain/a/20241006V01GMT00

2024-10-07 03:16:23,505 - INFO - EXPIRED
行李托运费比机票还贵？男子起诉购票平台和航司，法院判了
https://new.qq.com/rain/a/20241005A06BGC00

2024-10-07 03:16:23,505 - INFO - EXPIRED
台媒：台风“山陀儿”造成台湾地区4死1失踪719伤
https://new.qq.com/rain/a/20241006A01HYF00

2024-10-07 03:16:23,505 - INFO - EXPIRED
中国母女斯里兰卡旅游在酒店遇入室抢劫，当地警方已展开调查 涉事酒店仍在跟团游行程安排内
https://new.qq.com/rain/a/20241005A060E600

2024-10-07 03:16:23,505 - INFO - EXPIRED
外交部发言人就美国总统拜登向习近平主席致国庆贺电答记者问
https://new.qq.com/rain/a/20241005A066G700

2024-10-07 03:16:23,505 - INFO - EXPIRED
阳台外面建阳台，贵阳一户人家装修惹怒其他业主：简直不可理喻
https://new.qq.com/rain/a/20241005A06PNE00

2024-10-07 03:16:23,505 - INFO - EXPIRED
山西爆火后，网友称去云冈石窟排队一小时看佛一分钟，这一分钟到底值不值？
https://view.inews.qq.com/a/20240925Q02YGD00

2024-10-07 03:16:23,505 - INFO - EXPIRED
德云社秦霄贤粉丝涉嫌伪造人民网文章？北京通州警方：已立案侦查
https://new.qq.com/rain/a/20241005A072T700

2024-10-07 03:16:23,505 - INFO - EXPIRED
俄军突击库拉霍沃，切断乌军一地区补给线，俄专家：乌军作战条件严峻
https://new.qq.com/rain/a/20241005A033KR00

2024-10-07 03:16:23,505 - INFO - EXPIRED
“钱塘江同志”又立功：民警从几万观潮游客中，一眼瞅到在逃嫌犯
https://new.qq.com/rain/a/20241005A05JTS00

2024-10-07 03:16:23,505 - INFO - EXPIRED
中国民办教育协会主要发起人柳斌去世 享年88岁
https://new.qq.com/rain/a/20241005A06B2300

2024-10-07 03:16:23,505 - INFO - EXPIRED
美特勤局遭遇近二十年最大规模人员外流：加班没工资、管理层卸磨杀驴
https://new.qq.com/rain/a/20241005A069J900

2024-10-07 03:16:23,505 - INFO - EXPIRED
“一般打架都比这激烈”，全国武术冠军赛选手对打遭调侃，官方回应
https://new.qq.com/rain/a/20241005A054WE00

2024-10-07 03:16:23,505 - INFO - EXPIRED
大妈在机场休息厅开音响跳舞，机场不能制止吗？该哪个部门管？
https://view.inews.qq.com/a/20241005Q01EGF00

2024-10-07 03:16:23,505 - INFO - EXPIRED
一外卖员频频在车辆转弯或盲区“被撞”，已被检方批捕、平台拉黑
https://new.qq.com/rain/a/20241005A02C4L00

2024-10-07 03:16:23,505 - INFO - EXPIRED
大风大雨将袭上海：光影节调整安排、多区取消活动，这场大师赛也受影响
https://new.qq.com/rain/a/20241005A05Y4X00

2024-10-07 03:16:23,505 - INFO - EXPIRED
郑钦文0-2止步中网四强，带伤作战有多难？伤病对她争夺年终总决赛资格有多大影响？
https://view.inews.qq.com/a/20241005Q06B6K00

2024-10-07 03:16:23,505 - INFO - EXPIRED
“你哪个学校的不要那么拽”，学生向教育局举报补课被怼还要求背课文
https://new.qq.com/rain/a/20241005A027RK00

2024-10-07 03:16:23,505 - INFO - EXPIRED
突发重刑案！山东警方最高10万悬赏69岁犯罪嫌疑人
https://new.qq.com/rain/a/20241005A04YSY00

2024-10-07 03:16:23,505 - INFO - EXPIRED
湖南醴陵近期发生两起烟花爆竹安全事故 有人员伤亡
https://new.qq.com/rain/a/20241005A05F4S00

2024-10-07 03:16:23,505 - INFO - EXPIRED
阿联酋航空宣布禁止在航班上携带寻呼机和对讲机
https://new.qq.com/rain/a/20241005A05R2Z00

2024-10-07 03:16:23,505 - INFO - EXPIRED
外媒对比伊以双方军事力量，伊朗在人数和装备数量上均领先，能直观体现实力吗？
https://view.inews.qq.com/a/20241005Q02VTQ00

2024-10-07 03:16:23,505 - INFO - EXPIRED
专家解读为何哀牢山是禁区：地理环境极为复杂，存在大地磁场强度异常的现象，导致指南针失灵
https://new.qq.com/rain/a/20241005A049WA00

2024-10-07 03:16:23,505 - INFO - EXPIRED
回看郑钦文受伤一幕：手指戳破泪洒赛场，倒地时目光仍紧盯球
https://new.qq.com/rain/a/20241005V05IRU00

2024-10-07 03:16:23,505 - INFO - EXPIRED
美国35年来首个！“已准备好用于制造核武器”
https://new.qq.com/rain/a/20241005A054Y400

2024-10-07 03:16:23,505 - INFO - EXPIRED
两人山路上随意停车野餐被报警，堵车时前面的车都在干什么？该怎么让不守规矩的司机长教训？
https://view.inews.qq.com/a/20241004Q02M0B00

2024-10-07 03:16:23,505 - INFO - EXPIRED
俄官员：俄罗斯将把阿富汗塔利班移出恐怖组织名单，正在完成法律工作
https://new.qq.com/rain/a/20241005A03FZZ00

2024-10-07 03:16:23,505 - INFO - EXPIRED
“你是最坏的媳妇！” 1100万阿尔茨海默病老人背后，照护者的隐痛
https://new.qq.com/rain/a/20241004A05ONE00

2024-10-07 03:16:23,505 - INFO - EXPIRED
外媒：挪威警方公布最终尸检结果，“间谍白鲸”被排除射杀，死因可能是细菌感染
https://new.qq.com/rain/a/20241005A03YBV00

2024-10-07 03:16:23,505 - INFO - EXPIRED
英国前首相在新书中称，内塔尼亚胡或在他卫生间装过窃听器，提这个只是为卖书吗？
https://view.inews.qq.com/a/20241004Q0638700

2024-10-07 03:16:23,505 - INFO - EXPIRED
拜登担心特朗普“拒绝接受大选结果”：这很危险
https://new.qq.com/rain/a/20241005A04EXA00

2024-10-07 03:16:23,506 - INFO - EXPIRED
武契奇出席中企承建项目通车仪式：感谢中国朋友，让人仿佛置身奥地利或瑞士
https://new.qq.com/rain/a/20241005A03UN900

2024-10-07 03:16:23,506 - INFO - EXPIRED
泽连斯基称将在德国举行的领导人级别会议上提出“胜利计划”
https://new.qq.com/rain/a/20241005A04PG100

2024-10-07 03:16:23,506 - INFO - EXPIRED
外媒：阿根廷总统联合国演讲被疑抄袭美剧《白宫风云》，部分内容“几乎一字不差”
https://new.qq.com/rain/a/20241005A042OL00

2024-10-07 03:16:23,506 - INFO - EXPIRED
胡塞武装使用新型高超声速导弹突入以色列？周伟政：冲突持续升温
https://new.qq.com/rain/a/20241005A02BCV00

2024-10-07 03:16:23,506 - INFO - EXPIRED
国航一航班疑中途因机械故障返航 旅客：下飞机发现飞机风挡疑有裂纹 
https://new.qq.com/rain/a/20241005A03OKP00

2024-10-07 03:16:23,506 - INFO - EXPIRED
监控曝光！扎波罗热核电站安保队长在汽车爆炸中丧生，车头瞬间脱落
https://new.qq.com/rain/a/20241005V03CYX00

2024-10-07 03:16:23,506 - INFO - EXPIRED
因这冲突？现场收音爆料：杨鸣疑似辱骂外援 山东主帅：这话很危险
https://new.qq.com/rain/a/20241005A02GT800

2024-10-07 03:16:23,506 - INFO - EXPIRED
“他3个小时入室4次换了3把刀” 博主称在云南大理遭男子跟踪入室抢劫
https://new.qq.com/rain/a/20241004A05VB200

2024-10-07 03:16:23,506 - INFO - EXPIRED
北京局地可能飘雪！明天华北大部地区有雨
https://new.qq.com/rain/a/20241005A03AP200

2024-10-07 03:16:23,506 - INFO - EXPIRED
金正恩回应尹锡悦：若遭韩美攻击，朝将动用一切攻击力量
https://new.qq.com/rain/a/20241004A03P4F00

2024-10-07 03:16:23,506 - INFO - EXPIRED
严重扰民的小饭桌合法合规无法取缔？评论：住宅业主权利不应被无视
https://new.qq.com/rain/a/20241005A00O6T00

2024-10-07 03:16:23,506 - INFO - EXPIRED
司机在高速上用自动驾驶，自己盖被子睡觉，危害有多大？能吊销他的驾照吗？
https://view.inews.qq.com/a/20241004Q05JDV00

2024-10-07 03:16:24,022 - INFO - INVALID
河南淮滨一​新郎接亲被加要18万彩礼，新娘家人阻拦婚车？官方通报
https://new.qq.com/rain/a/20241007A0185700

2024-10-07 03:16:24,027 - INFO - INVALID
以色列发生恐袭案，19岁女警身亡，凶手亲戚9年前在同一地点制造血案
https://new.qq.com/rain/a/20241007A01E4100

2024-10-07 03:16:24,032 - INFO - INVALID
亏损裁员、订单流失，欧洲动力电池“全村的希望”深陷困境
https://new.qq.com/rain/a/20241007A00ZQS00

2024-10-07 03:16:24,052 - INFO - INVALID
俄国防部公布视频！俄军用“柳叶刀”巡飞弹摧毁乌军自行火炮
https://new.qq.com/rain/a/20241007A01PR300

2024-10-07 03:16:24,126 - INFO - INVALID
巴以冲突爆发一周年，是时候算算经济账了
https://new.qq.com/rain/a/20241007A025MA00

2024-10-07 03:16:24,329 - INFO - INVALID
中国驻巴基斯坦使馆关于卡西姆港发电有限公司车队遭遇恐怖袭击的声明
https://new.qq.com/rain/a/20241007A00U3Q00

2024-10-07 03:16:24,372 - INFO - INVALID
分歧加深？外媒：美副总统哈里斯拒绝回答“内塔尼亚胡是否是真正的亲密盟友”
https://new.qq.com/rain/a/20241007A01RTU00

2024-10-07 03:16:24,408 - INFO - INVALID
9月末我国外汇储备规模为33164亿美元 环比上升282亿美元
https://new.qq.com/rain/a/20241007A023CE00

2024-10-07 03:16:24,431 - INFO - INVALID
河南一医院有老鼠在病房“飞檐走壁”？医院：已堵住老鼠洞并加强消杀
https://new.qq.com/rain/a/20241007A01QOV00

2024-10-07 03:16:24,438 - INFO - SUCCESS
山东女幼师出租屋遇害 室友撞见行凶者被杀 室友父亲：女儿刚大学毕业
https://new.qq.com/rain/a/20241007A01UZJ00

2024-10-07 03:16:24,654 - INFO - INVALID
青海西宁某商务宾馆辱骂游客？官方：辞退涉事员工，出具书面道歉信
https://new.qq.com/rain/a/20241007A00ZEX00

2024-10-07 03:16:24,682 - INFO - INVALID
巴以冲突一年致4.2万巴勒斯坦人丧生，全球多地爆发反战游行
https://new.qq.com/rain/a/20241007A007Y200

2024-10-07 03:16:24,700 - ERROR - ERROR
新一轮巴以冲突一周年：冲突前后加沙城对比画面，街道变为废墟
https://new.qq.com/rain/a/20241007V00WR200
('list index out of range',)
======
Traceback (most recent call last):
  File "/home/runner/work/qqnews/qqnews/qq.py", line 81, in process_article
    ss = str(tmpbs.select("div.LEFT div.content.clearfix")[0])
             ~~~~~~~~~~~~~~~~~~~~~~~~~~~~~~~~~~~~~~~~~~~~~^^^
IndexError: list index out of range


2024-10-07 03:16:24,746 - INFO - INVALID
美国要退役国际空间站？几年内太空中或将再没有NASA宇航员
https://new.qq.com/rain/a/20241007A00XF900

2024-10-07 04:00:48,921 - INFO - EXPIRED
工作多年，我在好几个城市打工，等我退休后我在哪里领养老金？这事儿需要规划下吗？
https://view.inews.qq.com/a/20240930Q02DKP00

2024-10-07 04:00:48,921 - INFO - EXPIRED
印尼媒体警告石破茂：不要自取其辱，东盟不感兴趣
https://new.qq.com/rain/a/20241006A06FFB00

2024-10-07 04:00:48,921 - INFO - EXPIRED
印媒：印拟向全球推广“印度制造”
https://new.qq.com/rain/a/20241006A062TH00

2024-10-07 04:00:48,921 - INFO - EXPIRED
奥运金牌和诺奖金牌都是金牌，哪个黄金的含量更高？
https://view.inews.qq.com/a/20241005Q06L5O00

2024-10-07 04:00:48,922 - INFO - EXPIRED
“我都这把年纪了，要我死？”菲律宾前总统杜特尔特否认竞选参议员
https://new.qq.com/rain/a/20241006A04YSV00

2024-10-07 04:00:48,922 - INFO - EXPIRED
中国游客亲历泰国清迈洪灾：坐军用皮卡从酒店撤离，洪水没到大腿根
https://new.qq.com/rain/a/20241006A06ZI100

2024-10-07 04:00:48,922 - INFO - EXPIRED
“轰一声山垮了” 贵州桐梓山体塌方一女孩失联 目击者：土石覆盖公路
https://new.qq.com/rain/a/20241006V06LJI00

2024-10-07 04:00:48,922 - INFO - EXPIRED
擅自进入未开发区域并毁坏物资，四川稻城亚丁景区通报：8人终身禁入
https://new.qq.com/rain/a/20241006A0703600

2024-10-07 04:00:48,922 - INFO - EXPIRED
庐山景区泡面开水收费5元？景区：游客未支付，将增加免费热水供应点
https://new.qq.com/rain/a/20241006A077AU00

2024-10-07 04:00:48,922 - INFO - EXPIRED
欠债400万，中国“淘金客”在非洲“翻盘”
https://new.qq.com/rain/a/20241006A06CJF00

2024-10-07 04:00:48,922 - INFO - EXPIRED
印度与美国签协议加强电池关键矿物供应链，还将拉第三国入伙
https://new.qq.com/rain/a/20241006A06HB800

2024-10-07 04:00:48,922 - INFO - EXPIRED
知名歌手将沔阳读成丐阳，自嘲没文化，你还知道哪些生僻地名？背后有什么故事？
https://view.inews.qq.com/a/20241006Q05RD600

2024-10-07 04:00:48,922 - INFO - EXPIRED
以色列贝尔谢巴中央汽车站疑似发生恐怖袭击 已致一人死亡
https://new.qq.com/rain/a/20241006A06EZC00

2024-10-07 04:00:48,922 - INFO - EXPIRED
新一轮巴以冲突爆发一周年，内塔尼亚胡：以色列正在7条战线上作战
https://new.qq.com/rain/a/20241006A05G3600

2024-10-07 04:00:48,922 - INFO - EXPIRED
河南一新郎接亲被加要18万彩礼婚车被拦，乡政府：有人冒名发布情况说明，已报警
https://new.qq.com/rain/a/20241006A063P800

2024-10-07 04:00:48,922 - INFO - EXPIRED
向松祚：不要错误解读人民银行的货币政策工具
https://new.qq.com/rain/a/20241006A066PL00

2024-10-07 04:00:48,922 - INFO - EXPIRED
马龙赛后采访：恭喜林诗栋夺冠 输掉决赛对我来说不是失败 
https://new.qq.com/rain/a/20241006V06MK700

2024-10-07 04:00:48,922 - INFO - EXPIRED
印度空军参谋长：空军要“遵守时间表”追赶中国
https://new.qq.com/rain/a/20241006A049IZ00

2024-10-07 04:00:48,922 - INFO - EXPIRED
日媒：日方将归还中国16只朱鹮
https://new.qq.com/rain/a/20241006A04GH800

2024-10-07 04:00:48,922 - INFO - EXPIRED
云南哀牢山突然爆火，这种原始森林深处有多凶险？如果迷路了怎么办？
https://view.inews.qq.com/a/20241006Q03HEJ00

2024-10-07 04:00:48,922 - INFO - EXPIRED
特朗普被曝曾询问普京“美国是否应向乌供武”，普京：这是个“错误”
https://new.qq.com/rain/a/20241006A04J7K00

2024-10-07 04:00:48,922 - INFO - EXPIRED
卡塔尔官员：哈马斯领导人辛瓦尔依然活着，只用笔纸交流
https://new.qq.com/rain/a/20241006A04HST00

2024-10-07 04:00:48,922 - INFO - EXPIRED
台湾海峡中部发生3.7级地震
https://new.qq.com/rain/a/20241006A04YKV00

2024-10-07 04:00:48,922 - INFO - EXPIRED
孩子从行李箱上滑落摔伤已发生多起，千万别这样“遛娃”
https://new.qq.com/rain/a/20241006A04QUP00

2024-10-07 04:00:48,922 - INFO - EXPIRED
山东菏泽鄄城警方通报：重大刑事案件69岁犯罪嫌疑人已被抓获归案
https://new.qq.com/rain/a/20241006A04HI500

2024-10-07 04:00:48,922 - INFO - EXPIRED
甘肃走失2岁女童确认遇难，警方：系溺水身亡，遗体在60公里外被发现
https://new.qq.com/rain/a/20241006A05N8L00

2024-10-07 04:00:48,922 - INFO - EXPIRED
韩最大在野党称将再次提交《金建希独检法案》，有可能通过吗？
https://view.inews.qq.com/a/20241005Q02F0C00

2024-10-07 04:00:48,922 - INFO - EXPIRED
国新办10月8日将举行新闻发布会，发改委主任及4位副主任一同出席
https://new.qq.com/rain/a/20241006A03WXD00

2024-10-07 04:00:48,922 - INFO - EXPIRED
河南一男子被困商场电梯30分钟无人管？工作人员：正确认紧急按钮问题
https://new.qq.com/rain/a/20241006A03BNJ00

2024-10-07 04:00:48,922 - INFO - EXPIRED
小车司机因错过高速出口，急刹倒车致后方三车追尾，又迅速驶离
https://new.qq.com/rain/a/20241006V01IDL00

2024-10-07 04:00:48,922 - INFO - EXPIRED
出口和工业生产强劲，越南第三季度GDP增速意外加速至7.4%
https://new.qq.com/rain/a/20241006A03VNY00

2024-10-07 04:00:48,922 - INFO - EXPIRED
飞18小时去非洲看动物大迁徙、花几十万去南极和企鹅握手……现在年轻人旅行有多会玩？
https://view.inews.qq.com/a/20240928Q08DJ500

2024-10-07 04:00:48,922 - INFO - EXPIRED
男子遗失手机向警方求助，意外找到失联6年的亲人
https://new.qq.com/rain/a/20241006A02S8500

2024-10-07 04:00:48,922 - INFO - EXPIRED
小渔村被赵丽颖带火，一年银行存款增加2.43亿，旅游对地方和个人的改变能有多大？
https://view.inews.qq.com/a/20240925Q09Z9000

2024-10-07 04:00:48,922 - INFO - EXPIRED
湖南浏阳一烟花厂库房发生爆炸 居民称震动波致自家房屋受损 当地回应
https://new.qq.com/rain/a/20241006V03GIO00

2024-10-07 04:00:48,922 - INFO - EXPIRED
突发！新西兰一艘5700吨军舰沉没
https://new.qq.com/rain/a/20241006A01LPI00

2024-10-07 04:00:48,922 - INFO - EXPIRED
美国白宫附近举行支持巴勒斯坦示威活动 一男子在现场自焚
https://new.qq.com/rain/a/20241006A01RRC00

2024-10-07 04:00:48,922 - INFO - EXPIRED
“没停车就要收费吗”，男子驾车路过小区被收穿行费，当地：闻所未闻
https://new.qq.com/rain/a/20241006A01JAO00

2024-10-07 04:00:48,922 - INFO - EXPIRED
借用及出借证券期货账户，超级牛散王孝安、方士雄遭证监会顶格处罚
https://new.qq.com/rain/a/20241006A025NY00

2024-10-07 04:00:48,922 - INFO - EXPIRED
有员工卡里突然多了十余万，比亚迪：发放利润奖
https://new.qq.com/rain/a/20241006A01LN500

2024-10-07 04:00:48,922 - INFO - EXPIRED
韩媒：韩国前总统文在寅女儿因涉酒驾被立案
https://new.qq.com/rain/a/20241006A038X400

2024-10-07 04:00:48,922 - INFO - EXPIRED
我的养老保险怎么缴，退休能领更多钱？
https://view.inews.qq.com/a/20240927Q02UC000

2024-10-07 04:00:48,922 - INFO - EXPIRED
新郎接亲被索要18.8万彩礼，强行带走新娘被女方亲戚堵车，警方介入
https://new.qq.com/rain/a/20241005V05BKU00

2024-10-07 04:00:48,922 - INFO - EXPIRED
特朗普重回遭枪击地办集会：防弹玻璃环绕演讲台，马斯克登场为其站台
https://new.qq.com/rain/a/20241006V01GMT00

2024-10-07 04:00:48,922 - INFO - EXPIRED
行李托运费比机票还贵？男子起诉购票平台和航司，法院判了
https://new.qq.com/rain/a/20241005A06BGC00

2024-10-07 04:00:48,922 - INFO - EXPIRED
台媒：台风“山陀儿”造成台湾地区4死1失踪719伤
https://new.qq.com/rain/a/20241006A01HYF00

2024-10-07 04:00:48,922 - INFO - EXPIRED
中国母女斯里兰卡旅游在酒店遇入室抢劫，当地警方已展开调查 涉事酒店仍在跟团游行程安排内
https://new.qq.com/rain/a/20241005A060E600

2024-10-07 04:00:48,922 - INFO - EXPIRED
外交部发言人就美国总统拜登向习近平主席致国庆贺电答记者问
https://new.qq.com/rain/a/20241005A066G700

2024-10-07 04:00:48,922 - INFO - EXPIRED
阳台外面建阳台，贵阳一户人家装修惹怒其他业主：简直不可理喻
https://new.qq.com/rain/a/20241005A06PNE00

2024-10-07 04:00:48,922 - INFO - EXPIRED
山西爆火后，网友称去云冈石窟排队一小时看佛一分钟，这一分钟到底值不值？
https://view.inews.qq.com/a/20240925Q02YGD00

2024-10-07 04:00:48,922 - INFO - EXPIRED
德云社秦霄贤粉丝涉嫌伪造人民网文章？北京通州警方：已立案侦查
https://new.qq.com/rain/a/20241005A072T700

2024-10-07 04:00:48,922 - INFO - EXPIRED
俄军突击库拉霍沃，切断乌军一地区补给线，俄专家：乌军作战条件严峻
https://new.qq.com/rain/a/20241005A033KR00

2024-10-07 04:00:48,922 - INFO - EXPIRED
“钱塘江同志”又立功：民警从几万观潮游客中，一眼瞅到在逃嫌犯
https://new.qq.com/rain/a/20241005A05JTS00

2024-10-07 04:00:48,922 - INFO - EXPIRED
中国民办教育协会主要发起人柳斌去世 享年88岁
https://new.qq.com/rain/a/20241005A06B2300

2024-10-07 04:00:48,922 - INFO - EXPIRED
美特勤局遭遇近二十年最大规模人员外流：加班没工资、管理层卸磨杀驴
https://new.qq.com/rain/a/20241005A069J900

2024-10-07 04:00:48,922 - INFO - EXPIRED
“一般打架都比这激烈”，全国武术冠军赛选手对打遭调侃，官方回应
https://new.qq.com/rain/a/20241005A054WE00

2024-10-07 04:00:48,922 - INFO - EXPIRED
大妈在机场休息厅开音响跳舞，机场不能制止吗？该哪个部门管？
https://view.inews.qq.com/a/20241005Q01EGF00

2024-10-07 04:00:48,922 - INFO - EXPIRED
一外卖员频频在车辆转弯或盲区“被撞”，已被检方批捕、平台拉黑
https://new.qq.com/rain/a/20241005A02C4L00

2024-10-07 04:00:48,922 - INFO - EXPIRED
大风大雨将袭上海：光影节调整安排、多区取消活动，这场大师赛也受影响
https://new.qq.com/rain/a/20241005A05Y4X00

2024-10-07 04:00:48,922 - INFO - EXPIRED
郑钦文0-2止步中网四强，带伤作战有多难？伤病对她争夺年终总决赛资格有多大影响？
https://view.inews.qq.com/a/20241005Q06B6K00

2024-10-07 04:00:48,922 - INFO - EXPIRED
“你哪个学校的不要那么拽”，学生向教育局举报补课被怼还要求背课文
https://new.qq.com/rain/a/20241005A027RK00

2024-10-07 04:00:48,923 - INFO - EXPIRED
突发重刑案！山东警方最高10万悬赏69岁犯罪嫌疑人
https://new.qq.com/rain/a/20241005A04YSY00

2024-10-07 04:00:48,923 - INFO - EXPIRED
湖南醴陵近期发生两起烟花爆竹安全事故 有人员伤亡
https://new.qq.com/rain/a/20241005A05F4S00

2024-10-07 04:00:48,923 - INFO - EXPIRED
阿联酋航空宣布禁止在航班上携带寻呼机和对讲机
https://new.qq.com/rain/a/20241005A05R2Z00

2024-10-07 04:00:48,923 - INFO - EXPIRED
外媒对比伊以双方军事力量，伊朗在人数和装备数量上均领先，能直观体现实力吗？
https://view.inews.qq.com/a/20241005Q02VTQ00

2024-10-07 04:00:48,923 - INFO - EXPIRED
专家解读为何哀牢山是禁区：地理环境极为复杂，存在大地磁场强度异常的现象，导致指南针失灵
https://new.qq.com/rain/a/20241005A049WA00

2024-10-07 04:00:48,923 - INFO - EXPIRED
回看郑钦文受伤一幕：手指戳破泪洒赛场，倒地时目光仍紧盯球
https://new.qq.com/rain/a/20241005V05IRU00

2024-10-07 04:00:48,923 - INFO - EXPIRED
美国35年来首个！“已准备好用于制造核武器”
https://new.qq.com/rain/a/20241005A054Y400

2024-10-07 04:00:48,923 - INFO - EXPIRED
两人山路上随意停车野餐被报警，堵车时前面的车都在干什么？该怎么让不守规矩的司机长教训？
https://view.inews.qq.com/a/20241004Q02M0B00

2024-10-07 04:00:48,923 - INFO - EXPIRED
俄官员：俄罗斯将把阿富汗塔利班移出恐怖组织名单，正在完成法律工作
https://new.qq.com/rain/a/20241005A03FZZ00

2024-10-07 04:00:48,923 - INFO - EXPIRED
“你是最坏的媳妇！” 1100万阿尔茨海默病老人背后，照护者的隐痛
https://new.qq.com/rain/a/20241004A05ONE00

2024-10-07 04:00:48,923 - INFO - EXPIRED
外媒：挪威警方公布最终尸检结果，“间谍白鲸”被排除射杀，死因可能是细菌感染
https://new.qq.com/rain/a/20241005A03YBV00

2024-10-07 04:00:48,923 - INFO - EXPIRED
英国前首相在新书中称，内塔尼亚胡或在他卫生间装过窃听器，提这个只是为卖书吗？
https://view.inews.qq.com/a/20241004Q0638700

2024-10-07 04:00:48,923 - INFO - EXPIRED
拜登担心特朗普“拒绝接受大选结果”：这很危险
https://new.qq.com/rain/a/20241005A04EXA00

2024-10-07 04:00:48,923 - INFO - EXPIRED
武契奇出席中企承建项目通车仪式：感谢中国朋友，让人仿佛置身奥地利或瑞士
https://new.qq.com/rain/a/20241005A03UN900

2024-10-07 04:00:48,923 - INFO - EXPIRED
泽连斯基称将在德国举行的领导人级别会议上提出“胜利计划”
https://new.qq.com/rain/a/20241005A04PG100

2024-10-07 04:00:48,923 - INFO - EXPIRED
外媒：阿根廷总统联合国演讲被疑抄袭美剧《白宫风云》，部分内容“几乎一字不差”
https://new.qq.com/rain/a/20241005A042OL00

2024-10-07 04:00:48,923 - INFO - EXPIRED
胡塞武装使用新型高超声速导弹突入以色列？周伟政：冲突持续升温
https://new.qq.com/rain/a/20241005A02BCV00

2024-10-07 04:00:48,923 - INFO - EXPIRED
国航一航班疑中途因机械故障返航 旅客：下飞机发现飞机风挡疑有裂纹 
https://new.qq.com/rain/a/20241005A03OKP00

2024-10-07 04:00:48,923 - INFO - EXPIRED
监控曝光！扎波罗热核电站安保队长在汽车爆炸中丧生，车头瞬间脱落
https://new.qq.com/rain/a/20241005V03CYX00

2024-10-07 04:00:48,923 - INFO - EXPIRED
因这冲突？现场收音爆料：杨鸣疑似辱骂外援 山东主帅：这话很危险
https://new.qq.com/rain/a/20241005A02GT800

2024-10-07 04:00:48,923 - INFO - EXPIRED
“他3个小时入室4次换了3把刀” 博主称在云南大理遭男子跟踪入室抢劫
https://new.qq.com/rain/a/20241004A05VB200

2024-10-07 04:00:48,923 - INFO - EXPIRED
北京局地可能飘雪！明天华北大部地区有雨
https://new.qq.com/rain/a/20241005A03AP200

2024-10-07 04:00:48,923 - INFO - EXPIRED
金正恩回应尹锡悦：若遭韩美攻击，朝将动用一切攻击力量
https://new.qq.com/rain/a/20241004A03P4F00

2024-10-07 04:00:48,923 - INFO - EXPIRED
严重扰民的小饭桌合法合规无法取缔？评论：住宅业主权利不应被无视
https://new.qq.com/rain/a/20241005A00O6T00

2024-10-07 04:00:48,923 - INFO - EXPIRED
司机在高速上用自动驾驶，自己盖被子睡觉，危害有多大？能吊销他的驾照吗？
https://view.inews.qq.com/a/20241004Q05JDV00

2024-10-07 04:00:49,673 - INFO - INVALID
河南淮滨一​新郎接亲被加要18万彩礼，新娘家人阻拦婚车？官方通报
https://new.qq.com/rain/a/20241007A0185700

2024-10-07 04:00:49,719 - INFO - INVALID
亏损裁员、订单流失，欧洲动力电池“全村的希望”深陷困境
https://new.qq.com/rain/a/20241007A00ZQS00

2024-10-07 04:00:49,737 - INFO - INVALID
俄国防部公布视频！俄军用“柳叶刀”巡飞弹摧毁乌军自行火炮
https://new.qq.com/rain/a/20241007A01PR300

2024-10-07 04:00:49,743 - INFO - INVALID
以色列发生恐袭案，19岁女警身亡，凶手亲戚9年前在同一地点制造血案
https://new.qq.com/rain/a/20241007A01E4100

2024-10-07 04:00:49,829 - INFO - INVALID
巴以冲突爆发一周年，是时候算算经济账了
https://new.qq.com/rain/a/20241007A025MA00

2024-10-07 04:00:50,028 - INFO - INVALID
河南一医院有老鼠在病房“飞檐走壁”？医院：已堵住老鼠洞并加强消杀
https://new.qq.com/rain/a/20241007A01QOV00

2024-10-07 04:00:50,039 - INFO - INVALID
中国驻巴基斯坦使馆关于卡西姆港发电有限公司车队遭遇恐怖袭击的声明
https://new.qq.com/rain/a/20241007A00U3Q00

2024-10-07 04:00:50,080 - INFO - INVALID
9月末我国外汇储备规模为33164亿美元 环比上升282亿美元
https://new.qq.com/rain/a/20241007A023CE00

2024-10-07 04:00:50,090 - INFO - INVALID
分歧加深？外媒：美副总统哈里斯拒绝回答“内塔尼亚胡是否是真正的亲密盟友”
https://new.qq.com/rain/a/20241007A01RTU00

2024-10-07 04:00:50,189 - INFO - EXIST
山东女幼师出租屋遇害 室友撞见行凶者被杀 室友父亲：女儿刚大学毕业
https://new.qq.com/rain/a/20241007A01UZJ00

2024-10-07 04:00:50,330 - INFO - INVALID
巴以冲突一年致4.2万巴勒斯坦人丧生，全球多地爆发反战游行
https://new.qq.com/rain/a/20241007A007Y200

2024-10-07 04:00:50,340 - INFO - INVALID
青海西宁某商务宾馆辱骂游客？官方：辞退涉事员工，出具书面道歉信
https://new.qq.com/rain/a/20241007A00ZEX00

2024-10-07 04:00:50,423 - ERROR - ERROR
新一轮巴以冲突一周年：冲突前后加沙城对比画面，街道变为废墟
https://new.qq.com/rain/a/20241007V00WR200
('list index out of range',)
======
Traceback (most recent call last):
  File "/home/runner/work/qqnews/qqnews/qq.py", line 81, in process_article
    ss = str(tmpbs.select("div.LEFT div.content.clearfix")[0])
             ~~~~~~~~~~~~~~~~~~~~~~~~~~~~~~~~~~~~~~~~~~~~~^^^
IndexError: list index out of range


2024-10-07 04:00:50,545 - INFO - INVALID
美国要退役国际空间站？几年内太空中或将再没有NASA宇航员
https://new.qq.com/rain/a/20241007A00XF900

2024-10-07 05:08:32,854 - INFO - EXPIRED
印尼媒体警告石破茂：不要自取其辱，东盟不感兴趣
https://new.qq.com/rain/a/20241006A06FFB00

2024-10-07 05:08:32,854 - INFO - EXPIRED
3名未成年人被控涉嫌谋划在德国恐袭，检方：3人受“伊斯兰国”影响
https://new.qq.com/rain/a/20241006A06NHS00

2024-10-07 05:08:32,854 - INFO - EXPIRED
印媒：印拟向全球推广“印度制造”
https://new.qq.com/rain/a/20241006A062TH00

2024-10-07 05:08:32,854 - INFO - EXPIRED
假期有同学办完婚礼累到不想说话，还有人干脆不办酒席，现在年轻人还流行办婚礼吗？
https://view.inews.qq.com/a/20240924Q08R4W00

2024-10-07 05:08:32,854 - INFO - EXPIRED
工作多年，我在好几个城市打工，等我退休后我在哪里领养老金？这事儿需要规划下吗？
https://view.inews.qq.com/a/20240930Q02DKP00

2024-10-07 05:08:32,855 - INFO - EXPIRED
奥运金牌和诺奖金牌都是金牌，哪个黄金的含量更高？
https://view.inews.qq.com/a/20241005Q06L5O00

2024-10-07 05:08:32,855 - INFO - EXPIRED
“我都这把年纪了，要我死？”菲律宾前总统杜特尔特否认竞选参议员
https://new.qq.com/rain/a/20241006A04YSV00

2024-10-07 05:08:32,855 - INFO - EXPIRED
中国游客亲历泰国清迈洪灾：坐军用皮卡从酒店撤离，洪水没到大腿根
https://new.qq.com/rain/a/20241006A06ZI100

2024-10-07 05:08:32,855 - INFO - EXPIRED
“轰一声山垮了” 贵州桐梓山体塌方一女孩失联 目击者：土石覆盖公路
https://new.qq.com/rain/a/20241006V06LJI00

2024-10-07 05:08:32,855 - INFO - EXPIRED
擅自进入未开发区域并毁坏物资，四川稻城亚丁景区通报：8人终身禁入
https://new.qq.com/rain/a/20241006A0703600

2024-10-07 05:08:32,855 - INFO - EXPIRED
庐山景区泡面开水收费5元？景区：游客未支付，将增加免费热水供应点
https://new.qq.com/rain/a/20241006A077AU00

2024-10-07 05:08:32,855 - INFO - EXPIRED
欠债400万，中国“淘金客”在非洲“翻盘”
https://new.qq.com/rain/a/20241006A06CJF00

2024-10-07 05:08:32,855 - INFO - EXPIRED
印度与美国签协议加强电池关键矿物供应链，还将拉第三国入伙
https://new.qq.com/rain/a/20241006A06HB800

2024-10-07 05:08:32,855 - INFO - EXPIRED
知名歌手将沔阳读成丐阳，自嘲没文化，你还知道哪些生僻地名？背后有什么故事？
https://view.inews.qq.com/a/20241006Q05RD600

2024-10-07 05:08:32,855 - INFO - EXPIRED
以色列贝尔谢巴中央汽车站疑似发生恐怖袭击 已致一人死亡
https://new.qq.com/rain/a/20241006A06EZC00

2024-10-07 05:08:32,855 - INFO - EXPIRED
新一轮巴以冲突爆发一周年，内塔尼亚胡：以色列正在7条战线上作战
https://new.qq.com/rain/a/20241006A05G3600

2024-10-07 05:08:32,855 - INFO - EXPIRED
河南一新郎接亲被加要18万彩礼婚车被拦，乡政府：有人冒名发布情况说明，已报警
https://new.qq.com/rain/a/20241006A063P800

2024-10-07 05:08:32,855 - INFO - EXPIRED
向松祚：不要错误解读人民银行的货币政策工具
https://new.qq.com/rain/a/20241006A066PL00

2024-10-07 05:08:32,855 - INFO - EXPIRED
马龙赛后采访：恭喜林诗栋夺冠 输掉决赛对我来说不是失败 
https://new.qq.com/rain/a/20241006V06MK700

2024-10-07 05:08:32,855 - INFO - EXPIRED
印度空军参谋长：空军要“遵守时间表”追赶中国
https://new.qq.com/rain/a/20241006A049IZ00

2024-10-07 05:08:32,855 - INFO - EXPIRED
日媒：日方将归还中国16只朱鹮
https://new.qq.com/rain/a/20241006A04GH800

2024-10-07 05:08:32,855 - INFO - EXPIRED
云南哀牢山突然爆火，这种原始森林深处有多凶险？如果迷路了怎么办？
https://view.inews.qq.com/a/20241006Q03HEJ00

2024-10-07 05:08:32,855 - INFO - EXPIRED
特朗普被曝曾询问普京“美国是否应向乌供武”，普京：这是个“错误”
https://new.qq.com/rain/a/20241006A04J7K00

2024-10-07 05:08:32,855 - INFO - EXPIRED
卡塔尔官员：哈马斯领导人辛瓦尔依然活着，只用笔纸交流
https://new.qq.com/rain/a/20241006A04HST00

2024-10-07 05:08:32,855 - INFO - EXPIRED
台湾海峡中部发生3.7级地震
https://new.qq.com/rain/a/20241006A04YKV00

2024-10-07 05:08:32,855 - INFO - EXPIRED
孩子从行李箱上滑落摔伤已发生多起，千万别这样“遛娃”
https://new.qq.com/rain/a/20241006A04QUP00

2024-10-07 05:08:32,855 - INFO - EXPIRED
山东菏泽鄄城警方通报：重大刑事案件69岁犯罪嫌疑人已被抓获归案
https://new.qq.com/rain/a/20241006A04HI500

2024-10-07 05:08:32,855 - INFO - EXPIRED
甘肃走失2岁女童确认遇难，警方：系溺水身亡，遗体在60公里外被发现
https://new.qq.com/rain/a/20241006A05N8L00

2024-10-07 05:08:32,855 - INFO - EXPIRED
韩最大在野党称将再次提交《金建希独检法案》，有可能通过吗？
https://view.inews.qq.com/a/20241005Q02F0C00

2024-10-07 05:08:32,855 - INFO - EXPIRED
国新办10月8日将举行新闻发布会，发改委主任及4位副主任一同出席
https://new.qq.com/rain/a/20241006A03WXD00

2024-10-07 05:08:32,855 - INFO - EXPIRED
河南一男子被困商场电梯30分钟无人管？工作人员：正确认紧急按钮问题
https://new.qq.com/rain/a/20241006A03BNJ00

2024-10-07 05:08:32,855 - INFO - EXPIRED
小车司机因错过高速出口，急刹倒车致后方三车追尾，又迅速驶离
https://new.qq.com/rain/a/20241006V01IDL00

2024-10-07 05:08:32,855 - INFO - EXPIRED
出口和工业生产强劲，越南第三季度GDP增速意外加速至7.4%
https://new.qq.com/rain/a/20241006A03VNY00

2024-10-07 05:08:32,855 - INFO - EXPIRED
飞18小时去非洲看动物大迁徙、花几十万去南极和企鹅握手……现在年轻人旅行有多会玩？
https://view.inews.qq.com/a/20240928Q08DJ500

2024-10-07 05:08:32,855 - INFO - EXPIRED
男子遗失手机向警方求助，意外找到失联6年的亲人
https://new.qq.com/rain/a/20241006A02S8500

2024-10-07 05:08:32,855 - INFO - EXPIRED
小渔村被赵丽颖带火，一年银行存款增加2.43亿，旅游对地方和个人的改变能有多大？
https://view.inews.qq.com/a/20240925Q09Z9000

2024-10-07 05:08:32,855 - INFO - EXPIRED
湖南浏阳一烟花厂库房发生爆炸 居民称震动波致自家房屋受损 当地回应
https://new.qq.com/rain/a/20241006V03GIO00

2024-10-07 05:08:32,855 - INFO - EXPIRED
突发！新西兰一艘5700吨军舰沉没
https://new.qq.com/rain/a/20241006A01LPI00

2024-10-07 05:08:32,855 - INFO - EXPIRED
美国白宫附近举行支持巴勒斯坦示威活动 一男子在现场自焚
https://new.qq.com/rain/a/20241006A01RRC00

2024-10-07 05:08:32,855 - INFO - EXPIRED
“没停车就要收费吗”，男子驾车路过小区被收穿行费，当地：闻所未闻
https://new.qq.com/rain/a/20241006A01JAO00

2024-10-07 05:08:32,855 - INFO - EXPIRED
借用及出借证券期货账户，超级牛散王孝安、方士雄遭证监会顶格处罚
https://new.qq.com/rain/a/20241006A025NY00

2024-10-07 05:08:32,855 - INFO - EXPIRED
有员工卡里突然多了十余万，比亚迪：发放利润奖
https://new.qq.com/rain/a/20241006A01LN500

2024-10-07 05:08:32,855 - INFO - EXPIRED
韩媒：韩国前总统文在寅女儿因涉酒驾被立案
https://new.qq.com/rain/a/20241006A038X400

2024-10-07 05:08:32,855 - INFO - EXPIRED
我的养老保险怎么缴，退休能领更多钱？
https://view.inews.qq.com/a/20240927Q02UC000

2024-10-07 05:08:32,855 - INFO - EXPIRED
新郎接亲被索要18.8万彩礼，强行带走新娘被女方亲戚堵车，警方介入
https://new.qq.com/rain/a/20241005V05BKU00

2024-10-07 05:08:32,855 - INFO - EXPIRED
特朗普重回遭枪击地办集会：防弹玻璃环绕演讲台，马斯克登场为其站台
https://new.qq.com/rain/a/20241006V01GMT00

2024-10-07 05:08:32,855 - INFO - EXPIRED
行李托运费比机票还贵？男子起诉购票平台和航司，法院判了
https://new.qq.com/rain/a/20241005A06BGC00

2024-10-07 05:08:32,855 - INFO - EXPIRED
台媒：台风“山陀儿”造成台湾地区4死1失踪719伤
https://new.qq.com/rain/a/20241006A01HYF00

2024-10-07 05:08:32,855 - INFO - EXPIRED
中国母女斯里兰卡旅游在酒店遇入室抢劫，当地警方已展开调查 涉事酒店仍在跟团游行程安排内
https://new.qq.com/rain/a/20241005A060E600

2024-10-07 05:08:32,855 - INFO - EXPIRED
外交部发言人就美国总统拜登向习近平主席致国庆贺电答记者问
https://new.qq.com/rain/a/20241005A066G700

2024-10-07 05:08:32,855 - INFO - EXPIRED
阳台外面建阳台，贵阳一户人家装修惹怒其他业主：简直不可理喻
https://new.qq.com/rain/a/20241005A06PNE00

2024-10-07 05:08:32,855 - INFO - EXPIRED
山西爆火后，网友称去云冈石窟排队一小时看佛一分钟，这一分钟到底值不值？
https://view.inews.qq.com/a/20240925Q02YGD00

2024-10-07 05:08:32,855 - INFO - EXPIRED
德云社秦霄贤粉丝涉嫌伪造人民网文章？北京通州警方：已立案侦查
https://new.qq.com/rain/a/20241005A072T700

2024-10-07 05:08:32,855 - INFO - EXPIRED
俄军突击库拉霍沃，切断乌军一地区补给线，俄专家：乌军作战条件严峻
https://new.qq.com/rain/a/20241005A033KR00

2024-10-07 05:08:32,855 - INFO - EXPIRED
“钱塘江同志”又立功：民警从几万观潮游客中，一眼瞅到在逃嫌犯
https://new.qq.com/rain/a/20241005A05JTS00

2024-10-07 05:08:32,855 - INFO - EXPIRED
中国民办教育协会主要发起人柳斌去世 享年88岁
https://new.qq.com/rain/a/20241005A06B2300

2024-10-07 05:08:32,855 - INFO - EXPIRED
美特勤局遭遇近二十年最大规模人员外流：加班没工资、管理层卸磨杀驴
https://new.qq.com/rain/a/20241005A069J900

2024-10-07 05:08:32,855 - INFO - EXPIRED
“一般打架都比这激烈”，全国武术冠军赛选手对打遭调侃，官方回应
https://new.qq.com/rain/a/20241005A054WE00

2024-10-07 05:08:32,855 - INFO - EXPIRED
大妈在机场休息厅开音响跳舞，机场不能制止吗？该哪个部门管？
https://view.inews.qq.com/a/20241005Q01EGF00

2024-10-07 05:08:32,855 - INFO - EXPIRED
一外卖员频频在车辆转弯或盲区“被撞”，已被检方批捕、平台拉黑
https://new.qq.com/rain/a/20241005A02C4L00

2024-10-07 05:08:32,855 - INFO - EXPIRED
大风大雨将袭上海：光影节调整安排、多区取消活动，这场大师赛也受影响
https://new.qq.com/rain/a/20241005A05Y4X00

2024-10-07 05:08:32,855 - INFO - EXPIRED
郑钦文0-2止步中网四强，带伤作战有多难？伤病对她争夺年终总决赛资格有多大影响？
https://view.inews.qq.com/a/20241005Q06B6K00

2024-10-07 05:08:32,855 - INFO - EXPIRED
“你哪个学校的不要那么拽”，学生向教育局举报补课被怼还要求背课文
https://new.qq.com/rain/a/20241005A027RK00

2024-10-07 05:08:32,855 - INFO - EXPIRED
突发重刑案！山东警方最高10万悬赏69岁犯罪嫌疑人
https://new.qq.com/rain/a/20241005A04YSY00

2024-10-07 05:08:32,856 - INFO - EXPIRED
湖南醴陵近期发生两起烟花爆竹安全事故 有人员伤亡
https://new.qq.com/rain/a/20241005A05F4S00

2024-10-07 05:08:32,856 - INFO - EXPIRED
阿联酋航空宣布禁止在航班上携带寻呼机和对讲机
https://new.qq.com/rain/a/20241005A05R2Z00

2024-10-07 05:08:32,856 - INFO - EXPIRED
外媒对比伊以双方军事力量，伊朗在人数和装备数量上均领先，能直观体现实力吗？
https://view.inews.qq.com/a/20241005Q02VTQ00

2024-10-07 05:08:32,856 - INFO - EXPIRED
专家解读为何哀牢山是禁区：地理环境极为复杂，存在大地磁场强度异常的现象，导致指南针失灵
https://new.qq.com/rain/a/20241005A049WA00

2024-10-07 05:08:32,856 - INFO - EXPIRED
回看郑钦文受伤一幕：手指戳破泪洒赛场，倒地时目光仍紧盯球
https://new.qq.com/rain/a/20241005V05IRU00

2024-10-07 05:08:32,856 - INFO - EXPIRED
美国35年来首个！“已准备好用于制造核武器”
https://new.qq.com/rain/a/20241005A054Y400

2024-10-07 05:08:32,856 - INFO - EXPIRED
两人山路上随意停车野餐被报警，堵车时前面的车都在干什么？该怎么让不守规矩的司机长教训？
https://view.inews.qq.com/a/20241004Q02M0B00

2024-10-07 05:08:32,856 - INFO - EXPIRED
俄官员：俄罗斯将把阿富汗塔利班移出恐怖组织名单，正在完成法律工作
https://new.qq.com/rain/a/20241005A03FZZ00

2024-10-07 05:08:32,856 - INFO - EXPIRED
“你是最坏的媳妇！” 1100万阿尔茨海默病老人背后，照护者的隐痛
https://new.qq.com/rain/a/20241004A05ONE00

2024-10-07 05:08:32,856 - INFO - EXPIRED
外媒：挪威警方公布最终尸检结果，“间谍白鲸”被排除射杀，死因可能是细菌感染
https://new.qq.com/rain/a/20241005A03YBV00

2024-10-07 05:08:32,856 - INFO - EXPIRED
英国前首相在新书中称，内塔尼亚胡或在他卫生间装过窃听器，提这个只是为卖书吗？
https://view.inews.qq.com/a/20241004Q0638700

2024-10-07 05:08:32,856 - INFO - EXPIRED
拜登担心特朗普“拒绝接受大选结果”：这很危险
https://new.qq.com/rain/a/20241005A04EXA00

2024-10-07 05:08:32,856 - INFO - EXPIRED
武契奇出席中企承建项目通车仪式：感谢中国朋友，让人仿佛置身奥地利或瑞士
https://new.qq.com/rain/a/20241005A03UN900

2024-10-07 05:08:32,856 - INFO - EXPIRED
泽连斯基称将在德国举行的领导人级别会议上提出“胜利计划”
https://new.qq.com/rain/a/20241005A04PG100

2024-10-07 05:08:32,856 - INFO - EXPIRED
外媒：阿根廷总统联合国演讲被疑抄袭美剧《白宫风云》，部分内容“几乎一字不差”
https://new.qq.com/rain/a/20241005A042OL00

2024-10-07 05:08:32,856 - INFO - EXPIRED
胡塞武装使用新型高超声速导弹突入以色列？周伟政：冲突持续升温
https://new.qq.com/rain/a/20241005A02BCV00

2024-10-07 05:08:32,856 - INFO - EXPIRED
国航一航班疑中途因机械故障返航 旅客：下飞机发现飞机风挡疑有裂纹 
https://new.qq.com/rain/a/20241005A03OKP00

2024-10-07 05:08:32,856 - INFO - EXPIRED
监控曝光！扎波罗热核电站安保队长在汽车爆炸中丧生，车头瞬间脱落
https://new.qq.com/rain/a/20241005V03CYX00

2024-10-07 05:08:32,856 - INFO - EXPIRED
因这冲突？现场收音爆料：杨鸣疑似辱骂外援 山东主帅：这话很危险
https://new.qq.com/rain/a/20241005A02GT800

2024-10-07 05:08:32,856 - INFO - EXPIRED
“他3个小时入室4次换了3把刀” 博主称在云南大理遭男子跟踪入室抢劫
https://new.qq.com/rain/a/20241004A05VB200

2024-10-07 05:08:32,856 - INFO - EXPIRED
北京局地可能飘雪！明天华北大部地区有雨
https://new.qq.com/rain/a/20241005A03AP200

2024-10-07 05:08:33,698 - INFO - INVALID
以色列发生恐袭案，19岁女警身亡，凶手亲戚9年前在同一地点制造血案
https://new.qq.com/rain/a/20241007A01E4100

2024-10-07 05:08:33,704 - INFO - INVALID
俄国防部公布视频！俄军用“柳叶刀”巡飞弹摧毁乌军自行火炮
https://new.qq.com/rain/a/20241007A01PR300

2024-10-07 05:08:33,708 - INFO - INVALID
新一轮巴以冲突一周年，以色列、哈马斯各自赞许己方“战果”
https://new.qq.com/rain/a/20241007A02XQ700

2024-10-07 05:08:33,713 - INFO - INVALID
青海西宁某商务宾馆辱骂游客？官方：辞退涉事员工，出具书面道歉信
https://new.qq.com/rain/a/20241007A00ZEX00

2024-10-07 05:08:33,781 - INFO - EXIST
山东女幼师出租屋遇害 室友撞见行凶者被杀 室友父亲：女儿刚大学毕业
https://new.qq.com/rain/a/20241007A01UZJ00

2024-10-07 05:08:33,995 - INFO - INVALID
分歧加深？外媒：美副总统哈里斯拒绝回答“内塔尼亚胡是否是真正的亲密盟友”
https://new.qq.com/rain/a/20241007A01RTU00

2024-10-07 05:08:34,000 - INFO - INVALID
河南淮滨一​新郎接亲被加要18万彩礼，新娘家人阻拦婚车？官方通报
https://new.qq.com/rain/a/20241007A0185700

2024-10-07 05:08:34,070 - INFO - INVALID
中国驻巴基斯坦使馆关于卡西姆港发电有限公司车队遭遇恐怖袭击的声明
https://new.qq.com/rain/a/20241007A00U3Q00

2024-10-07 05:08:34,073 - INFO - INVALID
亏损裁员、订单流失，欧洲动力电池“全村的希望”深陷困境
https://new.qq.com/rain/a/20241007A00ZQS00

2024-10-07 05:08:34,108 - INFO - INVALID
河南一医院有老鼠在病房“飞檐走壁”？医院：已堵住老鼠洞并加强消杀
https://new.qq.com/rain/a/20241007A01QOV00

2024-10-07 05:08:34,280 - INFO - INVALID
巴以冲突爆发一周年，是时候算算经济账了
https://new.qq.com/rain/a/20241007A025MA00

2024-10-07 05:08:34,326 - ERROR - ERROR
新一轮巴以冲突一周年：冲突前后加沙城对比画面，街道变为废墟
https://new.qq.com/rain/a/20241007V00WR200
('list index out of range',)
======
Traceback (most recent call last):
  File "/home/runner/work/qqnews/qqnews/qq.py", line 81, in process_article
    ss = str(tmpbs.select("div.LEFT div.content.clearfix")[0])
             ~~~~~~~~~~~~~~~~~~~~~~~~~~~~~~~~~~~~~~~~~~~~~^^^
IndexError: list index out of range


2024-10-07 05:08:34,365 - INFO - INVALID
9月末我国外汇储备规模为33164亿美元 环比上升282亿美元
https://new.qq.com/rain/a/20241007A023CE00

2024-10-07 05:08:34,427 - INFO - INVALID
巴以冲突一年致4.2万巴勒斯坦人丧生，全球多地爆发反战游行
https://new.qq.com/rain/a/20241007A007Y200

2024-10-07 05:08:34,459 - INFO - INVALID
美国要退役国际空间站？几年内太空中或将再没有NASA宇航员
https://new.qq.com/rain/a/20241007A00XF900

2024-10-07 06:10:57,880 - INFO - EXPIRED
印尼媒体警告石破茂：不要自取其辱，东盟不感兴趣
https://new.qq.com/rain/a/20241006A06FFB00

2024-10-07 06:10:57,881 - INFO - EXPIRED
3名未成年人被控涉嫌谋划在德国恐袭，检方：3人受“伊斯兰国”影响
https://new.qq.com/rain/a/20241006A06NHS00

2024-10-07 06:10:57,881 - INFO - EXPIRED
印媒：印拟向全球推广“印度制造”
https://new.qq.com/rain/a/20241006A062TH00

2024-10-07 06:10:57,881 - INFO - EXPIRED
假期有同学办完婚礼累到不想说话，还有人干脆不办酒席，现在年轻人还流行办婚礼吗？
https://view.inews.qq.com/a/20240924Q08R4W00

2024-10-07 06:10:57,881 - INFO - EXPIRED
工作多年，我在好几个城市打工，等我退休后我在哪里领养老金？这事儿需要规划下吗？
https://view.inews.qq.com/a/20240930Q02DKP00

2024-10-07 06:10:57,881 - INFO - EXPIRED
奥运金牌和诺奖金牌都是金牌，哪个黄金的含量更高？
https://view.inews.qq.com/a/20241005Q06L5O00

2024-10-07 06:10:57,881 - INFO - EXPIRED
“我都这把年纪了，要我死？”菲律宾前总统杜特尔特否认竞选参议员
https://new.qq.com/rain/a/20241006A04YSV00

2024-10-07 06:10:57,881 - INFO - EXPIRED
中国游客亲历泰国清迈洪灾：坐军用皮卡从酒店撤离，洪水没到大腿根
https://new.qq.com/rain/a/20241006A06ZI100

2024-10-07 06:10:57,881 - INFO - EXPIRED
“轰一声山垮了” 贵州桐梓山体塌方一女孩失联 目击者：土石覆盖公路
https://new.qq.com/rain/a/20241006V06LJI00

2024-10-07 06:10:57,881 - INFO - EXPIRED
擅自进入未开发区域并毁坏物资，四川稻城亚丁景区通报：8人终身禁入
https://new.qq.com/rain/a/20241006A0703600

2024-10-07 06:10:57,881 - INFO - EXPIRED
庐山景区泡面开水收费5元？景区：游客未支付，将增加免费热水供应点
https://new.qq.com/rain/a/20241006A077AU00

2024-10-07 06:10:57,881 - INFO - EXPIRED
欠债400万，中国“淘金客”在非洲“翻盘”
https://new.qq.com/rain/a/20241006A06CJF00

2024-10-07 06:10:57,881 - INFO - EXPIRED
印度与美国签协议加强电池关键矿物供应链，还将拉第三国入伙
https://new.qq.com/rain/a/20241006A06HB800

2024-10-07 06:10:57,881 - INFO - EXPIRED
知名歌手将沔阳读成丐阳，自嘲没文化，你还知道哪些生僻地名？背后有什么故事？
https://view.inews.qq.com/a/20241006Q05RD600

2024-10-07 06:10:57,881 - INFO - EXPIRED
以色列贝尔谢巴中央汽车站疑似发生恐怖袭击 已致一人死亡
https://new.qq.com/rain/a/20241006A06EZC00

2024-10-07 06:10:57,881 - INFO - EXPIRED
新一轮巴以冲突爆发一周年，内塔尼亚胡：以色列正在7条战线上作战
https://new.qq.com/rain/a/20241006A05G3600

2024-10-07 06:10:57,881 - INFO - EXPIRED
河南一新郎接亲被加要18万彩礼婚车被拦，乡政府：有人冒名发布情况说明，已报警
https://new.qq.com/rain/a/20241006A063P800

2024-10-07 06:10:57,881 - INFO - EXPIRED
向松祚：不要错误解读人民银行的货币政策工具
https://new.qq.com/rain/a/20241006A066PL00

2024-10-07 06:10:57,881 - INFO - EXPIRED
马龙赛后采访：恭喜林诗栋夺冠 输掉决赛对我来说不是失败 
https://new.qq.com/rain/a/20241006V06MK700

2024-10-07 06:10:57,881 - INFO - EXPIRED
印度空军参谋长：空军要“遵守时间表”追赶中国
https://new.qq.com/rain/a/20241006A049IZ00

2024-10-07 06:10:57,881 - INFO - EXPIRED
日媒：日方将归还中国16只朱鹮
https://new.qq.com/rain/a/20241006A04GH800

2024-10-07 06:10:57,881 - INFO - EXPIRED
云南哀牢山突然爆火，这种原始森林深处有多凶险？如果迷路了怎么办？
https://view.inews.qq.com/a/20241006Q03HEJ00

2024-10-07 06:10:57,881 - INFO - EXPIRED
特朗普被曝曾询问普京“美国是否应向乌供武”，普京：这是个“错误”
https://new.qq.com/rain/a/20241006A04J7K00

2024-10-07 06:10:57,881 - INFO - EXPIRED
卡塔尔官员：哈马斯领导人辛瓦尔依然活着，只用笔纸交流
https://new.qq.com/rain/a/20241006A04HST00

2024-10-07 06:10:57,881 - INFO - EXPIRED
台湾海峡中部发生3.7级地震
https://new.qq.com/rain/a/20241006A04YKV00

2024-10-07 06:10:57,881 - INFO - EXPIRED
孩子从行李箱上滑落摔伤已发生多起，千万别这样“遛娃”
https://new.qq.com/rain/a/20241006A04QUP00

2024-10-07 06:10:57,881 - INFO - EXPIRED
山东菏泽鄄城警方通报：重大刑事案件69岁犯罪嫌疑人已被抓获归案
https://new.qq.com/rain/a/20241006A04HI500

2024-10-07 06:10:57,881 - INFO - EXPIRED
甘肃走失2岁女童确认遇难，警方：系溺水身亡，遗体在60公里外被发现
https://new.qq.com/rain/a/20241006A05N8L00

2024-10-07 06:10:57,881 - INFO - EXPIRED
韩最大在野党称将再次提交《金建希独检法案》，有可能通过吗？
https://view.inews.qq.com/a/20241005Q02F0C00

2024-10-07 06:10:57,881 - INFO - EXPIRED
国新办10月8日将举行新闻发布会，发改委主任及4位副主任一同出席
https://new.qq.com/rain/a/20241006A03WXD00

2024-10-07 06:10:57,881 - INFO - EXPIRED
河南一男子被困商场电梯30分钟无人管？工作人员：正确认紧急按钮问题
https://new.qq.com/rain/a/20241006A03BNJ00

2024-10-07 06:10:57,881 - INFO - EXPIRED
小车司机因错过高速出口，急刹倒车致后方三车追尾，又迅速驶离
https://new.qq.com/rain/a/20241006V01IDL00

2024-10-07 06:10:57,881 - INFO - EXPIRED
出口和工业生产强劲，越南第三季度GDP增速意外加速至7.4%
https://new.qq.com/rain/a/20241006A03VNY00

2024-10-07 06:10:57,881 - INFO - EXPIRED
飞18小时去非洲看动物大迁徙、花几十万去南极和企鹅握手……现在年轻人旅行有多会玩？
https://view.inews.qq.com/a/20240928Q08DJ500

2024-10-07 06:10:57,881 - INFO - EXPIRED
男子遗失手机向警方求助，意外找到失联6年的亲人
https://new.qq.com/rain/a/20241006A02S8500

2024-10-07 06:10:57,881 - INFO - EXPIRED
小渔村被赵丽颖带火，一年银行存款增加2.43亿，旅游对地方和个人的改变能有多大？
https://view.inews.qq.com/a/20240925Q09Z9000

2024-10-07 06:10:57,881 - INFO - EXPIRED
湖南浏阳一烟花厂库房发生爆炸 居民称震动波致自家房屋受损 当地回应
https://new.qq.com/rain/a/20241006V03GIO00

2024-10-07 06:10:57,881 - INFO - EXPIRED
突发！新西兰一艘5700吨军舰沉没
https://new.qq.com/rain/a/20241006A01LPI00

2024-10-07 06:10:57,881 - INFO - EXPIRED
美国白宫附近举行支持巴勒斯坦示威活动 一男子在现场自焚
https://new.qq.com/rain/a/20241006A01RRC00

2024-10-07 06:10:57,881 - INFO - EXPIRED
“没停车就要收费吗”，男子驾车路过小区被收穿行费，当地：闻所未闻
https://new.qq.com/rain/a/20241006A01JAO00

2024-10-07 06:10:57,881 - INFO - EXPIRED
借用及出借证券期货账户，超级牛散王孝安、方士雄遭证监会顶格处罚
https://new.qq.com/rain/a/20241006A025NY00

2024-10-07 06:10:57,881 - INFO - EXPIRED
有员工卡里突然多了十余万，比亚迪：发放利润奖
https://new.qq.com/rain/a/20241006A01LN500

2024-10-07 06:10:57,881 - INFO - EXPIRED
韩媒：韩国前总统文在寅女儿因涉酒驾被立案
https://new.qq.com/rain/a/20241006A038X400

2024-10-07 06:10:57,881 - INFO - EXPIRED
我的养老保险怎么缴，退休能领更多钱？
https://view.inews.qq.com/a/20240927Q02UC000

2024-10-07 06:10:57,881 - INFO - EXPIRED
新郎接亲被索要18.8万彩礼，强行带走新娘被女方亲戚堵车，警方介入
https://new.qq.com/rain/a/20241005V05BKU00

2024-10-07 06:10:57,881 - INFO - EXPIRED
特朗普重回遭枪击地办集会：防弹玻璃环绕演讲台，马斯克登场为其站台
https://new.qq.com/rain/a/20241006V01GMT00

2024-10-07 06:10:57,881 - INFO - EXPIRED
行李托运费比机票还贵？男子起诉购票平台和航司，法院判了
https://new.qq.com/rain/a/20241005A06BGC00

2024-10-07 06:10:57,881 - INFO - EXPIRED
台媒：台风“山陀儿”造成台湾地区4死1失踪719伤
https://new.qq.com/rain/a/20241006A01HYF00

2024-10-07 06:10:57,881 - INFO - EXPIRED
中国母女斯里兰卡旅游在酒店遇入室抢劫，当地警方已展开调查 涉事酒店仍在跟团游行程安排内
https://new.qq.com/rain/a/20241005A060E600

2024-10-07 06:10:57,881 - INFO - EXPIRED
外交部发言人就美国总统拜登向习近平主席致国庆贺电答记者问
https://new.qq.com/rain/a/20241005A066G700

2024-10-07 06:10:57,881 - INFO - EXPIRED
阳台外面建阳台，贵阳一户人家装修惹怒其他业主：简直不可理喻
https://new.qq.com/rain/a/20241005A06PNE00

2024-10-07 06:10:57,881 - INFO - EXPIRED
山西爆火后，网友称去云冈石窟排队一小时看佛一分钟，这一分钟到底值不值？
https://view.inews.qq.com/a/20240925Q02YGD00

2024-10-07 06:10:57,882 - INFO - EXPIRED
德云社秦霄贤粉丝涉嫌伪造人民网文章？北京通州警方：已立案侦查
https://new.qq.com/rain/a/20241005A072T700

2024-10-07 06:10:57,882 - INFO - EXPIRED
俄军突击库拉霍沃，切断乌军一地区补给线，俄专家：乌军作战条件严峻
https://new.qq.com/rain/a/20241005A033KR00

2024-10-07 06:10:57,882 - INFO - EXPIRED
“钱塘江同志”又立功：民警从几万观潮游客中，一眼瞅到在逃嫌犯
https://new.qq.com/rain/a/20241005A05JTS00

2024-10-07 06:10:57,882 - INFO - EXPIRED
中国民办教育协会主要发起人柳斌去世 享年88岁
https://new.qq.com/rain/a/20241005A06B2300

2024-10-07 06:10:57,882 - INFO - EXPIRED
美特勤局遭遇近二十年最大规模人员外流：加班没工资、管理层卸磨杀驴
https://new.qq.com/rain/a/20241005A069J900

2024-10-07 06:10:57,882 - INFO - EXPIRED
“一般打架都比这激烈”，全国武术冠军赛选手对打遭调侃，官方回应
https://new.qq.com/rain/a/20241005A054WE00

2024-10-07 06:10:57,882 - INFO - EXPIRED
大妈在机场休息厅开音响跳舞，机场不能制止吗？该哪个部门管？
https://view.inews.qq.com/a/20241005Q01EGF00

2024-10-07 06:10:57,882 - INFO - EXPIRED
一外卖员频频在车辆转弯或盲区“被撞”，已被检方批捕、平台拉黑
https://new.qq.com/rain/a/20241005A02C4L00

2024-10-07 06:10:57,882 - INFO - EXPIRED
大风大雨将袭上海：光影节调整安排、多区取消活动，这场大师赛也受影响
https://new.qq.com/rain/a/20241005A05Y4X00

2024-10-07 06:10:57,882 - INFO - EXPIRED
郑钦文0-2止步中网四强，带伤作战有多难？伤病对她争夺年终总决赛资格有多大影响？
https://view.inews.qq.com/a/20241005Q06B6K00

2024-10-07 06:10:57,882 - INFO - EXPIRED
“你哪个学校的不要那么拽”，学生向教育局举报补课被怼还要求背课文
https://new.qq.com/rain/a/20241005A027RK00

2024-10-07 06:10:57,882 - INFO - EXPIRED
突发重刑案！山东警方最高10万悬赏69岁犯罪嫌疑人
https://new.qq.com/rain/a/20241005A04YSY00

2024-10-07 06:10:57,882 - INFO - EXPIRED
湖南醴陵近期发生两起烟花爆竹安全事故 有人员伤亡
https://new.qq.com/rain/a/20241005A05F4S00

2024-10-07 06:10:57,882 - INFO - EXPIRED
阿联酋航空宣布禁止在航班上携带寻呼机和对讲机
https://new.qq.com/rain/a/20241005A05R2Z00

2024-10-07 06:10:57,882 - INFO - EXPIRED
外媒对比伊以双方军事力量，伊朗在人数和装备数量上均领先，能直观体现实力吗？
https://view.inews.qq.com/a/20241005Q02VTQ00

2024-10-07 06:10:57,882 - INFO - EXPIRED
专家解读为何哀牢山是禁区：地理环境极为复杂，存在大地磁场强度异常的现象，导致指南针失灵
https://new.qq.com/rain/a/20241005A049WA00

2024-10-07 06:10:57,882 - INFO - EXPIRED
回看郑钦文受伤一幕：手指戳破泪洒赛场，倒地时目光仍紧盯球
https://new.qq.com/rain/a/20241005V05IRU00

2024-10-07 06:10:57,882 - INFO - EXPIRED
美国35年来首个！“已准备好用于制造核武器”
https://new.qq.com/rain/a/20241005A054Y400

2024-10-07 06:10:57,882 - INFO - EXPIRED
两人山路上随意停车野餐被报警，堵车时前面的车都在干什么？该怎么让不守规矩的司机长教训？
https://view.inews.qq.com/a/20241004Q02M0B00

2024-10-07 06:10:57,882 - INFO - EXPIRED
俄官员：俄罗斯将把阿富汗塔利班移出恐怖组织名单，正在完成法律工作
https://new.qq.com/rain/a/20241005A03FZZ00

2024-10-07 06:10:57,882 - INFO - EXPIRED
“你是最坏的媳妇！” 1100万阿尔茨海默病老人背后，照护者的隐痛
https://new.qq.com/rain/a/20241004A05ONE00

2024-10-07 06:10:57,882 - INFO - EXPIRED
外媒：挪威警方公布最终尸检结果，“间谍白鲸”被排除射杀，死因可能是细菌感染
https://new.qq.com/rain/a/20241005A03YBV00

2024-10-07 06:10:57,882 - INFO - EXPIRED
英国前首相在新书中称，内塔尼亚胡或在他卫生间装过窃听器，提这个只是为卖书吗？
https://view.inews.qq.com/a/20241004Q0638700

2024-10-07 06:10:57,882 - INFO - EXPIRED
拜登担心特朗普“拒绝接受大选结果”：这很危险
https://new.qq.com/rain/a/20241005A04EXA00

2024-10-07 06:10:57,882 - INFO - EXPIRED
武契奇出席中企承建项目通车仪式：感谢中国朋友，让人仿佛置身奥地利或瑞士
https://new.qq.com/rain/a/20241005A03UN900

2024-10-07 06:10:57,882 - INFO - EXPIRED
泽连斯基称将在德国举行的领导人级别会议上提出“胜利计划”
https://new.qq.com/rain/a/20241005A04PG100

2024-10-07 06:10:57,882 - INFO - EXPIRED
外媒：阿根廷总统联合国演讲被疑抄袭美剧《白宫风云》，部分内容“几乎一字不差”
https://new.qq.com/rain/a/20241005A042OL00

2024-10-07 06:10:57,882 - INFO - EXPIRED
胡塞武装使用新型高超声速导弹突入以色列？周伟政：冲突持续升温
https://new.qq.com/rain/a/20241005A02BCV00

2024-10-07 06:10:57,882 - INFO - EXPIRED
国航一航班疑中途因机械故障返航 旅客：下飞机发现飞机风挡疑有裂纹 
https://new.qq.com/rain/a/20241005A03OKP00

2024-10-07 06:10:57,882 - INFO - EXPIRED
监控曝光！扎波罗热核电站安保队长在汽车爆炸中丧生，车头瞬间脱落
https://new.qq.com/rain/a/20241005V03CYX00

2024-10-07 06:10:57,882 - INFO - EXPIRED
因这冲突？现场收音爆料：杨鸣疑似辱骂外援 山东主帅：这话很危险
https://new.qq.com/rain/a/20241005A02GT800

2024-10-07 06:10:58,389 - INFO - INVALID
俄国防部公布视频！俄军用“柳叶刀”巡飞弹摧毁乌军自行火炮
https://new.qq.com/rain/a/20241007A01PR300

2024-10-07 06:10:58,394 - INFO - INVALID
新一轮巴以冲突一周年，以色列、哈马斯各自赞许己方“战果”
https://new.qq.com/rain/a/20241007A02XQ700

2024-10-07 06:10:58,399 - INFO - INVALID
青海西宁某商务宾馆辱骂游客？官方：辞退涉事员工，出具书面道歉信
https://new.qq.com/rain/a/20241007A00ZEX00

2024-10-07 06:10:58,451 - INFO - INVALID
“鬼火少年”扎堆济南解放阁飙车、放烟花“炸街”，警方出动现场制止
https://new.qq.com/rain/a/20241007A03GUT00

2024-10-07 06:10:58,477 - INFO - INVALID
山东两女幼师出租屋遇害案将开庭，死者父亲：上次因嫌犯情绪问题休庭
https://new.qq.com/rain/a/20241007A01UZJ00

2024-10-07 06:10:58,695 - INFO - INVALID
男子花20万买二手小米SU7，回家后遭原车主远程锁车
https://new.qq.com/rain/a/20241007A03L1J00

2024-10-07 06:10:58,700 - INFO - INVALID
以色列发生恐袭案，19岁女警身亡，凶手亲戚9年前在同一地点制造血案
https://new.qq.com/rain/a/20241007A01E4100

2024-10-07 06:10:58,777 - INFO - INVALID
河南淮滨一​新郎接亲被加要18万彩礼，新娘家人阻拦婚车？官方通报
https://new.qq.com/rain/a/20241007A0185700

2024-10-07 06:10:58,794 - INFO - INVALID
分歧加深？外媒：美副总统哈里斯拒绝回答“内塔尼亚胡是否是真正的亲密盟友”
https://new.qq.com/rain/a/20241007A01RTU00

2024-10-07 06:10:58,805 - INFO - INVALID
亏损裁员、订单流失，欧洲动力电池“全村的希望”深陷困境
https://new.qq.com/rain/a/20241007A00ZQS00

2024-10-07 06:10:59,009 - INFO - INVALID
中国驻巴基斯坦使馆关于卡西姆港发电有限公司车队遭遇恐怖袭击的声明
https://new.qq.com/rain/a/20241007A00U3Q00

2024-10-07 06:10:59,089 - INFO - INVALID
9月末我国外汇储备规模为33164亿美元 环比上升282亿美元
https://new.qq.com/rain/a/20241007A023CE00

2024-10-07 06:10:59,109 - INFO - INVALID
河南一医院有老鼠在病房“飞檐走壁”？医院：已堵住老鼠洞并加强消杀
https://new.qq.com/rain/a/20241007A01QOV00

2024-10-07 06:10:59,170 - INFO - INVALID
巴以冲突一年致4.2万巴勒斯坦人丧生，全球多地爆发反战游行
https://new.qq.com/rain/a/20241007A007Y200

2024-10-07 06:10:59,206 - INFO - INVALID
巴以冲突爆发一周年，是时候算算经济账了
https://new.qq.com/rain/a/20241007A025MA00

2024-10-07 06:10:59,310 - ERROR - ERROR
新一轮巴以冲突一周年：冲突前后加沙城对比画面，街道变为废墟
https://new.qq.com/rain/a/20241007V00WR200
('list index out of range',)
======
Traceback (most recent call last):
  File "/home/runner/work/qqnews/qqnews/qq.py", line 81, in process_article
    ss = str(tmpbs.select("div.LEFT div.content.clearfix")[0])
             ~~~~~~~~~~~~~~~~~~~~~~~~~~~~~~~~~~~~~~~~~~~~~^^^
IndexError: list index out of range


2024-10-07 06:10:59,400 - INFO - INVALID
美国要退役国际空间站？几年内太空中或将再没有NASA宇航员
https://new.qq.com/rain/a/20241007A00XF900

