2024-09-21 00:32:02,725 - INFO - EXPIRED
长沙警方通报刘某杰遇害案：未发现刘某杰及其家人与2名嫌犯在案发前有交集
https://new.qq.com/rain/a/20240920A0ABP700

2024-09-21 00:32:02,725 - INFO - EXPIRED
委内瑞拉反对派领导人签字承认马杜罗，冈萨雷斯称不签就要承担后果
https://new.qq.com/rain/a/20240920A05IZD00

2024-09-21 00:32:02,725 - INFO - EXPIRED
发现胎儿有“恶魔基因”后，她终止了妊娠
https://new.qq.com/rain/a/20240920A02P8U00

2024-09-21 00:32:02,725 - INFO - EXPIRED
国际摄影大师央美办讲座因多人看手机中途离席？多方回应
https://new.qq.com/rain/a/20240920A05KIG00

2024-09-21 00:32:02,725 - INFO - EXPIRED
董宇辉、小杨哥、罗永浩，怎么都“栽”在这件事上
https://new.qq.com/rain/a/20240920A09WNQ00

2024-09-21 00:32:02,725 - INFO - EXPIRED
“90后”陆正韵已经出任浙江省兰溪市副市长
https://new.qq.com/rain/a/20240920A07STO00

2024-09-21 00:32:02,725 - INFO - EXPIRED
法国新总理或因无法组建新政府辞职，为何组建新政府这么难？组不成就要辞职？
https://view.inews.qq.com/a/20240920Q04YFO00

2024-09-21 00:32:02,725 - INFO - EXPIRED
智障者奸杀少女被判死缓，服刑18年后出狱 江西省检察院：认定事实有误，建议再审
https://new.qq.com/rain/a/20240920A0ADOE00

2024-09-21 00:32:02,725 - INFO - EXPIRED
中美经济工作组举行第五次会议
https://new.qq.com/rain/a/20240920A0A7G800

2024-09-21 00:32:02,725 - INFO - EXPIRED
深圳日籍男童遇害案中方未提供作案动机相关信息？中国外交部回应
https://new.qq.com/rain/a/20240920A0AAUH00

2024-09-21 00:32:02,725 - INFO - EXPIRED
给餐饮老板“收尸”，贵州青年暴富
https://new.qq.com/rain/a/20240920A067I000

2024-09-21 00:32:02,725 - INFO - EXPIRED
安徽一石像坠落致11岁男孩身亡：男童头部被砸，石像系第三方公司养护
https://new.qq.com/rain/a/20240920V0A40Z00

2024-09-21 00:32:02,725 - INFO - EXPIRED
俄女首富丈夫带人强闯公司爆枪战，起底背后政商利益集团
https://new.qq.com/rain/a/20240920A0630K00

2024-09-21 00:32:02,725 - INFO - EXPIRED
新国标拟对电动自行车限速25公里，网友称太慢不如自行车，什么速度更合理？
https://view.inews.qq.com/a/20240920Q01ZEP00

2024-09-21 00:32:02,725 - INFO - EXPIRED
前华人首富赵长鹏要出狱了！是美国最有钱的服刑罪犯
https://new.qq.com/rain/a/20240920A07JDS00

2024-09-21 00:32:02,725 - INFO - EXPIRED
管培生拒绝周末跑10公里被辞退，城市经理：与公司用人标准有关
https://new.qq.com/rain/a/20240920A09LJ300

2024-09-21 00:32:02,725 - INFO - EXPIRED
教育部发布2025年全国硕士研究生招生初试和报名时间安排
https://new.qq.com/rain/a/20240920A0912800

2024-09-21 00:32:02,725 - INFO - EXPIRED
上海青浦出现龙卷，多位网友拍下现场画面：空中卷起巨大漩涡
https://new.qq.com/rain/a/20240920V096ST00

2024-09-21 00:32:02,725 - INFO - EXPIRED
何立峰会见中美经济工作组美方代表团
https://new.qq.com/rain/a/20240920A09YAV00

2024-09-21 00:32:02,726 - INFO - EXPIRED
深圳日本人学校学童不幸遇害，驻日本使馆发言人答记者问
https://new.qq.com/rain/a/20240920A092NE00

2024-09-21 00:32:02,726 - INFO - EXPIRED
“给领导买饭”，刺痛打工人
https://new.qq.com/rain/a/20240920A01XQ500

2024-09-21 00:32:02,726 - INFO - EXPIRED
男子杀害女友及自己母亲后，带上嫂嫂潜逃32年，落网时称“解脱了”
https://new.qq.com/rain/a/20240920A04Q7V00

2024-09-21 00:32:02,726 - INFO - EXPIRED
唐山打人案获刑民警陈志伟：处警过程均由领导安排，我坚信我是无罪的
https://new.qq.com/rain/a/20240920A05YBW00

2024-09-21 00:32:02,726 - INFO - EXPIRED
外卖小哥疑劳累过度雨中去世？当事人辟谣：熬夜打游戏太累，睡着了
https://new.qq.com/rain/a/20240920A06OIU00

2024-09-21 00:32:02,726 - INFO - EXPIRED
为什么国内奢华酒店开始“抱团取暖”
https://new.qq.com/rain/a/20240920A00ULQ00

2024-09-21 00:32:02,726 - INFO - EXPIRED
8月份全国城镇不包含在校生的16-24岁劳动力失业率为18.8%
https://new.qq.com/rain/a/20240920A06FXY00

2024-09-21 00:32:02,726 - INFO - EXPIRED
河南暴雨后有人疑似触电身亡：路人拿棍子捞未果，遇难者是两孩子母亲
https://new.qq.com/rain/a/20240920V08NY900

2024-09-21 00:32:02,726 - INFO - EXPIRED
外交部：中日发布共识文件与日本男童遇袭没有关联
https://new.qq.com/rain/a/20240920A05U2S00

2024-09-21 00:32:02,726 - INFO - EXPIRED
贵州省公安厅原巡视员周云被公诉，曾帮人开办武装押运公司
https://new.qq.com/rain/a/20240920A05K1200

2024-09-21 00:32:02,726 - INFO - EXPIRED
故宫回应北大本科生入职保卫处：是综合部门，入职后进行岗位分配
https://new.qq.com/rain/a/20240920V03SUY00

2024-09-21 00:32:02,726 - INFO - EXPIRED
贵州黄平突发刑案：疑小学教师杀害同事后潜逃，警方最高悬赏十万缉捕
https://new.qq.com/rain/a/20240920A06V9A00

2024-09-21 00:32:02,726 - INFO - EXPIRED
证监会：支持合规稳健的优质证券公司适度提升资本使用效率
https://new.qq.com/rain/a/20240920A07QZ000

2024-09-21 00:32:02,726 - INFO - EXPIRED
当慢性病病人，被医生劝出院
https://new.qq.com/rain/a/20240920A03J0O00

2024-09-21 00:32:02,726 - INFO - EXPIRED
长安副总裁王辉：中国汽车品牌成长为国际一流企业的窗口期已经到来
https://new.qq.com/rain/a/20240920A07KOO00

2024-09-21 00:32:02,726 - INFO - EXPIRED
受贿5329万余元！中国石油天然气集团原副总经理徐文荣一审获刑十四年
https://new.qq.com/rain/a/20240920A06ENG00

2024-09-21 00:32:02,726 - INFO - EXPIRED
财政部：1-8月全国一般公共预算收入147776亿元 同比下降2.6%
https://new.qq.com/rain/a/20240920A06A8I00

2024-09-21 00:32:02,726 - INFO - EXPIRED
中国维和部队营区周边多枚航弹爆炸，距离仅730米！
https://new.qq.com/rain/a/20240920V067OP00

2024-09-21 00:32:02,726 - INFO - EXPIRED
1-8月证券交易印花税653亿元 同比下降55.5%
https://new.qq.com/rain/a/20240920A06B6N00

2024-09-21 00:32:02,726 - INFO - EXPIRED
国内成品油价迎年内最大降幅，加满一箱油少花14.5元
https://new.qq.com/rain/a/20240920A06BB500

2024-09-21 00:32:02,726 - INFO - EXPIRED
男生快递站猥亵女生 浙理工科艺学院回应：涉事男生已放弃入学资格
https://new.qq.com/rain/a/20240920A04LVJ00

2024-09-21 00:32:02,726 - INFO - EXPIRED
云南网红“小英一家”被曝曾送养两个女孩？民政部门：正调查
https://new.qq.com/rain/a/20240920A051KK00

2024-09-21 00:32:02,726 - INFO - EXPIRED
湖南省财政厅发布讣告：厅长刘文杰不幸遇害，享年58岁
https://new.qq.com/rain/a/20240920A069RF00

2024-09-21 00:32:02,726 - INFO - EXPIRED
美国一男子威胁要谋杀美联邦最高法院6名大法官，美国司法部长谴责
https://new.qq.com/rain/a/20240920A0469O00

2024-09-21 00:32:02,726 - INFO - EXPIRED
《金融租赁公司管理办法》修订发布：提高主要出资人最低持股比例
https://new.qq.com/rain/a/20240920A05U1N00

2024-09-21 00:32:02,726 - INFO - EXPIRED
胡捷教授：同事都在加班996，我5点干完下班有错吗？
https://new.qq.com/rain/a/20240920V068OM00

2024-09-21 00:32:02,726 - INFO - EXPIRED
深圳日本人学校被刺学生不幸去世，嫌犯为单人作案已依法刑拘
https://new.qq.com/rain/a/20240920A03WD800

2024-09-21 00:32:02,726 - INFO - EXPIRED
卡德罗夫称马斯克所赠赛博皮卡被远程锁车 此前承诺将皮卡送到前线
https://new.qq.com/rain/a/20240920V03OIF00

2024-09-21 00:32:02,726 - INFO - EXPIRED
英国外教对学生灌输台湾不属于中国？民办教育协会：涉事主体无资质
https://new.qq.com/rain/a/20240920A049OH00

2024-09-21 00:32:02,726 - INFO - EXPIRED
外交部：中日达成共识文件不意味中方立即全面恢复日本水产品进口
https://new.qq.com/rain/a/20240920A05I9B00

2024-09-21 00:32:02,726 - INFO - EXPIRED
五年内央企将全面建立“科学、理性、高效”的董事会
https://new.qq.com/rain/a/20240920A05BOS00

2024-09-21 00:32:02,726 - INFO - EXPIRED
“以为是游泳健身，没想到是存款理财”，中收承压，银行工作人员也开始街头发传单了
https://new.qq.com/rain/a/20240920A02QEX00

2024-09-21 00:32:02,726 - INFO - EXPIRED
印度又“左右逢源”？传印度所售弹药被转入乌克兰，俄罗斯怒了
https://new.qq.com/rain/a/20240920A02IVB00

2024-09-21 00:32:02,726 - INFO - EXPIRED
美团骑手收入大曝光：一线城市月均7354元 “8万研究生送外卖”是假的
https://new.qq.com/rain/a/20240920A006JC00

2024-09-21 00:32:02,726 - INFO - EXPIRED
“国企女老总”被包工头举报收203万打点费 企业：被举报人非正式员工
https://new.qq.com/rain/a/20240920A03CJQ00

2024-09-21 00:32:02,726 - INFO - EXPIRED
A股收评：沪指探底回升微涨0.03%，信创概念股全线爆发
https://new.qq.com/rain/a/20240920A051S500

2024-09-21 00:32:02,726 - INFO - EXPIRED
民政部：从未发布或批准发布“中国养老保险”App
https://new.qq.com/rain/a/20240920A04MU700

2024-09-21 00:32:02,726 - INFO - EXPIRED
中日就核污染水排海问题达成共识，中方将逐步恢复合规日本水产品进口
https://new.qq.com/rain/a/20240920A04SHJ00

2024-09-21 00:32:02,726 - INFO - EXPIRED
“你要打我啊？”中国女游客在泰国被导游强制要求购物，遭导游推搡
https://new.qq.com/rain/a/20240920V03Y7O00

2024-09-21 00:32:02,726 - INFO - EXPIRED
河南叶县强拆果园为高速让路，当地成立联合调查组，果园负责人发声
https://new.qq.com/rain/a/20240920A0356D00

2024-09-21 00:32:02,726 - INFO - EXPIRED
丈夫酒后多次家暴被诉离婚，法庭内扛起妻子就跑，法院：双方有感情基础，调解后和好
https://new.qq.com/rain/a/20240919A08LTW00

2024-09-21 00:32:02,726 - INFO - EXPIRED
湖北籍奥运冠军郑钦文、昌雅妮、王宗源、孙佳俊获赠超百万奖金及住房
https://new.qq.com/rain/a/20240920A0226I00

2024-09-21 00:32:02,726 - INFO - EXPIRED
3名硕士应聘云南保山学院宿管，招聘方：有相关公示，硕士免笔试
https://new.qq.com/rain/a/20240920A03WWI00

2024-09-21 00:32:02,726 - INFO - EXPIRED
中新网评：面对伤人案，中国社会始终与善良正义站在一起
https://new.qq.com/rain/a/20240920A043QZ00

2024-09-21 00:32:02,726 - INFO - EXPIRED
营销又翻车！司马南扮装李白惹争议，西凤酒紧急发文规范推广
https://new.qq.com/rain/a/20240920A03ZOX00

2024-09-21 00:32:02,726 - INFO - EXPIRED
举报前国企高管后收到200万元 河北一女子被控敲诈勒索罪一审获刑10年
https://new.qq.com/rain/a/20240919A086OM00

2024-09-21 00:32:02,726 - INFO - EXPIRED
杜特尔特女儿莎拉与马科斯“断交”：从不是朋友，后年宣布选举计划
https://new.qq.com/rain/a/20240919A09AMR00

2024-09-21 00:32:02,726 - INFO - EXPIRED
深圳特区报评日本人学校学生遇袭去世：违法暴力行为必须严惩
https://new.qq.com/rain/a/20240920A0418T00

2024-09-21 00:32:02,726 - INFO - EXPIRED
寻呼机、对讲机在黎巴嫩成杀人武器，未来武器会渗透到哪里？网友对手机、电车的担心有必要吗？
https://view.inews.qq.com/a/20240920Q03XM000

2024-09-21 00:32:02,726 - INFO - EXPIRED
电动自行车新国标公开征求意见，我的电驴会有什么变化？价格会更贵吗？
https://view.inews.qq.com/a/20240919Q05QRF00

2024-09-21 00:32:02,726 - INFO - EXPIRED
用户仅退款反被平台薅走20亿元？京淘淘：未跑路，发现“职业羊毛党”
https://new.qq.com/rain/a/20240920A03XPT00

2024-09-21 00:32:02,726 - INFO - EXPIRED
蔚来收购奥迪欧洲工厂？李斌辟谣：没有的事，固定资产投资非常谨慎
https://new.qq.com/rain/a/20240920A03FEW00

2024-09-21 00:32:02,726 - INFO - EXPIRED
赔偿“N+7”！又一知名科技巨头掀裁员风暴，近300员工一夜失业
https://new.qq.com/rain/a/20240919A08RGW00

2024-09-21 00:32:02,726 - INFO - EXPIRED
广西桂林外祖孙俩遭邻居持刀行凶 亲属发声：被害女童已去世
https://new.qq.com/rain/a/20240920A03YUU00

2024-09-21 00:32:02,726 - INFO - EXPIRED
渠道对iPhone 16控货控价，首销日高配版在二级市场溢价千元左右
https://new.qq.com/rain/a/20240920A03T2100

2024-09-21 00:32:02,726 - INFO - EXPIRED
湖南株洲一男子驾车在学校路段逆行且辱骂护学岗志愿者，警方通报
https://new.qq.com/rain/a/20240919A0A0GN00

2024-09-21 00:32:02,726 - INFO - EXPIRED
我在北京送外卖也当保安：没看过骑手下跪，但他要硬闯我也拦丨远在身边
https://new.qq.com/rain/a/20240919A07FCX00

2024-09-21 00:32:02,727 - INFO - EXPIRED
网友在海边捡到疑似龙涎香价值800万，龙涎香是什么东西？为什么这么贵？
https://view.inews.qq.com/a/20240919Q08K0900

2024-09-21 00:32:02,727 - INFO - EXPIRED
俄罗斯女首富办公室爆发枪战，致2死7伤
https://new.qq.com/rain/a/20240920A00VLA00

2024-09-21 00:32:02,727 - INFO - EXPIRED
岑浩辉被确定性接纳为澳门特区第六任行政长官选举候选人
https://new.qq.com/rain/a/20240920A02C6900

2024-09-21 00:32:02,727 - INFO - EXPIRED
国防部回应美对台军售：美方正一步步把台湾推向兵凶战危的险境
https://new.qq.com/rain/a/20240920A02W0G00

2024-09-21 00:32:02,727 - INFO - EXPIRED
新城控股创始人回归后多位高管变动？公司通知员工“不允许接受采访”
https://new.qq.com/rain/a/20240919A03JKS00

2024-09-21 00:32:02,727 - INFO - EXPIRED
9月20日起铁路部门实施重点旅客运输服务新规则
https://new.qq.com/rain/a/20240920A02SD600

2024-09-21 00:32:02,727 - INFO - EXPIRED
打一场明知会输的官司，只想被看见
https://new.qq.com/rain/a/20240920A00T0900

2024-09-21 00:32:02,727 - INFO - EXPIRED
管培生被女友58页PPT举报多次嫖娼，招行：已将其开除党籍、行政开除
https://new.qq.com/rain/a/20240920A012O000

2024-09-21 00:32:02,727 - INFO - EXPIRED
事关在菲的美军中导系统，美国和菲律宾正在酝酿新阴谋
https://new.qq.com/rain/a/20240920A013XA00

2024-09-21 00:32:02,727 - INFO - EXPIRED
9月LPR报价维持不变，今年还会降息吗？分析师：四季度有降息降准可能
https://new.qq.com/rain/a/20240920A01ZO400

2024-09-21 00:32:02,727 - INFO - EXPIRED
河南镇平16名玉石商人集体受审，检方指控涉软暴力强迫交易等违法行为
https://new.qq.com/rain/a/20240919A09PP300

2024-09-21 00:32:02,727 - INFO - EXPIRED
蔚来官造“平替”，乐道L60 14.99万元起
https://new.qq.com/rain/a/20240920A02L1F00

2024-09-21 00:32:02,727 - INFO - EXPIRED
华为Mate XT快问快答：一起批奏折了兄弟们
https://new.qq.com/rain/a/20240919V09OZG00

2024-09-21 00:32:02,727 - INFO - EXPIRED
【英雄联盟】11月9日全球同步上线！《双城之战》全新片段曝光蔚新形象！
https://new.qq.com/rain/a/20240919V06NQ800

2024-09-21 00:32:02,727 - INFO - EXPIRED
《黑神话：悟空》销量已超2000万份 总收入超67亿元
https://new.qq.com/rain/a/20240920A00V2L00

2024-09-21 00:32:02,727 - INFO - EXPIRED
云南彝良两男子反向骗取“电诈分子”1800余元，被行拘
https://new.qq.com/rain/a/20240920A01Q7300

2024-09-21 00:32:02,727 - INFO - EXPIRED
超龄农民工就业难点在哪？从何处开发岗位？多地回应
https://new.qq.com/rain/a/20240920A012BT00

2024-09-21 00:32:03,285 - INFO - INVALID
南京六合区道路上发生一起事故，官方：致一死一伤
https://new.qq.com/rain/a/20240921A006PM00

2024-09-21 00:32:03,298 - INFO - INVALID
韩媒：韩国检方请求判处李在明2年有期徒刑
https://new.qq.com/rain/a/20240921A00X0C00

2024-09-21 00:32:03,365 - INFO - INVALID
美股收盘：道指再创历史新高 三巫日尾盘剧烈波动
https://new.qq.com/rain/a/20240921A00FTQ00

2024-09-21 00:32:03,372 - INFO - INVALID
中日就核污染水排海问题达成共识，有三个关键信息
https://new.qq.com/rain/a/20240921A00M2P00

2024-09-21 00:32:03,376 - INFO - INVALID
谷子即将成熟却被要求铲除，还有种植户被刑拘？内蒙古开鲁回应
https://new.qq.com/rain/a/20240921A00ONM00

2024-09-21 00:32:03,743 - INFO - INVALID
两周内连爆高通考虑收购！英特尔股价盘中一度暴拉超10%
https://new.qq.com/rain/a/20240921A00EEH00

2024-09-21 00:32:03,801 - INFO - INVALID
中国城市95后人才吸引力排名：深圳超越北京居榜首，无锡青岛跻身前十
https://new.qq.com/rain/a/20240921A0005200

2024-09-21 02:04:48,234 - INFO - EXPIRED
芬兰总统呼吁把俄罗斯踢出“五常”，美国务院：整点现实的
https://new.qq.com/rain/a/20240920A09YVW00

2024-09-21 02:04:48,234 - INFO - EXPIRED
国际摄影大师央美办讲座因多人看手机中途离席？多方回应
https://new.qq.com/rain/a/20240920A05KIG00

2024-09-21 02:04:48,234 - INFO - EXPIRED
郑钦文征战中网，她一年能挣多少钱？是不是中国收入最高的运动员？
https://view.inews.qq.com/a/20240920Q08GKF00

2024-09-21 02:04:48,234 - INFO - EXPIRED
湖南省政府公布一批人事任免，刘见、欧涛同志任省财政厅副厅长
https://new.qq.com/rain/a/20240919A0815M00

2024-09-21 02:04:48,234 - INFO - EXPIRED
稻城亚丁景区禁止游客吃自带泡面却卖热干面？ 回应：已成立工作组调查
https://new.qq.com/rain/a/20240920A0AAX700

2024-09-21 02:04:48,234 - INFO - EXPIRED
女子遭信访局长辱骂索赔30万被控敲诈案二审维持，申诉已受理
https://new.qq.com/rain/a/20240920A0A6U500

2024-09-21 02:04:48,234 - INFO - EXPIRED
退役军人路过车祸现场砸车救人：获救女司机误认他是撞车者，周围群众连忙为他澄清
https://new.qq.com/rain/a/20240920A08BRU00

2024-09-21 02:04:48,235 - INFO - EXPIRED
委内瑞拉反对派领导人签字承认马杜罗，是“被逼”还是“投降”
https://new.qq.com/rain/a/20240920A05IZD00

2024-09-21 02:04:48,235 - INFO - EXPIRED
“卖卵招聘”乱象调查：中介称在别墅取卵，长得漂亮出价5万
https://new.qq.com/rain/a/20240920A09HGS00

2024-09-21 02:04:48,235 - INFO - EXPIRED
发现胎儿有“恶魔基因”后，她终止了妊娠
https://new.qq.com/rain/a/20240920A02P8U00

2024-09-21 02:04:48,235 - INFO - EXPIRED
董宇辉、小杨哥、罗永浩，怎么都“栽”在这件事上
https://new.qq.com/rain/a/20240920A09WNQ00

2024-09-21 02:04:48,235 - INFO - EXPIRED
“90后”陆正韵已经出任浙江省兰溪市副市长
https://new.qq.com/rain/a/20240920A07STO00

2024-09-21 02:04:48,235 - INFO - EXPIRED
长沙警方通报刘某杰遇害案：未发现刘某杰及其家人与2名嫌犯在案发前有交集
https://new.qq.com/rain/a/20240920A0ABP700

2024-09-21 02:04:48,235 - INFO - EXPIRED
象棋界“特级大师”是什么概念？想成为“大师”或者“特大”有多难？
https://view.inews.qq.com/a/20240920Q05MVT00

2024-09-21 02:04:48,235 - INFO - EXPIRED
法国新总理或因无法组建新政府辞职，为何组建新政府这么难？组不成就要辞职？
https://view.inews.qq.com/a/20240920Q04YFO00

2024-09-21 02:04:48,235 - INFO - EXPIRED
传印度所售弹药被转入乌克兰，真有这种事？印度这是两头通吃吗？
https://view.inews.qq.com/a/20240920Q09R7D00

2024-09-21 02:04:48,235 - INFO - EXPIRED
智障者奸杀少女被判死缓，服刑18年后出狱 江西省检察院：认定事实有误，建议再审
https://new.qq.com/rain/a/20240920A0ADOE00

2024-09-21 02:04:48,235 - INFO - EXPIRED
中美经济工作组举行第五次会议
https://new.qq.com/rain/a/20240920A0A7G800

2024-09-21 02:04:48,235 - INFO - EXPIRED
深圳日籍男童遇害案中方未提供作案动机相关信息？中国外交部回应
https://new.qq.com/rain/a/20240920A0AAUH00

2024-09-21 02:04:48,235 - INFO - EXPIRED
给餐饮老板“收尸”，贵州青年暴富
https://new.qq.com/rain/a/20240920A067I000

2024-09-21 02:04:48,235 - INFO - EXPIRED
安徽一石像坠落致11岁男孩身亡：男童头部被砸，石像系第三方公司养护
https://new.qq.com/rain/a/20240920V0A40Z00

2024-09-21 02:04:48,235 - INFO - EXPIRED
俄女首富丈夫带人强闯公司爆枪战，起底背后政商利益集团
https://new.qq.com/rain/a/20240920A0630K00

2024-09-21 02:04:48,235 - INFO - EXPIRED
新国标拟对电动自行车限速25公里，网友称太慢不如自行车，什么速度更合理？
https://view.inews.qq.com/a/20240920Q01ZEP00

2024-09-21 02:04:48,235 - INFO - EXPIRED
前华人首富赵长鹏要出狱了！是美国最有钱的服刑罪犯
https://new.qq.com/rain/a/20240920A07JDS00

2024-09-21 02:04:48,235 - INFO - EXPIRED
管培生拒绝周末跑10公里被辞退，城市经理：与公司用人标准有关
https://new.qq.com/rain/a/20240920A09LJ300

2024-09-21 02:04:48,235 - INFO - EXPIRED
教育部发布2025年全国硕士研究生招生初试和报名时间安排
https://new.qq.com/rain/a/20240920A0912800

2024-09-21 02:04:48,235 - INFO - EXPIRED
上海青浦出现龙卷，多位网友拍下现场画面：空中卷起巨大漩涡
https://new.qq.com/rain/a/20240920V096ST00

2024-09-21 02:04:48,235 - INFO - EXPIRED
何立峰会见中美经济工作组美方代表团
https://new.qq.com/rain/a/20240920A09YAV00

2024-09-21 02:04:48,235 - INFO - EXPIRED
深圳日本人学校学童不幸遇害，驻日本使馆发言人答记者问
https://new.qq.com/rain/a/20240920A092NE00

2024-09-21 02:04:48,235 - INFO - EXPIRED
“给领导买饭”，刺痛打工人
https://new.qq.com/rain/a/20240920A01XQ500

2024-09-21 02:04:48,235 - INFO - EXPIRED
男子杀害女友及自己母亲后，带上嫂嫂潜逃32年，落网时称“解脱了”
https://new.qq.com/rain/a/20240920A04Q7V00

2024-09-21 02:04:48,235 - INFO - EXPIRED
唐山打人案获刑民警陈志伟：处警过程均由领导安排，我坚信我是无罪的
https://new.qq.com/rain/a/20240920A05YBW00

2024-09-21 02:04:48,235 - INFO - EXPIRED
外卖小哥疑劳累过度雨中去世？当事人辟谣：熬夜打游戏太累，睡着了
https://new.qq.com/rain/a/20240920A06OIU00

2024-09-21 02:04:48,235 - INFO - EXPIRED
为什么国内奢华酒店开始“抱团取暖”
https://new.qq.com/rain/a/20240920A00ULQ00

2024-09-21 02:04:48,235 - INFO - EXPIRED
8月份全国城镇不包含在校生的16-24岁劳动力失业率为18.8%
https://new.qq.com/rain/a/20240920A06FXY00

2024-09-21 02:04:48,235 - INFO - EXPIRED
河南暴雨后有人疑似触电身亡：路人拿棍子捞未果，遇难者是两孩子母亲
https://new.qq.com/rain/a/20240920V08NY900

2024-09-21 02:04:48,235 - INFO - EXPIRED
外交部：中日发布共识文件与日本男童遇袭没有关联
https://new.qq.com/rain/a/20240920A05U2S00

2024-09-21 02:04:48,235 - INFO - EXPIRED
贵州省公安厅原巡视员周云被公诉，曾帮人开办武装押运公司
https://new.qq.com/rain/a/20240920A05K1200

2024-09-21 02:04:48,235 - INFO - EXPIRED
故宫回应北大本科生入职保卫处：是综合部门，入职后进行岗位分配
https://new.qq.com/rain/a/20240920V03SUY00

2024-09-21 02:04:48,235 - INFO - EXPIRED
贵州黄平突发刑案：疑小学教师杀害同事后潜逃，警方最高悬赏十万缉捕
https://new.qq.com/rain/a/20240920A06V9A00

2024-09-21 02:04:48,235 - INFO - EXPIRED
证监会：支持合规稳健的优质证券公司适度提升资本使用效率
https://new.qq.com/rain/a/20240920A07QZ000

2024-09-21 02:04:48,235 - INFO - EXPIRED
当慢性病病人，被医生劝出院
https://new.qq.com/rain/a/20240920A03J0O00

2024-09-21 02:04:48,235 - INFO - EXPIRED
长安副总裁王辉：中国汽车品牌成长为国际一流企业的窗口期已经到来
https://new.qq.com/rain/a/20240920A07KOO00

2024-09-21 02:04:48,235 - INFO - EXPIRED
受贿5329万余元！中国石油天然气集团原副总经理徐文荣一审获刑十四年
https://new.qq.com/rain/a/20240920A06ENG00

2024-09-21 02:04:48,235 - INFO - EXPIRED
财政部：1-8月全国一般公共预算收入147776亿元 同比下降2.6%
https://new.qq.com/rain/a/20240920A06A8I00

2024-09-21 02:04:48,235 - INFO - EXPIRED
中国维和部队营区周边多枚航弹爆炸，距离仅730米！
https://new.qq.com/rain/a/20240920V067OP00

2024-09-21 02:04:48,235 - INFO - EXPIRED
1-8月证券交易印花税653亿元 同比下降55.5%
https://new.qq.com/rain/a/20240920A06B6N00

2024-09-21 02:04:48,235 - INFO - EXPIRED
国内成品油价迎年内最大降幅，加满一箱油少花14.5元
https://new.qq.com/rain/a/20240920A06BB500

2024-09-21 02:04:48,235 - INFO - EXPIRED
男生快递站猥亵女生 浙理工科艺学院回应：涉事男生已放弃入学资格
https://new.qq.com/rain/a/20240920A04LVJ00

2024-09-21 02:04:48,235 - INFO - EXPIRED
云南网红“小英一家”被曝曾送养两个女孩？民政部门：正调查
https://new.qq.com/rain/a/20240920A051KK00

2024-09-21 02:04:48,235 - INFO - EXPIRED
湖南省财政厅发布讣告：厅长刘文杰不幸遇害，享年58岁
https://new.qq.com/rain/a/20240920A069RF00

2024-09-21 02:04:48,235 - INFO - EXPIRED
美国一男子威胁要谋杀美联邦最高法院6名大法官，美国司法部长谴责
https://new.qq.com/rain/a/20240920A0469O00

2024-09-21 02:04:48,235 - INFO - EXPIRED
《金融租赁公司管理办法》修订发布：提高主要出资人最低持股比例
https://new.qq.com/rain/a/20240920A05U1N00

2024-09-21 02:04:48,235 - INFO - EXPIRED
胡捷教授：同事都在加班996，我5点干完下班有错吗？
https://new.qq.com/rain/a/20240920V068OM00

2024-09-21 02:04:48,235 - INFO - EXPIRED
深圳日本人学校被刺学生不幸去世，嫌犯为单人作案已依法刑拘
https://new.qq.com/rain/a/20240920A03WD800

2024-09-21 02:04:48,235 - INFO - EXPIRED
卡德罗夫称马斯克所赠赛博皮卡被远程锁车 此前承诺将皮卡送到前线
https://new.qq.com/rain/a/20240920V03OIF00

2024-09-21 02:04:48,235 - INFO - EXPIRED
英国外教对学生灌输台湾不属于中国？民办教育协会：涉事主体无资质
https://new.qq.com/rain/a/20240920A049OH00

2024-09-21 02:04:48,235 - INFO - EXPIRED
外交部：中日达成共识文件不意味中方立即全面恢复日本水产品进口
https://new.qq.com/rain/a/20240920A05I9B00

2024-09-21 02:04:48,235 - INFO - EXPIRED
五年内央企将全面建立“科学、理性、高效”的董事会
https://new.qq.com/rain/a/20240920A05BOS00

2024-09-21 02:04:48,235 - INFO - EXPIRED
“以为是游泳健身，没想到是存款理财”，中收承压，银行工作人员也开始街头发传单了
https://new.qq.com/rain/a/20240920A02QEX00

2024-09-21 02:04:48,235 - INFO - EXPIRED
印度又“左右逢源”？传印度所售弹药被转入乌克兰，俄罗斯怒了
https://new.qq.com/rain/a/20240920A02IVB00

2024-09-21 02:04:48,235 - INFO - EXPIRED
美团骑手收入大曝光：一线城市月均7354元 “8万研究生送外卖”是假的
https://new.qq.com/rain/a/20240920A006JC00

2024-09-21 02:04:48,235 - INFO - EXPIRED
“国企女老总”被包工头举报收203万打点费 企业：被举报人非正式员工
https://new.qq.com/rain/a/20240920A03CJQ00

2024-09-21 02:04:48,235 - INFO - EXPIRED
A股收评：沪指探底回升微涨0.03%，信创概念股全线爆发
https://new.qq.com/rain/a/20240920A051S500

2024-09-21 02:04:48,235 - INFO - EXPIRED
民政部：从未发布或批准发布“中国养老保险”App
https://new.qq.com/rain/a/20240920A04MU700

2024-09-21 02:04:48,235 - INFO - EXPIRED
中日就核污染水排海问题达成共识，中方将逐步恢复合规日本水产品进口
https://new.qq.com/rain/a/20240920A04SHJ00

2024-09-21 02:04:48,235 - INFO - EXPIRED
“你要打我啊？”中国女游客在泰国被导游强制要求购物，遭导游推搡
https://new.qq.com/rain/a/20240920V03Y7O00

2024-09-21 02:04:48,235 - INFO - EXPIRED
河南叶县强拆果园为高速让路，当地成立联合调查组，果园负责人发声
https://new.qq.com/rain/a/20240920A0356D00

2024-09-21 02:04:48,236 - INFO - EXPIRED
丈夫酒后多次家暴被诉离婚，法庭内扛起妻子就跑，法院：双方有感情基础，调解后和好
https://new.qq.com/rain/a/20240919A08LTW00

2024-09-21 02:04:48,236 - INFO - EXPIRED
湖北籍奥运冠军郑钦文、昌雅妮、王宗源、孙佳俊获赠超百万奖金及住房
https://new.qq.com/rain/a/20240920A0226I00

2024-09-21 02:04:48,236 - INFO - EXPIRED
3名硕士应聘云南保山学院宿管，招聘方：有相关公示，硕士免笔试
https://new.qq.com/rain/a/20240920A03WWI00

2024-09-21 02:04:48,236 - INFO - EXPIRED
中新网评：面对伤人案，中国社会始终与善良正义站在一起
https://new.qq.com/rain/a/20240920A043QZ00

2024-09-21 02:04:48,236 - INFO - EXPIRED
营销又翻车！司马南扮装李白惹争议，西凤酒紧急发文规范推广
https://new.qq.com/rain/a/20240920A03ZOX00

2024-09-21 02:04:48,236 - INFO - EXPIRED
举报前国企高管后收到200万元 河北一女子被控敲诈勒索罪一审获刑10年
https://new.qq.com/rain/a/20240919A086OM00

2024-09-21 02:04:48,236 - INFO - EXPIRED
杜特尔特女儿莎拉与马科斯“断交”：从不是朋友，后年宣布选举计划
https://new.qq.com/rain/a/20240919A09AMR00

2024-09-21 02:04:48,236 - INFO - EXPIRED
深圳特区报评日本人学校学生遇袭去世：违法暴力行为必须严惩
https://new.qq.com/rain/a/20240920A0418T00

2024-09-21 02:04:48,236 - INFO - EXPIRED
寻呼机、对讲机在黎巴嫩成杀人武器，未来武器会渗透到哪里？网友对手机、电车的担心有必要吗？
https://view.inews.qq.com/a/20240920Q03XM000

2024-09-21 02:04:48,236 - INFO - EXPIRED
电动自行车新国标公开征求意见，我的电驴会有什么变化？价格会更贵吗？
https://view.inews.qq.com/a/20240919Q05QRF00

2024-09-21 02:04:48,236 - INFO - EXPIRED
用户仅退款反被平台薅走20亿元？京淘淘：未跑路，发现“职业羊毛党”
https://new.qq.com/rain/a/20240920A03XPT00

2024-09-21 02:04:48,236 - INFO - EXPIRED
蔚来收购奥迪欧洲工厂？李斌辟谣：没有的事，固定资产投资非常谨慎
https://new.qq.com/rain/a/20240920A03FEW00

2024-09-21 02:04:48,236 - INFO - EXPIRED
赔偿“N+7”！又一知名科技巨头掀裁员风暴，近300员工一夜失业
https://new.qq.com/rain/a/20240919A08RGW00

2024-09-21 02:04:48,236 - INFO - EXPIRED
广西桂林外祖孙俩遭邻居持刀行凶 亲属发声：被害女童已去世
https://new.qq.com/rain/a/20240920A03YUU00

2024-09-21 02:04:48,236 - INFO - EXPIRED
渠道对iPhone 16控货控价，首销日高配版在二级市场溢价千元左右
https://new.qq.com/rain/a/20240920A03T2100

2024-09-21 02:04:48,236 - INFO - EXPIRED
湖南株洲一男子驾车在学校路段逆行且辱骂护学岗志愿者，警方通报
https://new.qq.com/rain/a/20240919A0A0GN00

2024-09-21 02:04:48,236 - INFO - EXPIRED
我在北京送外卖也当保安：没看过骑手下跪，但他要硬闯我也拦丨远在身边
https://new.qq.com/rain/a/20240919A07FCX00

2024-09-21 02:04:48,236 - INFO - EXPIRED
网友在海边捡到疑似龙涎香价值800万，龙涎香是什么东西？为什么这么贵？
https://view.inews.qq.com/a/20240919Q08K0900

2024-09-21 02:04:48,236 - INFO - EXPIRED
俄罗斯女首富办公室爆发枪战，致2死7伤
https://new.qq.com/rain/a/20240920A00VLA00

2024-09-21 02:04:48,589 - INFO - INVALID
现场图片！多枚航弹爆炸致我赴黎维和部队营区受损
https://new.qq.com/rain/a/20240921A00MUZ00

2024-09-21 02:04:48,646 - INFO - INVALID
谷子即将成熟却被要求铲除，还有种植户被刑拘？内蒙古开鲁回应
https://new.qq.com/rain/a/20240921A00ONM00

2024-09-21 02:04:48,667 - INFO - INVALID
中共中央批准，于立军任四川省委副书记
https://new.qq.com/rain/a/20240921A01C2B00

2024-09-21 02:04:48,697 - INFO - INVALID
李斌掀桌子：乐道首款车低价入市，未来有机会做到15%左右毛利
https://new.qq.com/rain/a/20240921A01HCG00

2024-09-21 02:04:48,731 - INFO - INVALID
吉利总裁安聪慧回应智驾大整合：内部已达共识，极氪主攻高阶智驾方案
https://new.qq.com/rain/a/20240921A01CLT00

2024-09-21 02:04:48,829 - INFO - INVALID
韩媒：韩国检方请求判处李在明2年有期徒刑
https://new.qq.com/rain/a/20240921A00X0C00

2024-09-21 02:04:48,953 - INFO - INVALID
美股收盘：道指再创历史新高 三巫日尾盘剧烈波动
https://new.qq.com/rain/a/20240921A00FTQ00

2024-09-21 02:04:49,036 - INFO - INVALID
中日关系，终于传来一个好消息
https://new.qq.com/rain/a/20240921A00Q3O00

2024-09-21 02:04:49,046 - INFO - INVALID
南京六合区道路上发生一起事故，官方：致一死一伤
https://new.qq.com/rain/a/20240921A006PM00

2024-09-21 02:04:49,067 - INFO - INVALID
中国房地产报：以更开阔视野和思维做好楼市工作
https://new.qq.com/rain/a/20240921A00TB500

2024-09-21 02:04:49,124 - INFO - INVALID
中日就核污染水排海问题达成共识，有三个关键信息
https://new.qq.com/rain/a/20240921A00M2P00

2024-09-21 02:04:49,299 - INFO - INVALID
中国城市95后人才吸引力排名：深圳超越北京居榜首，无锡青岛跻身前十
https://new.qq.com/rain/a/20240921A0005200

2024-09-21 02:04:49,340 - INFO - INVALID
两周内连爆高通考虑收购！英特尔股价盘中一度暴拉超10%
https://new.qq.com/rain/a/20240921A00EEH00

2024-09-21 03:08:30,840 - INFO - EXPIRED
芬兰总统呼吁把俄罗斯踢出“五常”，美国务院：整点现实的
https://new.qq.com/rain/a/20240920A09YVW00

2024-09-21 03:08:30,840 - INFO - EXPIRED
国际摄影大师央美办讲座因多人看手机中途离席？多方回应
https://new.qq.com/rain/a/20240920A05KIG00

2024-09-21 03:08:30,840 - INFO - EXPIRED
“卖卵招聘”乱象调查：中介称在别墅取卵，长得漂亮出价5万
https://new.qq.com/rain/a/20240920A09HGS00

2024-09-21 03:08:30,840 - INFO - EXPIRED
男子养2条活体小鳄鱼当茶宠，控制食量浇茶水，鳄鱼不怕烫？这算虐待动物吗？
https://view.inews.qq.com/a/20240920Q08AVS00

2024-09-21 03:08:30,840 - INFO - EXPIRED
稻城亚丁景区禁止游客吃自带泡面却卖热干面？ 回应：已成立工作组调查
https://new.qq.com/rain/a/20240920A0AAX700

2024-09-21 03:08:30,840 - INFO - EXPIRED
女子遭信访局长辱骂索赔30万被控敲诈案二审维持，申诉已受理
https://new.qq.com/rain/a/20240920A0A6U500

2024-09-21 03:08:30,840 - INFO - EXPIRED
退役军人路过车祸现场砸车救人：获救女司机误认他是撞车者，周围群众连忙为他澄清
https://new.qq.com/rain/a/20240920A08BRU00

2024-09-21 03:08:30,840 - INFO - EXPIRED
委内瑞拉反对派领导人签字承认马杜罗，是“被逼”还是“投降”
https://new.qq.com/rain/a/20240920A05IZD00

2024-09-21 03:08:30,840 - INFO - EXPIRED
董宇辉、小杨哥、罗永浩，怎么都“栽”在这件事上
https://new.qq.com/rain/a/20240920A09WNQ00

2024-09-21 03:08:30,840 - INFO - EXPIRED
湖南省政府公布一批人事任免，刘见、欧涛同志任省财政厅副厅长
https://new.qq.com/rain/a/20240919A0815M00

2024-09-21 03:08:30,840 - INFO - EXPIRED
发现胎儿有“恶魔基因”后，她终止了妊娠
https://new.qq.com/rain/a/20240920A02P8U00

2024-09-21 03:08:30,841 - INFO - EXPIRED
“90后”陆正韵已经出任浙江省兰溪市副市长
https://new.qq.com/rain/a/20240920A07STO00

2024-09-21 03:08:30,841 - INFO - EXPIRED
郑钦文征战中网，她一年能挣多少钱？是不是中国收入最高的运动员？
https://view.inews.qq.com/a/20240920Q08GKF00

2024-09-21 03:08:30,841 - INFO - EXPIRED
长沙警方通报刘某杰遇害案：未发现刘某杰及其家人与2名嫌犯在案发前有交集
https://new.qq.com/rain/a/20240920A0ABP700

2024-09-21 03:08:30,841 - INFO - EXPIRED
象棋界“特级大师”是什么概念？想成为“大师”或者“特大”有多难？
https://view.inews.qq.com/a/20240920Q05MVT00

2024-09-21 03:08:30,841 - INFO - EXPIRED
中网来袭，如果郑钦文再与萨巴伦卡交手，在主场会有多大优势？
https://view.inews.qq.com/a/20240920Q09L0500

2024-09-21 03:08:30,841 - INFO - EXPIRED
男生快递站猥亵女生后放弃入学资格，这跟被取消资格有何不同？会影响一生吗？
https://view.inews.qq.com/a/20240920Q07CBS00

2024-09-21 03:08:30,841 - INFO - EXPIRED
法国新总理或因无法组建新政府辞职，为何组建新政府这么难？组不成就要辞职？
https://view.inews.qq.com/a/20240920Q04YFO00

2024-09-21 03:08:30,841 - INFO - EXPIRED
传印度所售弹药被转入乌克兰，真有这种事？印度这是两头通吃吗？
https://view.inews.qq.com/a/20240920Q09R7D00

2024-09-21 03:08:30,841 - INFO - EXPIRED
智障者奸杀少女被判死缓，服刑18年后出狱 江西省检察院：认定事实有误，建议再审
https://new.qq.com/rain/a/20240920A0ADOE00

2024-09-21 03:08:30,841 - INFO - EXPIRED
中美经济工作组举行第五次会议
https://new.qq.com/rain/a/20240920A0A7G800

2024-09-21 03:08:30,841 - INFO - EXPIRED
深圳日籍男童遇害案中方未提供作案动机相关信息？中国外交部回应
https://new.qq.com/rain/a/20240920A0AAUH00

2024-09-21 03:08:30,841 - INFO - EXPIRED
给餐饮老板“收尸”，贵州青年暴富
https://new.qq.com/rain/a/20240920A067I000

2024-09-21 03:08:30,841 - INFO - EXPIRED
安徽一石像坠落致11岁男孩身亡：男童头部被砸，石像系第三方公司养护
https://new.qq.com/rain/a/20240920V0A40Z00

2024-09-21 03:08:30,841 - INFO - EXPIRED
俄女首富丈夫带人强闯公司爆枪战，起底背后政商利益集团
https://new.qq.com/rain/a/20240920A0630K00

2024-09-21 03:08:30,841 - INFO - EXPIRED
新国标拟对电动自行车限速25公里，网友称太慢不如自行车，什么速度更合理？
https://view.inews.qq.com/a/20240920Q01ZEP00

2024-09-21 03:08:30,841 - INFO - EXPIRED
前华人首富赵长鹏要出狱了！是美国最有钱的服刑罪犯
https://new.qq.com/rain/a/20240920A07JDS00

2024-09-21 03:08:30,841 - INFO - EXPIRED
管培生拒绝周末跑10公里被辞退，城市经理：与公司用人标准有关
https://new.qq.com/rain/a/20240920A09LJ300

2024-09-21 03:08:30,841 - INFO - EXPIRED
教育部发布2025年全国硕士研究生招生初试和报名时间安排
https://new.qq.com/rain/a/20240920A0912800

2024-09-21 03:08:30,841 - INFO - EXPIRED
上海青浦出现龙卷，多位网友拍下现场画面：空中卷起巨大漩涡
https://new.qq.com/rain/a/20240920V096ST00

2024-09-21 03:08:30,841 - INFO - EXPIRED
何立峰会见中美经济工作组美方代表团
https://new.qq.com/rain/a/20240920A09YAV00

2024-09-21 03:08:30,841 - INFO - EXPIRED
深圳日本人学校学童不幸遇害，驻日本使馆发言人答记者问
https://new.qq.com/rain/a/20240920A092NE00

2024-09-21 03:08:30,841 - INFO - EXPIRED
“给领导买饭”，刺痛打工人
https://new.qq.com/rain/a/20240920A01XQ500

2024-09-21 03:08:30,841 - INFO - EXPIRED
男子杀害女友及自己母亲后，带上嫂嫂潜逃32年，落网时称“解脱了”
https://new.qq.com/rain/a/20240920A04Q7V00

2024-09-21 03:08:30,841 - INFO - EXPIRED
唐山打人案获刑民警陈志伟：处警过程均由领导安排，我坚信我是无罪的
https://new.qq.com/rain/a/20240920A05YBW00

2024-09-21 03:08:30,841 - INFO - EXPIRED
外卖小哥疑劳累过度雨中去世？当事人辟谣：熬夜打游戏太累，睡着了
https://new.qq.com/rain/a/20240920A06OIU00

2024-09-21 03:08:30,841 - INFO - EXPIRED
为什么国内奢华酒店开始“抱团取暖”
https://new.qq.com/rain/a/20240920A00ULQ00

2024-09-21 03:08:30,841 - INFO - EXPIRED
8月份全国城镇不包含在校生的16-24岁劳动力失业率为18.8%
https://new.qq.com/rain/a/20240920A06FXY00

2024-09-21 03:08:30,841 - INFO - EXPIRED
河南暴雨后有人疑似触电身亡：路人拿棍子捞未果，遇难者是两孩子母亲
https://new.qq.com/rain/a/20240920V08NY900

2024-09-21 03:08:30,841 - INFO - EXPIRED
外交部：中日发布共识文件与日本男童遇袭没有关联
https://new.qq.com/rain/a/20240920A05U2S00

2024-09-21 03:08:30,841 - INFO - EXPIRED
贵州省公安厅原巡视员周云被公诉，曾帮人开办武装押运公司
https://new.qq.com/rain/a/20240920A05K1200

2024-09-21 03:08:30,841 - INFO - EXPIRED
故宫回应北大本科生入职保卫处：是综合部门，入职后进行岗位分配
https://new.qq.com/rain/a/20240920V03SUY00

2024-09-21 03:08:30,841 - INFO - EXPIRED
贵州黄平突发刑案：疑小学教师杀害同事后潜逃，警方最高悬赏十万缉捕
https://new.qq.com/rain/a/20240920A06V9A00

2024-09-21 03:08:30,841 - INFO - EXPIRED
证监会：支持合规稳健的优质证券公司适度提升资本使用效率
https://new.qq.com/rain/a/20240920A07QZ000

2024-09-21 03:08:30,841 - INFO - EXPIRED
当慢性病病人，被医生劝出院
https://new.qq.com/rain/a/20240920A03J0O00

2024-09-21 03:08:30,841 - INFO - EXPIRED
长安副总裁王辉：中国汽车品牌成长为国际一流企业的窗口期已经到来
https://new.qq.com/rain/a/20240920A07KOO00

2024-09-21 03:08:30,841 - INFO - EXPIRED
受贿5329万余元！中国石油天然气集团原副总经理徐文荣一审获刑十四年
https://new.qq.com/rain/a/20240920A06ENG00

2024-09-21 03:08:30,841 - INFO - EXPIRED
财政部：1-8月全国一般公共预算收入147776亿元 同比下降2.6%
https://new.qq.com/rain/a/20240920A06A8I00

2024-09-21 03:08:30,841 - INFO - EXPIRED
中国维和部队营区周边多枚航弹爆炸，距离仅730米！
https://new.qq.com/rain/a/20240920V067OP00

2024-09-21 03:08:30,841 - INFO - EXPIRED
1-8月证券交易印花税653亿元 同比下降55.5%
https://new.qq.com/rain/a/20240920A06B6N00

2024-09-21 03:08:30,841 - INFO - EXPIRED
国内成品油价迎年内最大降幅，加满一箱油少花14.5元
https://new.qq.com/rain/a/20240920A06BB500

2024-09-21 03:08:30,841 - INFO - EXPIRED
男生快递站猥亵女生 浙理工科艺学院回应：涉事男生已放弃入学资格
https://new.qq.com/rain/a/20240920A04LVJ00

2024-09-21 03:08:30,841 - INFO - EXPIRED
云南网红“小英一家”被曝曾送养两个女孩？民政部门：正调查
https://new.qq.com/rain/a/20240920A051KK00

2024-09-21 03:08:30,841 - INFO - EXPIRED
湖南省财政厅发布讣告：厅长刘文杰不幸遇害，享年58岁
https://new.qq.com/rain/a/20240920A069RF00

2024-09-21 03:08:30,841 - INFO - EXPIRED
美国一男子威胁要谋杀美联邦最高法院6名大法官，美国司法部长谴责
https://new.qq.com/rain/a/20240920A0469O00

2024-09-21 03:08:30,841 - INFO - EXPIRED
《金融租赁公司管理办法》修订发布：提高主要出资人最低持股比例
https://new.qq.com/rain/a/20240920A05U1N00

2024-09-21 03:08:30,841 - INFO - EXPIRED
胡捷教授：同事都在加班996，我5点干完下班有错吗？
https://new.qq.com/rain/a/20240920V068OM00

2024-09-21 03:08:30,841 - INFO - EXPIRED
深圳日本人学校被刺学生不幸去世，嫌犯为单人作案已依法刑拘
https://new.qq.com/rain/a/20240920A03WD800

2024-09-21 03:08:30,841 - INFO - EXPIRED
卡德罗夫称马斯克所赠赛博皮卡被远程锁车 此前承诺将皮卡送到前线
https://new.qq.com/rain/a/20240920V03OIF00

2024-09-21 03:08:30,841 - INFO - EXPIRED
英国外教对学生灌输台湾不属于中国？民办教育协会：涉事主体无资质
https://new.qq.com/rain/a/20240920A049OH00

2024-09-21 03:08:30,841 - INFO - EXPIRED
外交部：中日达成共识文件不意味中方立即全面恢复日本水产品进口
https://new.qq.com/rain/a/20240920A05I9B00

2024-09-21 03:08:30,841 - INFO - EXPIRED
五年内央企将全面建立“科学、理性、高效”的董事会
https://new.qq.com/rain/a/20240920A05BOS00

2024-09-21 03:08:30,841 - INFO - EXPIRED
“以为是游泳健身，没想到是存款理财”，中收承压，银行工作人员也开始街头发传单了
https://new.qq.com/rain/a/20240920A02QEX00

2024-09-21 03:08:30,841 - INFO - EXPIRED
印度又“左右逢源”？传印度所售弹药被转入乌克兰，俄罗斯怒了
https://new.qq.com/rain/a/20240920A02IVB00

2024-09-21 03:08:30,841 - INFO - EXPIRED
美团骑手收入大曝光：一线城市月均7354元 “8万研究生送外卖”是假的
https://new.qq.com/rain/a/20240920A006JC00

2024-09-21 03:08:30,841 - INFO - EXPIRED
“国企女老总”被包工头举报收203万打点费 企业：被举报人非正式员工
https://new.qq.com/rain/a/20240920A03CJQ00

2024-09-21 03:08:30,841 - INFO - EXPIRED
A股收评：沪指探底回升微涨0.03%，信创概念股全线爆发
https://new.qq.com/rain/a/20240920A051S500

2024-09-21 03:08:30,842 - INFO - EXPIRED
民政部：从未发布或批准发布“中国养老保险”App
https://new.qq.com/rain/a/20240920A04MU700

2024-09-21 03:08:30,842 - INFO - EXPIRED
中日就核污染水排海问题达成共识，中方将逐步恢复合规日本水产品进口
https://new.qq.com/rain/a/20240920A04SHJ00

2024-09-21 03:08:30,842 - INFO - EXPIRED
“你要打我啊？”中国女游客在泰国被导游强制要求购物，遭导游推搡
https://new.qq.com/rain/a/20240920V03Y7O00

2024-09-21 03:08:30,842 - INFO - EXPIRED
河南叶县强拆果园为高速让路，当地成立联合调查组，果园负责人发声
https://new.qq.com/rain/a/20240920A0356D00

2024-09-21 03:08:30,842 - INFO - EXPIRED
丈夫酒后多次家暴被诉离婚，法庭内扛起妻子就跑，法院：双方有感情基础，调解后和好
https://new.qq.com/rain/a/20240919A08LTW00

2024-09-21 03:08:30,842 - INFO - EXPIRED
湖北籍奥运冠军郑钦文、昌雅妮、王宗源、孙佳俊获赠超百万奖金及住房
https://new.qq.com/rain/a/20240920A0226I00

2024-09-21 03:08:30,842 - INFO - EXPIRED
3名硕士应聘云南保山学院宿管，招聘方：有相关公示，硕士免笔试
https://new.qq.com/rain/a/20240920A03WWI00

2024-09-21 03:08:30,842 - INFO - EXPIRED
中新网评：面对伤人案，中国社会始终与善良正义站在一起
https://new.qq.com/rain/a/20240920A043QZ00

2024-09-21 03:08:30,842 - INFO - EXPIRED
营销又翻车！司马南扮装李白惹争议，西凤酒紧急发文规范推广
https://new.qq.com/rain/a/20240920A03ZOX00

2024-09-21 03:08:30,842 - INFO - EXPIRED
举报前国企高管后收到200万元 河北一女子被控敲诈勒索罪一审获刑10年
https://new.qq.com/rain/a/20240919A086OM00

2024-09-21 03:08:30,842 - INFO - EXPIRED
杜特尔特女儿莎拉与马科斯“断交”：从不是朋友，后年宣布选举计划
https://new.qq.com/rain/a/20240919A09AMR00

2024-09-21 03:08:30,842 - INFO - EXPIRED
深圳特区报评日本人学校学生遇袭去世：违法暴力行为必须严惩
https://new.qq.com/rain/a/20240920A0418T00

2024-09-21 03:08:30,842 - INFO - EXPIRED
寻呼机、对讲机在黎巴嫩成杀人武器，未来武器会渗透到哪里？网友对手机、电车的担心有必要吗？
https://view.inews.qq.com/a/20240920Q03XM000

2024-09-21 03:08:30,842 - INFO - EXPIRED
电动自行车新国标公开征求意见，我的电驴会有什么变化？价格会更贵吗？
https://view.inews.qq.com/a/20240919Q05QRF00

2024-09-21 03:08:30,842 - INFO - EXPIRED
用户仅退款反被平台薅走20亿元？京淘淘：未跑路，发现“职业羊毛党”
https://new.qq.com/rain/a/20240920A03XPT00

2024-09-21 03:08:30,842 - INFO - EXPIRED
蔚来收购奥迪欧洲工厂？李斌辟谣：没有的事，固定资产投资非常谨慎
https://new.qq.com/rain/a/20240920A03FEW00

2024-09-21 03:08:30,842 - INFO - EXPIRED
赔偿“N+7”！又一知名科技巨头掀裁员风暴，近300员工一夜失业
https://new.qq.com/rain/a/20240919A08RGW00

2024-09-21 03:08:30,842 - INFO - EXPIRED
广西桂林外祖孙俩遭邻居持刀行凶 亲属发声：被害女童已去世
https://new.qq.com/rain/a/20240920A03YUU00

2024-09-21 03:08:30,842 - INFO - EXPIRED
渠道对iPhone 16控货控价，首销日高配版在二级市场溢价千元左右
https://new.qq.com/rain/a/20240920A03T2100

2024-09-21 03:08:30,842 - INFO - EXPIRED
湖南株洲一男子驾车在学校路段逆行且辱骂护学岗志愿者，警方通报
https://new.qq.com/rain/a/20240919A0A0GN00

2024-09-21 03:08:30,842 - INFO - EXPIRED
我在北京送外卖也当保安：没看过骑手下跪，但他要硬闯我也拦丨远在身边
https://new.qq.com/rain/a/20240919A07FCX00

2024-09-21 03:08:31,439 - INFO - INVALID
疑云笼罩！英特尔突传“卖身”高通消息，曾经的世界级霸主将何去何从
https://new.qq.com/rain/a/20240921A00K8B00

2024-09-21 03:08:31,498 - INFO - INVALID
非法入境朝鲜的美国士兵被判处一年监禁
https://new.qq.com/rain/a/20240921A01VUV00

2024-09-21 03:08:31,504 - INFO - INVALID
吉利总裁安聪慧回应智驾大整合：内部已达共识，极氪主攻高阶智驾方案
https://new.qq.com/rain/a/20240921A01CLT00

2024-09-21 03:08:31,568 - INFO - INVALID
现场图片！多枚航弹爆炸致我赴黎维和部队营区受损
https://new.qq.com/rain/a/20240921A00MUZ00

2024-09-21 03:08:31,678 - INFO - INVALID
李斌掀桌子：乐道首款车低价入市，未来有机会做到15%左右毛利
https://new.qq.com/rain/a/20240921A01HCG00

2024-09-21 03:08:31,718 - INFO - INVALID
韩媒：韩国检方请求判处李在明2年有期徒刑
https://new.qq.com/rain/a/20240921A00X0C00

2024-09-21 03:08:31,771 - INFO - INVALID
中日关系，终于传来一个好消息
https://new.qq.com/rain/a/20240921A00Q3O00

2024-09-21 03:08:31,788 - INFO - INVALID
中共中央批准，于立军任四川省委副书记
https://new.qq.com/rain/a/20240921A01C2B00

2024-09-21 03:08:31,852 - INFO - INVALID
中国房地产报：以更开阔视野和思维做好楼市工作
https://new.qq.com/rain/a/20240921A00TB500

2024-09-21 03:08:31,953 - INFO - INVALID
南京六合区道路上发生一起事故，官方：致一死一伤
https://new.qq.com/rain/a/20240921A006PM00

2024-09-21 03:08:32,003 - INFO - INVALID
中日就核污染水排海问题达成共识，有三个关键信息
https://new.qq.com/rain/a/20240921A00M2P00

2024-09-21 03:08:32,287 - INFO - INVALID
中国城市95后人才吸引力排名：深圳超越北京居榜首，无锡青岛跻身前十
https://new.qq.com/rain/a/20240921A0005200

2024-09-21 04:00:55,909 - INFO - EXPIRED
芬兰总统呼吁把俄罗斯踢出“五常”，美国务院：整点现实的
https://new.qq.com/rain/a/20240920A09YVW00

2024-09-21 04:00:55,910 - INFO - EXPIRED
“卖卵招聘”乱象调查：中介称在别墅取卵，长得漂亮出价5万
https://new.qq.com/rain/a/20240920A09HGS00

2024-09-21 04:00:55,910 - INFO - EXPIRED
国际摄影大师央美办讲座因多人看手机中途离席？多方回应
https://new.qq.com/rain/a/20240920A05KIG00

2024-09-21 04:00:55,910 - INFO - EXPIRED
男子养2条活体小鳄鱼当茶宠，控制食量浇茶水，鳄鱼不怕烫？这算虐待动物吗？
https://view.inews.qq.com/a/20240920Q08AVS00

2024-09-21 04:00:55,910 - INFO - EXPIRED
广场石像掉落，11岁男童被砸去世，官方：孩子攀爬石像，后来一起滚落
https://new.qq.com/rain/a/20240920A08P0Z00

2024-09-21 04:00:55,910 - INFO - EXPIRED
女子遭信访局长辱骂索赔30万被控敲诈案二审维持，申诉已受理
https://new.qq.com/rain/a/20240920A0A6U500

2024-09-21 04:00:55,910 - INFO - EXPIRED
退役军人路过车祸现场砸车救人：获救女司机误认他是撞车者，周围群众连忙为他澄清
https://new.qq.com/rain/a/20240920A08BRU00

2024-09-21 04:00:55,910 - INFO - EXPIRED
委内瑞拉反对派领导人签字承认马杜罗，是“被逼”还是“投降”
https://new.qq.com/rain/a/20240920A05IZD00

2024-09-21 04:00:55,910 - INFO - EXPIRED
董宇辉、小杨哥、罗永浩，怎么都“栽”在这件事上
https://new.qq.com/rain/a/20240920A09WNQ00

2024-09-21 04:00:55,910 - INFO - EXPIRED
湖南省政府公布一批人事任免，刘见、欧涛同志任省财政厅副厅长
https://new.qq.com/rain/a/20240919A0815M00

2024-09-21 04:00:55,910 - INFO - EXPIRED
发现胎儿有“恶魔基因”后，她终止了妊娠
https://new.qq.com/rain/a/20240920A02P8U00

2024-09-21 04:00:55,910 - INFO - EXPIRED
“90后”陆正韵已经出任浙江省兰溪市副市长
https://new.qq.com/rain/a/20240920A07STO00

2024-09-21 04:00:55,910 - INFO - EXPIRED
郑钦文征战中网，她一年能挣多少钱？是不是中国收入最高的运动员？
https://view.inews.qq.com/a/20240920Q08GKF00

2024-09-21 04:00:55,910 - INFO - EXPIRED
长沙警方通报刘某杰遇害案：未发现刘某杰及其家人与2名嫌犯在案发前有交集
https://new.qq.com/rain/a/20240920A0ABP700

2024-09-21 04:00:55,910 - INFO - EXPIRED
象棋界“特级大师”是什么概念？想成为“大师”或者“特大”有多难？
https://view.inews.qq.com/a/20240920Q05MVT00

2024-09-21 04:00:55,910 - INFO - EXPIRED
中网来袭，如果郑钦文再与萨巴伦卡交手，在主场会有多大优势？
https://view.inews.qq.com/a/20240920Q09L0500

2024-09-21 04:00:55,910 - INFO - EXPIRED
男生快递站猥亵女生后放弃入学资格，这跟被取消资格有何不同？会影响一生吗？
https://view.inews.qq.com/a/20240920Q07CBS00

2024-09-21 04:00:55,910 - INFO - EXPIRED
法国新总理或因无法组建新政府辞职，为何组建新政府这么难？组不成就要辞职？
https://view.inews.qq.com/a/20240920Q04YFO00

2024-09-21 04:00:55,910 - INFO - EXPIRED
传印度所售弹药被转入乌克兰，真有这种事？印度这是两头通吃吗？
https://view.inews.qq.com/a/20240920Q09R7D00

2024-09-21 04:00:55,910 - INFO - EXPIRED
智障者奸杀少女被判死缓，服刑18年后出狱 江西省检察院：认定事实有误，建议再审
https://new.qq.com/rain/a/20240920A0ADOE00

2024-09-21 04:00:55,910 - INFO - EXPIRED
中美经济工作组举行第五次会议
https://new.qq.com/rain/a/20240920A0A7G800

2024-09-21 04:00:55,910 - INFO - EXPIRED
深圳日籍男童遇害案中方未提供作案动机相关信息？中国外交部回应
https://new.qq.com/rain/a/20240920A0AAUH00

2024-09-21 04:00:55,910 - INFO - EXPIRED
给餐饮老板“收尸”，贵州青年暴富
https://new.qq.com/rain/a/20240920A067I000

2024-09-21 04:00:55,910 - INFO - EXPIRED
安徽一石像坠落致11岁男孩身亡：男童头部被砸，石像系第三方公司养护
https://new.qq.com/rain/a/20240920V0A40Z00

2024-09-21 04:00:55,910 - INFO - EXPIRED
俄女首富丈夫带人强闯公司爆枪战，起底背后政商利益集团
https://new.qq.com/rain/a/20240920A0630K00

2024-09-21 04:00:55,910 - INFO - EXPIRED
新国标拟对电动自行车限速25公里，网友称太慢不如自行车，什么速度更合理？
https://view.inews.qq.com/a/20240920Q01ZEP00

2024-09-21 04:00:55,910 - INFO - EXPIRED
前华人首富赵长鹏要出狱了！是美国最有钱的服刑罪犯
https://new.qq.com/rain/a/20240920A07JDS00

2024-09-21 04:00:55,910 - INFO - EXPIRED
管培生拒绝周末跑10公里被辞退，城市经理：与公司用人标准有关
https://new.qq.com/rain/a/20240920A09LJ300

2024-09-21 04:00:55,910 - INFO - EXPIRED
教育部发布2025年全国硕士研究生招生初试和报名时间安排
https://new.qq.com/rain/a/20240920A0912800

2024-09-21 04:00:55,910 - INFO - EXPIRED
上海青浦出现龙卷，多位网友拍下现场画面：空中卷起巨大漩涡
https://new.qq.com/rain/a/20240920V096ST00

2024-09-21 04:00:55,910 - INFO - EXPIRED
何立峰会见中美经济工作组美方代表团
https://new.qq.com/rain/a/20240920A09YAV00

2024-09-21 04:00:55,910 - INFO - EXPIRED
深圳日本人学校学童不幸遇害，驻日本使馆发言人答记者问
https://new.qq.com/rain/a/20240920A092NE00

2024-09-21 04:00:55,910 - INFO - EXPIRED
“给领导买饭”，刺痛打工人
https://new.qq.com/rain/a/20240920A01XQ500

2024-09-21 04:00:55,910 - INFO - EXPIRED
男子杀害女友及自己母亲后，带上嫂嫂潜逃32年，落网时称“解脱了”
https://new.qq.com/rain/a/20240920A04Q7V00

2024-09-21 04:00:55,910 - INFO - EXPIRED
唐山打人案获刑民警陈志伟：处警过程均由领导安排，我坚信我是无罪的
https://new.qq.com/rain/a/20240920A05YBW00

2024-09-21 04:00:55,910 - INFO - EXPIRED
外卖小哥疑劳累过度雨中去世？当事人辟谣：熬夜打游戏太累，睡着了
https://new.qq.com/rain/a/20240920A06OIU00

2024-09-21 04:00:55,910 - INFO - EXPIRED
为什么国内奢华酒店开始“抱团取暖”
https://new.qq.com/rain/a/20240920A00ULQ00

2024-09-21 04:00:55,910 - INFO - EXPIRED
8月份全国城镇不包含在校生的16-24岁劳动力失业率为18.8%
https://new.qq.com/rain/a/20240920A06FXY00

2024-09-21 04:00:55,910 - INFO - EXPIRED
河南暴雨后有人疑似触电身亡：路人拿棍子捞未果，遇难者是两孩子母亲
https://new.qq.com/rain/a/20240920V08NY900

2024-09-21 04:00:55,910 - INFO - EXPIRED
外交部：中日发布共识文件与日本男童遇袭没有关联
https://new.qq.com/rain/a/20240920A05U2S00

2024-09-21 04:00:55,910 - INFO - EXPIRED
贵州省公安厅原巡视员周云被公诉，曾帮人开办武装押运公司
https://new.qq.com/rain/a/20240920A05K1200

2024-09-21 04:00:55,910 - INFO - EXPIRED
故宫回应北大本科生入职保卫处：是综合部门，入职后进行岗位分配
https://new.qq.com/rain/a/20240920V03SUY00

2024-09-21 04:00:55,910 - INFO - EXPIRED
贵州黄平突发刑案：疑小学教师杀害同事后潜逃，警方最高悬赏十万缉捕
https://new.qq.com/rain/a/20240920A06V9A00

2024-09-21 04:00:55,910 - INFO - EXPIRED
证监会：支持合规稳健的优质证券公司适度提升资本使用效率
https://new.qq.com/rain/a/20240920A07QZ000

2024-09-21 04:00:55,910 - INFO - EXPIRED
当慢性病病人，被医生劝出院
https://new.qq.com/rain/a/20240920A03J0O00

2024-09-21 04:00:55,910 - INFO - EXPIRED
长安副总裁王辉：中国汽车品牌成长为国际一流企业的窗口期已经到来
https://new.qq.com/rain/a/20240920A07KOO00

2024-09-21 04:00:55,910 - INFO - EXPIRED
受贿5329万余元！中国石油天然气集团原副总经理徐文荣一审获刑十四年
https://new.qq.com/rain/a/20240920A06ENG00

2024-09-21 04:00:55,910 - INFO - EXPIRED
财政部：1-8月全国一般公共预算收入147776亿元 同比下降2.6%
https://new.qq.com/rain/a/20240920A06A8I00

2024-09-21 04:00:55,910 - INFO - EXPIRED
中国维和部队营区周边多枚航弹爆炸，距离仅730米！
https://new.qq.com/rain/a/20240920V067OP00

2024-09-21 04:00:55,910 - INFO - EXPIRED
1-8月证券交易印花税653亿元 同比下降55.5%
https://new.qq.com/rain/a/20240920A06B6N00

2024-09-21 04:00:55,910 - INFO - EXPIRED
国内成品油价迎年内最大降幅，加满一箱油少花14.5元
https://new.qq.com/rain/a/20240920A06BB500

2024-09-21 04:00:55,910 - INFO - EXPIRED
男生快递站猥亵女生 浙理工科艺学院回应：涉事男生已放弃入学资格
https://new.qq.com/rain/a/20240920A04LVJ00

2024-09-21 04:00:55,911 - INFO - EXPIRED
云南网红“小英一家”被曝曾送养两个女孩？民政部门：正调查
https://new.qq.com/rain/a/20240920A051KK00

2024-09-21 04:00:55,911 - INFO - EXPIRED
湖南省财政厅发布讣告：厅长刘文杰不幸遇害，享年58岁
https://new.qq.com/rain/a/20240920A069RF00

2024-09-21 04:00:55,911 - INFO - EXPIRED
美国一男子威胁要谋杀美联邦最高法院6名大法官，美国司法部长谴责
https://new.qq.com/rain/a/20240920A0469O00

2024-09-21 04:00:55,911 - INFO - EXPIRED
《金融租赁公司管理办法》修订发布：提高主要出资人最低持股比例
https://new.qq.com/rain/a/20240920A05U1N00

2024-09-21 04:00:55,911 - INFO - EXPIRED
胡捷教授：同事都在加班996，我5点干完下班有错吗？
https://new.qq.com/rain/a/20240920V068OM00

2024-09-21 04:00:55,911 - INFO - EXPIRED
深圳日本人学校被刺学生不幸去世，嫌犯为单人作案已依法刑拘
https://new.qq.com/rain/a/20240920A03WD800

2024-09-21 04:00:55,911 - INFO - EXPIRED
卡德罗夫称马斯克所赠赛博皮卡被远程锁车 此前承诺将皮卡送到前线
https://new.qq.com/rain/a/20240920V03OIF00

2024-09-21 04:00:55,911 - INFO - EXPIRED
英国外教对学生灌输台湾不属于中国？民办教育协会：涉事主体无资质
https://new.qq.com/rain/a/20240920A049OH00

2024-09-21 04:00:55,911 - INFO - EXPIRED
外交部：中日达成共识文件不意味中方立即全面恢复日本水产品进口
https://new.qq.com/rain/a/20240920A05I9B00

2024-09-21 04:00:55,911 - INFO - EXPIRED
五年内央企将全面建立“科学、理性、高效”的董事会
https://new.qq.com/rain/a/20240920A05BOS00

2024-09-21 04:00:55,911 - INFO - EXPIRED
“以为是游泳健身，没想到是存款理财”，中收承压，银行工作人员也开始街头发传单了
https://new.qq.com/rain/a/20240920A02QEX00

2024-09-21 04:00:55,911 - INFO - EXPIRED
印度又“左右逢源”？传印度所售弹药被转入乌克兰，俄罗斯怒了
https://new.qq.com/rain/a/20240920A02IVB00

2024-09-21 04:00:55,911 - INFO - EXPIRED
美团骑手收入大曝光：一线城市月均7354元 “8万研究生送外卖”是假的
https://new.qq.com/rain/a/20240920A006JC00

2024-09-21 04:00:55,911 - INFO - EXPIRED
“国企女老总”被包工头举报收203万打点费 企业：被举报人非正式员工
https://new.qq.com/rain/a/20240920A03CJQ00

2024-09-21 04:00:55,911 - INFO - EXPIRED
A股收评：沪指探底回升微涨0.03%，信创概念股全线爆发
https://new.qq.com/rain/a/20240920A051S500

2024-09-21 04:00:55,911 - INFO - EXPIRED
民政部：从未发布或批准发布“中国养老保险”App
https://new.qq.com/rain/a/20240920A04MU700

2024-09-21 04:00:55,911 - INFO - EXPIRED
中日就核污染水排海问题达成共识，中方将逐步恢复合规日本水产品进口
https://new.qq.com/rain/a/20240920A04SHJ00

2024-09-21 04:00:55,911 - INFO - EXPIRED
“你要打我啊？”中国女游客在泰国被导游强制要求购物，遭导游推搡
https://new.qq.com/rain/a/20240920V03Y7O00

2024-09-21 04:00:55,911 - INFO - EXPIRED
河南叶县强拆果园为高速让路，当地成立联合调查组，果园负责人发声
https://new.qq.com/rain/a/20240920A0356D00

2024-09-21 04:00:55,911 - INFO - EXPIRED
丈夫酒后多次家暴被诉离婚，法庭内扛起妻子就跑，法院：双方有感情基础，调解后和好
https://new.qq.com/rain/a/20240919A08LTW00

2024-09-21 04:00:55,911 - INFO - EXPIRED
湖北籍奥运冠军郑钦文、昌雅妮、王宗源、孙佳俊获赠超百万奖金及住房
https://new.qq.com/rain/a/20240920A0226I00

2024-09-21 04:00:55,911 - INFO - EXPIRED
3名硕士应聘云南保山学院宿管，招聘方：有相关公示，硕士免笔试
https://new.qq.com/rain/a/20240920A03WWI00

2024-09-21 04:00:55,911 - INFO - EXPIRED
中新网评：面对伤人案，中国社会始终与善良正义站在一起
https://new.qq.com/rain/a/20240920A043QZ00

2024-09-21 04:00:55,911 - INFO - EXPIRED
营销又翻车！司马南扮装李白惹争议，西凤酒紧急发文规范推广
https://new.qq.com/rain/a/20240920A03ZOX00

2024-09-21 04:00:55,911 - INFO - EXPIRED
举报前国企高管后收到200万元 河北一女子被控敲诈勒索罪一审获刑10年
https://new.qq.com/rain/a/20240919A086OM00

2024-09-21 04:00:55,911 - INFO - EXPIRED
杜特尔特女儿莎拉与马科斯“断交”：从不是朋友，后年宣布选举计划
https://new.qq.com/rain/a/20240919A09AMR00

2024-09-21 04:00:55,911 - INFO - EXPIRED
深圳特区报评日本人学校学生遇袭去世：违法暴力行为必须严惩
https://new.qq.com/rain/a/20240920A0418T00

2024-09-21 04:00:55,911 - INFO - EXPIRED
寻呼机、对讲机在黎巴嫩成杀人武器，未来武器会渗透到哪里？网友对手机、电车的担心有必要吗？
https://view.inews.qq.com/a/20240920Q03XM000

2024-09-21 04:00:55,911 - INFO - EXPIRED
电动自行车新国标公开征求意见，我的电驴会有什么变化？价格会更贵吗？
https://view.inews.qq.com/a/20240919Q05QRF00

2024-09-21 04:00:55,911 - INFO - EXPIRED
用户仅退款反被平台薅走20亿元？京淘淘：未跑路，发现“职业羊毛党”
https://new.qq.com/rain/a/20240920A03XPT00

2024-09-21 04:00:55,911 - INFO - EXPIRED
蔚来收购奥迪欧洲工厂？李斌辟谣：没有的事，固定资产投资非常谨慎
https://new.qq.com/rain/a/20240920A03FEW00

2024-09-21 04:00:55,911 - INFO - EXPIRED
赔偿“N+7”！又一知名科技巨头掀裁员风暴，近300员工一夜失业
https://new.qq.com/rain/a/20240919A08RGW00

2024-09-21 04:00:55,911 - INFO - EXPIRED
广西桂林外祖孙俩遭邻居持刀行凶 亲属发声：被害女童已去世
https://new.qq.com/rain/a/20240920A03YUU00

2024-09-21 04:00:55,911 - INFO - EXPIRED
渠道对iPhone 16控货控价，首销日高配版在二级市场溢价千元左右
https://new.qq.com/rain/a/20240920A03T2100

2024-09-21 04:00:55,911 - INFO - EXPIRED
湖南株洲一男子驾车在学校路段逆行且辱骂护学岗志愿者，警方通报
https://new.qq.com/rain/a/20240919A0A0GN00

2024-09-21 04:00:56,689 - INFO - INVALID
稻城亚丁景区禁止游客吃泡面？官方通报
https://new.qq.com/rain/a/20240921A02M9O00

2024-09-21 04:00:56,696 - INFO - INVALID
多家媒体目击以军“屋顶抛尸”，白宫：视频令人不安，以方保证将调查
https://new.qq.com/rain/a/20240921A01K6200

2024-09-21 04:00:56,702 - INFO - INVALID
吉利总裁安聪慧回应智驾大整合：内部已达共识，极氪主攻高阶智驾方案
https://new.qq.com/rain/a/20240921A01CLT00

2024-09-21 04:00:56,755 - INFO - INVALID
非法入境朝鲜的美国士兵被判处一年监禁
https://new.qq.com/rain/a/20240921A01VUV00

2024-09-21 04:00:56,760 - INFO - INVALID
现场图片！多枚航弹爆炸致我赴黎维和部队营区受损
https://new.qq.com/rain/a/20240921A00MUZ00

2024-09-21 04:00:57,003 - INFO - INVALID
中共中央批准，于立军任四川省委副书记
https://new.qq.com/rain/a/20240921A01C2B00

2024-09-21 04:00:57,045 - INFO - INVALID
中日关系，终于传来一个好消息
https://new.qq.com/rain/a/20240921A00Q3O00

2024-09-21 04:00:57,053 - INFO - INVALID
中国房地产报：以更开阔视野和思维做好楼市工作
https://new.qq.com/rain/a/20240921A00TB500

2024-09-21 04:00:57,060 - INFO - INVALID
韩媒：韩国检方请求判处李在明2年有期徒刑
https://new.qq.com/rain/a/20240921A00X0C00

2024-09-21 04:00:57,140 - INFO - INVALID
李斌掀桌子：乐道首款车低价入市，未来有机会做到15%左右毛利
https://new.qq.com/rain/a/20240921A01HCG00

2024-09-21 04:00:57,299 - INFO - INVALID
南京六合区道路上发生一起事故，官方：致一死一伤
https://new.qq.com/rain/a/20240921A006PM00

2024-09-21 04:00:57,338 - INFO - INVALID
中日就核污染水排海问题达成共识，有三个关键信息
https://new.qq.com/rain/a/20240921A00M2P00

2024-09-21 04:00:57,590 - INFO - INVALID
中国城市95后人才吸引力排名：深圳超越北京居榜首，无锡青岛跻身前十
https://new.qq.com/rain/a/20240921A0005200

2024-09-21 05:00:46,803 - INFO - EXPIRED
“卖卵招聘”乱象调查：中介称在别墅取卵，长得漂亮出价5万
https://new.qq.com/rain/a/20240920A09HGS00

2024-09-21 05:00:46,803 - INFO - EXPIRED
广场石像掉落，11岁男童被砸去世，官方：孩子攀爬石像，后来一起滚落
https://new.qq.com/rain/a/20240920A08P0Z00

2024-09-21 05:00:46,803 - INFO - EXPIRED
男子养2条活体小鳄鱼当茶宠，控制食量浇茶水，鳄鱼不怕烫？这算虐待动物吗？
https://view.inews.qq.com/a/20240920Q08AVS00

2024-09-21 05:00:46,803 - INFO - EXPIRED
女子遭信访局长辱骂索赔30万被控敲诈案二审维持，申诉已受理
https://new.qq.com/rain/a/20240920A0A6U500

2024-09-21 05:00:46,803 - INFO - EXPIRED
退役军人路过车祸现场砸车救人：获救女司机误认他是撞车者，周围群众连忙为他澄清
https://new.qq.com/rain/a/20240920A08BRU00

2024-09-21 05:00:46,803 - INFO - EXPIRED
委内瑞拉反对派领导人签字承认马杜罗，是“被逼”还是“投降”
https://new.qq.com/rain/a/20240920A05IZD00

2024-09-21 05:00:46,803 - INFO - EXPIRED
董宇辉、小杨哥、罗永浩，怎么都“栽”在这件事上
https://new.qq.com/rain/a/20240920A09WNQ00

2024-09-21 05:00:46,803 - INFO - EXPIRED
湖南省政府公布一批人事任免，刘见、欧涛同志任省财政厅副厅长
https://new.qq.com/rain/a/20240919A0815M00

2024-09-21 05:00:46,803 - INFO - EXPIRED
发现胎儿有“恶魔基因”后，她终止了妊娠
https://new.qq.com/rain/a/20240920A02P8U00

2024-09-21 05:00:46,803 - INFO - EXPIRED
“90后”陆正韵已经出任浙江省兰溪市副市长
https://new.qq.com/rain/a/20240920A07STO00

2024-09-21 05:00:46,803 - INFO - EXPIRED
芬兰总统呼吁把俄罗斯踢出“五常”，美国务院：整点现实的
https://new.qq.com/rain/a/20240920A09YVW00

2024-09-21 05:00:46,803 - INFO - EXPIRED
国际摄影大师央美办讲座因多人看手机中途离席？多方回应
https://new.qq.com/rain/a/20240920A05KIG00

2024-09-21 05:00:46,803 - INFO - EXPIRED
郑钦文征战中网，她一年能挣多少钱？是不是中国收入最高的运动员？
https://view.inews.qq.com/a/20240920Q08GKF00

2024-09-21 05:00:46,803 - INFO - EXPIRED
长沙警方通报刘某杰遇害案：未发现刘某杰及其家人与2名嫌犯在案发前有交集
https://new.qq.com/rain/a/20240920A0ABP700

2024-09-21 05:00:46,803 - INFO - EXPIRED
象棋界“特级大师”是什么概念？想成为“大师”或者“特大”有多难？
https://view.inews.qq.com/a/20240920Q05MVT00

2024-09-21 05:00:46,803 - INFO - EXPIRED
中网来袭，如果郑钦文再与萨巴伦卡交手，在主场会有多大优势？
https://view.inews.qq.com/a/20240920Q09L0500

2024-09-21 05:00:46,803 - INFO - EXPIRED
男生快递站猥亵女生后放弃入学资格，这跟被取消资格有何不同？会影响一生吗？
https://view.inews.qq.com/a/20240920Q07CBS00

2024-09-21 05:00:46,803 - INFO - EXPIRED
法国新总理或因无法组建新政府辞职，为何组建新政府这么难？组不成就要辞职？
https://view.inews.qq.com/a/20240920Q04YFO00

2024-09-21 05:00:46,803 - INFO - EXPIRED
传印度所售弹药被转入乌克兰，真有这种事？印度这是两头通吃吗？
https://view.inews.qq.com/a/20240920Q09R7D00

2024-09-21 05:00:46,803 - INFO - EXPIRED
智障者奸杀少女被判死缓，服刑18年后出狱 江西省检察院：认定事实有误，建议再审
https://new.qq.com/rain/a/20240920A0ADOE00

2024-09-21 05:00:46,803 - INFO - EXPIRED
中美经济工作组举行第五次会议
https://new.qq.com/rain/a/20240920A0A7G800

2024-09-21 05:00:46,803 - INFO - EXPIRED
深圳日籍男童遇害案中方未提供作案动机相关信息？中国外交部回应
https://new.qq.com/rain/a/20240920A0AAUH00

2024-09-21 05:00:46,803 - INFO - EXPIRED
给餐饮老板“收尸”，贵州青年暴富
https://new.qq.com/rain/a/20240920A067I000

2024-09-21 05:00:46,803 - INFO - EXPIRED
安徽一石像坠落致11岁男孩身亡：男童头部被砸，石像系第三方公司养护
https://new.qq.com/rain/a/20240920V0A40Z00

2024-09-21 05:00:46,803 - INFO - EXPIRED
俄女首富丈夫带人强闯公司爆枪战，起底背后政商利益集团
https://new.qq.com/rain/a/20240920A0630K00

2024-09-21 05:00:46,803 - INFO - EXPIRED
新国标拟对电动自行车限速25公里，网友称太慢不如自行车，什么速度更合理？
https://view.inews.qq.com/a/20240920Q01ZEP00

2024-09-21 05:00:46,803 - INFO - EXPIRED
前华人首富赵长鹏要出狱了！是美国最有钱的服刑罪犯
https://new.qq.com/rain/a/20240920A07JDS00

2024-09-21 05:00:46,803 - INFO - EXPIRED
管培生拒绝周末跑10公里被辞退，城市经理：与公司用人标准有关
https://new.qq.com/rain/a/20240920A09LJ300

2024-09-21 05:00:46,803 - INFO - EXPIRED
教育部发布2025年全国硕士研究生招生初试和报名时间安排
https://new.qq.com/rain/a/20240920A0912800

2024-09-21 05:00:46,803 - INFO - EXPIRED
上海青浦出现龙卷，多位网友拍下现场画面：空中卷起巨大漩涡
https://new.qq.com/rain/a/20240920V096ST00

2024-09-21 05:00:46,803 - INFO - EXPIRED
何立峰会见中美经济工作组美方代表团
https://new.qq.com/rain/a/20240920A09YAV00

2024-09-21 05:00:46,803 - INFO - EXPIRED
深圳日本人学校学童不幸遇害，驻日本使馆发言人答记者问
https://new.qq.com/rain/a/20240920A092NE00

2024-09-21 05:00:46,803 - INFO - EXPIRED
“给领导买饭”，刺痛打工人
https://new.qq.com/rain/a/20240920A01XQ500

2024-09-21 05:00:46,803 - INFO - EXPIRED
男子杀害女友及自己母亲后，带上嫂嫂潜逃32年，落网时称“解脱了”
https://new.qq.com/rain/a/20240920A04Q7V00

2024-09-21 05:00:46,803 - INFO - EXPIRED
唐山打人案获刑民警陈志伟：处警过程均由领导安排，我坚信我是无罪的
https://new.qq.com/rain/a/20240920A05YBW00

2024-09-21 05:00:46,803 - INFO - EXPIRED
外卖小哥疑劳累过度雨中去世？当事人辟谣：熬夜打游戏太累，睡着了
https://new.qq.com/rain/a/20240920A06OIU00

2024-09-21 05:00:46,803 - INFO - EXPIRED
为什么国内奢华酒店开始“抱团取暖”
https://new.qq.com/rain/a/20240920A00ULQ00

2024-09-21 05:00:46,803 - INFO - EXPIRED
8月份全国城镇不包含在校生的16-24岁劳动力失业率为18.8%
https://new.qq.com/rain/a/20240920A06FXY00

2024-09-21 05:00:46,804 - INFO - EXPIRED
河南暴雨后有人疑似触电身亡：路人拿棍子捞未果，遇难者是两孩子母亲
https://new.qq.com/rain/a/20240920V08NY900

2024-09-21 05:00:46,804 - INFO - EXPIRED
外交部：中日发布共识文件与日本男童遇袭没有关联
https://new.qq.com/rain/a/20240920A05U2S00

2024-09-21 05:00:46,804 - INFO - EXPIRED
贵州省公安厅原巡视员周云被公诉，曾帮人开办武装押运公司
https://new.qq.com/rain/a/20240920A05K1200

2024-09-21 05:00:46,804 - INFO - EXPIRED
故宫回应北大本科生入职保卫处：是综合部门，入职后进行岗位分配
https://new.qq.com/rain/a/20240920V03SUY00

2024-09-21 05:00:46,804 - INFO - EXPIRED
贵州黄平突发刑案：疑小学教师杀害同事后潜逃，警方最高悬赏十万缉捕
https://new.qq.com/rain/a/20240920A06V9A00

2024-09-21 05:00:46,804 - INFO - EXPIRED
证监会：支持合规稳健的优质证券公司适度提升资本使用效率
https://new.qq.com/rain/a/20240920A07QZ000

2024-09-21 05:00:46,804 - INFO - EXPIRED
当慢性病病人，被医生劝出院
https://new.qq.com/rain/a/20240920A03J0O00

2024-09-21 05:00:46,804 - INFO - EXPIRED
长安副总裁王辉：中国汽车品牌成长为国际一流企业的窗口期已经到来
https://new.qq.com/rain/a/20240920A07KOO00

2024-09-21 05:00:46,804 - INFO - EXPIRED
受贿5329万余元！中国石油天然气集团原副总经理徐文荣一审获刑十四年
https://new.qq.com/rain/a/20240920A06ENG00

2024-09-21 05:00:46,804 - INFO - EXPIRED
财政部：1-8月全国一般公共预算收入147776亿元 同比下降2.6%
https://new.qq.com/rain/a/20240920A06A8I00

2024-09-21 05:00:46,804 - INFO - EXPIRED
中国维和部队营区周边多枚航弹爆炸，距离仅730米！
https://new.qq.com/rain/a/20240920V067OP00

2024-09-21 05:00:46,804 - INFO - EXPIRED
1-8月证券交易印花税653亿元 同比下降55.5%
https://new.qq.com/rain/a/20240920A06B6N00

2024-09-21 05:00:46,804 - INFO - EXPIRED
国内成品油价迎年内最大降幅，加满一箱油少花14.5元
https://new.qq.com/rain/a/20240920A06BB500

2024-09-21 05:00:46,804 - INFO - EXPIRED
男生快递站猥亵女生 浙理工科艺学院回应：涉事男生已放弃入学资格
https://new.qq.com/rain/a/20240920A04LVJ00

2024-09-21 05:00:46,804 - INFO - EXPIRED
云南网红“小英一家”被曝曾送养两个女孩？民政部门：正调查
https://new.qq.com/rain/a/20240920A051KK00

2024-09-21 05:00:46,804 - INFO - EXPIRED
湖南省财政厅发布讣告：厅长刘文杰不幸遇害，享年58岁
https://new.qq.com/rain/a/20240920A069RF00

2024-09-21 05:00:46,804 - INFO - EXPIRED
美国一男子威胁要谋杀美联邦最高法院6名大法官，美国司法部长谴责
https://new.qq.com/rain/a/20240920A0469O00

2024-09-21 05:00:46,804 - INFO - EXPIRED
《金融租赁公司管理办法》修订发布：提高主要出资人最低持股比例
https://new.qq.com/rain/a/20240920A05U1N00

2024-09-21 05:00:46,804 - INFO - EXPIRED
胡捷教授：同事都在加班996，我5点干完下班有错吗？
https://new.qq.com/rain/a/20240920V068OM00

2024-09-21 05:00:46,804 - INFO - EXPIRED
深圳日本人学校被刺学生不幸去世，嫌犯为单人作案已依法刑拘
https://new.qq.com/rain/a/20240920A03WD800

2024-09-21 05:00:46,804 - INFO - EXPIRED
卡德罗夫称马斯克所赠赛博皮卡被远程锁车 此前承诺将皮卡送到前线
https://new.qq.com/rain/a/20240920V03OIF00

2024-09-21 05:00:46,804 - INFO - EXPIRED
英国外教对学生灌输台湾不属于中国？民办教育协会：涉事主体无资质
https://new.qq.com/rain/a/20240920A049OH00

2024-09-21 05:00:46,804 - INFO - EXPIRED
外交部：中日达成共识文件不意味中方立即全面恢复日本水产品进口
https://new.qq.com/rain/a/20240920A05I9B00

2024-09-21 05:00:46,804 - INFO - EXPIRED
五年内央企将全面建立“科学、理性、高效”的董事会
https://new.qq.com/rain/a/20240920A05BOS00

2024-09-21 05:00:46,804 - INFO - EXPIRED
“以为是游泳健身，没想到是存款理财”，中收承压，银行工作人员也开始街头发传单了
https://new.qq.com/rain/a/20240920A02QEX00

2024-09-21 05:00:46,804 - INFO - EXPIRED
印度又“左右逢源”？传印度所售弹药被转入乌克兰，俄罗斯怒了
https://new.qq.com/rain/a/20240920A02IVB00

2024-09-21 05:00:46,804 - INFO - EXPIRED
美团骑手收入大曝光：一线城市月均7354元 “8万研究生送外卖”是假的
https://new.qq.com/rain/a/20240920A006JC00

2024-09-21 05:00:46,804 - INFO - EXPIRED
“国企女老总”被包工头举报收203万打点费 企业：被举报人非正式员工
https://new.qq.com/rain/a/20240920A03CJQ00

2024-09-21 05:00:46,804 - INFO - EXPIRED
A股收评：沪指探底回升微涨0.03%，信创概念股全线爆发
https://new.qq.com/rain/a/20240920A051S500

2024-09-21 05:00:46,804 - INFO - EXPIRED
民政部：从未发布或批准发布“中国养老保险”App
https://new.qq.com/rain/a/20240920A04MU700

2024-09-21 05:00:46,804 - INFO - EXPIRED
中日就核污染水排海问题达成共识，中方将逐步恢复合规日本水产品进口
https://new.qq.com/rain/a/20240920A04SHJ00

2024-09-21 05:00:46,804 - INFO - EXPIRED
“你要打我啊？”中国女游客在泰国被导游强制要求购物，遭导游推搡
https://new.qq.com/rain/a/20240920V03Y7O00

2024-09-21 05:00:46,804 - INFO - EXPIRED
河南叶县强拆果园为高速让路，当地成立联合调查组，果园负责人发声
https://new.qq.com/rain/a/20240920A0356D00

2024-09-21 05:00:46,804 - INFO - EXPIRED
丈夫酒后多次家暴被诉离婚，法庭内扛起妻子就跑，法院：双方有感情基础，调解后和好
https://new.qq.com/rain/a/20240919A08LTW00

2024-09-21 05:00:46,804 - INFO - EXPIRED
湖北籍奥运冠军郑钦文、昌雅妮、王宗源、孙佳俊获赠超百万奖金及住房
https://new.qq.com/rain/a/20240920A0226I00

2024-09-21 05:00:46,804 - INFO - EXPIRED
3名硕士应聘云南保山学院宿管，招聘方：有相关公示，硕士免笔试
https://new.qq.com/rain/a/20240920A03WWI00

2024-09-21 05:00:46,804 - INFO - EXPIRED
中新网评：面对伤人案，中国社会始终与善良正义站在一起
https://new.qq.com/rain/a/20240920A043QZ00

2024-09-21 05:00:46,804 - INFO - EXPIRED
营销又翻车！司马南扮装李白惹争议，西凤酒紧急发文规范推广
https://new.qq.com/rain/a/20240920A03ZOX00

2024-09-21 05:00:46,804 - INFO - EXPIRED
举报前国企高管后收到200万元 河北一女子被控敲诈勒索罪一审获刑10年
https://new.qq.com/rain/a/20240919A086OM00

2024-09-21 05:00:46,804 - INFO - EXPIRED
杜特尔特女儿莎拉与马科斯“断交”：从不是朋友，后年宣布选举计划
https://new.qq.com/rain/a/20240919A09AMR00

2024-09-21 05:00:46,804 - INFO - EXPIRED
深圳特区报评日本人学校学生遇袭去世：违法暴力行为必须严惩
https://new.qq.com/rain/a/20240920A0418T00

2024-09-21 05:00:46,804 - INFO - EXPIRED
寻呼机、对讲机在黎巴嫩成杀人武器，未来武器会渗透到哪里？网友对手机、电车的担心有必要吗？
https://view.inews.qq.com/a/20240920Q03XM000

2024-09-21 05:00:46,804 - INFO - EXPIRED
电动自行车新国标公开征求意见，我的电驴会有什么变化？价格会更贵吗？
https://view.inews.qq.com/a/20240919Q05QRF00

2024-09-21 05:00:46,804 - INFO - EXPIRED
用户仅退款反被平台薅走20亿元？京淘淘：未跑路，发现“职业羊毛党”
https://new.qq.com/rain/a/20240920A03XPT00

2024-09-21 05:00:46,804 - INFO - EXPIRED
蔚来收购奥迪欧洲工厂？李斌辟谣：没有的事，固定资产投资非常谨慎
https://new.qq.com/rain/a/20240920A03FEW00

2024-09-21 05:00:46,804 - INFO - EXPIRED
赔偿“N+7”！又一知名科技巨头掀裁员风暴，近300员工一夜失业
https://new.qq.com/rain/a/20240919A08RGW00

2024-09-21 05:00:46,804 - INFO - EXPIRED
广西桂林外祖孙俩遭邻居持刀行凶 亲属发声：被害女童已去世
https://new.qq.com/rain/a/20240920A03YUU00

2024-09-21 05:00:46,804 - INFO - EXPIRED
渠道对iPhone 16控货控价，首销日高配版在二级市场溢价千元左右
https://new.qq.com/rain/a/20240920A03T2100

2024-09-21 05:00:47,490 - INFO - INVALID
原箱茅台持续下跌，飞天茅台原箱跌破2400元_瓶
https://new.qq.com/rain/a/20240921A03ADF00

2024-09-21 05:00:47,496 - INFO - INVALID
非法入境朝鲜的美国士兵被判处一年监禁
https://new.qq.com/rain/a/20240921A01VUV00

2024-09-21 05:00:47,513 - INFO - INVALID
稻城亚丁景区禁止游客吃泡面？官方通报
https://new.qq.com/rain/a/20240921A02M9O00

2024-09-21 05:00:47,545 - INFO - INVALID
多家媒体目击以军“屋顶抛尸”，白宫：视频令人不安，以方保证将调查
https://new.qq.com/rain/a/20240921A01K6200

2024-09-21 05:00:47,550 - INFO - INVALID
现场图片！多枚航弹爆炸致我赴黎维和部队营区受损
https://new.qq.com/rain/a/20240921A00MUZ00

2024-09-21 05:00:47,885 - INFO - INVALID
韩媒：韩国检方请求判处李在明2年有期徒刑
https://new.qq.com/rain/a/20240921A00X0C00

2024-09-21 05:00:47,924 - INFO - INVALID
吉利总裁安聪慧回应智驾大整合：内部已达共识，极氪主攻高阶智驾方案
https://new.qq.com/rain/a/20240921A01CLT00

2024-09-21 05:00:47,965 - INFO - INVALID
中日关系，终于传来一个好消息
https://new.qq.com/rain/a/20240921A00Q3O00

2024-09-21 05:00:48,001 - INFO - INVALID
李斌掀桌子：乐道首款车低价入市，未来有机会做到15%左右毛利
https://new.qq.com/rain/a/20240921A01HCG00

2024-09-21 05:00:48,228 - INFO - INVALID
中共中央批准，于立军任四川省委副书记
https://new.qq.com/rain/a/20240921A01C2B00

2024-09-21 05:00:48,307 - INFO - INVALID
南京六合区道路上发生一起事故，官方：致一死一伤
https://new.qq.com/rain/a/20240921A006PM00

2024-09-21 05:00:48,331 - INFO - INVALID
中日就核污染水排海问题达成共识，有三个关键信息
https://new.qq.com/rain/a/20240921A00M2P00

2024-09-21 05:00:48,335 - INFO - INVALID
中国房地产报：以更开阔视野和思维做好楼市工作
https://new.qq.com/rain/a/20240921A00TB500

2024-09-21 05:00:48,505 - INFO - INVALID
中国城市95后人才吸引力排名：深圳超越北京居榜首，无锡青岛跻身前十
https://new.qq.com/rain/a/20240921A0005200

2024-09-21 06:08:46,491 - INFO - EXPIRED
广场石像掉落，11岁男童被砸去世，官方：孩子攀爬石像，后来一起滚落
https://new.qq.com/rain/a/20240920A08P0Z00

2024-09-21 06:08:46,491 - INFO - EXPIRED
董宇辉、小杨哥、罗永浩，怎么都“栽”在这件事上
https://new.qq.com/rain/a/20240920A09WNQ00

2024-09-21 06:08:46,491 - INFO - EXPIRED
退役军人路过车祸现场砸车救人：获救女司机误认他是撞车者，周围群众连忙为他澄清
https://new.qq.com/rain/a/20240920A08BRU00

2024-09-21 06:08:46,491 - INFO - EXPIRED
委内瑞拉反对派领导人签字承认马杜罗，是“被逼”还是“投降”
https://new.qq.com/rain/a/20240920A05IZD00

2024-09-21 06:08:46,491 - INFO - EXPIRED
“卖卵招聘”乱象调查：中介称在别墅取卵，长得漂亮出价5万
https://new.qq.com/rain/a/20240920A09HGS00

2024-09-21 06:08:46,491 - INFO - EXPIRED
湖南省政府公布一批人事任免，刘见、欧涛同志任省财政厅副厅长
https://new.qq.com/rain/a/20240919A0815M00

2024-09-21 06:08:46,491 - INFO - EXPIRED
发现胎儿有“恶魔基因”后，她终止了妊娠
https://new.qq.com/rain/a/20240920A02P8U00

2024-09-21 06:08:46,491 - INFO - EXPIRED
女子遭信访局长辱骂索赔30万被控敲诈案二审维持，申诉已受理
https://new.qq.com/rain/a/20240920A0A6U500

2024-09-21 06:08:46,491 - INFO - EXPIRED
“90后”陆正韵已经出任浙江省兰溪市副市长
https://new.qq.com/rain/a/20240920A07STO00

2024-09-21 06:08:46,491 - INFO - EXPIRED
芬兰总统呼吁把俄罗斯踢出“五常”，美国务院：整点现实的
https://new.qq.com/rain/a/20240920A09YVW00

2024-09-21 06:08:46,491 - INFO - EXPIRED
男子养2条活体小鳄鱼当茶宠，控制食量浇茶水，鳄鱼不怕烫？这算虐待动物吗？
https://view.inews.qq.com/a/20240920Q08AVS00

2024-09-21 06:08:46,491 - INFO - EXPIRED
国际摄影大师央美办讲座因多人看手机中途离席？多方回应
https://new.qq.com/rain/a/20240920A05KIG00

2024-09-21 06:08:46,491 - INFO - EXPIRED
郑钦文征战中网，她一年能挣多少钱？是不是中国收入最高的运动员？
https://view.inews.qq.com/a/20240920Q08GKF00

2024-09-21 06:08:46,491 - INFO - EXPIRED
长沙警方通报刘某杰遇害案：未发现刘某杰及其家人与2名嫌犯在案发前有交集
https://new.qq.com/rain/a/20240920A0ABP700

2024-09-21 06:08:46,491 - INFO - EXPIRED
象棋界“特级大师”是什么概念？想成为“大师”或者“特大”有多难？
https://view.inews.qq.com/a/20240920Q05MVT00

2024-09-21 06:08:46,491 - INFO - EXPIRED
中网来袭，如果郑钦文再与萨巴伦卡交手，在主场会有多大优势？
https://view.inews.qq.com/a/20240920Q09L0500

2024-09-21 06:08:46,491 - INFO - EXPIRED
男生快递站猥亵女生后放弃入学资格，这跟被取消资格有何不同？会影响一生吗？
https://view.inews.qq.com/a/20240920Q07CBS00

2024-09-21 06:08:46,491 - INFO - EXPIRED
法国新总理或因无法组建新政府辞职，为何组建新政府这么难？组不成就要辞职？
https://view.inews.qq.com/a/20240920Q04YFO00

2024-09-21 06:08:46,491 - INFO - EXPIRED
传印度所售弹药被转入乌克兰，真有这种事？印度这是两头通吃吗？
https://view.inews.qq.com/a/20240920Q09R7D00

2024-09-21 06:08:46,491 - INFO - EXPIRED
智障者奸杀少女被判死缓，服刑18年后出狱 江西省检察院：认定事实有误，建议再审
https://new.qq.com/rain/a/20240920A0ADOE00

2024-09-21 06:08:46,491 - INFO - EXPIRED
中美经济工作组举行第五次会议
https://new.qq.com/rain/a/20240920A0A7G800

2024-09-21 06:08:46,491 - INFO - EXPIRED
深圳日籍男童遇害案中方未提供作案动机相关信息？中国外交部回应
https://new.qq.com/rain/a/20240920A0AAUH00

2024-09-21 06:08:46,491 - INFO - EXPIRED
给餐饮老板“收尸”，贵州青年暴富
https://new.qq.com/rain/a/20240920A067I000

2024-09-21 06:08:46,491 - INFO - EXPIRED
安徽一石像坠落致11岁男孩身亡：男童头部被砸，石像系第三方公司养护
https://new.qq.com/rain/a/20240920V0A40Z00

2024-09-21 06:08:46,491 - INFO - EXPIRED
俄女首富丈夫带人强闯公司爆枪战，起底背后政商利益集团
https://new.qq.com/rain/a/20240920A0630K00

2024-09-21 06:08:46,491 - INFO - EXPIRED
新国标拟对电动自行车限速25公里，网友称太慢不如自行车，什么速度更合理？
https://view.inews.qq.com/a/20240920Q01ZEP00

2024-09-21 06:08:46,491 - INFO - EXPIRED
前华人首富赵长鹏要出狱了！是美国最有钱的服刑罪犯
https://new.qq.com/rain/a/20240920A07JDS00

2024-09-21 06:08:46,491 - INFO - EXPIRED
管培生拒绝周末跑10公里被辞退，城市经理：与公司用人标准有关
https://new.qq.com/rain/a/20240920A09LJ300

2024-09-21 06:08:46,491 - INFO - EXPIRED
教育部发布2025年全国硕士研究生招生初试和报名时间安排
https://new.qq.com/rain/a/20240920A0912800

2024-09-21 06:08:46,491 - INFO - EXPIRED
上海青浦出现龙卷，多位网友拍下现场画面：空中卷起巨大漩涡
https://new.qq.com/rain/a/20240920V096ST00

2024-09-21 06:08:46,491 - INFO - EXPIRED
何立峰会见中美经济工作组美方代表团
https://new.qq.com/rain/a/20240920A09YAV00

2024-09-21 06:08:46,491 - INFO - EXPIRED
深圳日本人学校学童不幸遇害，驻日本使馆发言人答记者问
https://new.qq.com/rain/a/20240920A092NE00

2024-09-21 06:08:46,491 - INFO - EXPIRED
“给领导买饭”，刺痛打工人
https://new.qq.com/rain/a/20240920A01XQ500

2024-09-21 06:08:46,491 - INFO - EXPIRED
男子杀害女友及自己母亲后，带上嫂嫂潜逃32年，落网时称“解脱了”
https://new.qq.com/rain/a/20240920A04Q7V00

2024-09-21 06:08:46,492 - INFO - EXPIRED
唐山打人案获刑民警陈志伟：处警过程均由领导安排，我坚信我是无罪的
https://new.qq.com/rain/a/20240920A05YBW00

2024-09-21 06:08:46,492 - INFO - EXPIRED
外卖小哥疑劳累过度雨中去世？当事人辟谣：熬夜打游戏太累，睡着了
https://new.qq.com/rain/a/20240920A06OIU00

2024-09-21 06:08:46,492 - INFO - EXPIRED
为什么国内奢华酒店开始“抱团取暖”
https://new.qq.com/rain/a/20240920A00ULQ00

2024-09-21 06:08:46,492 - INFO - EXPIRED
8月份全国城镇不包含在校生的16-24岁劳动力失业率为18.8%
https://new.qq.com/rain/a/20240920A06FXY00

2024-09-21 06:08:46,492 - INFO - EXPIRED
河南暴雨后有人疑似触电身亡：路人拿棍子捞未果，遇难者是两孩子母亲
https://new.qq.com/rain/a/20240920V08NY900

2024-09-21 06:08:46,492 - INFO - EXPIRED
外交部：中日发布共识文件与日本男童遇袭没有关联
https://new.qq.com/rain/a/20240920A05U2S00

2024-09-21 06:08:46,492 - INFO - EXPIRED
贵州省公安厅原巡视员周云被公诉，曾帮人开办武装押运公司
https://new.qq.com/rain/a/20240920A05K1200

2024-09-21 06:08:46,492 - INFO - EXPIRED
故宫回应北大本科生入职保卫处：是综合部门，入职后进行岗位分配
https://new.qq.com/rain/a/20240920V03SUY00

2024-09-21 06:08:46,492 - INFO - EXPIRED
贵州黄平突发刑案：疑小学教师杀害同事后潜逃，警方最高悬赏十万缉捕
https://new.qq.com/rain/a/20240920A06V9A00

2024-09-21 06:08:46,492 - INFO - EXPIRED
证监会：支持合规稳健的优质证券公司适度提升资本使用效率
https://new.qq.com/rain/a/20240920A07QZ000

2024-09-21 06:08:46,492 - INFO - EXPIRED
当慢性病病人，被医生劝出院
https://new.qq.com/rain/a/20240920A03J0O00

2024-09-21 06:08:46,492 - INFO - EXPIRED
长安副总裁王辉：中国汽车品牌成长为国际一流企业的窗口期已经到来
https://new.qq.com/rain/a/20240920A07KOO00

2024-09-21 06:08:46,492 - INFO - EXPIRED
受贿5329万余元！中国石油天然气集团原副总经理徐文荣一审获刑十四年
https://new.qq.com/rain/a/20240920A06ENG00

2024-09-21 06:08:46,492 - INFO - EXPIRED
财政部：1-8月全国一般公共预算收入147776亿元 同比下降2.6%
https://new.qq.com/rain/a/20240920A06A8I00

2024-09-21 06:08:46,492 - INFO - EXPIRED
中国维和部队营区周边多枚航弹爆炸，距离仅730米！
https://new.qq.com/rain/a/20240920V067OP00

2024-09-21 06:08:46,492 - INFO - EXPIRED
1-8月证券交易印花税653亿元 同比下降55.5%
https://new.qq.com/rain/a/20240920A06B6N00

2024-09-21 06:08:46,492 - INFO - EXPIRED
国内成品油价迎年内最大降幅，加满一箱油少花14.5元
https://new.qq.com/rain/a/20240920A06BB500

2024-09-21 06:08:46,492 - INFO - EXPIRED
男生快递站猥亵女生 浙理工科艺学院回应：涉事男生已放弃入学资格
https://new.qq.com/rain/a/20240920A04LVJ00

2024-09-21 06:08:46,492 - INFO - EXPIRED
云南网红“小英一家”被曝曾送养两个女孩？民政部门：正调查
https://new.qq.com/rain/a/20240920A051KK00

2024-09-21 06:08:46,492 - INFO - EXPIRED
湖南省财政厅发布讣告：厅长刘文杰不幸遇害，享年58岁
https://new.qq.com/rain/a/20240920A069RF00

2024-09-21 06:08:46,492 - INFO - EXPIRED
美国一男子威胁要谋杀美联邦最高法院6名大法官，美国司法部长谴责
https://new.qq.com/rain/a/20240920A0469O00

2024-09-21 06:08:46,492 - INFO - EXPIRED
《金融租赁公司管理办法》修订发布：提高主要出资人最低持股比例
https://new.qq.com/rain/a/20240920A05U1N00

2024-09-21 06:08:46,492 - INFO - EXPIRED
胡捷教授：同事都在加班996，我5点干完下班有错吗？
https://new.qq.com/rain/a/20240920V068OM00

2024-09-21 06:08:46,492 - INFO - EXPIRED
深圳日本人学校被刺学生不幸去世，嫌犯为单人作案已依法刑拘
https://new.qq.com/rain/a/20240920A03WD800

2024-09-21 06:08:46,492 - INFO - EXPIRED
卡德罗夫称马斯克所赠赛博皮卡被远程锁车 此前承诺将皮卡送到前线
https://new.qq.com/rain/a/20240920V03OIF00

2024-09-21 06:08:46,492 - INFO - EXPIRED
英国外教对学生灌输台湾不属于中国？民办教育协会：涉事主体无资质
https://new.qq.com/rain/a/20240920A049OH00

2024-09-21 06:08:46,492 - INFO - EXPIRED
外交部：中日达成共识文件不意味中方立即全面恢复日本水产品进口
https://new.qq.com/rain/a/20240920A05I9B00

2024-09-21 06:08:46,492 - INFO - EXPIRED
五年内央企将全面建立“科学、理性、高效”的董事会
https://new.qq.com/rain/a/20240920A05BOS00

2024-09-21 06:08:46,492 - INFO - EXPIRED
“以为是游泳健身，没想到是存款理财”，中收承压，银行工作人员也开始街头发传单了
https://new.qq.com/rain/a/20240920A02QEX00

2024-09-21 06:08:46,492 - INFO - EXPIRED
印度又“左右逢源”？传印度所售弹药被转入乌克兰，俄罗斯怒了
https://new.qq.com/rain/a/20240920A02IVB00

2024-09-21 06:08:46,492 - INFO - EXPIRED
美团骑手收入大曝光：一线城市月均7354元 “8万研究生送外卖”是假的
https://new.qq.com/rain/a/20240920A006JC00

2024-09-21 06:08:46,492 - INFO - EXPIRED
“国企女老总”被包工头举报收203万打点费 企业：被举报人非正式员工
https://new.qq.com/rain/a/20240920A03CJQ00

2024-09-21 06:08:46,492 - INFO - EXPIRED
A股收评：沪指探底回升微涨0.03%，信创概念股全线爆发
https://new.qq.com/rain/a/20240920A051S500

2024-09-21 06:08:46,492 - INFO - EXPIRED
民政部：从未发布或批准发布“中国养老保险”App
https://new.qq.com/rain/a/20240920A04MU700

2024-09-21 06:08:46,492 - INFO - EXPIRED
中日就核污染水排海问题达成共识，中方将逐步恢复合规日本水产品进口
https://new.qq.com/rain/a/20240920A04SHJ00

2024-09-21 06:08:46,492 - INFO - EXPIRED
“你要打我啊？”中国女游客在泰国被导游强制要求购物，遭导游推搡
https://new.qq.com/rain/a/20240920V03Y7O00

2024-09-21 06:08:46,492 - INFO - EXPIRED
河南叶县强拆果园为高速让路，当地成立联合调查组，果园负责人发声
https://new.qq.com/rain/a/20240920A0356D00

2024-09-21 06:08:46,492 - INFO - EXPIRED
丈夫酒后多次家暴被诉离婚，法庭内扛起妻子就跑，法院：双方有感情基础，调解后和好
https://new.qq.com/rain/a/20240919A08LTW00

2024-09-21 06:08:46,492 - INFO - EXPIRED
湖北籍奥运冠军郑钦文、昌雅妮、王宗源、孙佳俊获赠超百万奖金及住房
https://new.qq.com/rain/a/20240920A0226I00

2024-09-21 06:08:46,492 - INFO - EXPIRED
3名硕士应聘云南保山学院宿管，招聘方：有相关公示，硕士免笔试
https://new.qq.com/rain/a/20240920A03WWI00

2024-09-21 06:08:46,492 - INFO - EXPIRED
中新网评：面对伤人案，中国社会始终与善良正义站在一起
https://new.qq.com/rain/a/20240920A043QZ00

2024-09-21 06:08:46,492 - INFO - EXPIRED
营销又翻车！司马南扮装李白惹争议，西凤酒紧急发文规范推广
https://new.qq.com/rain/a/20240920A03ZOX00

2024-09-21 06:08:46,492 - INFO - EXPIRED
举报前国企高管后收到200万元 河北一女子被控敲诈勒索罪一审获刑10年
https://new.qq.com/rain/a/20240919A086OM00

2024-09-21 06:08:46,492 - INFO - EXPIRED
杜特尔特女儿莎拉与马科斯“断交”：从不是朋友，后年宣布选举计划
https://new.qq.com/rain/a/20240919A09AMR00

2024-09-21 06:08:46,492 - INFO - EXPIRED
深圳特区报评日本人学校学生遇袭去世：违法暴力行为必须严惩
https://new.qq.com/rain/a/20240920A0418T00

2024-09-21 06:08:47,081 - ERROR - ERROR
南京一汽车撞电动车后逃逸，肇事司机在其他地方死亡，共致两死一伤
https://new.qq.com/rain/a/20240921V03O4200
('list index out of range',)
======
Traceback (most recent call last):
  File "/home/runner/work/qqnews/qqnews/qq.py", line 81, in process_article
    ss = str(tmpbs.select("div.LEFT div.content.clearfix")[0])
             ~~~~~~~~~~~~~~~~~~~~~~~~~~~~~~~~~~~~~~~~~~~~~^^^
IndexError: list index out of range


2024-09-21 06:08:47,089 - INFO - INVALID
普京签令，梅德韦杰夫获新职
https://new.qq.com/rain/a/20240921A03MFB00

2024-09-21 06:08:47,147 - INFO - INVALID
原箱飞天跌破2400元_瓶，茅台打响“股价保卫战”，最高斥资60亿回购
https://new.qq.com/rain/a/20240921A031V300

2024-09-21 06:08:47,172 - INFO - INVALID
多家媒体目击以军“屋顶抛尸”，白宫：视频令人不安，以方保证将调查
https://new.qq.com/rain/a/20240921A01K6200

2024-09-21 06:08:47,371 - INFO - INVALID
杭州一写字楼空调爆炸致维修工人身亡，消防：事故原因还在调查
https://new.qq.com/rain/a/20240921A039X600

2024-09-21 06:08:47,441 - INFO - INVALID
董明珠：我们最大的困难就是买房搞了很多房贷
https://new.qq.com/rain/a/20240921A03TSR00

2024-09-21 06:08:47,445 - INFO - INVALID
网友建议昆明南站为乘客换乘地铁免安检，官方：曾多次组织协商未果
https://new.qq.com/rain/a/20240921A03J4I00

2024-09-21 06:08:47,450 - INFO - INVALID
一张CT片子套多个病历，医生实名举报江苏无锡虹桥医院涉嫌骗保
https://new.qq.com/rain/a/20240921A0255C00

2024-09-21 06:08:47,654 - INFO - INVALID
稻城亚丁景区禁止游客吃泡面？官方通报
https://new.qq.com/rain/a/20240921A02M9O00

2024-09-21 06:08:47,740 - INFO - INVALID
吉利总裁安聪慧回应智驾大整合：内部已达共识，极氪主攻高阶智驾方案
https://new.qq.com/rain/a/20240921A01CLT00

2024-09-21 06:08:47,745 - INFO - INVALID
现场图片！多枚航弹爆炸致我赴黎维和部队营区受损
https://new.qq.com/rain/a/20240921A00MUZ00

2024-09-21 06:08:47,799 - INFO - INVALID
非法入境朝鲜的美国士兵被判处一年监禁
https://new.qq.com/rain/a/20240921A01VUV00

2024-09-21 06:08:47,857 - ERROR - ERROR
江苏一小区有人高空抛大便，全楼测DNA，还有别的办法吗？找出肇事者会怎么处罚？
https://view.inews.qq.com/a/20240921Q01HGZ00
('list index out of range',)
======
Traceback (most recent call last):
  File "/home/runner/work/qqnews/qqnews/qq.py", line 81, in process_article
    ss = str(tmpbs.select("div.LEFT div.content.clearfix")[0])
             ~~~~~~~~~~~~~~~~~~~~~~~~~~~~~~~~~~~~~~~~~~~~~^^^
IndexError: list index out of range


2024-09-21 06:08:48,027 - INFO - INVALID
韩媒：韩国检方请求判处李在明2年有期徒刑
https://new.qq.com/rain/a/20240921A00X0C00

2024-09-21 06:08:48,032 - INFO - INVALID
中共中央批准，于立军任四川省委副书记
https://new.qq.com/rain/a/20240921A01C2B00

2024-09-21 06:08:48,091 - INFO - INVALID
中日关系，终于传来一个好消息
https://new.qq.com/rain/a/20240921A00Q3O00

2024-09-21 06:08:48,115 - INFO - INVALID
李斌掀桌子：乐道首款车低价入市，未来有机会做到15%左右毛利
https://new.qq.com/rain/a/20240921A01HCG00

2024-09-21 06:08:48,320 - INFO - INVALID
中国房地产报：以更开阔视野和思维做好楼市工作
https://new.qq.com/rain/a/20240921A00TB500

2024-09-21 06:08:48,381 - INFO - INVALID
南京六合区道路上发生一起事故，官方：致一死一伤
https://new.qq.com/rain/a/20240921A006PM00

2024-09-21 06:08:48,385 - INFO - INVALID
中日就核污染水排海问题达成共识，有三个关键信息
https://new.qq.com/rain/a/20240921A00M2P00

2024-09-21 06:08:48,602 - INFO - INVALID
中国城市95后人才吸引力排名：深圳超越北京居榜首，无锡青岛跻身前十
https://new.qq.com/rain/a/20240921A0005200

2024-09-21 07:01:09,712 - INFO - EXPIRED
董宇辉、小杨哥、罗永浩，怎么都“栽”在这件事上
https://new.qq.com/rain/a/20240920A09WNQ00

2024-09-21 07:01:09,712 - INFO - EXPIRED
退役军人路过车祸现场砸车救人：获救女司机误认他是撞车者，周围群众连忙为他澄清
https://new.qq.com/rain/a/20240920A08BRU00

2024-09-21 07:01:09,712 - INFO - EXPIRED
“90后”陆正韵已经出任浙江省兰溪市副市长
https://new.qq.com/rain/a/20240920A07STO00

2024-09-21 07:01:09,712 - INFO - EXPIRED
发现胎儿有“恶魔基因”后，她终止了妊娠
https://new.qq.com/rain/a/20240920A02P8U00

2024-09-21 07:01:09,712 - INFO - EXPIRED
广场石像掉落，11岁男童被砸去世，官方：孩子攀爬石像，后来一起滚落
https://new.qq.com/rain/a/20240920A08P0Z00

2024-09-21 07:01:09,712 - INFO - EXPIRED
委内瑞拉反对派领导人签字承认马杜罗，是“被逼”还是“投降”
https://new.qq.com/rain/a/20240920A05IZD00

2024-09-21 07:01:09,712 - INFO - EXPIRED
“卖卵招聘”乱象调查：中介称在别墅取卵，长得漂亮出价5万
https://new.qq.com/rain/a/20240920A09HGS00

2024-09-21 07:01:09,712 - INFO - EXPIRED
湖南省政府公布一批人事任免，刘见、欧涛同志任省财政厅副厅长
https://new.qq.com/rain/a/20240919A0815M00

2024-09-21 07:01:09,712 - INFO - EXPIRED
女子遭信访局长辱骂索赔30万被控敲诈案二审维持，申诉已受理
https://new.qq.com/rain/a/20240920A0A6U500

2024-09-21 07:01:09,713 - INFO - EXPIRED
芬兰总统呼吁把俄罗斯踢出“五常”，美国务院：整点现实的
https://new.qq.com/rain/a/20240920A09YVW00

2024-09-21 07:01:09,713 - INFO - EXPIRED
男子养2条活体小鳄鱼当茶宠，控制食量浇茶水，鳄鱼不怕烫？这算虐待动物吗？
https://view.inews.qq.com/a/20240920Q08AVS00

2024-09-21 07:01:09,713 - INFO - EXPIRED
国际摄影大师央美办讲座因多人看手机中途离席？多方回应
https://new.qq.com/rain/a/20240920A05KIG00

2024-09-21 07:01:09,713 - INFO - EXPIRED
郑钦文征战中网，她一年能挣多少钱？是不是中国收入最高的运动员？
https://view.inews.qq.com/a/20240920Q08GKF00

2024-09-21 07:01:09,713 - INFO - EXPIRED
长沙警方通报刘某杰遇害案：未发现刘某杰及其家人与2名嫌犯在案发前有交集
https://new.qq.com/rain/a/20240920A0ABP700

2024-09-21 07:01:09,713 - INFO - EXPIRED
象棋界“特级大师”是什么概念？想成为“大师”或者“特大”有多难？
https://view.inews.qq.com/a/20240920Q05MVT00

2024-09-21 07:01:09,713 - INFO - EXPIRED
中网来袭，如果郑钦文再与萨巴伦卡交手，在主场会有多大优势？
https://view.inews.qq.com/a/20240920Q09L0500

2024-09-21 07:01:09,713 - INFO - EXPIRED
男生快递站猥亵女生后放弃入学资格，这跟被取消资格有何不同？会影响一生吗？
https://view.inews.qq.com/a/20240920Q07CBS00

2024-09-21 07:01:09,713 - INFO - EXPIRED
法国新总理或因无法组建新政府辞职，为何组建新政府这么难？组不成就要辞职？
https://view.inews.qq.com/a/20240920Q04YFO00

2024-09-21 07:01:09,713 - INFO - EXPIRED
传印度所售弹药被转入乌克兰，真有这种事？印度这是两头通吃吗？
https://view.inews.qq.com/a/20240920Q09R7D00

2024-09-21 07:01:09,713 - INFO - EXPIRED
智障者奸杀少女被判死缓，服刑18年后出狱 江西省检察院：认定事实有误，建议再审
https://new.qq.com/rain/a/20240920A0ADOE00

2024-09-21 07:01:09,713 - INFO - EXPIRED
中美经济工作组举行第五次会议
https://new.qq.com/rain/a/20240920A0A7G800

2024-09-21 07:01:09,713 - INFO - EXPIRED
深圳日籍男童遇害案中方未提供作案动机相关信息？中国外交部回应
https://new.qq.com/rain/a/20240920A0AAUH00

2024-09-21 07:01:09,713 - INFO - EXPIRED
给餐饮老板“收尸”，贵州青年暴富
https://new.qq.com/rain/a/20240920A067I000

2024-09-21 07:01:09,713 - INFO - EXPIRED
安徽一石像坠落致11岁男孩身亡：男童头部被砸，石像系第三方公司养护
https://new.qq.com/rain/a/20240920V0A40Z00

2024-09-21 07:01:09,713 - INFO - EXPIRED
俄女首富丈夫带人强闯公司爆枪战，起底背后政商利益集团
https://new.qq.com/rain/a/20240920A0630K00

2024-09-21 07:01:09,713 - INFO - EXPIRED
新国标拟对电动自行车限速25公里，网友称太慢不如自行车，什么速度更合理？
https://view.inews.qq.com/a/20240920Q01ZEP00

2024-09-21 07:01:09,713 - INFO - EXPIRED
前华人首富赵长鹏要出狱了！是美国最有钱的服刑罪犯
https://new.qq.com/rain/a/20240920A07JDS00

2024-09-21 07:01:09,713 - INFO - EXPIRED
管培生拒绝周末跑10公里被辞退，城市经理：与公司用人标准有关
https://new.qq.com/rain/a/20240920A09LJ300

2024-09-21 07:01:09,713 - INFO - EXPIRED
教育部发布2025年全国硕士研究生招生初试和报名时间安排
https://new.qq.com/rain/a/20240920A0912800

2024-09-21 07:01:09,713 - INFO - EXPIRED
上海青浦出现龙卷，多位网友拍下现场画面：空中卷起巨大漩涡
https://new.qq.com/rain/a/20240920V096ST00

2024-09-21 07:01:09,713 - INFO - EXPIRED
何立峰会见中美经济工作组美方代表团
https://new.qq.com/rain/a/20240920A09YAV00

2024-09-21 07:01:09,713 - INFO - EXPIRED
深圳日本人学校学童不幸遇害，驻日本使馆发言人答记者问
https://new.qq.com/rain/a/20240920A092NE00

2024-09-21 07:01:09,713 - INFO - EXPIRED
“给领导买饭”，刺痛打工人
https://new.qq.com/rain/a/20240920A01XQ500

2024-09-21 07:01:09,713 - INFO - EXPIRED
男子杀害女友及自己母亲后，带上嫂嫂潜逃32年，落网时称“解脱了”
https://new.qq.com/rain/a/20240920A04Q7V00

2024-09-21 07:01:09,713 - INFO - EXPIRED
唐山打人案获刑民警陈志伟：处警过程均由领导安排，我坚信我是无罪的
https://new.qq.com/rain/a/20240920A05YBW00

2024-09-21 07:01:09,713 - INFO - EXPIRED
外卖小哥疑劳累过度雨中去世？当事人辟谣：熬夜打游戏太累，睡着了
https://new.qq.com/rain/a/20240920A06OIU00

2024-09-21 07:01:09,713 - INFO - EXPIRED
为什么国内奢华酒店开始“抱团取暖”
https://new.qq.com/rain/a/20240920A00ULQ00

2024-09-21 07:01:09,713 - INFO - EXPIRED
8月份全国城镇不包含在校生的16-24岁劳动力失业率为18.8%
https://new.qq.com/rain/a/20240920A06FXY00

2024-09-21 07:01:09,713 - INFO - EXPIRED
河南暴雨后有人疑似触电身亡：路人拿棍子捞未果，遇难者是两孩子母亲
https://new.qq.com/rain/a/20240920V08NY900

2024-09-21 07:01:09,713 - INFO - EXPIRED
外交部：中日发布共识文件与日本男童遇袭没有关联
https://new.qq.com/rain/a/20240920A05U2S00

2024-09-21 07:01:09,713 - INFO - EXPIRED
贵州省公安厅原巡视员周云被公诉，曾帮人开办武装押运公司
https://new.qq.com/rain/a/20240920A05K1200

2024-09-21 07:01:09,713 - INFO - EXPIRED
故宫回应北大本科生入职保卫处：是综合部门，入职后进行岗位分配
https://new.qq.com/rain/a/20240920V03SUY00

2024-09-21 07:01:09,713 - INFO - EXPIRED
贵州黄平突发刑案：疑小学教师杀害同事后潜逃，警方最高悬赏十万缉捕
https://new.qq.com/rain/a/20240920A06V9A00

2024-09-21 07:01:09,713 - INFO - EXPIRED
证监会：支持合规稳健的优质证券公司适度提升资本使用效率
https://new.qq.com/rain/a/20240920A07QZ000

2024-09-21 07:01:09,713 - INFO - EXPIRED
当慢性病病人，被医生劝出院
https://new.qq.com/rain/a/20240920A03J0O00

2024-09-21 07:01:09,713 - INFO - EXPIRED
长安副总裁王辉：中国汽车品牌成长为国际一流企业的窗口期已经到来
https://new.qq.com/rain/a/20240920A07KOO00

2024-09-21 07:01:09,713 - INFO - EXPIRED
受贿5329万余元！中国石油天然气集团原副总经理徐文荣一审获刑十四年
https://new.qq.com/rain/a/20240920A06ENG00

2024-09-21 07:01:09,713 - INFO - EXPIRED
财政部：1-8月全国一般公共预算收入147776亿元 同比下降2.6%
https://new.qq.com/rain/a/20240920A06A8I00

2024-09-21 07:01:09,713 - INFO - EXPIRED
中国维和部队营区周边多枚航弹爆炸，距离仅730米！
https://new.qq.com/rain/a/20240920V067OP00

2024-09-21 07:01:09,713 - INFO - EXPIRED
1-8月证券交易印花税653亿元 同比下降55.5%
https://new.qq.com/rain/a/20240920A06B6N00

2024-09-21 07:01:09,713 - INFO - EXPIRED
国内成品油价迎年内最大降幅，加满一箱油少花14.5元
https://new.qq.com/rain/a/20240920A06BB500

2024-09-21 07:01:09,713 - INFO - EXPIRED
男生快递站猥亵女生 浙理工科艺学院回应：涉事男生已放弃入学资格
https://new.qq.com/rain/a/20240920A04LVJ00

2024-09-21 07:01:09,713 - INFO - EXPIRED
云南网红“小英一家”被曝曾送养两个女孩？民政部门：正调查
https://new.qq.com/rain/a/20240920A051KK00

2024-09-21 07:01:09,713 - INFO - EXPIRED
湖南省财政厅发布讣告：厅长刘文杰不幸遇害，享年58岁
https://new.qq.com/rain/a/20240920A069RF00

2024-09-21 07:01:09,713 - INFO - EXPIRED
美国一男子威胁要谋杀美联邦最高法院6名大法官，美国司法部长谴责
https://new.qq.com/rain/a/20240920A0469O00

2024-09-21 07:01:09,713 - INFO - EXPIRED
《金融租赁公司管理办法》修订发布：提高主要出资人最低持股比例
https://new.qq.com/rain/a/20240920A05U1N00

2024-09-21 07:01:09,713 - INFO - EXPIRED
胡捷教授：同事都在加班996，我5点干完下班有错吗？
https://new.qq.com/rain/a/20240920V068OM00

2024-09-21 07:01:09,713 - INFO - EXPIRED
深圳日本人学校被刺学生不幸去世，嫌犯为单人作案已依法刑拘
https://new.qq.com/rain/a/20240920A03WD800

2024-09-21 07:01:09,713 - INFO - EXPIRED
卡德罗夫称马斯克所赠赛博皮卡被远程锁车 此前承诺将皮卡送到前线
https://new.qq.com/rain/a/20240920V03OIF00

2024-09-21 07:01:09,713 - INFO - EXPIRED
英国外教对学生灌输台湾不属于中国？民办教育协会：涉事主体无资质
https://new.qq.com/rain/a/20240920A049OH00

2024-09-21 07:01:09,713 - INFO - EXPIRED
外交部：中日达成共识文件不意味中方立即全面恢复日本水产品进口
https://new.qq.com/rain/a/20240920A05I9B00

2024-09-21 07:01:09,713 - INFO - EXPIRED
五年内央企将全面建立“科学、理性、高效”的董事会
https://new.qq.com/rain/a/20240920A05BOS00

2024-09-21 07:01:09,713 - INFO - EXPIRED
“以为是游泳健身，没想到是存款理财”，中收承压，银行工作人员也开始街头发传单了
https://new.qq.com/rain/a/20240920A02QEX00

2024-09-21 07:01:09,713 - INFO - EXPIRED
印度又“左右逢源”？传印度所售弹药被转入乌克兰，俄罗斯怒了
https://new.qq.com/rain/a/20240920A02IVB00

2024-09-21 07:01:09,713 - INFO - EXPIRED
美团骑手收入大曝光：一线城市月均7354元 “8万研究生送外卖”是假的
https://new.qq.com/rain/a/20240920A006JC00

2024-09-21 07:01:09,713 - INFO - EXPIRED
“国企女老总”被包工头举报收203万打点费 企业：被举报人非正式员工
https://new.qq.com/rain/a/20240920A03CJQ00

2024-09-21 07:01:09,713 - INFO - EXPIRED
A股收评：沪指探底回升微涨0.03%，信创概念股全线爆发
https://new.qq.com/rain/a/20240920A051S500

2024-09-21 07:01:09,713 - INFO - EXPIRED
民政部：从未发布或批准发布“中国养老保险”App
https://new.qq.com/rain/a/20240920A04MU700

2024-09-21 07:01:09,713 - INFO - EXPIRED
中日就核污染水排海问题达成共识，中方将逐步恢复合规日本水产品进口
https://new.qq.com/rain/a/20240920A04SHJ00

2024-09-21 07:01:09,713 - INFO - EXPIRED
“你要打我啊？”中国女游客在泰国被导游强制要求购物，遭导游推搡
https://new.qq.com/rain/a/20240920V03Y7O00

2024-09-21 07:01:09,713 - INFO - EXPIRED
河南叶县强拆果园为高速让路，当地成立联合调查组，果园负责人发声
https://new.qq.com/rain/a/20240920A0356D00

2024-09-21 07:01:09,713 - INFO - EXPIRED
丈夫酒后多次家暴被诉离婚，法庭内扛起妻子就跑，法院：双方有感情基础，调解后和好
https://new.qq.com/rain/a/20240919A08LTW00

2024-09-21 07:01:09,713 - INFO - EXPIRED
湖北籍奥运冠军郑钦文、昌雅妮、王宗源、孙佳俊获赠超百万奖金及住房
https://new.qq.com/rain/a/20240920A0226I00

2024-09-21 07:01:09,713 - INFO - EXPIRED
3名硕士应聘云南保山学院宿管，招聘方：有相关公示，硕士免笔试
https://new.qq.com/rain/a/20240920A03WWI00

2024-09-21 07:01:09,714 - INFO - EXPIRED
中新网评：面对伤人案，中国社会始终与善良正义站在一起
https://new.qq.com/rain/a/20240920A043QZ00

2024-09-21 07:01:09,714 - INFO - EXPIRED
营销又翻车！司马南扮装李白惹争议，西凤酒紧急发文规范推广
https://new.qq.com/rain/a/20240920A03ZOX00

2024-09-21 07:01:09,714 - INFO - EXPIRED
举报前国企高管后收到200万元 河北一女子被控敲诈勒索罪一审获刑10年
https://new.qq.com/rain/a/20240919A086OM00

2024-09-21 07:01:10,205 - ERROR - ERROR
南京一汽车撞电动车后逃逸，肇事司机在其他地方死亡，共致两死一伤
https://new.qq.com/rain/a/20240921V03O4200
('list index out of range',)
======
Traceback (most recent call last):
  File "/home/runner/work/qqnews/qqnews/qq.py", line 81, in process_article
    ss = str(tmpbs.select("div.LEFT div.content.clearfix")[0])
             ~~~~~~~~~~~~~~~~~~~~~~~~~~~~~~~~~~~~~~~~~~~~~^^^
IndexError: list index out of range


2024-09-21 07:01:10,216 - INFO - INVALID
普京签令，梅德韦杰夫获新职
https://new.qq.com/rain/a/20240921A03MFB00

2024-09-21 07:01:10,221 - INFO - INVALID
董明珠：我们最大的困难就是买房搞了很多房贷
https://new.qq.com/rain/a/20240921A03TSR00

2024-09-21 07:01:10,292 - INFO - INVALID
多家媒体目击以军“屋顶抛尸”，白宫：视频令人不安，以方保证将调查
https://new.qq.com/rain/a/20240921A01K6200

2024-09-21 07:01:10,574 - INFO - INVALID
杭州一写字楼空调爆炸致维修工人身亡，消防：事故原因还在调查
https://new.qq.com/rain/a/20240921A039X600

2024-09-21 07:01:10,617 - INFO - INVALID
原箱飞天跌破2400元_瓶，茅台打响“股价保卫战”，最高斥资60亿回购
https://new.qq.com/rain/a/20240921A031V300

2024-09-21 07:01:10,643 - INFO - INVALID
居民资产收益率与负债成本倒挂 存量房贷利率调降呼声再起
https://new.qq.com/rain/a/20240921A02D3C00

2024-09-21 07:01:10,653 - INFO - INVALID
网友建议昆明南站为乘客换乘地铁免安检，官方：曾多次组织协商未果
https://new.qq.com/rain/a/20240921A03J4I00

2024-09-21 07:01:10,816 - ERROR - ERROR
江苏一小区有人高空抛大便，全楼测DNA，还有别的办法吗？找出肇事者会怎么处罚？
https://view.inews.qq.com/a/20240921Q01HGZ00
('list index out of range',)
======
Traceback (most recent call last):
  File "/home/runner/work/qqnews/qqnews/qq.py", line 81, in process_article
    ss = str(tmpbs.select("div.LEFT div.content.clearfix")[0])
             ~~~~~~~~~~~~~~~~~~~~~~~~~~~~~~~~~~~~~~~~~~~~~^^^
IndexError: list index out of range


2024-09-21 07:01:10,926 - INFO - INVALID
一张CT片子套多个病历，医生实名举报江苏无锡虹桥医院涉嫌骗保
https://new.qq.com/rain/a/20240921A0255C00

2024-09-21 07:01:10,992 - INFO - INVALID
稻城亚丁景区禁止游客吃泡面？官方通报
https://new.qq.com/rain/a/20240921A02M9O00

2024-09-21 07:01:11,027 - INFO - INVALID
探访舆论漩涡里的百万粉丝网红小英：没有剧本，平日仍需干农活
https://new.qq.com/rain/a/20240921A03UT100

2024-09-21 07:01:11,070 - INFO - INVALID
非法入境朝鲜的美国士兵被判处一年监禁
https://new.qq.com/rain/a/20240921A01VUV00

2024-09-21 07:01:11,265 - INFO - INVALID
现场图片！多枚航弹爆炸致我赴黎维和部队营区受损
https://new.qq.com/rain/a/20240921A00MUZ00

2024-09-21 07:01:11,359 - INFO - INVALID
吉利总裁安聪慧回应智驾大整合：内部已达共识，极氪主攻高阶智驾方案
https://new.qq.com/rain/a/20240921A01CLT00

2024-09-21 07:01:11,385 - INFO - INVALID
韩媒：韩国检方请求判处李在明2年有期徒刑
https://new.qq.com/rain/a/20240921A00X0C00

2024-09-21 07:01:11,424 - INFO - INVALID
中共中央批准，于立军任四川省委副书记
https://new.qq.com/rain/a/20240921A01C2B00

2024-09-21 07:01:11,519 - INFO - INVALID
李斌掀桌子：乐道首款车低价入市，未来有机会做到15%左右毛利
https://new.qq.com/rain/a/20240921A01HCG00

2024-09-21 07:01:11,706 - INFO - INVALID
中日关系，终于传来一个好消息
https://new.qq.com/rain/a/20240921A00Q3O00

2024-09-21 07:01:11,728 - INFO - INVALID
中国房地产报：以更开阔视野和思维做好楼市工作
https://new.qq.com/rain/a/20240921A00TB500

2024-09-21 07:01:11,733 - INFO - INVALID
南京六合区道路上发生一起事故，官方：致一死一伤
https://new.qq.com/rain/a/20240921A006PM00

2024-09-21 07:01:11,777 - INFO - INVALID
中日就核污染水排海问题达成共识，有三个关键信息
https://new.qq.com/rain/a/20240921A00M2P00

2024-09-21 07:01:12,022 - INFO - INVALID
中国城市95后人才吸引力排名：深圳超越北京居榜首，无锡青岛跻身前十
https://new.qq.com/rain/a/20240921A0005200

