2025-09-05 00:38:16,892 - INFO - Total time taken: {'ret': 0, 'msg': 'success', 'data': None}
2025-09-05 00:38:16,892 - INFO - 'NoneType' object is not subscriptable
2025-09-05 00:38:16,893 - INFO - Traceback (most recent call last):
  File "/home/runner/work/qqnews/qqnews/qq.py", line 128, in main
    for i in qq1["data"]["list"]:
             ~~~~~~~~~~~^^^^^^^^
TypeError: 'NoneType' object is not subscriptable

2025-09-05 02:15:51,730 - INFO - Total time taken: {'ret': 0, 'msg': 'success', 'data': None}
2025-09-05 02:15:51,730 - INFO - 'NoneType' object is not subscriptable
2025-09-05 02:15:51,731 - INFO - Traceback (most recent call last):
  File "/home/runner/work/qqnews/qqnews/qq.py", line 128, in main
    for i in qq1["data"]["list"]:
             ~~~~~~~~~~~^^^^^^^^
TypeError: 'NoneType' object is not subscriptable

2025-09-05 03:23:25,043 - INFO - Total time taken: {'ret': 0, 'msg': 'success', 'data': None}
2025-09-05 03:23:25,043 - INFO - 'NoneType' object is not subscriptable
2025-09-05 03:23:25,044 - INFO - Traceback (most recent call last):
  File "/home/runner/work/qqnews/qqnews/qq.py", line 128, in main
    for i in qq1["data"]["list"]:
             ~~~~~~~~~~~^^^^^^^^
TypeError: 'NoneType' object is not subscriptable

2025-09-05 04:01:27,873 - INFO - Total time taken: {'ret': 0, 'msg': 'success', 'data': None}
2025-09-05 04:01:27,874 - INFO - 'NoneType' object is not subscriptable
2025-09-05 04:01:27,874 - INFO - Traceback (most recent call last):
  File "/home/runner/work/qqnews/qqnews/qq.py", line 128, in main
    for i in qq1["data"]["list"]:
             ~~~~~~~~~~~^^^^^^^^
TypeError: 'NoneType' object is not subscriptable

2025-09-05 05:01:27,333 - INFO - Total time taken: {'ret': 0, 'msg': 'success', 'data': None}
2025-09-05 05:01:27,333 - INFO - 'NoneType' object is not subscriptable
2025-09-05 05:01:27,334 - INFO - Traceback (most recent call last):
  File "/home/runner/work/qqnews/qqnews/qq.py", line 128, in main
    for i in qq1["data"]["list"]:
             ~~~~~~~~~~~^^^^^^^^
TypeError: 'NoneType' object is not subscriptable

2025-09-05 06:12:49,578 - INFO - Total time taken: {'ret': 0, 'msg': 'success', 'data': None}
2025-09-05 06:12:49,578 - INFO - 'NoneType' object is not subscriptable
2025-09-05 06:12:49,578 - INFO - Traceback (most recent call last):
  File "/home/runner/work/qqnews/qqnews/qq.py", line 128, in main
    for i in qq1["data"]["list"]:
             ~~~~~~~~~~~^^^^^^^^
TypeError: 'NoneType' object is not subscriptable

2025-09-05 07:01:24,235 - INFO - Total time taken: {'ret': 0, 'msg': 'success', 'data': None}
2025-09-05 07:01:24,236 - INFO - 'NoneType' object is not subscriptable
2025-09-05 07:01:24,236 - INFO - Traceback (most recent call last):
  File "/home/runner/work/qqnews/qqnews/qq.py", line 128, in main
    for i in qq1["data"]["list"]:
             ~~~~~~~~~~~^^^^^^^^
TypeError: 'NoneType' object is not subscriptable

2025-09-05 08:11:36,884 - INFO - Total time taken: {'ret': 0, 'msg': 'success', 'data': None}
2025-09-05 08:11:36,885 - INFO - 'NoneType' object is not subscriptable
2025-09-05 08:11:36,885 - INFO - Traceback (most recent call last):
  File "/home/runner/work/qqnews/qqnews/qq.py", line 128, in main
    for i in qq1["data"]["list"]:
             ~~~~~~~~~~~^^^^^^^^
TypeError: 'NoneType' object is not subscriptable

2025-09-05 09:01:22,561 - INFO - Total time taken: {'ret': 0, 'msg': 'success', 'data': None}
2025-09-05 09:01:22,562 - INFO - 'NoneType' object is not subscriptable
2025-09-05 09:01:22,562 - INFO - Traceback (most recent call last):
  File "/home/runner/work/qqnews/qqnews/qq.py", line 128, in main
    for i in qq1["data"]["list"]:
             ~~~~~~~~~~~^^^^^^^^
TypeError: 'NoneType' object is not subscriptable

2025-09-05 10:01:29,070 - INFO - Total time taken: {'ret': 0, 'msg': 'success', 'data': None}
2025-09-05 10:01:29,071 - INFO - 'NoneType' object is not subscriptable
2025-09-05 10:01:29,071 - INFO - Traceback (most recent call last):
  File "/home/runner/work/qqnews/qqnews/qq.py", line 128, in main
    for i in qq1["data"]["list"]:
             ~~~~~~~~~~~^^^^^^^^
TypeError: 'NoneType' object is not subscriptable

2025-09-05 11:01:19,139 - INFO - Total time taken: {'ret': 0, 'msg': 'success', 'data': None}
2025-09-05 11:01:19,139 - INFO - 'NoneType' object is not subscriptable
2025-09-05 11:01:19,139 - INFO - Traceback (most recent call last):
  File "/home/runner/work/qqnews/qqnews/qq.py", line 128, in main
    for i in qq1["data"]["list"]:
             ~~~~~~~~~~~^^^^^^^^
TypeError: 'NoneType' object is not subscriptable

