2024-12-09 00:39:39,165 - INFO - EXPIRED
拆华为和中兴的电信设备还缺30亿美元，美通信委员会找国会要钱
https://new.qq.com/rain/a/20241208A06RRU00

2024-12-09 00:39:39,165 - INFO - EXPIRED
蔡国强烟花秀大量无人机坠海，网友直呼遗憾，本人回应
https://new.qq.com/rain/a/20241208A06S6Q00

2024-12-09 00:39:39,165 - INFO - EXPIRED
口腔医疗乱象：8家诊所给出4种看牙方案，中华口腔医学会给钱就当会员
https://new.qq.com/rain/a/20241208A06DJH00

2024-12-09 00:39:39,166 - INFO - EXPIRED
母女俩列车霸座还持刀威胁，12306回应
https://new.qq.com/rain/a/20241208A05QCZ00

2024-12-09 00:39:39,166 - INFO - EXPIRED
自查自纠还是强制罚款？山西临汾医保局上门催缴“违规金”引发质疑
https://new.qq.com/rain/a/20241208A045M900

2024-12-09 00:39:39,166 - INFO - EXPIRED
石家庄一学校学生穿完演出服后集体退货？商家：吊牌摘了，裤腿也脏了
https://new.qq.com/rain/a/20241208A05BN400

2024-12-09 00:39:39,166 - INFO - EXPIRED
特朗普：将加征关税 不确定美家庭是否会付出更多代价
https://new.qq.com/rain/a/20241208A06WR800

2024-12-09 00:39:39,166 - INFO - EXPIRED
实拍大批叙利亚人进入阿萨德住宅：妇女儿童闲逛 室内一片混乱
https://new.qq.com/rain/a/20241208V06T6T00

2024-12-09 00:39:39,166 - INFO - EXPIRED
亏了45亿，石油大亨要坐牢到99岁
https://new.qq.com/rain/a/20241208A04OBD00

2024-12-09 00:39:39,166 - INFO - EXPIRED
韩国国会未通过尹锡悦弹劾案，尹锡悦还有机会自救吗？在野党会如何反击？
https://view.inews.qq.com/a/20241207Q07IDE00

2024-12-09 00:39:39,166 - INFO - EXPIRED
国内“80后”地级市市长，有望增至5位
https://new.qq.com/rain/a/20241208A06NAX00

2024-12-09 00:39:39,166 - INFO - EXPIRED
马云现身蚂蚁20周年现场罕见演讲：感谢这些年的经历和考验
https://new.qq.com/rain/a/20241208A06PLE00

2024-12-09 00:39:39,166 - INFO - EXPIRED
江西九江某幼教机构卫生间发现摄像头 警方通报：32岁男子被抓获
https://new.qq.com/rain/a/20241208A06L0T00

2024-12-09 00:39:39,166 - INFO - EXPIRED
11月A股新开户数近270万户 年内单月第二高
https://new.qq.com/rain/a/20241208A06TOY00

2024-12-09 00:39:39,166 - INFO - EXPIRED
重大项目发力，多地下好明年投资“先手棋”
https://new.qq.com/rain/a/20241208A06J7X00

2024-12-09 00:39:39,166 - INFO - EXPIRED
男子醉驾超速行驶致2死3伤 伤者：司机肇事后弃车逃逸
https://new.qq.com/rain/a/20241208V06R4J00

2024-12-09 00:39:39,166 - INFO - EXPIRED
聊天记录、阴阳合同？湘财股份公告澄清，涉及三个关键点
https://new.qq.com/rain/a/20241208A06J1100

2024-12-09 00:39:39,166 - INFO - EXPIRED
河北廊坊一车辆挡住救护车去路，致老人看病延误遗憾离世？多部门回应
https://new.qq.com/rain/a/20241208A04UQC00

2024-12-09 00:39:39,166 - INFO - EXPIRED
上海交大回应校内小鹿死亡：暂未确定原因，初步判断被貉咬过
https://new.qq.com/rain/a/20241208A05ZKF00

2024-12-09 00:39:39,166 - INFO - EXPIRED
孙铭徽重伤时刻完整回顾：被李炎哲肘击担架抬出场 双方球员祈祷
https://new.qq.com/rain/a/20241208V06G0I00

2024-12-09 00:39:39,166 - INFO - EXPIRED
广东珠海市市长、市公安局局长调整
https://new.qq.com/rain/a/20241208A06AME00

2024-12-09 00:39:39,166 - INFO - EXPIRED
外媒：特朗普与马克龙、泽连斯基在巴黎会面后，称乌克兰希望与俄罗斯“达成协议”
https://new.qq.com/rain/a/20241208A05GZI00

2024-12-09 00:39:39,166 - INFO - EXPIRED
家长辅导娃作业血压飙到240被气进医院，你有过类似崩溃时刻吗？有什么解决妙招吗？
https://view.inews.qq.com/a/20241208Q058YV00

2024-12-09 00:39:39,166 - INFO - EXPIRED
黄仁勋，有个机器人梦
https://new.qq.com/rain/a/20241208A05KS900

2024-12-09 00:39:39,166 - INFO - EXPIRED
叙利亚总理正在大马士革与反政府武装进行权力交接
https://new.qq.com/rain/a/20241208A065F500

2024-12-09 00:39:39,166 - INFO - EXPIRED
果农卖自家苹果标注“阿克苏”被起诉，地名被注册成商标后，必须加入协会才能使用吗？
https://view.inews.qq.com/a/20241207Q0883F00

2024-12-09 00:39:39,166 - INFO - EXPIRED
博主称紫燕百味鸡大肠杆菌超标数百倍，吃了会带来哪些危害？问题出在哪个环节？
https://view.inews.qq.com/a/20241207Q01RFT00

2024-12-09 00:39:39,166 - INFO - EXPIRED
登山家贡布逝世，曾创造从北坡攀登珠峰的伟大壮举
https://new.qq.com/rain/a/20241208A04N7U00

2024-12-09 00:39:39,166 - INFO - EXPIRED
伍佰上海演出被大喊退票！南京站购票页面：不是演唱会，谨慎购买
https://new.qq.com/rain/a/20241208A03FNU00

2024-12-09 00:39:39,166 - INFO - EXPIRED
美参众两院最终版NDAA未纳入生物安全法案，明年会否“卷土重来”
https://new.qq.com/rain/a/20241208A04YFB00

2024-12-09 00:39:39,166 - INFO - EXPIRED
老山战斗英雄原明逝世，曾带敢死队13分钟拔掉敌人两个据点
https://new.qq.com/rain/a/20241208A02UPT00

2024-12-09 00:39:39,166 - INFO - EXPIRED
深圳警方辟谣“地铁3号线发生爆炸”：系不实消息，发生线路故障已迅速修复
https://new.qq.com/rain/a/20241208A04NII00

2024-12-09 00:39:39,166 - INFO - EXPIRED
产品被曝大肠菌群超标？紫燕食品最新回应：已委托第三方检测
https://new.qq.com/rain/a/20241208A057BW00

2024-12-09 00:39:39,166 - INFO - EXPIRED
药王谷抗癌争议：家属称死亡患者增至30人 为举证有患者愿以身试药
https://new.qq.com/rain/a/20241208A03BKP00

2024-12-09 00:39:39,166 - INFO - EXPIRED
男子酒后与妻子争吵，怀中女儿滑出窗外从6楼坠亡，男子获刑4年
https://new.qq.com/rain/a/20241208A03PFA00

2024-12-09 00:39:39,166 - INFO - EXPIRED
下周重磅日程：中国市场最期盼的重要会议，要来了
https://new.qq.com/rain/a/20241208A055D000

2024-12-09 00:39:39,166 - INFO - EXPIRED
叙利亚反对派占领大马士革，以后叙利亚就能太平了吗？会像利比亚当年一样乱吗？
https://view.inews.qq.com/a/20241208Q03JQL00

2024-12-09 00:39:39,166 - INFO - EXPIRED
当过东莞市市长，71岁的李毓全被开除党籍，一“老下属”上月刚被查
https://new.qq.com/rain/a/20241208A03HCA00

2024-12-09 00:39:39,166 - INFO - EXPIRED
54岁日本女演员疑因热休克在浴室死亡，什么是热休克？独居该防范哪些致命危险？
https://view.inews.qq.com/a/20241207Q01LB700

2024-12-09 00:39:39,166 - INFO - EXPIRED
广州动物园一条鳄鱼瘦得“皮包骨头”？园方回应
https://new.qq.com/rain/a/20241208A03MKA00

2024-12-09 00:39:39,166 - INFO - EXPIRED
河南封丘一男孩让智障老人冬天泡在湖水中？镇政府回应
https://new.qq.com/rain/a/20241207A06WO100

2024-12-09 00:39:39,166 - INFO - EXPIRED
一线城市土拍频出百亿“地王”，房企吹响明年竞争号角
https://new.qq.com/rain/a/20241208A031UV00

2024-12-09 00:39:39,166 - INFO - EXPIRED
外媒：马斯克优化国防采购第一刀可能砍向这里
https://new.qq.com/rain/a/20241207A0818F00

2024-12-09 00:39:39,166 - INFO - EXPIRED
叙利亚总统阿萨德被曝已离开首都大马士革，此时离开意味着什么？
https://view.inews.qq.com/a/20241208Q038CH00

2024-12-09 00:39:39,166 - INFO - EXPIRED
中学生给境外间谍拉“下线”？！国安部最新披露
https://new.qq.com/rain/a/20241207A05C3D00

2024-12-09 00:39:39,166 - INFO - EXPIRED
涉嫌非法禁锢15岁女孩，新加坡22岁中国留学生不认罪
https://new.qq.com/rain/a/20241207A04G3X00

2024-12-09 00:39:39,166 - INFO - EXPIRED
美国2025财年国防授权法案最终协议文本公布 生物安全法案未被列入
https://new.qq.com/rain/a/20241208A035DF00

2024-12-09 00:39:39,166 - INFO - EXPIRED
山东荣成冷链仓库火灾事故失联9人全部找到，均无生命体征
https://new.qq.com/rain/a/20241208A0245S00

2024-12-09 00:39:39,166 - INFO - EXPIRED
叙利亚总统阿萨德被曝已离开大马士革，他最可能去哪里？还有机会卷土重来吗？
https://view.inews.qq.com/a/20241208Q02ZND00

2024-12-09 00:39:39,166 - INFO - EXPIRED
“史上最严车检来了”？记者多方求证
https://new.qq.com/rain/a/20241208A01GJI00

2024-12-09 00:39:39,167 - INFO - EXPIRED
中国黄金集团有限公司原副总经理赵占国接受审查调查
https://new.qq.com/rain/a/20241208A02H0F00

2024-12-09 00:39:39,167 - INFO - EXPIRED
蚂蚁集团CEO换人，做了9个月总裁的韩歆毅接任
https://new.qq.com/rain/a/20241208A02EB600

2024-12-09 00:39:39,167 - INFO - EXPIRED
国航一航班在厦门落地前遭遇鸟群，机场及航司回应，撞击瞬间曝光
https://new.qq.com/rain/a/20241207V04LLJ00

2024-12-09 00:39:39,167 - INFO - EXPIRED
税收新政下，中介到房地产交易中心“上班”，一天接待3、4批客户
https://new.qq.com/rain/a/20241208A0166400

2024-12-09 00:39:39,167 - INFO - EXPIRED
候补中央委员陈永奇，已任江西省委副书记
https://new.qq.com/rain/a/20241208A01GK400

2024-12-09 00:39:39,167 - INFO - EXPIRED
月销过万是数据作假？岚图紧急辟谣并报案，CEO卢放发声
https://new.qq.com/rain/a/20241207A083EH00

2024-12-09 00:39:39,167 - INFO - EXPIRED
法国巴黎圣母院举行重新开放仪式 仪式前马克龙会见特朗普与泽连斯基
https://new.qq.com/rain/a/20241208A01BSA00

2024-12-09 00:39:39,167 - INFO - EXPIRED
胖东来董事长于东来要参加2025年春晚？官方回应：系虚假谣言
https://new.qq.com/rain/a/20241207A084L200

2024-12-09 00:39:39,167 - INFO - EXPIRED
X为Grok推出新AI图像生成模型Aurora，可生成更加逼真的图像
https://new.qq.com/rain/a/20241208A01JA700

2024-12-09 00:39:39,167 - INFO - EXPIRED
美国宣布向乌克兰提供价值9.88亿美元军事援助
https://new.qq.com/rain/a/20241208A015NB00

2024-12-09 00:39:39,167 - INFO - EXPIRED
“祁天道”复出后的朋友圈：多个曾被封号千万级网红来引流甚至成为榜一大哥
https://new.qq.com/rain/a/20241207A06PH400

2024-12-09 00:39:39,167 - INFO - EXPIRED
大降价也救不回，宜家的沙发上已经没人了
https://new.qq.com/rain/a/20241207A02CUQ00

2024-12-09 00:39:39,167 - INFO - EXPIRED
广州“电鸡”新规限速15公里，外卖骑手称来不及送餐，业内人呼吁平台放宽配送时间
https://new.qq.com/rain/a/20241207A01NG200

2024-12-09 00:39:39,167 - INFO - EXPIRED
25岁抗癌女网红去世，生前是辅警，妈妈悲痛发文：这一别再无相见
https://new.qq.com/rain/a/20241207A048SG00

2024-12-09 00:39:39,167 - INFO - EXPIRED
小伙称在美国卖“三蹦子”，3个月赚100万元，“倒车请注意”改成英文
https://new.qq.com/rain/a/20241207A070J800

2024-12-09 00:39:39,167 - INFO - EXPIRED
上海一男子花300多万买到凶宅，这该如何维权？通过什么办法能识别凶宅？
https://view.inews.qq.com/a/20241206Q04OX400

2024-12-09 00:39:39,167 - INFO - EXPIRED
中建八局施工项目“保安用照片打卡事件“仍无进展？住建局：不清楚
https://new.qq.com/rain/a/20241207A06LH200

2024-12-09 00:39:39,167 - INFO - EXPIRED
美国加州州长警告：每一个美国人都要承担加征关税引发的后果
https://new.qq.com/rain/a/20241207A01KSE00

2024-12-09 00:39:39,167 - INFO - EXPIRED
时隔半年中国央行再增持黄金，金价未来走势如何，释放了什么信号
https://new.qq.com/rain/a/20241207A04FLN00

2024-12-09 00:39:39,167 - INFO - EXPIRED
山航飞机大雪中“硬核降落”，业内人士：符合飞行条件雪中起降很正常
https://new.qq.com/rain/a/20241207A06QWX00

2024-12-09 00:39:39,167 - INFO - EXPIRED
朱泽宇操纵23只股票被罚没近3500万，一个散户如何操纵股票？对股民伤害有多大？
https://view.inews.qq.com/a/20241206Q09ZIL00

2024-12-09 00:39:39,167 - INFO - EXPIRED
阿里大文娱CEO樊路远道歉：向灵犀同学道歉，自罚三个月工资
https://new.qq.com/rain/a/20241207A07C3R00

2024-12-09 00:39:39,167 - INFO - EXPIRED
丧子的公婆装监控看孙子被儿媳起诉，法院判决不用拆，为何不属于侵犯隐私？
https://view.inews.qq.com/a/20241206Q082ET00

2024-12-09 00:39:39,167 - INFO - EXPIRED
韩国执政党议员退场，抵制尹锡悦总统弹劾案表决，为何临阵离场？尹锡悦安全了吗？
https://view.inews.qq.com/a/20241207Q06J1600

2024-12-09 00:39:39,167 - INFO - EXPIRED
跑步入场后的“融资客”：有的观望等待时机，有的空仓离场
https://new.qq.com/rain/a/20241207A04TZZ00

2024-12-09 00:39:39,167 - INFO - EXPIRED
航行警告！12月8日4时至12日8时，渤海海峡部分水域进行军事活动
https://new.qq.com/rain/a/20241207A06XS600

2024-12-09 00:39:39,167 - INFO - EXPIRED
美联合健康保险公司CEO纽约当街被枪杀：嫌犯背包在中央公园被发现，恐已离开纽约
https://new.qq.com/rain/a/20241207A030KJ00

2024-12-09 00:39:39,167 - INFO - EXPIRED
33家光伏企业闭门商讨防“内卷”
https://new.qq.com/rain/a/20241207A06R3I00

2024-12-09 00:39:39,167 - INFO - EXPIRED
三亚国际免税城折扣店购物要上交手机并指纹存取？回应：防止偷拍特价商品，不会采集生物信息
https://new.qq.com/rain/a/20241206A090UP00

2024-12-09 00:39:39,167 - INFO - EXPIRED
“打包”香蕉，偷食鸡蛋，猕猴与人的“邻里纠纷”
https://new.qq.com/rain/a/20241207A049HX00

2024-12-09 00:39:39,167 - INFO - EXPIRED
河南封丘一男孩疑推智障老人下水 当地回应：正在处理此事，已与老人、小孩家属沟通
https://new.qq.com/rain/a/20241207A040CI00

2024-12-09 00:39:39,167 - INFO - EXPIRED
垂钓者在禁钓区与渔政人员发生冲突，为何有地方不准钓鱼？钓鱼对生态影响大吗？
https://view.inews.qq.com/a/20241206Q07ID600

2024-12-09 00:39:39,167 - INFO - EXPIRED
紫燕百味鸡产品被检出大肠菌群超标290倍？公司回应
https://new.qq.com/rain/a/20241207A04NV300

2024-12-09 00:39:39,167 - INFO - EXPIRED
湖南一单位几年前鼓励员工出去创业，现登报喊话返岗，为什么要登报？这种情况多吗？
https://view.inews.qq.com/a/20241206Q066OE00

2024-12-09 00:39:39,167 - INFO - EXPIRED
华中农大回应“虐猫”事件：给予涉事学生严重警告处分
https://new.qq.com/rain/a/20241207A04CVI00

2024-12-09 00:39:39,167 - INFO - EXPIRED
长沙一孕32周女子阻止丈夫刷礼物被踢肚致淤青 警方回应：已批评教育
https://new.qq.com/rain/a/20241206A0AAKZ00

2024-12-09 00:39:39,167 - INFO - EXPIRED
首次披露！吉林白城滑冰馆坍塌系工程质量不合格引发，6人被刑拘
https://new.qq.com/rain/a/20241207A03RXC00

2024-12-09 00:39:39,167 - INFO - EXPIRED
蒙古接连发生重大刑案和恶性交通事故造成中国公民死伤，中使馆提醒
https://new.qq.com/rain/a/20241207A0116G00

2024-12-09 00:39:39,167 - INFO - EXPIRED
证监会副主席陈华平：全面强化五大监管，期货公司不搞低水平竞争
https://new.qq.com/rain/a/20241207A03LQA00

2024-12-09 00:39:39,167 - INFO - EXPIRED
怀9胞胎女子减至2胎，丈夫发声：觉得医院有一定责任，减胎花了4万多
https://new.qq.com/rain/a/20241206A05UK300

2024-12-09 00:39:39,167 - INFO - EXPIRED
多名90后干部落马，他们为何“早节不保”
https://new.qq.com/rain/a/20241206A0AI2500

2024-12-09 00:39:39,167 - INFO - EXPIRED
“别叽歪了，梦里什么都有”，赵丽颖造型引争议，怼粉丝遭“脱粉”
https://new.qq.com/rain/a/20241207A02P3700

2024-12-09 00:39:40,050 - INFO - INVALID
全国长护险文件将出台 单独建筹资池 退休人员同步缴费
https://new.qq.com/rain/a/20241209A013SN00

2024-12-09 00:39:40,062 - INFO - INVALID
Meta推出内部AI工具，进军企业市场
https://new.qq.com/rain/a/20241209A016D700

2024-12-09 00:39:40,067 - INFO - INVALID
超30家企业签订史上最严自律公约，光伏“欧佩克”能否拯救行业凛冬
https://new.qq.com/rain/a/20241209A017VC00

2024-12-09 00:39:40,086 - INFO - INVALID
低基数效应提振，11月CPI同比涨幅或回升
https://new.qq.com/rain/a/20241209A007CK00

2024-12-09 00:39:40,108 - ERROR - ERROR
现场曝光：叙利亚总统府遭洗劫 男女老少齐上阵砸画像搬沙发
https://new.qq.com/rain/a/20241209V0146I00
('list index out of range',)
======
Traceback (most recent call last):
  File "/home/runner/work/qqnews/qqnews/qq.py", line 81, in process_article
    ss = str(tmpbs.select("div.LEFT div.content.clearfix")[0])
             ~~~~~~~~~~~~~~~~~~~~~~~~~~~~~~~~~~~~~~~~~~~~~^^^
IndexError: list index out of range


2024-12-09 00:39:40,474 - INFO - INVALID
哈马斯代表团：已与埃及讨论在加沙地带实现停火等事项
https://new.qq.com/rain/a/20241209A00YL000

2024-12-09 00:39:40,600 - INFO - INVALID
韩国庆州附近海域一艘渔船倾覆 6人心肺停止
https://new.qq.com/rain/a/20241209A015RH00

2024-12-09 00:39:40,658 - INFO - INVALID
特朗普钟情“关税大棒”，深扒供应链冲击几何
https://new.qq.com/rain/a/20241209A003Y100

2024-12-09 02:23:36,172 - INFO - EXPIRED
母女俩列车上霸座，拿剪子威胁自杀还用手机砸乘警，扬言“为我收尸”
https://new.qq.com/rain/a/20241208A06WQV00

2024-12-09 02:23:36,172 - INFO - EXPIRED
多省份调整预算：透露化债细节，“6万亿”影响几何
https://new.qq.com/rain/a/20241208A06TZ800

2024-12-09 02:23:36,172 - INFO - EXPIRED
蔡国强烟花秀大量无人机坠海，网友直呼遗憾，本人回应
https://new.qq.com/rain/a/20241208A06S6Q00

2024-12-09 02:23:36,172 - INFO - EXPIRED
口腔医疗乱象：8家诊所给出4种看牙方案，中华口腔医学会给钱就当会员
https://new.qq.com/rain/a/20241208A06DJH00

2024-12-09 02:23:36,172 - INFO - EXPIRED
拆华为和中兴的电信设备还缺30亿美元，美通信委员会找国会要钱
https://new.qq.com/rain/a/20241208A06RRU00

2024-12-09 02:23:36,172 - INFO - EXPIRED
自查自纠还是强制罚款？山西临汾医保局上门催缴“违规金”引发质疑
https://new.qq.com/rain/a/20241208A045M900

2024-12-09 02:23:36,172 - INFO - EXPIRED
母女俩列车霸座还持刀威胁，12306回应
https://new.qq.com/rain/a/20241208A05QCZ00

2024-12-09 02:23:36,172 - INFO - EXPIRED
石家庄一学校学生穿完演出服后集体退货？商家：吊牌摘了，裤腿也脏了
https://new.qq.com/rain/a/20241208A05BN400

2024-12-09 02:23:36,172 - INFO - EXPIRED
特朗普：将加征关税 不确定美家庭是否会付出更多代价
https://new.qq.com/rain/a/20241208A06WR800

2024-12-09 02:23:36,172 - INFO - EXPIRED
亏了45亿，石油大亨要坐牢到99岁
https://new.qq.com/rain/a/20241208A04OBD00

2024-12-09 02:23:36,172 - INFO - EXPIRED
韩国国会未通过尹锡悦弹劾案，尹锡悦还有机会自救吗？在野党会如何反击？
https://view.inews.qq.com/a/20241207Q07IDE00

2024-12-09 02:23:36,172 - INFO - EXPIRED
国内“80后”地级市市长，有望增至5位
https://new.qq.com/rain/a/20241208A06NAX00

2024-12-09 02:23:36,172 - INFO - EXPIRED
实拍大批叙利亚人进入阿萨德住宅：妇女儿童闲逛 室内一片混乱
https://new.qq.com/rain/a/20241208V06T6T00

2024-12-09 02:23:36,172 - INFO - EXPIRED
马云现身蚂蚁20周年现场罕见演讲：感谢这些年的经历和考验
https://new.qq.com/rain/a/20241208A06PLE00

2024-12-09 02:23:36,172 - INFO - EXPIRED
江西九江某幼教机构卫生间发现摄像头 警方通报：32岁男子被抓获
https://new.qq.com/rain/a/20241208A06L0T00

2024-12-09 02:23:36,172 - INFO - EXPIRED
11月A股新开户数近270万户 年内单月第二高
https://new.qq.com/rain/a/20241208A06TOY00

2024-12-09 02:23:36,172 - INFO - EXPIRED
重大项目发力，多地下好明年投资“先手棋”
https://new.qq.com/rain/a/20241208A06J7X00

2024-12-09 02:23:36,172 - INFO - EXPIRED
男子醉驾超速行驶致2死3伤 伤者：司机肇事后弃车逃逸
https://new.qq.com/rain/a/20241208V06R4J00

2024-12-09 02:23:36,172 - INFO - EXPIRED
聊天记录、阴阳合同？湘财股份公告澄清，涉及三个关键点
https://new.qq.com/rain/a/20241208A06J1100

2024-12-09 02:23:36,172 - INFO - EXPIRED
河北廊坊一车辆挡住救护车去路，致老人看病延误遗憾离世？多部门回应
https://new.qq.com/rain/a/20241208A04UQC00

2024-12-09 02:23:36,172 - INFO - EXPIRED
上海交大回应校内小鹿死亡：暂未确定原因，初步判断被貉咬过
https://new.qq.com/rain/a/20241208A05ZKF00

2024-12-09 02:23:36,172 - INFO - EXPIRED
孙铭徽重伤时刻完整回顾：被李炎哲肘击担架抬出场 双方球员祈祷
https://new.qq.com/rain/a/20241208V06G0I00

2024-12-09 02:23:36,172 - INFO - EXPIRED
广东珠海市市长、市公安局局长调整
https://new.qq.com/rain/a/20241208A06AME00

2024-12-09 02:23:36,172 - INFO - EXPIRED
外媒：特朗普与马克龙、泽连斯基在巴黎会面后，称乌克兰希望与俄罗斯“达成协议”
https://new.qq.com/rain/a/20241208A05GZI00

2024-12-09 02:23:36,172 - INFO - EXPIRED
家长辅导娃作业血压飙到240被气进医院，你有过类似崩溃时刻吗？有什么解决妙招吗？
https://view.inews.qq.com/a/20241208Q058YV00

2024-12-09 02:23:36,172 - INFO - EXPIRED
黄仁勋，有个机器人梦
https://new.qq.com/rain/a/20241208A05KS900

2024-12-09 02:23:36,172 - INFO - EXPIRED
叙利亚总理正在大马士革与反政府武装进行权力交接
https://new.qq.com/rain/a/20241208A065F500

2024-12-09 02:23:36,172 - INFO - EXPIRED
果农卖自家苹果标注“阿克苏”被起诉，地名被注册成商标后，必须加入协会才能使用吗？
https://view.inews.qq.com/a/20241207Q0883F00

2024-12-09 02:23:36,172 - INFO - EXPIRED
博主称紫燕百味鸡大肠杆菌超标数百倍，吃了会带来哪些危害？问题出在哪个环节？
https://view.inews.qq.com/a/20241207Q01RFT00

2024-12-09 02:23:36,172 - INFO - EXPIRED
登山家贡布逝世，曾创造从北坡攀登珠峰的伟大壮举
https://new.qq.com/rain/a/20241208A04N7U00

2024-12-09 02:23:36,172 - INFO - EXPIRED
伍佰上海演出被大喊退票！南京站购票页面：不是演唱会，谨慎购买
https://new.qq.com/rain/a/20241208A03FNU00

2024-12-09 02:23:36,173 - INFO - EXPIRED
美参众两院最终版NDAA未纳入生物安全法案，明年会否“卷土重来”
https://new.qq.com/rain/a/20241208A04YFB00

2024-12-09 02:23:36,173 - INFO - EXPIRED
老山战斗英雄原明逝世，曾带敢死队13分钟拔掉敌人两个据点
https://new.qq.com/rain/a/20241208A02UPT00

2024-12-09 02:23:36,173 - INFO - EXPIRED
深圳警方辟谣“地铁3号线发生爆炸”：系不实消息，发生线路故障已迅速修复
https://new.qq.com/rain/a/20241208A04NII00

2024-12-09 02:23:36,173 - INFO - EXPIRED
产品被曝大肠菌群超标？紫燕食品最新回应：已委托第三方检测
https://new.qq.com/rain/a/20241208A057BW00

2024-12-09 02:23:36,173 - INFO - EXPIRED
药王谷抗癌争议：家属称死亡患者增至30人 为举证有患者愿以身试药
https://new.qq.com/rain/a/20241208A03BKP00

2024-12-09 02:23:36,173 - INFO - EXPIRED
男子酒后与妻子争吵，怀中女儿滑出窗外从6楼坠亡，男子获刑4年
https://new.qq.com/rain/a/20241208A03PFA00

2024-12-09 02:23:36,173 - INFO - EXPIRED
12月9日至12月15日重磅日程：中国市场最期盼的重要会议，要来了
https://new.qq.com/rain/a/20241208A055D000

2024-12-09 02:23:36,173 - INFO - EXPIRED
叙利亚反对派占领大马士革，以后叙利亚就能太平了吗？会像利比亚当年一样乱吗？
https://view.inews.qq.com/a/20241208Q03JQL00

2024-12-09 02:23:36,173 - INFO - EXPIRED
当过东莞市市长，71岁的李毓全被开除党籍，一“老下属”上月刚被查
https://new.qq.com/rain/a/20241208A03HCA00

2024-12-09 02:23:36,173 - INFO - EXPIRED
54岁日本女演员疑因热休克在浴室死亡，什么是热休克？独居该防范哪些致命危险？
https://view.inews.qq.com/a/20241207Q01LB700

2024-12-09 02:23:36,173 - INFO - EXPIRED
广州动物园一条鳄鱼瘦得“皮包骨头”？园方回应
https://new.qq.com/rain/a/20241208A03MKA00

2024-12-09 02:23:36,173 - INFO - EXPIRED
河南封丘一男孩让智障老人冬天泡在湖水中？镇政府回应
https://new.qq.com/rain/a/20241207A06WO100

2024-12-09 02:23:36,173 - INFO - EXPIRED
一线城市土拍频出百亿“地王”，房企吹响明年竞争号角
https://new.qq.com/rain/a/20241208A031UV00

2024-12-09 02:23:36,173 - INFO - EXPIRED
外媒：马斯克优化国防采购第一刀可能砍向这里
https://new.qq.com/rain/a/20241207A0818F00

2024-12-09 02:23:36,173 - INFO - EXPIRED
叙利亚总统阿萨德被曝已离开首都大马士革，此时离开意味着什么？
https://view.inews.qq.com/a/20241208Q038CH00

2024-12-09 02:23:36,173 - INFO - EXPIRED
中学生给境外间谍拉“下线”？！国安部最新披露
https://new.qq.com/rain/a/20241207A05C3D00

2024-12-09 02:23:36,173 - INFO - EXPIRED
涉嫌非法禁锢15岁女孩，新加坡22岁中国留学生不认罪
https://new.qq.com/rain/a/20241207A04G3X00

2024-12-09 02:23:36,173 - INFO - EXPIRED
美国2025财年国防授权法案最终协议文本公布 生物安全法案未被列入
https://new.qq.com/rain/a/20241208A035DF00

2024-12-09 02:23:36,173 - INFO - EXPIRED
山东荣成冷链仓库火灾事故失联9人全部找到，均无生命体征
https://new.qq.com/rain/a/20241208A0245S00

2024-12-09 02:23:36,173 - INFO - EXPIRED
叙利亚总统阿萨德被曝已离开大马士革，他最可能去哪里？还有机会卷土重来吗？
https://view.inews.qq.com/a/20241208Q02ZND00

2024-12-09 02:23:36,173 - INFO - EXPIRED
“史上最严车检来了”？记者多方求证
https://new.qq.com/rain/a/20241208A01GJI00

2024-12-09 02:23:36,173 - INFO - EXPIRED
中国黄金集团有限公司原副总经理赵占国接受审查调查
https://new.qq.com/rain/a/20241208A02H0F00

2024-12-09 02:23:36,173 - INFO - EXPIRED
蚂蚁集团CEO换人，做了9个月总裁的韩歆毅接任
https://new.qq.com/rain/a/20241208A02EB600

2024-12-09 02:23:36,173 - INFO - EXPIRED
国航一航班在厦门落地前遭遇鸟群，机场及航司回应，撞击瞬间曝光
https://new.qq.com/rain/a/20241207V04LLJ00

2024-12-09 02:23:36,173 - INFO - EXPIRED
税收新政下，中介到房地产交易中心“上班”，一天接待3、4批客户
https://new.qq.com/rain/a/20241208A0166400

2024-12-09 02:23:36,173 - INFO - EXPIRED
候补中央委员陈永奇，已任江西省委副书记
https://new.qq.com/rain/a/20241208A01GK400

2024-12-09 02:23:36,173 - INFO - EXPIRED
月销过万是数据作假？岚图紧急辟谣并报案，CEO卢放发声
https://new.qq.com/rain/a/20241207A083EH00

2024-12-09 02:23:36,173 - INFO - EXPIRED
法国巴黎圣母院举行重新开放仪式 仪式前马克龙会见特朗普与泽连斯基
https://new.qq.com/rain/a/20241208A01BSA00

2024-12-09 02:23:36,173 - INFO - EXPIRED
胖东来董事长于东来要参加2025年春晚？官方回应：系虚假谣言
https://new.qq.com/rain/a/20241207A084L200

2024-12-09 02:23:36,173 - INFO - EXPIRED
X为Grok推出新AI图像生成模型Aurora，可生成更加逼真的图像
https://new.qq.com/rain/a/20241208A01JA700

2024-12-09 02:23:36,173 - INFO - EXPIRED
美国宣布向乌克兰提供价值9.88亿美元军事援助
https://new.qq.com/rain/a/20241208A015NB00

2024-12-09 02:23:36,173 - INFO - EXPIRED
“祁天道”复出后的朋友圈：多个曾被封号千万级网红来引流甚至成为榜一大哥
https://new.qq.com/rain/a/20241207A06PH400

2024-12-09 02:23:36,173 - INFO - EXPIRED
大降价也救不回，宜家的沙发上已经没人了
https://new.qq.com/rain/a/20241207A02CUQ00

2024-12-09 02:23:36,173 - INFO - EXPIRED
广州“电鸡”新规限速15公里，外卖骑手称来不及送餐，业内人呼吁平台放宽配送时间
https://new.qq.com/rain/a/20241207A01NG200

2024-12-09 02:23:36,173 - INFO - EXPIRED
25岁抗癌女网红去世，生前是辅警，妈妈悲痛发文：这一别再无相见
https://new.qq.com/rain/a/20241207A048SG00

2024-12-09 02:23:36,173 - INFO - EXPIRED
小伙称在美国卖“三蹦子”，3个月赚100万元，“倒车请注意”改成英文
https://new.qq.com/rain/a/20241207A070J800

2024-12-09 02:23:36,173 - INFO - EXPIRED
上海一男子花300多万买到凶宅，这该如何维权？通过什么办法能识别凶宅？
https://view.inews.qq.com/a/20241206Q04OX400

2024-12-09 02:23:36,173 - INFO - EXPIRED
中建八局施工项目“保安用照片打卡事件“仍无进展？住建局：不清楚
https://new.qq.com/rain/a/20241207A06LH200

2024-12-09 02:23:36,173 - INFO - EXPIRED
美国加州州长警告：每一个美国人都要承担加征关税引发的后果
https://new.qq.com/rain/a/20241207A01KSE00

2024-12-09 02:23:36,173 - INFO - EXPIRED
时隔半年中国央行再增持黄金，金价未来走势如何，释放了什么信号
https://new.qq.com/rain/a/20241207A04FLN00

2024-12-09 02:23:36,173 - INFO - EXPIRED
山航飞机大雪中“硬核降落”，业内人士：符合飞行条件雪中起降很正常
https://new.qq.com/rain/a/20241207A06QWX00

2024-12-09 02:23:36,173 - INFO - EXPIRED
朱泽宇操纵23只股票被罚没近3500万，一个散户如何操纵股票？对股民伤害有多大？
https://view.inews.qq.com/a/20241206Q09ZIL00

2024-12-09 02:23:36,173 - INFO - EXPIRED
阿里大文娱CEO樊路远道歉：向灵犀同学道歉，自罚三个月工资
https://new.qq.com/rain/a/20241207A07C3R00

2024-12-09 02:23:36,173 - INFO - EXPIRED
丧子的公婆装监控看孙子被儿媳起诉，法院判决不用拆，为何不属于侵犯隐私？
https://view.inews.qq.com/a/20241206Q082ET00

2024-12-09 02:23:36,173 - INFO - EXPIRED
韩国执政党议员退场，抵制尹锡悦总统弹劾案表决，为何临阵离场？尹锡悦安全了吗？
https://view.inews.qq.com/a/20241207Q06J1600

2024-12-09 02:23:36,173 - INFO - EXPIRED
跑步入场后的“融资客”：有的观望等待时机，有的空仓离场
https://new.qq.com/rain/a/20241207A04TZZ00

2024-12-09 02:23:36,173 - INFO - EXPIRED
航行警告！12月8日4时至12日8时，渤海海峡部分水域进行军事活动
https://new.qq.com/rain/a/20241207A06XS600

2024-12-09 02:23:36,173 - INFO - EXPIRED
美联合健康保险公司CEO纽约当街被枪杀：嫌犯背包在中央公园被发现，恐已离开纽约
https://new.qq.com/rain/a/20241207A030KJ00

2024-12-09 02:23:36,173 - INFO - EXPIRED
33家光伏企业闭门商讨防“内卷”
https://new.qq.com/rain/a/20241207A06R3I00

2024-12-09 02:23:36,173 - INFO - EXPIRED
三亚国际免税城折扣店购物要上交手机并指纹存取？回应：防止偷拍特价商品，不会采集生物信息
https://new.qq.com/rain/a/20241206A090UP00

2024-12-09 02:23:36,173 - INFO - EXPIRED
“打包”香蕉，偷食鸡蛋，猕猴与人的“邻里纠纷”
https://new.qq.com/rain/a/20241207A049HX00

2024-12-09 02:23:36,173 - INFO - EXPIRED
河南封丘一男孩疑推智障老人下水 当地回应：正在处理此事，已与老人、小孩家属沟通
https://new.qq.com/rain/a/20241207A040CI00

2024-12-09 02:23:36,174 - INFO - EXPIRED
垂钓者在禁钓区与渔政人员发生冲突，为何有地方不准钓鱼？钓鱼对生态影响大吗？
https://view.inews.qq.com/a/20241206Q07ID600

2024-12-09 02:23:36,174 - INFO - EXPIRED
紫燕百味鸡产品被检出大肠菌群超标290倍？公司回应
https://new.qq.com/rain/a/20241207A04NV300

2024-12-09 02:23:36,174 - INFO - EXPIRED
湖南一单位几年前鼓励员工出去创业，现登报喊话返岗，为什么要登报？这种情况多吗？
https://view.inews.qq.com/a/20241206Q066OE00

2024-12-09 02:23:36,174 - INFO - EXPIRED
华中农大回应“虐猫”事件：给予涉事学生严重警告处分
https://new.qq.com/rain/a/20241207A04CVI00

2024-12-09 02:23:36,174 - INFO - EXPIRED
长沙一孕32周女子阻止丈夫刷礼物被踢肚致淤青 警方回应：已批评教育
https://new.qq.com/rain/a/20241206A0AAKZ00

2024-12-09 02:23:38,102 - ERROR - ERROR
现场曝光：叙利亚总统府遭洗劫 男女老少齐上阵砸画像搬沙发
https://new.qq.com/rain/a/20241209V0146I00
('list index out of range',)
======
Traceback (most recent call last):
  File "/home/runner/work/qqnews/qqnews/qq.py", line 81, in process_article
    ss = str(tmpbs.select("div.LEFT div.content.clearfix")[0])
             ~~~~~~~~~~~~~~~~~~~~~~~~~~~~~~~~~~~~~~~~~~~~~^^^
IndexError: list index out of range


2024-12-09 02:23:38,142 - INFO - INVALID
特朗普：俄乌双方应尽快停火并展开和谈，中国可以提供帮助
https://new.qq.com/rain/a/20241209A01KZ400

2024-12-09 02:23:38,176 - INFO - INVALID
广州地铁：携带物品均需“过机”，有提示报警的会人工开包复检
https://new.qq.com/rain/a/20241209A01QZR00

2024-12-09 02:23:38,202 - INFO - INVALID
前保险业务员买了多份保险，女儿生病被拒赔，保险公司：属先天性畸形
https://new.qq.com/rain/a/20241209A01RSU00

2024-12-09 02:23:38,428 - INFO - INVALID
全国长护险文件将出台 单独建筹资池 退休人员同步缴费
https://new.qq.com/rain/a/20241209A013SN00

2024-12-09 02:23:38,643 - ERROR - ERROR
中国人民大学教授王晋斌：提振资产价格，既能促投资也能促消费
https://new.qq.com/rain/a/20241209V019M400
('list index out of range',)
======
Traceback (most recent call last):
  File "/home/runner/work/qqnews/qqnews/qq.py", line 81, in process_article
    ss = str(tmpbs.select("div.LEFT div.content.clearfix")[0])
             ~~~~~~~~~~~~~~~~~~~~~~~~~~~~~~~~~~~~~~~~~~~~~^^^
IndexError: list index out of range


2024-12-09 02:23:38,771 - INFO - INVALID
汤加首相胡阿卡瓦梅利库宣布辞职
https://new.qq.com/rain/a/20241209A01I4600

2024-12-09 02:23:38,819 - INFO - INVALID
超30家企业签订史上最严自律公约，光伏“欧佩克”能否拯救行业凛冬
https://new.qq.com/rain/a/20241209A017VC00

2024-12-09 02:23:38,937 - INFO - INVALID
特朗普钟情“关税大棒”，深扒供应链冲击几何
https://new.qq.com/rain/a/20241209A003Y100

2024-12-09 02:23:39,098 - INFO - INVALID
Meta推出内部AI工具，进军企业市场
https://new.qq.com/rain/a/20241209A016D700

2024-12-09 02:23:39,237 - INFO - INVALID
哈马斯代表团：已与埃及讨论在加沙地带实现停火等事项
https://new.qq.com/rain/a/20241209A00YL000

2024-12-09 02:23:39,345 - INFO - INVALID
韩国庆州附近海域一艘渔船倾覆 6人心肺停止
https://new.qq.com/rain/a/20241209A015RH00

