2025-12-22 00:46:24,367 - INFO - Total time taken: {'ret': 0, 'msg': 'success', 'data': None}
2025-12-22 00:46:24,368 - INFO - 'NoneType' object is not subscriptable
2025-12-22 00:46:24,368 - INFO - Traceback (most recent call last):
  File "/home/runner/work/qqnews/qqnews/qq.py", line 128, in main
    for i in qq1["data"]["list"]:
             ~~~~~~~~~~~^^^^^^^^
TypeError: 'NoneType' object is not subscriptable

2025-12-22 02:53:09,065 - INFO - Total time taken: {'ret': 0, 'msg': 'success', 'data': None}
2025-12-22 02:53:09,065 - INFO - 'NoneType' object is not subscriptable
2025-12-22 02:53:09,066 - INFO - Traceback (most recent call last):
  File "/home/runner/work/qqnews/qqnews/qq.py", line 128, in main
    for i in qq1["data"]["list"]:
             ~~~~~~~~~~~^^^^^^^^
TypeError: 'NoneType' object is not subscriptable

2025-12-22 03:58:43,928 - INFO - Total time taken: {'ret': 0, 'msg': 'success', 'data': None}
2025-12-22 03:58:43,928 - INFO - 'NoneType' object is not subscriptable
2025-12-22 03:58:43,929 - INFO - Traceback (most recent call last):
  File "/home/runner/work/qqnews/qqnews/qq.py", line 128, in main
    for i in qq1["data"]["list"]:
             ~~~~~~~~~~~^^^^^^^^
TypeError: 'NoneType' object is not subscriptable

2025-12-22 04:35:58,095 - INFO - Total time taken: {'ret': 0, 'msg': 'success', 'data': None}
2025-12-22 04:35:58,096 - INFO - 'NoneType' object is not subscriptable
2025-12-22 04:35:58,096 - INFO - Traceback (most recent call last):
  File "/home/runner/work/qqnews/qqnews/qq.py", line 128, in main
    for i in qq1["data"]["list"]:
             ~~~~~~~~~~~^^^^^^^^
TypeError: 'NoneType' object is not subscriptable

2025-12-22 05:15:06,350 - INFO - Total time taken: {'ret': 0, 'msg': 'success', 'data': None}
2025-12-22 05:15:06,351 - INFO - 'NoneType' object is not subscriptable
2025-12-22 05:15:06,351 - INFO - Traceback (most recent call last):
  File "/home/runner/work/qqnews/qqnews/qq.py", line 128, in main
    for i in qq1["data"]["list"]:
             ~~~~~~~~~~~^^^^^^^^
TypeError: 'NoneType' object is not subscriptable

2025-12-22 06:16:18,847 - INFO - Total time taken: {'ret': 0, 'msg': 'success', 'data': None}
2025-12-22 06:16:18,847 - INFO - 'NoneType' object is not subscriptable
2025-12-22 06:16:18,848 - INFO - Traceback (most recent call last):
  File "/home/runner/work/qqnews/qqnews/qq.py", line 128, in main
    for i in qq1["data"]["list"]:
             ~~~~~~~~~~~^^^^^^^^
TypeError: 'NoneType' object is not subscriptable

2025-12-22 07:14:46,423 - INFO - Total time taken: {'ret': 0, 'msg': 'success', 'data': None}
2025-12-22 07:14:46,423 - INFO - 'NoneType' object is not subscriptable
2025-12-22 07:14:46,424 - INFO - Traceback (most recent call last):
  File "/home/runner/work/qqnews/qqnews/qq.py", line 128, in main
    for i in qq1["data"]["list"]:
             ~~~~~~~~~~~^^^^^^^^
TypeError: 'NoneType' object is not subscriptable

2025-12-22 08:15:07,369 - INFO - Total time taken: {'ret': 0, 'msg': 'success', 'data': None}
2025-12-22 08:15:07,370 - INFO - 'NoneType' object is not subscriptable
2025-12-22 08:15:07,370 - INFO - Traceback (most recent call last):
  File "/home/runner/work/qqnews/qqnews/qq.py", line 128, in main
    for i in qq1["data"]["list"]:
             ~~~~~~~~~~~^^^^^^^^
TypeError: 'NoneType' object is not subscriptable

