2026-03-31 01:06:00,290 - INFO - Total time taken: {'ret': 0, 'msg': 'success', 'data': None}
2026-03-31 01:06:00,290 - INFO - 'NoneType' object is not subscriptable
2026-03-31 01:06:00,291 - INFO - Traceback (most recent call last):
  File "/home/runner/work/qqnews/qqnews/qq.py", line 128, in main
    for i in qq1["data"]["list"]:
             ~~~~~~~~~~~^^^^^^^^
TypeError: 'NoneType' object is not subscriptable

2026-03-31 04:24:05,354 - INFO - Total time taken: {'ret': 0, 'msg': 'success', 'data': None}
2026-03-31 04:24:05,354 - INFO - 'NoneType' object is not subscriptable
2026-03-31 04:24:05,355 - INFO - Traceback (most recent call last):
  File "/home/runner/work/qqnews/qqnews/qq.py", line 128, in main
    for i in qq1["data"]["list"]:
             ~~~~~~~~~~~^^^^^^^^
TypeError: 'NoneType' object is not subscriptable

2026-03-31 06:07:53,002 - INFO - Total time taken: {'ret': 0, 'msg': 'success', 'data': None}
2026-03-31 06:07:53,003 - INFO - 'NoneType' object is not subscriptable
2026-03-31 06:07:53,003 - INFO - Traceback (most recent call last):
  File "/home/runner/work/qqnews/qqnews/qq.py", line 128, in main
    for i in qq1["data"]["list"]:
             ~~~~~~~~~~~^^^^^^^^
TypeError: 'NoneType' object is not subscriptable

2026-03-31 07:58:49,136 - INFO - Total time taken: {'ret': 0, 'msg': 'success', 'data': None}
2026-03-31 07:58:49,137 - INFO - 'NoneType' object is not subscriptable
2026-03-31 07:58:49,137 - INFO - Traceback (most recent call last):
  File "/home/runner/work/qqnews/qqnews/qq.py", line 128, in main
    for i in qq1["data"]["list"]:
             ~~~~~~~~~~~^^^^^^^^
TypeError: 'NoneType' object is not subscriptable

2026-03-31 08:51:55,152 - INFO - Total time taken: {'ret': 0, 'msg': 'success', 'data': None}
2026-03-31 08:51:55,152 - INFO - 'NoneType' object is not subscriptable
2026-03-31 08:51:55,152 - INFO - Traceback (most recent call last):
  File "/home/runner/work/qqnews/qqnews/qq.py", line 128, in main
    for i in qq1["data"]["list"]:
             ~~~~~~~~~~~^^^^^^^^
TypeError: 'NoneType' object is not subscriptable

2026-03-31 09:51:34,558 - INFO - Total time taken: {'ret': 0, 'msg': 'success', 'data': None}
2026-03-31 09:51:34,558 - INFO - 'NoneType' object is not subscriptable
2026-03-31 09:51:34,558 - INFO - Traceback (most recent call last):
  File "/home/runner/work/qqnews/qqnews/qq.py", line 128, in main
    for i in qq1["data"]["list"]:
             ~~~~~~~~~~~^^^^^^^^
TypeError: 'NoneType' object is not subscriptable

2026-03-31 10:41:26,049 - INFO - Total time taken: {'ret': 0, 'msg': 'success', 'data': None}
2026-03-31 10:41:26,049 - INFO - 'NoneType' object is not subscriptable
2026-03-31 10:41:26,050 - INFO - Traceback (most recent call last):
  File "/home/runner/work/qqnews/qqnews/qq.py", line 128, in main
    for i in qq1["data"]["list"]:
             ~~~~~~~~~~~^^^^^^^^
TypeError: 'NoneType' object is not subscriptable

2026-03-31 11:37:56,343 - INFO - Total time taken: {'ret': 0, 'msg': 'success', 'data': None}
2026-03-31 11:37:56,343 - INFO - 'NoneType' object is not subscriptable
2026-03-31 11:37:56,344 - INFO - Traceback (most recent call last):
  File "/home/runner/work/qqnews/qqnews/qq.py", line 128, in main
    for i in qq1["data"]["list"]:
             ~~~~~~~~~~~^^^^^^^^
TypeError: 'NoneType' object is not subscriptable

2026-03-31 12:43:12,188 - INFO - Total time taken: {'ret': 0, 'msg': 'success', 'data': None}
2026-03-31 12:43:12,189 - INFO - 'NoneType' object is not subscriptable
2026-03-31 12:43:12,189 - INFO - Traceback (most recent call last):
  File "/home/runner/work/qqnews/qqnews/qq.py", line 128, in main
    for i in qq1["data"]["list"]:
             ~~~~~~~~~~~^^^^^^^^
TypeError: 'NoneType' object is not subscriptable

