2024-08-02 23:00:47,308 - INFO - EXPIRED
世界第一石宇奇0-2无缘奥运羽毛球男单四强，他怎么了？为何状态这么差？
https://view.inews.qq.com/a/20240803Q00GOV00

2024-08-02 23:00:47,308 - INFO - EXPIRED
消息人士称以军在加沙隧道暗杀5名哈马斯高官
https://new.qq.com/rain/a/20240803A00FPW00

2024-08-02 23:00:47,308 - INFO - EXPIRED
曾陷入“周公子”炫富风波，江西原副省长胡强被开除党籍
https://new.qq.com/rain/a/20240801A06JIR00

2024-08-02 23:00:47,308 - INFO - EXPIRED
一把手及其7名儿孙死于以军之手，哈马斯有能力刺杀内塔尼亚胡复仇吗？
https://view.inews.qq.com/a/20240801Q02ZR100

2024-08-02 23:00:47,308 - INFO - EXPIRED
我国境内出土一种新种暴龙，以徐星院士的姓氏命名，这种恐龙有什么特点？
https://view.inews.qq.com/a/20240801Q07WCN00

2024-08-02 23:00:47,308 - INFO - EXPIRED
继续防范火箭弹、无人机等袭击！我驻以色列使馆发布特别提醒
https://new.qq.com/rain/a/20240801A0ANYM00

2024-08-02 23:00:47,308 - INFO - EXPIRED
欧盟《人工智能法案》正式生效
https://new.qq.com/rain/a/20240801A0A6S700

2024-08-02 23:00:47,308 - INFO - EXPIRED
中国三人男篮奥运首胜，为什么五人男篮没进奥运，三人男篮能赢世界第一？
https://view.inews.qq.com/a/20240801Q04BOC00

2024-08-02 23:00:47,308 - INFO - EXPIRED
招体育特长生任客户经理，贵州烟草局回应：依法依规，公开透明
https://new.qq.com/rain/a/20240801A09ORR00

2024-08-02 23:00:47,308 - INFO - EXPIRED
美俄达成“换囚”协议，包括《华尔街日报》记者格什科维奇
https://new.qq.com/rain/a/20240801A0A12L00

2024-08-02 23:00:47,308 - INFO - EXPIRED
新一轮消费贷利率优惠来袭 多家银行利率再降 有大行最低可至3%
https://new.qq.com/rain/a/20240801A09VAY00

2024-08-02 23:00:47,308 - INFO - EXPIRED
降息25BP！英国央行下调利率至5%，为2020年来首次
https://new.qq.com/rain/a/20240801A0944H00

2024-08-02 23:00:47,308 - INFO - EXPIRED
黎巴嫩南部村镇遭袭 已致3死5伤
https://new.qq.com/rain/a/20240801A0AP1W00

2024-08-02 23:00:47,309 - INFO - EXPIRED
美股三大指数集体高开 Meta涨近10%
https://new.qq.com/rain/a/20240801A0A0DR00

2024-08-02 23:00:47,309 - INFO - EXPIRED
国务院、中央军委公布实施《退役军人安置条例》
https://new.qq.com/rain/a/20240801A08L6I00

2024-08-02 23:00:47,309 - INFO - EXPIRED
以军称确认炸死哈马斯军事部门领导人戴夫，哈马斯官员：只有我们的领导层才能确认
https://new.qq.com/rain/a/20240801A095QH00

2024-08-02 23:00:47,309 - INFO - EXPIRED
潘展乐等多位冠军都来自浙江，为何浙江游泳这么强？各省强项怎么形成的？
https://view.inews.qq.com/a/20240801Q05Q4K00

2024-08-02 23:00:47,309 - INFO - EXPIRED
今年来19所大学拟撤销或停招99个本科专业，专家：估计明年调整力度也很大
https://new.qq.com/rain/a/20240801A08YFL00

2024-08-02 23:00:47,309 - INFO - EXPIRED
腾讯2025校招即将启动，揭秘腾讯新闻团队背后的工作真相
https://new.qq.com/rain/a/20240801A07BY000

2024-08-02 23:00:47,309 - INFO - EXPIRED
广东东莞一楼盘“买一套送一套”？万科最新回应：没强制捆绑销售
https://new.qq.com/rain/a/20240801A04YLH00

2024-08-02 23:00:47,309 - INFO - EXPIRED
土耳其选手没戴眼镜、耳机，单手插兜得银牌，真正的射击高手不需要专业装备？
https://view.inews.qq.com/a/20240801Q05O3300

2024-08-02 23:00:47,309 - INFO - EXPIRED
黎巴嫩真主党证实：高级军事指挥官在以色列空袭中丧生
https://new.qq.com/rain/a/20240801A07GHY00

2024-08-02 23:00:47,309 - INFO - EXPIRED
停摆26年，广州最大烂尾楼有了最新进展！意向安置地块完成清场
https://new.qq.com/rain/a/20240801A0897000

2024-08-02 23:00:47,309 - INFO - EXPIRED
河北两小区爆发互扔垃圾大战，隔墙被冲毁一年未修复，物业退场
https://new.qq.com/rain/a/20240801A049ZK00

2024-08-02 23:00:47,309 - INFO - EXPIRED
以军确认在7月中旬的行动中打死哈马斯军事部门首领
https://new.qq.com/rain/a/20240801A06KGN00

2024-08-02 23:00:47,309 - INFO - EXPIRED
日媒：特朗普遭暗杀未遂事件后，岸田文雄在室外讲话时讲台三面竖起防弹玻璃
https://new.qq.com/rain/a/20240801A04VIC00

2024-08-02 23:00:47,309 - INFO - EXPIRED
何小鹏不担心销量：磨刀不误砍柴工，AI投入成效不久将显现
https://new.qq.com/rain/a/20240801A07AM600

2024-08-02 23:00:47,309 - INFO - EXPIRED
湖北一工人被困缅甸园区：骗子疑用AI变声冒充老板 以发工资名义将其诱骗 
https://new.qq.com/rain/a/20240801V072T000

2024-08-02 23:00:48,203 - INFO - INVALID
安徽多地发布育儿补贴方案，均明确排除非婚生育二、三孩
https://new.qq.com/rain/a/20240802A06GH700

2024-08-02 23:00:48,208 - INFO - INVALID
搞政治攀附的陈丽萍，行贿细节首次披露
https://new.qq.com/rain/a/20240802A08TJ500

2024-08-02 23:00:48,257 - ERROR - ERROR
法学硕士替换功德箱二维码盗3万多：名校毕业，流窜作案，已被抓获
https://new.qq.com/rain/a/20240802V0534800
('list index out of range',)
======
Traceback (most recent call last):
  File "/home/runner/work/qqnews/qqnews/qq.py", line 81, in process_article
    ss = str(tmpbs.select("div.LEFT div.content.clearfix")[0])
             ~~~~~~~~~~~~~~~~~~~~~~~~~~~~~~~~~~~~~~~~~~~~~^^^
IndexError: list index out of range


2024-08-02 23:00:48,273 - INFO - INVALID
布林肯访蒙古被问：换位思考下，你怎么让人相信美国没遏制中国
https://new.qq.com/rain/a/20240802A08DMU00

2024-08-02 23:00:48,397 - ERROR - ERROR
男子上班时帮同事拧杯盖割破手指被认定工伤，找同事合谋能赚工伤赔偿吗？
https://view.inews.qq.com/a/20240802Q08HME00
('list index out of range',)
======
Traceback (most recent call last):
  File "/home/runner/work/qqnews/qqnews/qq.py", line 81, in process_article
    ss = str(tmpbs.select("div.LEFT div.content.clearfix")[0])
             ~~~~~~~~~~~~~~~~~~~~~~~~~~~~~~~~~~~~~~~~~~~~~^^^
IndexError: list index out of range


2024-08-02 23:00:48,670 - INFO - INVALID
周鸿祎回应将成三六零第一大股东：一股没卖过，会和公司一起走下去
https://new.qq.com/rain/a/20240802A09SYW00

2024-08-02 23:00:48,765 - INFO - INVALID
离岸人民币兑美元涨超1000点 收复7.15关口
https://new.qq.com/rain/a/20240802A0A66W00

2024-08-02 23:00:48,818 - INFO - INVALID
深圳交警通报小汽车与电动自行车碰撞致2死5伤：司机突发身体不适
https://new.qq.com/rain/a/20240802A0A7PA00

2024-08-02 23:00:48,834 - ERROR - ERROR
日本男篮奥运会三战全败出局，为何亚洲第一在奥运赛场难求一胜？
https://view.inews.qq.com/a/20240802Q099P300
('list index out of range',)
======
Traceback (most recent call last):
  File "/home/runner/work/qqnews/qqnews/qq.py", line 81, in process_article
    ss = str(tmpbs.select("div.LEFT div.content.clearfix")[0])
             ~~~~~~~~~~~~~~~~~~~~~~~~~~~~~~~~~~~~~~~~~~~~~^^^
IndexError: list index out of range


2024-08-02 23:00:48,877 - ERROR - ERROR
日本大学设计成本更低的极紫外光刻新技术，芯片会降价吗？国内能使用吗？
https://view.inews.qq.com/a/20240802Q066VN00
('list index out of range',)
======
Traceback (most recent call last):
  File "/home/runner/work/qqnews/qqnews/qq.py", line 81, in process_article
    ss = str(tmpbs.select("div.LEFT div.content.clearfix")[0])
             ~~~~~~~~~~~~~~~~~~~~~~~~~~~~~~~~~~~~~~~~~~~~~^^^
IndexError: list index out of range


2024-08-02 23:00:48,940 - INFO - INVALID
“伊朗讨论两种行动方案”，美官员：已准备应对，未来几天不好过
https://new.qq.com/rain/a/20240802A0994500

2024-08-02 23:00:49,102 - INFO - INVALID
巴西、墨西哥、哥伦比亚发联合声明，呼吁委内瑞拉迅速公开计票数据
https://new.qq.com/rain/a/20240802A05X3K00

2024-08-02 23:00:49,108 - INFO - INVALID
央行：加大金融对实体经济的支持力度 把着力点更多转向惠民生、促消费
https://new.qq.com/rain/a/20240802A096AS00

2024-08-02 23:00:49,162 - INFO - INVALID
“千万彩票被冒领”案维权5年终审：驳回冒领者上诉，返还801万及利息
https://new.qq.com/rain/a/20240802A08D3F00

2024-08-02 23:00:49,166 - INFO - INVALID
加拿大“蒙特利尔”号护卫舰过航台湾海峡，国防部：已严正交涉
https://new.qq.com/rain/a/20240802A087G300

2024-08-02 23:00:49,280 - INFO - INVALID
网友称抚顺市大伙房水库有人被水冲走 当地救援队：已接到求助，正展开搜救
https://new.qq.com/rain/a/20240802A099CV00

2024-08-02 23:00:49,518 - INFO - INVALID
格力电器已研发美容仪，董明珠：用一个星期就发现自己漂亮了
https://new.qq.com/rain/a/20240802A076XY00

2024-08-02 23:00:49,588 - INFO - INVALID
北部战区司令员易人，上将黄铭履任
https://new.qq.com/rain/a/20240802A009MC00

2024-08-02 23:00:49,644 - ERROR - ERROR
出门烫脚！江浙沪局地气温超40℃，杭州萧山地表温度72.3℃破纪录
https://new.qq.com/rain/a/20240802V0661X00
('list index out of range',)
======
Traceback (most recent call last):
  File "/home/runner/work/qqnews/qqnews/qq.py", line 81, in process_article
    ss = str(tmpbs.select("div.LEFT div.content.clearfix")[0])
             ~~~~~~~~~~~~~~~~~~~~~~~~~~~~~~~~~~~~~~~~~~~~~^^^
IndexError: list index out of range


2024-08-02 23:00:49,677 - ERROR - ERROR
普通人如何看懂竞走比赛？长距离竞走运动员是否能转型为长跑运动员？
https://view.inews.qq.com/a/20240802Q09PZB00
('list index out of range',)
======
Traceback (most recent call last):
  File "/home/runner/work/qqnews/qqnews/qq.py", line 81, in process_article
    ss = str(tmpbs.select("div.LEFT div.content.clearfix")[0])
             ~~~~~~~~~~~~~~~~~~~~~~~~~~~~~~~~~~~~~~~~~~~~~^^^
IndexError: list index out of range


2024-08-02 23:00:49,814 - INFO - INVALID
公安部：将进一步放开放宽迁移政策，推行以经常居住地登记户口制度
https://new.qq.com/rain/a/20240802A0688Q00

2024-08-02 23:00:49,884 - ERROR - ERROR
男乒法国选手小勒布伦败于樊振东，他还能凭主场优势实现拿奖牌的愿望吗？
https://view.inews.qq.com/a/20240802Q07NCO00
('list index out of range',)
======
Traceback (most recent call last):
  File "/home/runner/work/qqnews/qqnews/qq.py", line 81, in process_article
    ss = str(tmpbs.select("div.LEFT div.content.clearfix")[0])
             ~~~~~~~~~~~~~~~~~~~~~~~~~~~~~~~~~~~~~~~~~~~~~^^^
IndexError: list index out of range


2024-08-02 23:00:49,910 - INFO - INVALID
大连公安通报：普兰店区发生一起交通事故，造成1人死亡，3人受伤
https://new.qq.com/rain/a/20240802A06HHQ00

2024-08-02 23:00:49,921 - INFO - INVALID
新一批15个进口游戏版号下发：腾讯2款，网易2款，《彩虹六号》过审
https://new.qq.com/rain/a/20240802A06PWX00

2024-08-02 23:00:50,024 - INFO - INVALID
虽带刀前往但并非蓄意杀人？离婚冷静期杀妻案二审被告请求轻判
https://new.qq.com/rain/a/20240802A04TKM00

2024-08-02 23:00:50,178 - INFO - INVALID
港股收评：两大指数均跌超2%，教育、汽车股下挫，东方甄选逆势涨14%
https://new.qq.com/rain/a/20240802A062WE00

2024-08-02 23:00:50,223 - INFO - INVALID
安邦保险集团、安邦财险破产获金融监管总局批复
https://new.qq.com/rain/a/20240802A06LN100

2024-08-02 23:00:50,278 - INFO - INVALID
厦门海关原党组书记、关长柏华冰被开除党籍
https://new.qq.com/rain/a/20240802A05XGI00

2024-08-02 23:00:50,291 - INFO - INVALID
发生了什么？日股崩盘狂跌5.8%，亚太股市集体下挫，人民币崛起
https://new.qq.com/rain/a/20240802A05QP300

2024-08-02 23:00:50,356 - INFO - INVALID
以军称打死杰哈德武器制造部门的负责人
https://new.qq.com/rain/a/20240802A05X8M00

2024-08-02 23:00:50,521 - INFO - INVALID
上交所副总经理董国群、深圳证监局原局长陈小澎被查
https://new.qq.com/rain/a/20240802A05CCL00

2024-08-02 23:00:50,553 - INFO - INVALID
日本两名顶级登山家攀登世界第二高峰失联逾一周 家属已同意停止搜救
https://new.qq.com/rain/a/20240802A04LSP00

2024-08-02 23:00:50,556 - INFO - INVALID
外交部：美国的立国史就是印第安人的血泪史，原住民问题是美国原罪
https://new.qq.com/rain/a/20240802A05O4I00

2024-08-02 23:00:50,563 - INFO - INVALID
人民币突然拉升，发生了什么
https://new.qq.com/rain/a/20240802A05D2T00

2024-08-02 23:00:50,881 - INFO - INVALID
万达地产再被列为老赖，董事长被限消
https://new.qq.com/rain/a/20240802A055W600

2024-08-02 23:00:51,064 - INFO - INVALID
延迟退休不会导致早死？研究表明，加班和贫穷才会真的折寿
https://new.qq.com/rain/a/20240802A03INN00

2024-08-02 23:00:51,089 - ERROR - ERROR
17岁法国选手公开“约战”樊振东，他实力如何？比张本智和还强吗？
https://view.inews.qq.com/a/20240802Q04ZLC00
('list index out of range',)
======
Traceback (most recent call last):
  File "/home/runner/work/qqnews/qqnews/qq.py", line 81, in process_article
    ss = str(tmpbs.select("div.LEFT div.content.clearfix")[0])
             ~~~~~~~~~~~~~~~~~~~~~~~~~~~~~~~~~~~~~~~~~~~~~^^^
IndexError: list index out of range


2024-08-02 23:00:51,155 - ERROR - ERROR
美媒称哈尼亚被两个月前埋在客房的炸弹炸死，靠谱吗？杀手如何获知行程住址？
https://view.inews.qq.com/a/20240802Q03EMQ00
('list index out of range',)
======
Traceback (most recent call last):
  File "/home/runner/work/qqnews/qqnews/qq.py", line 81, in process_article
    ss = str(tmpbs.select("div.LEFT div.content.clearfix")[0])
             ~~~~~~~~~~~~~~~~~~~~~~~~~~~~~~~~~~~~~~~~~~~~~^^^
IndexError: list index out of range


2024-08-02 23:00:51,179 - INFO - INVALID
美俄冷战后最大规模换囚，为何有两名儿童
https://new.qq.com/rain/a/20240802A04R3R00

2024-08-02 23:00:51,246 - INFO - INVALID
极紫外光刻新技术问世 能大幅提高能源效率并降低半导体制造成本
https://new.qq.com/rain/a/20240802A01ET800

2024-08-02 23:00:51,396 - ERROR - ERROR
妻子用锤子打死丈夫后自首？社区：经常打她丈夫，这次可能失手了
https://new.qq.com/rain/a/20240802V0458F00
('list index out of range',)
======
Traceback (most recent call last):
  File "/home/runner/work/qqnews/qqnews/qq.py", line 81, in process_article
    ss = str(tmpbs.select("div.LEFT div.content.clearfix")[0])
             ~~~~~~~~~~~~~~~~~~~~~~~~~~~~~~~~~~~~~~~~~~~~~^^^
IndexError: list index out of range


2024-08-02 23:00:51,429 - INFO - INVALID
“私自携带违禁书籍入境”的厅官被“双开”，通报中的违禁书籍有哪些
https://new.qq.com/rain/a/20240802A04FBP00

2024-08-02 23:00:51,450 - INFO - INVALID
马尼拉“中国城”一建筑起火 至少11人死亡
https://new.qq.com/rain/a/20240802A04CYK00

2024-08-02 23:00:51,470 - INFO - INVALID
广州男子离婚冷静期杀妻案二审开庭，被害人家属：他想重做精神鉴定
https://new.qq.com/rain/a/20240802A049N200

2024-08-02 23:00:51,689 - INFO - INVALID
海通证券核心人物姜诚君被带走，去年薪酬338万，10天前还在讲廉洁 
https://new.qq.com/rain/a/20240802A03S1Y00

2024-08-02 23:00:51,702 - INFO - INVALID
大连一货车失控冲上人行道致商贩死亡？附近商户：路边多辆车被撞
https://new.qq.com/rain/a/20240802A03XP100

2024-08-02 23:00:51,729 - INFO - INVALID
字节新加坡办公处130名员工食物中毒，相关菜单曝光，涉事餐厅暂停营业
https://new.qq.com/rain/a/20240802A008RE00

2024-08-02 23:00:51,843 - INFO - INVALID
印度喀拉拉邦山体滑坡已致308人死亡
https://new.qq.com/rain/a/20240802A038QZ00

2024-08-02 23:00:51,883 - INFO - INVALID
市场传闻深圳进一步放开限购，地产股午前异动拉升
https://new.qq.com/rain/a/20240802A04A6X00

2024-08-02 23:00:51,943 - ERROR - ERROR
全国地震预警小程序上线！欢迎来公测
https://new.qq.com/rain/a/20240802V026Q400
('list index out of range',)
======
Traceback (most recent call last):
  File "/home/runner/work/qqnews/qqnews/qq.py", line 81, in process_article
    ss = str(tmpbs.select("div.LEFT div.content.clearfix")[0])
             ~~~~~~~~~~~~~~~~~~~~~~~~~~~~~~~~~~~~~~~~~~~~~^^^
IndexError: list index out of range


2024-08-02 23:00:52,060 - INFO - INVALID
中美禁毒合作工作组举行首次高官会议
https://new.qq.com/rain/a/20240802A014AM00

2024-08-02 23:00:52,120 - INFO - INVALID
商务部：会同相关部门尽快印发进一步做好汽车、家电以旧换新工作通知
https://new.qq.com/rain/a/20240802A02JRL00

2024-08-02 23:00:52,141 - INFO - INVALID
俄媒：俄与西方进行冷战后最大规模换囚，普京亲自到莫斯科一机场迎接
https://new.qq.com/rain/a/20240802A01BOH00

2024-08-02 23:00:52,170 - INFO - INVALID
5500元网购钢笔申请无理由退货被拒，万宝龙：蘸墨试写影响二次销售
https://new.qq.com/rain/a/20240802A00YU300

2024-08-02 23:00:52,237 - INFO - INVALID
拿了施工许可证 仍被镇政府强拆
https://new.qq.com/rain/a/20240802A00YYE00

2024-08-02 23:00:52,343 - INFO - INVALID
日本股市暴跌，日经225指数跌幅扩大至5%
https://new.qq.com/rain/a/20240802A01DSM00

2024-08-02 23:00:52,413 - INFO - INVALID
沙特主权财富基金与6家中国金融机构签署500亿美元谅解备忘录
https://new.qq.com/rain/a/20240802A01JM900

2024-08-02 23:00:52,419 - INFO - INVALID
外媒：英伟达正面临美国司法部反垄断调查
https://new.qq.com/rain/a/20240802A015H800

2024-08-02 23:00:52,502 - ERROR - ERROR
黎真主党向以发动大规模袭击：数十枚火箭弹呼啸升空，以北部警报大响
https://new.qq.com/rain/a/20240802V00Y5R00
('list index out of range',)
======
Traceback (most recent call last):
  File "/home/runner/work/qqnews/qqnews/qq.py", line 81, in process_article
    ss = str(tmpbs.select("div.LEFT div.content.clearfix")[0])
             ~~~~~~~~~~~~~~~~~~~~~~~~~~~~~~~~~~~~~~~~~~~~~^^^
IndexError: list index out of range


2024-08-02 23:00:52,520 - INFO - INVALID
甘肃玛曲4人在化粪池遇险身亡：其中2人为外卖员和快递员 因施救中毒
https://new.qq.com/rain/a/20240802A00XOD00

2024-08-02 23:00:52,699 - INFO - INVALID
靠内幕消息大肆渔利，佩洛西夫妇再度出手被嘲讽：完美的内幕交易
https://new.qq.com/rain/a/20240802A00UUD00

2024-08-02 23:00:52,765 - INFO - INVALID
英特尔美股盘后跌超20%，公司宣布100亿美元成本削减计划
https://new.qq.com/rain/a/20240802A00OM400

2024-08-02 23:00:52,780 - INFO - INVALID
发生了什么？美股盘中暴跌，道指一度跳水近1000点
https://new.qq.com/rain/a/20240802A00OZF00

2024-08-02 23:00:52,813 - INFO - INVALID
苹果上季度iPhone收入下滑，大中华区唯一下跌，iPad和服务强劲
https://new.qq.com/rain/a/20240802A00OT000

2024-08-02 23:00:52,993 - ERROR - ERROR
女子在景区被“闺蜜”死死按在水里，假如致死，算过失杀人还是故意杀人？
https://view.inews.qq.com/a/20240802Q02HJU00
('list index out of range',)
======
Traceback (most recent call last):
  File "/home/runner/work/qqnews/qqnews/qq.py", line 81, in process_article
    ss = str(tmpbs.select("div.LEFT div.content.clearfix")[0])
             ~~~~~~~~~~~~~~~~~~~~~~~~~~~~~~~~~~~~~~~~~~~~~^^^
IndexError: list index out of range


2024-08-02 23:00:53,041 - INFO - INVALID
比赛细节：张本智和频繁靠擦网球得分，王楚钦现场观看表情焦急
https://new.qq.com/rain/a/20240802A009EB00

2024-08-02 23:00:53,096 - INFO - INVALID
疏通下水道发生中毒事故 甘肃玛曲4名工人死亡
https://new.qq.com/rain/a/20240802A000T300

2024-08-02 23:00:53,100 - ERROR - ERROR
效仿马龙？樊振东0-2落后时前往更衣室换球衣，成为关键转折！
https://new.qq.com/rain/a/20240802V005WP00
('list index out of range',)
======
Traceback (most recent call last):
  File "/home/runner/work/qqnews/qqnews/qq.py", line 81, in process_article
    ss = str(tmpbs.select("div.LEFT div.content.clearfix")[0])
             ~~~~~~~~~~~~~~~~~~~~~~~~~~~~~~~~~~~~~~~~~~~~~^^^
IndexError: list index out of range


2024-08-02 23:00:53,121 - INFO - INVALID
张本无缘奖牌落泪：已付出百分百努力！仍难赢樊振东，团体赛再复仇
https://new.qq.com/rain/a/20240802A00CRH00

2024-08-02 23:00:53,387 - ERROR - ERROR
霸气！樊振东大逆转张本智和，赛后表态：困难时爆发出能量
https://new.qq.com/rain/a/20240802V00ADD00
('list index out of range',)
======
Traceback (most recent call last):
  File "/home/runner/work/qqnews/qqnews/qq.py", line 81, in process_article
    ss = str(tmpbs.select("div.LEFT div.content.clearfix")[0])
             ~~~~~~~~~~~~~~~~~~~~~~~~~~~~~~~~~~~~~~~~~~~~~^^^
IndexError: list index out of range


2024-08-02 23:00:53,553 - ERROR - ERROR
樊振东4-3逆转张本智和，为什么中国乒乓选手经常先丢一两局？
https://view.inews.qq.com/a/20240802Q008FA00
('list index out of range',)
======
Traceback (most recent call last):
  File "/home/runner/work/qqnews/qqnews/qq.py", line 81, in process_article
    ss = str(tmpbs.select("div.LEFT div.content.clearfix")[0])
             ~~~~~~~~~~~~~~~~~~~~~~~~~~~~~~~~~~~~~~~~~~~~~^^^
IndexError: list index out of range


2024-08-02 23:00:53,766 - ERROR - ERROR
樊振东4-3逆转张本智和晋级男单四强，为何赢得这么惊险？这场胜利对他冲金有多大帮助？
https://view.inews.qq.com/a/20240802Q00CHS00
('list index out of range',)
======
Traceback (most recent call last):
  File "/home/runner/work/qqnews/qqnews/qq.py", line 81, in process_article
    ss = str(tmpbs.select("div.LEFT div.content.clearfix")[0])
             ~~~~~~~~~~~~~~~~~~~~~~~~~~~~~~~~~~~~~~~~~~~~~^^^
IndexError: list index out of range


