2025-12-04 00:42:48,474 - INFO - Total time taken: {'ret': 0, 'msg': 'success', 'data': None}
2025-12-04 00:42:48,474 - INFO - 'NoneType' object is not subscriptable
2025-12-04 00:42:48,475 - INFO - Traceback (most recent call last):
  File "/home/runner/work/qqnews/qqnews/qq.py", line 128, in main
    for i in qq1["data"]["list"]:
             ~~~~~~~~~~~^^^^^^^^
TypeError: 'NoneType' object is not subscriptable

2025-12-04 02:29:29,864 - INFO - Total time taken: {'ret': 0, 'msg': 'success', 'data': None}
2025-12-04 02:29:29,864 - INFO - 'NoneType' object is not subscriptable
2025-12-04 02:29:29,865 - INFO - Traceback (most recent call last):
  File "/home/runner/work/qqnews/qqnews/qq.py", line 128, in main
    for i in qq1["data"]["list"]:
             ~~~~~~~~~~~^^^^^^^^
TypeError: 'NoneType' object is not subscriptable

2025-12-04 03:45:21,160 - INFO - Total time taken: {'ret': 0, 'msg': 'success', 'data': None}
2025-12-04 03:45:21,160 - INFO - 'NoneType' object is not subscriptable
2025-12-04 03:45:21,160 - INFO - Traceback (most recent call last):
  File "/home/runner/work/qqnews/qqnews/qq.py", line 128, in main
    for i in qq1["data"]["list"]:
             ~~~~~~~~~~~^^^^^^^^
TypeError: 'NoneType' object is not subscriptable

2025-12-04 04:19:43,971 - INFO - Total time taken: {'ret': 0, 'msg': 'success', 'data': None}
2025-12-04 04:19:43,972 - INFO - 'NoneType' object is not subscriptable
2025-12-04 04:19:43,972 - INFO - Traceback (most recent call last):
  File "/home/runner/work/qqnews/qqnews/qq.py", line 128, in main
    for i in qq1["data"]["list"]:
             ~~~~~~~~~~~^^^^^^^^
TypeError: 'NoneType' object is not subscriptable

2025-12-04 05:01:26,810 - INFO - Total time taken: {'ret': 0, 'msg': 'success', 'data': None}
2025-12-04 05:01:26,810 - INFO - 'NoneType' object is not subscriptable
2025-12-04 05:01:26,810 - INFO - Traceback (most recent call last):
  File "/home/runner/work/qqnews/qqnews/qq.py", line 128, in main
    for i in qq1["data"]["list"]:
             ~~~~~~~~~~~^^^^^^^^
TypeError: 'NoneType' object is not subscriptable

2025-12-04 06:01:12,219 - INFO - Total time taken: {'ret': 0, 'msg': 'success', 'data': None}
2025-12-04 06:01:12,219 - INFO - 'NoneType' object is not subscriptable
2025-12-04 06:01:12,220 - INFO - Traceback (most recent call last):
  File "/home/runner/work/qqnews/qqnews/qq.py", line 128, in main
    for i in qq1["data"]["list"]:
             ~~~~~~~~~~~^^^^^^^^
TypeError: 'NoneType' object is not subscriptable

2025-12-04 07:11:37,405 - INFO - Total time taken: {'ret': 0, 'msg': 'success', 'data': None}
2025-12-04 07:11:37,406 - INFO - 'NoneType' object is not subscriptable
2025-12-04 07:11:37,406 - INFO - Traceback (most recent call last):
  File "/home/runner/work/qqnews/qqnews/qq.py", line 128, in main
    for i in qq1["data"]["list"]:
             ~~~~~~~~~~~^^^^^^^^
TypeError: 'NoneType' object is not subscriptable

2025-12-04 08:14:17,296 - INFO - Total time taken: {'ret': 0, 'msg': 'success', 'data': None}
2025-12-04 08:14:17,297 - INFO - 'NoneType' object is not subscriptable
2025-12-04 08:14:17,297 - INFO - Traceback (most recent call last):
  File "/home/runner/work/qqnews/qqnews/qq.py", line 128, in main
    for i in qq1["data"]["list"]:
             ~~~~~~~~~~~^^^^^^^^
TypeError: 'NoneType' object is not subscriptable

2025-12-04 09:13:04,914 - INFO - Total time taken: {'ret': 0, 'msg': 'success', 'data': None}
2025-12-04 09:13:04,914 - INFO - 'NoneType' object is not subscriptable
2025-12-04 09:13:04,914 - INFO - Traceback (most recent call last):
  File "/home/runner/work/qqnews/qqnews/qq.py", line 128, in main
    for i in qq1["data"]["list"]:
             ~~~~~~~~~~~^^^^^^^^
TypeError: 'NoneType' object is not subscriptable

2025-12-04 10:01:17,795 - INFO - Total time taken: {'ret': 0, 'msg': 'success', 'data': None}
2025-12-04 10:01:17,796 - INFO - 'NoneType' object is not subscriptable
2025-12-04 10:01:17,796 - INFO - Traceback (most recent call last):
  File "/home/runner/work/qqnews/qqnews/qq.py", line 128, in main
    for i in qq1["data"]["list"]:
             ~~~~~~~~~~~^^^^^^^^
TypeError: 'NoneType' object is not subscriptable

2025-12-04 11:01:21,660 - INFO - Total time taken: {'ret': 0, 'msg': 'success', 'data': None}
2025-12-04 11:01:21,661 - INFO - 'NoneType' object is not subscriptable
2025-12-04 11:01:21,661 - INFO - Traceback (most recent call last):
  File "/home/runner/work/qqnews/qqnews/qq.py", line 128, in main
    for i in qq1["data"]["list"]:
             ~~~~~~~~~~~^^^^^^^^
TypeError: 'NoneType' object is not subscriptable

