2025-07-20 00:50:35,601 - INFO - Total time taken: {'ret': 0, 'msg': 'success', 'data': None}
2025-07-20 00:50:35,601 - INFO - 'NoneType' object is not subscriptable
2025-07-20 00:50:35,601 - INFO - Traceback (most recent call last):
  File "/home/runner/work/qqnews/qqnews/qq.py", line 128, in main
    for i in qq1["data"]["list"]:
             ~~~~~~~~~~~^^^^^^^^
TypeError: 'NoneType' object is not subscriptable

2025-07-20 02:59:04,069 - INFO - Total time taken: {'ret': 0, 'msg': 'success', 'data': None}
2025-07-20 02:59:04,070 - INFO - 'NoneType' object is not subscriptable
2025-07-20 02:59:04,070 - INFO - Traceback (most recent call last):
  File "/home/runner/work/qqnews/qqnews/qq.py", line 128, in main
    for i in qq1["data"]["list"]:
             ~~~~~~~~~~~^^^^^^^^
TypeError: 'NoneType' object is not subscriptable

2025-07-20 04:02:39,335 - INFO - Total time taken: {'ret': 0, 'msg': 'success', 'data': None}
2025-07-20 04:02:39,335 - INFO - 'NoneType' object is not subscriptable
2025-07-20 04:02:39,335 - INFO - Traceback (most recent call last):
  File "/home/runner/work/qqnews/qqnews/qq.py", line 128, in main
    for i in qq1["data"]["list"]:
             ~~~~~~~~~~~^^^^^^^^
TypeError: 'NoneType' object is not subscriptable

2025-07-20 05:16:03,603 - INFO - Total time taken: {'ret': 0, 'msg': 'success', 'data': None}
2025-07-20 05:16:03,603 - INFO - 'NoneType' object is not subscriptable
2025-07-20 05:16:03,604 - INFO - Traceback (most recent call last):
  File "/home/runner/work/qqnews/qqnews/qq.py", line 128, in main
    for i in qq1["data"]["list"]:
             ~~~~~~~~~~~^^^^^^^^
TypeError: 'NoneType' object is not subscriptable

2025-07-20 06:12:57,718 - INFO - Total time taken: {'ret': 0, 'msg': 'success', 'data': None}
2025-07-20 06:12:57,718 - INFO - 'NoneType' object is not subscriptable
2025-07-20 06:12:57,718 - INFO - Traceback (most recent call last):
  File "/home/runner/work/qqnews/qqnews/qq.py", line 128, in main
    for i in qq1["data"]["list"]:
             ~~~~~~~~~~~^^^^^^^^
TypeError: 'NoneType' object is not subscriptable

2025-07-20 07:08:45,298 - INFO - Total time taken: {'ret': 0, 'msg': 'success', 'data': None}
2025-07-20 07:08:45,298 - INFO - 'NoneType' object is not subscriptable
2025-07-20 07:08:45,299 - INFO - Traceback (most recent call last):
  File "/home/runner/work/qqnews/qqnews/qq.py", line 128, in main
    for i in qq1["data"]["list"]:
             ~~~~~~~~~~~^^^^^^^^
TypeError: 'NoneType' object is not subscriptable

2025-07-20 08:11:34,192 - INFO - Total time taken: {'ret': 0, 'msg': 'success', 'data': None}
2025-07-20 08:11:34,192 - INFO - 'NoneType' object is not subscriptable
2025-07-20 08:11:34,192 - INFO - Traceback (most recent call last):
  File "/home/runner/work/qqnews/qqnews/qq.py", line 128, in main
    for i in qq1["data"]["list"]:
             ~~~~~~~~~~~^^^^^^^^
TypeError: 'NoneType' object is not subscriptable

2025-07-20 09:08:32,287 - INFO - Total time taken: {'ret': 0, 'msg': 'success', 'data': None}
2025-07-20 09:08:32,287 - INFO - 'NoneType' object is not subscriptable
2025-07-20 09:08:32,288 - INFO - Traceback (most recent call last):
  File "/home/runner/work/qqnews/qqnews/qq.py", line 128, in main
    for i in qq1["data"]["list"]:
             ~~~~~~~~~~~^^^^^^^^
TypeError: 'NoneType' object is not subscriptable

2025-07-20 10:08:46,928 - INFO - Total time taken: {'ret': 0, 'msg': 'success', 'data': None}
2025-07-20 10:08:46,928 - INFO - 'NoneType' object is not subscriptable
2025-07-20 10:08:46,928 - INFO - Traceback (most recent call last):
  File "/home/runner/work/qqnews/qqnews/qq.py", line 128, in main
    for i in qq1["data"]["list"]:
             ~~~~~~~~~~~^^^^^^^^
TypeError: 'NoneType' object is not subscriptable

2025-07-20 11:07:10,382 - INFO - Total time taken: {'ret': 0, 'msg': 'success', 'data': None}
2025-07-20 11:07:10,382 - INFO - 'NoneType' object is not subscriptable
2025-07-20 11:07:10,383 - INFO - Traceback (most recent call last):
  File "/home/runner/work/qqnews/qqnews/qq.py", line 128, in main
    for i in qq1["data"]["list"]:
             ~~~~~~~~~~~^^^^^^^^
TypeError: 'NoneType' object is not subscriptable

2025-07-20 12:15:16,023 - INFO - Total time taken: {'ret': 0, 'msg': 'success', 'data': None}
2025-07-20 12:15:16,023 - INFO - 'NoneType' object is not subscriptable
2025-07-20 12:15:16,024 - INFO - Traceback (most recent call last):
  File "/home/runner/work/qqnews/qqnews/qq.py", line 128, in main
    for i in qq1["data"]["list"]:
             ~~~~~~~~~~~^^^^^^^^
TypeError: 'NoneType' object is not subscriptable

2025-07-20 13:23:02,890 - INFO - Total time taken: {'ret': 0, 'msg': 'success', 'data': None}
2025-07-20 13:23:02,890 - INFO - 'NoneType' object is not subscriptable
2025-07-20 13:23:02,890 - INFO - Traceback (most recent call last):
  File "/home/runner/work/qqnews/qqnews/qq.py", line 128, in main
    for i in qq1["data"]["list"]:
             ~~~~~~~~~~~^^^^^^^^
TypeError: 'NoneType' object is not subscriptable

2025-07-20 14:01:27,056 - INFO - Total time taken: {'ret': 0, 'msg': 'success', 'data': None}
2025-07-20 14:01:27,056 - INFO - 'NoneType' object is not subscriptable
2025-07-20 14:01:27,057 - INFO - Traceback (most recent call last):
  File "/home/runner/work/qqnews/qqnews/qq.py", line 128, in main
    for i in qq1["data"]["list"]:
             ~~~~~~~~~~~^^^^^^^^
TypeError: 'NoneType' object is not subscriptable

2025-07-20 15:07:58,616 - INFO - Total time taken: {'ret': 0, 'msg': 'success', 'data': None}
2025-07-20 15:07:58,617 - INFO - 'NoneType' object is not subscriptable
2025-07-20 15:07:58,617 - INFO - Traceback (most recent call last):
  File "/home/runner/work/qqnews/qqnews/qq.py", line 128, in main
    for i in qq1["data"]["list"]:
             ~~~~~~~~~~~^^^^^^^^
TypeError: 'NoneType' object is not subscriptable

2025-07-20 16:09:47,316 - INFO - Total time taken: {'ret': 0, 'msg': 'success', 'data': None}
2025-07-20 16:09:47,316 - INFO - 'NoneType' object is not subscriptable
2025-07-20 16:09:47,316 - INFO - Traceback (most recent call last):
  File "/home/runner/work/qqnews/qqnews/qq.py", line 128, in main
    for i in qq1["data"]["list"]:
             ~~~~~~~~~~~^^^^^^^^
TypeError: 'NoneType' object is not subscriptable

2025-07-20 17:01:17,880 - INFO - Total time taken: {'ret': 0, 'msg': 'success', 'data': None}
2025-07-20 17:01:17,880 - INFO - 'NoneType' object is not subscriptable
2025-07-20 17:01:17,881 - INFO - Traceback (most recent call last):
  File "/home/runner/work/qqnews/qqnews/qq.py", line 128, in main
    for i in qq1["data"]["list"]:
             ~~~~~~~~~~~^^^^^^^^
TypeError: 'NoneType' object is not subscriptable

2025-07-20 18:11:14,335 - INFO - Total time taken: {'ret': 0, 'msg': 'success', 'data': None}
2025-07-20 18:11:14,335 - INFO - 'NoneType' object is not subscriptable
2025-07-20 18:11:14,336 - INFO - Traceback (most recent call last):
  File "/home/runner/work/qqnews/qqnews/qq.py", line 128, in main
    for i in qq1["data"]["list"]:
             ~~~~~~~~~~~^^^^^^^^
TypeError: 'NoneType' object is not subscriptable

2025-07-20 19:01:05,635 - INFO - Total time taken: {'ret': 0, 'msg': 'success', 'data': None}
2025-07-20 19:01:05,635 - INFO - 'NoneType' object is not subscriptable
2025-07-20 19:01:05,635 - INFO - Traceback (most recent call last):
  File "/home/runner/work/qqnews/qqnews/qq.py", line 128, in main
    for i in qq1["data"]["list"]:
             ~~~~~~~~~~~^^^^^^^^
TypeError: 'NoneType' object is not subscriptable

2025-07-20 20:09:31,577 - INFO - Total time taken: {'ret': 0, 'msg': 'success', 'data': None}
2025-07-20 20:09:31,577 - INFO - 'NoneType' object is not subscriptable
2025-07-20 20:09:31,578 - INFO - Traceback (most recent call last):
  File "/home/runner/work/qqnews/qqnews/qq.py", line 128, in main
    for i in qq1["data"]["list"]:
             ~~~~~~~~~~~^^^^^^^^
TypeError: 'NoneType' object is not subscriptable

2025-07-20 21:01:13,989 - INFO - Total time taken: {'ret': 0, 'msg': 'success', 'data': None}
2025-07-20 21:01:13,989 - INFO - 'NoneType' object is not subscriptable
2025-07-20 21:01:13,989 - INFO - Traceback (most recent call last):
  File "/home/runner/work/qqnews/qqnews/qq.py", line 128, in main
    for i in qq1["data"]["list"]:
             ~~~~~~~~~~~^^^^^^^^
TypeError: 'NoneType' object is not subscriptable

2025-07-20 22:08:26,865 - INFO - Total time taken: {'ret': 0, 'msg': 'success', 'data': None}
2025-07-20 22:08:26,866 - INFO - 'NoneType' object is not subscriptable
2025-07-20 22:08:26,866 - INFO - Traceback (most recent call last):
  File "/home/runner/work/qqnews/qqnews/qq.py", line 128, in main
    for i in qq1["data"]["list"]:
             ~~~~~~~~~~~^^^^^^^^
TypeError: 'NoneType' object is not subscriptable

2025-07-20 23:08:37,913 - INFO - Total time taken: {'ret': 0, 'msg': 'success', 'data': None}
2025-07-20 23:08:37,913 - INFO - 'NoneType' object is not subscriptable
2025-07-20 23:08:37,913 - INFO - Traceback (most recent call last):
  File "/home/runner/work/qqnews/qqnews/qq.py", line 128, in main
    for i in qq1["data"]["list"]:
             ~~~~~~~~~~~^^^^^^^^
TypeError: 'NoneType' object is not subscriptable

