2025-06-22 00:46:52,459 - INFO - Total time taken: {'ret': 0, 'msg': 'success', 'data': None}
2025-06-22 00:46:52,459 - INFO - 'NoneType' object is not subscriptable
2025-06-22 00:46:52,460 - INFO - Traceback (most recent call last):
  File "/home/runner/work/qqnews/qqnews/qq.py", line 128, in main
    for i in qq1["data"]["list"]:
             ~~~~~~~~~~~^^^^^^^^
TypeError: 'NoneType' object is not subscriptable

2025-06-22 02:48:28,869 - INFO - Total time taken: {'ret': 0, 'msg': 'success', 'data': None}
2025-06-22 02:48:28,869 - INFO - 'NoneType' object is not subscriptable
2025-06-22 02:48:28,869 - INFO - Traceback (most recent call last):
  File "/home/runner/work/qqnews/qqnews/qq.py", line 128, in main
    for i in qq1["data"]["list"]:
             ~~~~~~~~~~~^^^^^^^^
TypeError: 'NoneType' object is not subscriptable

2025-06-22 03:46:07,819 - INFO - Total time taken: {'ret': 0, 'msg': 'success', 'data': None}
2025-06-22 03:46:07,819 - INFO - 'NoneType' object is not subscriptable
2025-06-22 03:46:07,819 - INFO - Traceback (most recent call last):
  File "/home/runner/work/qqnews/qqnews/qq.py", line 128, in main
    for i in qq1["data"]["list"]:
             ~~~~~~~~~~~^^^^^^^^
TypeError: 'NoneType' object is not subscriptable

2025-06-22 04:20:50,482 - INFO - Total time taken: {'ret': 0, 'msg': 'success', 'data': None}
2025-06-22 04:20:50,482 - INFO - 'NoneType' object is not subscriptable
2025-06-22 04:20:50,483 - INFO - Traceback (most recent call last):
  File "/home/runner/work/qqnews/qqnews/qq.py", line 128, in main
    for i in qq1["data"]["list"]:
             ~~~~~~~~~~~^^^^^^^^
TypeError: 'NoneType' object is not subscriptable

2025-06-22 05:10:03,018 - INFO - Total time taken: {'ret': 0, 'msg': 'success', 'data': None}
2025-06-22 05:10:03,018 - INFO - 'NoneType' object is not subscriptable
2025-06-22 05:10:03,018 - INFO - Traceback (most recent call last):
  File "/home/runner/work/qqnews/qqnews/qq.py", line 128, in main
    for i in qq1["data"]["list"]:
             ~~~~~~~~~~~^^^^^^^^
TypeError: 'NoneType' object is not subscriptable

2025-06-22 06:11:56,177 - INFO - Total time taken: {'ret': 0, 'msg': 'success', 'data': None}
2025-06-22 06:11:56,178 - INFO - 'NoneType' object is not subscriptable
2025-06-22 06:11:56,178 - INFO - Traceback (most recent call last):
  File "/home/runner/work/qqnews/qqnews/qq.py", line 128, in main
    for i in qq1["data"]["list"]:
             ~~~~~~~~~~~^^^^^^^^
TypeError: 'NoneType' object is not subscriptable

2025-06-22 07:01:12,676 - INFO - Total time taken: {'ret': 0, 'msg': 'success', 'data': None}
2025-06-22 07:01:12,676 - INFO - 'NoneType' object is not subscriptable
2025-06-22 07:01:12,676 - INFO - Traceback (most recent call last):
  File "/home/runner/work/qqnews/qqnews/qq.py", line 128, in main
    for i in qq1["data"]["list"]:
             ~~~~~~~~~~~^^^^^^^^
TypeError: 'NoneType' object is not subscriptable

2025-06-22 08:01:01,681 - INFO - Total time taken: {'ret': 0, 'msg': 'success', 'data': None}
2025-06-22 08:01:01,681 - INFO - 'NoneType' object is not subscriptable
2025-06-22 08:01:01,682 - INFO - Traceback (most recent call last):
  File "/home/runner/work/qqnews/qqnews/qq.py", line 128, in main
    for i in qq1["data"]["list"]:
             ~~~~~~~~~~~^^^^^^^^
TypeError: 'NoneType' object is not subscriptable

2025-06-22 09:08:24,884 - INFO - Total time taken: {'ret': 0, 'msg': 'success', 'data': None}
2025-06-22 09:08:24,885 - INFO - 'NoneType' object is not subscriptable
2025-06-22 09:08:24,885 - INFO - Traceback (most recent call last):
  File "/home/runner/work/qqnews/qqnews/qq.py", line 128, in main
    for i in qq1["data"]["list"]:
             ~~~~~~~~~~~^^^^^^^^
TypeError: 'NoneType' object is not subscriptable

2025-06-22 10:08:26,110 - INFO - Total time taken: {'ret': 0, 'msg': 'success', 'data': None}
2025-06-22 10:08:26,111 - INFO - 'NoneType' object is not subscriptable
2025-06-22 10:08:26,111 - INFO - Traceback (most recent call last):
  File "/home/runner/work/qqnews/qqnews/qq.py", line 128, in main
    for i in qq1["data"]["list"]:
             ~~~~~~~~~~~^^^^^^^^
TypeError: 'NoneType' object is not subscriptable

2025-06-22 11:01:17,752 - INFO - Total time taken: {'ret': 0, 'msg': 'success', 'data': None}
2025-06-22 11:01:17,752 - INFO - 'NoneType' object is not subscriptable
2025-06-22 11:01:17,752 - INFO - Traceback (most recent call last):
  File "/home/runner/work/qqnews/qqnews/qq.py", line 128, in main
    for i in qq1["data"]["list"]:
             ~~~~~~~~~~~^^^^^^^^
TypeError: 'NoneType' object is not subscriptable

2025-06-22 12:13:59,191 - INFO - Total time taken: {'ret': 0, 'msg': 'success', 'data': None}
2025-06-22 12:13:59,191 - INFO - 'NoneType' object is not subscriptable
2025-06-22 12:13:59,191 - INFO - Traceback (most recent call last):
  File "/home/runner/work/qqnews/qqnews/qq.py", line 128, in main
    for i in qq1["data"]["list"]:
             ~~~~~~~~~~~^^^^^^^^
TypeError: 'NoneType' object is not subscriptable

2025-06-22 13:18:49,682 - INFO - Total time taken: {'ret': 0, 'msg': 'success', 'data': None}
2025-06-22 13:18:49,682 - INFO - 'NoneType' object is not subscriptable
2025-06-22 13:18:49,683 - INFO - Traceback (most recent call last):
  File "/home/runner/work/qqnews/qqnews/qq.py", line 128, in main
    for i in qq1["data"]["list"]:
             ~~~~~~~~~~~^^^^^^^^
TypeError: 'NoneType' object is not subscriptable

2025-06-22 14:01:21,400 - INFO - Total time taken: {'ret': 0, 'msg': 'success', 'data': None}
2025-06-22 14:01:21,400 - INFO - 'NoneType' object is not subscriptable
2025-06-22 14:01:21,400 - INFO - Traceback (most recent call last):
  File "/home/runner/work/qqnews/qqnews/qq.py", line 128, in main
    for i in qq1["data"]["list"]:
             ~~~~~~~~~~~^^^^^^^^
TypeError: 'NoneType' object is not subscriptable

2025-06-22 15:01:08,006 - INFO - Total time taken: {'ret': 0, 'msg': 'success', 'data': None}
2025-06-22 15:01:08,007 - INFO - 'NoneType' object is not subscriptable
2025-06-22 15:01:08,007 - INFO - Traceback (most recent call last):
  File "/home/runner/work/qqnews/qqnews/qq.py", line 128, in main
    for i in qq1["data"]["list"]:
             ~~~~~~~~~~~^^^^^^^^
TypeError: 'NoneType' object is not subscriptable

2025-06-22 16:09:03,012 - INFO - Total time taken: {'ret': 0, 'msg': 'success', 'data': None}
2025-06-22 16:09:03,012 - INFO - 'NoneType' object is not subscriptable
2025-06-22 16:09:03,012 - INFO - Traceback (most recent call last):
  File "/home/runner/work/qqnews/qqnews/qq.py", line 128, in main
    for i in qq1["data"]["list"]:
             ~~~~~~~~~~~^^^^^^^^
TypeError: 'NoneType' object is not subscriptable

