2026-04-13 01:13:51,894 - INFO - Total time taken: {'ret': 0, 'msg': 'success', 'data': None}
2026-04-13 01:13:51,895 - INFO - 'NoneType' object is not subscriptable
2026-04-13 01:13:51,895 - INFO - Traceback (most recent call last):
  File "/home/runner/work/qqnews/qqnews/qq.py", line 128, in main
    for i in qq1["data"]["list"]:
             ~~~~~~~~~~~^^^^^^^^
TypeError: 'NoneType' object is not subscriptable

2026-04-13 04:46:27,870 - INFO - Total time taken: {'ret': 0, 'msg': 'success', 'data': None}
2026-04-13 04:46:27,871 - INFO - 'NoneType' object is not subscriptable
2026-04-13 04:46:27,871 - INFO - Traceback (most recent call last):
  File "/home/runner/work/qqnews/qqnews/qq.py", line 128, in main
    for i in qq1["data"]["list"]:
             ~~~~~~~~~~~^^^^^^^^
TypeError: 'NoneType' object is not subscriptable

2026-04-13 07:05:34,303 - INFO - Total time taken: {'ret': 0, 'msg': 'success', 'data': None}
2026-04-13 07:05:34,303 - INFO - 'NoneType' object is not subscriptable
2026-04-13 07:05:34,303 - INFO - Traceback (most recent call last):
  File "/home/runner/work/qqnews/qqnews/qq.py", line 128, in main
    for i in qq1["data"]["list"]:
             ~~~~~~~~~~~^^^^^^^^
TypeError: 'NoneType' object is not subscriptable

2026-04-13 09:22:45,670 - INFO - Total time taken: {'ret': 0, 'msg': 'success', 'data': None}
2026-04-13 09:22:45,670 - INFO - 'NoneType' object is not subscriptable
2026-04-13 09:22:45,670 - INFO - Traceback (most recent call last):
  File "/home/runner/work/qqnews/qqnews/qq.py", line 128, in main
    for i in qq1["data"]["list"]:
             ~~~~~~~~~~~^^^^^^^^
TypeError: 'NoneType' object is not subscriptable

2026-04-13 11:06:00,251 - INFO - Total time taken: {'ret': 0, 'msg': 'success', 'data': None}
2026-04-13 11:06:00,251 - INFO - 'NoneType' object is not subscriptable
2026-04-13 11:06:00,252 - INFO - Traceback (most recent call last):
  File "/home/runner/work/qqnews/qqnews/qq.py", line 128, in main
    for i in qq1["data"]["list"]:
             ~~~~~~~~~~~^^^^^^^^
TypeError: 'NoneType' object is not subscriptable

2026-04-13 12:52:45,882 - INFO - Total time taken: {'ret': 0, 'msg': 'success', 'data': None}
2026-04-13 12:52:45,882 - INFO - 'NoneType' object is not subscriptable
2026-04-13 12:52:45,882 - INFO - Traceback (most recent call last):
  File "/home/runner/work/qqnews/qqnews/qq.py", line 128, in main
    for i in qq1["data"]["list"]:
             ~~~~~~~~~~~^^^^^^^^
TypeError: 'NoneType' object is not subscriptable

2026-04-13 14:25:08,998 - INFO - Total time taken: {'ret': 0, 'msg': 'success', 'data': None}
2026-04-13 14:25:08,998 - INFO - 'NoneType' object is not subscriptable
2026-04-13 14:25:08,999 - INFO - Traceback (most recent call last):
  File "/home/runner/work/qqnews/qqnews/qq.py", line 128, in main
    for i in qq1["data"]["list"]:
             ~~~~~~~~~~~^^^^^^^^
TypeError: 'NoneType' object is not subscriptable

2026-04-13 16:02:41,949 - INFO - Total time taken: {'ret': 0, 'msg': 'success', 'data': None}
2026-04-13 16:02:41,949 - INFO - 'NoneType' object is not subscriptable
2026-04-13 16:02:41,949 - INFO - Traceback (most recent call last):
  File "/home/runner/work/qqnews/qqnews/qq.py", line 128, in main
    for i in qq1["data"]["list"]:
             ~~~~~~~~~~~^^^^^^^^
TypeError: 'NoneType' object is not subscriptable

2026-04-13 17:47:30,407 - INFO - Total time taken: {'ret': 0, 'msg': 'success', 'data': None}
2026-04-13 17:47:30,407 - INFO - 'NoneType' object is not subscriptable
2026-04-13 17:47:30,407 - INFO - Traceback (most recent call last):
  File "/home/runner/work/qqnews/qqnews/qq.py", line 128, in main
    for i in qq1["data"]["list"]:
             ~~~~~~~~~~~^^^^^^^^
TypeError: 'NoneType' object is not subscriptable

2026-04-13 18:55:40,643 - INFO - Total time taken: {'ret': 0, 'msg': 'success', 'data': None}
2026-04-13 18:55:40,643 - INFO - 'NoneType' object is not subscriptable
2026-04-13 18:55:40,643 - INFO - Traceback (most recent call last):
  File "/home/runner/work/qqnews/qqnews/qq.py", line 128, in main
    for i in qq1["data"]["list"]:
             ~~~~~~~~~~~^^^^^^^^
TypeError: 'NoneType' object is not subscriptable

2026-04-13 19:58:06,265 - INFO - Total time taken: {'ret': 0, 'msg': 'success', 'data': None}
2026-04-13 19:58:06,265 - INFO - 'NoneType' object is not subscriptable
2026-04-13 19:58:06,266 - INFO - Traceback (most recent call last):
  File "/home/runner/work/qqnews/qqnews/qq.py", line 128, in main
    for i in qq1["data"]["list"]:
             ~~~~~~~~~~~^^^^^^^^
TypeError: 'NoneType' object is not subscriptable

2026-04-13 20:44:56,334 - INFO - Total time taken: {'ret': 0, 'msg': 'success', 'data': None}
2026-04-13 20:44:56,335 - INFO - 'NoneType' object is not subscriptable
2026-04-13 20:44:56,335 - INFO - Traceback (most recent call last):
  File "/home/runner/work/qqnews/qqnews/qq.py", line 128, in main
    for i in qq1["data"]["list"]:
             ~~~~~~~~~~~^^^^^^^^
TypeError: 'NoneType' object is not subscriptable

2026-04-13 21:36:15,203 - INFO - Total time taken: {'ret': 0, 'msg': 'success', 'data': None}
2026-04-13 21:36:15,203 - INFO - 'NoneType' object is not subscriptable
2026-04-13 21:36:15,204 - INFO - Traceback (most recent call last):
  File "/home/runner/work/qqnews/qqnews/qq.py", line 128, in main
    for i in qq1["data"]["list"]:
             ~~~~~~~~~~~^^^^^^^^
TypeError: 'NoneType' object is not subscriptable

2026-04-13 22:32:38,498 - INFO - Total time taken: {'ret': 0, 'msg': 'success', 'data': None}
2026-04-13 22:32:38,498 - INFO - 'NoneType' object is not subscriptable
2026-04-13 22:32:38,498 - INFO - Traceback (most recent call last):
  File "/home/runner/work/qqnews/qqnews/qq.py", line 128, in main
    for i in qq1["data"]["list"]:
             ~~~~~~~~~~~^^^^^^^^
TypeError: 'NoneType' object is not subscriptable

