2026-02-19 00:59:14,337 - INFO - Total time taken: {'ret': 0, 'msg': 'success', 'data': None}
2026-02-19 00:59:14,338 - INFO - 'NoneType' object is not subscriptable
2026-02-19 00:59:14,338 - INFO - Traceback (most recent call last):
  File "/home/runner/work/qqnews/qqnews/qq.py", line 128, in main
    for i in qq1["data"]["list"]:
             ~~~~~~~~~~~^^^^^^^^
TypeError: 'NoneType' object is not subscriptable

2026-02-19 03:34:31,766 - INFO - Total time taken: {'ret': 0, 'msg': 'success', 'data': None}
2026-02-19 03:34:31,767 - INFO - 'NoneType' object is not subscriptable
2026-02-19 03:34:31,767 - INFO - Traceback (most recent call last):
  File "/home/runner/work/qqnews/qqnews/qq.py", line 128, in main
    for i in qq1["data"]["list"]:
             ~~~~~~~~~~~^^^^^^^^
TypeError: 'NoneType' object is not subscriptable

2026-02-19 05:15:54,920 - INFO - Total time taken: {'ret': 0, 'msg': 'success', 'data': None}
2026-02-19 05:15:54,921 - INFO - 'NoneType' object is not subscriptable
2026-02-19 05:15:54,921 - INFO - Traceback (most recent call last):
  File "/home/runner/work/qqnews/qqnews/qq.py", line 128, in main
    for i in qq1["data"]["list"]:
             ~~~~~~~~~~~^^^^^^^^
TypeError: 'NoneType' object is not subscriptable

2026-02-19 06:43:28,267 - INFO - Total time taken: {'ret': 0, 'msg': 'success', 'data': None}
2026-02-19 06:43:28,268 - INFO - 'NoneType' object is not subscriptable
2026-02-19 06:43:28,268 - INFO - Traceback (most recent call last):
  File "/home/runner/work/qqnews/qqnews/qq.py", line 128, in main
    for i in qq1["data"]["list"]:
             ~~~~~~~~~~~^^^^^^^^
TypeError: 'NoneType' object is not subscriptable

2026-02-19 07:40:14,906 - INFO - Total time taken: {'ret': 0, 'msg': 'success', 'data': None}
2026-02-19 07:40:14,906 - INFO - 'NoneType' object is not subscriptable
2026-02-19 07:40:14,907 - INFO - Traceback (most recent call last):
  File "/home/runner/work/qqnews/qqnews/qq.py", line 128, in main
    for i in qq1["data"]["list"]:
             ~~~~~~~~~~~^^^^^^^^
TypeError: 'NoneType' object is not subscriptable

2026-02-19 08:28:19,652 - INFO - Total time taken: {'ret': 0, 'msg': 'success', 'data': None}
2026-02-19 08:28:19,653 - INFO - 'NoneType' object is not subscriptable
2026-02-19 08:28:19,653 - INFO - Traceback (most recent call last):
  File "/home/runner/work/qqnews/qqnews/qq.py", line 128, in main
    for i in qq1["data"]["list"]:
             ~~~~~~~~~~~^^^^^^^^
TypeError: 'NoneType' object is not subscriptable

