2026-06-19 00:17:00,144 - INFO - Total time taken: {'ret': 0, 'msg': 'success', 'data': None}
2026-06-19 00:17:00,145 - INFO - 'NoneType' object is not subscriptable
2026-06-19 00:17:00,145 - INFO - Traceback (most recent call last):
  File "/home/runner/work/qqnews/qqnews/qq.py", line 128, in main
    for i in qq1["data"]["list"]:
             ~~~~~~~~~~~^^^^^^^^
TypeError: 'NoneType' object is not subscriptable

2026-06-19 06:03:00,906 - INFO - Total time taken: {'ret': 0, 'msg': 'success', 'data': None}
2026-06-19 06:03:00,906 - INFO - 'NoneType' object is not subscriptable
2026-06-19 06:03:00,907 - INFO - Traceback (most recent call last):
  File "/home/runner/work/qqnews/qqnews/qq.py", line 128, in main
    for i in qq1["data"]["list"]:
             ~~~~~~~~~~~^^^^^^^^
TypeError: 'NoneType' object is not subscriptable

2026-06-19 11:09:02,280 - INFO - Total time taken: {'ret': 0, 'msg': 'success', 'data': None}
2026-06-19 11:09:02,280 - INFO - 'NoneType' object is not subscriptable
2026-06-19 11:09:02,281 - INFO - Traceback (most recent call last):
  File "/home/runner/work/qqnews/qqnews/qq.py", line 128, in main
    for i in qq1["data"]["list"]:
             ~~~~~~~~~~~^^^^^^^^
TypeError: 'NoneType' object is not subscriptable

2026-06-19 14:33:31,445 - INFO - Total time taken: {'ret': 0, 'msg': 'success', 'data': None}
2026-06-19 14:33:31,446 - INFO - 'NoneType' object is not subscriptable
2026-06-19 14:33:31,446 - INFO - Traceback (most recent call last):
  File "/home/runner/work/qqnews/qqnews/qq.py", line 128, in main
    for i in qq1["data"]["list"]:
             ~~~~~~~~~~~^^^^^^^^
TypeError: 'NoneType' object is not subscriptable

