2024-07-22 11:00:53,512 - INFO - EXPIRED
高科技生育创新兴起，人为优化基因会不会有伦理问题？普通的孩子怎么办？
https://view.inews.qq.com/a/20240721Q05MEN00

2024-07-22 11:00:53,512 - INFO - EXPIRED
清华大学公告谢绝商业“一日游”，曾有“黄牛”称300元可带人进校园
https://new.qq.com/rain/a/20240721A049WO00

2024-07-22 11:00:53,512 - INFO - EXPIRED
70后男子在四川乐山大佛脚下漂流，当地：此水域系航道，很容易卷进去
https://new.qq.com/rain/a/20240721V05QTC00

2024-07-22 11:00:53,512 - INFO - EXPIRED
警方为7岁男童寻亲：7年前在山东聊城一公厕旁被捡，当时被用报纸包裹
https://new.qq.com/rain/a/20240721A048S000

2024-07-22 11:00:53,513 - INFO - EXPIRED
汪文斌周末逛柬埔寨超市了解社情民意，称能用微信支付“很方便”
https://new.qq.com/rain/a/20240721V04OOB00

2024-07-22 11:00:53,513 - INFO - EXPIRED
民进党权力改组，赖清德“新赖系”一家独大
https://new.qq.com/rain/a/20240721A07EMO00

2024-07-22 11:00:53,513 - INFO - EXPIRED
开盘就卖光了！116套房卖了26.9亿元，深圳有豪宅项目遭疯抢
https://new.qq.com/rain/a/20240721A07HB100

2024-07-22 11:00:53,513 - INFO - EXPIRED
老人散步时被遮阳伞砸中头部致伤残，商铺不认，法院判了
https://new.qq.com/rain/a/20240721A0635C00

2024-07-22 11:00:53,513 - INFO - EXPIRED
国际数学奥林匹克美国队夺冠，为何美国队这么多亚裔？亚裔更擅长数学吗？
https://view.inews.qq.com/a/20240721Q062TO00

2024-07-22 11:00:53,513 - INFO - EXPIRED
中考录取乱象：花30万包上名校？没填三二分段却收到通知
https://new.qq.com/rain/a/20240721A04FLE00

2024-07-22 11:00:53,513 - INFO - EXPIRED
宝马退出价格战后拒绝为此前优惠客户交车，这样做违法吗？应该如何维权？
https://view.inews.qq.com/a/20240721Q05K3R00

2024-07-22 11:00:53,513 - INFO - EXPIRED
5岁男童出院记录被标“已婚”，工作人员：应该写错了，会反馈医生
https://new.qq.com/rain/a/20240721A0575400

2024-07-22 11:00:53,513 - INFO - EXPIRED
面对人形机器人供应链，马斯克这样的“大神”也不会了
https://new.qq.com/rain/a/20240721A05E4900

2024-07-22 11:00:53,513 - INFO - EXPIRED
影史首位！沈腾主演电影票房破350亿
https://new.qq.com/rain/a/20240721A05W0000

2024-07-22 11:00:53,513 - INFO - EXPIRED
央视曝光！不法分子盗窃用上“易容术”！能骗过门禁、盗刷账户吗？独家调查
https://new.qq.com/rain/a/20240721A06O3500

2024-07-22 11:00:53,513 - INFO - EXPIRED
日媒：美国将首次以文件形式承诺用包括核武器在内的力量保护日本
https://new.qq.com/rain/a/20240721A06BLQ00

2024-07-22 11:00:53,513 - INFO - EXPIRED
19岁女孩落水金沙江失踪10天，妈妈沿江寻找，同行者透露事发经过
https://new.qq.com/rain/a/20240721A05K2500

2024-07-22 11:00:53,513 - INFO - EXPIRED
以色列总理内塔尼亚胡即将访美
https://new.qq.com/rain/a/20240721A07B3V00

2024-07-22 11:00:53,513 - INFO - EXPIRED
美国15岁华裔女孩骑行途中失踪：失踪前监控曝光，母亲称夜不能寐
https://new.qq.com/rain/a/20240721V06NF400

2024-07-22 11:00:53,513 - INFO - EXPIRED
山东19万文科生高考志愿滑档？教育专家熊丙奇：显然是夸大的
https://new.qq.com/rain/a/20240721A05X3600

2024-07-22 11:00:53,513 - INFO - EXPIRED
中共中央：加快发展战略威慑力量，大力发展新域新质作战力量
https://new.qq.com/rain/a/20240721A05QYB00

2024-07-22 11:00:53,513 - INFO - EXPIRED
河北定州一村主任诬陷村民被公诉，取保候审期间脱逃
https://new.qq.com/rain/a/20240721A073LY00

2024-07-22 11:00:53,513 - INFO - EXPIRED
“超雄综合征”胎儿母亲决定终止妊娠，专家：“犯罪基因”是误解
https://new.qq.com/rain/a/20240721A04H8T00

2024-07-22 11:00:54,444 - ERROR - ERROR
河南一环卫工驾驶无牌车被撞身亡：家属称环卫公司提供车辆有责任
https://new.qq.com/rain/a/20240722V07KMC00
('list index out of range',)
======
Traceback (most recent call last):
  File "/home/runner/work/qqnews/qqnews/qq.py", line 81, in process_article
    ss = str(tmpbs.select("div.LEFT div.content.clearfix")[0])
             ~~~~~~~~~~~~~~~~~~~~~~~~~~~~~~~~~~~~~~~~~~~~~^^^
IndexError: list index out of range


2024-07-22 11:00:54,465 - INFO - INVALID
外交部发布：中国关于互不首先使用核武器倡议的工作文件
https://new.qq.com/rain/a/20240722A07PYZ00

2024-07-22 11:00:54,698 - INFO - INVALID
女子连续考公7年，今年笔试面试第一名，因“患地中海贫血”被拒录
https://new.qq.com/rain/a/20240722A01I1L00

2024-07-22 11:00:54,735 - ERROR - ERROR
北极圈气温将升至29℃，为什么今年的高温这么夸张？这会带来哪些危害？
https://view.inews.qq.com/a/20240722Q0090Q00
('list index out of range',)
======
Traceback (most recent call last):
  File "/home/runner/work/qqnews/qqnews/qq.py", line 81, in process_article
    ss = str(tmpbs.select("div.LEFT div.content.clearfix")[0])
             ~~~~~~~~~~~~~~~~~~~~~~~~~~~~~~~~~~~~~~~~~~~~~^^^
IndexError: list index out of range


2024-07-22 11:00:54,739 - ERROR - ERROR
印度男孩感染尼帕病毒死亡，据称死亡率达75%，这种病毒是“何方神圣”？
https://view.inews.qq.com/a/20240722Q06G8T00
('list index out of range',)
======
Traceback (most recent call last):
  File "/home/runner/work/qqnews/qqnews/qq.py", line 81, in process_article
    ss = str(tmpbs.select("div.LEFT div.content.clearfix")[0])
             ~~~~~~~~~~~~~~~~~~~~~~~~~~~~~~~~~~~~~~~~~~~~~^^^
IndexError: list index out of range


2024-07-22 11:00:54,780 - INFO - EXIST
医院用直升机送肺源给73岁老人做手术 网友质疑“特权特办” 多方回应
https://new.qq.com/rain/a/20240722A03WKQ00

2024-07-22 11:00:54,785 - INFO - INVALID
中国与菲律宾就仁爱礁问题达成临时性安排，外交部：望菲方信守承诺
https://new.qq.com/rain/a/20240722A05SW100

2024-07-22 11:00:55,263 - INFO - INVALID
男主播假认干妈，以患癌、被追杀等为由骗独居老人55万元，获刑10年半
https://new.qq.com/rain/a/20240722A06GWO00

2024-07-22 11:00:55,268 - INFO - INVALID
4S店拒不交车？宝马中国：均为个案，正与经销商沟通，维护消费者权益
https://new.qq.com/rain/a/20240722A080S800

2024-07-22 11:00:55,272 - INFO - INVALID
王毅集体会见美中贸易全国委员会董事会代表团
https://new.qq.com/rain/a/20240722A07X4300

2024-07-22 11:00:55,315 - INFO - INVALID
恒大地产等被强制执行19.7亿
https://new.qq.com/rain/a/20240722A07XP000

2024-07-22 11:00:55,350 - INFO - INVALID
韩媒：韩检察总长不满首尔检方先斩后奏传讯“第一夫人”，并向国民道歉
https://new.qq.com/rain/a/20240722A06U0G00

2024-07-22 11:00:55,599 - INFO - INVALID
被加征37.6%关税，上汽集团向欧盟委员会提交抗辩意见
https://new.qq.com/rain/a/20240722A06B9F00

2024-07-22 11:00:55,819 - INFO - INVALID
天津一货运火车与罐车发生碰撞 当地：未造成人员死亡
https://new.qq.com/rain/a/20240722A07I7Y00

2024-07-22 11:00:55,858 - INFO - INVALID
受权发布_中华人民共和国保守国家秘密法实施条例
https://new.qq.com/rain/a/20240722A06YTL00

2024-07-22 11:00:55,893 - ERROR - ERROR
都说临阵换将是兵家大忌，拜登此刻宣布退选算犯大忌吗？民主党是否下错棋了？
https://view.inews.qq.com/a/20240722Q061GA00
('list index out of range',)
======
Traceback (most recent call last):
  File "/home/runner/work/qqnews/qqnews/qq.py", line 81, in process_article
    ss = str(tmpbs.select("div.LEFT div.content.clearfix")[0])
             ~~~~~~~~~~~~~~~~~~~~~~~~~~~~~~~~~~~~~~~~~~~~~^^^
IndexError: list index out of range


2024-07-22 11:00:55,945 - INFO - INVALID
7月国产网络游戏审批信息，包含《暗区突围：无限》等105款游戏获批
https://new.qq.com/rain/a/20240722A06VLE00

2024-07-22 11:00:55,974 - INFO - INVALID
降息引发高股息股回调，抱团正瓦解？网友吵翻了，基金二季报中有真相
https://new.qq.com/rain/a/20240722A07BD300

2024-07-22 11:00:56,113 - INFO - INVALID
伯克希尔再度减持比亚迪H股股份 持股比例已不足5%
https://new.qq.com/rain/a/20240722A077VC00

2024-07-22 11:00:56,175 - INFO - INVALID
贵州省红十字会原党组书记王开禄被决定逮捕！曾因酒驾受罚
https://new.qq.com/rain/a/20240722A0668J00

2024-07-22 11:00:56,282 - INFO - INVALID
沈阳浑河边大人带小孩露营烧烤，三小孩落水一人失踪，目前多方搜救中
https://new.qq.com/rain/a/20240722A06DAD00

2024-07-22 11:00:56,303 - INFO - INVALID
财政部：上半年，全国一般公共预算收入115913亿元，同比下降2.8%
https://new.qq.com/rain/a/20240722A0658V00

2024-07-22 11:00:56,396 - INFO - INVALID
港股收评：恒生指数收涨1.25% 恒生科技指数涨2.1%
https://new.qq.com/rain/a/20240722A065VS00

2024-07-22 11:00:56,424 - INFO - INVALID
乌克兰外长库列巴将访华
https://new.qq.com/rain/a/20240722A05EJU00

2024-07-22 11:00:56,657 - ERROR - ERROR
硬核！近距离看“威龙”歼-20直上云霄，隔屏都能感受到压迫感
https://new.qq.com/rain/a/20240722V039OT00
('list index out of range',)
======
Traceback (most recent call last):
  File "/home/runner/work/qqnews/qqnews/qq.py", line 81, in process_article
    ss = str(tmpbs.select("div.LEFT div.content.clearfix")[0])
             ~~~~~~~~~~~~~~~~~~~~~~~~~~~~~~~~~~~~~~~~~~~~~^^^
IndexError: list index out of range


2024-07-22 11:00:56,668 - INFO - INVALID
券商研究所现内斗？西部证券行业首席怒怼副所长 分析师进入过剩时代
https://new.qq.com/rain/a/20240722A056WA00

2024-07-22 11:00:56,731 - INFO - INVALID
泰国6人中毒身亡案：一死者为著名化妆师 称嫌疑人为“迪拜富翁之妻”
https://new.qq.com/rain/a/20240722A053QK00

2024-07-22 11:00:56,736 - INFO - INVALID
韩正将出席巴黎奥运会开幕式
https://new.qq.com/rain/a/20240722A05E9H00

2024-07-22 11:00:56,855 - ERROR - ERROR
以色列“长臂行动”空袭也门，它的手臂有多长？想伸哪就伸哪吗？
https://view.inews.qq.com/a/20240722Q037EE00
('list index out of range',)
======
Traceback (most recent call last):
  File "/home/runner/work/qqnews/qqnews/qq.py", line 81, in process_article
    ss = str(tmpbs.select("div.LEFT div.content.clearfix")[0])
             ~~~~~~~~~~~~~~~~~~~~~~~~~~~~~~~~~~~~~~~~~~~~~^^^
IndexError: list index out of range


2024-07-22 11:00:57,037 - INFO - INVALID
国家数据局：培育壮大数据企业 打造竞争有序、繁荣活跃的数据产业
https://new.qq.com/rain/a/20240722A05OQY00

2024-07-22 11:00:57,183 - ERROR - ERROR
云南保山村民发现重达一百多斤的巨型蘑菇，村支书：将做成标本
https://new.qq.com/rain/a/20240722V058BJ00
('list index out of range',)
======
Traceback (most recent call last):
  File "/home/runner/work/qqnews/qqnews/qq.py", line 81, in process_article
    ss = str(tmpbs.select("div.LEFT div.content.clearfix")[0])
             ~~~~~~~~~~~~~~~~~~~~~~~~~~~~~~~~~~~~~~~~~~~~~^^^
IndexError: list index out of range


2024-07-22 11:00:57,232 - INFO - INVALID
北京重申：小客车指标仅限指标所有人使用，违规租“京牌”指标或作废
https://new.qq.com/rain/a/20240722A02IZZ00

2024-07-22 11:00:57,240 - INFO - INVALID
山东19万文科生高考志愿滑档？省招考院：数据肯定不真实
https://new.qq.com/rain/a/20240722A041YE00

2024-07-22 11:00:57,307 - ERROR - ERROR
医院院长被指和女子有不正当关系，调查期间返岗？院方：返岗消息不实
https://new.qq.com/rain/a/20240722V04YDU00
('list index out of range',)
======
Traceback (most recent call last):
  File "/home/runner/work/qqnews/qqnews/qq.py", line 81, in process_article
    ss = str(tmpbs.select("div.LEFT div.content.clearfix")[0])
             ~~~~~~~~~~~~~~~~~~~~~~~~~~~~~~~~~~~~~~~~~~~~~^^^
IndexError: list index out of range


2024-07-22 11:00:57,459 - ERROR - ERROR
拜登宣布退出美国大选转而支持哈里斯，哈里斯能赢吗？民主党只能选她？
https://view.inews.qq.com/a/20240722Q0331U00
('list index out of range',)
======
Traceback (most recent call last):
  File "/home/runner/work/qqnews/qqnews/qq.py", line 81, in process_article
    ss = str(tmpbs.select("div.LEFT div.content.clearfix")[0])
             ~~~~~~~~~~~~~~~~~~~~~~~~~~~~~~~~~~~~~~~~~~~~~^^^
IndexError: list index out of range


2024-07-22 11:00:57,488 - INFO - INVALID
35岁再考清华男子恭喜唐尚珺，回应成绩造假质疑：实力远不止626分
https://new.qq.com/rain/a/20240722A04QRH00

2024-07-22 11:00:57,671 - INFO - INVALID
印度全民“股疯”：年轻人疯狂涌入，视股市如赌场，期待“一夜暴富”
https://new.qq.com/rain/a/20240722A04ZRY00

2024-07-22 11:00:57,786 - INFO - INVALID
小米造车三年，未公开的犹豫、决策和挑战
https://new.qq.com/rain/a/20240722A04VHR00

2024-07-22 11:00:57,790 - INFO - INVALID
“凑够5万就去还款”：那些提前还贷的年轻人
https://new.qq.com/rain/a/20240722A01WRW00

2024-07-22 11:00:58,370 - INFO - INVALID
山东鄄城一废弃厂房发生燃爆致7死1伤，事故调查报告发布
https://new.qq.com/rain/a/20240722A02D3A00

2024-07-22 11:00:58,647 - INFO - INVALID
日媒爆料：拜登退选可能对日本首相人选产生影响，有岸田亲信敦促岸田退选
https://new.qq.com/rain/a/20240722A0425Y00

2024-07-22 11:00:58,658 - INFO - INVALID
“中科大跨省建赣州校区”引热议，教育部曾要求严控异地办学
https://new.qq.com/rain/a/20240722A02VBW00

2024-07-22 11:00:58,701 - ERROR - ERROR
人大博士生实名举报导师性骚扰，称被拒后遭打击报复2年多，这种事在大学常见吗？
https://view.inews.qq.com/a/20240722Q04KVL00
('list index out of range',)
======
Traceback (most recent call last):
  File "/home/runner/work/qqnews/qqnews/qq.py", line 81, in process_article
    ss = str(tmpbs.select("div.LEFT div.content.clearfix")[0])
             ~~~~~~~~~~~~~~~~~~~~~~~~~~~~~~~~~~~~~~~~~~~~~^^^
IndexError: list index out of range


2024-07-22 11:00:58,766 - INFO - INVALID
高考16次的唐尚珺公布最新录取动态：档案已投至华南师范大学，院校阅档中
https://new.qq.com/rain/a/20240722A03EQZ00

2024-07-22 11:00:58,839 - INFO - INVALID
浙江宁海一企业起诉县政府：13亿竞得采矿权未“净矿”交割，生产遇阻
https://new.qq.com/rain/a/20240722A00SCQ00

2024-07-22 11:00:58,924 - ERROR - ERROR
被新冠困在韩国宾馆里的大熊猫专家：靠人力送报告发现大熊猫临产迹象
https://new.qq.com/rain/a/20240722V03QMW00
('list index out of range',)
======
Traceback (most recent call last):
  File "/home/runner/work/qqnews/qqnews/qq.py", line 81, in process_article
    ss = str(tmpbs.select("div.LEFT div.content.clearfix")[0])
             ~~~~~~~~~~~~~~~~~~~~~~~~~~~~~~~~~~~~~~~~~~~~~^^^
IndexError: list index out of range


2024-07-22 11:00:58,948 - INFO - INVALID
北京、上海金融监管局局长均有新职，地方金融监管局负责人密集调整中
https://new.qq.com/rain/a/20240722A024L300

2024-07-22 11:00:59,014 - INFO - INVALID
国有大行正在考虑下调存款挂牌利率
https://new.qq.com/rain/a/20240722A04ECI00

2024-07-22 11:00:59,133 - INFO - INVALID
青海海西州法官被指操控庭审，省高院：指定海东市乐都区法院审判
https://new.qq.com/rain/a/20240722A03TD300

2024-07-22 11:00:59,217 - INFO - INVALID
台媒紧盯：12架次解放军军机在台海周边活动，其中1架无人机“四面完整绕台”
https://new.qq.com/rain/a/20240722A02OUP00

2024-07-22 11:00:59,281 - INFO - INVALID
香港财政司司长陈茂波一行将赴北京讨论合作
https://new.qq.com/rain/a/20240722A03WYR00

2024-07-22 11:00:59,311 - INFO - INVALID
英伟达据悉正为中国市场准备一款旗舰版AI芯片
https://new.qq.com/rain/a/20240722A044K300

2024-07-22 11:00:59,315 - INFO - INVALID
港股午评：恒生科技指数涨1.69% 医药、汽车等板块走强
https://new.qq.com/rain/a/20240722A03SUY00

2024-07-22 11:00:59,510 - INFO - INVALID
尴尬！台媒：“汉光”演习首日台军“云豹”装甲车疑引擎故障，停在民宅前紧急维修
https://new.qq.com/rain/a/20240722A03YFV00

2024-07-22 11:00:59,622 - INFO - INVALID
LPR降息减轻房贷负担  业内人士：预计银行将下调存款利息
https://new.qq.com/rain/a/20240722A02VXY00

2024-07-22 11:00:59,627 - INFO - INVALID
女博士实名举报导师王某某性骚扰，中国人民大学成立工作组开展调查
https://new.qq.com/rain/a/20240722A01H7C00

2024-07-22 11:00:59,700 - INFO - INVALID
中国驻菲使馆：美国应尽快就其针对中国新冠疫苗虚假宣传造成严重伤害给菲人民一个交代
https://new.qq.com/rain/a/20240722A025RT00

2024-07-22 11:00:59,874 - ERROR - ERROR
拜登宣布退出美国大选，泽连斯基和内塔尼亚胡谁更难受？他们还能坚持下去吗？
https://view.inews.qq.com/a/20240722Q01EVB00
('list index out of range',)
======
Traceback (most recent call last):
  File "/home/runner/work/qqnews/qqnews/qq.py", line 81, in process_article
    ss = str(tmpbs.select("div.LEFT div.content.clearfix")[0])
             ~~~~~~~~~~~~~~~~~~~~~~~~~~~~~~~~~~~~~~~~~~~~~^^^
IndexError: list index out of range


2024-07-22 11:00:59,878 - INFO - INVALID
买好的机票竟悄悄变了？多位消费者吐槽：平台未经允许“退高买低”
https://new.qq.com/rain/a/20240722A00OQJ00

2024-07-22 11:00:59,951 - INFO - INVALID
李晟医生被追授“优秀共产党员”称号，温医大附一院官网首页已变灰
https://new.qq.com/rain/a/20240722A02HM900

2024-07-22 11:00:59,972 - INFO - INVALID
二十届三中全会《决定》，这些和退役军人工作有关
https://new.qq.com/rain/a/20240722A01MFD00

2024-07-22 11:01:00,170 - INFO - INVALID
她是当年《快女》人气王，浪姐邀请5次才出山，网友称值得再火一次
https://new.qq.com/rain/a/20240722A01N5700

2024-07-22 11:01:00,295 - INFO - INVALID
拜登宣布退选后哈里斯发声，称赞拜登退选是“无私和爱国的行为”
https://new.qq.com/rain/a/20240722A00RZB00

2024-07-22 11:01:00,308 - INFO - INVALID
拜登退选，在非法移民事务上表现不佳的哈里斯能笑到最后吗
https://new.qq.com/rain/a/20240722A010Q700

2024-07-22 11:01:00,335 - INFO - INVALID
刘元春：AI股是否存在泡沫值得关注，美国经济软着陆基础很脆弱
https://new.qq.com/rain/a/20240722A02AL000

2024-07-22 11:01:00,339 - INFO - INVALID
5年期以上LPR下降10个基点，100万元房贷30年减少2.1万元
https://new.qq.com/rain/a/20240722A01RP200

2024-07-22 11:01:00,592 - INFO - INVALID
中方就管控仁爱礁局势同菲方达成临时性安排？外交部强调三点原则
https://new.qq.com/rain/a/20240722A0051E00

2024-07-22 11:01:00,605 - INFO - INVALID
央行“降息”10个基点 业内人士：不代表长债收益率下行空间打开
https://new.qq.com/rain/a/20240722A021QP00

2024-07-22 11:01:00,626 - INFO - INVALID
补贴难以为继，政策增加成本，“倒闭潮”冲击美国光伏企业
https://new.qq.com/rain/a/20240722A00UEA00

2024-07-22 11:01:00,687 - INFO - INVALID
央行：适当减免中期借贷便利（MLF）操作的质押品
https://new.qq.com/rain/a/20240722A01CUQ00

2024-07-22 11:01:00,710 - INFO - INVALID
泽连斯基发文说计划与特朗普面谈，乌总统新闻秘书：特朗普可能访问乌克兰
https://new.qq.com/rain/a/20240722A00UQT00

2024-07-22 11:01:00,925 - INFO - INVALID
长沙一起车祸造成8人受伤：肇事者等绿灯时清理后座物品，致车辆失控
https://new.qq.com/rain/a/20240722A00FFJ00

2024-07-22 11:01:00,983 - INFO - INVALID
第4号台风“派比安”在海南万宁沿海登陆
https://new.qq.com/rain/a/20240722A00F0C00

2024-07-22 11:01:01,063 - INFO - INVALID
外媒：特朗普回应“拜登退选支持哈里斯”，称击败她比击败拜登更容易
https://new.qq.com/rain/a/20240722A00B7600

2024-07-22 11:01:01,314 - INFO - INVALID
“为了我的政党和国家的最佳利益，我应退出”，拜登退选公告全文发布
https://new.qq.com/rain/a/20240722A00AKD00

2024-07-22 11:01:01,428 - ERROR - ERROR
拜登退出2024美国大选，美国历史有哪些党魁主动退选？退选后发生了什么？
https://view.inews.qq.com/a/20240722Q00BHM00
('list index out of range',)
======
Traceback (most recent call last):
  File "/home/runner/work/qqnews/qqnews/qq.py", line 81, in process_article
    ss = str(tmpbs.select("div.LEFT div.content.clearfix")[0])
             ~~~~~~~~~~~~~~~~~~~~~~~~~~~~~~~~~~~~~~~~~~~~~^^^
IndexError: list index out of range


2024-07-22 11:01:01,439 - ERROR - ERROR
拜登宣布将退选，他为何终究败给了特朗普？是实力不济还是时运不济？
https://view.inews.qq.com/a/20240722Q00B5500
('list index out of range',)
======
Traceback (most recent call last):
  File "/home/runner/work/qqnews/qqnews/qq.py", line 81, in process_article
    ss = str(tmpbs.select("div.LEFT div.content.clearfix")[0])
             ~~~~~~~~~~~~~~~~~~~~~~~~~~~~~~~~~~~~~~~~~~~~~^^^
IndexError: list index out of range


