2026-03-05 00:57:48,526 - INFO - Total time taken: {'ret': 0, 'msg': 'success', 'data': None}
2026-03-05 00:57:48,526 - INFO - 'NoneType' object is not subscriptable
2026-03-05 00:57:48,527 - INFO - Traceback (most recent call last):
  File "/home/runner/work/qqnews/qqnews/qq.py", line 128, in main
    for i in qq1["data"]["list"]:
             ~~~~~~~~~~~^^^^^^^^
TypeError: 'NoneType' object is not subscriptable

2026-03-05 03:25:09,806 - INFO - Total time taken: {'ret': 0, 'msg': 'success', 'data': None}
2026-03-05 03:25:09,806 - INFO - 'NoneType' object is not subscriptable
2026-03-05 03:25:09,807 - INFO - Traceback (most recent call last):
  File "/home/runner/work/qqnews/qqnews/qq.py", line 128, in main
    for i in qq1["data"]["list"]:
             ~~~~~~~~~~~^^^^^^^^
TypeError: 'NoneType' object is not subscriptable

2026-03-05 05:07:20,743 - INFO - Total time taken: {'ret': 0, 'msg': 'success', 'data': None}
2026-03-05 05:07:20,744 - INFO - 'NoneType' object is not subscriptable
2026-03-05 05:07:20,744 - INFO - Traceback (most recent call last):
  File "/home/runner/work/qqnews/qqnews/qq.py", line 128, in main
    for i in qq1["data"]["list"]:
             ~~~~~~~~~~~^^^^^^^^
TypeError: 'NoneType' object is not subscriptable

2026-03-05 06:33:45,034 - INFO - Total time taken: {'ret': 0, 'msg': 'success', 'data': None}
2026-03-05 06:33:45,034 - INFO - 'NoneType' object is not subscriptable
2026-03-05 06:33:45,035 - INFO - Traceback (most recent call last):
  File "/home/runner/work/qqnews/qqnews/qq.py", line 128, in main
    for i in qq1["data"]["list"]:
             ~~~~~~~~~~~^^^^^^^^
TypeError: 'NoneType' object is not subscriptable

2026-03-05 07:33:39,040 - INFO - Total time taken: {'ret': 0, 'msg': 'success', 'data': None}
2026-03-05 07:33:39,040 - INFO - 'NoneType' object is not subscriptable
2026-03-05 07:33:39,040 - INFO - Traceback (most recent call last):
  File "/home/runner/work/qqnews/qqnews/qq.py", line 128, in main
    for i in qq1["data"]["list"]:
             ~~~~~~~~~~~^^^^^^^^
TypeError: 'NoneType' object is not subscriptable

