2025-05-06 00:40:36,693 - INFO - EXPIRED
是自保还是自残？八个恶果透视美国征收100%电影关税
https://new.qq.com/rain/a/20250505A07AJZ00

2025-05-06 00:40:36,693 - INFO - EXPIRED
多篇论文称男性患子宫肌瘤，涉学术造假，论文对医护人员有多重要？
https://view.inews.qq.com/a/20250505Q074Z100

2025-05-06 00:40:36,693 - INFO - EXPIRED
吴艳妮发起挑战引全网模仿，紧急提醒
https://new.qq.com/rain/a/20250505A06T2M00

2025-05-06 00:40:36,693 - INFO - EXPIRED
全家“吸血”！瘫痪哥哥在破旧老宅去世，弟弟冒领58万元工伤金买奔驰
https://new.qq.com/rain/a/20250505A07EV600

2025-05-06 00:40:36,693 - INFO - EXPIRED
中国大豆市场扛住“压力测试”，原因有哪些
https://new.qq.com/rain/a/20250505A06MMC00

2025-05-06 00:40:36,693 - INFO - EXPIRED
19岁女子哭泣照被“高潮针”盗图：很多人非但不同情我，反而抨击我
https://new.qq.com/rain/a/20250505A07DEC00

2025-05-06 00:40:36,693 - INFO - EXPIRED
自然资源部领导有调整
https://new.qq.com/rain/a/20250505A07ELP00

2025-05-06 00:40:36,693 - INFO - EXPIRED
“台湾大难当头，赖清德还在静悄悄……”
https://new.qq.com/rain/a/20250505A06MKN00

2025-05-06 00:40:36,693 - INFO - EXPIRED
四川达州一辆特斯拉坠河致1人死亡，当地称事故原因正在调查
https://new.qq.com/rain/a/20250505A07AYW00

2025-05-06 00:40:36,693 - INFO - EXPIRED
赶飞机，到底为什么要提前那么久到机场
https://new.qq.com/rain/a/20250505A06XL400

2025-05-06 00:40:36,693 - INFO - EXPIRED
克宫：普京接受邀请
https://new.qq.com/rain/a/20250505A06TZ200

2025-05-06 00:40:36,693 - INFO - EXPIRED
家里常吃的蓝莓“肚脐眼”可能暗藏霉菌，这种霉菌危害有多大？
https://view.inews.qq.com/a/20250505Q05WXW00

2025-05-06 00:40:36,693 - INFO - EXPIRED
美国拒绝对日本予以对等关税全面豁免
https://new.qq.com/rain/a/20250505A07CWV00

2025-05-06 00:40:36,693 - INFO - EXPIRED
网红怼“胖东来玉石获百倍暴利”，河南许昌官方：平均毛利不超20%
https://new.qq.com/rain/a/20250505A06Q0K00

2025-05-06 00:40:36,693 - INFO - EXPIRED
独家对话伯克希尔传记作者Adam Mead：伯克希尔模式无法复制
https://new.qq.com/rain/a/20250505A07CNE00

2025-05-06 00:40:36,693 - INFO - EXPIRED
以高官：若下周未达成人质交换协议，将对加沙发动大规模攻势
https://new.qq.com/rain/a/20250505A06XEP00

2025-05-06 00:40:36,693 - INFO - EXPIRED
雷军，职务调整
https://new.qq.com/rain/a/20250505A06AW600

2025-05-06 00:40:36,693 - INFO - EXPIRED
加拿大总理访美前夕 特朗普称将永远谈论“第51个州”
https://new.qq.com/rain/a/20250505A015AO00

2025-05-06 00:40:36,693 - INFO - EXPIRED
多家医院论文称男性患子宫肌瘤，涉学术造假
https://new.qq.com/rain/a/20250505A05X4P00

2025-05-06 00:40:36,693 - INFO - EXPIRED
美媒发愁：在这一领域中国正“不战而胜”，菲律宾也无法说不
https://new.qq.com/rain/a/20250505A069HU00

2025-05-06 00:40:36,693 - INFO - EXPIRED
俄罗斯达吉斯坦共和国首府发生枪击事件 造成人员伤亡
https://new.qq.com/rain/a/20250505A06PTX00

2025-05-06 00:40:36,693 - INFO - EXPIRED
匈牙利外长“提醒”泽连斯基：注意说话方式
https://new.qq.com/rain/a/20250505A06A2V00

2025-05-06 00:40:36,693 - INFO - EXPIRED
江西一副县长拉拢公职人员，组建“七兄弟吃喝圈”
https://new.qq.com/rain/a/20250504A06OSL00

2025-05-06 00:40:36,693 - INFO - EXPIRED
护士霍文静，被记过、降级处理
https://new.qq.com/rain/a/20250505A065GL00

2025-05-06 00:40:36,693 - INFO - EXPIRED
应对关税战，财长最新发言：有巨大的政策空间
https://new.qq.com/rain/a/20250505A04FDC00

2025-05-06 00:40:36,693 - INFO - EXPIRED
中国气象局：将气象预警更快转变为确定性应急响应措施
https://new.qq.com/rain/a/20250505A06H0V00

2025-05-06 00:40:36,693 - INFO - EXPIRED
两家人野外烧烤被卡式炉炸伤，7人成“木乃伊”，怎么用才安全？
https://view.inews.qq.com/a/20250505Q05NQI00

2025-05-06 00:40:36,693 - INFO - EXPIRED
宁夏多景区因大风沙尘天气闭园，气象台：局地阵风可达11级以上
https://new.qq.com/rain/a/20250505A05Q6R00

2025-05-06 00:40:36,693 - INFO - EXPIRED
云南禄丰尾矿坍塌事故搜救正在进行 被掩埋的四辆工程车已找到
https://new.qq.com/rain/a/20250505A064CT00

2025-05-06 00:40:36,693 - INFO - EXPIRED
女演员在贵州山区拍戏遭遇极端天气：胳膊被冰雹砸伤，全剧组被送医
https://new.qq.com/rain/a/20250505V0621600

2025-05-06 00:40:36,693 - INFO - EXPIRED
台湾接连发生4.9级、5.7级地震
https://new.qq.com/rain/a/20250505A06FCK00

2025-05-06 00:40:36,693 - INFO - EXPIRED
西藏三头熊夜闯奶茶店偷走一桶油 店主：以为进贼了 看监控才知道是熊
https://new.qq.com/rain/a/20250505V05D4900

2025-05-06 00:40:36,693 - INFO - EXPIRED
男子开保时捷超车撞倒摩托车后下车更换车牌，官方通报：刑拘
https://new.qq.com/rain/a/20250505A03WES00

2025-05-06 00:40:36,693 - INFO - EXPIRED
特朗普“蔫了”：俄乌和平协议“也许达不成”
https://new.qq.com/rain/a/20250505A04PQK00

2025-05-06 00:40:36,693 - INFO - EXPIRED
多部影视作品原型 美国“恶魔岛”监狱将重新启用
https://new.qq.com/rain/a/20250505A01MCR00

2025-05-06 00:40:36,693 - INFO - EXPIRED
甘肃一特警警长醉驾致交通事故，被判刑、双开
https://new.qq.com/rain/a/20250505A0475800

2025-05-06 00:40:36,693 - INFO - EXPIRED
特朗普与马斯克“P图”互动，但被网民嘲笑了
https://new.qq.com/rain/a/20250505A061ZI00

2025-05-06 00:40:36,693 - INFO - EXPIRED
南京一医院为单身女性做试管婴儿，“精哥”身高长相任选？卫健委回应
https://new.qq.com/rain/a/20250505A050Q500

2025-05-06 00:40:36,693 - INFO - EXPIRED
特朗普要征100%关税，好莱坞这批境外摄制新片有麻烦了
https://new.qq.com/rain/a/20250505A04B6M00

2025-05-06 00:40:36,693 - INFO - EXPIRED
起拍价1元！云南河口县一套150平方米房产将被司法拍卖，系涉刑资产
https://new.qq.com/rain/a/20250505A04R8U00

2025-05-06 00:40:36,693 - INFO - EXPIRED
特朗普接受美媒采访爆：欧盟领导人多次要求我给普京打电话，因为他们打不通
https://new.qq.com/rain/a/20250505A02CVN00

2025-05-06 00:40:36,693 - INFO - EXPIRED
甘肃临夏州政协委员马全成涉嫌诈骗罪，被撤销政协委员资格
https://new.qq.com/rain/a/20250505A04CLE00

2025-05-06 00:40:36,693 - INFO - EXPIRED
年轻人跟风开村咖“幻灭”了，投几十万改造土房子，淡季没人只好关门
https://new.qq.com/rain/a/20250505A02TX400

2025-05-06 00:40:36,693 - INFO - EXPIRED
官宣！解放军仪仗队出国参加阅兵活动
https://new.qq.com/rain/a/20250505A03J7M00

2025-05-06 00:40:36,693 - INFO - EXPIRED
视频丨特朗普改口称不谋求第三任期 点名万斯、鲁比奥
https://new.qq.com/rain/a/20250505A04CJV00

2025-05-06 00:40:36,694 - INFO - EXPIRED
台积电北美技术研讨会，全细节来了！
https://new.qq.com/rain/a/20250505A03Y3Y00

2025-05-06 00:40:36,694 - INFO - EXPIRED
云南禄丰一尾矿干堆场坍塌致5人被埋
https://new.qq.com/rain/a/20250505A04B4X00

2025-05-06 00:40:36,694 - INFO - EXPIRED
这是美以的一个重大漏洞
https://new.qq.com/rain/a/20250505A020I000

2025-05-06 00:40:36,694 - INFO - EXPIRED
何时才是特朗普经济？特朗普：好的归我，坏的部分全怪拜登
https://new.qq.com/rain/a/20250505A02R9200

2025-05-06 00:40:36,694 - INFO - EXPIRED
中国等13国联合发声
https://new.qq.com/rain/a/20250505A03VV400

2025-05-06 00:40:36,694 - INFO - EXPIRED
普京最新涉华表态
https://new.qq.com/rain/a/20250505A0023B00

2025-05-06 00:40:36,694 - INFO - EXPIRED
普京：俄罗斯有足够实力结束乌克兰战争
https://new.qq.com/rain/a/20250504A06LXD00

2025-05-06 00:40:36,694 - INFO - EXPIRED
梁文锋和杨植麟再“撞车”
https://new.qq.com/rain/a/20250504A06Z6C00

2025-05-06 00:40:36,694 - INFO - EXPIRED
罗马尼亚大选重选：85后“极右翼”领先，反对援乌
https://new.qq.com/rain/a/20250505A03WJ300

2025-05-06 00:40:36,694 - INFO - EXPIRED
是否会动用武力吞并加拿大与格陵兰岛？特朗普回应
https://new.qq.com/rain/a/20250505A028CH00

2025-05-06 00:40:36,694 - INFO - EXPIRED
普京究竟想揍谁
https://new.qq.com/rain/a/20250505A022RD00

2025-05-06 00:40:36,694 - INFO - EXPIRED
夸大科研成果及荣誉头衔，著名科学家颜宁打假网传简历！
https://new.qq.com/rain/a/20250504A06H9200

2025-05-06 00:40:36,694 - INFO - EXPIRED
解放军仪仗队红场高唱抗日歌曲，留学生举出日本投降号外
https://new.qq.com/rain/a/20250504A06TZS00

2025-05-06 00:40:36,694 - INFO - EXPIRED
野外烧烤遇卡式炉爆炸7人被炸伤，当事人：刚买一个月，第二次用
https://new.qq.com/rain/a/20250504A06JM600

2025-05-06 00:40:36,694 - INFO - EXPIRED
儿童文学作家周晴病逝，终年57岁
https://new.qq.com/rain/a/20250505A02XRK00

2025-05-06 00:40:36,694 - INFO - EXPIRED
“气疯了！”给特朗普投票的美国年轻人开始倒戈：为何牺牲我们
https://new.qq.com/rain/a/20250504A06NOM00

2025-05-06 00:40:36,694 - INFO - EXPIRED
反导系统未能拦截胡塞武装导弹 以军：技术故障
https://new.qq.com/rain/a/20250505A0113X00

2025-05-06 00:40:36,694 - INFO - EXPIRED
走访女童25楼坠落“奇迹”生还现场：通风管道疑被砸出大坑 孩子说康复后想跳舞
https://new.qq.com/rain/a/20250504V071II00

2025-05-06 00:40:36,694 - INFO - EXPIRED
加州硬刚、日本失望，特朗普还能撑多久？
https://new.qq.com/rain/a/20250504A06NOT00

2025-05-06 00:40:36,694 - INFO - EXPIRED
河北一景区观光魔毯失控多名游客被甩出，这种魔毯是特种设备吗？
https://view.inews.qq.com/a/20250504Q05E2N00

2025-05-06 00:40:36,694 - INFO - EXPIRED
罗马尼亚总统选举将进入第二轮投票 两名候选人展开角逐
https://new.qq.com/rain/a/20250505A03KCW00

2025-05-06 00:40:36,694 - INFO - EXPIRED
越南工厂恐慌加剧：“客户已开始撤单，再等90天有何用”
https://new.qq.com/rain/a/20250504A05OW000

2025-05-06 00:40:36,694 - INFO - EXPIRED
以总理回应机场遭袭：将予以回应 正与美方协调
https://new.qq.com/rain/a/20250504A06TBB00

2025-05-06 00:40:36,694 - INFO - EXPIRED
实拍胡塞武装导弹击中以色列一机场瞬间：以军拦截失败，形成巨大弹坑
https://new.qq.com/rain/a/20250504V058Z000

2025-05-06 00:40:36,694 - INFO - EXPIRED
25年来，系外行星探测方面有哪些重要突破？寻找地球2.0的进度如何？
https://view.inews.qq.com/a/20250504Q06OK500

2025-05-06 00:40:36,694 - INFO - EXPIRED
多地景区仿佛涌入“一亿人”，在寸步难行的景区里最好别做什么？
https://view.inews.qq.com/a/20250427Q08RQE00

2025-05-06 00:40:36,694 - INFO - EXPIRED
特朗普或将对输入美国和外国制作的电影征收100%关税，谁受冲击最大？
https://view.inews.qq.com/a/20250505Q03MD700

2025-05-06 00:40:36,694 - INFO - EXPIRED
伊朗港口爆炸事故遇难人数最终确定为57人
https://new.qq.com/rain/a/20250504A070D100

2025-05-06 00:40:36,694 - INFO - EXPIRED
五一假期孩子“报复性”熬夜、刷手机，为什么？家长该如何引导？
https://view.inews.qq.com/a/20250504Q05B3F00

2025-05-06 00:40:36,694 - INFO - EXPIRED
“是否担忧经济衰退”？ 特朗普：最终会对一切负责
https://new.qq.com/rain/a/20250504A06PWL00

2025-05-06 00:40:36,694 - INFO - EXPIRED
贵州游船侧翻84人落水，另一船乘客逃过一劫感谢女船长，她做了什么？
https://view.inews.qq.com/a/20250504Q06O6X00

2025-05-06 00:40:36,694 - INFO - EXPIRED
黄山3天捡了18个孩子，假期带孩子出游如何防止把孩子弄丢？万一弄丢该怎么办？
https://view.inews.qq.com/a/20250504Q04GWY00

2025-05-06 00:40:36,694 - INFO - EXPIRED
NBA季后赛首轮勇士4:3战胜火箭，下赛季火箭该如何调整？
https://view.inews.qq.com/a/20250505Q03LVN00

2025-05-06 00:40:36,694 - INFO - EXPIRED
美军印太司令部司令：中国在这方面超过美国，常常“夜不能寐”
https://new.qq.com/rain/a/20250504A04GOL00

2025-05-06 00:40:36,694 - INFO - EXPIRED
高中双休，又变了？
https://new.qq.com/rain/a/20250504A05IWG00

2025-05-06 00:40:36,694 - INFO - EXPIRED
陕西漂流翻船事故当事人发声：2个座挤了5个人
https://new.qq.com/rain/a/20250504A06L0800

2025-05-06 00:40:36,694 - INFO - EXPIRED
普通人能从巴菲特身上学到哪些投资智慧和经验？
https://view.inews.qq.com/a/20250504Q02GHS00

2025-05-06 00:40:36,694 - INFO - EXPIRED
上千名游客深夜滞留张家界大喊退票，节假日期间景区如何限流更合理？
https://view.inews.qq.com/a/20250505Q01YRI00

2025-05-06 00:40:36,694 - INFO - EXPIRED
日本女孩失踪4个月成白骨，警察多次漠视求救引众怒
https://new.qq.com/rain/a/20250504A06LHY00

2025-05-06 00:40:36,694 - INFO - EXPIRED
重庆市长寿区人民医院通报“医生李某某疑似饮酒上班”：开展调查核实
https://new.qq.com/rain/a/20250504A05NBP00

2025-05-06 00:40:36,694 - INFO - EXPIRED
小伙点奶茶写“自杀临死喝”，店主骑手紧急救援，当时有多危险？
https://view.inews.qq.com/a/20250504Q05NFQ00

2025-05-06 00:40:36,694 - INFO - EXPIRED
男子点奶茶备注“自杀临死喝”，店主骑手及时劝解报警，警方赶到时水已淹至其肩膀
https://new.qq.com/rain/a/20250504A05FGW00

2025-05-06 00:40:36,694 - INFO - EXPIRED
希林娜依高周奇跨屏合唱《迎风奔跑》，共赴青春之约 | 五四晚会
https://new.qq.com/rain/a/20250504V06D8500

2025-05-06 00:40:36,694 - INFO - EXPIRED
涉钓鱼岛，台湾网民怒了
https://new.qq.com/rain/a/20250504A0491O00

2025-05-06 00:40:36,694 - INFO - EXPIRED
侄子代办老人丧事花光23万遗产遭索赔 法院：铺张浪费，赔偿62500元
https://new.qq.com/rain/a/20250504A04EZY00

2025-05-06 00:40:36,694 - INFO - EXPIRED
国防部新闻发言人张晓刚就日本民用飞机侵闯中国钓鱼岛领空答记者问
https://new.qq.com/rain/a/20250504A04UB100

2025-05-06 00:40:36,694 - INFO - EXPIRED
钦州舰，报到！新一艘054B型护卫舰南海实战化训练
https://new.qq.com/rain/a/20250504A030YJ00

2025-05-06 00:40:36,694 - INFO - EXPIRED
金正恩“跪地”察看，朝鲜“钢铁猛兽”亮相
https://new.qq.com/rain/a/20250504A03GY400

2025-05-06 00:40:38,163 - ERROR - ERROR
美以联军对也门荷台达省发动空袭，内塔尼亚胡在地下指挥中心观摩
https://new.qq.com/rain/a/20250506V01HTL00
('list index out of range',)
======
Traceback (most recent call last):
  File "/home/runner/work/qqnews/qqnews/qq.py", line 81, in process_article
    ss = str(tmpbs.select("div.LEFT div.content.clearfix")[0])
             ~~~~~~~~~~~~~~~~~~~~~~~~~~~~~~~~~~~~~~~~~~~~~^^^
IndexError: list index out of range


2025-05-06 00:40:38,174 - ERROR - ERROR
山东滕州一车辆突然撞向公交站台，现场多人倒地，案件已移交刑警
https://new.qq.com/rain/a/20250506A01CQ100
('list index out of range',)
======
Traceback (most recent call last):
  File "/home/runner/work/qqnews/qqnews/qq.py", line 81, in process_article
    ss = str(tmpbs.select("div.LEFT div.content.clearfix")[0])
             ~~~~~~~~~~~~~~~~~~~~~~~~~~~~~~~~~~~~~~~~~~~~~^^^
IndexError: list index out of range


2025-05-06 00:40:38,193 - ERROR - ERROR
苹果提出上诉，要求美国法院撤回App Store支持第三方支付的裁决
https://new.qq.com/rain/a/20250506A01BRT00
('list index out of range',)
======
Traceback (most recent call last):
  File "/home/runner/work/qqnews/qqnews/qq.py", line 81, in process_article
    ss = str(tmpbs.select("div.LEFT div.content.clearfix")[0])
             ~~~~~~~~~~~~~~~~~~~~~~~~~~~~~~~~~~~~~~~~~~~~~^^^
IndexError: list index out of range


2025-05-06 00:40:38,241 - ERROR - ERROR
荷台达一日内遭袭48次 以军对也门发动大规模空袭
https://new.qq.com/rain/a/20250506A019NE00
('list index out of range',)
======
Traceback (most recent call last):
  File "/home/runner/work/qqnews/qqnews/qq.py", line 81, in process_article
    ss = str(tmpbs.select("div.LEFT div.content.clearfix")[0])
             ~~~~~~~~~~~~~~~~~~~~~~~~~~~~~~~~~~~~~~~~~~~~~^^^
IndexError: list index out of range


2025-05-06 00:40:38,400 - ERROR - ERROR
美股收盘：关税威胁压顶标普终结九连阳，避险情绪重回市场黄金走高
https://new.qq.com/rain/a/20250506A01BA500
('list index out of range',)
======
Traceback (most recent call last):
  File "/home/runner/work/qqnews/qqnews/qq.py", line 81, in process_article
    ss = str(tmpbs.select("div.LEFT div.content.clearfix")[0])
             ~~~~~~~~~~~~~~~~~~~~~~~~~~~~~~~~~~~~~~~~~~~~~^^^
IndexError: list index out of range


2025-05-06 00:40:38,717 - ERROR - ERROR
白宫称尚未就电影关税做出最终决定
https://new.qq.com/rain/a/20250506A00JN600
('list index out of range',)
======
Traceback (most recent call last):
  File "/home/runner/work/qqnews/qqnews/qq.py", line 81, in process_article
    ss = str(tmpbs.select("div.LEFT div.content.clearfix")[0])
             ~~~~~~~~~~~~~~~~~~~~~~~~~~~~~~~~~~~~~~~~~~~~~^^^
IndexError: list index out of range


2025-05-06 00:40:38,732 - ERROR - ERROR
美上诉法院驳回特朗普政府撤销40万移民合法身份的请求
https://new.qq.com/rain/a/20250506A01ARF00
('list index out of range',)
======
Traceback (most recent call last):
  File "/home/runner/work/qqnews/qqnews/qq.py", line 81, in process_article
    ss = str(tmpbs.select("div.LEFT div.content.clearfix")[0])
             ~~~~~~~~~~~~~~~~~~~~~~~~~~~~~~~~~~~~~~~~~~~~~^^^
IndexError: list index out of range


