2026-03-03 00:58:38,387 - INFO - Total time taken: {'ret': 0, 'msg': 'success', 'data': None}
2026-03-03 00:58:38,387 - INFO - 'NoneType' object is not subscriptable
2026-03-03 00:58:38,388 - INFO - Traceback (most recent call last):
  File "/home/runner/work/qqnews/qqnews/qq.py", line 128, in main
    for i in qq1["data"]["list"]:
             ~~~~~~~~~~~^^^^^^^^
TypeError: 'NoneType' object is not subscriptable

2026-03-03 03:30:37,180 - INFO - Total time taken: {'ret': 0, 'msg': 'success', 'data': None}
2026-03-03 03:30:37,180 - INFO - 'NoneType' object is not subscriptable
2026-03-03 03:30:37,181 - INFO - Traceback (most recent call last):
  File "/home/runner/work/qqnews/qqnews/qq.py", line 128, in main
    for i in qq1["data"]["list"]:
             ~~~~~~~~~~~^^^^^^^^
TypeError: 'NoneType' object is not subscriptable

2026-03-03 05:08:11,610 - INFO - Total time taken: {'ret': 0, 'msg': 'success', 'data': None}
2026-03-03 05:08:11,611 - INFO - 'NoneType' object is not subscriptable
2026-03-03 05:08:11,611 - INFO - Traceback (most recent call last):
  File "/home/runner/work/qqnews/qqnews/qq.py", line 128, in main
    for i in qq1["data"]["list"]:
             ~~~~~~~~~~~^^^^^^^^
TypeError: 'NoneType' object is not subscriptable

