2026-05-13 01:46:56,099 - INFO - Total time taken: {'ret': 0, 'msg': 'success', 'data': None}
2026-05-13 01:46:56,099 - INFO - 'NoneType' object is not subscriptable
2026-05-13 01:46:56,100 - INFO - Traceback (most recent call last):
  File "/home/runner/work/qqnews/qqnews/qq.py", line 128, in main
    for i in qq1["data"]["list"]:
             ~~~~~~~~~~~^^^^^^^^
TypeError: 'NoneType' object is not subscriptable

2026-05-13 05:37:06,560 - INFO - Total time taken: {'ret': 0, 'msg': 'success', 'data': None}
2026-05-13 05:37:06,560 - INFO - 'NoneType' object is not subscriptable
2026-05-13 05:37:06,561 - INFO - Traceback (most recent call last):
  File "/home/runner/work/qqnews/qqnews/qq.py", line 128, in main
    for i in qq1["data"]["list"]:
             ~~~~~~~~~~~^^^^^^^^
TypeError: 'NoneType' object is not subscriptable

2026-05-13 08:26:49,041 - INFO - Total time taken: {'ret': 0, 'msg': 'success', 'data': None}
2026-05-13 08:26:49,041 - INFO - 'NoneType' object is not subscriptable
2026-05-13 08:26:49,042 - INFO - Traceback (most recent call last):
  File "/home/runner/work/qqnews/qqnews/qq.py", line 128, in main
    for i in qq1["data"]["list"]:
             ~~~~~~~~~~~^^^^^^^^
TypeError: 'NoneType' object is not subscriptable

2026-05-13 11:20:49,407 - INFO - Total time taken: {'ret': 0, 'msg': 'success', 'data': None}
2026-05-13 11:20:49,408 - INFO - 'NoneType' object is not subscriptable
2026-05-13 11:20:49,408 - INFO - Traceback (most recent call last):
  File "/home/runner/work/qqnews/qqnews/qq.py", line 128, in main
    for i in qq1["data"]["list"]:
             ~~~~~~~~~~~^^^^^^^^
TypeError: 'NoneType' object is not subscriptable

2026-05-13 13:56:01,010 - INFO - Total time taken: {'ret': 0, 'msg': 'success', 'data': None}
2026-05-13 13:56:01,010 - INFO - 'NoneType' object is not subscriptable
2026-05-13 13:56:01,010 - INFO - Traceback (most recent call last):
  File "/home/runner/work/qqnews/qqnews/qq.py", line 128, in main
    for i in qq1["data"]["list"]:
             ~~~~~~~~~~~^^^^^^^^
TypeError: 'NoneType' object is not subscriptable

2026-05-13 16:11:37,060 - INFO - Total time taken: {'ret': 0, 'msg': 'success', 'data': None}
2026-05-13 16:11:37,060 - INFO - 'NoneType' object is not subscriptable
2026-05-13 16:11:37,060 - INFO - Traceback (most recent call last):
  File "/home/runner/work/qqnews/qqnews/qq.py", line 128, in main
    for i in qq1["data"]["list"]:
             ~~~~~~~~~~~^^^^^^^^
TypeError: 'NoneType' object is not subscriptable

