2026-01-22 00:45:45,859 - INFO - Total time taken: {'ret': 0, 'msg': 'success', 'data': None}
2026-01-22 00:45:45,859 - INFO - 'NoneType' object is not subscriptable
2026-01-22 00:45:45,860 - INFO - Traceback (most recent call last):
  File "/home/runner/work/qqnews/qqnews/qq.py", line 128, in main
    for i in qq1["data"]["list"]:
             ~~~~~~~~~~~^^^^^^^^
TypeError: 'NoneType' object is not subscriptable

2026-01-22 02:57:57,819 - INFO - Total time taken: {'ret': 0, 'msg': 'success', 'data': None}
2026-01-22 02:57:57,819 - INFO - 'NoneType' object is not subscriptable
2026-01-22 02:57:57,819 - INFO - Traceback (most recent call last):
  File "/home/runner/work/qqnews/qqnews/qq.py", line 128, in main
    for i in qq1["data"]["list"]:
             ~~~~~~~~~~~^^^^^^^^
TypeError: 'NoneType' object is not subscriptable

2026-01-22 04:05:37,629 - INFO - Total time taken: {'ret': 0, 'msg': 'success', 'data': None}
2026-01-22 04:05:37,629 - INFO - 'NoneType' object is not subscriptable
2026-01-22 04:05:37,630 - INFO - Traceback (most recent call last):
  File "/home/runner/work/qqnews/qqnews/qq.py", line 128, in main
    for i in qq1["data"]["list"]:
             ~~~~~~~~~~~^^^^^^^^
TypeError: 'NoneType' object is not subscriptable

