2025-09-12 00:37:19,721 - INFO - Total time taken: {'ret': 0, 'msg': 'success', 'data': None}
2025-09-12 00:37:19,721 - INFO - 'NoneType' object is not subscriptable
2025-09-12 00:37:19,722 - INFO - Traceback (most recent call last):
  File "/home/runner/work/qqnews/qqnews/qq.py", line 128, in main
    for i in qq1["data"]["list"]:
             ~~~~~~~~~~~^^^^^^^^
TypeError: 'NoneType' object is not subscriptable

2025-09-12 02:11:29,589 - INFO - Total time taken: {'ret': 0, 'msg': 'success', 'data': None}
2025-09-12 02:11:29,589 - INFO - 'NoneType' object is not subscriptable
2025-09-12 02:11:29,589 - INFO - Traceback (most recent call last):
  File "/home/runner/work/qqnews/qqnews/qq.py", line 128, in main
    for i in qq1["data"]["list"]:
             ~~~~~~~~~~~^^^^^^^^
TypeError: 'NoneType' object is not subscriptable

2025-09-12 03:19:28,487 - INFO - Total time taken: {'ret': 0, 'msg': 'success', 'data': None}
2025-09-12 03:19:28,488 - INFO - 'NoneType' object is not subscriptable
2025-09-12 03:19:28,488 - INFO - Traceback (most recent call last):
  File "/home/runner/work/qqnews/qqnews/qq.py", line 128, in main
    for i in qq1["data"]["list"]:
             ~~~~~~~~~~~^^^^^^^^
TypeError: 'NoneType' object is not subscriptable

2025-09-12 04:01:26,448 - INFO - Total time taken: {'ret': 0, 'msg': 'success', 'data': None}
2025-09-12 04:01:26,449 - INFO - 'NoneType' object is not subscriptable
2025-09-12 04:01:26,449 - INFO - Traceback (most recent call last):
  File "/home/runner/work/qqnews/qqnews/qq.py", line 128, in main
    for i in qq1["data"]["list"]:
             ~~~~~~~~~~~^^^^^^^^
TypeError: 'NoneType' object is not subscriptable

2025-09-12 05:01:24,732 - INFO - Total time taken: {'ret': 0, 'msg': 'success', 'data': None}
2025-09-12 05:01:24,733 - INFO - 'NoneType' object is not subscriptable
2025-09-12 05:01:24,733 - INFO - Traceback (most recent call last):
  File "/home/runner/work/qqnews/qqnews/qq.py", line 128, in main
    for i in qq1["data"]["list"]:
             ~~~~~~~~~~~^^^^^^^^
TypeError: 'NoneType' object is not subscriptable

2025-09-12 06:12:23,932 - INFO - Total time taken: {'ret': 0, 'msg': 'success', 'data': None}
2025-09-12 06:12:23,932 - INFO - 'NoneType' object is not subscriptable
2025-09-12 06:12:23,932 - INFO - Traceback (most recent call last):
  File "/home/runner/work/qqnews/qqnews/qq.py", line 128, in main
    for i in qq1["data"]["list"]:
             ~~~~~~~~~~~^^^^^^^^
TypeError: 'NoneType' object is not subscriptable

2025-09-12 07:01:13,134 - INFO - Total time taken: {'ret': 0, 'msg': 'success', 'data': None}
2025-09-12 07:01:13,135 - INFO - 'NoneType' object is not subscriptable
2025-09-12 07:01:13,135 - INFO - Traceback (most recent call last):
  File "/home/runner/work/qqnews/qqnews/qq.py", line 128, in main
    for i in qq1["data"]["list"]:
             ~~~~~~~~~~~^^^^^^^^
TypeError: 'NoneType' object is not subscriptable

2025-09-12 08:01:28,520 - INFO - Total time taken: {'ret': 0, 'msg': 'success', 'data': None}
2025-09-12 08:01:28,521 - INFO - 'NoneType' object is not subscriptable
2025-09-12 08:01:28,521 - INFO - Traceback (most recent call last):
  File "/home/runner/work/qqnews/qqnews/qq.py", line 128, in main
    for i in qq1["data"]["list"]:
             ~~~~~~~~~~~^^^^^^^^
TypeError: 'NoneType' object is not subscriptable

2025-09-12 09:01:32,964 - INFO - Total time taken: {'ret': 0, 'msg': 'success', 'data': None}
2025-09-12 09:01:32,964 - INFO - 'NoneType' object is not subscriptable
2025-09-12 09:01:32,964 - INFO - Traceback (most recent call last):
  File "/home/runner/work/qqnews/qqnews/qq.py", line 128, in main
    for i in qq1["data"]["list"]:
             ~~~~~~~~~~~^^^^^^^^
TypeError: 'NoneType' object is not subscriptable

2025-09-12 10:01:31,027 - INFO - Total time taken: {'ret': 0, 'msg': 'success', 'data': None}
2025-09-12 10:01:31,027 - INFO - 'NoneType' object is not subscriptable
2025-09-12 10:01:31,028 - INFO - Traceback (most recent call last):
  File "/home/runner/work/qqnews/qqnews/qq.py", line 128, in main
    for i in qq1["data"]["list"]:
             ~~~~~~~~~~~^^^^^^^^
TypeError: 'NoneType' object is not subscriptable

2025-09-12 11:01:12,684 - INFO - Total time taken: {'ret': 0, 'msg': 'success', 'data': None}
2025-09-12 11:01:12,685 - INFO - 'NoneType' object is not subscriptable
2025-09-12 11:01:12,685 - INFO - Traceback (most recent call last):
  File "/home/runner/work/qqnews/qqnews/qq.py", line 128, in main
    for i in qq1["data"]["list"]:
             ~~~~~~~~~~~^^^^^^^^
TypeError: 'NoneType' object is not subscriptable

