2026-03-30 01:08:09,359 - INFO - Total time taken: {'ret': 0, 'msg': 'success', 'data': None}
2026-03-30 01:08:09,359 - INFO - 'NoneType' object is not subscriptable
2026-03-30 01:08:09,360 - INFO - Traceback (most recent call last):
  File "/home/runner/work/qqnews/qqnews/qq.py", line 128, in main
    for i in qq1["data"]["list"]:
             ~~~~~~~~~~~^^^^^^^^
TypeError: 'NoneType' object is not subscriptable

2026-03-30 04:32:48,594 - INFO - Total time taken: {'ret': 0, 'msg': 'success', 'data': None}
2026-03-30 04:32:48,594 - INFO - 'NoneType' object is not subscriptable
2026-03-30 04:32:48,594 - INFO - Traceback (most recent call last):
  File "/home/runner/work/qqnews/qqnews/qq.py", line 128, in main
    for i in qq1["data"]["list"]:
             ~~~~~~~~~~~^^^^^^^^
TypeError: 'NoneType' object is not subscriptable

2026-03-30 06:22:15,586 - INFO - Total time taken: {'ret': 0, 'msg': 'success', 'data': None}
2026-03-30 06:22:15,586 - INFO - 'NoneType' object is not subscriptable
2026-03-30 06:22:15,587 - INFO - Traceback (most recent call last):
  File "/home/runner/work/qqnews/qqnews/qq.py", line 128, in main
    for i in qq1["data"]["list"]:
             ~~~~~~~~~~~^^^^^^^^
TypeError: 'NoneType' object is not subscriptable

2026-03-30 08:13:10,026 - INFO - Total time taken: {'ret': 0, 'msg': 'success', 'data': None}
2026-03-30 08:13:10,026 - INFO - 'NoneType' object is not subscriptable
2026-03-30 08:13:10,026 - INFO - Traceback (most recent call last):
  File "/home/runner/work/qqnews/qqnews/qq.py", line 128, in main
    for i in qq1["data"]["list"]:
             ~~~~~~~~~~~^^^^^^^^
TypeError: 'NoneType' object is not subscriptable

2026-03-30 10:03:06,185 - INFO - Total time taken: {'ret': 0, 'msg': 'success', 'data': None}
2026-03-30 10:03:06,185 - INFO - 'NoneType' object is not subscriptable
2026-03-30 10:03:06,186 - INFO - Traceback (most recent call last):
  File "/home/runner/work/qqnews/qqnews/qq.py", line 128, in main
    for i in qq1["data"]["list"]:
             ~~~~~~~~~~~^^^^^^^^
TypeError: 'NoneType' object is not subscriptable

2026-03-30 11:43:35,067 - INFO - Total time taken: {'ret': 0, 'msg': 'success', 'data': None}
2026-03-30 11:43:35,067 - INFO - 'NoneType' object is not subscriptable
2026-03-30 11:43:35,067 - INFO - Traceback (most recent call last):
  File "/home/runner/work/qqnews/qqnews/qq.py", line 128, in main
    for i in qq1["data"]["list"]:
             ~~~~~~~~~~~^^^^^^^^
TypeError: 'NoneType' object is not subscriptable

2026-03-30 12:44:19,151 - INFO - Total time taken: {'ret': 0, 'msg': 'success', 'data': None}
2026-03-30 12:44:19,151 - INFO - 'NoneType' object is not subscriptable
2026-03-30 12:44:19,152 - INFO - Traceback (most recent call last):
  File "/home/runner/work/qqnews/qqnews/qq.py", line 128, in main
    for i in qq1["data"]["list"]:
             ~~~~~~~~~~~^^^^^^^^
TypeError: 'NoneType' object is not subscriptable

2026-03-30 14:16:18,607 - INFO - Total time taken: {'ret': 0, 'msg': 'success', 'data': None}
2026-03-30 14:16:18,607 - INFO - 'NoneType' object is not subscriptable
2026-03-30 14:16:18,607 - INFO - Traceback (most recent call last):
  File "/home/runner/work/qqnews/qqnews/qq.py", line 128, in main
    for i in qq1["data"]["list"]:
             ~~~~~~~~~~~^^^^^^^^
TypeError: 'NoneType' object is not subscriptable

2026-03-30 15:57:15,637 - INFO - Total time taken: {'ret': 0, 'msg': 'success', 'data': None}
2026-03-30 15:57:15,638 - INFO - 'NoneType' object is not subscriptable
2026-03-30 15:57:15,638 - INFO - Traceback (most recent call last):
  File "/home/runner/work/qqnews/qqnews/qq.py", line 128, in main
    for i in qq1["data"]["list"]:
             ~~~~~~~~~~~^^^^^^^^
TypeError: 'NoneType' object is not subscriptable

2026-03-30 16:46:00,865 - INFO - Total time taken: {'ret': 0, 'msg': 'success', 'data': None}
2026-03-30 16:46:00,865 - INFO - 'NoneType' object is not subscriptable
2026-03-30 16:46:00,865 - INFO - Traceback (most recent call last):
  File "/home/runner/work/qqnews/qqnews/qq.py", line 128, in main
    for i in qq1["data"]["list"]:
             ~~~~~~~~~~~^^^^^^^^
TypeError: 'NoneType' object is not subscriptable

2026-03-30 17:41:21,422 - INFO - Total time taken: {'ret': 0, 'msg': 'success', 'data': None}
2026-03-30 17:41:21,422 - INFO - 'NoneType' object is not subscriptable
2026-03-30 17:41:21,423 - INFO - Traceback (most recent call last):
  File "/home/runner/work/qqnews/qqnews/qq.py", line 128, in main
    for i in qq1["data"]["list"]:
             ~~~~~~~~~~~^^^^^^^^
TypeError: 'NoneType' object is not subscriptable

2026-03-30 18:41:30,203 - INFO - Total time taken: {'ret': 0, 'msg': 'success', 'data': None}
2026-03-30 18:41:30,204 - INFO - 'NoneType' object is not subscriptable
2026-03-30 18:41:30,204 - INFO - Traceback (most recent call last):
  File "/home/runner/work/qqnews/qqnews/qq.py", line 128, in main
    for i in qq1["data"]["list"]:
             ~~~~~~~~~~~^^^^^^^^
TypeError: 'NoneType' object is not subscriptable

2026-03-30 19:44:46,617 - INFO - Total time taken: {'ret': 0, 'msg': 'success', 'data': None}
2026-03-30 19:44:46,617 - INFO - 'NoneType' object is not subscriptable
2026-03-30 19:44:46,617 - INFO - Traceback (most recent call last):
  File "/home/runner/work/qqnews/qqnews/qq.py", line 128, in main
    for i in qq1["data"]["list"]:
             ~~~~~~~~~~~^^^^^^^^
TypeError: 'NoneType' object is not subscriptable

2026-03-30 20:31:32,240 - INFO - Total time taken: {'ret': 0, 'msg': 'success', 'data': None}
2026-03-30 20:31:32,240 - INFO - 'NoneType' object is not subscriptable
2026-03-30 20:31:32,240 - INFO - Traceback (most recent call last):
  File "/home/runner/work/qqnews/qqnews/qq.py", line 128, in main
    for i in qq1["data"]["list"]:
             ~~~~~~~~~~~^^^^^^^^
TypeError: 'NoneType' object is not subscriptable

