2025-11-29 00:40:16,964 - INFO - Total time taken: {'ret': 0, 'msg': 'success', 'data': None}
2025-11-29 00:40:16,964 - INFO - 'NoneType' object is not subscriptable
2025-11-29 00:40:16,964 - INFO - Traceback (most recent call last):
  File "/home/runner/work/qqnews/qqnews/qq.py", line 128, in main
    for i in qq1["data"]["list"]:
             ~~~~~~~~~~~^^^^^^^^
TypeError: 'NoneType' object is not subscriptable

2025-11-29 02:23:15,695 - INFO - Total time taken: {'ret': 0, 'msg': 'success', 'data': None}
2025-11-29 02:23:15,695 - INFO - 'NoneType' object is not subscriptable
2025-11-29 02:23:15,696 - INFO - Traceback (most recent call last):
  File "/home/runner/work/qqnews/qqnews/qq.py", line 128, in main
    for i in qq1["data"]["list"]:
             ~~~~~~~~~~~^^^^^^^^
TypeError: 'NoneType' object is not subscriptable

2025-11-29 03:37:47,862 - INFO - Total time taken: {'ret': 0, 'msg': 'success', 'data': None}
2025-11-29 03:37:47,862 - INFO - 'NoneType' object is not subscriptable
2025-11-29 03:37:47,862 - INFO - Traceback (most recent call last):
  File "/home/runner/work/qqnews/qqnews/qq.py", line 128, in main
    for i in qq1["data"]["list"]:
             ~~~~~~~~~~~^^^^^^^^
TypeError: 'NoneType' object is not subscriptable

2025-11-29 04:11:37,091 - INFO - Total time taken: {'ret': 0, 'msg': 'success', 'data': None}
2025-11-29 04:11:37,092 - INFO - 'NoneType' object is not subscriptable
2025-11-29 04:11:37,092 - INFO - Traceback (most recent call last):
  File "/home/runner/work/qqnews/qqnews/qq.py", line 128, in main
    for i in qq1["data"]["list"]:
             ~~~~~~~~~~~^^^^^^^^
TypeError: 'NoneType' object is not subscriptable

2025-11-29 05:01:22,793 - INFO - Total time taken: {'ret': 0, 'msg': 'success', 'data': None}
2025-11-29 05:01:22,794 - INFO - 'NoneType' object is not subscriptable
2025-11-29 05:01:22,794 - INFO - Traceback (most recent call last):
  File "/home/runner/work/qqnews/qqnews/qq.py", line 128, in main
    for i in qq1["data"]["list"]:
             ~~~~~~~~~~~^^^^^^^^
TypeError: 'NoneType' object is not subscriptable

2025-11-29 06:01:14,980 - INFO - Total time taken: {'ret': 0, 'msg': 'success', 'data': None}
2025-11-29 06:01:14,981 - INFO - 'NoneType' object is not subscriptable
2025-11-29 06:01:14,981 - INFO - Traceback (most recent call last):
  File "/home/runner/work/qqnews/qqnews/qq.py", line 128, in main
    for i in qq1["data"]["list"]:
             ~~~~~~~~~~~^^^^^^^^
TypeError: 'NoneType' object is not subscriptable

2025-11-29 07:01:18,704 - INFO - Total time taken: {'ret': 0, 'msg': 'success', 'data': None}
2025-11-29 07:01:18,704 - INFO - 'NoneType' object is not subscriptable
2025-11-29 07:01:18,705 - INFO - Traceback (most recent call last):
  File "/home/runner/work/qqnews/qqnews/qq.py", line 128, in main
    for i in qq1["data"]["list"]:
             ~~~~~~~~~~~^^^^^^^^
TypeError: 'NoneType' object is not subscriptable

2025-11-29 08:01:22,206 - INFO - Total time taken: {'ret': 0, 'msg': 'success', 'data': None}
2025-11-29 08:01:22,207 - INFO - 'NoneType' object is not subscriptable
2025-11-29 08:01:22,207 - INFO - Traceback (most recent call last):
  File "/home/runner/work/qqnews/qqnews/qq.py", line 128, in main
    for i in qq1["data"]["list"]:
             ~~~~~~~~~~~^^^^^^^^
TypeError: 'NoneType' object is not subscriptable

2025-11-29 09:01:13,556 - INFO - Total time taken: {'ret': 0, 'msg': 'success', 'data': None}
2025-11-29 09:01:13,557 - INFO - 'NoneType' object is not subscriptable
2025-11-29 09:01:13,557 - INFO - Traceback (most recent call last):
  File "/home/runner/work/qqnews/qqnews/qq.py", line 128, in main
    for i in qq1["data"]["list"]:
             ~~~~~~~~~~~^^^^^^^^
TypeError: 'NoneType' object is not subscriptable

2025-11-29 10:01:21,452 - INFO - Total time taken: {'ret': 0, 'msg': 'success', 'data': None}
2025-11-29 10:01:21,452 - INFO - 'NoneType' object is not subscriptable
2025-11-29 10:01:21,452 - INFO - Traceback (most recent call last):
  File "/home/runner/work/qqnews/qqnews/qq.py", line 128, in main
    for i in qq1["data"]["list"]:
             ~~~~~~~~~~~^^^^^^^^
TypeError: 'NoneType' object is not subscriptable

2025-11-29 11:01:21,032 - INFO - Total time taken: {'ret': 0, 'msg': 'success', 'data': None}
2025-11-29 11:01:21,032 - INFO - 'NoneType' object is not subscriptable
2025-11-29 11:01:21,032 - INFO - Traceback (most recent call last):
  File "/home/runner/work/qqnews/qqnews/qq.py", line 128, in main
    for i in qq1["data"]["list"]:
             ~~~~~~~~~~~^^^^^^^^
TypeError: 'NoneType' object is not subscriptable

2025-11-29 12:14:53,601 - INFO - Total time taken: {'ret': 0, 'msg': 'success', 'data': None}
2025-11-29 12:14:53,601 - INFO - 'NoneType' object is not subscriptable
2025-11-29 12:14:53,602 - INFO - Traceback (most recent call last):
  File "/home/runner/work/qqnews/qqnews/qq.py", line 128, in main
    for i in qq1["data"]["list"]:
             ~~~~~~~~~~~^^^^^^^^
TypeError: 'NoneType' object is not subscriptable

2025-11-29 13:18:32,905 - INFO - Total time taken: {'ret': 0, 'msg': 'success', 'data': None}
2025-11-29 13:18:32,905 - INFO - 'NoneType' object is not subscriptable
2025-11-29 13:18:32,905 - INFO - Traceback (most recent call last):
  File "/home/runner/work/qqnews/qqnews/qq.py", line 128, in main
    for i in qq1["data"]["list"]:
             ~~~~~~~~~~~^^^^^^^^
TypeError: 'NoneType' object is not subscriptable

2025-11-29 14:01:17,102 - INFO - Total time taken: {'ret': 0, 'msg': 'success', 'data': None}
2025-11-29 14:01:17,103 - INFO - 'NoneType' object is not subscriptable
2025-11-29 14:01:17,103 - INFO - Traceback (most recent call last):
  File "/home/runner/work/qqnews/qqnews/qq.py", line 128, in main
    for i in qq1["data"]["list"]:
             ~~~~~~~~~~~^^^^^^^^
TypeError: 'NoneType' object is not subscriptable

2025-11-29 15:01:11,817 - INFO - Total time taken: {'ret': 0, 'msg': 'success', 'data': None}
2025-11-29 15:01:11,817 - INFO - 'NoneType' object is not subscriptable
2025-11-29 15:01:11,818 - INFO - Traceback (most recent call last):
  File "/home/runner/work/qqnews/qqnews/qq.py", line 128, in main
    for i in qq1["data"]["list"]:
             ~~~~~~~~~~~^^^^^^^^
TypeError: 'NoneType' object is not subscriptable

