2026-02-25 01:01:28,166 - INFO - Total time taken: {'ret': 0, 'msg': 'success', 'data': None}
2026-02-25 01:01:28,166 - INFO - 'NoneType' object is not subscriptable
2026-02-25 01:01:28,166 - INFO - Traceback (most recent call last):
  File "/home/runner/work/qqnews/qqnews/qq.py", line 128, in main
    for i in qq1["data"]["list"]:
             ~~~~~~~~~~~^^^^^^^^
TypeError: 'NoneType' object is not subscriptable

2026-02-25 04:06:51,100 - INFO - Total time taken: {'ret': 0, 'msg': 'success', 'data': None}
2026-02-25 04:06:51,101 - INFO - 'NoneType' object is not subscriptable
2026-02-25 04:06:51,101 - INFO - Traceback (most recent call last):
  File "/home/runner/work/qqnews/qqnews/qq.py", line 128, in main
    for i in qq1["data"]["list"]:
             ~~~~~~~~~~~^^^^^^^^
TypeError: 'NoneType' object is not subscriptable

2026-02-25 05:52:41,917 - INFO - Total time taken: {'ret': 0, 'msg': 'success', 'data': None}
2026-02-25 05:52:41,918 - INFO - 'NoneType' object is not subscriptable
2026-02-25 05:52:41,918 - INFO - Traceback (most recent call last):
  File "/home/runner/work/qqnews/qqnews/qq.py", line 128, in main
    for i in qq1["data"]["list"]:
             ~~~~~~~~~~~^^^^^^^^
TypeError: 'NoneType' object is not subscriptable

2026-02-25 06:46:04,412 - INFO - Total time taken: {'ret': 0, 'msg': 'success', 'data': None}
2026-02-25 06:46:04,412 - INFO - 'NoneType' object is not subscriptable
2026-02-25 06:46:04,413 - INFO - Traceback (most recent call last):
  File "/home/runner/work/qqnews/qqnews/qq.py", line 128, in main
    for i in qq1["data"]["list"]:
             ~~~~~~~~~~~^^^^^^^^
TypeError: 'NoneType' object is not subscriptable

