2026-01-02 00:45:22,688 - INFO - Total time taken: {'ret': 0, 'msg': 'success', 'data': None}
2026-01-02 00:45:22,688 - INFO - 'NoneType' object is not subscriptable
2026-01-02 00:45:22,689 - INFO - Traceback (most recent call last):
  File "/home/runner/work/qqnews/qqnews/qq.py", line 128, in main
    for i in qq1["data"]["list"]:
             ~~~~~~~~~~~^^^^^^^^
TypeError: 'NoneType' object is not subscriptable

2026-01-02 02:51:14,863 - INFO - Total time taken: {'ret': 0, 'msg': 'success', 'data': None}
2026-01-02 02:51:14,863 - INFO - 'NoneType' object is not subscriptable
2026-01-02 02:51:14,864 - INFO - Traceback (most recent call last):
  File "/home/runner/work/qqnews/qqnews/qq.py", line 128, in main
    for i in qq1["data"]["list"]:
             ~~~~~~~~~~~^^^^^^^^
TypeError: 'NoneType' object is not subscriptable

2026-01-02 03:57:23,857 - INFO - Total time taken: {'ret': 0, 'msg': 'success', 'data': None}
2026-01-02 03:57:23,857 - INFO - 'NoneType' object is not subscriptable
2026-01-02 03:57:23,858 - INFO - Traceback (most recent call last):
  File "/home/runner/work/qqnews/qqnews/qq.py", line 128, in main
    for i in qq1["data"]["list"]:
             ~~~~~~~~~~~^^^^^^^^
TypeError: 'NoneType' object is not subscriptable

