2026-05-15 01:47:35,134 - INFO - Total time taken: {'ret': 0, 'msg': 'success', 'data': None}
2026-05-15 01:47:35,135 - INFO - 'NoneType' object is not subscriptable
2026-05-15 01:47:35,135 - INFO - Traceback (most recent call last):
  File "/home/runner/work/qqnews/qqnews/qq.py", line 128, in main
    for i in qq1["data"]["list"]:
             ~~~~~~~~~~~^^^^^^^^
TypeError: 'NoneType' object is not subscriptable

2026-05-15 05:42:18,265 - INFO - Total time taken: {'ret': 0, 'msg': 'success', 'data': None}
2026-05-15 05:42:18,265 - INFO - 'NoneType' object is not subscriptable
2026-05-15 05:42:18,266 - INFO - Traceback (most recent call last):
  File "/home/runner/work/qqnews/qqnews/qq.py", line 128, in main
    for i in qq1["data"]["list"]:
             ~~~~~~~~~~~^^^^^^^^
TypeError: 'NoneType' object is not subscriptable

2026-05-15 08:33:24,029 - INFO - Total time taken: {'ret': 0, 'msg': 'success', 'data': None}
2026-05-15 08:33:24,029 - INFO - 'NoneType' object is not subscriptable
2026-05-15 08:33:24,030 - INFO - Traceback (most recent call last):
  File "/home/runner/work/qqnews/qqnews/qq.py", line 128, in main
    for i in qq1["data"]["list"]:
             ~~~~~~~~~~~^^^^^^^^
TypeError: 'NoneType' object is not subscriptable

2026-05-15 11:08:10,619 - INFO - Total time taken: {'ret': 0, 'msg': 'success', 'data': None}
2026-05-15 11:08:10,620 - INFO - 'NoneType' object is not subscriptable
2026-05-15 11:08:10,620 - INFO - Traceback (most recent call last):
  File "/home/runner/work/qqnews/qqnews/qq.py", line 128, in main
    for i in qq1["data"]["list"]:
             ~~~~~~~~~~~^^^^^^^^
TypeError: 'NoneType' object is not subscriptable

2026-05-15 13:19:36,946 - INFO - Total time taken: {'ret': 0, 'msg': 'success', 'data': None}
2026-05-15 13:19:36,946 - INFO - 'NoneType' object is not subscriptable
2026-05-15 13:19:36,947 - INFO - Traceback (most recent call last):
  File "/home/runner/work/qqnews/qqnews/qq.py", line 128, in main
    for i in qq1["data"]["list"]:
             ~~~~~~~~~~~^^^^^^^^
TypeError: 'NoneType' object is not subscriptable

2026-05-15 15:52:28,351 - INFO - Total time taken: {'ret': 0, 'msg': 'success', 'data': None}
2026-05-15 15:52:28,351 - INFO - 'NoneType' object is not subscriptable
2026-05-15 15:52:28,351 - INFO - Traceback (most recent call last):
  File "/home/runner/work/qqnews/qqnews/qq.py", line 128, in main
    for i in qq1["data"]["list"]:
             ~~~~~~~~~~~^^^^^^^^
TypeError: 'NoneType' object is not subscriptable

