2024-08-14 00:30:09,979 - INFO - EXPIRED
因支持“一中”遭佩洛西抨击，澳前总理反击：这是全世界都承认的事
https://new.qq.com/rain/a/20240813A08VB400

2024-08-14 00:30:09,979 - INFO - EXPIRED
上海市民买到应销毁的“救灾物资”？官方：仓库管理人员私自出售
https://new.qq.com/rain/a/20240813A09ZRB00

2024-08-14 00:30:09,979 - INFO - EXPIRED
外卖骑手与保安冲突后有物业公司紧急通知：充分尊重和理解外卖人员，遇到困难积极协助
https://new.qq.com/rain/a/20240813A0A3EA00

2024-08-14 00:30:09,979 - INFO - EXPIRED
“鄂豫争地”案当事人背刑案嫌疑人身份10年，检方决定不起诉
https://new.qq.com/rain/a/20240813A05WND00

2024-08-14 00:30:09,979 - INFO - EXPIRED
网友反馈最近菜价涨到飞起，山东豆橛子变金条，你有同感吗？你家那什么菜贵？
https://view.inews.qq.com/a/20240813Q05PCN00

2024-08-14 00:30:09,979 - INFO - EXPIRED
越南广宁省，三任省委书记被查处
https://new.qq.com/rain/a/20240813A09D7A00

2024-08-14 00:30:09,979 - INFO - EXPIRED
中国面临百万级护士缺口，为何大量护士想逃离医院？她们每天在经历什么？
https://view.inews.qq.com/a/20240813Q071XW00

2024-08-14 00:30:09,979 - INFO - EXPIRED
称呼雷军“军儿”的博主被理想汽车起诉索赔百万，当事人称已应诉
https://new.qq.com/rain/a/20240813A07RO600

2024-08-14 00:30:09,979 - INFO - EXPIRED
命案逃犯潜逃27年落网，被抓时已身家百万，“过年就像生大病想家”
https://new.qq.com/rain/a/20240813A08QK200

2024-08-14 00:30:09,979 - INFO - EXPIRED
德国一工厂爆炸致维生素A价格翻倍，为何影响这么大？对我生活有影响吗？
https://view.inews.qq.com/a/20240813Q09BRR00

2024-08-14 00:30:09,979 - INFO - EXPIRED
传多家银行被禁止国债交易，真有这种事吗？金融机构是在钻空子吗？
https://view.inews.qq.com/a/20240813Q09WZW00

2024-08-14 00:30:09,979 - INFO - EXPIRED
广西德天瀑布景区“魔毯”项目发生故障致1死60伤，当地通报事故原因
https://new.qq.com/rain/a/20240813A0A1S100

2024-08-14 00:30:09,979 - INFO - EXPIRED
英媒：伊朗高官称若加沙停火谈判失败或以色列拖延，将对以发动袭击
https://new.qq.com/rain/a/20240813A09JKP00

2024-08-14 00:30:09,979 - INFO - EXPIRED
乘客打1400公里顺风车逃单后称将起诉车主侵犯隐私，律师解析四大焦点
https://new.qq.com/rain/a/20240813A07T9D00

2024-08-14 00:30:09,979 - INFO - EXPIRED
政治献金弊案发酵，岛内媒体人：有人要推柯文哲上“断头台”
https://new.qq.com/rain/a/20240813A0A5JI00

2024-08-14 00:30:09,979 - INFO - EXPIRED
小伙花十几万元断骨增高致终身伤残，这种手术靠谱吗？技术够成熟吗？
https://view.inews.qq.com/a/20240813Q067GU00

2024-08-14 00:30:09,979 - INFO - EXPIRED
公章是粘的、订单是编的！监管通报一IPO撤否项目，粗糙造假刷新三观
https://new.qq.com/rain/a/20240813A09DZN00

2024-08-14 00:30:09,979 - INFO - EXPIRED
父亲带11岁孩子骑行，孩子摔倒遭汽车碾压身亡，涉事司机能免责吗？孩子父亲呢？
https://view.inews.qq.com/a/20240813Q05HJV00

2024-08-14 00:30:09,979 - INFO - EXPIRED
拼多多将向报名参与站内资源位活动的商家，推出技术服务费可退权益
https://new.qq.com/rain/a/20240813A09RP300

2024-08-14 00:30:09,979 - INFO - EXPIRED
天津航空疑为等迟到旅客延误40分钟，客服：没赔偿，可申请50元代金券
https://new.qq.com/rain/a/20240813V09WAW00

2024-08-14 00:30:09,979 - INFO - EXPIRED
国家安全部连续破获千余起台湾间谍窃密案件，打掉一大批间谍情报网络
https://new.qq.com/rain/a/20240813A00UIO00

2024-08-14 00:30:09,979 - INFO - EXPIRED
哈马斯下属武装派别卡桑旅称袭击以色列特拉维夫
https://new.qq.com/rain/a/20240813A09L2D00

2024-08-14 00:30:09,979 - INFO - EXPIRED
越共中央总书记、国家主席苏林将访华？外交部回应
https://new.qq.com/rain/a/20240813A08WIU00

2024-08-14 00:30:09,979 - INFO - EXPIRED
国元证券投行负责人被带走？最新回应：因个人原因正配合有关部门调查
https://new.qq.com/rain/a/20240813A09H0Z00

2024-08-14 00:30:09,979 - INFO - EXPIRED
车主亲友就“碾压骑行小孩”事件发声：来不及躲，不清楚双方应负责任
https://new.qq.com/rain/a/20240813A08MWM00

2024-08-14 00:30:09,979 - INFO - EXPIRED
湖南张家界发生一起刑案致1人死亡，警方：73岁嫌犯已被抓获归案
https://new.qq.com/rain/a/20240813A09FY600

2024-08-14 00:30:09,979 - INFO - EXPIRED
一家三人坐牢，女厅官哭泣忏悔：问苍天有几个家庭如此悲惨
https://new.qq.com/rain/a/20240813A06W8X00

2024-08-14 00:30:09,979 - INFO - EXPIRED
小鹏汽车：股份购买协议项下的SOP里程碑已达成
https://new.qq.com/rain/a/20240813A094S000

2024-08-14 00:30:09,979 - INFO - EXPIRED
饭店门口掉头被拦车收费，当事人：店老板拦车，其妻儿在旁要钱
https://new.qq.com/rain/a/20240813V08RBK00

2024-08-14 00:30:09,979 - INFO - EXPIRED
美媒称“美军舰巡航遇到多艘中国军舰”，中美回应
https://new.qq.com/rain/a/20240813A04KH300

2024-08-14 00:30:09,979 - INFO - EXPIRED
重庆57岁男子驾车操作不当引发碰撞，致1死2伤
https://new.qq.com/rain/a/20240813A096HM00

2024-08-14 00:30:09,979 - INFO - EXPIRED
3万字圆桌实录：AI崛起，新闻长存｜仲夏六日谈
https://new.qq.com/rain/a/20240813A083AA00

2024-08-14 00:30:09,979 - INFO - EXPIRED
两名未成年人偷小米SU7后为躲避追击闯红灯逆行？警方：此事属实
https://new.qq.com/rain/a/20240813A04L5200

2024-08-14 00:30:09,979 - INFO - EXPIRED
男子遭围殴持刀反杀一人被判故意伤害，检方以防卫过当建议再审被驳回
https://new.qq.com/rain/a/20240813A0637W00

2024-08-14 00:30:09,979 - INFO - EXPIRED
国务院、中央军委公布实施新修订的《军人抚恤优待条例》
https://new.qq.com/rain/a/20240813A08JNF00

2024-08-14 00:30:09,979 - INFO - EXPIRED
外交部：菲方军机两次侵闯黄岩岛邻近空域，中国军队依法采取必要处置措施
https://new.qq.com/rain/a/20240813A08VWB00

2024-08-14 00:30:09,979 - INFO - EXPIRED
河北保定“11岁小孩公路骑行身亡”谁之过？律师：监护人存在严重失职
https://new.qq.com/rain/a/20240813A0699X00

2024-08-14 00:30:09,980 - INFO - EXPIRED
造成重大债务风险的“老虎”受贿超4亿，被判死缓
https://new.qq.com/rain/a/20240813A07NYZ00

2024-08-14 00:30:09,980 - INFO - EXPIRED
安徽长丰县城管与摊贩起冲突：因摆摊搬离超时引发，警方已介入调查
https://new.qq.com/rain/a/20240813V07XOK00

2024-08-14 00:30:09,980 - INFO - EXPIRED
公摊为零、得房率超100%！楼市新物种“第四代住宅”越来越火
https://new.qq.com/rain/a/20240813A064HD00

2024-08-14 00:30:09,980 - INFO - EXPIRED
数亿元的村集体土地疑似流失，上海700余名原村民苦求“知情权”未果
https://new.qq.com/rain/a/20240813A072EP00

2024-08-14 00:30:09,980 - INFO - EXPIRED
董宇辉“仍欠”东方小孙1500万元
https://new.qq.com/rain/a/20240813A07IV900

2024-08-14 00:30:09,980 - INFO - EXPIRED
腾讯音乐Q2持续高质量增长：总收入71.6亿元，付费用户数1.17亿
https://new.qq.com/rain/a/20240813A073G900

2024-08-14 00:30:09,980 - INFO - EXPIRED
中国大熊猫保护研究中心：大熊猫“彤彤”6月突发疾病死亡
https://new.qq.com/rain/a/20240813A07MY400

2024-08-14 00:30:09,980 - INFO - EXPIRED
央行：1-7月社会融资规模增量为18.87万亿元 比上年同期少3.22万亿元
https://new.qq.com/rain/a/20240813A074KU00

2024-08-14 00:30:09,980 - INFO - EXPIRED
交过社保也算“应届生”！多个省份调整政策，但仅限在当地
https://new.qq.com/rain/a/20240813A03X8J00

2024-08-14 00:30:09,980 - INFO - EXPIRED
客串彩蛋引发剧烈争吵，陈思诚回应：我早就不当演员也不想演戏了！
https://new.qq.com/rain/a/20240813V05L8500

2024-08-14 00:30:09,980 - INFO - EXPIRED
“杭州外卖员下跪”续：物业称小区配送正常，后续还将调查
https://new.qq.com/rain/a/20240813A0638E00

2024-08-14 00:30:09,980 - INFO - EXPIRED
父亲带娃骑行孩子摔倒遭碾压身亡，知情人：事发路段仍在修未通车
https://new.qq.com/rain/a/20240813A05JOM00

2024-08-14 00:30:09,980 - INFO - EXPIRED
俄乌局势突变，战场突然步入俄、白境内，俄白防长紧急会面
https://new.qq.com/rain/a/20240813A053YM00

2024-08-14 00:30:09,980 - INFO - EXPIRED
澳大利亚悉尼一公寓楼发生命案，有消息称两死者均来自中国，警方回应
https://new.qq.com/rain/a/20240813A0416900

2024-08-14 00:30:09,980 - INFO - EXPIRED
王毅将访缅甸并赴泰国主持澜湄第九次外长会、出席四国外长非正式会晤
https://new.qq.com/rain/a/20240813A05K9N00

2024-08-14 00:30:09,980 - INFO - EXPIRED
央行新增支农支小再贷款额度1000亿，支持12省区市防汛抗洪救灾及重建
https://new.qq.com/rain/a/20240813A05II100

2024-08-14 00:30:09,980 - INFO - EXPIRED
涉案6千多万！中石化天然气分公司原党委书记段彦修受审
https://new.qq.com/rain/a/20240813A06INI00

2024-08-14 00:30:09,980 - INFO - EXPIRED
“16次高考”唐尚珺决定读大学，此前被华南师大录取：大学再弥补遗憾
https://new.qq.com/rain/a/20240813A04CNK00

2024-08-14 00:30:09,980 - INFO - EXPIRED
监控曝光！浙江一辆保时捷撞电动车后撞树起火，警方：驾驶人死亡
https://new.qq.com/rain/a/20240813A053TO00

2024-08-14 00:30:09,980 - INFO - EXPIRED
孟加拉国前总理指控美国参与其国内政权更迭，白宫：纯属无稽之谈
https://new.qq.com/rain/a/20240813A04OEA00

2024-08-14 00:30:09,980 - INFO - EXPIRED
上海浦东机场一男子大闹值机柜台？警方：起因系未赶上航班 已被行拘
https://new.qq.com/rain/a/20240813V04HO800

2024-08-14 00:30:09,980 - INFO - EXPIRED
山西两岁女童家门口失踪一天一夜 官方回应：多部门介入寻找
https://new.qq.com/rain/a/20240813A03ZB500

2024-08-14 00:30:09,980 - INFO - EXPIRED
自动驾驶汽车什么时候才能卖给消费者？正式上路前需解决两大核心问题
https://new.qq.com/rain/a/20240813A02M7100

2024-08-14 00:30:09,980 - INFO - EXPIRED
女乘客高速下车后溺亡案一审宣判：的哥无违约行为，家属索赔诉求被驳回
https://new.qq.com/rain/a/20240812A07TXQ00

2024-08-14 00:30:09,980 - INFO - EXPIRED
特朗普将起诉美国司法部，要求其为“搜查海湖庄园行动”赔偿1亿美元
https://new.qq.com/rain/a/20240813A00FO700

2024-08-14 00:30:09,980 - INFO - EXPIRED
成都公积金贷款住房套数认定范围调整为拟购住房所在区（市）县
https://new.qq.com/rain/a/20240813A051JF00

2024-08-14 00:30:09,980 - INFO - EXPIRED
洛杉矶奥运会拟加入棒球、50米蝶、仰和蛙泳，奥运会项目的设立是怎么规定的？
https://view.inews.qq.com/a/20240812Q05WK800

2024-08-14 00:30:09,980 - INFO - EXPIRED
园艺本科生保研川大华西临床医学院外科学，回应：程序合规，不能从医
https://new.qq.com/rain/a/20240812A08GFV00

2024-08-14 00:30:09,980 - INFO - EXPIRED
父亲带娃骑行，孩子摔倒被对向汽车碾压，警方已介入
https://new.qq.com/rain/a/20240813A04TDJ00

2024-08-14 00:30:09,980 - INFO - EXPIRED
周大福卖不动了，“贵妇们”却在排队抢黄金，“有钱人的世界我不懂”
https://new.qq.com/rain/a/20240813A01Z5U00

2024-08-14 00:30:09,980 - INFO - EXPIRED
乌方称已控制俄罗斯边境1000平方公里土地，“1000平方公里”是什么概念？
https://view.inews.qq.com/a/20240813Q02U7F00

2024-08-14 00:30:09,980 - INFO - EXPIRED
河南女法官遇害案调查：法院称将举行追悼会，律师评价其为人正直
https://new.qq.com/rain/a/20240813A05AD600

2024-08-14 00:30:09,980 - INFO - EXPIRED
虎头蛇尾的价格战后：阿里暂退 京东坚守 抖音摇摆不定
https://new.qq.com/rain/a/20240813A01MC700

2024-08-14 00:30:09,980 - INFO - EXPIRED
特朗普称美国没高速列车不合理，高速隧道方案靠谱吗？美国会大建高铁吗？
https://view.inews.qq.com/a/20240813Q046CV00

2024-08-14 00:30:09,980 - INFO - EXPIRED
外媒称美决定将一中国激光雷达制造企业移出“黑名单”，中使馆回应
https://new.qq.com/rain/a/20240813A02OLV00

2024-08-14 00:30:09,980 - INFO - EXPIRED
杭州保安逼迫女大学生外卖员下跪？现场骑手集体被封号？官方：假的
https://new.qq.com/rain/a/20240813A02SBP00

2024-08-14 00:30:09,980 - INFO - EXPIRED
员工骤减至40余人，恒大汽车天津工厂：年初停产至今，工资发放80%
https://new.qq.com/rain/a/20240812A04XU300

2024-08-14 00:30:09,980 - INFO - EXPIRED
还吃瓜吗？全国西瓜批发均价同比涨13%，重庆北碚永辉超市：每斤已涨1块
https://new.qq.com/rain/a/20240813A03JI200

2024-08-14 00:30:09,980 - INFO - EXPIRED
深圳或进一步优化楼市限购政策？深圳市住建局：政策并未调整
https://new.qq.com/rain/a/20240813A03IHP00

2024-08-14 00:30:09,980 - INFO - EXPIRED
女子网上多次辱骂诋毁国家队运动员教练员，已被广州警方刑拘
https://new.qq.com/rain/a/20240813A02B0800

2024-08-14 00:30:09,980 - INFO - EXPIRED
福建海警依法送返4名台湾省籍渔船船员
https://new.qq.com/rain/a/20240813A02RIA00

2024-08-14 00:30:09,980 - INFO - EXPIRED
原731部队成员清水英男在侵华日军第731部队罪证陈列馆指认谢罪
https://new.qq.com/rain/a/20240813A01A3N00

2024-08-14 00:30:09,980 - INFO - EXPIRED
高中生被坠落树根砸中身亡 一审判被告过失致人死亡罪 被害人家属不服
https://new.qq.com/rain/a/20240812A08CS500

2024-08-14 00:30:09,980 - INFO - EXPIRED
山东一冶炼厂发生安全事故致3人死亡 官方：事故原因还在进一步调查中
https://new.qq.com/rain/a/20240813A019ND00

2024-08-14 00:30:09,980 - INFO - EXPIRED
跟踪7年顶级学府里的精英学生，我发现精英世界养孩子的秘密
https://new.qq.com/rain/a/20240813A01GMT00

2024-08-14 00:30:09,980 - INFO - EXPIRED
“禁止入韩”标签在社交媒体传播，泰国游客涌向中国
https://new.qq.com/rain/a/20240813A00UCZ00

2024-08-14 00:30:09,980 - INFO - EXPIRED
尹锡悦调整外交和国防政策团队，韩媒称是一次“意外大变动”
https://new.qq.com/rain/a/20240813A00RCG00

2024-08-14 00:30:09,980 - INFO - EXPIRED
伊朗副总统扎里夫才上任10天就辞职，伊朗组建新政府难在哪里？
https://view.inews.qq.com/a/20240812Q09PB700

2024-08-14 00:30:09,980 - INFO - EXPIRED
新一轮存款降息未满月，国有大行杀回来了！定存执行利率上浮比比皆是
https://new.qq.com/rain/a/20240813A001MH00

2024-08-14 00:30:09,980 - INFO - EXPIRED
肿瘤研究专家李井泉被双开，涉设备采购问题、收受巨额财物等
https://new.qq.com/rain/a/20240813A00SHE00

2024-08-14 00:30:09,980 - INFO - EXPIRED
张志杰母亲发声称儿子遗体仍在印尼，中国羽协回应：等官方公告
https://new.qq.com/rain/a/20240812A07XKY00

2024-08-14 00:30:09,980 - INFO - EXPIRED
江苏一凉亭遭雷击坍塌致6死10伤，目击者：几十人避雨，有人爬出逃生
https://new.qq.com/rain/a/20240812A08QID00

2024-08-14 00:30:09,980 - INFO - EXPIRED
会计转账495万6天后发现被骗，会计权责有多大？为何有人说从业风险排前5？
https://view.inews.qq.com/a/20240812Q05M4200

2024-08-14 00:30:09,980 - INFO - EXPIRED
加沙战火或持续至2025年！惠誉下调以色列主权信用评级
https://new.qq.com/rain/a/20240813A012OB00

2024-08-14 00:30:10,370 - ERROR - ERROR
陈思诚独家拉片《解密》十大暗喻！中国电影工业水准不输好莱坞
https://new.qq.com/rain/a/20240814V00UJP00
('list index out of range',)
======
Traceback (most recent call last):
  File "/home/runner/work/qqnews/qqnews/qq.py", line 81, in process_article
    ss = str(tmpbs.select("div.LEFT div.content.clearfix")[0])
             ~~~~~~~~~~~~~~~~~~~~~~~~~~~~~~~~~~~~~~~~~~~~~^^^
IndexError: list index out of range


2024-08-14 00:30:10,393 - INFO - INVALID
面临贸易紧张局势，中美官员将碰头讨论金融议题
https://new.qq.com/rain/a/20240814A00PH800

2024-08-14 00:30:10,447 - INFO - INVALID
安全气囊致死风波犹存，福特、马自达向45万辆车发布“禁止驾驶警告”
https://new.qq.com/rain/a/20240814A00LUS00

2024-08-14 00:30:10,463 - INFO - INVALID
中纪委：油水越多地方越易滑倒，深化整治资金密集、资源富集领域腐败
https://new.qq.com/rain/a/20240814A00UXV00

2024-08-14 00:30:10,561 - INFO - INVALID
和楼天城谈Robotaxi：“辅助驾驶越厉害的车企，离高度自动驾驶越远”
https://new.qq.com/rain/a/20240814A00SIJ00

2024-08-14 00:30:10,621 - INFO - INVALID
内蒙古赤峰老哈河堤防出现10余米溃口，国家防总办公室派出专家组
https://new.qq.com/rain/a/20240814A00TK100

2024-08-14 00:30:10,700 - INFO - INVALID
美媒炒作山东舰编队仅隔25天再次远海训练，军事专家解读
https://new.qq.com/rain/a/20240814A00QJC00

2024-08-14 00:30:10,852 - INFO - SUCCESS
谷歌新品发布会：重磅发布Pixel 9系列手机，Android 15跳票
https://new.qq.com/rain/a/20240814A00U9100

2024-08-14 00:30:11,070 - INFO - INVALID
男孩闹脾气横躺马路中间被轿车碾压，网友：撒手离开的家长要追责
https://new.qq.com/rain/a/20240814A00QED00

2024-08-14 01:58:50,803 - INFO - EXPIRED
多地非税收入上涨背后
https://new.qq.com/rain/a/20240813A09TE000

2024-08-14 01:58:50,803 - INFO - EXPIRED
汽车博主被理想汽车起诉索赔百万，曾因称呼雷军“军儿”走红
https://new.qq.com/rain/a/20240813A07RO600

2024-08-14 01:58:50,803 - INFO - EXPIRED
中国面临百万级护士缺口，为何大量护士想逃离医院？她们每天在经历什么？
https://view.inews.qq.com/a/20240813Q071XW00

2024-08-14 01:58:50,803 - INFO - EXPIRED
5年定存利率最高4%！跨城存款又流行，“高息”背后有何风险
https://new.qq.com/rain/a/20240813A08UAV00

2024-08-14 01:58:50,803 - INFO - EXPIRED
1万/平卖得比楼面价还低，开发商可自主定价⋯⋯越来越多城市取消限价
https://new.qq.com/rain/a/20240813A09GV000

2024-08-14 01:58:50,803 - INFO - EXPIRED
所教授课程不合格率超三成被要求整改，高校教师：实在抱歉，另请高明
https://new.qq.com/rain/a/20240813A09MNW00

2024-08-14 01:58:50,803 - INFO - EXPIRED
外卖骑手与保安冲突后有物业公司紧急通知：充分尊重和理解外卖人员，遇到困难积极协助
https://new.qq.com/rain/a/20240813A0A3EA00

2024-08-14 01:58:50,803 - INFO - EXPIRED
上海市民买到应销毁的“救灾物资”？官方：仓库管理人员私自出售
https://new.qq.com/rain/a/20240813A09ZRB00

2024-08-14 01:58:50,803 - INFO - EXPIRED
“28岁副处级”干部参与调研引身份疑云，又一单位发声打假
https://new.qq.com/rain/a/20240813A08SUC00

2024-08-14 01:58:50,803 - INFO - EXPIRED
因支持“一中”遭佩洛西抨击，澳前总理反击：这是全世界都承认的事
https://new.qq.com/rain/a/20240813A08VB400

2024-08-14 01:58:50,803 - INFO - EXPIRED
越南广宁省，三任省委书记被查处
https://new.qq.com/rain/a/20240813A09D7A00

2024-08-14 01:58:50,803 - INFO - EXPIRED
“鄂豫争地”案当事人背刑案嫌疑人身份10年，检方决定不起诉
https://new.qq.com/rain/a/20240813A05WND00

2024-08-14 01:58:50,803 - INFO - EXPIRED
命案逃犯潜逃27年落网，被抓时已身家百万，“过年就像生大病想家”
https://new.qq.com/rain/a/20240813A08QK200

2024-08-14 01:58:50,803 - INFO - EXPIRED
德国一工厂爆炸致维生素A价格翻倍，为何影响这么大？对我生活有影响吗？
https://view.inews.qq.com/a/20240813Q09BRR00

2024-08-14 01:58:50,803 - INFO - EXPIRED
网友反馈最近菜价涨到飞起，山东豆橛子变金条，你有同感吗？你家那什么菜贵？
https://view.inews.qq.com/a/20240813Q05PCN00

2024-08-14 01:58:50,803 - INFO - EXPIRED
传多家银行被禁止国债交易，真有这种事吗？金融机构是在钻空子吗？
https://view.inews.qq.com/a/20240813Q09WZW00

2024-08-14 01:58:50,803 - INFO - EXPIRED
广西德天瀑布景区“魔毯”项目发生故障致1死60伤，当地通报事故原因
https://new.qq.com/rain/a/20240813A0A1S100

2024-08-14 01:58:50,803 - INFO - EXPIRED
英媒：伊朗高官称若加沙停火谈判失败或以色列拖延，将对以发动袭击
https://new.qq.com/rain/a/20240813A09JKP00

2024-08-14 01:58:50,803 - INFO - EXPIRED
乘客打1400公里顺风车逃单后称将起诉车主侵犯隐私，律师解析四大焦点
https://new.qq.com/rain/a/20240813A07T9D00

2024-08-14 01:58:50,803 - INFO - EXPIRED
政治献金弊案发酵，岛内媒体人：有人要推柯文哲上“断头台”
https://new.qq.com/rain/a/20240813A0A5JI00

2024-08-14 01:58:50,803 - INFO - EXPIRED
小伙花十几万元断骨增高致终身伤残，这种手术靠谱吗？技术够成熟吗？
https://view.inews.qq.com/a/20240813Q067GU00

2024-08-14 01:58:50,803 - INFO - EXPIRED
公章是粘的、订单是编的！监管通报一IPO撤否项目，粗糙造假刷新三观
https://new.qq.com/rain/a/20240813A09DZN00

2024-08-14 01:58:50,803 - INFO - EXPIRED
父亲带11岁孩子骑行，孩子摔倒遭汽车碾压身亡，涉事司机能免责吗？孩子父亲呢？
https://view.inews.qq.com/a/20240813Q05HJV00

2024-08-14 01:58:50,803 - INFO - EXPIRED
拼多多将向报名参与站内资源位活动的商家，推出技术服务费可退权益
https://new.qq.com/rain/a/20240813A09RP300

2024-08-14 01:58:50,803 - INFO - EXPIRED
天津航空疑为等迟到旅客延误40分钟，客服：没赔偿，可申请50元代金券
https://new.qq.com/rain/a/20240813V09WAW00

2024-08-14 01:58:50,803 - INFO - EXPIRED
国家安全部连续破获千余起台湾间谍窃密案件，打掉一大批间谍情报网络
https://new.qq.com/rain/a/20240813A00UIO00

2024-08-14 01:58:50,804 - INFO - EXPIRED
哈马斯下属武装派别卡桑旅称袭击以色列特拉维夫
https://new.qq.com/rain/a/20240813A09L2D00

2024-08-14 01:58:50,804 - INFO - EXPIRED
越共中央总书记、国家主席苏林将访华？外交部回应
https://new.qq.com/rain/a/20240813A08WIU00

2024-08-14 01:58:50,804 - INFO - EXPIRED
国元证券投行负责人被带走？最新回应：因个人原因正配合有关部门调查
https://new.qq.com/rain/a/20240813A09H0Z00

2024-08-14 01:58:50,804 - INFO - EXPIRED
车主亲友就“碾压骑行小孩”事件发声：来不及躲，不清楚双方应负责任
https://new.qq.com/rain/a/20240813A08MWM00

2024-08-14 01:58:50,804 - INFO - EXPIRED
湖南张家界发生一起刑案致1人死亡，警方：73岁嫌犯已被抓获归案
https://new.qq.com/rain/a/20240813A09FY600

2024-08-14 01:58:50,804 - INFO - EXPIRED
一家三人坐牢，女厅官哭泣忏悔：问苍天有几个家庭如此悲惨
https://new.qq.com/rain/a/20240813A06W8X00

2024-08-14 01:58:50,804 - INFO - EXPIRED
小鹏汽车：股份购买协议项下的SOP里程碑已达成
https://new.qq.com/rain/a/20240813A094S000

2024-08-14 01:58:50,804 - INFO - EXPIRED
饭店门口掉头被拦车收费，当事人：店老板拦车，其妻儿在旁要钱
https://new.qq.com/rain/a/20240813V08RBK00

2024-08-14 01:58:50,804 - INFO - EXPIRED
美媒称“美军舰巡航遇到多艘中国军舰”，中美回应
https://new.qq.com/rain/a/20240813A04KH300

2024-08-14 01:58:50,804 - INFO - EXPIRED
重庆57岁男子驾车操作不当引发碰撞，致1死2伤
https://new.qq.com/rain/a/20240813A096HM00

2024-08-14 01:58:50,804 - INFO - EXPIRED
3万字圆桌实录：AI崛起，新闻长存｜仲夏六日谈
https://new.qq.com/rain/a/20240813A083AA00

2024-08-14 01:58:50,804 - INFO - EXPIRED
两名未成年人偷小米SU7后为躲避追击闯红灯逆行？警方：此事属实
https://new.qq.com/rain/a/20240813A04L5200

2024-08-14 01:58:50,804 - INFO - EXPIRED
男子遭围殴持刀反杀一人被判故意伤害，检方以防卫过当建议再审被驳回
https://new.qq.com/rain/a/20240813A0637W00

2024-08-14 01:58:50,804 - INFO - EXPIRED
国务院、中央军委公布实施新修订的《军人抚恤优待条例》
https://new.qq.com/rain/a/20240813A08JNF00

2024-08-14 01:58:50,804 - INFO - EXPIRED
外交部：菲方军机两次侵闯黄岩岛邻近空域，中国军队依法采取必要处置措施
https://new.qq.com/rain/a/20240813A08VWB00

2024-08-14 01:58:50,804 - INFO - EXPIRED
河北保定“11岁小孩公路骑行身亡”谁之过？律师：监护人存在严重失职
https://new.qq.com/rain/a/20240813A0699X00

2024-08-14 01:58:50,804 - INFO - EXPIRED
造成重大债务风险的“老虎”受贿超4亿，被判死缓
https://new.qq.com/rain/a/20240813A07NYZ00

2024-08-14 01:58:50,804 - INFO - EXPIRED
安徽长丰县城管与摊贩起冲突：因摆摊搬离超时引发，警方已介入调查
https://new.qq.com/rain/a/20240813V07XOK00

2024-08-14 01:58:50,804 - INFO - EXPIRED
公摊为零、得房率超100%！楼市新物种“第四代住宅”越来越火
https://new.qq.com/rain/a/20240813A064HD00

2024-08-14 01:58:50,804 - INFO - EXPIRED
数亿元的村集体土地疑似流失，上海700余名原村民苦求“知情权”未果
https://new.qq.com/rain/a/20240813A072EP00

2024-08-14 01:58:50,804 - INFO - EXPIRED
董宇辉“仍欠”东方小孙1500万元
https://new.qq.com/rain/a/20240813A07IV900

2024-08-14 01:58:50,804 - INFO - EXPIRED
腾讯音乐Q2持续高质量增长：总收入71.6亿元，付费用户数1.17亿
https://new.qq.com/rain/a/20240813A073G900

2024-08-14 01:58:50,804 - INFO - EXPIRED
中国大熊猫保护研究中心：大熊猫“彤彤”6月突发疾病死亡
https://new.qq.com/rain/a/20240813A07MY400

2024-08-14 01:58:50,804 - INFO - EXPIRED
央行：1-7月社会融资规模增量为18.87万亿元 比上年同期少3.22万亿元
https://new.qq.com/rain/a/20240813A074KU00

2024-08-14 01:58:50,804 - INFO - EXPIRED
交过社保也算“应届生”！多个省份调整政策，但仅限在当地
https://new.qq.com/rain/a/20240813A03X8J00

2024-08-14 01:58:50,804 - INFO - EXPIRED
客串彩蛋引发剧烈争吵，陈思诚回应：我早就不当演员也不想演戏了！
https://new.qq.com/rain/a/20240813V05L8500

2024-08-14 01:58:50,804 - INFO - EXPIRED
“杭州外卖员下跪”续：物业称小区配送正常，后续还将调查
https://new.qq.com/rain/a/20240813A0638E00

2024-08-14 01:58:50,804 - INFO - EXPIRED
父亲带娃骑行孩子摔倒遭碾压身亡，知情人：事发路段仍在修未通车
https://new.qq.com/rain/a/20240813A05JOM00

2024-08-14 01:58:50,804 - INFO - EXPIRED
俄乌局势突变，战场突然步入俄、白境内，俄白防长紧急会面
https://new.qq.com/rain/a/20240813A053YM00

2024-08-14 01:58:50,804 - INFO - EXPIRED
澳大利亚悉尼一公寓楼发生命案，有消息称两死者均来自中国，警方回应
https://new.qq.com/rain/a/20240813A0416900

2024-08-14 01:58:50,804 - INFO - EXPIRED
王毅将访缅甸并赴泰国主持澜湄第九次外长会、出席四国外长非正式会晤
https://new.qq.com/rain/a/20240813A05K9N00

2024-08-14 01:58:50,804 - INFO - EXPIRED
央行新增支农支小再贷款额度1000亿，支持12省区市防汛抗洪救灾及重建
https://new.qq.com/rain/a/20240813A05II100

2024-08-14 01:58:50,804 - INFO - EXPIRED
涉案6千多万！中石化天然气分公司原党委书记段彦修受审
https://new.qq.com/rain/a/20240813A06INI00

2024-08-14 01:58:50,804 - INFO - EXPIRED
“16次高考”唐尚珺决定读大学，此前被华南师大录取：大学再弥补遗憾
https://new.qq.com/rain/a/20240813A04CNK00

2024-08-14 01:58:50,804 - INFO - EXPIRED
监控曝光！浙江一辆保时捷撞电动车后撞树起火，警方：驾驶人死亡
https://new.qq.com/rain/a/20240813A053TO00

2024-08-14 01:58:50,804 - INFO - EXPIRED
孟加拉国前总理指控美国参与其国内政权更迭，白宫：纯属无稽之谈
https://new.qq.com/rain/a/20240813A04OEA00

2024-08-14 01:58:50,804 - INFO - EXPIRED
上海浦东机场一男子大闹值机柜台？警方：起因系未赶上航班 已被行拘
https://new.qq.com/rain/a/20240813V04HO800

2024-08-14 01:58:50,804 - INFO - EXPIRED
山西两岁女童家门口失踪一天一夜 官方回应：多部门介入寻找
https://new.qq.com/rain/a/20240813A03ZB500

2024-08-14 01:58:50,804 - INFO - EXPIRED
自动驾驶汽车什么时候才能卖给消费者？正式上路前需解决两大核心问题
https://new.qq.com/rain/a/20240813A02M7100

2024-08-14 01:58:50,804 - INFO - EXPIRED
女乘客高速下车后溺亡案一审宣判：的哥无违约行为，家属索赔诉求被驳回
https://new.qq.com/rain/a/20240812A07TXQ00

2024-08-14 01:58:50,804 - INFO - EXPIRED
特朗普将起诉美国司法部，要求其为“搜查海湖庄园行动”赔偿1亿美元
https://new.qq.com/rain/a/20240813A00FO700

2024-08-14 01:58:50,804 - INFO - EXPIRED
成都公积金贷款住房套数认定范围调整为拟购住房所在区（市）县
https://new.qq.com/rain/a/20240813A051JF00

2024-08-14 01:58:50,804 - INFO - EXPIRED
洛杉矶奥运会拟加入棒球、50米蝶、仰和蛙泳，奥运会项目的设立是怎么规定的？
https://view.inews.qq.com/a/20240812Q05WK800

2024-08-14 01:58:50,804 - INFO - EXPIRED
园艺本科生保研川大华西临床医学院外科学，回应：程序合规，不能从医
https://new.qq.com/rain/a/20240812A08GFV00

2024-08-14 01:58:50,804 - INFO - EXPIRED
父亲带娃骑行，孩子摔倒被对向汽车碾压，警方已介入
https://new.qq.com/rain/a/20240813A04TDJ00

2024-08-14 01:58:50,804 - INFO - EXPIRED
周大福卖不动了，“贵妇们”却在排队抢黄金，“有钱人的世界我不懂”
https://new.qq.com/rain/a/20240813A01Z5U00

2024-08-14 01:58:50,804 - INFO - EXPIRED
乌方称已控制俄罗斯边境1000平方公里土地，“1000平方公里”是什么概念？
https://view.inews.qq.com/a/20240813Q02U7F00

2024-08-14 01:58:50,804 - INFO - EXPIRED
河南女法官遇害案调查：法院称将举行追悼会，律师评价其为人正直
https://new.qq.com/rain/a/20240813A05AD600

2024-08-14 01:58:50,804 - INFO - EXPIRED
虎头蛇尾的价格战后：阿里暂退 京东坚守 抖音摇摆不定
https://new.qq.com/rain/a/20240813A01MC700

2024-08-14 01:58:50,804 - INFO - EXPIRED
特朗普称美国没高速列车不合理，高速隧道方案靠谱吗？美国会大建高铁吗？
https://view.inews.qq.com/a/20240813Q046CV00

2024-08-14 01:58:50,804 - INFO - EXPIRED
外媒称美决定将一中国激光雷达制造企业移出“黑名单”，中使馆回应
https://new.qq.com/rain/a/20240813A02OLV00

2024-08-14 01:58:50,804 - INFO - EXPIRED
杭州保安逼迫女大学生外卖员下跪？现场骑手集体被封号？官方：假的
https://new.qq.com/rain/a/20240813A02SBP00

2024-08-14 01:58:50,804 - INFO - EXPIRED
员工骤减至40余人，恒大汽车天津工厂：年初停产至今，工资发放80%
https://new.qq.com/rain/a/20240812A04XU300

2024-08-14 01:58:50,804 - INFO - EXPIRED
还吃瓜吗？全国西瓜批发均价同比涨13%，重庆北碚永辉超市：每斤已涨1块
https://new.qq.com/rain/a/20240813A03JI200

2024-08-14 01:58:50,804 - INFO - EXPIRED
深圳或进一步优化楼市限购政策？深圳市住建局：政策并未调整
https://new.qq.com/rain/a/20240813A03IHP00

2024-08-14 01:58:50,804 - INFO - EXPIRED
女子网上多次辱骂诋毁国家队运动员教练员，已被广州警方刑拘
https://new.qq.com/rain/a/20240813A02B0800

2024-08-14 01:58:50,804 - INFO - EXPIRED
福建海警依法送返4名台湾省籍渔船船员
https://new.qq.com/rain/a/20240813A02RIA00

2024-08-14 01:58:50,804 - INFO - EXPIRED
原731部队成员清水英男在侵华日军第731部队罪证陈列馆指认谢罪
https://new.qq.com/rain/a/20240813A01A3N00

2024-08-14 01:58:50,804 - INFO - EXPIRED
高中生被坠落树根砸中身亡 一审判被告过失致人死亡罪 被害人家属不服
https://new.qq.com/rain/a/20240812A08CS500

2024-08-14 01:58:51,411 - INFO - INVALID
男孩闹脾气横躺马路中间被轿车碾压，网友：撒手离开的家长要追责
https://new.qq.com/rain/a/20240814A00QED00

2024-08-14 01:58:51,419 - INFO - INVALID
14岁少女参加训练营期间疑遭教官3次侵犯，警方立案后第二天选择轻生
https://new.qq.com/rain/a/20240814A00RPS00

2024-08-14 01:58:51,440 - INFO - INVALID
星巴克把命运交给了一个卖卷饼的
https://new.qq.com/rain/a/20240814A011D100

2024-08-14 01:58:51,484 - INFO - INVALID
日媒：岸田文雄向党内人士表示计划弃选自民党总裁，新总裁选出后他将辞任首相
https://new.qq.com/rain/a/20240814A01K4D00

2024-08-14 01:58:51,533 - INFO - INVALID
A股三大指数集体低开，医药、油气等板块指数跌幅居前
https://new.qq.com/rain/a/20240814A01HZ700

2024-08-14 01:58:51,711 - INFO - INVALID
港股开盘：恒生指数涨0.35%，恒生科技指数涨0.52%，小鹏汽车涨超3%
https://new.qq.com/rain/a/20240814A01GK200

2024-08-14 01:58:51,781 - INFO - INVALID
中纪委：油水越多地方越易滑倒，深化整治资金密集、资源富集领域腐败
https://new.qq.com/rain/a/20240814A00UXV00

2024-08-14 01:58:51,794 - INFO - INVALID
华为手机产能迷局 重回国内第一还差关键一步
https://new.qq.com/rain/a/20240814A01DPQ00

2024-08-14 01:58:51,799 - INFO - INVALID
安全气囊致死风波犹存，福特、马自达向45万辆车发布“禁止驾驶警告”
https://new.qq.com/rain/a/20240814A00LUS00

2024-08-14 01:58:51,890 - INFO - INVALID
面临贸易紧张局势，中美官员将碰头讨论金融议题
https://new.qq.com/rain/a/20240814A00PH800

2024-08-14 01:58:52,023 - INFO - INVALID
小马智行创始人谈Robotaxi：当自动驾驶超越人类，数据就变成干扰项
https://new.qq.com/rain/a/20240814A00SIJ00

2024-08-14 01:58:52,057 - ERROR - ERROR
陈思诚独家拉片《解密》十大暗喻！中国电影工业水准不输好莱坞
https://new.qq.com/rain/a/20240814V00UJP00
('list index out of range',)
======
Traceback (most recent call last):
  File "/home/runner/work/qqnews/qqnews/qq.py", line 81, in process_article
    ss = str(tmpbs.select("div.LEFT div.content.clearfix")[0])
             ~~~~~~~~~~~~~~~~~~~~~~~~~~~~~~~~~~~~~~~~~~~~~^^^
IndexError: list index out of range


2024-08-14 01:58:52,086 - INFO - INVALID
美媒炒作山东舰编队仅隔25天再次远海训练，军事专家解读
https://new.qq.com/rain/a/20240814A00QJC00

2024-08-14 01:58:52,179 - INFO - INVALID
内蒙古赤峰老哈河堤防出现10余米溃口，国家防总办公室派出专家组
https://new.qq.com/rain/a/20240814A00TK100

2024-08-14 01:58:52,424 - INFO - EXIST
谷歌新品发布会：重磅发布Pixel 9系列手机，Android 15跳票
https://new.qq.com/rain/a/20240814A00U9100

2024-08-14 02:33:30,163 - INFO - EXPIRED
多地非税收入上涨背后
https://new.qq.com/rain/a/20240813A09TE000

2024-08-14 02:33:30,163 - INFO - EXPIRED
汽车博主被理想汽车起诉索赔百万，曾因称呼雷军“军儿”走红
https://new.qq.com/rain/a/20240813A07RO600

2024-08-14 02:33:30,163 - INFO - EXPIRED
中国面临百万级护士缺口，为何大量护士想逃离医院？她们每天在经历什么？
https://view.inews.qq.com/a/20240813Q071XW00

2024-08-14 02:33:30,164 - INFO - EXPIRED
5年定存利率最高4%！跨城存款又流行，“高息”背后有何风险
https://new.qq.com/rain/a/20240813A08UAV00

2024-08-14 02:33:30,164 - INFO - EXPIRED
1万/平卖得比楼面价还低，开发商可自主定价⋯⋯越来越多城市取消限价
https://new.qq.com/rain/a/20240813A09GV000

2024-08-14 02:33:30,164 - INFO - EXPIRED
所教授课程不合格率超三成被要求整改，高校教师：实在抱歉，另请高明
https://new.qq.com/rain/a/20240813A09MNW00

2024-08-14 02:33:30,164 - INFO - EXPIRED
外卖骑手与保安冲突后有物业公司紧急通知：充分尊重和理解外卖人员，遇到困难积极协助
https://new.qq.com/rain/a/20240813A0A3EA00

2024-08-14 02:33:30,164 - INFO - EXPIRED
上海市民买到应销毁的“救灾物资”？官方：仓库管理人员私自出售
https://new.qq.com/rain/a/20240813A09ZRB00

2024-08-14 02:33:30,164 - INFO - EXPIRED
“28岁副处级”干部参与调研引身份疑云，又一单位发声打假
https://new.qq.com/rain/a/20240813A08SUC00

2024-08-14 02:33:30,164 - INFO - EXPIRED
因支持“一中”遭佩洛西抨击，澳前总理反击：这是全世界都承认的事
https://new.qq.com/rain/a/20240813A08VB400

2024-08-14 02:33:30,164 - INFO - EXPIRED
越南广宁省，三任省委书记被查处
https://new.qq.com/rain/a/20240813A09D7A00

2024-08-14 02:33:30,164 - INFO - EXPIRED
“鄂豫争地”案当事人背刑案嫌疑人身份10年，检方决定不起诉
https://new.qq.com/rain/a/20240813A05WND00

2024-08-14 02:33:30,164 - INFO - EXPIRED
命案逃犯潜逃27年落网，被抓时已身家百万，“过年就像生大病想家”
https://new.qq.com/rain/a/20240813A08QK200

2024-08-14 02:33:30,164 - INFO - EXPIRED
德国一工厂爆炸致维生素A价格翻倍，为何影响这么大？对我生活有影响吗？
https://view.inews.qq.com/a/20240813Q09BRR00

2024-08-14 02:33:30,164 - INFO - EXPIRED
网友反馈最近菜价涨到飞起，山东豆橛子变金条，你有同感吗？你家那什么菜贵？
https://view.inews.qq.com/a/20240813Q05PCN00

2024-08-14 02:33:30,164 - INFO - EXPIRED
传多家银行被禁止国债交易，真有这种事吗？金融机构是在钻空子吗？
https://view.inews.qq.com/a/20240813Q09WZW00

2024-08-14 02:33:30,164 - INFO - EXPIRED
广西德天瀑布景区“魔毯”项目发生故障致1死60伤，当地通报事故原因
https://new.qq.com/rain/a/20240813A0A1S100

2024-08-14 02:33:30,164 - INFO - EXPIRED
英媒：伊朗高官称若加沙停火谈判失败或以色列拖延，将对以发动袭击
https://new.qq.com/rain/a/20240813A09JKP00

2024-08-14 02:33:30,164 - INFO - EXPIRED
乘客打1400公里顺风车逃单后称将起诉车主侵犯隐私，律师解析四大焦点
https://new.qq.com/rain/a/20240813A07T9D00

2024-08-14 02:33:30,164 - INFO - EXPIRED
政治献金弊案发酵，岛内媒体人：有人要推柯文哲上“断头台”
https://new.qq.com/rain/a/20240813A0A5JI00

2024-08-14 02:33:30,164 - INFO - EXPIRED
小伙花十几万元断骨增高致终身伤残，这种手术靠谱吗？技术够成熟吗？
https://view.inews.qq.com/a/20240813Q067GU00

2024-08-14 02:33:30,164 - INFO - EXPIRED
公章是粘的、订单是编的！监管通报一IPO撤否项目，粗糙造假刷新三观
https://new.qq.com/rain/a/20240813A09DZN00

2024-08-14 02:33:30,164 - INFO - EXPIRED
父亲带11岁孩子骑行，孩子摔倒遭汽车碾压身亡，涉事司机能免责吗？孩子父亲呢？
https://view.inews.qq.com/a/20240813Q05HJV00

2024-08-14 02:33:30,164 - INFO - EXPIRED
拼多多将向报名参与站内资源位活动的商家，推出技术服务费可退权益
https://new.qq.com/rain/a/20240813A09RP300

2024-08-14 02:33:30,164 - INFO - EXPIRED
天津航空疑为等迟到旅客延误40分钟，客服：没赔偿，可申请50元代金券
https://new.qq.com/rain/a/20240813V09WAW00

2024-08-14 02:33:30,164 - INFO - EXPIRED
国家安全部连续破获千余起台湾间谍窃密案件，打掉一大批间谍情报网络
https://new.qq.com/rain/a/20240813A00UIO00

2024-08-14 02:33:30,164 - INFO - EXPIRED
哈马斯下属武装派别卡桑旅称袭击以色列特拉维夫
https://new.qq.com/rain/a/20240813A09L2D00

2024-08-14 02:33:30,164 - INFO - EXPIRED
越共中央总书记、国家主席苏林将访华？外交部回应
https://new.qq.com/rain/a/20240813A08WIU00

2024-08-14 02:33:30,164 - INFO - EXPIRED
国元证券投行负责人被带走？最新回应：因个人原因正配合有关部门调查
https://new.qq.com/rain/a/20240813A09H0Z00

2024-08-14 02:33:30,165 - INFO - EXPIRED
车主亲友就“碾压骑行小孩”事件发声：来不及躲，不清楚双方应负责任
https://new.qq.com/rain/a/20240813A08MWM00

2024-08-14 02:33:30,165 - INFO - EXPIRED
湖南张家界发生一起刑案致1人死亡，警方：73岁嫌犯已被抓获归案
https://new.qq.com/rain/a/20240813A09FY600

2024-08-14 02:33:30,165 - INFO - EXPIRED
一家三人坐牢，女厅官哭泣忏悔：问苍天有几个家庭如此悲惨
https://new.qq.com/rain/a/20240813A06W8X00

2024-08-14 02:33:30,165 - INFO - EXPIRED
小鹏汽车：股份购买协议项下的SOP里程碑已达成
https://new.qq.com/rain/a/20240813A094S000

2024-08-14 02:33:30,165 - INFO - EXPIRED
饭店门口掉头被拦车收费，当事人：店老板拦车，其妻儿在旁要钱
https://new.qq.com/rain/a/20240813V08RBK00

2024-08-14 02:33:30,165 - INFO - EXPIRED
美媒称“美军舰巡航遇到多艘中国军舰”，中美回应
https://new.qq.com/rain/a/20240813A04KH300

2024-08-14 02:33:30,165 - INFO - EXPIRED
重庆57岁男子驾车操作不当引发碰撞，致1死2伤
https://new.qq.com/rain/a/20240813A096HM00

2024-08-14 02:33:30,165 - INFO - EXPIRED
3万字圆桌实录：AI崛起，新闻长存｜仲夏六日谈
https://new.qq.com/rain/a/20240813A083AA00

2024-08-14 02:33:30,165 - INFO - EXPIRED
两名未成年人偷小米SU7后为躲避追击闯红灯逆行？警方：此事属实
https://new.qq.com/rain/a/20240813A04L5200

2024-08-14 02:33:30,165 - INFO - EXPIRED
男子遭围殴持刀反杀一人被判故意伤害，检方以防卫过当建议再审被驳回
https://new.qq.com/rain/a/20240813A0637W00

2024-08-14 02:33:30,165 - INFO - EXPIRED
国务院、中央军委公布实施新修订的《军人抚恤优待条例》
https://new.qq.com/rain/a/20240813A08JNF00

2024-08-14 02:33:30,165 - INFO - EXPIRED
外交部：菲方军机两次侵闯黄岩岛邻近空域，中国军队依法采取必要处置措施
https://new.qq.com/rain/a/20240813A08VWB00

2024-08-14 02:33:30,165 - INFO - EXPIRED
河北保定“11岁小孩公路骑行身亡”谁之过？律师：监护人存在严重失职
https://new.qq.com/rain/a/20240813A0699X00

2024-08-14 02:33:30,165 - INFO - EXPIRED
造成重大债务风险的“老虎”受贿超4亿，被判死缓
https://new.qq.com/rain/a/20240813A07NYZ00

2024-08-14 02:33:30,165 - INFO - EXPIRED
安徽长丰县城管与摊贩起冲突：因摆摊搬离超时引发，警方已介入调查
https://new.qq.com/rain/a/20240813V07XOK00

2024-08-14 02:33:30,165 - INFO - EXPIRED
公摊为零、得房率超100%！楼市新物种“第四代住宅”越来越火
https://new.qq.com/rain/a/20240813A064HD00

2024-08-14 02:33:30,165 - INFO - EXPIRED
数亿元的村集体土地疑似流失，上海700余名原村民苦求“知情权”未果
https://new.qq.com/rain/a/20240813A072EP00

2024-08-14 02:33:30,165 - INFO - EXPIRED
董宇辉“仍欠”东方小孙1500万元
https://new.qq.com/rain/a/20240813A07IV900

2024-08-14 02:33:30,165 - INFO - EXPIRED
腾讯音乐Q2持续高质量增长：总收入71.6亿元，付费用户数1.17亿
https://new.qq.com/rain/a/20240813A073G900

2024-08-14 02:33:30,165 - INFO - EXPIRED
中国大熊猫保护研究中心：大熊猫“彤彤”6月突发疾病死亡
https://new.qq.com/rain/a/20240813A07MY400

2024-08-14 02:33:30,165 - INFO - EXPIRED
央行：1-7月社会融资规模增量为18.87万亿元 比上年同期少3.22万亿元
https://new.qq.com/rain/a/20240813A074KU00

2024-08-14 02:33:30,165 - INFO - EXPIRED
交过社保也算“应届生”！多个省份调整政策，但仅限在当地
https://new.qq.com/rain/a/20240813A03X8J00

2024-08-14 02:33:30,165 - INFO - EXPIRED
客串彩蛋引发剧烈争吵，陈思诚回应：我早就不当演员也不想演戏了！
https://new.qq.com/rain/a/20240813V05L8500

2024-08-14 02:33:30,165 - INFO - EXPIRED
“杭州外卖员下跪”续：物业称小区配送正常，后续还将调查
https://new.qq.com/rain/a/20240813A0638E00

2024-08-14 02:33:30,165 - INFO - EXPIRED
父亲带娃骑行孩子摔倒遭碾压身亡，知情人：事发路段仍在修未通车
https://new.qq.com/rain/a/20240813A05JOM00

2024-08-14 02:33:30,165 - INFO - EXPIRED
俄乌局势突变，战场突然步入俄、白境内，俄白防长紧急会面
https://new.qq.com/rain/a/20240813A053YM00

2024-08-14 02:33:30,165 - INFO - EXPIRED
澳大利亚悉尼一公寓楼发生命案，有消息称两死者均来自中国，警方回应
https://new.qq.com/rain/a/20240813A0416900

2024-08-14 02:33:30,165 - INFO - EXPIRED
王毅将访缅甸并赴泰国主持澜湄第九次外长会、出席四国外长非正式会晤
https://new.qq.com/rain/a/20240813A05K9N00

2024-08-14 02:33:30,165 - INFO - EXPIRED
央行新增支农支小再贷款额度1000亿，支持12省区市防汛抗洪救灾及重建
https://new.qq.com/rain/a/20240813A05II100

2024-08-14 02:33:30,165 - INFO - EXPIRED
涉案6千多万！中石化天然气分公司原党委书记段彦修受审
https://new.qq.com/rain/a/20240813A06INI00

2024-08-14 02:33:30,165 - INFO - EXPIRED
“16次高考”唐尚珺决定读大学，此前被华南师大录取：大学再弥补遗憾
https://new.qq.com/rain/a/20240813A04CNK00

2024-08-14 02:33:30,165 - INFO - EXPIRED
监控曝光！浙江一辆保时捷撞电动车后撞树起火，警方：驾驶人死亡
https://new.qq.com/rain/a/20240813A053TO00

2024-08-14 02:33:30,165 - INFO - EXPIRED
孟加拉国前总理指控美国参与其国内政权更迭，白宫：纯属无稽之谈
https://new.qq.com/rain/a/20240813A04OEA00

2024-08-14 02:33:30,165 - INFO - EXPIRED
上海浦东机场一男子大闹值机柜台？警方：起因系未赶上航班 已被行拘
https://new.qq.com/rain/a/20240813V04HO800

2024-08-14 02:33:30,166 - INFO - EXPIRED
山西两岁女童家门口失踪一天一夜 官方回应：多部门介入寻找
https://new.qq.com/rain/a/20240813A03ZB500

2024-08-14 02:33:30,166 - INFO - EXPIRED
自动驾驶汽车什么时候才能卖给消费者？正式上路前需解决两大核心问题
https://new.qq.com/rain/a/20240813A02M7100

2024-08-14 02:33:30,166 - INFO - EXPIRED
女乘客高速下车后溺亡案一审宣判：的哥无违约行为，家属索赔诉求被驳回
https://new.qq.com/rain/a/20240812A07TXQ00

2024-08-14 02:33:30,166 - INFO - EXPIRED
特朗普将起诉美国司法部，要求其为“搜查海湖庄园行动”赔偿1亿美元
https://new.qq.com/rain/a/20240813A00FO700

2024-08-14 02:33:30,166 - INFO - EXPIRED
成都公积金贷款住房套数认定范围调整为拟购住房所在区（市）县
https://new.qq.com/rain/a/20240813A051JF00

2024-08-14 02:33:30,166 - INFO - EXPIRED
洛杉矶奥运会拟加入棒球、50米蝶、仰和蛙泳，奥运会项目的设立是怎么规定的？
https://view.inews.qq.com/a/20240812Q05WK800

2024-08-14 02:33:30,166 - INFO - EXPIRED
园艺本科生保研川大华西临床医学院外科学，回应：程序合规，不能从医
https://new.qq.com/rain/a/20240812A08GFV00

2024-08-14 02:33:30,166 - INFO - EXPIRED
父亲带娃骑行，孩子摔倒被对向汽车碾压，警方已介入
https://new.qq.com/rain/a/20240813A04TDJ00

2024-08-14 02:33:30,166 - INFO - EXPIRED
周大福卖不动了，“贵妇们”却在排队抢黄金，“有钱人的世界我不懂”
https://new.qq.com/rain/a/20240813A01Z5U00

2024-08-14 02:33:30,166 - INFO - EXPIRED
乌方称已控制俄罗斯边境1000平方公里土地，“1000平方公里”是什么概念？
https://view.inews.qq.com/a/20240813Q02U7F00

2024-08-14 02:33:30,166 - INFO - EXPIRED
河南女法官遇害案调查：法院称将举行追悼会，律师评价其为人正直
https://new.qq.com/rain/a/20240813A05AD600

2024-08-14 02:33:30,166 - INFO - EXPIRED
虎头蛇尾的价格战后：阿里暂退 京东坚守 抖音摇摆不定
https://new.qq.com/rain/a/20240813A01MC700

2024-08-14 02:33:30,166 - INFO - EXPIRED
特朗普称美国没高速列车不合理，高速隧道方案靠谱吗？美国会大建高铁吗？
https://view.inews.qq.com/a/20240813Q046CV00

2024-08-14 02:33:30,166 - INFO - EXPIRED
外媒称美决定将一中国激光雷达制造企业移出“黑名单”，中使馆回应
https://new.qq.com/rain/a/20240813A02OLV00

2024-08-14 02:33:30,166 - INFO - EXPIRED
杭州保安逼迫女大学生外卖员下跪？现场骑手集体被封号？官方：假的
https://new.qq.com/rain/a/20240813A02SBP00

2024-08-14 02:33:30,166 - INFO - EXPIRED
员工骤减至40余人，恒大汽车天津工厂：年初停产至今，工资发放80%
https://new.qq.com/rain/a/20240812A04XU300

2024-08-14 02:33:30,166 - INFO - EXPIRED
还吃瓜吗？全国西瓜批发均价同比涨13%，重庆北碚永辉超市：每斤已涨1块
https://new.qq.com/rain/a/20240813A03JI200

2024-08-14 02:33:30,166 - INFO - EXPIRED
深圳或进一步优化楼市限购政策？深圳市住建局：政策并未调整
https://new.qq.com/rain/a/20240813A03IHP00

2024-08-14 02:33:30,166 - INFO - EXPIRED
女子网上多次辱骂诋毁国家队运动员教练员，已被广州警方刑拘
https://new.qq.com/rain/a/20240813A02B0800

2024-08-14 02:33:30,166 - INFO - EXPIRED
福建海警依法送返4名台湾省籍渔船船员
https://new.qq.com/rain/a/20240813A02RIA00

2024-08-14 02:33:30,166 - INFO - EXPIRED
原731部队成员清水英男在侵华日军第731部队罪证陈列馆指认谢罪
https://new.qq.com/rain/a/20240813A01A3N00

2024-08-14 02:33:30,166 - INFO - EXPIRED
高中生被坠落树根砸中身亡 一审判被告过失致人死亡罪 被害人家属不服
https://new.qq.com/rain/a/20240812A08CS500

2024-08-14 02:33:30,818 - INFO - INVALID
A股三大指数集体低开，医药、油气等板块指数跌幅居前
https://new.qq.com/rain/a/20240814A01HZ700

2024-08-14 02:33:30,827 - INFO - INVALID
日媒：岸田文雄向党内人士表示计划弃选自民党总裁，新总裁选出后他将辞任首相
https://new.qq.com/rain/a/20240814A01K4D00

2024-08-14 02:33:30,832 - INFO - INVALID
星巴克把命运交给了一个卖卷饼的
https://new.qq.com/rain/a/20240814A011D100

2024-08-14 02:33:30,836 - INFO - INVALID
男孩闹脾气横躺马路中间被轿车碾压，网友：撒手离开的家长要追责
https://new.qq.com/rain/a/20240814A00QED00

2024-08-14 02:33:30,935 - INFO - INVALID
14岁少女参加训练营期间疑遭教官3次侵犯，警方立案后第二天选择轻生
https://new.qq.com/rain/a/20240814A00RPS00

2024-08-14 02:33:31,179 - INFO - INVALID
中纪委：油水越多地方越易滑倒，深化整治资金密集、资源富集领域腐败
https://new.qq.com/rain/a/20240814A00UXV00

2024-08-14 02:33:31,242 - INFO - INVALID
华为手机产能迷局 重回国内第一还差关键一步
https://new.qq.com/rain/a/20240814A01DPQ00

2024-08-14 02:33:31,252 - INFO - INVALID
港股开盘：恒生指数涨0.35%，恒生科技指数涨0.52%，小鹏汽车涨超3%
https://new.qq.com/rain/a/20240814A01GK200

2024-08-14 02:33:31,255 - INFO - INVALID
安全气囊致死风波犹存，福特、马自达向45万辆车发布“禁止驾驶警告”
https://new.qq.com/rain/a/20240814A00LUS00

2024-08-14 02:33:31,348 - INFO - INVALID
面临贸易紧张局势，中美官员将碰头讨论金融议题
https://new.qq.com/rain/a/20240814A00PH800

2024-08-14 02:33:31,549 - ERROR - ERROR
陈思诚独家拉片《解密》十大暗喻！中国电影工业水准不输好莱坞
https://new.qq.com/rain/a/20240814V00UJP00
('list index out of range',)
======
Traceback (most recent call last):
  File "/home/runner/work/qqnews/qqnews/qq.py", line 81, in process_article
    ss = str(tmpbs.select("div.LEFT div.content.clearfix")[0])
             ~~~~~~~~~~~~~~~~~~~~~~~~~~~~~~~~~~~~~~~~~~~~~^^^
IndexError: list index out of range


2024-08-14 02:33:31,594 - INFO - INVALID
美媒炒作山东舰编队仅隔25天再次远海训练，军事专家解读
https://new.qq.com/rain/a/20240814A00QJC00

2024-08-14 02:33:31,610 - INFO - INVALID
内蒙古赤峰老哈河堤防出现10余米溃口，国家防总办公室派出专家组
https://new.qq.com/rain/a/20240814A00TK100

2024-08-14 02:33:31,675 - INFO - EXIST
谷歌新品发布会：重磅发布Pixel 9系列手机，Android 15跳票
https://new.qq.com/rain/a/20240814A00U9100

2024-08-14 02:33:31,686 - INFO - INVALID
小马智行创始人谈萝卜快跑火爆：99%因无人化，但大规模铺开还需3-5年
https://new.qq.com/rain/a/20240814A00SIJ00

