2025-10-28 00:38:46,193 - INFO - Total time taken: {'ret': 0, 'msg': 'success', 'data': None}
2025-10-28 00:38:46,193 - INFO - 'NoneType' object is not subscriptable
2025-10-28 00:38:46,193 - INFO - Traceback (most recent call last):
  File "/home/runner/work/qqnews/qqnews/qq.py", line 128, in main
    for i in qq1["data"]["list"]:
             ~~~~~~~~~~~^^^^^^^^
TypeError: 'NoneType' object is not subscriptable

2025-10-28 02:20:40,255 - INFO - Total time taken: {'ret': 0, 'msg': 'success', 'data': None}
2025-10-28 02:20:40,256 - INFO - 'NoneType' object is not subscriptable
2025-10-28 02:20:40,256 - INFO - Traceback (most recent call last):
  File "/home/runner/work/qqnews/qqnews/qq.py", line 128, in main
    for i in qq1["data"]["list"]:
             ~~~~~~~~~~~^^^^^^^^
TypeError: 'NoneType' object is not subscriptable

2025-10-28 03:34:30,174 - INFO - Total time taken: {'ret': 0, 'msg': 'success', 'data': None}
2025-10-28 03:34:30,174 - INFO - 'NoneType' object is not subscriptable
2025-10-28 03:34:30,174 - INFO - Traceback (most recent call last):
  File "/home/runner/work/qqnews/qqnews/qq.py", line 128, in main
    for i in qq1["data"]["list"]:
             ~~~~~~~~~~~^^^^^^^^
TypeError: 'NoneType' object is not subscriptable

