2026-03-12 00:50:33,533 - INFO - Total time taken: {'ret': 0, 'msg': 'success', 'data': None}
2026-03-12 00:50:33,533 - INFO - 'NoneType' object is not subscriptable
2026-03-12 00:50:33,533 - INFO - Traceback (most recent call last):
  File "/home/runner/work/qqnews/qqnews/qq.py", line 128, in main
    for i in qq1["data"]["list"]:
             ~~~~~~~~~~~^^^^^^^^
TypeError: 'NoneType' object is not subscriptable

2026-03-12 03:25:53,685 - INFO - Total time taken: {'ret': 0, 'msg': 'success', 'data': None}
2026-03-12 03:25:53,686 - INFO - 'NoneType' object is not subscriptable
2026-03-12 03:25:53,686 - INFO - Traceback (most recent call last):
  File "/home/runner/work/qqnews/qqnews/qq.py", line 128, in main
    for i in qq1["data"]["list"]:
             ~~~~~~~~~~~^^^^^^^^
TypeError: 'NoneType' object is not subscriptable

2026-03-12 06:37:16,010 - INFO - Total time taken: {'ret': 0, 'msg': 'success', 'data': None}
2026-03-12 06:37:16,010 - INFO - 'NoneType' object is not subscriptable
2026-03-12 06:37:16,010 - INFO - Traceback (most recent call last):
  File "/home/runner/work/qqnews/qqnews/qq.py", line 128, in main
    for i in qq1["data"]["list"]:
             ~~~~~~~~~~~^^^^^^^^
TypeError: 'NoneType' object is not subscriptable

2026-03-12 07:37:26,621 - INFO - Total time taken: {'ret': 0, 'msg': 'success', 'data': None}
2026-03-12 07:37:26,621 - INFO - 'NoneType' object is not subscriptable
2026-03-12 07:37:26,621 - INFO - Traceback (most recent call last):
  File "/home/runner/work/qqnews/qqnews/qq.py", line 128, in main
    for i in qq1["data"]["list"]:
             ~~~~~~~~~~~^^^^^^^^
TypeError: 'NoneType' object is not subscriptable

2026-03-12 08:27:11,644 - INFO - Total time taken: {'ret': 0, 'msg': 'success', 'data': None}
2026-03-12 08:27:11,644 - INFO - 'NoneType' object is not subscriptable
2026-03-12 08:27:11,645 - INFO - Traceback (most recent call last):
  File "/home/runner/work/qqnews/qqnews/qq.py", line 128, in main
    for i in qq1["data"]["list"]:
             ~~~~~~~~~~~^^^^^^^^
TypeError: 'NoneType' object is not subscriptable

