2025-09-18 00:37:12,481 - INFO - Total time taken: {'ret': 0, 'msg': 'success', 'data': None}
2025-09-18 00:37:12,482 - INFO - 'NoneType' object is not subscriptable
2025-09-18 00:37:12,482 - INFO - Traceback (most recent call last):
  File "/home/runner/work/qqnews/qqnews/qq.py", line 128, in main
    for i in qq1["data"]["list"]:
             ~~~~~~~~~~~^^^^^^^^
TypeError: 'NoneType' object is not subscriptable

2025-09-18 02:13:29,771 - INFO - Total time taken: {'ret': 0, 'msg': 'success', 'data': None}
2025-09-18 02:13:29,771 - INFO - 'NoneType' object is not subscriptable
2025-09-18 02:13:29,772 - INFO - Traceback (most recent call last):
  File "/home/runner/work/qqnews/qqnews/qq.py", line 128, in main
    for i in qq1["data"]["list"]:
             ~~~~~~~~~~~^^^^^^^^
TypeError: 'NoneType' object is not subscriptable

2025-09-18 03:22:33,317 - INFO - Total time taken: {'ret': 0, 'msg': 'success', 'data': None}
2025-09-18 03:22:33,317 - INFO - 'NoneType' object is not subscriptable
2025-09-18 03:22:33,318 - INFO - Traceback (most recent call last):
  File "/home/runner/work/qqnews/qqnews/qq.py", line 128, in main
    for i in qq1["data"]["list"]:
             ~~~~~~~~~~~^^^^^^^^
TypeError: 'NoneType' object is not subscriptable

2025-09-18 04:01:26,055 - INFO - Total time taken: {'ret': 0, 'msg': 'success', 'data': None}
2025-09-18 04:01:26,055 - INFO - 'NoneType' object is not subscriptable
2025-09-18 04:01:26,055 - INFO - Traceback (most recent call last):
  File "/home/runner/work/qqnews/qqnews/qq.py", line 128, in main
    for i in qq1["data"]["list"]:
             ~~~~~~~~~~~^^^^^^^^
TypeError: 'NoneType' object is not subscriptable

2025-09-18 05:01:27,009 - INFO - Total time taken: {'ret': 0, 'msg': 'success', 'data': None}
2025-09-18 05:01:27,009 - INFO - 'NoneType' object is not subscriptable
2025-09-18 05:01:27,010 - INFO - Traceback (most recent call last):
  File "/home/runner/work/qqnews/qqnews/qq.py", line 128, in main
    for i in qq1["data"]["list"]:
             ~~~~~~~~~~~^^^^^^^^
TypeError: 'NoneType' object is not subscriptable

2025-09-18 06:12:40,561 - INFO - Total time taken: {'ret': 0, 'msg': 'success', 'data': None}
2025-09-18 06:12:40,562 - INFO - 'NoneType' object is not subscriptable
2025-09-18 06:12:40,562 - INFO - Traceback (most recent call last):
  File "/home/runner/work/qqnews/qqnews/qq.py", line 128, in main
    for i in qq1["data"]["list"]:
             ~~~~~~~~~~~^^^^^^^^
TypeError: 'NoneType' object is not subscriptable

2025-09-18 07:01:35,647 - INFO - Total time taken: {'ret': 0, 'msg': 'success', 'data': None}
2025-09-18 07:01:35,647 - INFO - 'NoneType' object is not subscriptable
2025-09-18 07:01:35,647 - INFO - Traceback (most recent call last):
  File "/home/runner/work/qqnews/qqnews/qq.py", line 128, in main
    for i in qq1["data"]["list"]:
             ~~~~~~~~~~~^^^^^^^^
TypeError: 'NoneType' object is not subscriptable

2025-09-18 08:11:28,159 - INFO - Total time taken: {'ret': 0, 'msg': 'success', 'data': None}
2025-09-18 08:11:28,159 - INFO - 'NoneType' object is not subscriptable
2025-09-18 08:11:28,160 - INFO - Traceback (most recent call last):
  File "/home/runner/work/qqnews/qqnews/qq.py", line 128, in main
    for i in qq1["data"]["list"]:
             ~~~~~~~~~~~^^^^^^^^
TypeError: 'NoneType' object is not subscriptable

2025-09-18 09:01:25,761 - INFO - Total time taken: {'ret': 0, 'msg': 'success', 'data': None}
2025-09-18 09:01:25,761 - INFO - 'NoneType' object is not subscriptable
2025-09-18 09:01:25,761 - INFO - Traceback (most recent call last):
  File "/home/runner/work/qqnews/qqnews/qq.py", line 128, in main
    for i in qq1["data"]["list"]:
             ~~~~~~~~~~~^^^^^^^^
TypeError: 'NoneType' object is not subscriptable

2025-09-18 10:01:29,785 - INFO - Total time taken: {'ret': 0, 'msg': 'success', 'data': None}
2025-09-18 10:01:29,786 - INFO - 'NoneType' object is not subscriptable
2025-09-18 10:01:29,786 - INFO - Traceback (most recent call last):
  File "/home/runner/work/qqnews/qqnews/qq.py", line 128, in main
    for i in qq1["data"]["list"]:
             ~~~~~~~~~~~^^^^^^^^
TypeError: 'NoneType' object is not subscriptable

2025-09-18 13:19:20,045 - INFO - Total time taken: {'ret': 0, 'msg': 'success', 'data': None}
2025-09-18 13:19:20,046 - INFO - 'NoneType' object is not subscriptable
2025-09-18 13:19:20,046 - INFO - Traceback (most recent call last):
  File "/home/runner/work/qqnews/qqnews/qq.py", line 128, in main
    for i in qq1["data"]["list"]:
             ~~~~~~~~~~~^^^^^^^^
TypeError: 'NoneType' object is not subscriptable

2025-09-18 14:01:17,876 - INFO - Total time taken: {'ret': 0, 'msg': 'success', 'data': None}
2025-09-18 14:01:17,876 - INFO - 'NoneType' object is not subscriptable
2025-09-18 14:01:17,877 - INFO - Traceback (most recent call last):
  File "/home/runner/work/qqnews/qqnews/qq.py", line 128, in main
    for i in qq1["data"]["list"]:
             ~~~~~~~~~~~^^^^^^^^
TypeError: 'NoneType' object is not subscriptable

2025-09-18 15:01:36,341 - INFO - Total time taken: {'ret': 0, 'msg': 'success', 'data': None}
2025-09-18 15:01:36,341 - INFO - 'NoneType' object is not subscriptable
2025-09-18 15:01:36,342 - INFO - Traceback (most recent call last):
  File "/home/runner/work/qqnews/qqnews/qq.py", line 128, in main
    for i in qq1["data"]["list"]:
             ~~~~~~~~~~~^^^^^^^^
TypeError: 'NoneType' object is not subscriptable

2025-09-18 16:01:28,745 - INFO - Total time taken: {'ret': 0, 'msg': 'success', 'data': None}
2025-09-18 16:01:28,745 - INFO - 'NoneType' object is not subscriptable
2025-09-18 16:01:28,745 - INFO - Traceback (most recent call last):
  File "/home/runner/work/qqnews/qqnews/qq.py", line 128, in main
    for i in qq1["data"]["list"]:
             ~~~~~~~~~~~^^^^^^^^
TypeError: 'NoneType' object is not subscriptable

2025-09-18 17:01:24,161 - INFO - Total time taken: {'ret': 0, 'msg': 'success', 'data': None}
2025-09-18 17:01:24,161 - INFO - 'NoneType' object is not subscriptable
2025-09-18 17:01:24,161 - INFO - Traceback (most recent call last):
  File "/home/runner/work/qqnews/qqnews/qq.py", line 128, in main
    for i in qq1["data"]["list"]:
             ~~~~~~~~~~~^^^^^^^^
TypeError: 'NoneType' object is not subscriptable

2025-09-18 18:01:19,322 - INFO - Total time taken: {'ret': 0, 'msg': 'success', 'data': None}
2025-09-18 18:01:19,322 - INFO - 'NoneType' object is not subscriptable
2025-09-18 18:01:19,322 - INFO - Traceback (most recent call last):
  File "/home/runner/work/qqnews/qqnews/qq.py", line 128, in main
    for i in qq1["data"]["list"]:
             ~~~~~~~~~~~^^^^^^^^
TypeError: 'NoneType' object is not subscriptable

2025-09-18 19:01:15,888 - INFO - Total time taken: {'ret': 0, 'msg': 'success', 'data': None}
2025-09-18 19:01:15,888 - INFO - 'NoneType' object is not subscriptable
2025-09-18 19:01:15,888 - INFO - Traceback (most recent call last):
  File "/home/runner/work/qqnews/qqnews/qq.py", line 128, in main
    for i in qq1["data"]["list"]:
             ~~~~~~~~~~~^^^^^^^^
TypeError: 'NoneType' object is not subscriptable

2025-09-18 20:01:26,784 - INFO - Total time taken: {'ret': 0, 'msg': 'success', 'data': None}
2025-09-18 20:01:26,785 - INFO - 'NoneType' object is not subscriptable
2025-09-18 20:01:26,785 - INFO - Traceback (most recent call last):
  File "/home/runner/work/qqnews/qqnews/qq.py", line 128, in main
    for i in qq1["data"]["list"]:
             ~~~~~~~~~~~^^^^^^^^
TypeError: 'NoneType' object is not subscriptable

2025-09-18 21:01:27,881 - INFO - Total time taken: {'ret': 0, 'msg': 'success', 'data': None}
2025-09-18 21:01:27,881 - INFO - 'NoneType' object is not subscriptable
2025-09-18 21:01:27,882 - INFO - Traceback (most recent call last):
  File "/home/runner/work/qqnews/qqnews/qq.py", line 128, in main
    for i in qq1["data"]["list"]:
             ~~~~~~~~~~~^^^^^^^^
TypeError: 'NoneType' object is not subscriptable

2025-09-18 22:01:27,949 - INFO - Total time taken: {'ret': 0, 'msg': 'success', 'data': None}
2025-09-18 22:01:27,950 - INFO - 'NoneType' object is not subscriptable
2025-09-18 22:01:27,950 - INFO - Traceback (most recent call last):
  File "/home/runner/work/qqnews/qqnews/qq.py", line 128, in main
    for i in qq1["data"]["list"]:
             ~~~~~~~~~~~^^^^^^^^
TypeError: 'NoneType' object is not subscriptable

