2024-07-19 08:08:30,803 - INFO - EXPIRED
狗未栓绳被车轧伤，狗主人砸车“泄愤”，立案1个多月尚未被处罚
https://new.qq.com/rain/a/20240718A09Q8V00

2024-07-19 08:08:30,803 - INFO - EXPIRED
一揽子化债方案后，广西首现城投非标债务打折兑付
https://new.qq.com/rain/a/20240718A064WH00

2024-07-19 08:08:30,803 - INFO - EXPIRED
“少有国企愿意收购”，多地收储存量房面临挑战
https://new.qq.com/rain/a/20240718A07QHQ00

2024-07-19 08:08:30,803 - INFO - EXPIRED
6岁男童从28层楼顶通风管道坠亡，家长质疑管道口和楼顶门缺损存隐患
https://new.qq.com/rain/a/20240718A09OW300

2024-07-19 08:08:30,803 - INFO - EXPIRED
官方通报网传“一医院院长与女子不正当关系”：已成立调查组核查
https://new.qq.com/rain/a/20240718A0A38H00

2024-07-19 08:08:30,803 - INFO - EXPIRED
小饭馆因让司机拉客收到百万罚单，当地市监局：下达阶段，不是决定书
https://new.qq.com/rain/a/20240718A092S900

2024-07-19 08:08:30,803 - INFO - EXPIRED
12家央企领导人员调整
https://new.qq.com/rain/a/20240718A09RG400

2024-07-19 08:08:30,803 - INFO - EXPIRED
法国新一届国民议会首次会议未选出议长 将进行第二轮投票
https://new.qq.com/rain/a/20240718A0AEYJ00

2024-07-19 08:08:30,803 - INFO - EXPIRED
中国男子称在泰国遭同胞入室抢劫：被按在床上威胁转账1000万泰铢
https://new.qq.com/rain/a/20240718A09PJM00

2024-07-19 08:08:30,803 - INFO - EXPIRED
日本《防卫白皮书》称中国为“前所未有的最大战略挑战”，国防部回应
https://new.qq.com/rain/a/20240718A09NHW00

2024-07-19 08:08:30,803 - INFO - EXPIRED
以色列总理：不会批准在以境内建立野战医院治疗加沙儿童
https://new.qq.com/rain/a/20240718A0A1S000

2024-07-19 08:08:30,803 - INFO - EXPIRED
冯德莱恩连任欧盟委员会主席
https://new.qq.com/rain/a/20240718A09D7Z00

2024-07-19 08:08:30,803 - INFO - EXPIRED
宗庆后去世4个月后，网传宗馥莉辞任娃哈哈总经理，企二代们如何顺利接班？
https://view.inews.qq.com/a/20240718Q063RB00

2024-07-19 08:08:30,803 - INFO - EXPIRED
中共中央将于19日上午举行新闻发布会 介绍和解读党的二十届三中全会精神
https://new.qq.com/rain/a/20240718A096NB00

2024-07-19 08:08:30,803 - INFO - EXPIRED
中国共产党第二十届中央委员会按照党章规定，决定递补中央委员会候补委员丁向群、于立军、于吉红为中央委员会委员
https://new.qq.com/rain/a/20240718V08Z7K00

2024-07-19 08:08:30,803 - INFO - EXPIRED
中国共产党第二十届中央委员会决定，接受秦刚同志辞职申请，免去秦刚同志中央委员会委员职务
https://new.qq.com/rain/a/20240718V08Z7R00

2024-07-19 08:08:30,803 - INFO - EXPIRED
二十届三中全会确认，李尚福等3名军队“蛀虫”被开除党籍
https://new.qq.com/rain/a/20240718A08MB700

2024-07-19 08:08:30,803 - INFO - EXPIRED
中国队自带300多台空调进巴黎奥运村，法国装空调要多少钱？能自带工人吗？
https://view.inews.qq.com/a/20240718Q08OIG00

2024-07-19 08:08:30,803 - INFO - EXPIRED
越共总书记阮富仲接受治疗，国家主席苏林负责指导越共中央政治局工作
https://new.qq.com/rain/a/20240718A0654J00

2024-07-19 08:08:30,803 - INFO - EXPIRED
美菲将建立情报共享机制，菲律宾学者担忧：中方将反制
https://new.qq.com/rain/a/20240718A094F900

2024-07-19 08:08:30,803 - INFO - EXPIRED
拜登新冠检测呈阳性，对选情会有影响吗？这时生病他能“以柔克刚”吗？
https://view.inews.qq.com/a/20240718Q0A2EX00

2024-07-19 08:08:30,803 - INFO - EXPIRED
凤凰记者深入战壕，专访俄军首支乌克兰战俘编队：他们很幽默丨独家
https://new.qq.com/rain/a/20240718A06VXT00

2024-07-19 08:08:30,803 - INFO - EXPIRED
清华北大开放暑期校园参观后：预约名额1分钟被抢光，收费8000元的研学团只能在门口拍照
https://new.qq.com/rain/a/20240718A093HK00

2024-07-19 08:08:30,803 - INFO - EXPIRED
巴黎奥运村就餐区一半是素食，村长：“希望中国运动员探索世界美食”
https://new.qq.com/rain/a/20240718A06VXX00

2024-07-19 08:08:30,803 - INFO - EXPIRED
若台海冲突升级，中方期待获俄方何种支持？我大使回应
https://new.qq.com/rain/a/20240718A01ZMR00

2024-07-19 08:08:30,803 - INFO - EXPIRED
越南向联合国大陆架界限委员会提交南海外大陆架划界案，外交部：中方坚决反对
https://new.qq.com/rain/a/20240718A05V8000

2024-07-19 08:08:30,803 - INFO - EXPIRED
外媒：以色列国家安全部长再次进入耶路撒冷圣殿山，威胁破坏加沙停火谈判
https://new.qq.com/rain/a/20240718A08D4900

2024-07-19 08:08:30,803 - INFO - EXPIRED
中国公民在菲律宾被绑架杀害 公安机关：坚决将犯罪分子绳之以法
https://new.qq.com/rain/a/20240718A078YG00

2024-07-19 08:08:30,803 - INFO - EXPIRED
重庆一商场内店铺吊顶坍塌多人受伤送医：有儿童受伤，警方已介入
https://new.qq.com/rain/a/20240718V08T1K00

2024-07-19 08:08:30,803 - INFO - EXPIRED
欧盟委员会主席冯德莱恩下令抵制匈牙利，她说话管用吗？欧尔班能不理她吗？
https://view.inews.qq.com/a/20240718Q057UV00

2024-07-19 08:08:30,804 - INFO - EXPIRED
全国医疗保障标准化工作组成立 将加快推进医疗保障标准化建设
https://new.qq.com/rain/a/20240718A05U1700

2024-07-19 08:08:30,804 - INFO - EXPIRED
中日韩三国领导人会议后，日本派出知华政治家访问中国
https://new.qq.com/rain/a/20240718A06QP200

2024-07-19 08:08:30,804 - INFO - EXPIRED
非法收受财物2351万余元 国开行原副行长王用生受贿案一审开庭
https://new.qq.com/rain/a/20240718A06XMX00

2024-07-19 08:08:30,804 - INFO - EXPIRED
加拿大外长乔利将于7月18日至20日来华访问
https://new.qq.com/rain/a/20240718A05P2C00

2024-07-19 08:08:30,804 - INFO - EXPIRED
20多座高铁站“闲置”，还有救吗
https://new.qq.com/rain/a/20240718A046PD00

2024-07-19 08:08:30,804 - INFO - EXPIRED
富豪父母骗孩子说家里很穷，想磨练孩子心性，你觉得这样教育孩子有效吗？
https://view.inews.qq.com/a/20240717Q06NOE00

2024-07-19 08:08:30,804 - INFO - EXPIRED
男子称打车7公里收237元还要100元返程费？郑州：涉事司机罚款3200元
https://new.qq.com/rain/a/20240718A05H2100

2024-07-19 08:08:30,804 - INFO - EXPIRED
主持人朱丹自曝被好友骗光所有积蓄，最新进展：对方被恢复执行1611万
https://new.qq.com/rain/a/20240718A01TRC00

2024-07-19 08:08:30,804 - INFO - EXPIRED
山东东阿一企业投资15亿元建算力中心 回应：已备案 项目不属财政投资
https://new.qq.com/rain/a/20240718A04U8A00

2024-07-19 08:08:30,804 - INFO - EXPIRED
港媒：美重量级企业高管团下周将访华
https://new.qq.com/rain/a/20240718A04M6900

2024-07-19 08:08:30,804 - INFO - EXPIRED
A股收评：创业板指低开高走涨1.25% 上证50、沪深300双双录得8连阳
https://new.qq.com/rain/a/20240718A05IUH00

2024-07-19 08:08:30,804 - INFO - EXPIRED
中俄“海上联合-2024”演习圆满结束，分航现场双方隔海挥手告别
https://new.qq.com/rain/a/20240718V05BVF00

2024-07-19 08:08:30,804 - INFO - EXPIRED
连续四个月未动，7月LPR会迎来不一样的降息吗？多家券商：20基点可期
https://new.qq.com/rain/a/20240718A03W1R00

2024-07-19 08:08:30,804 - INFO - EXPIRED
大连海事局：7月19日至21日黄海北部某海域执行实弹射击 船只禁止驶入
https://new.qq.com/rain/a/20240718A04Y7V00

2024-07-19 08:08:30,804 - INFO - EXPIRED
光刻机巨头阿斯麦股价狂跌12.74%，发生了何事？美国要对它下手了？
https://view.inews.qq.com/a/20240718Q01F3V00

2024-07-19 08:08:30,804 - INFO - EXPIRED
台积电 2024年第二季度净利润2478.5亿新台币，同比增长36.3%
https://new.qq.com/rain/a/20240718A04Q3Q00

2024-07-19 08:08:30,804 - INFO - EXPIRED
中央纪委国家监委：推动加大对资本市场行贿行为的综合惩戒力度
https://new.qq.com/rain/a/20240718A02UKM00

2024-07-19 08:08:30,804 - INFO - EXPIRED
支行行长也想转岗，农村中小金融机构兼并重组“快进”：考核周周评比
https://new.qq.com/rain/a/20240717A0A2SO00

2024-07-19 08:08:30,804 - INFO - EXPIRED
一公司HR称为解压随机抽求职者辱骂，公司：伏天压力大，原谅一下
https://new.qq.com/rain/a/20240718V04LZB00

2024-07-19 08:08:30,804 - INFO - EXPIRED
航拍：巴西一河流遭工业废水污染 超10吨鱼尸层层叠叠漂浮水面
https://new.qq.com/rain/a/20240718V043PC00

2024-07-19 08:08:30,804 - INFO - EXPIRED
夫妇驾房车出隧道失控侧翻 两名十多岁孩子坠桥受伤 路过司机及时施救
https://new.qq.com/rain/a/20240717A09RVU00

2024-07-19 08:08:30,804 - INFO - EXPIRED
地勤人员将旅客行李箱从楼梯上扔下，香港国泰航空道歉：员工已被开除
https://new.qq.com/rain/a/20240717V099U600

2024-07-19 08:08:30,804 - INFO - EXPIRED
十年换了7任行长，光大银行能否成为金融“黄埔军校”
https://new.qq.com/rain/a/20240718A03H3D00

2024-07-19 08:08:30,804 - INFO - EXPIRED
复旦大学物理学系团队发现新型高温超导体，成果发表于《自然》
https://new.qq.com/rain/a/20240718A018YF00

2024-07-19 08:08:30,804 - INFO - EXPIRED
新西兰两辆载中国游客大巴侧翻致4伤，车窗破碎乘客逃出车外
https://new.qq.com/rain/a/20240718V035SL00

2024-07-19 08:08:30,804 - INFO - EXPIRED
网传宗馥莉提出离职，宗庆后去世之后娃哈哈目前的权力格局是怎样的？
https://view.inews.qq.com/a/20240718Q03J7W00

2024-07-19 08:08:30,804 - INFO - EXPIRED
广西崇左一加工车间发生闪爆 致1人死亡2人受伤
https://new.qq.com/rain/a/20240718A03TGV00

2024-07-19 08:08:30,804 - INFO - EXPIRED
想用AI机器人颠覆传统媒体？ 马斯克的Grok在特朗普遇刺中表现一团糟
https://new.qq.com/rain/a/20240718A03SF700

2024-07-19 08:08:30,804 - INFO - EXPIRED
上海一轿车撞击3车后冲上绿化带，警方：司机操作不当，造成2人受伤
https://new.qq.com/rain/a/20240718A02B7500

2024-07-19 08:08:30,804 - INFO - EXPIRED
中国游泳队10天被查近200次兴奋剂检测 工作人员：换成美国队早投诉了
https://new.qq.com/rain/a/20240718A0116800

2024-07-19 08:08:30,804 - INFO - EXPIRED
在读研究生从机场打车10多公里被收337元 官方：具体处罚详情不便透露
https://new.qq.com/rain/a/20240717A09R9Q00

2024-07-19 08:08:30,804 - INFO - EXPIRED
一线｜宗馥莉辞任娃哈哈总经理？第一大股东：情况正在核实中
https://new.qq.com/rain/a/20240718A039NN00

2024-07-19 08:08:30,804 - INFO - EXPIRED
委内瑞拉击落一架进入领空的运毒飞机，这类飞机有武器吗？一般怎么拦截？
https://view.inews.qq.com/a/20240717Q0ARQ100

2024-07-19 08:08:30,804 - INFO - EXPIRED
万斯正式接受美国共和党副总统候选人提名
https://new.qq.com/rain/a/20240718A02RXP00

2024-07-19 08:08:30,804 - INFO - EXPIRED
中国公民在伊拉克埃尔比勒遇交通事故身亡！总领馆发安全提醒
https://new.qq.com/rain/a/20240718A01YXW00

2024-07-19 08:08:30,804 - INFO - EXPIRED
昔日国民服装品牌宣布：愿做大牌平替，创始人曾是浙江首富
https://new.qq.com/rain/a/20240717A04CEK00

2024-07-19 08:08:30,804 - INFO - EXPIRED
云南楚雄绕城高速施工高坠事故致1死，官方调查：死者不具备作业技能
https://new.qq.com/rain/a/20240718A02PVD00

2024-07-19 08:08:31,380 - INFO - INVALID
国家能源局：6月份全社会用电量8205亿千瓦时，同比增长5.8%
https://new.qq.com/rain/a/20240719A062SQ00

2024-07-19 08:08:31,392 - INFO - INVALID
19岁日本体操女队队长抽了根烟，或将因此被剥夺巴黎奥运会资格
https://new.qq.com/rain/a/20240719A02JYM00

2024-07-19 08:08:31,401 - INFO - INVALID
外交部：对日方同台湾地区实施海上联合训练强烈不满，已向日方提出严正交涉
https://new.qq.com/rain/a/20240719A05UAQ00

2024-07-19 08:08:31,464 - INFO - INVALID
局长公公和银行处长婆婆名下有近亿元资产？女子实名举报，官方回应
https://new.qq.com/rain/a/20240719A04P2B00

2024-07-19 08:08:31,983 - INFO - INVALID
专科入伍学生退役后可免试升本，专家：说不公平的人很狭隘
https://new.qq.com/rain/a/20240719A03IF700

2024-07-19 08:08:32,074 - INFO - INVALID
湖南省人大常委会原党组成员、副主任彭国甫被决定逮捕
https://new.qq.com/rain/a/20240719A05DJ300

2024-07-19 08:08:32,131 - ERROR - ERROR
奥巴马建议重新评估拜登候选人资格，能起什么作用？他为何不自己上？
https://view.inews.qq.com/a/20240719Q014KX00
('list index out of range',)
======
Traceback (most recent call last):
  File "/home/runner/work/qqnews/qqnews/qq.py", line 81, in process_article
    ss = str(tmpbs.select("div.LEFT div.content.clearfix")[0])
             ~~~~~~~~~~~~~~~~~~~~~~~~~~~~~~~~~~~~~~~~~~~~~^^^
IndexError: list index out of range


2024-07-19 08:08:32,150 - INFO - INVALID
“打车7公里5块、3公里2块”：无人驾驶网约车，把价格打下来了
https://new.qq.com/rain/a/20240719A03CR200

2024-07-19 08:08:32,179 - INFO - INVALID
华为起诉联发科，知情人士：两三年前已开始谈判，但价格谈崩了
https://new.qq.com/rain/a/20240719A04JP800

2024-07-19 08:08:32,627 - INFO - INVALID
武汉理工大学在校生被曝虐猫，学院通报：基本属实，将严肃处理
https://new.qq.com/rain/a/20240719A04RDO00

2024-07-19 08:08:32,722 - INFO - INVALID
美国驻特拉维夫办事处附近传出爆炸声：1死7伤，胡塞武装宣布负责
https://new.qq.com/rain/a/20240719A03CCJ00

2024-07-19 08:08:32,770 - INFO - INVALID
山西沁源发生一起粉尘燃烧事故，12人受伤
https://new.qq.com/rain/a/20240719A04FJB00

2024-07-19 08:08:33,005 - ERROR - ERROR
拜登竞选团队将讨论退选可能性，若他退了谁可能接棒？现在换人来得及吗？
https://view.inews.qq.com/a/20240719Q022JR00
('list index out of range',)
======
Traceback (most recent call last):
  File "/home/runner/work/qqnews/qqnews/qq.py", line 81, in process_article
    ss = str(tmpbs.select("div.LEFT div.content.clearfix")[0])
             ~~~~~~~~~~~~~~~~~~~~~~~~~~~~~~~~~~~~~~~~~~~~~^^^
IndexError: list index out of range


2024-07-19 08:08:33,158 - ERROR - ERROR
美国两大“债主”日本和中国年内首次一起抛售美债，是巧合还是另有深意？
https://view.inews.qq.com/a/20240719Q01TAC00
('list index out of range',)
======
Traceback (most recent call last):
  File "/home/runner/work/qqnews/qqnews/qq.py", line 81, in process_article
    ss = str(tmpbs.select("div.LEFT div.content.clearfix")[0])
             ~~~~~~~~~~~~~~~~~~~~~~~~~~~~~~~~~~~~~~~~~~~~~^^^
IndexError: list index out of range


2024-07-19 08:08:33,217 - ERROR - ERROR
特朗普在共和党大会演讲中深情告白妻子：感谢你一路陪伴
https://new.qq.com/rain/a/20240719V03HWV00
('list index out of range',)
======
Traceback (most recent call last):
  File "/home/runner/work/qqnews/qqnews/qq.py", line 81, in process_article
    ss = str(tmpbs.select("div.LEFT div.content.clearfix")[0])
             ~~~~~~~~~~~~~~~~~~~~~~~~~~~~~~~~~~~~~~~~~~~~~^^^
IndexError: list index out of range


2024-07-19 08:08:33,224 - INFO - INVALID
金正恩18日在平壤会见俄罗斯军事代表团
https://new.qq.com/rain/a/20240719A027C000

2024-07-19 08:08:33,419 - INFO - INVALID
阮富仲接受治疗，在医院获颁“最高荣誉”
https://new.qq.com/rain/a/20240719A04APN00

2024-07-19 08:08:33,708 - INFO - INVALID
智利北部发生7.3级地震，震源深度130公里
https://new.qq.com/rain/a/20240719A028EU00

2024-07-19 08:08:33,853 - INFO - INVALID
乌防长称约50万俄军正在“包围”乌克兰，俄媒：表明乌在持续作战方面内外压力剧增
https://new.qq.com/rain/a/20240719A00M9L00

2024-07-19 08:08:33,944 - INFO - INVALID
特朗普向“未遂刺杀”事件受害者致敬，声称为了所有美国人竞选总统
https://new.qq.com/rain/a/20240719A03KA300

2024-07-19 08:08:34,094 - INFO - INVALID
“招不来学生，专业就没了”：大学招生，不止名校在“卷”
https://new.qq.com/rain/a/20240719A0004G00

2024-07-19 08:08:34,193 - INFO - INVALID
重庆一商场吊顶坍塌，涉事公司：掉落面积约160平方米，造成6人受伤
https://new.qq.com/rain/a/20240719A03HQJ00

2024-07-19 08:08:34,475 - INFO - INVALID
黄河大学真要来了？河南、山东均有意，前者已抢先备案
https://new.qq.com/rain/a/20240719A018EZ00

2024-07-19 08:08:34,549 - INFO - INVALID
巴黎奥运村开村巧妙融入熊猫元素，村长喊话中国选手品尝法国美食
https://new.qq.com/rain/a/20240719A01DOC00

2024-07-19 08:08:34,611 - INFO - INVALID
中央批准：朱忠明任上海市委副书记
https://new.qq.com/rain/a/20240719A01GJR00

2024-07-19 08:08:34,617 - INFO - INVALID
日媒曝日本海上保安厅和台湾“海巡署”举行首次联演，台媒：日本刻意低调
https://new.qq.com/rain/a/20240719A01MD400

2024-07-19 08:08:34,701 - INFO - INVALID
两大美国债主今年首次齐抛！日本持仓连降两月，中国逼近2009年来低谷
https://new.qq.com/rain/a/20240719A00IIF00

2024-07-19 08:08:34,991 - INFO - INVALID
菲律宾扣押了至少79名中国公民？我驻菲使馆回应
https://new.qq.com/rain/a/20240719A027I300

2024-07-19 08:08:35,050 - ERROR - ERROR
北大教授魏坤琳：有些同学考研，只是为了延迟就业
https://new.qq.com/rain/a/20240719V01G8H00
('list index out of range',)
======
Traceback (most recent call last):
  File "/home/runner/work/qqnews/qqnews/qq.py", line 81, in process_article
    ss = str(tmpbs.select("div.LEFT div.content.clearfix")[0])
             ~~~~~~~~~~~~~~~~~~~~~~~~~~~~~~~~~~~~~~~~~~~~~^^^
IndexError: list index out of range


2024-07-19 08:08:35,178 - INFO - INVALID
美媒：美国共和党大会最后一晚，特朗普正式接受共和党总统候选人提名
https://new.qq.com/rain/a/20240719A02NDI00

2024-07-19 08:08:35,630 - ERROR - ERROR
著名演员郑佩佩去世，她年轻时有多惊艳？为什么有人说她是“一代女神”？
https://view.inews.qq.com/a/20240719Q02FAC00
('list index out of range',)
======
Traceback (most recent call last):
  File "/home/runner/work/qqnews/qqnews/qq.py", line 81, in process_article
    ss = str(tmpbs.select("div.LEFT div.content.clearfix")[0])
             ~~~~~~~~~~~~~~~~~~~~~~~~~~~~~~~~~~~~~~~~~~~~~^^^
IndexError: list index out of range


2024-07-19 08:08:35,723 - INFO - INVALID
对话面壁智能CTO曾国洋：大模型烧钱不止，怎么“卷”才能制胜？
https://new.qq.com/rain/a/20240719A00VHL00

2024-07-19 08:08:35,969 - ERROR - ERROR
曾出演《唐伯虎点秋香》的演员郑佩佩去世，她哪些经典台词让你印象深刻？
https://view.inews.qq.com/a/20240719Q0364F00
('list index out of range',)
======
Traceback (most recent call last):
  File "/home/runner/work/qqnews/qqnews/qq.py", line 81, in process_article
    ss = str(tmpbs.select("div.LEFT div.content.clearfix")[0])
             ~~~~~~~~~~~~~~~~~~~~~~~~~~~~~~~~~~~~~~~~~~~~~^^^
IndexError: list index out of range


