2024-10-11 00:34:10,781 - INFO - EXPIRED
国企卖过期粮背后：盲目投资的21个项目全部失败，巨亏50亿
https://new.qq.com/rain/a/20241010A06CON00

2024-10-11 00:34:10,782 - INFO - EXPIRED
“中国杀妻男”林友21年后被捕，其与万达一高管重名且出生日期相同
https://new.qq.com/rain/a/20241010A083IK00

2024-10-11 00:34:10,782 - INFO - EXPIRED
85岁老人涉案被警方通告，其子称父亲瘫痪在床2年，警方：是过去犯下的，不是新近犯案
https://new.qq.com/rain/a/20241010A08B6C00

2024-10-11 00:34:10,782 - INFO - EXPIRED
张家界被指“拆成20个小景区单收费”，说得在理吗？哪些景区门票不合理？
https://view.inews.qq.com/a/20241010Q065YP00

2024-10-11 00:34:10,782 - INFO - EXPIRED
哀牢山爆火背后：几年前曾有居民狩猎时，因树林茂密将同伴当猎物误杀
https://new.qq.com/rain/a/20241010A09W6K00

2024-10-11 00:34:10,782 - INFO - EXPIRED
王健林担保也跳票？永辉超市：出售万达商管股权没收到款 将提起仲裁
https://new.qq.com/rain/a/20241010A09KY300

2024-10-11 00:34:10,782 - INFO - EXPIRED
张家界景区被拆分单独收费？官方发布情况说明
https://new.qq.com/rain/a/20241010A0A2UE00

2024-10-11 00:34:10,782 - INFO - EXPIRED
天津滨海新区拟放开落户政策，满足一定条件在京工作职工可落户
https://new.qq.com/rain/a/20241010A0A2AP00

2024-10-11 00:34:10,782 - INFO - EXPIRED
女企业家被多人当街捅刀，一主犯被判两年半，受害人认为判太轻上诉
https://new.qq.com/rain/a/20241010A0953H00

2024-10-11 00:34:10,782 - INFO - EXPIRED
湖北十堰上百村民疑被冒用信息成合作社股东 村民：多是不识字的老人
https://new.qq.com/rain/a/20241010A09JTD00

2024-10-11 00:34:10,782 - INFO - EXPIRED
38岁网球传奇纳达尔正式退役，他算网球第一人吗？你对他印象最深的是什么？
https://view.inews.qq.com/a/20241010Q09F8Q00

2024-10-11 00:34:10,782 - INFO - EXPIRED
95后研究员有4个博士2个博后学位，内蒙古一研究院通报：暂停聘任
https://new.qq.com/rain/a/20241010A0A05C00

2024-10-11 00:34:10,782 - INFO - EXPIRED
网友称投诉楼上有噪音后遭局长儿子踹门报复，踹门者：父亲曾是局长
https://new.qq.com/rain/a/20241010A09FB200

2024-10-11 00:34:10,782 - INFO - EXPIRED
存量房贷利率将降至LPR-30BP，什么是LPR-30BP？如何判断是否对我有影响？
https://view.inews.qq.com/a/20241010Q08HQP00

2024-10-11 00:34:10,782 - INFO - EXPIRED
全线超预期！美国9月CPI同比上涨2.4%，美联储11月或降息25个基点
https://new.qq.com/rain/a/20241010A09KDH00

2024-10-11 00:34:10,782 - INFO - EXPIRED
我国成功发射卫星互联网高轨卫星
https://new.qq.com/rain/a/20241010A0A0W100

2024-10-11 00:34:10,782 - INFO - EXPIRED
李强会见日本首相石破茂
https://new.qq.com/rain/a/20241010A09A6N00

2024-10-11 00:34:10,782 - INFO - EXPIRED
两男孩用笔划车，遭生父用电线抽打满身伤痕，管教和虐儿的界限在哪儿？
https://view.inews.qq.com/a/20241010Q0285Q00

2024-10-11 00:34:10,782 - INFO - EXPIRED
学生点15元外卖与照片不符起诉商家获赔500，若商家写了图片仅供参考能免责吗？
https://view.inews.qq.com/a/20241010Q0510F00

2024-10-11 00:34:10,782 - INFO - EXPIRED
长沙再次放宽落户政策，务工人员“就业+租房+参加城镇社保”即可落户
https://new.qq.com/rain/a/20241010A09W7S00

2024-10-11 00:34:10,782 - INFO - EXPIRED
男子租迈凯伦带女孩拍照，发生事故车损200万后跑路非洲？女方回应
https://new.qq.com/rain/a/20241010A07XM900

2024-10-11 00:34:10,782 - INFO - EXPIRED
杭州将发放4.3亿元消费券 涵盖餐饮、商超、电子产品等领域
https://new.qq.com/rain/a/20241010A099VT00

2024-10-11 00:34:10,782 - INFO - EXPIRED
国台办：赖清德“双十”讲话蓄意加剧两岸紧张局势，严重破坏台海和平稳定
https://new.qq.com/rain/a/20241010A08OF000

2024-10-11 00:34:10,782 - INFO - EXPIRED
山东女幼师出租屋遇害案择期宣判，被害人父亲：凶手庭上自称有精神病
https://new.qq.com/rain/a/20241010A09EC200

2024-10-11 00:34:10,782 - INFO - EXPIRED
国足再输球遭18强赛三连败，为何连续两场遭逆转？谁该背锅？
https://view.inews.qq.com/a/20241010Q091F400

2024-10-11 00:34:10,782 - INFO - EXPIRED
千万粉丝网红“我是田姥姥”发布讣告：田姥爷患癌去世
https://new.qq.com/rain/a/20241010A08BDN00

2024-10-11 00:34:10,782 - INFO - EXPIRED
男子强奸杀人32年后被抓捕，陈年旧案都是如何侦破的？有追诉期问题吗？
https://view.inews.qq.com/a/20241010Q047QC00

2024-10-11 00:34:10,782 - INFO - EXPIRED
中国红十字会第十二次全国会员代表大会闭幕
https://new.qq.com/rain/a/20241010A08S1Z00

2024-10-11 00:34:10,782 - INFO - EXPIRED
陕西绥德2人疑遭多人围殴，居民拍下9人逃离瞬间，警方介入
https://new.qq.com/rain/a/20241010A07Y8C00

2024-10-11 00:34:10,782 - INFO - EXPIRED
21年前中国富豪瑞典涉嫌杀妻案引关注，瑞典导演6集纪录片全曝光
https://new.qq.com/rain/a/20241010A08J0N00

2024-10-11 00:34:10,782 - INFO - EXPIRED
爱玛科技：实际控制人、董事长兼总经理张剑被留置
https://new.qq.com/rain/a/20241010A08DR100

2024-10-11 00:34:10,782 - INFO - EXPIRED
突出平等对待原则 民营经济促进法草案向社会公开征求意见
https://new.qq.com/rain/a/20241010A062EH00

2024-10-11 00:34:10,782 - INFO - EXPIRED
拥有四博士两博后学位的95后研究员还有22项兼职？抗癌协会：查无此人
https://new.qq.com/rain/a/20241010A06ZOM00

2024-10-11 00:34:10,782 - INFO - EXPIRED
广东廉江警方通报一起交通事故：司机操作不当致7人受伤，肇事司机排除酒驾、毒驾
https://new.qq.com/rain/a/20241010A082L200

2024-10-11 00:34:10,782 - INFO - EXPIRED
济南开展“飙车炸街”综合整治行动 严厉查处组织者和骨干分子
https://new.qq.com/rain/a/20241010A06G7200

2024-10-11 00:34:10,782 - INFO - EXPIRED
国内成品油价迎年内第八涨，加满一箱油多花5.5元
https://new.qq.com/rain/a/20241010A06NAR00

2024-10-11 00:34:10,782 - INFO - EXPIRED
国足1-3遭澳大利亚逆转，18强赛三连败，还有希望出线吗？主帅伊万会下课吗？
https://view.inews.qq.com/a/20241010Q08MAQ00

2024-10-11 00:34:10,782 - INFO - EXPIRED
重庆一粮食公司将过期大米重新包装销售给乡村学校，当地：已立案调查
https://new.qq.com/rain/a/20241010A07HSI00

2024-10-11 00:34:10,782 - INFO - EXPIRED
租车公司恶意划伤车辆向租车人索赔？成都警方通报：部分嫌疑人已到案
https://new.qq.com/rain/a/20241010A06I7X00

2024-10-11 00:34:10,782 - INFO - EXPIRED
受贿3.86亿余元！中国人民银行原党委委员、副行长范一飞一审被判死缓
https://new.qq.com/rain/a/20241010A06RIC00

2024-10-11 00:34:10,782 - INFO - EXPIRED
中国与东盟十国宣布实质性结束中国－东盟自贸区3.0版谈判
https://new.qq.com/rain/a/20241010A07N8500

2024-10-11 00:34:10,782 - INFO - EXPIRED
关于对美国军工企业及高级管理人员采取反制措施的决定
https://new.qq.com/rain/a/20241010A06PPF00

2024-10-11 00:34:10,782 - INFO - EXPIRED
10天折损80万，开“雨棚迈巴赫”维权车主：感觉厂家拿我新车做实验
https://new.qq.com/rain/a/20241010A03RF900

2024-10-11 00:34:10,782 - INFO - EXPIRED
外交部回应赖清德重弹“互不隶属”论调：台湾绝不可能成为一个国家
https://new.qq.com/rain/a/20241010A05YFL00

2024-10-11 00:34:10,782 - INFO - EXPIRED
民营经济促进法草案有哪些亮点？专家解读
https://new.qq.com/rain/a/20241010A061FI00

2024-10-11 00:34:10,782 - INFO - EXPIRED
跑步入场的00后3天赚了3万，理财该从娃娃抓起吗？孩子想炒股要不要支持？
https://view.inews.qq.com/a/20241010Q01HE900

2024-10-11 00:34:10,783 - INFO - EXPIRED
浙江义乌有人深夜飙车炸街，闯红灯超速撞飞执勤辅警，驾驶人已被控制
https://new.qq.com/rain/a/20241010A04R7J00

2024-10-11 00:34:10,783 - INFO - EXPIRED
女子花光50万买保健品为发财，其母：瘫痪老伴被喂了20袋产品当晚去世
https://new.qq.com/rain/a/20241010A0362Z00

2024-10-11 00:34:10,783 - INFO - EXPIRED
母亲花光50万积蓄追发财梦，与儿决裂不回头，你身边有这种执迷不悟的人吗？
https://view.inews.qq.com/a/20241010Q04KKK00

2024-10-11 00:34:10,783 - INFO - EXPIRED
外交部回应菲总统涉南海言论：中方坚决反对任何侵权挑衅
https://new.qq.com/rain/a/20241010A05WME00

2024-10-11 00:34:10,783 - INFO - EXPIRED
马英九再批赖清德：立刻冷静，悬崖勒马，放弃荒谬的“新两国论”
https://new.qq.com/rain/a/20241010A01VQR00

2024-10-11 00:34:10,783 - INFO - EXPIRED
洛杉矶奥运会或将取消拳击项目，原因是没有一个国际奥委会认可的全球拳击机构
https://new.qq.com/rain/a/20241010A03D8100

2024-10-11 00:34:10,783 - INFO - EXPIRED
中纪委打下今年第46虎！中管干部落马数量已超去年
https://new.qq.com/rain/a/20241010A038NG00

2024-10-11 00:34:10,783 - INFO - EXPIRED
“全网直播都能去哀牢山，我为什么不能去？”网红陈朵朵再发声
https://new.qq.com/rain/a/20241010A04IME00

2024-10-11 00:34:10,783 - INFO - EXPIRED
泽连斯基称有机会在2025年结束俄乌冲突，为何他这么自信？这事到底谁说了算？
https://view.inews.qq.com/a/20241010Q027W800

2024-10-11 00:34:10,783 - INFO - EXPIRED
官方：“东北雨姐”售卖的红薯粉条涉嫌虚假标注，正在查处中
https://new.qq.com/rain/a/20241010A03Y4C00

2024-10-11 00:34:10,783 - INFO - EXPIRED
河南高校教师被于正签约？回应：9月已离职，曾就网络传闻报警
https://new.qq.com/rain/a/20241009A098RZ00

2024-10-11 00:34:10,783 - INFO - EXPIRED
匈牙利总理与欧盟委员会主席“激烈交锋”，前者怒批欧盟对华贸易政策
https://new.qq.com/rain/a/20241010A01FJ000

2024-10-11 00:34:10,783 - INFO - EXPIRED
重庆一大学生点15元鱼香肉丝发现与宣传图不符，起诉商家获赔500元
https://new.qq.com/rain/a/20241010A046PO00

2024-10-11 00:34:10,783 - INFO - EXPIRED
被指屡次发表“美化恐怖主义”言论，本·拉登之子遭法国驱逐 
https://new.qq.com/rain/a/20241010A03EZQ00

2024-10-11 00:34:10,783 - INFO - EXPIRED
消息称三星半导体部门高管大洗牌，将导致总裁级别的大幅裁员
https://new.qq.com/rain/a/20241010A05GBA00

2024-10-11 00:34:10,783 - INFO - EXPIRED
辛巴直播解封！辛选小助理：之后会有直播
https://new.qq.com/rain/a/20241010A0546900

2024-10-11 00:34:10,783 - INFO - EXPIRED
涉编、印、发、挂网全流程环节，起底“山寨期刊”的亿元论文生意
https://new.qq.com/rain/a/20241010A01B7K00

2024-10-11 00:34:10,783 - INFO - EXPIRED
董宇辉回应称居里夫人获诺贝尔文学奖、发现了铀、发明了X光机：说错很正常，X光机当时就纠正了
https://new.qq.com/rain/a/20241010A030J300

2024-10-11 00:34:10,783 - INFO - EXPIRED
国乒女团负日本获亚锦赛亚军，三大主力均输球，问题出在哪？是太累了吗？
https://view.inews.qq.com/a/20241010Q02H8100

2024-10-11 00:34:10,783 - INFO - EXPIRED
监拍货车失控撞向两名小学生 伤者家属：一死一伤 司机自称眩晕症发作
https://new.qq.com/rain/a/20241010V04KXU00

2024-10-11 00:34:10,783 - INFO - EXPIRED
伊朗地震引发核试验猜测，美CIA局长澄清：无证据
https://new.qq.com/rain/a/20241009A04YEG00

2024-10-11 00:34:10,783 - INFO - EXPIRED
哈马斯与法塔赫代表同意成立临时委员会管理加沙
https://new.qq.com/rain/a/20241010A00Y8B00

2024-10-11 00:34:10,783 - INFO - EXPIRED
李强会见澳大利亚总理阿尔巴尼斯
https://new.qq.com/rain/a/20241010A04UNT00

2024-10-11 00:34:10,783 - INFO - EXPIRED
1.6万亿券商巨无霸来了 国泰君安合并海通证券提速 多项业务行业第一
https://new.qq.com/rain/a/20241010A00LNM00

2024-10-11 00:34:10,783 - INFO - EXPIRED
“涉嫌杀瑞典妻子的中国男子”21年后在华被捕，其子：不想让父亲死 
https://new.qq.com/rain/a/20241009A067PD00

2024-10-11 00:34:10,783 - INFO - EXPIRED
生父用电线抽打淘气男孩，被警方采取刑事强制措施，这个处罚重吗？
https://view.inews.qq.com/a/20241010Q01WHQ00

2024-10-11 00:34:10,783 - INFO - EXPIRED
河南省委宣传部原副部长、河南广播电视台原台长朱夏炎被开除党籍
https://new.qq.com/rain/a/20241010A02MHR00

2024-10-11 00:34:10,783 - INFO - EXPIRED
“学习困难”门诊月均就诊量超2500人，医生：学习困难不是病
https://new.qq.com/rain/a/20241010A02YU200

2024-10-11 00:34:10,783 - INFO - EXPIRED
安徽房地产商会发布倡议书：呼吁房企不盲目降价、不冲动涨价
https://new.qq.com/rain/a/20241010A02OX600

2024-10-11 00:34:10,783 - INFO - EXPIRED
贵州13岁女孩深夜翻阳台离家被白车接走，失联7天，父亲：警方正核实
https://new.qq.com/rain/a/20241010A0323D00

2024-10-11 00:34:10,783 - INFO - EXPIRED
记者跟随消防员深入哀牢山，突遇浓雾，走在前面的队友一下子就不见了
https://new.qq.com/rain/a/20241009V09GN700

2024-10-11 00:34:10,783 - INFO - EXPIRED
男子用电线抽打两名赤裸男孩，并称“要全方位管教到位”？警方通报
https://new.qq.com/rain/a/20241010A00S1U00

2024-10-11 00:34:10,783 - INFO - EXPIRED
男子声称“我随便找毛病查封你”，店主：其带女友想免费拍照未果
https://new.qq.com/rain/a/20241009A08CC300

2024-10-11 00:34:10,783 - INFO - EXPIRED
国家统计局：决定在全国范围内组织开展2024年人口变动情况抽样调查
https://new.qq.com/rain/a/20241010A028T800

2024-10-11 00:34:10,783 - INFO - EXPIRED
把百余款App装进车里，腾讯应用宝做对了什么？
https://new.qq.com/rain/a/20241010A01WMU00

2024-10-11 00:34:10,783 - INFO - EXPIRED
多家民营银行跟进下调存款利率 中长期大额存单额度紧俏
https://new.qq.com/rain/a/20241010A01VU600

2024-10-11 00:34:10,783 - INFO - EXPIRED
云南哈巴雪山一向导和一徒步者身亡 救援队：一人系旧病复发，一人系“户外小白”
https://new.qq.com/rain/a/20241009A09PIW00

2024-10-11 00:34:10,783 - INFO - EXPIRED
提出17项具体举措 国家数据局：扩大公共数据资源供给
https://new.qq.com/rain/a/20241010A02B1B00

2024-10-11 00:34:10,783 - INFO - EXPIRED
南宁：按摩服务业首次列入特种行业管理，凌晨2时至8时进入须实名登记
https://new.qq.com/rain/a/20241009A09HJL00

2024-10-11 00:34:10,783 - INFO - EXPIRED
32年前男子强奸杀人，后改名换姓结婚生子，警方从他儿子身上发现线索
https://new.qq.com/rain/a/20241009A07SYG00

2024-10-11 00:34:10,783 - INFO - EXPIRED
贷款人变多、系统延迟，多家银行提示：严禁贷款炒股，否则立即收回
https://new.qq.com/rain/a/20241009A08SWZ00

2024-10-11 00:34:10,783 - INFO - EXPIRED
温州一小学老师殴打学生致其脸部受伤？当地教育局通报详情
https://new.qq.com/rain/a/20241009A07Q4J00

2024-10-11 00:34:10,783 - INFO - EXPIRED
福建省医保局局长林圣魁坠楼身亡，遗体告别仪式已于4日举行
https://new.qq.com/rain/a/20241009A09F9T00

2024-10-11 00:34:10,783 - INFO - EXPIRED
美联储会议纪要暴露9月大幅降息分歧：“一些”决策者更愿意降25基点
https://new.qq.com/rain/a/20241010A00NB400

2024-10-11 00:34:10,783 - INFO - EXPIRED
为该不该缴纳383元通行费，货车“堵路”近两小时，收费站回应
https://new.qq.com/rain/a/20241009A08AHD00

2024-10-11 00:34:10,783 - INFO - EXPIRED
投资者排队进场，券商：“新户根本审不完”有银行一天流失约40亿存款
https://new.qq.com/rain/a/20241010A01HIK00

2024-10-11 00:34:10,783 - INFO - EXPIRED
英军情五处负责人称俄罗斯伊朗对英国“威胁”日增，但中国“不一样”
https://new.qq.com/rain/a/20241009A09OZX00

2024-10-11 00:34:10,783 - INFO - EXPIRED
经济学家任泽平：这项新发布的政策堪比10万亿刺激
https://new.qq.com/rain/a/20241010A00IOR00

2024-10-11 00:34:10,783 - INFO - EXPIRED
美股收盘：标普500指数年内第44次创新高 助力中概股态势企稳
https://new.qq.com/rain/a/20241010A00QVT00

2024-10-11 00:34:10,783 - INFO - EXPIRED
摊贩投诉福建闽侯城管骑车不上牌还骂人，当地通报：辞退相关工作人员
https://new.qq.com/rain/a/20241010A00Z8100

2024-10-11 00:34:11,508 - INFO - INVALID
新股民跑步入场，券商开“夜市”随时待命，有营业部经理累到打点滴
https://new.qq.com/rain/a/20241011A005GL00

2024-10-11 00:34:11,512 - INFO - INVALID
美股收盘：三大指数对数据利空“不以为然” 中概股止跌反弹
https://new.qq.com/rain/a/20241011A00UKG00

2024-10-11 00:34:11,518 - INFO - INVALID
俄乌冲突爆发以来“最艰难冬天”临近：泽连斯基开启欧洲之行，48小时会晤四国领导人
https://new.qq.com/rain/a/20241011A012ON00

2024-10-11 00:34:11,605 - INFO - INVALID
英伟达竞品AI芯片来了？AMD三箭齐发，全线围攻AI服务器市场
https://new.qq.com/rain/a/20241011A00H8E00

