2025-10-26 00:42:45,731 - INFO - Total time taken: {'ret': 0, 'msg': 'success', 'data': None}
2025-10-26 00:42:45,731 - INFO - 'NoneType' object is not subscriptable
2025-10-26 00:42:45,732 - INFO - Traceback (most recent call last):
  File "/home/runner/work/qqnews/qqnews/qq.py", line 128, in main
    for i in qq1["data"]["list"]:
             ~~~~~~~~~~~^^^^^^^^
TypeError: 'NoneType' object is not subscriptable

2025-10-26 02:25:04,055 - INFO - Total time taken: {'ret': 0, 'msg': 'success', 'data': None}
2025-10-26 02:25:04,055 - INFO - 'NoneType' object is not subscriptable
2025-10-26 02:25:04,056 - INFO - Traceback (most recent call last):
  File "/home/runner/work/qqnews/qqnews/qq.py", line 128, in main
    for i in qq1["data"]["list"]:
             ~~~~~~~~~~~^^^^^^^^
TypeError: 'NoneType' object is not subscriptable

2025-10-26 03:34:34,870 - INFO - Total time taken: {'ret': 0, 'msg': 'success', 'data': None}
2025-10-26 03:34:34,870 - INFO - 'NoneType' object is not subscriptable
2025-10-26 03:34:34,871 - INFO - Traceback (most recent call last):
  File "/home/runner/work/qqnews/qqnews/qq.py", line 128, in main
    for i in qq1["data"]["list"]:
             ~~~~~~~~~~~^^^^^^^^
TypeError: 'NoneType' object is not subscriptable

2025-10-26 04:01:26,173 - INFO - Total time taken: {'ret': 0, 'msg': 'success', 'data': None}
2025-10-26 04:01:26,173 - INFO - 'NoneType' object is not subscriptable
2025-10-26 04:01:26,174 - INFO - Traceback (most recent call last):
  File "/home/runner/work/qqnews/qqnews/qq.py", line 128, in main
    for i in qq1["data"]["list"]:
             ~~~~~~~~~~~^^^^^^^^
TypeError: 'NoneType' object is not subscriptable

2025-10-26 05:01:17,498 - INFO - Total time taken: {'ret': 0, 'msg': 'success', 'data': None}
2025-10-26 05:01:17,498 - INFO - 'NoneType' object is not subscriptable
2025-10-26 05:01:17,498 - INFO - Traceback (most recent call last):
  File "/home/runner/work/qqnews/qqnews/qq.py", line 128, in main
    for i in qq1["data"]["list"]:
             ~~~~~~~~~~~^^^^^^^^
TypeError: 'NoneType' object is not subscriptable

2025-10-26 06:01:24,736 - INFO - Total time taken: {'ret': 0, 'msg': 'success', 'data': None}
2025-10-26 06:01:24,736 - INFO - 'NoneType' object is not subscriptable
2025-10-26 06:01:24,737 - INFO - Traceback (most recent call last):
  File "/home/runner/work/qqnews/qqnews/qq.py", line 128, in main
    for i in qq1["data"]["list"]:
             ~~~~~~~~~~~^^^^^^^^
TypeError: 'NoneType' object is not subscriptable

