2025-11-09 00:43:48,437 - INFO - Total time taken: {'ret': 0, 'msg': 'success', 'data': None}
2025-11-09 00:43:48,438 - INFO - 'NoneType' object is not subscriptable
2025-11-09 00:43:48,438 - INFO - Traceback (most recent call last):
  File "/home/runner/work/qqnews/qqnews/qq.py", line 128, in main
    for i in qq1["data"]["list"]:
             ~~~~~~~~~~~^^^^^^^^
TypeError: 'NoneType' object is not subscriptable

2025-11-09 02:27:00,726 - INFO - Total time taken: {'ret': 0, 'msg': 'success', 'data': None}
2025-11-09 02:27:00,726 - INFO - 'NoneType' object is not subscriptable
2025-11-09 02:27:00,726 - INFO - Traceback (most recent call last):
  File "/home/runner/work/qqnews/qqnews/qq.py", line 128, in main
    for i in qq1["data"]["list"]:
             ~~~~~~~~~~~^^^^^^^^
TypeError: 'NoneType' object is not subscriptable

2025-11-09 03:37:36,495 - INFO - Total time taken: {'ret': 0, 'msg': 'success', 'data': None}
2025-11-09 03:37:36,496 - INFO - 'NoneType' object is not subscriptable
2025-11-09 03:37:36,496 - INFO - Traceback (most recent call last):
  File "/home/runner/work/qqnews/qqnews/qq.py", line 128, in main
    for i in qq1["data"]["list"]:
             ~~~~~~~~~~~^^^^^^^^
TypeError: 'NoneType' object is not subscriptable

