2025-01-04 00:34:05,103 - INFO - EXPIRED
早买早”背刺”：提新车不到一周遭降价万元，车市价格战没有赢家
https://new.qq.com/rain/a/20250103A084Q200

2025-01-04 00:34:05,103 - INFO - EXPIRED
广西柳州被曝换表后燃气费异常增加，涉事公司回应，当地要求答疑
https://new.qq.com/rain/a/20250103A06A4S00

2025-01-04 00:34:05,103 - INFO - EXPIRED
择机降准降息！央行建议“加大货币政策调控强度”，坚决防范汇率超调
https://new.qq.com/rain/a/20250103A0AAZ200

2025-01-04 00:34:05,103 - INFO - EXPIRED
流感挤爆三甲医院，这轮感染潮何时结束
https://new.qq.com/rain/a/20250103A08W3Y00

2025-01-04 00:34:05,103 - INFO - EXPIRED
男子被小客车撞成半瘫对方全责，遭个人意外伤害险拒赔？保险公司：他的机动三轮未年检，坐车上没动也算驾驶
https://new.qq.com/rain/a/20250103A09POL00

2025-01-04 00:34:05,103 - INFO - EXPIRED
又一茅台原董事长被查背后
https://new.qq.com/rain/a/20250103A09D0Q00

2025-01-04 00:34:05,103 - INFO - EXPIRED
开年黄金卖疯了！买金要先拿号，消费者排队8小时，梵克雅宝都不香了
https://new.qq.com/rain/a/20250103A09O1S00

2025-01-04 00:34:05,103 - INFO - EXPIRED
网传演员张颂文被税务部门约谈，因收入申报与实际所得“严重不符”
https://new.qq.com/rain/a/20250103A0A8EE00

2025-01-04 00:34:05,103 - INFO - EXPIRED
生物学博士称多数成人睡7.5小时足够，为何我每天8小时还睡不醒？
https://view.inews.qq.com/a/20250103Q05VFB00

2025-01-04 00:34:05,103 - INFO - EXPIRED
卢卡申科透露将访华：“与中国合作是一件伟大的事”
https://new.qq.com/rain/a/20250103A09Z5L00

2025-01-04 00:34:05,103 - INFO - EXPIRED
南京一高中宿舍半夜起火，多方回应｜有料
https://new.qq.com/rain/a/20250103A08Z2100

2025-01-04 00:34:05,103 - INFO - EXPIRED
涉及德国日本，俄常驻联合国代表强硬表态
https://new.qq.com/rain/a/20250103A09MZK00

2025-01-04 00:34:05,103 - INFO - EXPIRED
超市丢千万元托盘，让全员每人赔500元，这么做合理吗？
https://view.inews.qq.com/a/20250103Q096CA00

2025-01-04 00:34:05,103 - INFO - EXPIRED
“爷爷不泡茶”一门店开业送烟？企业：已对涉事门店从重处罚
https://new.qq.com/rain/a/20250103A078KR00

2025-01-04 00:34:05,103 - INFO - EXPIRED
用户集体起诉Siri“偷听”，苹果同意花6.9亿元和解
https://new.qq.com/rain/a/20250103A05ZQ100

2025-01-04 00:34:05,103 - INFO - EXPIRED
菲律宾内斗再升级，菲总统马科斯将副总统莎拉“逐出”国安会
https://new.qq.com/rain/a/20250103A09MII00

2025-01-04 00:34:05,103 - INFO - EXPIRED
雷军、罗振宇、吴晓波⋯⋯“大佬们”的跨年演讲，他们为何如此乐观
https://new.qq.com/rain/a/20250103A09PUL00

2025-01-04 00:34:05,103 - INFO - EXPIRED
银川地震亲历者称更多是心理折磨：上个冬天也曾地震，有人在车里过夜，有人对爆竹声敏感
https://new.qq.com/rain/a/20250103A07D5X00

2025-01-04 00:34:05,103 - INFO - EXPIRED
男子吃了顿烤肉竟得了戊肝，这是什么病毒？容易通过哪些途径感染？
https://view.inews.qq.com/a/20250103Q01R9P00

2025-01-04 00:34:05,103 - INFO - EXPIRED
网传广东河源一小轿车高速撞翻大货车后“解体”，警方通报：致1死2伤
https://new.qq.com/rain/a/20250103A09HL300

2025-01-04 00:34:05,103 - INFO - EXPIRED
“工行被诉未授权批量开通养老金账户”一审：赔偿储户5000元
https://new.qq.com/rain/a/20250103A09R0E00

2025-01-04 00:34:05,103 - INFO - EXPIRED
山西一医生参与婴儿买卖？涉事医院：当事人已被免职，当地开展调查
https://new.qq.com/rain/a/20250103A07UJR00

2025-01-04 00:34:05,103 - INFO - EXPIRED
广州一站点开出超5亿大奖，福彩中心：中奖者已兑奖，纳税超亿元
https://new.qq.com/rain/a/20250103A09GMI00

2025-01-04 00:34:05,103 - INFO - EXPIRED
村民在自家露天熏腊肉被罚200元，镇政府：系警示教育，已退还
https://new.qq.com/rain/a/20250103A067XB00

2025-01-04 00:34:05,103 - INFO - EXPIRED
韩国代总统任命宪法法官引发争议，韩国央行行长为何“罕见”发声支持
https://new.qq.com/rain/a/20250103A08JD800

2025-01-04 00:34:05,103 - INFO - EXPIRED
银川地震瞬间男孩背起残障同学逃生 学校：品质优秀 会进行表扬
https://new.qq.com/rain/a/20250103V05NVS00

2025-01-04 00:34:05,103 - INFO - EXPIRED
拜登阻止日本制铁对美国钢铁公司的拟议收购
https://new.qq.com/rain/a/20250103A09JZ500

2025-01-04 00:34:05,103 - INFO - EXPIRED
弗朗西斯·福山拱火：美国没法部署足够军力阻止中国，得拉上日本
https://new.qq.com/rain/a/20250103A08RYG00

2025-01-04 00:34:05,103 - INFO - EXPIRED
国务院常务会议：保障农民工工资支付 加大力度整治欠薪问题
https://new.qq.com/rain/a/20250103A090K300

2025-01-04 00:34:05,103 - INFO - EXPIRED
“伊朗俄罗斯曾向阿萨德提供情报” 伊外长透露叙利亚变局前重要细节
https://new.qq.com/rain/a/20250103A08HE500

2025-01-04 00:34:05,103 - INFO - EXPIRED
20名相关责任人被处理 “11·1”黑河列车脱轨事故调查情况公布
https://new.qq.com/rain/a/20250103A09AQK00

2025-01-04 00:34:05,103 - INFO - EXPIRED
“超市被员工偷倒闭”当事人：因丈夫生病引入合伙人，1700多元商品被收银员家人“1元购”
https://new.qq.com/rain/a/20250103A07KN900

2025-01-04 00:34:05,103 - INFO - EXPIRED
甘肃一中学校门前有百余级台阶引关注，当地宣传部：学校地势较高，建校开始一直有台阶
https://new.qq.com/rain/a/20250103A0689H00

2025-01-04 00:34:05,103 - INFO - EXPIRED
马斯克在元旦前捐赠1.12亿美元特斯拉股票，为什么要压哨捐？
https://view.inews.qq.com/a/20250103Q01XK600

2025-01-04 00:34:05,103 - INFO - EXPIRED
德国上个月电价飙至18年来新高，新年又现负电价，到底缺不缺电？
https://view.inews.qq.com/a/20250103Q04VPS00

2025-01-04 00:34:05,103 - INFO - EXPIRED
泽连斯基：特朗普可以对俄乌冲突结果发挥“决定性”影响
https://new.qq.com/rain/a/20250103A08V9F00

2025-01-04 00:34:05,103 - INFO - EXPIRED
小米极速冲向万亿
https://new.qq.com/rain/a/20250103A08X5700

2025-01-04 00:34:05,103 - INFO - EXPIRED
香港飞釜山一客机起落架故障，复飞后安全降落，机型为空客321
https://new.qq.com/rain/a/20250103A07L2200

2025-01-04 00:34:05,103 - INFO - EXPIRED
人民币汇率突然跳水！在岸人民币兑美元跌破7.3大关，发生了什么
https://new.qq.com/rain/a/20250103A06OG300

2025-01-04 00:34:05,103 - INFO - EXPIRED
韩媒：布林肯将访问韩国，系“尹锡悦被弹劾以来首次”
https://new.qq.com/rain/a/20250103A06OOC00

2025-01-04 00:34:05,103 - INFO - EXPIRED
上海1000多个楼顶水箱浮力球被盗，警方：有人冒充维修工作案
https://new.qq.com/rain/a/20250103A052DO00

2025-01-04 00:34:05,103 - INFO - EXPIRED
违规操办儿子婚宴、女儿“周岁宴”、孙女“百日宴”，多人被公开通报
https://new.qq.com/rain/a/20250103A069CY00

2025-01-04 00:34:05,103 - INFO - EXPIRED
河南一初中生在校被同学针刺文身：遭持刀威胁还曾被打 警方已介入处理
https://new.qq.com/rain/a/20250103A07J3H00

2025-01-04 00:34:05,103 - INFO - EXPIRED
国办：涉企行政检查以属地管辖为原则 严禁违规实施异地检查
https://new.qq.com/rain/a/20250103A075I100

2025-01-04 00:34:05,104 - INFO - EXPIRED
韩国一座8层建筑起火：浓烟覆盖大楼有人被困屋顶 居民逃生画面曝光
https://new.qq.com/rain/a/20250103V07L1W00

2025-01-04 00:34:05,104 - INFO - EXPIRED
《个人所得税综合所得汇算清缴管理办法》公开征求意见
https://new.qq.com/rain/a/20250103A06ZSG00

2025-01-04 00:34:05,104 - INFO - EXPIRED
胖东来公布员工结婚执行标准 ：不允许依靠父母积蓄买房买车
https://new.qq.com/rain/a/20250103A061I000

2025-01-04 00:34:05,104 - INFO - EXPIRED
银川市民收到地震预警小程序霸屏通知？地震台网回应：请根据指引进行操作
https://new.qq.com/rain/a/20250103A04EWU00

2025-01-04 00:34:05,104 - INFO - EXPIRED
上海258元一份蛋炒饭引热议，商家：可供8到10人食用，卖得很好
https://new.qq.com/rain/a/20250103A06SA700

2025-01-04 00:34:05,104 - INFO - EXPIRED
国家网信办就《个人信息出境个人信息保护认证办法（征求意见稿）》公开征求意见
https://new.qq.com/rain/a/20250103A073NF00

2025-01-04 00:34:05,104 - INFO - EXPIRED
丢失总价千万元托盘后，超市让全体员工每人赔500元？律师解读
https://new.qq.com/rain/a/20250103A05PSD00

2025-01-04 00:34:05,104 - INFO - EXPIRED
再曝非正常死亡，“指居”制度何去何从？
https://new.qq.com/rain/a/20250103A03HPK00

2025-01-04 00:34:05,104 - INFO - EXPIRED
欧洲屡现负电价，德国发电商再次向用户付费以消耗多余电力
https://new.qq.com/rain/a/20250103A042P700

2025-01-04 00:34:05,104 - INFO - EXPIRED
80%清华毕业生出国不归？2024届清华毕业生就业数据辟谣
https://new.qq.com/rain/a/20250103A03MFA00

2025-01-04 00:34:05,104 - INFO - EXPIRED
2024地方政府借钱逼近10万亿元，花哪儿了
https://new.qq.com/rain/a/20250103A04EDC00

2025-01-04 00:34:05,104 - INFO - EXPIRED
韩国京畿道商业楼灭火工作初步完成 数十人已获救或自救
https://new.qq.com/rain/a/20250103A06QJ300

2025-01-04 00:34:05,104 - INFO - EXPIRED
激进购买国债被约谈？国金基金回应：完全不实
https://new.qq.com/rain/a/20250103A06K0D00

2025-01-04 00:34:05,104 - INFO - EXPIRED
出售美墨边境墙建设材料，马斯克指控拜登“100%叛国”
https://new.qq.com/rain/a/20250103A03O9U00

2025-01-04 00:34:05,104 - INFO - EXPIRED
拜登政府称考虑禁止中国无人机进入美国，外交部回应
https://new.qq.com/rain/a/20250103A064NZ00

2025-01-04 00:34:05,104 - INFO - EXPIRED
华为千元机回归“5G速度”，“王者归来”还差临门一脚
https://new.qq.com/rain/a/20250103A06FWW00

2025-01-04 00:34:05,104 - INFO - EXPIRED
2024年楼市“翘尾”收官：核心城市新房、二手房成交双双上扬
https://new.qq.com/rain/a/20250103A05VBW00

2025-01-04 00:34:05,104 - INFO - EXPIRED
千亿民营钢企破产重整背后：江苏溧阳国资被指拒付超10亿欠款
https://new.qq.com/rain/a/20241231A09BO000

2025-01-04 00:34:05,104 - INFO - EXPIRED
韩调查人员尝试逮捕尹锡悦，与总统警卫对峙数小时，为何不硬闯？
https://view.inews.qq.com/a/20250103Q02K4R00

2025-01-04 00:34:05,104 - INFO - EXPIRED
车企市值排名“巨变”：21家中国车企进TOP50，小米、比亚迪分列三四
https://new.qq.com/rain/a/20250103A05W9A00

2025-01-04 00:34:05,104 - INFO - EXPIRED
非法收受巨额财物，云南省原副省长李石松被决定逮捕
https://new.qq.com/rain/a/20250103A05S8600

2025-01-04 00:34:05,104 - INFO - EXPIRED
欧洲“俄气时代终结”：乌克兰“关闸”损人不利己，美国成大赢家
https://new.qq.com/rain/a/20250103A04EC500

2025-01-04 00:34:05,104 - INFO - EXPIRED
银川24小时发生11次地震：有市民车上过夜 有居民凌晨跑出避险
https://new.qq.com/rain/a/20250103A04RCC00

2025-01-04 00:34:05,104 - INFO - EXPIRED
美军卡尔文森航母打击群再次进入南海
https://new.qq.com/rain/a/20250103A05FT100

2025-01-04 00:34:05,104 - INFO - EXPIRED
董明珠为什么抓着小米不放？
https://new.qq.com/rain/a/20250103A05J3800

2025-01-04 00:34:05,104 - INFO - EXPIRED
柯文哲遭羁押回笼，确定台北看守所过年，除夕晚餐有佛跳墙
https://new.qq.com/rain/a/20250103A04TXN00

2025-01-04 00:34:05,104 - INFO - EXPIRED
男子称被收养了7次 认亲16年发现“亲爹”是假的：当时说我是他私生子
https://new.qq.com/rain/a/20250103A04B4S00

2025-01-04 00:34:05,104 - INFO - EXPIRED
ASML的投资者日，透露了哪些行业发展趋势？
https://new.qq.com/rain/a/20250103A0567M00

2025-01-04 00:34:05,104 - INFO - EXPIRED
起底中医诊所药王谷：宣称能治疗癌症，一场策划高手与破落商人的合谋
https://new.qq.com/rain/a/20250103A04H1T00

2025-01-04 00:34:05,104 - INFO - EXPIRED
美媒爆料：拜登已决定正式阻止新日铁收购美国钢铁公司
https://new.qq.com/rain/a/20250103A05CJ300

2025-01-04 00:34:05,104 - INFO - EXPIRED
福建最长寿老人今日出殡 膝下子孙100多人 村干部：老人100岁还能自理
https://new.qq.com/rain/a/20250103A03D6G00

2025-01-04 00:34:05,104 - INFO - EXPIRED
男子出价5元卖高峰期地铁座位，上海轨交警方：系自编自演，已行拘
https://new.qq.com/rain/a/20250103A04JN300

2025-01-04 00:34:05,104 - INFO - EXPIRED
国家发改委：推动房地产市场止跌回稳，继续提振资本市场
https://new.qq.com/rain/a/20250103A0326S00

2025-01-04 00:34:05,104 - INFO - EXPIRED
要么恢复俄气过境，要么赔钱！斯洛伐克威胁将报复乌克兰
https://new.qq.com/rain/a/20250103A01NZE00

2025-01-04 00:34:05,104 - INFO - EXPIRED
双色球2025年首期开奖，广州一站点开出超5亿大奖，广州福彩回应
https://new.qq.com/rain/a/20250103A04DX900

2025-01-04 00:34:05,104 - INFO - EXPIRED
日本人多次被美国拒绝入境，知名人士也未幸免
https://new.qq.com/rain/a/20250103A01DT400

2025-01-04 00:34:05,104 - INFO - EXPIRED
石嘴山市蓝天救援队回应“志愿者发布地震假消息”：公安已介入，当事人是新队员
https://new.qq.com/rain/a/20250103A03TR800

2025-01-04 00:34:05,104 - INFO - EXPIRED
调查追踪｜银行开通储户个人养老金账户被诉，法院：银行存在一定过错
https://new.qq.com/rain/a/20250102A085F500

2025-01-04 00:34:05,104 - INFO - EXPIRED
上海汉庭酒店局部坍塌？工作人员：隔壁楼装修倒塌受牵连 有住客送医
https://new.qq.com/rain/a/20250103V03DQ600

2025-01-04 00:34:05,104 - INFO - EXPIRED
“上四休三”能全面铺开吗？专家：不太现实 有条件的可设灵活办公日
https://new.qq.com/rain/a/20250102A09VRN00

2025-01-04 00:34:05,104 - INFO - EXPIRED
是否会再竞选总统？泽连斯基回应 
https://new.qq.com/rain/a/20250103A02WPV00

2025-01-04 00:34:05,104 - INFO - EXPIRED
电影“失宠”，票房回到十年前，2025年大家的消费KPI又转向哪里
https://new.qq.com/rain/a/20250103A01EFW00

2025-01-04 00:34:05,104 - INFO - EXPIRED
微信语音消息能倍速播放了！腾讯客服：微信版本升级后，可在语音气泡旁选择倍速播放
https://new.qq.com/rain/a/20250103A038SI00

2025-01-04 00:34:05,104 - INFO - EXPIRED
民航局回应近期外航安全事故：强化鸟击风险防范，排查跑道安全隐患
https://new.qq.com/rain/a/20250103A03K2X00

2025-01-04 00:34:05,104 - INFO - EXPIRED
湖南滑翔伞坠落身亡教练家属发声：他有多年经验 不知为何突发意外
https://new.qq.com/rain/a/20250103A02T4200

2025-01-04 00:34:05,104 - INFO - EXPIRED
官方：樊振东成为凯迪拉克品牌代言人
https://new.qq.com/rain/a/20250103A03TQD00

2025-01-04 00:34:05,104 - INFO - EXPIRED
体育仲裁中心揭牌成立：强化仲裁保障，对解决足球纠纷有益
https://new.qq.com/rain/a/20250103A03D4N00

2025-01-04 00:34:05,972 - ERROR - ERROR
美国国会开幕首日重演闹剧：特朗普紧急干预，约翰逊艰难连任议长
https://new.qq.com/rain/a/20250104A01BKT00
('list index out of range',)
======
Traceback (most recent call last):
  File "/home/runner/work/qqnews/qqnews/qq.py", line 81, in process_article
    ss = str(tmpbs.select("div.LEFT div.content.clearfix")[0])
             ~~~~~~~~~~~~~~~~~~~~~~~~~~~~~~~~~~~~~~~~~~~~~^^^
IndexError: list index out of range


2025-01-04 00:34:05,986 - ERROR - ERROR
不得不说，韩国再次创造了历史
https://new.qq.com/rain/a/20250104A01N5M00
('list index out of range',)
======
Traceback (most recent call last):
  File "/home/runner/work/qqnews/qqnews/qq.py", line 81, in process_article
    ss = str(tmpbs.select("div.LEFT div.content.clearfix")[0])
             ~~~~~~~~~~~~~~~~~~~~~~~~~~~~~~~~~~~~~~~~~~~~~^^^
IndexError: list index out of range


2025-01-04 00:34:06,005 - ERROR - ERROR
美法官维持特朗普“封口费”案定罪 判决日期定于1月10日
https://new.qq.com/rain/a/20250104A01CJS00
('list index out of range',)
======
Traceback (most recent call last):
  File "/home/runner/work/qqnews/qqnews/qq.py", line 81, in process_article
    ss = str(tmpbs.select("div.LEFT div.content.clearfix")[0])
             ~~~~~~~~~~~~~~~~~~~~~~~~~~~~~~~~~~~~~~~~~~~~~^^^
IndexError: list index out of range


2025-01-04 00:34:06,019 - ERROR - ERROR
弹性提前退休，何时能领养老金？北京人社部门回应
https://new.qq.com/rain/a/20250104A01C2C00
('list index out of range',)
======
Traceback (most recent call last):
  File "/home/runner/work/qqnews/qqnews/qq.py", line 81, in process_article
    ss = str(tmpbs.select("div.LEFT div.content.clearfix")[0])
             ~~~~~~~~~~~~~~~~~~~~~~~~~~~~~~~~~~~~~~~~~~~~~^^^
IndexError: list index out of range


2025-01-04 00:34:06,060 - ERROR - ERROR
马斯克加大火力抨击英国政府 声称英国国王查尔斯应解散议会
https://new.qq.com/rain/a/20250104A015T800
('list index out of range',)
======
Traceback (most recent call last):
  File "/home/runner/work/qqnews/qqnews/qq.py", line 81, in process_article
    ss = str(tmpbs.select("div.LEFT div.content.clearfix")[0])
             ~~~~~~~~~~~~~~~~~~~~~~~~~~~~~~~~~~~~~~~~~~~~~^^^
IndexError: list index out of range


2025-01-04 00:34:06,421 - ERROR - ERROR
美股终结五连跌，特斯拉强势反弹超8%，中概股全面复苏
https://new.qq.com/rain/a/20250104A01LK900
('list index out of range',)
======
Traceback (most recent call last):
  File "/home/runner/work/qqnews/qqnews/qq.py", line 81, in process_article
    ss = str(tmpbs.select("div.LEFT div.content.clearfix")[0])
             ~~~~~~~~~~~~~~~~~~~~~~~~~~~~~~~~~~~~~~~~~~~~~^^^
IndexError: list index out of range


2025-01-04 00:34:06,430 - ERROR - ERROR
欧盟委员会主席冯德莱恩确诊“严重肺炎” 未来两周将缺席公共活动
https://new.qq.com/rain/a/20250104A01IEQ00
('list index out of range',)
======
Traceback (most recent call last):
  File "/home/runner/work/qqnews/qqnews/qq.py", line 81, in process_article
    ss = str(tmpbs.select("div.LEFT div.content.clearfix")[0])
             ~~~~~~~~~~~~~~~~~~~~~~~~~~~~~~~~~~~~~~~~~~~~~^^^
IndexError: list index out of range


2025-01-04 00:34:06,446 - ERROR - ERROR
德国机场电脑故障问题缓解 运行逐步恢复正常
https://new.qq.com/rain/a/20250104A019JT00
('list index out of range',)
======
Traceback (most recent call last):
  File "/home/runner/work/qqnews/qqnews/qq.py", line 81, in process_article
    ss = str(tmpbs.select("div.LEFT div.content.clearfix")[0])
             ~~~~~~~~~~~~~~~~~~~~~~~~~~~~~~~~~~~~~~~~~~~~~^^^
IndexError: list index out of range


2025-01-04 00:34:06,533 - ERROR - ERROR
巴西桥梁倒塌事故已致13人死亡
https://new.qq.com/rain/a/20250104A0196E00
('list index out of range',)
======
Traceback (most recent call last):
  File "/home/runner/work/qqnews/qqnews/qq.py", line 81, in process_article
    ss = str(tmpbs.select("div.LEFT div.content.clearfix")[0])
             ~~~~~~~~~~~~~~~~~~~~~~~~~~~~~~~~~~~~~~~~~~~~~^^^
IndexError: list index out of range


2025-01-04 02:06:58,832 - INFO - EXPIRED
NASA发布卫星图像：在“死亡之海”，中国建起“光伏长城”
https://new.qq.com/rain/a/20250103A0AAT300

2025-01-04 02:06:58,832 - INFO - EXPIRED
早买早“背刺”：提新车不到一周遭降价万元，车市价格战没有赢家
https://new.qq.com/rain/a/20250103A084Q200

2025-01-04 02:06:58,832 - INFO - EXPIRED
生物学博士称多数成人睡7.5小时足够，为何我每天8小时还睡不醒？
https://view.inews.qq.com/a/20250103Q05VFB00

2025-01-04 02:06:58,832 - INFO - EXPIRED
物业经理因“安全隐患”阻挡幼儿园开办被控寻衅滋事，获刑1年5个月
https://new.qq.com/rain/a/20250103A09AIQ00

2025-01-04 02:06:58,832 - INFO - EXPIRED
男子被小客车撞成半瘫对方全责，遭个人意外伤害险拒赔？保险公司：他的机动三轮未年检，坐车上没动也算驾驶
https://new.qq.com/rain/a/20250103A09POL00

2025-01-04 02:06:58,832 - INFO - EXPIRED
流感挤爆三甲医院，这轮感染潮何时结束
https://new.qq.com/rain/a/20250103A08W3Y00

2025-01-04 02:06:58,832 - INFO - EXPIRED
择机降准降息！央行建议“加大货币政策调控强度”，坚决防范汇率超调
https://new.qq.com/rain/a/20250103A0AAZ200

2025-01-04 02:06:58,832 - INFO - EXPIRED
24岁小伙凌晨殒命租住屋，120医生怀疑是脑出血，警方法医称不排除吃太饱撑死？死因尚待进一步确认
https://new.qq.com/rain/a/20250103A08Q2F00

2025-01-04 02:06:58,832 - INFO - EXPIRED
复盘2024年直播电商：董宇辉单飞，李子柒归来，创一代二代下场带货
https://new.qq.com/rain/a/20250103A08S3V00

2025-01-04 02:06:58,832 - INFO - EXPIRED
广西柳州被曝换表后燃气费异常增加，涉事公司回应，当地要求答疑
https://new.qq.com/rain/a/20250103A06A4S00

2025-01-04 02:06:58,832 - INFO - EXPIRED
又一茅台原董事长被查背后
https://new.qq.com/rain/a/20250103A09D0Q00

2025-01-04 02:06:58,832 - INFO - EXPIRED
开年黄金卖疯了！买金要先拿号，消费者排队8小时，梵克雅宝都不香了
https://new.qq.com/rain/a/20250103A09O1S00

2025-01-04 02:06:58,832 - INFO - EXPIRED
网传演员张颂文被税务部门约谈，因收入申报与实际所得“严重不符”
https://new.qq.com/rain/a/20250103A0A8EE00

2025-01-04 02:06:58,832 - INFO - EXPIRED
卢卡申科透露将访华：“与中国合作是一件伟大的事”
https://new.qq.com/rain/a/20250103A09Z5L00

2025-01-04 02:06:58,832 - INFO - EXPIRED
南京一高中宿舍半夜起火，多方回应｜有料
https://new.qq.com/rain/a/20250103A08Z2100

2025-01-04 02:06:58,832 - INFO - EXPIRED
涉及德国日本，俄常驻联合国代表强硬表态
https://new.qq.com/rain/a/20250103A09MZK00

2025-01-04 02:06:58,832 - INFO - EXPIRED
超市丢千万元托盘，让全员每人赔500元，这么做合理吗？
https://view.inews.qq.com/a/20250103Q096CA00

2025-01-04 02:06:58,832 - INFO - EXPIRED
“爷爷不泡茶”一门店开业送烟？企业：已对涉事门店从重处罚
https://new.qq.com/rain/a/20250103A078KR00

2025-01-04 02:06:58,832 - INFO - EXPIRED
用户集体起诉Siri“偷听”，苹果同意花6.9亿元和解
https://new.qq.com/rain/a/20250103A05ZQ100

2025-01-04 02:06:58,832 - INFO - EXPIRED
菲律宾内斗再升级，菲总统马科斯将副总统莎拉“逐出”国安会
https://new.qq.com/rain/a/20250103A09MII00

2025-01-04 02:06:58,832 - INFO - EXPIRED
雷军、罗振宇、吴晓波⋯⋯“大佬们”的跨年演讲，他们为何如此乐观
https://new.qq.com/rain/a/20250103A09PUL00

2025-01-04 02:06:58,832 - INFO - EXPIRED
银川地震亲历者称更多是心理折磨：上个冬天也曾地震，有人在车里过夜，有人对爆竹声敏感
https://new.qq.com/rain/a/20250103A07D5X00

2025-01-04 02:06:58,832 - INFO - EXPIRED
男子吃了顿烤肉竟得了戊肝，这是什么病毒？容易通过哪些途径感染？
https://view.inews.qq.com/a/20250103Q01R9P00

2025-01-04 02:06:58,832 - INFO - EXPIRED
网传广东河源一小轿车高速撞翻大货车后“解体”，警方通报：致1死2伤
https://new.qq.com/rain/a/20250103A09HL300

2025-01-04 02:06:58,832 - INFO - EXPIRED
“工行被诉未授权批量开通养老金账户”一审：赔偿储户5000元
https://new.qq.com/rain/a/20250103A09R0E00

2025-01-04 02:06:58,832 - INFO - EXPIRED
山西一医生参与婴儿买卖？涉事医院：当事人已被免职，当地开展调查
https://new.qq.com/rain/a/20250103A07UJR00

2025-01-04 02:06:58,832 - INFO - EXPIRED
广州一站点开出超5亿大奖，福彩中心：中奖者已兑奖，纳税超亿元
https://new.qq.com/rain/a/20250103A09GMI00

2025-01-04 02:06:58,832 - INFO - EXPIRED
村民在自家露天熏腊肉被罚200元，镇政府：系警示教育，已退还
https://new.qq.com/rain/a/20250103A067XB00

2025-01-04 02:06:58,832 - INFO - EXPIRED
韩国代总统任命宪法法官引发争议，韩国央行行长为何“罕见”发声支持
https://new.qq.com/rain/a/20250103A08JD800

2025-01-04 02:06:58,832 - INFO - EXPIRED
银川地震瞬间男孩背起残障同学逃生 学校：品质优秀 会进行表扬
https://new.qq.com/rain/a/20250103V05NVS00

2025-01-04 02:06:58,832 - INFO - EXPIRED
拜登阻止日本制铁对美国钢铁公司的拟议收购
https://new.qq.com/rain/a/20250103A09JZ500

2025-01-04 02:06:58,832 - INFO - EXPIRED
弗朗西斯·福山拱火：美国没法部署足够军力阻止中国，得拉上日本
https://new.qq.com/rain/a/20250103A08RYG00

2025-01-04 02:06:58,832 - INFO - EXPIRED
国务院常务会议：保障农民工工资支付 加大力度整治欠薪问题
https://new.qq.com/rain/a/20250103A090K300

2025-01-04 02:06:58,832 - INFO - EXPIRED
“伊朗俄罗斯曾向阿萨德提供情报” 伊外长透露叙利亚变局前重要细节
https://new.qq.com/rain/a/20250103A08HE500

2025-01-04 02:06:58,832 - INFO - EXPIRED
20名相关责任人被处理 “11·1”黑河列车脱轨事故调查情况公布
https://new.qq.com/rain/a/20250103A09AQK00

2025-01-04 02:06:58,832 - INFO - EXPIRED
“超市被员工偷倒闭”当事人：因丈夫生病引入合伙人，1700多元商品被收银员家人“1元购”
https://new.qq.com/rain/a/20250103A07KN900

2025-01-04 02:06:58,833 - INFO - EXPIRED
甘肃一中学校门前有百余级台阶引关注，当地宣传部：学校地势较高，建校开始一直有台阶
https://new.qq.com/rain/a/20250103A0689H00

2025-01-04 02:06:58,833 - INFO - EXPIRED
马斯克在元旦前捐赠1.12亿美元特斯拉股票，为什么要压哨捐？
https://view.inews.qq.com/a/20250103Q01XK600

2025-01-04 02:06:58,833 - INFO - EXPIRED
德国上个月电价飙至18年来新高，新年又现负电价，到底缺不缺电？
https://view.inews.qq.com/a/20250103Q04VPS00

2025-01-04 02:06:58,833 - INFO - EXPIRED
泽连斯基：特朗普可以对俄乌冲突结果发挥“决定性”影响
https://new.qq.com/rain/a/20250103A08V9F00

2025-01-04 02:06:58,833 - INFO - EXPIRED
小米极速冲向万亿
https://new.qq.com/rain/a/20250103A08X5700

2025-01-04 02:06:58,833 - INFO - EXPIRED
香港飞釜山一客机起落架故障，复飞后安全降落，机型为空客321
https://new.qq.com/rain/a/20250103A07L2200

2025-01-04 02:06:58,833 - INFO - EXPIRED
人民币汇率突然跳水！在岸人民币兑美元跌破7.3大关，发生了什么
https://new.qq.com/rain/a/20250103A06OG300

2025-01-04 02:06:58,833 - INFO - EXPIRED
韩媒：布林肯将访问韩国，系“尹锡悦被弹劾以来首次”
https://new.qq.com/rain/a/20250103A06OOC00

2025-01-04 02:06:58,833 - INFO - EXPIRED
上海1000多个楼顶水箱浮力球被盗，警方：有人冒充维修工作案
https://new.qq.com/rain/a/20250103A052DO00

2025-01-04 02:06:58,833 - INFO - EXPIRED
违规操办儿子婚宴、女儿“周岁宴”、孙女“百日宴”，多人被公开通报
https://new.qq.com/rain/a/20250103A069CY00

2025-01-04 02:06:58,833 - INFO - EXPIRED
河南一初中生在校被同学针刺文身：遭持刀威胁还曾被打 警方已介入处理
https://new.qq.com/rain/a/20250103A07J3H00

2025-01-04 02:06:58,833 - INFO - EXPIRED
国办：涉企行政检查以属地管辖为原则 严禁违规实施异地检查
https://new.qq.com/rain/a/20250103A075I100

2025-01-04 02:06:58,833 - INFO - EXPIRED
韩国一座8层建筑起火：浓烟覆盖大楼有人被困屋顶 居民逃生画面曝光
https://new.qq.com/rain/a/20250103V07L1W00

2025-01-04 02:06:58,833 - INFO - EXPIRED
《个人所得税综合所得汇算清缴管理办法》公开征求意见
https://new.qq.com/rain/a/20250103A06ZSG00

2025-01-04 02:06:58,833 - INFO - EXPIRED
胖东来公布员工结婚执行标准 ：不允许依靠父母积蓄买房买车
https://new.qq.com/rain/a/20250103A061I000

2025-01-04 02:06:58,833 - INFO - EXPIRED
银川市民收到地震预警小程序霸屏通知？地震台网回应：请根据指引进行操作
https://new.qq.com/rain/a/20250103A04EWU00

2025-01-04 02:06:58,833 - INFO - EXPIRED
上海258元一份蛋炒饭引热议，商家：可供8到10人食用，卖得很好
https://new.qq.com/rain/a/20250103A06SA700

2025-01-04 02:06:58,833 - INFO - EXPIRED
国家网信办就《个人信息出境个人信息保护认证办法（征求意见稿）》公开征求意见
https://new.qq.com/rain/a/20250103A073NF00

2025-01-04 02:06:58,833 - INFO - EXPIRED
丢失总价千万元托盘后，超市让全体员工每人赔500元？律师解读
https://new.qq.com/rain/a/20250103A05PSD00

2025-01-04 02:06:58,833 - INFO - EXPIRED
再曝非正常死亡，“指居”制度何去何从？
https://new.qq.com/rain/a/20250103A03HPK00

2025-01-04 02:06:58,833 - INFO - EXPIRED
欧洲屡现负电价，德国发电商再次向用户付费以消耗多余电力
https://new.qq.com/rain/a/20250103A042P700

2025-01-04 02:06:58,833 - INFO - EXPIRED
80%清华毕业生出国不归？2024届清华毕业生就业数据辟谣
https://new.qq.com/rain/a/20250103A03MFA00

2025-01-04 02:06:58,833 - INFO - EXPIRED
2024地方政府借钱逼近10万亿元，花哪儿了
https://new.qq.com/rain/a/20250103A04EDC00

2025-01-04 02:06:58,833 - INFO - EXPIRED
韩国京畿道商业楼灭火工作初步完成 数十人已获救或自救
https://new.qq.com/rain/a/20250103A06QJ300

2025-01-04 02:06:58,833 - INFO - EXPIRED
激进购买国债被约谈？国金基金回应：完全不实
https://new.qq.com/rain/a/20250103A06K0D00

2025-01-04 02:06:58,833 - INFO - EXPIRED
出售美墨边境墙建设材料，马斯克指控拜登“100%叛国”
https://new.qq.com/rain/a/20250103A03O9U00

2025-01-04 02:06:58,833 - INFO - EXPIRED
拜登政府称考虑禁止中国无人机进入美国，外交部回应
https://new.qq.com/rain/a/20250103A064NZ00

2025-01-04 02:06:58,833 - INFO - EXPIRED
华为千元机回归“5G速度”，“王者归来”还差临门一脚
https://new.qq.com/rain/a/20250103A06FWW00

2025-01-04 02:06:58,833 - INFO - EXPIRED
2024年楼市“翘尾”收官：核心城市新房、二手房成交双双上扬
https://new.qq.com/rain/a/20250103A05VBW00

2025-01-04 02:06:58,833 - INFO - EXPIRED
千亿民营钢企破产重整背后：江苏溧阳国资被指拒付超10亿欠款
https://new.qq.com/rain/a/20241231A09BO000

2025-01-04 02:06:58,833 - INFO - EXPIRED
韩调查人员尝试逮捕尹锡悦，与总统警卫对峙数小时，为何不硬闯？
https://view.inews.qq.com/a/20250103Q02K4R00

2025-01-04 02:06:58,833 - INFO - EXPIRED
车企市值排名“巨变”：21家中国车企进TOP50，小米、比亚迪分列三四
https://new.qq.com/rain/a/20250103A05W9A00

2025-01-04 02:06:58,833 - INFO - EXPIRED
非法收受巨额财物，云南省原副省长李石松被决定逮捕
https://new.qq.com/rain/a/20250103A05S8600

2025-01-04 02:06:58,833 - INFO - EXPIRED
欧洲“俄气时代终结”：乌克兰“关闸”损人不利己，美国成大赢家
https://new.qq.com/rain/a/20250103A04EC500

2025-01-04 02:06:58,833 - INFO - EXPIRED
银川24小时发生11次地震：有市民车上过夜 有居民凌晨跑出避险
https://new.qq.com/rain/a/20250103A04RCC00

2025-01-04 02:06:58,833 - INFO - EXPIRED
美军卡尔文森航母打击群再次进入南海
https://new.qq.com/rain/a/20250103A05FT100

2025-01-04 02:06:58,833 - INFO - EXPIRED
董明珠为什么抓着小米不放？
https://new.qq.com/rain/a/20250103A05J3800

2025-01-04 02:06:58,833 - INFO - EXPIRED
柯文哲遭羁押回笼，确定台北看守所过年，除夕晚餐有佛跳墙
https://new.qq.com/rain/a/20250103A04TXN00

2025-01-04 02:06:58,833 - INFO - EXPIRED
男子称被收养了7次 认亲16年发现“亲爹”是假的：当时说我是他私生子
https://new.qq.com/rain/a/20250103A04B4S00

2025-01-04 02:06:58,833 - INFO - EXPIRED
ASML的投资者日，透露了哪些行业发展趋势？
https://new.qq.com/rain/a/20250103A0567M00

2025-01-04 02:06:58,833 - INFO - EXPIRED
起底中医诊所药王谷：宣称能治疗癌症，一场策划高手与破落商人的合谋
https://new.qq.com/rain/a/20250103A04H1T00

2025-01-04 02:06:58,833 - INFO - EXPIRED
美媒爆料：拜登已决定正式阻止新日铁收购美国钢铁公司
https://new.qq.com/rain/a/20250103A05CJ300

2025-01-04 02:06:58,833 - INFO - EXPIRED
福建最长寿老人今日出殡 膝下子孙100多人 村干部：老人100岁还能自理
https://new.qq.com/rain/a/20250103A03D6G00

2025-01-04 02:06:58,833 - INFO - EXPIRED
男子出价5元卖高峰期地铁座位，上海轨交警方：系自编自演，已行拘
https://new.qq.com/rain/a/20250103A04JN300

2025-01-04 02:06:58,833 - INFO - EXPIRED
国家发改委：推动房地产市场止跌回稳，继续提振资本市场
https://new.qq.com/rain/a/20250103A0326S00

2025-01-04 02:06:58,833 - INFO - EXPIRED
要么恢复俄气过境，要么赔钱！斯洛伐克威胁将报复乌克兰
https://new.qq.com/rain/a/20250103A01NZE00

2025-01-04 02:06:58,833 - INFO - EXPIRED
双色球2025年首期开奖，广州一站点开出超5亿大奖，广州福彩回应
https://new.qq.com/rain/a/20250103A04DX900

2025-01-04 02:06:59,778 - ERROR - ERROR
单位员工用国家秘密送人情被罚 国家安全机关提示
https://new.qq.com/rain/a/20250104A01XGW00
('list index out of range',)
======
Traceback (most recent call last):
  File "/home/runner/work/qqnews/qqnews/qq.py", line 81, in process_article
    ss = str(tmpbs.select("div.LEFT div.content.clearfix")[0])
             ~~~~~~~~~~~~~~~~~~~~~~~~~~~~~~~~~~~~~~~~~~~~~^^^
IndexError: list index out of range


2025-01-04 02:06:59,784 - ERROR - ERROR
反腐为了人民——年度反腐大片即将开播
https://new.qq.com/rain/a/20250104A029C000
('list index out of range',)
======
Traceback (most recent call last):
  File "/home/runner/work/qqnews/qqnews/qq.py", line 81, in process_article
    ss = str(tmpbs.select("div.LEFT div.content.clearfix")[0])
             ~~~~~~~~~~~~~~~~~~~~~~~~~~~~~~~~~~~~~~~~~~~~~^^^
IndexError: list index out of range


2025-01-04 02:06:59,846 - ERROR - ERROR
不得不说，韩国再次创造了历史
https://new.qq.com/rain/a/20250104A01N5M00
('list index out of range',)
======
Traceback (most recent call last):
  File "/home/runner/work/qqnews/qqnews/qq.py", line 81, in process_article
    ss = str(tmpbs.select("div.LEFT div.content.clearfix")[0])
             ~~~~~~~~~~~~~~~~~~~~~~~~~~~~~~~~~~~~~~~~~~~~~^^^
IndexError: list index out of range


2025-01-04 02:06:59,853 - ERROR - ERROR
外媒：拜登正式阻止日本制铁公司收购美国钢铁公司，招致两家涉事企业严厉批评
https://new.qq.com/rain/a/20250104A026ZW00
('list index out of range',)
======
Traceback (most recent call last):
  File "/home/runner/work/qqnews/qqnews/qq.py", line 81, in process_article
    ss = str(tmpbs.select("div.LEFT div.content.clearfix")[0])
             ~~~~~~~~~~~~~~~~~~~~~~~~~~~~~~~~~~~~~~~~~~~~~^^^
IndexError: list index out of range


2025-01-04 02:06:59,857 - ERROR - ERROR
有中国留学人员返美时因I-20表格无效而无法入境，中国驻洛杉矶总领馆提醒
https://new.qq.com/rain/a/20250104A01WH700
('list index out of range',)
======
Traceback (most recent call last):
  File "/home/runner/work/qqnews/qqnews/qq.py", line 81, in process_article
    ss = str(tmpbs.select("div.LEFT div.content.clearfix")[0])
             ~~~~~~~~~~~~~~~~~~~~~~~~~~~~~~~~~~~~~~~~~~~~~^^^
IndexError: list index out of range


2025-01-04 02:07:00,359 - ERROR - ERROR
副区长搭档网红主播卖房，已获104套认购 本人回应：刚开始真的很矛盾
https://new.qq.com/rain/a/20250104A022TO00
('list index out of range',)
======
Traceback (most recent call last):
  File "/home/runner/work/qqnews/qqnews/qq.py", line 81, in process_article
    ss = str(tmpbs.select("div.LEFT div.content.clearfix")[0])
             ~~~~~~~~~~~~~~~~~~~~~~~~~~~~~~~~~~~~~~~~~~~~~^^^
IndexError: list index out of range


2025-01-04 02:07:00,415 - ERROR - ERROR
一线城市楼市成交齐创新高，中介：已做好迎接“金三银四”的准备
https://new.qq.com/rain/a/20250104A01QOG00
('list index out of range',)
======
Traceback (most recent call last):
  File "/home/runner/work/qqnews/qqnews/qq.py", line 81, in process_article
    ss = str(tmpbs.select("div.LEFT div.content.clearfix")[0])
             ~~~~~~~~~~~~~~~~~~~~~~~~~~~~~~~~~~~~~~~~~~~~~^^^
IndexError: list index out of range


2025-01-04 02:07:00,473 - ERROR - ERROR
创造历史！中国队首夺钢架雪车世界杯混合团体冠军
https://new.qq.com/rain/a/20250104A01VXJ00
('list index out of range',)
======
Traceback (most recent call last):
  File "/home/runner/work/qqnews/qqnews/qq.py", line 81, in process_article
    ss = str(tmpbs.select("div.LEFT div.content.clearfix")[0])
             ~~~~~~~~~~~~~~~~~~~~~~~~~~~~~~~~~~~~~~~~~~~~~^^^
IndexError: list index out of range


2025-01-04 02:07:00,508 - ERROR - ERROR
弹性提前退休，何时能领养老金？北京人社部门回应
https://new.qq.com/rain/a/20250104A01C2C00
('list index out of range',)
======
Traceback (most recent call last):
  File "/home/runner/work/qqnews/qqnews/qq.py", line 81, in process_article
    ss = str(tmpbs.select("div.LEFT div.content.clearfix")[0])
             ~~~~~~~~~~~~~~~~~~~~~~~~~~~~~~~~~~~~~~~~~~~~~^^^
IndexError: list index out of range


2025-01-04 02:07:00,708 - ERROR - ERROR
美国国会开幕首日重演闹剧：特朗普紧急干预，约翰逊艰难连任议长
https://new.qq.com/rain/a/20250104A01BKT00
('list index out of range',)
======
Traceback (most recent call last):
  File "/home/runner/work/qqnews/qqnews/qq.py", line 81, in process_article
    ss = str(tmpbs.select("div.LEFT div.content.clearfix")[0])
             ~~~~~~~~~~~~~~~~~~~~~~~~~~~~~~~~~~~~~~~~~~~~~^^^
IndexError: list index out of range


2025-01-04 02:07:01,007 - ERROR - ERROR
马斯克加大火力抨击英国政府 声称英国国王查尔斯应解散议会
https://new.qq.com/rain/a/20250104A015T800
('list index out of range',)
======
Traceback (most recent call last):
  File "/home/runner/work/qqnews/qqnews/qq.py", line 81, in process_article
    ss = str(tmpbs.select("div.LEFT div.content.clearfix")[0])
             ~~~~~~~~~~~~~~~~~~~~~~~~~~~~~~~~~~~~~~~~~~~~~^^^
IndexError: list index out of range


2025-01-04 02:07:01,019 - ERROR - ERROR
泽连斯基称“尚未决定是否竞选连任”，俄媒：或意在向美国新一届政府表态以寻求支持
https://new.qq.com/rain/a/20250104A01IFS00
('list index out of range',)
======
Traceback (most recent call last):
  File "/home/runner/work/qqnews/qqnews/qq.py", line 81, in process_article
    ss = str(tmpbs.select("div.LEFT div.content.clearfix")[0])
             ~~~~~~~~~~~~~~~~~~~~~~~~~~~~~~~~~~~~~~~~~~~~~^^^
IndexError: list index out of range


2025-01-04 02:07:01,052 - ERROR - ERROR
美股终结五连跌，特斯拉强势反弹超8%，中概股全面复苏
https://new.qq.com/rain/a/20250104A01LK900
('list index out of range',)
======
Traceback (most recent call last):
  File "/home/runner/work/qqnews/qqnews/qq.py", line 81, in process_article
    ss = str(tmpbs.select("div.LEFT div.content.clearfix")[0])
             ~~~~~~~~~~~~~~~~~~~~~~~~~~~~~~~~~~~~~~~~~~~~~^^^
IndexError: list index out of range


2025-01-04 02:07:01,076 - ERROR - ERROR
欧盟委员会主席冯德莱恩确诊“严重肺炎” 未来两周将缺席公共活动
https://new.qq.com/rain/a/20250104A01IEQ00
('list index out of range',)
======
Traceback (most recent call last):
  File "/home/runner/work/qqnews/qqnews/qq.py", line 81, in process_article
    ss = str(tmpbs.select("div.LEFT div.content.clearfix")[0])
             ~~~~~~~~~~~~~~~~~~~~~~~~~~~~~~~~~~~~~~~~~~~~~^^^
IndexError: list index out of range


2025-01-04 02:07:01,285 - ERROR - ERROR
美法官维持特朗普“封口费”案定罪 判决日期定于1月10日
https://new.qq.com/rain/a/20250104A01CJS00
('list index out of range',)
======
Traceback (most recent call last):
  File "/home/runner/work/qqnews/qqnews/qq.py", line 81, in process_article
    ss = str(tmpbs.select("div.LEFT div.content.clearfix")[0])
             ~~~~~~~~~~~~~~~~~~~~~~~~~~~~~~~~~~~~~~~~~~~~~^^^
IndexError: list index out of range


2025-01-04 02:07:01,648 - ERROR - ERROR
德国机场电脑故障问题缓解 运行逐步恢复正常
https://new.qq.com/rain/a/20250104A019JT00
('list index out of range',)
======
Traceback (most recent call last):
  File "/home/runner/work/qqnews/qqnews/qq.py", line 81, in process_article
    ss = str(tmpbs.select("div.LEFT div.content.clearfix")[0])
             ~~~~~~~~~~~~~~~~~~~~~~~~~~~~~~~~~~~~~~~~~~~~~^^^
IndexError: list index out of range


2025-01-04 02:07:01,661 - ERROR - ERROR
巴西桥梁倒塌事故已致13人死亡
https://new.qq.com/rain/a/20250104A0196E00
('list index out of range',)
======
Traceback (most recent call last):
  File "/home/runner/work/qqnews/qqnews/qq.py", line 81, in process_article
    ss = str(tmpbs.select("div.LEFT div.content.clearfix")[0])
             ~~~~~~~~~~~~~~~~~~~~~~~~~~~~~~~~~~~~~~~~~~~~~^^^
IndexError: list index out of range


