2024-11-06 00:34:01,127 - INFO - EXPIRED
柳州“烂尾轻轨”被拆背后：当年规划线路都未开通 两任市委书记均因“政绩工程”落马
https://new.qq.com/rain/a/20241105A0942I00

2024-11-06 00:34:01,127 - INFO - EXPIRED
河南一女子遭丈夫杀害，家属：她一边逃跑一边打电话喊“妈妈救命”
https://new.qq.com/rain/a/20241105A093MY00

2024-11-06 00:34:01,127 - INFO - EXPIRED
孟加拉国拖欠8.5亿美元电费，被印度前首富断电，为何要从他家买电？不买会怎样？
https://view.inews.qq.com/a/20241105Q09A7000

2024-11-06 00:34:01,127 - INFO - EXPIRED
全国人大常委会听取金融工作报告：下一步坚持支持性货币政策立场
https://new.qq.com/rain/a/20241105A09ZAF00

2024-11-06 00:34:01,128 - INFO - EXPIRED
海南琼海通报一对父女被大水冲走：女儿身体无恙，父亲已无生命体征
https://new.qq.com/rain/a/20241105A09Z1800

2024-11-06 00:34:01,128 - INFO - EXPIRED
港媒：霍启刚不点名批杜琪峰，“若有心推进电影业向前，不应在外媒唱衰香港”
https://new.qq.com/rain/a/20241105A09NQ000

2024-11-06 00:34:01,128 - INFO - EXPIRED
三款五代隐身战机将齐聚中国，解读来了
https://new.qq.com/rain/a/20241105A09V1900

2024-11-06 00:34:01,128 - INFO - EXPIRED
被免职3年后，湖南株洲市公安局原局长李晓葵被查
https://new.qq.com/rain/a/20241105A09Y6Z00

2024-11-06 00:34:01,128 - INFO - EXPIRED
3名中国人在刚果（金）杀害同胞，二审被判死刑！曾敲诈勒索
https://new.qq.com/rain/a/20241105A04KLN00

2024-11-06 00:34:01,128 - INFO - EXPIRED
“徒步道路边有头骨和盆骨”霍州警方通报：初步排除刑事案件
https://new.qq.com/rain/a/20241105A08TC000

2024-11-06 00:34:01,128 - INFO - EXPIRED
“8个瑞士卷怎么分”被质疑是剧本，社区称正入户调查，当事人发声
https://new.qq.com/rain/a/20241105A08W3N00

2024-11-06 00:34:01,128 - INFO - EXPIRED
女子24小时内接受6个整容手术后不幸死亡，家属索赔约118万元
https://new.qq.com/rain/a/20241105A06ZP000

2024-11-06 00:34:01,128 - INFO - EXPIRED
大富科技创始人孙尚传所持全部公司股份被司法冻结
https://new.qq.com/rain/a/20241105A09JSJ00

2024-11-06 00:34:01,128 - INFO - EXPIRED
父亲带姐弟俩进山游玩，疑将未燃尽木炭带进房取暖，两个孩子不幸身亡
https://new.qq.com/rain/a/20241105A07GX300

2024-11-06 00:34:01,128 - INFO - EXPIRED
特朗普称若当选将加征关税迫使墨西哥控制边境贩毒，这招儿能管用吗？
https://view.inews.qq.com/a/20241105Q05YB000

2024-11-06 00:34:01,128 - INFO - EXPIRED
涉嫌集资诈骗 鼎益丰隋某义等人被采取刑事强制措施
https://new.qq.com/rain/a/20241105A0A0DE00

2024-11-06 00:34:01,128 - INFO - EXPIRED
担忧选举结果引发暴乱  美国51位总检察长呼吁“和平移交权力”
https://new.qq.com/rain/a/20241105A09R8900

2024-11-06 00:34:01,128 - INFO - EXPIRED
中科院等提出制造高密度单原子催化剂新方法，如何通俗理解这项重要的基础研究？
https://view.inews.qq.com/a/20241104Q08AFE00

2024-11-06 00:34:01,128 - INFO - EXPIRED
美国大选结果对全球金融市场影响有多大？是机会还是风险？
https://view.inews.qq.com/a/20241105Q059IB00

2024-11-06 00:34:01,128 - INFO - EXPIRED
被驱逐出中国的他，早就“翻车”了
https://new.qq.com/rain/a/20241105A07GYR00

2024-11-06 00:34:01,128 - INFO - EXPIRED
重庆政法委书记陆克华落马第2天 南岸区长王茂春和城投董事长王岳被查
https://new.qq.com/rain/a/20241105A092I300

2024-11-06 00:34:01,128 - INFO - EXPIRED
蒂芙尼成都太古里店被砸，警方：涉事女子与其母发生争执，情绪失控
https://new.qq.com/rain/a/20241105A090XD00

2024-11-06 00:34:01,128 - INFO - EXPIRED
广西柳州一女子喝醉在路边被强暴后自杀？警方通报：为不实信息
https://new.qq.com/rain/a/20241105A09S3100

2024-11-06 00:34:01,128 - INFO - EXPIRED
家长称学校推荐的书店突然关门，多位家长押金难退，官方回应
https://new.qq.com/rain/a/20241105A08L6P00

2024-11-06 00:34:01,128 - INFO - EXPIRED
字节跳动通报反腐及违规处理，11人被公安机关立案侦查
https://new.qq.com/rain/a/20241105A07SRJ00

2024-11-06 00:34:01,128 - INFO - EXPIRED
网友称洗衣机洗床单需叠起来洗才正确，是何原理？这些年我们都洗错了吗？
https://view.inews.qq.com/a/20241105Q08ZBG00

2024-11-06 00:34:01,128 - INFO - EXPIRED
首席专家透露：歼35系列是一机多型、空海孪生
https://new.qq.com/rain/a/20241105A08SNU00

2024-11-06 00:34:01,128 - INFO - EXPIRED
李强出席第七届中国国际进口博览会开幕式并发表主旨演讲
https://new.qq.com/rain/a/20241105A08VRI00

2024-11-06 00:34:01,128 - INFO - EXPIRED
李云泽：聚焦重点领域和薄弱环节 加力落实稳增长一揽子增量政策
https://new.qq.com/rain/a/20241105A0953400

2024-11-06 00:34:01,128 - INFO - EXPIRED
特朗普称将因芬太尼问题对中国征收关税，外交部：不评论竞选言论
https://new.qq.com/rain/a/20241105A08AMI00

2024-11-06 00:34:01,128 - INFO - EXPIRED
网传成都一商贩与城管发生冲突，城管局回应：有同事受伤，警方已介入
https://new.qq.com/rain/a/20241105A07R5Z00

2024-11-06 00:34:01,128 - INFO - EXPIRED
11月中旬择机发射 天舟八号飞行任务标识调整
https://new.qq.com/rain/a/20241105A087ZD00

2024-11-06 00:34:01,128 - INFO - EXPIRED
“8个瑞士卷怎么分”引热议，为何家庭摩擦成全网话题？什么人在炮制这类话题？
https://view.inews.qq.com/a/20241105Q02NSU00

2024-11-06 00:34:01,128 - INFO - EXPIRED
广州海珠发生持刀伤人事件，居委会：凶手被警方带走
https://new.qq.com/rain/a/20241105A07HTG00

2024-11-06 00:34:01,128 - INFO - EXPIRED
“上海民警猥亵继女”案将开庭，女孩母亲：为自己曾经软弱和轻信自责
https://new.qq.com/rain/a/20241105A06L8G00

2024-11-06 00:34:01,128 - INFO - EXPIRED
被查前2个月还在收钱，周清玉判了
https://new.qq.com/rain/a/20241105A06ZLN00

2024-11-06 00:34:01,128 - INFO - EXPIRED
四川一学校在家长群强推医保，街道办称有任务量，当地医保局否认
https://new.qq.com/rain/a/20241105A05SE400

2024-11-06 00:34:01,128 - INFO - EXPIRED
新进展！国泰君安换股合并海通证券已获上海市政府批复同意
https://new.qq.com/rain/a/20241105A07RVY00

2024-11-06 00:34:01,128 - INFO - EXPIRED
中方对缅甸军政府领导人敏昂莱来华参会有何期待？外交部回应
https://new.qq.com/rain/a/20241105A05NXN00

2024-11-06 00:34:01,128 - INFO - EXPIRED
北京方正宽带跑路，“百万用户”被断网，小型宽带公司怎么运转的？用户如何维权？
https://view.inews.qq.com/a/20241105Q03AHO00

2024-11-06 00:34:01,128 - INFO - EXPIRED
首次！工信部召开低空领导小组会议 政策支持下产业订单潮可期
https://new.qq.com/rain/a/20241105A06GZX00

2024-11-06 00:34:01,128 - INFO - EXPIRED
落马市委书记的“政绩工程”将被拆除，当地人戏称“纪念碑”
https://new.qq.com/rain/a/20241105A04RH100

2024-11-06 00:34:01,128 - INFO - EXPIRED
网传山东一高中女生带多人勒索初中生，还逼其下跪吃烟头，教育局回应
https://new.qq.com/rain/a/20241105A04WFV00

2024-11-06 00:34:01,128 - INFO - EXPIRED
北京马拉松“自降身份”致3万人奖牌全错，组委会致歉：会重新邮寄
https://new.qq.com/rain/a/20241105A05XZ000

2024-11-06 00:34:01,128 - INFO - EXPIRED
罕见！韩媒：尹锡悦缺席施政演说、由总理代为宣读，系韩国近11年来首次出现
https://new.qq.com/rain/a/20241105A00T6K00

2024-11-06 00:34:01,128 - INFO - EXPIRED
美国芯片“卡脖子”：特朗普的“快刀”、拜登的“钝刀”
https://new.qq.com/rain/a/20241105A041IF00

2024-11-06 00:34:01,128 - INFO - EXPIRED
“内事不决问张昭”的三国重臣张昭墓已找到，怎么确定是他的墓？他的墓价值有多大？
https://view.inews.qq.com/a/20241105Q03T6Z00

2024-11-06 00:34:01,128 - INFO - EXPIRED
卫生巾过期13年被篡改日期再销售？售卖方被市监局罚款2688元
https://new.qq.com/rain/a/20241105A03N8X00

2024-11-06 00:34:01,128 - INFO - EXPIRED
阿斯利康骗保案持续发酵：中国区总裁王磊配合调查，传监察委已介入
https://new.qq.com/rain/a/20241105A01ZCZ00

2024-11-06 00:34:01,128 - INFO - EXPIRED
苹果计划进军智能眼镜市场，这个市场前景如何？会重蹈Vision Pro的覆辙吗？
https://view.inews.qq.com/a/20241105Q04O6D00

2024-11-06 00:34:01,128 - INFO - EXPIRED
失踪人数不明、上万军警出动，地下停车场成西班牙“世纪洪灾”焦点
https://new.qq.com/rain/a/20241105A00MTV00

2024-11-06 00:34:01,128 - INFO - EXPIRED
班主任家长群强推医保，不买的话学生停课，给孩子买医保有哪些好处？怎么买合适？
https://view.inews.qq.com/a/20241105Q01GFN00

2024-11-06 00:34:01,128 - INFO - EXPIRED
中国10月财新服务业PMI为52，回升至近三个月高点
https://new.qq.com/rain/a/20241105A02TL100

2024-11-06 00:34:01,128 - INFO - EXPIRED
中日举行高级别政治对话，日媒：会谈超出预定时间，持续约四个半小时
https://new.qq.com/rain/a/20241105A00SU400

2024-11-06 00:34:01,128 - INFO - EXPIRED
车企涌进大模型：喊的最凶，用的最少｜AI光年
https://new.qq.com/rain/a/20241105A0258X00

2024-11-06 00:34:01,128 - INFO - EXPIRED
李开复：美国发明个黑科技我们就能赶超一个 中国App最后一定比美国好
https://new.qq.com/rain/a/20241105A04EME00

2024-11-06 00:34:01,128 - INFO - EXPIRED
无人机飞手月薪过万，却招不到人？从业者：学费一两万，工资才四千多
https://new.qq.com/rain/a/20241104A083ZU00

2024-11-06 00:34:01,129 - INFO - EXPIRED
孟加拉国欠印度电厂8.5亿美元电费被断电，身为“千河之国”为何不自己水力发电？
https://view.inews.qq.com/a/20241105Q023XZ00

2024-11-06 00:34:01,129 - INFO - EXPIRED
男子因家庭纠纷杀妻，女方家属：他开车撞完又拖进小竹林捅了十几刀
https://new.qq.com/rain/a/20241105A03VTU00

2024-11-06 00:34:01,129 - INFO - EXPIRED
重庆政法委书记陆克华被查，“广阳岛事件”或为导火索
https://new.qq.com/rain/a/20241105A01MR300

2024-11-06 00:34:01,129 - INFO - EXPIRED
贵州通报：一副县长任镇书记时盲目实施乡村游项目等，致政府债务激增
https://new.qq.com/rain/a/20241104A07AIF00

2024-11-06 00:34:01,129 - INFO - EXPIRED
乌克兰称已同朝鲜军队发生交战，韩国称有上万名朝鲜士兵进入俄罗斯
https://new.qq.com/rain/a/20241105A035CL00

2024-11-06 00:34:01,129 - INFO - EXPIRED
宽带商家也跑路？北京“百万用户”被断网，钱退不回、转网转不明白
https://new.qq.com/rain/a/20241104A09C4N00

2024-11-06 00:34:01,129 - INFO - EXPIRED
“8个瑞士卷怎么分”引热议，媒体：别成为“小学生巴黎丢寒假作业”
https://new.qq.com/rain/a/20241104A06GW200

2024-11-06 00:34:01,129 - INFO - EXPIRED
广西柳州为何要拆除违建轻轨墩柱，这项目投了多少钱？都打水漂了吗？
https://view.inews.qq.com/a/20241105Q03OGD00

2024-11-06 00:34:01,129 - INFO - EXPIRED
孟加拉国拖欠8.5亿美元电费，印度前首富上手段了
https://new.qq.com/rain/a/20241104A09QFZ00

2024-11-06 00:34:01,129 - INFO - EXPIRED
男子自称“余华英卖掉的儿子”，警方：为赚广告收益造谣，已行政处罚
https://new.qq.com/rain/a/20241105A00YQA00

2024-11-06 00:34:01,129 - INFO - EXPIRED
四川一班主任在家长群强推医保，不买的话学生停课家长开会？当地回应
https://new.qq.com/rain/a/20241104A088B400

2024-11-06 00:34:01,129 - INFO - EXPIRED
歼-35A亮相！专家：歼-35应该是一个系列，未来可能作航母舰载机
https://new.qq.com/rain/a/20241105A01MAR00

2024-11-06 00:34:01,129 - INFO - EXPIRED
已耗资6亿元  赣南最大在建文体民生项目停工十个月
https://new.qq.com/rain/a/20241105A0193V00

2024-11-06 00:34:01,129 - INFO - EXPIRED
来华苏-57身上，有一个非常明显的细节
https://new.qq.com/rain/a/20241104A09QEL00

2024-11-06 00:34:01,129 - INFO - EXPIRED
外媒称字节跳动上半年营收约730亿美元：增长逾35%，增速放缓
https://new.qq.com/rain/a/20241105A00O8Z00

2024-11-06 00:34:01,129 - INFO - EXPIRED
金与正：朝鲜将毫不动摇地坚持自卫性核遏制力强化路线
https://new.qq.com/rain/a/20241105A00MFB00

2024-11-06 00:34:01,129 - INFO - EXPIRED
苹果计划进军智能眼镜市场：已启动代号Atlas项目，对标Meta雷朋眼镜
https://new.qq.com/rain/a/20241105A0183O00

2024-11-06 00:34:01,129 - INFO - EXPIRED
美媒：美官员称，美国将在中东部署六架B-52战略轰炸机
https://new.qq.com/rain/a/20241104A09O4U00

2024-11-06 00:34:01,129 - INFO - EXPIRED
“上海民警猥亵继女”案将开庭，母亲讲述女儿近况：晚上不敢关灯睡觉
https://new.qq.com/rain/a/20241104A095XN00

2024-11-06 00:34:01,129 - INFO - EXPIRED
黑龙江一女童过马路时被警车撞飞致脑出血，肇事民警称正执行公务
https://new.qq.com/rain/a/20241104A05YAQ00

2024-11-06 00:34:01,129 - INFO - EXPIRED
厨房爆炸丈夫烧伤92%仍起身救妻，儿子哭诉：父亲去世，现需救命钱
https://new.qq.com/rain/a/20241104A05UH400

2024-11-06 00:34:01,129 - INFO - EXPIRED
退休教师收百万“迁坟费”被诉敲诈案重审：律师继续作无罪辩护
https://new.qq.com/rain/a/20241104A097NT00

2024-11-06 00:34:01,129 - INFO - EXPIRED
四川乐山市商业银行被骗贷13亿，我却成了接盘侠
https://new.qq.com/rain/a/20241104A03KUO00

2024-11-06 00:34:01,129 - INFO - EXPIRED
一网友称北大图书馆拖欠其多月工资 馆方：不可能，钱会提前付给物业
https://new.qq.com/rain/a/20241104A07HIZ00

2024-11-06 00:34:01,129 - INFO - EXPIRED
特朗普罕见承认可能败选，为何此时突然示弱？
https://view.inews.qq.com/a/20241104Q03E7L00

2024-11-06 00:34:01,129 - INFO - EXPIRED
日本第十轮核污染水排海结束 下轮预计明年2月左右启动
https://new.qq.com/rain/a/20241104A09U1U00

2024-11-06 00:34:01,129 - INFO - EXPIRED
韩日称朝鲜发射弹道导弹 朝方暂无回应
https://new.qq.com/rain/a/20241105A00OCK00

2024-11-06 00:34:01,129 - INFO - EXPIRED
考研报名禁用“海马体”照片，业内人士：最起码要认得出来是自己
https://new.qq.com/rain/a/20241104A08KWN00

2024-11-06 00:34:01,129 - INFO - EXPIRED
俄罗斯总统普京会见朝鲜外务相崔善姬
https://new.qq.com/rain/a/20241104A09VG700

2024-11-06 00:34:01,129 - INFO - EXPIRED
街头散落大量传单称“教授强奸女学生”，广西大学通报
https://new.qq.com/rain/a/20241104A0962B00

2024-11-06 00:34:01,129 - INFO - EXPIRED
急扩产能，比亚迪3个月招聘近20万名员工
https://new.qq.com/rain/a/20241104A09H8Y00

2024-11-06 00:34:01,129 - INFO - EXPIRED
李强同第七届中国国际进口博览会参展商、采购商代表座谈
https://new.qq.com/rain/a/20241104A09LTJ00

2024-11-06 00:34:01,129 - INFO - EXPIRED
人物杂志纠正《外卖骑手 困在系统里》“原作者”“原始研究者”，涉事方回应
https://new.qq.com/rain/a/20241104A09GHA00

2024-11-06 00:34:01,129 - INFO - EXPIRED
业内人士称公积金利率或将调整
https://new.qq.com/rain/a/20241104A09KDO00

2024-11-06 00:34:01,129 - INFO - EXPIRED
俄乌战火延烧第三冬：突袭、拉锯和反攻，双方都缺人了
https://new.qq.com/rain/a/20241104A0935X00

2024-11-06 00:34:01,129 - INFO - EXPIRED
良品铺子涉嫌“配料表造假”被立案调查！最新回应：各项指标均合格
https://new.qq.com/rain/a/20241104A09FPZ00

2024-11-06 00:34:01,129 - INFO - EXPIRED
“史无前例，简直荒谬！”瑞士高校对中国学生加强“安全审查”引争议
https://new.qq.com/rain/a/20241104A08SBB00

2024-11-06 00:34:01,129 - INFO - EXPIRED
韩军：朝鲜在连接公路设“反坦克壕”
https://new.qq.com/rain/a/20241104A08GE100

2024-11-06 00:34:01,129 - INFO - EXPIRED
引导失误让冠军变亚军，致其错失21万？杭州马拉松组委会发布情况说明
https://new.qq.com/rain/a/20241104A088IU00

2024-11-06 00:34:02,981 - INFO - INVALID
以色列总理解除国防部长加兰特职务
https://new.qq.com/rain/a/20241106A00QPG00

2024-11-06 00:34:02,988 - INFO - INVALID
“存在人为错误” 美国威斯康星州一地将重新计票
https://new.qq.com/rain/a/20241106A0180S00

2024-11-06 00:34:03,056 - INFO - INVALID
窗口将至！油价或现年内第九降，下次大概率要涨
https://new.qq.com/rain/a/20241106A008ZG00

2024-11-06 00:34:03,066 - INFO - INVALID
特朗普媒体科技集团美股盘后持续走高，涨超6.5%
https://new.qq.com/rain/a/20241106A016GR00

