2024-11-19 00:36:47,767 - INFO - EXPIRED
张文宏团队发表最新研究，事关长新冠诊疗
https://new.qq.com/rain/a/20241118A092ND00

2024-11-19 00:36:47,767 - INFO - EXPIRED
浙江增速超广东，这些地方为何“最敢生”
https://new.qq.com/rain/a/20241118A09GLH00

2024-11-19 00:36:47,767 - INFO - EXPIRED
黑龙江一老虎进村猛撞农户大门，有村民被咬伤，此事有哪些疑点？相关部门需要担责吗？
https://view.inews.qq.com/a/20241118Q0596S00

2024-11-19 00:36:47,767 - INFO - EXPIRED
昆明东川林草局通报“游客夜爬大牯牛山纵火烧山”：已成立调查组
https://new.qq.com/rain/a/20241118A08XDL00

2024-11-19 00:36:47,767 - INFO - EXPIRED
天津最大奥迪4S店回应“闭店”：资金链断裂引发连锁反应
https://new.qq.com/rain/a/20241118A09I7300

2024-11-19 00:36:47,767 - INFO - EXPIRED
中央空管委将在六城试点eVTOL，这是什么飞行器？以后能在城市里“打飞的”了？
https://view.inews.qq.com/a/20241118Q076IF00

2024-11-19 00:36:47,767 - INFO - EXPIRED
百亿遗产风波落定！郑永刚遗孀周婷掌权杉杉股份！股价已“提前”涨停
https://new.qq.com/rain/a/20241118A09VDR00

2024-11-19 00:36:47,767 - INFO - EXPIRED
外媒：泽连斯基前往顿巴斯一战略要地视察，称“局势紧张”
https://new.qq.com/rain/a/20241118A09EB600

2024-11-19 00:36:47,767 - INFO - EXPIRED
内地学生用假学历入读澳门科大详情：宿舍里被抓，多人已逃跑
https://new.qq.com/rain/a/20241118A08RNA00

2024-11-19 00:36:47,767 - INFO - EXPIRED
甘肃肃北“二孩三孩家庭最高补贴10万元”背后：全县月均新生儿不足5个，已有人咨询政策
https://new.qq.com/rain/a/20241118A09DD700

2024-11-19 00:36:47,767 - INFO - EXPIRED
国足再战日本，首回合0-7惨败，主场应该怎么踢？有可能带来惊喜吗？
https://view.inews.qq.com/a/20241118Q097YU00

2024-11-19 00:36:47,767 - INFO - EXPIRED
中概股全线走强！3倍做多富时中国ETF涨超5%，极氪涨超6%
https://new.qq.com/rain/a/20241118A09UE700

2024-11-19 00:36:47,767 - INFO - EXPIRED
太原一社区多名干部开会瓜分企业捐赠的香烟？视频曝光，多方回应
https://new.qq.com/rain/a/20241118V08PEL00

2024-11-19 00:36:47,767 - INFO - EXPIRED
城中村改造将扩围至近300个城市，这个力度有多大？哪些人获益最大？
https://view.inews.qq.com/a/20241118Q04P8H00

2024-11-19 00:36:47,767 - INFO - EXPIRED
媒体：给学生戴“小蜜蜂”，别又是一个“秦朗丢作业事件”
https://new.qq.com/rain/a/20241118A09SLV00

2024-11-19 00:36:47,767 - INFO - EXPIRED
武汉官方通报良品铺子被举报事件：举报人反映问题不成立
https://new.qq.com/rain/a/20241118A09SOK00

2024-11-19 00:36:47,767 - INFO - EXPIRED
刘永好出手了！民生银行昔日第一大股东拟举牌，此前曾多次减持
https://new.qq.com/rain/a/20241118A09C0Q00

2024-11-19 00:36:47,767 - INFO - EXPIRED
浙江大学本科生与其教授母亲同发论文受质疑，其母所在大学：将调查，会公正对待
https://new.qq.com/rain/a/20241118A089I100

2024-11-19 00:36:47,767 - INFO - EXPIRED
“翻转”的群架：罚款200元的治安案件，26年后被认定涉黑
https://new.qq.com/rain/a/20241118A06QQ100

2024-11-19 00:36:47,767 - INFO - EXPIRED
​重庆市原市长黄奇帆：中国对外开放的五大新特征和五大新任务
https://new.qq.com/rain/a/20241115A06ZZH00

2024-11-19 00:36:47,767 - INFO - EXPIRED
杉杉股份董事长再生变！郑驹辞职，80后继母上任
https://new.qq.com/rain/a/20241118A09IZC00

2024-11-19 00:36:47,767 - INFO - EXPIRED
女子取现700万给骗子怼民警管得宽：就喜欢把钱扔水里，看溅起的水花
https://new.qq.com/rain/a/20241118A00LT900

2024-11-19 00:36:47,767 - INFO - EXPIRED
4只抱窝黑天鹅陆续死亡，圆明园发布情况说明
https://new.qq.com/rain/a/20241118A09EQV00

2024-11-19 00:36:47,767 - INFO - EXPIRED
宋涛会见王金平
https://new.qq.com/rain/a/20241118A0910R00

2024-11-19 00:36:47,767 - INFO - EXPIRED
中美贸易战的最大受益者？媒体：越南或面临灾难性后果
https://new.qq.com/rain/a/20241118A07A0100

2024-11-19 00:36:47,767 - INFO - EXPIRED
上海取消普通住房和非普通住房标准，对我买大房子是利好？能省多少钱？
https://view.inews.qq.com/a/20241118Q056WG00

2024-11-19 00:36:47,767 - INFO - EXPIRED
台前民意机构负责人王金平赴福建漳州祭祖：大家都是中华民族的一份子
https://new.qq.com/rain/a/20241118A05H9600

2024-11-19 00:36:47,767 - INFO - EXPIRED
17岁男孩与同学发生口角，被多名学生持钉棍围殴？太原警方通报
https://new.qq.com/rain/a/20241118A0816G00

2024-11-19 00:36:47,767 - INFO - EXPIRED
印度成功试射高超音速导弹，这武器什么水平？和其他国家相关武器比如何？
https://view.inews.qq.com/a/20241118Q06FI600

2024-11-19 00:36:47,767 - INFO - EXPIRED
李强：推动构建房地产发展新模式，更好满足人民群众高品质居住需求
https://new.qq.com/rain/a/20241118A08ISZ00

2024-11-19 00:36:47,767 - INFO - EXPIRED
成都龙泉驿区发生持械伤人案致1死，犯罪嫌疑人已被刑拘
https://new.qq.com/rain/a/20241118A08MBT00

2024-11-19 00:36:47,767 - INFO - EXPIRED
马斯克是如何降本增效的？X员工被迫自带厕纸上班
https://new.qq.com/rain/a/20241118A06PX300

2024-11-19 00:36:47,767 - INFO - EXPIRED
小米Q3营收925.1亿元同比增超30% 造车业务收入95亿元
https://new.qq.com/rain/a/20241118A07VHE00

2024-11-19 00:36:47,767 - INFO - EXPIRED
湖南株洲一排水口附近发现大量病毒采样试管 疾控：已封存 正调查来源
https://new.qq.com/rain/a/20241118V07KMN00

2024-11-19 00:36:47,767 - INFO - EXPIRED
广东省委书记黄坤明、省长王伟中到珠海督导检查安全生产工作
https://new.qq.com/rain/a/20241118A07Z3O00

2024-11-19 00:36:47,767 - INFO - EXPIRED
四川宜宾警方悬赏的39岁男子唐亮在云南芒市落网，涉嫌杀害13岁初二女生
https://new.qq.com/rain/a/20241118A06FQT00

2024-11-19 00:36:47,767 - INFO - EXPIRED
美解禁乌使用美武器纵深打击俄罗斯？俄方再回应
https://new.qq.com/rain/a/20241118A07O5J00

2024-11-19 00:36:47,768 - INFO - EXPIRED
学生戴“小蜜蜂”老师离职事件疑云重重：被指认学校否认其任教，另有3所小学曾发过类似视频
https://new.qq.com/rain/a/20241118A074JF00

2024-11-19 00:36:47,768 - INFO - EXPIRED
男子徒步哈巴雪山已失联十日，曾进入玉龙雪山未开发区被拦截
https://new.qq.com/rain/a/20241118A07IXQ00

2024-11-19 00:36:47,768 - INFO - EXPIRED
已与上汽讨论两轮FSD授权？特斯拉中国否认！曾预计明年一季度入华
https://new.qq.com/rain/a/20241118A05Z3000

2024-11-19 00:36:47,768 - INFO - EXPIRED
立陶宛称欲与中国关系“正常化”，同时也称“不会跪下乞求任何东西”
https://new.qq.com/rain/a/20241118A041L900

2024-11-19 00:36:47,768 - INFO - EXPIRED
中俄东线天然气管道工程完工，最南到达上海，年供应380亿立方米什么概念？
https://view.inews.qq.com/a/20241118Q023RV00

2024-11-19 00:36:47,768 - INFO - EXPIRED
广西河池一大四学生失联近5月后遗体被找到：在校期间挂科8门 家属称系溺亡
https://new.qq.com/rain/a/20241118V04SYZ00

2024-11-19 00:36:47,768 - INFO - EXPIRED
菲律宾海军司令换人，军事专家：不会改变菲在南海的挑衅性行事风格
https://new.qq.com/rain/a/20241118A0128500

2024-11-19 00:36:47,768 - INFO - EXPIRED
六城市入选！中央空管委即将开展eVTOL试点 空管系统或先行落地
https://new.qq.com/rain/a/20241118A06DNF00

2024-11-19 00:36:47,768 - INFO - EXPIRED
员工上班时因苦瓜脸、不微笑被整改？中建五局回应：是同事间开玩笑
https://new.qq.com/rain/a/20241118A04DVA00

2024-11-19 00:36:47,768 - INFO - EXPIRED
本周，又到了“英伟达时刻”！股价还有多少上涨空间
https://new.qq.com/rain/a/20241118A0666B00

2024-11-19 00:36:47,768 - INFO - EXPIRED
梁光烈同志遗体在京火化
https://new.qq.com/rain/a/20241118A05GOU00

2024-11-19 00:36:47,768 - INFO - EXPIRED
海底捞老乡鸡纷纷开进校园，餐饮巨头争夺大学生
https://new.qq.com/rain/a/20241118A02PTR00

2024-11-19 00:36:47,768 - INFO - EXPIRED
“东方公主”号游轮突发大火，所属公司回应：无人伤亡，火灾已被扑灭
https://new.qq.com/rain/a/20241118A064YX00

2024-11-19 00:36:47,768 - INFO - EXPIRED
欧盟情报机构称中俄合作生产军用无人机，外交部：没依据就妄加抹黑
https://new.qq.com/rain/a/20241118A061JU00

2024-11-19 00:36:47,768 - INFO - EXPIRED
山西一家长曝17岁儿子被8名学生持钉棍殴打：头脸脖子被扎成窟窿眼
https://new.qq.com/rain/a/20241118A01FX600

2024-11-19 00:36:47,768 - INFO - EXPIRED
给上课爱说话的学生戴“小蜜蜂”引争议，当事老师：接到投诉选择离职
https://new.qq.com/rain/a/20241118A03KQQ00

2024-11-19 00:36:47,768 - INFO - EXPIRED
首支退出LPL的战队诞生！官宣：RA俱乐部将不再参加LPL和LDL赛事
https://new.qq.com/rain/a/20241118A05QW900

2024-11-19 00:36:47,768 - INFO - EXPIRED
传美国已允许乌克兰使用美国武器袭击俄境内目标，消息可靠吗？真这么做会有什么后果？
https://view.inews.qq.com/a/20241118Q01EU400

2024-11-19 00:36:47,768 - INFO - EXPIRED
财政部决定开展国债做市支持操作
https://new.qq.com/rain/a/20241118A05ISB00

2024-11-19 00:36:47,768 - INFO - EXPIRED
萨摩亚总理菲娅梅将访华
https://new.qq.com/rain/a/20241118A05NRP00

2024-11-19 00:36:47,768 - INFO - EXPIRED
业主在28楼破墙开门搭梯 城管称整改费由其承担 律师：最高可罚款百万
https://new.qq.com/rain/a/20241118A04ING00

2024-11-19 00:36:47,768 - INFO - EXPIRED
拜登又给特朗普挖了个大坑：任期进入倒计时，加班加点向乌克兰供武
https://new.qq.com/rain/a/20241118A01DQE00

2024-11-19 00:36:47,768 - INFO - EXPIRED
16万的婚宴菜基本都是凉的，新人能要求赔偿吗？这种事该怎么处理？
https://view.inews.qq.com/a/20241116Q041EL00

2024-11-19 00:36:47,768 - INFO - EXPIRED
国家统计局：10月全国城镇不包含在校生的16-24岁劳动力失业率为17.1%
https://new.qq.com/rain/a/20241118A05AF500

2024-11-19 00:36:47,768 - INFO - EXPIRED
扎哈罗娃回应“拜登被爆已批准乌使用美国武器袭击俄境内目标”：普京已表过态
https://new.qq.com/rain/a/20241118A027K500

2024-11-19 00:36:47,768 - INFO - EXPIRED
西藏拉萨市墨竹工卡县发生4.4级地震，震源深度10千米
https://new.qq.com/rain/a/20241118A05N2300

2024-11-19 00:36:47,768 - INFO - EXPIRED
员工就无锡校园事件发表不当评论被开除，苏州一培训机构致歉
https://new.qq.com/rain/a/20241118V03SCR00

2024-11-19 00:36:47,768 - INFO - EXPIRED
河南禹州摄影家协会主席作品被指作假，97年照片出现喜羊羊，当地回应
https://new.qq.com/rain/a/20241118A046P500

2024-11-19 00:36:47,768 - INFO - EXPIRED
怀上9胞胎女子今日进行减胎手术：分两次进行，第一次减去四个胚胎，第二次减去三个胚胎
https://new.qq.com/rain/a/20241118A038S800

2024-11-19 00:36:47,768 - INFO - EXPIRED
斯里兰卡新一届内阁宣誓就职，阿马拉苏里亚就任总理
https://new.qq.com/rain/a/20241118A04IXX00

2024-11-19 00:36:47,768 - INFO - EXPIRED
昆明一超市开业6天地面塌陷 有顾客因此坠河 官方证实横跨河道属违建
https://new.qq.com/rain/a/20241118A04JR100

2024-11-19 00:36:47,768 - INFO - EXPIRED
吉林一滑冰馆楼顶坍塌：场馆投用5年 目击者称事发时像刮龙卷风
https://new.qq.com/rain/a/20241118V04TGR00

2024-11-19 00:36:47,768 - INFO - EXPIRED
与上汽讨论FSD授权？特斯拉中国：没有跟任何企业就此交流过
https://new.qq.com/rain/a/20241118A0511Q00

2024-11-19 00:36:47,768 - INFO - EXPIRED
华为Mate 70官网预约一小时近百万 首批备货量或超Mate 60
https://new.qq.com/rain/a/20241118A0503400

2024-11-19 00:36:47,768 - INFO - EXPIRED
金正恩：美韩等势力进行反朝军事对抗 欲升级半岛紧张局势
https://new.qq.com/rain/a/20241118A00ZVI00

2024-11-19 00:36:47,768 - INFO - EXPIRED
吴清：加快推动全面深化资本市场改革开放 将推出更多务实举措
https://new.qq.com/rain/a/20241118A02LGJ00

2024-11-19 00:36:47,768 - INFO - EXPIRED
女孩从商场4楼坠亡，疑因护栏突然脱落，怎么会出这种问题？商场该负全责吗？
https://view.inews.qq.com/a/20241117Q04A8800

2024-11-19 00:36:47,768 - INFO - EXPIRED
网传马保国“半小时出场费20万元”，是真事还是调侃？他商业价值有多大？
https://view.inews.qq.com/a/20241117Q06AGQ00

2024-11-19 00:36:47,768 - INFO - EXPIRED
鼎信通讯遭两大电网“拉黑”，未来3年营收或降11.55亿，波及3万股民
https://new.qq.com/rain/a/20241118A01BRC00

2024-11-19 00:36:47,768 - INFO - EXPIRED
吉林一滑冰馆楼顶坍塌 项目投资超5000万 工作人员称或因施工质量导致
https://new.qq.com/rain/a/20241118A0309800

2024-11-19 00:36:47,768 - INFO - EXPIRED
“70后”张辉出任中国银行党委副书记，拥有丰富风控经验
https://new.qq.com/rain/a/20241118A02SA000

2024-11-19 00:36:47,768 - INFO - EXPIRED
国内主题公园超1/5亏损，园内餐饮、纪念品消费正下降
https://new.qq.com/rain/a/20241117A06S5K00

2024-11-19 00:36:47,768 - INFO - EXPIRED
湖南涟源两名挖井师傅清理旧水井遭遇塌方，一人逃出另一人被埋身亡
https://new.qq.com/rain/a/20241118A03YPK00

2024-11-19 00:36:47,768 - INFO - EXPIRED
海南省人大常委会原党组副书记、副主任刘星泰被“双开”
https://new.qq.com/rain/a/20241118A02FAM00

2024-11-19 00:36:47,768 - INFO - EXPIRED
日企被打到裁员关厂，中国空调在泰国卷疯了
https://new.qq.com/rain/a/20241118A028KQ00

2024-11-19 00:36:47,768 - INFO - EXPIRED
日媒：因遇到“堵车”耽误行程，APEC“全家福”中少了日本首相石破茂
https://new.qq.com/rain/a/20241118A01RAN00

2024-11-19 00:36:47,768 - INFO - EXPIRED
死亡数字还在增加！广东多区超40只宠物狗疑中毒死亡，街道办回应
https://new.qq.com/rain/a/20241118A014DA00

2024-11-19 00:36:47,768 - INFO - EXPIRED
私凿水井、逃缴水费、肆意排放污水，央视起底洗车行业暴利背后
https://new.qq.com/rain/a/20241118A013K200

2024-11-19 00:36:47,768 - INFO - EXPIRED
“职业背债人”，先被利用后被抛弃
https://new.qq.com/rain/a/20241118A02FCW00

2024-11-19 00:36:47,768 - INFO - EXPIRED
NASA在准备紧急撤离 国际空间站怎么了
https://new.qq.com/rain/a/20241117A07AIH00

2024-11-19 00:36:47,768 - INFO - EXPIRED
股价暴涨752%的*ST景峰停牌核查，连亏5年，因付不起188万破产预重整
https://new.qq.com/rain/a/20241117A0763L00

2024-11-19 00:36:47,768 - INFO - EXPIRED
中俄东线天然气管道工程全线完工
https://new.qq.com/rain/a/20241118A0135400

2024-11-19 00:36:47,768 - INFO - EXPIRED
证监会副主席李明：加快推动新一轮全面深化资本市场改革开放
https://new.qq.com/rain/a/20241118A02DTA00

2024-11-19 00:36:48,805 - INFO - INVALID
太原一社区多名干部瓜分企业捐赠香烟？区纪委监委：已介入调查
https://new.qq.com/rain/a/20241119A017HW00

2024-11-19 00:36:48,815 - INFO - INVALID
可观珠宝被调查：投资人称已两月无法兑付，董事长曾回应说没跑路
https://new.qq.com/rain/a/20241119A013QO00

2024-11-19 00:36:48,821 - INFO - INVALID
俄国家杜马主席：若乌获准远程打击俄腹地 俄不排除使用新武器系统
https://new.qq.com/rain/a/20241119A0064500

2024-11-19 00:36:48,878 - INFO - INVALID
航空新势力起飞：六城即将开展eVTOL试点，将迎来哪些新机遇
https://new.qq.com/rain/a/20241119A0138Z00

2024-11-19 00:36:49,072 - INFO - INVALID
酒店偷拍黑产调查：毫米级摄像头随便买，宣称“瞅不着”“保密发货”
https://new.qq.com/rain/a/20241119A0152X00

2024-11-19 00:36:49,412 - INFO - INVALID
金正恩会见俄罗斯自然资源与生态部部长 就朝俄合作开展会谈
https://new.qq.com/rain/a/20241119A00YDS00

2024-11-19 00:36:49,423 - INFO - INVALID
美国两大“债主”中国和日本9月均减持美债，其余前十大债主持仓上升
https://new.qq.com/rain/a/20241119A011Q300

2024-11-19 00:36:49,524 - INFO - INVALID
谷歌搜索被判垄断，将被美国司法部勒令出售Chrome浏览器
https://new.qq.com/rain/a/20241119A011LE00

2024-11-19 00:36:49,579 - INFO - INVALID
美股收盘：三大指数涨跌不一，特斯拉涨超5%，热门中概股普遍上涨
https://new.qq.com/rain/a/20241119A00Y0300

2024-11-19 00:36:49,765 - INFO - INVALID
女大学生参加双选会被企业HR夸漂亮表示想认识下 自称涉事HR领导：他单身有权追求
https://new.qq.com/rain/a/20241119A00G2D00

2024-11-19 02:15:52,029 - INFO - EXPIRED
实探“随便进”的政府大院：外卖员和官员同堂吃饭，办公秩序未受影响
https://new.qq.com/rain/a/20241118A09URW00

2024-11-19 02:15:52,029 - INFO - EXPIRED
游客夜爬昆明大牯牛山并纵火烧山？官方：正在核实是生火取暖还是纵火
https://new.qq.com/rain/a/20241118A08QZG00

2024-11-19 02:15:52,029 - INFO - EXPIRED
荣耀独立4年 走了一条和华为不同的路？
https://new.qq.com/rain/a/20241118A06P7M00

2024-11-19 02:15:52,029 - INFO - EXPIRED
张文宏团队发表最新研究，事关长新冠诊疗
https://new.qq.com/rain/a/20241118A092ND00

2024-11-19 02:15:52,029 - INFO - EXPIRED
浙江增速超广东，这些地方为何“最敢生”
https://new.qq.com/rain/a/20241118A09GLH00

2024-11-19 02:15:52,029 - INFO - EXPIRED
百亿遗产风波落定！郑永刚遗孀周婷掌权杉杉股份！股价已“提前”涨停
https://new.qq.com/rain/a/20241118A09VDR00

2024-11-19 02:15:52,029 - INFO - EXPIRED
天津最大奥迪4S店回应“闭店”：资金链断裂引发连锁反应
https://new.qq.com/rain/a/20241118A09I7300

2024-11-19 02:15:52,029 - INFO - EXPIRED
中央空管委将在六城试点eVTOL，这是什么飞行器？以后能在城市里“打飞的”了？
https://view.inews.qq.com/a/20241118Q076IF00

2024-11-19 02:15:52,030 - INFO - EXPIRED
梁光烈同志生平照片
https://new.qq.com/rain/a/20241118A094IJ00

2024-11-19 02:15:52,030 - INFO - EXPIRED
外媒：泽连斯基前往顿巴斯一战略要地视察，称“局势紧张”
https://new.qq.com/rain/a/20241118A09EB600

2024-11-19 02:15:52,030 - INFO - EXPIRED
内地学生用假学历入读澳门科大详情：宿舍里被抓，多人已逃跑
https://new.qq.com/rain/a/20241118A08RNA00

2024-11-19 02:15:52,030 - INFO - EXPIRED
甘肃肃北“二孩三孩家庭最高补贴10万元”背后：全县月均新生儿不足5个，已有人咨询政策
https://new.qq.com/rain/a/20241118A09DD700

2024-11-19 02:15:52,030 - INFO - EXPIRED
国足再战日本，首回合0-7惨败，主场应该怎么踢？有可能带来惊喜吗？
https://view.inews.qq.com/a/20241118Q097YU00

2024-11-19 02:15:52,030 - INFO - EXPIRED
中概股全线走强！3倍做多富时中国ETF涨超5%，极氪涨超6%
https://new.qq.com/rain/a/20241118A09UE700

2024-11-19 02:15:52,030 - INFO - EXPIRED
太原一社区多名干部开会瓜分企业捐赠的香烟？视频曝光，多方回应
https://new.qq.com/rain/a/20241118V08PEL00

2024-11-19 02:15:52,030 - INFO - EXPIRED
城中村改造将扩围至近300个城市，这个力度有多大？哪些人获益最大？
https://view.inews.qq.com/a/20241118Q04P8H00

2024-11-19 02:15:52,030 - INFO - EXPIRED
媒体：给学生戴“小蜜蜂”，别又是一个“秦朗丢作业事件”
https://new.qq.com/rain/a/20241118A09SLV00

2024-11-19 02:15:52,030 - INFO - EXPIRED
武汉官方通报良品铺子被举报事件：举报人反映问题不成立
https://new.qq.com/rain/a/20241118A09SOK00

2024-11-19 02:15:52,030 - INFO - EXPIRED
刘永好出手了！民生银行昔日第一大股东拟举牌，此前曾多次减持
https://new.qq.com/rain/a/20241118A09C0Q00

2024-11-19 02:15:52,030 - INFO - EXPIRED
浙江大学本科生与其教授母亲同发论文受质疑，其母所在大学：将调查，会公正对待
https://new.qq.com/rain/a/20241118A089I100

2024-11-19 02:15:52,030 - INFO - EXPIRED
“翻转”的群架：罚款200元的治安案件，26年后被认定涉黑
https://new.qq.com/rain/a/20241118A06QQ100

2024-11-19 02:15:52,030 - INFO - EXPIRED
​重庆市原市长黄奇帆：中国对外开放的五大新特征和五大新任务
https://new.qq.com/rain/a/20241115A06ZZH00

2024-11-19 02:15:52,030 - INFO - EXPIRED
杉杉股份董事长再生变！郑驹辞职，80后继母上任
https://new.qq.com/rain/a/20241118A09IZC00

2024-11-19 02:15:52,030 - INFO - EXPIRED
女子取现700万给骗子怼民警管得宽：就喜欢把钱扔水里，看溅起的水花
https://new.qq.com/rain/a/20241118A00LT900

2024-11-19 02:15:52,030 - INFO - EXPIRED
4只抱窝黑天鹅陆续死亡，圆明园发布情况说明
https://new.qq.com/rain/a/20241118A09EQV00

2024-11-19 02:15:52,030 - INFO - EXPIRED
宋涛会见王金平
https://new.qq.com/rain/a/20241118A0910R00

2024-11-19 02:15:52,030 - INFO - EXPIRED
中美贸易战的最大受益者？媒体：越南或面临灾难性后果
https://new.qq.com/rain/a/20241118A07A0100

2024-11-19 02:15:52,030 - INFO - EXPIRED
上海取消普通住房和非普通住房标准，对我买大房子是利好？能省多少钱？
https://view.inews.qq.com/a/20241118Q056WG00

2024-11-19 02:15:52,030 - INFO - EXPIRED
台前民意机构负责人王金平赴福建漳州祭祖：大家都是中华民族的一份子
https://new.qq.com/rain/a/20241118A05H9600

2024-11-19 02:15:52,030 - INFO - EXPIRED
17岁男孩与同学发生口角，被多名学生持钉棍围殴？太原警方通报
https://new.qq.com/rain/a/20241118A0816G00

2024-11-19 02:15:52,030 - INFO - EXPIRED
印度成功试射高超音速导弹，这武器什么水平？和其他国家相关武器比如何？
https://view.inews.qq.com/a/20241118Q06FI600

2024-11-19 02:15:52,030 - INFO - EXPIRED
李强：推动构建房地产发展新模式，更好满足人民群众高品质居住需求
https://new.qq.com/rain/a/20241118A08ISZ00

2024-11-19 02:15:52,030 - INFO - EXPIRED
成都龙泉驿区发生持械伤人案致1死，犯罪嫌疑人已被刑拘
https://new.qq.com/rain/a/20241118A08MBT00

2024-11-19 02:15:52,030 - INFO - EXPIRED
马斯克是如何降本增效的？X员工被迫自带厕纸上班
https://new.qq.com/rain/a/20241118A06PX300

2024-11-19 02:15:52,030 - INFO - EXPIRED
小米Q3营收925.1亿元同比增超30% 造车业务收入95亿元
https://new.qq.com/rain/a/20241118A07VHE00

2024-11-19 02:15:52,030 - INFO - EXPIRED
湖南株洲一排水口附近发现大量病毒采样试管 疾控：已封存 正调查来源
https://new.qq.com/rain/a/20241118V07KMN00

2024-11-19 02:15:52,030 - INFO - EXPIRED
广东省委书记黄坤明、省长王伟中到珠海督导检查安全生产工作
https://new.qq.com/rain/a/20241118A07Z3O00

2024-11-19 02:15:52,030 - INFO - EXPIRED
四川宜宾警方悬赏的39岁男子唐亮在云南芒市落网，涉嫌杀害13岁初二女生
https://new.qq.com/rain/a/20241118A06FQT00

2024-11-19 02:15:52,030 - INFO - EXPIRED
美解禁乌使用美武器纵深打击俄罗斯？俄方再回应
https://new.qq.com/rain/a/20241118A07O5J00

2024-11-19 02:15:52,030 - INFO - EXPIRED
学生戴“小蜜蜂”老师离职事件疑云重重：被指认学校否认其任教，另有3所小学曾发过类似视频
https://new.qq.com/rain/a/20241118A074JF00

2024-11-19 02:15:52,030 - INFO - EXPIRED
男子徒步哈巴雪山已失联十日，曾进入玉龙雪山未开发区被拦截
https://new.qq.com/rain/a/20241118A07IXQ00

2024-11-19 02:15:52,030 - INFO - EXPIRED
已与上汽讨论两轮FSD授权？特斯拉中国否认！曾预计明年一季度入华
https://new.qq.com/rain/a/20241118A05Z3000

2024-11-19 02:15:52,030 - INFO - EXPIRED
立陶宛称欲与中国关系“正常化”，同时也称“不会跪下乞求任何东西”
https://new.qq.com/rain/a/20241118A041L900

2024-11-19 02:15:52,030 - INFO - EXPIRED
中俄东线天然气管道工程完工，最南到达上海，年供应380亿立方米什么概念？
https://view.inews.qq.com/a/20241118Q023RV00

2024-11-19 02:15:52,030 - INFO - EXPIRED
广西河池一大四学生失联近5月后遗体被找到：在校期间挂科8门 家属称系溺亡
https://new.qq.com/rain/a/20241118V04SYZ00

2024-11-19 02:15:52,030 - INFO - EXPIRED
菲律宾海军司令换人，军事专家：不会改变菲在南海的挑衅性行事风格
https://new.qq.com/rain/a/20241118A0128500

2024-11-19 02:15:52,030 - INFO - EXPIRED
六城市入选！中央空管委即将开展eVTOL试点 空管系统或先行落地
https://new.qq.com/rain/a/20241118A06DNF00

2024-11-19 02:15:52,030 - INFO - EXPIRED
员工上班时因苦瓜脸、不微笑被整改？中建五局回应：是同事间开玩笑
https://new.qq.com/rain/a/20241118A04DVA00

2024-11-19 02:15:52,030 - INFO - EXPIRED
本周，又到了“英伟达时刻”！股价还有多少上涨空间
https://new.qq.com/rain/a/20241118A0666B00

2024-11-19 02:15:52,030 - INFO - EXPIRED
梁光烈同志遗体在京火化
https://new.qq.com/rain/a/20241118A05GOU00

2024-11-19 02:15:52,030 - INFO - EXPIRED
海底捞老乡鸡纷纷开进校园，餐饮巨头争夺大学生
https://new.qq.com/rain/a/20241118A02PTR00

2024-11-19 02:15:52,030 - INFO - EXPIRED
“东方公主”号游轮突发大火，所属公司回应：无人伤亡，火灾已被扑灭
https://new.qq.com/rain/a/20241118A064YX00

2024-11-19 02:15:52,030 - INFO - EXPIRED
欧盟情报机构称中俄合作生产军用无人机，外交部：没依据就妄加抹黑
https://new.qq.com/rain/a/20241118A061JU00

2024-11-19 02:15:52,030 - INFO - EXPIRED
山西一家长曝17岁儿子被8名学生持钉棍殴打：头脸脖子被扎成窟窿眼
https://new.qq.com/rain/a/20241118A01FX600

2024-11-19 02:15:52,030 - INFO - EXPIRED
给上课爱说话的学生戴“小蜜蜂”引争议，当事老师：接到投诉选择离职
https://new.qq.com/rain/a/20241118A03KQQ00

2024-11-19 02:15:52,030 - INFO - EXPIRED
首支退出LPL的战队诞生！官宣：RA俱乐部将不再参加LPL和LDL赛事
https://new.qq.com/rain/a/20241118A05QW900

2024-11-19 02:15:52,030 - INFO - EXPIRED
传美国已允许乌克兰使用美国武器袭击俄境内目标，消息可靠吗？真这么做会有什么后果？
https://view.inews.qq.com/a/20241118Q01EU400

2024-11-19 02:15:52,030 - INFO - EXPIRED
财政部决定开展国债做市支持操作
https://new.qq.com/rain/a/20241118A05ISB00

2024-11-19 02:15:52,030 - INFO - EXPIRED
萨摩亚总理菲娅梅将访华
https://new.qq.com/rain/a/20241118A05NRP00

2024-11-19 02:15:52,030 - INFO - EXPIRED
业主在28楼破墙开门搭梯 城管称整改费由其承担 律师：最高可罚款百万
https://new.qq.com/rain/a/20241118A04ING00

2024-11-19 02:15:52,030 - INFO - EXPIRED
拜登又给特朗普挖了个大坑：任期进入倒计时，加班加点向乌克兰供武
https://new.qq.com/rain/a/20241118A01DQE00

2024-11-19 02:15:52,030 - INFO - EXPIRED
16万的婚宴菜基本都是凉的，新人能要求赔偿吗？这种事该怎么处理？
https://view.inews.qq.com/a/20241116Q041EL00

2024-11-19 02:15:52,030 - INFO - EXPIRED
国家统计局：10月全国城镇不包含在校生的16-24岁劳动力失业率为17.1%
https://new.qq.com/rain/a/20241118A05AF500

2024-11-19 02:15:52,030 - INFO - EXPIRED
扎哈罗娃回应“拜登被爆已批准乌使用美国武器袭击俄境内目标”：普京已表过态
https://new.qq.com/rain/a/20241118A027K500

2024-11-19 02:15:52,031 - INFO - EXPIRED
西藏拉萨市墨竹工卡县发生4.4级地震，震源深度10千米
https://new.qq.com/rain/a/20241118A05N2300

2024-11-19 02:15:52,031 - INFO - EXPIRED
员工就无锡校园事件发表不当评论被开除，苏州一培训机构致歉
https://new.qq.com/rain/a/20241118V03SCR00

2024-11-19 02:15:52,031 - INFO - EXPIRED
河南禹州摄影家协会主席作品被指作假，97年照片出现喜羊羊，当地回应
https://new.qq.com/rain/a/20241118A046P500

2024-11-19 02:15:52,031 - INFO - EXPIRED
怀上9胞胎女子今日进行减胎手术：分两次进行，第一次减去四个胚胎，第二次减去三个胚胎
https://new.qq.com/rain/a/20241118A038S800

2024-11-19 02:15:52,031 - INFO - EXPIRED
斯里兰卡新一届内阁宣誓就职，阿马拉苏里亚就任总理
https://new.qq.com/rain/a/20241118A04IXX00

2024-11-19 02:15:52,031 - INFO - EXPIRED
昆明一超市开业6天地面塌陷 有顾客因此坠河 官方证实横跨河道属违建
https://new.qq.com/rain/a/20241118A04JR100

2024-11-19 02:15:52,031 - INFO - EXPIRED
吉林一滑冰馆楼顶坍塌：场馆投用5年 目击者称事发时像刮龙卷风
https://new.qq.com/rain/a/20241118V04TGR00

2024-11-19 02:15:52,031 - INFO - EXPIRED
与上汽讨论FSD授权？特斯拉中国：没有跟任何企业就此交流过
https://new.qq.com/rain/a/20241118A0511Q00

2024-11-19 02:15:52,031 - INFO - EXPIRED
华为Mate 70官网预约一小时近百万 首批备货量或超Mate 60
https://new.qq.com/rain/a/20241118A0503400

2024-11-19 02:15:52,031 - INFO - EXPIRED
金正恩：美韩等势力进行反朝军事对抗 欲升级半岛紧张局势
https://new.qq.com/rain/a/20241118A00ZVI00

2024-11-19 02:15:52,031 - INFO - EXPIRED
吴清：加快推动全面深化资本市场改革开放 将推出更多务实举措
https://new.qq.com/rain/a/20241118A02LGJ00

2024-11-19 02:15:52,031 - INFO - EXPIRED
女孩从商场4楼坠亡，疑因护栏突然脱落，怎么会出这种问题？商场该负全责吗？
https://view.inews.qq.com/a/20241117Q04A8800

2024-11-19 02:15:52,031 - INFO - EXPIRED
网传马保国“半小时出场费20万元”，是真事还是调侃？他商业价值有多大？
https://view.inews.qq.com/a/20241117Q06AGQ00

2024-11-19 02:15:52,031 - INFO - EXPIRED
鼎信通讯遭两大电网“拉黑”，未来3年营收或降11.55亿，波及3万股民
https://new.qq.com/rain/a/20241118A01BRC00

2024-11-19 02:15:52,031 - INFO - EXPIRED
吉林一滑冰馆楼顶坍塌 项目投资超5000万 工作人员称或因施工质量导致
https://new.qq.com/rain/a/20241118A0309800

2024-11-19 02:15:52,031 - INFO - EXPIRED
“70后”张辉出任中国银行党委副书记，拥有丰富风控经验
https://new.qq.com/rain/a/20241118A02SA000

2024-11-19 02:15:52,031 - INFO - EXPIRED
国内主题公园超1/5亏损，园内餐饮、纪念品消费正下降
https://new.qq.com/rain/a/20241117A06S5K00

2024-11-19 02:15:52,031 - INFO - EXPIRED
湖南涟源两名挖井师傅清理旧水井遭遇塌方，一人逃出另一人被埋身亡
https://new.qq.com/rain/a/20241118A03YPK00

2024-11-19 02:15:53,144 - INFO - INVALID
受贿数额特别巨大！中石油原董事长王宜林被公诉
https://new.qq.com/rain/a/20241119A0271U00

2024-11-19 02:15:53,155 - ERROR - ERROR
湖南常德一小学门口有车辆撞人：有学生和家长受伤，肇事司机被控制
https://new.qq.com/rain/a/20241119V022C900
('list index out of range',)
======
Traceback (most recent call last):
  File "/home/runner/work/qqnews/qqnews/qq.py", line 81, in process_article
    ss = str(tmpbs.select("div.LEFT div.content.clearfix")[0])
             ~~~~~~~~~~~~~~~~~~~~~~~~~~~~~~~~~~~~~~~~~~~~~^^^
IndexError: list index out of range


2024-11-19 02:15:53,168 - INFO - INVALID
陕西版孙小果案：涉抢劫杀人却屡次脱逃 被判18年仅服刑6年就保外就医
https://new.qq.com/rain/a/20241119A01MQ300

2024-11-19 02:15:53,246 - INFO - INVALID
俄国家杜马主席：若乌获准远程打击俄腹地 俄不排除使用新武器系统
https://new.qq.com/rain/a/20241119A0064500

2024-11-19 02:15:53,253 - INFO - INVALID
西藏自治区成都老干部休养基地公开招标，项目工程投资金额超百亿
https://new.qq.com/rain/a/20241119A01AYH00

2024-11-19 02:15:53,653 - INFO - INVALID
美报告：在美本科及以上留学生人数超112万人 中国留学生人数位列第二
https://new.qq.com/rain/a/20241119A01RWQ00

2024-11-19 02:15:53,660 - INFO - INVALID
新一轮美欧贸易战在即？欧央行官员警告：欧洲经济可能陷入衰退
https://new.qq.com/rain/a/20241119A00P6B00

2024-11-19 02:15:53,735 - INFO - INVALID
王毅会见俄罗斯外长拉夫罗夫
https://new.qq.com/rain/a/20241119A01BIZ00

2024-11-19 02:15:53,864 - INFO - INVALID
太原一社区多名干部瓜分企业捐赠香烟？区纪委监委：已介入调查
https://new.qq.com/rain/a/20241119A017HW00

2024-11-19 02:15:53,920 - INFO - INVALID
酒店偷拍黑产调查：毫米级摄像头随便买，宣称“瞅不着”“保密发货”
https://new.qq.com/rain/a/20241119A0152X00

2024-11-19 02:15:54,173 - INFO - INVALID
航空新势力起飞：六城即将开展eVTOL试点，将迎来哪些新机遇
https://new.qq.com/rain/a/20241119A0138Z00

2024-11-19 02:15:54,248 - INFO - INVALID
可观珠宝被调查：投资人称已两月无法兑付，董事长曾回应说没跑路
https://new.qq.com/rain/a/20241119A013QO00

2024-11-19 02:15:54,371 - INFO - INVALID
美国两大“债主”中国和日本9月均减持美债，其余前十大债主持仓上升
https://new.qq.com/rain/a/20241119A011Q300

2024-11-19 02:15:54,456 - INFO - INVALID
史无前例，老外吵翻：为今天，中国游戏等了10年
https://new.qq.com/rain/a/20241119A00OO000

2024-11-19 02:15:54,502 - INFO - INVALID
金正恩会见俄罗斯自然资源与生态部部长 就朝俄合作开展会谈
https://new.qq.com/rain/a/20241119A00YDS00

2024-11-19 02:15:54,764 - INFO - INVALID
谷歌搜索被判垄断，将被美国司法部勒令出售Chrome浏览器
https://new.qq.com/rain/a/20241119A011LE00

2024-11-19 02:15:54,823 - INFO - INVALID
美股收盘：三大指数涨跌不一，特斯拉涨超5%，热门中概股普遍上涨
https://new.qq.com/rain/a/20241119A00Y0300

2024-11-19 02:15:54,870 - INFO - INVALID
女大学生参加双选会被企业HR夸漂亮表示想认识下 自称涉事HR领导：他单身有权追求
https://new.qq.com/rain/a/20241119A00G2D00

2024-11-19 03:21:06,624 - INFO - EXPIRED
昆明一横跨河道的超市突发塌陷，有母女坠落，问题出在哪儿？超市选址合理吗？
https://view.inews.qq.com/a/20241118Q03ETC00

2024-11-19 03:21:06,624 - INFO - EXPIRED
教育机构数据显示：印度15年来首次超过中国，成美国最大留学生来源国
https://new.qq.com/rain/a/20241118A06O8C00

2024-11-19 03:21:06,624 - INFO - EXPIRED
苏州马拉松上薅羊毛？一男一女疑拿走大量补给“负重”奔跑，官方回应
https://new.qq.com/rain/a/20241118A0902M00

2024-11-19 03:21:06,624 - INFO - EXPIRED
实探“随便进”的政府大院：外卖员和官员同堂吃饭，办公秩序未受影响
https://new.qq.com/rain/a/20241118A09URW00

2024-11-19 03:21:06,624 - INFO - EXPIRED
游客夜爬昆明大牯牛山并纵火烧山？官方：正在核实是生火取暖还是纵火
https://new.qq.com/rain/a/20241118A08QZG00

2024-11-19 03:21:06,624 - INFO - EXPIRED
荣耀独立4年 走了一条和华为不同的路？
https://new.qq.com/rain/a/20241118A06P7M00

2024-11-19 03:21:06,624 - INFO - EXPIRED
张文宏团队发表最新研究，事关长新冠诊疗
https://new.qq.com/rain/a/20241118A092ND00

2024-11-19 03:21:06,624 - INFO - EXPIRED
浙江增速超广东，这些地方为何“最敢生”
https://new.qq.com/rain/a/20241118A09GLH00

2024-11-19 03:21:06,624 - INFO - EXPIRED
百亿遗产风波落定！郑永刚遗孀周婷掌权杉杉股份！股价已“提前”涨停
https://new.qq.com/rain/a/20241118A09VDR00

2024-11-19 03:21:06,624 - INFO - EXPIRED
天津最大奥迪4S店回应“闭店”：资金链断裂引发连锁反应
https://new.qq.com/rain/a/20241118A09I7300

2024-11-19 03:21:06,624 - INFO - EXPIRED
中央空管委将在六城试点eVTOL，这是什么飞行器？以后能在城市里“打飞的”了？
https://view.inews.qq.com/a/20241118Q076IF00

2024-11-19 03:21:06,624 - INFO - EXPIRED
梁光烈同志生平照片
https://new.qq.com/rain/a/20241118A094IJ00

2024-11-19 03:21:06,624 - INFO - EXPIRED
外媒：泽连斯基前往顿巴斯一战略要地视察，称“局势紧张”
https://new.qq.com/rain/a/20241118A09EB600

2024-11-19 03:21:06,624 - INFO - EXPIRED
内地学生用假学历入读澳门科大详情：宿舍里被抓，多人已逃跑
https://new.qq.com/rain/a/20241118A08RNA00

2024-11-19 03:21:06,624 - INFO - EXPIRED
甘肃肃北“二孩三孩家庭最高补贴10万元”背后：全县月均新生儿不足5个，已有人咨询政策
https://new.qq.com/rain/a/20241118A09DD700

2024-11-19 03:21:06,624 - INFO - EXPIRED
国足再战日本，首回合0-7惨败，主场应该怎么踢？有可能带来惊喜吗？
https://view.inews.qq.com/a/20241118Q097YU00

2024-11-19 03:21:06,624 - INFO - EXPIRED
中概股全线走强！3倍做多富时中国ETF涨超5%，极氪涨超6%
https://new.qq.com/rain/a/20241118A09UE700

2024-11-19 03:21:06,624 - INFO - EXPIRED
太原一社区多名干部开会瓜分企业捐赠的香烟？视频曝光，多方回应
https://new.qq.com/rain/a/20241118V08PEL00

2024-11-19 03:21:06,624 - INFO - EXPIRED
城中村改造将扩围至近300个城市，这个力度有多大？哪些人获益最大？
https://view.inews.qq.com/a/20241118Q04P8H00

2024-11-19 03:21:06,624 - INFO - EXPIRED
媒体：给学生戴“小蜜蜂”，别又是一个“秦朗丢作业事件”
https://new.qq.com/rain/a/20241118A09SLV00

2024-11-19 03:21:06,625 - INFO - EXPIRED
武汉官方通报良品铺子被举报事件：举报人反映问题不成立
https://new.qq.com/rain/a/20241118A09SOK00

2024-11-19 03:21:06,625 - INFO - EXPIRED
刘永好出手了！民生银行昔日第一大股东拟举牌，此前曾多次减持
https://new.qq.com/rain/a/20241118A09C0Q00

2024-11-19 03:21:06,625 - INFO - EXPIRED
浙江大学本科生与其教授母亲同发论文受质疑，其母所在大学：将调查，会公正对待
https://new.qq.com/rain/a/20241118A089I100

2024-11-19 03:21:06,625 - INFO - EXPIRED
“翻转”的群架：罚款200元的治安案件，26年后被认定涉黑
https://new.qq.com/rain/a/20241118A06QQ100

2024-11-19 03:21:06,625 - INFO - EXPIRED
​重庆市原市长黄奇帆：中国对外开放的五大新特征和五大新任务
https://new.qq.com/rain/a/20241115A06ZZH00

2024-11-19 03:21:06,625 - INFO - EXPIRED
杉杉股份董事长再生变！郑驹辞职，80后继母上任
https://new.qq.com/rain/a/20241118A09IZC00

2024-11-19 03:21:06,625 - INFO - EXPIRED
女子取现700万给骗子怼民警管得宽：就喜欢把钱扔水里，看溅起的水花
https://new.qq.com/rain/a/20241118A00LT900

2024-11-19 03:21:06,625 - INFO - EXPIRED
4只抱窝黑天鹅陆续死亡，圆明园发布情况说明
https://new.qq.com/rain/a/20241118A09EQV00

2024-11-19 03:21:06,625 - INFO - EXPIRED
宋涛会见王金平
https://new.qq.com/rain/a/20241118A0910R00

2024-11-19 03:21:06,625 - INFO - EXPIRED
中美贸易战的最大受益者？媒体：越南或面临灾难性后果
https://new.qq.com/rain/a/20241118A07A0100

2024-11-19 03:21:06,625 - INFO - EXPIRED
上海取消普通住房和非普通住房标准，对我买大房子是利好？能省多少钱？
https://view.inews.qq.com/a/20241118Q056WG00

2024-11-19 03:21:06,625 - INFO - EXPIRED
台前民意机构负责人王金平赴福建漳州祭祖：大家都是中华民族的一份子
https://new.qq.com/rain/a/20241118A05H9600

2024-11-19 03:21:06,625 - INFO - EXPIRED
17岁男孩与同学发生口角，被多名学生持钉棍围殴？太原警方通报
https://new.qq.com/rain/a/20241118A0816G00

2024-11-19 03:21:06,625 - INFO - EXPIRED
印度成功试射高超音速导弹，这武器什么水平？和其他国家相关武器比如何？
https://view.inews.qq.com/a/20241118Q06FI600

2024-11-19 03:21:06,625 - INFO - EXPIRED
李强：推动构建房地产发展新模式，更好满足人民群众高品质居住需求
https://new.qq.com/rain/a/20241118A08ISZ00

2024-11-19 03:21:06,625 - INFO - EXPIRED
成都龙泉驿区发生持械伤人案致1死，犯罪嫌疑人已被刑拘
https://new.qq.com/rain/a/20241118A08MBT00

2024-11-19 03:21:06,625 - INFO - EXPIRED
马斯克是如何降本增效的？X员工被迫自带厕纸上班
https://new.qq.com/rain/a/20241118A06PX300

2024-11-19 03:21:06,625 - INFO - EXPIRED
小米Q3营收925.1亿元同比增超30% 造车业务收入95亿元
https://new.qq.com/rain/a/20241118A07VHE00

2024-11-19 03:21:06,625 - INFO - EXPIRED
湖南株洲一排水口附近发现大量病毒采样试管 疾控：已封存 正调查来源
https://new.qq.com/rain/a/20241118V07KMN00

2024-11-19 03:21:06,625 - INFO - EXPIRED
广东省委书记黄坤明、省长王伟中到珠海督导检查安全生产工作
https://new.qq.com/rain/a/20241118A07Z3O00

2024-11-19 03:21:06,625 - INFO - EXPIRED
四川宜宾警方悬赏的39岁男子唐亮在云南芒市落网，涉嫌杀害13岁初二女生
https://new.qq.com/rain/a/20241118A06FQT00

2024-11-19 03:21:06,625 - INFO - EXPIRED
美解禁乌使用美武器纵深打击俄罗斯？俄方再回应
https://new.qq.com/rain/a/20241118A07O5J00

2024-11-19 03:21:06,625 - INFO - EXPIRED
学生戴“小蜜蜂”老师离职事件疑云重重：被指认学校否认其任教，另有3所小学曾发过类似视频
https://new.qq.com/rain/a/20241118A074JF00

2024-11-19 03:21:06,625 - INFO - EXPIRED
男子徒步哈巴雪山已失联十日，曾进入玉龙雪山未开发区被拦截
https://new.qq.com/rain/a/20241118A07IXQ00

2024-11-19 03:21:06,625 - INFO - EXPIRED
已与上汽讨论两轮FSD授权？特斯拉中国否认！曾预计明年一季度入华
https://new.qq.com/rain/a/20241118A05Z3000

2024-11-19 03:21:06,625 - INFO - EXPIRED
立陶宛称欲与中国关系“正常化”，同时也称“不会跪下乞求任何东西”
https://new.qq.com/rain/a/20241118A041L900

2024-11-19 03:21:06,625 - INFO - EXPIRED
中俄东线天然气管道工程完工，最南到达上海，年供应380亿立方米什么概念？
https://view.inews.qq.com/a/20241118Q023RV00

2024-11-19 03:21:06,625 - INFO - EXPIRED
广西河池一大四学生失联近5月后遗体被找到：在校期间挂科8门 家属称系溺亡
https://new.qq.com/rain/a/20241118V04SYZ00

2024-11-19 03:21:06,625 - INFO - EXPIRED
菲律宾海军司令换人，军事专家：不会改变菲在南海的挑衅性行事风格
https://new.qq.com/rain/a/20241118A0128500

2024-11-19 03:21:06,625 - INFO - EXPIRED
六城市入选！中央空管委即将开展eVTOL试点 空管系统或先行落地
https://new.qq.com/rain/a/20241118A06DNF00

2024-11-19 03:21:06,625 - INFO - EXPIRED
员工上班时因苦瓜脸、不微笑被整改？中建五局回应：是同事间开玩笑
https://new.qq.com/rain/a/20241118A04DVA00

2024-11-19 03:21:06,625 - INFO - EXPIRED
本周，又到了“英伟达时刻”！股价还有多少上涨空间
https://new.qq.com/rain/a/20241118A0666B00

2024-11-19 03:21:06,625 - INFO - EXPIRED
梁光烈同志遗体在京火化
https://new.qq.com/rain/a/20241118A05GOU00

2024-11-19 03:21:06,625 - INFO - EXPIRED
海底捞老乡鸡纷纷开进校园，餐饮巨头争夺大学生
https://new.qq.com/rain/a/20241118A02PTR00

2024-11-19 03:21:06,625 - INFO - EXPIRED
“东方公主”号游轮突发大火，所属公司回应：无人伤亡，火灾已被扑灭
https://new.qq.com/rain/a/20241118A064YX00

2024-11-19 03:21:06,625 - INFO - EXPIRED
欧盟情报机构称中俄合作生产军用无人机，外交部：没依据就妄加抹黑
https://new.qq.com/rain/a/20241118A061JU00

2024-11-19 03:21:06,625 - INFO - EXPIRED
山西一家长曝17岁儿子被8名学生持钉棍殴打：头脸脖子被扎成窟窿眼
https://new.qq.com/rain/a/20241118A01FX600

2024-11-19 03:21:06,625 - INFO - EXPIRED
给上课爱说话的学生戴“小蜜蜂”引争议，当事老师：接到投诉选择离职
https://new.qq.com/rain/a/20241118A03KQQ00

2024-11-19 03:21:06,625 - INFO - EXPIRED
首支退出LPL的战队诞生！官宣：RA俱乐部将不再参加LPL和LDL赛事
https://new.qq.com/rain/a/20241118A05QW900

2024-11-19 03:21:06,625 - INFO - EXPIRED
传美国已允许乌克兰使用美国武器袭击俄境内目标，消息可靠吗？真这么做会有什么后果？
https://view.inews.qq.com/a/20241118Q01EU400

2024-11-19 03:21:06,625 - INFO - EXPIRED
财政部决定开展国债做市支持操作
https://new.qq.com/rain/a/20241118A05ISB00

2024-11-19 03:21:06,625 - INFO - EXPIRED
萨摩亚总理菲娅梅将访华
https://new.qq.com/rain/a/20241118A05NRP00

2024-11-19 03:21:06,625 - INFO - EXPIRED
业主在28楼破墙开门搭梯 城管称整改费由其承担 律师：最高可罚款百万
https://new.qq.com/rain/a/20241118A04ING00

2024-11-19 03:21:06,625 - INFO - EXPIRED
拜登又给特朗普挖了个大坑：任期进入倒计时，加班加点向乌克兰供武
https://new.qq.com/rain/a/20241118A01DQE00

2024-11-19 03:21:06,625 - INFO - EXPIRED
16万的婚宴菜基本都是凉的，新人能要求赔偿吗？这种事该怎么处理？
https://view.inews.qq.com/a/20241116Q041EL00

2024-11-19 03:21:06,625 - INFO - EXPIRED
国家统计局：10月全国城镇不包含在校生的16-24岁劳动力失业率为17.1%
https://new.qq.com/rain/a/20241118A05AF500

2024-11-19 03:21:06,625 - INFO - EXPIRED
扎哈罗娃回应“拜登被爆已批准乌使用美国武器袭击俄境内目标”：普京已表过态
https://new.qq.com/rain/a/20241118A027K500

2024-11-19 03:21:06,625 - INFO - EXPIRED
西藏拉萨市墨竹工卡县发生4.4级地震，震源深度10千米
https://new.qq.com/rain/a/20241118A05N2300

2024-11-19 03:21:06,625 - INFO - EXPIRED
员工就无锡校园事件发表不当评论被开除，苏州一培训机构致歉
https://new.qq.com/rain/a/20241118V03SCR00

2024-11-19 03:21:06,625 - INFO - EXPIRED
河南禹州摄影家协会主席作品被指作假，97年照片出现喜羊羊，当地回应
https://new.qq.com/rain/a/20241118A046P500

2024-11-19 03:21:06,625 - INFO - EXPIRED
怀上9胞胎女子今日进行减胎手术：分两次进行，第一次减去四个胚胎，第二次减去三个胚胎
https://new.qq.com/rain/a/20241118A038S800

2024-11-19 03:21:06,625 - INFO - EXPIRED
斯里兰卡新一届内阁宣誓就职，阿马拉苏里亚就任总理
https://new.qq.com/rain/a/20241118A04IXX00

2024-11-19 03:21:06,626 - INFO - EXPIRED
昆明一超市开业6天地面塌陷 有顾客因此坠河 官方证实横跨河道属违建
https://new.qq.com/rain/a/20241118A04JR100

2024-11-19 03:21:07,664 - ERROR - ERROR
湖南常德一小学门口有车辆撞人：有学生和家长受伤，肇事司机被控制
https://new.qq.com/rain/a/20241119V022C900
('list index out of range',)
======
Traceback (most recent call last):
  File "/home/runner/work/qqnews/qqnews/qq.py", line 81, in process_article
    ss = str(tmpbs.select("div.LEFT div.content.clearfix")[0])
             ~~~~~~~~~~~~~~~~~~~~~~~~~~~~~~~~~~~~~~~~~~~~~^^^
IndexError: list index out of range


2024-11-19 03:21:07,680 - INFO - INVALID
受贿数额特别巨大！中石油原董事长王宜林被公诉
https://new.qq.com/rain/a/20241119A0271U00

2024-11-19 03:21:07,683 - INFO - INVALID
王林虎任湖北省委常委、省委政法委书记
https://new.qq.com/rain/a/20241119A02P5U00

2024-11-19 03:21:07,689 - INFO - INVALID
宣判！乱港分子戴耀廷被判十年有期徒刑 黄之锋获刑四年八个月
https://new.qq.com/rain/a/20241119A033YD00

2024-11-19 03:21:07,754 - INFO - INVALID
中国和巴基斯坦军队将举行“勇士-8”反恐联合演习
https://new.qq.com/rain/a/20241119A0394S00

2024-11-19 03:21:08,279 - INFO - SUCCESS
浙江诸暨重大刑案54岁嫌犯在逃 警方悬赏3万追凶 村民：他杀妻并碎尸
https://new.qq.com/rain/a/20241119A02SY800

2024-11-19 03:21:08,292 - INFO - INVALID
香港首宗颠覆国家政权案宣判 45名反中乱港分子被判刑
https://new.qq.com/rain/a/20241119A02U0N00

2024-11-19 03:21:08,384 - INFO - INVALID
国家发改委：加快破解各类市场准入“玻璃门”、“旋转门”和“弹簧门
https://new.qq.com/rain/a/20241119A02VYH00

2024-11-19 03:21:08,398 - INFO - INVALID
受大雾天气影响，宁夏银川13辆车相撞、3人受伤
https://new.qq.com/rain/a/20241119A02P9F00

2024-11-19 03:21:08,553 - INFO - INVALID
四百万粉丝男博主，专职在私信里给粉丝分析月经、怀孕、性生活
https://new.qq.com/rain/a/20241119A01NKA00

2024-11-19 03:21:08,873 - INFO - INVALID
央行副行长朱鹤新：近期出台的政策效果开始显现
https://new.qq.com/rain/a/20241119A0296K00

2024-11-19 03:21:08,955 - INFO - INVALID
西藏自治区成都老干部休养基地公开招标，项目工程投资金额超百亿
https://new.qq.com/rain/a/20241119A01AYH00

2024-11-19 03:21:09,013 - INFO - INVALID
俄国家杜马主席：若乌获准远程打击俄腹地 俄不排除使用新武器系统
https://new.qq.com/rain/a/20241119A0064500

2024-11-19 03:21:09,091 - INFO - INVALID
王毅会见俄罗斯外长拉夫罗夫
https://new.qq.com/rain/a/20241119A01BIZ00

2024-11-19 03:21:09,171 - INFO - INVALID
证监会主席吴清：资本市场长期向好的底层逻辑将会更加稳固
https://new.qq.com/rain/a/20241119A022KH00

2024-11-19 03:21:09,566 - INFO - INVALID
新一轮美欧贸易战在即？欧央行官员警告：欧洲经济可能陷入衰退
https://new.qq.com/rain/a/20241119A00P6B00

2024-11-19 03:21:09,615 - INFO - INVALID
美报告：在美本科及以上留学生人数超112万人 中国留学生人数位列第二
https://new.qq.com/rain/a/20241119A01RWQ00

2024-11-19 03:21:09,634 - INFO - INVALID
太原一社区多名干部瓜分企业捐赠香烟？区纪委监委：已介入调查
https://new.qq.com/rain/a/20241119A017HW00

2024-11-19 03:21:09,856 - INFO - INVALID
可观珠宝被调查：投资人称已两月无法兑付，董事长曾回应说没跑路
https://new.qq.com/rain/a/20241119A013QO00

2024-11-19 03:21:09,900 - INFO - INVALID
酒店偷拍黑产调查：毫米级摄像头随便买，宣称“瞅不着”“保密发货”
https://new.qq.com/rain/a/20241119A0152X00

2024-11-19 03:21:10,243 - INFO - INVALID
美国两大“债主”中国和日本9月均减持美债，其余前十大债主持仓上升
https://new.qq.com/rain/a/20241119A011Q300

2024-11-19 03:21:10,278 - INFO - INVALID
航空新势力起飞：六城即将开展eVTOL试点，将迎来哪些新机遇
https://new.qq.com/rain/a/20241119A0138Z00

2024-11-19 03:21:10,421 - INFO - INVALID
史无前例，老外吵翻：为今天，中国游戏等了10年
https://new.qq.com/rain/a/20241119A00OO000

2024-11-19 03:21:10,482 - INFO - INVALID
金正恩会见俄罗斯自然资源与生态部部长 就朝俄合作开展会谈
https://new.qq.com/rain/a/20241119A00YDS00

2024-11-19 03:21:10,505 - INFO - INVALID
谷歌搜索被判垄断，将被美国司法部勒令出售Chrome浏览器
https://new.qq.com/rain/a/20241119A011LE00

2024-11-19 03:21:10,893 - INFO - INVALID
美股收盘：三大指数涨跌不一，特斯拉涨超5%，热门中概股普遍上涨
https://new.qq.com/rain/a/20241119A00Y0300

2024-11-19 03:21:10,900 - INFO - INVALID
女大学生参加双选会被企业HR夸漂亮表示想认识下 自称涉事HR领导：他单身有权追求
https://new.qq.com/rain/a/20241119A00G2D00

2024-11-19 04:10:01,520 - INFO - EXPIRED
教育机构数据显示：印度15年来首次超过中国，成美国最大留学生来源国
https://new.qq.com/rain/a/20241118A06O8C00

2024-11-19 04:10:01,520 - INFO - EXPIRED
实探“随便进”的政府大院：外卖员和官员同堂吃饭，办公秩序未受影响
https://new.qq.com/rain/a/20241118A09URW00

2024-11-19 04:10:01,520 - INFO - EXPIRED
昆明一横跨河道的超市突发塌陷，有母女坠落，问题出在哪儿？超市选址合理吗？
https://view.inews.qq.com/a/20241118Q03ETC00

2024-11-19 04:10:01,520 - INFO - EXPIRED
苏州马拉松上薅羊毛？一男一女疑拿走大量补给“负重”奔跑，官方回应
https://new.qq.com/rain/a/20241118A0902M00

2024-11-19 04:10:01,520 - INFO - EXPIRED
游客夜爬昆明大牯牛山并纵火烧山？官方：正在核实是生火取暖还是纵火
https://new.qq.com/rain/a/20241118A08QZG00

2024-11-19 04:10:01,520 - INFO - EXPIRED
荣耀独立4年 走了一条和华为不同的路？
https://new.qq.com/rain/a/20241118A06P7M00

2024-11-19 04:10:01,521 - INFO - EXPIRED
张文宏团队发表最新研究，事关长新冠诊疗
https://new.qq.com/rain/a/20241118A092ND00

2024-11-19 04:10:01,521 - INFO - EXPIRED
浙江增速超广东，这些地方为何“最敢生”
https://new.qq.com/rain/a/20241118A09GLH00

2024-11-19 04:10:01,521 - INFO - EXPIRED
百亿遗产风波落定！郑永刚遗孀周婷掌权杉杉股份！股价已“提前”涨停
https://new.qq.com/rain/a/20241118A09VDR00

2024-11-19 04:10:01,521 - INFO - EXPIRED
天津最大奥迪4S店回应“闭店”：资金链断裂引发连锁反应
https://new.qq.com/rain/a/20241118A09I7300

2024-11-19 04:10:01,521 - INFO - EXPIRED
中央空管委将在六城试点eVTOL，这是什么飞行器？以后能在城市里“打飞的”了？
https://view.inews.qq.com/a/20241118Q076IF00

2024-11-19 04:10:01,521 - INFO - EXPIRED
梁光烈同志生平照片
https://new.qq.com/rain/a/20241118A094IJ00

2024-11-19 04:10:01,521 - INFO - EXPIRED
外媒：泽连斯基前往顿巴斯一战略要地视察，称“局势紧张”
https://new.qq.com/rain/a/20241118A09EB600

2024-11-19 04:10:01,521 - INFO - EXPIRED
内地学生用假学历入读澳门科大详情：宿舍里被抓，多人已逃跑
https://new.qq.com/rain/a/20241118A08RNA00

2024-11-19 04:10:01,521 - INFO - EXPIRED
甘肃肃北“二孩三孩家庭最高补贴10万元”背后：全县月均新生儿不足5个，已有人咨询政策
https://new.qq.com/rain/a/20241118A09DD700

2024-11-19 04:10:01,521 - INFO - EXPIRED
国足再战日本，首回合0-7惨败，主场应该怎么踢？有可能带来惊喜吗？
https://view.inews.qq.com/a/20241118Q097YU00

2024-11-19 04:10:01,521 - INFO - EXPIRED
中概股全线走强！3倍做多富时中国ETF涨超5%，极氪涨超6%
https://new.qq.com/rain/a/20241118A09UE700

2024-11-19 04:10:01,521 - INFO - EXPIRED
太原一社区多名干部开会瓜分企业捐赠的香烟？视频曝光，多方回应
https://new.qq.com/rain/a/20241118V08PEL00

2024-11-19 04:10:01,521 - INFO - EXPIRED
城中村改造将扩围至近300个城市，这个力度有多大？哪些人获益最大？
https://view.inews.qq.com/a/20241118Q04P8H00

2024-11-19 04:10:01,521 - INFO - EXPIRED
媒体：给学生戴“小蜜蜂”，别又是一个“秦朗丢作业事件”
https://new.qq.com/rain/a/20241118A09SLV00

2024-11-19 04:10:01,521 - INFO - EXPIRED
武汉官方通报良品铺子被举报事件：举报人反映问题不成立
https://new.qq.com/rain/a/20241118A09SOK00

2024-11-19 04:10:01,521 - INFO - EXPIRED
刘永好出手了！民生银行昔日第一大股东拟举牌，此前曾多次减持
https://new.qq.com/rain/a/20241118A09C0Q00

2024-11-19 04:10:01,521 - INFO - EXPIRED
浙江大学本科生与其教授母亲同发论文受质疑，其母所在大学：将调查，会公正对待
https://new.qq.com/rain/a/20241118A089I100

2024-11-19 04:10:01,521 - INFO - EXPIRED
“翻转”的群架：罚款200元的治安案件，26年后被认定涉黑
https://new.qq.com/rain/a/20241118A06QQ100

2024-11-19 04:10:01,521 - INFO - EXPIRED
​重庆市原市长黄奇帆：中国对外开放的五大新特征和五大新任务
https://new.qq.com/rain/a/20241115A06ZZH00

2024-11-19 04:10:01,521 - INFO - EXPIRED
杉杉股份董事长再生变！郑驹辞职，80后继母上任
https://new.qq.com/rain/a/20241118A09IZC00

2024-11-19 04:10:01,521 - INFO - EXPIRED
女子取现700万给骗子怼民警管得宽：就喜欢把钱扔水里，看溅起的水花
https://new.qq.com/rain/a/20241118A00LT900

2024-11-19 04:10:01,521 - INFO - EXPIRED
4只抱窝黑天鹅陆续死亡，圆明园发布情况说明
https://new.qq.com/rain/a/20241118A09EQV00

2024-11-19 04:10:01,521 - INFO - EXPIRED
宋涛会见王金平
https://new.qq.com/rain/a/20241118A0910R00

2024-11-19 04:10:01,521 - INFO - EXPIRED
中美贸易战的最大受益者？媒体：越南或面临灾难性后果
https://new.qq.com/rain/a/20241118A07A0100

2024-11-19 04:10:01,521 - INFO - EXPIRED
上海取消普通住房和非普通住房标准，对我买大房子是利好？能省多少钱？
https://view.inews.qq.com/a/20241118Q056WG00

2024-11-19 04:10:01,521 - INFO - EXPIRED
台前民意机构负责人王金平赴福建漳州祭祖：大家都是中华民族的一份子
https://new.qq.com/rain/a/20241118A05H9600

2024-11-19 04:10:01,521 - INFO - EXPIRED
17岁男孩与同学发生口角，被多名学生持钉棍围殴？太原警方通报
https://new.qq.com/rain/a/20241118A0816G00

2024-11-19 04:10:01,521 - INFO - EXPIRED
印度成功试射高超音速导弹，这武器什么水平？和其他国家相关武器比如何？
https://view.inews.qq.com/a/20241118Q06FI600

2024-11-19 04:10:01,521 - INFO - EXPIRED
李强：推动构建房地产发展新模式，更好满足人民群众高品质居住需求
https://new.qq.com/rain/a/20241118A08ISZ00

2024-11-19 04:10:01,521 - INFO - EXPIRED
成都龙泉驿区发生持械伤人案致1死，犯罪嫌疑人已被刑拘
https://new.qq.com/rain/a/20241118A08MBT00

2024-11-19 04:10:01,521 - INFO - EXPIRED
马斯克是如何降本增效的？X员工被迫自带厕纸上班
https://new.qq.com/rain/a/20241118A06PX300

2024-11-19 04:10:01,521 - INFO - EXPIRED
小米Q3营收925.1亿元同比增超30% 造车业务收入95亿元
https://new.qq.com/rain/a/20241118A07VHE00

2024-11-19 04:10:01,521 - INFO - EXPIRED
湖南株洲一排水口附近发现大量病毒采样试管 疾控：已封存 正调查来源
https://new.qq.com/rain/a/20241118V07KMN00

2024-11-19 04:10:01,521 - INFO - EXPIRED
广东省委书记黄坤明、省长王伟中到珠海督导检查安全生产工作
https://new.qq.com/rain/a/20241118A07Z3O00

2024-11-19 04:10:01,521 - INFO - EXPIRED
四川宜宾警方悬赏的39岁男子唐亮在云南芒市落网，涉嫌杀害13岁初二女生
https://new.qq.com/rain/a/20241118A06FQT00

2024-11-19 04:10:01,521 - INFO - EXPIRED
美解禁乌使用美武器纵深打击俄罗斯？俄方再回应
https://new.qq.com/rain/a/20241118A07O5J00

2024-11-19 04:10:01,521 - INFO - EXPIRED
学生戴“小蜜蜂”老师离职事件疑云重重：被指认学校否认其任教，另有3所小学曾发过类似视频
https://new.qq.com/rain/a/20241118A074JF00

2024-11-19 04:10:01,521 - INFO - EXPIRED
男子徒步哈巴雪山已失联十日，曾进入玉龙雪山未开发区被拦截
https://new.qq.com/rain/a/20241118A07IXQ00

2024-11-19 04:10:01,521 - INFO - EXPIRED
已与上汽讨论两轮FSD授权？特斯拉中国否认！曾预计明年一季度入华
https://new.qq.com/rain/a/20241118A05Z3000

2024-11-19 04:10:01,521 - INFO - EXPIRED
立陶宛称欲与中国关系“正常化”，同时也称“不会跪下乞求任何东西”
https://new.qq.com/rain/a/20241118A041L900

2024-11-19 04:10:01,521 - INFO - EXPIRED
中俄东线天然气管道工程完工，最南到达上海，年供应380亿立方米什么概念？
https://view.inews.qq.com/a/20241118Q023RV00

2024-11-19 04:10:01,521 - INFO - EXPIRED
广西河池一大四学生失联近5月后遗体被找到：在校期间挂科8门 家属称系溺亡
https://new.qq.com/rain/a/20241118V04SYZ00

2024-11-19 04:10:01,521 - INFO - EXPIRED
菲律宾海军司令换人，军事专家：不会改变菲在南海的挑衅性行事风格
https://new.qq.com/rain/a/20241118A0128500

2024-11-19 04:10:01,521 - INFO - EXPIRED
六城市入选！中央空管委即将开展eVTOL试点 空管系统或先行落地
https://new.qq.com/rain/a/20241118A06DNF00

2024-11-19 04:10:01,521 - INFO - EXPIRED
员工上班时因苦瓜脸、不微笑被整改？中建五局回应：是同事间开玩笑
https://new.qq.com/rain/a/20241118A04DVA00

2024-11-19 04:10:01,521 - INFO - EXPIRED
本周，又到了“英伟达时刻”！股价还有多少上涨空间
https://new.qq.com/rain/a/20241118A0666B00

2024-11-19 04:10:01,521 - INFO - EXPIRED
梁光烈同志遗体在京火化
https://new.qq.com/rain/a/20241118A05GOU00

2024-11-19 04:10:01,521 - INFO - EXPIRED
海底捞老乡鸡纷纷开进校园，餐饮巨头争夺大学生
https://new.qq.com/rain/a/20241118A02PTR00

2024-11-19 04:10:01,521 - INFO - EXPIRED
“东方公主”号游轮突发大火，所属公司回应：无人伤亡，火灾已被扑灭
https://new.qq.com/rain/a/20241118A064YX00

2024-11-19 04:10:01,522 - INFO - EXPIRED
欧盟情报机构称中俄合作生产军用无人机，外交部：没依据就妄加抹黑
https://new.qq.com/rain/a/20241118A061JU00

2024-11-19 04:10:01,522 - INFO - EXPIRED
山西一家长曝17岁儿子被8名学生持钉棍殴打：头脸脖子被扎成窟窿眼
https://new.qq.com/rain/a/20241118A01FX600

2024-11-19 04:10:01,522 - INFO - EXPIRED
给上课爱说话的学生戴“小蜜蜂”引争议，当事老师：接到投诉选择离职
https://new.qq.com/rain/a/20241118A03KQQ00

2024-11-19 04:10:01,522 - INFO - EXPIRED
首支退出LPL的战队诞生！官宣：RA俱乐部将不再参加LPL和LDL赛事
https://new.qq.com/rain/a/20241118A05QW900

2024-11-19 04:10:01,522 - INFO - EXPIRED
传美国已允许乌克兰使用美国武器袭击俄境内目标，消息可靠吗？真这么做会有什么后果？
https://view.inews.qq.com/a/20241118Q01EU400

2024-11-19 04:10:01,522 - INFO - EXPIRED
财政部决定开展国债做市支持操作
https://new.qq.com/rain/a/20241118A05ISB00

2024-11-19 04:10:01,522 - INFO - EXPIRED
萨摩亚总理菲娅梅将访华
https://new.qq.com/rain/a/20241118A05NRP00

2024-11-19 04:10:01,522 - INFO - EXPIRED
业主在28楼破墙开门搭梯 城管称整改费由其承担 律师：最高可罚款百万
https://new.qq.com/rain/a/20241118A04ING00

2024-11-19 04:10:01,522 - INFO - EXPIRED
拜登又给特朗普挖了个大坑：任期进入倒计时，加班加点向乌克兰供武
https://new.qq.com/rain/a/20241118A01DQE00

2024-11-19 04:10:01,522 - INFO - EXPIRED
16万的婚宴菜基本都是凉的，新人能要求赔偿吗？这种事该怎么处理？
https://view.inews.qq.com/a/20241116Q041EL00

2024-11-19 04:10:01,522 - INFO - EXPIRED
国家统计局：10月全国城镇不包含在校生的16-24岁劳动力失业率为17.1%
https://new.qq.com/rain/a/20241118A05AF500

2024-11-19 04:10:01,522 - INFO - EXPIRED
扎哈罗娃回应“拜登被爆已批准乌使用美国武器袭击俄境内目标”：普京已表过态
https://new.qq.com/rain/a/20241118A027K500

2024-11-19 04:10:01,522 - INFO - EXPIRED
西藏拉萨市墨竹工卡县发生4.4级地震，震源深度10千米
https://new.qq.com/rain/a/20241118A05N2300

2024-11-19 04:10:01,522 - INFO - EXPIRED
员工就无锡校园事件发表不当评论被开除，苏州一培训机构致歉
https://new.qq.com/rain/a/20241118V03SCR00

2024-11-19 04:10:01,522 - INFO - EXPIRED
河南禹州摄影家协会主席作品被指作假，97年照片出现喜羊羊，当地回应
https://new.qq.com/rain/a/20241118A046P500

2024-11-19 04:10:01,522 - INFO - EXPIRED
怀上9胞胎女子今日进行减胎手术：分两次进行，第一次减去四个胚胎，第二次减去三个胚胎
https://new.qq.com/rain/a/20241118A038S800

2024-11-19 04:10:02,411 - INFO - INVALID
宣判！乱港分子戴耀廷被判十年有期徒刑 黄之锋获刑四年八个月
https://new.qq.com/rain/a/20241119A033YD00

2024-11-19 04:10:02,432 - INFO - INVALID
湖南常德一小学门口有车辆撞人 工作人员：涉事男子驾车意图冲入校园
https://new.qq.com/rain/a/20241119A03IN200

2024-11-19 04:10:02,440 - INFO - INVALID
受贿数额特别巨大！中石油原董事长王宜林被公诉
https://new.qq.com/rain/a/20241119A0271U00

2024-11-19 04:10:02,477 - ERROR - ERROR
全球长新冠患者数量持续增加，我怎么知道自己是不是长新冠？这病伤害大吗？
https://view.inews.qq.com/a/20241119Q01F6U00
('list index out of range',)
======
Traceback (most recent call last):
  File "/home/runner/work/qqnews/qqnews/qq.py", line 81, in process_article
    ss = str(tmpbs.select("div.LEFT div.content.clearfix")[0])
             ~~~~~~~~~~~~~~~~~~~~~~~~~~~~~~~~~~~~~~~~~~~~~^^^
IndexError: list index out of range


2024-11-19 04:10:02,486 - INFO - EXIST
浙江诸暨重大刑案54岁嫌犯在逃 警方悬赏3万追凶 村民：他杀妻并碎尸
https://new.qq.com/rain/a/20241119A02SY800

2024-11-19 04:10:03,025 - ERROR - ERROR
因大雾和路面结冰，宁夏银川一路段10余辆车追尾剐蹭，3人受伤就医
https://new.qq.com/rain/a/20241119V03QYP00
('list index out of range',)
======
Traceback (most recent call last):
  File "/home/runner/work/qqnews/qqnews/qq.py", line 81, in process_article
    ss = str(tmpbs.select("div.LEFT div.content.clearfix")[0])
             ~~~~~~~~~~~~~~~~~~~~~~~~~~~~~~~~~~~~~~~~~~~~~^^^
IndexError: list index out of range


2024-11-19 04:10:03,065 - INFO - INVALID
俄国家杜马主席：若乌获准远程打击俄腹地 俄不排除使用新武器系统
https://new.qq.com/rain/a/20241119A0064500

2024-11-19 04:10:03,077 - INFO - INVALID
特朗普计划现场围观SpaceX星舰试飞，为马斯克站台
https://new.qq.com/rain/a/20241119A03FBN00

2024-11-19 04:10:03,164 - INFO - INVALID
中国和巴基斯坦军队将举行“勇士-8”反恐联合演习
https://new.qq.com/rain/a/20241119A0394S00

2024-11-19 04:10:03,177 - INFO - INVALID
王毅会见印度外长苏杰生：争取在恢复直航、便利签证等方面取得进展
https://new.qq.com/rain/a/20241119A033V000

2024-11-19 04:10:03,625 - INFO - INVALID
王林虎任湖北省委常委、省委政法委书记
https://new.qq.com/rain/a/20241119A02P5U00

2024-11-19 04:10:03,757 - INFO - INVALID
国家发改委：加快破解各类市场准入“玻璃门”、“旋转门”和“弹簧门
https://new.qq.com/rain/a/20241119A02VYH00

2024-11-19 04:10:03,848 - INFO - INVALID
四百万粉丝男博主，专职在私信里给粉丝分析月经、怀孕、性生活
https://new.qq.com/rain/a/20241119A01NKA00

2024-11-19 04:10:03,881 - INFO - INVALID
央行副行长朱鹤新：近期出台的政策效果开始显现
https://new.qq.com/rain/a/20241119A0296K00

2024-11-19 04:10:04,086 - INFO - INVALID
西藏自治区成都老干部休养基地公开招标，项目工程投资金额超百亿
https://new.qq.com/rain/a/20241119A01AYH00

2024-11-19 04:10:04,257 - INFO - INVALID
王毅会见俄罗斯外长拉夫罗夫
https://new.qq.com/rain/a/20241119A01BIZ00

2024-11-19 04:10:04,453 - INFO - INVALID
证监会主席吴清：资本市场长期向好的底层逻辑将会更加稳固
https://new.qq.com/rain/a/20241119A022KH00

2024-11-19 04:10:04,458 - INFO - INVALID
美报告：在美本科及以上留学生人数超112万人 中国留学生人数位列第二
https://new.qq.com/rain/a/20241119A01RWQ00

2024-11-19 04:10:04,558 - INFO - INVALID
新一轮美欧贸易战在即？欧央行官员警告：欧洲经济可能陷入衰退
https://new.qq.com/rain/a/20241119A00P6B00

2024-11-19 04:10:04,788 - INFO - INVALID
太原一社区多名干部瓜分企业捐赠香烟？区纪委监委：已介入调查
https://new.qq.com/rain/a/20241119A017HW00

2024-11-19 04:10:05,022 - INFO - INVALID
酒店偷拍黑产调查：毫米级摄像头随便买，宣称“瞅不着”“保密发货”
https://new.qq.com/rain/a/20241119A0152X00

2024-11-19 04:10:05,089 - INFO - INVALID
可观珠宝被调查：投资人称已两月无法兑付，董事长曾回应说没跑路
https://new.qq.com/rain/a/20241119A013QO00

2024-11-19 04:10:05,095 - INFO - INVALID
航空新势力起飞：六城即将开展eVTOL试点，将迎来哪些新机遇
https://new.qq.com/rain/a/20241119A0138Z00

2024-11-19 04:10:05,402 - INFO - INVALID
史无前例，老外吵翻：为今天，中国游戏等了10年
https://new.qq.com/rain/a/20241119A00OO000

2024-11-19 04:10:05,409 - INFO - INVALID
美国两大“债主”中国和日本9月均减持美债，其余前十大债主持仓上升
https://new.qq.com/rain/a/20241119A011Q300

2024-11-19 04:10:05,754 - INFO - INVALID
金正恩会见俄罗斯自然资源与生态部部长 就朝俄合作开展会谈
https://new.qq.com/rain/a/20241119A00YDS00

2024-11-19 04:10:05,768 - INFO - INVALID
谷歌搜索被判垄断，将被美国司法部勒令出售Chrome浏览器
https://new.qq.com/rain/a/20241119A011LE00

2024-11-19 04:10:05,798 - INFO - INVALID
美股收盘：三大指数涨跌不一，特斯拉涨超5%，热门中概股普遍上涨
https://new.qq.com/rain/a/20241119A00Y0300

2024-11-19 04:10:06,027 - INFO - INVALID
女大学生参加双选会被企业HR夸漂亮表示想认识下 自称涉事HR领导：他单身有权追求
https://new.qq.com/rain/a/20241119A00G2D00

2024-11-19 05:07:56,156 - INFO - EXPIRED
教育机构数据显示：印度15年来首次超过中国，成美国最大留学生来源国
https://new.qq.com/rain/a/20241118A06O8C00

2024-11-19 05:07:56,156 - INFO - EXPIRED
实探“随便进”的政府大院：外卖员和官员同堂吃饭，办公秩序未受影响
https://new.qq.com/rain/a/20241118A09URW00

2024-11-19 05:07:56,156 - INFO - EXPIRED
昆明一横跨河道的超市突发塌陷，有母女坠落，问题出在哪儿？超市选址合理吗？
https://view.inews.qq.com/a/20241118Q03ETC00

2024-11-19 05:07:56,157 - INFO - EXPIRED
苏州马拉松上薅羊毛？一男一女疑拿走大量补给“负重”奔跑，官方回应
https://new.qq.com/rain/a/20241118A0902M00

2024-11-19 05:07:56,157 - INFO - EXPIRED
游客夜爬昆明大牯牛山并纵火烧山？官方：正在核实是生火取暖还是纵火
https://new.qq.com/rain/a/20241118A08QZG00

2024-11-19 05:07:56,157 - INFO - EXPIRED
荣耀独立4年 走了一条和华为不同的路？
https://new.qq.com/rain/a/20241118A06P7M00

2024-11-19 05:07:56,157 - INFO - EXPIRED
张文宏团队发表最新研究，事关长新冠诊疗
https://new.qq.com/rain/a/20241118A092ND00

2024-11-19 05:07:56,157 - INFO - EXPIRED
浙江增速超广东，这些地方为何“最敢生”
https://new.qq.com/rain/a/20241118A09GLH00

2024-11-19 05:07:56,157 - INFO - EXPIRED
百亿遗产风波落定！郑永刚遗孀周婷掌权杉杉股份！股价已“提前”涨停
https://new.qq.com/rain/a/20241118A09VDR00

2024-11-19 05:07:56,157 - INFO - EXPIRED
天津最大奥迪4S店回应“闭店”：资金链断裂引发连锁反应
https://new.qq.com/rain/a/20241118A09I7300

2024-11-19 05:07:56,157 - INFO - EXPIRED
中央空管委将在六城试点eVTOL，这是什么飞行器？以后能在城市里“打飞的”了？
https://view.inews.qq.com/a/20241118Q076IF00

2024-11-19 05:07:56,157 - INFO - EXPIRED
梁光烈同志生平照片
https://new.qq.com/rain/a/20241118A094IJ00

2024-11-19 05:07:56,157 - INFO - EXPIRED
外媒：泽连斯基前往顿巴斯一战略要地视察，称“局势紧张”
https://new.qq.com/rain/a/20241118A09EB600

2024-11-19 05:07:56,157 - INFO - EXPIRED
内地学生用假学历入读澳门科大详情：宿舍里被抓，多人已逃跑
https://new.qq.com/rain/a/20241118A08RNA00

2024-11-19 05:07:56,157 - INFO - EXPIRED
甘肃肃北“二孩三孩家庭最高补贴10万元”背后：全县月均新生儿不足5个，已有人咨询政策
https://new.qq.com/rain/a/20241118A09DD700

2024-11-19 05:07:56,157 - INFO - EXPIRED
国足再战日本，首回合0-7惨败，主场应该怎么踢？有可能带来惊喜吗？
https://view.inews.qq.com/a/20241118Q097YU00

2024-11-19 05:07:56,157 - INFO - EXPIRED
中概股全线走强！3倍做多富时中国ETF涨超5%，极氪涨超6%
https://new.qq.com/rain/a/20241118A09UE700

2024-11-19 05:07:56,157 - INFO - EXPIRED
太原一社区多名干部开会瓜分企业捐赠的香烟？视频曝光，多方回应
https://new.qq.com/rain/a/20241118V08PEL00

2024-11-19 05:07:56,157 - INFO - EXPIRED
城中村改造将扩围至近300个城市，这个力度有多大？哪些人获益最大？
https://view.inews.qq.com/a/20241118Q04P8H00

2024-11-19 05:07:56,157 - INFO - EXPIRED
媒体：给学生戴“小蜜蜂”，别又是一个“秦朗丢作业事件”
https://new.qq.com/rain/a/20241118A09SLV00

2024-11-19 05:07:56,157 - INFO - EXPIRED
武汉官方通报良品铺子被举报事件：举报人反映问题不成立
https://new.qq.com/rain/a/20241118A09SOK00

2024-11-19 05:07:56,157 - INFO - EXPIRED
刘永好出手了！民生银行昔日第一大股东拟举牌，此前曾多次减持
https://new.qq.com/rain/a/20241118A09C0Q00

2024-11-19 05:07:56,157 - INFO - EXPIRED
浙江大学本科生与其教授母亲同发论文受质疑，其母所在大学：将调查，会公正对待
https://new.qq.com/rain/a/20241118A089I100

2024-11-19 05:07:56,157 - INFO - EXPIRED
“翻转”的群架：罚款200元的治安案件，26年后被认定涉黑
https://new.qq.com/rain/a/20241118A06QQ100

2024-11-19 05:07:56,157 - INFO - EXPIRED
​重庆市原市长黄奇帆：中国对外开放的五大新特征和五大新任务
https://new.qq.com/rain/a/20241115A06ZZH00

2024-11-19 05:07:56,157 - INFO - EXPIRED
杉杉股份董事长再生变！郑驹辞职，80后继母上任
https://new.qq.com/rain/a/20241118A09IZC00

2024-11-19 05:07:56,157 - INFO - EXPIRED
女子取现700万给骗子怼民警管得宽：就喜欢把钱扔水里，看溅起的水花
https://new.qq.com/rain/a/20241118A00LT900

2024-11-19 05:07:56,157 - INFO - EXPIRED
4只抱窝黑天鹅陆续死亡，圆明园发布情况说明
https://new.qq.com/rain/a/20241118A09EQV00

2024-11-19 05:07:56,157 - INFO - EXPIRED
宋涛会见王金平
https://new.qq.com/rain/a/20241118A0910R00

2024-11-19 05:07:56,157 - INFO - EXPIRED
中美贸易战的最大受益者？媒体：越南或面临灾难性后果
https://new.qq.com/rain/a/20241118A07A0100

2024-11-19 05:07:56,157 - INFO - EXPIRED
上海取消普通住房和非普通住房标准，对我买大房子是利好？能省多少钱？
https://view.inews.qq.com/a/20241118Q056WG00

2024-11-19 05:07:56,157 - INFO - EXPIRED
台前民意机构负责人王金平赴福建漳州祭祖：大家都是中华民族的一份子
https://new.qq.com/rain/a/20241118A05H9600

2024-11-19 05:07:56,157 - INFO - EXPIRED
17岁男孩与同学发生口角，被多名学生持钉棍围殴？太原警方通报
https://new.qq.com/rain/a/20241118A0816G00

2024-11-19 05:07:56,157 - INFO - EXPIRED
印度成功试射高超音速导弹，这武器什么水平？和其他国家相关武器比如何？
https://view.inews.qq.com/a/20241118Q06FI600

2024-11-19 05:07:56,157 - INFO - EXPIRED
李强：推动构建房地产发展新模式，更好满足人民群众高品质居住需求
https://new.qq.com/rain/a/20241118A08ISZ00

2024-11-19 05:07:56,157 - INFO - EXPIRED
成都龙泉驿区发生持械伤人案致1死，犯罪嫌疑人已被刑拘
https://new.qq.com/rain/a/20241118A08MBT00

2024-11-19 05:07:56,157 - INFO - EXPIRED
马斯克是如何降本增效的？X员工被迫自带厕纸上班
https://new.qq.com/rain/a/20241118A06PX300

2024-11-19 05:07:56,157 - INFO - EXPIRED
小米Q3营收925.1亿元同比增超30% 造车业务收入95亿元
https://new.qq.com/rain/a/20241118A07VHE00

2024-11-19 05:07:56,157 - INFO - EXPIRED
湖南株洲一排水口附近发现大量病毒采样试管 疾控：已封存 正调查来源
https://new.qq.com/rain/a/20241118V07KMN00

2024-11-19 05:07:56,157 - INFO - EXPIRED
广东省委书记黄坤明、省长王伟中到珠海督导检查安全生产工作
https://new.qq.com/rain/a/20241118A07Z3O00

2024-11-19 05:07:56,157 - INFO - EXPIRED
四川宜宾警方悬赏的39岁男子唐亮在云南芒市落网，涉嫌杀害13岁初二女生
https://new.qq.com/rain/a/20241118A06FQT00

2024-11-19 05:07:56,157 - INFO - EXPIRED
美解禁乌使用美武器纵深打击俄罗斯？俄方再回应
https://new.qq.com/rain/a/20241118A07O5J00

2024-11-19 05:07:56,157 - INFO - EXPIRED
学生戴“小蜜蜂”老师离职事件疑云重重：被指认学校否认其任教，另有3所小学曾发过类似视频
https://new.qq.com/rain/a/20241118A074JF00

2024-11-19 05:07:56,157 - INFO - EXPIRED
男子徒步哈巴雪山已失联十日，曾进入玉龙雪山未开发区被拦截
https://new.qq.com/rain/a/20241118A07IXQ00

2024-11-19 05:07:56,157 - INFO - EXPIRED
已与上汽讨论两轮FSD授权？特斯拉中国否认！曾预计明年一季度入华
https://new.qq.com/rain/a/20241118A05Z3000

2024-11-19 05:07:56,157 - INFO - EXPIRED
立陶宛称欲与中国关系“正常化”，同时也称“不会跪下乞求任何东西”
https://new.qq.com/rain/a/20241118A041L900

2024-11-19 05:07:56,157 - INFO - EXPIRED
中俄东线天然气管道工程完工，最南到达上海，年供应380亿立方米什么概念？
https://view.inews.qq.com/a/20241118Q023RV00

2024-11-19 05:07:56,157 - INFO - EXPIRED
广西河池一大四学生失联近5月后遗体被找到：在校期间挂科8门 家属称系溺亡
https://new.qq.com/rain/a/20241118V04SYZ00

2024-11-19 05:07:56,158 - INFO - EXPIRED
菲律宾海军司令换人，军事专家：不会改变菲在南海的挑衅性行事风格
https://new.qq.com/rain/a/20241118A0128500

2024-11-19 05:07:56,158 - INFO - EXPIRED
六城市入选！中央空管委即将开展eVTOL试点 空管系统或先行落地
https://new.qq.com/rain/a/20241118A06DNF00

2024-11-19 05:07:56,158 - INFO - EXPIRED
员工上班时因苦瓜脸、不微笑被整改？中建五局回应：是同事间开玩笑
https://new.qq.com/rain/a/20241118A04DVA00

2024-11-19 05:07:56,158 - INFO - EXPIRED
本周，又到了“英伟达时刻”！股价还有多少上涨空间
https://new.qq.com/rain/a/20241118A0666B00

2024-11-19 05:07:56,158 - INFO - EXPIRED
梁光烈同志遗体在京火化
https://new.qq.com/rain/a/20241118A05GOU00

2024-11-19 05:07:56,158 - INFO - EXPIRED
海底捞老乡鸡纷纷开进校园，餐饮巨头争夺大学生
https://new.qq.com/rain/a/20241118A02PTR00

2024-11-19 05:07:56,158 - INFO - EXPIRED
“东方公主”号游轮突发大火，所属公司回应：无人伤亡，火灾已被扑灭
https://new.qq.com/rain/a/20241118A064YX00

2024-11-19 05:07:56,158 - INFO - EXPIRED
欧盟情报机构称中俄合作生产军用无人机，外交部：没依据就妄加抹黑
https://new.qq.com/rain/a/20241118A061JU00

2024-11-19 05:07:56,158 - INFO - EXPIRED
山西一家长曝17岁儿子被8名学生持钉棍殴打：头脸脖子被扎成窟窿眼
https://new.qq.com/rain/a/20241118A01FX600

2024-11-19 05:07:56,158 - INFO - EXPIRED
给上课爱说话的学生戴“小蜜蜂”引争议，当事老师：接到投诉选择离职
https://new.qq.com/rain/a/20241118A03KQQ00

2024-11-19 05:07:56,158 - INFO - EXPIRED
首支退出LPL的战队诞生！官宣：RA俱乐部将不再参加LPL和LDL赛事
https://new.qq.com/rain/a/20241118A05QW900

2024-11-19 05:07:56,158 - INFO - EXPIRED
传美国已允许乌克兰使用美国武器袭击俄境内目标，消息可靠吗？真这么做会有什么后果？
https://view.inews.qq.com/a/20241118Q01EU400

2024-11-19 05:07:56,158 - INFO - EXPIRED
财政部决定开展国债做市支持操作
https://new.qq.com/rain/a/20241118A05ISB00

2024-11-19 05:07:56,158 - INFO - EXPIRED
萨摩亚总理菲娅梅将访华
https://new.qq.com/rain/a/20241118A05NRP00

2024-11-19 05:07:56,158 - INFO - EXPIRED
业主在28楼破墙开门搭梯 城管称整改费由其承担 律师：最高可罚款百万
https://new.qq.com/rain/a/20241118A04ING00

2024-11-19 05:07:56,158 - INFO - EXPIRED
拜登又给特朗普挖了个大坑：任期进入倒计时，加班加点向乌克兰供武
https://new.qq.com/rain/a/20241118A01DQE00

2024-11-19 05:07:56,158 - INFO - EXPIRED
16万的婚宴菜基本都是凉的，新人能要求赔偿吗？这种事该怎么处理？
https://view.inews.qq.com/a/20241116Q041EL00

2024-11-19 05:07:56,158 - INFO - EXPIRED
国家统计局：10月全国城镇不包含在校生的16-24岁劳动力失业率为17.1%
https://new.qq.com/rain/a/20241118A05AF500

2024-11-19 05:07:56,158 - INFO - EXPIRED
扎哈罗娃回应“拜登被爆已批准乌使用美国武器袭击俄境内目标”：普京已表过态
https://new.qq.com/rain/a/20241118A027K500

2024-11-19 05:07:57,085 - INFO - INVALID
受贿数额特别巨大！中石油原董事长王宜林被公诉
https://new.qq.com/rain/a/20241119A0271U00

2024-11-19 05:07:57,093 - INFO - INVALID
湖南一检察官实名举报派出所副所长诬告其儿子？官方：收到举报正调查
https://new.qq.com/rain/a/20241119A04DGL00

2024-11-19 05:07:57,100 - INFO - EXIST
浙江诸暨重大刑案54岁嫌犯在逃 警方悬赏3万追凶 村民：他杀妻并碎尸
https://new.qq.com/rain/a/20241119A02SY800

2024-11-19 05:07:57,123 - INFO - INVALID
宣判！乱港分子戴耀廷被判十年有期徒刑 黄之锋获刑四年八个月
https://new.qq.com/rain/a/20241119A033YD00

2024-11-19 05:07:57,239 - ERROR - ERROR
全球长新冠患者数量持续增加，我怎么知道自己是不是长新冠？这病伤害大吗？
https://view.inews.qq.com/a/20241119Q01F6U00
('list index out of range',)
======
Traceback (most recent call last):
  File "/home/runner/work/qqnews/qqnews/qq.py", line 81, in process_article
    ss = str(tmpbs.select("div.LEFT div.content.clearfix")[0])
             ~~~~~~~~~~~~~~~~~~~~~~~~~~~~~~~~~~~~~~~~~~~~~^^^
IndexError: list index out of range


2024-11-19 05:07:57,688 - INFO - INVALID
特朗普计划现场围观SpaceX星舰试飞，为马斯克站台
https://new.qq.com/rain/a/20241119A03FBN00

2024-11-19 05:07:57,698 - INFO - INVALID
“再婚夫妻可生3个孩子”，居民收到群发短信，重庆万州区卫健委回应
https://new.qq.com/rain/a/20241119A03T1X00

2024-11-19 05:07:57,703 - INFO - INVALID
太原一社区多名干部瓜分企业捐赠香烟？区纪委监委：已介入调查
https://new.qq.com/rain/a/20241119A017HW00

2024-11-19 05:07:57,719 - INFO - INVALID
何立峰出席香港国际金融领袖投资峰会并致辞
https://new.qq.com/rain/a/20241119A04BH200

2024-11-19 05:07:57,886 - ERROR - ERROR
珠海航展一男子疑持扫描设备对参展装备扫描建模，目击者：当场被带走
https://new.qq.com/rain/a/20241119V03ATY00
('list index out of range',)
======
Traceback (most recent call last):
  File "/home/runner/work/qqnews/qqnews/qq.py", line 81, in process_article
    ss = str(tmpbs.select("div.LEFT div.content.clearfix")[0])
             ~~~~~~~~~~~~~~~~~~~~~~~~~~~~~~~~~~~~~~~~~~~~~^^^
IndexError: list index out of range


2024-11-19 05:07:58,321 - INFO - INVALID
俄国家杜马主席：若乌获准远程打击俄腹地 俄不排除使用新武器系统
https://new.qq.com/rain/a/20241119A0064500

2024-11-19 05:07:58,363 - ERROR - ERROR
哈梅内伊陷入昏迷？伊朗驳斥
https://new.qq.com/rain/a/20241119V01S1H00
('list index out of range',)
======
Traceback (most recent call last):
  File "/home/runner/work/qqnews/qqnews/qq.py", line 81, in process_article
    ss = str(tmpbs.select("div.LEFT div.content.clearfix")[0])
             ~~~~~~~~~~~~~~~~~~~~~~~~~~~~~~~~~~~~~~~~~~~~~^^^
IndexError: list index out of range


2024-11-19 05:07:58,379 - ERROR - ERROR
因大雾和路面结冰，宁夏银川一路段10余辆车追尾剐蹭，3人受伤就医
https://new.qq.com/rain/a/20241119V03QYP00
('list index out of range',)
======
Traceback (most recent call last):
  File "/home/runner/work/qqnews/qqnews/qq.py", line 81, in process_article
    ss = str(tmpbs.select("div.LEFT div.content.clearfix")[0])
             ~~~~~~~~~~~~~~~~~~~~~~~~~~~~~~~~~~~~~~~~~~~~~^^^
IndexError: list index out of range


2024-11-19 05:07:58,392 - INFO - INVALID
王毅会见印度外长苏杰生：争取在恢复直航、便利签证等方面取得进展
https://new.qq.com/rain/a/20241119A033V000

2024-11-19 05:07:58,491 - INFO - INVALID
中国和巴基斯坦军队将举行“勇士-8”反恐联合演习
https://new.qq.com/rain/a/20241119A0394S00

2024-11-19 05:07:58,934 - INFO - INVALID
王林虎任湖北省委常委、省委政法委书记
https://new.qq.com/rain/a/20241119A02P5U00

2024-11-19 05:07:58,995 - INFO - INVALID
国家发改委：加快破解各类市场准入“玻璃门”、“旋转门”和“弹簧门
https://new.qq.com/rain/a/20241119A02VYH00

2024-11-19 05:07:59,015 - INFO - INVALID
西藏自治区成都老干部休养基地公开招标，项目工程投资金额超百亿
https://new.qq.com/rain/a/20241119A01AYH00

2024-11-19 05:07:59,107 - INFO - INVALID
央行副行长朱鹤新：近期出台的政策效果开始显现
https://new.qq.com/rain/a/20241119A0296K00

2024-11-19 05:07:59,218 - INFO - INVALID
四百万粉丝男博主，专职在私信里给粉丝分析月经、怀孕、性生活
https://new.qq.com/rain/a/20241119A01NKA00

2024-11-19 05:07:59,606 - INFO - INVALID
王毅会见俄罗斯外长拉夫罗夫
https://new.qq.com/rain/a/20241119A01BIZ00

2024-11-19 05:07:59,614 - INFO - INVALID
新一轮美欧贸易战在即？欧央行官员警告：欧洲经济可能陷入衰退
https://new.qq.com/rain/a/20241119A00P6B00

2024-11-19 05:07:59,626 - INFO - INVALID
证监会主席吴清：资本市场长期向好的底层逻辑将会更加稳固
https://new.qq.com/rain/a/20241119A022KH00

2024-11-19 05:07:59,842 - INFO - INVALID
可观珠宝被调查：投资人称已两月无法兑付，董事长曾回应说没跑路
https://new.qq.com/rain/a/20241119A013QO00

2024-11-19 05:07:59,846 - INFO - INVALID
酒店偷拍黑产调查：毫米级摄像头随便买，宣称“瞅不着”“保密发货”
https://new.qq.com/rain/a/20241119A0152X00

2024-11-19 05:08:00,262 - INFO - INVALID
美国两大“债主”中国和日本9月均减持美债，其余前十大债主持仓上升
https://new.qq.com/rain/a/20241119A011Q300

2024-11-19 05:08:00,282 - INFO - INVALID
航空新势力起飞：六城即将开展eVTOL试点，将迎来哪些新机遇
https://new.qq.com/rain/a/20241119A0138Z00

2024-11-19 05:08:00,481 - INFO - INVALID
谷歌搜索被判垄断，将被美国司法部勒令出售Chrome浏览器
https://new.qq.com/rain/a/20241119A011LE00

2024-11-19 05:08:00,544 - INFO - INVALID
金正恩会见俄罗斯自然资源与生态部部长 就朝俄合作开展会谈
https://new.qq.com/rain/a/20241119A00YDS00

2024-11-19 05:08:00,568 - INFO - INVALID
史无前例，老外吵翻：为今天，中国游戏等了10年
https://new.qq.com/rain/a/20241119A00OO000

2024-11-19 05:08:01,068 - INFO - INVALID
美股收盘：三大指数涨跌不一，特斯拉涨超5%，热门中概股普遍上涨
https://new.qq.com/rain/a/20241119A00Y0300

2024-11-19 05:08:01,074 - INFO - INVALID
女大学生参加双选会被企业HR夸漂亮表示想认识下 自称涉事HR领导：他单身有权追求
https://new.qq.com/rain/a/20241119A00G2D00

2024-11-19 06:10:49,225 - INFO - EXPIRED
珠穆朗玛峰的生长速度远超预期，每年长高2毫米，为何能长这么快？
https://view.inews.qq.com/a/20241118Q09RY400

2024-11-19 06:10:49,225 - INFO - EXPIRED
教育机构数据显示：印度15年来首次超过中国，成美国最大留学生来源国
https://new.qq.com/rain/a/20241118A06O8C00

2024-11-19 06:10:49,225 - INFO - EXPIRED
实探“随便进”的政府大院：外卖员和官员同堂吃饭，办公秩序未受影响
https://new.qq.com/rain/a/20241118A09URW00

2024-11-19 06:10:49,225 - INFO - EXPIRED
昆明一横跨河道的超市突发塌陷，有母女坠落，问题出在哪儿？超市选址合理吗？
https://view.inews.qq.com/a/20241118Q03ETC00

2024-11-19 06:10:49,225 - INFO - EXPIRED
苏州马拉松上薅羊毛？一男一女疑拿走大量补给“负重”奔跑，官方回应
https://new.qq.com/rain/a/20241118A0902M00

2024-11-19 06:10:49,225 - INFO - EXPIRED
游客夜爬昆明大牯牛山并纵火烧山？官方：正在核实是生火取暖还是纵火
https://new.qq.com/rain/a/20241118A08QZG00

2024-11-19 06:10:49,225 - INFO - EXPIRED
荣耀独立4年 走了一条和华为不同的路？
https://new.qq.com/rain/a/20241118A06P7M00

2024-11-19 06:10:49,225 - INFO - EXPIRED
张文宏团队发表最新研究，事关长新冠诊疗
https://new.qq.com/rain/a/20241118A092ND00

2024-11-19 06:10:49,225 - INFO - EXPIRED
浙江增速超广东，这些地方为何“最敢生”
https://new.qq.com/rain/a/20241118A09GLH00

2024-11-19 06:10:49,225 - INFO - EXPIRED
百亿遗产风波落定！郑永刚遗孀周婷掌权杉杉股份！股价已“提前”涨停
https://new.qq.com/rain/a/20241118A09VDR00

2024-11-19 06:10:49,225 - INFO - EXPIRED
天津最大奥迪4S店回应“闭店”：资金链断裂引发连锁反应
https://new.qq.com/rain/a/20241118A09I7300

2024-11-19 06:10:49,225 - INFO - EXPIRED
中央空管委将在六城试点eVTOL，这是什么飞行器？以后能在城市里“打飞的”了？
https://view.inews.qq.com/a/20241118Q076IF00

2024-11-19 06:10:49,225 - INFO - EXPIRED
梁光烈同志生平照片
https://new.qq.com/rain/a/20241118A094IJ00

2024-11-19 06:10:49,225 - INFO - EXPIRED
外媒：泽连斯基前往顿巴斯一战略要地视察，称“局势紧张”
https://new.qq.com/rain/a/20241118A09EB600

2024-11-19 06:10:49,225 - INFO - EXPIRED
内地学生用假学历入读澳门科大详情：宿舍里被抓，多人已逃跑
https://new.qq.com/rain/a/20241118A08RNA00

2024-11-19 06:10:49,225 - INFO - EXPIRED
甘肃肃北“二孩三孩家庭最高补贴10万元”背后：全县月均新生儿不足5个，已有人咨询政策
https://new.qq.com/rain/a/20241118A09DD700

2024-11-19 06:10:49,225 - INFO - EXPIRED
国足再战日本，首回合0-7惨败，主场应该怎么踢？有可能带来惊喜吗？
https://view.inews.qq.com/a/20241118Q097YU00

2024-11-19 06:10:49,225 - INFO - EXPIRED
中概股全线走强！3倍做多富时中国ETF涨超5%，极氪涨超6%
https://new.qq.com/rain/a/20241118A09UE700

2024-11-19 06:10:49,225 - INFO - EXPIRED
太原一社区多名干部开会瓜分企业捐赠的香烟？视频曝光，多方回应
https://new.qq.com/rain/a/20241118V08PEL00

2024-11-19 06:10:49,225 - INFO - EXPIRED
城中村改造将扩围至近300个城市，这个力度有多大？哪些人获益最大？
https://view.inews.qq.com/a/20241118Q04P8H00

2024-11-19 06:10:49,225 - INFO - EXPIRED
媒体：给学生戴“小蜜蜂”，别又是一个“秦朗丢作业事件”
https://new.qq.com/rain/a/20241118A09SLV00

2024-11-19 06:10:49,225 - INFO - EXPIRED
武汉官方通报良品铺子被举报事件：举报人反映问题不成立
https://new.qq.com/rain/a/20241118A09SOK00

2024-11-19 06:10:49,225 - INFO - EXPIRED
刘永好出手了！民生银行昔日第一大股东拟举牌，此前曾多次减持
https://new.qq.com/rain/a/20241118A09C0Q00

2024-11-19 06:10:49,225 - INFO - EXPIRED
浙江大学本科生与其教授母亲同发论文受质疑，其母所在大学：将调查，会公正对待
https://new.qq.com/rain/a/20241118A089I100

2024-11-19 06:10:49,225 - INFO - EXPIRED
“翻转”的群架：罚款200元的治安案件，26年后被认定涉黑
https://new.qq.com/rain/a/20241118A06QQ100

2024-11-19 06:10:49,225 - INFO - EXPIRED
​重庆市原市长黄奇帆：中国对外开放的五大新特征和五大新任务
https://new.qq.com/rain/a/20241115A06ZZH00

2024-11-19 06:10:49,225 - INFO - EXPIRED
杉杉股份董事长再生变！郑驹辞职，80后继母上任
https://new.qq.com/rain/a/20241118A09IZC00

2024-11-19 06:10:49,225 - INFO - EXPIRED
女子取现700万给骗子怼民警管得宽：就喜欢把钱扔水里，看溅起的水花
https://new.qq.com/rain/a/20241118A00LT900

2024-11-19 06:10:49,225 - INFO - EXPIRED
4只抱窝黑天鹅陆续死亡，圆明园发布情况说明
https://new.qq.com/rain/a/20241118A09EQV00

2024-11-19 06:10:49,225 - INFO - EXPIRED
宋涛会见王金平
https://new.qq.com/rain/a/20241118A0910R00

2024-11-19 06:10:49,225 - INFO - EXPIRED
中美贸易战的最大受益者？媒体：越南或面临灾难性后果
https://new.qq.com/rain/a/20241118A07A0100

2024-11-19 06:10:49,225 - INFO - EXPIRED
上海取消普通住房和非普通住房标准，对我买大房子是利好？能省多少钱？
https://view.inews.qq.com/a/20241118Q056WG00

2024-11-19 06:10:49,225 - INFO - EXPIRED
台前民意机构负责人王金平赴福建漳州祭祖：大家都是中华民族的一份子
https://new.qq.com/rain/a/20241118A05H9600

2024-11-19 06:10:49,225 - INFO - EXPIRED
17岁男孩与同学发生口角，被多名学生持钉棍围殴？太原警方通报
https://new.qq.com/rain/a/20241118A0816G00

2024-11-19 06:10:49,225 - INFO - EXPIRED
印度成功试射高超音速导弹，这武器什么水平？和其他国家相关武器比如何？
https://view.inews.qq.com/a/20241118Q06FI600

2024-11-19 06:10:49,226 - INFO - EXPIRED
李强：推动构建房地产发展新模式，更好满足人民群众高品质居住需求
https://new.qq.com/rain/a/20241118A08ISZ00

2024-11-19 06:10:49,226 - INFO - EXPIRED
成都龙泉驿区发生持械伤人案致1死，犯罪嫌疑人已被刑拘
https://new.qq.com/rain/a/20241118A08MBT00

2024-11-19 06:10:49,226 - INFO - EXPIRED
马斯克是如何降本增效的？X员工被迫自带厕纸上班
https://new.qq.com/rain/a/20241118A06PX300

2024-11-19 06:10:49,226 - INFO - EXPIRED
小米Q3营收925.1亿元同比增超30% 造车业务收入95亿元
https://new.qq.com/rain/a/20241118A07VHE00

2024-11-19 06:10:49,226 - INFO - EXPIRED
湖南株洲一排水口附近发现大量病毒采样试管 疾控：已封存 正调查来源
https://new.qq.com/rain/a/20241118V07KMN00

2024-11-19 06:10:49,226 - INFO - EXPIRED
广东省委书记黄坤明、省长王伟中到珠海督导检查安全生产工作
https://new.qq.com/rain/a/20241118A07Z3O00

2024-11-19 06:10:49,226 - INFO - EXPIRED
四川宜宾警方悬赏的39岁男子唐亮在云南芒市落网，涉嫌杀害13岁初二女生
https://new.qq.com/rain/a/20241118A06FQT00

2024-11-19 06:10:49,226 - INFO - EXPIRED
美解禁乌使用美武器纵深打击俄罗斯？俄方再回应
https://new.qq.com/rain/a/20241118A07O5J00

2024-11-19 06:10:49,226 - INFO - EXPIRED
学生戴“小蜜蜂”老师离职事件疑云重重：被指认学校否认其任教，另有3所小学曾发过类似视频
https://new.qq.com/rain/a/20241118A074JF00

2024-11-19 06:10:49,226 - INFO - EXPIRED
男子徒步哈巴雪山已失联十日，曾进入玉龙雪山未开发区被拦截
https://new.qq.com/rain/a/20241118A07IXQ00

2024-11-19 06:10:49,226 - INFO - EXPIRED
已与上汽讨论两轮FSD授权？特斯拉中国否认！曾预计明年一季度入华
https://new.qq.com/rain/a/20241118A05Z3000

2024-11-19 06:10:49,226 - INFO - EXPIRED
立陶宛称欲与中国关系“正常化”，同时也称“不会跪下乞求任何东西”
https://new.qq.com/rain/a/20241118A041L900

2024-11-19 06:10:49,226 - INFO - EXPIRED
中俄东线天然气管道工程完工，最南到达上海，年供应380亿立方米什么概念？
https://view.inews.qq.com/a/20241118Q023RV00

2024-11-19 06:10:49,226 - INFO - EXPIRED
广西河池一大四学生失联近5月后遗体被找到：在校期间挂科8门 家属称系溺亡
https://new.qq.com/rain/a/20241118V04SYZ00

2024-11-19 06:10:49,226 - INFO - EXPIRED
菲律宾海军司令换人，军事专家：不会改变菲在南海的挑衅性行事风格
https://new.qq.com/rain/a/20241118A0128500

2024-11-19 06:10:49,226 - INFO - EXPIRED
六城市入选！中央空管委即将开展eVTOL试点 空管系统或先行落地
https://new.qq.com/rain/a/20241118A06DNF00

2024-11-19 06:10:49,226 - INFO - EXPIRED
员工上班时因苦瓜脸、不微笑被整改？中建五局回应：是同事间开玩笑
https://new.qq.com/rain/a/20241118A04DVA00

2024-11-19 06:10:49,226 - INFO - EXPIRED
本周，又到了“英伟达时刻”！股价还有多少上涨空间
https://new.qq.com/rain/a/20241118A0666B00

2024-11-19 06:10:49,226 - INFO - EXPIRED
梁光烈同志遗体在京火化
https://new.qq.com/rain/a/20241118A05GOU00

2024-11-19 06:10:49,226 - INFO - EXPIRED
海底捞老乡鸡纷纷开进校园，餐饮巨头争夺大学生
https://new.qq.com/rain/a/20241118A02PTR00

2024-11-19 06:10:49,226 - INFO - EXPIRED
“东方公主”号游轮突发大火，所属公司回应：无人伤亡，火灾已被扑灭
https://new.qq.com/rain/a/20241118A064YX00

2024-11-19 06:10:49,226 - INFO - EXPIRED
欧盟情报机构称中俄合作生产军用无人机，外交部：没依据就妄加抹黑
https://new.qq.com/rain/a/20241118A061JU00

2024-11-19 06:10:49,226 - INFO - EXPIRED
山西一家长曝17岁儿子被8名学生持钉棍殴打：头脸脖子被扎成窟窿眼
https://new.qq.com/rain/a/20241118A01FX600

2024-11-19 06:10:49,226 - INFO - EXPIRED
给上课爱说话的学生戴“小蜜蜂”引争议，当事老师：接到投诉选择离职
https://new.qq.com/rain/a/20241118A03KQQ00

2024-11-19 06:10:49,226 - INFO - EXPIRED
首支退出LPL的战队诞生！官宣：RA俱乐部将不再参加LPL和LDL赛事
https://new.qq.com/rain/a/20241118A05QW900

2024-11-19 06:10:49,226 - INFO - EXPIRED
传美国已允许乌克兰使用美国武器袭击俄境内目标，消息可靠吗？真这么做会有什么后果？
https://view.inews.qq.com/a/20241118Q01EU400

2024-11-19 06:10:49,226 - INFO - EXPIRED
财政部决定开展国债做市支持操作
https://new.qq.com/rain/a/20241118A05ISB00

2024-11-19 06:10:50,003 - INFO - INVALID
浙江诸暨警方悬赏追捕徐一平，其疑作案后群聊点名另3人称“来不及杀”
https://new.qq.com/rain/a/20241119A04HSO00

2024-11-19 06:10:50,009 - INFO - INVALID
王毅会见印度外长苏杰生：争取在恢复直航、便利签证等方面取得进展
https://new.qq.com/rain/a/20241119A033V000

2024-11-19 06:10:50,014 - INFO - INVALID
东莞康怡护理院起火致4死调查报告：氧气泄漏加速燃烧，现场喷淋没有水
https://new.qq.com/rain/a/20241119A04WBF00

2024-11-19 06:10:50,023 - INFO - INVALID
广东陆丰多个乡镇出现海水倒灌，官方：未来两天需观察，建议减少外出
https://new.qq.com/rain/a/20241119A04P9200

2024-11-19 06:10:50,038 - INFO - INVALID
星舰升空，特朗普亲临？“第一兄弟”马斯克葫芦里卖的什么药？
https://new.qq.com/rain/a/20241119A04GFX00

2024-11-19 06:10:50,536 - INFO - INVALID
哪吒汽车“自救”：将获供应链金融支持，地方国资股东或陆续出手
https://new.qq.com/rain/a/20241119A04GF800

2024-11-19 06:10:50,574 - INFO - INVALID
游客夜爬大牯牛山纵火，目击者：劝阻无果，他们围着火边跳边叫，像听不见一样继续玩
https://new.qq.com/rain/a/20241119A04MMB00

2024-11-19 06:10:50,582 - INFO - INVALID
宣判！乱港分子戴耀廷被判十年有期徒刑 黄之锋获刑四年八个月
https://new.qq.com/rain/a/20241119A033YD00

2024-11-19 06:10:50,615 - INFO - INVALID
受贿数额特别巨大！中石油原董事长王宜林被公诉
https://new.qq.com/rain/a/20241119A0271U00

2024-11-19 06:10:50,673 - INFO - INVALID
福建一打假博主团队遭商户围殴，警方行政立案，市监部门已介入
https://new.qq.com/rain/a/20241119A04RJH00

2024-11-19 06:10:51,080 - INFO - INVALID
“再婚夫妻可生3个孩子”，居民收到群发短信，重庆万州区卫健委回应
https://new.qq.com/rain/a/20241119A03T1X00

2024-11-19 06:10:51,104 - INFO - INVALID
太原一社区多名干部瓜分企业捐赠香烟？区纪委监委：已介入调查
https://new.qq.com/rain/a/20241119A017HW00

2024-11-19 06:10:51,113 - INFO - INVALID
湖南一检察官实名举报派出所副所长诬告其儿子？官方：收到举报正调查
https://new.qq.com/rain/a/20241119A04DGL00

2024-11-19 06:10:51,174 - ERROR - ERROR
珠海航展一男子疑持扫描设备对参展装备扫描建模，目击者：当场被带走
https://new.qq.com/rain/a/20241119V03ATY00
('list index out of range',)
======
Traceback (most recent call last):
  File "/home/runner/work/qqnews/qqnews/qq.py", line 81, in process_article
    ss = str(tmpbs.select("div.LEFT div.content.clearfix")[0])
             ~~~~~~~~~~~~~~~~~~~~~~~~~~~~~~~~~~~~~~~~~~~~~^^^
IndexError: list index out of range


2024-11-19 06:10:51,208 - INFO - INVALID
赵薇被强制执行8488元，名下多家公司被吊销，所持1850万股权仍被冻结
https://new.qq.com/rain/a/20241119A03FE000

2024-11-19 06:10:51,602 - INFO - INVALID
何立峰出席香港国际金融领袖投资峰会并致辞
https://new.qq.com/rain/a/20241119A04BH200

2024-11-19 06:10:51,656 - ERROR - ERROR
因大雾和路面结冰，宁夏银川一路段10余辆车追尾剐蹭，3人受伤就医
https://new.qq.com/rain/a/20241119V03QYP00
('list index out of range',)
======
Traceback (most recent call last):
  File "/home/runner/work/qqnews/qqnews/qq.py", line 81, in process_article
    ss = str(tmpbs.select("div.LEFT div.content.clearfix")[0])
             ~~~~~~~~~~~~~~~~~~~~~~~~~~~~~~~~~~~~~~~~~~~~~^^^
IndexError: list index out of range


2024-11-19 06:10:51,660 - ERROR - ERROR
邓超最“装”的采访出现了！变身红发戏精套路主持人，现场气氛拿捏
https://new.qq.com/rain/a/20241119V0456800
('list index out of range',)
======
Traceback (most recent call last):
  File "/home/runner/work/qqnews/qqnews/qq.py", line 81, in process_article
    ss = str(tmpbs.select("div.LEFT div.content.clearfix")[0])
             ~~~~~~~~~~~~~~~~~~~~~~~~~~~~~~~~~~~~~~~~~~~~~^^^
IndexError: list index out of range


2024-11-19 06:10:51,783 - INFO - INVALID
中国和巴基斯坦军队将举行“勇士-8”反恐联合演习
https://new.qq.com/rain/a/20241119A0394S00

2024-11-19 06:10:52,012 - INFO - INVALID
俄国家杜马主席：若乌获准远程打击俄腹地 俄不排除使用新武器系统
https://new.qq.com/rain/a/20241119A0064500

2024-11-19 06:10:52,104 - INFO - INVALID
王林虎任湖北省委常委、省委政法委书记
https://new.qq.com/rain/a/20241119A02P5U00

2024-11-19 06:10:52,213 - ERROR - ERROR
哈梅内伊陷入昏迷？伊朗驳斥
https://new.qq.com/rain/a/20241119V01S1H00
('list index out of range',)
======
Traceback (most recent call last):
  File "/home/runner/work/qqnews/qqnews/qq.py", line 81, in process_article
    ss = str(tmpbs.select("div.LEFT div.content.clearfix")[0])
             ~~~~~~~~~~~~~~~~~~~~~~~~~~~~~~~~~~~~~~~~~~~~~^^^
IndexError: list index out of range


2024-11-19 06:10:52,350 - INFO - INVALID
国家发改委：加快破解各类市场准入“玻璃门”、“旋转门”和“弹簧门
https://new.qq.com/rain/a/20241119A02VYH00

2024-11-19 06:10:52,384 - INFO - INVALID
四百万粉丝男博主，专职在私信里给粉丝分析月经、怀孕、性生活
https://new.qq.com/rain/a/20241119A01NKA00

2024-11-19 06:10:52,506 - INFO - INVALID
西藏自治区成都老干部休养基地公开招标，项目工程投资金额超百亿
https://new.qq.com/rain/a/20241119A01AYH00

2024-11-19 06:10:52,676 - INFO - INVALID
央行副行长朱鹤新：近期出台的政策效果开始显现
https://new.qq.com/rain/a/20241119A0296K00

2024-11-19 06:10:52,778 - INFO - INVALID
王毅会见俄罗斯外长拉夫罗夫
https://new.qq.com/rain/a/20241119A01BIZ00

2024-11-19 06:10:52,898 - INFO - INVALID
新一轮美欧贸易战在即？欧央行官员警告：欧洲经济可能陷入衰退
https://new.qq.com/rain/a/20241119A00P6B00

2024-11-19 06:10:52,916 - INFO - INVALID
证监会主席吴清：资本市场长期向好的底层逻辑将会更加稳固
https://new.qq.com/rain/a/20241119A022KH00

2024-11-19 06:10:53,011 - INFO - INVALID
酒店偷拍黑产调查：毫米级摄像头随便买，宣称“瞅不着”“保密发货”
https://new.qq.com/rain/a/20241119A0152X00

2024-11-19 06:10:53,201 - INFO - INVALID
可观珠宝被调查：投资人称已两月无法兑付，董事长曾回应说没跑路
https://new.qq.com/rain/a/20241119A013QO00

2024-11-19 06:10:53,301 - INFO - INVALID
航空新势力起飞：六城即将开展eVTOL试点，将迎来哪些新机遇
https://new.qq.com/rain/a/20241119A0138Z00

2024-11-19 06:10:53,495 - INFO - INVALID
美国两大“债主”中国和日本9月均减持美债，其余前十大债主持仓上升
https://new.qq.com/rain/a/20241119A011Q300

2024-11-19 06:10:53,587 - INFO - INVALID
金正恩会见俄罗斯自然资源与生态部部长 就朝俄合作开展会谈
https://new.qq.com/rain/a/20241119A00YDS00

2024-11-19 06:10:53,611 - INFO - INVALID
史无前例，老外吵翻：为今天，中国游戏等了10年
https://new.qq.com/rain/a/20241119A00OO000

2024-11-19 06:10:53,774 - INFO - INVALID
谷歌搜索被判垄断，将被美国司法部勒令出售Chrome浏览器
https://new.qq.com/rain/a/20241119A011LE00

2024-11-19 06:10:53,810 - INFO - INVALID
美股收盘：三大指数涨跌不一，特斯拉涨超5%，热门中概股普遍上涨
https://new.qq.com/rain/a/20241119A00Y0300

2024-11-19 06:10:54,077 - INFO - INVALID
女大学生参加双选会被企业HR夸漂亮表示想认识下 自称涉事HR领导：他单身有权追求
https://new.qq.com/rain/a/20241119A00G2D00

