2026-02-26 00:55:06,367 - INFO - Total time taken: {'ret': 0, 'msg': 'success', 'data': None}
2026-02-26 00:55:06,367 - INFO - 'NoneType' object is not subscriptable
2026-02-26 00:55:06,367 - INFO - Traceback (most recent call last):
  File "/home/runner/work/qqnews/qqnews/qq.py", line 128, in main
    for i in qq1["data"]["list"]:
             ~~~~~~~~~~~^^^^^^^^
TypeError: 'NoneType' object is not subscriptable

2026-02-26 03:26:37,283 - INFO - Total time taken: {'ret': 0, 'msg': 'success', 'data': None}
2026-02-26 03:26:37,284 - INFO - 'NoneType' object is not subscriptable
2026-02-26 03:26:37,284 - INFO - Traceback (most recent call last):
  File "/home/runner/work/qqnews/qqnews/qq.py", line 128, in main
    for i in qq1["data"]["list"]:
             ~~~~~~~~~~~^^^^^^^^
TypeError: 'NoneType' object is not subscriptable

2026-02-26 05:14:11,982 - INFO - Total time taken: {'ret': 0, 'msg': 'success', 'data': None}
2026-02-26 05:14:11,983 - INFO - 'NoneType' object is not subscriptable
2026-02-26 05:14:11,983 - INFO - Traceback (most recent call last):
  File "/home/runner/work/qqnews/qqnews/qq.py", line 128, in main
    for i in qq1["data"]["list"]:
             ~~~~~~~~~~~^^^^^^^^
TypeError: 'NoneType' object is not subscriptable

2026-02-26 06:42:33,083 - INFO - Total time taken: {'ret': 0, 'msg': 'success', 'data': None}
2026-02-26 06:42:33,083 - INFO - 'NoneType' object is not subscriptable
2026-02-26 06:42:33,084 - INFO - Traceback (most recent call last):
  File "/home/runner/work/qqnews/qqnews/qq.py", line 128, in main
    for i in qq1["data"]["list"]:
             ~~~~~~~~~~~^^^^^^^^
TypeError: 'NoneType' object is not subscriptable

2026-02-26 07:41:46,700 - INFO - Total time taken: {'ret': 0, 'msg': 'success', 'data': None}
2026-02-26 07:41:46,701 - INFO - 'NoneType' object is not subscriptable
2026-02-26 07:41:46,701 - INFO - Traceback (most recent call last):
  File "/home/runner/work/qqnews/qqnews/qq.py", line 128, in main
    for i in qq1["data"]["list"]:
             ~~~~~~~~~~~^^^^^^^^
TypeError: 'NoneType' object is not subscriptable

2026-02-26 08:30:48,110 - INFO - Total time taken: {'ret': 0, 'msg': 'success', 'data': None}
2026-02-26 08:30:48,110 - INFO - 'NoneType' object is not subscriptable
2026-02-26 08:30:48,110 - INFO - Traceback (most recent call last):
  File "/home/runner/work/qqnews/qqnews/qq.py", line 128, in main
    for i in qq1["data"]["list"]:
             ~~~~~~~~~~~^^^^^^^^
TypeError: 'NoneType' object is not subscriptable

2026-02-26 09:35:27,673 - INFO - Total time taken: {'ret': 0, 'msg': 'success', 'data': None}
2026-02-26 09:35:27,673 - INFO - 'NoneType' object is not subscriptable
2026-02-26 09:35:27,674 - INFO - Traceback (most recent call last):
  File "/home/runner/work/qqnews/qqnews/qq.py", line 128, in main
    for i in qq1["data"]["list"]:
             ~~~~~~~~~~~^^^^^^^^
TypeError: 'NoneType' object is not subscriptable

2026-02-26 10:32:31,796 - INFO - Total time taken: {'ret': 0, 'msg': 'success', 'data': None}
2026-02-26 10:32:31,797 - INFO - 'NoneType' object is not subscriptable
2026-02-26 10:32:31,797 - INFO - Traceback (most recent call last):
  File "/home/runner/work/qqnews/qqnews/qq.py", line 128, in main
    for i in qq1["data"]["list"]:
             ~~~~~~~~~~~^^^^^^^^
TypeError: 'NoneType' object is not subscriptable

2026-02-26 11:30:13,360 - INFO - Total time taken: {'ret': 0, 'msg': 'success', 'data': None}
2026-02-26 11:30:13,360 - INFO - 'NoneType' object is not subscriptable
2026-02-26 11:30:13,361 - INFO - Traceback (most recent call last):
  File "/home/runner/work/qqnews/qqnews/qq.py", line 128, in main
    for i in qq1["data"]["list"]:
             ~~~~~~~~~~~^^^^^^^^
TypeError: 'NoneType' object is not subscriptable

2026-02-26 12:32:37,554 - INFO - Total time taken: {'ret': 0, 'msg': 'success', 'data': None}
2026-02-26 12:32:37,555 - INFO - 'NoneType' object is not subscriptable
2026-02-26 12:32:37,555 - INFO - Traceback (most recent call last):
  File "/home/runner/work/qqnews/qqnews/qq.py", line 128, in main
    for i in qq1["data"]["list"]:
             ~~~~~~~~~~~^^^^^^^^
TypeError: 'NoneType' object is not subscriptable

2026-02-26 14:00:37,940 - INFO - Total time taken: {'ret': 0, 'msg': 'success', 'data': None}
2026-02-26 14:00:37,940 - INFO - 'NoneType' object is not subscriptable
2026-02-26 14:00:37,941 - INFO - Traceback (most recent call last):
  File "/home/runner/work/qqnews/qqnews/qq.py", line 128, in main
    for i in qq1["data"]["list"]:
             ~~~~~~~~~~~^^^^^^^^
TypeError: 'NoneType' object is not subscriptable

2026-02-26 14:46:48,783 - INFO - Total time taken: {'ret': 0, 'msg': 'success', 'data': None}
2026-02-26 14:46:48,783 - INFO - 'NoneType' object is not subscriptable
2026-02-26 14:46:48,784 - INFO - Traceback (most recent call last):
  File "/home/runner/work/qqnews/qqnews/qq.py", line 128, in main
    for i in qq1["data"]["list"]:
             ~~~~~~~~~~~^^^^^^^^
TypeError: 'NoneType' object is not subscriptable

2026-02-26 15:40:10,042 - INFO - Total time taken: {'ret': 0, 'msg': 'success', 'data': None}
2026-02-26 15:40:10,042 - INFO - 'NoneType' object is not subscriptable
2026-02-26 15:40:10,042 - INFO - Traceback (most recent call last):
  File "/home/runner/work/qqnews/qqnews/qq.py", line 128, in main
    for i in qq1["data"]["list"]:
             ~~~~~~~~~~~^^^^^^^^
TypeError: 'NoneType' object is not subscriptable

