2025-11-26 00:41:41,303 - INFO - Total time taken: {'ret': 0, 'msg': 'success', 'data': None}
2025-11-26 00:41:41,303 - INFO - 'NoneType' object is not subscriptable
2025-11-26 00:41:41,303 - INFO - Traceback (most recent call last):
  File "/home/runner/work/qqnews/qqnews/qq.py", line 128, in main
    for i in qq1["data"]["list"]:
             ~~~~~~~~~~~^^^^^^^^
TypeError: 'NoneType' object is not subscriptable

2025-11-26 02:27:17,286 - INFO - Total time taken: {'ret': 0, 'msg': 'success', 'data': None}
2025-11-26 02:27:17,286 - INFO - 'NoneType' object is not subscriptable
2025-11-26 02:27:17,287 - INFO - Traceback (most recent call last):
  File "/home/runner/work/qqnews/qqnews/qq.py", line 128, in main
    for i in qq1["data"]["list"]:
             ~~~~~~~~~~~^^^^^^^^
TypeError: 'NoneType' object is not subscriptable

2025-11-26 03:41:00,579 - INFO - Total time taken: {'ret': 0, 'msg': 'success', 'data': None}
2025-11-26 03:41:00,579 - INFO - 'NoneType' object is not subscriptable
2025-11-26 03:41:00,580 - INFO - Traceback (most recent call last):
  File "/home/runner/work/qqnews/qqnews/qq.py", line 128, in main
    for i in qq1["data"]["list"]:
             ~~~~~~~~~~~^^^^^^^^
TypeError: 'NoneType' object is not subscriptable

2025-11-26 04:15:22,687 - INFO - Total time taken: {'ret': 0, 'msg': 'success', 'data': None}
2025-11-26 04:15:22,687 - INFO - 'NoneType' object is not subscriptable
2025-11-26 04:15:22,688 - INFO - Traceback (most recent call last):
  File "/home/runner/work/qqnews/qqnews/qq.py", line 128, in main
    for i in qq1["data"]["list"]:
             ~~~~~~~~~~~^^^^^^^^
TypeError: 'NoneType' object is not subscriptable

2025-11-26 05:01:17,844 - INFO - Total time taken: {'ret': 0, 'msg': 'success', 'data': None}
2025-11-26 05:01:17,844 - INFO - 'NoneType' object is not subscriptable
2025-11-26 05:01:17,844 - INFO - Traceback (most recent call last):
  File "/home/runner/work/qqnews/qqnews/qq.py", line 128, in main
    for i in qq1["data"]["list"]:
             ~~~~~~~~~~~^^^^^^^^
TypeError: 'NoneType' object is not subscriptable

2025-11-26 06:01:30,692 - INFO - Total time taken: {'ret': 0, 'msg': 'success', 'data': None}
2025-11-26 06:01:30,692 - INFO - 'NoneType' object is not subscriptable
2025-11-26 06:01:30,693 - INFO - Traceback (most recent call last):
  File "/home/runner/work/qqnews/qqnews/qq.py", line 128, in main
    for i in qq1["data"]["list"]:
             ~~~~~~~~~~~^^^^^^^^
TypeError: 'NoneType' object is not subscriptable

2025-11-26 07:10:16,623 - INFO - Total time taken: {'ret': 0, 'msg': 'success', 'data': None}
2025-11-26 07:10:16,624 - INFO - 'NoneType' object is not subscriptable
2025-11-26 07:10:16,624 - INFO - Traceback (most recent call last):
  File "/home/runner/work/qqnews/qqnews/qq.py", line 128, in main
    for i in qq1["data"]["list"]:
             ~~~~~~~~~~~^^^^^^^^
TypeError: 'NoneType' object is not subscriptable

2025-11-26 08:13:06,714 - INFO - Total time taken: {'ret': 0, 'msg': 'success', 'data': None}
2025-11-26 08:13:06,714 - INFO - 'NoneType' object is not subscriptable
2025-11-26 08:13:06,714 - INFO - Traceback (most recent call last):
  File "/home/runner/work/qqnews/qqnews/qq.py", line 128, in main
    for i in qq1["data"]["list"]:
             ~~~~~~~~~~~^^^^^^^^
TypeError: 'NoneType' object is not subscriptable

2025-11-26 09:11:21,831 - INFO - Total time taken: {'ret': 0, 'msg': 'success', 'data': None}
2025-11-26 09:11:21,831 - INFO - 'NoneType' object is not subscriptable
2025-11-26 09:11:21,832 - INFO - Traceback (most recent call last):
  File "/home/runner/work/qqnews/qqnews/qq.py", line 128, in main
    for i in qq1["data"]["list"]:
             ~~~~~~~~~~~^^^^^^^^
TypeError: 'NoneType' object is not subscriptable

2025-11-26 10:01:47,322 - INFO - Total time taken: {'ret': 0, 'msg': 'success', 'data': None}
2025-11-26 10:01:47,323 - INFO - 'NoneType' object is not subscriptable
2025-11-26 10:01:47,323 - INFO - Traceback (most recent call last):
  File "/home/runner/work/qqnews/qqnews/qq.py", line 128, in main
    for i in qq1["data"]["list"]:
             ~~~~~~~~~~~^^^^^^^^
TypeError: 'NoneType' object is not subscriptable

2025-11-26 11:01:33,055 - INFO - Total time taken: {'ret': 0, 'msg': 'success', 'data': None}
2025-11-26 11:01:33,055 - INFO - 'NoneType' object is not subscriptable
2025-11-26 11:01:33,055 - INFO - Traceback (most recent call last):
  File "/home/runner/work/qqnews/qqnews/qq.py", line 128, in main
    for i in qq1["data"]["list"]:
             ~~~~~~~~~~~^^^^^^^^
TypeError: 'NoneType' object is not subscriptable

2025-11-26 12:17:36,415 - INFO - Total time taken: {'ret': 0, 'msg': 'success', 'data': None}
2025-11-26 12:17:36,416 - INFO - 'NoneType' object is not subscriptable
2025-11-26 12:17:36,416 - INFO - Traceback (most recent call last):
  File "/home/runner/work/qqnews/qqnews/qq.py", line 128, in main
    for i in qq1["data"]["list"]:
             ~~~~~~~~~~~^^^^^^^^
TypeError: 'NoneType' object is not subscriptable

2025-11-26 13:27:27,167 - INFO - Total time taken: {'ret': 0, 'msg': 'success', 'data': None}
2025-11-26 13:27:27,167 - INFO - 'NoneType' object is not subscriptable
2025-11-26 13:27:27,167 - INFO - Traceback (most recent call last):
  File "/home/runner/work/qqnews/qqnews/qq.py", line 128, in main
    for i in qq1["data"]["list"]:
             ~~~~~~~~~~~^^^^^^^^
TypeError: 'NoneType' object is not subscriptable

2025-11-26 14:01:16,308 - INFO - Total time taken: {'ret': 0, 'msg': 'success', 'data': None}
2025-11-26 14:01:16,308 - INFO - 'NoneType' object is not subscriptable
2025-11-26 14:01:16,309 - INFO - Traceback (most recent call last):
  File "/home/runner/work/qqnews/qqnews/qq.py", line 128, in main
    for i in qq1["data"]["list"]:
             ~~~~~~~~~~~^^^^^^^^
TypeError: 'NoneType' object is not subscriptable

2025-11-26 15:01:28,617 - INFO - Total time taken: {'ret': 0, 'msg': 'success', 'data': None}
2025-11-26 15:01:28,617 - INFO - 'NoneType' object is not subscriptable
2025-11-26 15:01:28,617 - INFO - Traceback (most recent call last):
  File "/home/runner/work/qqnews/qqnews/qq.py", line 128, in main
    for i in qq1["data"]["list"]:
             ~~~~~~~~~~~^^^^^^^^
TypeError: 'NoneType' object is not subscriptable

2025-11-26 16:01:25,562 - INFO - Total time taken: {'ret': 0, 'msg': 'success', 'data': None}
2025-11-26 16:01:25,562 - INFO - 'NoneType' object is not subscriptable
2025-11-26 16:01:25,563 - INFO - Traceback (most recent call last):
  File "/home/runner/work/qqnews/qqnews/qq.py", line 128, in main
    for i in qq1["data"]["list"]:
             ~~~~~~~~~~~^^^^^^^^
TypeError: 'NoneType' object is not subscriptable

2025-11-26 17:08:47,046 - INFO - Total time taken: {'ret': 0, 'msg': 'success', 'data': None}
2025-11-26 17:08:47,047 - INFO - 'NoneType' object is not subscriptable
2025-11-26 17:08:47,047 - INFO - Traceback (most recent call last):
  File "/home/runner/work/qqnews/qqnews/qq.py", line 128, in main
    for i in qq1["data"]["list"]:
             ~~~~~~~~~~~^^^^^^^^
TypeError: 'NoneType' object is not subscriptable

