2026-06-08 02:07:43,238 - INFO - Total time taken: {'ret': 0, 'msg': 'success', 'data': None}
2026-06-08 02:07:43,239 - INFO - 'NoneType' object is not subscriptable
2026-06-08 02:07:43,239 - INFO - Traceback (most recent call last):
  File "/home/runner/work/qqnews/qqnews/qq.py", line 128, in main
    for i in qq1["data"]["list"]:
             ~~~~~~~~~~~^^^^^^^^
TypeError: 'NoneType' object is not subscriptable

2026-06-08 07:18:10,237 - INFO - Total time taken: {'ret': 0, 'msg': 'success', 'data': None}
2026-06-08 07:18:10,237 - INFO - 'NoneType' object is not subscriptable
2026-06-08 07:18:10,237 - INFO - Traceback (most recent call last):
  File "/home/runner/work/qqnews/qqnews/qq.py", line 128, in main
    for i in qq1["data"]["list"]:
             ~~~~~~~~~~~^^^^^^^^
TypeError: 'NoneType' object is not subscriptable

2026-06-08 12:17:38,324 - INFO - Total time taken: {'ret': 0, 'msg': 'success', 'data': None}
2026-06-08 12:17:38,324 - INFO - 'NoneType' object is not subscriptable
2026-06-08 12:17:38,325 - INFO - Traceback (most recent call last):
  File "/home/runner/work/qqnews/qqnews/qq.py", line 128, in main
    for i in qq1["data"]["list"]:
             ~~~~~~~~~~~^^^^^^^^
TypeError: 'NoneType' object is not subscriptable

