2024-12-31 00:34:45,451 - INFO - EXPIRED
货车司机拉橘子不能走“绿通”？高速公司：橘子不新鲜，不符合要求
https://new.qq.com/rain/a/20241230A09DZE00

2024-12-31 00:34:45,451 - INFO - EXPIRED
评论：扩大内需，首先是让百姓手里有更多钱，而不是设法让百姓多花钱
https://new.qq.com/rain/a/20241230A09NVR00

2024-12-31 00:34:45,451 - INFO - EXPIRED
涉嫌操纵证券市场，昊志机电董事长被罚1.09亿元
https://new.qq.com/rain/a/20241230A0A7YK00

2024-12-31 00:34:45,451 - INFO - EXPIRED
韩国外交部：珍视当前形势下中方给予韩方的支持，愿同中方密切沟通合作
https://new.qq.com/rain/a/20241230A0A1UZ00

2024-12-31 00:34:45,451 - INFO - EXPIRED
帮高考中考考生作弊？自己论文造假？四川一中学副校长遭全体教师举报
https://new.qq.com/rain/a/20241230A04LR400

2024-12-31 00:34:45,451 - INFO - EXPIRED
上海一男子在公司年会上饮酒身亡，同事都没发现？法院判了
https://new.qq.com/rain/a/20241229A02YKU00

2024-12-31 00:34:45,451 - INFO - EXPIRED
贾跃亭又有新动作！法拉第未来一度涨超80%，发生了什么
https://new.qq.com/rain/a/20241230A0A4F000

2024-12-31 00:34:45,451 - INFO - EXPIRED
美联邦法院裁定特朗普就作家卡罗尔诽谤案支付500万美元赔偿金
https://new.qq.com/rain/a/20241230A0A2XQ00

2024-12-31 00:34:45,451 - INFO - EXPIRED
应勇“挂帅”，最高检检察官惩戒委员会亮相
https://new.qq.com/rain/a/20241230A09QJJ00

2024-12-31 00:34:45,451 - INFO - EXPIRED
楼市大消息！公积金房贷利率即将统一下调，北京已官宣
https://new.qq.com/rain/a/20241230A09AA000

2024-12-31 00:34:45,451 - INFO - EXPIRED
滴滴致歉网约车“臭车”问题，司机诉苦成本高 记者走访：平台抽成多在25%~30%
https://new.qq.com/rain/a/20241230A09CYS00

2024-12-31 00:34:45,451 - INFO - EXPIRED
这十个省份已经“市市通高铁”，明年高铁里程将达5万公里
https://new.qq.com/rain/a/20241230A08UXM00

2024-12-31 00:34:45,451 - INFO - EXPIRED
江苏区县主官密集调整：昆山首迎女书记，“上新”三位80后
https://new.qq.com/rain/a/20241230A06D1T00

2024-12-31 00:34:45,451 - INFO - EXPIRED
多家银行补发高管2023年工资！有人补发200多万元，有人被扣回
https://new.qq.com/rain/a/20241230A08SYQ00

2024-12-31 00:34:45,452 - INFO - EXPIRED
连续3年财务造假！这家A股公司被罚800万元，董事长被罚1000万元
https://new.qq.com/rain/a/20241230A09OBF00

2024-12-31 00:34:45,452 - INFO - EXPIRED
广州一地铁口出现密集隔离柱，当地街道办：防止电动车乱停乱放
https://new.qq.com/rain/a/20241230A09BU200

2024-12-31 00:34:45,452 - INFO - EXPIRED
攻克癌症，实现室温超导以及可控核聚变，你觉得哪项技术能在近些年看到曙光？
https://view.inews.qq.com/a/20241230Q095Q800

2024-12-31 00:34:45,452 - INFO - EXPIRED
内塔尼亚胡切除前列腺 转至“防弹”地下病房留观
https://new.qq.com/rain/a/20241230A06BHT00

2024-12-31 00:34:45,452 - INFO - EXPIRED
“连续三年低于更替水平”，2024年越南生育率创新低
https://new.qq.com/rain/a/20241230A09QV700

2024-12-31 00:34:45,452 - INFO - EXPIRED
网红博主称在云南乘车被当“猪仔”卖5次，多地文旅发声质疑
https://new.qq.com/rain/a/20241230A08DKD00

2024-12-31 00:34:45,452 - INFO - EXPIRED
媒体关注中国加紧改善与周边国家关系
https://new.qq.com/rain/a/20241230A022FL00

2024-12-31 00:34:45,452 - INFO - EXPIRED
冰箱贴爆了，两枚亚克力砖卖8.3万元，“谷子经济”5年规模将超3000亿
https://new.qq.com/rain/a/20241230A08HC800

2024-12-31 00:34:45,452 - INFO - EXPIRED
六部门发文！数据产业规模有望迎高增长，企业数据资源价值释放可期
https://new.qq.com/rain/a/20241230A0804700

2024-12-31 00:34:45,452 - INFO - EXPIRED
雷军：12月31日跨年直播至少4个半小时，将在小米汽车工厂进行
https://new.qq.com/rain/a/20241230A09MAL00

2024-12-31 00:34:45,452 - INFO - EXPIRED
奥本海默很聪明却“坐不住”，能预测黑洞但未能得诺贝尔奖｜一齐TALK
https://new.qq.com/rain/a/20241228V03SZJ00

2024-12-31 00:34:45,452 - INFO - EXPIRED
从大厂员工到外卖员，一个211硕士的“最后”选择
https://new.qq.com/rain/a/20241230A04N9J00

2024-12-31 00:34:45,452 - INFO - EXPIRED
一个宣布来了，一个坚持不走，格鲁吉亚“两个总统”之争怎么收场
https://new.qq.com/rain/a/20241230A093OW00

2024-12-31 00:34:45,452 - INFO - EXPIRED
韩国政治危机升级，第2位代总统位子也不稳
https://new.qq.com/rain/a/20241230A0911E00

2024-12-31 00:34:45,452 - INFO - EXPIRED
160余名医院院长书记“落马”，国家重拳打击医药腐败和医保骗保
https://new.qq.com/rain/a/20241230A075JM00

2024-12-31 00:34:45,452 - INFO - EXPIRED
2024年你说过最多的话是什么？口头禅还是工作使然？
https://view.inews.qq.com/a/20241227Q05OJ600

2024-12-31 00:34:45,452 - INFO - EXPIRED
我国将制定低收入人口认定办法
https://new.qq.com/rain/a/20241230A08Q3O00

2024-12-31 00:34:45,452 - INFO - EXPIRED
拜登后悔退出总统竞选 称本可以击败特朗普
https://new.qq.com/rain/a/20241230A05LO300

2024-12-31 00:34:45,452 - INFO - EXPIRED
交易商协会召开金融市场投资者座谈会，有机构建议从重打击“小作文”
https://new.qq.com/rain/a/20241230A08SGO00

2024-12-31 00:34:45,452 - INFO - EXPIRED
拿捏打工人的损招，压不住樊振东
https://new.qq.com/rain/a/20241230A08TO100

2024-12-31 00:34:45,452 - INFO - EXPIRED
陕西咸阳16岁女孩落水溺亡，家属质疑事发地无栏杆及监控 园方：建议走法律程序
https://new.qq.com/rain/a/20241230A07G5U00

2024-12-31 00:34:45,452 - INFO - EXPIRED
针对“职业闭店人”“公司注销难”等问题，市场监管总局出台新规
https://new.qq.com/rain/a/20241230A08HMB00

2024-12-31 00:34:45,452 - INFO - EXPIRED
今年全球航空业事故致死人数已达318人，创2018年以来新高
https://new.qq.com/rain/a/20241230A08X4B00

2024-12-31 00:34:45,452 - INFO - EXPIRED
美国前总统国家安全事务助理：若丹麦无法保卫格陵兰，就该让美国买下
https://new.qq.com/rain/a/20241230A0734E00

2024-12-31 00:34:45,452 - INFO - EXPIRED
韩股济州航空暴跌，股价创历史最低水平，这次空难对公司影响有多大？
https://view.inews.qq.com/a/20241230Q02JMR00

2024-12-31 00:34:45,452 - INFO - EXPIRED
空难悲剧一天后，韩国济州同款飞机再出故障，都是起落架的“锅”吗？
https://view.inews.qq.com/a/20241230Q066SI00

2024-12-31 00:34:45,452 - INFO - EXPIRED
台媒：柯文哲二度交保获释，离开台北地方法院
https://new.qq.com/rain/a/20241230A07KNP00

2024-12-31 00:34:45,452 - INFO - EXPIRED
四川一高中男老师疑与学生办公室内行为不雅，当地教育局正在处理
https://new.qq.com/rain/a/20241230A04DCT00

2024-12-31 00:34:45,452 - INFO - EXPIRED
卸任8年后，从宾馆服务员做到副厅的官员落马
https://new.qq.com/rain/a/20241230A06RPU00

2024-12-31 00:34:45,452 - INFO - EXPIRED
“小米系”减持风暴：入股4年浮亏超5000万 昔日家装一哥总部大楼5.6折抛售
https://new.qq.com/rain/a/20241230A04KC300

2024-12-31 00:34:45,452 - INFO - EXPIRED
盘点2024全球股市：美股涨幅超预期，印度高开低走，韩股被尹锡悦拖累
https://new.qq.com/rain/a/20241230A06RU400

2024-12-31 00:34:45,452 - INFO - EXPIRED
缅北明家都干了哪些恶事？儿子死在缅北 妈妈寻子又被人骗走90万
https://new.qq.com/rain/a/20241230V05MX700

2024-12-31 00:34:45,452 - INFO - EXPIRED
检疫传染病、监测传染病目录公布
https://new.qq.com/rain/a/20241230A07GTL00

2024-12-31 00:34:45,452 - INFO - EXPIRED
邯郸13岁初中生遭3名同学杀害埋尸案一审宣判，哪些信息值得关注？
https://view.inews.qq.com/a/20241230Q04RU200

2024-12-31 00:34:45,452 - INFO - EXPIRED
泰国曼谷一知名酒店突发大火造成3死7伤 有中国游客被送医治疗
https://new.qq.com/rain/a/20241230A07PYB00

2024-12-31 00:34:45,452 - INFO - EXPIRED
接任才三天 韩国新任代总统崔相穆被警方立案调查
https://new.qq.com/rain/a/20241230A06JPU00

2024-12-31 00:34:45,452 - INFO - EXPIRED
“悬赏50万为父追凶”案宣判 船长被判交通肇事获刑13年 家属申请抗诉
https://new.qq.com/rain/a/20241230A04RK000

2024-12-31 00:34:45,452 - INFO - EXPIRED
大使馆提醒中国公民近期谨慎前往莫桑比克，当地华人：多家商铺被洗劫
https://new.qq.com/rain/a/20241230V070IV00

2024-12-31 00:34:45,452 - INFO - EXPIRED
邯郸初中生被杀害埋尸，主犯为何不判死刑？专家解读
https://new.qq.com/rain/a/20241230A04VLY00

2024-12-31 00:34:45,452 - INFO - EXPIRED
传日本首相公邸“闹鬼”，石破茂称仍希望尽快搬进去，这种传言怎么来的？
https://view.inews.qq.com/a/20241229Q04WAV00

2024-12-31 00:34:45,452 - INFO - EXPIRED
警方在果敢老街找到遗体和被焚烧人员的骨灰，缅北卧虎山庄案细节公布
https://new.qq.com/rain/a/20241230A050BZ00

2024-12-31 00:34:45,452 - INFO - EXPIRED
玉渊谭天丨独家现场！美菲飞机侵扰黄岩岛现场证据
https://new.qq.com/rain/a/20241230A05LJU00

2024-12-31 00:34:45,452 - INFO - EXPIRED
29岁网红因直肠癌晚期去世，直肠癌很难发现吗？有年轻化趋势吗？
https://view.inews.qq.com/a/20241229Q06QYU00

2024-12-31 00:34:45,452 - INFO - EXPIRED
20多家媒体人曝光娱乐圈真相：8位明星被差评，多位艺人获认可
https://new.qq.com/rain/a/20241230V060QV00

2024-12-31 00:34:45,452 - INFO - EXPIRED
柬埔寨一酒店内发现行李箱藏尸
https://new.qq.com/rain/a/20241230A05RSK00

2024-12-31 00:34:45,452 - INFO - EXPIRED
多地明确今年春节可燃放烟花爆竹，春节做烟花生意还能暴赚吗？
https://view.inews.qq.com/a/20241230Q037YK00

2024-12-31 00:34:45,452 - INFO - EXPIRED
比亚迪30亿元教育慈善基金落地，王传福称“人才是公司最宝贵财富”
https://new.qq.com/rain/a/20241230A05S8300

2024-12-31 00:34:45,452 - INFO - EXPIRED
手机大厂寻找AI时代的下一张船票
https://new.qq.com/rain/a/20241230A04AG700

2024-12-31 00:34:45,452 - INFO - EXPIRED
武装庇护他人组织中国籍妇女出境卖淫，检察机关披露缅北明家恶行
https://new.qq.com/rain/a/20241230A02RLL00

2024-12-31 00:34:45,452 - INFO - EXPIRED
深夜网上找人修电闸被收3975块，市场价才500多，记者询问反遭辱骂
https://new.qq.com/rain/a/20241230A01E7R00

2024-12-31 00:34:45,452 - INFO - EXPIRED
体育年终议谏｜陈梦遭网暴，全红婵被羞辱，场外争议正毁掉中国体育？
https://new.qq.com/rain/a/20241228V0428Q00

2024-12-31 00:34:45,452 - INFO - EXPIRED
第三被告人不予刑事处罚，专家解读“邯郸初中生被杀害埋尸案”
https://new.qq.com/rain/a/20241230A049RC00

2024-12-31 00:34:45,452 - INFO - EXPIRED
邯郸初中生被害案详情公布：两名13岁学生共谋杀害同班同学平分其钱财
https://new.qq.com/rain/a/20241230A03L1300

2024-12-31 00:34:45,453 - INFO - EXPIRED
雷军亲自挖人，为95后“天才少女”开出千万年薪
https://new.qq.com/rain/a/20241230A020X300

2024-12-31 00:34:45,453 - INFO - EXPIRED
60万新车被无人快递车撞了个大坑，行车数据：快递车减速后又加速撞上
https://new.qq.com/rain/a/20241230A04A9T00

2024-12-31 00:34:45,453 - INFO - EXPIRED
保交房攻坚：2024全国住房已交付338万套，房企已过交付洪峰
https://new.qq.com/rain/a/20241230A04JKL00

2024-12-31 00:34:45,453 - INFO - EXPIRED
“烧鸟”成为最新地摊刺客，与普通烧烤有何区别？还能火多久？
https://view.inews.qq.com/a/20241229Q0220W00

2024-12-31 00:34:45,453 - INFO - EXPIRED
起拍价20.18亿元！上海后滩地标项目再次流拍，为何七折仍无人接盘
https://new.qq.com/rain/a/20241229A06W1Q00

2024-12-31 00:34:45,453 - INFO - EXPIRED
春运期间12306试点“系统自动提交购票订单”功能
https://new.qq.com/rain/a/20241230A04NFT00

2024-12-31 00:34:45,453 - INFO - EXPIRED
1月新规来了！事关法定假日、钱袋子
https://new.qq.com/rain/a/20241230A004M400

2024-12-31 00:34:45,453 - INFO - EXPIRED
缅北卧虎山庄“10.20”案真相揭开
https://new.qq.com/rain/a/20241230A02RRG00

2024-12-31 00:34:45,453 - INFO - EXPIRED
涉嫌诈骗罪、故意杀人罪等 缅北电诈集团明国平等39人被依法提起公诉
https://new.qq.com/rain/a/20241230A020MH00

2024-12-31 00:34:45,453 - INFO - EXPIRED
华为总裁彭博：我们用5年基本实现供应独立，一定要持续保持开放
https://new.qq.com/rain/a/20241230A02T8900

2024-12-31 00:34:45,453 - INFO - EXPIRED
中国游客在日本滑雪不慎跌入粉雪窒息身亡，粉雪为何这么致命？
https://view.inews.qq.com/a/20241229Q06X2500

2024-12-31 00:34:45,453 - INFO - EXPIRED
财政部：年度公务用车采购总量中新能源汽车占比原则上不低于30%
https://new.qq.com/rain/a/20241230A02GWH00

2024-12-31 00:34:45,453 - INFO - EXPIRED
大模型“六小虎”的2024：大厂强势，蹊径难寻
https://new.qq.com/rain/a/20241230A01DDU00

2024-12-31 00:34:45,453 - INFO - EXPIRED
海口通报一小学生高坠死亡事件
https://new.qq.com/rain/a/20241230A01ME100

2024-12-31 00:34:45,453 - INFO - EXPIRED
王石谈二次创业：失败了也无妨，我没有面子问题
https://new.qq.com/rain/a/20241230A01TP500

2024-12-31 00:34:45,453 - INFO - EXPIRED
乌克兰一手“断气牌”对俄罗斯伤害不大，这一国家先急了
https://new.qq.com/rain/a/20241230A01N8O00

2024-12-31 00:34:45,453 - INFO - EXPIRED
韩媒：济州航空另一架波音737-800客机发生起落架故障，与前一天重大坠机事故机型一致
https://new.qq.com/rain/a/20241230A01MOV00

2024-12-31 00:34:45,453 - INFO - EXPIRED
2024年末央视再度专访钟睒睒，背后有何深意
https://new.qq.com/rain/a/20241229A06QKI00

2024-12-31 00:34:45,453 - INFO - EXPIRED
叙利亚大马士革附近遭无人机袭击 至少17人死亡
https://new.qq.com/rain/a/20241230A01YF100

2024-12-31 00:34:45,453 - INFO - EXPIRED
再度辞任党首，将遭“电子监控”，柯文哲保释费大幅提高到7000万
https://new.qq.com/rain/a/20241230A01BXM00

2024-12-31 00:34:45,453 - INFO - EXPIRED
广州街边空地堆积上千辆废弃共享电单车，政府边清理企业边投放
https://new.qq.com/rain/a/20241229A06MI400

2024-12-31 00:34:45,453 - INFO - EXPIRED
“代发的论文查不到，想退钱说只给退10%”，职称“一站代办”调查
https://new.qq.com/rain/a/20241230A01IRQ00

2024-12-31 00:34:45,453 - INFO - EXPIRED
删除“捂盘惜售”“哄抬房价”等表述 私募债承接负面清单迎修订
https://new.qq.com/rain/a/20241230A01KAP00

2024-12-31 00:34:45,453 - INFO - EXPIRED
雷锋生前战友、原雷锋团政治处主任姚德奇逝世，享年82岁
https://new.qq.com/rain/a/20241230A01IM000

2024-12-31 00:34:45,453 - INFO - EXPIRED
上海市委全会追认：开除高奕奕党籍
https://new.qq.com/rain/a/20241229A06Z9Y00

2024-12-31 00:34:45,453 - INFO - EXPIRED
两年被家暴16次，前夫获刑11年后，她仍坚持继续抗诉
https://new.qq.com/rain/a/20241229A06OOC00

2024-12-31 00:34:47,111 - ERROR - ERROR
明天起，这些新规将影响你我生活
https://new.qq.com/rain/a/20241231A01S2T00
('list index out of range',)
======
Traceback (most recent call last):
  File "/home/runner/work/qqnews/qqnews/qq.py", line 81, in process_article
    ss = str(tmpbs.select("div.LEFT div.content.clearfix")[0])
             ~~~~~~~~~~~~~~~~~~~~~~~~~~~~~~~~~~~~~~~~~~~~~^^^
IndexError: list index out of range


2024-12-31 00:34:47,116 - ERROR - ERROR
已被警方立案调查，仍将面临弹劾风险，身兼四职的崔相穆“压力山大”
https://new.qq.com/rain/a/20241231A01IGG00
('list index out of range',)
======
Traceback (most recent call last):
  File "/home/runner/work/qqnews/qqnews/qq.py", line 81, in process_article
    ss = str(tmpbs.select("div.LEFT div.content.clearfix")[0])
             ~~~~~~~~~~~~~~~~~~~~~~~~~~~~~~~~~~~~~~~~~~~~~^^^
IndexError: list index out of range


2024-12-31 00:34:47,126 - ERROR - ERROR
德国政府被马斯克评论文章激怒，炮轰世界首富干预大选
https://new.qq.com/rain/a/20241231A01AJS00
('list index out of range',)
======
Traceback (most recent call last):
  File "/home/runner/work/qqnews/qqnews/qq.py", line 81, in process_article
    ss = str(tmpbs.select("div.LEFT div.content.clearfix")[0])
             ~~~~~~~~~~~~~~~~~~~~~~~~~~~~~~~~~~~~~~~~~~~~~^^^
IndexError: list index out of range


2024-12-31 00:34:47,352 - ERROR - ERROR
推动经济持续回升向好
https://new.qq.com/rain/a/20241231A01FR600
('list index out of range',)
======
Traceback (most recent call last):
  File "/home/runner/work/qqnews/qqnews/qq.py", line 81, in process_article
    ss = str(tmpbs.select("div.LEFT div.content.clearfix")[0])
             ~~~~~~~~~~~~~~~~~~~~~~~~~~~~~~~~~~~~~~~~~~~~~^^^
IndexError: list index out of range


2024-12-31 00:34:47,464 - ERROR - ERROR
2025年春运首日火车票今起开售 购票有新变化
https://new.qq.com/rain/a/20241231A01G8E00
('list index out of range',)
======
Traceback (most recent call last):
  File "/home/runner/work/qqnews/qqnews/qq.py", line 81, in process_article
    ss = str(tmpbs.select("div.LEFT div.content.clearfix")[0])
             ~~~~~~~~~~~~~~~~~~~~~~~~~~~~~~~~~~~~~~~~~~~~~^^^
IndexError: list index out of range


2024-12-31 00:34:47,709 - ERROR - ERROR
乌总统泽连斯基签署命令 解除基辅州等两州州长职务
https://new.qq.com/rain/a/20241231A019KW00
('list index out of range',)
======
Traceback (most recent call last):
  File "/home/runner/work/qqnews/qqnews/qq.py", line 81, in process_article
    ss = str(tmpbs.select("div.LEFT div.content.clearfix")[0])
             ~~~~~~~~~~~~~~~~~~~~~~~~~~~~~~~~~~~~~~~~~~~~~^^^
IndexError: list index out of range


2024-12-31 00:34:47,790 - ERROR - ERROR
美股年终乏力三大股指全线下跌，波音股价收跌超2%，中概股全线下挫
https://new.qq.com/rain/a/20241231A01LJ000
('list index out of range',)
======
Traceback (most recent call last):
  File "/home/runner/work/qqnews/qqnews/qq.py", line 81, in process_article
    ss = str(tmpbs.select("div.LEFT div.content.clearfix")[0])
             ~~~~~~~~~~~~~~~~~~~~~~~~~~~~~~~~~~~~~~~~~~~~~^^^
IndexError: list index out of range


