2025-12-03 00:42:08,255 - INFO - Total time taken: {'ret': 0, 'msg': 'success', 'data': None}
2025-12-03 00:42:08,256 - INFO - 'NoneType' object is not subscriptable
2025-12-03 00:42:08,256 - INFO - Traceback (most recent call last):
  File "/home/runner/work/qqnews/qqnews/qq.py", line 128, in main
    for i in qq1["data"]["list"]:
             ~~~~~~~~~~~^^^^^^^^
TypeError: 'NoneType' object is not subscriptable

2025-12-03 02:28:42,535 - INFO - Total time taken: {'ret': 0, 'msg': 'success', 'data': None}
2025-12-03 02:28:42,535 - INFO - 'NoneType' object is not subscriptable
2025-12-03 02:28:42,536 - INFO - Traceback (most recent call last):
  File "/home/runner/work/qqnews/qqnews/qq.py", line 128, in main
    for i in qq1["data"]["list"]:
             ~~~~~~~~~~~^^^^^^^^
TypeError: 'NoneType' object is not subscriptable

2025-12-03 03:43:51,915 - INFO - Total time taken: {'ret': 0, 'msg': 'success', 'data': None}
2025-12-03 03:43:51,915 - INFO - 'NoneType' object is not subscriptable
2025-12-03 03:43:51,916 - INFO - Traceback (most recent call last):
  File "/home/runner/work/qqnews/qqnews/qq.py", line 128, in main
    for i in qq1["data"]["list"]:
             ~~~~~~~~~~~^^^^^^^^
TypeError: 'NoneType' object is not subscriptable

2025-12-03 04:18:02,832 - INFO - Total time taken: {'ret': 0, 'msg': 'success', 'data': None}
2025-12-03 04:18:02,832 - INFO - 'NoneType' object is not subscriptable
2025-12-03 04:18:02,833 - INFO - Traceback (most recent call last):
  File "/home/runner/work/qqnews/qqnews/qq.py", line 128, in main
    for i in qq1["data"]["list"]:
             ~~~~~~~~~~~^^^^^^^^
TypeError: 'NoneType' object is not subscriptable

2025-12-03 05:09:48,118 - INFO - Total time taken: {'ret': 0, 'msg': 'success', 'data': None}
2025-12-03 05:09:48,118 - INFO - 'NoneType' object is not subscriptable
2025-12-03 05:09:48,119 - INFO - Traceback (most recent call last):
  File "/home/runner/work/qqnews/qqnews/qq.py", line 128, in main
    for i in qq1["data"]["list"]:
             ~~~~~~~~~~~^^^^^^^^
TypeError: 'NoneType' object is not subscriptable

2025-12-03 06:15:02,496 - INFO - Total time taken: {'ret': 0, 'msg': 'success', 'data': None}
2025-12-03 06:15:02,496 - INFO - 'NoneType' object is not subscriptable
2025-12-03 06:15:02,496 - INFO - Traceback (most recent call last):
  File "/home/runner/work/qqnews/qqnews/qq.py", line 128, in main
    for i in qq1["data"]["list"]:
             ~~~~~~~~~~~^^^^^^^^
TypeError: 'NoneType' object is not subscriptable

2025-12-03 07:11:59,730 - INFO - Total time taken: {'ret': 0, 'msg': 'success', 'data': None}
2025-12-03 07:11:59,731 - INFO - 'NoneType' object is not subscriptable
2025-12-03 07:11:59,731 - INFO - Traceback (most recent call last):
  File "/home/runner/work/qqnews/qqnews/qq.py", line 128, in main
    for i in qq1["data"]["list"]:
             ~~~~~~~~~~~^^^^^^^^
TypeError: 'NoneType' object is not subscriptable

