2025-12-07 00:47:31,282 - INFO - Total time taken: {'ret': 0, 'msg': 'success', 'data': None}
2025-12-07 00:47:31,283 - INFO - 'NoneType' object is not subscriptable
2025-12-07 00:47:31,283 - INFO - Traceback (most recent call last):
  File "/home/runner/work/qqnews/qqnews/qq.py", line 128, in main
    for i in qq1["data"]["list"]:
             ~~~~~~~~~~~^^^^^^^^
TypeError: 'NoneType' object is not subscriptable

2025-12-07 02:50:16,264 - INFO - Total time taken: {'ret': 0, 'msg': 'success', 'data': None}
2025-12-07 02:50:16,265 - INFO - 'NoneType' object is not subscriptable
2025-12-07 02:50:16,265 - INFO - Traceback (most recent call last):
  File "/home/runner/work/qqnews/qqnews/qq.py", line 128, in main
    for i in qq1["data"]["list"]:
             ~~~~~~~~~~~^^^^^^^^
TypeError: 'NoneType' object is not subscriptable

2025-12-07 03:50:59,639 - INFO - Total time taken: {'ret': 0, 'msg': 'success', 'data': None}
2025-12-07 03:50:59,639 - INFO - 'NoneType' object is not subscriptable
2025-12-07 03:50:59,640 - INFO - Traceback (most recent call last):
  File "/home/runner/work/qqnews/qqnews/qq.py", line 128, in main
    for i in qq1["data"]["list"]:
             ~~~~~~~~~~~^^^^^^^^
TypeError: 'NoneType' object is not subscriptable

2025-12-07 04:23:28,561 - INFO - Total time taken: {'ret': 0, 'msg': 'success', 'data': None}
2025-12-07 04:23:28,561 - INFO - 'NoneType' object is not subscriptable
2025-12-07 04:23:28,562 - INFO - Traceback (most recent call last):
  File "/home/runner/work/qqnews/qqnews/qq.py", line 128, in main
    for i in qq1["data"]["list"]:
             ~~~~~~~~~~~^^^^^^^^
TypeError: 'NoneType' object is not subscriptable

2025-12-07 05:01:21,599 - INFO - Total time taken: {'ret': 0, 'msg': 'success', 'data': None}
2025-12-07 05:01:21,600 - INFO - 'NoneType' object is not subscriptable
2025-12-07 05:01:21,600 - INFO - Traceback (most recent call last):
  File "/home/runner/work/qqnews/qqnews/qq.py", line 128, in main
    for i in qq1["data"]["list"]:
             ~~~~~~~~~~~^^^^^^^^
TypeError: 'NoneType' object is not subscriptable

2025-12-07 06:12:46,014 - INFO - Total time taken: {'ret': 0, 'msg': 'success', 'data': None}
2025-12-07 06:12:46,014 - INFO - 'NoneType' object is not subscriptable
2025-12-07 06:12:46,015 - INFO - Traceback (most recent call last):
  File "/home/runner/work/qqnews/qqnews/qq.py", line 128, in main
    for i in qq1["data"]["list"]:
             ~~~~~~~~~~~^^^^^^^^
TypeError: 'NoneType' object is not subscriptable

2025-12-07 07:01:22,528 - INFO - Total time taken: {'ret': 0, 'msg': 'success', 'data': None}
2025-12-07 07:01:22,528 - INFO - 'NoneType' object is not subscriptable
2025-12-07 07:01:22,528 - INFO - Traceback (most recent call last):
  File "/home/runner/work/qqnews/qqnews/qq.py", line 128, in main
    for i in qq1["data"]["list"]:
             ~~~~~~~~~~~^^^^^^^^
TypeError: 'NoneType' object is not subscriptable

2025-12-07 08:11:12,735 - INFO - Total time taken: {'ret': 0, 'msg': 'success', 'data': None}
2025-12-07 08:11:12,735 - INFO - 'NoneType' object is not subscriptable
2025-12-07 08:11:12,735 - INFO - Traceback (most recent call last):
  File "/home/runner/work/qqnews/qqnews/qq.py", line 128, in main
    for i in qq1["data"]["list"]:
             ~~~~~~~~~~~^^^^^^^^
TypeError: 'NoneType' object is not subscriptable

2025-12-07 09:01:21,347 - INFO - Total time taken: {'ret': 0, 'msg': 'success', 'data': None}
2025-12-07 09:01:21,347 - INFO - 'NoneType' object is not subscriptable
2025-12-07 09:01:21,347 - INFO - Traceback (most recent call last):
  File "/home/runner/work/qqnews/qqnews/qq.py", line 128, in main
    for i in qq1["data"]["list"]:
             ~~~~~~~~~~~^^^^^^^^
TypeError: 'NoneType' object is not subscriptable

2025-12-07 10:01:19,248 - INFO - Total time taken: {'ret': 0, 'msg': 'success', 'data': None}
2025-12-07 10:01:19,248 - INFO - 'NoneType' object is not subscriptable
2025-12-07 10:01:19,248 - INFO - Traceback (most recent call last):
  File "/home/runner/work/qqnews/qqnews/qq.py", line 128, in main
    for i in qq1["data"]["list"]:
             ~~~~~~~~~~~^^^^^^^^
TypeError: 'NoneType' object is not subscriptable

2025-12-07 11:01:09,640 - INFO - Total time taken: {'ret': 0, 'msg': 'success', 'data': None}
2025-12-07 11:01:09,640 - INFO - 'NoneType' object is not subscriptable
2025-12-07 11:01:09,641 - INFO - Traceback (most recent call last):
  File "/home/runner/work/qqnews/qqnews/qq.py", line 128, in main
    for i in qq1["data"]["list"]:
             ~~~~~~~~~~~^^^^^^^^
TypeError: 'NoneType' object is not subscriptable

