2026-01-18 00:50:26,297 - INFO - Total time taken: {'ret': 0, 'msg': 'success', 'data': None}
2026-01-18 00:50:26,298 - INFO - 'NoneType' object is not subscriptable
2026-01-18 00:50:26,298 - INFO - Traceback (most recent call last):
  File "/home/runner/work/qqnews/qqnews/qq.py", line 128, in main
    for i in qq1["data"]["list"]:
             ~~~~~~~~~~~^^^^^^^^
TypeError: 'NoneType' object is not subscriptable

2026-01-18 02:59:48,045 - INFO - Total time taken: {'ret': 0, 'msg': 'success', 'data': None}
2026-01-18 02:59:48,045 - INFO - 'NoneType' object is not subscriptable
2026-01-18 02:59:48,046 - INFO - Traceback (most recent call last):
  File "/home/runner/work/qqnews/qqnews/qq.py", line 128, in main
    for i in qq1["data"]["list"]:
             ~~~~~~~~~~~^^^^^^^^
TypeError: 'NoneType' object is not subscriptable

2026-01-18 04:04:29,601 - INFO - Total time taken: {'ret': 0, 'msg': 'success', 'data': None}
2026-01-18 04:04:29,601 - INFO - 'NoneType' object is not subscriptable
2026-01-18 04:04:29,601 - INFO - Traceback (most recent call last):
  File "/home/runner/work/qqnews/qqnews/qq.py", line 128, in main
    for i in qq1["data"]["list"]:
             ~~~~~~~~~~~^^^^^^^^
TypeError: 'NoneType' object is not subscriptable

2026-01-18 05:14:04,059 - INFO - Total time taken: {'ret': 0, 'msg': 'success', 'data': None}
2026-01-18 05:14:04,059 - INFO - 'NoneType' object is not subscriptable
2026-01-18 05:14:04,060 - INFO - Traceback (most recent call last):
  File "/home/runner/work/qqnews/qqnews/qq.py", line 128, in main
    for i in qq1["data"]["list"]:
             ~~~~~~~~~~~^^^^^^^^
TypeError: 'NoneType' object is not subscriptable

2026-01-18 06:14:38,278 - INFO - Total time taken: {'ret': 0, 'msg': 'success', 'data': None}
2026-01-18 06:14:38,278 - INFO - 'NoneType' object is not subscriptable
2026-01-18 06:14:38,278 - INFO - Traceback (most recent call last):
  File "/home/runner/work/qqnews/qqnews/qq.py", line 128, in main
    for i in qq1["data"]["list"]:
             ~~~~~~~~~~~^^^^^^^^
TypeError: 'NoneType' object is not subscriptable

2026-01-18 07:11:10,410 - INFO - Total time taken: {'ret': 0, 'msg': 'success', 'data': None}
2026-01-18 07:11:10,410 - INFO - 'NoneType' object is not subscriptable
2026-01-18 07:11:10,411 - INFO - Traceback (most recent call last):
  File "/home/runner/work/qqnews/qqnews/qq.py", line 128, in main
    for i in qq1["data"]["list"]:
             ~~~~~~~~~~~^^^^^^^^
TypeError: 'NoneType' object is not subscriptable

2026-01-18 08:12:15,360 - INFO - Total time taken: {'ret': 0, 'msg': 'success', 'data': None}
2026-01-18 08:12:15,361 - INFO - 'NoneType' object is not subscriptable
2026-01-18 08:12:15,361 - INFO - Traceback (most recent call last):
  File "/home/runner/work/qqnews/qqnews/qq.py", line 128, in main
    for i in qq1["data"]["list"]:
             ~~~~~~~~~~~^^^^^^^^
TypeError: 'NoneType' object is not subscriptable

2026-01-18 09:01:14,416 - INFO - Total time taken: {'ret': 0, 'msg': 'success', 'data': None}
2026-01-18 09:01:14,416 - INFO - 'NoneType' object is not subscriptable
2026-01-18 09:01:14,417 - INFO - Traceback (most recent call last):
  File "/home/runner/work/qqnews/qqnews/qq.py", line 128, in main
    for i in qq1["data"]["list"]:
             ~~~~~~~~~~~^^^^^^^^
TypeError: 'NoneType' object is not subscriptable

2026-01-18 10:01:29,372 - INFO - Total time taken: {'ret': 0, 'msg': 'success', 'data': None}
2026-01-18 10:01:29,373 - INFO - 'NoneType' object is not subscriptable
2026-01-18 10:01:29,373 - INFO - Traceback (most recent call last):
  File "/home/runner/work/qqnews/qqnews/qq.py", line 128, in main
    for i in qq1["data"]["list"]:
             ~~~~~~~~~~~^^^^^^^^
TypeError: 'NoneType' object is not subscriptable

2026-01-18 11:01:23,627 - INFO - Total time taken: {'ret': 0, 'msg': 'success', 'data': None}
2026-01-18 11:01:23,627 - INFO - 'NoneType' object is not subscriptable
2026-01-18 11:01:23,627 - INFO - Traceback (most recent call last):
  File "/home/runner/work/qqnews/qqnews/qq.py", line 128, in main
    for i in qq1["data"]["list"]:
             ~~~~~~~~~~~^^^^^^^^
TypeError: 'NoneType' object is not subscriptable

2026-01-18 12:16:15,784 - INFO - Total time taken: {'ret': 0, 'msg': 'success', 'data': None}
2026-01-18 12:16:15,784 - INFO - 'NoneType' object is not subscriptable
2026-01-18 12:16:15,784 - INFO - Traceback (most recent call last):
  File "/home/runner/work/qqnews/qqnews/qq.py", line 128, in main
    for i in qq1["data"]["list"]:
             ~~~~~~~~~~~^^^^^^^^
TypeError: 'NoneType' object is not subscriptable

2026-01-18 13:21:22,832 - INFO - Total time taken: {'ret': 0, 'msg': 'success', 'data': None}
2026-01-18 13:21:22,832 - INFO - 'NoneType' object is not subscriptable
2026-01-18 13:21:22,832 - INFO - Traceback (most recent call last):
  File "/home/runner/work/qqnews/qqnews/qq.py", line 128, in main
    for i in qq1["data"]["list"]:
             ~~~~~~~~~~~^^^^^^^^
TypeError: 'NoneType' object is not subscriptable

2026-01-18 14:01:13,740 - INFO - Total time taken: {'ret': 0, 'msg': 'success', 'data': None}
2026-01-18 14:01:13,740 - INFO - 'NoneType' object is not subscriptable
2026-01-18 14:01:13,740 - INFO - Traceback (most recent call last):
  File "/home/runner/work/qqnews/qqnews/qq.py", line 128, in main
    for i in qq1["data"]["list"]:
             ~~~~~~~~~~~^^^^^^^^
TypeError: 'NoneType' object is not subscriptable

2026-01-18 15:01:09,777 - INFO - Total time taken: {'ret': 0, 'msg': 'success', 'data': None}
2026-01-18 15:01:09,777 - INFO - 'NoneType' object is not subscriptable
2026-01-18 15:01:09,778 - INFO - Traceback (most recent call last):
  File "/home/runner/work/qqnews/qqnews/qq.py", line 128, in main
    for i in qq1["data"]["list"]:
             ~~~~~~~~~~~^^^^^^^^
TypeError: 'NoneType' object is not subscriptable

2026-01-18 16:01:22,615 - INFO - Total time taken: {'ret': 0, 'msg': 'success', 'data': None}
2026-01-18 16:01:22,615 - INFO - 'NoneType' object is not subscriptable
2026-01-18 16:01:22,615 - INFO - Traceback (most recent call last):
  File "/home/runner/work/qqnews/qqnews/qq.py", line 128, in main
    for i in qq1["data"]["list"]:
             ~~~~~~~~~~~^^^^^^^^
TypeError: 'NoneType' object is not subscriptable

2026-01-18 17:01:16,366 - INFO - Total time taken: {'ret': 0, 'msg': 'success', 'data': None}
2026-01-18 17:01:16,366 - INFO - 'NoneType' object is not subscriptable
2026-01-18 17:01:16,367 - INFO - Traceback (most recent call last):
  File "/home/runner/work/qqnews/qqnews/qq.py", line 128, in main
    for i in qq1["data"]["list"]:
             ~~~~~~~~~~~^^^^^^^^
TypeError: 'NoneType' object is not subscriptable

2026-01-18 18:01:13,135 - INFO - Total time taken: {'ret': 0, 'msg': 'success', 'data': None}
2026-01-18 18:01:13,135 - INFO - 'NoneType' object is not subscriptable
2026-01-18 18:01:13,135 - INFO - Traceback (most recent call last):
  File "/home/runner/work/qqnews/qqnews/qq.py", line 128, in main
    for i in qq1["data"]["list"]:
             ~~~~~~~~~~~^^^^^^^^
TypeError: 'NoneType' object is not subscriptable

