2024-08-11 00:33:36,230 - INFO - EXPIRED
5万人涌入？富士康在河南大量招工，中介：报名面试90%都可以过
https://new.qq.com/rain/a/20240810A0557V00

2024-08-11 00:33:36,230 - INFO - EXPIRED
中国跳水队首次实现包揽奥运8金壮举，这有多难？哪些单项还相对薄弱？
https://view.inews.qq.com/a/20240810Q08BTA00

2024-08-11 00:33:36,230 - INFO - EXPIRED
央视《对话》深度访谈钟睒睒：理想主义的疯子
https://new.qq.com/rain/a/20240810A087IJ00

2024-08-11 00:33:36,230 - INFO - EXPIRED
20岁女孩租房独住快一年发现是“凶宅”，称有3000元未退或起诉房东
https://new.qq.com/rain/a/20240810A07BD200

2024-08-11 00:33:36,230 - INFO - EXPIRED
6千万粉丝网红“太原老葛”被警方立案侦查，曾卖“复活项链”被打假
https://new.qq.com/rain/a/20240810A07R3300

2024-08-11 00:33:36,230 - INFO - EXPIRED
致1死60伤的广西景区将闭园！亲历游客：腰椎骨折了不能动
https://new.qq.com/rain/a/20240810A0897K00

2024-08-11 00:33:36,230 - INFO - EXPIRED
储户1.5万工资被平台“莫名其妙”划扣？银行解释：系统一键绑定
https://new.qq.com/rain/a/20240809A06JTC00

2024-08-11 00:33:36,230 - INFO - EXPIRED
​英国发生大规模骚乱，马斯克拱火：英国内战不可避免
https://new.qq.com/rain/a/20240810A06KJU00

2024-08-11 00:33:36,230 - INFO - EXPIRED
争议连环爆，柯文哲将陷全面危机
https://new.qq.com/rain/a/20240810A07INL00

2024-08-11 00:33:36,230 - INFO - EXPIRED
多地披露殡葬领域腐败案件
https://new.qq.com/rain/a/20240810A04VSD00

2024-08-11 00:33:36,230 - INFO - EXPIRED
多地楼市“限价”退出市场，购房者投诉降价没用了
https://new.qq.com/rain/a/20240810A079RK00

2024-08-11 00:33:36,230 - INFO - EXPIRED
“传送带突然断裂很多人压在一起！”伤者讲述广西一景区1死60伤事故
https://new.qq.com/rain/a/20240810A085HF00

2024-08-11 00:33:36,230 - INFO - EXPIRED
烧烤店4男2女发生冲突，两女子用酒瓶互殴？7人为赚流量编造剧本约架
https://new.qq.com/rain/a/20240810A03MV000

2024-08-11 00:33:36,230 - INFO - EXPIRED
有样学样？初二男生一天给主播打赏5万，他爸爸玩直播4年花100万
https://new.qq.com/rain/a/20240810A03K7P00

2024-08-11 00:33:36,230 - INFO - EXPIRED
追讨父亲的198万死亡赔偿金：大伯代管近8年后，法院判其归还剩余79.4万
https://new.qq.com/rain/a/20240810A0717H00

2024-08-11 00:33:36,230 - INFO - EXPIRED
菲律宾空军战机非法闯入南海黄岩岛空域 南部战区依法警告驱离
https://new.qq.com/rain/a/20240810A077OR00

2024-08-11 00:33:36,230 - INFO - EXPIRED
奥运冠军杨威回应网友让其去考裁判证：生活就像比赛，有时未必如愿
https://new.qq.com/rain/a/20240810A05F5500

2024-08-11 00:33:36,230 - INFO - EXPIRED
女子举报税务干部一家四千万来路不明，当地税务局通报
https://new.qq.com/rain/a/20240810A06MVH00

2024-08-11 00:33:36,230 - INFO - EXPIRED
一群中国普通人，跑进巴黎奥运会
https://new.qq.com/rain/a/20240810A073FF00

2024-08-11 00:33:36,231 - INFO - EXPIRED
广西一景区“魔毯”项目故障致1死60伤 目击者：设备不停转卡住很多人
https://new.qq.com/rain/a/20240810A07O9800

2024-08-11 00:33:36,231 - INFO - EXPIRED
35岁的马龙宣布告别奥运，但表示不适合当教练，球打得这么好怎么不适合？
https://view.inews.qq.com/a/20240810Q06XFM00

2024-08-11 00:33:36,231 - INFO - EXPIRED
资生堂上半年净利润跌99.9%！公司称“核污水致中国消费者购买意愿下降”
https://new.qq.com/rain/a/20240810A03T9U00

2024-08-11 00:33:36,231 - INFO - EXPIRED
俄指挥官称北约雇佣兵攻入俄本土，北约要和俄罗斯直接对抗了吗？
https://view.inews.qq.com/a/20240810Q04BV800

2024-08-11 00:33:36,231 - INFO - EXPIRED
将油罐车改装为“移动加油站”，一私售柴油团伙被警方查获
https://new.qq.com/rain/a/20240810A03BSP00

2024-08-11 00:33:36,231 - INFO - EXPIRED
得知室友有猝死风险 朋友退租搬家 家人失联 上海一房东网络发帖求助
https://new.qq.com/rain/a/20240810A04OUB00

2024-08-11 00:33:36,231 - INFO - EXPIRED
由于地表各地区重力加速度不尽相同，奥运举重世界纪录会考虑这个因素吗？
https://view.inews.qq.com/a/20240809Q0A6ZB00

2024-08-11 00:33:36,231 - INFO - EXPIRED
“阳了”的人又多了？张文宏发声：新冠已呈“阶段性波动”
https://new.qq.com/rain/a/20240810A03JNM00

2024-08-11 00:33:36,231 - INFO - EXPIRED
出国务工赚高薪？境外不是你梦想的天堂，小伙被抓后说外面哪有祖国好
https://new.qq.com/rain/a/20240809V03PLK00

2024-08-11 00:33:36,231 - INFO - EXPIRED
房贷返点，隐秘流行
https://new.qq.com/rain/a/20240810A06L1I00

2024-08-11 00:33:36,231 - INFO - EXPIRED
全球市场两大悬念待解：美国经济衰退会否出现？美股是否已见底？
https://new.qq.com/rain/a/20240810A04K4700

2024-08-11 00:33:36,231 - INFO - EXPIRED
疆煤崛起，中国能源版图重心悄然西移
https://new.qq.com/rain/a/20240810A028PX00

2024-08-11 00:33:36,231 - INFO - EXPIRED
巴黎奥运局外局：中国制造外贸“爆单”
https://new.qq.com/rain/a/20240810A00IZ900

2024-08-11 00:33:36,231 - INFO - EXPIRED
“最帅少林武僧”车祸去世：爱唱歌弹吉他，怕坐过山车，因惜命拒探险
https://new.qq.com/rain/a/20240810A01LIF00

2024-08-11 00:33:36,231 - INFO - EXPIRED
报复以色列，伊朗说“不急”
https://new.qq.com/rain/a/20240810A04WTF00

2024-08-11 00:33:36,231 - INFO - EXPIRED
乌苏里江将全线超过保证水位，且超保幅度和时长均将创纪录
https://new.qq.com/rain/a/20240810A02DN300

2024-08-11 00:33:36,231 - INFO - EXPIRED
北京雨后天空现彩虹，网友：这是七夕的彩色“鹊桥”
https://new.qq.com/rain/a/20240810V06GL300

2024-08-11 00:33:36,231 - INFO - EXPIRED
中国乒乓球男团成功卫冕，16年来奥运金牌未丢过，其他代表团还能赶上吗？
https://view.inews.qq.com/a/20240810Q00FXC00

2024-08-11 00:33:36,231 - INFO - EXPIRED
熬夜等人兑奖未果，湖北500万大奖成弃奖，代销点：太可惜了
https://new.qq.com/rain/a/20240810A05DN100

2024-08-11 00:33:36,231 - INFO - EXPIRED
一网友自称企业老板高调炫富、“受多位官员关照”，山东警方：行拘
https://new.qq.com/rain/a/20240810A04W0F00

2024-08-11 00:33:36,231 - INFO - EXPIRED
你有暗恋对象吗？你会跟暗恋多年的人表白吗？
https://view.inews.qq.com/a/20240807Q0637800

2024-08-11 00:33:36,231 - INFO - EXPIRED
35岁马龙微笑宣布告别奥运赛场：退役还要再想想，我不适合当教练
https://new.qq.com/rain/a/20240810A0324C00

2024-08-11 00:33:36,231 - INFO - EXPIRED
2000个中国工人，对抗80万印度钻石工匠
https://new.qq.com/rain/a/20240810A011PK00

2024-08-11 00:33:36,231 - INFO - EXPIRED
“小心政变！”塞尔维亚总统武契奇：俄方发来重要信息
https://new.qq.com/rain/a/20240810A03AK600

2024-08-11 00:33:36,231 - INFO - EXPIRED
宣称“江小白的白酒不是白酒”，东方甄选主播道歉，江小白：不接受
https://new.qq.com/rain/a/20240810A0419000

2024-08-11 00:33:36,231 - INFO - EXPIRED
全球市场巨震余波：史诗级“情绪风暴”向何处去
https://new.qq.com/rain/a/20240810A028RH00

2024-08-11 00:33:36,231 - INFO - EXPIRED
福建农林大学再现多朵双色荷花，专家：不能说明出现稳定遗传
https://new.qq.com/rain/a/20240810A03E0A00

2024-08-11 00:33:36,231 - INFO - EXPIRED
天津白蛇谷自然风景区突发山体塌方？官方：没有人员伤亡，正清理路面
https://new.qq.com/rain/a/20240810A03WP800

2024-08-11 00:33:36,231 - INFO - EXPIRED
乌克兰方面称击毁一艘俄军巡逻艇，另有三艘俄方船只受损，俄方未回应
https://new.qq.com/rain/a/20240810A04RSF00

2024-08-11 00:33:36,231 - INFO - EXPIRED
陈道明片场即兴发挥演技封神，陈思诚：老郑就是为他量身定做
https://new.qq.com/rain/a/20240810V04DI600

2024-08-11 00:33:36,231 - INFO - EXPIRED
兄弟因偷开心果被判无期，喊冤20多年称在狱中遇真凶，最高法驳回申诉
https://new.qq.com/rain/a/20240809A09L8N00

2024-08-11 00:33:36,231 - INFO - EXPIRED
山东两蒙面男子凌晨用卡片试探开锁，警方再通报：两人在北京被抓获 
https://new.qq.com/rain/a/20240810A03IIN00

2024-08-11 00:33:36,231 - INFO - EXPIRED
注意！未来三天可能发生小到中等地磁暴
https://new.qq.com/rain/a/20240810A043Z000

2024-08-11 00:33:36,231 - INFO - EXPIRED
北京长安街五星级酒店被出售，文旅热此起彼伏，酒店缘何成为资产甩卖重灾区？
https://new.qq.com/rain/a/20240810A013XF00

2024-08-11 00:33:36,231 - INFO - EXPIRED
一线｜Youtube前首席执行官Susan Wojcicki因癌症去世
https://new.qq.com/rain/a/20240810A046LB00

2024-08-11 00:33:36,231 - INFO - EXPIRED
特朗普称周一将接受马斯克采访，会聊什么？马斯克在为特朗普竞选造势吗？
https://view.inews.qq.com/a/20240809Q05JZ500

2024-08-11 00:33:36,231 - INFO - EXPIRED
以军袭击加沙城学校，已致超100人死亡
https://new.qq.com/rain/a/20240810A03LD100

2024-08-11 00:33:36,231 - INFO - EXPIRED
蹭学位？老人被曝户口名下凭空多出8个外地未成年“子女”，官方回应
https://new.qq.com/rain/a/20240809A04VWZ00

2024-08-11 00:33:36,231 - INFO - EXPIRED
史上首次“巨大地震”预警后，岸田文雄“罕见”取消中亚行程
https://new.qq.com/rain/a/20240810A03BEL00

2024-08-11 00:33:36,231 - INFO - EXPIRED
7旬老人再婚不到一年，账户基金被继子卖光转走 法院：继子无权占有
https://new.qq.com/rain/a/20240810A03N5R00

2024-08-11 00:33:36,231 - INFO - EXPIRED
90后小伙高速桥营救被困货车司机时不幸坠桥身亡，四川高速交警介入
https://new.qq.com/rain/a/20240809A09L9100

2024-08-11 00:33:36,231 - INFO - EXPIRED
千万网红被质疑收数百万后刷单卖货？本人回应：自己也是受害者，准备起诉
https://new.qq.com/rain/a/20240810A02KK700

2024-08-11 00:33:36,231 - INFO - EXPIRED
央行：存贷款利率已基本实现市场化定价 研究适度收窄利率走廊宽度
https://new.qq.com/rain/a/20240810A02VAH00

2024-08-11 00:33:36,231 - INFO - EXPIRED
鄂霍次克海发生6.5级地震，震源深度410公里
https://new.qq.com/rain/a/20240810A036J800

2024-08-11 00:33:36,231 - INFO - EXPIRED
浙江宁波舟山港集装箱燃爆，影响有多大？多方回应
https://new.qq.com/rain/a/20240810A00ZIQ00

2024-08-11 00:33:36,231 - INFO - EXPIRED
詹某某涉诈骗案开庭：被控诈骗和行贿，涉诈金额13.9亿 庭审中其称行贿是“被诈骗”
https://new.qq.com/rain/a/20240810A00NXD00

2024-08-11 00:33:36,231 - INFO - EXPIRED
我驻美大使谢锋接受NBC采访：希望大家像关心大熊猫一样关心中美关系
https://new.qq.com/rain/a/20240810A02OTY00

2024-08-11 00:33:36,231 - INFO - EXPIRED
独家揭秘美国滥用兴奋剂全产业链
https://new.qq.com/rain/a/20240810A003EJ00

2024-08-11 00:33:36,231 - INFO - EXPIRED
马龙成为中国首个奥运六金王，如何评价他的历史地位？培养下一个马龙要等多少年？
https://view.inews.qq.com/a/20240810Q00CX600

2024-08-11 00:33:36,231 - INFO - EXPIRED
美股抹去本周大部分跌幅：中概全周涨3.6%领跑，美债收益率大涨两位数
https://new.qq.com/rain/a/20240810A010FF00

2024-08-11 00:33:36,231 - INFO - EXPIRED
乌方称顿涅茨克一超市和邮局遭炮击：已致14死43伤 碎片满地尘烟四起
https://new.qq.com/rain/a/20240810V01RAD00

2024-08-11 00:33:36,231 - INFO - EXPIRED
因空域限制，英国航空将暂停北京航线
https://new.qq.com/rain/a/20240809A05V8K00

2024-08-11 00:33:36,231 - INFO - EXPIRED
虚惊一场！特朗普所乘飞机遭遇机械故障 改道后已安全降落
https://new.qq.com/rain/a/20240810A00ZFK00

2024-08-11 00:33:36,231 - INFO - EXPIRED
胡先煦冯绍峰大决战！金龟子演大反派压轴登场压迫力巨大
https://new.qq.com/rain/a/20240809V05Y9300

2024-08-11 00:33:36,231 - INFO - EXPIRED
电诈团伙现场被抓后仍在狡辩，警察训斥：你当我3岁吗
https://new.qq.com/rain/a/20240809V03NQ500

2024-08-11 00:33:36,232 - INFO - EXPIRED
恒大债务重组停滞近一年，公告尚未觅得合适的方案
https://new.qq.com/rain/a/20240810A016J900

2024-08-11 00:33:36,232 - INFO - EXPIRED
美官员：伊朗若对以色列实施打击将面临严重后果
https://new.qq.com/rain/a/20240810A010A700

2024-08-11 00:33:36,232 - INFO - EXPIRED
传湖南9家北京现代经销商联名要求暂停提车，经销商：已有律师在跟进
https://new.qq.com/rain/a/20240809A09PAU00

2024-08-11 00:33:36,232 - INFO - EXPIRED
中国队第33金！女子拳击再夺奥运冠军，吴愉决赛4-1胜土耳其名将
https://new.qq.com/rain/a/20240810A00K0400

2024-08-11 00:33:36,232 - INFO - EXPIRED
智利一小型飞机坠毁 机上7人全部遇难
https://new.qq.com/rain/a/20240810A00MX600

2024-08-11 00:33:36,232 - INFO - EXPIRED
伊朗要放弃报复以色列，换取加沙停火？
https://new.qq.com/rain/a/20240809A096MC00

2024-08-11 00:33:36,232 - INFO - EXPIRED
什么情况？一晚上，3家A股公司被证监会立案
https://new.qq.com/rain/a/20240809A09GM900

2024-08-11 00:33:36,232 - INFO - EXPIRED
网传俄军收缴手机钉在柱子上，士兵私用手机有多大危害？为何俄军内部屡禁不止？
https://view.inews.qq.com/a/20240809Q06CWZ00

2024-08-11 00:33:36,232 - INFO - EXPIRED
青岛通报小伙地铁被老人殴打：小伙被行拘，老人被采取刑事强制措施
https://new.qq.com/rain/a/20240809A0974Y00

2024-08-11 00:33:36,232 - INFO - EXPIRED
伊朗媒体：伊海军装备新型巡航导弹，具有高爆弹头的效果并无法被探测
https://new.qq.com/rain/a/20240809A07X3D00

2024-08-11 00:33:36,232 - INFO - EXPIRED
拜登“芯片大饼”两周年，巨头建厂投产仍阻力重重
https://new.qq.com/rain/a/20240809A084RW00

2024-08-11 00:33:36,232 - INFO - EXPIRED
女子举报山东聊城一税务干部进款4000万来路不明 当地税务：正在调查
https://new.qq.com/rain/a/20240809A09BI900

2024-08-11 00:33:36,232 - INFO - EXPIRED
622分入读衢州职技学院，浙江省多所职业院校录取分再飙高
https://new.qq.com/rain/a/20240809A09OQF00

2024-08-11 00:33:36,232 - INFO - EXPIRED
华为将发布全球首款三折手机，有必要把尺寸越做越大吗？折叠手机真有市场吗？
https://view.inews.qq.com/a/20240809Q05AMO00

2024-08-11 00:33:36,232 - INFO - EXPIRED
美政客封杀中国无人机遭应急部门用户抵制：美国货甚至飞不到山顶
https://new.qq.com/rain/a/20240809A09FG600

2024-08-11 00:33:36,232 - INFO - EXPIRED
河南两女童光着身子在路边玩耍引全网关心，当地回应：有多项帮扶
https://new.qq.com/rain/a/20240809A09KDD00

2024-08-11 00:33:36,232 - INFO - EXPIRED
小学文化摊主“倾家荡产”260万买保险，女儿称母亲“被吃人血馒头”
https://new.qq.com/rain/a/20240809A08B2U00

2024-08-11 00:33:36,232 - INFO - EXPIRED
35岁重考清华男子称没有被任何学校录取：因不服从专业调剂
https://new.qq.com/rain/a/20240809A069X600

2024-08-11 00:33:36,232 - INFO - EXPIRED
考编大省砸掉10万人“铁饭碗”？
https://new.qq.com/rain/a/20240809A08OLY00

2024-08-11 00:33:36,724 - INFO - INVALID
首马完赛！谷爱凌参加奥运大众组马拉松，成绩3小时24分36秒
https://new.qq.com/rain/a/20240811A00RTX00

2024-08-11 00:33:36,736 - INFO - INVALID
心理战还是顾虑重重？伊朗誓言报复以色列，为何迟迟不见行动
https://new.qq.com/rain/a/20240811A0154500

2024-08-11 00:33:36,741 - INFO - INVALID
罕见的再审：一只流浪猫与24万元赔偿
https://new.qq.com/rain/a/20240811A00B2Y00

2024-08-11 00:33:36,746 - INFO - INVALID
1.3亿元厂房被1.8万变卖？债权人气得快晕倒：若成交3000多万债就烂了
https://new.qq.com/rain/a/20240811A011RS00

2024-08-11 00:33:36,809 - INFO - INVALID
广西德天瀑布景区一项目发生故障1死60伤 游客：每人间隔1米坐下，身旁无安全带
https://new.qq.com/rain/a/20240811A00VGH00

2024-08-11 00:33:37,075 - INFO - INVALID
胡塞武装宣布组建“新政府”
https://new.qq.com/rain/a/20240811A000IB00

2024-08-11 00:33:37,184 - INFO - INVALID
宁德时代成都“办车展”：承诺不造车不卖车 欲借C端战略突围
https://new.qq.com/rain/a/20240811A00VZL00

2024-08-11 02:03:59,047 - INFO - EXPIRED
5万人涌入？富士康在河南大量招工，中介：报名面试90%都可以过
https://new.qq.com/rain/a/20240810A0557V00

2024-08-11 02:03:59,047 - INFO - EXPIRED
中国跳水队首次实现包揽奥运8金壮举，这有多难？哪些单项还相对薄弱？
https://view.inews.qq.com/a/20240810Q08BTA00

2024-08-11 02:03:59,047 - INFO - EXPIRED
央视《对话》深度访谈钟睒睒：理想主义的疯子
https://new.qq.com/rain/a/20240810A087IJ00

2024-08-11 02:03:59,047 - INFO - EXPIRED
20岁女孩租房独住快一年发现是“凶宅”，称有3000元未退或起诉房东
https://new.qq.com/rain/a/20240810A07BD200

2024-08-11 02:03:59,047 - INFO - EXPIRED
6千万粉丝网红“太原老葛”被警方立案侦查，曾卖“复活项链”被打假
https://new.qq.com/rain/a/20240810A07R3300

2024-08-11 02:03:59,047 - INFO - EXPIRED
致1死60伤的广西景区将闭园！亲历游客：腰椎骨折了不能动
https://new.qq.com/rain/a/20240810A0897K00

2024-08-11 02:03:59,047 - INFO - EXPIRED
储户1.5万工资被平台“莫名其妙”划扣？银行解释：系统一键绑定
https://new.qq.com/rain/a/20240809A06JTC00

2024-08-11 02:03:59,047 - INFO - EXPIRED
​英国发生大规模骚乱，马斯克拱火：英国内战不可避免
https://new.qq.com/rain/a/20240810A06KJU00

2024-08-11 02:03:59,047 - INFO - EXPIRED
争议连环爆，柯文哲将陷全面危机
https://new.qq.com/rain/a/20240810A07INL00

2024-08-11 02:03:59,047 - INFO - EXPIRED
多地披露殡葬领域腐败案件
https://new.qq.com/rain/a/20240810A04VSD00

2024-08-11 02:03:59,047 - INFO - EXPIRED
多地楼市“限价”退出市场，购房者投诉降价没用了
https://new.qq.com/rain/a/20240810A079RK00

2024-08-11 02:03:59,047 - INFO - EXPIRED
“传送带突然断裂很多人压在一起！”伤者讲述广西一景区1死60伤事故
https://new.qq.com/rain/a/20240810A085HF00

2024-08-11 02:03:59,047 - INFO - EXPIRED
烧烤店4男2女发生冲突，两女子用酒瓶互殴？7人为赚流量编造剧本约架
https://new.qq.com/rain/a/20240810A03MV000

2024-08-11 02:03:59,047 - INFO - EXPIRED
有样学样？初二男生一天给主播打赏5万，他爸爸玩直播4年花100万
https://new.qq.com/rain/a/20240810A03K7P00

2024-08-11 02:03:59,047 - INFO - EXPIRED
追讨父亲的198万死亡赔偿金：大伯代管近8年后，法院判其归还剩余79.4万
https://new.qq.com/rain/a/20240810A0717H00

2024-08-11 02:03:59,047 - INFO - EXPIRED
菲律宾空军战机非法闯入南海黄岩岛空域 南部战区依法警告驱离
https://new.qq.com/rain/a/20240810A077OR00

2024-08-11 02:03:59,047 - INFO - EXPIRED
奥运冠军杨威回应网友让其去考裁判证：生活就像比赛，有时未必如愿
https://new.qq.com/rain/a/20240810A05F5500

2024-08-11 02:03:59,047 - INFO - EXPIRED
女子举报税务干部一家四千万来路不明，当地税务局通报
https://new.qq.com/rain/a/20240810A06MVH00

2024-08-11 02:03:59,047 - INFO - EXPIRED
一群中国普通人，跑进巴黎奥运会
https://new.qq.com/rain/a/20240810A073FF00

2024-08-11 02:03:59,047 - INFO - EXPIRED
广西一景区“魔毯”项目故障致1死60伤 目击者：设备不停转卡住很多人
https://new.qq.com/rain/a/20240810A07O9800

2024-08-11 02:03:59,047 - INFO - EXPIRED
35岁的马龙宣布告别奥运，但表示不适合当教练，球打得这么好怎么不适合？
https://view.inews.qq.com/a/20240810Q06XFM00

2024-08-11 02:03:59,047 - INFO - EXPIRED
资生堂上半年净利润跌99.9%！公司称“核污水致中国消费者购买意愿下降”
https://new.qq.com/rain/a/20240810A03T9U00

2024-08-11 02:03:59,047 - INFO - EXPIRED
俄指挥官称北约雇佣兵攻入俄本土，北约要和俄罗斯直接对抗了吗？
https://view.inews.qq.com/a/20240810Q04BV800

2024-08-11 02:03:59,048 - INFO - EXPIRED
将油罐车改装为“移动加油站”，一私售柴油团伙被警方查获
https://new.qq.com/rain/a/20240810A03BSP00

2024-08-11 02:03:59,048 - INFO - EXPIRED
得知室友有猝死风险 朋友退租搬家 家人失联 上海一房东网络发帖求助
https://new.qq.com/rain/a/20240810A04OUB00

2024-08-11 02:03:59,048 - INFO - EXPIRED
由于地表各地区重力加速度不尽相同，奥运举重世界纪录会考虑这个因素吗？
https://view.inews.qq.com/a/20240809Q0A6ZB00

2024-08-11 02:03:59,048 - INFO - EXPIRED
“阳了”的人又多了？张文宏发声：新冠已呈“阶段性波动”
https://new.qq.com/rain/a/20240810A03JNM00

2024-08-11 02:03:59,048 - INFO - EXPIRED
出国务工赚高薪？境外不是你梦想的天堂，小伙被抓后说外面哪有祖国好
https://new.qq.com/rain/a/20240809V03PLK00

2024-08-11 02:03:59,048 - INFO - EXPIRED
房贷返点，隐秘流行
https://new.qq.com/rain/a/20240810A06L1I00

2024-08-11 02:03:59,048 - INFO - EXPIRED
全球市场两大悬念待解：美国经济衰退会否出现？美股是否已见底？
https://new.qq.com/rain/a/20240810A04K4700

2024-08-11 02:03:59,048 - INFO - EXPIRED
疆煤崛起，中国能源版图重心悄然西移
https://new.qq.com/rain/a/20240810A028PX00

2024-08-11 02:03:59,048 - INFO - EXPIRED
巴黎奥运局外局：中国制造外贸“爆单”
https://new.qq.com/rain/a/20240810A00IZ900

2024-08-11 02:03:59,048 - INFO - EXPIRED
“最帅少林武僧”车祸去世：爱唱歌弹吉他，怕坐过山车，因惜命拒探险
https://new.qq.com/rain/a/20240810A01LIF00

2024-08-11 02:03:59,048 - INFO - EXPIRED
报复以色列，伊朗说“不急”
https://new.qq.com/rain/a/20240810A04WTF00

2024-08-11 02:03:59,048 - INFO - EXPIRED
乌苏里江将全线超过保证水位，且超保幅度和时长均将创纪录
https://new.qq.com/rain/a/20240810A02DN300

2024-08-11 02:03:59,048 - INFO - EXPIRED
北京雨后天空现彩虹，网友：这是七夕的彩色“鹊桥”
https://new.qq.com/rain/a/20240810V06GL300

2024-08-11 02:03:59,048 - INFO - EXPIRED
中国乒乓球男团成功卫冕，16年来奥运金牌未丢过，其他代表团还能赶上吗？
https://view.inews.qq.com/a/20240810Q00FXC00

2024-08-11 02:03:59,048 - INFO - EXPIRED
熬夜等人兑奖未果，湖北500万大奖成弃奖，代销点：太可惜了
https://new.qq.com/rain/a/20240810A05DN100

2024-08-11 02:03:59,048 - INFO - EXPIRED
一网友自称企业老板高调炫富、“受多位官员关照”，山东警方：行拘
https://new.qq.com/rain/a/20240810A04W0F00

2024-08-11 02:03:59,048 - INFO - EXPIRED
你有暗恋对象吗？你会跟暗恋多年的人表白吗？
https://view.inews.qq.com/a/20240807Q0637800

2024-08-11 02:03:59,048 - INFO - EXPIRED
35岁马龙微笑宣布告别奥运赛场：退役还要再想想，我不适合当教练
https://new.qq.com/rain/a/20240810A0324C00

2024-08-11 02:03:59,048 - INFO - EXPIRED
2000个中国工人，对抗80万印度钻石工匠
https://new.qq.com/rain/a/20240810A011PK00

2024-08-11 02:03:59,048 - INFO - EXPIRED
“小心政变！”塞尔维亚总统武契奇：俄方发来重要信息
https://new.qq.com/rain/a/20240810A03AK600

2024-08-11 02:03:59,048 - INFO - EXPIRED
宣称“江小白的白酒不是白酒”，东方甄选主播道歉，江小白：不接受
https://new.qq.com/rain/a/20240810A0419000

2024-08-11 02:03:59,048 - INFO - EXPIRED
全球市场巨震余波：史诗级“情绪风暴”向何处去
https://new.qq.com/rain/a/20240810A028RH00

2024-08-11 02:03:59,048 - INFO - EXPIRED
福建农林大学再现多朵双色荷花，专家：不能说明出现稳定遗传
https://new.qq.com/rain/a/20240810A03E0A00

2024-08-11 02:03:59,048 - INFO - EXPIRED
天津白蛇谷自然风景区突发山体塌方？官方：没有人员伤亡，正清理路面
https://new.qq.com/rain/a/20240810A03WP800

2024-08-11 02:03:59,048 - INFO - EXPIRED
乌克兰方面称击毁一艘俄军巡逻艇，另有三艘俄方船只受损，俄方未回应
https://new.qq.com/rain/a/20240810A04RSF00

2024-08-11 02:03:59,048 - INFO - EXPIRED
陈道明片场即兴发挥演技封神，陈思诚：老郑就是为他量身定做
https://new.qq.com/rain/a/20240810V04DI600

2024-08-11 02:03:59,048 - INFO - EXPIRED
兄弟因偷开心果被判无期，喊冤20多年称在狱中遇真凶，最高法驳回申诉
https://new.qq.com/rain/a/20240809A09L8N00

2024-08-11 02:03:59,048 - INFO - EXPIRED
山东两蒙面男子凌晨用卡片试探开锁，警方再通报：两人在北京被抓获 
https://new.qq.com/rain/a/20240810A03IIN00

2024-08-11 02:03:59,048 - INFO - EXPIRED
注意！未来三天可能发生小到中等地磁暴
https://new.qq.com/rain/a/20240810A043Z000

2024-08-11 02:03:59,048 - INFO - EXPIRED
北京长安街五星级酒店被出售，文旅热此起彼伏，酒店缘何成为资产甩卖重灾区？
https://new.qq.com/rain/a/20240810A013XF00

2024-08-11 02:03:59,048 - INFO - EXPIRED
一线｜Youtube前首席执行官Susan Wojcicki因癌症去世
https://new.qq.com/rain/a/20240810A046LB00

2024-08-11 02:03:59,048 - INFO - EXPIRED
特朗普称周一将接受马斯克采访，会聊什么？马斯克在为特朗普竞选造势吗？
https://view.inews.qq.com/a/20240809Q05JZ500

2024-08-11 02:03:59,048 - INFO - EXPIRED
以军袭击加沙城学校，已致超100人死亡
https://new.qq.com/rain/a/20240810A03LD100

2024-08-11 02:03:59,048 - INFO - EXPIRED
蹭学位？老人被曝户口名下凭空多出8个外地未成年“子女”，官方回应
https://new.qq.com/rain/a/20240809A04VWZ00

2024-08-11 02:03:59,048 - INFO - EXPIRED
史上首次“巨大地震”预警后，岸田文雄“罕见”取消中亚行程
https://new.qq.com/rain/a/20240810A03BEL00

2024-08-11 02:03:59,048 - INFO - EXPIRED
7旬老人再婚不到一年，账户基金被继子卖光转走 法院：继子无权占有
https://new.qq.com/rain/a/20240810A03N5R00

2024-08-11 02:03:59,048 - INFO - EXPIRED
90后小伙高速桥营救被困货车司机时不幸坠桥身亡，四川高速交警介入
https://new.qq.com/rain/a/20240809A09L9100

2024-08-11 02:03:59,048 - INFO - EXPIRED
千万网红被质疑收数百万后刷单卖货？本人回应：自己也是受害者，准备起诉
https://new.qq.com/rain/a/20240810A02KK700

2024-08-11 02:03:59,048 - INFO - EXPIRED
央行：存贷款利率已基本实现市场化定价 研究适度收窄利率走廊宽度
https://new.qq.com/rain/a/20240810A02VAH00

2024-08-11 02:03:59,048 - INFO - EXPIRED
鄂霍次克海发生6.5级地震，震源深度410公里
https://new.qq.com/rain/a/20240810A036J800

2024-08-11 02:03:59,048 - INFO - EXPIRED
浙江宁波舟山港集装箱燃爆，影响有多大？多方回应
https://new.qq.com/rain/a/20240810A00ZIQ00

2024-08-11 02:03:59,048 - INFO - EXPIRED
詹某某涉诈骗案开庭：被控诈骗和行贿，涉诈金额13.9亿 庭审中其称行贿是“被诈骗”
https://new.qq.com/rain/a/20240810A00NXD00

2024-08-11 02:03:59,048 - INFO - EXPIRED
我驻美大使谢锋接受NBC采访：希望大家像关心大熊猫一样关心中美关系
https://new.qq.com/rain/a/20240810A02OTY00

2024-08-11 02:03:59,048 - INFO - EXPIRED
独家揭秘美国滥用兴奋剂全产业链
https://new.qq.com/rain/a/20240810A003EJ00

2024-08-11 02:03:59,048 - INFO - EXPIRED
马龙成为中国首个奥运六金王，如何评价他的历史地位？培养下一个马龙要等多少年？
https://view.inews.qq.com/a/20240810Q00CX600

2024-08-11 02:03:59,048 - INFO - EXPIRED
美股抹去本周大部分跌幅：中概全周涨3.6%领跑，美债收益率大涨两位数
https://new.qq.com/rain/a/20240810A010FF00

2024-08-11 02:03:59,048 - INFO - EXPIRED
乌方称顿涅茨克一超市和邮局遭炮击：已致14死43伤 碎片满地尘烟四起
https://new.qq.com/rain/a/20240810V01RAD00

2024-08-11 02:03:59,048 - INFO - EXPIRED
因空域限制，英国航空将暂停北京航线
https://new.qq.com/rain/a/20240809A05V8K00

2024-08-11 02:03:59,048 - INFO - EXPIRED
虚惊一场！特朗普所乘飞机遭遇机械故障 改道后已安全降落
https://new.qq.com/rain/a/20240810A00ZFK00

2024-08-11 02:03:59,048 - INFO - EXPIRED
胡先煦冯绍峰大决战！金龟子演大反派压轴登场压迫力巨大
https://new.qq.com/rain/a/20240809V05Y9300

2024-08-11 02:03:59,048 - INFO - EXPIRED
电诈团伙现场被抓后仍在狡辩，警察训斥：你当我3岁吗
https://new.qq.com/rain/a/20240809V03NQ500

2024-08-11 02:03:59,048 - INFO - EXPIRED
恒大债务重组停滞近一年，公告尚未觅得合适的方案
https://new.qq.com/rain/a/20240810A016J900

2024-08-11 02:03:59,048 - INFO - EXPIRED
美官员：伊朗若对以色列实施打击将面临严重后果
https://new.qq.com/rain/a/20240810A010A700

2024-08-11 02:03:59,048 - INFO - EXPIRED
传湖南9家北京现代经销商联名要求暂停提车，经销商：已有律师在跟进
https://new.qq.com/rain/a/20240809A09PAU00

2024-08-11 02:03:59,048 - INFO - EXPIRED
中国队第33金！女子拳击再夺奥运冠军，吴愉决赛4-1胜土耳其名将
https://new.qq.com/rain/a/20240810A00K0400

2024-08-11 02:03:59,048 - INFO - EXPIRED
智利一小型飞机坠毁 机上7人全部遇难
https://new.qq.com/rain/a/20240810A00MX600

2024-08-11 02:03:59,049 - INFO - EXPIRED
伊朗要放弃报复以色列，换取加沙停火？
https://new.qq.com/rain/a/20240809A096MC00

2024-08-11 02:03:59,049 - INFO - EXPIRED
什么情况？一晚上，3家A股公司被证监会立案
https://new.qq.com/rain/a/20240809A09GM900

2024-08-11 02:03:59,049 - INFO - EXPIRED
网传俄军收缴手机钉在柱子上，士兵私用手机有多大危害？为何俄军内部屡禁不止？
https://view.inews.qq.com/a/20240809Q06CWZ00

2024-08-11 02:03:59,049 - INFO - EXPIRED
青岛通报小伙地铁被老人殴打：小伙被行拘，老人被采取刑事强制措施
https://new.qq.com/rain/a/20240809A0974Y00

2024-08-11 02:03:59,049 - INFO - EXPIRED
伊朗媒体：伊海军装备新型巡航导弹，具有高爆弹头的效果并无法被探测
https://new.qq.com/rain/a/20240809A07X3D00

2024-08-11 02:03:59,049 - INFO - EXPIRED
拜登“芯片大饼”两周年，巨头建厂投产仍阻力重重
https://new.qq.com/rain/a/20240809A084RW00

2024-08-11 02:03:59,049 - INFO - EXPIRED
女子举报山东聊城一税务干部进款4000万来路不明 当地税务：正在调查
https://new.qq.com/rain/a/20240809A09BI900

2024-08-11 02:03:59,049 - INFO - EXPIRED
622分入读衢州职技学院，浙江省多所职业院校录取分再飙高
https://new.qq.com/rain/a/20240809A09OQF00

2024-08-11 02:03:59,049 - INFO - EXPIRED
华为将发布全球首款三折手机，有必要把尺寸越做越大吗？折叠手机真有市场吗？
https://view.inews.qq.com/a/20240809Q05AMO00

2024-08-11 02:03:59,049 - INFO - EXPIRED
美政客封杀中国无人机遭应急部门用户抵制：美国货甚至飞不到山顶
https://new.qq.com/rain/a/20240809A09FG600

2024-08-11 02:03:59,049 - INFO - EXPIRED
河南两女童光着身子在路边玩耍引全网关心，当地回应：有多项帮扶
https://new.qq.com/rain/a/20240809A09KDD00

2024-08-11 02:03:59,049 - INFO - EXPIRED
小学文化摊主“倾家荡产”260万买保险，女儿称母亲“被吃人血馒头”
https://new.qq.com/rain/a/20240809A08B2U00

2024-08-11 02:03:59,843 - INFO - INVALID
以军空袭加沙学校遭多方谴责，总台报道员探访：校内弥漫着血腥味
https://new.qq.com/rain/a/20240811A00Y5900

2024-08-11 02:03:59,857 - INFO - INVALID
首马完赛！谷爱凌参加奥运大众组马拉松，成绩3小时24分36秒
https://new.qq.com/rain/a/20240811A00RTX00

2024-08-11 02:03:59,862 - INFO - INVALID
1.3亿元厂房被1.8万变卖？债权人气得快晕倒：若成交3000多万债就烂了
https://new.qq.com/rain/a/20240811A011RS00

2024-08-11 02:03:59,933 - INFO - INVALID
广西德天瀑布景区一项目发生故障1死60伤 游客：每人间隔1米坐下，身旁无安全带
https://new.qq.com/rain/a/20240811A00VGH00

2024-08-11 02:04:00,161 - INFO - INVALID
宁德时代成都“办车展”：承诺不造车不卖车 欲借C端战略突围
https://new.qq.com/rain/a/20240811A00VZL00

2024-08-11 02:04:00,169 - INFO - INVALID
罕见的再审：一只流浪猫与24万元赔偿
https://new.qq.com/rain/a/20240811A00B2Y00

2024-08-11 02:04:00,210 - INFO - INVALID
心理战还是顾虑重重？伊朗誓言报复以色列，为何迟迟不见行动
https://new.qq.com/rain/a/20240811A0154500

2024-08-11 02:04:00,235 - INFO - INVALID
胡塞武装宣布组建“新政府”
https://new.qq.com/rain/a/20240811A000IB00

2024-08-11 02:04:00,478 - ERROR - ERROR
巴黎奥运会即将结束，中国队有望最终超越美国，问鼎金牌榜吗？
https://view.inews.qq.com/a/20240811Q00YFR00
('list index out of range',)
======
Traceback (most recent call last):
  File "/home/runner/work/qqnews/qqnews/qq.py", line 81, in process_article
    ss = str(tmpbs.select("div.LEFT div.content.clearfix")[0])
             ~~~~~~~~~~~~~~~~~~~~~~~~~~~~~~~~~~~~~~~~~~~~~^^^
IndexError: list index out of range


2024-08-11 03:06:52,413 - INFO - EXPIRED
广东佛山高明有轨电车停运：投入运营不到五年，财政支出近3.5亿
https://new.qq.com/rain/a/20240810A036R000

2024-08-11 03:06:52,413 - INFO - EXPIRED
网友称“青岛地铁小伙遭老人殴打”非因拒让座，系前者先多次辱骂老人
https://new.qq.com/rain/a/20240809A09O8H00

2024-08-11 03:06:52,413 - INFO - EXPIRED
5万人涌入？富士康在河南大量招工，中介：报名面试90%都可以过
https://new.qq.com/rain/a/20240810A0557V00

2024-08-11 03:06:52,413 - INFO - EXPIRED
中国跳水队首次实现包揽奥运8金壮举，这有多难？哪些单项还相对薄弱？
https://view.inews.qq.com/a/20240810Q08BTA00

2024-08-11 03:06:52,413 - INFO - EXPIRED
央视《对话》深度访谈钟睒睒：理想主义的疯子
https://new.qq.com/rain/a/20240810A087IJ00

2024-08-11 03:06:52,413 - INFO - EXPIRED
20岁女孩租房独住快一年发现是“凶宅”，称有3000元未退或起诉房东
https://new.qq.com/rain/a/20240810A07BD200

2024-08-11 03:06:52,413 - INFO - EXPIRED
6千万粉丝网红“太原老葛”被警方立案侦查，曾卖“复活项链”被打假
https://new.qq.com/rain/a/20240810A07R3300

2024-08-11 03:06:52,413 - INFO - EXPIRED
致1死60伤的广西景区将闭园！亲历游客：腰椎骨折了不能动
https://new.qq.com/rain/a/20240810A0897K00

2024-08-11 03:06:52,413 - INFO - EXPIRED
储户1.5万工资被平台“莫名其妙”划扣？银行解释：系统一键绑定
https://new.qq.com/rain/a/20240809A06JTC00

2024-08-11 03:06:52,413 - INFO - EXPIRED
​英国发生大规模骚乱，马斯克拱火：英国内战不可避免
https://new.qq.com/rain/a/20240810A06KJU00

2024-08-11 03:06:52,413 - INFO - EXPIRED
争议连环爆，柯文哲将陷全面危机
https://new.qq.com/rain/a/20240810A07INL00

2024-08-11 03:06:52,413 - INFO - EXPIRED
多地披露殡葬领域腐败案件
https://new.qq.com/rain/a/20240810A04VSD00

2024-08-11 03:06:52,413 - INFO - EXPIRED
多地楼市“限价”退出市场，购房者投诉降价没用了
https://new.qq.com/rain/a/20240810A079RK00

2024-08-11 03:06:52,413 - INFO - EXPIRED
“传送带突然断裂很多人压在一起！”伤者讲述广西一景区1死60伤事故
https://new.qq.com/rain/a/20240810A085HF00

2024-08-11 03:06:52,413 - INFO - EXPIRED
烧烤店4男2女发生冲突，两女子用酒瓶互殴？7人为赚流量编造剧本约架
https://new.qq.com/rain/a/20240810A03MV000

2024-08-11 03:06:52,413 - INFO - EXPIRED
有样学样？初二男生一天给主播打赏5万，他爸爸玩直播4年花100万
https://new.qq.com/rain/a/20240810A03K7P00

2024-08-11 03:06:52,414 - INFO - EXPIRED
追讨父亲的198万死亡赔偿金：大伯代管近8年后，法院判其归还剩余79.4万
https://new.qq.com/rain/a/20240810A0717H00

2024-08-11 03:06:52,414 - INFO - EXPIRED
菲律宾空军战机非法闯入南海黄岩岛空域 南部战区依法警告驱离
https://new.qq.com/rain/a/20240810A077OR00

2024-08-11 03:06:52,414 - INFO - EXPIRED
奥运冠军杨威回应网友让其去考裁判证：生活就像比赛，有时未必如愿
https://new.qq.com/rain/a/20240810A05F5500

2024-08-11 03:06:52,414 - INFO - EXPIRED
女子举报税务干部一家四千万来路不明，当地税务局通报
https://new.qq.com/rain/a/20240810A06MVH00

2024-08-11 03:06:52,414 - INFO - EXPIRED
一群中国普通人，跑进巴黎奥运会
https://new.qq.com/rain/a/20240810A073FF00

2024-08-11 03:06:52,414 - INFO - EXPIRED
广西一景区“魔毯”项目故障致1死60伤 目击者：设备不停转卡住很多人
https://new.qq.com/rain/a/20240810A07O9800

2024-08-11 03:06:52,414 - INFO - EXPIRED
35岁的马龙宣布告别奥运，但表示不适合当教练，球打得这么好怎么不适合？
https://view.inews.qq.com/a/20240810Q06XFM00

2024-08-11 03:06:52,414 - INFO - EXPIRED
资生堂上半年净利润跌99.9%！公司称“核污水致中国消费者购买意愿下降”
https://new.qq.com/rain/a/20240810A03T9U00

2024-08-11 03:06:52,414 - INFO - EXPIRED
俄指挥官称北约雇佣兵攻入俄本土，北约要和俄罗斯直接对抗了吗？
https://view.inews.qq.com/a/20240810Q04BV800

2024-08-11 03:06:52,414 - INFO - EXPIRED
将油罐车改装为“移动加油站”，一私售柴油团伙被警方查获
https://new.qq.com/rain/a/20240810A03BSP00

2024-08-11 03:06:52,414 - INFO - EXPIRED
得知室友有猝死风险 朋友退租搬家 家人失联 上海一房东网络发帖求助
https://new.qq.com/rain/a/20240810A04OUB00

2024-08-11 03:06:52,414 - INFO - EXPIRED
由于地表各地区重力加速度不尽相同，奥运举重世界纪录会考虑这个因素吗？
https://view.inews.qq.com/a/20240809Q0A6ZB00

2024-08-11 03:06:52,414 - INFO - EXPIRED
“阳了”的人又多了？张文宏发声：新冠已呈“阶段性波动”
https://new.qq.com/rain/a/20240810A03JNM00

2024-08-11 03:06:52,414 - INFO - EXPIRED
出国务工赚高薪？境外不是你梦想的天堂，小伙被抓后说外面哪有祖国好
https://new.qq.com/rain/a/20240809V03PLK00

2024-08-11 03:06:52,414 - INFO - EXPIRED
房贷返点，隐秘流行
https://new.qq.com/rain/a/20240810A06L1I00

2024-08-11 03:06:52,414 - INFO - EXPIRED
全球市场两大悬念待解：美国经济衰退会否出现？美股是否已见底？
https://new.qq.com/rain/a/20240810A04K4700

2024-08-11 03:06:52,414 - INFO - EXPIRED
疆煤崛起，中国能源版图重心悄然西移
https://new.qq.com/rain/a/20240810A028PX00

2024-08-11 03:06:52,414 - INFO - EXPIRED
巴黎奥运局外局：中国制造外贸“爆单”
https://new.qq.com/rain/a/20240810A00IZ900

2024-08-11 03:06:52,414 - INFO - EXPIRED
“最帅少林武僧”车祸去世：爱唱歌弹吉他，怕坐过山车，因惜命拒探险
https://new.qq.com/rain/a/20240810A01LIF00

2024-08-11 03:06:52,414 - INFO - EXPIRED
报复以色列，伊朗说“不急”
https://new.qq.com/rain/a/20240810A04WTF00

2024-08-11 03:06:52,414 - INFO - EXPIRED
乌苏里江将全线超过保证水位，且超保幅度和时长均将创纪录
https://new.qq.com/rain/a/20240810A02DN300

2024-08-11 03:06:52,414 - INFO - EXPIRED
北京雨后天空现彩虹，网友：这是七夕的彩色“鹊桥”
https://new.qq.com/rain/a/20240810V06GL300

2024-08-11 03:06:52,414 - INFO - EXPIRED
中国乒乓球男团成功卫冕，16年来奥运金牌未丢过，其他代表团还能赶上吗？
https://view.inews.qq.com/a/20240810Q00FXC00

2024-08-11 03:06:52,414 - INFO - EXPIRED
熬夜等人兑奖未果，湖北500万大奖成弃奖，代销点：太可惜了
https://new.qq.com/rain/a/20240810A05DN100

2024-08-11 03:06:52,414 - INFO - EXPIRED
一网友自称企业老板高调炫富、“受多位官员关照”，山东警方：行拘
https://new.qq.com/rain/a/20240810A04W0F00

2024-08-11 03:06:52,414 - INFO - EXPIRED
你有暗恋对象吗？你会跟暗恋多年的人表白吗？
https://view.inews.qq.com/a/20240807Q0637800

2024-08-11 03:06:52,414 - INFO - EXPIRED
35岁马龙微笑宣布告别奥运赛场：退役还要再想想，我不适合当教练
https://new.qq.com/rain/a/20240810A0324C00

2024-08-11 03:06:52,414 - INFO - EXPIRED
2000个中国工人，对抗80万印度钻石工匠
https://new.qq.com/rain/a/20240810A011PK00

2024-08-11 03:06:52,414 - INFO - EXPIRED
“小心政变！”塞尔维亚总统武契奇：俄方发来重要信息
https://new.qq.com/rain/a/20240810A03AK600

2024-08-11 03:06:52,414 - INFO - EXPIRED
宣称“江小白的白酒不是白酒”，东方甄选主播道歉，江小白：不接受
https://new.qq.com/rain/a/20240810A0419000

2024-08-11 03:06:52,414 - INFO - EXPIRED
全球市场巨震余波：史诗级“情绪风暴”向何处去
https://new.qq.com/rain/a/20240810A028RH00

2024-08-11 03:06:52,414 - INFO - EXPIRED
福建农林大学再现多朵双色荷花，专家：不能说明出现稳定遗传
https://new.qq.com/rain/a/20240810A03E0A00

2024-08-11 03:06:52,414 - INFO - EXPIRED
天津白蛇谷自然风景区突发山体塌方？官方：没有人员伤亡，正清理路面
https://new.qq.com/rain/a/20240810A03WP800

2024-08-11 03:06:52,414 - INFO - EXPIRED
乌克兰方面称击毁一艘俄军巡逻艇，另有三艘俄方船只受损，俄方未回应
https://new.qq.com/rain/a/20240810A04RSF00

2024-08-11 03:06:52,414 - INFO - EXPIRED
陈道明片场即兴发挥演技封神，陈思诚：老郑就是为他量身定做
https://new.qq.com/rain/a/20240810V04DI600

2024-08-11 03:06:52,414 - INFO - EXPIRED
兄弟因偷开心果被判无期，喊冤20多年称在狱中遇真凶，最高法驳回申诉
https://new.qq.com/rain/a/20240809A09L8N00

2024-08-11 03:06:52,414 - INFO - EXPIRED
山东两蒙面男子凌晨用卡片试探开锁，警方再通报：两人在北京被抓获 
https://new.qq.com/rain/a/20240810A03IIN00

2024-08-11 03:06:52,414 - INFO - EXPIRED
注意！未来三天可能发生小到中等地磁暴
https://new.qq.com/rain/a/20240810A043Z000

2024-08-11 03:06:52,414 - INFO - EXPIRED
北京长安街五星级酒店被出售，文旅热此起彼伏，酒店缘何成为资产甩卖重灾区？
https://new.qq.com/rain/a/20240810A013XF00

2024-08-11 03:06:52,414 - INFO - EXPIRED
一线｜Youtube前首席执行官Susan Wojcicki因癌症去世
https://new.qq.com/rain/a/20240810A046LB00

2024-08-11 03:06:52,414 - INFO - EXPIRED
特朗普称周一将接受马斯克采访，会聊什么？马斯克在为特朗普竞选造势吗？
https://view.inews.qq.com/a/20240809Q05JZ500

2024-08-11 03:06:52,414 - INFO - EXPIRED
以军袭击加沙城学校，已致超100人死亡
https://new.qq.com/rain/a/20240810A03LD100

2024-08-11 03:06:52,414 - INFO - EXPIRED
蹭学位？老人被曝户口名下凭空多出8个外地未成年“子女”，官方回应
https://new.qq.com/rain/a/20240809A04VWZ00

2024-08-11 03:06:52,414 - INFO - EXPIRED
史上首次“巨大地震”预警后，岸田文雄“罕见”取消中亚行程
https://new.qq.com/rain/a/20240810A03BEL00

2024-08-11 03:06:52,414 - INFO - EXPIRED
7旬老人再婚不到一年，账户基金被继子卖光转走 法院：继子无权占有
https://new.qq.com/rain/a/20240810A03N5R00

2024-08-11 03:06:52,414 - INFO - EXPIRED
90后小伙高速桥营救被困货车司机时不幸坠桥身亡，四川高速交警介入
https://new.qq.com/rain/a/20240809A09L9100

2024-08-11 03:06:52,414 - INFO - EXPIRED
千万网红被质疑收数百万后刷单卖货？本人回应：自己也是受害者，准备起诉
https://new.qq.com/rain/a/20240810A02KK700

2024-08-11 03:06:52,414 - INFO - EXPIRED
央行：存贷款利率已基本实现市场化定价 研究适度收窄利率走廊宽度
https://new.qq.com/rain/a/20240810A02VAH00

2024-08-11 03:06:52,414 - INFO - EXPIRED
鄂霍次克海发生6.5级地震，震源深度410公里
https://new.qq.com/rain/a/20240810A036J800

2024-08-11 03:06:52,414 - INFO - EXPIRED
浙江宁波舟山港集装箱燃爆，影响有多大？多方回应
https://new.qq.com/rain/a/20240810A00ZIQ00

2024-08-11 03:06:52,414 - INFO - EXPIRED
詹某某涉诈骗案开庭：被控诈骗和行贿，涉诈金额13.9亿 庭审中其称行贿是“被诈骗”
https://new.qq.com/rain/a/20240810A00NXD00

2024-08-11 03:06:52,414 - INFO - EXPIRED
我驻美大使谢锋接受NBC采访：希望大家像关心大熊猫一样关心中美关系
https://new.qq.com/rain/a/20240810A02OTY00

2024-08-11 03:06:52,414 - INFO - EXPIRED
独家揭秘美国滥用兴奋剂全产业链
https://new.qq.com/rain/a/20240810A003EJ00

2024-08-11 03:06:52,414 - INFO - EXPIRED
马龙成为中国首个奥运六金王，如何评价他的历史地位？培养下一个马龙要等多少年？
https://view.inews.qq.com/a/20240810Q00CX600

2024-08-11 03:06:52,414 - INFO - EXPIRED
美股抹去本周大部分跌幅：中概全周涨3.6%领跑，美债收益率大涨两位数
https://new.qq.com/rain/a/20240810A010FF00

2024-08-11 03:06:52,414 - INFO - EXPIRED
乌方称顿涅茨克一超市和邮局遭炮击：已致14死43伤 碎片满地尘烟四起
https://new.qq.com/rain/a/20240810V01RAD00

2024-08-11 03:06:52,414 - INFO - EXPIRED
因空域限制，英国航空将暂停北京航线
https://new.qq.com/rain/a/20240809A05V8K00

2024-08-11 03:06:52,415 - INFO - EXPIRED
虚惊一场！特朗普所乘飞机遭遇机械故障 改道后已安全降落
https://new.qq.com/rain/a/20240810A00ZFK00

2024-08-11 03:06:52,415 - INFO - EXPIRED
胡先煦冯绍峰大决战！金龟子演大反派压轴登场压迫力巨大
https://new.qq.com/rain/a/20240809V05Y9300

2024-08-11 03:06:52,415 - INFO - EXPIRED
电诈团伙现场被抓后仍在狡辩，警察训斥：你当我3岁吗
https://new.qq.com/rain/a/20240809V03NQ500

2024-08-11 03:06:52,415 - INFO - EXPIRED
恒大债务重组停滞近一年，公告尚未觅得合适的方案
https://new.qq.com/rain/a/20240810A016J900

2024-08-11 03:06:52,415 - INFO - EXPIRED
美官员：伊朗若对以色列实施打击将面临严重后果
https://new.qq.com/rain/a/20240810A010A700

2024-08-11 03:06:52,415 - INFO - EXPIRED
传湖南9家北京现代经销商联名要求暂停提车，经销商：已有律师在跟进
https://new.qq.com/rain/a/20240809A09PAU00

2024-08-11 03:06:52,415 - INFO - EXPIRED
中国队第33金！女子拳击再夺奥运冠军，吴愉决赛4-1胜土耳其名将
https://new.qq.com/rain/a/20240810A00K0400

2024-08-11 03:06:52,415 - INFO - EXPIRED
智利一小型飞机坠毁 机上7人全部遇难
https://new.qq.com/rain/a/20240810A00MX600

2024-08-11 03:06:52,415 - INFO - EXPIRED
伊朗要放弃报复以色列，换取加沙停火？
https://new.qq.com/rain/a/20240809A096MC00

2024-08-11 03:06:52,415 - INFO - EXPIRED
什么情况？一晚上，3家A股公司被证监会立案
https://new.qq.com/rain/a/20240809A09GM900

2024-08-11 03:06:52,415 - INFO - EXPIRED
网传俄军收缴手机钉在柱子上，士兵私用手机有多大危害？为何俄军内部屡禁不止？
https://view.inews.qq.com/a/20240809Q06CWZ00

2024-08-11 03:06:52,415 - INFO - EXPIRED
青岛通报小伙地铁被老人殴打：小伙被行拘，老人被采取刑事强制措施
https://new.qq.com/rain/a/20240809A0974Y00

2024-08-11 03:06:52,415 - INFO - EXPIRED
伊朗媒体：伊海军装备新型巡航导弹，具有高爆弹头的效果并无法被探测
https://new.qq.com/rain/a/20240809A07X3D00

2024-08-11 03:06:52,415 - INFO - EXPIRED
拜登“芯片大饼”两周年，巨头建厂投产仍阻力重重
https://new.qq.com/rain/a/20240809A084RW00

2024-08-11 03:06:53,125 - ERROR - ERROR
解放军公布055发射鹰击-21画面 台退将：航母最多中两发就被击沉
https://new.qq.com/rain/a/20240811V020VR00
('list index out of range',)
======
Traceback (most recent call last):
  File "/home/runner/work/qqnews/qqnews/qq.py", line 81, in process_article
    ss = str(tmpbs.select("div.LEFT div.content.clearfix")[0])
             ~~~~~~~~~~~~~~~~~~~~~~~~~~~~~~~~~~~~~~~~~~~~~^^^
IndexError: list index out of range


2024-08-11 03:06:53,143 - INFO - INVALID
1.3亿元厂房被1.8万变卖？债权人气得快晕倒：若成交3000多万债就烂了
https://new.qq.com/rain/a/20240811A011RS00

2024-08-11 03:06:53,148 - INFO - INVALID
50岁后还能健康工作多少年？中国这项研究给出答案
https://new.qq.com/rain/a/20240811A01WU500

2024-08-11 03:06:53,301 - INFO - SUCCESS
1对1 _ 矛盾的倪夏莲
https://new.qq.com/rain/a/20240811A01UKV00

2024-08-11 03:06:53,404 - INFO - INVALID
广西德天瀑布景区一项目发生故障1死60伤 游客：每人间隔1米坐下，身旁无安全带
https://new.qq.com/rain/a/20240811A00VGH00

2024-08-11 03:06:53,420 - INFO - INVALID
严查党员干部违规兼职！中国纪检监察报曝光案例
https://new.qq.com/rain/a/20240811A01GAO00

2024-08-11 03:06:53,426 - ERROR - ERROR
巴黎奥运会即将结束，中国队有望最终超越美国，问鼎金牌榜吗？
https://view.inews.qq.com/a/20240811Q00YFR00
('list index out of range',)
======
Traceback (most recent call last):
  File "/home/runner/work/qqnews/qqnews/qq.py", line 81, in process_article
    ss = str(tmpbs.select("div.LEFT div.content.clearfix")[0])
             ~~~~~~~~~~~~~~~~~~~~~~~~~~~~~~~~~~~~~~~~~~~~~^^^
IndexError: list index out of range


2024-08-11 03:06:53,490 - INFO - INVALID
首马完赛！谷爱凌参加奥运大众组马拉松，成绩3小时24分36秒
https://new.qq.com/rain/a/20240811A00RTX00

2024-08-11 03:06:53,587 - INFO - INVALID
以军空袭加沙学校遭多方谴责，总台报道员探访：校内弥漫着血腥味
https://new.qq.com/rain/a/20240811A00Y5900

2024-08-11 03:06:53,703 - INFO - INVALID
心理战还是顾虑重重？伊朗誓言报复以色列，为何迟迟不见行动
https://new.qq.com/rain/a/20240811A0154500

2024-08-11 03:06:53,710 - INFO - INVALID
罕见的再审：一只流浪猫与24万元赔偿
https://new.qq.com/rain/a/20240811A00B2Y00

2024-08-11 03:06:53,764 - INFO - INVALID
胡塞武装宣布组建“新政府”
https://new.qq.com/rain/a/20240811A000IB00

2024-08-11 03:06:53,790 - INFO - INVALID
宁德时代成都“办车展”：承诺不造车不卖车 欲借C端战略突围
https://new.qq.com/rain/a/20240811A00VZL00

2024-08-11 04:08:24,307 - INFO - EXPIRED
广东佛山高明有轨电车停运：投入运营不到五年，财政支出近3.5亿
https://new.qq.com/rain/a/20240810A036R000

2024-08-11 04:08:24,308 - INFO - EXPIRED
网友称“青岛地铁小伙遭老人殴打”非因拒让座，系前者先多次辱骂老人
https://new.qq.com/rain/a/20240809A09O8H00

2024-08-11 04:08:24,308 - INFO - EXPIRED
5万人涌入？富士康在河南大量招工，中介：报名面试90%都可以过
https://new.qq.com/rain/a/20240810A0557V00

2024-08-11 04:08:24,308 - INFO - EXPIRED
中国跳水队首次实现包揽奥运8金壮举，这有多难？哪些单项还相对薄弱？
https://view.inews.qq.com/a/20240810Q08BTA00

2024-08-11 04:08:24,308 - INFO - EXPIRED
央视《对话》深度访谈钟睒睒：理想主义的疯子
https://new.qq.com/rain/a/20240810A087IJ00

2024-08-11 04:08:24,308 - INFO - EXPIRED
20岁女孩租房独住快一年发现是“凶宅”，称有3000元未退或起诉房东
https://new.qq.com/rain/a/20240810A07BD200

2024-08-11 04:08:24,308 - INFO - EXPIRED
6千万粉丝网红“太原老葛”被警方立案侦查，曾卖“复活项链”被打假
https://new.qq.com/rain/a/20240810A07R3300

2024-08-11 04:08:24,308 - INFO - EXPIRED
致1死60伤的广西景区将闭园！亲历游客：腰椎骨折了不能动
https://new.qq.com/rain/a/20240810A0897K00

2024-08-11 04:08:24,308 - INFO - EXPIRED
储户1.5万工资被平台“莫名其妙”划扣？银行解释：系统一键绑定
https://new.qq.com/rain/a/20240809A06JTC00

2024-08-11 04:08:24,308 - INFO - EXPIRED
​英国发生大规模骚乱，马斯克拱火：英国内战不可避免
https://new.qq.com/rain/a/20240810A06KJU00

2024-08-11 04:08:24,308 - INFO - EXPIRED
争议连环爆，柯文哲将陷全面危机
https://new.qq.com/rain/a/20240810A07INL00

2024-08-11 04:08:24,308 - INFO - EXPIRED
多地披露殡葬领域腐败案件
https://new.qq.com/rain/a/20240810A04VSD00

2024-08-11 04:08:24,308 - INFO - EXPIRED
多地楼市“限价”退出市场，购房者投诉降价没用了
https://new.qq.com/rain/a/20240810A079RK00

2024-08-11 04:08:24,308 - INFO - EXPIRED
“传送带突然断裂很多人压在一起！”伤者讲述广西一景区1死60伤事故
https://new.qq.com/rain/a/20240810A085HF00

2024-08-11 04:08:24,308 - INFO - EXPIRED
烧烤店4男2女发生冲突，两女子用酒瓶互殴？7人为赚流量编造剧本约架
https://new.qq.com/rain/a/20240810A03MV000

2024-08-11 04:08:24,308 - INFO - EXPIRED
有样学样？初二男生一天给主播打赏5万，他爸爸玩直播4年花100万
https://new.qq.com/rain/a/20240810A03K7P00

2024-08-11 04:08:24,308 - INFO - EXPIRED
追讨父亲的198万死亡赔偿金：大伯代管近8年后，法院判其归还剩余79.4万
https://new.qq.com/rain/a/20240810A0717H00

2024-08-11 04:08:24,308 - INFO - EXPIRED
菲律宾空军战机非法闯入南海黄岩岛空域 南部战区依法警告驱离
https://new.qq.com/rain/a/20240810A077OR00

2024-08-11 04:08:24,308 - INFO - EXPIRED
奥运冠军杨威回应网友让其去考裁判证：生活就像比赛，有时未必如愿
https://new.qq.com/rain/a/20240810A05F5500

2024-08-11 04:08:24,308 - INFO - EXPIRED
女子举报税务干部一家四千万来路不明，当地税务局通报
https://new.qq.com/rain/a/20240810A06MVH00

2024-08-11 04:08:24,308 - INFO - EXPIRED
一群中国普通人，跑进巴黎奥运会
https://new.qq.com/rain/a/20240810A073FF00

2024-08-11 04:08:24,308 - INFO - EXPIRED
广西一景区“魔毯”项目故障致1死60伤 目击者：设备不停转卡住很多人
https://new.qq.com/rain/a/20240810A07O9800

2024-08-11 04:08:24,308 - INFO - EXPIRED
35岁的马龙宣布告别奥运，但表示不适合当教练，球打得这么好怎么不适合？
https://view.inews.qq.com/a/20240810Q06XFM00

2024-08-11 04:08:24,308 - INFO - EXPIRED
资生堂上半年净利润跌99.9%！公司称“核污水致中国消费者购买意愿下降”
https://new.qq.com/rain/a/20240810A03T9U00

2024-08-11 04:08:24,308 - INFO - EXPIRED
俄指挥官称北约雇佣兵攻入俄本土，北约要和俄罗斯直接对抗了吗？
https://view.inews.qq.com/a/20240810Q04BV800

2024-08-11 04:08:24,308 - INFO - EXPIRED
将油罐车改装为“移动加油站”，一私售柴油团伙被警方查获
https://new.qq.com/rain/a/20240810A03BSP00

2024-08-11 04:08:24,308 - INFO - EXPIRED
得知室友有猝死风险 朋友退租搬家 家人失联 上海一房东网络发帖求助
https://new.qq.com/rain/a/20240810A04OUB00

2024-08-11 04:08:24,308 - INFO - EXPIRED
由于地表各地区重力加速度不尽相同，奥运举重世界纪录会考虑这个因素吗？
https://view.inews.qq.com/a/20240809Q0A6ZB00

2024-08-11 04:08:24,308 - INFO - EXPIRED
“阳了”的人又多了？张文宏发声：新冠已呈“阶段性波动”
https://new.qq.com/rain/a/20240810A03JNM00

2024-08-11 04:08:24,308 - INFO - EXPIRED
出国务工赚高薪？境外不是你梦想的天堂，小伙被抓后说外面哪有祖国好
https://new.qq.com/rain/a/20240809V03PLK00

2024-08-11 04:08:24,308 - INFO - EXPIRED
房贷返点，隐秘流行
https://new.qq.com/rain/a/20240810A06L1I00

2024-08-11 04:08:24,308 - INFO - EXPIRED
全球市场两大悬念待解：美国经济衰退会否出现？美股是否已见底？
https://new.qq.com/rain/a/20240810A04K4700

2024-08-11 04:08:24,308 - INFO - EXPIRED
疆煤崛起，中国能源版图重心悄然西移
https://new.qq.com/rain/a/20240810A028PX00

2024-08-11 04:08:24,308 - INFO - EXPIRED
巴黎奥运局外局：中国制造外贸“爆单”
https://new.qq.com/rain/a/20240810A00IZ900

2024-08-11 04:08:24,308 - INFO - EXPIRED
“最帅少林武僧”车祸去世：爱唱歌弹吉他，怕坐过山车，因惜命拒探险
https://new.qq.com/rain/a/20240810A01LIF00

2024-08-11 04:08:24,308 - INFO - EXPIRED
报复以色列，伊朗说“不急”
https://new.qq.com/rain/a/20240810A04WTF00

2024-08-11 04:08:24,308 - INFO - EXPIRED
乌苏里江将全线超过保证水位，且超保幅度和时长均将创纪录
https://new.qq.com/rain/a/20240810A02DN300

2024-08-11 04:08:24,308 - INFO - EXPIRED
北京雨后天空现彩虹，网友：这是七夕的彩色“鹊桥”
https://new.qq.com/rain/a/20240810V06GL300

2024-08-11 04:08:24,308 - INFO - EXPIRED
中国乒乓球男团成功卫冕，16年来奥运金牌未丢过，其他代表团还能赶上吗？
https://view.inews.qq.com/a/20240810Q00FXC00

2024-08-11 04:08:24,308 - INFO - EXPIRED
熬夜等人兑奖未果，湖北500万大奖成弃奖，代销点：太可惜了
https://new.qq.com/rain/a/20240810A05DN100

2024-08-11 04:08:24,308 - INFO - EXPIRED
一网友自称企业老板高调炫富、“受多位官员关照”，山东警方：行拘
https://new.qq.com/rain/a/20240810A04W0F00

2024-08-11 04:08:24,308 - INFO - EXPIRED
你有暗恋对象吗？你会跟暗恋多年的人表白吗？
https://view.inews.qq.com/a/20240807Q0637800

2024-08-11 04:08:24,308 - INFO - EXPIRED
35岁马龙微笑宣布告别奥运赛场：退役还要再想想，我不适合当教练
https://new.qq.com/rain/a/20240810A0324C00

2024-08-11 04:08:24,308 - INFO - EXPIRED
2000个中国工人，对抗80万印度钻石工匠
https://new.qq.com/rain/a/20240810A011PK00

2024-08-11 04:08:24,308 - INFO - EXPIRED
“小心政变！”塞尔维亚总统武契奇：俄方发来重要信息
https://new.qq.com/rain/a/20240810A03AK600

2024-08-11 04:08:24,308 - INFO - EXPIRED
宣称“江小白的白酒不是白酒”，东方甄选主播道歉，江小白：不接受
https://new.qq.com/rain/a/20240810A0419000

2024-08-11 04:08:24,308 - INFO - EXPIRED
全球市场巨震余波：史诗级“情绪风暴”向何处去
https://new.qq.com/rain/a/20240810A028RH00

2024-08-11 04:08:24,309 - INFO - EXPIRED
福建农林大学再现多朵双色荷花，专家：不能说明出现稳定遗传
https://new.qq.com/rain/a/20240810A03E0A00

2024-08-11 04:08:24,309 - INFO - EXPIRED
天津白蛇谷自然风景区突发山体塌方？官方：没有人员伤亡，正清理路面
https://new.qq.com/rain/a/20240810A03WP800

2024-08-11 04:08:24,309 - INFO - EXPIRED
乌克兰方面称击毁一艘俄军巡逻艇，另有三艘俄方船只受损，俄方未回应
https://new.qq.com/rain/a/20240810A04RSF00

2024-08-11 04:08:24,309 - INFO - EXPIRED
陈道明片场即兴发挥演技封神，陈思诚：老郑就是为他量身定做
https://new.qq.com/rain/a/20240810V04DI600

2024-08-11 04:08:24,309 - INFO - EXPIRED
兄弟因偷开心果被判无期，喊冤20多年称在狱中遇真凶，最高法驳回申诉
https://new.qq.com/rain/a/20240809A09L8N00

2024-08-11 04:08:24,309 - INFO - EXPIRED
山东两蒙面男子凌晨用卡片试探开锁，警方再通报：两人在北京被抓获 
https://new.qq.com/rain/a/20240810A03IIN00

2024-08-11 04:08:24,309 - INFO - EXPIRED
注意！未来三天可能发生小到中等地磁暴
https://new.qq.com/rain/a/20240810A043Z000

2024-08-11 04:08:24,309 - INFO - EXPIRED
北京长安街五星级酒店被出售，文旅热此起彼伏，酒店缘何成为资产甩卖重灾区？
https://new.qq.com/rain/a/20240810A013XF00

2024-08-11 04:08:24,309 - INFO - EXPIRED
一线｜Youtube前首席执行官Susan Wojcicki因癌症去世
https://new.qq.com/rain/a/20240810A046LB00

2024-08-11 04:08:24,309 - INFO - EXPIRED
特朗普称周一将接受马斯克采访，会聊什么？马斯克在为特朗普竞选造势吗？
https://view.inews.qq.com/a/20240809Q05JZ500

2024-08-11 04:08:24,309 - INFO - EXPIRED
以军袭击加沙城学校，已致超100人死亡
https://new.qq.com/rain/a/20240810A03LD100

2024-08-11 04:08:24,309 - INFO - EXPIRED
蹭学位？老人被曝户口名下凭空多出8个外地未成年“子女”，官方回应
https://new.qq.com/rain/a/20240809A04VWZ00

2024-08-11 04:08:24,309 - INFO - EXPIRED
史上首次“巨大地震”预警后，岸田文雄“罕见”取消中亚行程
https://new.qq.com/rain/a/20240810A03BEL00

2024-08-11 04:08:24,309 - INFO - EXPIRED
7旬老人再婚不到一年，账户基金被继子卖光转走 法院：继子无权占有
https://new.qq.com/rain/a/20240810A03N5R00

2024-08-11 04:08:24,309 - INFO - EXPIRED
90后小伙高速桥营救被困货车司机时不幸坠桥身亡，四川高速交警介入
https://new.qq.com/rain/a/20240809A09L9100

2024-08-11 04:08:24,309 - INFO - EXPIRED
千万网红被质疑收数百万后刷单卖货？本人回应：自己也是受害者，准备起诉
https://new.qq.com/rain/a/20240810A02KK700

2024-08-11 04:08:24,309 - INFO - EXPIRED
央行：存贷款利率已基本实现市场化定价 研究适度收窄利率走廊宽度
https://new.qq.com/rain/a/20240810A02VAH00

2024-08-11 04:08:24,309 - INFO - EXPIRED
鄂霍次克海发生6.5级地震，震源深度410公里
https://new.qq.com/rain/a/20240810A036J800

2024-08-11 04:08:24,309 - INFO - EXPIRED
浙江宁波舟山港集装箱燃爆，影响有多大？多方回应
https://new.qq.com/rain/a/20240810A00ZIQ00

2024-08-11 04:08:24,309 - INFO - EXPIRED
詹某某涉诈骗案开庭：被控诈骗和行贿，涉诈金额13.9亿 庭审中其称行贿是“被诈骗”
https://new.qq.com/rain/a/20240810A00NXD00

2024-08-11 04:08:24,309 - INFO - EXPIRED
我驻美大使谢锋接受NBC采访：希望大家像关心大熊猫一样关心中美关系
https://new.qq.com/rain/a/20240810A02OTY00

2024-08-11 04:08:24,309 - INFO - EXPIRED
独家揭秘美国滥用兴奋剂全产业链
https://new.qq.com/rain/a/20240810A003EJ00

2024-08-11 04:08:24,309 - INFO - EXPIRED
马龙成为中国首个奥运六金王，如何评价他的历史地位？培养下一个马龙要等多少年？
https://view.inews.qq.com/a/20240810Q00CX600

2024-08-11 04:08:24,309 - INFO - EXPIRED
美股抹去本周大部分跌幅：中概全周涨3.6%领跑，美债收益率大涨两位数
https://new.qq.com/rain/a/20240810A010FF00

2024-08-11 04:08:24,309 - INFO - EXPIRED
乌方称顿涅茨克一超市和邮局遭炮击：已致14死43伤 碎片满地尘烟四起
https://new.qq.com/rain/a/20240810V01RAD00

2024-08-11 04:08:24,309 - INFO - EXPIRED
因空域限制，英国航空将暂停北京航线
https://new.qq.com/rain/a/20240809A05V8K00

2024-08-11 04:08:24,309 - INFO - EXPIRED
虚惊一场！特朗普所乘飞机遭遇机械故障 改道后已安全降落
https://new.qq.com/rain/a/20240810A00ZFK00

2024-08-11 04:08:24,309 - INFO - EXPIRED
胡先煦冯绍峰大决战！金龟子演大反派压轴登场压迫力巨大
https://new.qq.com/rain/a/20240809V05Y9300

2024-08-11 04:08:24,309 - INFO - EXPIRED
电诈团伙现场被抓后仍在狡辩，警察训斥：你当我3岁吗
https://new.qq.com/rain/a/20240809V03NQ500

2024-08-11 04:08:24,309 - INFO - EXPIRED
恒大债务重组停滞近一年，公告尚未觅得合适的方案
https://new.qq.com/rain/a/20240810A016J900

2024-08-11 04:08:24,309 - INFO - EXPIRED
美官员：伊朗若对以色列实施打击将面临严重后果
https://new.qq.com/rain/a/20240810A010A700

2024-08-11 04:08:24,309 - INFO - EXPIRED
传湖南9家北京现代经销商联名要求暂停提车，经销商：已有律师在跟进
https://new.qq.com/rain/a/20240809A09PAU00

2024-08-11 04:08:24,309 - INFO - EXPIRED
中国队第33金！女子拳击再夺奥运冠军，吴愉决赛4-1胜土耳其名将
https://new.qq.com/rain/a/20240810A00K0400

2024-08-11 04:08:24,309 - INFO - EXPIRED
智利一小型飞机坠毁 机上7人全部遇难
https://new.qq.com/rain/a/20240810A00MX600

2024-08-11 04:08:24,309 - INFO - EXPIRED
伊朗要放弃报复以色列，换取加沙停火？
https://new.qq.com/rain/a/20240809A096MC00

2024-08-11 04:08:24,309 - INFO - EXPIRED
什么情况？一晚上，3家A股公司被证监会立案
https://new.qq.com/rain/a/20240809A09GM900

2024-08-11 04:08:24,309 - INFO - EXPIRED
网传俄军收缴手机钉在柱子上，士兵私用手机有多大危害？为何俄军内部屡禁不止？
https://view.inews.qq.com/a/20240809Q06CWZ00

2024-08-11 04:08:25,038 - INFO - EXIST
1对1 _ 矛盾的倪夏莲
https://new.qq.com/rain/a/20240811A01UKV00

2024-08-11 04:08:25,112 - INFO - INVALID
1.3亿元厂房被1.8万变卖？债权人气得快晕倒：若成交3000多万债就烂了
https://new.qq.com/rain/a/20240811A011RS00

2024-08-11 04:08:25,297 - ERROR - ERROR
解放军公布055发射鹰击-21画面 台退将：航母最多中两发就被击沉
https://new.qq.com/rain/a/20240811V020VR00
('list index out of range',)
======
Traceback (most recent call last):
  File "/home/runner/work/qqnews/qqnews/qq.py", line 81, in process_article
    ss = str(tmpbs.select("div.LEFT div.content.clearfix")[0])
             ~~~~~~~~~~~~~~~~~~~~~~~~~~~~~~~~~~~~~~~~~~~~~^^^
IndexError: list index out of range


2024-08-11 04:08:25,336 - ERROR - ERROR
美国男篮夺得奥运五连冠，他们还能统治篮坛多久？未来谁最可能掀翻他们？
https://view.inews.qq.com/a/20240811Q01K5B00
('list index out of range',)
======
Traceback (most recent call last):
  File "/home/runner/work/qqnews/qqnews/qq.py", line 81, in process_article
    ss = str(tmpbs.select("div.LEFT div.content.clearfix")[0])
             ~~~~~~~~~~~~~~~~~~~~~~~~~~~~~~~~~~~~~~~~~~~~~^^^
IndexError: list index out of range


2024-08-11 04:08:25,346 - ERROR - ERROR
巴黎奥运会即将结束，你觉得谁会担任中国代表团闭幕式旗手？为什么是TA？
https://view.inews.qq.com/a/20240811Q02OGG00
('list index out of range',)
======
Traceback (most recent call last):
  File "/home/runner/work/qqnews/qqnews/qq.py", line 81, in process_article
    ss = str(tmpbs.select("div.LEFT div.content.clearfix")[0])
             ~~~~~~~~~~~~~~~~~~~~~~~~~~~~~~~~~~~~~~~~~~~~~^^^
IndexError: list index out of range


2024-08-11 04:08:25,349 - ERROR - ERROR
国乒包揽巴黎奥运5金，回顾本届奥运会有惊无险，未来谁会成为国乒威胁？
https://view.inews.qq.com/a/20240811Q00EED00
('list index out of range',)
======
Traceback (most recent call last):
  File "/home/runner/work/qqnews/qqnews/qq.py", line 81, in process_article
    ss = str(tmpbs.select("div.LEFT div.content.clearfix")[0])
             ~~~~~~~~~~~~~~~~~~~~~~~~~~~~~~~~~~~~~~~~~~~~~^^^
IndexError: list index out of range


2024-08-11 04:08:25,386 - INFO - INVALID
50岁后还能健康工作多少年？中国这项研究给出答案
https://new.qq.com/rain/a/20240811A01WU500

2024-08-11 04:08:25,581 - INFO - INVALID
广西德天瀑布景区一项目发生故障1死60伤 游客：每人间隔1米坐下，身旁无安全带
https://new.qq.com/rain/a/20240811A00VGH00

2024-08-11 04:08:25,639 - INFO - INVALID
严查党员干部违规兼职！中纪委网站曝光案例
https://new.qq.com/rain/a/20240811A01GAO00

2024-08-11 04:08:25,695 - INFO - INVALID
首马完赛！谷爱凌参加奥运大众组马拉松，成绩3小时24分36秒
https://new.qq.com/rain/a/20240811A00RTX00

2024-08-11 04:08:25,751 - INFO - INVALID
以军空袭加沙学校遭多方谴责，总台报道员探访：校内弥漫着血腥味
https://new.qq.com/rain/a/20240811A00Y5900

2024-08-11 04:08:25,881 - INFO - INVALID
心理战还是顾虑重重？伊朗誓言报复以色列，为何迟迟不见行动
https://new.qq.com/rain/a/20240811A0154500

2024-08-11 04:08:25,933 - INFO - INVALID
罕见的再审：一只流浪猫与24万元赔偿
https://new.qq.com/rain/a/20240811A00B2Y00

2024-08-11 04:08:25,982 - ERROR - ERROR
巴黎奥运会即将结束，中国队有望最终超越美国，问鼎金牌榜吗？
https://view.inews.qq.com/a/20240811Q00YFR00
('list index out of range',)
======
Traceback (most recent call last):
  File "/home/runner/work/qqnews/qqnews/qq.py", line 81, in process_article
    ss = str(tmpbs.select("div.LEFT div.content.clearfix")[0])
             ~~~~~~~~~~~~~~~~~~~~~~~~~~~~~~~~~~~~~~~~~~~~~^^^
IndexError: list index out of range


2024-08-11 04:08:25,987 - INFO - INVALID
宁德时代成都“办车展”：承诺不造车不卖车 欲借C端战略突围
https://new.qq.com/rain/a/20240811A00VZL00

2024-08-11 04:08:26,122 - INFO - INVALID
胡塞武装宣布组建“新政府”
https://new.qq.com/rain/a/20240811A000IB00

2024-08-11 05:00:34,825 - INFO - EXPIRED
广东佛山高明有轨电车停运：投入运营不到五年，财政支出近3.5亿
https://new.qq.com/rain/a/20240810A036R000

2024-08-11 05:00:34,826 - INFO - EXPIRED
网友称“青岛地铁小伙遭老人殴打”非因拒让座，系前者先多次辱骂老人
https://new.qq.com/rain/a/20240809A09O8H00

2024-08-11 05:00:34,826 - INFO - EXPIRED
5万人涌入？富士康在河南大量招工，中介：报名面试90%都可以过
https://new.qq.com/rain/a/20240810A0557V00

2024-08-11 05:00:34,826 - INFO - EXPIRED
中国跳水队首次实现包揽奥运8金壮举，这有多难？哪些单项还相对薄弱？
https://view.inews.qq.com/a/20240810Q08BTA00

2024-08-11 05:00:34,826 - INFO - EXPIRED
央视《对话》深度访谈钟睒睒：理想主义的疯子
https://new.qq.com/rain/a/20240810A087IJ00

2024-08-11 05:00:34,826 - INFO - EXPIRED
20岁女孩租房独住快一年发现是“凶宅”，称有3000元未退或起诉房东
https://new.qq.com/rain/a/20240810A07BD200

2024-08-11 05:00:34,826 - INFO - EXPIRED
6千万粉丝网红“太原老葛”被警方立案侦查，曾卖“复活项链”被打假
https://new.qq.com/rain/a/20240810A07R3300

2024-08-11 05:00:34,826 - INFO - EXPIRED
致1死60伤的广西景区将闭园！亲历游客：腰椎骨折了不能动
https://new.qq.com/rain/a/20240810A0897K00

2024-08-11 05:00:34,826 - INFO - EXPIRED
储户1.5万工资被平台“莫名其妙”划扣？银行解释：系统一键绑定
https://new.qq.com/rain/a/20240809A06JTC00

2024-08-11 05:00:34,826 - INFO - EXPIRED
​英国发生大规模骚乱，马斯克拱火：英国内战不可避免
https://new.qq.com/rain/a/20240810A06KJU00

2024-08-11 05:00:34,826 - INFO - EXPIRED
争议连环爆，柯文哲将陷全面危机
https://new.qq.com/rain/a/20240810A07INL00

2024-08-11 05:00:34,826 - INFO - EXPIRED
多地披露殡葬领域腐败案件
https://new.qq.com/rain/a/20240810A04VSD00

2024-08-11 05:00:34,826 - INFO - EXPIRED
多地楼市“限价”退出市场，购房者投诉降价没用了
https://new.qq.com/rain/a/20240810A079RK00

2024-08-11 05:00:34,826 - INFO - EXPIRED
“传送带突然断裂很多人压在一起！”伤者讲述广西一景区1死60伤事故
https://new.qq.com/rain/a/20240810A085HF00

2024-08-11 05:00:34,826 - INFO - EXPIRED
烧烤店4男2女发生冲突，两女子用酒瓶互殴？7人为赚流量编造剧本约架
https://new.qq.com/rain/a/20240810A03MV000

2024-08-11 05:00:34,826 - INFO - EXPIRED
有样学样？初二男生一天给主播打赏5万，他爸爸玩直播4年花100万
https://new.qq.com/rain/a/20240810A03K7P00

2024-08-11 05:00:34,826 - INFO - EXPIRED
追讨父亲的198万死亡赔偿金：大伯代管近8年后，法院判其归还剩余79.4万
https://new.qq.com/rain/a/20240810A0717H00

2024-08-11 05:00:34,826 - INFO - EXPIRED
菲律宾空军战机非法闯入南海黄岩岛空域 南部战区依法警告驱离
https://new.qq.com/rain/a/20240810A077OR00

2024-08-11 05:00:34,826 - INFO - EXPIRED
奥运冠军杨威回应网友让其去考裁判证：生活就像比赛，有时未必如愿
https://new.qq.com/rain/a/20240810A05F5500

2024-08-11 05:00:34,826 - INFO - EXPIRED
女子举报税务干部一家四千万来路不明，当地税务局通报
https://new.qq.com/rain/a/20240810A06MVH00

2024-08-11 05:00:34,826 - INFO - EXPIRED
一群中国普通人，跑进巴黎奥运会
https://new.qq.com/rain/a/20240810A073FF00

2024-08-11 05:00:34,826 - INFO - EXPIRED
广西一景区“魔毯”项目故障致1死60伤 目击者：设备不停转卡住很多人
https://new.qq.com/rain/a/20240810A07O9800

2024-08-11 05:00:34,826 - INFO - EXPIRED
35岁的马龙宣布告别奥运，但表示不适合当教练，球打得这么好怎么不适合？
https://view.inews.qq.com/a/20240810Q06XFM00

2024-08-11 05:00:34,826 - INFO - EXPIRED
资生堂上半年净利润跌99.9%！公司称“核污水致中国消费者购买意愿下降”
https://new.qq.com/rain/a/20240810A03T9U00

2024-08-11 05:00:34,826 - INFO - EXPIRED
俄指挥官称北约雇佣兵攻入俄本土，北约要和俄罗斯直接对抗了吗？
https://view.inews.qq.com/a/20240810Q04BV800

2024-08-11 05:00:34,826 - INFO - EXPIRED
将油罐车改装为“移动加油站”，一私售柴油团伙被警方查获
https://new.qq.com/rain/a/20240810A03BSP00

2024-08-11 05:00:34,826 - INFO - EXPIRED
得知室友有猝死风险 朋友退租搬家 家人失联 上海一房东网络发帖求助
https://new.qq.com/rain/a/20240810A04OUB00

2024-08-11 05:00:34,826 - INFO - EXPIRED
由于地表各地区重力加速度不尽相同，奥运举重世界纪录会考虑这个因素吗？
https://view.inews.qq.com/a/20240809Q0A6ZB00

2024-08-11 05:00:34,826 - INFO - EXPIRED
“阳了”的人又多了？张文宏发声：新冠已呈“阶段性波动”
https://new.qq.com/rain/a/20240810A03JNM00

2024-08-11 05:00:34,826 - INFO - EXPIRED
出国务工赚高薪？境外不是你梦想的天堂，小伙被抓后说外面哪有祖国好
https://new.qq.com/rain/a/20240809V03PLK00

2024-08-11 05:00:34,826 - INFO - EXPIRED
房贷返点，隐秘流行
https://new.qq.com/rain/a/20240810A06L1I00

2024-08-11 05:00:34,826 - INFO - EXPIRED
全球市场两大悬念待解：美国经济衰退会否出现？美股是否已见底？
https://new.qq.com/rain/a/20240810A04K4700

2024-08-11 05:00:34,826 - INFO - EXPIRED
疆煤崛起，中国能源版图重心悄然西移
https://new.qq.com/rain/a/20240810A028PX00

2024-08-11 05:00:34,826 - INFO - EXPIRED
巴黎奥运局外局：中国制造外贸“爆单”
https://new.qq.com/rain/a/20240810A00IZ900

2024-08-11 05:00:34,826 - INFO - EXPIRED
“最帅少林武僧”车祸去世：爱唱歌弹吉他，怕坐过山车，因惜命拒探险
https://new.qq.com/rain/a/20240810A01LIF00

2024-08-11 05:00:34,826 - INFO - EXPIRED
报复以色列，伊朗说“不急”
https://new.qq.com/rain/a/20240810A04WTF00

2024-08-11 05:00:34,826 - INFO - EXPIRED
乌苏里江将全线超过保证水位，且超保幅度和时长均将创纪录
https://new.qq.com/rain/a/20240810A02DN300

2024-08-11 05:00:34,826 - INFO - EXPIRED
北京雨后天空现彩虹，网友：这是七夕的彩色“鹊桥”
https://new.qq.com/rain/a/20240810V06GL300

2024-08-11 05:00:34,826 - INFO - EXPIRED
中国乒乓球男团成功卫冕，16年来奥运金牌未丢过，其他代表团还能赶上吗？
https://view.inews.qq.com/a/20240810Q00FXC00

2024-08-11 05:00:34,826 - INFO - EXPIRED
熬夜等人兑奖未果，湖北500万大奖成弃奖，代销点：太可惜了
https://new.qq.com/rain/a/20240810A05DN100

2024-08-11 05:00:34,826 - INFO - EXPIRED
一网友自称企业老板高调炫富、“受多位官员关照”，山东警方：行拘
https://new.qq.com/rain/a/20240810A04W0F00

2024-08-11 05:00:34,826 - INFO - EXPIRED
你有暗恋对象吗？你会跟暗恋多年的人表白吗？
https://view.inews.qq.com/a/20240807Q0637800

2024-08-11 05:00:34,826 - INFO - EXPIRED
35岁马龙微笑宣布告别奥运赛场：退役还要再想想，我不适合当教练
https://new.qq.com/rain/a/20240810A0324C00

2024-08-11 05:00:34,826 - INFO - EXPIRED
2000个中国工人，对抗80万印度钻石工匠
https://new.qq.com/rain/a/20240810A011PK00

2024-08-11 05:00:34,826 - INFO - EXPIRED
“小心政变！”塞尔维亚总统武契奇：俄方发来重要信息
https://new.qq.com/rain/a/20240810A03AK600

2024-08-11 05:00:34,826 - INFO - EXPIRED
宣称“江小白的白酒不是白酒”，东方甄选主播道歉，江小白：不接受
https://new.qq.com/rain/a/20240810A0419000

2024-08-11 05:00:34,826 - INFO - EXPIRED
全球市场巨震余波：史诗级“情绪风暴”向何处去
https://new.qq.com/rain/a/20240810A028RH00

2024-08-11 05:00:34,827 - INFO - EXPIRED
福建农林大学再现多朵双色荷花，专家：不能说明出现稳定遗传
https://new.qq.com/rain/a/20240810A03E0A00

2024-08-11 05:00:34,827 - INFO - EXPIRED
天津白蛇谷自然风景区突发山体塌方？官方：没有人员伤亡，正清理路面
https://new.qq.com/rain/a/20240810A03WP800

2024-08-11 05:00:34,827 - INFO - EXPIRED
乌克兰方面称击毁一艘俄军巡逻艇，另有三艘俄方船只受损，俄方未回应
https://new.qq.com/rain/a/20240810A04RSF00

2024-08-11 05:00:34,827 - INFO - EXPIRED
陈道明片场即兴发挥演技封神，陈思诚：老郑就是为他量身定做
https://new.qq.com/rain/a/20240810V04DI600

2024-08-11 05:00:34,827 - INFO - EXPIRED
兄弟因偷开心果被判无期，喊冤20多年称在狱中遇真凶，最高法驳回申诉
https://new.qq.com/rain/a/20240809A09L8N00

2024-08-11 05:00:34,827 - INFO - EXPIRED
山东两蒙面男子凌晨用卡片试探开锁，警方再通报：两人在北京被抓获 
https://new.qq.com/rain/a/20240810A03IIN00

2024-08-11 05:00:34,827 - INFO - EXPIRED
注意！未来三天可能发生小到中等地磁暴
https://new.qq.com/rain/a/20240810A043Z000

2024-08-11 05:00:34,827 - INFO - EXPIRED
北京长安街五星级酒店被出售，文旅热此起彼伏，酒店缘何成为资产甩卖重灾区？
https://new.qq.com/rain/a/20240810A013XF00

2024-08-11 05:00:34,827 - INFO - EXPIRED
一线｜Youtube前首席执行官Susan Wojcicki因癌症去世
https://new.qq.com/rain/a/20240810A046LB00

2024-08-11 05:00:34,827 - INFO - EXPIRED
特朗普称周一将接受马斯克采访，会聊什么？马斯克在为特朗普竞选造势吗？
https://view.inews.qq.com/a/20240809Q05JZ500

2024-08-11 05:00:34,827 - INFO - EXPIRED
以军袭击加沙城学校，已致超100人死亡
https://new.qq.com/rain/a/20240810A03LD100

2024-08-11 05:00:34,827 - INFO - EXPIRED
蹭学位？老人被曝户口名下凭空多出8个外地未成年“子女”，官方回应
https://new.qq.com/rain/a/20240809A04VWZ00

2024-08-11 05:00:34,827 - INFO - EXPIRED
史上首次“巨大地震”预警后，岸田文雄“罕见”取消中亚行程
https://new.qq.com/rain/a/20240810A03BEL00

2024-08-11 05:00:34,827 - INFO - EXPIRED
7旬老人再婚不到一年，账户基金被继子卖光转走 法院：继子无权占有
https://new.qq.com/rain/a/20240810A03N5R00

2024-08-11 05:00:34,827 - INFO - EXPIRED
90后小伙高速桥营救被困货车司机时不幸坠桥身亡，四川高速交警介入
https://new.qq.com/rain/a/20240809A09L9100

2024-08-11 05:00:34,827 - INFO - EXPIRED
千万网红被质疑收数百万后刷单卖货？本人回应：自己也是受害者，准备起诉
https://new.qq.com/rain/a/20240810A02KK700

2024-08-11 05:00:34,827 - INFO - EXPIRED
央行：存贷款利率已基本实现市场化定价 研究适度收窄利率走廊宽度
https://new.qq.com/rain/a/20240810A02VAH00

2024-08-11 05:00:34,827 - INFO - EXPIRED
鄂霍次克海发生6.5级地震，震源深度410公里
https://new.qq.com/rain/a/20240810A036J800

2024-08-11 05:00:34,827 - INFO - EXPIRED
浙江宁波舟山港集装箱燃爆，影响有多大？多方回应
https://new.qq.com/rain/a/20240810A00ZIQ00

2024-08-11 05:00:34,827 - INFO - EXPIRED
詹某某涉诈骗案开庭：被控诈骗和行贿，涉诈金额13.9亿 庭审中其称行贿是“被诈骗”
https://new.qq.com/rain/a/20240810A00NXD00

2024-08-11 05:00:34,827 - INFO - EXPIRED
我驻美大使谢锋接受NBC采访：希望大家像关心大熊猫一样关心中美关系
https://new.qq.com/rain/a/20240810A02OTY00

2024-08-11 05:00:34,827 - INFO - EXPIRED
独家揭秘美国滥用兴奋剂全产业链
https://new.qq.com/rain/a/20240810A003EJ00

2024-08-11 05:00:34,827 - INFO - EXPIRED
马龙成为中国首个奥运六金王，如何评价他的历史地位？培养下一个马龙要等多少年？
https://view.inews.qq.com/a/20240810Q00CX600

2024-08-11 05:00:34,827 - INFO - EXPIRED
美股抹去本周大部分跌幅：中概全周涨3.6%领跑，美债收益率大涨两位数
https://new.qq.com/rain/a/20240810A010FF00

2024-08-11 05:00:34,827 - INFO - EXPIRED
乌方称顿涅茨克一超市和邮局遭炮击：已致14死43伤 碎片满地尘烟四起
https://new.qq.com/rain/a/20240810V01RAD00

2024-08-11 05:00:34,827 - INFO - EXPIRED
因空域限制，英国航空将暂停北京航线
https://new.qq.com/rain/a/20240809A05V8K00

2024-08-11 05:00:34,827 - INFO - EXPIRED
虚惊一场！特朗普所乘飞机遭遇机械故障 改道后已安全降落
https://new.qq.com/rain/a/20240810A00ZFK00

2024-08-11 05:00:34,827 - INFO - EXPIRED
胡先煦冯绍峰大决战！金龟子演大反派压轴登场压迫力巨大
https://new.qq.com/rain/a/20240809V05Y9300

2024-08-11 05:00:34,827 - INFO - EXPIRED
电诈团伙现场被抓后仍在狡辩，警察训斥：你当我3岁吗
https://new.qq.com/rain/a/20240809V03NQ500

2024-08-11 05:00:34,827 - INFO - EXPIRED
恒大债务重组停滞近一年，公告尚未觅得合适的方案
https://new.qq.com/rain/a/20240810A016J900

2024-08-11 05:00:34,827 - INFO - EXPIRED
美官员：伊朗若对以色列实施打击将面临严重后果
https://new.qq.com/rain/a/20240810A010A700

2024-08-11 05:00:34,827 - INFO - EXPIRED
传湖南9家北京现代经销商联名要求暂停提车，经销商：已有律师在跟进
https://new.qq.com/rain/a/20240809A09PAU00

2024-08-11 05:00:34,827 - INFO - EXPIRED
中国队第33金！女子拳击再夺奥运冠军，吴愉决赛4-1胜土耳其名将
https://new.qq.com/rain/a/20240810A00K0400

2024-08-11 05:00:35,649 - INFO - INVALID
印军在克什米尔与武装分子交火，两名士兵丧生
https://new.qq.com/rain/a/20240811A02SB900

2024-08-11 05:00:35,654 - INFO - INVALID
50岁后还能健康工作多少年？中国这项研究给出答案
https://new.qq.com/rain/a/20240811A01WU500

2024-08-11 05:00:35,657 - INFO - INVALID
河北一男子离校14年被退学，当事人：学校已为自己补发毕业证
https://new.qq.com/rain/a/20240811A02SKT00

2024-08-11 05:00:35,692 - INFO - INVALID
因拍“烟卡”流行，一些孩子已熟知香烟的“档次”和价格
https://new.qq.com/rain/a/20240811A02X7F00

2024-08-11 05:00:35,907 - ERROR - ERROR
国际奥委会主席巴赫宣布不再连任，他在任期间干得如何？谁可能接班？
https://view.inews.qq.com/a/20240811Q00OMJ00
('list index out of range',)
======
Traceback (most recent call last):
  File "/home/runner/work/qqnews/qqnews/qq.py", line 81, in process_article
    ss = str(tmpbs.select("div.LEFT div.content.clearfix")[0])
             ~~~~~~~~~~~~~~~~~~~~~~~~~~~~~~~~~~~~~~~~~~~~~^^^
IndexError: list index out of range


2024-08-11 05:00:35,951 - INFO - INVALID
1.3亿元厂房被1.8万变卖？债权人气得快晕倒：若成交3000多万债就烂了
https://new.qq.com/rain/a/20240811A011RS00

2024-08-11 05:00:36,112 - INFO - EXIST
1对1 _ 矛盾的倪夏莲
https://new.qq.com/rain/a/20240811A01UKV00

2024-08-11 05:00:36,174 - ERROR - ERROR
解放军公布055发射鹰击-21画面 台退将：航母最多中两发就被击沉
https://new.qq.com/rain/a/20240811V020VR00
('list index out of range',)
======
Traceback (most recent call last):
  File "/home/runner/work/qqnews/qqnews/qq.py", line 81, in process_article
    ss = str(tmpbs.select("div.LEFT div.content.clearfix")[0])
             ~~~~~~~~~~~~~~~~~~~~~~~~~~~~~~~~~~~~~~~~~~~~~^^^
IndexError: list index out of range


2024-08-11 05:00:36,247 - INFO - INVALID
广西德天瀑布景区一项目发生故障1死60伤 游客：每人间隔1米坐下，身旁无安全带
https://new.qq.com/rain/a/20240811A00VGH00

2024-08-11 05:00:36,254 - ERROR - ERROR
巴黎奥运会即将结束，你觉得谁会担任中国代表团闭幕式旗手？为什么是TA？
https://view.inews.qq.com/a/20240811Q02OGG00
('list index out of range',)
======
Traceback (most recent call last):
  File "/home/runner/work/qqnews/qqnews/qq.py", line 81, in process_article
    ss = str(tmpbs.select("div.LEFT div.content.clearfix")[0])
             ~~~~~~~~~~~~~~~~~~~~~~~~~~~~~~~~~~~~~~~~~~~~~^^^
IndexError: list index out of range


2024-08-11 05:00:36,368 - ERROR - ERROR
国乒包揽巴黎奥运5金，回顾本届奥运会有惊无险，未来谁会成为国乒威胁？
https://view.inews.qq.com/a/20240811Q00EED00
('list index out of range',)
======
Traceback (most recent call last):
  File "/home/runner/work/qqnews/qqnews/qq.py", line 81, in process_article
    ss = str(tmpbs.select("div.LEFT div.content.clearfix")[0])
             ~~~~~~~~~~~~~~~~~~~~~~~~~~~~~~~~~~~~~~~~~~~~~^^^
IndexError: list index out of range


2024-08-11 05:00:36,537 - INFO - INVALID
首马完赛！谷爱凌参加奥运大众组马拉松，成绩3小时24分36秒
https://new.qq.com/rain/a/20240811A00RTX00

2024-08-11 05:00:36,550 - INFO - INVALID
严查党员干部违规兼职！中纪委网站曝光案例
https://new.qq.com/rain/a/20240811A01GAO00

2024-08-11 05:00:36,685 - INFO - INVALID
以军空袭加沙学校遭多方谴责，总台报道员探访：校内弥漫着血腥味
https://new.qq.com/rain/a/20240811A00Y5900

2024-08-11 05:00:36,771 - ERROR - ERROR
美国男篮夺得奥运五连冠，他们还能统治篮坛多久？未来谁最可能掀翻他们？
https://view.inews.qq.com/a/20240811Q01K5B00
('list index out of range',)
======
Traceback (most recent call last):
  File "/home/runner/work/qqnews/qqnews/qq.py", line 81, in process_article
    ss = str(tmpbs.select("div.LEFT div.content.clearfix")[0])
             ~~~~~~~~~~~~~~~~~~~~~~~~~~~~~~~~~~~~~~~~~~~~~^^^
IndexError: list index out of range


2024-08-11 05:00:36,849 - ERROR - ERROR
巴黎奥运会即将结束，中国队有望最终超越美国，问鼎金牌榜吗？
https://view.inews.qq.com/a/20240811Q00YFR00
('list index out of range',)
======
Traceback (most recent call last):
  File "/home/runner/work/qqnews/qqnews/qq.py", line 81, in process_article
    ss = str(tmpbs.select("div.LEFT div.content.clearfix")[0])
             ~~~~~~~~~~~~~~~~~~~~~~~~~~~~~~~~~~~~~~~~~~~~~^^^
IndexError: list index out of range


2024-08-11 05:00:36,893 - INFO - INVALID
心理战还是顾虑重重？伊朗誓言报复以色列，为何迟迟不见行动
https://new.qq.com/rain/a/20240811A0154500

2024-08-11 05:00:37,058 - INFO - INVALID
宁德时代成都“办车展”：承诺不造车不卖车 欲借C端战略突围
https://new.qq.com/rain/a/20240811A00VZL00

2024-08-11 05:00:37,061 - INFO - INVALID
罕见的再审：一只流浪猫与24万元赔偿
https://new.qq.com/rain/a/20240811A00B2Y00

2024-08-11 05:00:37,130 - INFO - INVALID
胡塞武装宣布组建“新政府”
https://new.qq.com/rain/a/20240811A000IB00

2024-08-11 06:00:57,447 - INFO - EXPIRED
网友称“青岛地铁小伙遭老人殴打”非因拒让座，系前者先多次辱骂老人
https://new.qq.com/rain/a/20240809A09O8H00

2024-08-11 06:00:57,447 - INFO - EXPIRED
广东佛山高明有轨电车停运：投入运营不到五年，财政支出近3.5亿
https://new.qq.com/rain/a/20240810A036R000

2024-08-11 06:00:57,447 - INFO - EXPIRED
5万人涌入？富士康在河南大量招工，中介：报名面试90%都可以过
https://new.qq.com/rain/a/20240810A0557V00

2024-08-11 06:00:57,447 - INFO - EXPIRED
中国跳水队首次实现包揽奥运8金壮举，这有多难？哪些单项还相对薄弱？
https://view.inews.qq.com/a/20240810Q08BTA00

2024-08-11 06:00:57,447 - INFO - EXPIRED
央视《对话》深度访谈钟睒睒：理想主义的疯子
https://new.qq.com/rain/a/20240810A087IJ00

2024-08-11 06:00:57,447 - INFO - EXPIRED
20岁女孩租房独住快一年发现是“凶宅”，称有3000元未退或起诉房东
https://new.qq.com/rain/a/20240810A07BD200

2024-08-11 06:00:57,447 - INFO - EXPIRED
6千万粉丝网红“太原老葛”被警方立案侦查，曾卖“复活项链”被打假
https://new.qq.com/rain/a/20240810A07R3300

2024-08-11 06:00:57,447 - INFO - EXPIRED
致1死60伤的广西景区将闭园！亲历游客：腰椎骨折了不能动
https://new.qq.com/rain/a/20240810A0897K00

2024-08-11 06:00:57,447 - INFO - EXPIRED
储户1.5万工资被平台“莫名其妙”划扣？银行解释：系统一键绑定
https://new.qq.com/rain/a/20240809A06JTC00

2024-08-11 06:00:57,447 - INFO - EXPIRED
​英国发生大规模骚乱，马斯克拱火：英国内战不可避免
https://new.qq.com/rain/a/20240810A06KJU00

2024-08-11 06:00:57,447 - INFO - EXPIRED
争议连环爆，柯文哲将陷全面危机
https://new.qq.com/rain/a/20240810A07INL00

2024-08-11 06:00:57,447 - INFO - EXPIRED
多地披露殡葬领域腐败案件
https://new.qq.com/rain/a/20240810A04VSD00

2024-08-11 06:00:57,447 - INFO - EXPIRED
多地楼市“限价”退出市场，购房者投诉降价没用了
https://new.qq.com/rain/a/20240810A079RK00

2024-08-11 06:00:57,447 - INFO - EXPIRED
“传送带突然断裂很多人压在一起！”伤者讲述广西一景区1死60伤事故
https://new.qq.com/rain/a/20240810A085HF00

2024-08-11 06:00:57,447 - INFO - EXPIRED
烧烤店4男2女发生冲突，两女子用酒瓶互殴？7人为赚流量编造剧本约架
https://new.qq.com/rain/a/20240810A03MV000

2024-08-11 06:00:57,447 - INFO - EXPIRED
有样学样？初二男生一天给主播打赏5万，他爸爸玩直播4年花100万
https://new.qq.com/rain/a/20240810A03K7P00

2024-08-11 06:00:57,447 - INFO - EXPIRED
追讨父亲的198万死亡赔偿金：大伯代管近8年后，法院判其归还剩余79.4万
https://new.qq.com/rain/a/20240810A0717H00

2024-08-11 06:00:57,447 - INFO - EXPIRED
菲律宾空军战机非法闯入南海黄岩岛空域 南部战区依法警告驱离
https://new.qq.com/rain/a/20240810A077OR00

2024-08-11 06:00:57,448 - INFO - EXPIRED
奥运冠军杨威回应网友让其去考裁判证：生活就像比赛，有时未必如愿
https://new.qq.com/rain/a/20240810A05F5500

2024-08-11 06:00:57,448 - INFO - EXPIRED
女子举报税务干部一家四千万来路不明，当地税务局通报
https://new.qq.com/rain/a/20240810A06MVH00

2024-08-11 06:00:57,448 - INFO - EXPIRED
一群中国普通人，跑进巴黎奥运会
https://new.qq.com/rain/a/20240810A073FF00

2024-08-11 06:00:57,448 - INFO - EXPIRED
广西一景区“魔毯”项目故障致1死60伤 目击者：设备不停转卡住很多人
https://new.qq.com/rain/a/20240810A07O9800

2024-08-11 06:00:57,448 - INFO - EXPIRED
35岁的马龙宣布告别奥运，但表示不适合当教练，球打得这么好怎么不适合？
https://view.inews.qq.com/a/20240810Q06XFM00

2024-08-11 06:00:57,448 - INFO - EXPIRED
资生堂上半年净利润跌99.9%！公司称“核污水致中国消费者购买意愿下降”
https://new.qq.com/rain/a/20240810A03T9U00

2024-08-11 06:00:57,448 - INFO - EXPIRED
俄指挥官称北约雇佣兵攻入俄本土，北约要和俄罗斯直接对抗了吗？
https://view.inews.qq.com/a/20240810Q04BV800

2024-08-11 06:00:57,448 - INFO - EXPIRED
将油罐车改装为“移动加油站”，一私售柴油团伙被警方查获
https://new.qq.com/rain/a/20240810A03BSP00

2024-08-11 06:00:57,448 - INFO - EXPIRED
得知室友有猝死风险 朋友退租搬家 家人失联 上海一房东网络发帖求助
https://new.qq.com/rain/a/20240810A04OUB00

2024-08-11 06:00:57,448 - INFO - EXPIRED
由于地表各地区重力加速度不尽相同，奥运举重世界纪录会考虑这个因素吗？
https://view.inews.qq.com/a/20240809Q0A6ZB00

2024-08-11 06:00:57,448 - INFO - EXPIRED
“阳了”的人又多了？张文宏发声：新冠已呈“阶段性波动”
https://new.qq.com/rain/a/20240810A03JNM00

2024-08-11 06:00:57,448 - INFO - EXPIRED
出国务工赚高薪？境外不是你梦想的天堂，小伙被抓后说外面哪有祖国好
https://new.qq.com/rain/a/20240809V03PLK00

2024-08-11 06:00:57,448 - INFO - EXPIRED
房贷返点，隐秘流行
https://new.qq.com/rain/a/20240810A06L1I00

2024-08-11 06:00:57,448 - INFO - EXPIRED
全球市场两大悬念待解：美国经济衰退会否出现？美股是否已见底？
https://new.qq.com/rain/a/20240810A04K4700

2024-08-11 06:00:57,448 - INFO - EXPIRED
疆煤崛起，中国能源版图重心悄然西移
https://new.qq.com/rain/a/20240810A028PX00

2024-08-11 06:00:57,448 - INFO - EXPIRED
巴黎奥运局外局：中国制造外贸“爆单”
https://new.qq.com/rain/a/20240810A00IZ900

2024-08-11 06:00:57,448 - INFO - EXPIRED
“最帅少林武僧”车祸去世：爱唱歌弹吉他，怕坐过山车，因惜命拒探险
https://new.qq.com/rain/a/20240810A01LIF00

2024-08-11 06:00:57,448 - INFO - EXPIRED
报复以色列，伊朗说“不急”
https://new.qq.com/rain/a/20240810A04WTF00

2024-08-11 06:00:57,448 - INFO - EXPIRED
乌苏里江将全线超过保证水位，且超保幅度和时长均将创纪录
https://new.qq.com/rain/a/20240810A02DN300

2024-08-11 06:00:57,448 - INFO - EXPIRED
北京雨后天空现彩虹，网友：这是七夕的彩色“鹊桥”
https://new.qq.com/rain/a/20240810V06GL300

2024-08-11 06:00:57,448 - INFO - EXPIRED
中国乒乓球男团成功卫冕，16年来奥运金牌未丢过，其他代表团还能赶上吗？
https://view.inews.qq.com/a/20240810Q00FXC00

2024-08-11 06:00:57,448 - INFO - EXPIRED
熬夜等人兑奖未果，湖北500万大奖成弃奖，代销点：太可惜了
https://new.qq.com/rain/a/20240810A05DN100

2024-08-11 06:00:57,448 - INFO - EXPIRED
一网友自称企业老板高调炫富、“受多位官员关照”，山东警方：行拘
https://new.qq.com/rain/a/20240810A04W0F00

2024-08-11 06:00:57,448 - INFO - EXPIRED
你有暗恋对象吗？你会跟暗恋多年的人表白吗？
https://view.inews.qq.com/a/20240807Q0637800

2024-08-11 06:00:57,448 - INFO - EXPIRED
35岁马龙微笑宣布告别奥运赛场：退役还要再想想，我不适合当教练
https://new.qq.com/rain/a/20240810A0324C00

2024-08-11 06:00:57,448 - INFO - EXPIRED
2000个中国工人，对抗80万印度钻石工匠
https://new.qq.com/rain/a/20240810A011PK00

2024-08-11 06:00:57,448 - INFO - EXPIRED
“小心政变！”塞尔维亚总统武契奇：俄方发来重要信息
https://new.qq.com/rain/a/20240810A03AK600

2024-08-11 06:00:57,448 - INFO - EXPIRED
宣称“江小白的白酒不是白酒”，东方甄选主播道歉，江小白：不接受
https://new.qq.com/rain/a/20240810A0419000

2024-08-11 06:00:57,448 - INFO - EXPIRED
全球市场巨震余波：史诗级“情绪风暴”向何处去
https://new.qq.com/rain/a/20240810A028RH00

2024-08-11 06:00:57,448 - INFO - EXPIRED
福建农林大学再现多朵双色荷花，专家：不能说明出现稳定遗传
https://new.qq.com/rain/a/20240810A03E0A00

2024-08-11 06:00:57,448 - INFO - EXPIRED
天津白蛇谷自然风景区突发山体塌方？官方：没有人员伤亡，正清理路面
https://new.qq.com/rain/a/20240810A03WP800

2024-08-11 06:00:57,448 - INFO - EXPIRED
乌克兰方面称击毁一艘俄军巡逻艇，另有三艘俄方船只受损，俄方未回应
https://new.qq.com/rain/a/20240810A04RSF00

2024-08-11 06:00:57,448 - INFO - EXPIRED
陈道明片场即兴发挥演技封神，陈思诚：老郑就是为他量身定做
https://new.qq.com/rain/a/20240810V04DI600

2024-08-11 06:00:57,448 - INFO - EXPIRED
兄弟因偷开心果被判无期，喊冤20多年称在狱中遇真凶，最高法驳回申诉
https://new.qq.com/rain/a/20240809A09L8N00

2024-08-11 06:00:57,448 - INFO - EXPIRED
山东两蒙面男子凌晨用卡片试探开锁，警方再通报：两人在北京被抓获 
https://new.qq.com/rain/a/20240810A03IIN00

2024-08-11 06:00:57,448 - INFO - EXPIRED
注意！未来三天可能发生小到中等地磁暴
https://new.qq.com/rain/a/20240810A043Z000

2024-08-11 06:00:57,448 - INFO - EXPIRED
一线｜Youtube前首席执行官Susan Wojcicki因癌症去世
https://new.qq.com/rain/a/20240810A046LB00

2024-08-11 06:00:57,448 - INFO - EXPIRED
特朗普称周一将接受马斯克采访，会聊什么？马斯克在为特朗普竞选造势吗？
https://view.inews.qq.com/a/20240809Q05JZ500

2024-08-11 06:00:57,448 - INFO - EXPIRED
以军袭击加沙城学校，已致超100人死亡
https://new.qq.com/rain/a/20240810A03LD100

2024-08-11 06:00:57,448 - INFO - EXPIRED
蹭学位？老人被曝户口名下凭空多出8个外地未成年“子女”，官方回应
https://new.qq.com/rain/a/20240809A04VWZ00

2024-08-11 06:00:57,448 - INFO - EXPIRED
史上首次“巨大地震”预警后，岸田文雄“罕见”取消中亚行程
https://new.qq.com/rain/a/20240810A03BEL00

2024-08-11 06:00:57,448 - INFO - EXPIRED
7旬老人再婚不到一年，账户基金被继子卖光转走 法院：继子无权占有
https://new.qq.com/rain/a/20240810A03N5R00

2024-08-11 06:00:57,448 - INFO - EXPIRED
90后小伙高速桥营救被困货车司机时不幸坠桥身亡，四川高速交警介入
https://new.qq.com/rain/a/20240809A09L9100

2024-08-11 06:00:57,448 - INFO - EXPIRED
千万网红被质疑收数百万后刷单卖货？本人回应：自己也是受害者，准备起诉
https://new.qq.com/rain/a/20240810A02KK700

2024-08-11 06:00:57,448 - INFO - EXPIRED
央行：存贷款利率已基本实现市场化定价 研究适度收窄利率走廊宽度
https://new.qq.com/rain/a/20240810A02VAH00

2024-08-11 06:00:57,448 - INFO - EXPIRED
鄂霍次克海发生6.5级地震，震源深度410公里
https://new.qq.com/rain/a/20240810A036J800

2024-08-11 06:00:57,448 - INFO - EXPIRED
浙江宁波舟山港集装箱燃爆，影响有多大？多方回应
https://new.qq.com/rain/a/20240810A00ZIQ00

2024-08-11 06:00:57,448 - INFO - EXPIRED
詹某某涉诈骗案开庭：被控诈骗和行贿，涉诈金额13.9亿 庭审中其称行贿是“被诈骗”
https://new.qq.com/rain/a/20240810A00NXD00

2024-08-11 06:00:57,448 - INFO - EXPIRED
我驻美大使谢锋接受NBC采访：希望大家像关心大熊猫一样关心中美关系
https://new.qq.com/rain/a/20240810A02OTY00

2024-08-11 06:00:57,448 - INFO - EXPIRED
独家揭秘美国滥用兴奋剂全产业链
https://new.qq.com/rain/a/20240810A003EJ00

2024-08-11 06:00:57,448 - INFO - EXPIRED
马龙成为中国首个奥运六金王，如何评价他的历史地位？培养下一个马龙要等多少年？
https://view.inews.qq.com/a/20240810Q00CX600

2024-08-11 06:00:57,448 - INFO - EXPIRED
美股抹去本周大部分跌幅：中概全周涨3.6%领跑，美债收益率大涨两位数
https://new.qq.com/rain/a/20240810A010FF00

2024-08-11 06:00:57,448 - INFO - EXPIRED
乌方称顿涅茨克一超市和邮局遭炮击：已致14死43伤 碎片满地尘烟四起
https://new.qq.com/rain/a/20240810V01RAD00

2024-08-11 06:00:57,448 - INFO - EXPIRED
因空域限制，英国航空将暂停北京航线
https://new.qq.com/rain/a/20240809A05V8K00

2024-08-11 06:00:57,448 - INFO - EXPIRED
虚惊一场！特朗普所乘飞机遭遇机械故障 改道后已安全降落
https://new.qq.com/rain/a/20240810A00ZFK00

2024-08-11 06:00:57,448 - INFO - EXPIRED
胡先煦冯绍峰大决战！金龟子演大反派压轴登场压迫力巨大
https://new.qq.com/rain/a/20240809V05Y9300

2024-08-11 06:00:57,448 - INFO - EXPIRED
电诈团伙现场被抓后仍在狡辩，警察训斥：你当我3岁吗
https://new.qq.com/rain/a/20240809V03NQ500

2024-08-11 06:00:57,448 - INFO - EXPIRED
恒大债务重组停滞近一年，公告尚未觅得合适的方案
https://new.qq.com/rain/a/20240810A016J900

2024-08-11 06:00:57,883 - INFO - INVALID
广东男子将前妻一家杀害？警方：多人死亡，嫌疑人外传案发现场照片
https://new.qq.com/rain/a/20240811A036OP00

2024-08-11 06:00:57,894 - INFO - INVALID
50岁后还能健康工作多少年？中国这项研究给出答案
https://new.qq.com/rain/a/20240811A01WU500

2024-08-11 06:00:57,970 - INFO - INVALID
“最宽松C919客舱来了”：国航首架C919客机完成首次试飞
https://new.qq.com/rain/a/20240811A02H1L00

2024-08-11 06:00:58,047 - INFO - INVALID
百万“摇号大军”苦等汽车限购取消，有人等待14年摇号85次一次未中
https://new.qq.com/rain/a/20240811A0355E00

2024-08-11 06:00:58,141 - ERROR - ERROR
谷爱凌参加奥运大众组马拉松，成绩3小时24分36秒，作为首个全马，这个成绩如何？
https://view.inews.qq.com/a/20240811Q01RVF00
('list index out of range',)
======
Traceback (most recent call last):
  File "/home/runner/work/qqnews/qqnews/qq.py", line 81, in process_article
    ss = str(tmpbs.select("div.LEFT div.content.clearfix")[0])
             ~~~~~~~~~~~~~~~~~~~~~~~~~~~~~~~~~~~~~~~~~~~~~^^^
IndexError: list index out of range


2024-08-11 06:00:58,198 - INFO - INVALID
因拍“烟卡”流行，一些孩子已熟知香烟的“档次”和价格
https://new.qq.com/rain/a/20240811A02X7F00

2024-08-11 06:00:58,206 - INFO - INVALID
6千万粉丝网红“太原老葛”被立案：合作两次直播带货后，商户倒闭
https://new.qq.com/rain/a/20240811A027JM00

2024-08-11 06:00:58,292 - INFO - INVALID
河北一男子离校14年被退学，当事人：学校已为自己补发毕业证
https://new.qq.com/rain/a/20240811A02SKT00

2024-08-11 06:00:58,370 - INFO - EXIST
1对1 _ 矛盾的倪夏莲
https://new.qq.com/rain/a/20240811A01UKV00

2024-08-11 06:00:58,504 - INFO - INVALID
印军在克什米尔与武装分子交火，两名士兵丧生
https://new.qq.com/rain/a/20240811A02SB900

2024-08-11 06:00:58,510 - INFO - INVALID
1.3亿元厂房被1.8万变卖？债权人气得快晕倒：若成交3000多万债就烂了
https://new.qq.com/rain/a/20240811A011RS00

2024-08-11 06:00:58,577 - ERROR - ERROR
解放军公布055发射鹰击-21画面 台退将：航母最多中两发就被击沉
https://new.qq.com/rain/a/20240811V020VR00
('list index out of range',)
======
Traceback (most recent call last):
  File "/home/runner/work/qqnews/qqnews/qq.py", line 81, in process_article
    ss = str(tmpbs.select("div.LEFT div.content.clearfix")[0])
             ~~~~~~~~~~~~~~~~~~~~~~~~~~~~~~~~~~~~~~~~~~~~~^^^
IndexError: list index out of range


2024-08-11 06:00:58,724 - ERROR - ERROR
国际奥委会主席巴赫宣布不再连任，他在任期间干得如何？谁可能接班？
https://view.inews.qq.com/a/20240811Q00OMJ00
('list index out of range',)
======
Traceback (most recent call last):
  File "/home/runner/work/qqnews/qqnews/qq.py", line 81, in process_article
    ss = str(tmpbs.select("div.LEFT div.content.clearfix")[0])
             ~~~~~~~~~~~~~~~~~~~~~~~~~~~~~~~~~~~~~~~~~~~~~^^^
IndexError: list index out of range


2024-08-11 06:00:58,741 - INFO - INVALID
广西德天瀑布景区一项目发生故障1死60伤 游客：每人间隔1米坐下，身旁无安全带
https://new.qq.com/rain/a/20240811A00VGH00

2024-08-11 06:00:58,810 - INFO - INVALID
严查党员干部违规兼职！中纪委网站曝光案例
https://new.qq.com/rain/a/20240811A01GAO00

2024-08-11 06:00:58,888 - ERROR - ERROR
国乒包揽巴黎奥运5金，回顾本届奥运会有惊无险，未来谁会成为国乒威胁？
https://view.inews.qq.com/a/20240811Q00EED00
('list index out of range',)
======
Traceback (most recent call last):
  File "/home/runner/work/qqnews/qqnews/qq.py", line 81, in process_article
    ss = str(tmpbs.select("div.LEFT div.content.clearfix")[0])
             ~~~~~~~~~~~~~~~~~~~~~~~~~~~~~~~~~~~~~~~~~~~~~^^^
IndexError: list index out of range


2024-08-11 06:00:58,997 - ERROR - ERROR
美国男篮夺得奥运五连冠，他们还能统治篮坛多久？未来谁最可能掀翻他们？
https://view.inews.qq.com/a/20240811Q01K5B00
('list index out of range',)
======
Traceback (most recent call last):
  File "/home/runner/work/qqnews/qqnews/qq.py", line 81, in process_article
    ss = str(tmpbs.select("div.LEFT div.content.clearfix")[0])
             ~~~~~~~~~~~~~~~~~~~~~~~~~~~~~~~~~~~~~~~~~~~~~^^^
IndexError: list index out of range


2024-08-11 06:00:59,049 - INFO - INVALID
以军空袭加沙学校遭多方谴责，总台报道员探访：校内弥漫着血腥味
https://new.qq.com/rain/a/20240811A00Y5900

2024-08-11 06:00:59,059 - INFO - INVALID
首马完赛！谷爱凌参加奥运大众组马拉松，成绩3小时24分36秒
https://new.qq.com/rain/a/20240811A00RTX00

2024-08-11 06:00:59,141 - INFO - INVALID
心理战还是顾虑重重？伊朗誓言报复以色列，为何迟迟不见行动
https://new.qq.com/rain/a/20240811A0154500

2024-08-11 06:00:59,260 - INFO - INVALID
罕见的再审：一只流浪猫与24万元赔偿
https://new.qq.com/rain/a/20240811A00B2Y00

2024-08-11 06:00:59,303 - INFO - INVALID
宁德时代成都“办车展”：承诺不造车不卖车 欲借C端战略突围
https://new.qq.com/rain/a/20240811A00VZL00

2024-08-11 06:00:59,387 - INFO - INVALID
胡塞武装宣布组建“新政府”
https://new.qq.com/rain/a/20240811A000IB00

2024-08-11 06:00:59,531 - ERROR - ERROR
巴黎奥运会即将结束，中国队有望最终超越美国，问鼎金牌榜吗？
https://view.inews.qq.com/a/20240811Q00YFR00
('list index out of range',)
======
Traceback (most recent call last):
  File "/home/runner/work/qqnews/qqnews/qq.py", line 81, in process_article
    ss = str(tmpbs.select("div.LEFT div.content.clearfix")[0])
             ~~~~~~~~~~~~~~~~~~~~~~~~~~~~~~~~~~~~~~~~~~~~~^^^
IndexError: list index out of range


2024-08-11 07:00:58,707 - INFO - EXPIRED
网友称“青岛地铁小伙遭老人殴打”非因拒让座，系前者先多次辱骂老人
https://new.qq.com/rain/a/20240809A09O8H00

2024-08-11 07:00:58,707 - INFO - EXPIRED
广东佛山高明有轨电车停运：投入运营不到五年，财政支出近3.5亿
https://new.qq.com/rain/a/20240810A036R000

2024-08-11 07:00:58,707 - INFO - EXPIRED
5万人涌入？富士康在河南大量招工，中介：报名面试90%都可以过
https://new.qq.com/rain/a/20240810A0557V00

2024-08-11 07:00:58,707 - INFO - EXPIRED
中国跳水队首次实现包揽奥运8金壮举，这有多难？哪些单项还相对薄弱？
https://view.inews.qq.com/a/20240810Q08BTA00

2024-08-11 07:00:58,707 - INFO - EXPIRED
央视《对话》深度访谈钟睒睒：理想主义的疯子
https://new.qq.com/rain/a/20240810A087IJ00

2024-08-11 07:00:58,707 - INFO - EXPIRED
20岁女孩租房独住快一年发现是“凶宅”，称有3000元未退或起诉房东
https://new.qq.com/rain/a/20240810A07BD200

2024-08-11 07:00:58,707 - INFO - EXPIRED
6千万粉丝网红“太原老葛”被警方立案侦查，曾卖“复活项链”被打假
https://new.qq.com/rain/a/20240810A07R3300

2024-08-11 07:00:58,707 - INFO - EXPIRED
致1死60伤的广西景区将闭园！亲历游客：腰椎骨折了不能动
https://new.qq.com/rain/a/20240810A0897K00

2024-08-11 07:00:58,707 - INFO - EXPIRED
储户1.5万工资被平台“莫名其妙”划扣？银行解释：系统一键绑定
https://new.qq.com/rain/a/20240809A06JTC00

2024-08-11 07:00:58,707 - INFO - EXPIRED
​英国发生大规模骚乱，马斯克拱火：英国内战不可避免
https://new.qq.com/rain/a/20240810A06KJU00

2024-08-11 07:00:58,707 - INFO - EXPIRED
争议连环爆，柯文哲将陷全面危机
https://new.qq.com/rain/a/20240810A07INL00

2024-08-11 07:00:58,707 - INFO - EXPIRED
多地披露殡葬领域腐败案件
https://new.qq.com/rain/a/20240810A04VSD00

2024-08-11 07:00:58,707 - INFO - EXPIRED
多地楼市“限价”退出市场，购房者投诉降价没用了
https://new.qq.com/rain/a/20240810A079RK00

2024-08-11 07:00:58,707 - INFO - EXPIRED
“传送带突然断裂很多人压在一起！”伤者讲述广西一景区1死60伤事故
https://new.qq.com/rain/a/20240810A085HF00

2024-08-11 07:00:58,707 - INFO - EXPIRED
烧烤店4男2女发生冲突，两女子用酒瓶互殴？7人为赚流量编造剧本约架
https://new.qq.com/rain/a/20240810A03MV000

2024-08-11 07:00:58,707 - INFO - EXPIRED
有样学样？初二男生一天给主播打赏5万，他爸爸玩直播4年花100万
https://new.qq.com/rain/a/20240810A03K7P00

2024-08-11 07:00:58,707 - INFO - EXPIRED
追讨父亲的198万死亡赔偿金：大伯代管近8年后，法院判其归还剩余79.4万
https://new.qq.com/rain/a/20240810A0717H00

2024-08-11 07:00:58,707 - INFO - EXPIRED
菲律宾空军战机非法闯入南海黄岩岛空域 南部战区依法警告驱离
https://new.qq.com/rain/a/20240810A077OR00

2024-08-11 07:00:58,707 - INFO - EXPIRED
奥运冠军杨威回应网友让其去考裁判证：生活就像比赛，有时未必如愿
https://new.qq.com/rain/a/20240810A05F5500

2024-08-11 07:00:58,708 - INFO - EXPIRED
女子举报税务干部一家四千万来路不明，当地税务局通报
https://new.qq.com/rain/a/20240810A06MVH00

2024-08-11 07:00:58,708 - INFO - EXPIRED
一群中国普通人，跑进巴黎奥运会
https://new.qq.com/rain/a/20240810A073FF00

2024-08-11 07:00:58,708 - INFO - EXPIRED
广西一景区“魔毯”项目故障致1死60伤 目击者：设备不停转卡住很多人
https://new.qq.com/rain/a/20240810A07O9800

2024-08-11 07:00:58,708 - INFO - EXPIRED
35岁的马龙宣布告别奥运，但表示不适合当教练，球打得这么好怎么不适合？
https://view.inews.qq.com/a/20240810Q06XFM00

2024-08-11 07:00:58,708 - INFO - EXPIRED
资生堂上半年净利润跌99.9%！公司称“核污水致中国消费者购买意愿下降”
https://new.qq.com/rain/a/20240810A03T9U00

2024-08-11 07:00:58,708 - INFO - EXPIRED
俄指挥官称北约雇佣兵攻入俄本土，北约要和俄罗斯直接对抗了吗？
https://view.inews.qq.com/a/20240810Q04BV800

2024-08-11 07:00:58,708 - INFO - EXPIRED
将油罐车改装为“移动加油站”，一私售柴油团伙被警方查获
https://new.qq.com/rain/a/20240810A03BSP00

2024-08-11 07:00:58,708 - INFO - EXPIRED
得知室友有猝死风险 朋友退租搬家 家人失联 上海一房东网络发帖求助
https://new.qq.com/rain/a/20240810A04OUB00

2024-08-11 07:00:58,708 - INFO - EXPIRED
由于地表各地区重力加速度不尽相同，奥运举重世界纪录会考虑这个因素吗？
https://view.inews.qq.com/a/20240809Q0A6ZB00

2024-08-11 07:00:58,708 - INFO - EXPIRED
“阳了”的人又多了？张文宏发声：新冠已呈“阶段性波动”
https://new.qq.com/rain/a/20240810A03JNM00

2024-08-11 07:00:58,708 - INFO - EXPIRED
出国务工赚高薪？境外不是你梦想的天堂，小伙被抓后说外面哪有祖国好
https://new.qq.com/rain/a/20240809V03PLK00

2024-08-11 07:00:58,708 - INFO - EXPIRED
房贷返点，隐秘流行
https://new.qq.com/rain/a/20240810A06L1I00

2024-08-11 07:00:58,708 - INFO - EXPIRED
全球市场两大悬念待解：美国经济衰退会否出现？美股是否已见底？
https://new.qq.com/rain/a/20240810A04K4700

2024-08-11 07:00:58,708 - INFO - EXPIRED
疆煤崛起，中国能源版图重心悄然西移
https://new.qq.com/rain/a/20240810A028PX00

2024-08-11 07:00:58,708 - INFO - EXPIRED
巴黎奥运局外局：中国制造外贸“爆单”
https://new.qq.com/rain/a/20240810A00IZ900

2024-08-11 07:00:58,708 - INFO - EXPIRED
“最帅少林武僧”车祸去世：爱唱歌弹吉他，怕坐过山车，因惜命拒探险
https://new.qq.com/rain/a/20240810A01LIF00

2024-08-11 07:00:58,708 - INFO - EXPIRED
报复以色列，伊朗说“不急”
https://new.qq.com/rain/a/20240810A04WTF00

2024-08-11 07:00:58,708 - INFO - EXPIRED
乌苏里江将全线超过保证水位，且超保幅度和时长均将创纪录
https://new.qq.com/rain/a/20240810A02DN300

2024-08-11 07:00:58,708 - INFO - EXPIRED
北京雨后天空现彩虹，网友：这是七夕的彩色“鹊桥”
https://new.qq.com/rain/a/20240810V06GL300

2024-08-11 07:00:58,708 - INFO - EXPIRED
中国乒乓球男团成功卫冕，16年来奥运金牌未丢过，其他代表团还能赶上吗？
https://view.inews.qq.com/a/20240810Q00FXC00

2024-08-11 07:00:58,708 - INFO - EXPIRED
熬夜等人兑奖未果，湖北500万大奖成弃奖，代销点：太可惜了
https://new.qq.com/rain/a/20240810A05DN100

2024-08-11 07:00:58,708 - INFO - EXPIRED
一网友自称企业老板高调炫富、“受多位官员关照”，山东警方：行拘
https://new.qq.com/rain/a/20240810A04W0F00

2024-08-11 07:00:58,708 - INFO - EXPIRED
你有暗恋对象吗？你会跟暗恋多年的人表白吗？
https://view.inews.qq.com/a/20240807Q0637800

2024-08-11 07:00:58,708 - INFO - EXPIRED
35岁马龙微笑宣布告别奥运赛场：退役还要再想想，我不适合当教练
https://new.qq.com/rain/a/20240810A0324C00

2024-08-11 07:00:58,708 - INFO - EXPIRED
2000个中国工人，对抗80万印度钻石工匠
https://new.qq.com/rain/a/20240810A011PK00

2024-08-11 07:00:58,708 - INFO - EXPIRED
“小心政变！”塞尔维亚总统武契奇：俄方发来重要信息
https://new.qq.com/rain/a/20240810A03AK600

2024-08-11 07:00:58,708 - INFO - EXPIRED
宣称“江小白的白酒不是白酒”，东方甄选主播道歉，江小白：不接受
https://new.qq.com/rain/a/20240810A0419000

2024-08-11 07:00:58,708 - INFO - EXPIRED
全球市场巨震余波：史诗级“情绪风暴”向何处去
https://new.qq.com/rain/a/20240810A028RH00

2024-08-11 07:00:58,708 - INFO - EXPIRED
福建农林大学再现多朵双色荷花，专家：不能说明出现稳定遗传
https://new.qq.com/rain/a/20240810A03E0A00

2024-08-11 07:00:58,708 - INFO - EXPIRED
天津白蛇谷自然风景区突发山体塌方？官方：没有人员伤亡，正清理路面
https://new.qq.com/rain/a/20240810A03WP800

2024-08-11 07:00:58,708 - INFO - EXPIRED
乌克兰方面称击毁一艘俄军巡逻艇，另有三艘俄方船只受损，俄方未回应
https://new.qq.com/rain/a/20240810A04RSF00

2024-08-11 07:00:58,708 - INFO - EXPIRED
陈道明片场即兴发挥演技封神，陈思诚：老郑就是为他量身定做
https://new.qq.com/rain/a/20240810V04DI600

2024-08-11 07:00:58,708 - INFO - EXPIRED
兄弟因偷开心果被判无期，喊冤20多年称在狱中遇真凶，最高法驳回申诉
https://new.qq.com/rain/a/20240809A09L8N00

2024-08-11 07:00:58,708 - INFO - EXPIRED
山东两蒙面男子凌晨用卡片试探开锁，警方再通报：两人在北京被抓获 
https://new.qq.com/rain/a/20240810A03IIN00

2024-08-11 07:00:58,708 - INFO - EXPIRED
注意！未来三天可能发生小到中等地磁暴
https://new.qq.com/rain/a/20240810A043Z000

2024-08-11 07:00:58,708 - INFO - EXPIRED
一线｜Youtube前首席执行官Susan Wojcicki因癌症去世
https://new.qq.com/rain/a/20240810A046LB00

2024-08-11 07:00:58,708 - INFO - EXPIRED
特朗普称周一将接受马斯克采访，会聊什么？马斯克在为特朗普竞选造势吗？
https://view.inews.qq.com/a/20240809Q05JZ500

2024-08-11 07:00:58,708 - INFO - EXPIRED
以军袭击加沙城学校，已致超100人死亡
https://new.qq.com/rain/a/20240810A03LD100

2024-08-11 07:00:58,708 - INFO - EXPIRED
蹭学位？老人被曝户口名下凭空多出8个外地未成年“子女”，官方回应
https://new.qq.com/rain/a/20240809A04VWZ00

2024-08-11 07:00:58,708 - INFO - EXPIRED
史上首次“巨大地震”预警后，岸田文雄“罕见”取消中亚行程
https://new.qq.com/rain/a/20240810A03BEL00

2024-08-11 07:00:58,708 - INFO - EXPIRED
7旬老人再婚不到一年，账户基金被继子卖光转走 法院：继子无权占有
https://new.qq.com/rain/a/20240810A03N5R00

2024-08-11 07:00:58,708 - INFO - EXPIRED
90后小伙高速桥营救被困货车司机时不幸坠桥身亡，四川高速交警介入
https://new.qq.com/rain/a/20240809A09L9100

2024-08-11 07:00:58,708 - INFO - EXPIRED
千万网红被质疑收数百万后刷单卖货？本人回应：自己也是受害者，准备起诉
https://new.qq.com/rain/a/20240810A02KK700

2024-08-11 07:00:58,708 - INFO - EXPIRED
央行：存贷款利率已基本实现市场化定价 研究适度收窄利率走廊宽度
https://new.qq.com/rain/a/20240810A02VAH00

2024-08-11 07:00:58,708 - INFO - EXPIRED
鄂霍次克海发生6.5级地震，震源深度410公里
https://new.qq.com/rain/a/20240810A036J800

2024-08-11 07:00:58,708 - INFO - EXPIRED
浙江宁波舟山港集装箱燃爆，影响有多大？多方回应
https://new.qq.com/rain/a/20240810A00ZIQ00

2024-08-11 07:00:58,708 - INFO - EXPIRED
詹某某涉诈骗案开庭：被控诈骗和行贿，涉诈金额13.9亿 庭审中其称行贿是“被诈骗”
https://new.qq.com/rain/a/20240810A00NXD00

2024-08-11 07:00:58,708 - INFO - EXPIRED
我驻美大使谢锋接受NBC采访：希望大家像关心大熊猫一样关心中美关系
https://new.qq.com/rain/a/20240810A02OTY00

2024-08-11 07:00:58,708 - INFO - EXPIRED
独家揭秘美国滥用兴奋剂全产业链
https://new.qq.com/rain/a/20240810A003EJ00

2024-08-11 07:00:58,708 - INFO - EXPIRED
马龙成为中国首个奥运六金王，如何评价他的历史地位？培养下一个马龙要等多少年？
https://view.inews.qq.com/a/20240810Q00CX600

2024-08-11 07:00:58,708 - INFO - EXPIRED
美股抹去本周大部分跌幅：中概全周涨3.6%领跑，美债收益率大涨两位数
https://new.qq.com/rain/a/20240810A010FF00

2024-08-11 07:00:58,708 - INFO - EXPIRED
乌方称顿涅茨克一超市和邮局遭炮击：已致14死43伤 碎片满地尘烟四起
https://new.qq.com/rain/a/20240810V01RAD00

2024-08-11 07:00:58,708 - INFO - EXPIRED
因空域限制，英国航空将暂停北京航线
https://new.qq.com/rain/a/20240809A05V8K00

2024-08-11 07:00:58,708 - INFO - EXPIRED
虚惊一场！特朗普所乘飞机遭遇机械故障 改道后已安全降落
https://new.qq.com/rain/a/20240810A00ZFK00

2024-08-11 07:00:58,708 - INFO - EXPIRED
胡先煦冯绍峰大决战！金龟子演大反派压轴登场压迫力巨大
https://new.qq.com/rain/a/20240809V05Y9300

2024-08-11 07:00:59,500 - INFO - INVALID
广东男子将前妻一家杀害？警方：多人死亡，嫌疑人外传案发现场照片
https://new.qq.com/rain/a/20240811A036OP00

2024-08-11 07:00:59,508 - INFO - INVALID
50岁后还能健康工作多少年？中国这项研究给出答案
https://new.qq.com/rain/a/20240811A01WU500

2024-08-11 07:00:59,656 - INFO - INVALID
百万“摇号大军”苦等汽车限购取消，有人等待14年摇号85次一次未中
https://new.qq.com/rain/a/20240811A0355E00

2024-08-11 07:00:59,736 - ERROR - ERROR
谷爱凌参加奥运大众组马拉松，成绩3小时24分36秒，作为首个全马，这个成绩如何？
https://view.inews.qq.com/a/20240811Q01RVF00
('list index out of range',)
======
Traceback (most recent call last):
  File "/home/runner/work/qqnews/qqnews/qq.py", line 81, in process_article
    ss = str(tmpbs.select("div.LEFT div.content.clearfix")[0])
             ~~~~~~~~~~~~~~~~~~~~~~~~~~~~~~~~~~~~~~~~~~~~~^^^
IndexError: list index out of range


2024-08-11 07:00:59,753 - INFO - EXIST
1对1 _ 矛盾的倪夏莲
https://new.qq.com/rain/a/20240811A01UKV00

2024-08-11 07:00:59,787 - INFO - INVALID
“最宽松C919客舱来了”：国航首架C919客机完成首次试飞
https://new.qq.com/rain/a/20240811A02H1L00

2024-08-11 07:00:59,828 - ERROR - ERROR
山西一七夕活动吐火表演突发事故：男子意外“引火上身”，脖子被烧红
https://new.qq.com/rain/a/20240811V03VMU00
('list index out of range',)
======
Traceback (most recent call last):
  File "/home/runner/work/qqnews/qqnews/qq.py", line 81, in process_article
    ss = str(tmpbs.select("div.LEFT div.content.clearfix")[0])
             ~~~~~~~~~~~~~~~~~~~~~~~~~~~~~~~~~~~~~~~~~~~~~^^^
IndexError: list index out of range


2024-08-11 07:00:59,939 - INFO - INVALID
网曝别克跨实线撞上科尼塞克定损406万，女车主自费百万，大V：不可能
https://new.qq.com/rain/a/20240811A0391200

2024-08-11 07:01:00,029 - INFO - INVALID
6千万粉丝网红“太原老葛”被立案：合作两次直播带货后，商户倒闭
https://new.qq.com/rain/a/20240811A027JM00

2024-08-11 07:01:00,081 - INFO - INVALID
河北一男子离校14年被退学，当事人：学校已为自己补发毕业证
https://new.qq.com/rain/a/20240811A02SKT00

2024-08-11 07:01:00,133 - INFO - INVALID
因拍“烟卡”流行，一些孩子已熟知香烟的“档次”和价格
https://new.qq.com/rain/a/20240811A02X7F00

2024-08-11 07:01:00,308 - INFO - INVALID
印军在克什米尔与武装分子交火，两名士兵丧生
https://new.qq.com/rain/a/20240811A02SB900

2024-08-11 07:01:00,406 - ERROR - ERROR
国际奥委会主席巴赫宣布不再连任，他在任期间干得如何？谁可能接班？
https://view.inews.qq.com/a/20240811Q00OMJ00
('list index out of range',)
======
Traceback (most recent call last):
  File "/home/runner/work/qqnews/qqnews/qq.py", line 81, in process_article
    ss = str(tmpbs.select("div.LEFT div.content.clearfix")[0])
             ~~~~~~~~~~~~~~~~~~~~~~~~~~~~~~~~~~~~~~~~~~~~~^^^
IndexError: list index out of range


2024-08-11 07:01:00,409 - ERROR - ERROR
解放军公布055发射鹰击-21画面 台退将：航母最多中两发就被击沉
https://new.qq.com/rain/a/20240811V020VR00
('list index out of range',)
======
Traceback (most recent call last):
  File "/home/runner/work/qqnews/qqnews/qq.py", line 81, in process_article
    ss = str(tmpbs.select("div.LEFT div.content.clearfix")[0])
             ~~~~~~~~~~~~~~~~~~~~~~~~~~~~~~~~~~~~~~~~~~~~~^^^
IndexError: list index out of range


2024-08-11 07:01:00,414 - INFO - INVALID
1.3亿元厂房被1.8万变卖？债权人气得快晕倒：若成交3000多万债就烂了
https://new.qq.com/rain/a/20240811A011RS00

2024-08-11 07:01:00,598 - INFO - INVALID
广西德天瀑布景区一项目发生故障1死60伤 游客：每人间隔1米坐下，身旁无安全带
https://new.qq.com/rain/a/20240811A00VGH00

2024-08-11 07:01:00,711 - INFO - INVALID
严查党员干部违规兼职！中纪委网站曝光案例
https://new.qq.com/rain/a/20240811A01GAO00

2024-08-11 07:01:00,759 - ERROR - ERROR
国乒包揽巴黎奥运5金，回顾本届奥运会有惊无险，未来谁会成为国乒威胁？
https://view.inews.qq.com/a/20240811Q00EED00
('list index out of range',)
======
Traceback (most recent call last):
  File "/home/runner/work/qqnews/qqnews/qq.py", line 81, in process_article
    ss = str(tmpbs.select("div.LEFT div.content.clearfix")[0])
             ~~~~~~~~~~~~~~~~~~~~~~~~~~~~~~~~~~~~~~~~~~~~~^^^
IndexError: list index out of range


2024-08-11 07:01:00,772 - INFO - INVALID
首马完赛！谷爱凌参加奥运大众组马拉松，成绩3小时24分36秒
https://new.qq.com/rain/a/20240811A00RTX00

2024-08-11 07:01:01,062 - INFO - INVALID
心理战还是顾虑重重？伊朗誓言报复以色列，为何迟迟不见行动
https://new.qq.com/rain/a/20240811A0154500

2024-08-11 07:01:01,076 - ERROR - ERROR
美国男篮夺得奥运五连冠，他们还能统治篮坛多久？未来谁最可能掀翻他们？
https://view.inews.qq.com/a/20240811Q01K5B00
('list index out of range',)
======
Traceback (most recent call last):
  File "/home/runner/work/qqnews/qqnews/qq.py", line 81, in process_article
    ss = str(tmpbs.select("div.LEFT div.content.clearfix")[0])
             ~~~~~~~~~~~~~~~~~~~~~~~~~~~~~~~~~~~~~~~~~~~~~^^^
IndexError: list index out of range


2024-08-11 07:01:01,080 - INFO - INVALID
以军空袭加沙学校遭多方谴责，总台报道员探访：校内弥漫着血腥味
https://new.qq.com/rain/a/20240811A00Y5900

2024-08-11 07:01:01,156 - INFO - INVALID
罕见的再审：一只流浪猫与24万元赔偿
https://new.qq.com/rain/a/20240811A00B2Y00

2024-08-11 07:01:01,176 - ERROR - ERROR
巴黎奥运会即将结束，中国队有望最终超越美国，问鼎金牌榜吗？
https://view.inews.qq.com/a/20240811Q00YFR00
('list index out of range',)
======
Traceback (most recent call last):
  File "/home/runner/work/qqnews/qqnews/qq.py", line 81, in process_article
    ss = str(tmpbs.select("div.LEFT div.content.clearfix")[0])
             ~~~~~~~~~~~~~~~~~~~~~~~~~~~~~~~~~~~~~~~~~~~~~^^^
IndexError: list index out of range


2024-08-11 07:01:01,368 - INFO - INVALID
胡塞武装宣布组建“新政府”
https://new.qq.com/rain/a/20240811A000IB00

2024-08-11 07:01:01,442 - INFO - INVALID
宁德时代成都“办车展”：承诺不造车不卖车 欲借C端战略突围
https://new.qq.com/rain/a/20240811A00VZL00

