2024-10-27 00:37:52,853 - INFO - EXPIRED
特朗普：如果再次当选美国总统，我就公布肯尼迪遇刺事件档案
https://new.qq.com/rain/a/20241026A07UKH00

2024-10-27 00:37:52,853 - INFO - EXPIRED
小米SU7车主持刀伤人致死，多次骂人拱火挑衅者要担责吗？律师分析
https://new.qq.com/rain/a/20241026A07VEZ00

2024-10-27 00:37:52,854 - INFO - EXPIRED
湖北宜昌一社区女书记疑被男子持刀伤害，网友称行凶者自杀，警方介入
https://new.qq.com/rain/a/20241026A07CEB00

2024-10-27 00:37:52,854 - INFO - EXPIRED
潘展乐连夺游泳世界杯400自和800自金牌，这成就有多牛？他自由泳实力有多强？
https://view.inews.qq.com/a/20241026Q07XJA00

2024-10-27 00:37:52,854 - INFO - EXPIRED
遭羁押7年后获判无罪，成都两名企业负责人申请近三千万国家赔偿
https://new.qq.com/rain/a/20241026A06YTH00

2024-10-27 00:37:52,854 - INFO - EXPIRED
外交部发言人就美国批准向中国台湾地区出售19.88亿美元武器答记者问
https://new.qq.com/rain/a/20241026A089MF00

2024-10-27 00:37:52,854 - INFO - EXPIRED
LV称合肥银泰中心涉事店员已经离职，此前被爆“勾引”男客户
https://new.qq.com/rain/a/20241026A08BGF00

2024-10-27 00:37:52,854 - INFO - EXPIRED
绝户老人生前埋下一壶银元：两男子请人带路探测挖出109枚贩卖，3人均获刑
https://new.qq.com/rain/a/20241026A071SL00

2024-10-27 00:37:52,854 - INFO - EXPIRED
“人贩子”余华英亲戚：判了死刑是好事，免得再出来害人
https://new.qq.com/rain/a/20241026A07AUR00

2024-10-27 00:37:52,854 - INFO - EXPIRED
“梅姨案”九名被拐卖儿童已全部找到 “梅姨”到底是谁？为何仍无影踪？
https://new.qq.com/rain/a/20241026A03IX100

2024-10-27 00:37:52,854 - INFO - EXPIRED
潜逃27年命案嫌犯落网4年后将受审：一度获不起诉，受害人家属望严惩
https://new.qq.com/rain/a/20241026A07KZ400

2024-10-27 00:37:52,854 - INFO - EXPIRED
摒弃“统一”叙事，无人机事件引发朝韩危局
https://new.qq.com/rain/a/20241026A07YXN00

2024-10-27 00:37:52,854 - INFO - EXPIRED
中国游客在韩国夜店被灌假酒拒付钱，遭殴打数小时！3人被抓
https://new.qq.com/rain/a/20241025A095VH00

2024-10-27 00:37:52,854 - INFO - EXPIRED
拍照获取员工通讯录被抓，女猎头向董事长求饶，她犯了什么法？公司该原谅吗？
https://view.inews.qq.com/a/20241026Q02MH800

2024-10-27 00:37:52,854 - INFO - EXPIRED
女子背小儿麻痹症男友登泰山引关注，当事人回应网友质疑
https://new.qq.com/rain/a/20241026A07G4R00

2024-10-27 00:37:52,854 - INFO - EXPIRED
重庆一棋牌室遭便衣男子冒充派出所人员检查、驱赶客人？当地警方回应
https://new.qq.com/rain/a/20241026A05WS900

2024-10-27 00:37:52,854 - INFO - EXPIRED
多地披露清退编外人员账本：湖南邵东清退三百余人，节约两千万元以上
https://new.qq.com/rain/a/20241026A07KYG00

2024-10-27 00:37:52,854 - INFO - EXPIRED
伊朗东南部发生恐怖袭击 恐怖组织“正义军”宣称负责
https://new.qq.com/rain/a/20241026A07RLI00

2024-10-27 00:37:52,854 - INFO - EXPIRED
朝鲜外务省回应派兵疑云，韩国与波兰商定共同应对朝俄军事合作
https://new.qq.com/rain/a/20241026A00YZT00

2024-10-27 00:37:52,854 - INFO - EXPIRED
美媒：宾州一县发现约2500份选民登记表疑似存在选举欺诈，正展开调查
https://new.qq.com/rain/a/20241026A077J600

2024-10-27 00:37:52,854 - INFO - EXPIRED
北大在忆阻器电路领域取得重要进展，什么是忆阻器？忆阻器电路有哪些应用？
https://view.inews.qq.com/a/20241025Q0AITS00

2024-10-27 00:37:52,854 - INFO - EXPIRED
同日同州举行集会，哈里斯和特朗普各出奇招
https://new.qq.com/rain/a/20241026A07LZR00

2024-10-27 00:37:52,854 - INFO - EXPIRED
史上第一次，美国总统向他们正式道歉
https://new.qq.com/rain/a/20241026A06O2900

2024-10-27 00:37:52,854 - INFO - EXPIRED
河北一理发店“空气检测不达标”被罚千元，店主称曾交钱未检就拿报告
https://new.qq.com/rain/a/20241025A09XNM00

2024-10-27 00:37:52,854 - INFO - EXPIRED
今年落马的第一只老虎被公诉，与周永康被控同一罪名
https://new.qq.com/rain/a/20241026A0350K00

2024-10-27 00:37:52,854 - INFO - EXPIRED
“逃”到美国的皇室女，“金主”破产了
https://new.qq.com/rain/a/20241026A04S3800

2024-10-27 00:37:52,854 - INFO - EXPIRED
巴西总统浴室摔倒后首次出席活动：头部缝线伤疤清晰可见
https://new.qq.com/rain/a/20241026V068WY00

2024-10-27 00:37:52,854 - INFO - EXPIRED
媒体统计80多名亿万富翁支持哈里斯，50名相助特朗普，怎么差这么多？会怎么影响结果？
https://view.inews.qq.com/a/20241026Q05T4200

2024-10-27 00:37:52,854 - INFO - EXPIRED
阿里巴巴同意支付4.335亿美元和解美股集体诉讼案
https://new.qq.com/rain/a/20241026A06HRS00

2024-10-27 00:37:52,854 - INFO - EXPIRED
全球买飞机最多的国家频被恶作剧：9天120起炸弹威胁，还没有解决办法
https://new.qq.com/rain/a/20241026A02U8O00

2024-10-27 00:37:52,854 - INFO - EXPIRED
美国一宇航员返回地球后出现健康问题
https://new.qq.com/rain/a/20241026A04P6100

2024-10-27 00:37:52,854 - INFO - EXPIRED
日媒：受“黑金”丑闻等影响，自民党众议院选举恐难获得过半议席
https://new.qq.com/rain/a/20241026A06JFD00

2024-10-27 00:37:52,854 - INFO - EXPIRED
热点问答 | 以色列在美国大选前对伊朗动手，为何迅速“鸣金收兵”？
https://new.qq.com/rain/a/20241026A03ZRR00

2024-10-27 00:37:52,854 - INFO - EXPIRED
成都一足球队踢13:1比分，涉嫌伪造社保、请外援？当地足协回应
https://new.qq.com/rain/a/20241026A05CCI00

2024-10-27 00:37:52,854 - INFO - EXPIRED
余华英被判死刑当天，丈夫获刑16年半，被拐者杨妞花：这辈子别想出来
https://new.qq.com/rain/a/20241026A05C3Z00

2024-10-27 00:37:52,854 - INFO - EXPIRED
高考16次的唐尚珺回应退学复读质疑：不再走回头路，仍在学校，不会退学
https://new.qq.com/rain/a/20241026A04JOE00

2024-10-27 00:37:52,854 - INFO - EXPIRED
吉林省委书记暗访文保：决不能干“拆真古迹、建假古董”的蠢事
https://new.qq.com/rain/a/20241026A03A6N00

2024-10-27 00:37:52,854 - INFO - EXPIRED
网友称父亲在直播间3000元捡漏“名画”被骗50万，如今针对中老年又有哪些新直播套路？
https://view.inews.qq.com/a/20241024Q05TKE00

2024-10-27 00:37:52,854 - INFO - EXPIRED
福建漳州一货车与电动自行车发生碰撞 造成3人死亡
https://new.qq.com/rain/a/20241026A067IE00

2024-10-27 00:37:52,854 - INFO - EXPIRED
新疆阿克苏地区库车市发生5.5级地震
https://new.qq.com/rain/a/20241026A05X2R00

2024-10-27 00:37:52,854 - INFO - EXPIRED
美国纽约证券交易所最新公告：拟延长股市交易时间！
https://new.qq.com/rain/a/20241026A04M3J00

2024-10-27 00:37:52,854 - INFO - EXPIRED
背靠背进决赛！郑钦文2-0抢七横扫6号种子 将战前澳网冠军肯宁
https://new.qq.com/rain/a/20241026A04U2N00

2024-10-27 00:37:52,854 - INFO - EXPIRED
中美经济工作组举行第六次会议
https://new.qq.com/rain/a/20241026A0526600

2024-10-27 00:37:52,854 - INFO - EXPIRED
红斑狼疮患者讲述：每天吃药没那么可怕，但我妈那天一夜未眠
https://new.qq.com/rain/a/20241026A03RTO00

2024-10-27 00:37:52,854 - INFO - EXPIRED
家属用病床推病人到银行办业务，为何有些业务必须本人办理？有替代办法吗？
https://view.inews.qq.com/a/20241025Q07AAF00

2024-10-27 00:37:52,854 - INFO - EXPIRED
神舟十九号发射场区展开全系统合练 计划将于近日择机发射 
https://new.qq.com/rain/a/20241026A04ZUW00

2024-10-27 00:37:52,854 - INFO - EXPIRED
日方将归还中国16只朱鹮，10月31日抵京
https://new.qq.com/rain/a/20241026A014SM00

2024-10-27 00:37:52,854 - INFO - EXPIRED
越共中央总书记苏林、国家主席梁强、政府总理范明政分别会见张又侠
https://new.qq.com/rain/a/20241026A03SF700

2024-10-27 00:37:52,854 - INFO - EXPIRED
教育部：2023年幼儿园减少1.4万余所，在园幼儿人数下降超10%
https://new.qq.com/rain/a/20241026A01U3C00

2024-10-27 00:37:52,854 - INFO - EXPIRED
以色列对伊朗军事目标发动袭击，这次袭击和以往有哪些不同？
https://view.inews.qq.com/a/20241026Q03JWM00

2024-10-27 00:37:52,854 - INFO - EXPIRED
四川一卫生院被指给儿童一次打完两针狂犬疫苗，卫健局：已批评教育
https://new.qq.com/rain/a/20241025A0875900

2024-10-27 00:37:52,854 - INFO - EXPIRED
网友称祖传的古钱币被专家告知不值钱，有什么东西看似能代代相传，实际并不值钱？
https://view.inews.qq.com/a/20241025Q09NI000

2024-10-27 00:37:52,855 - INFO - EXPIRED
湖南省审计厅厅长陈博彰调任省财政厅党组书记
https://new.qq.com/rain/a/20241026A03TPL00

2024-10-27 00:37:52,855 - INFO - EXPIRED
台媒：台海军基地深夜传出枪响，一哨兵中弹身亡，军方回应
https://new.qq.com/rain/a/20241026A01F6900

2024-10-27 00:37:52,855 - INFO - EXPIRED
恒大汽车引战希望最终破灭，潜在股份转让交易中止
https://new.qq.com/rain/a/20241026A03HHC00

2024-10-27 00:37:52,855 - INFO - EXPIRED
以色列对伊朗动手了，但还留有“余地”
https://new.qq.com/rain/a/20241026A01OTE00

2024-10-27 00:37:52,855 - INFO - EXPIRED
女子凌晨遭醉酒男子入室强吻，浙江兰溪警方通报：嫌犯被抓获
https://new.qq.com/rain/a/20241026A0258A00

2024-10-27 00:37:52,855 - INFO - EXPIRED
以色列启动对伊朗的袭击，发电厂是目标之一，为何盯上电厂？伊朗能应对吗？
https://view.inews.qq.com/a/20241026Q01SPR00

2024-10-27 00:37:52,855 - INFO - EXPIRED
赖清德对台湾回归中国历史避而不谈，国台办：暴露其“谋独抗中”本性
https://new.qq.com/rain/a/20241026A01SB500

2024-10-27 00:37:52,855 - INFO - EXPIRED
中央纪委国家监委通报：1至9月立案行贿人员1.9万人
https://new.qq.com/rain/a/20241026A00SZL00

2024-10-27 00:37:52,855 - INFO - EXPIRED
吸引更多年轻人！多个三四线城市购房补贴转向中专生
https://new.qq.com/rain/a/20241026A0247O00

2024-10-27 00:37:52,855 - INFO - EXPIRED
一幅由AI创造的画，估价超过12万美元
https://new.qq.com/rain/a/20241026A03BSE00

2024-10-27 00:37:52,855 - INFO - EXPIRED
两架轻型飞机在澳大利亚相撞坠毁 致3人死亡
https://new.qq.com/rain/a/20241026A02UUS00

2024-10-27 00:37:52,855 - INFO - EXPIRED
国常会部署一揽子增量政策落地，四季度经济增速有望回升
https://new.qq.com/rain/a/20241026A02PG900

2024-10-27 00:37:52,855 - INFO - EXPIRED
中国恒大：清盘聆讯定于11月14日，时长不超过两小时
https://new.qq.com/rain/a/20241026A01M0D00

2024-10-27 00:37:52,855 - INFO - EXPIRED
换季儿童支气管肺炎发病率上升，但很多人说不要轻易打针输液，我该听吗？
https://view.inews.qq.com/a/20241024Q05NDK00

2024-10-27 00:37:52,855 - INFO - EXPIRED
160斤野猪闯入杭州市区伤人 多名警察“泰山压顶”围捕 已无害化处理
https://new.qq.com/rain/a/20241025A09J1Y00

2024-10-27 00:37:52,855 - INFO - EXPIRED
画面公开！以媒：以军袭击伊朗之际，内塔尼亚胡与以防长等在地下掩体
https://new.qq.com/rain/a/20241026A01HYJ00

2024-10-27 00:37:52,855 - INFO - EXPIRED
美国大选进入最后十天倒计时：哈里斯加大攻击力度，特朗普大派“免税红包”
https://new.qq.com/rain/a/20241026A00V8Z00

2024-10-27 00:37:52,855 - INFO - EXPIRED
美国财政部被曝正在考虑调查稳定币巨头Tether，主流加密货币下跌
https://new.qq.com/rain/a/20241026A01R6500

2024-10-27 00:37:52,855 - INFO - EXPIRED
拐孩子的余华英判了，买孩子的呢
https://new.qq.com/rain/a/20241025A09XZ300

2024-10-27 00:37:52,855 - INFO - EXPIRED
有人直播饲养老鼠用来炒菜？市监：严禁作为食品销售
https://new.qq.com/rain/a/20241026A01OT300

2024-10-27 00:37:52,855 - INFO - EXPIRED
纽约证券交易所官宣：计划延长美股交易时段至一天22小时
https://new.qq.com/rain/a/20241025A0ADHJ00

2024-10-27 00:37:52,855 - INFO - EXPIRED
站在房价高位的那一群人：跌了100万后，与自己和解
https://new.qq.com/rain/a/20241026A01TXW00

2024-10-27 00:37:52,855 - INFO - EXPIRED
金正恩向中朝友谊塔送花圈
https://new.qq.com/rain/a/20241026A00V5000

2024-10-27 00:37:52,855 - INFO - EXPIRED
女猎头向奇安信董事长求饶，拍照获取员工通讯录，侵犯个人信息如何判定？
https://new.qq.com/rain/a/20241026A0078900

2024-10-27 00:37:52,855 - INFO - EXPIRED
中国男游客称在清迈按摩店“遭性侵”！领馆确认曾有相关求助
https://new.qq.com/rain/a/20241025A09QR200

2024-10-27 00:37:52,855 - INFO - EXPIRED
拜登正式为美政府强迫原住民儿童进入寄宿学校道歉：这是我们灵魂上的罪孽，是美国历史上的污点
https://new.qq.com/rain/a/20241026A012ZL00

2024-10-27 00:37:52,855 - INFO - EXPIRED
乌称俄无人机击中基辅市一住宅楼 致楼层起火受损
https://new.qq.com/rain/a/20241026A00O9300

2024-10-27 00:37:52,855 - INFO - EXPIRED
美最新民调：美国大选关键的七个摇摆州，哈里斯和特朗普支持率仍不相上下
https://new.qq.com/rain/a/20241026A00V9000

2024-10-27 00:37:52,855 - INFO - EXPIRED
美俄宇航员搭“龙”飞船返回地球后入院接受评估
https://new.qq.com/rain/a/20241026A00SC900

2024-10-27 00:37:52,855 - INFO - EXPIRED
苹果“高度机密”App测试曝光，或助力十五年历史血糖监测设备研究
https://new.qq.com/rain/a/20241026A00PH400

2024-10-27 00:37:52,855 - INFO - EXPIRED
红斑狼疮：有药可医、无药治愈，500万患者期待新疗法
https://new.qq.com/rain/a/20241025A096QA00

2024-10-27 00:37:52,855 - INFO - EXPIRED
台媒：柯文哲被申请延长羁押，将于10月31日下午开庭审理
https://new.qq.com/rain/a/20241025A08B3P00

2024-10-27 00:37:52,855 - INFO - EXPIRED
山东一高校起火多名学生送医，负责人称因涉事楼层低未安装烟雾报警器
https://new.qq.com/rain/a/20241025A09L3J00

2024-10-27 00:37:52,855 - INFO - EXPIRED
男子钓鱼发现“浮尸”？成都简阳警方通报：死者22岁，溺水死亡
https://new.qq.com/rain/a/20241025A09MRK00

2024-10-27 00:37:52,855 - INFO - EXPIRED
传山东菏泽南站一主播直播时被打，街道办：该地禁止直播，发现会劝导
https://new.qq.com/rain/a/20241025A095Y600

2024-10-27 00:37:52,855 - INFO - EXPIRED
伙伴国参加金砖会晤，欧盟领导人作出“反省”
https://new.qq.com/rain/a/20241025A0911M00

2024-10-27 00:37:52,855 - INFO - EXPIRED
朝鲜外务省首次正面回应“朝鲜向俄罗斯派兵”
https://new.qq.com/rain/a/20241025A09S8S00

2024-10-27 00:37:52,855 - INFO - EXPIRED
美股收盘：三大指数走势分化 道指五连跌 纳指盘中创新高
https://new.qq.com/rain/a/20241026A00VBM00

2024-10-27 00:37:52,855 - INFO - EXPIRED
多项民调显示特朗普支持率反超哈里斯，经济议题优势明显
https://new.qq.com/rain/a/20241025A03RW800

2024-10-27 00:37:52,855 - INFO - EXPIRED
有心理疾病男子在星巴克卫生间装摄像头，已被警方抓获
https://new.qq.com/rain/a/20241025A0AQ1A00

2024-10-27 00:37:52,855 - INFO - EXPIRED
14岁男生校内厕所疑遭霸凌腰部骨折，妈妈晒厕所监控讨公道，官方回应
https://new.qq.com/rain/a/20241025A084X200

2024-10-27 00:37:52,855 - INFO - EXPIRED
以色列袭击黎巴嫩南部致3名记者死亡，黎部长谴责：这是战争罪
https://new.qq.com/rain/a/20241025A07WKJ00

2024-10-27 00:37:53,373 - INFO - INVALID
“保时捷售价跌破40万”促销噱头背后：前9月在中国市场销量降近三成
https://new.qq.com/rain/a/20241027A018NW00

2024-10-27 00:37:53,379 - INFO - INVALID
首长秘书被称为“大秘”？军报刊文：带头纠治各种非规范称呼
https://new.qq.com/rain/a/20241027A0198G00

2024-10-27 00:37:53,382 - INFO - INVALID
美国税收政策中心报告：特朗普关税政策对共和党铁票仓打击最大
https://new.qq.com/rain/a/20241027A00TI600

2024-10-27 00:37:53,450 - INFO - INVALID
比请护工一天便宜几十元，缓解“一人住院 全家奔波”，国家指南来了
https://new.qq.com/rain/a/20241027A015AZ00

2024-10-27 00:37:53,686 - INFO - INVALID
泽连斯基签署法律，允许外籍人士担任乌军军官
https://new.qq.com/rain/a/20241027A0164100

2024-10-27 00:37:53,759 - INFO - INVALID
猎头获取上千员工通讯录被捕？奇安信回应：所述多处与事实严重不符
https://new.qq.com/rain/a/20241027A017XR00

