2025-08-22 00:39:52,814 - INFO - Total time taken: {'ret': 0, 'msg': 'success', 'data': None}
2025-08-22 00:39:52,815 - INFO - 'NoneType' object is not subscriptable
2025-08-22 00:39:52,815 - INFO - Traceback (most recent call last):
  File "/home/runner/work/qqnews/qqnews/qq.py", line 128, in main
    for i in qq1["data"]["list"]:
             ~~~~~~~~~~~^^^^^^^^
TypeError: 'NoneType' object is not subscriptable

2025-08-22 02:24:04,602 - INFO - Total time taken: {'ret': 0, 'msg': 'success', 'data': None}
2025-08-22 02:24:04,602 - INFO - 'NoneType' object is not subscriptable
2025-08-22 02:24:04,603 - INFO - Traceback (most recent call last):
  File "/home/runner/work/qqnews/qqnews/qq.py", line 128, in main
    for i in qq1["data"]["list"]:
             ~~~~~~~~~~~^^^^^^^^
TypeError: 'NoneType' object is not subscriptable

2025-08-22 03:34:05,588 - INFO - Total time taken: {'ret': 0, 'msg': 'success', 'data': None}
2025-08-22 03:34:05,588 - INFO - 'NoneType' object is not subscriptable
2025-08-22 03:34:05,589 - INFO - Traceback (most recent call last):
  File "/home/runner/work/qqnews/qqnews/qq.py", line 128, in main
    for i in qq1["data"]["list"]:
             ~~~~~~~~~~~^^^^^^^^
TypeError: 'NoneType' object is not subscriptable

2025-08-22 04:10:45,701 - INFO - Total time taken: {'ret': 0, 'msg': 'success', 'data': None}
2025-08-22 04:10:45,702 - INFO - 'NoneType' object is not subscriptable
2025-08-22 04:10:45,702 - INFO - Traceback (most recent call last):
  File "/home/runner/work/qqnews/qqnews/qq.py", line 128, in main
    for i in qq1["data"]["list"]:
             ~~~~~~~~~~~^^^^^^^^
TypeError: 'NoneType' object is not subscriptable

