2024-08-12 00:31:41,519 - INFO - EXPIRED
广西景区“魔毯”项目致1死60伤：无明确行业标准，事发时或人员超载
https://new.qq.com/rain/a/20240811A0540100

2024-08-12 00:31:41,519 - INFO - EXPIRED
河北唐山持续反腐：连续10名省管干部被查，从4月持续到8月
https://new.qq.com/rain/a/20240811A0704E00

2024-08-12 00:31:41,519 - INFO - EXPIRED
广东新冠感染增加1万余病例，专家：正常起峰，变异株传染性弱
https://new.qq.com/rain/a/20240811A039AR00

2024-08-12 00:31:41,519 - INFO - EXPIRED
四川14岁女孩失联12天，母亲：曾有朋友邀她去云南，让她回来她不回来
https://new.qq.com/rain/a/20240811V05FS500

2024-08-12 00:31:41,519 - INFO - EXPIRED
长沙两小孩从33楼往下不断抛砖头，砸坏楼下护栏和一辆车，家长致歉
https://new.qq.com/rain/a/20240811A06I1T00

2024-08-12 00:31:41,520 - INFO - EXPIRED
45岁硅谷华人工程师海钓身亡，家里无力承担丧葬费已募捐10万美元
https://new.qq.com/rain/a/20240811A06HK900

2024-08-12 00:31:41,520 - INFO - EXPIRED
还原董宇辉、俞敏洪“分手”内幕：信任丧失、关系微妙
https://new.qq.com/rain/a/20240811A0509A00

2024-08-12 00:31:41,520 - INFO - EXPIRED
“如果你穷，就在家不要出来！”青岛一女导游侮辱游客？当地通报
https://new.qq.com/rain/a/20240811A03HL200

2024-08-12 00:31:41,520 - INFO - EXPIRED
奥运“美”人，别走
https://new.qq.com/rain/a/20240811A04Z5100

2024-08-12 00:31:41,520 - INFO - EXPIRED
6千万粉丝网红“太原老葛”疑因割商家韭菜900万被立案侦查，为何有那么多粉丝？
https://view.inews.qq.com/a/20240811Q03Y9L00

2024-08-12 00:31:41,520 - INFO - EXPIRED
塞尔维亚再度爆发大规模抗议，武契奇此前曾表态：有人酝酿政变
https://new.qq.com/rain/a/20240811A046EW00

2024-08-12 00:31:41,520 - INFO - EXPIRED
20岁女孩租房独住快一年发现是“凶宅”，称有3000元未退或起诉房东
https://new.qq.com/rain/a/20240810A07BD200

2024-08-12 00:31:41,520 - INFO - EXPIRED
柯文哲陷900余万新台币假账争议 柯妈喊冤：儿子品行第一，绝不敢贪
https://new.qq.com/rain/a/20240811A01RJG00

2024-08-12 00:31:41,520 - INFO - EXPIRED
河北省唐山市委常委、宣传部部长李丽接受纪律审查和监察调查
https://new.qq.com/rain/a/20240811A06OC500

2024-08-12 00:31:41,520 - INFO - EXPIRED
农夫山泉钟睒睒：我白手起家、干干净净，对自己的结局非常有信心 
https://new.qq.com/rain/a/20240811A03HLY00

2024-08-12 00:31:41,520 - INFO - EXPIRED
1996年出生的男子已“副处级”，还作为专家参与调研？涉事单位回应
https://new.qq.com/rain/a/20240811A04BK900

2024-08-12 00:31:41,520 - INFO - EXPIRED
中山大学37岁副教授突发疾病离世，好友：他靠奖学金和打工兼职来读博
https://new.qq.com/rain/a/20240811A043W600

2024-08-12 00:31:41,520 - INFO - EXPIRED
广东男子将前妻一家杀害？警方：多人死亡，嫌疑人外传案发现场照片
https://new.qq.com/rain/a/20240811A036OP00

2024-08-12 00:31:41,520 - INFO - EXPIRED
百万“摇号大军”苦等汽车限购取消，有人等待14年摇号85次一次未中
https://new.qq.com/rain/a/20240811A0355E00

2024-08-12 00:31:41,520 - INFO - EXPIRED
33所学校“营养餐”均为同一供应商，纪委倒查后16人主动说清问题
https://new.qq.com/rain/a/20240811A03Q6600

2024-08-12 00:31:41,520 - INFO - EXPIRED
业余选手更快！马拉松大众组女子冠军，成绩超过中国队2位奥运选手
https://new.qq.com/rain/a/20240811A0530100

2024-08-12 00:31:41,520 - INFO - EXPIRED
中共中央、国务院：推广低碳交通运输工具，大力推广新能源汽车
https://new.qq.com/rain/a/20240811A05V7V00

2024-08-12 00:31:41,520 - INFO - EXPIRED
合资品牌挺不住了？
https://new.qq.com/rain/a/20240811A046F000

2024-08-12 00:31:41,520 - INFO - EXPIRED
北航发明仅重4.2克的太阳能飞行器，越小难度越大？将来有哪些应用？
https://view.inews.qq.com/a/20240811Q05OWV00

2024-08-12 00:31:41,520 - INFO - EXPIRED
以军调整“人道主义区” 要求加沙汗尤尼斯部分民众撤离
https://new.qq.com/rain/a/20240811A03E9400

2024-08-12 00:31:41,520 - INFO - EXPIRED
别克实线变道撞豪华跑车定损406万，女车主自费百万？大V：不可能
https://new.qq.com/rain/a/20240811A0391200

2024-08-12 00:31:41,520 - INFO - EXPIRED
解放军公布055发射鹰击-21画面 台退将：航母最多中两发就被击沉
https://new.qq.com/rain/a/20240811V020VR00

2024-08-12 00:31:41,520 - INFO - EXPIRED
印军在克什米尔与武装分子交火，两名士兵丧生
https://new.qq.com/rain/a/20240811A02SB900

2024-08-12 00:31:41,520 - INFO - EXPIRED
因拍“烟卡”流行，一些孩子已熟知香烟的“档次”和价格
https://new.qq.com/rain/a/20240811A02X7F00

2024-08-12 00:31:41,520 - INFO - EXPIRED
6千万粉丝网红“太原老葛”被立案：合作两次直播带货后，商户倒闭
https://new.qq.com/rain/a/20240811A027JM00

2024-08-12 00:31:41,520 - INFO - EXPIRED
以军空袭加沙一学校造成超100人死亡，以方坚称：那里没有妇女儿童
https://new.qq.com/rain/a/20240811A02T0100

2024-08-12 00:31:41,520 - INFO - EXPIRED
山西一七夕活动吐火表演突发事故：男子意外“引火上身”，脖子被烧红
https://new.qq.com/rain/a/20240811V03VMU00

2024-08-12 00:31:41,520 - INFO - EXPIRED
“最宽松”C919客舱来了，国航首架C919客机完成首次试飞
https://new.qq.com/rain/a/20240811A02H1L00

2024-08-12 00:31:41,520 - INFO - EXPIRED
1对1 | 矛盾的倪夏莲
https://new.qq.com/rain/a/20240811A01UKV00

2024-08-12 00:31:41,520 - INFO - EXPIRED
谷爱凌参加奥运大众组马拉松，成绩3小时24分36秒，作为首个全马，这个成绩如何？
https://view.inews.qq.com/a/20240811Q01RVF00

2024-08-12 00:31:41,520 - INFO - EXPIRED
河北一男子离校14年被退学，当事人：学校已为自己补发毕业证
https://new.qq.com/rain/a/20240811A02SKT00

2024-08-12 00:31:41,520 - INFO - EXPIRED
50岁后还能健康工作多少年？中国这项研究给出答案
https://new.qq.com/rain/a/20240811A01WU500

2024-08-12 00:31:41,520 - INFO - EXPIRED
网友称“青岛地铁小伙遭老人殴打”非因拒让座，系前者先多次辱骂老人
https://new.qq.com/rain/a/20240809A09O8H00

2024-08-12 00:31:41,520 - INFO - EXPIRED
国际奥委会主席巴赫宣布不再连任，他在任期间干得如何？谁可能接班？
https://view.inews.qq.com/a/20240811Q00OMJ00

2024-08-12 00:31:41,520 - INFO - EXPIRED
广东佛山高明有轨电车停运：投入运营不到五年，财政支出近3.5亿
https://new.qq.com/rain/a/20240810A036R000

2024-08-12 00:31:41,520 - INFO - EXPIRED
1.3亿元厂房被1.8万变卖？债权人气得快晕倒：若成交3000多万债就烂了
https://new.qq.com/rain/a/20240811A011RS00

2024-08-12 00:31:41,520 - INFO - EXPIRED
国乒包揽巴黎奥运5金，回顾本届奥运会有惊无险，未来谁会成为国乒威胁？
https://view.inews.qq.com/a/20240811Q00EED00

2024-08-12 00:31:41,520 - INFO - EXPIRED
广西德天瀑布景区一项目发生故障1死60伤 游客：每人间隔1米坐下，身旁无安全带
https://new.qq.com/rain/a/20240811A00VGH00

2024-08-12 00:31:41,520 - INFO - EXPIRED
美国男篮夺得奥运五连冠，他们还能统治篮坛多久？未来谁最可能掀翻他们？
https://view.inews.qq.com/a/20240811Q01K5B00

2024-08-12 00:31:41,520 - INFO - EXPIRED
严查党员干部违规兼职！中纪委网站曝光案例
https://new.qq.com/rain/a/20240811A01GAO00

2024-08-12 00:31:41,520 - INFO - EXPIRED
首马完赛！谷爱凌参加奥运大众组马拉松，成绩3小时24分36秒
https://new.qq.com/rain/a/20240811A00RTX00

2024-08-12 00:31:41,520 - INFO - EXPIRED
巴黎奥运会即将结束，中国队有望最终超越美国，问鼎金牌榜吗？
https://view.inews.qq.com/a/20240811Q00YFR00

2024-08-12 00:31:41,520 - INFO - EXPIRED
以军空袭加沙学校遭多方谴责，总台报道员探访：校内弥漫着血腥味
https://new.qq.com/rain/a/20240811A00Y5900

2024-08-12 00:31:41,520 - INFO - EXPIRED
5万人涌入？富士康在河南大量招工，中介：报名面试90%都可以过
https://new.qq.com/rain/a/20240810A0557V00

2024-08-12 00:31:41,520 - INFO - EXPIRED
心理战还是顾虑重重？伊朗誓言报复以色列，为何迟迟不见行动
https://new.qq.com/rain/a/20240811A0154500

2024-08-12 00:31:41,521 - INFO - EXPIRED
中国跳水队首次实现包揽奥运8金壮举，这有多难？哪些单项还相对薄弱？
https://view.inews.qq.com/a/20240810Q08BTA00

2024-08-12 00:31:41,521 - INFO - EXPIRED
央视《对话》深度访谈钟睒睒：理想主义的疯子
https://new.qq.com/rain/a/20240810A087IJ00

2024-08-12 00:31:41,521 - INFO - EXPIRED
罕见的再审：一只流浪猫与24万元赔偿
https://new.qq.com/rain/a/20240811A00B2Y00

2024-08-12 00:31:41,521 - INFO - EXPIRED
6千万粉丝网红“太原老葛”被警方立案侦查，曾卖“复活项链”被打假
https://new.qq.com/rain/a/20240810A07R3300

2024-08-12 00:31:41,521 - INFO - EXPIRED
宁德时代成都“办车展”：承诺不造车不卖车 欲借C端战略突围
https://new.qq.com/rain/a/20240811A00VZL00

2024-08-12 00:31:41,521 - INFO - EXPIRED
致1死60伤的广西景区将闭园！亲历游客：腰椎骨折了不能动
https://new.qq.com/rain/a/20240810A0897K00

2024-08-12 00:31:41,521 - INFO - EXPIRED
储户1.5万工资被平台“莫名其妙”划扣？银行解释：系统一键绑定
https://new.qq.com/rain/a/20240809A06JTC00

2024-08-12 00:31:41,521 - INFO - EXPIRED
​英国发生大规模骚乱，马斯克拱火：英国内战不可避免
https://new.qq.com/rain/a/20240810A06KJU00

2024-08-12 00:31:41,521 - INFO - EXPIRED
争议连环爆，柯文哲将陷全面危机
https://new.qq.com/rain/a/20240810A07INL00

2024-08-12 00:31:41,521 - INFO - EXPIRED
多地披露殡葬领域腐败案件
https://new.qq.com/rain/a/20240810A04VSD00

2024-08-12 00:31:41,521 - INFO - EXPIRED
多地楼市“限价”退出市场，购房者投诉降价没用了
https://new.qq.com/rain/a/20240810A079RK00

2024-08-12 00:31:41,521 - INFO - EXPIRED
胡塞武装宣布组建“新政府”
https://new.qq.com/rain/a/20240811A000IB00

2024-08-12 00:31:41,521 - INFO - EXPIRED
“传送带突然断裂很多人压在一起！”伤者讲述广西一景区1死60伤事故
https://new.qq.com/rain/a/20240810A085HF00

2024-08-12 00:31:41,521 - INFO - EXPIRED
烧烤店4男2女发生冲突，两女子用酒瓶互殴？7人为赚流量编造剧本约架
https://new.qq.com/rain/a/20240810A03MV000

2024-08-12 00:31:41,521 - INFO - EXPIRED
有样学样？初二男生一天给主播打赏5万，他爸爸玩直播4年花100万
https://new.qq.com/rain/a/20240810A03K7P00

2024-08-12 00:31:41,521 - INFO - EXPIRED
追讨父亲的198万死亡赔偿金：大伯代管近8年后，法院判其归还剩余79.4万
https://new.qq.com/rain/a/20240810A0717H00

2024-08-12 00:31:41,521 - INFO - EXPIRED
菲律宾空军战机非法闯入南海黄岩岛空域 南部战区依法警告驱离
https://new.qq.com/rain/a/20240810A077OR00

2024-08-12 00:31:41,521 - INFO - EXPIRED
奥运冠军杨威回应网友让其去考裁判证：生活就像比赛，有时未必如愿
https://new.qq.com/rain/a/20240810A05F5500

2024-08-12 00:31:41,521 - INFO - EXPIRED
女子举报税务干部一家四千万来路不明，当地税务局通报
https://new.qq.com/rain/a/20240810A06MVH00

2024-08-12 00:31:41,521 - INFO - EXPIRED
一群中国普通人，跑进巴黎奥运会
https://new.qq.com/rain/a/20240810A073FF00

2024-08-12 00:31:41,521 - INFO - EXPIRED
广西一景区“魔毯”项目故障致1死60伤 目击者：设备不停转卡住很多人
https://new.qq.com/rain/a/20240810A07O9800

2024-08-12 00:31:41,521 - INFO - EXPIRED
35岁的马龙宣布告别奥运，但表示不适合当教练，球打得这么好怎么不适合？
https://view.inews.qq.com/a/20240810Q06XFM00

2024-08-12 00:31:41,521 - INFO - EXPIRED
资生堂上半年净利润跌99.9%！公司称“核污水致中国消费者购买意愿下降”
https://new.qq.com/rain/a/20240810A03T9U00

2024-08-12 00:31:41,521 - INFO - EXPIRED
俄指挥官称北约雇佣兵攻入俄本土，北约要和俄罗斯直接对抗了吗？
https://view.inews.qq.com/a/20240810Q04BV800

2024-08-12 00:31:41,521 - INFO - EXPIRED
将油罐车改装为“移动加油站”，一私售柴油团伙被警方查获
https://new.qq.com/rain/a/20240810A03BSP00

2024-08-12 00:31:41,521 - INFO - EXPIRED
得知室友有猝死风险 朋友退租搬家 家人失联 上海一房东网络发帖求助
https://new.qq.com/rain/a/20240810A04OUB00

2024-08-12 00:31:41,521 - INFO - EXPIRED
由于地表各地区重力加速度不尽相同，奥运举重世界纪录会考虑这个因素吗？
https://view.inews.qq.com/a/20240809Q0A6ZB00

2024-08-12 00:31:41,521 - INFO - EXPIRED
“阳了”的人又多了？张文宏发声：新冠已呈“阶段性波动”
https://new.qq.com/rain/a/20240810A03JNM00

2024-08-12 00:31:41,521 - INFO - EXPIRED
出国务工赚高薪？境外不是你梦想的天堂，小伙被抓后说外面哪有祖国好
https://new.qq.com/rain/a/20240809V03PLK00

2024-08-12 00:31:41,521 - INFO - EXPIRED
房贷返点，隐秘流行
https://new.qq.com/rain/a/20240810A06L1I00

2024-08-12 00:31:41,521 - INFO - EXPIRED
全球市场两大悬念待解：美国经济衰退会否出现？美股是否已见底？
https://new.qq.com/rain/a/20240810A04K4700

2024-08-12 00:31:41,521 - INFO - EXPIRED
疆煤崛起，中国能源版图重心悄然西移
https://new.qq.com/rain/a/20240810A028PX00

2024-08-12 00:31:41,521 - INFO - EXPIRED
巴黎奥运局外局：中国制造外贸“爆单”
https://new.qq.com/rain/a/20240810A00IZ900

2024-08-12 00:31:41,521 - INFO - EXPIRED
“最帅少林武僧”车祸去世：爱唱歌弹吉他，怕坐过山车，因惜命拒探险
https://new.qq.com/rain/a/20240810A01LIF00

2024-08-12 00:31:41,521 - INFO - EXPIRED
报复以色列，伊朗说“不急”
https://new.qq.com/rain/a/20240810A04WTF00

2024-08-12 00:31:41,521 - INFO - EXPIRED
乌苏里江将全线超过保证水位，且超保幅度和时长均将创纪录
https://new.qq.com/rain/a/20240810A02DN300

2024-08-12 00:31:41,521 - INFO - EXPIRED
北京雨后天空现彩虹，网友：这是七夕的彩色“鹊桥”
https://new.qq.com/rain/a/20240810V06GL300

2024-08-12 00:31:41,521 - INFO - EXPIRED
中国乒乓球男团成功卫冕，16年来奥运金牌未丢过，其他代表团还能赶上吗？
https://view.inews.qq.com/a/20240810Q00FXC00

2024-08-12 00:31:41,521 - INFO - EXPIRED
熬夜等人兑奖未果，湖北500万大奖成弃奖，代销点：太可惜了
https://new.qq.com/rain/a/20240810A05DN100

2024-08-12 00:31:41,521 - INFO - EXPIRED
一网友自称企业老板高调炫富、“受多位官员关照”，山东警方：行拘
https://new.qq.com/rain/a/20240810A04W0F00

2024-08-12 00:31:41,521 - INFO - EXPIRED
你有暗恋对象吗？你会跟暗恋多年的人表白吗？
https://view.inews.qq.com/a/20240807Q0637800

2024-08-12 00:31:41,961 - INFO - INVALID
江苏常州经开区：雷击致芳茂山公园凉亭坍塌，致6死10伤
https://new.qq.com/rain/a/20240812A00NOG00

2024-08-12 00:31:41,965 - INFO - INVALID
千钧一发之际，伊朗代外长一个电话打给中国
https://new.qq.com/rain/a/20240812A00PRK00

2024-08-12 00:31:41,973 - INFO - INVALID
扎波罗热核电站冷却系统设施起火 俄乌双方相互指责
https://new.qq.com/rain/a/20240812A00DVA00

2024-08-12 00:31:41,977 - INFO - INVALID
日媒：“日中友好议员联盟”拟8月下旬访华，旨在重构与中方对话渠道
https://new.qq.com/rain/a/20240812A00JHA00

2024-08-12 00:31:42,035 - INFO - INVALID
俄军增援库尔斯克为什么半路遇袭？是公路摄像头泄露机密？
https://new.qq.com/rain/a/20240812A00O4300

2024-08-12 00:31:42,208 - INFO - INVALID
一直升机在澳大利亚昆士兰州坠毁
https://new.qq.com/rain/a/20240812A00F5E00

2024-08-12 00:31:42,226 - INFO - INVALID
关于“共和国勋章”和国家荣誉称号建议人选的公示
https://new.qq.com/rain/a/20240812A0041700

2024-08-12 00:31:42,295 - INFO - INVALID
苏丹北达尔富尔州首府遭袭 致28死46伤
https://new.qq.com/rain/a/20240812A00EDR00

2024-08-12 00:31:42,301 - INFO - INVALID
哈马斯要求加沙停火调停方基于过去谈判基础制定计划
https://new.qq.com/rain/a/20240812A00DHP00

