2025-06-11 00:41:45,714 - INFO - Total time taken: {'ret': 0, 'msg': 'success', 'data': None}
2025-06-11 00:41:45,714 - INFO - 'NoneType' object is not subscriptable
2025-06-11 00:41:45,714 - INFO - Traceback (most recent call last):
  File "/home/runner/work/qqnews/qqnews/qq.py", line 128, in main
    for i in qq1["data"]["list"]:
             ~~~~~~~~~~~^^^^^^^^
TypeError: 'NoneType' object is not subscriptable

2025-06-11 02:39:12,492 - INFO - Total time taken: {'ret': 0, 'msg': 'success', 'data': None}
2025-06-11 02:39:12,492 - INFO - 'NoneType' object is not subscriptable
2025-06-11 02:39:12,493 - INFO - Traceback (most recent call last):
  File "/home/runner/work/qqnews/qqnews/qq.py", line 128, in main
    for i in qq1["data"]["list"]:
             ~~~~~~~~~~~^^^^^^^^
TypeError: 'NoneType' object is not subscriptable

2025-06-11 03:40:58,644 - INFO - Total time taken: {'ret': 0, 'msg': 'success', 'data': None}
2025-06-11 03:40:58,644 - INFO - 'NoneType' object is not subscriptable
2025-06-11 03:40:58,645 - INFO - Traceback (most recent call last):
  File "/home/runner/work/qqnews/qqnews/qq.py", line 128, in main
    for i in qq1["data"]["list"]:
             ~~~~~~~~~~~^^^^^^^^
TypeError: 'NoneType' object is not subscriptable

2025-06-11 04:18:34,749 - INFO - Total time taken: {'ret': 0, 'msg': 'success', 'data': None}
2025-06-11 04:18:34,750 - INFO - 'NoneType' object is not subscriptable
2025-06-11 04:18:34,750 - INFO - Traceback (most recent call last):
  File "/home/runner/work/qqnews/qqnews/qq.py", line 128, in main
    for i in qq1["data"]["list"]:
             ~~~~~~~~~~~^^^^^^^^
TypeError: 'NoneType' object is not subscriptable

2025-06-11 05:10:51,791 - INFO - Total time taken: {'ret': 0, 'msg': 'success', 'data': None}
2025-06-11 05:10:51,791 - INFO - 'NoneType' object is not subscriptable
2025-06-11 05:10:51,792 - INFO - Traceback (most recent call last):
  File "/home/runner/work/qqnews/qqnews/qq.py", line 128, in main
    for i in qq1["data"]["list"]:
             ~~~~~~~~~~~^^^^^^^^
TypeError: 'NoneType' object is not subscriptable

2025-06-11 06:13:31,619 - INFO - Total time taken: {'ret': 0, 'msg': 'success', 'data': None}
2025-06-11 06:13:31,619 - INFO - 'NoneType' object is not subscriptable
2025-06-11 06:13:31,619 - INFO - Traceback (most recent call last):
  File "/home/runner/work/qqnews/qqnews/qq.py", line 128, in main
    for i in qq1["data"]["list"]:
             ~~~~~~~~~~~^^^^^^^^
TypeError: 'NoneType' object is not subscriptable

2025-06-11 07:01:21,902 - INFO - Total time taken: {'ret': 0, 'msg': 'success', 'data': None}
2025-06-11 07:01:21,902 - INFO - 'NoneType' object is not subscriptable
2025-06-11 07:01:21,903 - INFO - Traceback (most recent call last):
  File "/home/runner/work/qqnews/qqnews/qq.py", line 128, in main
    for i in qq1["data"]["list"]:
             ~~~~~~~~~~~^^^^^^^^
TypeError: 'NoneType' object is not subscriptable

2025-06-11 08:12:29,357 - INFO - Total time taken: {'ret': 0, 'msg': 'success', 'data': None}
2025-06-11 08:12:29,357 - INFO - 'NoneType' object is not subscriptable
2025-06-11 08:12:29,357 - INFO - Traceback (most recent call last):
  File "/home/runner/work/qqnews/qqnews/qq.py", line 128, in main
    for i in qq1["data"]["list"]:
             ~~~~~~~~~~~^^^^^^^^
TypeError: 'NoneType' object is not subscriptable

2025-06-11 09:10:12,655 - INFO - Total time taken: {'ret': 0, 'msg': 'success', 'data': None}
2025-06-11 09:10:12,655 - INFO - 'NoneType' object is not subscriptable
2025-06-11 09:10:12,655 - INFO - Traceback (most recent call last):
  File "/home/runner/work/qqnews/qqnews/qq.py", line 128, in main
    for i in qq1["data"]["list"]:
             ~~~~~~~~~~~^^^^^^^^
TypeError: 'NoneType' object is not subscriptable

2025-06-11 10:10:09,378 - INFO - Total time taken: {'ret': 0, 'msg': 'success', 'data': None}
2025-06-11 10:10:09,378 - INFO - 'NoneType' object is not subscriptable
2025-06-11 10:10:09,379 - INFO - Traceback (most recent call last):
  File "/home/runner/work/qqnews/qqnews/qq.py", line 128, in main
    for i in qq1["data"]["list"]:
             ~~~~~~~~~~~^^^^^^^^
TypeError: 'NoneType' object is not subscriptable

2025-06-11 11:08:21,060 - INFO - Total time taken: {'ret': 0, 'msg': 'success', 'data': None}
2025-06-11 11:08:21,060 - INFO - 'NoneType' object is not subscriptable
2025-06-11 11:08:21,061 - INFO - Traceback (most recent call last):
  File "/home/runner/work/qqnews/qqnews/qq.py", line 128, in main
    for i in qq1["data"]["list"]:
             ~~~~~~~~~~~^^^^^^^^
TypeError: 'NoneType' object is not subscriptable

2025-06-11 12:16:27,305 - INFO - Total time taken: {'ret': 0, 'msg': 'success', 'data': None}
2025-06-11 12:16:27,305 - INFO - 'NoneType' object is not subscriptable
2025-06-11 12:16:27,306 - INFO - Traceback (most recent call last):
  File "/home/runner/work/qqnews/qqnews/qq.py", line 128, in main
    for i in qq1["data"]["list"]:
             ~~~~~~~~~~~^^^^^^^^
TypeError: 'NoneType' object is not subscriptable

2025-06-11 13:25:45,691 - INFO - Total time taken: {'ret': 0, 'msg': 'success', 'data': None}
2025-06-11 13:25:45,691 - INFO - 'NoneType' object is not subscriptable
2025-06-11 13:25:45,692 - INFO - Traceback (most recent call last):
  File "/home/runner/work/qqnews/qqnews/qq.py", line 128, in main
    for i in qq1["data"]["list"]:
             ~~~~~~~~~~~^^^^^^^^
TypeError: 'NoneType' object is not subscriptable

2025-06-11 14:01:12,627 - INFO - Total time taken: {'ret': 0, 'msg': 'success', 'data': None}
2025-06-11 14:01:12,627 - INFO - 'NoneType' object is not subscriptable
2025-06-11 14:01:12,627 - INFO - Traceback (most recent call last):
  File "/home/runner/work/qqnews/qqnews/qq.py", line 128, in main
    for i in qq1["data"]["list"]:
             ~~~~~~~~~~~^^^^^^^^
TypeError: 'NoneType' object is not subscriptable

2025-06-11 15:09:01,932 - INFO - Total time taken: {'ret': 0, 'msg': 'success', 'data': None}
2025-06-11 15:09:01,932 - INFO - 'NoneType' object is not subscriptable
2025-06-11 15:09:01,932 - INFO - Traceback (most recent call last):
  File "/home/runner/work/qqnews/qqnews/qq.py", line 128, in main
    for i in qq1["data"]["list"]:
             ~~~~~~~~~~~^^^^^^^^
TypeError: 'NoneType' object is not subscriptable

2025-06-11 16:10:50,155 - INFO - Total time taken: {'ret': 0, 'msg': 'success', 'data': None}
2025-06-11 16:10:50,155 - INFO - 'NoneType' object is not subscriptable
2025-06-11 16:10:50,155 - INFO - Traceback (most recent call last):
  File "/home/runner/work/qqnews/qqnews/qq.py", line 128, in main
    for i in qq1["data"]["list"]:
             ~~~~~~~~~~~^^^^^^^^
TypeError: 'NoneType' object is not subscriptable

