 
2024-04-25 01:10:56,876 - INFO - EXPIRED
女子出门打工3娃被锁家中，地上全是排泄物？当地：女子生有5个孩子
https://new.qq.com/rain/a/20240424A07MC600

2024-04-25 01:10:56,876 - INFO - EXPIRED
华为P70手机AI修图能一键将女性的衣服部分消除？公司客服回应
https://new.qq.com/rain/a/20240424A08DI600

2024-04-25 01:10:56,876 - INFO - EXPIRED
金价下跌影响黄金回收市场：有回收商称手里有1公斤两天亏2万
https://new.qq.com/rain/a/20240424A09UV100

2024-04-25 01:10:56,876 - INFO - EXPIRED
表现优秀获破格提拔，准“00后”女干部已任副镇长
https://new.qq.com/rain/a/20240424A09PVC00

2024-04-25 01:10:56,876 - INFO - EXPIRED
贵州科比酒业推出两款科比酱酒，他们是否侵权？球星科比的遗孀能起诉吗？
https://view.inews.qq.com/a/20240424Q05DMK00

2024-04-25 01:10:56,876 - INFO - EXPIRED
社科院张斌：从总量看不能判定中国创造了过多债务
https://new.qq.com/rain/a/20240423V0AGJC00

2024-04-25 01:10:56,876 - INFO - EXPIRED
同场考生谈网红北电艺考“作弊”：她报出姓名考号后，大家都诧异了
https://new.qq.com/rain/a/20240424A04BHH00

2024-04-25 01:10:56,877 - INFO - EXPIRED
“6年增加两倍”，美太空司令部司令又炒中国太空发展速度“惊人”
https://new.qq.com/rain/a/20240424A0A00H00

2024-04-25 01:10:56,877 - INFO - EXPIRED
唐慧兄妹涉嫌寻衅滋事案二审：湖南永州中院决定不开庭审理
https://new.qq.com/rain/a/20240424A09W1H00

2024-04-25 01:10:56,877 - INFO - EXPIRED
我家新换了智能水表，需要担心这种问题吗？怎么知道表是否被动过手脚？
https://view.inews.qq.com/a/20240424Q05SOB00

2024-04-25 01:10:56,877 - INFO - EXPIRED
全国首个！金融机构成立基层武装部
https://new.qq.com/rain/a/20240424A08G0300

2024-04-25 01:10:56,877 - INFO - EXPIRED
威马、前途等新造车势力倒闭，买了这些品牌车的车主怎么办？坏了怎么修？
https://view.inews.qq.com/a/20240423Q07QGK00

2024-04-25 01:10:56,877 - INFO - EXPIRED
丁俊晖连续四年世锦赛一轮游，离冠军梦渐行渐远，中国军团仅剩斯佳辉
https://new.qq.com/rain/a/20240424A09XQS00

2024-04-25 01:10:56,877 - INFO - EXPIRED
入选连云港“最美公务员”表彰候选人被指曾殴打残疾人，官方回应：会进行调查
https://new.qq.com/rain/a/20240424A09UO500

2024-04-25 01:10:56,877 - INFO - EXPIRED
驻日本使馆发言人就福岛第一核电站发生设备供电系统部分停止事故答记者问
https://new.qq.com/rain/a/20240424A09XYJ00

2024-04-25 01:10:56,877 - INFO - EXPIRED
长城汽车一季度净利增长1752%，车企狂打价格战，长城利润为何还这么高？
https://view.inews.qq.com/a/20240424Q08PV200

2024-04-25 01:10:56,877 - INFO - EXPIRED
俄媒：俄执法部门工作人员称，对于受贿指控，俄副防长伊万诺夫不认罪
https://new.qq.com/rain/a/20240424A06O7200

2024-04-25 01:10:56,877 - INFO - EXPIRED
外媒：以国防部高官称以军已为控制拉法做好一切必要准备，一旦获批就能发起行动
https://new.qq.com/rain/a/20240424A09RZC00

2024-04-25 01:10:56,877 - INFO - EXPIRED
美国数百名犹太示威者被捕：以色列是种族隔离国家，停止资助大屠杀
https://new.qq.com/rain/a/20240424A092X200

2024-04-25 01:10:56,877 - INFO - EXPIRED
孙女回家找不到奶奶崩溃大哭引热议，媒体追问隔代养育到底是否可取
https://new.qq.com/rain/a/20240424A06ZB900

2024-04-25 01:10:56,877 - INFO - EXPIRED
短剧里面演哪类角色戏路宽、挣钱多？
https://view.inews.qq.com/a/20240424Q05B2N00

2024-04-25 01:10:56,877 - INFO - EXPIRED
四川南江通报“多名城管当街推搡摔倒卖菜老人”
https://new.qq.com/rain/a/20240424A09F5Q00

2024-04-25 01:10:56,877 - INFO - EXPIRED
特斯拉终于活成了“中国车企”的样子：降价、内卷、解约应届毕业生
https://new.qq.com/rain/a/20240424A090MW00

2024-04-25 01:10:56,877 - INFO - EXPIRED
“赵本山之子”首度受访：很怕给父亲丢脸，称呼带来的好与坏都接受
https://new.qq.com/rain/a/20240424A08CCC00

2024-04-25 01:10:56,877 - INFO - EXPIRED
村民一家4口遭邻居持刀入室砍伤，知情人：两家有宅基地纠纷
https://new.qq.com/rain/a/20240424V09JZN00

2024-04-25 01:10:56,877 - INFO - EXPIRED
落马省委书记的女下属，有新消息
https://new.qq.com/rain/a/20240424A08M8800

2024-04-25 01:10:56,877 - INFO - EXPIRED
万科拟转让深圳10项资产金额逾87亿？回应：传闻信息不实
https://new.qq.com/rain/a/20240424A0966700

2024-04-25 01:10:56,877 - INFO - EXPIRED
耿彦波留给大同的这块警示碑再引关注：华严寺综治犯三错，明耻彰过
https://new.qq.com/rain/a/20240424A0545800

2024-04-25 01:10:56,877 - INFO - EXPIRED
直播意外拍下一波音客机惊险着陆：首次触地后出现弹跳，随即复飞
https://new.qq.com/rain/a/20240424V08SQH00

2024-04-25 01:10:56,877 - INFO - EXPIRED
欧盟突击检查中企在欧办公室，商务部：坚决维护中企正当权益
https://new.qq.com/rain/a/20240424A094ZH00

2024-04-25 01:10:56,877 - INFO - EXPIRED
网传广西一村农户种植茶叶被阻拦，镇政府回应
https://new.qq.com/rain/a/20240424A08ULY00

2024-04-25 01:10:56,877 - INFO - EXPIRED
辽宁昌图女子拦桥收费称：道是国家的道，但浮桥是我修的 当地水利部门：个人修桥造福百姓 有正规手续
https://new.qq.com/rain/a/20240424V078P200

2024-04-25 01:10:56,877 - INFO - EXPIRED
南京通报一市民骑自行车无牌照被罚50元：已撤销处罚，对当事民警追责
https://new.qq.com/rain/a/20240424A07O5Q00

2024-04-25 01:10:56,877 - INFO - EXPIRED
大学硕士拟聘为遗体火化工，当地回应：按事业单位工勤人员待遇执行
https://new.qq.com/rain/a/20240424A081R900

2024-04-25 01:10:56,877 - INFO - EXPIRED
比亚迪董事长王传福：中国新能源车渗透率过半，燃油车逐渐变为非主流
https://new.qq.com/rain/a/20240424A08TT700

2024-04-25 01:10:56,877 - INFO - EXPIRED
美国多所大学爆发支持巴勒斯坦抗议活动，警方逮捕数十名抗议学生
https://new.qq.com/rain/a/20240424V04LTO00

2024-04-25 01:10:56,877 - INFO - EXPIRED
北约：不打算在波兰部署核武器
https://new.qq.com/rain/a/20240424A0886T00

2024-04-25 01:10:56,877 - INFO - EXPIRED
美国田纳西州通过法案，允许教师带枪到学校
https://new.qq.com/rain/a/20240424A06VYA00

2024-04-25 01:10:56,877 - INFO - EXPIRED
中国银行原董事长刘连舸受贿、违法发放贷款案一审开庭
https://new.qq.com/rain/a/20240424A06H5500

2024-04-25 01:10:56,877 - INFO - EXPIRED
40岁当县长的靳东如此受贿：黑色旅行包内一次装百万元现金
https://new.qq.com/rain/a/20240424A04VIA00

2024-04-25 01:10:56,877 - INFO - EXPIRED
被指香港金融史重大时刻 华夏博时嘉实三家现货比特币、以太币ETF获批
https://new.qq.com/rain/a/20240424A08IOV00

2024-04-25 01:10:56,877 - INFO - EXPIRED
知名游戏公司发文：员工娶妻彩礼不得超过10万元，否则通报批评并严惩
https://new.qq.com/rain/a/20240424V06NGP00

2024-04-25 01:10:56,877 - INFO - EXPIRED
最新！“点读机女孩”高君雨全网账号被禁
https://new.qq.com/rain/a/20240424A058G100

2024-04-25 01:10:56,877 - INFO - EXPIRED
宁夏灵武一中专学生被同学打伤 教体局：经诊断为鼻骨骨折 警方已受案
https://new.qq.com/rain/a/20240424A06FEF00

2024-04-25 01:10:56,877 - INFO - EXPIRED
津巴布韦股市一天暴跌超过99.95%，是什么概念？国家经济会崩盘吗？
https://view.inews.qq.com/a/20240424Q026HH00

2024-04-25 01:10:56,877 - INFO - EXPIRED
香港交易所委任唐家成接替史美伦出任董事会主席
https://new.qq.com/rain/a/20240424A082UA00

2024-04-25 01:10:56,877 - INFO - EXPIRED
“青岛武术教练打死男童案”开庭：教练曾殴打其臀部腿部并进行捆绑
https://new.qq.com/rain/a/20240424A066EX00

2024-04-25 01:10:56,877 - INFO - EXPIRED
美国寻求判处币安创始人赵长鹏36个月监禁
https://new.qq.com/rain/a/20240424A04RPH00

2024-04-25 01:10:56,877 - INFO - EXPIRED
高调进军纯净水，农夫山泉推“绿瓶”向娃哈哈、怡宝宣战
https://new.qq.com/rain/a/20240423A09TE200

2024-04-25 01:10:56,877 - INFO - EXPIRED
“榜一大哥”的真面目：侵吞公款127万打赏女主播！其父亲手将他送到纪委
https://new.qq.com/rain/a/20240423A0A46X00

2024-04-25 01:10:56,877 - INFO - EXPIRED
欧盟“突击检查”中国监控设备制造商：控制员工手机，要求获取数据
https://new.qq.com/rain/a/20240424A01I5100

2024-04-25 01:10:56,877 - INFO - EXPIRED
网传深圳部分区域“五一”后取消限购，深圳相关部门回应
https://new.qq.com/rain/a/20240424A03PXP00

2024-04-25 01:10:56,877 - INFO - EXPIRED
为布林肯访华提供“筹码”，美国拟制裁部分中国银行？美官员回应
https://new.qq.com/rain/a/20240424A03D7W00

2024-04-25 01:10:56,877 - INFO - EXPIRED
遇到类似被交警罚款，但自己不认可的情况，该怎么办呢？
https://view.inews.qq.com/a/20240424Q03UCY00

2024-04-25 01:10:56,877 - INFO - EXPIRED
华为靳玉志：车BU业务聚焦智能化，今年50万辆车搭载鸿蒙智驾方案
https://new.qq.com/rain/a/20240424A05CW900

2024-04-25 01:10:56,877 - INFO - EXPIRED
上百名学生被捕，哥伦比亚大学的“巴以冲突”为何激化？
https://new.qq.com/rain/a/20240424A02ZLJ00

2024-04-25 01:10:56,877 - INFO - EXPIRED
美国国会批准对台军援，台有关部门第一时间表示“感谢”，国台办驳斥
https://new.qq.com/rain/a/20240424A02N7Q00

2024-04-25 01:10:56,878 - INFO - EXPIRED
上海人大常委会原主任董云虎被公诉，为二十大后被查的首个正部级官员
https://new.qq.com/rain/a/20240424A01PA300

2024-04-25 01:10:56,878 - INFO - EXPIRED
破解地方逐利型执法，企业家建言罚没资金归中央财政，最高法写信感谢
https://new.qq.com/rain/a/20240423A09PJX00

2024-04-25 01:10:56,878 - INFO - EXPIRED
上市首日跌了69亿！加盟商撑起茶百道，但开店收入可能还不如打工
https://new.qq.com/rain/a/20240423A0AGEC00

2024-04-25 01:10:56,878 - INFO - EXPIRED
“最牛业委会追讨物业4000万”裁定重审 3天已有超2000名业主签名上诉
https://new.qq.com/rain/a/20240423A0A8B500

2024-04-25 01:10:56,878 - INFO - EXPIRED
多地医院迎来“龙宝宝”生育小高峰，多家医院产科床位使用率回升
https://new.qq.com/rain/a/20240423A08L0T00

2024-04-25 01:10:56,878 - INFO - EXPIRED
杨利伟获“钱学森最高成就奖”
https://new.qq.com/rain/a/20240424A04F6F00

2024-04-25 01:10:56,878 - INFO - EXPIRED
裁员潮扩大，特斯拉毁约应届毕业生：技术岗也受波及，赔偿1个月薪资
https://new.qq.com/rain/a/20240424A02EV600

2024-04-25 01:10:56,878 - INFO - EXPIRED
我在霸总短剧演“恶婆婆”：打耳光、揪头发、熬大夜，5天赚4000
https://new.qq.com/rain/a/20240423A02A8A00

2024-04-25 01:10:56,878 - INFO - EXPIRED
美国纽约大学发生支持巴勒斯坦示威：警方与抗议者爆冲突 逮捕超130人
https://new.qq.com/rain/a/20240424A01D2Z00

2024-04-25 01:10:56,878 - INFO - EXPIRED
“青岛男童被武术教练打死案”开庭，男童父亲：有信心为孩子讨回公道
https://new.qq.com/rain/a/20240424A0321000

2024-04-25 01:10:56,878 - INFO - EXPIRED
四川马边县一路段落石砸中车辆 官方：致3死1伤 现场已管控
https://new.qq.com/rain/a/20240424V03ESE00

2024-04-25 01:10:56,878 - INFO - EXPIRED
库存接近5000万支，中国疫苗之王被市场抛弃 
https://new.qq.com/rain/a/20240423A099DD00

2024-04-25 01:10:56,878 - INFO - EXPIRED
天津两名辅警街头互殴 官方：解除两人劳动关系 对大队长和政委免职
https://new.qq.com/rain/a/20240424A00NUO00

2024-04-25 01:10:56,878 - INFO - EXPIRED
美参议院通过涉TikTok法案：要求字节剥离TikTok，否则禁止该应用上架
https://new.qq.com/rain/a/20240424A029MW00

2024-04-25 01:10:56,878 - INFO - EXPIRED
江苏南京一市民骑自行车没牌照被罚50元，执勤交警称车上路都要牌照
https://new.qq.com/rain/a/20240423A0A6IV00

2024-04-25 01:10:56,878 - INFO - EXPIRED
神十八航天员将在太空养鱼，为何选斑马鱼和金鱼藻？这项研究有什么用？
https://view.inews.qq.com/a/20240424Q02KQ100

2024-04-25 01:10:56,878 - INFO - EXPIRED
俄罗斯国防部副部长伊万诺夫涉嫌受贿被拘捕，普京已获悉相关情况
https://new.qq.com/rain/a/20240424A00KRW00

2024-04-25 01:10:56,878 - INFO - EXPIRED
商汤股价上涨超31%后暂停交易，此前发布日日新5.0大模型
https://new.qq.com/rain/a/20240424A02SR600

2024-04-25 01:10:56,878 - INFO - EXPIRED
美参议院通过向乌克兰和以色列援助法案：分别提供600亿、260亿美元
https://new.qq.com/rain/a/20240424A01RM500

2024-04-25 01:10:56,878 - INFO - EXPIRED
新疆一滑雪场有游客被埋身亡？知情人：事发地在野雪场，是网红打卡点
https://new.qq.com/rain/a/20240423A084MC00

2024-04-25 01:10:56,878 - INFO - EXPIRED
多所高校发文禁止宿舍挂床帘 部分学生：是否挂床帘影响评奖评优
https://new.qq.com/rain/a/20240423A0AGA100

2024-04-25 01:10:56,878 - INFO - EXPIRED
重磅布局！中央召开高规格座谈会，多位省级党委书记发言，释放新信号
https://new.qq.com/rain/a/20240424A00J2C00

2024-04-25 01:10:56,878 - INFO - EXPIRED
朝鲜对外经济省代表团访问伊朗
https://new.qq.com/rain/a/20240424A00IQR00

2024-04-25 01:10:56,878 - INFO - EXPIRED
业绩爆雷，锂矿巨头天齐锂业一季度预亏超36亿，监管机构火速发函
https://new.qq.com/rain/a/20240424A002E700

2024-04-25 01:10:56,878 - INFO - EXPIRED
广州民政局公示引关注：哲学硕士、建筑学学士拟聘为遗体火化工
https://new.qq.com/rain/a/20240423A06RH500

2024-04-25 01:10:56,878 - INFO - EXPIRED
布林肯带着筹码开启访华行程，我们的谈判态度是什么
https://new.qq.com/rain/a/20240424A005JM00

2024-04-25 01:10:56,878 - INFO - EXPIRED
长沙14岁女生遭校园霸凌被迫割喉求生？警方通报：嫌疑人传唤到案
https://new.qq.com/rain/a/20240424A00GOS00

2024-04-25 01:10:56,878 - INFO - EXPIRED
中国海军司令员胡中明上将、政委袁华智上将同天发声
https://new.qq.com/rain/a/20240423A0AEGN00

2024-04-25 01:10:56,878 - INFO - EXPIRED
种植户在内蒙古开鲁县承包种地，被当地干部阻拦要求再交钱，为何会这样？
https://view.inews.qq.com/a/20240423Q081XP00

2024-04-25 01:10:56,878 - INFO - EXPIRED
网友称疑收到网购商家报复快递，接触后皮肤轻微化脓腐蚀，西安警方展开调查
https://new.qq.com/rain/a/20240423A097GE00

2024-04-25 01:10:56,878 - INFO - EXPIRED
山西原副省长披露云冈风波细节：单霁翔连夜赶来，耿彦波凌晨四点等候
https://new.qq.com/rain/a/20240423A09XXI00

2024-04-25 01:10:56,878 - INFO - EXPIRED
李闽轩回应考试作弊：考试紧张 脱口而出报出名字
https://new.qq.com/rain/a/20240423A09VWY00

2024-04-25 01:10:57,694 - INFO - INVALID
大麦网道歉退款，凤凰传奇玲花也怒了
https://new.qq.com/rain/a/20240425A000AA00

2024-04-25 01:10:57,727 - INFO - INVALID
“俄美在安理会就外空核武器问题发生冲突”！外媒：两国代表互相质问对方“为什么？”
https://new.qq.com/rain/a/20240425A019KB00

2024-04-25 01:10:57,750 - INFO - INVALID
阿根廷爆发大规模抗议！公立大学预算不够，米莱遭遇“复仇者联盟”
https://new.qq.com/rain/a/20240425A00JKD00

2024-04-25 01:10:57,813 - INFO - INVALID
假唱风波近5个月后，五月天官宣将在鸟巢举办10场演唱会
https://new.qq.com/rain/a/20240425A017N000

2024-04-25 01:10:58,142 - INFO - INVALID
接近3%？美国一季度经济成绩单今晚揭晓
https://new.qq.com/rain/a/20240425A00TAR00

2024-04-25 01:10:58,152 - INFO - INVALID
会否接棒丈夫？蔡磊妻子回应
https://new.qq.com/rain/a/20240425A00SOI00

2024-04-25 01:10:58,163 - INFO - INVALID
TikTok宣布自愿暂停TikTok Lite奖励系统，寻求解决欧盟担忧
https://new.qq.com/rain/a/20240425A00P6Q00

2024-04-25 01:10:58,168 - INFO - INVALID
​太突然！知名作家“唐家三少”宣布停更，本人发声回应再婚传闻
https://new.qq.com/rain/a/20240425A00W2W00

2024-04-25 01:10:58,239 - INFO - INVALID
社保缴满15年就够了吗？官方回应
https://new.qq.com/rain/a/20240425A01DZZ00

2024-04-25 01:10:58,552 - INFO - INVALID
俄副防长涉嫌收受巨额贿赂被捕！俄媒：若罪名成立，将面临最高15年监禁
https://new.qq.com/rain/a/20240425A00K7O00

2024-04-25 01:10:58,557 - INFO - INVALID
阿根廷宣布外长月底访华！专家：为米莱在经贸领域获得中国支持创造条件
https://new.qq.com/rain/a/20240425A00JVJ00

2024-04-25 01:43:02,032 - INFO - EXPIRED
女子出门打工3娃被锁家中，地上全是排泄物？当地：女子生有5个孩子
https://new.qq.com/rain/a/20240424A07MC600

2024-04-25 01:43:02,032 - INFO - EXPIRED
华为P70手机AI修图能一键将女性的衣服部分消除？公司客服回应
https://new.qq.com/rain/a/20240424A08DI600

2024-04-25 01:43:02,032 - INFO - EXPIRED
金价下跌影响黄金回收市场：有回收商称手里有1公斤两天亏2万
https://new.qq.com/rain/a/20240424A09UV100

2024-04-25 01:43:02,032 - INFO - EXPIRED
表现优秀获破格提拔，准“00后”女干部已任副镇长
https://new.qq.com/rain/a/20240424A09PVC00

2024-04-25 01:43:02,032 - INFO - EXPIRED
贵州科比酒业推出两款科比酱酒，他们是否侵权？球星科比的遗孀能起诉吗？
https://view.inews.qq.com/a/20240424Q05DMK00

2024-04-25 01:43:02,032 - INFO - EXPIRED
社科院张斌：从总量看不能判定中国创造了过多债务
https://new.qq.com/rain/a/20240423V0AGJC00

2024-04-25 01:43:02,032 - INFO - EXPIRED
同场考生谈网红北电艺考“作弊”：她报出姓名考号后，大家都诧异了
https://new.qq.com/rain/a/20240424A04BHH00

2024-04-25 01:43:02,032 - INFO - EXPIRED
小区电梯20楼坠落致1死，家属在小区门口摆满花圈，市监局回应
https://new.qq.com/rain/a/20240424V0AEI900

2024-04-25 01:43:02,032 - INFO - EXPIRED
“6年增加两倍”，美太空司令部司令又炒中国太空发展速度“惊人”
https://new.qq.com/rain/a/20240424A0A00H00

2024-04-25 01:43:02,032 - INFO - EXPIRED
唐慧兄妹涉嫌寻衅滋事案二审：湖南永州中院决定不开庭审理
https://new.qq.com/rain/a/20240424A09W1H00

2024-04-25 01:43:02,033 - INFO - EXPIRED
我家新换了智能水表，需要担心这种问题吗？怎么知道表是否被动过手脚？
https://view.inews.qq.com/a/20240424Q05SOB00

2024-04-25 01:43:02,033 - INFO - EXPIRED
全国首个！金融机构成立基层武装部
https://new.qq.com/rain/a/20240424A08G0300

2024-04-25 01:43:02,033 - INFO - EXPIRED
威马、前途等新造车势力倒闭，买了这些品牌车的车主怎么办？坏了怎么修？
https://view.inews.qq.com/a/20240423Q07QGK00

2024-04-25 01:43:02,033 - INFO - EXPIRED
丁俊晖连续四年世锦赛一轮游，离冠军梦渐行渐远，中国军团仅剩斯佳辉
https://new.qq.com/rain/a/20240424A09XQS00

2024-04-25 01:43:02,033 - INFO - EXPIRED
入选连云港“最美公务员”表彰候选人被指曾殴打残疾人，官方回应：会进行调查
https://new.qq.com/rain/a/20240424A09UO500

2024-04-25 01:43:02,033 - INFO - EXPIRED
驻日本使馆发言人就福岛第一核电站发生设备供电系统部分停止事故答记者问
https://new.qq.com/rain/a/20240424A09XYJ00

2024-04-25 01:43:02,033 - INFO - EXPIRED
长城汽车一季度净利增长1752%，车企狂打价格战，长城利润为何还这么高？
https://view.inews.qq.com/a/20240424Q08PV200

2024-04-25 01:43:02,033 - INFO - EXPIRED
俄媒：俄执法部门工作人员称，对于受贿指控，俄副防长伊万诺夫不认罪
https://new.qq.com/rain/a/20240424A06O7200

2024-04-25 01:43:02,033 - INFO - EXPIRED
外媒：以国防部高官称以军已为控制拉法做好一切必要准备，一旦获批就能发起行动
https://new.qq.com/rain/a/20240424A09RZC00

2024-04-25 01:43:02,033 - INFO - EXPIRED
美国数百名犹太示威者被捕：以色列是种族隔离国家，停止资助大屠杀
https://new.qq.com/rain/a/20240424A092X200

2024-04-25 01:43:02,033 - INFO - EXPIRED
孙女回家找不到奶奶崩溃大哭引热议，媒体追问隔代养育到底是否可取
https://new.qq.com/rain/a/20240424A06ZB900

2024-04-25 01:43:02,033 - INFO - EXPIRED
短剧里面演哪类角色戏路宽、挣钱多？
https://view.inews.qq.com/a/20240424Q05B2N00

2024-04-25 01:43:02,033 - INFO - EXPIRED
四川南江通报“多名城管当街推搡摔倒卖菜老人”
https://new.qq.com/rain/a/20240424A09F5Q00

2024-04-25 01:43:02,033 - INFO - EXPIRED
特斯拉终于活成了“中国车企”的样子：降价、内卷、解约应届毕业生
https://new.qq.com/rain/a/20240424A090MW00

2024-04-25 01:43:02,033 - INFO - EXPIRED
“赵本山之子”首度受访：很怕给父亲丢脸，称呼带来的好与坏都接受
https://new.qq.com/rain/a/20240424A08CCC00

2024-04-25 01:43:02,033 - INFO - EXPIRED
村民一家4口遭邻居持刀入室砍伤，知情人：两家有宅基地纠纷
https://new.qq.com/rain/a/20240424V09JZN00

2024-04-25 01:43:02,033 - INFO - EXPIRED
落马省委书记的女下属，有新消息
https://new.qq.com/rain/a/20240424A08M8800

2024-04-25 01:43:02,033 - INFO - EXPIRED
万科拟转让深圳10项资产金额逾87亿？回应：传闻信息不实
https://new.qq.com/rain/a/20240424A0966700

2024-04-25 01:43:02,033 - INFO - EXPIRED
耿彦波留给大同的这块警示碑再引关注：华严寺综治犯三错，明耻彰过
https://new.qq.com/rain/a/20240424A0545800

2024-04-25 01:43:02,033 - INFO - EXPIRED
直播意外拍下一波音客机惊险着陆：首次触地后出现弹跳，随即复飞
https://new.qq.com/rain/a/20240424V08SQH00

2024-04-25 01:43:02,033 - INFO - EXPIRED
欧盟突击检查中企在欧办公室，商务部：坚决维护中企正当权益
https://new.qq.com/rain/a/20240424A094ZH00

2024-04-25 01:43:02,033 - INFO - EXPIRED
网传广西一村农户种植茶叶被阻拦，镇政府回应
https://new.qq.com/rain/a/20240424A08ULY00

2024-04-25 01:43:02,033 - INFO - EXPIRED
辽宁昌图女子拦桥收费称：道是国家的道，但浮桥是我修的 当地水利部门：个人修桥造福百姓 有正规手续
https://new.qq.com/rain/a/20240424V078P200

2024-04-25 01:43:02,033 - INFO - EXPIRED
南京通报一市民骑自行车无牌照被罚50元：已撤销处罚，对当事民警追责
https://new.qq.com/rain/a/20240424A07O5Q00

2024-04-25 01:43:02,033 - INFO - EXPIRED
大学硕士拟聘为遗体火化工，当地回应：按事业单位工勤人员待遇执行
https://new.qq.com/rain/a/20240424A081R900

2024-04-25 01:43:02,033 - INFO - EXPIRED
比亚迪董事长王传福：中国新能源车渗透率过半，燃油车逐渐变为非主流
https://new.qq.com/rain/a/20240424A08TT700

2024-04-25 01:43:02,033 - INFO - EXPIRED
美国多所大学爆发支持巴勒斯坦抗议活动，警方逮捕数十名抗议学生
https://new.qq.com/rain/a/20240424V04LTO00

2024-04-25 01:43:02,033 - INFO - EXPIRED
北约：不打算在波兰部署核武器
https://new.qq.com/rain/a/20240424A0886T00

2024-04-25 01:43:02,033 - INFO - EXPIRED
美国田纳西州通过法案，允许教师带枪到学校
https://new.qq.com/rain/a/20240424A06VYA00

2024-04-25 01:43:02,033 - INFO - EXPIRED
中国银行原董事长刘连舸受贿、违法发放贷款案一审开庭
https://new.qq.com/rain/a/20240424A06H5500

2024-04-25 01:43:02,033 - INFO - EXPIRED
40岁当县长的靳东如此受贿：黑色旅行包内一次装百万元现金
https://new.qq.com/rain/a/20240424A04VIA00

2024-04-25 01:43:02,033 - INFO - EXPIRED
被指香港金融史重大时刻 华夏博时嘉实三家现货比特币、以太币ETF获批
https://new.qq.com/rain/a/20240424A08IOV00

2024-04-25 01:43:02,033 - INFO - EXPIRED
知名游戏公司发文：员工娶妻彩礼不得超过10万元，否则通报批评并严惩
https://new.qq.com/rain/a/20240424V06NGP00

2024-04-25 01:43:02,033 - INFO - EXPIRED
最新！“点读机女孩”高君雨全网账号被禁
https://new.qq.com/rain/a/20240424A058G100

2024-04-25 01:43:02,033 - INFO - EXPIRED
宁夏灵武一中专学生被同学打伤 教体局：经诊断为鼻骨骨折 警方已受案
https://new.qq.com/rain/a/20240424A06FEF00

2024-04-25 01:43:02,033 - INFO - EXPIRED
津巴布韦股市一天暴跌超过99.95%，是什么概念？国家经济会崩盘吗？
https://view.inews.qq.com/a/20240424Q026HH00

2024-04-25 01:43:02,033 - INFO - EXPIRED
香港交易所委任唐家成接替史美伦出任董事会主席
https://new.qq.com/rain/a/20240424A082UA00

2024-04-25 01:43:02,033 - INFO - EXPIRED
“青岛武术教练打死男童案”开庭：教练曾殴打其臀部腿部并进行捆绑
https://new.qq.com/rain/a/20240424A066EX00

2024-04-25 01:43:02,033 - INFO - EXPIRED
美国寻求判处币安创始人赵长鹏36个月监禁
https://new.qq.com/rain/a/20240424A04RPH00

2024-04-25 01:43:02,033 - INFO - EXPIRED
高调进军纯净水，农夫山泉推“绿瓶”向娃哈哈、怡宝宣战
https://new.qq.com/rain/a/20240423A09TE200

2024-04-25 01:43:02,033 - INFO - EXPIRED
“榜一大哥”的真面目：侵吞公款127万打赏女主播！其父亲手将他送到纪委
https://new.qq.com/rain/a/20240423A0A46X00

2024-04-25 01:43:02,033 - INFO - EXPIRED
欧盟“突击检查”中国监控设备制造商：控制员工手机，要求获取数据
https://new.qq.com/rain/a/20240424A01I5100

2024-04-25 01:43:02,033 - INFO - EXPIRED
网传深圳部分区域“五一”后取消限购，深圳相关部门回应
https://new.qq.com/rain/a/20240424A03PXP00

2024-04-25 01:43:02,033 - INFO - EXPIRED
为布林肯访华提供“筹码”，美国拟制裁部分中国银行？美官员回应
https://new.qq.com/rain/a/20240424A03D7W00

2024-04-25 01:43:02,033 - INFO - EXPIRED
遇到类似被交警罚款，但自己不认可的情况，该怎么办呢？
https://view.inews.qq.com/a/20240424Q03UCY00

2024-04-25 01:43:02,033 - INFO - EXPIRED
华为靳玉志：车BU业务聚焦智能化，今年50万辆车搭载鸿蒙智驾方案
https://new.qq.com/rain/a/20240424A05CW900

2024-04-25 01:43:02,033 - INFO - EXPIRED
上百名学生被捕，哥伦比亚大学的“巴以冲突”为何激化？
https://new.qq.com/rain/a/20240424A02ZLJ00

2024-04-25 01:43:02,033 - INFO - EXPIRED
美国国会批准对台军援，台有关部门第一时间表示“感谢”，国台办驳斥
https://new.qq.com/rain/a/20240424A02N7Q00

2024-04-25 01:43:02,033 - INFO - EXPIRED
上海人大常委会原主任董云虎被公诉，为二十大后被查的首个正部级官员
https://new.qq.com/rain/a/20240424A01PA300

2024-04-25 01:43:02,033 - INFO - EXPIRED
破解地方逐利型执法，企业家建言罚没资金归中央财政，最高法写信感谢
https://new.qq.com/rain/a/20240423A09PJX00

2024-04-25 01:43:02,033 - INFO - EXPIRED
上市首日跌了69亿！加盟商撑起茶百道，但开店收入可能还不如打工
https://new.qq.com/rain/a/20240423A0AGEC00

2024-04-25 01:43:02,033 - INFO - EXPIRED
“最牛业委会追讨物业4000万”裁定重审 3天已有超2000名业主签名上诉
https://new.qq.com/rain/a/20240423A0A8B500

2024-04-25 01:43:02,034 - INFO - EXPIRED
多地医院迎来“龙宝宝”生育小高峰，多家医院产科床位使用率回升
https://new.qq.com/rain/a/20240423A08L0T00

2024-04-25 01:43:02,034 - INFO - EXPIRED
杨利伟获“钱学森最高成就奖”
https://new.qq.com/rain/a/20240424A04F6F00

2024-04-25 01:43:02,034 - INFO - EXPIRED
裁员潮扩大，特斯拉毁约应届毕业生：技术岗也受波及，赔偿1个月薪资
https://new.qq.com/rain/a/20240424A02EV600

2024-04-25 01:43:02,034 - INFO - EXPIRED
我在霸总短剧演“恶婆婆”：打耳光、揪头发、熬大夜，5天赚4000
https://new.qq.com/rain/a/20240423A02A8A00

2024-04-25 01:43:02,034 - INFO - EXPIRED
美国纽约大学发生支持巴勒斯坦示威：警方与抗议者爆冲突 逮捕超130人
https://new.qq.com/rain/a/20240424A01D2Z00

2024-04-25 01:43:02,034 - INFO - EXPIRED
“青岛男童被武术教练打死案”开庭，男童父亲：有信心为孩子讨回公道
https://new.qq.com/rain/a/20240424A0321000

2024-04-25 01:43:02,034 - INFO - EXPIRED
四川马边县一路段落石砸中车辆 官方：致3死1伤 现场已管控
https://new.qq.com/rain/a/20240424V03ESE00

2024-04-25 01:43:02,034 - INFO - EXPIRED
库存接近5000万支，中国疫苗之王被市场抛弃 
https://new.qq.com/rain/a/20240423A099DD00

2024-04-25 01:43:02,034 - INFO - EXPIRED
天津两名辅警街头互殴 官方：解除两人劳动关系 对大队长和政委免职
https://new.qq.com/rain/a/20240424A00NUO00

2024-04-25 01:43:02,034 - INFO - EXPIRED
美参议院通过涉TikTok法案：要求字节剥离TikTok，否则禁止该应用上架
https://new.qq.com/rain/a/20240424A029MW00

2024-04-25 01:43:02,034 - INFO - EXPIRED
江苏南京一市民骑自行车没牌照被罚50元，执勤交警称车上路都要牌照
https://new.qq.com/rain/a/20240423A0A6IV00

2024-04-25 01:43:02,034 - INFO - EXPIRED
神十八航天员将在太空养鱼，为何选斑马鱼和金鱼藻？这项研究有什么用？
https://view.inews.qq.com/a/20240424Q02KQ100

2024-04-25 01:43:02,034 - INFO - EXPIRED
俄罗斯国防部副部长伊万诺夫涉嫌受贿被拘捕，普京已获悉相关情况
https://new.qq.com/rain/a/20240424A00KRW00

2024-04-25 01:43:02,034 - INFO - EXPIRED
商汤股价上涨超31%后暂停交易，此前发布日日新5.0大模型
https://new.qq.com/rain/a/20240424A02SR600

2024-04-25 01:43:02,034 - INFO - EXPIRED
美参议院通过向乌克兰和以色列援助法案：分别提供600亿、260亿美元
https://new.qq.com/rain/a/20240424A01RM500

2024-04-25 01:43:02,034 - INFO - EXPIRED
新疆一滑雪场有游客被埋身亡？知情人：事发地在野雪场，是网红打卡点
https://new.qq.com/rain/a/20240423A084MC00

2024-04-25 01:43:02,034 - INFO - EXPIRED
多所高校发文禁止宿舍挂床帘 部分学生：是否挂床帘影响评奖评优
https://new.qq.com/rain/a/20240423A0AGA100

2024-04-25 01:43:02,034 - INFO - EXPIRED
重磅布局！中央召开高规格座谈会，多位省级党委书记发言，释放新信号
https://new.qq.com/rain/a/20240424A00J2C00

2024-04-25 01:43:02,034 - INFO - EXPIRED
朝鲜对外经济省代表团访问伊朗
https://new.qq.com/rain/a/20240424A00IQR00

2024-04-25 01:43:02,034 - INFO - EXPIRED
业绩爆雷，锂矿巨头天齐锂业一季度预亏超36亿，监管机构火速发函
https://new.qq.com/rain/a/20240424A002E700

2024-04-25 01:43:02,034 - INFO - EXPIRED
广州民政局公示引关注：哲学硕士、建筑学学士拟聘为遗体火化工
https://new.qq.com/rain/a/20240423A06RH500

2024-04-25 01:43:02,034 - INFO - EXPIRED
布林肯带着筹码开启访华行程，我们的谈判态度是什么
https://new.qq.com/rain/a/20240424A005JM00

2024-04-25 01:43:02,034 - INFO - EXPIRED
长沙14岁女生遭校园霸凌被迫割喉求生？警方通报：嫌疑人传唤到案
https://new.qq.com/rain/a/20240424A00GOS00

2024-04-25 01:43:02,034 - INFO - EXPIRED
中国海军司令员胡中明上将、政委袁华智上将同天发声
https://new.qq.com/rain/a/20240423A0AEGN00

2024-04-25 01:43:02,034 - INFO - EXPIRED
种植户在内蒙古开鲁县承包种地，被当地干部阻拦要求再交钱，为何会这样？
https://view.inews.qq.com/a/20240423Q081XP00

2024-04-25 01:43:02,034 - INFO - EXPIRED
网友称疑收到网购商家报复快递，接触后皮肤轻微化脓腐蚀，西安警方展开调查
https://new.qq.com/rain/a/20240423A097GE00

2024-04-25 01:43:02,619 - INFO - INVALID
阿根廷爆发大规模抗议！公立大学预算不够，米莱遭遇“复仇者联盟”
https://new.qq.com/rain/a/20240425A00JKD00

2024-04-25 01:43:02,672 - INFO - INVALID
大麦网道歉退款，凤凰传奇玲花也怒了
https://new.qq.com/rain/a/20240425A000AA00

2024-04-25 01:43:02,723 - INFO - INVALID
接近3%？美国一季度经济成绩单今晚揭晓
https://new.qq.com/rain/a/20240425A00TAR00

2024-04-25 01:43:02,770 - INFO - INVALID
假唱风波调查5个月没结果，五月天官宣将在鸟巢举办10场演唱会
https://new.qq.com/rain/a/20240425A017N000

2024-04-25 01:43:02,824 - INFO - INVALID
“俄美在安理会就外空核武器问题发生冲突”！外媒：两国代表互相质问对方“为什么？”
https://new.qq.com/rain/a/20240425A019KB00

2024-04-25 01:43:03,001 - INFO - INVALID
会否接棒丈夫？蔡磊妻子回应
https://new.qq.com/rain/a/20240425A00SOI00

2024-04-25 01:43:03,132 - INFO - INVALID
​太突然！知名作家“唐家三少”宣布停更，本人发声回应再婚传闻
https://new.qq.com/rain/a/20240425A00W2W00

2024-04-25 01:43:03,218 - INFO - INVALID
社保缴满15年就够了吗？官方回应
https://new.qq.com/rain/a/20240425A01DZZ00

2024-04-25 01:43:03,266 - INFO - INVALID
TikTok宣布自愿暂停TikTok Lite奖励系统，寻求解决欧盟担忧
https://new.qq.com/rain/a/20240425A00P6Q00

2024-04-25 01:43:03,328 - INFO - INVALID
一位过世农村老人，留下满院墙的心事
https://new.qq.com/rain/a/20240425A01CLZ00

2024-04-25 01:43:03,430 - INFO - INVALID
俄副防长涉嫌收受巨额贿赂被捕！俄媒：若罪名成立，将面临最高15年监禁
https://new.qq.com/rain/a/20240425A00K7O00

2024-04-25 01:43:03,472 - INFO - INVALID
阿根廷宣布外长月底访华！专家：为米莱在经贸领域获得中国支持创造条件
https://new.qq.com/rain/a/20240425A00JVJ00

2024-04-25 02:17:33,208 - INFO - EXPIRED
华为P70手机AI修图能一键将女性的衣服部分消除？公司客服回应
https://new.qq.com/rain/a/20240424A08DI600

2024-04-25 02:17:33,208 - INFO - EXPIRED
女子出门打工3娃被锁家中，地上全是排泄物？当地：女子生有5个孩子
https://new.qq.com/rain/a/20240424A07MC600

2024-04-25 02:17:33,208 - INFO - EXPIRED
金价下跌影响黄金回收市场：有回收商称手里有1公斤两天亏2万
https://new.qq.com/rain/a/20240424A09UV100

2024-04-25 02:17:33,208 - INFO - EXPIRED
表现优秀获破格提拔，准“00后”女干部已任副镇长
https://new.qq.com/rain/a/20240424A09PVC00

2024-04-25 02:17:33,208 - INFO - EXPIRED
贵州科比酒业推出两款科比酱酒，他们是否侵权？球星科比的遗孀能起诉吗？
https://view.inews.qq.com/a/20240424Q05DMK00

2024-04-25 02:17:33,208 - INFO - EXPIRED
社科院张斌：从总量看不能判定中国创造了过多债务
https://new.qq.com/rain/a/20240423V0AGJC00

2024-04-25 02:17:33,208 - INFO - EXPIRED
同场考生谈网红北电艺考“作弊”：她报出姓名考号后，大家都诧异了
https://new.qq.com/rain/a/20240424A04BHH00

2024-04-25 02:17:33,208 - INFO - EXPIRED
小区电梯20楼坠落致1死，家属在小区门口摆满花圈，市监局回应
https://new.qq.com/rain/a/20240424V0AEI900

2024-04-25 02:17:33,208 - INFO - EXPIRED
“6年增加两倍”，美太空司令部司令又炒中国太空发展速度“惊人”
https://new.qq.com/rain/a/20240424A0A00H00

2024-04-25 02:17:33,208 - INFO - EXPIRED
唐慧兄妹涉嫌寻衅滋事案二审：湖南永州中院决定不开庭审理
https://new.qq.com/rain/a/20240424A09W1H00

2024-04-25 02:17:33,208 - INFO - EXPIRED
我家新换了智能水表，需要担心这种问题吗？怎么知道表是否被动过手脚？
https://view.inews.qq.com/a/20240424Q05SOB00

2024-04-25 02:17:33,208 - INFO - EXPIRED
全国首个！金融机构成立基层武装部
https://new.qq.com/rain/a/20240424A08G0300

2024-04-25 02:17:33,208 - INFO - EXPIRED
威马、前途等新造车势力倒闭，买了这些品牌车的车主怎么办？坏了怎么修？
https://view.inews.qq.com/a/20240423Q07QGK00

2024-04-25 02:17:33,208 - INFO - EXPIRED
丁俊晖连续四年世锦赛一轮游，离冠军梦渐行渐远，中国军团仅剩斯佳辉
https://new.qq.com/rain/a/20240424A09XQS00

2024-04-25 02:17:33,208 - INFO - EXPIRED
入选连云港“最美公务员”表彰候选人被指曾殴打残疾人，官方回应：会进行调查
https://new.qq.com/rain/a/20240424A09UO500

2024-04-25 02:17:33,208 - INFO - EXPIRED
驻日本使馆发言人就福岛第一核电站发生设备供电系统部分停止事故答记者问
https://new.qq.com/rain/a/20240424A09XYJ00

2024-04-25 02:17:33,208 - INFO - EXPIRED
长城汽车一季度净利增长1752%，车企狂打价格战，长城利润为何还这么高？
https://view.inews.qq.com/a/20240424Q08PV200

2024-04-25 02:17:33,208 - INFO - EXPIRED
俄媒：俄执法部门工作人员称，对于受贿指控，俄副防长伊万诺夫不认罪
https://new.qq.com/rain/a/20240424A06O7200

2024-04-25 02:17:33,208 - INFO - EXPIRED
外媒：以国防部高官称以军已为控制拉法做好一切必要准备，一旦获批就能发起行动
https://new.qq.com/rain/a/20240424A09RZC00

2024-04-25 02:17:33,208 - INFO - EXPIRED
美国数百名犹太示威者被捕：以色列是种族隔离国家，停止资助大屠杀
https://new.qq.com/rain/a/20240424A092X200

2024-04-25 02:17:33,208 - INFO - EXPIRED
孙女回家找不到奶奶崩溃大哭引热议，媒体追问隔代养育到底是否可取
https://new.qq.com/rain/a/20240424A06ZB900

2024-04-25 02:17:33,208 - INFO - EXPIRED
听说拍短剧很挣钱，演哪类角色戏路宽、挣钱多？有哪些行业内幕？
https://view.inews.qq.com/a/20240424Q05B2N00

2024-04-25 02:17:33,208 - INFO - EXPIRED
四川南江通报“多名城管当街推搡摔倒卖菜老人”
https://new.qq.com/rain/a/20240424A09F5Q00

2024-04-25 02:17:33,208 - INFO - EXPIRED
特斯拉终于活成了“中国车企”的样子：降价、内卷、解约应届毕业生
https://new.qq.com/rain/a/20240424A090MW00

2024-04-25 02:17:33,208 - INFO - EXPIRED
“赵本山之子”首度受访：很怕给父亲丢脸，称呼带来的好与坏都接受
https://new.qq.com/rain/a/20240424A08CCC00

2024-04-25 02:17:33,208 - INFO - EXPIRED
村民一家4口遭邻居持刀入室砍伤，知情人：两家有宅基地纠纷
https://new.qq.com/rain/a/20240424V09JZN00

2024-04-25 02:17:33,208 - INFO - EXPIRED
落马省委书记的女下属，有新消息
https://new.qq.com/rain/a/20240424A08M8800

2024-04-25 02:17:33,208 - INFO - EXPIRED
万科拟转让深圳10项资产金额逾87亿？回应：传闻信息不实
https://new.qq.com/rain/a/20240424A0966700

2024-04-25 02:17:33,208 - INFO - EXPIRED
耿彦波留给大同的这块警示碑再引关注：华严寺综治犯三错，明耻彰过
https://new.qq.com/rain/a/20240424A0545800

2024-04-25 02:17:33,208 - INFO - EXPIRED
直播意外拍下一波音客机惊险着陆：首次触地后出现弹跳，随即复飞
https://new.qq.com/rain/a/20240424V08SQH00

2024-04-25 02:17:33,208 - INFO - EXPIRED
欧盟突击检查中企在欧办公室，商务部：坚决维护中企正当权益
https://new.qq.com/rain/a/20240424A094ZH00

2024-04-25 02:17:33,208 - INFO - EXPIRED
网传广西一村农户种植茶叶被阻拦，镇政府回应
https://new.qq.com/rain/a/20240424A08ULY00

2024-04-25 02:17:33,208 - INFO - EXPIRED
辽宁昌图女子拦桥收费称：道是国家的道，但浮桥是我修的 当地水利部门：个人修桥造福百姓 有正规手续
https://new.qq.com/rain/a/20240424V078P200

2024-04-25 02:17:33,208 - INFO - EXPIRED
南京通报一市民骑自行车无牌照被罚50元：已撤销处罚，对当事民警追责
https://new.qq.com/rain/a/20240424A07O5Q00

2024-04-25 02:17:33,208 - INFO - EXPIRED
大学硕士拟聘为遗体火化工，当地回应：按事业单位工勤人员待遇执行
https://new.qq.com/rain/a/20240424A081R900

2024-04-25 02:17:33,208 - INFO - EXPIRED
比亚迪董事长王传福：中国新能源车渗透率过半，燃油车逐渐变为非主流
https://new.qq.com/rain/a/20240424A08TT700

2024-04-25 02:17:33,209 - INFO - EXPIRED
美国多所大学爆发支持巴勒斯坦抗议活动，警方逮捕数十名抗议学生
https://new.qq.com/rain/a/20240424V04LTO00

2024-04-25 02:17:33,209 - INFO - EXPIRED
北约：不打算在波兰部署核武器
https://new.qq.com/rain/a/20240424A0886T00

2024-04-25 02:17:33,209 - INFO - EXPIRED
美国田纳西州通过法案，允许教师带枪到学校
https://new.qq.com/rain/a/20240424A06VYA00

2024-04-25 02:17:33,209 - INFO - EXPIRED
中国银行原董事长刘连舸受贿、违法发放贷款案一审开庭
https://new.qq.com/rain/a/20240424A06H5500

2024-04-25 02:17:33,209 - INFO - EXPIRED
40岁当县长的靳东如此受贿：黑色旅行包内一次装百万元现金
https://new.qq.com/rain/a/20240424A04VIA00

2024-04-25 02:17:33,209 - INFO - EXPIRED
被指香港金融史重大时刻 华夏博时嘉实三家现货比特币、以太币ETF获批
https://new.qq.com/rain/a/20240424A08IOV00

2024-04-25 02:17:33,209 - INFO - EXPIRED
知名游戏公司发文：员工娶妻彩礼不得超过10万元，否则通报批评并严惩
https://new.qq.com/rain/a/20240424V06NGP00

2024-04-25 02:17:33,209 - INFO - EXPIRED
最新！“点读机女孩”高君雨全网账号被禁
https://new.qq.com/rain/a/20240424A058G100

2024-04-25 02:17:33,209 - INFO - EXPIRED
宁夏灵武一中专学生被同学打伤 教体局：经诊断为鼻骨骨折 警方已受案
https://new.qq.com/rain/a/20240424A06FEF00

2024-04-25 02:17:33,209 - INFO - EXPIRED
津巴布韦股市一天暴跌超过99.95%，是什么概念？国家经济会崩盘吗？
https://view.inews.qq.com/a/20240424Q026HH00

2024-04-25 02:17:33,209 - INFO - EXPIRED
香港交易所委任唐家成接替史美伦出任董事会主席
https://new.qq.com/rain/a/20240424A082UA00

2024-04-25 02:17:33,209 - INFO - EXPIRED
“青岛武术教练打死男童案”开庭：教练曾殴打其臀部腿部并进行捆绑
https://new.qq.com/rain/a/20240424A066EX00

2024-04-25 02:17:33,209 - INFO - EXPIRED
美国寻求判处币安创始人赵长鹏36个月监禁
https://new.qq.com/rain/a/20240424A04RPH00

2024-04-25 02:17:33,209 - INFO - EXPIRED
高调进军纯净水，农夫山泉推“绿瓶”向娃哈哈、怡宝宣战
https://new.qq.com/rain/a/20240423A09TE200

2024-04-25 02:17:33,209 - INFO - EXPIRED
“榜一大哥”的真面目：侵吞公款127万打赏女主播！其父亲手将他送到纪委
https://new.qq.com/rain/a/20240423A0A46X00

2024-04-25 02:17:33,209 - INFO - EXPIRED
欧盟“突击检查”中国监控设备制造商：控制员工手机，要求获取数据
https://new.qq.com/rain/a/20240424A01I5100

2024-04-25 02:17:33,209 - INFO - EXPIRED
网传深圳部分区域“五一”后取消限购，深圳相关部门回应
https://new.qq.com/rain/a/20240424A03PXP00

2024-04-25 02:17:33,209 - INFO - EXPIRED
为布林肯访华提供“筹码”，美国拟制裁部分中国银行？美官员回应
https://new.qq.com/rain/a/20240424A03D7W00

2024-04-25 02:17:33,209 - INFO - EXPIRED
遇到类似被交警罚款，但自己不认可的情况，该怎么办呢？
https://view.inews.qq.com/a/20240424Q03UCY00

2024-04-25 02:17:33,209 - INFO - EXPIRED
华为靳玉志：车BU业务聚焦智能化，今年50万辆车搭载鸿蒙智驾方案
https://new.qq.com/rain/a/20240424A05CW900

2024-04-25 02:17:33,209 - INFO - EXPIRED
上百名学生被捕，哥伦比亚大学的“巴以冲突”为何激化？
https://new.qq.com/rain/a/20240424A02ZLJ00

2024-04-25 02:17:33,209 - INFO - EXPIRED
美国国会批准对台军援，台有关部门第一时间表示“感谢”，国台办驳斥
https://new.qq.com/rain/a/20240424A02N7Q00

2024-04-25 02:17:33,209 - INFO - EXPIRED
上海人大常委会原主任董云虎被公诉，为二十大后被查的首个正部级官员
https://new.qq.com/rain/a/20240424A01PA300

2024-04-25 02:17:33,209 - INFO - EXPIRED
破解地方逐利型执法，企业家建言罚没资金归中央财政，最高法写信感谢
https://new.qq.com/rain/a/20240423A09PJX00

2024-04-25 02:17:33,209 - INFO - EXPIRED
上市首日跌了69亿！加盟商撑起茶百道，但开店收入可能还不如打工
https://new.qq.com/rain/a/20240423A0AGEC00

2024-04-25 02:17:33,209 - INFO - EXPIRED
“最牛业委会追讨物业4000万”裁定重审 3天已有超2000名业主签名上诉
https://new.qq.com/rain/a/20240423A0A8B500

2024-04-25 02:17:33,209 - INFO - EXPIRED
多地医院迎来“龙宝宝”生育小高峰，多家医院产科床位使用率回升
https://new.qq.com/rain/a/20240423A08L0T00

2024-04-25 02:17:33,209 - INFO - EXPIRED
杨利伟获“钱学森最高成就奖”
https://new.qq.com/rain/a/20240424A04F6F00

2024-04-25 02:17:33,209 - INFO - EXPIRED
裁员潮扩大，特斯拉毁约应届毕业生：技术岗也受波及，赔偿1个月薪资
https://new.qq.com/rain/a/20240424A02EV600

2024-04-25 02:17:33,209 - INFO - EXPIRED
我在霸总短剧演“恶婆婆”：打耳光、揪头发、熬大夜，5天赚4000
https://new.qq.com/rain/a/20240423A02A8A00

2024-04-25 02:17:33,209 - INFO - EXPIRED
美国纽约大学发生支持巴勒斯坦示威：警方与抗议者爆冲突 逮捕超130人
https://new.qq.com/rain/a/20240424A01D2Z00

2024-04-25 02:17:33,209 - INFO - EXPIRED
“青岛男童被武术教练打死案”开庭，男童父亲：有信心为孩子讨回公道
https://new.qq.com/rain/a/20240424A0321000

2024-04-25 02:17:33,209 - INFO - EXPIRED
四川马边县一路段落石砸中车辆 官方：致3死1伤 现场已管控
https://new.qq.com/rain/a/20240424V03ESE00

2024-04-25 02:17:33,209 - INFO - EXPIRED
库存接近5000万支，中国疫苗之王被市场抛弃 
https://new.qq.com/rain/a/20240423A099DD00

2024-04-25 02:17:33,209 - INFO - EXPIRED
天津两名辅警街头互殴 官方：解除两人劳动关系 对大队长和政委免职
https://new.qq.com/rain/a/20240424A00NUO00

2024-04-25 02:17:33,209 - INFO - EXPIRED
美参议院通过涉TikTok法案：要求字节剥离TikTok，否则禁止该应用上架
https://new.qq.com/rain/a/20240424A029MW00

2024-04-25 02:17:33,209 - INFO - EXPIRED
江苏南京一市民骑自行车没牌照被罚50元，执勤交警称车上路都要牌照
https://new.qq.com/rain/a/20240423A0A6IV00

2024-04-25 02:17:33,209 - INFO - EXPIRED
神十八航天员将在太空养鱼，为何选斑马鱼和金鱼藻？这项研究有什么用？
https://view.inews.qq.com/a/20240424Q02KQ100

2024-04-25 02:17:33,209 - INFO - EXPIRED
俄罗斯国防部副部长伊万诺夫涉嫌受贿被拘捕，普京已获悉相关情况
https://new.qq.com/rain/a/20240424A00KRW00

2024-04-25 02:17:33,209 - INFO - EXPIRED
商汤股价上涨超31%后暂停交易，此前发布日日新5.0大模型
https://new.qq.com/rain/a/20240424A02SR600

2024-04-25 02:17:33,209 - INFO - EXPIRED
美参议院通过向乌克兰和以色列援助法案：分别提供600亿、260亿美元
https://new.qq.com/rain/a/20240424A01RM500

2024-04-25 02:17:33,209 - INFO - EXPIRED
新疆一滑雪场有游客被埋身亡？知情人：事发地在野雪场，是网红打卡点
https://new.qq.com/rain/a/20240423A084MC00

2024-04-25 02:17:33,209 - INFO - EXPIRED
多所高校发文禁止宿舍挂床帘 部分学生：是否挂床帘影响评奖评优
https://new.qq.com/rain/a/20240423A0AGA100

2024-04-25 02:17:33,209 - INFO - EXPIRED
重磅布局！中央召开高规格座谈会，多位省级党委书记发言，释放新信号
https://new.qq.com/rain/a/20240424A00J2C00

2024-04-25 02:17:33,209 - INFO - EXPIRED
朝鲜对外经济省代表团访问伊朗
https://new.qq.com/rain/a/20240424A00IQR00

2024-04-25 02:17:33,209 - INFO - EXPIRED
业绩爆雷，锂矿巨头天齐锂业一季度预亏超36亿，监管机构火速发函
https://new.qq.com/rain/a/20240424A002E700

2024-04-25 02:17:33,209 - INFO - EXPIRED
广州民政局公示引关注：哲学硕士、建筑学学士拟聘为遗体火化工
https://new.qq.com/rain/a/20240423A06RH500

2024-04-25 02:17:33,209 - INFO - EXPIRED
布林肯带着筹码开启访华行程，我们的谈判态度是什么
https://new.qq.com/rain/a/20240424A005JM00

2024-04-25 02:17:33,637 - INFO - INVALID
大麦网道歉退款，凤凰传奇玲花也怒了
https://new.qq.com/rain/a/20240425A000AA00

2024-04-25 02:17:33,647 - INFO - INVALID
“无名烈士”紧握82年的照片被修复，上面的女子端庄秀丽
https://new.qq.com/rain/a/20240425A01NE800

2024-04-25 02:17:33,652 - INFO - INVALID
港股恒生科指低开0.48%，商汤涨超17%，东方甄选跌超7%
https://new.qq.com/rain/a/20240425A01TFC00

2024-04-25 02:17:33,772 - INFO - INVALID
“女子离婚冷静期被丈夫当街杀害案”一审公开宣判：死刑
https://new.qq.com/rain/a/20240425A0291800

2024-04-25 02:17:33,785 - INFO - INVALID
A股三大指数集体低开，飞行汽车概念普涨
https://new.qq.com/rain/a/20240425A01VLS00

2024-04-25 02:17:33,961 - INFO - INVALID
阿根廷爆发大规模抗议！公立大学预算不够，米莱遭遇“复仇者联盟”
https://new.qq.com/rain/a/20240425A00JKD00

2024-04-25 02:17:33,974 - INFO - INVALID
“俄美在安理会就外空核武器问题发生冲突”！外媒：两国代表互相质问对方“为什么？”
https://new.qq.com/rain/a/20240425A019KB00

2024-04-25 02:17:34,003 - INFO - INVALID
接近3%？美国一季度经济成绩单今晚揭晓
https://new.qq.com/rain/a/20240425A00TAR00

2024-04-25 02:17:34,069 - INFO - INVALID
假唱风波调查5个月没结果，五月天官宣将在鸟巢举办10场演唱会
https://new.qq.com/rain/a/20240425A017N000

2024-04-25 02:17:34,139 - INFO - INVALID
会否接棒丈夫？蔡磊妻子回应
https://new.qq.com/rain/a/20240425A00SOI00

2024-04-25 02:17:34,266 - INFO - INVALID
​太突然！知名作家“唐家三少”宣布停更，本人发声回应再婚传闻
https://new.qq.com/rain/a/20240425A00W2W00

2024-04-25 02:17:34,312 - INFO - INVALID
TikTok宣布自愿暂停TikTok Lite奖励系统，寻求解决欧盟担忧
https://new.qq.com/rain/a/20240425A00P6Q00

2024-04-25 02:17:34,351 - INFO - INVALID
社保缴满15年就够了吗？官方回应
https://new.qq.com/rain/a/20240425A01DZZ00

2024-04-25 02:17:34,498 - INFO - INVALID
俄副防长涉嫌收受巨额贿赂被捕！俄媒：若罪名成立，将面临最高15年监禁
https://new.qq.com/rain/a/20240425A00K7O00

2024-04-25 02:17:34,510 - INFO - INVALID
一位过世农村老人，留下满院墙的心事
https://new.qq.com/rain/a/20240425A01CLZ00

2024-04-25 02:17:34,555 - INFO - INVALID
阿根廷宣布外长月底访华！专家：为米莱在经贸领域获得中国支持创造条件
https://new.qq.com/rain/a/20240425A00JVJ00

2024-04-25 03:00:46,577 - INFO - EXPIRED
金价下跌影响黄金回收市场：有回收商称手里有1公斤两天亏2万
https://new.qq.com/rain/a/20240424A09UV100

2024-04-25 03:00:46,577 - INFO - EXPIRED
华为P70手机AI修图能一键将女性的衣服部分消除？公司客服回应
https://new.qq.com/rain/a/20240424A08DI600

2024-04-25 03:00:46,577 - INFO - EXPIRED
女子出门打工3娃被锁家中，地上全是排泄物？当地：女子生有5个孩子
https://new.qq.com/rain/a/20240424A07MC600

2024-04-25 03:00:46,577 - INFO - EXPIRED
表现优秀获破格提拔，准“00后”女干部已任副镇长
https://new.qq.com/rain/a/20240424A09PVC00

2024-04-25 03:00:46,577 - INFO - EXPIRED
贵州科比酒业推出两款科比酱酒，他们是否侵权？球星科比的遗孀能起诉吗？
https://view.inews.qq.com/a/20240424Q05DMK00

2024-04-25 03:00:46,578 - INFO - EXPIRED
社科院张斌：从总量看不能判定中国创造了过多债务
https://new.qq.com/rain/a/20240423V0AGJC00

2024-04-25 03:00:46,578 - INFO - EXPIRED
同场考生谈网红北电艺考“作弊”：她报出姓名考号后，大家都诧异了
https://new.qq.com/rain/a/20240424A04BHH00

2024-04-25 03:00:46,578 - INFO - EXPIRED
小区电梯20楼坠落致1死，家属在小区门口摆满花圈，市监局回应
https://new.qq.com/rain/a/20240424V0AEI900

2024-04-25 03:00:46,578 - INFO - EXPIRED
“6年增加两倍”，美太空司令部司令又炒中国太空发展速度“惊人”
https://new.qq.com/rain/a/20240424A0A00H00

2024-04-25 03:00:46,578 - INFO - EXPIRED
唐慧兄妹涉嫌寻衅滋事案二审：湖南永州中院决定不开庭审理
https://new.qq.com/rain/a/20240424A09W1H00

2024-04-25 03:00:46,578 - INFO - EXPIRED
我家新换了智能水表，需要担心这种问题吗？怎么知道表是否被动过手脚？
https://view.inews.qq.com/a/20240424Q05SOB00

2024-04-25 03:00:46,578 - INFO - EXPIRED
全国首个！金融机构成立基层武装部
https://new.qq.com/rain/a/20240424A08G0300

2024-04-25 03:00:46,578 - INFO - EXPIRED
威马、前途等新造车势力倒闭，买了这些品牌车的车主怎么办？坏了怎么修？
https://view.inews.qq.com/a/20240423Q07QGK00

2024-04-25 03:00:46,578 - INFO - EXPIRED
丁俊晖连续四年世锦赛一轮游，离冠军梦渐行渐远，中国军团仅剩斯佳辉
https://new.qq.com/rain/a/20240424A09XQS00

2024-04-25 03:00:46,578 - INFO - EXPIRED
入选连云港“最美公务员”表彰候选人被指曾殴打残疾人，官方回应：会进行调查
https://new.qq.com/rain/a/20240424A09UO500

2024-04-25 03:00:46,578 - INFO - EXPIRED
驻日本使馆发言人就福岛第一核电站发生设备供电系统部分停止事故答记者问
https://new.qq.com/rain/a/20240424A09XYJ00

2024-04-25 03:00:46,578 - INFO - EXPIRED
长城汽车一季度净利增长1752%，车企狂打价格战，长城利润为何还这么高？
https://view.inews.qq.com/a/20240424Q08PV200

2024-04-25 03:00:46,578 - INFO - EXPIRED
俄媒：俄执法部门工作人员称，对于受贿指控，俄副防长伊万诺夫不认罪
https://new.qq.com/rain/a/20240424A06O7200

2024-04-25 03:00:46,578 - INFO - EXPIRED
外媒：以国防部高官称以军已为控制拉法做好一切必要准备，一旦获批就能发起行动
https://new.qq.com/rain/a/20240424A09RZC00

2024-04-25 03:00:46,578 - INFO - EXPIRED
美国数百名犹太示威者被捕：以色列是种族隔离国家，停止资助大屠杀
https://new.qq.com/rain/a/20240424A092X200

2024-04-25 03:00:46,578 - INFO - EXPIRED
孙女回家找不到奶奶崩溃大哭引热议，媒体追问隔代养育到底是否可取
https://new.qq.com/rain/a/20240424A06ZB900

2024-04-25 03:00:46,578 - INFO - EXPIRED
听说拍短剧很挣钱，演哪类角色戏路宽、挣钱多？有哪些行业内幕？
https://view.inews.qq.com/a/20240424Q05B2N00

2024-04-25 03:00:46,578 - INFO - EXPIRED
四川南江通报“多名城管当街推搡摔倒卖菜老人”
https://new.qq.com/rain/a/20240424A09F5Q00

2024-04-25 03:00:46,578 - INFO - EXPIRED
特斯拉终于活成了“中国车企”的样子：降价、内卷、解约应届毕业生
https://new.qq.com/rain/a/20240424A090MW00

2024-04-25 03:00:46,578 - INFO - EXPIRED
“赵本山之子”首度受访：很怕给父亲丢脸，称呼带来的好与坏都接受
https://new.qq.com/rain/a/20240424A08CCC00

2024-04-25 03:00:46,578 - INFO - EXPIRED
村民一家4口遭邻居持刀入室砍伤，知情人：两家有宅基地纠纷
https://new.qq.com/rain/a/20240424V09JZN00

2024-04-25 03:00:46,578 - INFO - EXPIRED
落马省委书记的女下属，有新消息
https://new.qq.com/rain/a/20240424A08M8800

2024-04-25 03:00:46,578 - INFO - EXPIRED
万科拟转让深圳10项资产金额逾87亿？回应：传闻信息不实
https://new.qq.com/rain/a/20240424A0966700

2024-04-25 03:00:46,578 - INFO - EXPIRED
耿彦波留给大同的这块警示碑再引关注：华严寺综治犯三错，明耻彰过
https://new.qq.com/rain/a/20240424A0545800

2024-04-25 03:00:46,578 - INFO - EXPIRED
直播意外拍下一波音客机惊险着陆：首次触地后出现弹跳，随即复飞
https://new.qq.com/rain/a/20240424V08SQH00

2024-04-25 03:00:46,578 - INFO - EXPIRED
欧盟突击检查中企在欧办公室，商务部：坚决维护中企正当权益
https://new.qq.com/rain/a/20240424A094ZH00

2024-04-25 03:00:46,578 - INFO - EXPIRED
网传广西一村农户种植茶叶被阻拦，镇政府回应
https://new.qq.com/rain/a/20240424A08ULY00

2024-04-25 03:00:46,578 - INFO - EXPIRED
辽宁昌图女子拦桥收费称：道是国家的道，但浮桥是我修的 当地水利部门：个人修桥造福百姓 有正规手续
https://new.qq.com/rain/a/20240424V078P200

2024-04-25 03:00:46,578 - INFO - EXPIRED
南京通报一市民骑自行车无牌照被罚50元：已撤销处罚，对当事民警追责
https://new.qq.com/rain/a/20240424A07O5Q00

2024-04-25 03:00:46,578 - INFO - EXPIRED
大学硕士拟聘为遗体火化工，当地回应：按事业单位工勤人员待遇执行
https://new.qq.com/rain/a/20240424A081R900

2024-04-25 03:00:46,578 - INFO - EXPIRED
比亚迪董事长王传福：中国新能源车渗透率过半，燃油车逐渐变为非主流
https://new.qq.com/rain/a/20240424A08TT700

2024-04-25 03:00:46,578 - INFO - EXPIRED
美国多所大学爆发支持巴勒斯坦抗议活动，警方逮捕数十名抗议学生
https://new.qq.com/rain/a/20240424V04LTO00

2024-04-25 03:00:46,578 - INFO - EXPIRED
北约：不打算在波兰部署核武器
https://new.qq.com/rain/a/20240424A0886T00

2024-04-25 03:00:46,578 - INFO - EXPIRED
美国田纳西州通过法案，允许教师带枪到学校
https://new.qq.com/rain/a/20240424A06VYA00

2024-04-25 03:00:46,578 - INFO - EXPIRED
中国银行原董事长刘连舸受贿、违法发放贷款案一审开庭
https://new.qq.com/rain/a/20240424A06H5500

2024-04-25 03:00:46,578 - INFO - EXPIRED
40岁当县长的靳东如此受贿：黑色旅行包内一次装百万元现金
https://new.qq.com/rain/a/20240424A04VIA00

2024-04-25 03:00:46,578 - INFO - EXPIRED
被指香港金融史重大时刻 华夏博时嘉实三家现货比特币、以太币ETF获批
https://new.qq.com/rain/a/20240424A08IOV00

2024-04-25 03:00:46,578 - INFO - EXPIRED
知名游戏公司发文：员工娶妻彩礼不得超过10万元，否则通报批评并严惩
https://new.qq.com/rain/a/20240424V06NGP00

2024-04-25 03:00:46,578 - INFO - EXPIRED
最新！“点读机女孩”高君雨全网账号被禁
https://new.qq.com/rain/a/20240424A058G100

2024-04-25 03:00:46,578 - INFO - EXPIRED
宁夏灵武一中专学生被同学打伤 教体局：经诊断为鼻骨骨折 警方已受案
https://new.qq.com/rain/a/20240424A06FEF00

2024-04-25 03:00:46,578 - INFO - EXPIRED
津巴布韦股市一天暴跌超过99.95%，是什么概念？国家经济会崩盘吗？
https://view.inews.qq.com/a/20240424Q026HH00

2024-04-25 03:00:46,578 - INFO - EXPIRED
香港交易所委任唐家成接替史美伦出任董事会主席
https://new.qq.com/rain/a/20240424A082UA00

2024-04-25 03:00:46,578 - INFO - EXPIRED
“青岛武术教练打死男童案”开庭：教练曾殴打其臀部腿部并进行捆绑
https://new.qq.com/rain/a/20240424A066EX00

2024-04-25 03:00:46,578 - INFO - EXPIRED
美国寻求判处币安创始人赵长鹏36个月监禁
https://new.qq.com/rain/a/20240424A04RPH00

2024-04-25 03:00:46,578 - INFO - EXPIRED
高调进军纯净水，农夫山泉推“绿瓶”向娃哈哈、怡宝宣战
https://new.qq.com/rain/a/20240423A09TE200

2024-04-25 03:00:46,578 - INFO - EXPIRED
“榜一大哥”的真面目：侵吞公款127万打赏女主播！其父亲手将他送到纪委
https://new.qq.com/rain/a/20240423A0A46X00

2024-04-25 03:00:46,578 - INFO - EXPIRED
欧盟“突击检查”中国监控设备制造商：控制员工手机，要求获取数据
https://new.qq.com/rain/a/20240424A01I5100

2024-04-25 03:00:46,578 - INFO - EXPIRED
网传深圳部分区域“五一”后取消限购，深圳相关部门回应
https://new.qq.com/rain/a/20240424A03PXP00

2024-04-25 03:00:46,578 - INFO - EXPIRED
为布林肯访华提供“筹码”，美国拟制裁部分中国银行？美官员回应
https://new.qq.com/rain/a/20240424A03D7W00

2024-04-25 03:00:46,578 - INFO - EXPIRED
遇到类似被交警罚款，但自己不认可的情况，该怎么办呢？
https://view.inews.qq.com/a/20240424Q03UCY00

2024-04-25 03:00:46,579 - INFO - EXPIRED
华为靳玉志：车BU业务聚焦智能化，今年50万辆车搭载鸿蒙智驾方案
https://new.qq.com/rain/a/20240424A05CW900

2024-04-25 03:00:46,579 - INFO - EXPIRED
上百名学生被捕，哥伦比亚大学的“巴以冲突”为何激化？
https://new.qq.com/rain/a/20240424A02ZLJ00

2024-04-25 03:00:46,579 - INFO - EXPIRED
美国国会批准对台军援，台有关部门第一时间表示“感谢”，国台办驳斥
https://new.qq.com/rain/a/20240424A02N7Q00

2024-04-25 03:00:46,579 - INFO - EXPIRED
上海人大常委会原主任董云虎被公诉，为二十大后被查的首个正部级官员
https://new.qq.com/rain/a/20240424A01PA300

2024-04-25 03:00:46,579 - INFO - EXPIRED
破解地方逐利型执法，企业家建言罚没资金归中央财政，最高法写信感谢
https://new.qq.com/rain/a/20240423A09PJX00

2024-04-25 03:00:46,579 - INFO - EXPIRED
上市首日跌了69亿！加盟商撑起茶百道，但开店收入可能还不如打工
https://new.qq.com/rain/a/20240423A0AGEC00

2024-04-25 03:00:46,579 - INFO - EXPIRED
“最牛业委会追讨物业4000万”裁定重审 3天已有超2000名业主签名上诉
https://new.qq.com/rain/a/20240423A0A8B500

2024-04-25 03:00:46,579 - INFO - EXPIRED
多地医院迎来“龙宝宝”生育小高峰，多家医院产科床位使用率回升
https://new.qq.com/rain/a/20240423A08L0T00

2024-04-25 03:00:46,579 - INFO - EXPIRED
杨利伟获“钱学森最高成就奖”
https://new.qq.com/rain/a/20240424A04F6F00

2024-04-25 03:00:46,579 - INFO - EXPIRED
裁员潮扩大，特斯拉毁约应届毕业生：技术岗也受波及，赔偿1个月薪资
https://new.qq.com/rain/a/20240424A02EV600

2024-04-25 03:00:46,579 - INFO - EXPIRED
我在霸总短剧演“恶婆婆”：打耳光、揪头发、熬大夜，5天赚4000
https://new.qq.com/rain/a/20240423A02A8A00

2024-04-25 03:00:46,579 - INFO - EXPIRED
美国纽约大学发生支持巴勒斯坦示威：警方与抗议者爆冲突 逮捕超130人
https://new.qq.com/rain/a/20240424A01D2Z00

2024-04-25 03:00:46,579 - INFO - EXPIRED
“青岛男童被武术教练打死案”开庭，男童父亲：有信心为孩子讨回公道
https://new.qq.com/rain/a/20240424A0321000

2024-04-25 03:00:46,579 - INFO - EXPIRED
四川马边县一路段落石砸中车辆 官方：致3死1伤 现场已管控
https://new.qq.com/rain/a/20240424V03ESE00

2024-04-25 03:00:46,579 - INFO - EXPIRED
库存接近5000万支，中国疫苗之王被市场抛弃 
https://new.qq.com/rain/a/20240423A099DD00

2024-04-25 03:00:46,579 - INFO - EXPIRED
天津两名辅警街头互殴 官方：解除两人劳动关系 对大队长和政委免职
https://new.qq.com/rain/a/20240424A00NUO00

2024-04-25 03:00:46,579 - INFO - EXPIRED
美参议院通过涉TikTok法案：要求字节剥离TikTok，否则禁止该应用上架
https://new.qq.com/rain/a/20240424A029MW00

2024-04-25 03:00:46,579 - INFO - EXPIRED
江苏南京一市民骑自行车没牌照被罚50元，执勤交警称车上路都要牌照
https://new.qq.com/rain/a/20240423A0A6IV00

2024-04-25 03:00:46,579 - INFO - EXPIRED
神十八航天员将在太空养鱼，为何选斑马鱼和金鱼藻？这项研究有什么用？
https://view.inews.qq.com/a/20240424Q02KQ100

2024-04-25 03:00:46,579 - INFO - EXPIRED
俄罗斯国防部副部长伊万诺夫涉嫌受贿被拘捕，普京已获悉相关情况
https://new.qq.com/rain/a/20240424A00KRW00

2024-04-25 03:00:46,579 - INFO - EXPIRED
商汤股价上涨超31%后暂停交易，此前发布日日新5.0大模型
https://new.qq.com/rain/a/20240424A02SR600

2024-04-25 03:00:46,579 - INFO - EXPIRED
美参议院通过向乌克兰和以色列援助法案：分别提供600亿、260亿美元
https://new.qq.com/rain/a/20240424A01RM500

2024-04-25 03:00:46,579 - INFO - EXPIRED
新疆一滑雪场有游客被埋身亡？知情人：事发地在野雪场，是网红打卡点
https://new.qq.com/rain/a/20240423A084MC00

2024-04-25 03:00:46,579 - INFO - EXPIRED
多所高校发文禁止宿舍挂床帘 部分学生：是否挂床帘影响评奖评优
https://new.qq.com/rain/a/20240423A0AGA100

2024-04-25 03:00:46,579 - INFO - EXPIRED
重磅布局！中央召开高规格座谈会，多位省级党委书记发言，释放新信号
https://new.qq.com/rain/a/20240424A00J2C00

2024-04-25 03:00:46,579 - INFO - EXPIRED
朝鲜对外经济省代表团访问伊朗
https://new.qq.com/rain/a/20240424A00IQR00

2024-04-25 03:00:47,485 - INFO - INVALID
“女子离婚冷静期被丈夫当街杀害案”一审公开宣判：死刑
https://new.qq.com/rain/a/20240425A0291800

2024-04-25 03:00:47,490 - INFO - INVALID
离家500米河中打捞出11岁双胞胎兄弟遗体，相关方：遇难原因尚未确定
https://new.qq.com/rain/a/20240425A00YRC00

2024-04-25 03:00:47,517 - INFO - INVALID
“俄美在安理会就外空核武器问题发生冲突”！外媒：两国代表互相质问对方“为什么？”
https://new.qq.com/rain/a/20240425A019KB00

2024-04-25 03:00:47,542 - INFO - INVALID
“无名烈士”紧握82年的照片被修复，上面的女子端庄秀丽
https://new.qq.com/rain/a/20240425A01NE800

2024-04-25 03:00:47,547 - INFO - INVALID
英国首相苏纳克将中国列为威权主义国家，我使馆强烈谴责
https://new.qq.com/rain/a/20240425A01BDN00

2024-04-25 03:00:47,903 - INFO - INVALID
大麦网道歉退款，凤凰传奇玲花也怒了
https://new.qq.com/rain/a/20240425A000AA00

2024-04-25 03:00:47,908 - INFO - INVALID
纯属误导！外媒称港珠澳大桥开通五年，空空荡荡仍是一座“鬼桥”
https://new.qq.com/rain/a/20240425A00PD700

2024-04-25 03:00:47,968 - INFO - INVALID
接近3%？美国一季度经济成绩单今晚揭晓
https://new.qq.com/rain/a/20240425A00TAR00

2024-04-25 03:00:48,064 - INFO - INVALID
阿根廷爆发大规模抗议！公立大学预算不够，米莱遭遇“复仇者联盟”
https://new.qq.com/rain/a/20240425A00JKD00

2024-04-25 03:00:48,091 - INFO - INVALID
港股持续走高，恒指、恒生科技指数涨超1%，科技股走强快手涨超2%
https://new.qq.com/rain/a/20240425A01TFC00

2024-04-25 03:00:48,337 - INFO - INVALID
假唱风波调查5个月没结果，五月天官宣将在鸟巢举办10场演唱会
https://new.qq.com/rain/a/20240425A017N000

2024-04-25 03:00:48,342 - INFO - INVALID
A股三大指数集体低开，飞行汽车概念普涨
https://new.qq.com/rain/a/20240425A01VLS00

2024-04-25 03:00:48,447 - INFO - INVALID
会否接棒丈夫？蔡磊妻子回应
https://new.qq.com/rain/a/20240425A00SOI00

2024-04-25 03:00:48,546 - INFO - INVALID
​太突然！知名作家“唐家三少”宣布停更，本人发声回应再婚传闻
https://new.qq.com/rain/a/20240425A00W2W00

2024-04-25 03:00:48,550 - INFO - INVALID
TikTok宣布自愿暂停TikTok Lite奖励系统，寻求解决欧盟担忧
https://new.qq.com/rain/a/20240425A00P6Q00

2024-04-25 03:00:48,826 - INFO - INVALID
社保缴满15年就够了吗？官方回应
https://new.qq.com/rain/a/20240425A01DZZ00

2024-04-25 03:00:48,939 - INFO - INVALID
阿根廷宣布外长月底访华！专家：为米莱在经贸领域获得中国支持创造条件
https://new.qq.com/rain/a/20240425A00JVJ00

2024-04-25 03:00:48,980 - INFO - INVALID
一位过世农村老人，留下满院墙的心事
https://new.qq.com/rain/a/20240425A01CLZ00

2024-04-25 03:00:49,143 - INFO - INVALID
俄副防长涉嫌收受巨额贿赂被捕！俄媒：若罪名成立，将面临最高15年监禁
https://new.qq.com/rain/a/20240425A00K7O00

2024-04-25 04:00:49,047 - INFO - EXPIRED
表现优秀获破格提拔，准“00后”女干部已任副镇长
https://new.qq.com/rain/a/20240424A09PVC00

2024-04-25 04:00:49,047 - INFO - EXPIRED
听说拍短剧很挣钱，演哪类角色戏路宽、挣钱多？有哪些行业内幕？
https://view.inews.qq.com/a/20240424Q094A800

2024-04-25 04:00:49,047 - INFO - EXPIRED
金价下跌影响黄金回收市场：有回收商称手里有1公斤两天亏2万
https://new.qq.com/rain/a/20240424A09UV100

2024-04-25 04:00:49,047 - INFO - EXPIRED
女子称患癌母亲在直播间被骗买“抗癌”化妆品 有人说自己妈妈花了6万
https://new.qq.com/rain/a/20240424A05UM600

2024-04-25 04:00:49,047 - INFO - EXPIRED
伦敦两匹军马演习时逃跑：在街头狂奔致至少4人受伤，撞碎公交车玻璃
https://new.qq.com/rain/a/20240424V09NXZ00

2024-04-25 04:00:49,047 - INFO - EXPIRED
华为P70手机AI修图能一键将女性的衣服部分消除？公司客服回应
https://new.qq.com/rain/a/20240424A08DI600

2024-04-25 04:00:49,047 - INFO - EXPIRED
女子出门打工3娃被锁家中，地上全是排泄物？当地：女子生有5个孩子
https://new.qq.com/rain/a/20240424A07MC600

2024-04-25 04:00:49,047 - INFO - EXPIRED
贵州科比酒业推出两款科比酱酒，他们是否侵权？球星科比的遗孀能起诉吗？
https://view.inews.qq.com/a/20240424Q05DMK00

2024-04-25 04:00:49,047 - INFO - EXPIRED
社科院张斌：从总量看不能判定中国创造了过多债务
https://new.qq.com/rain/a/20240423V0AGJC00

2024-04-25 04:00:49,047 - INFO - EXPIRED
同场考生谈网红北电艺考“作弊”：她报出姓名考号后，大家都诧异了
https://new.qq.com/rain/a/20240424A04BHH00

2024-04-25 04:00:49,047 - INFO - EXPIRED
小区电梯20楼坠落致1死，家属在小区门口摆满花圈，市监局回应
https://new.qq.com/rain/a/20240424V0AEI900

2024-04-25 04:00:49,047 - INFO - EXPIRED
“6年增加两倍”，美太空司令部司令又炒中国太空发展速度“惊人”
https://new.qq.com/rain/a/20240424A0A00H00

2024-04-25 04:00:49,047 - INFO - EXPIRED
唐慧兄妹涉嫌寻衅滋事案二审：湖南永州中院决定不开庭审理
https://new.qq.com/rain/a/20240424A09W1H00

2024-04-25 04:00:49,047 - INFO - EXPIRED
我家新换了智能水表，需要担心这种问题吗？怎么知道表是否被动过手脚？
https://view.inews.qq.com/a/20240424Q05SOB00

2024-04-25 04:00:49,047 - INFO - EXPIRED
威马、前途等新造车势力倒闭，买了这些品牌车的车主怎么办？坏了怎么修？
https://view.inews.qq.com/a/20240423Q07QGK00

2024-04-25 04:00:49,047 - INFO - EXPIRED
丁俊晖连续四年世锦赛一轮游，离冠军梦渐行渐远，中国军团仅剩斯佳辉
https://new.qq.com/rain/a/20240424A09XQS00

2024-04-25 04:00:49,047 - INFO - EXPIRED
入选连云港“最美公务员”表彰候选人被指曾殴打残疾人，官方回应：会进行调查
https://new.qq.com/rain/a/20240424A09UO500

2024-04-25 04:00:49,047 - INFO - EXPIRED
驻日本使馆发言人就福岛第一核电站发生设备供电系统部分停止事故答记者问
https://new.qq.com/rain/a/20240424A09XYJ00

2024-04-25 04:00:49,047 - INFO - EXPIRED
长城汽车一季度净利增长1752%，车企狂打价格战，长城利润为何还这么高？
https://view.inews.qq.com/a/20240424Q08PV200

2024-04-25 04:00:49,047 - INFO - EXPIRED
俄媒：俄执法部门工作人员称，对于受贿指控，俄副防长伊万诺夫不认罪
https://new.qq.com/rain/a/20240424A06O7200

2024-04-25 04:00:49,047 - INFO - EXPIRED
外媒：以国防部高官称以军已为控制拉法做好一切必要准备，一旦获批就能发起行动
https://new.qq.com/rain/a/20240424A09RZC00

2024-04-25 04:00:49,047 - INFO - EXPIRED
美国数百名犹太示威者被捕：以色列是种族隔离国家，停止资助大屠杀
https://new.qq.com/rain/a/20240424A092X200

2024-04-25 04:00:49,047 - INFO - EXPIRED
孙女回家找不到奶奶崩溃大哭引热议，媒体追问隔代养育到底是否可取
https://new.qq.com/rain/a/20240424A06ZB900

2024-04-25 04:00:49,047 - INFO - EXPIRED
四川南江通报“多名城管当街推搡摔倒卖菜老人”
https://new.qq.com/rain/a/20240424A09F5Q00

2024-04-25 04:00:49,047 - INFO - EXPIRED
特斯拉终于活成了“中国车企”的样子：降价、内卷、解约应届毕业生
https://new.qq.com/rain/a/20240424A090MW00

2024-04-25 04:00:49,047 - INFO - EXPIRED
“赵本山之子”首度受访：很怕给父亲丢脸，称呼带来的好与坏都接受
https://new.qq.com/rain/a/20240424A08CCC00

2024-04-25 04:00:49,047 - INFO - EXPIRED
村民一家4口遭邻居持刀入室砍伤，知情人：两家有宅基地纠纷
https://new.qq.com/rain/a/20240424V09JZN00

2024-04-25 04:00:49,047 - INFO - EXPIRED
落马省委书记的女下属，有新消息
https://new.qq.com/rain/a/20240424A08M8800

2024-04-25 04:00:49,047 - INFO - EXPIRED
万科拟转让深圳10项资产金额逾87亿？回应：传闻信息不实
https://new.qq.com/rain/a/20240424A0966700

2024-04-25 04:00:49,047 - INFO - EXPIRED
耿彦波留给大同的这块警示碑再引关注：华严寺综治犯三错，明耻彰过
https://new.qq.com/rain/a/20240424A0545800

2024-04-25 04:00:49,047 - INFO - EXPIRED
直播意外拍下一波音客机惊险着陆：首次触地后出现弹跳，随即复飞
https://new.qq.com/rain/a/20240424V08SQH00

2024-04-25 04:00:49,047 - INFO - EXPIRED
欧盟突击检查中企在欧办公室，商务部：坚决维护中企正当权益
https://new.qq.com/rain/a/20240424A094ZH00

2024-04-25 04:00:49,047 - INFO - EXPIRED
网传广西一村农户种植茶叶被阻拦，镇政府回应
https://new.qq.com/rain/a/20240424A08ULY00

2024-04-25 04:00:49,047 - INFO - EXPIRED
辽宁昌图女子拦桥收费称：道是国家的道，但浮桥是我修的 当地水利部门：个人修桥造福百姓 有正规手续
https://new.qq.com/rain/a/20240424V078P200

2024-04-25 04:00:49,048 - INFO - EXPIRED
南京通报一市民骑自行车无牌照被罚50元：已撤销处罚，对当事民警追责
https://new.qq.com/rain/a/20240424A07O5Q00

2024-04-25 04:00:49,048 - INFO - EXPIRED
大学硕士拟聘为遗体火化工，当地回应：按事业单位工勤人员待遇执行
https://new.qq.com/rain/a/20240424A081R900

2024-04-25 04:00:49,048 - INFO - EXPIRED
比亚迪董事长王传福：中国新能源车渗透率过半，燃油车逐渐变为非主流
https://new.qq.com/rain/a/20240424A08TT700

2024-04-25 04:00:49,048 - INFO - EXPIRED
美国多所大学爆发支持巴勒斯坦抗议活动，警方逮捕数十名抗议学生
https://new.qq.com/rain/a/20240424V04LTO00

2024-04-25 04:00:49,048 - INFO - EXPIRED
北约：不打算在波兰部署核武器
https://new.qq.com/rain/a/20240424A0886T00

2024-04-25 04:00:49,048 - INFO - EXPIRED
美国田纳西州通过法案，允许教师带枪到学校
https://new.qq.com/rain/a/20240424A06VYA00

2024-04-25 04:00:49,048 - INFO - EXPIRED
中国银行原董事长刘连舸受贿、违法发放贷款案一审开庭
https://new.qq.com/rain/a/20240424A06H5500

2024-04-25 04:00:49,048 - INFO - EXPIRED
40岁当县长的靳东如此受贿：黑色旅行包内一次装百万元现金
https://new.qq.com/rain/a/20240424A04VIA00

2024-04-25 04:00:49,048 - INFO - EXPIRED
被指香港金融史重大时刻 华夏博时嘉实三家现货比特币、以太币ETF获批
https://new.qq.com/rain/a/20240424A08IOV00

2024-04-25 04:00:49,048 - INFO - EXPIRED
知名游戏公司发文：员工娶妻彩礼不得超过10万元，否则通报批评并严惩
https://new.qq.com/rain/a/20240424V06NGP00

2024-04-25 04:00:49,048 - INFO - EXPIRED
最新！“点读机女孩”高君雨全网账号被禁
https://new.qq.com/rain/a/20240424A058G100

2024-04-25 04:00:49,048 - INFO - EXPIRED
宁夏灵武一中专学生被同学打伤 教体局：经诊断为鼻骨骨折 警方已受案
https://new.qq.com/rain/a/20240424A06FEF00

2024-04-25 04:00:49,048 - INFO - EXPIRED
津巴布韦股市一天暴跌超过99.95%，是什么概念？国家经济会崩盘吗？
https://view.inews.qq.com/a/20240424Q026HH00

2024-04-25 04:00:49,048 - INFO - EXPIRED
香港交易所委任唐家成接替史美伦出任董事会主席
https://new.qq.com/rain/a/20240424A082UA00

2024-04-25 04:00:49,048 - INFO - EXPIRED
“青岛武术教练打死男童案”开庭：教练曾殴打其臀部腿部并进行捆绑
https://new.qq.com/rain/a/20240424A066EX00

2024-04-25 04:00:49,048 - INFO - EXPIRED
美国寻求判处币安创始人赵长鹏36个月监禁
https://new.qq.com/rain/a/20240424A04RPH00

2024-04-25 04:00:49,048 - INFO - EXPIRED
高调进军纯净水，农夫山泉推“绿瓶”向娃哈哈、怡宝宣战
https://new.qq.com/rain/a/20240423A09TE200

2024-04-25 04:00:49,048 - INFO - EXPIRED
“榜一大哥”的真面目：侵吞公款127万打赏女主播！其父亲手将他送到纪委
https://new.qq.com/rain/a/20240423A0A46X00

2024-04-25 04:00:49,048 - INFO - EXPIRED
欧盟“突击检查”中国监控设备制造商：控制员工手机，要求获取数据
https://new.qq.com/rain/a/20240424A01I5100

2024-04-25 04:00:49,048 - INFO - EXPIRED
网传深圳部分区域“五一”后取消限购，深圳相关部门回应
https://new.qq.com/rain/a/20240424A03PXP00

2024-04-25 04:00:49,048 - INFO - EXPIRED
为布林肯访华提供“筹码”，美国拟制裁部分中国银行？美官员回应
https://new.qq.com/rain/a/20240424A03D7W00

2024-04-25 04:00:49,048 - INFO - EXPIRED
遇到类似被交警罚款，但自己不认可的情况，该怎么办呢？
https://view.inews.qq.com/a/20240424Q03UCY00

2024-04-25 04:00:49,048 - INFO - EXPIRED
华为靳玉志：车BU业务聚焦智能化，今年50万辆车搭载鸿蒙智驾方案
https://new.qq.com/rain/a/20240424A05CW900

2024-04-25 04:00:49,048 - INFO - EXPIRED
上百名学生被捕，哥伦比亚大学的“巴以冲突”为何激化？
https://new.qq.com/rain/a/20240424A02ZLJ00

2024-04-25 04:00:49,048 - INFO - EXPIRED
美国国会批准对台军援，台有关部门第一时间表示“感谢”，国台办驳斥
https://new.qq.com/rain/a/20240424A02N7Q00

2024-04-25 04:00:49,048 - INFO - EXPIRED
上海人大常委会原主任董云虎被公诉，为二十大后被查的首个正部级官员
https://new.qq.com/rain/a/20240424A01PA300

2024-04-25 04:00:49,048 - INFO - EXPIRED
破解地方逐利型执法，企业家建言罚没资金归中央财政，最高法写信感谢
https://new.qq.com/rain/a/20240423A09PJX00

2024-04-25 04:00:49,048 - INFO - EXPIRED
上市首日跌了69亿！加盟商撑起茶百道，但开店收入可能还不如打工
https://new.qq.com/rain/a/20240423A0AGEC00

2024-04-25 04:00:49,048 - INFO - EXPIRED
“最牛业委会追讨物业4000万”裁定重审 3天已有超2000名业主签名上诉
https://new.qq.com/rain/a/20240423A0A8B500

2024-04-25 04:00:49,048 - INFO - EXPIRED
多地医院迎来“龙宝宝”生育小高峰，多家医院产科床位使用率回升
https://new.qq.com/rain/a/20240423A08L0T00

2024-04-25 04:00:49,048 - INFO - EXPIRED
杨利伟获“钱学森最高成就奖”
https://new.qq.com/rain/a/20240424A04F6F00

2024-04-25 04:00:49,048 - INFO - EXPIRED
裁员潮扩大，特斯拉毁约应届毕业生：技术岗也受波及，赔偿1个月薪资
https://new.qq.com/rain/a/20240424A02EV600

2024-04-25 04:00:49,048 - INFO - EXPIRED
我在霸总短剧演“恶婆婆”：打耳光、揪头发、熬大夜，5天赚4000
https://new.qq.com/rain/a/20240423A02A8A00

2024-04-25 04:00:49,048 - INFO - EXPIRED
美国纽约大学发生支持巴勒斯坦示威：警方与抗议者爆冲突 逮捕超130人
https://new.qq.com/rain/a/20240424A01D2Z00

2024-04-25 04:00:49,048 - INFO - EXPIRED
“青岛男童被武术教练打死案”开庭，男童父亲：有信心为孩子讨回公道
https://new.qq.com/rain/a/20240424A0321000

2024-04-25 04:00:49,048 - INFO - EXPIRED
四川马边县一路段落石砸中车辆 官方：致3死1伤 现场已管控
https://new.qq.com/rain/a/20240424V03ESE00

2024-04-25 04:00:49,048 - INFO - EXPIRED
库存接近5000万支，中国疫苗之王被市场抛弃 
https://new.qq.com/rain/a/20240423A099DD00

2024-04-25 04:00:49,048 - INFO - EXPIRED
天津两名辅警街头互殴 官方：解除两人劳动关系 对大队长和政委免职
https://new.qq.com/rain/a/20240424A00NUO00

2024-04-25 04:00:49,048 - INFO - EXPIRED
美参议院通过涉TikTok法案：要求字节剥离TikTok，否则禁止该应用上架
https://new.qq.com/rain/a/20240424A029MW00

2024-04-25 04:00:49,048 - INFO - EXPIRED
江苏南京一市民骑自行车没牌照被罚50元，执勤交警称车上路都要牌照
https://new.qq.com/rain/a/20240423A0A6IV00

2024-04-25 04:00:49,048 - INFO - EXPIRED
神十八航天员将在太空养鱼，为何选斑马鱼和金鱼藻？这项研究有什么用？
https://view.inews.qq.com/a/20240424Q02KQ100

2024-04-25 04:00:49,048 - INFO - EXPIRED
俄罗斯国防部副部长伊万诺夫涉嫌受贿被拘捕，普京已获悉相关情况
https://new.qq.com/rain/a/20240424A00KRW00

2024-04-25 04:00:49,048 - INFO - EXPIRED
商汤股价上涨超31%后暂停交易，此前发布日日新5.0大模型
https://new.qq.com/rain/a/20240424A02SR600

2024-04-25 04:00:49,722 - INFO - INVALID
男子离婚冷静期当街杀妻被判死刑，受害者家属：他问法官是立即执行吗
https://new.qq.com/rain/a/20240425A038NO00

2024-04-25 04:00:49,740 - INFO - INVALID
英国首相苏纳克将中国列为威权主义国家，我使馆强烈谴责
https://new.qq.com/rain/a/20240425A01BDN00

2024-04-25 04:00:49,787 - INFO - INVALID
“无名烈士”紧握82年的照片被修复，上面的女子端庄秀丽
https://new.qq.com/rain/a/20240425A01NE800

2024-04-25 04:00:49,794 - INFO - INVALID
“俄美在安理会就外空核武器问题发生冲突”！外媒：两国代表互相质问对方“为什么？”
https://new.qq.com/rain/a/20240425A019KB00

2024-04-25 04:00:50,006 - INFO - INVALID
北大教授刷屏背后，4400万失能老人谁来照顾？
https://new.qq.com/rain/a/20240425A03MBI00

2024-04-25 04:00:50,162 - INFO - INVALID
只生产天然水的农夫山泉又要卖纯净水？知情人：初期出货几千万瓶
https://new.qq.com/rain/a/20240425A03CWI00

2024-04-25 04:00:50,178 - INFO - INVALID
离家500米河中打捞出11岁双胞胎兄弟遗体，相关方：遇难原因尚未确定
https://new.qq.com/rain/a/20240425A00YRC00

2024-04-25 04:00:50,414 - ERROR - ERROR
司机称在收费站遭“反向抹零”多收5毛钱 高速：ETC转人工 符合规定
https://new.qq.com/rain/a/20240425V02XX500
('list index out of range',)
======
Traceback (most recent call last):
  File "/home/runner/work/qqnews/qqnews/qq.py", line 77, in process_article
    ss = str(tmpbs.select("div.LEFT div.content.clearfix")[0])
             ~~~~~~~~~~~~~~~~~~~~~~~~~~~~~~~~~~~~~~~~~~~~~^^^
IndexError: list index out of range


2024-04-25 04:00:50,537 - INFO - INVALID
巴方称以军在约旦河西岸多地逮捕巴勒斯坦人
https://new.qq.com/rain/a/20240425A02YND00

2024-04-25 04:00:50,568 - INFO - INVALID
外媒称港珠澳大桥开通五年，空空荡荡仍是一座“鬼桥”？纯属误导
https://new.qq.com/rain/a/20240425A00PD700

2024-04-25 04:00:50,627 - INFO - INVALID
韩国医学院教授团体宣布到期将自动离职 政府称辞职尚未受理
https://new.qq.com/rain/a/20240425A02NAD00

2024-04-25 04:00:50,712 - INFO - INVALID
赵雅芝工作室辟谣：有人恶意散布“赵雅芝去世”谣言，已委托律师所进行证据保全
https://new.qq.com/rain/a/20240425A036JE00

2024-04-25 04:00:50,850 - INFO - INVALID
大麦网道歉退款，凤凰传奇玲花也怒了
https://new.qq.com/rain/a/20240425A000AA00

2024-04-25 04:00:50,991 - INFO - INVALID
接近3%？美国一季度经济成绩单今晚揭晓
https://new.qq.com/rain/a/20240425A00TAR00

2024-04-25 04:00:51,093 - INFO - INVALID
会否接棒丈夫？蔡磊妻子回应
https://new.qq.com/rain/a/20240425A00SOI00

2024-04-25 04:00:51,280 - INFO - INVALID
​太突然！知名作家“唐家三少”宣布停更，本人发声回应再婚传闻
https://new.qq.com/rain/a/20240425A00W2W00

2024-04-25 04:00:51,356 - INFO - INVALID
阿根廷爆发大规模抗议！公立大学预算不够，米莱遭遇“复仇者联盟”
https://new.qq.com/rain/a/20240425A00JKD00

2024-04-25 04:00:51,388 - INFO - INVALID
TikTok宣布自愿暂停TikTok Lite奖励系统，寻求解决欧盟担忧
https://new.qq.com/rain/a/20240425A00P6Q00

2024-04-25 04:00:51,440 - INFO - INVALID
假唱风波调查5个月没结果，五月天官宣将在鸟巢举办10场演唱会
https://new.qq.com/rain/a/20240425A017N000

2024-04-25 04:00:51,535 - INFO - INVALID
社保缴满15年就够了吗？官方回应
https://new.qq.com/rain/a/20240425A01DZZ00

2024-04-25 04:00:51,738 - INFO - INVALID
俄副防长涉嫌收受巨额贿赂被捕！俄媒：若罪名成立，将面临最高15年监禁
https://new.qq.com/rain/a/20240425A00K7O00

2024-04-25 04:00:51,764 - INFO - INVALID
阿根廷宣布外长月底访华！专家：为米莱在经贸领域获得中国支持创造条件
https://new.qq.com/rain/a/20240425A00JVJ00

2024-04-25 04:00:51,861 - INFO - INVALID
一位过世农村老人，留下满院墙的心事
https://new.qq.com/rain/a/20240425A01CLZ00

